<?xml version="1.0" encoding="UTF-8"?>
<testsuite xmlns:xsi="http://www.w3.org/2001/XMLSchema-instance" xsi:noNamespaceSchemaLocation="https://maven.apache.org/surefire/maven-surefire-plugin/xsd/surefire-test-report-3.0.xsd" version="3.0" name="dk.backend.rest.authentication.AuthenticationResourceTest" time="0.835" tests="8" errors="0" skipped="0" failures="0">
  <properties>
    <property name="java.specification.version" value="17"/>
    <property name="sun.jnu.encoding" value="UTF-8"/>
    <property name="java.class.path" value="/home/jorg/Work/3_semester/startcode/startCode3semNew/target/test-classes:/home/jorg/Work/3_semester/startcode/startCode3semNew/target/classes:/home/jorg/.m2/repository/org/glassfish/jersey/containers/jersey-container-servlet/3.1.1/jersey-container-servlet-3.1.1.jar:/home/jorg/.m2/repository/org/glassfish/jersey/containers/jersey-container-servlet-core/3.1.1/jersey-container-servlet-core-3.1.1.jar:/home/jorg/.m2/repository/org/glassfish/jersey/core/jersey-common/3.1.1/jersey-common-3.1.1.jar:/home/jorg/.m2/repository/jakarta/annotation/jakarta.annotation-api/2.1.1/jakarta.annotation-api-2.1.1.jar:/home/jorg/.m2/repository/org/glassfish/hk2/osgi-resource-locator/1.0.3/osgi-resource-locator-1.0.3.jar:/home/jorg/.m2/repository/org/glassfish/jersey/core/jersey-server/3.1.1/jersey-server-3.1.1.jar:/home/jorg/.m2/repository/org/glassfish/jersey/core/jersey-client/3.1.1/jersey-client-3.1.1.jar:/home/jorg/.m2/repository/jakarta/validation/jakarta.validation-api/3.0.2/jakarta.validation-api-3.0.2.jar:/home/jorg/.m2/repository/jakarta/ws/rs/jakarta.ws.rs-api/3.1.0/jakarta.ws.rs-api-3.1.0.jar:/home/jorg/.m2/repository/org/glassfish/jersey/media/jersey-media-json-jackson/3.1.1/jersey-media-json-jackson-3.1.1.jar:/home/jorg/.m2/repository/org/glassfish/jersey/ext/jersey-entity-filtering/3.1.1/jersey-entity-filtering-3.1.1.jar:/home/jorg/.m2/repository/com/fasterxml/jackson/core/jackson-annotations/2.14.1/jackson-annotations-2.14.1.jar:/home/jorg/.m2/repository/com/fasterxml/jackson/core/jackson-databind/2.14.1/jackson-databind-2.14.1.jar:/home/jorg/.m2/repository/com/fasterxml/jackson/core/jackson-core/2.14.1/jackson-core-2.14.1.jar:/home/jorg/.m2/repository/com/fasterxml/jackson/module/jackson-module-jakarta-xmlbind-annotations/2.14.1/jackson-module-jakarta-xmlbind-annotations-2.14.1.jar:/home/jorg/.m2/repository/jakarta/xml/bind/jakarta.xml.bind-api/4.0.0/jakarta.xml.bind-api-4.0.0.jar:/home/jorg/.m2/repository/jakarta/activation/jakarta.activation-api/2.1.0/jakarta.activation-api-2.1.0.jar:/home/jorg/.m2/repository/org/glassfish/jersey/inject/jersey-cdi2-se/3.1.1/jersey-cdi2-se-3.1.1.jar:/home/jorg/.m2/repository/org/jboss/logging/jboss-logging/3.5.0.Final/jboss-logging-3.5.0.Final.jar:/home/jorg/.m2/repository/jakarta/enterprise/jakarta.enterprise.cdi-api/4.0.1/jakarta.enterprise.cdi-api-4.0.1.jar:/home/jorg/.m2/repository/jakarta/enterprise/jakarta.enterprise.lang-model/4.0.1/jakarta.enterprise.lang-model-4.0.1.jar:/home/jorg/.m2/repository/jakarta/el/jakarta.el-api/5.0.0/jakarta.el-api-5.0.0.jar:/home/jorg/.m2/repository/jakarta/interceptor/jakarta.interceptor-api/2.1.0/jakarta.interceptor-api-2.1.0.jar:/home/jorg/.m2/repository/org/jboss/weld/se/weld-se-core/5.1.0.Final/weld-se-core-5.1.0.Final.jar:/home/jorg/.m2/repository/org/jboss/weld/environment/weld-environment-common/5.1.0.Final/weld-environment-common-5.1.0.Final.jar:/home/jorg/.m2/repository/org/jboss/weld/weld-core-impl/5.1.0.Final/weld-core-impl-5.1.0.Final.jar:/home/jorg/.m2/repository/org/jboss/weld/weld-api/5.0.SP3/weld-api-5.0.SP3.jar:/home/jorg/.m2/repository/org/jboss/weld/weld-spi/5.0.SP3/weld-spi-5.0.SP3.jar:/home/jorg/.m2/repository/org/jboss/weld/weld-lite-extension-translator/5.1.0.Final/weld-lite-extension-translator-5.1.0.Final.jar:/home/jorg/.m2/repository/org/jboss/logging/jboss-logging-processor/2.2.1.Final/jboss-logging-processor-2.2.1.Final.jar:/home/jorg/.m2/repository/org/jboss/logging/jboss-logging-annotations/2.2.1.Final/jboss-logging-annotations-2.2.1.Final.jar:/home/jorg/.m2/repository/org/jboss/jdeparser/jdeparser/2.0.3.Final/jdeparser-2.0.3.Final.jar:/home/jorg/.m2/repository/org/jboss/classfilewriter/jboss-classfilewriter/1.2.5.Final/jboss-classfilewriter-1.2.5.Final.jar:/home/jorg/.m2/repository/jakarta/servlet/jakarta.servlet-api/6.0.0/jakarta.servlet-api-6.0.0.jar:/home/jorg/.m2/repository/org/junit/jupiter/junit-jupiter-api/5.9.1/junit-jupiter-api-5.9.1.jar:/home/jorg/.m2/repository/org/opentest4j/opentest4j/1.2.0/opentest4j-1.2.0.jar:/home/jorg/.m2/repository/org/junit/platform/junit-platform-commons/1.9.1/junit-platform-commons-1.9.1.jar:/home/jorg/.m2/repository/org/apiguardian/apiguardian-api/1.1.2/apiguardian-api-1.1.2.jar:/home/jorg/.m2/repository/org/junit/jupiter/junit-jupiter-engine/5.9.1/junit-jupiter-engine-5.9.1.jar:/home/jorg/.m2/repository/org/junit/platform/junit-platform-engine/1.9.1/junit-platform-engine-1.9.1.jar:/home/jorg/.m2/repository/org/hamcrest/hamcrest-library/1.3/hamcrest-library-1.3.jar:/home/jorg/.m2/repository/org/hamcrest/hamcrest-core/1.3/hamcrest-core-1.3.jar:/home/jorg/.m2/repository/org/testcontainers/testcontainers/1.18.0/testcontainers-1.18.0.jar:/home/jorg/.m2/repository/junit/junit/4.13.2/junit-4.13.2.jar:/home/jorg/.m2/repository/org/apache/commons/commons-compress/1.22/commons-compress-1.22.jar:/home/jorg/.m2/repository/org/rnorth/duct-tape/duct-tape/1.0.8/duct-tape-1.0.8.jar:/home/jorg/.m2/repository/org/jetbrains/annotations/17.0.0/annotations-17.0.0.jar:/home/jorg/.m2/repository/com/github/docker-java/docker-java-api/3.3.0/docker-java-api-3.3.0.jar:/home/jorg/.m2/repository/com/github/docker-java/docker-java-transport-zerodep/3.3.0/docker-java-transport-zerodep-3.3.0.jar:/home/jorg/.m2/repository/com/github/docker-java/docker-java-transport/3.3.0/docker-java-transport-3.3.0.jar:/home/jorg/.m2/repository/net/java/dev/jna/jna/5.12.1/jna-5.12.1.jar:/home/jorg/.m2/repository/org/testcontainers/mysql/1.18.0/mysql-1.18.0.jar:/home/jorg/.m2/repository/org/testcontainers/jdbc/1.18.0/jdbc-1.18.0.jar:/home/jorg/.m2/repository/org/testcontainers/database-commons/1.18.0/database-commons-1.18.0.jar:/home/jorg/.m2/repository/org/testcontainers/junit-jupiter/1.18.0/junit-jupiter-1.18.0.jar:/home/jorg/.m2/repository/com/mysql/mysql-connector-j/8.0.32/mysql-connector-j-8.0.32.jar:/home/jorg/.m2/repository/com/google/protobuf/protobuf-java/3.21.9/protobuf-java-3.21.9.jar:/home/jorg/.m2/repository/org/eclipse/persistence/org.eclipse.persistence.jpa/3.0.2/org.eclipse.persistence.jpa-3.0.2.jar:/home/jorg/.m2/repository/org/eclipse/persistence/org.eclipse.persistence.asm/9.1.0/org.eclipse.persistence.asm-9.1.0.jar:/home/jorg/.m2/repository/org/eclipse/persistence/org.eclipse.persistence.core/3.0.2/org.eclipse.persistence.core-3.0.2.jar:/home/jorg/.m2/repository/org/eclipse/persistence/org.eclipse.persistence.jpa.jpql/3.0.2/org.eclipse.persistence.jpa.jpql-3.0.2.jar:/home/jorg/.m2/repository/jakarta/persistence/jakarta.persistence-api/3.0.0/jakarta.persistence-api-3.0.0.jar:/home/jorg/.m2/repository/com/google/code/gson/gson/2.10/gson-2.10.jar:/home/jorg/.m2/repository/org/glassfish/jersey/containers/jersey-container-grizzly2-http/3.1.1/jersey-container-grizzly2-http-3.1.1.jar:/home/jorg/.m2/repository/jakarta/inject/jakarta.inject-api/2.0.1/jakarta.inject-api-2.0.1.jar:/home/jorg/.m2/repository/org/glassfish/grizzly/grizzly-http-server/4.0.0/grizzly-http-server-4.0.0.jar:/home/jorg/.m2/repository/org/glassfish/grizzly/grizzly-http/4.0.0/grizzly-http-4.0.0.jar:/home/jorg/.m2/repository/org/glassfish/grizzly/grizzly-framework/4.0.0/grizzly-framework-4.0.0.jar:/home/jorg/.m2/repository/io/rest-assured/rest-assured/5.3.0/rest-assured-5.3.0.jar:/home/jorg/.m2/repository/org/apache/groovy/groovy/4.0.6/groovy-4.0.6.jar:/home/jorg/.m2/repository/org/apache/groovy/groovy-xml/4.0.6/groovy-xml-4.0.6.jar:/home/jorg/.m2/repository/org/apache/httpcomponents/httpclient/4.5.13/httpclient-4.5.13.jar:/home/jorg/.m2/repository/org/apache/httpcomponents/httpcore/4.4.13/httpcore-4.4.13.jar:/home/jorg/.m2/repository/commons-logging/commons-logging/1.2/commons-logging-1.2.jar:/home/jorg/.m2/repository/commons-codec/commons-codec/1.11/commons-codec-1.11.jar:/home/jorg/.m2/repository/org/apache/httpcomponents/httpmime/4.5.13/httpmime-4.5.13.jar:/home/jorg/.m2/repository/org/hamcrest/hamcrest/2.1/hamcrest-2.1.jar:/home/jorg/.m2/repository/org/ccil/cowan/tagsoup/tagsoup/1.2.1/tagsoup-1.2.1.jar:/home/jorg/.m2/repository/io/rest-assured/json-path/5.3.0/json-path-5.3.0.jar:/home/jorg/.m2/repository/org/apache/groovy/groovy-json/4.0.6/groovy-json-4.0.6.jar:/home/jorg/.m2/repository/io/rest-assured/rest-assured-common/5.3.0/rest-assured-common-5.3.0.jar:/home/jorg/.m2/repository/io/rest-assured/xml-path/5.3.0/xml-path-5.3.0.jar:/home/jorg/.m2/repository/org/apache/commons/commons-lang3/3.11/commons-lang3-3.11.jar:/home/jorg/.m2/repository/io/rest-assured/json-schema-validator/5.3.0/json-schema-validator-5.3.0.jar:/home/jorg/.m2/repository/com/github/java-json-tools/json-schema-validator/2.2.14/json-schema-validator-2.2.14.jar:/home/jorg/.m2/repository/com/google/guava/guava/28.2-android/guava-28.2-android.jar:/home/jorg/.m2/repository/com/google/guava/failureaccess/1.0.1/failureaccess-1.0.1.jar:/home/jorg/.m2/repository/com/google/guava/listenablefuture/9999.0-empty-to-avoid-conflict-with-guava/listenablefuture-9999.0-empty-to-avoid-conflict-with-guava.jar:/home/jorg/.m2/repository/org/checkerframework/checker-compat-qual/2.5.5/checker-compat-qual-2.5.5.jar:/home/jorg/.m2/repository/com/google/errorprone/error_prone_annotations/2.3.4/error_prone_annotations-2.3.4.jar:/home/jorg/.m2/repository/com/google/j2objc/j2objc-annotations/1.3/j2objc-annotations-1.3.jar:/home/jorg/.m2/repository/com/github/java-json-tools/jackson-coreutils-equivalence/1.0/jackson-coreutils-equivalence-1.0.jar:/home/jorg/.m2/repository/com/github/java-json-tools/jackson-coreutils/2.0/jackson-coreutils-2.0.jar:/home/jorg/.m2/repository/com/github/java-json-tools/msg-simple/1.2/msg-simple-1.2.jar:/home/jorg/.m2/repository/com/github/java-json-tools/btf/1.3/btf-1.3.jar:/home/jorg/.m2/repository/com/github/java-json-tools/json-schema-core/1.2.14/json-schema-core-1.2.14.jar:/home/jorg/.m2/repository/com/github/java-json-tools/uri-template/0.10/uri-template-0.10.jar:/home/jorg/.m2/repository/org/mozilla/rhino/1.7.7.2/rhino-1.7.7.2.jar:/home/jorg/.m2/repository/com/sun/mail/mailapi/1.6.2/mailapi-1.6.2.jar:/home/jorg/.m2/repository/joda-time/joda-time/2.10.5/joda-time-2.10.5.jar:/home/jorg/.m2/repository/com/googlecode/libphonenumber/libphonenumber/8.11.1/libphonenumber-8.11.1.jar:/home/jorg/.m2/repository/com/google/code/findbugs/jsr305/3.0.2/jsr305-3.0.2.jar:/home/jorg/.m2/repository/net/sf/jopt-simple/jopt-simple/5.0.4/jopt-simple-5.0.4.jar:/home/jorg/.m2/repository/com/nimbusds/nimbus-jose-jwt/9.0.1/nimbus-jose-jwt-9.0.1.jar:/home/jorg/.m2/repository/com/github/stephenc/jcip/jcip-annotations/1.0-1/jcip-annotations-1.0-1.jar:/home/jorg/.m2/repository/org/mindrot/jbcrypt/0.4/jbcrypt-0.4.jar:/home/jorg/.m2/repository/org/codehaus/mojo/properties-maven-plugin/1.1.0/properties-maven-plugin-1.1.0.jar:/home/jorg/.m2/repository/org/codehaus/plexus/plexus-utils/3.4.1/plexus-utils-3.4.1.jar:/home/jorg/.m2/repository/ch/qos/logback/logback-classic/1.4.7/logback-classic-1.4.7.jar:/home/jorg/.m2/repository/ch/qos/logback/logback-core/1.4.7/logback-core-1.4.7.jar:/home/jorg/.m2/repository/org/slf4j/slf4j-api/2.0.7/slf4j-api-2.0.7.jar:/home/jorg/.m2/repository/io/github/cdimascio/dotenv-java/2.3.2/dotenv-java-2.3.2.jar:"/>
    <property name="java.vm.vendor" value="Amazon.com Inc."/>
    <property name="sun.arch.data.model" value="64"/>
    <property name="java.vendor.url" value="https://aws.amazon.com/corretto/"/>
    <property name="user.timezone" value="Europe/Copenhagen"/>
    <property name="os.name" value="Linux"/>
    <property name="java.vm.specification.version" value="17"/>
    <property name="sun.java.launcher" value="SUN_STANDARD"/>
    <property name="user.country" value="GB"/>
    <property name="sun.boot.library.path" value="/home/jorg/.jdks/corretto-17.0.6/lib"/>
    <property name="sun.java.command" value="/home/jorg/Work/3_semester/startcode/startCode3semNew/target/surefire/surefirebooter-20230525105037733_3.jar /home/jorg/Work/3_semester/startcode/startCode3semNew/target/surefire 2023-05-25T10-50-37_668-jvmRun1 surefire-20230525105037733_1tmp surefire_0-20230525105037733_2tmp"/>
    <property name="jdk.debug" value="release"/>
    <property name="surefire.test.class.path" value="/home/jorg/Work/3_semester/startcode/startCode3semNew/target/test-classes:/home/jorg/Work/3_semester/startcode/startCode3semNew/target/classes:/home/jorg/.m2/repository/org/glassfish/jersey/containers/jersey-container-servlet/3.1.1/jersey-container-servlet-3.1.1.jar:/home/jorg/.m2/repository/org/glassfish/jersey/containers/jersey-container-servlet-core/3.1.1/jersey-container-servlet-core-3.1.1.jar:/home/jorg/.m2/repository/org/glassfish/jersey/core/jersey-common/3.1.1/jersey-common-3.1.1.jar:/home/jorg/.m2/repository/jakarta/annotation/jakarta.annotation-api/2.1.1/jakarta.annotation-api-2.1.1.jar:/home/jorg/.m2/repository/org/glassfish/hk2/osgi-resource-locator/1.0.3/osgi-resource-locator-1.0.3.jar:/home/jorg/.m2/repository/org/glassfish/jersey/core/jersey-server/3.1.1/jersey-server-3.1.1.jar:/home/jorg/.m2/repository/org/glassfish/jersey/core/jersey-client/3.1.1/jersey-client-3.1.1.jar:/home/jorg/.m2/repository/jakarta/validation/jakarta.validation-api/3.0.2/jakarta.validation-api-3.0.2.jar:/home/jorg/.m2/repository/jakarta/ws/rs/jakarta.ws.rs-api/3.1.0/jakarta.ws.rs-api-3.1.0.jar:/home/jorg/.m2/repository/org/glassfish/jersey/media/jersey-media-json-jackson/3.1.1/jersey-media-json-jackson-3.1.1.jar:/home/jorg/.m2/repository/org/glassfish/jersey/ext/jersey-entity-filtering/3.1.1/jersey-entity-filtering-3.1.1.jar:/home/jorg/.m2/repository/com/fasterxml/jackson/core/jackson-annotations/2.14.1/jackson-annotations-2.14.1.jar:/home/jorg/.m2/repository/com/fasterxml/jackson/core/jackson-databind/2.14.1/jackson-databind-2.14.1.jar:/home/jorg/.m2/repository/com/fasterxml/jackson/core/jackson-core/2.14.1/jackson-core-2.14.1.jar:/home/jorg/.m2/repository/com/fasterxml/jackson/module/jackson-module-jakarta-xmlbind-annotations/2.14.1/jackson-module-jakarta-xmlbind-annotations-2.14.1.jar:/home/jorg/.m2/repository/jakarta/xml/bind/jakarta.xml.bind-api/4.0.0/jakarta.xml.bind-api-4.0.0.jar:/home/jorg/.m2/repository/jakarta/activation/jakarta.activation-api/2.1.0/jakarta.activation-api-2.1.0.jar:/home/jorg/.m2/repository/org/glassfish/jersey/inject/jersey-cdi2-se/3.1.1/jersey-cdi2-se-3.1.1.jar:/home/jorg/.m2/repository/org/jboss/logging/jboss-logging/3.5.0.Final/jboss-logging-3.5.0.Final.jar:/home/jorg/.m2/repository/jakarta/enterprise/jakarta.enterprise.cdi-api/4.0.1/jakarta.enterprise.cdi-api-4.0.1.jar:/home/jorg/.m2/repository/jakarta/enterprise/jakarta.enterprise.lang-model/4.0.1/jakarta.enterprise.lang-model-4.0.1.jar:/home/jorg/.m2/repository/jakarta/el/jakarta.el-api/5.0.0/jakarta.el-api-5.0.0.jar:/home/jorg/.m2/repository/jakarta/interceptor/jakarta.interceptor-api/2.1.0/jakarta.interceptor-api-2.1.0.jar:/home/jorg/.m2/repository/org/jboss/weld/se/weld-se-core/5.1.0.Final/weld-se-core-5.1.0.Final.jar:/home/jorg/.m2/repository/org/jboss/weld/environment/weld-environment-common/5.1.0.Final/weld-environment-common-5.1.0.Final.jar:/home/jorg/.m2/repository/org/jboss/weld/weld-core-impl/5.1.0.Final/weld-core-impl-5.1.0.Final.jar:/home/jorg/.m2/repository/org/jboss/weld/weld-api/5.0.SP3/weld-api-5.0.SP3.jar:/home/jorg/.m2/repository/org/jboss/weld/weld-spi/5.0.SP3/weld-spi-5.0.SP3.jar:/home/jorg/.m2/repository/org/jboss/weld/weld-lite-extension-translator/5.1.0.Final/weld-lite-extension-translator-5.1.0.Final.jar:/home/jorg/.m2/repository/org/jboss/logging/jboss-logging-processor/2.2.1.Final/jboss-logging-processor-2.2.1.Final.jar:/home/jorg/.m2/repository/org/jboss/logging/jboss-logging-annotations/2.2.1.Final/jboss-logging-annotations-2.2.1.Final.jar:/home/jorg/.m2/repository/org/jboss/jdeparser/jdeparser/2.0.3.Final/jdeparser-2.0.3.Final.jar:/home/jorg/.m2/repository/org/jboss/classfilewriter/jboss-classfilewriter/1.2.5.Final/jboss-classfilewriter-1.2.5.Final.jar:/home/jorg/.m2/repository/jakarta/servlet/jakarta.servlet-api/6.0.0/jakarta.servlet-api-6.0.0.jar:/home/jorg/.m2/repository/org/junit/jupiter/junit-jupiter-api/5.9.1/junit-jupiter-api-5.9.1.jar:/home/jorg/.m2/repository/org/opentest4j/opentest4j/1.2.0/opentest4j-1.2.0.jar:/home/jorg/.m2/repository/org/junit/platform/junit-platform-commons/1.9.1/junit-platform-commons-1.9.1.jar:/home/jorg/.m2/repository/org/apiguardian/apiguardian-api/1.1.2/apiguardian-api-1.1.2.jar:/home/jorg/.m2/repository/org/junit/jupiter/junit-jupiter-engine/5.9.1/junit-jupiter-engine-5.9.1.jar:/home/jorg/.m2/repository/org/junit/platform/junit-platform-engine/1.9.1/junit-platform-engine-1.9.1.jar:/home/jorg/.m2/repository/org/hamcrest/hamcrest-library/1.3/hamcrest-library-1.3.jar:/home/jorg/.m2/repository/org/hamcrest/hamcrest-core/1.3/hamcrest-core-1.3.jar:/home/jorg/.m2/repository/org/testcontainers/testcontainers/1.18.0/testcontainers-1.18.0.jar:/home/jorg/.m2/repository/junit/junit/4.13.2/junit-4.13.2.jar:/home/jorg/.m2/repository/org/apache/commons/commons-compress/1.22/commons-compress-1.22.jar:/home/jorg/.m2/repository/org/rnorth/duct-tape/duct-tape/1.0.8/duct-tape-1.0.8.jar:/home/jorg/.m2/repository/org/jetbrains/annotations/17.0.0/annotations-17.0.0.jar:/home/jorg/.m2/repository/com/github/docker-java/docker-java-api/3.3.0/docker-java-api-3.3.0.jar:/home/jorg/.m2/repository/com/github/docker-java/docker-java-transport-zerodep/3.3.0/docker-java-transport-zerodep-3.3.0.jar:/home/jorg/.m2/repository/com/github/docker-java/docker-java-transport/3.3.0/docker-java-transport-3.3.0.jar:/home/jorg/.m2/repository/net/java/dev/jna/jna/5.12.1/jna-5.12.1.jar:/home/jorg/.m2/repository/org/testcontainers/mysql/1.18.0/mysql-1.18.0.jar:/home/jorg/.m2/repository/org/testcontainers/jdbc/1.18.0/jdbc-1.18.0.jar:/home/jorg/.m2/repository/org/testcontainers/database-commons/1.18.0/database-commons-1.18.0.jar:/home/jorg/.m2/repository/org/testcontainers/junit-jupiter/1.18.0/junit-jupiter-1.18.0.jar:/home/jorg/.m2/repository/com/mysql/mysql-connector-j/8.0.32/mysql-connector-j-8.0.32.jar:/home/jorg/.m2/repository/com/google/protobuf/protobuf-java/3.21.9/protobuf-java-3.21.9.jar:/home/jorg/.m2/repository/org/eclipse/persistence/org.eclipse.persistence.jpa/3.0.2/org.eclipse.persistence.jpa-3.0.2.jar:/home/jorg/.m2/repository/org/eclipse/persistence/org.eclipse.persistence.asm/9.1.0/org.eclipse.persistence.asm-9.1.0.jar:/home/jorg/.m2/repository/org/eclipse/persistence/org.eclipse.persistence.core/3.0.2/org.eclipse.persistence.core-3.0.2.jar:/home/jorg/.m2/repository/org/eclipse/persistence/org.eclipse.persistence.jpa.jpql/3.0.2/org.eclipse.persistence.jpa.jpql-3.0.2.jar:/home/jorg/.m2/repository/jakarta/persistence/jakarta.persistence-api/3.0.0/jakarta.persistence-api-3.0.0.jar:/home/jorg/.m2/repository/com/google/code/gson/gson/2.10/gson-2.10.jar:/home/jorg/.m2/repository/org/glassfish/jersey/containers/jersey-container-grizzly2-http/3.1.1/jersey-container-grizzly2-http-3.1.1.jar:/home/jorg/.m2/repository/jakarta/inject/jakarta.inject-api/2.0.1/jakarta.inject-api-2.0.1.jar:/home/jorg/.m2/repository/org/glassfish/grizzly/grizzly-http-server/4.0.0/grizzly-http-server-4.0.0.jar:/home/jorg/.m2/repository/org/glassfish/grizzly/grizzly-http/4.0.0/grizzly-http-4.0.0.jar:/home/jorg/.m2/repository/org/glassfish/grizzly/grizzly-framework/4.0.0/grizzly-framework-4.0.0.jar:/home/jorg/.m2/repository/io/rest-assured/rest-assured/5.3.0/rest-assured-5.3.0.jar:/home/jorg/.m2/repository/org/apache/groovy/groovy/4.0.6/groovy-4.0.6.jar:/home/jorg/.m2/repository/org/apache/groovy/groovy-xml/4.0.6/groovy-xml-4.0.6.jar:/home/jorg/.m2/repository/org/apache/httpcomponents/httpclient/4.5.13/httpclient-4.5.13.jar:/home/jorg/.m2/repository/org/apache/httpcomponents/httpcore/4.4.13/httpcore-4.4.13.jar:/home/jorg/.m2/repository/commons-logging/commons-logging/1.2/commons-logging-1.2.jar:/home/jorg/.m2/repository/commons-codec/commons-codec/1.11/commons-codec-1.11.jar:/home/jorg/.m2/repository/org/apache/httpcomponents/httpmime/4.5.13/httpmime-4.5.13.jar:/home/jorg/.m2/repository/org/hamcrest/hamcrest/2.1/hamcrest-2.1.jar:/home/jorg/.m2/repository/org/ccil/cowan/tagsoup/tagsoup/1.2.1/tagsoup-1.2.1.jar:/home/jorg/.m2/repository/io/rest-assured/json-path/5.3.0/json-path-5.3.0.jar:/home/jorg/.m2/repository/org/apache/groovy/groovy-json/4.0.6/groovy-json-4.0.6.jar:/home/jorg/.m2/repository/io/rest-assured/rest-assured-common/5.3.0/rest-assured-common-5.3.0.jar:/home/jorg/.m2/repository/io/rest-assured/xml-path/5.3.0/xml-path-5.3.0.jar:/home/jorg/.m2/repository/org/apache/commons/commons-lang3/3.11/commons-lang3-3.11.jar:/home/jorg/.m2/repository/io/rest-assured/json-schema-validator/5.3.0/json-schema-validator-5.3.0.jar:/home/jorg/.m2/repository/com/github/java-json-tools/json-schema-validator/2.2.14/json-schema-validator-2.2.14.jar:/home/jorg/.m2/repository/com/google/guava/guava/28.2-android/guava-28.2-android.jar:/home/jorg/.m2/repository/com/google/guava/failureaccess/1.0.1/failureaccess-1.0.1.jar:/home/jorg/.m2/repository/com/google/guava/listenablefuture/9999.0-empty-to-avoid-conflict-with-guava/listenablefuture-9999.0-empty-to-avoid-conflict-with-guava.jar:/home/jorg/.m2/repository/org/checkerframework/checker-compat-qual/2.5.5/checker-compat-qual-2.5.5.jar:/home/jorg/.m2/repository/com/google/errorprone/error_prone_annotations/2.3.4/error_prone_annotations-2.3.4.jar:/home/jorg/.m2/repository/com/google/j2objc/j2objc-annotations/1.3/j2objc-annotations-1.3.jar:/home/jorg/.m2/repository/com/github/java-json-tools/jackson-coreutils-equivalence/1.0/jackson-coreutils-equivalence-1.0.jar:/home/jorg/.m2/repository/com/github/java-json-tools/jackson-coreutils/2.0/jackson-coreutils-2.0.jar:/home/jorg/.m2/repository/com/github/java-json-tools/msg-simple/1.2/msg-simple-1.2.jar:/home/jorg/.m2/repository/com/github/java-json-tools/btf/1.3/btf-1.3.jar:/home/jorg/.m2/repository/com/github/java-json-tools/json-schema-core/1.2.14/json-schema-core-1.2.14.jar:/home/jorg/.m2/repository/com/github/java-json-tools/uri-template/0.10/uri-template-0.10.jar:/home/jorg/.m2/repository/org/mozilla/rhino/1.7.7.2/rhino-1.7.7.2.jar:/home/jorg/.m2/repository/com/sun/mail/mailapi/1.6.2/mailapi-1.6.2.jar:/home/jorg/.m2/repository/joda-time/joda-time/2.10.5/joda-time-2.10.5.jar:/home/jorg/.m2/repository/com/googlecode/libphonenumber/libphonenumber/8.11.1/libphonenumber-8.11.1.jar:/home/jorg/.m2/repository/com/google/code/findbugs/jsr305/3.0.2/jsr305-3.0.2.jar:/home/jorg/.m2/repository/net/sf/jopt-simple/jopt-simple/5.0.4/jopt-simple-5.0.4.jar:/home/jorg/.m2/repository/com/nimbusds/nimbus-jose-jwt/9.0.1/nimbus-jose-jwt-9.0.1.jar:/home/jorg/.m2/repository/com/github/stephenc/jcip/jcip-annotations/1.0-1/jcip-annotations-1.0-1.jar:/home/jorg/.m2/repository/org/mindrot/jbcrypt/0.4/jbcrypt-0.4.jar:/home/jorg/.m2/repository/org/codehaus/mojo/properties-maven-plugin/1.1.0/properties-maven-plugin-1.1.0.jar:/home/jorg/.m2/repository/org/codehaus/plexus/plexus-utils/3.4.1/plexus-utils-3.4.1.jar:/home/jorg/.m2/repository/ch/qos/logback/logback-classic/1.4.7/logback-classic-1.4.7.jar:/home/jorg/.m2/repository/ch/qos/logback/logback-core/1.4.7/logback-core-1.4.7.jar:/home/jorg/.m2/repository/org/slf4j/slf4j-api/2.0.7/slf4j-api-2.0.7.jar:/home/jorg/.m2/repository/io/github/cdimascio/dotenv-java/2.3.2/dotenv-java-2.3.2.jar:"/>
    <property name="sun.cpu.endian" value="little"/>
    <property name="user.home" value="/home/jorg"/>
    <property name="user.language" value="en"/>
    <property name="java.specification.vendor" value="Oracle Corporation"/>
    <property name="java.version.date" value="2023-01-17"/>
    <property name="java.home" value="/home/jorg/.jdks/corretto-17.0.6"/>
    <property name="file.separator" value="/"/>
    <property name="basedir" value="/home/jorg/Work/3_semester/startcode/startCode3semNew"/>
    <property name="java.vm.compressedOopsMode" value="Zero based"/>
    <property name="line.separator" value="&#10;"/>
    <property name="java.vm.specification.vendor" value="Oracle Corporation"/>
    <property name="java.specification.name" value="Java Platform API Specification"/>
    <property name="IS_INTEGRATION_TEST_WITH_DB" value="testing"/>
    <property name="surefire.real.class.path" value="/home/jorg/Work/3_semester/startcode/startCode3semNew/target/surefire/surefirebooter-20230525105037733_3.jar"/>
    <property name="sun.management.compiler" value="HotSpot 64-Bit Tiered Compilers"/>
    <property name="java.runtime.version" value="17.0.6+10-LTS"/>
    <property name="user.name" value="jorg"/>
    <property name="path.separator" value=":"/>
    <property name="os.version" value="6.2.6-76060206-generic"/>
    <property name="java.runtime.name" value="OpenJDK Runtime Environment"/>
    <property name="file.encoding" value="UTF-8"/>
    <property name="java.vm.name" value="OpenJDK 64-Bit Server VM"/>
    <property name="java.vendor.version" value="Corretto-17.0.6.10.1"/>
    <property name="localRepository" value="/home/jorg/.m2/repository"/>
    <property name="java.vendor.url.bug" value="https://github.com/corretto/corretto-17/issues/"/>
    <property name="java.io.tmpdir" value="/tmp"/>
    <property name="idea.version" value="2023.1.2"/>
    <property name="java.version" value="17.0.6"/>
    <property name="user.dir" value="/home/jorg/Work/3_semester/startcode/startCode3semNew"/>
    <property name="os.arch" value="amd64"/>
    <property name="java.vm.specification.name" value="Java Virtual Machine Specification"/>
    <property name="native.encoding" value="UTF-8"/>
    <property name="java.library.path" value="/usr/java/packages/lib:/usr/lib64:/lib64:/lib:/usr/lib"/>
    <property name="java.vm.info" value="mixed mode, sharing"/>
    <property name="java.vendor" value="Amazon.com Inc."/>
    <property name="java.vm.version" value="17.0.6+10-LTS"/>
    <property name="sun.io.unicode.encoding" value="UnicodeLittle"/>
    <property name="java.class.version" value="61.0"/>
  </properties>
  <testcase name="testLogin" classname="dk.backend.rest.authentication.AuthenticationResourceTest" time="0.09">
    <system-out><![CDATA[2023-05-25 10:50:57,156 [main] &amp#27;[34mINFO &amp#27;[0;39m &amp#27;[36morg.jboss.weld.Bootstrap&amp#27;[0;39m - &amp#27;[32mWELD-ENV-000014: Falling back to Java Reflection for bean-discovery-mode="annotated" discovery. Add org.jboss:jandex to the classpath to speed-up startup.
&amp#27;[0;39m2023-05-25 10:50:57,157 [main] &amp#27;[34mINFO &amp#27;[0;39m &amp#27;[36morg.jboss.weld.Bootstrap&amp#27;[0;39m - &amp#27;[32mWELD-000101: Transactional services not available. Injection of @Inject UserTransaction not available. Transactional observers will be invoked synchronously.
&amp#27;[0;39m2023-05-25 10:50:57,203 [main] &amp#27;[34mINFO &amp#27;[0;39m &amp#27;[36morg.jboss.weld.Bootstrap&amp#27;[0;39m - &amp#27;[32mWELD-ENV-002003: Weld SE container 9da1f12f-f689-46e0-95e5-7b4bc7e41e0d initialized
&amp#27;[0;39mUsing the TEST database via persistence-unit --> pu-test 
Using the TEST database via persistence-unit --> pu-test 
2023-05-25 10:50:57,477 [grizzly-http-server-0] &amp#27;[34mINFO &amp#27;[0;39m &amp#27;[36md.backend.rest.ContainerReqResFilter&amp#27;[0;39m - &amp#27;[32mRequest path: auth/login, method: POST, status: 200
&amp#27;[0;39m2023-05-25 10:50:57,477 [grizzly-http-server-0] &amp#27;[34mINFO &amp#27;[0;39m &amp#27;[36md.backend.rest.ContainerReqResFilter&amp#27;[0;39m - &amp#27;[32mResponse body: {"username":"admintest","token":"eyJlbmMiOiJBMTI4Q0JDLUhTMjU2IiwiYWxnIjoiZGlyIn0..km5oEfpaMqMzbIqvZ-sizw.jGaDRPy5XFdMfTen3xQxaNmt5Sw7O1MNHQX5O_ImvKvchF-v4Kpd3UD_YcxsNHomRxRCDdxr9tMi9g21zyysaiegBdX_LfeRoGiJ9yNt6WvWe12_Ld6zTlOXNkkZaaPROp1CkciUDZyTe95t0wl5eA.Z46q2JN6YIVAwG9AKUVCQA"}
&amp#27;[0;39mUsing the TEST database via persistence-unit --> pu-test 
2023-05-25 10:50:57,566 [grizzly-http-server-1] &amp#27;[34mINFO &amp#27;[0;39m &amp#27;[36md.backend.rest.ContainerReqResFilter&amp#27;[0;39m - &amp#27;[32mRequest path: auth/login, method: POST, status: 200
&amp#27;[0;39m2023-05-25 10:50:57,566 [grizzly-http-server-1] &amp#27;[34mINFO &amp#27;[0;39m &amp#27;[36md.backend.rest.ContainerReqResFilter&amp#27;[0;39m - &amp#27;[32mResponse body: {"username":"usertest","token":"eyJlbmMiOiJBMTI4Q0JDLUhTMjU2IiwiYWxnIjoiZGlyIn0..WgNhqCwuqOP8ov17b37Htw.tZTctAAx0rZKXhzl4It5o1vmFbcJ9m6QKnGD7h3TL0sowqbmeeAwiUW8XMFYka_HaPkEQe7tLzS8JdHCpa9aEEn5z_vZPIOokqGq9eLCKn49-QwY2yes7Egp_9EciO-K.2ZdM4XVpJgwJIE_PDglKyg"}
&amp#27;[0;39mUsing the TEST database via persistence-unit --> pu-test 
2023-05-25 10:50:57,645 [grizzly-http-server-2] &amp#27;[34mINFO &amp#27;[0;39m &amp#27;[36md.backend.rest.ContainerReqResFilter&amp#27;[0;39m - &amp#27;[32mRequest path: auth/login, method: POST, status: 200
&amp#27;[0;39m2023-05-25 10:50:57,645 [grizzly-http-server-2] &amp#27;[34mINFO &amp#27;[0;39m &amp#27;[36md.backend.rest.ContainerReqResFilter&amp#27;[0;39m - &amp#27;[32mResponse body: {"username":"usertest","token":"eyJlbmMiOiJBMTI4Q0JDLUhTMjU2IiwiYWxnIjoiZGlyIn0..PWiVRlnVJ4HP-w7NfVFlug.z3CtxXzYuePH-rjIK_E90njHhjLswjAZOvsq4ecPPOzNfUiD_GhlKurFxLly4qUpHzc7Z414UqR6afx6kiZfSiZ8JEZVO4L_-Nw249kuVAZMna7IVWQzjiSqLymwOl6l.Yd4zWhCAXJIW8Nd5fJvGtg"}
&amp#27;[0;39m]]></system-out>
    <system-err><![CDATA[May 25, 2023 10:50:57 AM org.glassfish.grizzly.http.server.NetworkListener start
INFO: Started listener bound to [localhost:7777]
May 25, 2023 10:50:57 AM org.glassfish.grizzly.http.server.HttpServer start
INFO: [HttpServer-1] Started.
]]></system-err>
  </testcase>
  <testcase name="userAuthorized" classname="dk.backend.rest.authentication.AuthenticationResourceTest" time="0.049">
    <system-out><![CDATA[Using the TEST database via persistence-unit --> pu-test 
2023-05-25 10:50:57,700 [grizzly-http-server-3] &amp#27;[34mINFO &amp#27;[0;39m &amp#27;[36md.backend.rest.ContainerReqResFilter&amp#27;[0;39m - &amp#27;[32mRequest path: auth/user, method: GET, status: 200
&amp#27;[0;39m2023-05-25 10:50:57,700 [grizzly-http-server-3] &amp#27;[34mINFO &amp#27;[0;39m &amp#27;[36md.backend.rest.ContainerReqResFilter&amp#27;[0;39m - &amp#27;[32mResponse body: {"message" : "You are authenticated to access this endpoint"}
&amp#27;[0;39m]]></system-out>
  </testcase>
  <testcase name="userUnauthorized" classname="dk.backend.rest.authentication.AuthenticationResourceTest" time="0.043">
    <system-out><![CDATA[2023-05-25 10:50:57,746 [grizzly-http-server-4] &amp#27;[34mINFO &amp#27;[0;39m &amp#27;[36md.backend.rest.ContainerReqResFilter&amp#27;[0;39m - &amp#27;[32mRequest path: auth/user, method: GET, status: 401
&amp#27;[0;39m2023-05-25 10:50:57,746 [grizzly-http-server-4] &amp#27;[34mINFO &amp#27;[0;39m &amp#27;[36md.backend.rest.ContainerReqResFilter&amp#27;[0;39m - &amp#27;[32mResponse body: {
  "code": 401,
  "message": "Error processing request for path \u0027auth/user\u0027: You are not authorized to perform the requested operation"
}
&amp#27;[0;39m]]></system-out>
  </testcase>
  <testcase name="all" classname="dk.backend.rest.authentication.AuthenticationResourceTest" time="0.024">
    <system-out><![CDATA[Using the TEST database via persistence-unit --> pu-test 
2023-05-25 10:50:57,774 [grizzly-http-server-5] &amp#27;[34mINFO &amp#27;[0;39m &amp#27;[36md.backend.rest.ContainerReqResFilter&amp#27;[0;39m - &amp#27;[32mRequest path: auth/all, method: GET, status: 200
&amp#27;[0;39m2023-05-25 10:50:57,774 [grizzly-http-server-5] &amp#27;[34mINFO &amp#27;[0;39m &amp#27;[36md.backend.rest.ContainerReqResFilter&amp#27;[0;39m - &amp#27;[32mResponse body: {"message" : "You are authenticated to access this endpoint"}
&amp#27;[0;39m]]></system-out>
  </testcase>
  <testcase name="testRegister" classname="dk.backend.rest.authentication.AuthenticationResourceTest" time="0.101">
    <system-out><![CDATA[Using the TEST database via persistence-unit --> pu-test 
2023-05-25 10:50:57,867 [grizzly-http-server-6] &amp#27;[34mINFO &amp#27;[0;39m &amp#27;[36md.backend.rest.ContainerReqResFilter&amp#27;[0;39m - &amp#27;[32mRequest path: auth/register, method: POST, status: 201
&amp#27;[0;39m2023-05-25 10:50:57,867 [grizzly-http-server-6] &amp#27;[34mINFO &amp#27;[0;39m &amp#27;[36md.backend.rest.ContainerReqResFilter&amp#27;[0;39m - &amp#27;[32mResponse body: {"username":"register","token":"eyJlbmMiOiJBMTI4Q0JDLUhTMjU2IiwiYWxnIjoiZGlyIn0..JbewC-WJLGgDDzmlwRnCvw.rLOXkACyoonTrvUchfkAa-NV1yWYshjCRVVDMC3T755-LvluEe1iS1qQpN7piTMsaHxHp5fWMKwrT6y9qcWeE9o7zYZVl3oUOQqYQMG-7_r3aqUq_j-CMEBNB_NdrNEj.Yh9WyMlruxWF9wMrLCQajA"}
&amp#27;[0;39m]]></system-out>
  </testcase>
  <testcase name="adminAuthorized" classname="dk.backend.rest.authentication.AuthenticationResourceTest" time="0.023">
    <system-out><![CDATA[Using the TEST database via persistence-unit --> pu-test 
2023-05-25 10:50:57,898 [grizzly-http-server-7] &amp#27;[34mINFO &amp#27;[0;39m &amp#27;[36md.backend.rest.ContainerReqResFilter&amp#27;[0;39m - &amp#27;[32mRequest path: auth/admin, method: GET, status: 200
&amp#27;[0;39m2023-05-25 10:50:57,898 [grizzly-http-server-7] &amp#27;[34mINFO &amp#27;[0;39m &amp#27;[36md.backend.rest.ContainerReqResFilter&amp#27;[0;39m - &amp#27;[32mResponse body: {"message" : "You are authenticated to access this endpoint"}
&amp#27;[0;39m]]></system-out>
  </testcase>
  <testcase name="adminUnauthorized" classname="dk.backend.rest.authentication.AuthenticationResourceTest" time="0.021">
    <system-out><![CDATA[2023-05-25 10:50:57,919 [grizzly-http-server-8] &amp#27;[34mINFO &amp#27;[0;39m &amp#27;[36md.backend.rest.ContainerReqResFilter&amp#27;[0;39m - &amp#27;[32mRequest path: auth/admin, method: GET, status: 401
&amp#27;[0;39m2023-05-25 10:50:57,919 [grizzly-http-server-8] &amp#27;[34mINFO &amp#27;[0;39m &amp#27;[36md.backend.rest.ContainerReqResFilter&amp#27;[0;39m - &amp#27;[32mResponse body: {
  "code": 401,
  "message": "Error processing request for path \u0027auth/admin\u0027: You are not authorized to perform the requested operation"
}
&amp#27;[0;39m]]></system-out>
  </testcase>
  <testcase name="denyAll" classname="dk.backend.rest.authentication.AuthenticationResourceTest" time="0.023">
    <system-out><![CDATA[2023-05-25 10:50:57,944 [grizzly-http-server-9] &amp#27;[34mINFO &amp#27;[0;39m &amp#27;[36md.backend.rest.ContainerReqResFilter&amp#27;[0;39m - &amp#27;[32mRequest path: auth/denyall, method: GET, status: 401
&amp#27;[0;39m2023-05-25 10:50:57,944 [grizzly-http-server-9] &amp#27;[34mINFO &amp#27;[0;39m &amp#27;[36md.backend.rest.ContainerReqResFilter&amp#27;[0;39m - &amp#27;[32mResponse body: {
  "code": 401,
  "message": "Error processing request for path \u0027auth/denyall\u0027: HTTP 401 Unauthorized"
}
&amp#27;[0;39m]]></system-out>
  </testcase>
</testsuite>