<?xml version="1.0" encoding="UTF-8"?>
<testsuite xmlns:xsi="http://www.w3.org/2001/XMLSchema-instance" xsi:noNamespaceSchemaLocation="https://maven.apache.org/surefire/maven-surefire-plugin/xsd/surefire-test-report-3.0.xsd" version="3.0" name="dk.startcode.rest.server.ServerTest" time="2.041" tests="2" errors="0" skipped="0" failures="0">
  <properties>
    <property name="java.specification.version" value="17"/>
    <property name="sun.jnu.encoding" value="UTF-8"/>
    <property name="java.class.path" value="/home/jorg/Work/3_semester/startcode/startCode3semNew/target/test-classes:/home/jorg/Work/3_semester/startcode/startCode3semNew/target/classes:/home/jorg/.m2/repository/org/glassfish/jersey/containers/jersey-container-servlet/3.1.1/jersey-container-servlet-3.1.1.jar:/home/jorg/.m2/repository/org/glassfish/jersey/containers/jersey-container-servlet-core/3.1.1/jersey-container-servlet-core-3.1.1.jar:/home/jorg/.m2/repository/org/glassfish/jersey/core/jersey-common/3.1.1/jersey-common-3.1.1.jar:/home/jorg/.m2/repository/jakarta/annotation/jakarta.annotation-api/2.1.1/jakarta.annotation-api-2.1.1.jar:/home/jorg/.m2/repository/org/glassfish/hk2/osgi-resource-locator/1.0.3/osgi-resource-locator-1.0.3.jar:/home/jorg/.m2/repository/org/glassfish/jersey/core/jersey-server/3.1.1/jersey-server-3.1.1.jar:/home/jorg/.m2/repository/org/glassfish/jersey/core/jersey-client/3.1.1/jersey-client-3.1.1.jar:/home/jorg/.m2/repository/jakarta/validation/jakarta.validation-api/3.0.2/jakarta.validation-api-3.0.2.jar:/home/jorg/.m2/repository/jakarta/ws/rs/jakarta.ws.rs-api/3.1.0/jakarta.ws.rs-api-3.1.0.jar:/home/jorg/.m2/repository/org/glassfish/jersey/media/jersey-media-json-jackson/3.1.1/jersey-media-json-jackson-3.1.1.jar:/home/jorg/.m2/repository/org/glassfish/jersey/ext/jersey-entity-filtering/3.1.1/jersey-entity-filtering-3.1.1.jar:/home/jorg/.m2/repository/com/fasterxml/jackson/core/jackson-annotations/2.14.1/jackson-annotations-2.14.1.jar:/home/jorg/.m2/repository/com/fasterxml/jackson/core/jackson-databind/2.14.1/jackson-databind-2.14.1.jar:/home/jorg/.m2/repository/com/fasterxml/jackson/core/jackson-core/2.14.1/jackson-core-2.14.1.jar:/home/jorg/.m2/repository/com/fasterxml/jackson/module/jackson-module-jakarta-xmlbind-annotations/2.14.1/jackson-module-jakarta-xmlbind-annotations-2.14.1.jar:/home/jorg/.m2/repository/jakarta/xml/bind/jakarta.xml.bind-api/4.0.0/jakarta.xml.bind-api-4.0.0.jar:/home/jorg/.m2/repository/jakarta/activation/jakarta.activation-api/2.1.0/jakarta.activation-api-2.1.0.jar:/home/jorg/.m2/repository/org/glassfish/jersey/inject/jersey-cdi2-se/3.1.1/jersey-cdi2-se-3.1.1.jar:/home/jorg/.m2/repository/org/jboss/logging/jboss-logging/3.5.0.Final/jboss-logging-3.5.0.Final.jar:/home/jorg/.m2/repository/jakarta/enterprise/jakarta.enterprise.cdi-api/4.0.1/jakarta.enterprise.cdi-api-4.0.1.jar:/home/jorg/.m2/repository/jakarta/enterprise/jakarta.enterprise.lang-model/4.0.1/jakarta.enterprise.lang-model-4.0.1.jar:/home/jorg/.m2/repository/jakarta/el/jakarta.el-api/5.0.0/jakarta.el-api-5.0.0.jar:/home/jorg/.m2/repository/jakarta/interceptor/jakarta.interceptor-api/2.1.0/jakarta.interceptor-api-2.1.0.jar:/home/jorg/.m2/repository/org/jboss/weld/se/weld-se-core/5.1.0.Final/weld-se-core-5.1.0.Final.jar:/home/jorg/.m2/repository/org/jboss/weld/environment/weld-environment-common/5.1.0.Final/weld-environment-common-5.1.0.Final.jar:/home/jorg/.m2/repository/org/jboss/weld/weld-core-impl/5.1.0.Final/weld-core-impl-5.1.0.Final.jar:/home/jorg/.m2/repository/org/jboss/weld/weld-api/5.0.SP3/weld-api-5.0.SP3.jar:/home/jorg/.m2/repository/org/jboss/weld/weld-spi/5.0.SP3/weld-spi-5.0.SP3.jar:/home/jorg/.m2/repository/org/jboss/weld/weld-lite-extension-translator/5.1.0.Final/weld-lite-extension-translator-5.1.0.Final.jar:/home/jorg/.m2/repository/org/jboss/logging/jboss-logging-processor/2.2.1.Final/jboss-logging-processor-2.2.1.Final.jar:/home/jorg/.m2/repository/org/jboss/logging/jboss-logging-annotations/2.2.1.Final/jboss-logging-annotations-2.2.1.Final.jar:/home/jorg/.m2/repository/org/jboss/jdeparser/jdeparser/2.0.3.Final/jdeparser-2.0.3.Final.jar:/home/jorg/.m2/repository/org/jboss/classfilewriter/jboss-classfilewriter/1.2.5.Final/jboss-classfilewriter-1.2.5.Final.jar:/home/jorg/.m2/repository/jakarta/servlet/jakarta.servlet-api/6.0.0/jakarta.servlet-api-6.0.0.jar:/home/jorg/.m2/repository/org/junit/jupiter/junit-jupiter-api/5.9.1/junit-jupiter-api-5.9.1.jar:/home/jorg/.m2/repository/org/opentest4j/opentest4j/1.2.0/opentest4j-1.2.0.jar:/home/jorg/.m2/repository/org/junit/platform/junit-platform-commons/1.9.1/junit-platform-commons-1.9.1.jar:/home/jorg/.m2/repository/org/apiguardian/apiguardian-api/1.1.2/apiguardian-api-1.1.2.jar:/home/jorg/.m2/repository/org/junit/jupiter/junit-jupiter-engine/5.9.1/junit-jupiter-engine-5.9.1.jar:/home/jorg/.m2/repository/org/junit/platform/junit-platform-engine/1.9.1/junit-platform-engine-1.9.1.jar:/home/jorg/.m2/repository/org/hamcrest/hamcrest-library/1.3/hamcrest-library-1.3.jar:/home/jorg/.m2/repository/org/hamcrest/hamcrest-core/1.3/hamcrest-core-1.3.jar:/home/jorg/.m2/repository/org/testcontainers/testcontainers/1.18.0/testcontainers-1.18.0.jar:/home/jorg/.m2/repository/junit/junit/4.13.2/junit-4.13.2.jar:/home/jorg/.m2/repository/org/apache/commons/commons-compress/1.22/commons-compress-1.22.jar:/home/jorg/.m2/repository/org/rnorth/duct-tape/duct-tape/1.0.8/duct-tape-1.0.8.jar:/home/jorg/.m2/repository/org/jetbrains/annotations/17.0.0/annotations-17.0.0.jar:/home/jorg/.m2/repository/com/github/docker-java/docker-java-api/3.3.0/docker-java-api-3.3.0.jar:/home/jorg/.m2/repository/com/github/docker-java/docker-java-transport-zerodep/3.3.0/docker-java-transport-zerodep-3.3.0.jar:/home/jorg/.m2/repository/com/github/docker-java/docker-java-transport/3.3.0/docker-java-transport-3.3.0.jar:/home/jorg/.m2/repository/net/java/dev/jna/jna/5.12.1/jna-5.12.1.jar:/home/jorg/.m2/repository/org/testcontainers/mysql/1.18.0/mysql-1.18.0.jar:/home/jorg/.m2/repository/org/testcontainers/jdbc/1.18.0/jdbc-1.18.0.jar:/home/jorg/.m2/repository/org/testcontainers/database-commons/1.18.0/database-commons-1.18.0.jar:/home/jorg/.m2/repository/org/testcontainers/junit-jupiter/1.18.0/junit-jupiter-1.18.0.jar:/home/jorg/.m2/repository/com/mysql/mysql-connector-j/8.0.32/mysql-connector-j-8.0.32.jar:/home/jorg/.m2/repository/com/google/protobuf/protobuf-java/3.21.9/protobuf-java-3.21.9.jar:/home/jorg/.m2/repository/org/eclipse/persistence/org.eclipse.persistence.jpa/3.0.2/org.eclipse.persistence.jpa-3.0.2.jar:/home/jorg/.m2/repository/org/eclipse/persistence/org.eclipse.persistence.asm/9.1.0/org.eclipse.persistence.asm-9.1.0.jar:/home/jorg/.m2/repository/org/eclipse/persistence/org.eclipse.persistence.core/3.0.2/org.eclipse.persistence.core-3.0.2.jar:/home/jorg/.m2/repository/org/eclipse/persistence/org.eclipse.persistence.jpa.jpql/3.0.2/org.eclipse.persistence.jpa.jpql-3.0.2.jar:/home/jorg/.m2/repository/jakarta/persistence/jakarta.persistence-api/3.0.0/jakarta.persistence-api-3.0.0.jar:/home/jorg/.m2/repository/com/google/code/gson/gson/2.10/gson-2.10.jar:/home/jorg/.m2/repository/org/glassfish/jersey/containers/jersey-container-grizzly2-http/3.1.1/jersey-container-grizzly2-http-3.1.1.jar:/home/jorg/.m2/repository/jakarta/inject/jakarta.inject-api/2.0.1/jakarta.inject-api-2.0.1.jar:/home/jorg/.m2/repository/org/glassfish/grizzly/grizzly-http-server/4.0.0/grizzly-http-server-4.0.0.jar:/home/jorg/.m2/repository/org/glassfish/grizzly/grizzly-http/4.0.0/grizzly-http-4.0.0.jar:/home/jorg/.m2/repository/org/glassfish/grizzly/grizzly-framework/4.0.0/grizzly-framework-4.0.0.jar:/home/jorg/.m2/repository/io/rest-assured/rest-assured/5.3.0/rest-assured-5.3.0.jar:/home/jorg/.m2/repository/org/apache/groovy/groovy/4.0.6/groovy-4.0.6.jar:/home/jorg/.m2/repository/org/apache/groovy/groovy-xml/4.0.6/groovy-xml-4.0.6.jar:/home/jorg/.m2/repository/org/apache/httpcomponents/httpclient/4.5.13/httpclient-4.5.13.jar:/home/jorg/.m2/repository/org/apache/httpcomponents/httpcore/4.4.13/httpcore-4.4.13.jar:/home/jorg/.m2/repository/commons-logging/commons-logging/1.2/commons-logging-1.2.jar:/home/jorg/.m2/repository/commons-codec/commons-codec/1.11/commons-codec-1.11.jar:/home/jorg/.m2/repository/org/apache/httpcomponents/httpmime/4.5.13/httpmime-4.5.13.jar:/home/jorg/.m2/repository/org/hamcrest/hamcrest/2.1/hamcrest-2.1.jar:/home/jorg/.m2/repository/org/ccil/cowan/tagsoup/tagsoup/1.2.1/tagsoup-1.2.1.jar:/home/jorg/.m2/repository/io/rest-assured/json-path/5.3.0/json-path-5.3.0.jar:/home/jorg/.m2/repository/org/apache/groovy/groovy-json/4.0.6/groovy-json-4.0.6.jar:/home/jorg/.m2/repository/io/rest-assured/rest-assured-common/5.3.0/rest-assured-common-5.3.0.jar:/home/jorg/.m2/repository/io/rest-assured/xml-path/5.3.0/xml-path-5.3.0.jar:/home/jorg/.m2/repository/org/apache/commons/commons-lang3/3.11/commons-lang3-3.11.jar:/home/jorg/.m2/repository/io/rest-assured/json-schema-validator/5.3.0/json-schema-validator-5.3.0.jar:/home/jorg/.m2/repository/com/github/java-json-tools/json-schema-validator/2.2.14/json-schema-validator-2.2.14.jar:/home/jorg/.m2/repository/com/google/guava/guava/28.2-android/guava-28.2-android.jar:/home/jorg/.m2/repository/com/google/guava/failureaccess/1.0.1/failureaccess-1.0.1.jar:/home/jorg/.m2/repository/com/google/guava/listenablefuture/9999.0-empty-to-avoid-conflict-with-guava/listenablefuture-9999.0-empty-to-avoid-conflict-with-guava.jar:/home/jorg/.m2/repository/org/checkerframework/checker-compat-qual/2.5.5/checker-compat-qual-2.5.5.jar:/home/jorg/.m2/repository/com/google/errorprone/error_prone_annotations/2.3.4/error_prone_annotations-2.3.4.jar:/home/jorg/.m2/repository/com/google/j2objc/j2objc-annotations/1.3/j2objc-annotations-1.3.jar:/home/jorg/.m2/repository/com/github/java-json-tools/jackson-coreutils-equivalence/1.0/jackson-coreutils-equivalence-1.0.jar:/home/jorg/.m2/repository/com/github/java-json-tools/jackson-coreutils/2.0/jackson-coreutils-2.0.jar:/home/jorg/.m2/repository/com/github/java-json-tools/msg-simple/1.2/msg-simple-1.2.jar:/home/jorg/.m2/repository/com/github/java-json-tools/btf/1.3/btf-1.3.jar:/home/jorg/.m2/repository/com/github/java-json-tools/json-schema-core/1.2.14/json-schema-core-1.2.14.jar:/home/jorg/.m2/repository/com/github/java-json-tools/uri-template/0.10/uri-template-0.10.jar:/home/jorg/.m2/repository/org/mozilla/rhino/1.7.7.2/rhino-1.7.7.2.jar:/home/jorg/.m2/repository/com/sun/mail/mailapi/1.6.2/mailapi-1.6.2.jar:/home/jorg/.m2/repository/joda-time/joda-time/2.10.5/joda-time-2.10.5.jar:/home/jorg/.m2/repository/com/googlecode/libphonenumber/libphonenumber/8.11.1/libphonenumber-8.11.1.jar:/home/jorg/.m2/repository/com/google/code/findbugs/jsr305/3.0.2/jsr305-3.0.2.jar:/home/jorg/.m2/repository/net/sf/jopt-simple/jopt-simple/5.0.4/jopt-simple-5.0.4.jar:/home/jorg/.m2/repository/com/nimbusds/nimbus-jose-jwt/9.0.1/nimbus-jose-jwt-9.0.1.jar:/home/jorg/.m2/repository/com/github/stephenc/jcip/jcip-annotations/1.0-1/jcip-annotations-1.0-1.jar:/home/jorg/.m2/repository/org/mindrot/jbcrypt/0.4/jbcrypt-0.4.jar:/home/jorg/.m2/repository/org/codehaus/mojo/properties-maven-plugin/1.1.0/properties-maven-plugin-1.1.0.jar:/home/jorg/.m2/repository/org/codehaus/plexus/plexus-utils/3.4.1/plexus-utils-3.4.1.jar:/home/jorg/.m2/repository/ch/qos/logback/logback-classic/1.4.7/logback-classic-1.4.7.jar:/home/jorg/.m2/repository/ch/qos/logback/logback-core/1.4.7/logback-core-1.4.7.jar:/home/jorg/.m2/repository/org/slf4j/slf4j-api/2.0.7/slf4j-api-2.0.7.jar:/home/jorg/.m2/repository/io/github/cdimascio/dotenv-java/2.3.2/dotenv-java-2.3.2.jar:"/>
    <property name="java.vm.vendor" value="Amazon.com Inc."/>
    <property name="sun.arch.data.model" value="64"/>
    <property name="java.vendor.url" value="https://aws.amazon.com/corretto/"/>
    <property name="user.timezone" value="Europe/Copenhagen"/>
    <property name="os.name" value="Linux"/>
    <property name="java.vm.specification.version" value="17"/>
    <property name="sun.java.launcher" value="SUN_STANDARD"/>
    <property name="user.country" value="GB"/>
    <property name="sun.boot.library.path" value="/home/jorg/.jdks/corretto-17.0.6/lib"/>
    <property name="sun.java.command" value="/home/jorg/Work/3_semester/startcode/startCode3semNew/target/surefire/surefirebooter-20230508131852326_3.jar /home/jorg/Work/3_semester/startcode/startCode3semNew/target/surefire 2023-05-08T13-18-52_257-jvmRun1 surefire-20230508131852326_1tmp surefire_0-20230508131852326_2tmp"/>
    <property name="jdk.debug" value="release"/>
    <property name="surefire.test.class.path" value="/home/jorg/Work/3_semester/startcode/startCode3semNew/target/test-classes:/home/jorg/Work/3_semester/startcode/startCode3semNew/target/classes:/home/jorg/.m2/repository/org/glassfish/jersey/containers/jersey-container-servlet/3.1.1/jersey-container-servlet-3.1.1.jar:/home/jorg/.m2/repository/org/glassfish/jersey/containers/jersey-container-servlet-core/3.1.1/jersey-container-servlet-core-3.1.1.jar:/home/jorg/.m2/repository/org/glassfish/jersey/core/jersey-common/3.1.1/jersey-common-3.1.1.jar:/home/jorg/.m2/repository/jakarta/annotation/jakarta.annotation-api/2.1.1/jakarta.annotation-api-2.1.1.jar:/home/jorg/.m2/repository/org/glassfish/hk2/osgi-resource-locator/1.0.3/osgi-resource-locator-1.0.3.jar:/home/jorg/.m2/repository/org/glassfish/jersey/core/jersey-server/3.1.1/jersey-server-3.1.1.jar:/home/jorg/.m2/repository/org/glassfish/jersey/core/jersey-client/3.1.1/jersey-client-3.1.1.jar:/home/jorg/.m2/repository/jakarta/validation/jakarta.validation-api/3.0.2/jakarta.validation-api-3.0.2.jar:/home/jorg/.m2/repository/jakarta/ws/rs/jakarta.ws.rs-api/3.1.0/jakarta.ws.rs-api-3.1.0.jar:/home/jorg/.m2/repository/org/glassfish/jersey/media/jersey-media-json-jackson/3.1.1/jersey-media-json-jackson-3.1.1.jar:/home/jorg/.m2/repository/org/glassfish/jersey/ext/jersey-entity-filtering/3.1.1/jersey-entity-filtering-3.1.1.jar:/home/jorg/.m2/repository/com/fasterxml/jackson/core/jackson-annotations/2.14.1/jackson-annotations-2.14.1.jar:/home/jorg/.m2/repository/com/fasterxml/jackson/core/jackson-databind/2.14.1/jackson-databind-2.14.1.jar:/home/jorg/.m2/repository/com/fasterxml/jackson/core/jackson-core/2.14.1/jackson-core-2.14.1.jar:/home/jorg/.m2/repository/com/fasterxml/jackson/module/jackson-module-jakarta-xmlbind-annotations/2.14.1/jackson-module-jakarta-xmlbind-annotations-2.14.1.jar:/home/jorg/.m2/repository/jakarta/xml/bind/jakarta.xml.bind-api/4.0.0/jakarta.xml.bind-api-4.0.0.jar:/home/jorg/.m2/repository/jakarta/activation/jakarta.activation-api/2.1.0/jakarta.activation-api-2.1.0.jar:/home/jorg/.m2/repository/org/glassfish/jersey/inject/jersey-cdi2-se/3.1.1/jersey-cdi2-se-3.1.1.jar:/home/jorg/.m2/repository/org/jboss/logging/jboss-logging/3.5.0.Final/jboss-logging-3.5.0.Final.jar:/home/jorg/.m2/repository/jakarta/enterprise/jakarta.enterprise.cdi-api/4.0.1/jakarta.enterprise.cdi-api-4.0.1.jar:/home/jorg/.m2/repository/jakarta/enterprise/jakarta.enterprise.lang-model/4.0.1/jakarta.enterprise.lang-model-4.0.1.jar:/home/jorg/.m2/repository/jakarta/el/jakarta.el-api/5.0.0/jakarta.el-api-5.0.0.jar:/home/jorg/.m2/repository/jakarta/interceptor/jakarta.interceptor-api/2.1.0/jakarta.interceptor-api-2.1.0.jar:/home/jorg/.m2/repository/org/jboss/weld/se/weld-se-core/5.1.0.Final/weld-se-core-5.1.0.Final.jar:/home/jorg/.m2/repository/org/jboss/weld/environment/weld-environment-common/5.1.0.Final/weld-environment-common-5.1.0.Final.jar:/home/jorg/.m2/repository/org/jboss/weld/weld-core-impl/5.1.0.Final/weld-core-impl-5.1.0.Final.jar:/home/jorg/.m2/repository/org/jboss/weld/weld-api/5.0.SP3/weld-api-5.0.SP3.jar:/home/jorg/.m2/repository/org/jboss/weld/weld-spi/5.0.SP3/weld-spi-5.0.SP3.jar:/home/jorg/.m2/repository/org/jboss/weld/weld-lite-extension-translator/5.1.0.Final/weld-lite-extension-translator-5.1.0.Final.jar:/home/jorg/.m2/repository/org/jboss/logging/jboss-logging-processor/2.2.1.Final/jboss-logging-processor-2.2.1.Final.jar:/home/jorg/.m2/repository/org/jboss/logging/jboss-logging-annotations/2.2.1.Final/jboss-logging-annotations-2.2.1.Final.jar:/home/jorg/.m2/repository/org/jboss/jdeparser/jdeparser/2.0.3.Final/jdeparser-2.0.3.Final.jar:/home/jorg/.m2/repository/org/jboss/classfilewriter/jboss-classfilewriter/1.2.5.Final/jboss-classfilewriter-1.2.5.Final.jar:/home/jorg/.m2/repository/jakarta/servlet/jakarta.servlet-api/6.0.0/jakarta.servlet-api-6.0.0.jar:/home/jorg/.m2/repository/org/junit/jupiter/junit-jupiter-api/5.9.1/junit-jupiter-api-5.9.1.jar:/home/jorg/.m2/repository/org/opentest4j/opentest4j/1.2.0/opentest4j-1.2.0.jar:/home/jorg/.m2/repository/org/junit/platform/junit-platform-commons/1.9.1/junit-platform-commons-1.9.1.jar:/home/jorg/.m2/repository/org/apiguardian/apiguardian-api/1.1.2/apiguardian-api-1.1.2.jar:/home/jorg/.m2/repository/org/junit/jupiter/junit-jupiter-engine/5.9.1/junit-jupiter-engine-5.9.1.jar:/home/jorg/.m2/repository/org/junit/platform/junit-platform-engine/1.9.1/junit-platform-engine-1.9.1.jar:/home/jorg/.m2/repository/org/hamcrest/hamcrest-library/1.3/hamcrest-library-1.3.jar:/home/jorg/.m2/repository/org/hamcrest/hamcrest-core/1.3/hamcrest-core-1.3.jar:/home/jorg/.m2/repository/org/testcontainers/testcontainers/1.18.0/testcontainers-1.18.0.jar:/home/jorg/.m2/repository/junit/junit/4.13.2/junit-4.13.2.jar:/home/jorg/.m2/repository/org/apache/commons/commons-compress/1.22/commons-compress-1.22.jar:/home/jorg/.m2/repository/org/rnorth/duct-tape/duct-tape/1.0.8/duct-tape-1.0.8.jar:/home/jorg/.m2/repository/org/jetbrains/annotations/17.0.0/annotations-17.0.0.jar:/home/jorg/.m2/repository/com/github/docker-java/docker-java-api/3.3.0/docker-java-api-3.3.0.jar:/home/jorg/.m2/repository/com/github/docker-java/docker-java-transport-zerodep/3.3.0/docker-java-transport-zerodep-3.3.0.jar:/home/jorg/.m2/repository/com/github/docker-java/docker-java-transport/3.3.0/docker-java-transport-3.3.0.jar:/home/jorg/.m2/repository/net/java/dev/jna/jna/5.12.1/jna-5.12.1.jar:/home/jorg/.m2/repository/org/testcontainers/mysql/1.18.0/mysql-1.18.0.jar:/home/jorg/.m2/repository/org/testcontainers/jdbc/1.18.0/jdbc-1.18.0.jar:/home/jorg/.m2/repository/org/testcontainers/database-commons/1.18.0/database-commons-1.18.0.jar:/home/jorg/.m2/repository/org/testcontainers/junit-jupiter/1.18.0/junit-jupiter-1.18.0.jar:/home/jorg/.m2/repository/com/mysql/mysql-connector-j/8.0.32/mysql-connector-j-8.0.32.jar:/home/jorg/.m2/repository/com/google/protobuf/protobuf-java/3.21.9/protobuf-java-3.21.9.jar:/home/jorg/.m2/repository/org/eclipse/persistence/org.eclipse.persistence.jpa/3.0.2/org.eclipse.persistence.jpa-3.0.2.jar:/home/jorg/.m2/repository/org/eclipse/persistence/org.eclipse.persistence.asm/9.1.0/org.eclipse.persistence.asm-9.1.0.jar:/home/jorg/.m2/repository/org/eclipse/persistence/org.eclipse.persistence.core/3.0.2/org.eclipse.persistence.core-3.0.2.jar:/home/jorg/.m2/repository/org/eclipse/persistence/org.eclipse.persistence.jpa.jpql/3.0.2/org.eclipse.persistence.jpa.jpql-3.0.2.jar:/home/jorg/.m2/repository/jakarta/persistence/jakarta.persistence-api/3.0.0/jakarta.persistence-api-3.0.0.jar:/home/jorg/.m2/repository/com/google/code/gson/gson/2.10/gson-2.10.jar:/home/jorg/.m2/repository/org/glassfish/jersey/containers/jersey-container-grizzly2-http/3.1.1/jersey-container-grizzly2-http-3.1.1.jar:/home/jorg/.m2/repository/jakarta/inject/jakarta.inject-api/2.0.1/jakarta.inject-api-2.0.1.jar:/home/jorg/.m2/repository/org/glassfish/grizzly/grizzly-http-server/4.0.0/grizzly-http-server-4.0.0.jar:/home/jorg/.m2/repository/org/glassfish/grizzly/grizzly-http/4.0.0/grizzly-http-4.0.0.jar:/home/jorg/.m2/repository/org/glassfish/grizzly/grizzly-framework/4.0.0/grizzly-framework-4.0.0.jar:/home/jorg/.m2/repository/io/rest-assured/rest-assured/5.3.0/rest-assured-5.3.0.jar:/home/jorg/.m2/repository/org/apache/groovy/groovy/4.0.6/groovy-4.0.6.jar:/home/jorg/.m2/repository/org/apache/groovy/groovy-xml/4.0.6/groovy-xml-4.0.6.jar:/home/jorg/.m2/repository/org/apache/httpcomponents/httpclient/4.5.13/httpclient-4.5.13.jar:/home/jorg/.m2/repository/org/apache/httpcomponents/httpcore/4.4.13/httpcore-4.4.13.jar:/home/jorg/.m2/repository/commons-logging/commons-logging/1.2/commons-logging-1.2.jar:/home/jorg/.m2/repository/commons-codec/commons-codec/1.11/commons-codec-1.11.jar:/home/jorg/.m2/repository/org/apache/httpcomponents/httpmime/4.5.13/httpmime-4.5.13.jar:/home/jorg/.m2/repository/org/hamcrest/hamcrest/2.1/hamcrest-2.1.jar:/home/jorg/.m2/repository/org/ccil/cowan/tagsoup/tagsoup/1.2.1/tagsoup-1.2.1.jar:/home/jorg/.m2/repository/io/rest-assured/json-path/5.3.0/json-path-5.3.0.jar:/home/jorg/.m2/repository/org/apache/groovy/groovy-json/4.0.6/groovy-json-4.0.6.jar:/home/jorg/.m2/repository/io/rest-assured/rest-assured-common/5.3.0/rest-assured-common-5.3.0.jar:/home/jorg/.m2/repository/io/rest-assured/xml-path/5.3.0/xml-path-5.3.0.jar:/home/jorg/.m2/repository/org/apache/commons/commons-lang3/3.11/commons-lang3-3.11.jar:/home/jorg/.m2/repository/io/rest-assured/json-schema-validator/5.3.0/json-schema-validator-5.3.0.jar:/home/jorg/.m2/repository/com/github/java-json-tools/json-schema-validator/2.2.14/json-schema-validator-2.2.14.jar:/home/jorg/.m2/repository/com/google/guava/guava/28.2-android/guava-28.2-android.jar:/home/jorg/.m2/repository/com/google/guava/failureaccess/1.0.1/failureaccess-1.0.1.jar:/home/jorg/.m2/repository/com/google/guava/listenablefuture/9999.0-empty-to-avoid-conflict-with-guava/listenablefuture-9999.0-empty-to-avoid-conflict-with-guava.jar:/home/jorg/.m2/repository/org/checkerframework/checker-compat-qual/2.5.5/checker-compat-qual-2.5.5.jar:/home/jorg/.m2/repository/com/google/errorprone/error_prone_annotations/2.3.4/error_prone_annotations-2.3.4.jar:/home/jorg/.m2/repository/com/google/j2objc/j2objc-annotations/1.3/j2objc-annotations-1.3.jar:/home/jorg/.m2/repository/com/github/java-json-tools/jackson-coreutils-equivalence/1.0/jackson-coreutils-equivalence-1.0.jar:/home/jorg/.m2/repository/com/github/java-json-tools/jackson-coreutils/2.0/jackson-coreutils-2.0.jar:/home/jorg/.m2/repository/com/github/java-json-tools/msg-simple/1.2/msg-simple-1.2.jar:/home/jorg/.m2/repository/com/github/java-json-tools/btf/1.3/btf-1.3.jar:/home/jorg/.m2/repository/com/github/java-json-tools/json-schema-core/1.2.14/json-schema-core-1.2.14.jar:/home/jorg/.m2/repository/com/github/java-json-tools/uri-template/0.10/uri-template-0.10.jar:/home/jorg/.m2/repository/org/mozilla/rhino/1.7.7.2/rhino-1.7.7.2.jar:/home/jorg/.m2/repository/com/sun/mail/mailapi/1.6.2/mailapi-1.6.2.jar:/home/jorg/.m2/repository/joda-time/joda-time/2.10.5/joda-time-2.10.5.jar:/home/jorg/.m2/repository/com/googlecode/libphonenumber/libphonenumber/8.11.1/libphonenumber-8.11.1.jar:/home/jorg/.m2/repository/com/google/code/findbugs/jsr305/3.0.2/jsr305-3.0.2.jar:/home/jorg/.m2/repository/net/sf/jopt-simple/jopt-simple/5.0.4/jopt-simple-5.0.4.jar:/home/jorg/.m2/repository/com/nimbusds/nimbus-jose-jwt/9.0.1/nimbus-jose-jwt-9.0.1.jar:/home/jorg/.m2/repository/com/github/stephenc/jcip/jcip-annotations/1.0-1/jcip-annotations-1.0-1.jar:/home/jorg/.m2/repository/org/mindrot/jbcrypt/0.4/jbcrypt-0.4.jar:/home/jorg/.m2/repository/org/codehaus/mojo/properties-maven-plugin/1.1.0/properties-maven-plugin-1.1.0.jar:/home/jorg/.m2/repository/org/codehaus/plexus/plexus-utils/3.4.1/plexus-utils-3.4.1.jar:/home/jorg/.m2/repository/ch/qos/logback/logback-classic/1.4.7/logback-classic-1.4.7.jar:/home/jorg/.m2/repository/ch/qos/logback/logback-core/1.4.7/logback-core-1.4.7.jar:/home/jorg/.m2/repository/org/slf4j/slf4j-api/2.0.7/slf4j-api-2.0.7.jar:/home/jorg/.m2/repository/io/github/cdimascio/dotenv-java/2.3.2/dotenv-java-2.3.2.jar:"/>
    <property name="sun.cpu.endian" value="little"/>
    <property name="user.home" value="/home/jorg"/>
    <property name="user.language" value="en"/>
    <property name="java.specification.vendor" value="Oracle Corporation"/>
    <property name="java.version.date" value="2023-01-17"/>
    <property name="java.home" value="/home/jorg/.jdks/corretto-17.0.6"/>
    <property name="file.separator" value="/"/>
    <property name="basedir" value="/home/jorg/Work/3_semester/startcode/startCode3semNew"/>
    <property name="java.vm.compressedOopsMode" value="Zero based"/>
    <property name="line.separator" value="&#10;"/>
    <property name="java.vm.specification.vendor" value="Oracle Corporation"/>
    <property name="java.specification.name" value="Java Platform API Specification"/>
    <property name="surefire.real.class.path" value="/home/jorg/Work/3_semester/startcode/startCode3semNew/target/surefire/surefirebooter-20230508131852326_3.jar"/>
    <property name="sun.management.compiler" value="HotSpot 64-Bit Tiered Compilers"/>
    <property name="java.runtime.version" value="17.0.6+10-LTS"/>
    <property name="user.name" value="jorg"/>
    <property name="path.separator" value=":"/>
    <property name="os.version" value="6.2.6-76060206-generic"/>
    <property name="java.runtime.name" value="OpenJDK Runtime Environment"/>
    <property name="file.encoding" value="UTF-8"/>
    <property name="java.vm.name" value="OpenJDK 64-Bit Server VM"/>
    <property name="java.vendor.version" value="Corretto-17.0.6.10.1"/>
    <property name="localRepository" value="/home/jorg/.m2/repository"/>
    <property name="java.vendor.url.bug" value="https://github.com/corretto/corretto-17/issues/"/>
    <property name="java.io.tmpdir" value="/tmp"/>
    <property name="idea.version" value="2023.1"/>
    <property name="java.version" value="17.0.6"/>
    <property name="user.dir" value="/home/jorg/Work/3_semester/startcode/startCode3semNew"/>
    <property name="os.arch" value="amd64"/>
    <property name="java.vm.specification.name" value="Java Virtual Machine Specification"/>
    <property name="native.encoding" value="UTF-8"/>
    <property name="java.library.path" value="/usr/java/packages/lib:/usr/lib64:/lib64:/lib:/usr/lib"/>
    <property name="java.vm.info" value="mixed mode, sharing"/>
    <property name="java.vendor" value="Amazon.com Inc."/>
    <property name="java.vm.version" value="17.0.6+10-LTS"/>
    <property name="sun.io.unicode.encoding" value="UnicodeLittle"/>
    <property name="java.class.version" value="61.0"/>
  </properties>
  <testcase name="corsEnabled" classname="dk.startcode.rest.server.ServerTest" time="0.552">
    <system-out><![CDATA[2023-05-08 13:19:09,789 [main] &amp#27;[39mDEBUG&amp#27;[0;39m &amp#27;[36morg.jboss.logging&amp#27;[0;39m - &amp#27;[32mLogging Provider: org.jboss.logging.Slf4jLoggerProvider
&amp#27;[0;39m2023-05-08 13:19:09,791 [main] &amp#27;[34mINFO &amp#27;[0;39m &amp#27;[36morg.jboss.weld.Version&amp#27;[0;39m - &amp#27;[32mWELD-000900: 5.1.0 (Final)
&amp#27;[0;39m2023-05-08 13:19:09,863 [main] &amp#27;[39mDEBUG&amp#27;[0;39m &amp#27;[36morg.jboss.weld.Bootstrap&amp#27;[0;39m - &amp#27;[32mWELD-ENV-000030: Cannot load class using the ResourceLoader: org.jboss.jandex.Index
&amp#27;[0;39m2023-05-08 13:19:09,878 [main] &amp#27;[39mDEBUG&amp#27;[0;39m &amp#27;[36mo.j.w.e.d.d.DefaultBeanArchiveScanner&amp#27;[0;39m - &amp#27;[32mResolved bean archive reference: /home/jorg/Work/3_semester/startcode/startCode3semNew/target/classes for URL: file:/home/jorg/Work/3_semester/startcode/startCode3semNew/target/classes/META-INF/beans.xml
&amp#27;[0;39m2023-05-08 13:19:09,879 [main] &amp#27;[39mDEBUG&amp#27;[0;39m &amp#27;[36morg.jboss.weld.Bootstrap&amp#27;[0;39m - &amp#27;[32mWELD-ENV-000032: Processing bean archive reference: /home/jorg/Work/3_semester/startcode/startCode3semNew/target/classes
&amp#27;[0;39m2023-05-08 13:19:09,879 [main] &amp#27;[39mDEBUG&amp#27;[0;39m &amp#27;[36mo.j.w.e.d.d.FileSystemBeanArchiveHandler&amp#27;[0;39m - &amp#27;[32mHandle path: /home/jorg/Work/3_semester/startcode/startCode3semNew/target/classes
&amp#27;[0;39m2023-05-08 13:19:09,879 [main] &amp#27;[39mDEBUG&amp#27;[0;39m &amp#27;[36mo.j.w.e.d.d.FileSystemBeanArchiveHandler&amp#27;[0;39m - &amp#27;[32mHandle directory: /home/jorg/Work/3_semester/startcode/startCode3semNew/target/classes
&amp#27;[0;39m2023-05-08 13:19:09,879 [main] &amp#27;[39mDEBUG&amp#27;[0;39m &amp#27;[36mo.j.w.e.d.d.FileSystemBeanArchiveHandler&amp#27;[0;39m - &amp#27;[32mHandle directory: /home/jorg/Work/3_semester/startcode/startCode3semNew/target/classes/dk
&amp#27;[0;39m2023-05-08 13:19:09,880 [main] &amp#27;[39mDEBUG&amp#27;[0;39m &amp#27;[36mo.j.w.e.d.d.FileSystemBeanArchiveHandler&amp#27;[0;39m - &amp#27;[32mHandle directory: /home/jorg/Work/3_semester/startcode/startCode3semNew/target/classes/dk/startcode
&amp#27;[0;39m2023-05-08 13:19:09,880 [main] &amp#27;[39mDEBUG&amp#27;[0;39m &amp#27;[36mo.j.w.e.d.d.FileSystemBeanArchiveHandler&amp#27;[0;39m - &amp#27;[32mHandle directory: /home/jorg/Work/3_semester/startcode/startCode3semNew/target/classes/dk/startcode/entities
&amp#27;[0;39m2023-05-08 13:19:09,880 [main] &amp#27;[39mDEBUG&amp#27;[0;39m &amp#27;[36mo.j.w.e.d.d.FileSystemBeanArchiveHandler&amp#27;[0;39m - &amp#27;[32mHandle directory: /home/jorg/Work/3_semester/startcode/startCode3semNew/target/classes/dk/startcode/dtos
&amp#27;[0;39m2023-05-08 13:19:09,880 [main] &amp#27;[39mDEBUG&amp#27;[0;39m &amp#27;[36mo.j.w.e.d.d.FileSystemBeanArchiveHandler&amp#27;[0;39m - &amp#27;[32mHandle directory: /home/jorg/Work/3_semester/startcode/startCode3semNew/target/classes/dk/startcode/utilty
&amp#27;[0;39m2023-05-08 13:19:09,880 [main] &amp#27;[39mDEBUG&amp#27;[0;39m &amp#27;[36mo.j.w.e.d.d.FileSystemBeanArchiveHandler&amp#27;[0;39m - &amp#27;[32mHandle directory: /home/jorg/Work/3_semester/startcode/startCode3semNew/target/classes/dk/startcode/security
&amp#27;[0;39m2023-05-08 13:19:09,880 [main] &amp#27;[39mDEBUG&amp#27;[0;39m &amp#27;[36mo.j.w.e.d.d.FileSystemBeanArchiveHandler&amp#27;[0;39m - &amp#27;[32mHandle directory: /home/jorg/Work/3_semester/startcode/startCode3semNew/target/classes/dk/startcode/facade
&amp#27;[0;39m2023-05-08 13:19:09,880 [main] &amp#27;[39mDEBUG&amp#27;[0;39m &amp#27;[36mo.j.w.e.d.d.FileSystemBeanArchiveHandler&amp#27;[0;39m - &amp#27;[32mHandle directory: /home/jorg/Work/3_semester/startcode/startCode3semNew/target/classes/dk/startcode/facade/user
&amp#27;[0;39m2023-05-08 13:19:09,880 [main] &amp#27;[39mDEBUG&amp#27;[0;39m &amp#27;[36mo.j.w.e.d.d.FileSystemBeanArchiveHandler&amp#27;[0;39m - &amp#27;[32mHandle directory: /home/jorg/Work/3_semester/startcode/startCode3semNew/target/classes/dk/startcode/exceptions
&amp#27;[0;39m2023-05-08 13:19:09,880 [main] &amp#27;[39mDEBUG&amp#27;[0;39m &amp#27;[36mo.j.w.e.d.d.FileSystemBeanArchiveHandler&amp#27;[0;39m - &amp#27;[32mHandle directory: /home/jorg/Work/3_semester/startcode/startCode3semNew/target/classes/dk/startcode/exceptions/authentication
&amp#27;[0;39m2023-05-08 13:19:09,880 [main] &amp#27;[39mDEBUG&amp#27;[0;39m &amp#27;[36mo.j.w.e.d.d.FileSystemBeanArchiveHandler&amp#27;[0;39m - &amp#27;[32mHandle directory: /home/jorg/Work/3_semester/startcode/startCode3semNew/target/classes/dk/startcode/rest
&amp#27;[0;39m2023-05-08 13:19:09,880 [main] &amp#27;[39mDEBUG&amp#27;[0;39m &amp#27;[36mo.j.w.e.d.d.FileSystemBeanArchiveHandler&amp#27;[0;39m - &amp#27;[32mHandle directory: /home/jorg/Work/3_semester/startcode/startCode3semNew/target/classes/META-INF
&amp#27;[0;39m2023-05-08 13:19:09,881 [main] &amp#27;[39mDEBUG&amp#27;[0;39m &amp#27;[36morg.jboss.weld.Bootstrap&amp#27;[0;39m - &amp#27;[32mWELD-ENV-000039: Bean archive reference /home/jorg/Work/3_semester/startcode/startCode3semNew/target/classes handled by org.jboss.weld.environment.deployment.discovery.FileSystemBeanArchiveHandler@1aac0a47
&amp#27;[0;39m2023-05-08 13:19:09,881 [main] &amp#27;[34mINFO &amp#27;[0;39m &amp#27;[36morg.jboss.weld.Bootstrap&amp#27;[0;39m - &amp#27;[32mWELD-ENV-000014: Falling back to Java Reflection for bean-discovery-mode="annotated" discovery. Add org.jboss:jandex to the classpath to speed-up startup.
&amp#27;[0;39m2023-05-08 13:19:09,886 [main] &amp#27;[39mDEBUG&amp#27;[0;39m &amp#27;[36morg.jboss.weld.Bootstrap&amp#27;[0;39m - &amp#27;[32mEmpty bean deployment archive ignored: /home/jorg/Work/3_semester/startcode/startCode3semNew/target/classes
&amp#27;[0;39m2023-05-08 13:19:09,887 [main] &amp#27;[39mDEBUG&amp#27;[0;39m &amp#27;[36morg.jboss.weld.Bootstrap&amp#27;[0;39m - &amp#27;[32mWELD-ENV-000024: Archive isolation enabled - creating multiple isolated bean archives if needed
&amp#27;[0;39m2023-05-08 13:19:09,889 [main] &amp#27;[39mDEBUG&amp#27;[0;39m &amp#27;[36morg.jboss.weld.BootstrapTracker&amp#27;[0;39m - &amp#27;[32mSTART bootstrap 
&amp#27;[0;39m2023-05-08 13:19:09,889 [main] &amp#27;[39mDEBUG&amp#27;[0;39m &amp#27;[36morg.jboss.weld.BootstrapTracker&amp#27;[0;39m - &amp#27;[32mSTART bootstrap > startContainer 
&amp#27;[0;39m2023-05-08 13:19:09,893 [main] &amp#27;[39mDEBUG&amp#27;[0;39m &amp#27;[36morg.jboss.weld.Configuration&amp#27;[0;39m - &amp#27;[32mWELD-001902: Following configuration was detected and applied: {org.jboss.weld.executor.threadPoolType=COMMON, org.jboss.weld.construction.relaxed=true, org.jboss.weld.bootstrap.allowOptimizedCleanup=true}
&amp#27;[0;39m2023-05-08 13:19:09,894 [main] &amp#27;[39mDEBUG&amp#27;[0;39m &amp#27;[36morg.jboss.weld.BootstrapTracker&amp#27;[0;39m - &amp#27;[32mSTART bootstrap > startContainer > initServices 
&amp#27;[0;39m2023-05-08 13:19:09,902 [main] &amp#27;[39mDEBUG&amp#27;[0;39m &amp#27;[36morg.jboss.weld.Bootstrap&amp#27;[0;39m - &amp#27;[32mUsing Weld modules: []
&amp#27;[0;39m2023-05-08 13:19:09,911 [main] &amp#27;[39mDEBUG&amp#27;[0;39m &amp#27;[36morg.jboss.weld.Bootstrap&amp#27;[0;39m - &amp#27;[32mUsing instantiator: org.jboss.weld.bean.proxy.UnsafeProxyInstantiator
&amp#27;[0;39m2023-05-08 13:19:09,918 [main] &amp#27;[39mDEBUG&amp#27;[0;39m &amp#27;[36morg.jboss.weld.BootstrapTracker&amp#27;[0;39m - &amp#27;[32m  END bootstrap > startContainer > initServices (24 ms)
&amp#27;[0;39m2023-05-08 13:19:09,919 [main] &amp#27;[34mINFO &amp#27;[0;39m &amp#27;[36morg.jboss.weld.Bootstrap&amp#27;[0;39m - &amp#27;[32mWELD-000101: Transactional services not available. Injection of @Inject UserTransaction not available. Transactional observers will be invoked synchronously.
&amp#27;[0;39m2023-05-08 13:19:09,928 [main] &amp#27;[39mDEBUG&amp#27;[0;39m &amp#27;[36morg.jboss.weld.BootstrapTracker&amp#27;[0;39m - &amp#27;[32mSTART bootstrap > startContainer > builtinContexts 
&amp#27;[0;39m2023-05-08 13:19:09,948 [main] &amp#27;[39mDEBUG&amp#27;[0;39m &amp#27;[36morg.jboss.weld.Bootstrap&amp#27;[0;39m - &amp#27;[32mWELD-000106: Bean: WELD%AbstractBuiltInBean%deployment%ApplicationContext
&amp#27;[0;39m2023-05-08 13:19:09,950 [main] &amp#27;[39mDEBUG&amp#27;[0;39m &amp#27;[36morg.jboss.weld.Reflection&amp#27;[0;39m - &amp#27;[32mWELD-000601: interface jakarta.inject.Singleton is missing @Target. Weld will use this annotation, however this may make the application unportable.
&amp#27;[0;39m2023-05-08 13:19:09,950 [main] &amp#27;[39mDEBUG&amp#27;[0;39m &amp#27;[36morg.jboss.weld.Bootstrap&amp#27;[0;39m - &amp#27;[32mWELD-000106: Bean: WELD%AbstractBuiltInBean%deployment%SingletonContext
&amp#27;[0;39m2023-05-08 13:19:09,951 [main] &amp#27;[39mDEBUG&amp#27;[0;39m &amp#27;[36morg.jboss.weld.Bootstrap&amp#27;[0;39m - &amp#27;[32mWELD-000106: Bean: WELD%AbstractBuiltInBean%deployment%BoundSessionContext
&amp#27;[0;39m2023-05-08 13:19:09,951 [main] &amp#27;[39mDEBUG&amp#27;[0;39m &amp#27;[36morg.jboss.weld.Bootstrap&amp#27;[0;39m - &amp#27;[32mWELD-000106: Bean: WELD%AbstractBuiltInBean%deployment%BoundConversationContext
&amp#27;[0;39m2023-05-08 13:19:09,952 [main] &amp#27;[39mDEBUG&amp#27;[0;39m &amp#27;[36morg.jboss.weld.Bootstrap&amp#27;[0;39m - &amp#27;[32mWELD-000106: Bean: WELD%AbstractBuiltInBean%deployment%BoundRequestContext
&amp#27;[0;39m2023-05-08 13:19:09,952 [main] &amp#27;[39mDEBUG&amp#27;[0;39m &amp#27;[36morg.jboss.weld.Bootstrap&amp#27;[0;39m - &amp#27;[32mWELD-000106: Bean: WELD%AbstractBuiltInBean%deployment%RequestContext
&amp#27;[0;39m2023-05-08 13:19:09,952 [main] &amp#27;[39mDEBUG&amp#27;[0;39m &amp#27;[36morg.jboss.weld.Bootstrap&amp#27;[0;39m - &amp#27;[32mWELD-000106: Bean: WELD%AbstractBuiltInBean%deployment%DependentContext
&amp#27;[0;39m2023-05-08 13:19:09,952 [main] &amp#27;[39mDEBUG&amp#27;[0;39m &amp#27;[36morg.jboss.weld.BootstrapTracker&amp#27;[0;39m - &amp#27;[32m  END bootstrap > startContainer > builtinContexts (24 ms)
&amp#27;[0;39m2023-05-08 13:19:09,952 [main] &amp#27;[39mDEBUG&amp#27;[0;39m &amp#27;[36morg.jboss.weld.BootstrapTracker&amp#27;[0;39m - &amp#27;[32mSTART bootstrap > startContainer > readDeploymentStructure 
&amp#27;[0;39m2023-05-08 13:19:09,953 [main] &amp#27;[39mDEBUG&amp#27;[0;39m &amp#27;[36morg.jboss.weld.BootstrapTracker&amp#27;[0;39m - &amp#27;[32m  END bootstrap > startContainer > readDeploymentStructure (0 ms)
&amp#27;[0;39m2023-05-08 13:19:09,953 [main] &amp#27;[39mDEBUG&amp#27;[0;39m &amp#27;[36morg.jboss.weld.BootstrapTracker&amp#27;[0;39m - &amp#27;[32m  END bootstrap > startContainer (63 ms)
&amp#27;[0;39m2023-05-08 13:19:09,954 [main] &amp#27;[39mDEBUG&amp#27;[0;39m &amp#27;[36morg.jboss.weld.BootstrapTracker&amp#27;[0;39m - &amp#27;[32mSTART bootstrap > startInitialization 
&amp#27;[0;39m2023-05-08 13:19:09,963 [main] &amp#27;[39mDEBUG&amp#27;[0;39m &amp#27;[36morg.jboss.weld.Bootstrap&amp#27;[0;39m - &amp#27;[32mWELD-000106: Bean: Built-in Bean [jakarta.enterprise.inject.spi.BeanManager] with qualifiers [@Default]
&amp#27;[0;39m2023-05-08 13:19:09,963 [main] &amp#27;[39mDEBUG&amp#27;[0;39m &amp#27;[36morg.jboss.weld.Bootstrap&amp#27;[0;39m - &amp#27;[32mWELD-000106: Bean: Built-in Bean [org.jboss.weld.manager.BeanManagerImpl] with qualifiers [@Default]
&amp#27;[0;39m2023-05-08 13:19:09,979 [main] &amp#27;[39mDEBUG&amp#27;[0;39m &amp#27;[36morg.jboss.weld.Bootstrap&amp#27;[0;39m - &amp#27;[32mWELD-000106: Bean: Extension [class org.jboss.weld.environment.se.WeldSEBeanRegistrant] with qualifiers [@Default]; jar:file:/home/jorg/.m2/repository/org/jboss/weld/se/weld-se-core/5.1.0.Final/weld-se-core-5.1.0.Final.jar!/META-INF/services/jakarta.enterprise.inject.spi.Extension@1[org.jboss.weld.environment.se.WeldSEBeanRegistrant@3350ab4]
&amp#27;[0;39m2023-05-08 13:19:09,979 [main] &amp#27;[39mDEBUG&amp#27;[0;39m &amp#27;[36morg.jboss.weld.Bootstrap&amp#27;[0;39m - &amp#27;[32mWELD-000168: Extension bean deployed: Extension [class org.jboss.weld.environment.se.WeldSEBeanRegistrant] with qualifiers [@Default]; jar:file:/home/jorg/.m2/repository/org/jboss/weld/se/weld-se-core/5.1.0.Final/weld-se-core-5.1.0.Final.jar!/META-INF/services/jakarta.enterprise.inject.spi.Extension@1[org.jboss.weld.environment.se.WeldSEBeanRegistrant@3350ab4]
&amp#27;[0;39m2023-05-08 13:19:09,980 [main] &amp#27;[39mDEBUG&amp#27;[0;39m &amp#27;[36morg.jboss.weld.Bootstrap&amp#27;[0;39m - &amp#27;[32mWELD-000106: Bean: Extension [class org.jboss.weld.bootstrap.WeldExtension] with qualifiers [@Default]; n/a
&amp#27;[0;39m2023-05-08 13:19:09,980 [main] &amp#27;[39mDEBUG&amp#27;[0;39m &amp#27;[36morg.jboss.weld.Bootstrap&amp#27;[0;39m - &amp#27;[32mWELD-000168: Extension bean deployed: Extension [class org.jboss.weld.bootstrap.WeldExtension] with qualifiers [@Default]; n/a
&amp#27;[0;39m2023-05-08 13:19:09,983 [main] &amp#27;[39mDEBUG&amp#27;[0;39m &amp#27;[36morg.jboss.weld.Bootstrap&amp#27;[0;39m - &amp#27;[32mWELD-000106: Bean: Extension [class org.glassfish.jersey.inject.cdi.se.SeBeanRegisterExtension] with qualifiers [@Default]; synthetic:org.glassfish.jersey.inject.cdi.se.SeBeanRegisterExtension
&amp#27;[0;39m2023-05-08 13:19:09,983 [main] &amp#27;[39mDEBUG&amp#27;[0;39m &amp#27;[36morg.jboss.weld.Bootstrap&amp#27;[0;39m - &amp#27;[32mWELD-000168: Extension bean deployed: Extension [class org.glassfish.jersey.inject.cdi.se.SeBeanRegisterExtension] with qualifiers [@Default]; synthetic:org.glassfish.jersey.inject.cdi.se.SeBeanRegisterExtension
&amp#27;[0;39m2023-05-08 13:19:09,983 [main] &amp#27;[39mDEBUG&amp#27;[0;39m &amp#27;[36morg.jboss.weld.Bootstrap&amp#27;[0;39m - &amp#27;[32mWELD-000106: Bean: Built-in Bean [jakarta.enterprise.inject.spi.BeanManager] with qualifiers [@Default]
&amp#27;[0;39m2023-05-08 13:19:09,983 [main] &amp#27;[39mDEBUG&amp#27;[0;39m &amp#27;[36morg.jboss.weld.Bootstrap&amp#27;[0;39m - &amp#27;[32mWELD-000106: Bean: Built-in Bean [org.jboss.weld.manager.BeanManagerImpl] with qualifiers [@Default]
&amp#27;[0;39m2023-05-08 13:19:09,983 [main] &amp#27;[39mDEBUG&amp#27;[0;39m &amp#27;[36morg.jboss.weld.BootstrapTracker&amp#27;[0;39m - &amp#27;[32mSTART bootstrap > startInitialization > BeforeBeanDiscovery 
&amp#27;[0;39m2023-05-08 13:19:09,996 [main] &amp#27;[39mDEBUG&amp#27;[0;39m &amp#27;[36morg.jboss.weld.Bootstrap&amp#27;[0;39m - &amp#27;[32mWELD-000162: BeforeBeanDiscovery.addAnnotatedType() called by org.jboss.weld.environment.se.WeldSEBeanRegistrant@3350ab4 for [BackedAnnotatedType] public @Vetoed @ApplicationScoped class org.jboss.weld.environment.se.beans.ParametersFactory
&amp#27;[0;39m2023-05-08 13:19:09,998 [main] &amp#27;[39mDEBUG&amp#27;[0;39m &amp#27;[36morg.jboss.weld.Bootstrap&amp#27;[0;39m - &amp#27;[32mWELD-000162: BeforeBeanDiscovery.addAnnotatedType() called by org.jboss.weld.environment.se.WeldSEBeanRegistrant@3350ab4 for [BackedAnnotatedType] public @Decorator class org.jboss.weld.environment.se.threading.RunnableDecorator
&amp#27;[0;39m2023-05-08 13:19:10,000 [main] &amp#27;[39mDEBUG&amp#27;[0;39m &amp#27;[36morg.jboss.weld.Bootstrap&amp#27;[0;39m - &amp#27;[32mWELD-000162: BeforeBeanDiscovery.addAnnotatedType() called by org.jboss.weld.environment.se.WeldSEBeanRegistrant@3350ab4 for [BackedAnnotatedType] public @Vetoed @Interceptor @ActivateThreadScope @Priority class org.jboss.weld.environment.se.contexts.activators.ActivateThreadScopeInterceptor
&amp#27;[0;39m2023-05-08 13:19:10,002 [main] &amp#27;[39mDEBUG&amp#27;[0;39m &amp#27;[36morg.jboss.weld.Bootstrap&amp#27;[0;39m - &amp#27;[32mWELD-000162: BeforeBeanDiscovery.addAnnotatedType() called by org.jboss.weld.bootstrap.WeldExtension@5c997de8 for [BackedAnnotatedType] public @Vetoed @Interceptor @ActivateRequestContext @Priority class org.jboss.weld.contexts.activator.ActivateRequestContextInterceptor
&amp#27;[0;39m2023-05-08 13:19:10,003 [main] &amp#27;[39mDEBUG&amp#27;[0;39m &amp#27;[36morg.jboss.weld.Bootstrap&amp#27;[0;39m - &amp#27;[32mWELD-000162: BeforeBeanDiscovery.addAnnotatedType() called by org.jboss.weld.bootstrap.WeldExtension@5c997de8 for [BackedAnnotatedType] public @Vetoed @Interceptor @ActivateRequestContext @Priority class org.jboss.weld.contexts.activator.CdiRequestContextActivatorInterceptor
&amp#27;[0;39m2023-05-08 13:19:10,003 [main] &amp#27;[39mDEBUG&amp#27;[0;39m &amp#27;[36morg.jboss.weld.BootstrapTracker&amp#27;[0;39m - &amp#27;[32m  END bootstrap > startInitialization > BeforeBeanDiscovery (20 ms)
&amp#27;[0;39m2023-05-08 13:19:10,005 [main] &amp#27;[39mDEBUG&amp#27;[0;39m &amp#27;[36morg.jboss.weld.BootstrapTracker&amp#27;[0;39m - &amp#27;[32mSTART bootstrap > startInitialization > AfterTypeDiscovery 
&amp#27;[0;39m2023-05-08 13:19:10,006 [main] &amp#27;[39mDEBUG&amp#27;[0;39m &amp#27;[36morg.jboss.weld.BootstrapTracker&amp#27;[0;39m - &amp#27;[32m  END bootstrap > startInitialization > AfterTypeDiscovery (0 ms)
&amp#27;[0;39m2023-05-08 13:19:10,008 [main] &amp#27;[39mDEBUG&amp#27;[0;39m &amp#27;[36morg.jboss.weld.Bootstrap&amp#27;[0;39m - &amp#27;[32mWELD-000103: Enabled alternatives for Weld BeanManager for org.jboss.weld.environment.deployment.WeldDeployment.additionalClasses [bean count=5]: (empty collection)
&amp#27;[0;39m2023-05-08 13:19:10,008 [main] &amp#27;[39mDEBUG&amp#27;[0;39m &amp#27;[36morg.jboss.weld.Bootstrap&amp#27;[0;39m - &amp#27;[32mWELD-000104: Enabled decorator types for Weld BeanManager for org.jboss.weld.environment.deployment.WeldDeployment.additionalClasses [bean count=5]: (empty collection)
&amp#27;[0;39m2023-05-08 13:19:10,008 [main] &amp#27;[39mDEBUG&amp#27;[0;39m &amp#27;[36morg.jboss.weld.Bootstrap&amp#27;[0;39m - &amp#27;[32mWELD-000105: Enabled interceptor types for Weld BeanManager for org.jboss.weld.environment.deployment.WeldDeployment.additionalClasses [bean count=5]: 
  - class org.jboss.weld.contexts.activator.ActivateRequestContextInterceptor,
  - class org.jboss.weld.contexts.activator.CdiRequestContextActivatorInterceptor,
  - class org.jboss.weld.environment.se.contexts.activators.ActivateThreadScopeInterceptor
&amp#27;[0;39m2023-05-08 13:19:10,008 [main] &amp#27;[39mDEBUG&amp#27;[0;39m &amp#27;[36morg.jboss.weld.BootstrapTracker&amp#27;[0;39m - &amp#27;[32m  END bootstrap > startInitialization (53 ms)
&amp#27;[0;39m2023-05-08 13:19:10,008 [main] &amp#27;[39mDEBUG&amp#27;[0;39m &amp#27;[36morg.jboss.weld.BootstrapTracker&amp#27;[0;39m - &amp#27;[32mSTART bootstrap > deployBeans 
&amp#27;[0;39m2023-05-08 13:19:10,025 [main] &amp#27;[39mDEBUG&amp#27;[0;39m &amp#27;[36morg.jboss.weld.Bootstrap&amp#27;[0;39m - &amp#27;[32mWELD-000151: ProcessInjectionTarget.setInjectionTarget() called by org.glassfish.jersey.inject.cdi.se.SeBeanRegisterExtension@35fb3209: InjectionTarget for Managed Bean [class org.jboss.weld.environment.se.beans.ParametersFactory] with qualifiers [@Any @Default] replaced by InjectionTarget for Managed Bean [class org.jboss.weld.environment.se.beans.ParametersFactory] with qualifiers [@Any @Default]
&amp#27;[0;39m2023-05-08 13:19:10,026 [main] &amp#27;[39mDEBUG&amp#27;[0;39m &amp#27;[36morg.jboss.weld.Bootstrap&amp#27;[0;39m - &amp#27;[32mWELD-000151: ProcessInjectionTarget.setInjectionTarget() called by org.glassfish.jersey.inject.cdi.se.SeBeanRegisterExtension@35fb3209: InjectionTarget for Interceptor [class org.jboss.weld.contexts.activator.ActivateRequestContextInterceptor intercepts @ActivateRequestContext] replaced by InjectionTarget for Interceptor [class org.jboss.weld.contexts.activator.ActivateRequestContextInterceptor intercepts @ActivateRequestContext]
&amp#27;[0;39m2023-05-08 13:19:10,026 [main] &amp#27;[39mDEBUG&amp#27;[0;39m &amp#27;[36morg.jboss.weld.Bootstrap&amp#27;[0;39m - &amp#27;[32mWELD-000151: ProcessInjectionTarget.setInjectionTarget() called by org.glassfish.jersey.inject.cdi.se.SeBeanRegisterExtension@35fb3209: InjectionTarget for Interceptor [class org.jboss.weld.environment.se.contexts.activators.ActivateThreadScopeInterceptor intercepts @ActivateThreadScope] replaced by InjectionTarget for Interceptor [class org.jboss.weld.environment.se.contexts.activators.ActivateThreadScopeInterceptor intercepts @ActivateThreadScope]
&amp#27;[0;39m2023-05-08 13:19:10,027 [main] &amp#27;[39mDEBUG&amp#27;[0;39m &amp#27;[36morg.jboss.weld.Bootstrap&amp#27;[0;39m - &amp#27;[32mWELD-000151: ProcessInjectionTarget.setInjectionTarget() called by org.glassfish.jersey.inject.cdi.se.SeBeanRegisterExtension@35fb3209: InjectionTarget for Interceptor [class org.jboss.weld.contexts.activator.CdiRequestContextActivatorInterceptor intercepts @ActivateRequestContext] replaced by InjectionTarget for Interceptor [class org.jboss.weld.contexts.activator.CdiRequestContextActivatorInterceptor intercepts @ActivateRequestContext]
&amp#27;[0;39m2023-05-08 13:19:10,037 [main] &amp#27;[39mDEBUG&amp#27;[0;39m &amp#27;[36morg.jboss.weld.Bootstrap&amp#27;[0;39m - &amp#27;[32mWELD-000108: Decorator: Decorator [class org.jboss.weld.environment.se.threading.RunnableDecorator] decorates [Runnable] with delegate type [Runnable] and delegate qualifiers [@Default]
&amp#27;[0;39m2023-05-08 13:19:10,038 [main] &amp#27;[39mDEBUG&amp#27;[0;39m &amp#27;[36morg.jboss.weld.Bootstrap&amp#27;[0;39m - &amp#27;[32mWELD-000107: Interceptor: Interceptor [class org.jboss.weld.contexts.activator.ActivateRequestContextInterceptor intercepts @ActivateRequestContext]
&amp#27;[0;39m2023-05-08 13:19:10,038 [main] &amp#27;[39mDEBUG&amp#27;[0;39m &amp#27;[36morg.jboss.weld.Bootstrap&amp#27;[0;39m - &amp#27;[32mWELD-000107: Interceptor: Interceptor [class org.jboss.weld.environment.se.contexts.activators.ActivateThreadScopeInterceptor intercepts @ActivateThreadScope]
&amp#27;[0;39m2023-05-08 13:19:10,038 [main] &amp#27;[39mDEBUG&amp#27;[0;39m &amp#27;[36morg.jboss.weld.Bootstrap&amp#27;[0;39m - &amp#27;[32mWELD-000107: Interceptor: Interceptor [class org.jboss.weld.contexts.activator.CdiRequestContextActivatorInterceptor intercepts @ActivateRequestContext]
&amp#27;[0;39m2023-05-08 13:19:10,038 [main] &amp#27;[39mDEBUG&amp#27;[0;39m &amp#27;[36morg.jboss.weld.Bootstrap&amp#27;[0;39m - &amp#27;[32mWELD-000106: Bean: WELD%AbstractBuiltInBean%org.jboss.weld.environment.deployment.WeldDeployment.additionalClasses%DependentContext
&amp#27;[0;39m2023-05-08 13:19:10,038 [main] &amp#27;[39mDEBUG&amp#27;[0;39m &amp#27;[36morg.jboss.weld.Bootstrap&amp#27;[0;39m - &amp#27;[32mWELD-000106: Bean: Managed Bean [class org.jboss.weld.environment.se.beans.ParametersFactory] with qualifiers [@Any @Default]
&amp#27;[0;39m2023-05-08 13:19:10,038 [main] &amp#27;[39mDEBUG&amp#27;[0;39m &amp#27;[36morg.jboss.weld.Bootstrap&amp#27;[0;39m - &amp#27;[32mWELD-000106: Bean: Implicit Bean [jakarta.enterprise.inject.spi.Bean] with qualifiers [@Decorated]
&amp#27;[0;39m2023-05-08 13:19:10,038 [main] &amp#27;[39mDEBUG&amp#27;[0;39m &amp#27;[36morg.jboss.weld.Bootstrap&amp#27;[0;39m - &amp#27;[32mWELD-000106: Bean: WELD%AbstractBuiltInBean%org.jboss.weld.environment.deployment.WeldDeployment.additionalClasses%BoundConversationContext
&amp#27;[0;39m2023-05-08 13:19:10,038 [main] &amp#27;[39mDEBUG&amp#27;[0;39m &amp#27;[36morg.jboss.weld.Bootstrap&amp#27;[0;39m - &amp#27;[32mWELD-000106: Bean: Implicit Bean [jakarta.enterprise.inject.spi.Bean] with qualifiers [@Intercepted]
&amp#27;[0;39m2023-05-08 13:19:10,038 [main] &amp#27;[39mDEBUG&amp#27;[0;39m &amp#27;[36morg.jboss.weld.Bootstrap&amp#27;[0;39m - &amp#27;[32mWELD-000106: Bean: Implicit Bean [jakarta.enterprise.inject.spi.Bean] with qualifiers [@Default]
&amp#27;[0;39m2023-05-08 13:19:10,038 [main] &amp#27;[39mDEBUG&amp#27;[0;39m &amp#27;[36morg.jboss.weld.Bootstrap&amp#27;[0;39m - &amp#27;[32mWELD-000106: Bean: WELD%AbstractBuiltInBean%org.jboss.weld.environment.deployment.WeldDeployment.additionalClasses%BoundSessionContext
&amp#27;[0;39m2023-05-08 13:19:10,038 [main] &amp#27;[39mDEBUG&amp#27;[0;39m &amp#27;[36morg.jboss.weld.Bootstrap&amp#27;[0;39m - &amp#27;[32mWELD-000106: Bean: WELD%AbstractBuiltInBean%org.jboss.weld.environment.deployment.WeldDeployment.additionalClasses%ApplicationContext
&amp#27;[0;39m2023-05-08 13:19:10,038 [main] &amp#27;[39mDEBUG&amp#27;[0;39m &amp#27;[36morg.jboss.weld.Bootstrap&amp#27;[0;39m - &amp#27;[32mWELD-000106: Bean: Implicit Bean [jakarta.enterprise.inject.spi.Decorator] with qualifiers [@Default]
&amp#27;[0;39m2023-05-08 13:19:10,038 [main] &amp#27;[39mDEBUG&amp#27;[0;39m &amp#27;[36morg.jboss.weld.Bootstrap&amp#27;[0;39m - &amp#27;[32mWELD-000106: Bean: WELD%AbstractBuiltInBean%org.jboss.weld.environment.deployment.WeldDeployment.additionalClasses%RequestContext
&amp#27;[0;39m2023-05-08 13:19:10,038 [main] &amp#27;[39mDEBUG&amp#27;[0;39m &amp#27;[36morg.jboss.weld.Bootstrap&amp#27;[0;39m - &amp#27;[32mWELD-000106: Bean: Implicit Bean [jakarta.enterprise.event.Event] with qualifiers [@Default]
&amp#27;[0;39m2023-05-08 13:19:10,038 [main] &amp#27;[39mDEBUG&amp#27;[0;39m &amp#27;[36morg.jboss.weld.Bootstrap&amp#27;[0;39m - &amp#27;[32mWELD-000106: Bean: Implicit Bean [jakarta.enterprise.inject.spi.InjectionPoint] with qualifiers [@Default]
&amp#27;[0;39m2023-05-08 13:19:10,039 [main] &amp#27;[39mDEBUG&amp#27;[0;39m &amp#27;[36morg.jboss.weld.Bootstrap&amp#27;[0;39m - &amp#27;[32mWELD-000106: Bean: Implicit Bean [jakarta.enterprise.inject.spi.InterceptionFactory] with qualifiers [@Default]
&amp#27;[0;39m2023-05-08 13:19:10,039 [main] &amp#27;[39mDEBUG&amp#27;[0;39m &amp#27;[36morg.jboss.weld.Bootstrap&amp#27;[0;39m - &amp#27;[32mWELD-000106: Bean: WELD%AbstractBuiltInBean%org.jboss.weld.environment.deployment.WeldDeployment.additionalClasses%Conversation
&amp#27;[0;39m2023-05-08 13:19:10,039 [main] &amp#27;[39mDEBUG&amp#27;[0;39m &amp#27;[36morg.jboss.weld.Bootstrap&amp#27;[0;39m - &amp#27;[32mWELD-000106: Bean: WELD%AbstractBuiltInBean%org.jboss.weld.environment.deployment.WeldDeployment.additionalClasses%RequestContextController
&amp#27;[0;39m2023-05-08 13:19:10,039 [main] &amp#27;[39mDEBUG&amp#27;[0;39m &amp#27;[36morg.jboss.weld.Bootstrap&amp#27;[0;39m - &amp#27;[32mWELD-000106: Bean: Implicit Bean [jakarta.enterprise.inject.spi.Interceptor] with qualifiers [@Default]
&amp#27;[0;39m2023-05-08 13:19:10,039 [main] &amp#27;[39mDEBUG&amp#27;[0;39m &amp#27;[36morg.jboss.weld.Bootstrap&amp#27;[0;39m - &amp#27;[32mWELD-000106: Bean: Implicit Bean [jakarta.enterprise.inject.Instance] with qualifiers [@Default]
&amp#27;[0;39m2023-05-08 13:19:10,039 [main] &amp#27;[39mDEBUG&amp#27;[0;39m &amp#27;[36morg.jboss.weld.Bootstrap&amp#27;[0;39m - &amp#27;[32mWELD-000106: Bean: Implicit Bean [jakarta.enterprise.inject.spi.EventMetadata] with qualifiers [@Default]
&amp#27;[0;39m2023-05-08 13:19:10,039 [main] &amp#27;[39mDEBUG&amp#27;[0;39m &amp#27;[36morg.jboss.weld.Bootstrap&amp#27;[0;39m - &amp#27;[32mWELD-000106: Bean: WELD%AbstractBuiltInBean%org.jboss.weld.environment.deployment.WeldDeployment.additionalClasses%BoundRequestContext
&amp#27;[0;39m2023-05-08 13:19:10,043 [main] &amp#27;[39mDEBUG&amp#27;[0;39m &amp#27;[36morg.jboss.weld.Bootstrap&amp#27;[0;39m - &amp#27;[32mWELD-000106: Bean: Producer Method [String[]] with qualifiers [@Parameters @Any] declared as [[UnbackedAnnotatedMethod] @Produces @Parameters public org.jboss.weld.environment.se.beans.ParametersFactory.getArgsAsArray()]
&amp#27;[0;39m2023-05-08 13:19:10,043 [main] &amp#27;[39mDEBUG&amp#27;[0;39m &amp#27;[36morg.jboss.weld.Bootstrap&amp#27;[0;39m - &amp#27;[32mWELD-000106: Bean: Producer Method [List<String>] with qualifiers [@Parameters @Any] declared as [[UnbackedAnnotatedMethod] @Produces @Parameters public org.jboss.weld.environment.se.beans.ParametersFactory.getArgs()]
&amp#27;[0;39m2023-05-08 13:19:10,043 [main] &amp#27;[39mDEBUG&amp#27;[0;39m &amp#27;[36morg.jboss.weld.Bootstrap&amp#27;[0;39m - &amp#27;[32mWELD-000106: Bean: WELD%AbstractBuiltInBean%org.jboss.weld.environment.deployment.WeldDeployment.additionalClasses%SingletonContext
&amp#27;[0;39m2023-05-08 13:19:10,043 [main] &amp#27;[39mDEBUG&amp#27;[0;39m &amp#27;[36morg.jboss.weld.BootstrapTracker&amp#27;[0;39m - &amp#27;[32mSTART bootstrap > deployBeans > AfterBeanDiscovery 
&amp#27;[0;39m2023-05-08 13:19:10,048 [main] &amp#27;[39mDEBUG&amp#27;[0;39m &amp#27;[36morg.jboss.weld.Bootstrap&amp#27;[0;39m - &amp#27;[32mWELD-000154: AfterBeanDiscovery.addBean() called by org.glassfish.jersey.inject.cdi.se.SeBeanRegisterExtension@35fb3209 for org.glassfish.jersey.inject.cdi.se.bean.InstanceBean@5f1f0ee6
&amp#27;[0;39m2023-05-08 13:19:10,051 [main] &amp#27;[39mDEBUG&amp#27;[0;39m &amp#27;[36morg.jboss.weld.Bootstrap&amp#27;[0;39m - &amp#27;[32mWELD-000154: AfterBeanDiscovery.addBean() called by org.glassfish.jersey.inject.cdi.se.SeBeanRegisterExtension@35fb3209 for org.glassfish.jersey.inject.cdi.se.bean.ClassBean@1b485c8b
&amp#27;[0;39m2023-05-08 13:19:10,053 [main] &amp#27;[39mDEBUG&amp#27;[0;39m &amp#27;[36morg.jboss.weld.Bootstrap&amp#27;[0;39m - &amp#27;[32mWELD-000154: AfterBeanDiscovery.addBean() called by org.glassfish.jersey.inject.cdi.se.SeBeanRegisterExtension@35fb3209 for org.glassfish.jersey.inject.cdi.se.bean.ClassBean@543da15
&amp#27;[0;39m2023-05-08 13:19:10,056 [main] &amp#27;[39mDEBUG&amp#27;[0;39m &amp#27;[36morg.jboss.weld.Bootstrap&amp#27;[0;39m - &amp#27;[32mWELD-000154: AfterBeanDiscovery.addBean() called by org.glassfish.jersey.inject.cdi.se.SeBeanRegisterExtension@35fb3209 for org.glassfish.jersey.inject.cdi.se.bean.ClassBean@6aaa678d
&amp#27;[0;39m2023-05-08 13:19:10,057 [main] &amp#27;[39mDEBUG&amp#27;[0;39m &amp#27;[36morg.jboss.weld.Bootstrap&amp#27;[0;39m - &amp#27;[32mWELD-000154: AfterBeanDiscovery.addBean() called by org.glassfish.jersey.inject.cdi.se.SeBeanRegisterExtension@35fb3209 for org.glassfish.jersey.inject.cdi.se.bean.ClassBean@66e12c3b
&amp#27;[0;39m2023-05-08 13:19:10,058 [main] &amp#27;[39mDEBUG&amp#27;[0;39m &amp#27;[36morg.jboss.weld.Bootstrap&amp#27;[0;39m - &amp#27;[32mWELD-000154: AfterBeanDiscovery.addBean() called by org.glassfish.jersey.inject.cdi.se.SeBeanRegisterExtension@35fb3209 for org.glassfish.jersey.inject.cdi.se.bean.ClassBean@66314fee
&amp#27;[0;39m2023-05-08 13:19:10,061 [main] &amp#27;[39mDEBUG&amp#27;[0;39m &amp#27;[36morg.jboss.weld.Bootstrap&amp#27;[0;39m - &amp#27;[32mWELD-000154: AfterBeanDiscovery.addBean() called by org.glassfish.jersey.inject.cdi.se.SeBeanRegisterExtension@35fb3209 for org.glassfish.jersey.inject.cdi.se.bean.SupplierClassBean@7a7f9d45
&amp#27;[0;39m2023-05-08 13:19:10,061 [main] &amp#27;[39mDEBUG&amp#27;[0;39m &amp#27;[36morg.jboss.weld.Bootstrap&amp#27;[0;39m - &amp#27;[32mWELD-000154: AfterBeanDiscovery.addBean() called by org.glassfish.jersey.inject.cdi.se.SeBeanRegisterExtension@35fb3209 for org.glassfish.jersey.inject.cdi.se.bean.SupplierBeanBridge@f5ae29e
&amp#27;[0;39m2023-05-08 13:19:10,061 [main] &amp#27;[39mDEBUG&amp#27;[0;39m &amp#27;[36morg.jboss.weld.Bootstrap&amp#27;[0;39m - &amp#27;[32mWELD-000154: AfterBeanDiscovery.addBean() called by org.glassfish.jersey.inject.cdi.se.SeBeanRegisterExtension@35fb3209 for org.glassfish.jersey.inject.cdi.se.bean.SupplierInstanceBean@5a2f401a
&amp#27;[0;39m2023-05-08 13:19:10,061 [main] &amp#27;[39mDEBUG&amp#27;[0;39m &amp#27;[36morg.jboss.weld.Bootstrap&amp#27;[0;39m - &amp#27;[32mWELD-000154: AfterBeanDiscovery.addBean() called by org.glassfish.jersey.inject.cdi.se.SeBeanRegisterExtension@35fb3209 for org.glassfish.jersey.inject.cdi.se.bean.SupplierInstanceBeanBridge@2d230cff
&amp#27;[0;39m2023-05-08 13:19:10,063 [main] &amp#27;[39mDEBUG&amp#27;[0;39m &amp#27;[36morg.jboss.weld.Bootstrap&amp#27;[0;39m - &amp#27;[32mWELD-000154: AfterBeanDiscovery.addBean() called by org.glassfish.jersey.inject.cdi.se.SeBeanRegisterExtension@35fb3209 for org.glassfish.jersey.inject.cdi.se.bean.SupplierClassBean@6124dda2
&amp#27;[0;39m2023-05-08 13:19:10,063 [main] &amp#27;[39mDEBUG&amp#27;[0;39m &amp#27;[36morg.jboss.weld.Bootstrap&amp#27;[0;39m - &amp#27;[32mWELD-000154: AfterBeanDiscovery.addBean() called by org.glassfish.jersey.inject.cdi.se.SeBeanRegisterExtension@35fb3209 for org.glassfish.jersey.inject.cdi.se.bean.SupplierBeanBridge@380e33c2
&amp#27;[0;39m2023-05-08 13:19:10,063 [main] &amp#27;[39mDEBUG&amp#27;[0;39m &amp#27;[36morg.jboss.weld.Bootstrap&amp#27;[0;39m - &amp#27;[32mWELD-000154: AfterBeanDiscovery.addBean() called by org.glassfish.jersey.inject.cdi.se.SeBeanRegisterExtension@35fb3209 for org.glassfish.jersey.inject.cdi.se.bean.SupplierInstanceBean@3bc891f2
&amp#27;[0;39m2023-05-08 13:19:10,063 [main] &amp#27;[39mDEBUG&amp#27;[0;39m &amp#27;[36morg.jboss.weld.Bootstrap&amp#27;[0;39m - &amp#27;[32mWELD-000154: AfterBeanDiscovery.addBean() called by org.glassfish.jersey.inject.cdi.se.SeBeanRegisterExtension@35fb3209 for org.glassfish.jersey.inject.cdi.se.bean.SupplierInstanceBeanBridge@445b85d7
&amp#27;[0;39m2023-05-08 13:19:10,066 [main] &amp#27;[39mDEBUG&amp#27;[0;39m &amp#27;[36morg.jboss.weld.Bootstrap&amp#27;[0;39m - &amp#27;[32mWELD-000154: AfterBeanDiscovery.addBean() called by org.glassfish.jersey.inject.cdi.se.SeBeanRegisterExtension@35fb3209 for org.glassfish.jersey.inject.cdi.se.bean.ClassBean@670a4738
&amp#27;[0;39m2023-05-08 13:19:10,067 [main] &amp#27;[39mDEBUG&amp#27;[0;39m &amp#27;[36morg.jboss.weld.Bootstrap&amp#27;[0;39m - &amp#27;[32mWELD-000154: AfterBeanDiscovery.addBean() called by org.glassfish.jersey.inject.cdi.se.SeBeanRegisterExtension@35fb3209 for org.glassfish.jersey.inject.cdi.se.bean.SupplierClassBean@77d95e5a
&amp#27;[0;39m2023-05-08 13:19:10,067 [main] &amp#27;[39mDEBUG&amp#27;[0;39m &amp#27;[36morg.jboss.weld.Bootstrap&amp#27;[0;39m - &amp#27;[32mWELD-000154: AfterBeanDiscovery.addBean() called by org.glassfish.jersey.inject.cdi.se.SeBeanRegisterExtension@35fb3209 for org.glassfish.jersey.inject.cdi.se.bean.SupplierBeanBridge@6339e604
&amp#27;[0;39m2023-05-08 13:19:10,067 [main] &amp#27;[39mDEBUG&amp#27;[0;39m &amp#27;[36morg.jboss.weld.Bootstrap&amp#27;[0;39m - &amp#27;[32mWELD-000154: AfterBeanDiscovery.addBean() called by org.glassfish.jersey.inject.cdi.se.SeBeanRegisterExtension@35fb3209 for org.glassfish.jersey.inject.cdi.se.bean.SupplierClassBean@18463720
&amp#27;[0;39m2023-05-08 13:19:10,067 [main] &amp#27;[39mDEBUG&amp#27;[0;39m &amp#27;[36morg.jboss.weld.Bootstrap&amp#27;[0;39m - &amp#27;[32mWELD-000154: AfterBeanDiscovery.addBean() called by org.glassfish.jersey.inject.cdi.se.SeBeanRegisterExtension@35fb3209 for org.glassfish.jersey.inject.cdi.se.bean.SupplierBeanBridge@64eeddd8
&amp#27;[0;39m2023-05-08 13:19:10,069 [main] &amp#27;[39mDEBUG&amp#27;[0;39m &amp#27;[36morg.jboss.weld.Bootstrap&amp#27;[0;39m - &amp#27;[32mWELD-000154: AfterBeanDiscovery.addBean() called by org.glassfish.jersey.inject.cdi.se.SeBeanRegisterExtension@35fb3209 for org.glassfish.jersey.inject.cdi.se.bean.SupplierClassBean@13cf5f8a
&amp#27;[0;39m2023-05-08 13:19:10,069 [main] &amp#27;[39mDEBUG&amp#27;[0;39m &amp#27;[36morg.jboss.weld.Bootstrap&amp#27;[0;39m - &amp#27;[32mWELD-000154: AfterBeanDiscovery.addBean() called by org.glassfish.jersey.inject.cdi.se.SeBeanRegisterExtension@35fb3209 for org.glassfish.jersey.inject.cdi.se.bean.SupplierBeanBridge@7c9ea1d0
&amp#27;[0;39m2023-05-08 13:19:10,070 [main] &amp#27;[39mDEBUG&amp#27;[0;39m &amp#27;[36morg.jboss.weld.Bootstrap&amp#27;[0;39m - &amp#27;[32mWELD-000154: AfterBeanDiscovery.addBean() called by org.glassfish.jersey.inject.cdi.se.SeBeanRegisterExtension@35fb3209 for org.glassfish.jersey.inject.cdi.se.bean.ClassBean@5ee581db
&amp#27;[0;39m2023-05-08 13:19:10,071 [main] &amp#27;[39mDEBUG&amp#27;[0;39m &amp#27;[36morg.jboss.weld.Bootstrap&amp#27;[0;39m - &amp#27;[32mWELD-000154: AfterBeanDiscovery.addBean() called by org.glassfish.jersey.inject.cdi.se.SeBeanRegisterExtension@35fb3209 for org.glassfish.jersey.inject.cdi.se.bean.SupplierClassBean@46591e98
&amp#27;[0;39m2023-05-08 13:19:10,071 [main] &amp#27;[39mDEBUG&amp#27;[0;39m &amp#27;[36morg.jboss.weld.Bootstrap&amp#27;[0;39m - &amp#27;[32mWELD-000154: AfterBeanDiscovery.addBean() called by org.glassfish.jersey.inject.cdi.se.SeBeanRegisterExtension@35fb3209 for org.glassfish.jersey.inject.cdi.se.bean.SupplierBeanBridge@5b6cc344
&amp#27;[0;39m2023-05-08 13:19:10,071 [main] &amp#27;[39mDEBUG&amp#27;[0;39m &amp#27;[36morg.jboss.weld.Bootstrap&amp#27;[0;39m - &amp#27;[32mWELD-000154: AfterBeanDiscovery.addBean() called by org.glassfish.jersey.inject.cdi.se.SeBeanRegisterExtension@35fb3209 for org.glassfish.jersey.inject.cdi.se.bean.SupplierClassBean@5c60c08
&amp#27;[0;39m2023-05-08 13:19:10,071 [main] &amp#27;[39mDEBUG&amp#27;[0;39m &amp#27;[36morg.jboss.weld.Bootstrap&amp#27;[0;39m - &amp#27;[32mWELD-000154: AfterBeanDiscovery.addBean() called by org.glassfish.jersey.inject.cdi.se.SeBeanRegisterExtension@35fb3209 for org.glassfish.jersey.inject.cdi.se.bean.SupplierBeanBridge@1cb44a2f
&amp#27;[0;39m2023-05-08 13:19:10,073 [main] &amp#27;[39mDEBUG&amp#27;[0;39m &amp#27;[36morg.jboss.weld.Bootstrap&amp#27;[0;39m - &amp#27;[32mWELD-000154: AfterBeanDiscovery.addBean() called by org.glassfish.jersey.inject.cdi.se.SeBeanRegisterExtension@35fb3209 for org.glassfish.jersey.inject.cdi.se.bean.ClassBean@7b4619a3
&amp#27;[0;39m2023-05-08 13:19:10,073 [main] &amp#27;[39mDEBUG&amp#27;[0;39m &amp#27;[36morg.jboss.weld.Bootstrap&amp#27;[0;39m - &amp#27;[32mWELD-000154: AfterBeanDiscovery.addBean() called by org.glassfish.jersey.inject.cdi.se.SeBeanRegisterExtension@35fb3209 for org.glassfish.jersey.inject.cdi.se.bean.InstanceBean@9d3a7a1
&amp#27;[0;39m2023-05-08 13:19:10,073 [main] &amp#27;[39mDEBUG&amp#27;[0;39m &amp#27;[36morg.jboss.weld.Bootstrap&amp#27;[0;39m - &amp#27;[32mWELD-000154: AfterBeanDiscovery.addBean() called by org.glassfish.jersey.inject.cdi.se.SeBeanRegisterExtension@35fb3209 for org.glassfish.jersey.inject.cdi.se.bean.InstanceBean@1c411474
&amp#27;[0;39m2023-05-08 13:19:10,073 [main] &amp#27;[39mDEBUG&amp#27;[0;39m &amp#27;[36morg.jboss.weld.Bootstrap&amp#27;[0;39m - &amp#27;[32mWELD-000154: AfterBeanDiscovery.addBean() called by org.glassfish.jersey.inject.cdi.se.SeBeanRegisterExtension@35fb3209 for org.glassfish.jersey.inject.cdi.se.bean.InstanceBean@5e681097
&amp#27;[0;39m2023-05-08 13:19:10,073 [main] &amp#27;[39mDEBUG&amp#27;[0;39m &amp#27;[36morg.jboss.weld.Bootstrap&amp#27;[0;39m - &amp#27;[32mWELD-000154: AfterBeanDiscovery.addBean() called by org.glassfish.jersey.inject.cdi.se.SeBeanRegisterExtension@35fb3209 for org.glassfish.jersey.inject.cdi.se.bean.InstanceBean@152891f8
&amp#27;[0;39m2023-05-08 13:19:10,073 [main] &amp#27;[39mDEBUG&amp#27;[0;39m &amp#27;[36morg.jboss.weld.Bootstrap&amp#27;[0;39m - &amp#27;[32mWELD-000154: AfterBeanDiscovery.addBean() called by org.glassfish.jersey.inject.cdi.se.SeBeanRegisterExtension@35fb3209 for org.glassfish.jersey.inject.cdi.se.bean.InstanceBean@1d2c253
&amp#27;[0;39m2023-05-08 13:19:10,073 [main] &amp#27;[39mDEBUG&amp#27;[0;39m &amp#27;[36morg.jboss.weld.Bootstrap&amp#27;[0;39m - &amp#27;[32mWELD-000154: AfterBeanDiscovery.addBean() called by org.glassfish.jersey.inject.cdi.se.SeBeanRegisterExtension@35fb3209 for org.glassfish.jersey.inject.cdi.se.bean.InstanceBean@15a484a9
&amp#27;[0;39m2023-05-08 13:19:10,073 [main] &amp#27;[39mDEBUG&amp#27;[0;39m &amp#27;[36morg.jboss.weld.Bootstrap&amp#27;[0;39m - &amp#27;[32mWELD-000154: AfterBeanDiscovery.addBean() called by org.glassfish.jersey.inject.cdi.se.SeBeanRegisterExtension@35fb3209 for org.glassfish.jersey.inject.cdi.se.bean.InstanceBean@b56c222
&amp#27;[0;39m2023-05-08 13:19:10,073 [main] &amp#27;[39mDEBUG&amp#27;[0;39m &amp#27;[36morg.jboss.weld.Bootstrap&amp#27;[0;39m - &amp#27;[32mWELD-000154: AfterBeanDiscovery.addBean() called by org.glassfish.jersey.inject.cdi.se.SeBeanRegisterExtension@35fb3209 for org.glassfish.jersey.inject.cdi.se.bean.InstanceBean@5a2035e1
&amp#27;[0;39m2023-05-08 13:19:10,073 [main] &amp#27;[39mDEBUG&amp#27;[0;39m &amp#27;[36morg.jboss.weld.Bootstrap&amp#27;[0;39m - &amp#27;[32mWELD-000154: AfterBeanDiscovery.addBean() called by org.glassfish.jersey.inject.cdi.se.SeBeanRegisterExtension@35fb3209 for org.glassfish.jersey.inject.cdi.se.bean.InstanceBean@4df7b4ac
&amp#27;[0;39m2023-05-08 13:19:10,073 [main] &amp#27;[39mDEBUG&amp#27;[0;39m &amp#27;[36morg.jboss.weld.Bootstrap&amp#27;[0;39m - &amp#27;[32mWELD-000154: AfterBeanDiscovery.addBean() called by org.glassfish.jersey.inject.cdi.se.SeBeanRegisterExtension@35fb3209 for org.glassfish.jersey.inject.cdi.se.bean.InstanceBean@7c47e077
&amp#27;[0;39m2023-05-08 13:19:10,073 [main] &amp#27;[39mDEBUG&amp#27;[0;39m &amp#27;[36morg.jboss.weld.Bootstrap&amp#27;[0;39m - &amp#27;[32mWELD-000154: AfterBeanDiscovery.addBean() called by org.glassfish.jersey.inject.cdi.se.SeBeanRegisterExtension@35fb3209 for org.glassfish.jersey.inject.cdi.se.bean.InstanceBean@41bd6a0f
&amp#27;[0;39m2023-05-08 13:19:10,073 [main] &amp#27;[39mDEBUG&amp#27;[0;39m &amp#27;[36morg.jboss.weld.Bootstrap&amp#27;[0;39m - &amp#27;[32mWELD-000154: AfterBeanDiscovery.addBean() called by org.glassfish.jersey.inject.cdi.se.SeBeanRegisterExtension@35fb3209 for org.glassfish.jersey.inject.cdi.se.bean.InstanceBean@1ae9d0e4
&amp#27;[0;39m2023-05-08 13:19:10,073 [main] &amp#27;[39mDEBUG&amp#27;[0;39m &amp#27;[36morg.jboss.weld.Bootstrap&amp#27;[0;39m - &amp#27;[32mWELD-000154: AfterBeanDiscovery.addBean() called by org.glassfish.jersey.inject.cdi.se.SeBeanRegisterExtension@35fb3209 for org.glassfish.jersey.inject.cdi.se.bean.InstanceBean@6acb45c1
&amp#27;[0;39m2023-05-08 13:19:10,075 [main] &amp#27;[39mDEBUG&amp#27;[0;39m &amp#27;[36morg.jboss.weld.Bootstrap&amp#27;[0;39m - &amp#27;[32mWELD-000154: AfterBeanDiscovery.addBean() called by org.glassfish.jersey.inject.cdi.se.SeBeanRegisterExtension@35fb3209 for org.glassfish.jersey.inject.cdi.se.bean.ClassBean@24de63b
&amp#27;[0;39m2023-05-08 13:19:10,075 [main] &amp#27;[39mDEBUG&amp#27;[0;39m &amp#27;[36morg.jboss.weld.Bootstrap&amp#27;[0;39m - &amp#27;[32mWELD-000154: AfterBeanDiscovery.addBean() called by org.glassfish.jersey.inject.cdi.se.SeBeanRegisterExtension@35fb3209 for org.glassfish.jersey.inject.cdi.se.bean.InstanceBean@42d0e41
&amp#27;[0;39m2023-05-08 13:19:10,075 [main] &amp#27;[39mDEBUG&amp#27;[0;39m &amp#27;[36morg.jboss.weld.Bootstrap&amp#27;[0;39m - &amp#27;[32mWELD-000154: AfterBeanDiscovery.addBean() called by org.glassfish.jersey.inject.cdi.se.SeBeanRegisterExtension@35fb3209 for org.glassfish.jersey.inject.cdi.se.bean.InstanceBean@50f05307
&amp#27;[0;39m2023-05-08 13:19:10,075 [main] &amp#27;[39mDEBUG&amp#27;[0;39m &amp#27;[36morg.jboss.weld.Bootstrap&amp#27;[0;39m - &amp#27;[32mWELD-000154: AfterBeanDiscovery.addBean() called by org.glassfish.jersey.inject.cdi.se.SeBeanRegisterExtension@35fb3209 for org.glassfish.jersey.inject.cdi.se.bean.InstanceBean@9cc0505
&amp#27;[0;39m2023-05-08 13:19:10,075 [main] &amp#27;[39mDEBUG&amp#27;[0;39m &amp#27;[36morg.jboss.weld.Bootstrap&amp#27;[0;39m - &amp#27;[32mWELD-000154: AfterBeanDiscovery.addBean() called by org.glassfish.jersey.inject.cdi.se.SeBeanRegisterExtension@35fb3209 for org.glassfish.jersey.inject.cdi.se.bean.InstanceBean@645d4639
&amp#27;[0;39m2023-05-08 13:19:10,075 [main] &amp#27;[39mDEBUG&amp#27;[0;39m &amp#27;[36morg.jboss.weld.Bootstrap&amp#27;[0;39m - &amp#27;[32mWELD-000154: AfterBeanDiscovery.addBean() called by org.glassfish.jersey.inject.cdi.se.SeBeanRegisterExtension@35fb3209 for org.glassfish.jersey.inject.cdi.se.bean.InstanceBean@8ee03f5
&amp#27;[0;39m2023-05-08 13:19:10,075 [main] &amp#27;[39mDEBUG&amp#27;[0;39m &amp#27;[36morg.jboss.weld.Bootstrap&amp#27;[0;39m - &amp#27;[32mWELD-000154: AfterBeanDiscovery.addBean() called by org.glassfish.jersey.inject.cdi.se.SeBeanRegisterExtension@35fb3209 for org.glassfish.jersey.inject.cdi.se.bean.InstanceBean@5ad40184
&amp#27;[0;39m2023-05-08 13:19:10,076 [main] &amp#27;[39mDEBUG&amp#27;[0;39m &amp#27;[36morg.jboss.weld.Bootstrap&amp#27;[0;39m - &amp#27;[32mWELD-000154: AfterBeanDiscovery.addBean() called by org.glassfish.jersey.inject.cdi.se.SeBeanRegisterExtension@35fb3209 for org.glassfish.jersey.inject.cdi.se.bean.ClassBean@707f4647
&amp#27;[0;39m2023-05-08 13:19:10,077 [main] &amp#27;[39mDEBUG&amp#27;[0;39m &amp#27;[36morg.jboss.weld.Bootstrap&amp#27;[0;39m - &amp#27;[32mWELD-000154: AfterBeanDiscovery.addBean() called by org.glassfish.jersey.inject.cdi.se.SeBeanRegisterExtension@35fb3209 for org.glassfish.jersey.inject.cdi.se.bean.ClassBean@54286339
&amp#27;[0;39m2023-05-08 13:19:10,078 [main] &amp#27;[39mDEBUG&amp#27;[0;39m &amp#27;[36morg.jboss.weld.Bootstrap&amp#27;[0;39m - &amp#27;[32mWELD-000154: AfterBeanDiscovery.addBean() called by org.glassfish.jersey.inject.cdi.se.SeBeanRegisterExtension@35fb3209 for org.glassfish.jersey.inject.cdi.se.bean.ClassBean@3e2c8ef
&amp#27;[0;39m2023-05-08 13:19:10,078 [main] &amp#27;[39mDEBUG&amp#27;[0;39m &amp#27;[36morg.jboss.weld.Bootstrap&amp#27;[0;39m - &amp#27;[32mWELD-000154: AfterBeanDiscovery.addBean() called by org.glassfish.jersey.inject.cdi.se.SeBeanRegisterExtension@35fb3209 for org.glassfish.jersey.inject.cdi.se.bean.ClassBean@56499781
&amp#27;[0;39m2023-05-08 13:19:10,079 [main] &amp#27;[39mDEBUG&amp#27;[0;39m &amp#27;[36morg.jboss.weld.Bootstrap&amp#27;[0;39m - &amp#27;[32mWELD-000154: AfterBeanDiscovery.addBean() called by org.glassfish.jersey.inject.cdi.se.SeBeanRegisterExtension@35fb3209 for org.glassfish.jersey.inject.cdi.se.bean.ClassBean@2b9ecd05
&amp#27;[0;39m2023-05-08 13:19:10,082 [main] &amp#27;[39mDEBUG&amp#27;[0;39m &amp#27;[36morg.jboss.weld.Bootstrap&amp#27;[0;39m - &amp#27;[32mWELD-000154: AfterBeanDiscovery.addBean() called by org.glassfish.jersey.inject.cdi.se.SeBeanRegisterExtension@35fb3209 for org.glassfish.jersey.inject.cdi.se.bean.ClassBean@55682482
&amp#27;[0;39m2023-05-08 13:19:10,084 [main] &amp#27;[39mDEBUG&amp#27;[0;39m &amp#27;[36morg.jboss.weld.Bootstrap&amp#27;[0;39m - &amp#27;[32mWELD-000154: AfterBeanDiscovery.addBean() called by org.glassfish.jersey.inject.cdi.se.SeBeanRegisterExtension@35fb3209 for org.glassfish.jersey.inject.cdi.se.bean.ClassBean@3516b881
&amp#27;[0;39m2023-05-08 13:19:10,087 [main] &amp#27;[39mDEBUG&amp#27;[0;39m &amp#27;[36morg.jboss.weld.Bootstrap&amp#27;[0;39m - &amp#27;[32mWELD-000154: AfterBeanDiscovery.addBean() called by org.glassfish.jersey.inject.cdi.se.SeBeanRegisterExtension@35fb3209 for org.glassfish.jersey.inject.cdi.se.bean.ClassBean@5960f17
&amp#27;[0;39m2023-05-08 13:19:10,089 [main] &amp#27;[39mDEBUG&amp#27;[0;39m &amp#27;[36morg.jboss.weld.Bootstrap&amp#27;[0;39m - &amp#27;[32mWELD-000154: AfterBeanDiscovery.addBean() called by org.glassfish.jersey.inject.cdi.se.SeBeanRegisterExtension@35fb3209 for org.glassfish.jersey.inject.cdi.se.bean.ClassBean@5896b9f5
&amp#27;[0;39m2023-05-08 13:19:10,091 [main] &amp#27;[39mDEBUG&amp#27;[0;39m &amp#27;[36morg.jboss.weld.Bootstrap&amp#27;[0;39m - &amp#27;[32mWELD-000154: AfterBeanDiscovery.addBean() called by org.glassfish.jersey.inject.cdi.se.SeBeanRegisterExtension@35fb3209 for org.glassfish.jersey.inject.cdi.se.bean.ClassBean@79445efb
&amp#27;[0;39m2023-05-08 13:19:10,092 [main] &amp#27;[39mDEBUG&amp#27;[0;39m &amp#27;[36morg.jboss.weld.Bootstrap&amp#27;[0;39m - &amp#27;[32mWELD-000154: AfterBeanDiscovery.addBean() called by org.glassfish.jersey.inject.cdi.se.SeBeanRegisterExtension@35fb3209 for org.glassfish.jersey.inject.cdi.se.bean.ClassBean@2375a976
&amp#27;[0;39m2023-05-08 13:19:10,095 [main] &amp#27;[39mDEBUG&amp#27;[0;39m &amp#27;[36morg.jboss.weld.Bootstrap&amp#27;[0;39m - &amp#27;[32mWELD-000154: AfterBeanDiscovery.addBean() called by org.glassfish.jersey.inject.cdi.se.SeBeanRegisterExtension@35fb3209 for org.glassfish.jersey.inject.cdi.se.bean.ClassBean@3dd750ba
&amp#27;[0;39m2023-05-08 13:19:10,097 [main] &amp#27;[39mDEBUG&amp#27;[0;39m &amp#27;[36morg.jboss.weld.Bootstrap&amp#27;[0;39m - &amp#27;[32mWELD-000154: AfterBeanDiscovery.addBean() called by org.glassfish.jersey.inject.cdi.se.SeBeanRegisterExtension@35fb3209 for org.glassfish.jersey.inject.cdi.se.bean.ClassBean@8b1202a
&amp#27;[0;39m2023-05-08 13:19:10,098 [main] &amp#27;[39mDEBUG&amp#27;[0;39m &amp#27;[36morg.jboss.weld.Bootstrap&amp#27;[0;39m - &amp#27;[32mWELD-000154: AfterBeanDiscovery.addBean() called by org.glassfish.jersey.inject.cdi.se.SeBeanRegisterExtension@35fb3209 for org.glassfish.jersey.inject.cdi.se.bean.ClassBean@7b9c2387
&amp#27;[0;39m2023-05-08 13:19:10,100 [main] &amp#27;[39mDEBUG&amp#27;[0;39m &amp#27;[36morg.jboss.weld.Bootstrap&amp#27;[0;39m - &amp#27;[32mWELD-000154: AfterBeanDiscovery.addBean() called by org.glassfish.jersey.inject.cdi.se.SeBeanRegisterExtension@35fb3209 for org.glassfish.jersey.inject.cdi.se.bean.ClassBean@4cc89246
&amp#27;[0;39m2023-05-08 13:19:10,101 [main] &amp#27;[39mDEBUG&amp#27;[0;39m &amp#27;[36morg.jboss.weld.Bean&amp#27;[0;39m - &amp#27;[32mWELD-001529: An InjectionTarget is created for a class org.glassfish.jersey.message.internal.SourceProvider$DomSourceReader which does not have any appropriate constructor. It will not be possible to produce instances of this type!
&amp#27;[0;39m2023-05-08 13:19:10,105 [main] &amp#27;[39mDEBUG&amp#27;[0;39m &amp#27;[36morg.jboss.weld.Bootstrap&amp#27;[0;39m - &amp#27;[32mWELD-000154: AfterBeanDiscovery.addBean() called by org.glassfish.jersey.inject.cdi.se.SeBeanRegisterExtension@35fb3209 for org.glassfish.jersey.inject.cdi.se.bean.ClassBean@779b4f9c
&amp#27;[0;39m2023-05-08 13:19:10,107 [main] &amp#27;[39mDEBUG&amp#27;[0;39m &amp#27;[36morg.jboss.weld.Bootstrap&amp#27;[0;39m - &amp#27;[32mWELD-000154: AfterBeanDiscovery.addBean() called by org.glassfish.jersey.inject.cdi.se.SeBeanRegisterExtension@35fb3209 for org.glassfish.jersey.inject.cdi.se.bean.ClassBean@30a62a5b
&amp#27;[0;39m2023-05-08 13:19:10,108 [main] &amp#27;[39mDEBUG&amp#27;[0;39m &amp#27;[36morg.jboss.weld.Bootstrap&amp#27;[0;39m - &amp#27;[32mWELD-000154: AfterBeanDiscovery.addBean() called by org.glassfish.jersey.inject.cdi.se.SeBeanRegisterExtension@35fb3209 for org.glassfish.jersey.inject.cdi.se.bean.ClassBean@54a6ef6
&amp#27;[0;39m2023-05-08 13:19:10,109 [main] &amp#27;[39mDEBUG&amp#27;[0;39m &amp#27;[36morg.jboss.weld.Bean&amp#27;[0;39m - &amp#27;[32mWELD-001529: An InjectionTarget is created for a class org.glassfish.jersey.message.internal.SourceProvider$SourceWriter which does not have any appropriate constructor. It will not be possible to produce instances of this type!
&amp#27;[0;39m2023-05-08 13:19:10,111 [main] &amp#27;[39mDEBUG&amp#27;[0;39m &amp#27;[36morg.jboss.weld.Bootstrap&amp#27;[0;39m - &amp#27;[32mWELD-000154: AfterBeanDiscovery.addBean() called by org.glassfish.jersey.inject.cdi.se.SeBeanRegisterExtension@35fb3209 for org.glassfish.jersey.inject.cdi.se.bean.ClassBean@774013dc
&amp#27;[0;39m2023-05-08 13:19:10,112 [main] &amp#27;[39mDEBUG&amp#27;[0;39m &amp#27;[36morg.jboss.weld.Bootstrap&amp#27;[0;39m - &amp#27;[32mWELD-000154: AfterBeanDiscovery.addBean() called by org.glassfish.jersey.inject.cdi.se.SeBeanRegisterExtension@35fb3209 for org.glassfish.jersey.inject.cdi.se.bean.ClassBean@eebc0db
&amp#27;[0;39m2023-05-08 13:19:10,113 [main] &amp#27;[39mDEBUG&amp#27;[0;39m &amp#27;[36morg.jboss.weld.Bean&amp#27;[0;39m - &amp#27;[32mWELD-001529: An InjectionTarget is created for a class org.glassfish.jersey.message.internal.SourceProvider$SaxSourceReader which does not have any appropriate constructor. It will not be possible to produce instances of this type!
&amp#27;[0;39m2023-05-08 13:19:10,114 [main] &amp#27;[39mDEBUG&amp#27;[0;39m &amp#27;[36morg.jboss.weld.Bootstrap&amp#27;[0;39m - &amp#27;[32mWELD-000154: AfterBeanDiscovery.addBean() called by org.glassfish.jersey.inject.cdi.se.SeBeanRegisterExtension@35fb3209 for org.glassfish.jersey.inject.cdi.se.bean.ClassBean@396f2724
&amp#27;[0;39m2023-05-08 13:19:10,114 [main] &amp#27;[39mDEBUG&amp#27;[0;39m &amp#27;[36morg.jboss.weld.Reflection&amp#27;[0;39m - &amp#27;[32mWELD-000601: interface org.glassfish.jersey.internal.inject.Custom is missing @Target. Weld will use this annotation, however this may make the application unportable.
&amp#27;[0;39m2023-05-08 13:19:10,114 [main] &amp#27;[39mDEBUG&amp#27;[0;39m &amp#27;[36morg.jboss.weld.Bootstrap&amp#27;[0;39m - &amp#27;[32mWELD-000154: AfterBeanDiscovery.addBean() called by org.glassfish.jersey.inject.cdi.se.SeBeanRegisterExtension@35fb3209 for org.glassfish.jersey.inject.cdi.se.bean.InstanceBean@1b465fa9
&amp#27;[0;39m2023-05-08 13:19:10,114 [main] &amp#27;[39mDEBUG&amp#27;[0;39m &amp#27;[36morg.jboss.weld.Bootstrap&amp#27;[0;39m - &amp#27;[32mWELD-000154: AfterBeanDiscovery.addBean() called by org.glassfish.jersey.inject.cdi.se.SeBeanRegisterExtension@35fb3209 for org.glassfish.jersey.inject.cdi.se.bean.InstanceBean@28b2e4d8
&amp#27;[0;39m2023-05-08 13:19:10,114 [main] &amp#27;[39mDEBUG&amp#27;[0;39m &amp#27;[36morg.jboss.weld.Bootstrap&amp#27;[0;39m - &amp#27;[32mWELD-000154: AfterBeanDiscovery.addBean() called by org.glassfish.jersey.inject.cdi.se.SeBeanRegisterExtension@35fb3209 for org.glassfish.jersey.inject.cdi.se.bean.InstanceBean@598e5cb8
&amp#27;[0;39m2023-05-08 13:19:10,115 [main] &amp#27;[39mDEBUG&amp#27;[0;39m &amp#27;[36morg.jboss.weld.Bootstrap&amp#27;[0;39m - &amp#27;[32mWELD-000154: AfterBeanDiscovery.addBean() called by org.glassfish.jersey.inject.cdi.se.SeBeanRegisterExtension@35fb3209 for org.glassfish.jersey.inject.cdi.se.bean.ClassBean@7d95166a
&amp#27;[0;39m2023-05-08 13:19:10,123 [main] &amp#27;[39mDEBUG&amp#27;[0;39m &amp#27;[36morg.jboss.weld.Bootstrap&amp#27;[0;39m - &amp#27;[32mWELD-000154: AfterBeanDiscovery.addBean() called by org.glassfish.jersey.inject.cdi.se.SeBeanRegisterExtension@35fb3209 for org.glassfish.jersey.inject.cdi.se.bean.ClassBean@ecf028c
&amp#27;[0;39m2023-05-08 13:19:10,124 [main] &amp#27;[39mDEBUG&amp#27;[0;39m &amp#27;[36morg.jboss.weld.Bootstrap&amp#27;[0;39m - &amp#27;[32mWELD-000154: AfterBeanDiscovery.addBean() called by org.glassfish.jersey.inject.cdi.se.SeBeanRegisterExtension@35fb3209 for org.glassfish.jersey.inject.cdi.se.bean.ClassBean@236a4d30
&amp#27;[0;39m2023-05-08 13:19:10,125 [main] &amp#27;[39mDEBUG&amp#27;[0;39m &amp#27;[36morg.jboss.weld.Bootstrap&amp#27;[0;39m - &amp#27;[32mWELD-000154: AfterBeanDiscovery.addBean() called by org.glassfish.jersey.inject.cdi.se.SeBeanRegisterExtension@35fb3209 for org.glassfish.jersey.inject.cdi.se.bean.ClassBean@1a02ebe0
&amp#27;[0;39m2023-05-08 13:19:10,126 [main] &amp#27;[39mDEBUG&amp#27;[0;39m &amp#27;[36morg.jboss.weld.Bootstrap&amp#27;[0;39m - &amp#27;[32mWELD-000154: AfterBeanDiscovery.addBean() called by org.glassfish.jersey.inject.cdi.se.SeBeanRegisterExtension@35fb3209 for org.glassfish.jersey.inject.cdi.se.bean.ClassBean@e2c627e
&amp#27;[0;39m2023-05-08 13:19:10,126 [main] &amp#27;[39mDEBUG&amp#27;[0;39m &amp#27;[36morg.jboss.weld.Bootstrap&amp#27;[0;39m - &amp#27;[32mWELD-000154: AfterBeanDiscovery.addBean() called by org.glassfish.jersey.inject.cdi.se.SeBeanRegisterExtension@35fb3209 for org.glassfish.jersey.inject.cdi.se.bean.ClassBean@7c048b30
&amp#27;[0;39m2023-05-08 13:19:10,127 [main] &amp#27;[39mDEBUG&amp#27;[0;39m &amp#27;[36morg.jboss.weld.Bootstrap&amp#27;[0;39m - &amp#27;[32mWELD-000154: AfterBeanDiscovery.addBean() called by org.glassfish.jersey.inject.cdi.se.SeBeanRegisterExtension@35fb3209 for org.glassfish.jersey.inject.cdi.se.bean.ClassBean@38c55a8a
&amp#27;[0;39m2023-05-08 13:19:10,128 [main] &amp#27;[39mDEBUG&amp#27;[0;39m &amp#27;[36morg.jboss.weld.Bootstrap&amp#27;[0;39m - &amp#27;[32mWELD-000154: AfterBeanDiscovery.addBean() called by org.glassfish.jersey.inject.cdi.se.SeBeanRegisterExtension@35fb3209 for org.glassfish.jersey.inject.cdi.se.bean.ClassBean@7747cc1b
&amp#27;[0;39m2023-05-08 13:19:10,129 [main] &amp#27;[39mDEBUG&amp#27;[0;39m &amp#27;[36morg.jboss.weld.Bootstrap&amp#27;[0;39m - &amp#27;[32mWELD-000154: AfterBeanDiscovery.addBean() called by org.glassfish.jersey.inject.cdi.se.SeBeanRegisterExtension@35fb3209 for org.glassfish.jersey.inject.cdi.se.bean.ClassBean@2ce24a1a
&amp#27;[0;39m2023-05-08 13:19:10,129 [main] &amp#27;[39mDEBUG&amp#27;[0;39m &amp#27;[36morg.jboss.weld.Bootstrap&amp#27;[0;39m - &amp#27;[32mWELD-000154: AfterBeanDiscovery.addBean() called by org.glassfish.jersey.inject.cdi.se.SeBeanRegisterExtension@35fb3209 for org.glassfish.jersey.inject.cdi.se.bean.ClassBean@23f8036d
&amp#27;[0;39m2023-05-08 13:19:10,130 [main] &amp#27;[39mDEBUG&amp#27;[0;39m &amp#27;[36morg.jboss.weld.Bootstrap&amp#27;[0;39m - &amp#27;[32mWELD-000154: AfterBeanDiscovery.addBean() called by org.glassfish.jersey.inject.cdi.se.SeBeanRegisterExtension@35fb3209 for org.glassfish.jersey.inject.cdi.se.bean.ClassBean@2579d8a
&amp#27;[0;39m2023-05-08 13:19:10,132 [main] &amp#27;[39mDEBUG&amp#27;[0;39m &amp#27;[36morg.jboss.weld.Bootstrap&amp#27;[0;39m - &amp#27;[32mWELD-000154: AfterBeanDiscovery.addBean() called by org.glassfish.jersey.inject.cdi.se.SeBeanRegisterExtension@35fb3209 for org.glassfish.jersey.inject.cdi.se.bean.ClassBean@70840a5a
&amp#27;[0;39m2023-05-08 13:19:10,133 [main] &amp#27;[39mDEBUG&amp#27;[0;39m &amp#27;[36morg.jboss.weld.Bootstrap&amp#27;[0;39m - &amp#27;[32mWELD-000154: AfterBeanDiscovery.addBean() called by org.glassfish.jersey.inject.cdi.se.SeBeanRegisterExtension@35fb3209 for org.glassfish.jersey.inject.cdi.se.bean.ClassBean@407b41e6
&amp#27;[0;39m2023-05-08 13:19:10,133 [main] &amp#27;[39mDEBUG&amp#27;[0;39m &amp#27;[36morg.jboss.weld.Bootstrap&amp#27;[0;39m - &amp#27;[32mWELD-000154: AfterBeanDiscovery.addBean() called by org.glassfish.jersey.inject.cdi.se.SeBeanRegisterExtension@35fb3209 for org.glassfish.jersey.inject.cdi.se.bean.InstanceBean@3291d9c2
&amp#27;[0;39m2023-05-08 13:19:10,133 [main] &amp#27;[39mDEBUG&amp#27;[0;39m &amp#27;[36morg.jboss.weld.Bootstrap&amp#27;[0;39m - &amp#27;[32mWELD-000154: AfterBeanDiscovery.addBean() called by org.glassfish.jersey.inject.cdi.se.SeBeanRegisterExtension@35fb3209 for org.glassfish.jersey.inject.cdi.se.bean.InstanceBean@6cfd08e9
&amp#27;[0;39m2023-05-08 13:19:10,133 [main] &amp#27;[39mDEBUG&amp#27;[0;39m &amp#27;[36morg.jboss.weld.Bootstrap&amp#27;[0;39m - &amp#27;[32mWELD-000154: AfterBeanDiscovery.addBean() called by org.glassfish.jersey.inject.cdi.se.SeBeanRegisterExtension@35fb3209 for org.glassfish.jersey.inject.cdi.se.bean.SupplierInstanceBean@54ca9420
&amp#27;[0;39m2023-05-08 13:19:10,133 [main] &amp#27;[39mDEBUG&amp#27;[0;39m &amp#27;[36morg.jboss.weld.Bootstrap&amp#27;[0;39m - &amp#27;[32mWELD-000154: AfterBeanDiscovery.addBean() called by org.glassfish.jersey.inject.cdi.se.SeBeanRegisterExtension@35fb3209 for org.glassfish.jersey.inject.cdi.se.bean.SupplierInstanceBeanBridge@4ea48b2e
&amp#27;[0;39m2023-05-08 13:19:10,133 [main] &amp#27;[39mDEBUG&amp#27;[0;39m &amp#27;[36morg.jboss.weld.Bootstrap&amp#27;[0;39m - &amp#27;[32mWELD-000154: AfterBeanDiscovery.addBean() called by org.glassfish.jersey.inject.cdi.se.SeBeanRegisterExtension@35fb3209 for org.glassfish.jersey.inject.cdi.se.bean.SupplierInstanceBean@72c704f1
&amp#27;[0;39m2023-05-08 13:19:10,133 [main] &amp#27;[39mDEBUG&amp#27;[0;39m &amp#27;[36morg.jboss.weld.Bootstrap&amp#27;[0;39m - &amp#27;[32mWELD-000154: AfterBeanDiscovery.addBean() called by org.glassfish.jersey.inject.cdi.se.SeBeanRegisterExtension@35fb3209 for org.glassfish.jersey.inject.cdi.se.bean.SupplierInstanceBeanBridge@76f9e000
&amp#27;[0;39m2023-05-08 13:19:10,133 [main] &amp#27;[39mDEBUG&amp#27;[0;39m &amp#27;[36morg.jboss.weld.Bootstrap&amp#27;[0;39m - &amp#27;[32mWELD-000154: AfterBeanDiscovery.addBean() called by org.glassfish.jersey.inject.cdi.se.SeBeanRegisterExtension@35fb3209 for org.glassfish.jersey.inject.cdi.se.bean.InstanceBean@7612116b
&amp#27;[0;39m2023-05-08 13:19:10,137 [main] &amp#27;[39mDEBUG&amp#27;[0;39m &amp#27;[36morg.jboss.weld.Bootstrap&amp#27;[0;39m - &amp#27;[32mWELD-000154: AfterBeanDiscovery.addBean() called by org.glassfish.jersey.inject.cdi.se.SeBeanRegisterExtension@35fb3209 for org.glassfish.jersey.inject.cdi.se.RequestScopeBean@42066f0d
&amp#27;[0;39m2023-05-08 13:19:10,137 [main] &amp#27;[39mDEBUG&amp#27;[0;39m &amp#27;[36morg.jboss.weld.Bootstrap&amp#27;[0;39m - &amp#27;[32mWELD-000156: AfterBeanDiscovery.addContext() called by org.jboss.weld.environment.se.WeldSEBeanRegistrant@3350ab4 for org.jboss.weld.environment.se.contexts.ThreadContext@687e561b
&amp#27;[0;39m2023-05-08 13:19:10,139 [main] &amp#27;[39mDEBUG&amp#27;[0;39m &amp#27;[36morg.jboss.weld.Bootstrap&amp#27;[0;39m - &amp#27;[32mWELD-000106: Bean: org.glassfish.jersey.inject.cdi.se.bean.InstanceBean@5f1f0ee6
&amp#27;[0;39m2023-05-08 13:19:10,139 [main] &amp#27;[39mDEBUG&amp#27;[0;39m &amp#27;[36morg.jboss.weld.Bootstrap&amp#27;[0;39m - &amp#27;[32mWELD-000106: Bean: org.glassfish.jersey.inject.cdi.se.bean.ClassBean@1b485c8b
&amp#27;[0;39m2023-05-08 13:19:10,140 [main] &amp#27;[39mDEBUG&amp#27;[0;39m &amp#27;[36morg.jboss.weld.Bootstrap&amp#27;[0;39m - &amp#27;[32mWELD-000106: Bean: org.glassfish.jersey.inject.cdi.se.bean.ClassBean@543da15
&amp#27;[0;39m2023-05-08 13:19:10,140 [main] &amp#27;[39mDEBUG&amp#27;[0;39m &amp#27;[36morg.jboss.weld.Bootstrap&amp#27;[0;39m - &amp#27;[32mWELD-000106: Bean: org.glassfish.jersey.inject.cdi.se.bean.ClassBean@6aaa678d
&amp#27;[0;39m2023-05-08 13:19:10,140 [main] &amp#27;[39mDEBUG&amp#27;[0;39m &amp#27;[36morg.jboss.weld.Bootstrap&amp#27;[0;39m - &amp#27;[32mWELD-000106: Bean: org.glassfish.jersey.inject.cdi.se.bean.ClassBean@66e12c3b
&amp#27;[0;39m2023-05-08 13:19:10,140 [main] &amp#27;[39mDEBUG&amp#27;[0;39m &amp#27;[36morg.jboss.weld.Bootstrap&amp#27;[0;39m - &amp#27;[32mWELD-000106: Bean: org.glassfish.jersey.inject.cdi.se.bean.ClassBean@66314fee
&amp#27;[0;39m2023-05-08 13:19:10,140 [main] &amp#27;[39mDEBUG&amp#27;[0;39m &amp#27;[36morg.jboss.weld.Bootstrap&amp#27;[0;39m - &amp#27;[32mWELD-000106: Bean: org.glassfish.jersey.inject.cdi.se.bean.SupplierClassBean@7a7f9d45
&amp#27;[0;39m2023-05-08 13:19:10,140 [main] &amp#27;[39mDEBUG&amp#27;[0;39m &amp#27;[36morg.jboss.weld.Bootstrap&amp#27;[0;39m - &amp#27;[32mWELD-000106: Bean: org.glassfish.jersey.inject.cdi.se.bean.SupplierBeanBridge@f5ae29e
&amp#27;[0;39m2023-05-08 13:19:10,140 [main] &amp#27;[39mDEBUG&amp#27;[0;39m &amp#27;[36morg.jboss.weld.Bootstrap&amp#27;[0;39m - &amp#27;[32mWELD-000106: Bean: org.glassfish.jersey.inject.cdi.se.bean.SupplierInstanceBean@5a2f401a
&amp#27;[0;39m2023-05-08 13:19:10,140 [main] &amp#27;[39mDEBUG&amp#27;[0;39m &amp#27;[36morg.jboss.weld.Bootstrap&amp#27;[0;39m - &amp#27;[32mWELD-000106: Bean: org.glassfish.jersey.inject.cdi.se.bean.SupplierInstanceBeanBridge@2d230cff
&amp#27;[0;39m2023-05-08 13:19:10,140 [main] &amp#27;[39mDEBUG&amp#27;[0;39m &amp#27;[36morg.jboss.weld.Bootstrap&amp#27;[0;39m - &amp#27;[32mWELD-000106: Bean: org.glassfish.jersey.inject.cdi.se.bean.SupplierClassBean@6124dda2
&amp#27;[0;39m2023-05-08 13:19:10,140 [main] &amp#27;[39mDEBUG&amp#27;[0;39m &amp#27;[36morg.jboss.weld.Bootstrap&amp#27;[0;39m - &amp#27;[32mWELD-000106: Bean: org.glassfish.jersey.inject.cdi.se.bean.SupplierBeanBridge@380e33c2
&amp#27;[0;39m2023-05-08 13:19:10,140 [main] &amp#27;[39mDEBUG&amp#27;[0;39m &amp#27;[36morg.jboss.weld.Bootstrap&amp#27;[0;39m - &amp#27;[32mWELD-000106: Bean: org.glassfish.jersey.inject.cdi.se.bean.SupplierInstanceBean@3bc891f2
&amp#27;[0;39m2023-05-08 13:19:10,140 [main] &amp#27;[39mDEBUG&amp#27;[0;39m &amp#27;[36morg.jboss.weld.Bootstrap&amp#27;[0;39m - &amp#27;[32mWELD-000106: Bean: org.glassfish.jersey.inject.cdi.se.bean.SupplierInstanceBeanBridge@445b85d7
&amp#27;[0;39m2023-05-08 13:19:10,140 [main] &amp#27;[39mDEBUG&amp#27;[0;39m &amp#27;[36morg.jboss.weld.Bootstrap&amp#27;[0;39m - &amp#27;[32mWELD-000106: Bean: org.glassfish.jersey.inject.cdi.se.bean.ClassBean@670a4738
&amp#27;[0;39m2023-05-08 13:19:10,140 [main] &amp#27;[39mDEBUG&amp#27;[0;39m &amp#27;[36morg.jboss.weld.Bootstrap&amp#27;[0;39m - &amp#27;[32mWELD-000106: Bean: org.glassfish.jersey.inject.cdi.se.bean.SupplierClassBean@77d95e5a
&amp#27;[0;39m2023-05-08 13:19:10,140 [main] &amp#27;[39mDEBUG&amp#27;[0;39m &amp#27;[36morg.jboss.weld.Bootstrap&amp#27;[0;39m - &amp#27;[32mWELD-000106: Bean: org.glassfish.jersey.inject.cdi.se.bean.SupplierBeanBridge@6339e604
&amp#27;[0;39m2023-05-08 13:19:10,140 [main] &amp#27;[39mDEBUG&amp#27;[0;39m &amp#27;[36morg.jboss.weld.Bootstrap&amp#27;[0;39m - &amp#27;[32mWELD-000106: Bean: org.glassfish.jersey.inject.cdi.se.bean.SupplierClassBean@18463720
&amp#27;[0;39m2023-05-08 13:19:10,140 [main] &amp#27;[39mDEBUG&amp#27;[0;39m &amp#27;[36morg.jboss.weld.Bootstrap&amp#27;[0;39m - &amp#27;[32mWELD-000106: Bean: org.glassfish.jersey.inject.cdi.se.bean.SupplierBeanBridge@64eeddd8
&amp#27;[0;39m2023-05-08 13:19:10,140 [main] &amp#27;[39mDEBUG&amp#27;[0;39m &amp#27;[36morg.jboss.weld.Bootstrap&amp#27;[0;39m - &amp#27;[32mWELD-000106: Bean: org.glassfish.jersey.inject.cdi.se.bean.SupplierClassBean@13cf5f8a
&amp#27;[0;39m2023-05-08 13:19:10,140 [main] &amp#27;[39mDEBUG&amp#27;[0;39m &amp#27;[36morg.jboss.weld.Bootstrap&amp#27;[0;39m - &amp#27;[32mWELD-000106: Bean: org.glassfish.jersey.inject.cdi.se.bean.SupplierBeanBridge@7c9ea1d0
&amp#27;[0;39m2023-05-08 13:19:10,140 [main] &amp#27;[39mDEBUG&amp#27;[0;39m &amp#27;[36morg.jboss.weld.Bootstrap&amp#27;[0;39m - &amp#27;[32mWELD-000106: Bean: org.glassfish.jersey.inject.cdi.se.bean.ClassBean@5ee581db
&amp#27;[0;39m2023-05-08 13:19:10,140 [main] &amp#27;[39mDEBUG&amp#27;[0;39m &amp#27;[36morg.jboss.weld.Bootstrap&amp#27;[0;39m - &amp#27;[32mWELD-000106: Bean: org.glassfish.jersey.inject.cdi.se.bean.SupplierClassBean@46591e98
&amp#27;[0;39m2023-05-08 13:19:10,140 [main] &amp#27;[39mDEBUG&amp#27;[0;39m &amp#27;[36morg.jboss.weld.Bootstrap&amp#27;[0;39m - &amp#27;[32mWELD-000106: Bean: org.glassfish.jersey.inject.cdi.se.bean.SupplierBeanBridge@5b6cc344
&amp#27;[0;39m2023-05-08 13:19:10,140 [main] &amp#27;[39mDEBUG&amp#27;[0;39m &amp#27;[36morg.jboss.weld.Bootstrap&amp#27;[0;39m - &amp#27;[32mWELD-000106: Bean: org.glassfish.jersey.inject.cdi.se.bean.SupplierClassBean@5c60c08
&amp#27;[0;39m2023-05-08 13:19:10,140 [main] &amp#27;[39mDEBUG&amp#27;[0;39m &amp#27;[36morg.jboss.weld.Bootstrap&amp#27;[0;39m - &amp#27;[32mWELD-000106: Bean: org.glassfish.jersey.inject.cdi.se.bean.SupplierBeanBridge@1cb44a2f
&amp#27;[0;39m2023-05-08 13:19:10,140 [main] &amp#27;[39mDEBUG&amp#27;[0;39m &amp#27;[36morg.jboss.weld.Bootstrap&amp#27;[0;39m - &amp#27;[32mWELD-000106: Bean: org.glassfish.jersey.inject.cdi.se.bean.ClassBean@7b4619a3
&amp#27;[0;39m2023-05-08 13:19:10,140 [main] &amp#27;[39mDEBUG&amp#27;[0;39m &amp#27;[36morg.jboss.weld.Bootstrap&amp#27;[0;39m - &amp#27;[32mWELD-000106: Bean: org.glassfish.jersey.inject.cdi.se.bean.InstanceBean@9d3a7a1
&amp#27;[0;39m2023-05-08 13:19:10,140 [main] &amp#27;[39mDEBUG&amp#27;[0;39m &amp#27;[36morg.jboss.weld.Bootstrap&amp#27;[0;39m - &amp#27;[32mWELD-000106: Bean: org.glassfish.jersey.inject.cdi.se.bean.InstanceBean@1c411474
&amp#27;[0;39m2023-05-08 13:19:10,140 [main] &amp#27;[39mDEBUG&amp#27;[0;39m &amp#27;[36morg.jboss.weld.Bootstrap&amp#27;[0;39m - &amp#27;[32mWELD-000106: Bean: org.glassfish.jersey.inject.cdi.se.bean.InstanceBean@5e681097
&amp#27;[0;39m2023-05-08 13:19:10,140 [main] &amp#27;[39mDEBUG&amp#27;[0;39m &amp#27;[36morg.jboss.weld.Bootstrap&amp#27;[0;39m - &amp#27;[32mWELD-000106: Bean: org.glassfish.jersey.inject.cdi.se.bean.InstanceBean@152891f8
&amp#27;[0;39m2023-05-08 13:19:10,140 [main] &amp#27;[39mDEBUG&amp#27;[0;39m &amp#27;[36morg.jboss.weld.Bootstrap&amp#27;[0;39m - &amp#27;[32mWELD-000106: Bean: org.glassfish.jersey.inject.cdi.se.bean.InstanceBean@1d2c253
&amp#27;[0;39m2023-05-08 13:19:10,140 [main] &amp#27;[39mDEBUG&amp#27;[0;39m &amp#27;[36morg.jboss.weld.Bootstrap&amp#27;[0;39m - &amp#27;[32mWELD-000106: Bean: org.glassfish.jersey.inject.cdi.se.bean.InstanceBean@15a484a9
&amp#27;[0;39m2023-05-08 13:19:10,140 [main] &amp#27;[39mDEBUG&amp#27;[0;39m &amp#27;[36morg.jboss.weld.Bootstrap&amp#27;[0;39m - &amp#27;[32mWELD-000106: Bean: org.glassfish.jersey.inject.cdi.se.bean.InstanceBean@b56c222
&amp#27;[0;39m2023-05-08 13:19:10,140 [main] &amp#27;[39mDEBUG&amp#27;[0;39m &amp#27;[36morg.jboss.weld.Bootstrap&amp#27;[0;39m - &amp#27;[32mWELD-000106: Bean: org.glassfish.jersey.inject.cdi.se.bean.InstanceBean@5a2035e1
&amp#27;[0;39m2023-05-08 13:19:10,140 [main] &amp#27;[39mDEBUG&amp#27;[0;39m &amp#27;[36morg.jboss.weld.Bootstrap&amp#27;[0;39m - &amp#27;[32mWELD-000106: Bean: org.glassfish.jersey.inject.cdi.se.bean.InstanceBean@4df7b4ac
&amp#27;[0;39m2023-05-08 13:19:10,140 [main] &amp#27;[39mDEBUG&amp#27;[0;39m &amp#27;[36morg.jboss.weld.Bootstrap&amp#27;[0;39m - &amp#27;[32mWELD-000106: Bean: org.glassfish.jersey.inject.cdi.se.bean.InstanceBean@7c47e077
&amp#27;[0;39m2023-05-08 13:19:10,140 [main] &amp#27;[39mDEBUG&amp#27;[0;39m &amp#27;[36morg.jboss.weld.Bootstrap&amp#27;[0;39m - &amp#27;[32mWELD-000106: Bean: org.glassfish.jersey.inject.cdi.se.bean.InstanceBean@41bd6a0f
&amp#27;[0;39m2023-05-08 13:19:10,140 [main] &amp#27;[39mDEBUG&amp#27;[0;39m &amp#27;[36morg.jboss.weld.Bootstrap&amp#27;[0;39m - &amp#27;[32mWELD-000106: Bean: org.glassfish.jersey.inject.cdi.se.bean.InstanceBean@1ae9d0e4
&amp#27;[0;39m2023-05-08 13:19:10,140 [main] &amp#27;[39mDEBUG&amp#27;[0;39m &amp#27;[36morg.jboss.weld.Bootstrap&amp#27;[0;39m - &amp#27;[32mWELD-000106: Bean: org.glassfish.jersey.inject.cdi.se.bean.InstanceBean@6acb45c1
&amp#27;[0;39m2023-05-08 13:19:10,140 [main] &amp#27;[39mDEBUG&amp#27;[0;39m &amp#27;[36morg.jboss.weld.Bootstrap&amp#27;[0;39m - &amp#27;[32mWELD-000106: Bean: org.glassfish.jersey.inject.cdi.se.bean.ClassBean@24de63b
&amp#27;[0;39m2023-05-08 13:19:10,140 [main] &amp#27;[39mDEBUG&amp#27;[0;39m &amp#27;[36morg.jboss.weld.Bootstrap&amp#27;[0;39m - &amp#27;[32mWELD-000106: Bean: org.glassfish.jersey.inject.cdi.se.bean.InstanceBean@42d0e41
&amp#27;[0;39m2023-05-08 13:19:10,140 [main] &amp#27;[39mDEBUG&amp#27;[0;39m &amp#27;[36morg.jboss.weld.Bootstrap&amp#27;[0;39m - &amp#27;[32mWELD-000106: Bean: org.glassfish.jersey.inject.cdi.se.bean.InstanceBean@50f05307
&amp#27;[0;39m2023-05-08 13:19:10,140 [main] &amp#27;[39mDEBUG&amp#27;[0;39m &amp#27;[36morg.jboss.weld.Bootstrap&amp#27;[0;39m - &amp#27;[32mWELD-000106: Bean: org.glassfish.jersey.inject.cdi.se.bean.InstanceBean@9cc0505
&amp#27;[0;39m2023-05-08 13:19:10,140 [main] &amp#27;[39mDEBUG&amp#27;[0;39m &amp#27;[36morg.jboss.weld.Bootstrap&amp#27;[0;39m - &amp#27;[32mWELD-000106: Bean: org.glassfish.jersey.inject.cdi.se.bean.InstanceBean@645d4639
&amp#27;[0;39m2023-05-08 13:19:10,140 [main] &amp#27;[39mDEBUG&amp#27;[0;39m &amp#27;[36morg.jboss.weld.Bootstrap&amp#27;[0;39m - &amp#27;[32mWELD-000106: Bean: org.glassfish.jersey.inject.cdi.se.bean.InstanceBean@8ee03f5
&amp#27;[0;39m2023-05-08 13:19:10,140 [main] &amp#27;[39mDEBUG&amp#27;[0;39m &amp#27;[36morg.jboss.weld.Bootstrap&amp#27;[0;39m - &amp#27;[32mWELD-000106: Bean: org.glassfish.jersey.inject.cdi.se.bean.InstanceBean@5ad40184
&amp#27;[0;39m2023-05-08 13:19:10,140 [main] &amp#27;[39mDEBUG&amp#27;[0;39m &amp#27;[36morg.jboss.weld.Bootstrap&amp#27;[0;39m - &amp#27;[32mWELD-000106: Bean: org.glassfish.jersey.inject.cdi.se.bean.ClassBean@707f4647
&amp#27;[0;39m2023-05-08 13:19:10,140 [main] &amp#27;[39mDEBUG&amp#27;[0;39m &amp#27;[36morg.jboss.weld.Bootstrap&amp#27;[0;39m - &amp#27;[32mWELD-000106: Bean: org.glassfish.jersey.inject.cdi.se.bean.ClassBean@54286339
&amp#27;[0;39m2023-05-08 13:19:10,140 [main] &amp#27;[39mDEBUG&amp#27;[0;39m &amp#27;[36morg.jboss.weld.Bootstrap&amp#27;[0;39m - &amp#27;[32mWELD-000106: Bean: org.glassfish.jersey.inject.cdi.se.bean.ClassBean@3e2c8ef
&amp#27;[0;39m2023-05-08 13:19:10,141 [main] &amp#27;[39mDEBUG&amp#27;[0;39m &amp#27;[36morg.jboss.weld.Bootstrap&amp#27;[0;39m - &amp#27;[32mWELD-000106: Bean: org.glassfish.jersey.inject.cdi.se.bean.ClassBean@56499781
&amp#27;[0;39m2023-05-08 13:19:10,141 [main] &amp#27;[39mDEBUG&amp#27;[0;39m &amp#27;[36morg.jboss.weld.Bootstrap&amp#27;[0;39m - &amp#27;[32mWELD-000106: Bean: org.glassfish.jersey.inject.cdi.se.bean.ClassBean@2b9ecd05
&amp#27;[0;39m2023-05-08 13:19:10,141 [main] &amp#27;[39mDEBUG&amp#27;[0;39m &amp#27;[36morg.jboss.weld.Bootstrap&amp#27;[0;39m - &amp#27;[32mWELD-000106: Bean: org.glassfish.jersey.inject.cdi.se.bean.ClassBean@55682482
&amp#27;[0;39m2023-05-08 13:19:10,141 [main] &amp#27;[39mDEBUG&amp#27;[0;39m &amp#27;[36morg.jboss.weld.Bootstrap&amp#27;[0;39m - &amp#27;[32mWELD-000106: Bean: org.glassfish.jersey.inject.cdi.se.bean.ClassBean@3516b881
&amp#27;[0;39m2023-05-08 13:19:10,141 [main] &amp#27;[39mDEBUG&amp#27;[0;39m &amp#27;[36morg.jboss.weld.Bootstrap&amp#27;[0;39m - &amp#27;[32mWELD-000106: Bean: org.glassfish.jersey.inject.cdi.se.bean.ClassBean@5960f17
&amp#27;[0;39m2023-05-08 13:19:10,141 [main] &amp#27;[39mDEBUG&amp#27;[0;39m &amp#27;[36morg.jboss.weld.Bootstrap&amp#27;[0;39m - &amp#27;[32mWELD-000106: Bean: org.glassfish.jersey.inject.cdi.se.bean.ClassBean@5896b9f5
&amp#27;[0;39m2023-05-08 13:19:10,141 [main] &amp#27;[39mDEBUG&amp#27;[0;39m &amp#27;[36morg.jboss.weld.Bootstrap&amp#27;[0;39m - &amp#27;[32mWELD-000106: Bean: org.glassfish.jersey.inject.cdi.se.bean.ClassBean@79445efb
&amp#27;[0;39m2023-05-08 13:19:10,141 [main] &amp#27;[39mDEBUG&amp#27;[0;39m &amp#27;[36morg.jboss.weld.Bootstrap&amp#27;[0;39m - &amp#27;[32mWELD-000106: Bean: org.glassfish.jersey.inject.cdi.se.bean.ClassBean@2375a976
&amp#27;[0;39m2023-05-08 13:19:10,141 [main] &amp#27;[39mDEBUG&amp#27;[0;39m &amp#27;[36morg.jboss.weld.Bootstrap&amp#27;[0;39m - &amp#27;[32mWELD-000106: Bean: org.glassfish.jersey.inject.cdi.se.bean.ClassBean@3dd750ba
&amp#27;[0;39m2023-05-08 13:19:10,141 [main] &amp#27;[39mDEBUG&amp#27;[0;39m &amp#27;[36morg.jboss.weld.Bootstrap&amp#27;[0;39m - &amp#27;[32mWELD-000106: Bean: org.glassfish.jersey.inject.cdi.se.bean.ClassBean@8b1202a
&amp#27;[0;39m2023-05-08 13:19:10,141 [main] &amp#27;[39mDEBUG&amp#27;[0;39m &amp#27;[36morg.jboss.weld.Bootstrap&amp#27;[0;39m - &amp#27;[32mWELD-000106: Bean: org.glassfish.jersey.inject.cdi.se.bean.ClassBean@7b9c2387
&amp#27;[0;39m2023-05-08 13:19:10,141 [main] &amp#27;[39mDEBUG&amp#27;[0;39m &amp#27;[36morg.jboss.weld.Bootstrap&amp#27;[0;39m - &amp#27;[32mWELD-000106: Bean: org.glassfish.jersey.inject.cdi.se.bean.ClassBean@4cc89246
&amp#27;[0;39m2023-05-08 13:19:10,141 [main] &amp#27;[39mDEBUG&amp#27;[0;39m &amp#27;[36morg.jboss.weld.Bootstrap&amp#27;[0;39m - &amp#27;[32mWELD-000106: Bean: org.glassfish.jersey.inject.cdi.se.bean.ClassBean@779b4f9c
&amp#27;[0;39m2023-05-08 13:19:10,141 [main] &amp#27;[39mDEBUG&amp#27;[0;39m &amp#27;[36morg.jboss.weld.Bootstrap&amp#27;[0;39m - &amp#27;[32mWELD-000106: Bean: org.glassfish.jersey.inject.cdi.se.bean.ClassBean@30a62a5b
&amp#27;[0;39m2023-05-08 13:19:10,141 [main] &amp#27;[39mDEBUG&amp#27;[0;39m &amp#27;[36morg.jboss.weld.Bootstrap&amp#27;[0;39m - &amp#27;[32mWELD-000106: Bean: org.glassfish.jersey.inject.cdi.se.bean.ClassBean@54a6ef6
&amp#27;[0;39m2023-05-08 13:19:10,141 [main] &amp#27;[39mDEBUG&amp#27;[0;39m &amp#27;[36morg.jboss.weld.Bootstrap&amp#27;[0;39m - &amp#27;[32mWELD-000106: Bean: org.glassfish.jersey.inject.cdi.se.bean.ClassBean@774013dc
&amp#27;[0;39m2023-05-08 13:19:10,141 [main] &amp#27;[39mDEBUG&amp#27;[0;39m &amp#27;[36morg.jboss.weld.Bootstrap&amp#27;[0;39m - &amp#27;[32mWELD-000106: Bean: org.glassfish.jersey.inject.cdi.se.bean.ClassBean@eebc0db
&amp#27;[0;39m2023-05-08 13:19:10,141 [main] &amp#27;[39mDEBUG&amp#27;[0;39m &amp#27;[36morg.jboss.weld.Bootstrap&amp#27;[0;39m - &amp#27;[32mWELD-000106: Bean: org.glassfish.jersey.inject.cdi.se.bean.ClassBean@396f2724
&amp#27;[0;39m2023-05-08 13:19:10,141 [main] &amp#27;[39mDEBUG&amp#27;[0;39m &amp#27;[36morg.jboss.weld.Bootstrap&amp#27;[0;39m - &amp#27;[32mWELD-000106: Bean: org.glassfish.jersey.inject.cdi.se.bean.InstanceBean@1b465fa9
&amp#27;[0;39m2023-05-08 13:19:10,141 [main] &amp#27;[39mDEBUG&amp#27;[0;39m &amp#27;[36morg.jboss.weld.Bootstrap&amp#27;[0;39m - &amp#27;[32mWELD-000106: Bean: org.glassfish.jersey.inject.cdi.se.bean.InstanceBean@28b2e4d8
&amp#27;[0;39m2023-05-08 13:19:10,141 [main] &amp#27;[39mDEBUG&amp#27;[0;39m &amp#27;[36morg.jboss.weld.Bootstrap&amp#27;[0;39m - &amp#27;[32mWELD-000106: Bean: org.glassfish.jersey.inject.cdi.se.bean.InstanceBean@598e5cb8
&amp#27;[0;39m2023-05-08 13:19:10,141 [main] &amp#27;[39mDEBUG&amp#27;[0;39m &amp#27;[36morg.jboss.weld.Bootstrap&amp#27;[0;39m - &amp#27;[32mWELD-000106: Bean: org.glassfish.jersey.inject.cdi.se.bean.ClassBean@7d95166a
&amp#27;[0;39m2023-05-08 13:19:10,141 [main] &amp#27;[39mDEBUG&amp#27;[0;39m &amp#27;[36morg.jboss.weld.Bootstrap&amp#27;[0;39m - &amp#27;[32mWELD-000106: Bean: org.glassfish.jersey.inject.cdi.se.bean.ClassBean@ecf028c
&amp#27;[0;39m2023-05-08 13:19:10,141 [main] &amp#27;[39mDEBUG&amp#27;[0;39m &amp#27;[36morg.jboss.weld.Bootstrap&amp#27;[0;39m - &amp#27;[32mWELD-000106: Bean: org.glassfish.jersey.inject.cdi.se.bean.ClassBean@236a4d30
&amp#27;[0;39m2023-05-08 13:19:10,141 [main] &amp#27;[39mDEBUG&amp#27;[0;39m &amp#27;[36morg.jboss.weld.Bootstrap&amp#27;[0;39m - &amp#27;[32mWELD-000106: Bean: org.glassfish.jersey.inject.cdi.se.bean.ClassBean@1a02ebe0
&amp#27;[0;39m2023-05-08 13:19:10,141 [main] &amp#27;[39mDEBUG&amp#27;[0;39m &amp#27;[36morg.jboss.weld.Bootstrap&amp#27;[0;39m - &amp#27;[32mWELD-000106: Bean: org.glassfish.jersey.inject.cdi.se.bean.ClassBean@e2c627e
&amp#27;[0;39m2023-05-08 13:19:10,141 [main] &amp#27;[39mDEBUG&amp#27;[0;39m &amp#27;[36morg.jboss.weld.Bootstrap&amp#27;[0;39m - &amp#27;[32mWELD-000106: Bean: org.glassfish.jersey.inject.cdi.se.bean.ClassBean@7c048b30
&amp#27;[0;39m2023-05-08 13:19:10,141 [main] &amp#27;[39mDEBUG&amp#27;[0;39m &amp#27;[36morg.jboss.weld.Bootstrap&amp#27;[0;39m - &amp#27;[32mWELD-000106: Bean: org.glassfish.jersey.inject.cdi.se.bean.ClassBean@38c55a8a
&amp#27;[0;39m2023-05-08 13:19:10,141 [main] &amp#27;[39mDEBUG&amp#27;[0;39m &amp#27;[36morg.jboss.weld.Bootstrap&amp#27;[0;39m - &amp#27;[32mWELD-000106: Bean: org.glassfish.jersey.inject.cdi.se.bean.ClassBean@7747cc1b
&amp#27;[0;39m2023-05-08 13:19:10,141 [main] &amp#27;[39mDEBUG&amp#27;[0;39m &amp#27;[36morg.jboss.weld.Bootstrap&amp#27;[0;39m - &amp#27;[32mWELD-000106: Bean: org.glassfish.jersey.inject.cdi.se.bean.ClassBean@2ce24a1a
&amp#27;[0;39m2023-05-08 13:19:10,141 [main] &amp#27;[39mDEBUG&amp#27;[0;39m &amp#27;[36morg.jboss.weld.Bootstrap&amp#27;[0;39m - &amp#27;[32mWELD-000106: Bean: org.glassfish.jersey.inject.cdi.se.bean.ClassBean@23f8036d
&amp#27;[0;39m2023-05-08 13:19:10,141 [main] &amp#27;[39mDEBUG&amp#27;[0;39m &amp#27;[36morg.jboss.weld.Bootstrap&amp#27;[0;39m - &amp#27;[32mWELD-000106: Bean: org.glassfish.jersey.inject.cdi.se.bean.ClassBean@2579d8a
&amp#27;[0;39m2023-05-08 13:19:10,141 [main] &amp#27;[39mDEBUG&amp#27;[0;39m &amp#27;[36morg.jboss.weld.Bootstrap&amp#27;[0;39m - &amp#27;[32mWELD-000106: Bean: org.glassfish.jersey.inject.cdi.se.bean.ClassBean@70840a5a
&amp#27;[0;39m2023-05-08 13:19:10,141 [main] &amp#27;[39mDEBUG&amp#27;[0;39m &amp#27;[36morg.jboss.weld.Bootstrap&amp#27;[0;39m - &amp#27;[32mWELD-000106: Bean: org.glassfish.jersey.inject.cdi.se.bean.ClassBean@407b41e6
&amp#27;[0;39m2023-05-08 13:19:10,141 [main] &amp#27;[39mDEBUG&amp#27;[0;39m &amp#27;[36morg.jboss.weld.Bootstrap&amp#27;[0;39m - &amp#27;[32mWELD-000106: Bean: org.glassfish.jersey.inject.cdi.se.bean.InstanceBean@3291d9c2
&amp#27;[0;39m2023-05-08 13:19:10,141 [main] &amp#27;[39mDEBUG&amp#27;[0;39m &amp#27;[36morg.jboss.weld.Bootstrap&amp#27;[0;39m - &amp#27;[32mWELD-000106: Bean: org.glassfish.jersey.inject.cdi.se.bean.InstanceBean@6cfd08e9
&amp#27;[0;39m2023-05-08 13:19:10,141 [main] &amp#27;[39mDEBUG&amp#27;[0;39m &amp#27;[36morg.jboss.weld.Bootstrap&amp#27;[0;39m - &amp#27;[32mWELD-000106: Bean: org.glassfish.jersey.inject.cdi.se.bean.SupplierInstanceBean@54ca9420
&amp#27;[0;39m2023-05-08 13:19:10,141 [main] &amp#27;[39mDEBUG&amp#27;[0;39m &amp#27;[36morg.jboss.weld.Bootstrap&amp#27;[0;39m - &amp#27;[32mWELD-000106: Bean: org.glassfish.jersey.inject.cdi.se.bean.SupplierInstanceBeanBridge@4ea48b2e
&amp#27;[0;39m2023-05-08 13:19:10,141 [main] &amp#27;[39mDEBUG&amp#27;[0;39m &amp#27;[36morg.jboss.weld.Bootstrap&amp#27;[0;39m - &amp#27;[32mWELD-000106: Bean: org.glassfish.jersey.inject.cdi.se.bean.SupplierInstanceBean@72c704f1
&amp#27;[0;39m2023-05-08 13:19:10,141 [main] &amp#27;[39mDEBUG&amp#27;[0;39m &amp#27;[36morg.jboss.weld.Bootstrap&amp#27;[0;39m - &amp#27;[32mWELD-000106: Bean: org.glassfish.jersey.inject.cdi.se.bean.SupplierInstanceBeanBridge@76f9e000
&amp#27;[0;39m2023-05-08 13:19:10,142 [main] &amp#27;[39mDEBUG&amp#27;[0;39m &amp#27;[36morg.jboss.weld.Bootstrap&amp#27;[0;39m - &amp#27;[32mWELD-000106: Bean: org.glassfish.jersey.inject.cdi.se.bean.InstanceBean@7612116b
&amp#27;[0;39m2023-05-08 13:19:10,142 [main] &amp#27;[39mDEBUG&amp#27;[0;39m &amp#27;[36morg.jboss.weld.Bootstrap&amp#27;[0;39m - &amp#27;[32mWELD-000106: Bean: org.glassfish.jersey.inject.cdi.se.RequestScopeBean@42066f0d
&amp#27;[0;39m2023-05-08 13:19:10,145 [main] &amp#27;[39mDEBUG&amp#27;[0;39m &amp#27;[36morg.jboss.weld.Bootstrap&amp#27;[0;39m - &amp#27;[32mWELD-000154: AfterBeanDiscovery.addBean() called by org.jboss.weld.environment.se.WeldSEBeanRegistrant@3350ab4 for Configurator Bean [class org.jboss.weld.environment.se.WeldSEBeanRegistrant, types: Object, WeldContainer, qualifiers: @Any @Default]
&amp#27;[0;39m2023-05-08 13:19:10,145 [main] &amp#27;[39mDEBUG&amp#27;[0;39m &amp#27;[36morg.jboss.weld.Bootstrap&amp#27;[0;39m - &amp#27;[32mWELD-000106: Bean: Configurator Bean [class org.jboss.weld.environment.se.WeldSEBeanRegistrant, types: Object, WeldContainer, qualifiers: @Any @Default]
&amp#27;[0;39m2023-05-08 13:19:10,145 [main] &amp#27;[39mDEBUG&amp#27;[0;39m &amp#27;[36morg.jboss.weld.BootstrapTracker&amp#27;[0;39m - &amp#27;[32m  END bootstrap > deployBeans > AfterBeanDiscovery (101 ms)
&amp#27;[0;39m2023-05-08 13:19:10,186 [main] &amp#27;[39mDEBUG&amp#27;[0;39m &amp#27;[36morg.jboss.weld.BootstrapTracker&amp#27;[0;39m - &amp#27;[32m  END bootstrap > deployBeans (177 ms)
&amp#27;[0;39m2023-05-08 13:19:10,186 [main] &amp#27;[39mDEBUG&amp#27;[0;39m &amp#27;[36morg.jboss.weld.Bootstrap&amp#27;[0;39m - &amp#27;[32mWELD-000100: Weld initialized. Validating beans
&amp#27;[0;39m2023-05-08 13:19:10,186 [main] &amp#27;[39mDEBUG&amp#27;[0;39m &amp#27;[36morg.jboss.weld.BootstrapTracker&amp#27;[0;39m - &amp#27;[32mSTART bootstrap > validateBeans 
&amp#27;[0;39m2023-05-08 13:19:10,193 [main] &amp#27;[39mDEBUG&amp#27;[0;39m &amp#27;[36morg.jboss.weld.BootstrapTracker&amp#27;[0;39m - &amp#27;[32mSTART bootstrap > validateBeans > AfterDeploymentValidation 
&amp#27;[0;39m2023-05-08 13:19:10,194 [main] &amp#27;[39mDEBUG&amp#27;[0;39m &amp#27;[36morg.jboss.weld.BootstrapTracker&amp#27;[0;39m - &amp#27;[32m  END bootstrap > validateBeans > AfterDeploymentValidation (1 ms)
&amp#27;[0;39m2023-05-08 13:19:10,195 [main] &amp#27;[39mDEBUG&amp#27;[0;39m &amp#27;[36morg.jboss.weld.BootstrapTracker&amp#27;[0;39m - &amp#27;[32m  END bootstrap > validateBeans (8 ms)
&amp#27;[0;39m2023-05-08 13:19:10,195 [main] &amp#27;[39mDEBUG&amp#27;[0;39m &amp#27;[36morg.jboss.weld.BootstrapTracker&amp#27;[0;39m - &amp#27;[32mSTART bootstrap > endInitialization 
&amp#27;[0;39m2023-05-08 13:19:10,197 [main] &amp#27;[39mDEBUG&amp#27;[0;39m &amp#27;[36morg.jboss.weld.BootstrapTracker&amp#27;[0;39m - &amp#27;[32m  END bootstrap > endInitialization (2 ms)
&amp#27;[0;39m2023-05-08 13:19:10,197 [main] &amp#27;[39mDEBUG&amp#27;[0;39m &amp#27;[36morg.jboss.weld.BootstrapTracker&amp#27;[0;39m - &amp#27;[32m  END bootstrap (307 ms)
&amp#27;[0;39m2023-05-08 13:19:10,200 [main] &amp#27;[34mINFO &amp#27;[0;39m &amp#27;[36morg.jboss.weld.Bootstrap&amp#27;[0;39m - &amp#27;[32mWELD-ENV-002003: Weld SE container 8f05329a-3c9e-4506-96e0-6dee2327b38f initialized
&amp#27;[0;39m2023-05-08 13:19:10,938 [grizzly-http-server-0] &amp#27;[39mDEBUG&amp#27;[0;39m &amp#27;[36md.s.rest.ContainerReqResFilter&amp#27;[0;39m - &amp#27;[32mRequest path: auth, method: OPTIONS, status: 200
&amp#27;[0;39mAllow: HEAD,GET,OPTIONS
Access-Control-Allow-Origin: *
Access-Control-Allow-Credentials: true
Access-Control-Allow-Headers: origin, content-type, accept, authorization
Access-Control-Allow-Methods: GET, POST, PUT, DELETE, OPTIONS, HEAD
Content-Type: text/plain
Content-Length: 18
]]></system-out>
    <system-err><![CDATA[May 08, 2023 1:19:10 PM org.glassfish.grizzly.http.server.NetworkListener start
INFO: Started listener bound to [localhost:7777]
May 08, 2023 1:19:10 PM org.glassfish.grizzly.http.server.HttpServer start
INFO: [HttpServer] Started.
]]></system-err>
  </testcase>
  <testcase name="testServerIsUp" classname="dk.startcode.rest.server.ServerTest" time="0.498">
    <system-out><![CDATA[Using the DEV database via persistence-unit --> pu 
[EL Info]: 2023-05-08 13:19:11.01--ServerSession(44260241)--EclipseLink, version: Eclipse Persistence Services - 3.0.2.v202107160933
2023-05-08 13:19:11,124 [grizzly-http-server-1] &amp#27;[39mDEBUG&amp#27;[0;39m &amp#27;[36md.s.rest.ContainerReqResFilter&amp#27;[0;39m - &amp#27;[32mRequest path: auth, method: GET, status: 200
&amp#27;[0;39m]]></system-out>
  </testcase>
</testsuite>