<?xml version="1.0" encoding="UTF-8"?>
<testsuite xmlns:xsi="http://www.w3.org/2001/XMLSchema-instance" xsi:noNamespaceSchemaLocation="https://maven.apache.org/surefire/maven-surefire-plugin/xsd/surefire-test-report-3.0.xsd" version="3.0" name="dk.startcode.integration.UserFacadeTest" time="16.729" tests="3" errors="0" skipped="0" failures="0">
  <properties>
    <property name="java.specification.version" value="17"/>
    <property name="sun.jnu.encoding" value="UTF-8"/>
    <property name="java.class.path" value="/home/jorg/Work/3_semester/startcode/startCode3semNew/target/test-classes:/home/jorg/Work/3_semester/startcode/startCode3semNew/target/classes:/home/jorg/.m2/repository/org/glassfish/jersey/containers/jersey-container-servlet/3.1.1/jersey-container-servlet-3.1.1.jar:/home/jorg/.m2/repository/org/glassfish/jersey/containers/jersey-container-servlet-core/3.1.1/jersey-container-servlet-core-3.1.1.jar:/home/jorg/.m2/repository/org/glassfish/jersey/core/jersey-common/3.1.1/jersey-common-3.1.1.jar:/home/jorg/.m2/repository/jakarta/annotation/jakarta.annotation-api/2.1.1/jakarta.annotation-api-2.1.1.jar:/home/jorg/.m2/repository/org/glassfish/hk2/osgi-resource-locator/1.0.3/osgi-resource-locator-1.0.3.jar:/home/jorg/.m2/repository/org/glassfish/jersey/core/jersey-server/3.1.1/jersey-server-3.1.1.jar:/home/jorg/.m2/repository/org/glassfish/jersey/core/jersey-client/3.1.1/jersey-client-3.1.1.jar:/home/jorg/.m2/repository/jakarta/validation/jakarta.validation-api/3.0.2/jakarta.validation-api-3.0.2.jar:/home/jorg/.m2/repository/jakarta/ws/rs/jakarta.ws.rs-api/3.1.0/jakarta.ws.rs-api-3.1.0.jar:/home/jorg/.m2/repository/org/glassfish/jersey/media/jersey-media-json-jackson/3.1.1/jersey-media-json-jackson-3.1.1.jar:/home/jorg/.m2/repository/org/glassfish/jersey/ext/jersey-entity-filtering/3.1.1/jersey-entity-filtering-3.1.1.jar:/home/jorg/.m2/repository/com/fasterxml/jackson/core/jackson-annotations/2.14.1/jackson-annotations-2.14.1.jar:/home/jorg/.m2/repository/com/fasterxml/jackson/core/jackson-databind/2.14.1/jackson-databind-2.14.1.jar:/home/jorg/.m2/repository/com/fasterxml/jackson/core/jackson-core/2.14.1/jackson-core-2.14.1.jar:/home/jorg/.m2/repository/com/fasterxml/jackson/module/jackson-module-jakarta-xmlbind-annotations/2.14.1/jackson-module-jakarta-xmlbind-annotations-2.14.1.jar:/home/jorg/.m2/repository/jakarta/xml/bind/jakarta.xml.bind-api/4.0.0/jakarta.xml.bind-api-4.0.0.jar:/home/jorg/.m2/repository/jakarta/activation/jakarta.activation-api/2.1.0/jakarta.activation-api-2.1.0.jar:/home/jorg/.m2/repository/org/glassfish/jersey/inject/jersey-cdi2-se/3.1.1/jersey-cdi2-se-3.1.1.jar:/home/jorg/.m2/repository/org/jboss/logging/jboss-logging/3.5.0.Final/jboss-logging-3.5.0.Final.jar:/home/jorg/.m2/repository/jakarta/enterprise/jakarta.enterprise.cdi-api/4.0.1/jakarta.enterprise.cdi-api-4.0.1.jar:/home/jorg/.m2/repository/jakarta/enterprise/jakarta.enterprise.lang-model/4.0.1/jakarta.enterprise.lang-model-4.0.1.jar:/home/jorg/.m2/repository/jakarta/el/jakarta.el-api/5.0.0/jakarta.el-api-5.0.0.jar:/home/jorg/.m2/repository/jakarta/interceptor/jakarta.interceptor-api/2.1.0/jakarta.interceptor-api-2.1.0.jar:/home/jorg/.m2/repository/org/jboss/weld/se/weld-se-core/5.1.0.Final/weld-se-core-5.1.0.Final.jar:/home/jorg/.m2/repository/org/jboss/weld/environment/weld-environment-common/5.1.0.Final/weld-environment-common-5.1.0.Final.jar:/home/jorg/.m2/repository/org/jboss/weld/weld-core-impl/5.1.0.Final/weld-core-impl-5.1.0.Final.jar:/home/jorg/.m2/repository/org/jboss/weld/weld-api/5.0.SP3/weld-api-5.0.SP3.jar:/home/jorg/.m2/repository/org/jboss/weld/weld-spi/5.0.SP3/weld-spi-5.0.SP3.jar:/home/jorg/.m2/repository/org/jboss/weld/weld-lite-extension-translator/5.1.0.Final/weld-lite-extension-translator-5.1.0.Final.jar:/home/jorg/.m2/repository/org/jboss/logging/jboss-logging-processor/2.2.1.Final/jboss-logging-processor-2.2.1.Final.jar:/home/jorg/.m2/repository/org/jboss/logging/jboss-logging-annotations/2.2.1.Final/jboss-logging-annotations-2.2.1.Final.jar:/home/jorg/.m2/repository/org/jboss/jdeparser/jdeparser/2.0.3.Final/jdeparser-2.0.3.Final.jar:/home/jorg/.m2/repository/org/jboss/classfilewriter/jboss-classfilewriter/1.2.5.Final/jboss-classfilewriter-1.2.5.Final.jar:/home/jorg/.m2/repository/jakarta/servlet/jakarta.servlet-api/6.0.0/jakarta.servlet-api-6.0.0.jar:/home/jorg/.m2/repository/org/junit/jupiter/junit-jupiter-api/5.9.1/junit-jupiter-api-5.9.1.jar:/home/jorg/.m2/repository/org/opentest4j/opentest4j/1.2.0/opentest4j-1.2.0.jar:/home/jorg/.m2/repository/org/junit/platform/junit-platform-commons/1.9.1/junit-platform-commons-1.9.1.jar:/home/jorg/.m2/repository/org/apiguardian/apiguardian-api/1.1.2/apiguardian-api-1.1.2.jar:/home/jorg/.m2/repository/org/junit/jupiter/junit-jupiter-engine/5.9.1/junit-jupiter-engine-5.9.1.jar:/home/jorg/.m2/repository/org/junit/platform/junit-platform-engine/1.9.1/junit-platform-engine-1.9.1.jar:/home/jorg/.m2/repository/org/hamcrest/hamcrest-library/1.3/hamcrest-library-1.3.jar:/home/jorg/.m2/repository/org/hamcrest/hamcrest-core/1.3/hamcrest-core-1.3.jar:/home/jorg/.m2/repository/org/testcontainers/testcontainers/1.18.0/testcontainers-1.18.0.jar:/home/jorg/.m2/repository/junit/junit/4.13.2/junit-4.13.2.jar:/home/jorg/.m2/repository/org/apache/commons/commons-compress/1.22/commons-compress-1.22.jar:/home/jorg/.m2/repository/org/rnorth/duct-tape/duct-tape/1.0.8/duct-tape-1.0.8.jar:/home/jorg/.m2/repository/org/jetbrains/annotations/17.0.0/annotations-17.0.0.jar:/home/jorg/.m2/repository/com/github/docker-java/docker-java-api/3.3.0/docker-java-api-3.3.0.jar:/home/jorg/.m2/repository/com/github/docker-java/docker-java-transport-zerodep/3.3.0/docker-java-transport-zerodep-3.3.0.jar:/home/jorg/.m2/repository/com/github/docker-java/docker-java-transport/3.3.0/docker-java-transport-3.3.0.jar:/home/jorg/.m2/repository/net/java/dev/jna/jna/5.12.1/jna-5.12.1.jar:/home/jorg/.m2/repository/org/testcontainers/mysql/1.18.0/mysql-1.18.0.jar:/home/jorg/.m2/repository/org/testcontainers/jdbc/1.18.0/jdbc-1.18.0.jar:/home/jorg/.m2/repository/org/testcontainers/database-commons/1.18.0/database-commons-1.18.0.jar:/home/jorg/.m2/repository/org/testcontainers/junit-jupiter/1.18.0/junit-jupiter-1.18.0.jar:/home/jorg/.m2/repository/com/mysql/mysql-connector-j/8.0.32/mysql-connector-j-8.0.32.jar:/home/jorg/.m2/repository/com/google/protobuf/protobuf-java/3.21.9/protobuf-java-3.21.9.jar:/home/jorg/.m2/repository/org/eclipse/persistence/org.eclipse.persistence.jpa/3.0.2/org.eclipse.persistence.jpa-3.0.2.jar:/home/jorg/.m2/repository/org/eclipse/persistence/org.eclipse.persistence.asm/9.1.0/org.eclipse.persistence.asm-9.1.0.jar:/home/jorg/.m2/repository/org/eclipse/persistence/org.eclipse.persistence.core/3.0.2/org.eclipse.persistence.core-3.0.2.jar:/home/jorg/.m2/repository/org/eclipse/persistence/org.eclipse.persistence.jpa.jpql/3.0.2/org.eclipse.persistence.jpa.jpql-3.0.2.jar:/home/jorg/.m2/repository/jakarta/persistence/jakarta.persistence-api/3.0.0/jakarta.persistence-api-3.0.0.jar:/home/jorg/.m2/repository/com/google/code/gson/gson/2.10/gson-2.10.jar:/home/jorg/.m2/repository/org/glassfish/jersey/containers/jersey-container-grizzly2-http/3.1.1/jersey-container-grizzly2-http-3.1.1.jar:/home/jorg/.m2/repository/jakarta/inject/jakarta.inject-api/2.0.1/jakarta.inject-api-2.0.1.jar:/home/jorg/.m2/repository/org/glassfish/grizzly/grizzly-http-server/4.0.0/grizzly-http-server-4.0.0.jar:/home/jorg/.m2/repository/org/glassfish/grizzly/grizzly-http/4.0.0/grizzly-http-4.0.0.jar:/home/jorg/.m2/repository/org/glassfish/grizzly/grizzly-framework/4.0.0/grizzly-framework-4.0.0.jar:/home/jorg/.m2/repository/io/rest-assured/rest-assured/5.3.0/rest-assured-5.3.0.jar:/home/jorg/.m2/repository/org/apache/groovy/groovy/4.0.6/groovy-4.0.6.jar:/home/jorg/.m2/repository/org/apache/groovy/groovy-xml/4.0.6/groovy-xml-4.0.6.jar:/home/jorg/.m2/repository/org/apache/httpcomponents/httpclient/4.5.13/httpclient-4.5.13.jar:/home/jorg/.m2/repository/org/apache/httpcomponents/httpcore/4.4.13/httpcore-4.4.13.jar:/home/jorg/.m2/repository/commons-logging/commons-logging/1.2/commons-logging-1.2.jar:/home/jorg/.m2/repository/commons-codec/commons-codec/1.11/commons-codec-1.11.jar:/home/jorg/.m2/repository/org/apache/httpcomponents/httpmime/4.5.13/httpmime-4.5.13.jar:/home/jorg/.m2/repository/org/hamcrest/hamcrest/2.1/hamcrest-2.1.jar:/home/jorg/.m2/repository/org/ccil/cowan/tagsoup/tagsoup/1.2.1/tagsoup-1.2.1.jar:/home/jorg/.m2/repository/io/rest-assured/json-path/5.3.0/json-path-5.3.0.jar:/home/jorg/.m2/repository/org/apache/groovy/groovy-json/4.0.6/groovy-json-4.0.6.jar:/home/jorg/.m2/repository/io/rest-assured/rest-assured-common/5.3.0/rest-assured-common-5.3.0.jar:/home/jorg/.m2/repository/io/rest-assured/xml-path/5.3.0/xml-path-5.3.0.jar:/home/jorg/.m2/repository/org/apache/commons/commons-lang3/3.11/commons-lang3-3.11.jar:/home/jorg/.m2/repository/io/rest-assured/json-schema-validator/5.3.0/json-schema-validator-5.3.0.jar:/home/jorg/.m2/repository/com/github/java-json-tools/json-schema-validator/2.2.14/json-schema-validator-2.2.14.jar:/home/jorg/.m2/repository/com/google/guava/guava/28.2-android/guava-28.2-android.jar:/home/jorg/.m2/repository/com/google/guava/failureaccess/1.0.1/failureaccess-1.0.1.jar:/home/jorg/.m2/repository/com/google/guava/listenablefuture/9999.0-empty-to-avoid-conflict-with-guava/listenablefuture-9999.0-empty-to-avoid-conflict-with-guava.jar:/home/jorg/.m2/repository/org/checkerframework/checker-compat-qual/2.5.5/checker-compat-qual-2.5.5.jar:/home/jorg/.m2/repository/com/google/errorprone/error_prone_annotations/2.3.4/error_prone_annotations-2.3.4.jar:/home/jorg/.m2/repository/com/google/j2objc/j2objc-annotations/1.3/j2objc-annotations-1.3.jar:/home/jorg/.m2/repository/com/github/java-json-tools/jackson-coreutils-equivalence/1.0/jackson-coreutils-equivalence-1.0.jar:/home/jorg/.m2/repository/com/github/java-json-tools/jackson-coreutils/2.0/jackson-coreutils-2.0.jar:/home/jorg/.m2/repository/com/github/java-json-tools/msg-simple/1.2/msg-simple-1.2.jar:/home/jorg/.m2/repository/com/github/java-json-tools/btf/1.3/btf-1.3.jar:/home/jorg/.m2/repository/com/github/java-json-tools/json-schema-core/1.2.14/json-schema-core-1.2.14.jar:/home/jorg/.m2/repository/com/github/java-json-tools/uri-template/0.10/uri-template-0.10.jar:/home/jorg/.m2/repository/org/mozilla/rhino/1.7.7.2/rhino-1.7.7.2.jar:/home/jorg/.m2/repository/com/sun/mail/mailapi/1.6.2/mailapi-1.6.2.jar:/home/jorg/.m2/repository/joda-time/joda-time/2.10.5/joda-time-2.10.5.jar:/home/jorg/.m2/repository/com/googlecode/libphonenumber/libphonenumber/8.11.1/libphonenumber-8.11.1.jar:/home/jorg/.m2/repository/com/google/code/findbugs/jsr305/3.0.2/jsr305-3.0.2.jar:/home/jorg/.m2/repository/net/sf/jopt-simple/jopt-simple/5.0.4/jopt-simple-5.0.4.jar:/home/jorg/.m2/repository/com/nimbusds/nimbus-jose-jwt/9.0.1/nimbus-jose-jwt-9.0.1.jar:/home/jorg/.m2/repository/com/github/stephenc/jcip/jcip-annotations/1.0-1/jcip-annotations-1.0-1.jar:/home/jorg/.m2/repository/org/mindrot/jbcrypt/0.4/jbcrypt-0.4.jar:/home/jorg/.m2/repository/org/codehaus/mojo/properties-maven-plugin/1.1.0/properties-maven-plugin-1.1.0.jar:/home/jorg/.m2/repository/org/codehaus/plexus/plexus-utils/3.4.1/plexus-utils-3.4.1.jar:/home/jorg/.m2/repository/ch/qos/logback/logback-classic/1.4.7/logback-classic-1.4.7.jar:/home/jorg/.m2/repository/ch/qos/logback/logback-core/1.4.7/logback-core-1.4.7.jar:/home/jorg/.m2/repository/org/slf4j/slf4j-api/2.0.7/slf4j-api-2.0.7.jar:/home/jorg/.m2/repository/io/github/cdimascio/dotenv-java/2.3.2/dotenv-java-2.3.2.jar:"/>
    <property name="java.vm.vendor" value="Amazon.com Inc."/>
    <property name="sun.arch.data.model" value="64"/>
    <property name="java.vendor.url" value="https://aws.amazon.com/corretto/"/>
    <property name="user.timezone" value="Europe/Copenhagen"/>
    <property name="os.name" value="Linux"/>
    <property name="java.vm.specification.version" value="17"/>
    <property name="sun.java.launcher" value="SUN_STANDARD"/>
    <property name="user.country" value="GB"/>
    <property name="sun.boot.library.path" value="/home/jorg/.jdks/corretto-17.0.6/lib"/>
    <property name="sun.java.command" value="/home/jorg/Work/3_semester/startcode/startCode3semNew/target/surefire/surefirebooter-20230508131852326_3.jar /home/jorg/Work/3_semester/startcode/startCode3semNew/target/surefire 2023-05-08T13-18-52_257-jvmRun1 surefire-20230508131852326_1tmp surefire_0-20230508131852326_2tmp"/>
    <property name="jdk.debug" value="release"/>
    <property name="surefire.test.class.path" value="/home/jorg/Work/3_semester/startcode/startCode3semNew/target/test-classes:/home/jorg/Work/3_semester/startcode/startCode3semNew/target/classes:/home/jorg/.m2/repository/org/glassfish/jersey/containers/jersey-container-servlet/3.1.1/jersey-container-servlet-3.1.1.jar:/home/jorg/.m2/repository/org/glassfish/jersey/containers/jersey-container-servlet-core/3.1.1/jersey-container-servlet-core-3.1.1.jar:/home/jorg/.m2/repository/org/glassfish/jersey/core/jersey-common/3.1.1/jersey-common-3.1.1.jar:/home/jorg/.m2/repository/jakarta/annotation/jakarta.annotation-api/2.1.1/jakarta.annotation-api-2.1.1.jar:/home/jorg/.m2/repository/org/glassfish/hk2/osgi-resource-locator/1.0.3/osgi-resource-locator-1.0.3.jar:/home/jorg/.m2/repository/org/glassfish/jersey/core/jersey-server/3.1.1/jersey-server-3.1.1.jar:/home/jorg/.m2/repository/org/glassfish/jersey/core/jersey-client/3.1.1/jersey-client-3.1.1.jar:/home/jorg/.m2/repository/jakarta/validation/jakarta.validation-api/3.0.2/jakarta.validation-api-3.0.2.jar:/home/jorg/.m2/repository/jakarta/ws/rs/jakarta.ws.rs-api/3.1.0/jakarta.ws.rs-api-3.1.0.jar:/home/jorg/.m2/repository/org/glassfish/jersey/media/jersey-media-json-jackson/3.1.1/jersey-media-json-jackson-3.1.1.jar:/home/jorg/.m2/repository/org/glassfish/jersey/ext/jersey-entity-filtering/3.1.1/jersey-entity-filtering-3.1.1.jar:/home/jorg/.m2/repository/com/fasterxml/jackson/core/jackson-annotations/2.14.1/jackson-annotations-2.14.1.jar:/home/jorg/.m2/repository/com/fasterxml/jackson/core/jackson-databind/2.14.1/jackson-databind-2.14.1.jar:/home/jorg/.m2/repository/com/fasterxml/jackson/core/jackson-core/2.14.1/jackson-core-2.14.1.jar:/home/jorg/.m2/repository/com/fasterxml/jackson/module/jackson-module-jakarta-xmlbind-annotations/2.14.1/jackson-module-jakarta-xmlbind-annotations-2.14.1.jar:/home/jorg/.m2/repository/jakarta/xml/bind/jakarta.xml.bind-api/4.0.0/jakarta.xml.bind-api-4.0.0.jar:/home/jorg/.m2/repository/jakarta/activation/jakarta.activation-api/2.1.0/jakarta.activation-api-2.1.0.jar:/home/jorg/.m2/repository/org/glassfish/jersey/inject/jersey-cdi2-se/3.1.1/jersey-cdi2-se-3.1.1.jar:/home/jorg/.m2/repository/org/jboss/logging/jboss-logging/3.5.0.Final/jboss-logging-3.5.0.Final.jar:/home/jorg/.m2/repository/jakarta/enterprise/jakarta.enterprise.cdi-api/4.0.1/jakarta.enterprise.cdi-api-4.0.1.jar:/home/jorg/.m2/repository/jakarta/enterprise/jakarta.enterprise.lang-model/4.0.1/jakarta.enterprise.lang-model-4.0.1.jar:/home/jorg/.m2/repository/jakarta/el/jakarta.el-api/5.0.0/jakarta.el-api-5.0.0.jar:/home/jorg/.m2/repository/jakarta/interceptor/jakarta.interceptor-api/2.1.0/jakarta.interceptor-api-2.1.0.jar:/home/jorg/.m2/repository/org/jboss/weld/se/weld-se-core/5.1.0.Final/weld-se-core-5.1.0.Final.jar:/home/jorg/.m2/repository/org/jboss/weld/environment/weld-environment-common/5.1.0.Final/weld-environment-common-5.1.0.Final.jar:/home/jorg/.m2/repository/org/jboss/weld/weld-core-impl/5.1.0.Final/weld-core-impl-5.1.0.Final.jar:/home/jorg/.m2/repository/org/jboss/weld/weld-api/5.0.SP3/weld-api-5.0.SP3.jar:/home/jorg/.m2/repository/org/jboss/weld/weld-spi/5.0.SP3/weld-spi-5.0.SP3.jar:/home/jorg/.m2/repository/org/jboss/weld/weld-lite-extension-translator/5.1.0.Final/weld-lite-extension-translator-5.1.0.Final.jar:/home/jorg/.m2/repository/org/jboss/logging/jboss-logging-processor/2.2.1.Final/jboss-logging-processor-2.2.1.Final.jar:/home/jorg/.m2/repository/org/jboss/logging/jboss-logging-annotations/2.2.1.Final/jboss-logging-annotations-2.2.1.Final.jar:/home/jorg/.m2/repository/org/jboss/jdeparser/jdeparser/2.0.3.Final/jdeparser-2.0.3.Final.jar:/home/jorg/.m2/repository/org/jboss/classfilewriter/jboss-classfilewriter/1.2.5.Final/jboss-classfilewriter-1.2.5.Final.jar:/home/jorg/.m2/repository/jakarta/servlet/jakarta.servlet-api/6.0.0/jakarta.servlet-api-6.0.0.jar:/home/jorg/.m2/repository/org/junit/jupiter/junit-jupiter-api/5.9.1/junit-jupiter-api-5.9.1.jar:/home/jorg/.m2/repository/org/opentest4j/opentest4j/1.2.0/opentest4j-1.2.0.jar:/home/jorg/.m2/repository/org/junit/platform/junit-platform-commons/1.9.1/junit-platform-commons-1.9.1.jar:/home/jorg/.m2/repository/org/apiguardian/apiguardian-api/1.1.2/apiguardian-api-1.1.2.jar:/home/jorg/.m2/repository/org/junit/jupiter/junit-jupiter-engine/5.9.1/junit-jupiter-engine-5.9.1.jar:/home/jorg/.m2/repository/org/junit/platform/junit-platform-engine/1.9.1/junit-platform-engine-1.9.1.jar:/home/jorg/.m2/repository/org/hamcrest/hamcrest-library/1.3/hamcrest-library-1.3.jar:/home/jorg/.m2/repository/org/hamcrest/hamcrest-core/1.3/hamcrest-core-1.3.jar:/home/jorg/.m2/repository/org/testcontainers/testcontainers/1.18.0/testcontainers-1.18.0.jar:/home/jorg/.m2/repository/junit/junit/4.13.2/junit-4.13.2.jar:/home/jorg/.m2/repository/org/apache/commons/commons-compress/1.22/commons-compress-1.22.jar:/home/jorg/.m2/repository/org/rnorth/duct-tape/duct-tape/1.0.8/duct-tape-1.0.8.jar:/home/jorg/.m2/repository/org/jetbrains/annotations/17.0.0/annotations-17.0.0.jar:/home/jorg/.m2/repository/com/github/docker-java/docker-java-api/3.3.0/docker-java-api-3.3.0.jar:/home/jorg/.m2/repository/com/github/docker-java/docker-java-transport-zerodep/3.3.0/docker-java-transport-zerodep-3.3.0.jar:/home/jorg/.m2/repository/com/github/docker-java/docker-java-transport/3.3.0/docker-java-transport-3.3.0.jar:/home/jorg/.m2/repository/net/java/dev/jna/jna/5.12.1/jna-5.12.1.jar:/home/jorg/.m2/repository/org/testcontainers/mysql/1.18.0/mysql-1.18.0.jar:/home/jorg/.m2/repository/org/testcontainers/jdbc/1.18.0/jdbc-1.18.0.jar:/home/jorg/.m2/repository/org/testcontainers/database-commons/1.18.0/database-commons-1.18.0.jar:/home/jorg/.m2/repository/org/testcontainers/junit-jupiter/1.18.0/junit-jupiter-1.18.0.jar:/home/jorg/.m2/repository/com/mysql/mysql-connector-j/8.0.32/mysql-connector-j-8.0.32.jar:/home/jorg/.m2/repository/com/google/protobuf/protobuf-java/3.21.9/protobuf-java-3.21.9.jar:/home/jorg/.m2/repository/org/eclipse/persistence/org.eclipse.persistence.jpa/3.0.2/org.eclipse.persistence.jpa-3.0.2.jar:/home/jorg/.m2/repository/org/eclipse/persistence/org.eclipse.persistence.asm/9.1.0/org.eclipse.persistence.asm-9.1.0.jar:/home/jorg/.m2/repository/org/eclipse/persistence/org.eclipse.persistence.core/3.0.2/org.eclipse.persistence.core-3.0.2.jar:/home/jorg/.m2/repository/org/eclipse/persistence/org.eclipse.persistence.jpa.jpql/3.0.2/org.eclipse.persistence.jpa.jpql-3.0.2.jar:/home/jorg/.m2/repository/jakarta/persistence/jakarta.persistence-api/3.0.0/jakarta.persistence-api-3.0.0.jar:/home/jorg/.m2/repository/com/google/code/gson/gson/2.10/gson-2.10.jar:/home/jorg/.m2/repository/org/glassfish/jersey/containers/jersey-container-grizzly2-http/3.1.1/jersey-container-grizzly2-http-3.1.1.jar:/home/jorg/.m2/repository/jakarta/inject/jakarta.inject-api/2.0.1/jakarta.inject-api-2.0.1.jar:/home/jorg/.m2/repository/org/glassfish/grizzly/grizzly-http-server/4.0.0/grizzly-http-server-4.0.0.jar:/home/jorg/.m2/repository/org/glassfish/grizzly/grizzly-http/4.0.0/grizzly-http-4.0.0.jar:/home/jorg/.m2/repository/org/glassfish/grizzly/grizzly-framework/4.0.0/grizzly-framework-4.0.0.jar:/home/jorg/.m2/repository/io/rest-assured/rest-assured/5.3.0/rest-assured-5.3.0.jar:/home/jorg/.m2/repository/org/apache/groovy/groovy/4.0.6/groovy-4.0.6.jar:/home/jorg/.m2/repository/org/apache/groovy/groovy-xml/4.0.6/groovy-xml-4.0.6.jar:/home/jorg/.m2/repository/org/apache/httpcomponents/httpclient/4.5.13/httpclient-4.5.13.jar:/home/jorg/.m2/repository/org/apache/httpcomponents/httpcore/4.4.13/httpcore-4.4.13.jar:/home/jorg/.m2/repository/commons-logging/commons-logging/1.2/commons-logging-1.2.jar:/home/jorg/.m2/repository/commons-codec/commons-codec/1.11/commons-codec-1.11.jar:/home/jorg/.m2/repository/org/apache/httpcomponents/httpmime/4.5.13/httpmime-4.5.13.jar:/home/jorg/.m2/repository/org/hamcrest/hamcrest/2.1/hamcrest-2.1.jar:/home/jorg/.m2/repository/org/ccil/cowan/tagsoup/tagsoup/1.2.1/tagsoup-1.2.1.jar:/home/jorg/.m2/repository/io/rest-assured/json-path/5.3.0/json-path-5.3.0.jar:/home/jorg/.m2/repository/org/apache/groovy/groovy-json/4.0.6/groovy-json-4.0.6.jar:/home/jorg/.m2/repository/io/rest-assured/rest-assured-common/5.3.0/rest-assured-common-5.3.0.jar:/home/jorg/.m2/repository/io/rest-assured/xml-path/5.3.0/xml-path-5.3.0.jar:/home/jorg/.m2/repository/org/apache/commons/commons-lang3/3.11/commons-lang3-3.11.jar:/home/jorg/.m2/repository/io/rest-assured/json-schema-validator/5.3.0/json-schema-validator-5.3.0.jar:/home/jorg/.m2/repository/com/github/java-json-tools/json-schema-validator/2.2.14/json-schema-validator-2.2.14.jar:/home/jorg/.m2/repository/com/google/guava/guava/28.2-android/guava-28.2-android.jar:/home/jorg/.m2/repository/com/google/guava/failureaccess/1.0.1/failureaccess-1.0.1.jar:/home/jorg/.m2/repository/com/google/guava/listenablefuture/9999.0-empty-to-avoid-conflict-with-guava/listenablefuture-9999.0-empty-to-avoid-conflict-with-guava.jar:/home/jorg/.m2/repository/org/checkerframework/checker-compat-qual/2.5.5/checker-compat-qual-2.5.5.jar:/home/jorg/.m2/repository/com/google/errorprone/error_prone_annotations/2.3.4/error_prone_annotations-2.3.4.jar:/home/jorg/.m2/repository/com/google/j2objc/j2objc-annotations/1.3/j2objc-annotations-1.3.jar:/home/jorg/.m2/repository/com/github/java-json-tools/jackson-coreutils-equivalence/1.0/jackson-coreutils-equivalence-1.0.jar:/home/jorg/.m2/repository/com/github/java-json-tools/jackson-coreutils/2.0/jackson-coreutils-2.0.jar:/home/jorg/.m2/repository/com/github/java-json-tools/msg-simple/1.2/msg-simple-1.2.jar:/home/jorg/.m2/repository/com/github/java-json-tools/btf/1.3/btf-1.3.jar:/home/jorg/.m2/repository/com/github/java-json-tools/json-schema-core/1.2.14/json-schema-core-1.2.14.jar:/home/jorg/.m2/repository/com/github/java-json-tools/uri-template/0.10/uri-template-0.10.jar:/home/jorg/.m2/repository/org/mozilla/rhino/1.7.7.2/rhino-1.7.7.2.jar:/home/jorg/.m2/repository/com/sun/mail/mailapi/1.6.2/mailapi-1.6.2.jar:/home/jorg/.m2/repository/joda-time/joda-time/2.10.5/joda-time-2.10.5.jar:/home/jorg/.m2/repository/com/googlecode/libphonenumber/libphonenumber/8.11.1/libphonenumber-8.11.1.jar:/home/jorg/.m2/repository/com/google/code/findbugs/jsr305/3.0.2/jsr305-3.0.2.jar:/home/jorg/.m2/repository/net/sf/jopt-simple/jopt-simple/5.0.4/jopt-simple-5.0.4.jar:/home/jorg/.m2/repository/com/nimbusds/nimbus-jose-jwt/9.0.1/nimbus-jose-jwt-9.0.1.jar:/home/jorg/.m2/repository/com/github/stephenc/jcip/jcip-annotations/1.0-1/jcip-annotations-1.0-1.jar:/home/jorg/.m2/repository/org/mindrot/jbcrypt/0.4/jbcrypt-0.4.jar:/home/jorg/.m2/repository/org/codehaus/mojo/properties-maven-plugin/1.1.0/properties-maven-plugin-1.1.0.jar:/home/jorg/.m2/repository/org/codehaus/plexus/plexus-utils/3.4.1/plexus-utils-3.4.1.jar:/home/jorg/.m2/repository/ch/qos/logback/logback-classic/1.4.7/logback-classic-1.4.7.jar:/home/jorg/.m2/repository/ch/qos/logback/logback-core/1.4.7/logback-core-1.4.7.jar:/home/jorg/.m2/repository/org/slf4j/slf4j-api/2.0.7/slf4j-api-2.0.7.jar:/home/jorg/.m2/repository/io/github/cdimascio/dotenv-java/2.3.2/dotenv-java-2.3.2.jar:"/>
    <property name="sun.cpu.endian" value="little"/>
    <property name="user.home" value="/home/jorg"/>
    <property name="user.language" value="en"/>
    <property name="java.specification.vendor" value="Oracle Corporation"/>
    <property name="java.version.date" value="2023-01-17"/>
    <property name="java.home" value="/home/jorg/.jdks/corretto-17.0.6"/>
    <property name="file.separator" value="/"/>
    <property name="basedir" value="/home/jorg/Work/3_semester/startcode/startCode3semNew"/>
    <property name="java.vm.compressedOopsMode" value="Zero based"/>
    <property name="line.separator" value="&#10;"/>
    <property name="java.vm.specification.vendor" value="Oracle Corporation"/>
    <property name="java.specification.name" value="Java Platform API Specification"/>
    <property name="surefire.real.class.path" value="/home/jorg/Work/3_semester/startcode/startCode3semNew/target/surefire/surefirebooter-20230508131852326_3.jar"/>
    <property name="sun.management.compiler" value="HotSpot 64-Bit Tiered Compilers"/>
    <property name="java.runtime.version" value="17.0.6+10-LTS"/>
    <property name="user.name" value="jorg"/>
    <property name="path.separator" value=":"/>
    <property name="os.version" value="6.2.6-76060206-generic"/>
    <property name="java.runtime.name" value="OpenJDK Runtime Environment"/>
    <property name="file.encoding" value="UTF-8"/>
    <property name="java.vm.name" value="OpenJDK 64-Bit Server VM"/>
    <property name="java.vendor.version" value="Corretto-17.0.6.10.1"/>
    <property name="localRepository" value="/home/jorg/.m2/repository"/>
    <property name="java.vendor.url.bug" value="https://github.com/corretto/corretto-17/issues/"/>
    <property name="java.io.tmpdir" value="/tmp"/>
    <property name="idea.version" value="2023.1"/>
    <property name="java.version" value="17.0.6"/>
    <property name="user.dir" value="/home/jorg/Work/3_semester/startcode/startCode3semNew"/>
    <property name="os.arch" value="amd64"/>
    <property name="java.vm.specification.name" value="Java Virtual Machine Specification"/>
    <property name="native.encoding" value="UTF-8"/>
    <property name="java.library.path" value="/usr/java/packages/lib:/usr/lib64:/lib64:/lib:/usr/lib"/>
    <property name="java.vm.info" value="mixed mode, sharing"/>
    <property name="java.vendor" value="Amazon.com Inc."/>
    <property name="java.vm.version" value="17.0.6+10-LTS"/>
    <property name="sun.io.unicode.encoding" value="UnicodeLittle"/>
    <property name="java.class.version" value="61.0"/>
  </properties>
  <testcase name="getVerifiedUser" classname="dk.startcode.integration.UserFacadeTest" time="0.067">
    <system-out><![CDATA[Using the TEST database via persistence-unit --> pu-test 
[EL Info]: 2023-05-08 13:18:53.048--ServerSession(534753234)--EclipseLink, version: Eclipse Persistence Services - 3.0.2.v202107160933
2023-05-08 13:18:53,143 [main] &amp#27;[39mDEBUG&amp#27;[0;39m &amp#27;[36mo.t.jdbc.ContainerDatabaseDriver&amp#27;[0;39m - &amp#27;[32mContainer not found in cache, creating new instance
&amp#27;[0;39m2023-05-08 13:18:53,168 [main] &amp#27;[39mDEBUG&amp#27;[0;39m &amp#27;[36mo.t.u.TestcontainersConfiguration&amp#27;[0;39m - &amp#27;[32mTestcontainers configuration overrides will be loaded from file:/home/jorg/.testcontainers.properties
&amp#27;[0;39m2023-05-08 13:18:53,172 [main] &amp#27;[34mINFO &amp#27;[0;39m &amp#27;[36mo.t.utility.ImageNameSubstitutor&amp#27;[0;39m - &amp#27;[32mImage name substitution will be performed by: DefaultImageNameSubstitutor (composite of 'ConfigurationFileImageNameSubstitutor' and 'PrefixingImageNameSubstitutor')
&amp#27;[0;39m2023-05-08 13:18:53,319 [main] &amp#27;[34mINFO &amp#27;[0;39m &amp#27;[36mo.t.d.DockerClientProviderStrategy&amp#27;[0;39m - &amp#27;[32mLoaded org.testcontainers.dockerclient.UnixSocketClientProviderStrategy from ~/.testcontainers.properties, will try it first
&amp#27;[0;39m2023-05-08 13:18:53,320 [main] &amp#27;[39mDEBUG&amp#27;[0;39m &amp#27;[36mo.t.d.DockerClientProviderStrategy&amp#27;[0;39m - &amp#27;[32mTrying out strategy: UnixSocketClientProviderStrategy
&amp#27;[0;39m2023-05-08 13:18:53,419 [main] &amp#27;[39mDEBUG&amp#27;[0;39m &amp#27;[36mo.t.s.c.g.d.c.command.AbstrDockerCmd&amp#27;[0;39m - &amp#27;[32mCmd: 
&amp#27;[0;39m2023-05-08 13:18:53,436 [main] &amp#27;[39mDEBUG&amp#27;[0;39m &amp#27;[36mc.g.d.z.s.o.a.h.c.h.i.c.InternalHttpClient&amp#27;[0;39m - &amp#27;[32mex-00000001: preparing request execution
&amp#27;[0;39m2023-05-08 13:18:53,439 [main] &amp#27;[39mDEBUG&amp#27;[0;39m &amp#27;[36mc.g.d.z.s.o.a.h.c.h.p.RequestAddCookies&amp#27;[0;39m - &amp#27;[32mCookie spec selected: strict
&amp#27;[0;39m2023-05-08 13:18:53,442 [main] &amp#27;[39mDEBUG&amp#27;[0;39m &amp#27;[36mc.g.d.z.s.o.a.h.c.h.p.RequestAuthCache&amp#27;[0;39m - &amp#27;[32mAuth cache not set in the context
&amp#27;[0;39m2023-05-08 13:18:53,442 [main] &amp#27;[39mDEBUG&amp#27;[0;39m &amp#27;[36mc.g.d.z.s.o.a.h.c.h.i.c.ProtocolExec&amp#27;[0;39m - &amp#27;[32mex-00000001: target auth state: UNCHALLENGED
&amp#27;[0;39m2023-05-08 13:18:53,443 [main] &amp#27;[39mDEBUG&amp#27;[0;39m &amp#27;[36mc.g.d.z.s.o.a.h.c.h.i.c.ProtocolExec&amp#27;[0;39m - &amp#27;[32mex-00000001: proxy auth state: UNCHALLENGED
&amp#27;[0;39m2023-05-08 13:18:53,443 [main] &amp#27;[39mDEBUG&amp#27;[0;39m &amp#27;[36mc.g.d.z.s.o.a.h.c.h.i.c.ConnectExec&amp#27;[0;39m - &amp#27;[32mex-00000001: acquiring connection with route {}->unix://localhost:2375
&amp#27;[0;39m2023-05-08 13:18:53,443 [main] &amp#27;[39mDEBUG&amp#27;[0;39m &amp#27;[36mc.g.d.z.s.o.a.h.c.h.i.c.InternalHttpClient&amp#27;[0;39m - &amp#27;[32mex-00000001: acquiring endpoint (3 MINUTES)
&amp#27;[0;39m2023-05-08 13:18:53,444 [main] &amp#27;[39mDEBUG&amp#27;[0;39m &amp#27;[36mc.g.d.z.s.o.a.h.c.h.i.i.PoolingHttpClientConnectionManager&amp#27;[0;39m - &amp#27;[32mex-00000001: endpoint lease request (3 MINUTES) [route: {}->unix://localhost:2375][total available: 0; route allocated: 0 of 2147483647; total allocated: 0 of 2147483647]
&amp#27;[0;39m2023-05-08 13:18:53,446 [main] &amp#27;[39mDEBUG&amp#27;[0;39m &amp#27;[36mc.g.d.z.s.o.a.h.c.h.i.i.PoolingHttpClientConnectionManager&amp#27;[0;39m - &amp#27;[32mex-00000001: endpoint leased [route: {}->unix://localhost:2375][total available: 0; route allocated: 1 of 2147483647; total allocated: 1 of 2147483647]
&amp#27;[0;39m2023-05-08 13:18:53,452 [main] &amp#27;[39mDEBUG&amp#27;[0;39m &amp#27;[36mc.g.d.z.s.o.a.h.c.h.i.i.PoolingHttpClientConnectionManager&amp#27;[0;39m - &amp#27;[32mex-00000001: acquired ep-00000000
&amp#27;[0;39m2023-05-08 13:18:53,452 [main] &amp#27;[39mDEBUG&amp#27;[0;39m &amp#27;[36mc.g.d.z.s.o.a.h.c.h.i.c.InternalHttpClient&amp#27;[0;39m - &amp#27;[32mex-00000001: acquired endpoint ep-00000000
&amp#27;[0;39m2023-05-08 13:18:53,452 [main] &amp#27;[39mDEBUG&amp#27;[0;39m &amp#27;[36mc.g.d.z.s.o.a.h.c.h.i.c.ConnectExec&amp#27;[0;39m - &amp#27;[32mex-00000001: opening connection {}->unix://localhost:2375
&amp#27;[0;39m2023-05-08 13:18:53,452 [main] &amp#27;[39mDEBUG&amp#27;[0;39m &amp#27;[36mc.g.d.z.s.o.a.h.c.h.i.c.InternalHttpClient&amp#27;[0;39m - &amp#27;[32mep-00000000: connecting endpoint (3 MINUTES)
&amp#27;[0;39m2023-05-08 13:18:53,453 [main] &amp#27;[39mDEBUG&amp#27;[0;39m &amp#27;[36mc.g.d.z.s.o.a.h.c.h.i.i.PoolingHttpClientConnectionManager&amp#27;[0;39m - &amp#27;[32mep-00000000: connecting endpoint to unix://localhost:2375 (3 MINUTES)
&amp#27;[0;39m2023-05-08 13:18:53,456 [main] &amp#27;[39mDEBUG&amp#27;[0;39m &amp#27;[36mc.g.d.z.s.o.a.h.c.h.i.i.DefaultHttpClientConnectionOperator&amp#27;[0;39m - &amp#27;[32mhttp-outgoing-0: connecting to localhost/127.0.0.1:2375
&amp#27;[0;39m2023-05-08 13:18:53,456 [main] &amp#27;[39mDEBUG&amp#27;[0;39m &amp#27;[36mc.g.d.z.s.o.a.h.c.h.i.i.DefaultHttpClientConnectionOperator&amp#27;[0;39m - &amp#27;[32mhttp-outgoing-0: connection established /var/run/docker.sock<->/var/run/docker.sock
&amp#27;[0;39m2023-05-08 13:18:53,457 [main] &amp#27;[39mDEBUG&amp#27;[0;39m &amp#27;[36mc.g.d.z.s.o.a.h.c.h.i.i.PoolingHttpClientConnectionManager&amp#27;[0;39m - &amp#27;[32mep-00000000: connected http-outgoing-0
&amp#27;[0;39m2023-05-08 13:18:53,457 [main] &amp#27;[39mDEBUG&amp#27;[0;39m &amp#27;[36mc.g.d.z.s.o.a.h.c.h.i.c.InternalHttpClient&amp#27;[0;39m - &amp#27;[32mep-00000000: endpoint connected
&amp#27;[0;39m2023-05-08 13:18:53,458 [main] &amp#27;[39mDEBUG&amp#27;[0;39m &amp#27;[36mc.g.d.z.s.o.a.h.c.h.i.c.MainClientExec&amp#27;[0;39m - &amp#27;[32mex-00000001: executing GET /v1.32/info HTTP/1.1
&amp#27;[0;39m2023-05-08 13:18:53,458 [main] &amp#27;[39mDEBUG&amp#27;[0;39m &amp#27;[36mc.g.d.z.s.o.a.h.c.h.i.c.InternalHttpClient&amp#27;[0;39m - &amp#27;[32mep-00000000: start execution ex-00000001
&amp#27;[0;39m2023-05-08 13:18:53,458 [main] &amp#27;[39mDEBUG&amp#27;[0;39m &amp#27;[36mc.g.d.z.s.o.a.h.c.h.i.i.PoolingHttpClientConnectionManager&amp#27;[0;39m - &amp#27;[32mep-00000000: executing exchange ex-00000001 over http-outgoing-0
&amp#27;[0;39m2023-05-08 13:18:53,459 [main] &amp#27;[39mDEBUG&amp#27;[0;39m &amp#27;[36mc.g.d.z.s.o.a.h.client5.http.headers&amp#27;[0;39m - &amp#27;[32mhttp-outgoing-0 >> GET /v1.32/info HTTP/1.1
&amp#27;[0;39m2023-05-08 13:18:53,459 [main] &amp#27;[39mDEBUG&amp#27;[0;39m &amp#27;[36mc.g.d.z.s.o.a.h.client5.http.headers&amp#27;[0;39m - &amp#27;[32mhttp-outgoing-0 >> x-tc-sid: f1b696c1-ec3f-4f95-afa8-081853be7ccb
&amp#27;[0;39m2023-05-08 13:18:53,460 [main] &amp#27;[39mDEBUG&amp#27;[0;39m &amp#27;[36mc.g.d.z.s.o.a.h.client5.http.headers&amp#27;[0;39m - &amp#27;[32mhttp-outgoing-0 >> Accept-Encoding: gzip, x-gzip, deflate
&amp#27;[0;39m2023-05-08 13:18:53,460 [main] &amp#27;[39mDEBUG&amp#27;[0;39m &amp#27;[36mc.g.d.z.s.o.a.h.client5.http.headers&amp#27;[0;39m - &amp#27;[32mhttp-outgoing-0 >> Host: localhost:2375
&amp#27;[0;39m2023-05-08 13:18:53,460 [main] &amp#27;[39mDEBUG&amp#27;[0;39m &amp#27;[36mc.g.d.z.s.o.a.h.client5.http.headers&amp#27;[0;39m - &amp#27;[32mhttp-outgoing-0 >> Connection: keep-alive
&amp#27;[0;39m2023-05-08 13:18:53,460 [main] &amp#27;[39mDEBUG&amp#27;[0;39m &amp#27;[36mc.g.d.z.s.o.a.h.client5.http.headers&amp#27;[0;39m - &amp#27;[32mhttp-outgoing-0 >> User-Agent: Apache-HttpClient/5.0.3 (Java/17.0.6)
&amp#27;[0;39m2023-05-08 13:18:53,460 [main] &amp#27;[39mDEBUG&amp#27;[0;39m &amp#27;[36mc.g.d.z.s.o.a.hc.client5.http.wire&amp#27;[0;39m - &amp#27;[32mhttp-outgoing-0 >> "GET /v1.32/info HTTP/1.1[\r][\n]"
&amp#27;[0;39m2023-05-08 13:18:53,460 [main] &amp#27;[39mDEBUG&amp#27;[0;39m &amp#27;[36mc.g.d.z.s.o.a.hc.client5.http.wire&amp#27;[0;39m - &amp#27;[32mhttp-outgoing-0 >> "x-tc-sid: f1b696c1-ec3f-4f95-afa8-081853be7ccb[\r][\n]"
&amp#27;[0;39m2023-05-08 13:18:53,460 [main] &amp#27;[39mDEBUG&amp#27;[0;39m &amp#27;[36mc.g.d.z.s.o.a.hc.client5.http.wire&amp#27;[0;39m - &amp#27;[32mhttp-outgoing-0 >> "Accept-Encoding: gzip, x-gzip, deflate[\r][\n]"
&amp#27;[0;39m2023-05-08 13:18:53,460 [main] &amp#27;[39mDEBUG&amp#27;[0;39m &amp#27;[36mc.g.d.z.s.o.a.hc.client5.http.wire&amp#27;[0;39m - &amp#27;[32mhttp-outgoing-0 >> "Host: localhost:2375[\r][\n]"
&amp#27;[0;39m2023-05-08 13:18:53,460 [main] &amp#27;[39mDEBUG&amp#27;[0;39m &amp#27;[36mc.g.d.z.s.o.a.hc.client5.http.wire&amp#27;[0;39m - &amp#27;[32mhttp-outgoing-0 >> "Connection: keep-alive[\r][\n]"
&amp#27;[0;39m2023-05-08 13:18:53,460 [main] &amp#27;[39mDEBUG&amp#27;[0;39m &amp#27;[36mc.g.d.z.s.o.a.hc.client5.http.wire&amp#27;[0;39m - &amp#27;[32mhttp-outgoing-0 >> "User-Agent: Apache-HttpClient/5.0.3 (Java/17.0.6)[\r][\n]"
&amp#27;[0;39m2023-05-08 13:18:53,460 [main] &amp#27;[39mDEBUG&amp#27;[0;39m &amp#27;[36mc.g.d.z.s.o.a.hc.client5.http.wire&amp#27;[0;39m - &amp#27;[32mhttp-outgoing-0 >> "[\r][\n]"
&amp#27;[0;39m2023-05-08 13:18:53,465 [main] &amp#27;[39mDEBUG&amp#27;[0;39m &amp#27;[36mc.g.d.z.s.o.a.hc.client5.http.wire&amp#27;[0;39m - &amp#27;[32mhttp-outgoing-0 << "HTTP/1.1 200 OK[\r][\n]"
&amp#27;[0;39m2023-05-08 13:18:53,465 [main] &amp#27;[39mDEBUG&amp#27;[0;39m &amp#27;[36mc.g.d.z.s.o.a.hc.client5.http.wire&amp#27;[0;39m - &amp#27;[32mhttp-outgoing-0 << "Api-Version: 1.42[\r][\n]"
&amp#27;[0;39m2023-05-08 13:18:53,465 [main] &amp#27;[39mDEBUG&amp#27;[0;39m &amp#27;[36mc.g.d.z.s.o.a.hc.client5.http.wire&amp#27;[0;39m - &amp#27;[32mhttp-outgoing-0 << "Content-Type: application/json[\r][\n]"
&amp#27;[0;39m2023-05-08 13:18:53,465 [main] &amp#27;[39mDEBUG&amp#27;[0;39m &amp#27;[36mc.g.d.z.s.o.a.hc.client5.http.wire&amp#27;[0;39m - &amp#27;[32mhttp-outgoing-0 << "Docker-Experimental: false[\r][\n]"
&amp#27;[0;39m2023-05-08 13:18:53,465 [main] &amp#27;[39mDEBUG&amp#27;[0;39m &amp#27;[36mc.g.d.z.s.o.a.hc.client5.http.wire&amp#27;[0;39m - &amp#27;[32mhttp-outgoing-0 << "Ostype: linux[\r][\n]"
&amp#27;[0;39m2023-05-08 13:18:53,466 [main] &amp#27;[39mDEBUG&amp#27;[0;39m &amp#27;[36mc.g.d.z.s.o.a.hc.client5.http.wire&amp#27;[0;39m - &amp#27;[32mhttp-outgoing-0 << "Server: Docker/23.0.5 (linux)[\r][\n]"
&amp#27;[0;39m2023-05-08 13:18:53,466 [main] &amp#27;[39mDEBUG&amp#27;[0;39m &amp#27;[36mc.g.d.z.s.o.a.hc.client5.http.wire&amp#27;[0;39m - &amp#27;[32mhttp-outgoing-0 << "Date: Mon, 08 May 2023 11:18:53 GMT[\r][\n]"
&amp#27;[0;39m2023-05-08 13:18:53,466 [main] &amp#27;[39mDEBUG&amp#27;[0;39m &amp#27;[36mc.g.d.z.s.o.a.hc.client5.http.wire&amp#27;[0;39m - &amp#27;[32mhttp-outgoing-0 << "Transfer-Encoding: chunked[\r][\n]"
&amp#27;[0;39m2023-05-08 13:18:53,466 [main] &amp#27;[39mDEBUG&amp#27;[0;39m &amp#27;[36mc.g.d.z.s.o.a.hc.client5.http.wire&amp#27;[0;39m - &amp#27;[32mhttp-outgoing-0 << "[\r][\n]"
&amp#27;[0;39m2023-05-08 13:18:53,466 [main] &amp#27;[39mDEBUG&amp#27;[0;39m &amp#27;[36mc.g.d.z.s.o.a.hc.client5.http.wire&amp#27;[0;39m - &amp#27;[32mhttp-outgoing-0 << "8b9[\r][\n]"
&amp#27;[0;39m2023-05-08 13:18:53,466 [main] &amp#27;[39mDEBUG&amp#27;[0;39m &amp#27;[36mc.g.d.z.s.o.a.hc.client5.http.wire&amp#27;[0;39m - &amp#27;[32mhttp-outgoing-0 << "{"ID":"ca9d1900-c2a2-4659-9f61-f1c2bf2692d1","Containers":3,"ContainersRunning":2,"ContainersPaused":0,"ContainersStopped":1,"Images":9,"Driver":"overlay2","DriverStatus":[["Backing Filesystem","extfs"],["Supports d_type","true"],["Using metacopy","false"],["Native Overlay Diff","true"],["userxattr","false"]],"Plugins":{"Volume":["local"],"Network":["bridge","host","ipvlan","macvlan","null","overlay"],"Authorization":null,"Log":["awslogs","fluentd","gcplogs","gelf","journald","json-file","local","logentries","splunk","syslog"]},"MemoryLimit":true,"SwapLimit":true,"CpuCfsPeriod":true,"CpuCfsQuota":true,"CPUShares":true,"CPUSet":true,"PidsLimit":true,"IPv4Forwarding":true,"BridgeNfIptables":true,"BridgeNfIp6tables":true,"Debug":false,"NFd":38,"OomKillDisable":false,"NGoroutines":47,"SystemTime":"2023-05-08T13:18:53.461280462+02:00","LoggingDriver":"json-file","CgroupDriver":"systemd","CgroupVersion":"2","NEventsListener":0,"KernelVersion":"6.2.6-76060206-generic","OperatingSystem":"Pop!_OS 22.04 LTS","OSVersion":"22.04","OSType":"linux","Architecture":"x86_64","IndexServerAddress":"https://index.docker.io/v1/","RegistryConfig":{"AllowNondistributableArtifactsCIDRs":null,"AllowNondistributableArtifactsHostnames":null,"InsecureRegistryCIDRs":["127.0.0.0/8"],"IndexConfigs":{"docker.io":{"Name":"docker.io","Mirrors":[],"Secure":true,"Official":true}},"Mirrors":null},"NCPU":16,"MemTotal":16085045248,"GenericResources":null,"DockerRootDir":"/var/lib/docker","HttpProxy":"","HttpsProxy":"","NoProxy":"","Name":"pop-os","Labels":[],"ExperimentalBuild":false,"ServerVersion":"23.0.5","Runtimes":{"io.containerd.runc.v2":{"path":"runc"},"runc":{"path":"runc"}},"DefaultRuntime":"runc","Swarm":{"NodeID":"","NodeAddr":"","LocalNodeState":"inactive","ControlAvailable":false,"Error":"","RemoteManagers":null},"LiveRestoreEnabled":false,"Isolation":"","InitBinary":"docker-init","ContainerdCommit":{"ID":"3dce8eb055cbb6872793272b4f20ed16117344f8","Expected":"3dce8eb055cbb6872793272b4f20ed16117344f8"},"RuncCommit":{"ID":"v1.1.7-0-g860f061","Expected":"v1.1.7-0-g860f061"},"InitCommit":{"ID":"de40ad0","Expected":"de40ad0"},"SecurityOptions":["name=apparmor","name=seccomp,profile=builtin","name=cgroupns"],"Warnings":null}[\n]"
&amp#27;[0;39m2023-05-08 13:18:53,466 [main] &amp#27;[39mDEBUG&amp#27;[0;39m &amp#27;[36mc.g.d.z.s.o.a.hc.client5.http.wire&amp#27;[0;39m - &amp#27;[32mhttp-outgoing-0 << "[\r][\n]"
&amp#27;[0;39m2023-05-08 13:18:53,466 [main] &amp#27;[39mDEBUG&amp#27;[0;39m &amp#27;[36mc.g.d.z.s.o.a.hc.client5.http.wire&amp#27;[0;39m - &amp#27;[32mhttp-outgoing-0 << "0[\r][\n]"
&amp#27;[0;39m2023-05-08 13:18:53,466 [main] &amp#27;[39mDEBUG&amp#27;[0;39m &amp#27;[36mc.g.d.z.s.o.a.hc.client5.http.wire&amp#27;[0;39m - &amp#27;[32mhttp-outgoing-0 << "[\r][\n]"
&amp#27;[0;39m2023-05-08 13:18:53,468 [main] &amp#27;[39mDEBUG&amp#27;[0;39m &amp#27;[36mc.g.d.z.s.o.a.h.client5.http.headers&amp#27;[0;39m - &amp#27;[32mhttp-outgoing-0 << HTTP/1.1 200 OK
&amp#27;[0;39m2023-05-08 13:18:53,468 [main] &amp#27;[39mDEBUG&amp#27;[0;39m &amp#27;[36mc.g.d.z.s.o.a.h.client5.http.headers&amp#27;[0;39m - &amp#27;[32mhttp-outgoing-0 << Api-Version: 1.42
&amp#27;[0;39m2023-05-08 13:18:53,468 [main] &amp#27;[39mDEBUG&amp#27;[0;39m &amp#27;[36mc.g.d.z.s.o.a.h.client5.http.headers&amp#27;[0;39m - &amp#27;[32mhttp-outgoing-0 << Content-Type: application/json
&amp#27;[0;39m2023-05-08 13:18:53,468 [main] &amp#27;[39mDEBUG&amp#27;[0;39m &amp#27;[36mc.g.d.z.s.o.a.h.client5.http.headers&amp#27;[0;39m - &amp#27;[32mhttp-outgoing-0 << Docker-Experimental: false
&amp#27;[0;39m2023-05-08 13:18:53,468 [main] &amp#27;[39mDEBUG&amp#27;[0;39m &amp#27;[36mc.g.d.z.s.o.a.h.client5.http.headers&amp#27;[0;39m - &amp#27;[32mhttp-outgoing-0 << Ostype: linux
&amp#27;[0;39m2023-05-08 13:18:53,468 [main] &amp#27;[39mDEBUG&amp#27;[0;39m &amp#27;[36mc.g.d.z.s.o.a.h.client5.http.headers&amp#27;[0;39m - &amp#27;[32mhttp-outgoing-0 << Server: Docker/23.0.5 (linux)
&amp#27;[0;39m2023-05-08 13:18:53,468 [main] &amp#27;[39mDEBUG&amp#27;[0;39m &amp#27;[36mc.g.d.z.s.o.a.h.client5.http.headers&amp#27;[0;39m - &amp#27;[32mhttp-outgoing-0 << Date: Mon, 08 May 2023 11:18:53 GMT
&amp#27;[0;39m2023-05-08 13:18:53,468 [main] &amp#27;[39mDEBUG&amp#27;[0;39m &amp#27;[36mc.g.d.z.s.o.a.h.client5.http.headers&amp#27;[0;39m - &amp#27;[32mhttp-outgoing-0 << Transfer-Encoding: chunked
&amp#27;[0;39m2023-05-08 13:18:53,470 [main] &amp#27;[39mDEBUG&amp#27;[0;39m &amp#27;[36mc.g.d.z.s.o.a.h.c.h.i.c.MainClientExec&amp#27;[0;39m - &amp#27;[32mex-00000001: connection can be kept alive for 3 MINUTES
&amp#27;[0;39m2023-05-08 13:18:53,507 [main] &amp#27;[39mDEBUG&amp#27;[0;39m &amp#27;[36mc.g.d.z.s.o.a.h.c.h.i.c.InternalHttpClient&amp#27;[0;39m - &amp#27;[32mep-00000000: releasing valid endpoint
&amp#27;[0;39m2023-05-08 13:18:53,507 [main] &amp#27;[39mDEBUG&amp#27;[0;39m &amp#27;[36mc.g.d.z.s.o.a.h.c.h.i.i.PoolingHttpClientConnectionManager&amp#27;[0;39m - &amp#27;[32mep-00000000: releasing endpoint
&amp#27;[0;39m2023-05-08 13:18:53,507 [main] &amp#27;[39mDEBUG&amp#27;[0;39m &amp#27;[36mc.g.d.z.s.o.a.h.c.h.i.i.PoolingHttpClientConnectionManager&amp#27;[0;39m - &amp#27;[32mep-00000000: connection http-outgoing-0 can be kept alive for 3 MINUTES
&amp#27;[0;39m2023-05-08 13:18:53,508 [main] &amp#27;[39mDEBUG&amp#27;[0;39m &amp#27;[36mc.g.d.z.s.o.a.h.c.h.i.i.PoolingHttpClientConnectionManager&amp#27;[0;39m - &amp#27;[32mep-00000000: connection released [route: {}->unix://localhost:2375][total available: 1; route allocated: 1 of 2147483647; total allocated: 1 of 2147483647]
&amp#27;[0;39m2023-05-08 13:18:53,508 [main] &amp#27;[34mINFO &amp#27;[0;39m &amp#27;[36mo.t.d.DockerClientProviderStrategy&amp#27;[0;39m - &amp#27;[32mFound Docker environment with local Unix socket (unix:///var/run/docker.sock)
&amp#27;[0;39m2023-05-08 13:18:53,508 [main] &amp#27;[39mDEBUG&amp#27;[0;39m &amp#27;[36mo.t.d.DockerClientProviderStrategy&amp#27;[0;39m - &amp#27;[32mTransport type: 'httpclient5', Docker host: 'unix:///var/run/docker.sock'
&amp#27;[0;39m2023-05-08 13:18:53,508 [main] &amp#27;[39mDEBUG&amp#27;[0;39m &amp#27;[36mo.t.d.DockerClientProviderStrategy&amp#27;[0;39m - &amp#27;[32mChecking Docker OS type for local Unix socket (unix:///var/run/docker.sock)
&amp#27;[0;39m2023-05-08 13:18:53,510 [main] &amp#27;[34mINFO &amp#27;[0;39m &amp#27;[36mo.testcontainers.DockerClientFactory&amp#27;[0;39m - &amp#27;[32mDocker host IP address is localhost
&amp#27;[0;39m2023-05-08 13:18:53,510 [main] &amp#27;[39mDEBUG&amp#27;[0;39m &amp#27;[36mo.testcontainers.DockerClientFactory&amp#27;[0;39m - &amp#27;[32mDocker info: {NGoroutines=47, Name=pop-os, Swarm={NodeID=, NodeAddr=, LocalNodeState=inactive, ControlAvailable=false, Error=, RemoteManagers=null}, RuncCommit={ID=v1.1.7-0-g860f061, Expected=v1.1.7-0-g860f061}, OSVersion=22.04, Runtimes={io.containerd.runc.v2={path=runc}, runc={path=runc}}, ID=ca9d1900-c2a2-4659-9f61-f1c2bf2692d1, DriverStatus=[[Backing Filesystem, extfs], [Supports d_type, true], [Using metacopy, false], [Native Overlay Diff, true], [userxattr, false]], BridgeNfIptables=true, LiveRestoreEnabled=false, SystemTime=2023-05-08T13:18:53.461280462+02:00, NoProxy=, Architecture=x86_64, NEventsListener=0, HttpsProxy=, Images=9, ContainersRunning=2, Labels=[], InitCommit={ID=de40ad0, Expected=de40ad0}, NFd=38, KernelVersion=6.2.6-76060206-generic, LoggingDriver=json-file, OSType=linux, SecurityOptions=[name=apparmor, name=seccomp,profile=builtin, name=cgroupns], ContainerdCommit={ID=3dce8eb055cbb6872793272b4f20ed16117344f8, Expected=3dce8eb055cbb6872793272b4f20ed16117344f8}, GenericResources=null, OperatingSystem=Pop!_OS 22.04 LTS, RegistryConfig={AllowNondistributableArtifactsCIDRs=null, AllowNondistributableArtifactsHostnames=null, InsecureRegistryCIDRs=[127.0.0.0/8], IndexConfigs={docker.io={Name=docker.io, Mirrors=[], Secure=true, Official=true}}, Mirrors=null}, ServerVersion=23.0.5, OomKillDisable=false, CpuCfsQuota=true, Containers=3, Driver=overlay2, IPv4Forwarding=true, ExperimentalBuild=false, DockerRootDir=/var/lib/docker, CPUSet=true, CpuCfsPeriod=true, DefaultRuntime=runc, CPUShares=true, Debug=false, NCPU=16, Plugins={Volume=[local], Network=[bridge, host, ipvlan, macvlan, null, overlay], Authorization=null, Log=[awslogs, fluentd, gcplogs, gelf, journald, json-file, local, logentries, splunk, syslog]}, SwapLimit=true, CgroupDriver=systemd, ContainersPaused=0, MemTotal=16085045248, IndexServerAddress=https://index.docker.io/v1/, MemoryLimit=true, HttpProxy=, InitBinary=docker-init, CgroupVersion=2, PidsLimit=true, Isolation=, BridgeNfIp6tables=true, Warnings=null, ContainersStopped=1}
&amp#27;[0;39m2023-05-08 13:18:53,511 [main] &amp#27;[39mDEBUG&amp#27;[0;39m &amp#27;[36mo.t.s.c.g.d.c.command.AbstrDockerCmd&amp#27;[0;39m - &amp#27;[32mCmd: 
&amp#27;[0;39m2023-05-08 13:18:53,512 [main] &amp#27;[39mDEBUG&amp#27;[0;39m &amp#27;[36mc.g.d.z.s.o.a.h.c.h.i.c.InternalHttpClient&amp#27;[0;39m - &amp#27;[32mex-00000002: preparing request execution
&amp#27;[0;39m2023-05-08 13:18:53,513 [main] &amp#27;[39mDEBUG&amp#27;[0;39m &amp#27;[36mc.g.d.z.s.o.a.h.c.h.p.RequestAddCookies&amp#27;[0;39m - &amp#27;[32mCookie spec selected: strict
&amp#27;[0;39m2023-05-08 13:18:53,513 [main] &amp#27;[39mDEBUG&amp#27;[0;39m &amp#27;[36mc.g.d.z.s.o.a.h.c.h.p.RequestAuthCache&amp#27;[0;39m - &amp#27;[32mAuth cache not set in the context
&amp#27;[0;39m2023-05-08 13:18:53,513 [main] &amp#27;[39mDEBUG&amp#27;[0;39m &amp#27;[36mc.g.d.z.s.o.a.h.c.h.i.c.ProtocolExec&amp#27;[0;39m - &amp#27;[32mex-00000002: target auth state: UNCHALLENGED
&amp#27;[0;39m2023-05-08 13:18:53,513 [main] &amp#27;[39mDEBUG&amp#27;[0;39m &amp#27;[36mc.g.d.z.s.o.a.h.c.h.i.c.ProtocolExec&amp#27;[0;39m - &amp#27;[32mex-00000002: proxy auth state: UNCHALLENGED
&amp#27;[0;39m2023-05-08 13:18:53,513 [main] &amp#27;[39mDEBUG&amp#27;[0;39m &amp#27;[36mc.g.d.z.s.o.a.h.c.h.i.c.ConnectExec&amp#27;[0;39m - &amp#27;[32mex-00000002: acquiring connection with route {}->unix://localhost:2375
&amp#27;[0;39m2023-05-08 13:18:53,513 [main] &amp#27;[39mDEBUG&amp#27;[0;39m &amp#27;[36mc.g.d.z.s.o.a.h.c.h.i.c.InternalHttpClient&amp#27;[0;39m - &amp#27;[32mex-00000002: acquiring endpoint (3 MINUTES)
&amp#27;[0;39m2023-05-08 13:18:53,513 [main] &amp#27;[39mDEBUG&amp#27;[0;39m &amp#27;[36mc.g.d.z.s.o.a.h.c.h.i.i.PoolingHttpClientConnectionManager&amp#27;[0;39m - &amp#27;[32mex-00000002: endpoint lease request (3 MINUTES) [route: {}->unix://localhost:2375][total available: 1; route allocated: 1 of 2147483647; total allocated: 1 of 2147483647]
&amp#27;[0;39m2023-05-08 13:18:53,514 [main] &amp#27;[39mDEBUG&amp#27;[0;39m &amp#27;[36mc.g.d.z.s.o.a.h.c.h.i.i.PoolingHttpClientConnectionManager&amp#27;[0;39m - &amp#27;[32mex-00000002: endpoint leased [route: {}->unix://localhost:2375][total available: 0; route allocated: 1 of 2147483647; total allocated: 1 of 2147483647]
&amp#27;[0;39m2023-05-08 13:18:53,514 [main] &amp#27;[39mDEBUG&amp#27;[0;39m &amp#27;[36mc.g.d.z.s.o.a.h.c.h.i.i.PoolingHttpClientConnectionManager&amp#27;[0;39m - &amp#27;[32mex-00000002: acquired ep-00000001
&amp#27;[0;39m2023-05-08 13:18:53,514 [main] &amp#27;[39mDEBUG&amp#27;[0;39m &amp#27;[36mc.g.d.z.s.o.a.h.c.h.i.c.InternalHttpClient&amp#27;[0;39m - &amp#27;[32mex-00000002: acquired endpoint ep-00000001
&amp#27;[0;39m2023-05-08 13:18:53,514 [main] &amp#27;[39mDEBUG&amp#27;[0;39m &amp#27;[36mc.g.d.z.s.o.a.h.c.h.i.c.MainClientExec&amp#27;[0;39m - &amp#27;[32mex-00000002: executing GET /v1.32/version HTTP/1.1
&amp#27;[0;39m2023-05-08 13:18:53,514 [main] &amp#27;[39mDEBUG&amp#27;[0;39m &amp#27;[36mc.g.d.z.s.o.a.h.c.h.i.c.InternalHttpClient&amp#27;[0;39m - &amp#27;[32mep-00000001: start execution ex-00000002
&amp#27;[0;39m2023-05-08 13:18:53,514 [main] &amp#27;[39mDEBUG&amp#27;[0;39m &amp#27;[36mc.g.d.z.s.o.a.h.c.h.i.i.PoolingHttpClientConnectionManager&amp#27;[0;39m - &amp#27;[32mep-00000001: executing exchange ex-00000002 over http-outgoing-0
&amp#27;[0;39m2023-05-08 13:18:53,515 [main] &amp#27;[39mDEBUG&amp#27;[0;39m &amp#27;[36mc.g.d.z.s.o.a.h.client5.http.headers&amp#27;[0;39m - &amp#27;[32mhttp-outgoing-0 >> GET /v1.32/version HTTP/1.1
&amp#27;[0;39m2023-05-08 13:18:53,515 [main] &amp#27;[39mDEBUG&amp#27;[0;39m &amp#27;[36mc.g.d.z.s.o.a.h.client5.http.headers&amp#27;[0;39m - &amp#27;[32mhttp-outgoing-0 >> accept: application/json
&amp#27;[0;39m2023-05-08 13:18:53,515 [main] &amp#27;[39mDEBUG&amp#27;[0;39m &amp#27;[36mc.g.d.z.s.o.a.h.client5.http.headers&amp#27;[0;39m - &amp#27;[32mhttp-outgoing-0 >> x-tc-sid: f1b696c1-ec3f-4f95-afa8-081853be7ccb
&amp#27;[0;39m2023-05-08 13:18:53,515 [main] &amp#27;[39mDEBUG&amp#27;[0;39m &amp#27;[36mc.g.d.z.s.o.a.h.client5.http.headers&amp#27;[0;39m - &amp#27;[32mhttp-outgoing-0 >> Accept-Encoding: gzip, x-gzip, deflate
&amp#27;[0;39m2023-05-08 13:18:53,515 [main] &amp#27;[39mDEBUG&amp#27;[0;39m &amp#27;[36mc.g.d.z.s.o.a.h.client5.http.headers&amp#27;[0;39m - &amp#27;[32mhttp-outgoing-0 >> Host: localhost:2375
&amp#27;[0;39m2023-05-08 13:18:53,515 [main] &amp#27;[39mDEBUG&amp#27;[0;39m &amp#27;[36mc.g.d.z.s.o.a.h.client5.http.headers&amp#27;[0;39m - &amp#27;[32mhttp-outgoing-0 >> Connection: keep-alive
&amp#27;[0;39m2023-05-08 13:18:53,515 [main] &amp#27;[39mDEBUG&amp#27;[0;39m &amp#27;[36mc.g.d.z.s.o.a.h.client5.http.headers&amp#27;[0;39m - &amp#27;[32mhttp-outgoing-0 >> User-Agent: Apache-HttpClient/5.0.3 (Java/17.0.6)
&amp#27;[0;39m2023-05-08 13:18:53,515 [main] &amp#27;[39mDEBUG&amp#27;[0;39m &amp#27;[36mc.g.d.z.s.o.a.hc.client5.http.wire&amp#27;[0;39m - &amp#27;[32mhttp-outgoing-0 >> "GET /v1.32/version HTTP/1.1[\r][\n]"
&amp#27;[0;39m2023-05-08 13:18:53,515 [main] &amp#27;[39mDEBUG&amp#27;[0;39m &amp#27;[36mc.g.d.z.s.o.a.hc.client5.http.wire&amp#27;[0;39m - &amp#27;[32mhttp-outgoing-0 >> "accept: application/json[\r][\n]"
&amp#27;[0;39m2023-05-08 13:18:53,515 [main] &amp#27;[39mDEBUG&amp#27;[0;39m &amp#27;[36mc.g.d.z.s.o.a.hc.client5.http.wire&amp#27;[0;39m - &amp#27;[32mhttp-outgoing-0 >> "x-tc-sid: f1b696c1-ec3f-4f95-afa8-081853be7ccb[\r][\n]"
&amp#27;[0;39m2023-05-08 13:18:53,515 [main] &amp#27;[39mDEBUG&amp#27;[0;39m &amp#27;[36mc.g.d.z.s.o.a.hc.client5.http.wire&amp#27;[0;39m - &amp#27;[32mhttp-outgoing-0 >> "Accept-Encoding: gzip, x-gzip, deflate[\r][\n]"
&amp#27;[0;39m2023-05-08 13:18:53,516 [main] &amp#27;[39mDEBUG&amp#27;[0;39m &amp#27;[36mc.g.d.z.s.o.a.hc.client5.http.wire&amp#27;[0;39m - &amp#27;[32mhttp-outgoing-0 >> "Host: localhost:2375[\r][\n]"
&amp#27;[0;39m2023-05-08 13:18:53,516 [main] &amp#27;[39mDEBUG&amp#27;[0;39m &amp#27;[36mc.g.d.z.s.o.a.hc.client5.http.wire&amp#27;[0;39m - &amp#27;[32mhttp-outgoing-0 >> "Connection: keep-alive[\r][\n]"
&amp#27;[0;39m2023-05-08 13:18:53,516 [main] &amp#27;[39mDEBUG&amp#27;[0;39m &amp#27;[36mc.g.d.z.s.o.a.hc.client5.http.wire&amp#27;[0;39m - &amp#27;[32mhttp-outgoing-0 >> "User-Agent: Apache-HttpClient/5.0.3 (Java/17.0.6)[\r][\n]"
&amp#27;[0;39m2023-05-08 13:18:53,516 [main] &amp#27;[39mDEBUG&amp#27;[0;39m &amp#27;[36mc.g.d.z.s.o.a.hc.client5.http.wire&amp#27;[0;39m - &amp#27;[32mhttp-outgoing-0 >> "[\r][\n]"
&amp#27;[0;39m2023-05-08 13:18:53,520 [main] &amp#27;[39mDEBUG&amp#27;[0;39m &amp#27;[36mc.g.d.z.s.o.a.hc.client5.http.wire&amp#27;[0;39m - &amp#27;[32mhttp-outgoing-0 << "HTTP/1.1 200 OK[\r][\n]"
&amp#27;[0;39m2023-05-08 13:18:53,520 [main] &amp#27;[39mDEBUG&amp#27;[0;39m &amp#27;[36mc.g.d.z.s.o.a.hc.client5.http.wire&amp#27;[0;39m - &amp#27;[32mhttp-outgoing-0 << "Api-Version: 1.42[\r][\n]"
&amp#27;[0;39m2023-05-08 13:18:53,520 [main] &amp#27;[39mDEBUG&amp#27;[0;39m &amp#27;[36mc.g.d.z.s.o.a.hc.client5.http.wire&amp#27;[0;39m - &amp#27;[32mhttp-outgoing-0 << "Content-Type: application/json[\r][\n]"
&amp#27;[0;39m2023-05-08 13:18:53,520 [main] &amp#27;[39mDEBUG&amp#27;[0;39m &amp#27;[36mc.g.d.z.s.o.a.hc.client5.http.wire&amp#27;[0;39m - &amp#27;[32mhttp-outgoing-0 << "Docker-Experimental: false[\r][\n]"
&amp#27;[0;39m2023-05-08 13:18:53,520 [main] &amp#27;[39mDEBUG&amp#27;[0;39m &amp#27;[36mc.g.d.z.s.o.a.hc.client5.http.wire&amp#27;[0;39m - &amp#27;[32mhttp-outgoing-0 << "Ostype: linux[\r][\n]"
&amp#27;[0;39m2023-05-08 13:18:53,520 [main] &amp#27;[39mDEBUG&amp#27;[0;39m &amp#27;[36mc.g.d.z.s.o.a.hc.client5.http.wire&amp#27;[0;39m - &amp#27;[32mhttp-outgoing-0 << "Server: Docker/23.0.5 (linux)[\r][\n]"
&amp#27;[0;39m2023-05-08 13:18:53,520 [main] &amp#27;[39mDEBUG&amp#27;[0;39m &amp#27;[36mc.g.d.z.s.o.a.hc.client5.http.wire&amp#27;[0;39m - &amp#27;[32mhttp-outgoing-0 << "Date: Mon, 08 May 2023 11:18:53 GMT[\r][\n]"
&amp#27;[0;39m2023-05-08 13:18:53,520 [main] &amp#27;[39mDEBUG&amp#27;[0;39m &amp#27;[36mc.g.d.z.s.o.a.hc.client5.http.wire&amp#27;[0;39m - &amp#27;[32mhttp-outgoing-0 << "Content-Length: 832[\r][\n]"
&amp#27;[0;39m2023-05-08 13:18:53,520 [main] &amp#27;[39mDEBUG&amp#27;[0;39m &amp#27;[36mc.g.d.z.s.o.a.hc.client5.http.wire&amp#27;[0;39m - &amp#27;[32mhttp-outgoing-0 << "[\r][\n]"
&amp#27;[0;39m2023-05-08 13:18:53,520 [main] &amp#27;[39mDEBUG&amp#27;[0;39m &amp#27;[36mc.g.d.z.s.o.a.hc.client5.http.wire&amp#27;[0;39m - &amp#27;[32mhttp-outgoing-0 << "{"Platform":{"Name":"Docker Engine - Community"},"Components":[{"Name":"Engine","Version":"23.0.5","Details":{"ApiVersion":"1.42","Arch":"amd64","BuildTime":"2023-04-26T16:21:07.000000000+00:00","Experimental":"false","GitCommit":"94d3ad6","GoVersion":"go1.19.8","KernelVersion":"6.2.6-76060206-generic","MinAPIVersion":"1.12","Os":"linux"}},{"Name":"containerd","Version":"1.6.21","Details":{"GitCommit":"3dce8eb055cbb6872793272b4f20ed16117344f8"}},{"Name":"runc","Version":"1.1.7","Details":{"GitCommit":"v1.1.7-0-g860f061"}},{"Name":"docker-init","Version":"0.19.0","Details":{"GitCommit":"de40ad0"}}],"Version":"23.0.5","ApiVersion":"1.42","MinAPIVersion":"1.12","GitCommit":"94d3ad6","GoVersion":"go1.19.8","Os":"linux","Arch":"amd64","KernelVersion":"6.2.6-76060206-generic","BuildTime":"2023-04-26T16:21:07.000000000+00:00"}[\n]"
&amp#27;[0;39m2023-05-08 13:18:53,521 [main] &amp#27;[39mDEBUG&amp#27;[0;39m &amp#27;[36mc.g.d.z.s.o.a.h.client5.http.headers&amp#27;[0;39m - &amp#27;[32mhttp-outgoing-0 << HTTP/1.1 200 OK
&amp#27;[0;39m2023-05-08 13:18:53,521 [main] &amp#27;[39mDEBUG&amp#27;[0;39m &amp#27;[36mc.g.d.z.s.o.a.h.client5.http.headers&amp#27;[0;39m - &amp#27;[32mhttp-outgoing-0 << Api-Version: 1.42
&amp#27;[0;39m2023-05-08 13:18:53,521 [main] &amp#27;[39mDEBUG&amp#27;[0;39m &amp#27;[36mc.g.d.z.s.o.a.h.client5.http.headers&amp#27;[0;39m - &amp#27;[32mhttp-outgoing-0 << Content-Type: application/json
&amp#27;[0;39m2023-05-08 13:18:53,521 [main] &amp#27;[39mDEBUG&amp#27;[0;39m &amp#27;[36mc.g.d.z.s.o.a.h.client5.http.headers&amp#27;[0;39m - &amp#27;[32mhttp-outgoing-0 << Docker-Experimental: false
&amp#27;[0;39m2023-05-08 13:18:53,521 [main] &amp#27;[39mDEBUG&amp#27;[0;39m &amp#27;[36mc.g.d.z.s.o.a.h.client5.http.headers&amp#27;[0;39m - &amp#27;[32mhttp-outgoing-0 << Ostype: linux
&amp#27;[0;39m2023-05-08 13:18:53,521 [main] &amp#27;[39mDEBUG&amp#27;[0;39m &amp#27;[36mc.g.d.z.s.o.a.h.client5.http.headers&amp#27;[0;39m - &amp#27;[32mhttp-outgoing-0 << Server: Docker/23.0.5 (linux)
&amp#27;[0;39m2023-05-08 13:18:53,521 [main] &amp#27;[39mDEBUG&amp#27;[0;39m &amp#27;[36mc.g.d.z.s.o.a.h.client5.http.headers&amp#27;[0;39m - &amp#27;[32mhttp-outgoing-0 << Date: Mon, 08 May 2023 11:18:53 GMT
&amp#27;[0;39m2023-05-08 13:18:53,521 [main] &amp#27;[39mDEBUG&amp#27;[0;39m &amp#27;[36mc.g.d.z.s.o.a.h.client5.http.headers&amp#27;[0;39m - &amp#27;[32mhttp-outgoing-0 << Content-Length: 832
&amp#27;[0;39m2023-05-08 13:18:53,521 [main] &amp#27;[39mDEBUG&amp#27;[0;39m &amp#27;[36mc.g.d.z.s.o.a.h.c.h.i.c.MainClientExec&amp#27;[0;39m - &amp#27;[32mex-00000002: connection can be kept alive for 3 MINUTES
&amp#27;[0;39m2023-05-08 13:18:53,527 [main] &amp#27;[39mDEBUG&amp#27;[0;39m &amp#27;[36mc.g.d.z.s.o.a.h.c.h.i.c.InternalHttpClient&amp#27;[0;39m - &amp#27;[32mep-00000001: releasing valid endpoint
&amp#27;[0;39m2023-05-08 13:18:53,527 [main] &amp#27;[39mDEBUG&amp#27;[0;39m &amp#27;[36mc.g.d.z.s.o.a.h.c.h.i.i.PoolingHttpClientConnectionManager&amp#27;[0;39m - &amp#27;[32mep-00000001: releasing endpoint
&amp#27;[0;39m2023-05-08 13:18:53,527 [main] &amp#27;[39mDEBUG&amp#27;[0;39m &amp#27;[36mc.g.d.z.s.o.a.h.c.h.i.i.PoolingHttpClientConnectionManager&amp#27;[0;39m - &amp#27;[32mep-00000001: connection http-outgoing-0 can be kept alive for 3 MINUTES
&amp#27;[0;39m2023-05-08 13:18:53,527 [main] &amp#27;[39mDEBUG&amp#27;[0;39m &amp#27;[36mc.g.d.z.s.o.a.h.c.h.i.i.PoolingHttpClientConnectionManager&amp#27;[0;39m - &amp#27;[32mep-00000001: connection released [route: {}->unix://localhost:2375][total available: 1; route allocated: 1 of 2147483647; total allocated: 1 of 2147483647]
&amp#27;[0;39m2023-05-08 13:18:53,528 [main] &amp#27;[39mDEBUG&amp#27;[0;39m &amp#27;[36mo.testcontainers.DockerClientFactory&amp#27;[0;39m - &amp#27;[32mDocker version: {Components=[{Name=Engine, Version=23.0.5, Details={ApiVersion=1.42, Arch=amd64, BuildTime=2023-04-26T16:21:07.000000000+00:00, Experimental=false, GitCommit=94d3ad6, GoVersion=go1.19.8, KernelVersion=6.2.6-76060206-generic, MinAPIVersion=1.12, Os=linux}}, {Name=containerd, Version=1.6.21, Details={GitCommit=3dce8eb055cbb6872793272b4f20ed16117344f8}}, {Name=runc, Version=1.1.7, Details={GitCommit=v1.1.7-0-g860f061}}, {Name=docker-init, Version=0.19.0, Details={GitCommit=de40ad0}}], KernelVersion=6.2.6-76060206-generic, ApiVersion=1.42, Platform={Name=Docker Engine - Community}, GitCommit=94d3ad6, Os=linux, Version=23.0.5, MinAPIVersion=1.12, Arch=amd64, GoVersion=go1.19.8, BuildTime=2023-04-26T16:21:07.000000000+00:00}
&amp#27;[0;39m2023-05-08 13:18:53,528 [main] &amp#27;[34mINFO &amp#27;[0;39m &amp#27;[36mo.testcontainers.DockerClientFactory&amp#27;[0;39m - &amp#27;[32mConnected to docker: 
  Server Version: 23.0.5
  API Version: 1.42
  Operating System: Pop!_OS 22.04 LTS
  Total Memory: 15339 MB
&amp#27;[0;39m2023-05-08 13:18:53,532 [main] &amp#27;[39mDEBUG&amp#27;[0;39m &amp#27;[36mo.t.utility.RyukResourceReaper&amp#27;[0;39m - &amp#27;[32mRyuk is enabled
&amp#27;[0;39m2023-05-08 13:18:53,534 [main] &amp#27;[39mDEBUG&amp#27;[0;39m &amp#27;[36mo.t.u.PrefixingImageNameSubstitutor&amp#27;[0;39m - &amp#27;[32mNo prefix is configured
&amp#27;[0;39m2023-05-08 13:18:53,534 [main] &amp#27;[39mDEBUG&amp#27;[0;39m &amp#27;[36mo.t.utility.ImageNameSubstitutor&amp#27;[0;39m - &amp#27;[32mDid not find a substitute image for testcontainers/ryuk:0.4.0 (using image substitutor: DefaultImageNameSubstitutor (composite of 'ConfigurationFileImageNameSubstitutor' and 'PrefixingImageNameSubstitutor'))
&amp#27;[0;39m2023-05-08 13:18:53,535 [main] &amp#27;[39mDEBUG&amp#27;[0;39m &amp#27;[36mo.t.s.c.g.d.c.command.AbstrDockerCmd&amp#27;[0;39m - &amp#27;[32mCmd: ListImagesCmdImpl[filters=org.testcontainers.shaded.com.github.dockerjava.core.util.FiltersBuilder@0,imageNameFilter=<null>,showAll=false]
&amp#27;[0;39m2023-05-08 13:18:53,537 [main] &amp#27;[39mDEBUG&amp#27;[0;39m &amp#27;[36mc.g.d.z.s.o.a.h.c.h.i.c.InternalHttpClient&amp#27;[0;39m - &amp#27;[32mex-00000003: preparing request execution
&amp#27;[0;39m2023-05-08 13:18:53,537 [main] &amp#27;[39mDEBUG&amp#27;[0;39m &amp#27;[36mc.g.d.z.s.o.a.h.c.h.p.RequestAddCookies&amp#27;[0;39m - &amp#27;[32mCookie spec selected: strict
&amp#27;[0;39m2023-05-08 13:18:53,537 [main] &amp#27;[39mDEBUG&amp#27;[0;39m &amp#27;[36mc.g.d.z.s.o.a.h.c.h.p.RequestAuthCache&amp#27;[0;39m - &amp#27;[32mAuth cache not set in the context
&amp#27;[0;39m2023-05-08 13:18:53,537 [main] &amp#27;[39mDEBUG&amp#27;[0;39m &amp#27;[36mc.g.d.z.s.o.a.h.c.h.i.c.ProtocolExec&amp#27;[0;39m - &amp#27;[32mex-00000003: target auth state: UNCHALLENGED
&amp#27;[0;39m2023-05-08 13:18:53,537 [main] &amp#27;[39mDEBUG&amp#27;[0;39m &amp#27;[36mc.g.d.z.s.o.a.h.c.h.i.c.ProtocolExec&amp#27;[0;39m - &amp#27;[32mex-00000003: proxy auth state: UNCHALLENGED
&amp#27;[0;39m2023-05-08 13:18:53,537 [main] &amp#27;[39mDEBUG&amp#27;[0;39m &amp#27;[36mc.g.d.z.s.o.a.h.c.h.i.c.ConnectExec&amp#27;[0;39m - &amp#27;[32mex-00000003: acquiring connection with route {}->unix://localhost:2375
&amp#27;[0;39m2023-05-08 13:18:53,537 [main] &amp#27;[39mDEBUG&amp#27;[0;39m &amp#27;[36mc.g.d.z.s.o.a.h.c.h.i.c.InternalHttpClient&amp#27;[0;39m - &amp#27;[32mex-00000003: acquiring endpoint (3 MINUTES)
&amp#27;[0;39m2023-05-08 13:18:53,538 [main] &amp#27;[39mDEBUG&amp#27;[0;39m &amp#27;[36mc.g.d.z.s.o.a.h.c.h.i.i.PoolingHttpClientConnectionManager&amp#27;[0;39m - &amp#27;[32mex-00000003: endpoint lease request (3 MINUTES) [route: {}->unix://localhost:2375][total available: 1; route allocated: 1 of 2147483647; total allocated: 1 of 2147483647]
&amp#27;[0;39m2023-05-08 13:18:53,538 [main] &amp#27;[39mDEBUG&amp#27;[0;39m &amp#27;[36mc.g.d.z.s.o.a.h.c.h.i.i.PoolingHttpClientConnectionManager&amp#27;[0;39m - &amp#27;[32mex-00000003: endpoint leased [route: {}->unix://localhost:2375][total available: 0; route allocated: 1 of 2147483647; total allocated: 1 of 2147483647]
&amp#27;[0;39m2023-05-08 13:18:53,538 [main] &amp#27;[39mDEBUG&amp#27;[0;39m &amp#27;[36mc.g.d.z.s.o.a.h.c.h.i.i.PoolingHttpClientConnectionManager&amp#27;[0;39m - &amp#27;[32mex-00000003: acquired ep-00000002
&amp#27;[0;39m2023-05-08 13:18:53,538 [main] &amp#27;[39mDEBUG&amp#27;[0;39m &amp#27;[36mc.g.d.z.s.o.a.h.c.h.i.c.InternalHttpClient&amp#27;[0;39m - &amp#27;[32mex-00000003: acquired endpoint ep-00000002
&amp#27;[0;39m2023-05-08 13:18:53,538 [main] &amp#27;[39mDEBUG&amp#27;[0;39m &amp#27;[36mc.g.d.z.s.o.a.h.c.h.i.c.MainClientExec&amp#27;[0;39m - &amp#27;[32mex-00000003: executing GET /v1.32/images/json HTTP/1.1
&amp#27;[0;39m2023-05-08 13:18:53,538 [main] &amp#27;[39mDEBUG&amp#27;[0;39m &amp#27;[36mc.g.d.z.s.o.a.h.c.h.i.c.InternalHttpClient&amp#27;[0;39m - &amp#27;[32mep-00000002: start execution ex-00000003
&amp#27;[0;39m2023-05-08 13:18:53,538 [main] &amp#27;[39mDEBUG&amp#27;[0;39m &amp#27;[36mc.g.d.z.s.o.a.h.c.h.i.i.PoolingHttpClientConnectionManager&amp#27;[0;39m - &amp#27;[32mep-00000002: executing exchange ex-00000003 over http-outgoing-0
&amp#27;[0;39m2023-05-08 13:18:53,538 [main] &amp#27;[39mDEBUG&amp#27;[0;39m &amp#27;[36mc.g.d.z.s.o.a.h.client5.http.headers&amp#27;[0;39m - &amp#27;[32mhttp-outgoing-0 >> GET /v1.32/images/json HTTP/1.1
&amp#27;[0;39m2023-05-08 13:18:53,538 [main] &amp#27;[39mDEBUG&amp#27;[0;39m &amp#27;[36mc.g.d.z.s.o.a.h.client5.http.headers&amp#27;[0;39m - &amp#27;[32mhttp-outgoing-0 >> accept: application/json
&amp#27;[0;39m2023-05-08 13:18:53,538 [main] &amp#27;[39mDEBUG&amp#27;[0;39m &amp#27;[36mc.g.d.z.s.o.a.h.client5.http.headers&amp#27;[0;39m - &amp#27;[32mhttp-outgoing-0 >> x-tc-sid: f1b696c1-ec3f-4f95-afa8-081853be7ccb
&amp#27;[0;39m2023-05-08 13:18:53,539 [main] &amp#27;[39mDEBUG&amp#27;[0;39m &amp#27;[36mc.g.d.z.s.o.a.h.client5.http.headers&amp#27;[0;39m - &amp#27;[32mhttp-outgoing-0 >> Accept-Encoding: gzip, x-gzip, deflate
&amp#27;[0;39m2023-05-08 13:18:53,539 [main] &amp#27;[39mDEBUG&amp#27;[0;39m &amp#27;[36mc.g.d.z.s.o.a.h.client5.http.headers&amp#27;[0;39m - &amp#27;[32mhttp-outgoing-0 >> Host: localhost:2375
&amp#27;[0;39m2023-05-08 13:18:53,539 [main] &amp#27;[39mDEBUG&amp#27;[0;39m &amp#27;[36mc.g.d.z.s.o.a.h.client5.http.headers&amp#27;[0;39m - &amp#27;[32mhttp-outgoing-0 >> Connection: keep-alive
&amp#27;[0;39m2023-05-08 13:18:53,539 [main] &amp#27;[39mDEBUG&amp#27;[0;39m &amp#27;[36mc.g.d.z.s.o.a.h.client5.http.headers&amp#27;[0;39m - &amp#27;[32mhttp-outgoing-0 >> User-Agent: Apache-HttpClient/5.0.3 (Java/17.0.6)
&amp#27;[0;39m2023-05-08 13:18:53,539 [main] &amp#27;[39mDEBUG&amp#27;[0;39m &amp#27;[36mc.g.d.z.s.o.a.hc.client5.http.wire&amp#27;[0;39m - &amp#27;[32mhttp-outgoing-0 >> "GET /v1.32/images/json HTTP/1.1[\r][\n]"
&amp#27;[0;39m2023-05-08 13:18:53,539 [main] &amp#27;[39mDEBUG&amp#27;[0;39m &amp#27;[36mc.g.d.z.s.o.a.hc.client5.http.wire&amp#27;[0;39m - &amp#27;[32mhttp-outgoing-0 >> "accept: application/json[\r][\n]"
&amp#27;[0;39m2023-05-08 13:18:53,539 [main] &amp#27;[39mDEBUG&amp#27;[0;39m &amp#27;[36mc.g.d.z.s.o.a.hc.client5.http.wire&amp#27;[0;39m - &amp#27;[32mhttp-outgoing-0 >> "x-tc-sid: f1b696c1-ec3f-4f95-afa8-081853be7ccb[\r][\n]"
&amp#27;[0;39m2023-05-08 13:18:53,539 [main] &amp#27;[39mDEBUG&amp#27;[0;39m &amp#27;[36mc.g.d.z.s.o.a.hc.client5.http.wire&amp#27;[0;39m - &amp#27;[32mhttp-outgoing-0 >> "Accept-Encoding: gzip, x-gzip, deflate[\r][\n]"
&amp#27;[0;39m2023-05-08 13:18:53,539 [main] &amp#27;[39mDEBUG&amp#27;[0;39m &amp#27;[36mc.g.d.z.s.o.a.hc.client5.http.wire&amp#27;[0;39m - &amp#27;[32mhttp-outgoing-0 >> "Host: localhost:2375[\r][\n]"
&amp#27;[0;39m2023-05-08 13:18:53,539 [main] &amp#27;[39mDEBUG&amp#27;[0;39m &amp#27;[36mc.g.d.z.s.o.a.hc.client5.http.wire&amp#27;[0;39m - &amp#27;[32mhttp-outgoing-0 >> "Connection: keep-alive[\r][\n]"
&amp#27;[0;39m2023-05-08 13:18:53,539 [main] &amp#27;[39mDEBUG&amp#27;[0;39m &amp#27;[36mc.g.d.z.s.o.a.hc.client5.http.wire&amp#27;[0;39m - &amp#27;[32mhttp-outgoing-0 >> "User-Agent: Apache-HttpClient/5.0.3 (Java/17.0.6)[\r][\n]"
&amp#27;[0;39m2023-05-08 13:18:53,539 [main] &amp#27;[39mDEBUG&amp#27;[0;39m &amp#27;[36mc.g.d.z.s.o.a.hc.client5.http.wire&amp#27;[0;39m - &amp#27;[32mhttp-outgoing-0 >> "[\r][\n]"
&amp#27;[0;39m2023-05-08 13:18:53,541 [main] &amp#27;[39mDEBUG&amp#27;[0;39m &amp#27;[36mc.g.d.z.s.o.a.hc.client5.http.wire&amp#27;[0;39m - &amp#27;[32mhttp-outgoing-0 << "HTTP/1.1 200 OK[\r][\n]"
&amp#27;[0;39m2023-05-08 13:18:53,541 [main] &amp#27;[39mDEBUG&amp#27;[0;39m &amp#27;[36mc.g.d.z.s.o.a.hc.client5.http.wire&amp#27;[0;39m - &amp#27;[32mhttp-outgoing-0 << "Api-Version: 1.42[\r][\n]"
&amp#27;[0;39m2023-05-08 13:18:53,541 [main] &amp#27;[39mDEBUG&amp#27;[0;39m &amp#27;[36mc.g.d.z.s.o.a.hc.client5.http.wire&amp#27;[0;39m - &amp#27;[32mhttp-outgoing-0 << "Content-Type: application/json[\r][\n]"
&amp#27;[0;39m2023-05-08 13:18:53,541 [main] &amp#27;[39mDEBUG&amp#27;[0;39m &amp#27;[36mc.g.d.z.s.o.a.hc.client5.http.wire&amp#27;[0;39m - &amp#27;[32mhttp-outgoing-0 << "Docker-Experimental: false[\r][\n]"
&amp#27;[0;39m2023-05-08 13:18:53,541 [main] &amp#27;[39mDEBUG&amp#27;[0;39m &amp#27;[36mc.g.d.z.s.o.a.hc.client5.http.wire&amp#27;[0;39m - &amp#27;[32mhttp-outgoing-0 << "Ostype: linux[\r][\n]"
&amp#27;[0;39m2023-05-08 13:18:53,541 [main] &amp#27;[39mDEBUG&amp#27;[0;39m &amp#27;[36mc.g.d.z.s.o.a.hc.client5.http.wire&amp#27;[0;39m - &amp#27;[32mhttp-outgoing-0 << "Server: Docker/23.0.5 (linux)[\r][\n]"
&amp#27;[0;39m2023-05-08 13:18:53,541 [main] &amp#27;[39mDEBUG&amp#27;[0;39m &amp#27;[36mc.g.d.z.s.o.a.hc.client5.http.wire&amp#27;[0;39m - &amp#27;[32mhttp-outgoing-0 << "Date: Mon, 08 May 2023 11:18:53 GMT[\r][\n]"
&amp#27;[0;39m2023-05-08 13:18:53,541 [main] &amp#27;[39mDEBUG&amp#27;[0;39m &amp#27;[36mc.g.d.z.s.o.a.hc.client5.http.wire&amp#27;[0;39m - &amp#27;[32mhttp-outgoing-0 << "Transfer-Encoding: chunked[\r][\n]"
&amp#27;[0;39m2023-05-08 13:18:53,541 [main] &amp#27;[39mDEBUG&amp#27;[0;39m &amp#27;[36mc.g.d.z.s.o.a.hc.client5.http.wire&amp#27;[0;39m - &amp#27;[32mhttp-outgoing-0 << "[\r][\n]"
&amp#27;[0;39m2023-05-08 13:18:53,541 [main] &amp#27;[39mDEBUG&amp#27;[0;39m &amp#27;[36mc.g.d.z.s.o.a.hc.client5.http.wire&amp#27;[0;39m - &amp#27;[32mhttp-outgoing-0 << "d6f[\r][\n]"
&amp#27;[0;39m2023-05-08 13:18:53,542 [main] &amp#27;[39mDEBUG&amp#27;[0;39m &amp#27;[36mc.g.d.z.s.o.a.hc.client5.http.wire&amp#27;[0;39m - &amp#27;[32mhttp-outgoing-0 << "[{"Containers":-1,"Created":1683032372,"Id":"sha256:9c493c7fc0204b4698527ba1d24b14f429bf5cf356caae54cfe38dd5e084326c","Labels":{"com.docker.compose.project":"docker3sem","com.docker.compose.service":"web","com.docker.compose.version":"2.17.3","org.opencontainers.image.ref.name":"ubuntu","org.opencontainers.image.version":"22.04"},"ParentId":"","RepoDigests":null,"RepoTags":["docker3sem-web:latest"],"SharedSize":-1,"Size":291554020,"VirtualSize":291554020},{"Containers":-1,"Created":1683032368,"Id":"sha256:757eb57e356386269d30e9d3851d40b942a1a2cdfe06c0454f52c848e3cd7de2","Labels":{"com.docker.compose.project":"docker3sem","com.docker.compose.service":"db","com.docker.compose.version":"2.17.3"},"ParentId":"","RepoDigests":null,"RepoTags":["docker3sem-db:latest"],"SharedSize":-1,"Size":564350478,"VirtualSize":564350478},{"Containers":-1,"Created":1683014720,"Id":"sha256:6dc2d06259085a235f59238004ecf72a4b8cf53547e0da259703f4afe3226376","Labels":{"com.docker.compose.project":"mysql_tomcat_nginx","com.docker.compose.service":"db","com.docker.compose.version":"2.17.3"},"ParentId":"","RepoDigests":null,"RepoTags":["mysql_tomcat_nginx-db:latest"],"SharedSize":-1,"Size":564350478,"VirtualSize":564350478},{"Containers":-1,"Created":1683014720,"Id":"sha256:4988298cb7dd49366ad0f705b265c1100b98e39bcc0dcca88732b5fa10b11114","Labels":{"com.docker.compose.project":"mysql_tomcat_nginx","com.docker.compose.service":"db","com.docker.compose.version":"2.17.3"},"ParentId":"","RepoDigests":["<none>@<none>"],"RepoTags":["<none>:<none>"],"SharedSize":-1,"Size":564350478,"VirtualSize":564350478},{"Containers":-1,"Created":1681987707,"Id":"sha256:576d4abffd9285d5d12925d8400c35923f046b2877c31d3f2051ce459aceebbe","Labels":{"com.docker.compose.project":"mysql_tomcat_nginx","com.docker.compose.service":"web","com.docker.compose.version":"2.17.3","org.opencontainers.image.ref.name":"ubuntu","org.opencontainers.image.version":"22.04"},"ParentId":"","RepoDigests":null,"RepoTags":["mysql_tomcat_nginx-web:latest"],"SharedSize":-1,"Size":474996685,"VirtualSize":474996685},{"Containers":-1,"Created":1681278973,"Id":"sha256:ceccf204404e5efe764f2d4d97e6977db04062579d525d9cb445cf93e0f0fef4","Labels":null,"ParentId":"","RepoDigests":["postgres@sha256:6cc97262444f1c45171081bc5a1d4c28b883ea46a6e0d1a45a8eac4a7f4767ab"],"RepoTags":["postgres:latest"],"SharedSize":-1,"Size":378737253,"VirtualSize":378737253},{"Containers":-1,"Created":1680806706,"Id":"sha256:412b8cc72e4a28e086097c3fcb1ca391beaefe86bc421a57bc53f7596461ce3b","Labels":null,"ParentId":"","RepoDigests":["mysql@sha256:f496c25da703053a6e0717f1d52092205775304ea57535cc9fcaa6f35867800b"],"RepoTags":["mysql:latest"],"SharedSize":-1,"Size":530501854,"VirtualSize":530501854},{"Containers":-1,"Created":1678438354,"Id":"sha256:2e306eb8aa06255c4f736b2bcf446760cae7cf9e947651ba8272f34c3e94ffa7","Labels":{"org.testcontainers.ryuk":"true"},"ParentId":"","RepoDigests":["testcontainers/ryuk@sha256:b874cc015594f275ad3ffb6a135c015c52ce04a2eba377c963abe25a84628167"],"RepoTags":["testcontainers/ryuk:0.4.0"],"SharedSize":-1,"Size":12686755,"VirtualSize":12686755},{"Containers":-1,"Created":1490910257,"Id":"sha256:228d71078f8ce5ae9fd96b183f88c3a90e30544b4b7ce9d64a238d05fef2a681","Labels":{},"ParentId":"","RepoDigests":["mysql@sha256:449cb894b00a490e830bb9b2d774bf99c5af75e8cb10bfbe74db1c43eb12b211"],"RepoTags":["mysql:8.0.0"],"SharedSize":-1,"Size":433230323,"VirtualSize":433230323}][\n]"
&amp#27;[0;39m2023-05-08 13:18:53,542 [main] &amp#27;[39mDEBUG&amp#27;[0;39m &amp#27;[36mc.g.d.z.s.o.a.hc.client5.http.wire&amp#27;[0;39m - &amp#27;[32mhttp-outgoing-0 << "[\r][\n]"
&amp#27;[0;39m2023-05-08 13:18:53,542 [main] &amp#27;[39mDEBUG&amp#27;[0;39m &amp#27;[36mc.g.d.z.s.o.a.hc.client5.http.wire&amp#27;[0;39m - &amp#27;[32mhttp-outgoing-0 << "0[\r][\n]"
&amp#27;[0;39m2023-05-08 13:18:53,542 [main] &amp#27;[39mDEBUG&amp#27;[0;39m &amp#27;[36mc.g.d.z.s.o.a.hc.client5.http.wire&amp#27;[0;39m - &amp#27;[32mhttp-outgoing-0 << "[\r][\n]"
&amp#27;[0;39m2023-05-08 13:18:53,542 [main] &amp#27;[39mDEBUG&amp#27;[0;39m &amp#27;[36mc.g.d.z.s.o.a.h.client5.http.headers&amp#27;[0;39m - &amp#27;[32mhttp-outgoing-0 << HTTP/1.1 200 OK
&amp#27;[0;39m2023-05-08 13:18:53,542 [main] &amp#27;[39mDEBUG&amp#27;[0;39m &amp#27;[36mc.g.d.z.s.o.a.h.client5.http.headers&amp#27;[0;39m - &amp#27;[32mhttp-outgoing-0 << Api-Version: 1.42
&amp#27;[0;39m2023-05-08 13:18:53,542 [main] &amp#27;[39mDEBUG&amp#27;[0;39m &amp#27;[36mc.g.d.z.s.o.a.h.client5.http.headers&amp#27;[0;39m - &amp#27;[32mhttp-outgoing-0 << Content-Type: application/json
&amp#27;[0;39m2023-05-08 13:18:53,542 [main] &amp#27;[39mDEBUG&amp#27;[0;39m &amp#27;[36mc.g.d.z.s.o.a.h.client5.http.headers&amp#27;[0;39m - &amp#27;[32mhttp-outgoing-0 << Docker-Experimental: false
&amp#27;[0;39m2023-05-08 13:18:53,542 [main] &amp#27;[39mDEBUG&amp#27;[0;39m &amp#27;[36mc.g.d.z.s.o.a.h.client5.http.headers&amp#27;[0;39m - &amp#27;[32mhttp-outgoing-0 << Ostype: linux
&amp#27;[0;39m2023-05-08 13:18:53,542 [main] &amp#27;[39mDEBUG&amp#27;[0;39m &amp#27;[36mc.g.d.z.s.o.a.h.client5.http.headers&amp#27;[0;39m - &amp#27;[32mhttp-outgoing-0 << Server: Docker/23.0.5 (linux)
&amp#27;[0;39m2023-05-08 13:18:53,542 [main] &amp#27;[39mDEBUG&amp#27;[0;39m &amp#27;[36mc.g.d.z.s.o.a.h.client5.http.headers&amp#27;[0;39m - &amp#27;[32mhttp-outgoing-0 << Date: Mon, 08 May 2023 11:18:53 GMT
&amp#27;[0;39m2023-05-08 13:18:53,543 [main] &amp#27;[39mDEBUG&amp#27;[0;39m &amp#27;[36mc.g.d.z.s.o.a.h.client5.http.headers&amp#27;[0;39m - &amp#27;[32mhttp-outgoing-0 << Transfer-Encoding: chunked
&amp#27;[0;39m2023-05-08 13:18:53,543 [main] &amp#27;[39mDEBUG&amp#27;[0;39m &amp#27;[36mc.g.d.z.s.o.a.h.c.h.i.c.MainClientExec&amp#27;[0;39m - &amp#27;[32mex-00000003: connection can be kept alive for 3 MINUTES
&amp#27;[0;39m2023-05-08 13:18:53,547 [main] &amp#27;[39mDEBUG&amp#27;[0;39m &amp#27;[36mc.g.d.z.s.o.a.h.c.h.i.c.InternalHttpClient&amp#27;[0;39m - &amp#27;[32mep-00000002: releasing valid endpoint
&amp#27;[0;39m2023-05-08 13:18:53,547 [main] &amp#27;[39mDEBUG&amp#27;[0;39m &amp#27;[36mc.g.d.z.s.o.a.h.c.h.i.i.PoolingHttpClientConnectionManager&amp#27;[0;39m - &amp#27;[32mep-00000002: releasing endpoint
&amp#27;[0;39m2023-05-08 13:18:53,547 [main] &amp#27;[39mDEBUG&amp#27;[0;39m &amp#27;[36mc.g.d.z.s.o.a.h.c.h.i.i.PoolingHttpClientConnectionManager&amp#27;[0;39m - &amp#27;[32mep-00000002: connection http-outgoing-0 can be kept alive for 3 MINUTES
&amp#27;[0;39m2023-05-08 13:18:53,547 [main] &amp#27;[39mDEBUG&amp#27;[0;39m &amp#27;[36mc.g.d.z.s.o.a.h.c.h.i.i.PoolingHttpClientConnectionManager&amp#27;[0;39m - &amp#27;[32mep-00000002: connection released [route: {}->unix://localhost:2375][total available: 1; route allocated: 1 of 2147483647; total allocated: 1 of 2147483647]
&amp#27;[0;39m2023-05-08 13:18:53,548 [main] &amp#27;[39mDEBUG&amp#27;[0;39m &amp#27;[36mo.t.images.AbstractImagePullPolicy&amp#27;[0;39m - &amp#27;[32mUsing locally available and not pulling image: testcontainers/ryuk:0.4.0
&amp#27;[0;39m2023-05-08 13:18:53,548 [main] &amp#27;[39mDEBUG&amp#27;[0;39m &amp#27;[36mtc.testcontainers/ryuk:0.4.0&amp#27;[0;39m - &amp#27;[32mStarting container: testcontainers/ryuk:0.4.0
&amp#27;[0;39m2023-05-08 13:18:53,549 [main] &amp#27;[39mDEBUG&amp#27;[0;39m &amp#27;[36mtc.testcontainers/ryuk:0.4.0&amp#27;[0;39m - &amp#27;[32mTrying to start container: testcontainers/ryuk:0.4.0 (attempt 1/1)
&amp#27;[0;39m2023-05-08 13:18:53,549 [main] &amp#27;[39mDEBUG&amp#27;[0;39m &amp#27;[36mtc.testcontainers/ryuk:0.4.0&amp#27;[0;39m - &amp#27;[32mStarting container: testcontainers/ryuk:0.4.0
&amp#27;[0;39m2023-05-08 13:18:53,549 [main] &amp#27;[34mINFO &amp#27;[0;39m &amp#27;[36mtc.testcontainers/ryuk:0.4.0&amp#27;[0;39m - &amp#27;[32mCreating container for image: testcontainers/ryuk:0.4.0
&amp#27;[0;39m2023-05-08 13:18:53,551 [main] &amp#27;[39mDEBUG&amp#27;[0;39m &amp#27;[36mo.t.utility.RegistryAuthLocator&amp#27;[0;39m - &amp#27;[32mLooking up auth config for image: testcontainers/ryuk:0.4.0 at registry: https://index.docker.io/v1/
&amp#27;[0;39m2023-05-08 13:18:53,551 [main] &amp#27;[39mDEBUG&amp#27;[0;39m &amp#27;[36mo.t.utility.RegistryAuthLocator&amp#27;[0;39m - &amp#27;[32mRegistryAuthLocator has configFile: /home/jorg/.docker/config.json (exists) configEnv: DOCKER_AUTH_CONFIG (does not exist) and commandPathPrefix: 
&amp#27;[0;39m2023-05-08 13:18:53,552 [main] &amp#27;[39mDEBUG&amp#27;[0;39m &amp#27;[36mo.t.utility.RegistryAuthLocator&amp#27;[0;39m - &amp#27;[32mRegistryAuthLocator reading from configFile: /home/jorg/.docker/config.json
&amp#27;[0;39m2023-05-08 13:18:53,552 [main] &amp#27;[39mDEBUG&amp#27;[0;39m &amp#27;[36mo.t.utility.RegistryAuthLocator&amp#27;[0;39m - &amp#27;[32mregistryName [https://index.docker.io/v1/] for dockerImageName [testcontainers/ryuk:0.4.0]
&amp#27;[0;39m2023-05-08 13:18:53,553 [main] &amp#27;[39mDEBUG&amp#27;[0;39m &amp#27;[36mo.t.utility.RegistryAuthLocator&amp#27;[0;39m - &amp#27;[32mfound existing auth config [AuthConfig{username=tyskerdocker, password=hidden non-blank value, auth=hidden non-blank value, email=null, registryAddress=https://index.docker.io/v1/, registryToken=blank}]
&amp#27;[0;39m2023-05-08 13:18:53,553 [main] &amp#27;[39mDEBUG&amp#27;[0;39m &amp#27;[36mo.t.utility.RegistryAuthLocator&amp#27;[0;39m - &amp#27;[32mCached auth found: [AuthConfig{username=tyskerdocker, password=hidden non-blank value, auth=hidden non-blank value, email=null, registryAddress=https://index.docker.io/v1/, registryToken=blank}]
&amp#27;[0;39m2023-05-08 13:18:53,553 [main] &amp#27;[39mDEBUG&amp#27;[0;39m &amp#27;[36mo.t.d.AuthDelegatingDockerClientConfig&amp#27;[0;39m - &amp#27;[32mEffective auth config [AuthConfig{username=tyskerdocker, password=hidden non-blank value, auth=hidden non-blank value, email=null, registryAddress=https://index.docker.io/v1/, registryToken=blank}]
&amp#27;[0;39m2023-05-08 13:18:53,559 [main] &amp#27;[39mDEBUG&amp#27;[0;39m &amp#27;[36mo.t.s.c.g.d.c.command.AbstrDockerCmd&amp#27;[0;39m - &amp#27;[32mCmd: org.testcontainers.shaded.com.github.dockerjava.core.command.CreateContainerCmdImpl@26844abb[aliases=<null>,argsEscaped=<null>,attachStderr=<null>,attachStdin=<null>,attachStdout=<null>,authConfig=AuthConfig(username=tyskerdocker, email=null, registryAddress=https://index.docker.io/v1/, stackOrchestrator=null),cmd={},domainName=<null>,entrypoint=<null>,env={},exposedPorts=ExposedPorts(exposedPorts=[8080/tcp]),healthcheck=<null>,hostConfig=HostConfig(binds=[/var/run/docker.sock:/var/run/docker.sock:rw], blkioWeight=null, blkioWeightDevice=null, blkioDeviceReadBps=null, blkioDeviceWriteBps=null, blkioDeviceReadIOps=null, blkioDeviceWriteIOps=null, memorySwappiness=null, nanoCPUs=null, capAdd=null, capDrop=null, containerIDFile=null, cpuPeriod=null, cpuRealtimePeriod=null, cpuRealtimeRuntime=null, cpuShares=null, cpuQuota=null, cpusetCpus=null, cpusetMems=null, devices=null, deviceCgroupRules=null, deviceRequests=null, diskQuota=null, dns=null, dnsOptions=null, dnsSearch=null, extraHosts=[], groupAdd=null, ipcMode=null, cgroup=null, links=[], logConfig=LogConfig(type=null, config=null), lxcConf=null, memory=null, memorySwap=null, memoryReservation=null, kernelMemory=null, networkMode=null, oomKillDisable=null, init=null, autoRemove=true, oomScoreAdj=null, portBindings={8080/tcp=[Lcom.github.dockerjava.api.model.Ports$Binding;@33899f7a}, privileged=false, publishAllPorts=null, readonlyRootfs=null, restartPolicy=null, ulimits=null, cpuCount=null, cpuPercent=null, ioMaximumIOps=null, ioMaximumBandwidth=null, volumesFrom=[], mounts=null, pidMode=null, isolation=null, securityOpts=null, storageOpt=null, cgroupParent=null, volumeDriver=null, shmSize=null, pidsLimit=null, runtime=null, tmpFs=null, utSMode=null, usernsMode=null, sysctls=null, consoleSize=null, cgroupnsMode=null),hostName=<null>,image=testcontainers/ryuk:0.4.0,ipv4Address=<null>,ipv6Address=<null>,labels={org.testcontainers=true, org.testcontainers.lang=java, org.testcontainers.version=1.18.0},macAddress=<null>,name=testcontainers-ryuk-f1b696c1-ec3f-4f95-afa8-081853be7ccb,networkDisabled=<null>,networkingConfig=<null>,onBuild=<null>,platform=<null>,portSpecs=<null>,shell=<null>,stdInOnce=<null>,stdinOpen=<null>,stopSignal=<null>,stopTimeout=<null>,tty=<null>,user=<null>,volumes=Volumes(volumes=[]),workingDir=<null>]
&amp#27;[0;39m2023-05-08 13:18:53,610 [main] &amp#27;[39mDEBUG&amp#27;[0;39m &amp#27;[36mc.g.d.z.s.o.a.h.c.h.i.c.InternalHttpClient&amp#27;[0;39m - &amp#27;[32mex-00000004: preparing request execution
&amp#27;[0;39m2023-05-08 13:18:53,610 [main] &amp#27;[39mDEBUG&amp#27;[0;39m &amp#27;[36mc.g.d.z.s.o.a.h.c.h.p.RequestAddCookies&amp#27;[0;39m - &amp#27;[32mCookie spec selected: strict
&amp#27;[0;39m2023-05-08 13:18:53,611 [main] &amp#27;[39mDEBUG&amp#27;[0;39m &amp#27;[36mc.g.d.z.s.o.a.h.c.h.p.RequestAuthCache&amp#27;[0;39m - &amp#27;[32mAuth cache not set in the context
&amp#27;[0;39m2023-05-08 13:18:53,611 [main] &amp#27;[39mDEBUG&amp#27;[0;39m &amp#27;[36mc.g.d.z.s.o.a.h.c.h.i.c.ProtocolExec&amp#27;[0;39m - &amp#27;[32mex-00000004: target auth state: UNCHALLENGED
&amp#27;[0;39m2023-05-08 13:18:53,611 [main] &amp#27;[39mDEBUG&amp#27;[0;39m &amp#27;[36mc.g.d.z.s.o.a.h.c.h.i.c.ProtocolExec&amp#27;[0;39m - &amp#27;[32mex-00000004: proxy auth state: UNCHALLENGED
&amp#27;[0;39m2023-05-08 13:18:53,611 [main] &amp#27;[39mDEBUG&amp#27;[0;39m &amp#27;[36mc.g.d.z.s.o.a.h.c.h.i.c.ConnectExec&amp#27;[0;39m - &amp#27;[32mex-00000004: acquiring connection with route {}->unix://localhost:2375
&amp#27;[0;39m2023-05-08 13:18:53,611 [main] &amp#27;[39mDEBUG&amp#27;[0;39m &amp#27;[36mc.g.d.z.s.o.a.h.c.h.i.c.InternalHttpClient&amp#27;[0;39m - &amp#27;[32mex-00000004: acquiring endpoint (3 MINUTES)
&amp#27;[0;39m2023-05-08 13:18:53,611 [main] &amp#27;[39mDEBUG&amp#27;[0;39m &amp#27;[36mc.g.d.z.s.o.a.h.c.h.i.i.PoolingHttpClientConnectionManager&amp#27;[0;39m - &amp#27;[32mex-00000004: endpoint lease request (3 MINUTES) [route: {}->unix://localhost:2375][total available: 1; route allocated: 1 of 2147483647; total allocated: 1 of 2147483647]
&amp#27;[0;39m2023-05-08 13:18:53,611 [main] &amp#27;[39mDEBUG&amp#27;[0;39m &amp#27;[36mc.g.d.z.s.o.a.h.c.h.i.i.PoolingHttpClientConnectionManager&amp#27;[0;39m - &amp#27;[32mex-00000004: endpoint leased [route: {}->unix://localhost:2375][total available: 0; route allocated: 1 of 2147483647; total allocated: 1 of 2147483647]
&amp#27;[0;39m2023-05-08 13:18:53,611 [main] &amp#27;[39mDEBUG&amp#27;[0;39m &amp#27;[36mc.g.d.z.s.o.a.h.c.h.i.i.PoolingHttpClientConnectionManager&amp#27;[0;39m - &amp#27;[32mex-00000004: acquired ep-00000003
&amp#27;[0;39m2023-05-08 13:18:53,611 [main] &amp#27;[39mDEBUG&amp#27;[0;39m &amp#27;[36mc.g.d.z.s.o.a.h.c.h.i.c.InternalHttpClient&amp#27;[0;39m - &amp#27;[32mex-00000004: acquired endpoint ep-00000003
&amp#27;[0;39m2023-05-08 13:18:53,612 [main] &amp#27;[39mDEBUG&amp#27;[0;39m &amp#27;[36mc.g.d.z.s.o.a.h.c.h.i.c.MainClientExec&amp#27;[0;39m - &amp#27;[32mex-00000004: executing POST /v1.32/containers/create?name=testcontainers-ryuk-f1b696c1-ec3f-4f95-afa8-081853be7ccb HTTP/1.1
&amp#27;[0;39m2023-05-08 13:18:53,612 [main] &amp#27;[39mDEBUG&amp#27;[0;39m &amp#27;[36mc.g.d.z.s.o.a.h.c.h.i.c.InternalHttpClient&amp#27;[0;39m - &amp#27;[32mep-00000003: start execution ex-00000004
&amp#27;[0;39m2023-05-08 13:18:53,612 [main] &amp#27;[39mDEBUG&amp#27;[0;39m &amp#27;[36mc.g.d.z.s.o.a.h.c.h.i.i.PoolingHttpClientConnectionManager&amp#27;[0;39m - &amp#27;[32mep-00000003: executing exchange ex-00000004 over http-outgoing-0
&amp#27;[0;39m2023-05-08 13:18:53,612 [main] &amp#27;[39mDEBUG&amp#27;[0;39m &amp#27;[36mc.g.d.z.s.o.a.h.client5.http.headers&amp#27;[0;39m - &amp#27;[32mhttp-outgoing-0 >> POST /v1.32/containers/create?name=testcontainers-ryuk-f1b696c1-ec3f-4f95-afa8-081853be7ccb HTTP/1.1
&amp#27;[0;39m2023-05-08 13:18:53,612 [main] &amp#27;[39mDEBUG&amp#27;[0;39m &amp#27;[36mc.g.d.z.s.o.a.h.client5.http.headers&amp#27;[0;39m - &amp#27;[32mhttp-outgoing-0 >> X-Registry-Auth: eyJ1c2VybmFtZSI6InR5c2tlcmRvY2tlciIsInBhc3N3b3JkIjoidGZIcTlwYko5S3lDRFU5IiwiZW1haWwiOm51bGwsInNlcnZlcmFkZHJlc3MiOiJodHRwczovL2luZGV4LmRvY2tlci5pby92MS8iLCJhdXRoIjoiZEhsemEyVnlaRzlqYTJWeU9uUm1TSEU1Y0dKS09VdDVRMFJWT1E9PSIsInJlZ2lzdHJ5dG9rZW4iOm51bGwsImlkZW50aXR5dG9rZW4iOm51bGwsInN0YWNrT3JjaGVzdHJhdG9yIjpudWxsfQ==
&amp#27;[0;39m2023-05-08 13:18:53,612 [main] &amp#27;[39mDEBUG&amp#27;[0;39m &amp#27;[36mc.g.d.z.s.o.a.h.client5.http.headers&amp#27;[0;39m - &amp#27;[32mhttp-outgoing-0 >> accept: application/json
&amp#27;[0;39m2023-05-08 13:18:53,612 [main] &amp#27;[39mDEBUG&amp#27;[0;39m &amp#27;[36mc.g.d.z.s.o.a.h.client5.http.headers&amp#27;[0;39m - &amp#27;[32mhttp-outgoing-0 >> content-type: application/json
&amp#27;[0;39m2023-05-08 13:18:53,612 [main] &amp#27;[39mDEBUG&amp#27;[0;39m &amp#27;[36mc.g.d.z.s.o.a.h.client5.http.headers&amp#27;[0;39m - &amp#27;[32mhttp-outgoing-0 >> x-tc-sid: f1b696c1-ec3f-4f95-afa8-081853be7ccb
&amp#27;[0;39m2023-05-08 13:18:53,612 [main] &amp#27;[39mDEBUG&amp#27;[0;39m &amp#27;[36mc.g.d.z.s.o.a.h.client5.http.headers&amp#27;[0;39m - &amp#27;[32mhttp-outgoing-0 >> Accept-Encoding: gzip, x-gzip, deflate
&amp#27;[0;39m2023-05-08 13:18:53,612 [main] &amp#27;[39mDEBUG&amp#27;[0;39m &amp#27;[36mc.g.d.z.s.o.a.h.client5.http.headers&amp#27;[0;39m - &amp#27;[32mhttp-outgoing-0 >> Content-Length: 1955
&amp#27;[0;39m2023-05-08 13:18:53,612 [main] &amp#27;[39mDEBUG&amp#27;[0;39m &amp#27;[36mc.g.d.z.s.o.a.h.client5.http.headers&amp#27;[0;39m - &amp#27;[32mhttp-outgoing-0 >> Host: localhost:2375
&amp#27;[0;39m2023-05-08 13:18:53,612 [main] &amp#27;[39mDEBUG&amp#27;[0;39m &amp#27;[36mc.g.d.z.s.o.a.h.client5.http.headers&amp#27;[0;39m - &amp#27;[32mhttp-outgoing-0 >> Connection: keep-alive
&amp#27;[0;39m2023-05-08 13:18:53,612 [main] &amp#27;[39mDEBUG&amp#27;[0;39m &amp#27;[36mc.g.d.z.s.o.a.h.client5.http.headers&amp#27;[0;39m - &amp#27;[32mhttp-outgoing-0 >> User-Agent: Apache-HttpClient/5.0.3 (Java/17.0.6)
&amp#27;[0;39m2023-05-08 13:18:53,612 [main] &amp#27;[39mDEBUG&amp#27;[0;39m &amp#27;[36mc.g.d.z.s.o.a.hc.client5.http.wire&amp#27;[0;39m - &amp#27;[32mhttp-outgoing-0 >> "POST /v1.32/containers/create?name=testcontainers-ryuk-f1b696c1-ec3f-4f95-afa8-081853be7ccb HTTP/1.1[\r][\n]"
&amp#27;[0;39m2023-05-08 13:18:53,612 [main] &amp#27;[39mDEBUG&amp#27;[0;39m &amp#27;[36mc.g.d.z.s.o.a.hc.client5.http.wire&amp#27;[0;39m - &amp#27;[32mhttp-outgoing-0 >> "X-Registry-Auth: eyJ1c2VybmFtZSI6InR5c2tlcmRvY2tlciIsInBhc3N3b3JkIjoidGZIcTlwYko5S3lDRFU5IiwiZW1haWwiOm51bGwsInNlcnZlcmFkZHJlc3MiOiJodHRwczovL2luZGV4LmRvY2tlci5pby92MS8iLCJhdXRoIjoiZEhsemEyVnlaRzlqYTJWeU9uUm1TSEU1Y0dKS09VdDVRMFJWT1E9PSIsInJlZ2lzdHJ5dG9rZW4iOm51bGwsImlkZW50aXR5dG9rZW4iOm51bGwsInN0YWNrT3JjaGVzdHJhdG9yIjpudWxsfQ==[\r][\n]"
&amp#27;[0;39m2023-05-08 13:18:53,612 [main] &amp#27;[39mDEBUG&amp#27;[0;39m &amp#27;[36mc.g.d.z.s.o.a.hc.client5.http.wire&amp#27;[0;39m - &amp#27;[32mhttp-outgoing-0 >> "accept: application/json[\r][\n]"
&amp#27;[0;39m2023-05-08 13:18:53,612 [main] &amp#27;[39mDEBUG&amp#27;[0;39m &amp#27;[36mc.g.d.z.s.o.a.hc.client5.http.wire&amp#27;[0;39m - &amp#27;[32mhttp-outgoing-0 >> "content-type: application/json[\r][\n]"
&amp#27;[0;39m2023-05-08 13:18:53,612 [main] &amp#27;[39mDEBUG&amp#27;[0;39m &amp#27;[36mc.g.d.z.s.o.a.hc.client5.http.wire&amp#27;[0;39m - &amp#27;[32mhttp-outgoing-0 >> "x-tc-sid: f1b696c1-ec3f-4f95-afa8-081853be7ccb[\r][\n]"
&amp#27;[0;39m2023-05-08 13:18:53,612 [main] &amp#27;[39mDEBUG&amp#27;[0;39m &amp#27;[36mc.g.d.z.s.o.a.hc.client5.http.wire&amp#27;[0;39m - &amp#27;[32mhttp-outgoing-0 >> "Accept-Encoding: gzip, x-gzip, deflate[\r][\n]"
&amp#27;[0;39m2023-05-08 13:18:53,612 [main] &amp#27;[39mDEBUG&amp#27;[0;39m &amp#27;[36mc.g.d.z.s.o.a.hc.client5.http.wire&amp#27;[0;39m - &amp#27;[32mhttp-outgoing-0 >> "Content-Length: 1955[\r][\n]"
&amp#27;[0;39m2023-05-08 13:18:53,613 [main] &amp#27;[39mDEBUG&amp#27;[0;39m &amp#27;[36mc.g.d.z.s.o.a.hc.client5.http.wire&amp#27;[0;39m - &amp#27;[32mhttp-outgoing-0 >> "Host: localhost:2375[\r][\n]"
&amp#27;[0;39m2023-05-08 13:18:53,613 [main] &amp#27;[39mDEBUG&amp#27;[0;39m &amp#27;[36mc.g.d.z.s.o.a.hc.client5.http.wire&amp#27;[0;39m - &amp#27;[32mhttp-outgoing-0 >> "Connection: keep-alive[\r][\n]"
&amp#27;[0;39m2023-05-08 13:18:53,613 [main] &amp#27;[39mDEBUG&amp#27;[0;39m &amp#27;[36mc.g.d.z.s.o.a.hc.client5.http.wire&amp#27;[0;39m - &amp#27;[32mhttp-outgoing-0 >> "User-Agent: Apache-HttpClient/5.0.3 (Java/17.0.6)[\r][\n]"
&amp#27;[0;39m2023-05-08 13:18:53,613 [main] &amp#27;[39mDEBUG&amp#27;[0;39m &amp#27;[36mc.g.d.z.s.o.a.hc.client5.http.wire&amp#27;[0;39m - &amp#27;[32mhttp-outgoing-0 >> "[\r][\n]"
&amp#27;[0;39m2023-05-08 13:18:53,613 [main] &amp#27;[39mDEBUG&amp#27;[0;39m &amp#27;[36mc.g.d.z.s.o.a.hc.client5.http.wire&amp#27;[0;39m - &amp#27;[32mhttp-outgoing-0 >> "{"Hostname":null,"Domainname":null,"User":null,"AttachStdin":null,"AttachStdout":null,"AttachStderr":null,"PortSpecs":null,"Tty":null,"OpenStdin":null,"StdinOnce":null,"Env":[],"Cmd":[],"Healthcheck":null,"ArgsEscaped":null,"Entrypoint":null,"Image":"testcontainers/ryuk:0.4.0","Volumes":{},"WorkingDir":null,"MacAddress":null,"OnBuild":null,"NetworkDisabled":null,"ExposedPorts":{"8080/tcp":{}},"StopSignal":null,"StopTimeout":null,"HostConfig":{"Binds":["/var/run/docker.sock:/var/run/docker.sock:rw"],"BlkioWeight":null,"BlkioWeightDevice":null,"BlkioDeviceReadBps":null,"BlkioDeviceWriteBps":null,"BlkioDeviceReadIOps":null,"BlkioDeviceWriteIOps":null,"MemorySwappiness":null,"NanoCpus":null,"CapAdd":null,"CapDrop":null,"ContainerIDFile":null,"CpuPeriod":null,"CpuRealtimePeriod":null,"CpuRealtimeRuntime":null,"CpuShares":null,"CpuQuota":null,"CpusetCpus":null,"CpusetMems":null,"Devices":null,"DeviceCgroupRules":null,"DeviceRequests":null,"DiskQuota":null,"Dns":null,"DnsOptions":null,"DnsSearch":null,"ExtraHosts":[],"GroupAdd":null,"IpcMode":null,"Cgroup":null,"Links":[],"LogConfig":null,"LxcConf":null,"Memory":null,"MemorySwap":null,"MemoryReservation":null,"KernelMemory":null,"NetworkMode":null,"OomKillDisable":null,"Init":null,"AutoRemove":true,"OomScoreAdj":null,"PortBindings":{"8080/tcp":[{"HostIp":"","HostPort":""}]},"Privileged":false,"PublishAllPorts":null,"ReadonlyRootfs":null,"RestartPolicy":null,"Ulimits":null,"CpuCount":null,"CpuPercent":null,"IOMaximumIOps":null,"IOMaximumBandwidth":null,"VolumesFrom":[],"Mounts":null,"PidMode":null,"Isolation":null,"SecurityOpt":null,"StorageOpt":null,"CgroupParent":null,"VolumeDriver":null,"ShmSize":null,"PidsLimit":null,"Runtime":null,"Tmpfs":null,"UTSMode":null,"UsernsMode":null,"Sysctls":null,"ConsoleSize":null,"CgroupnsMode":null},"Labels":{"org.testcontainers":"true","org.testcontainers.lang":"java","org.testcontainers.version":"1.18.0"},"Shell":null,"NetworkingConfig":null}"
&amp#27;[0;39m2023-05-08 13:18:53,635 [main] &amp#27;[39mDEBUG&amp#27;[0;39m &amp#27;[36mc.g.d.z.s.o.a.hc.client5.http.wire&amp#27;[0;39m - &amp#27;[32mhttp-outgoing-0 << "HTTP/1.1 201 Created[\r][\n]"
&amp#27;[0;39m2023-05-08 13:18:53,635 [main] &amp#27;[39mDEBUG&amp#27;[0;39m &amp#27;[36mc.g.d.z.s.o.a.hc.client5.http.wire&amp#27;[0;39m - &amp#27;[32mhttp-outgoing-0 << "Api-Version: 1.42[\r][\n]"
&amp#27;[0;39m2023-05-08 13:18:53,635 [main] &amp#27;[39mDEBUG&amp#27;[0;39m &amp#27;[36mc.g.d.z.s.o.a.hc.client5.http.wire&amp#27;[0;39m - &amp#27;[32mhttp-outgoing-0 << "Content-Type: application/json[\r][\n]"
&amp#27;[0;39m2023-05-08 13:18:53,635 [main] &amp#27;[39mDEBUG&amp#27;[0;39m &amp#27;[36mc.g.d.z.s.o.a.hc.client5.http.wire&amp#27;[0;39m - &amp#27;[32mhttp-outgoing-0 << "Docker-Experimental: false[\r][\n]"
&amp#27;[0;39m2023-05-08 13:18:53,635 [main] &amp#27;[39mDEBUG&amp#27;[0;39m &amp#27;[36mc.g.d.z.s.o.a.hc.client5.http.wire&amp#27;[0;39m - &amp#27;[32mhttp-outgoing-0 << "Ostype: linux[\r][\n]"
&amp#27;[0;39m2023-05-08 13:18:53,636 [main] &amp#27;[39mDEBUG&amp#27;[0;39m &amp#27;[36mc.g.d.z.s.o.a.hc.client5.http.wire&amp#27;[0;39m - &amp#27;[32mhttp-outgoing-0 << "Server: Docker/23.0.5 (linux)[\r][\n]"
&amp#27;[0;39m2023-05-08 13:18:53,636 [main] &amp#27;[39mDEBUG&amp#27;[0;39m &amp#27;[36mc.g.d.z.s.o.a.hc.client5.http.wire&amp#27;[0;39m - &amp#27;[32mhttp-outgoing-0 << "Date: Mon, 08 May 2023 11:18:53 GMT[\r][\n]"
&amp#27;[0;39m2023-05-08 13:18:53,636 [main] &amp#27;[39mDEBUG&amp#27;[0;39m &amp#27;[36mc.g.d.z.s.o.a.hc.client5.http.wire&amp#27;[0;39m - &amp#27;[32mhttp-outgoing-0 << "Content-Length: 88[\r][\n]"
&amp#27;[0;39m2023-05-08 13:18:53,636 [main] &amp#27;[39mDEBUG&amp#27;[0;39m &amp#27;[36mc.g.d.z.s.o.a.hc.client5.http.wire&amp#27;[0;39m - &amp#27;[32mhttp-outgoing-0 << "[\r][\n]"
&amp#27;[0;39m2023-05-08 13:18:53,636 [main] &amp#27;[39mDEBUG&amp#27;[0;39m &amp#27;[36mc.g.d.z.s.o.a.hc.client5.http.wire&amp#27;[0;39m - &amp#27;[32mhttp-outgoing-0 << "{"Id":"cb4c1626d1b9b21cc87eaf2ef9af89a71b74336f24883e877f6ef14d1614b8bd","Warnings":[]}[\n]"
&amp#27;[0;39m2023-05-08 13:18:53,636 [main] &amp#27;[39mDEBUG&amp#27;[0;39m &amp#27;[36mc.g.d.z.s.o.a.h.client5.http.headers&amp#27;[0;39m - &amp#27;[32mhttp-outgoing-0 << HTTP/1.1 201 Created
&amp#27;[0;39m2023-05-08 13:18:53,636 [main] &amp#27;[39mDEBUG&amp#27;[0;39m &amp#27;[36mc.g.d.z.s.o.a.h.client5.http.headers&amp#27;[0;39m - &amp#27;[32mhttp-outgoing-0 << Api-Version: 1.42
&amp#27;[0;39m2023-05-08 13:18:53,636 [main] &amp#27;[39mDEBUG&amp#27;[0;39m &amp#27;[36mc.g.d.z.s.o.a.h.client5.http.headers&amp#27;[0;39m - &amp#27;[32mhttp-outgoing-0 << Content-Type: application/json
&amp#27;[0;39m2023-05-08 13:18:53,636 [main] &amp#27;[39mDEBUG&amp#27;[0;39m &amp#27;[36mc.g.d.z.s.o.a.h.client5.http.headers&amp#27;[0;39m - &amp#27;[32mhttp-outgoing-0 << Docker-Experimental: false
&amp#27;[0;39m2023-05-08 13:18:53,636 [main] &amp#27;[39mDEBUG&amp#27;[0;39m &amp#27;[36mc.g.d.z.s.o.a.h.client5.http.headers&amp#27;[0;39m - &amp#27;[32mhttp-outgoing-0 << Ostype: linux
&amp#27;[0;39m2023-05-08 13:18:53,636 [main] &amp#27;[39mDEBUG&amp#27;[0;39m &amp#27;[36mc.g.d.z.s.o.a.h.client5.http.headers&amp#27;[0;39m - &amp#27;[32mhttp-outgoing-0 << Server: Docker/23.0.5 (linux)
&amp#27;[0;39m2023-05-08 13:18:53,637 [main] &amp#27;[39mDEBUG&amp#27;[0;39m &amp#27;[36mc.g.d.z.s.o.a.h.client5.http.headers&amp#27;[0;39m - &amp#27;[32mhttp-outgoing-0 << Date: Mon, 08 May 2023 11:18:53 GMT
&amp#27;[0;39m2023-05-08 13:18:53,637 [main] &amp#27;[39mDEBUG&amp#27;[0;39m &amp#27;[36mc.g.d.z.s.o.a.h.client5.http.headers&amp#27;[0;39m - &amp#27;[32mhttp-outgoing-0 << Content-Length: 88
&amp#27;[0;39m2023-05-08 13:18:53,637 [main] &amp#27;[39mDEBUG&amp#27;[0;39m &amp#27;[36mc.g.d.z.s.o.a.h.c.h.i.c.MainClientExec&amp#27;[0;39m - &amp#27;[32mex-00000004: connection can be kept alive for 3 MINUTES
&amp#27;[0;39m2023-05-08 13:18:53,639 [main] &amp#27;[39mDEBUG&amp#27;[0;39m &amp#27;[36mc.g.d.z.s.o.a.h.c.h.i.c.InternalHttpClient&amp#27;[0;39m - &amp#27;[32mep-00000003: releasing valid endpoint
&amp#27;[0;39m2023-05-08 13:18:53,639 [main] &amp#27;[39mDEBUG&amp#27;[0;39m &amp#27;[36mc.g.d.z.s.o.a.h.c.h.i.i.PoolingHttpClientConnectionManager&amp#27;[0;39m - &amp#27;[32mep-00000003: releasing endpoint
&amp#27;[0;39m2023-05-08 13:18:53,639 [main] &amp#27;[39mDEBUG&amp#27;[0;39m &amp#27;[36mc.g.d.z.s.o.a.h.c.h.i.i.PoolingHttpClientConnectionManager&amp#27;[0;39m - &amp#27;[32mep-00000003: connection http-outgoing-0 can be kept alive for 3 MINUTES
&amp#27;[0;39m2023-05-08 13:18:53,640 [main] &amp#27;[39mDEBUG&amp#27;[0;39m &amp#27;[36mc.g.d.z.s.o.a.h.c.h.i.i.PoolingHttpClientConnectionManager&amp#27;[0;39m - &amp#27;[32mep-00000003: connection released [route: {}->unix://localhost:2375][total available: 1; route allocated: 1 of 2147483647; total allocated: 1 of 2147483647]
&amp#27;[0;39m2023-05-08 13:18:53,642 [main] &amp#27;[34mINFO &amp#27;[0;39m &amp#27;[36mtc.testcontainers/ryuk:0.4.0&amp#27;[0;39m - &amp#27;[32mContainer testcontainers/ryuk:0.4.0 is starting: cb4c1626d1b9b21cc87eaf2ef9af89a71b74336f24883e877f6ef14d1614b8bd
&amp#27;[0;39m2023-05-08 13:18:53,642 [main] &amp#27;[39mDEBUG&amp#27;[0;39m &amp#27;[36mo.t.s.c.g.d.c.command.AbstrDockerCmd&amp#27;[0;39m - &amp#27;[32mCmd: cb4c1626d1b9b21cc87eaf2ef9af89a71b74336f24883e877f6ef14d1614b8bd
&amp#27;[0;39m2023-05-08 13:18:53,643 [main] &amp#27;[39mDEBUG&amp#27;[0;39m &amp#27;[36mc.g.d.z.s.o.a.h.c.h.i.c.InternalHttpClient&amp#27;[0;39m - &amp#27;[32mex-00000005: preparing request execution
&amp#27;[0;39m2023-05-08 13:18:53,643 [main] &amp#27;[39mDEBUG&amp#27;[0;39m &amp#27;[36mc.g.d.z.s.o.a.h.c.h.p.RequestAddCookies&amp#27;[0;39m - &amp#27;[32mCookie spec selected: strict
&amp#27;[0;39m2023-05-08 13:18:53,643 [main] &amp#27;[39mDEBUG&amp#27;[0;39m &amp#27;[36mc.g.d.z.s.o.a.h.c.h.p.RequestAuthCache&amp#27;[0;39m - &amp#27;[32mAuth cache not set in the context
&amp#27;[0;39m2023-05-08 13:18:53,643 [main] &amp#27;[39mDEBUG&amp#27;[0;39m &amp#27;[36mc.g.d.z.s.o.a.h.c.h.i.c.ProtocolExec&amp#27;[0;39m - &amp#27;[32mex-00000005: target auth state: UNCHALLENGED
&amp#27;[0;39m2023-05-08 13:18:53,643 [main] &amp#27;[39mDEBUG&amp#27;[0;39m &amp#27;[36mc.g.d.z.s.o.a.h.c.h.i.c.ProtocolExec&amp#27;[0;39m - &amp#27;[32mex-00000005: proxy auth state: UNCHALLENGED
&amp#27;[0;39m2023-05-08 13:18:53,643 [main] &amp#27;[39mDEBUG&amp#27;[0;39m &amp#27;[36mc.g.d.z.s.o.a.h.c.h.i.c.ConnectExec&amp#27;[0;39m - &amp#27;[32mex-00000005: acquiring connection with route {}->unix://localhost:2375
&amp#27;[0;39m2023-05-08 13:18:53,643 [main] &amp#27;[39mDEBUG&amp#27;[0;39m &amp#27;[36mc.g.d.z.s.o.a.h.c.h.i.c.InternalHttpClient&amp#27;[0;39m - &amp#27;[32mex-00000005: acquiring endpoint (3 MINUTES)
&amp#27;[0;39m2023-05-08 13:18:53,643 [main] &amp#27;[39mDEBUG&amp#27;[0;39m &amp#27;[36mc.g.d.z.s.o.a.h.c.h.i.i.PoolingHttpClientConnectionManager&amp#27;[0;39m - &amp#27;[32mex-00000005: endpoint lease request (3 MINUTES) [route: {}->unix://localhost:2375][total available: 1; route allocated: 1 of 2147483647; total allocated: 1 of 2147483647]
&amp#27;[0;39m2023-05-08 13:18:53,644 [main] &amp#27;[39mDEBUG&amp#27;[0;39m &amp#27;[36mc.g.d.z.s.o.a.h.c.h.i.i.PoolingHttpClientConnectionManager&amp#27;[0;39m - &amp#27;[32mex-00000005: endpoint leased [route: {}->unix://localhost:2375][total available: 0; route allocated: 1 of 2147483647; total allocated: 1 of 2147483647]
&amp#27;[0;39m2023-05-08 13:18:53,644 [main] &amp#27;[39mDEBUG&amp#27;[0;39m &amp#27;[36mc.g.d.z.s.o.a.h.c.h.i.i.PoolingHttpClientConnectionManager&amp#27;[0;39m - &amp#27;[32mex-00000005: acquired ep-00000004
&amp#27;[0;39m2023-05-08 13:18:53,644 [main] &amp#27;[39mDEBUG&amp#27;[0;39m &amp#27;[36mc.g.d.z.s.o.a.h.c.h.i.c.InternalHttpClient&amp#27;[0;39m - &amp#27;[32mex-00000005: acquired endpoint ep-00000004
&amp#27;[0;39m2023-05-08 13:18:53,644 [main] &amp#27;[39mDEBUG&amp#27;[0;39m &amp#27;[36mc.g.d.z.s.o.a.h.c.h.i.c.MainClientExec&amp#27;[0;39m - &amp#27;[32mex-00000005: executing POST /v1.32/containers/cb4c1626d1b9b21cc87eaf2ef9af89a71b74336f24883e877f6ef14d1614b8bd/start HTTP/1.1
&amp#27;[0;39m2023-05-08 13:18:53,644 [main] &amp#27;[39mDEBUG&amp#27;[0;39m &amp#27;[36mc.g.d.z.s.o.a.h.c.h.i.c.InternalHttpClient&amp#27;[0;39m - &amp#27;[32mep-00000004: start execution ex-00000005
&amp#27;[0;39m2023-05-08 13:18:53,644 [main] &amp#27;[39mDEBUG&amp#27;[0;39m &amp#27;[36mc.g.d.z.s.o.a.h.c.h.i.i.PoolingHttpClientConnectionManager&amp#27;[0;39m - &amp#27;[32mep-00000004: executing exchange ex-00000005 over http-outgoing-0
&amp#27;[0;39m2023-05-08 13:18:53,644 [main] &amp#27;[39mDEBUG&amp#27;[0;39m &amp#27;[36mc.g.d.z.s.o.a.h.client5.http.headers&amp#27;[0;39m - &amp#27;[32mhttp-outgoing-0 >> POST /v1.32/containers/cb4c1626d1b9b21cc87eaf2ef9af89a71b74336f24883e877f6ef14d1614b8bd/start HTTP/1.1
&amp#27;[0;39m2023-05-08 13:18:53,644 [main] &amp#27;[39mDEBUG&amp#27;[0;39m &amp#27;[36mc.g.d.z.s.o.a.h.client5.http.headers&amp#27;[0;39m - &amp#27;[32mhttp-outgoing-0 >> accept: application/json
&amp#27;[0;39m2023-05-08 13:18:53,644 [main] &amp#27;[39mDEBUG&amp#27;[0;39m &amp#27;[36mc.g.d.z.s.o.a.h.client5.http.headers&amp#27;[0;39m - &amp#27;[32mhttp-outgoing-0 >> content-type: application/json
&amp#27;[0;39m2023-05-08 13:18:53,644 [main] &amp#27;[39mDEBUG&amp#27;[0;39m &amp#27;[36mc.g.d.z.s.o.a.h.client5.http.headers&amp#27;[0;39m - &amp#27;[32mhttp-outgoing-0 >> x-tc-sid: f1b696c1-ec3f-4f95-afa8-081853be7ccb
&amp#27;[0;39m2023-05-08 13:18:53,644 [main] &amp#27;[39mDEBUG&amp#27;[0;39m &amp#27;[36mc.g.d.z.s.o.a.h.client5.http.headers&amp#27;[0;39m - &amp#27;[32mhttp-outgoing-0 >> Accept-Encoding: gzip, x-gzip, deflate
&amp#27;[0;39m2023-05-08 13:18:53,644 [main] &amp#27;[39mDEBUG&amp#27;[0;39m &amp#27;[36mc.g.d.z.s.o.a.h.client5.http.headers&amp#27;[0;39m - &amp#27;[32mhttp-outgoing-0 >> Host: localhost:2375
&amp#27;[0;39m2023-05-08 13:18:53,644 [main] &amp#27;[39mDEBUG&amp#27;[0;39m &amp#27;[36mc.g.d.z.s.o.a.h.client5.http.headers&amp#27;[0;39m - &amp#27;[32mhttp-outgoing-0 >> Connection: keep-alive
&amp#27;[0;39m2023-05-08 13:18:53,644 [main] &amp#27;[39mDEBUG&amp#27;[0;39m &amp#27;[36mc.g.d.z.s.o.a.h.client5.http.headers&amp#27;[0;39m - &amp#27;[32mhttp-outgoing-0 >> User-Agent: Apache-HttpClient/5.0.3 (Java/17.0.6)
&amp#27;[0;39m2023-05-08 13:18:53,644 [main] &amp#27;[39mDEBUG&amp#27;[0;39m &amp#27;[36mc.g.d.z.s.o.a.hc.client5.http.wire&amp#27;[0;39m - &amp#27;[32mhttp-outgoing-0 >> "POST /v1.32/containers/cb4c1626d1b9b21cc87eaf2ef9af89a71b74336f24883e877f6ef14d1614b8bd/start HTTP/1.1[\r][\n]"
&amp#27;[0;39m2023-05-08 13:18:53,644 [main] &amp#27;[39mDEBUG&amp#27;[0;39m &amp#27;[36mc.g.d.z.s.o.a.hc.client5.http.wire&amp#27;[0;39m - &amp#27;[32mhttp-outgoing-0 >> "accept: application/json[\r][\n]"
&amp#27;[0;39m2023-05-08 13:18:53,644 [main] &amp#27;[39mDEBUG&amp#27;[0;39m &amp#27;[36mc.g.d.z.s.o.a.hc.client5.http.wire&amp#27;[0;39m - &amp#27;[32mhttp-outgoing-0 >> "content-type: application/json[\r][\n]"
&amp#27;[0;39m2023-05-08 13:18:53,644 [main] &amp#27;[39mDEBUG&amp#27;[0;39m &amp#27;[36mc.g.d.z.s.o.a.hc.client5.http.wire&amp#27;[0;39m - &amp#27;[32mhttp-outgoing-0 >> "x-tc-sid: f1b696c1-ec3f-4f95-afa8-081853be7ccb[\r][\n]"
&amp#27;[0;39m2023-05-08 13:18:53,644 [main] &amp#27;[39mDEBUG&amp#27;[0;39m &amp#27;[36mc.g.d.z.s.o.a.hc.client5.http.wire&amp#27;[0;39m - &amp#27;[32mhttp-outgoing-0 >> "Accept-Encoding: gzip, x-gzip, deflate[\r][\n]"
&amp#27;[0;39m2023-05-08 13:18:53,644 [main] &amp#27;[39mDEBUG&amp#27;[0;39m &amp#27;[36mc.g.d.z.s.o.a.hc.client5.http.wire&amp#27;[0;39m - &amp#27;[32mhttp-outgoing-0 >> "Host: localhost:2375[\r][\n]"
&amp#27;[0;39m2023-05-08 13:18:53,644 [main] &amp#27;[39mDEBUG&amp#27;[0;39m &amp#27;[36mc.g.d.z.s.o.a.hc.client5.http.wire&amp#27;[0;39m - &amp#27;[32mhttp-outgoing-0 >> "Connection: keep-alive[\r][\n]"
&amp#27;[0;39m2023-05-08 13:18:53,644 [main] &amp#27;[39mDEBUG&amp#27;[0;39m &amp#27;[36mc.g.d.z.s.o.a.hc.client5.http.wire&amp#27;[0;39m - &amp#27;[32mhttp-outgoing-0 >> "User-Agent: Apache-HttpClient/5.0.3 (Java/17.0.6)[\r][\n]"
&amp#27;[0;39m2023-05-08 13:18:53,644 [main] &amp#27;[39mDEBUG&amp#27;[0;39m &amp#27;[36mc.g.d.z.s.o.a.hc.client5.http.wire&amp#27;[0;39m - &amp#27;[32mhttp-outgoing-0 >> "[\r][\n]"
&amp#27;[0;39m2023-05-08 13:18:54,012 [main] &amp#27;[39mDEBUG&amp#27;[0;39m &amp#27;[36mc.g.d.z.s.o.a.hc.client5.http.wire&amp#27;[0;39m - &amp#27;[32mhttp-outgoing-0 << "HTTP/1.1 204 No Content[\r][\n]"
&amp#27;[0;39m2023-05-08 13:18:54,012 [main] &amp#27;[39mDEBUG&amp#27;[0;39m &amp#27;[36mc.g.d.z.s.o.a.hc.client5.http.wire&amp#27;[0;39m - &amp#27;[32mhttp-outgoing-0 << "Api-Version: 1.42[\r][\n]"
&amp#27;[0;39m2023-05-08 13:18:54,012 [main] &amp#27;[39mDEBUG&amp#27;[0;39m &amp#27;[36mc.g.d.z.s.o.a.hc.client5.http.wire&amp#27;[0;39m - &amp#27;[32mhttp-outgoing-0 << "Docker-Experimental: false[\r][\n]"
&amp#27;[0;39m2023-05-08 13:18:54,012 [main] &amp#27;[39mDEBUG&amp#27;[0;39m &amp#27;[36mc.g.d.z.s.o.a.hc.client5.http.wire&amp#27;[0;39m - &amp#27;[32mhttp-outgoing-0 << "Ostype: linux[\r][\n]"
&amp#27;[0;39m2023-05-08 13:18:54,012 [main] &amp#27;[39mDEBUG&amp#27;[0;39m &amp#27;[36mc.g.d.z.s.o.a.hc.client5.http.wire&amp#27;[0;39m - &amp#27;[32mhttp-outgoing-0 << "Server: Docker/23.0.5 (linux)[\r][\n]"
&amp#27;[0;39m2023-05-08 13:18:54,012 [main] &amp#27;[39mDEBUG&amp#27;[0;39m &amp#27;[36mc.g.d.z.s.o.a.hc.client5.http.wire&amp#27;[0;39m - &amp#27;[32mhttp-outgoing-0 << "Date: Mon, 08 May 2023 11:18:54 GMT[\r][\n]"
&amp#27;[0;39m2023-05-08 13:18:54,012 [main] &amp#27;[39mDEBUG&amp#27;[0;39m &amp#27;[36mc.g.d.z.s.o.a.hc.client5.http.wire&amp#27;[0;39m - &amp#27;[32mhttp-outgoing-0 << "[\r][\n]"
&amp#27;[0;39m2023-05-08 13:18:54,012 [main] &amp#27;[39mDEBUG&amp#27;[0;39m &amp#27;[36mc.g.d.z.s.o.a.h.client5.http.headers&amp#27;[0;39m - &amp#27;[32mhttp-outgoing-0 << HTTP/1.1 204 No Content
&amp#27;[0;39m2023-05-08 13:18:54,012 [main] &amp#27;[39mDEBUG&amp#27;[0;39m &amp#27;[36mc.g.d.z.s.o.a.h.client5.http.headers&amp#27;[0;39m - &amp#27;[32mhttp-outgoing-0 << Api-Version: 1.42
&amp#27;[0;39m2023-05-08 13:18:54,012 [main] &amp#27;[39mDEBUG&amp#27;[0;39m &amp#27;[36mc.g.d.z.s.o.a.h.client5.http.headers&amp#27;[0;39m - &amp#27;[32mhttp-outgoing-0 << Docker-Experimental: false
&amp#27;[0;39m2023-05-08 13:18:54,012 [main] &amp#27;[39mDEBUG&amp#27;[0;39m &amp#27;[36mc.g.d.z.s.o.a.h.client5.http.headers&amp#27;[0;39m - &amp#27;[32mhttp-outgoing-0 << Ostype: linux
&amp#27;[0;39m2023-05-08 13:18:54,012 [main] &amp#27;[39mDEBUG&amp#27;[0;39m &amp#27;[36mc.g.d.z.s.o.a.h.client5.http.headers&amp#27;[0;39m - &amp#27;[32mhttp-outgoing-0 << Server: Docker/23.0.5 (linux)
&amp#27;[0;39m2023-05-08 13:18:54,012 [main] &amp#27;[39mDEBUG&amp#27;[0;39m &amp#27;[36mc.g.d.z.s.o.a.h.client5.http.headers&amp#27;[0;39m - &amp#27;[32mhttp-outgoing-0 << Date: Mon, 08 May 2023 11:18:54 GMT
&amp#27;[0;39m2023-05-08 13:18:54,012 [main] &amp#27;[39mDEBUG&amp#27;[0;39m &amp#27;[36mc.g.d.z.s.o.a.h.c.h.i.c.MainClientExec&amp#27;[0;39m - &amp#27;[32mex-00000005: connection can be kept alive for 3 MINUTES
&amp#27;[0;39m2023-05-08 13:18:54,012 [main] &amp#27;[39mDEBUG&amp#27;[0;39m &amp#27;[36mc.g.d.z.s.o.a.h.c.h.i.c.InternalHttpClient&amp#27;[0;39m - &amp#27;[32mep-00000004: releasing valid endpoint
&amp#27;[0;39m2023-05-08 13:18:54,012 [main] &amp#27;[39mDEBUG&amp#27;[0;39m &amp#27;[36mc.g.d.z.s.o.a.h.c.h.i.i.PoolingHttpClientConnectionManager&amp#27;[0;39m - &amp#27;[32mep-00000004: releasing endpoint
&amp#27;[0;39m2023-05-08 13:18:54,013 [main] &amp#27;[39mDEBUG&amp#27;[0;39m &amp#27;[36mc.g.d.z.s.o.a.h.c.h.i.i.PoolingHttpClientConnectionManager&amp#27;[0;39m - &amp#27;[32mep-00000004: connection http-outgoing-0 can be kept alive for 3 MINUTES
&amp#27;[0;39m2023-05-08 13:18:54,013 [main] &amp#27;[39mDEBUG&amp#27;[0;39m &amp#27;[36mc.g.d.z.s.o.a.h.c.h.i.i.PoolingHttpClientConnectionManager&amp#27;[0;39m - &amp#27;[32mep-00000004: connection released [route: {}->unix://localhost:2375][total available: 1; route allocated: 1 of 2147483647; total allocated: 1 of 2147483647]
&amp#27;[0;39m2023-05-08 13:18:54,016 [main] &amp#27;[39mDEBUG&amp#27;[0;39m &amp#27;[36mo.t.s.c.g.d.c.command.AbstrDockerCmd&amp#27;[0;39m - &amp#27;[32mCmd: cb4c1626d1b9b21cc87eaf2ef9af89a71b74336f24883e877f6ef14d1614b8bd,false
&amp#27;[0;39m2023-05-08 13:18:54,017 [main] &amp#27;[39mDEBUG&amp#27;[0;39m &amp#27;[36mo.t.s.c.g.d.c.e.InspectContainerCmdExec&amp#27;[0;39m - &amp#27;[32mGET: DefaultWebTarget{path=[/containers/cb4c1626d1b9b21cc87eaf2ef9af89a71b74336f24883e877f6ef14d1614b8bd/json], queryParams={}}
&amp#27;[0;39m2023-05-08 13:18:54,017 [main] &amp#27;[39mDEBUG&amp#27;[0;39m &amp#27;[36mc.g.d.z.s.o.a.h.c.h.i.c.InternalHttpClient&amp#27;[0;39m - &amp#27;[32mex-00000006: preparing request execution
&amp#27;[0;39m2023-05-08 13:18:54,017 [main] &amp#27;[39mDEBUG&amp#27;[0;39m &amp#27;[36mc.g.d.z.s.o.a.h.c.h.p.RequestAddCookies&amp#27;[0;39m - &amp#27;[32mCookie spec selected: strict
&amp#27;[0;39m2023-05-08 13:18:54,017 [main] &amp#27;[39mDEBUG&amp#27;[0;39m &amp#27;[36mc.g.d.z.s.o.a.h.c.h.p.RequestAuthCache&amp#27;[0;39m - &amp#27;[32mAuth cache not set in the context
&amp#27;[0;39m2023-05-08 13:18:54,017 [main] &amp#27;[39mDEBUG&amp#27;[0;39m &amp#27;[36mc.g.d.z.s.o.a.h.c.h.i.c.ProtocolExec&amp#27;[0;39m - &amp#27;[32mex-00000006: target auth state: UNCHALLENGED
&amp#27;[0;39m2023-05-08 13:18:54,017 [main] &amp#27;[39mDEBUG&amp#27;[0;39m &amp#27;[36mc.g.d.z.s.o.a.h.c.h.i.c.ProtocolExec&amp#27;[0;39m - &amp#27;[32mex-00000006: proxy auth state: UNCHALLENGED
&amp#27;[0;39m2023-05-08 13:18:54,017 [main] &amp#27;[39mDEBUG&amp#27;[0;39m &amp#27;[36mc.g.d.z.s.o.a.h.c.h.i.c.ConnectExec&amp#27;[0;39m - &amp#27;[32mex-00000006: acquiring connection with route {}->unix://localhost:2375
&amp#27;[0;39m2023-05-08 13:18:54,017 [main] &amp#27;[39mDEBUG&amp#27;[0;39m &amp#27;[36mc.g.d.z.s.o.a.h.c.h.i.c.InternalHttpClient&amp#27;[0;39m - &amp#27;[32mex-00000006: acquiring endpoint (3 MINUTES)
&amp#27;[0;39m2023-05-08 13:18:54,017 [main] &amp#27;[39mDEBUG&amp#27;[0;39m &amp#27;[36mc.g.d.z.s.o.a.h.c.h.i.i.PoolingHttpClientConnectionManager&amp#27;[0;39m - &amp#27;[32mex-00000006: endpoint lease request (3 MINUTES) [route: {}->unix://localhost:2375][total available: 1; route allocated: 1 of 2147483647; total allocated: 1 of 2147483647]
&amp#27;[0;39m2023-05-08 13:18:54,018 [main] &amp#27;[39mDEBUG&amp#27;[0;39m &amp#27;[36mc.g.d.z.s.o.a.h.c.h.i.i.PoolingHttpClientConnectionManager&amp#27;[0;39m - &amp#27;[32mex-00000006: endpoint leased [route: {}->unix://localhost:2375][total available: 0; route allocated: 1 of 2147483647; total allocated: 1 of 2147483647]
&amp#27;[0;39m2023-05-08 13:18:54,018 [main] &amp#27;[39mDEBUG&amp#27;[0;39m &amp#27;[36mc.g.d.z.s.o.a.h.c.h.i.i.PoolingHttpClientConnectionManager&amp#27;[0;39m - &amp#27;[32mex-00000006: acquired ep-00000005
&amp#27;[0;39m2023-05-08 13:18:54,018 [main] &amp#27;[39mDEBUG&amp#27;[0;39m &amp#27;[36mc.g.d.z.s.o.a.h.c.h.i.c.InternalHttpClient&amp#27;[0;39m - &amp#27;[32mex-00000006: acquired endpoint ep-00000005
&amp#27;[0;39m2023-05-08 13:18:54,018 [main] &amp#27;[39mDEBUG&amp#27;[0;39m &amp#27;[36mc.g.d.z.s.o.a.h.c.h.i.c.MainClientExec&amp#27;[0;39m - &amp#27;[32mex-00000006: executing GET /v1.32/containers/cb4c1626d1b9b21cc87eaf2ef9af89a71b74336f24883e877f6ef14d1614b8bd/json HTTP/1.1
&amp#27;[0;39m2023-05-08 13:18:54,018 [main] &amp#27;[39mDEBUG&amp#27;[0;39m &amp#27;[36mc.g.d.z.s.o.a.h.c.h.i.c.InternalHttpClient&amp#27;[0;39m - &amp#27;[32mep-00000005: start execution ex-00000006
&amp#27;[0;39m2023-05-08 13:18:54,018 [main] &amp#27;[39mDEBUG&amp#27;[0;39m &amp#27;[36mc.g.d.z.s.o.a.h.c.h.i.i.PoolingHttpClientConnectionManager&amp#27;[0;39m - &amp#27;[32mep-00000005: executing exchange ex-00000006 over http-outgoing-0
&amp#27;[0;39m2023-05-08 13:18:54,018 [main] &amp#27;[39mDEBUG&amp#27;[0;39m &amp#27;[36mc.g.d.z.s.o.a.h.client5.http.headers&amp#27;[0;39m - &amp#27;[32mhttp-outgoing-0 >> GET /v1.32/containers/cb4c1626d1b9b21cc87eaf2ef9af89a71b74336f24883e877f6ef14d1614b8bd/json HTTP/1.1
&amp#27;[0;39m2023-05-08 13:18:54,018 [main] &amp#27;[39mDEBUG&amp#27;[0;39m &amp#27;[36mc.g.d.z.s.o.a.h.client5.http.headers&amp#27;[0;39m - &amp#27;[32mhttp-outgoing-0 >> accept: application/json
&amp#27;[0;39m2023-05-08 13:18:54,018 [main] &amp#27;[39mDEBUG&amp#27;[0;39m &amp#27;[36mc.g.d.z.s.o.a.h.client5.http.headers&amp#27;[0;39m - &amp#27;[32mhttp-outgoing-0 >> x-tc-sid: f1b696c1-ec3f-4f95-afa8-081853be7ccb
&amp#27;[0;39m2023-05-08 13:18:54,018 [main] &amp#27;[39mDEBUG&amp#27;[0;39m &amp#27;[36mc.g.d.z.s.o.a.h.client5.http.headers&amp#27;[0;39m - &amp#27;[32mhttp-outgoing-0 >> Accept-Encoding: gzip, x-gzip, deflate
&amp#27;[0;39m2023-05-08 13:18:54,018 [main] &amp#27;[39mDEBUG&amp#27;[0;39m &amp#27;[36mc.g.d.z.s.o.a.h.client5.http.headers&amp#27;[0;39m - &amp#27;[32mhttp-outgoing-0 >> Host: localhost:2375
&amp#27;[0;39m2023-05-08 13:18:54,018 [main] &amp#27;[39mDEBUG&amp#27;[0;39m &amp#27;[36mc.g.d.z.s.o.a.h.client5.http.headers&amp#27;[0;39m - &amp#27;[32mhttp-outgoing-0 >> Connection: keep-alive
&amp#27;[0;39m2023-05-08 13:18:54,018 [main] &amp#27;[39mDEBUG&amp#27;[0;39m &amp#27;[36mc.g.d.z.s.o.a.h.client5.http.headers&amp#27;[0;39m - &amp#27;[32mhttp-outgoing-0 >> User-Agent: Apache-HttpClient/5.0.3 (Java/17.0.6)
&amp#27;[0;39m2023-05-08 13:18:54,018 [main] &amp#27;[39mDEBUG&amp#27;[0;39m &amp#27;[36mc.g.d.z.s.o.a.hc.client5.http.wire&amp#27;[0;39m - &amp#27;[32mhttp-outgoing-0 >> "GET /v1.32/containers/cb4c1626d1b9b21cc87eaf2ef9af89a71b74336f24883e877f6ef14d1614b8bd/json HTTP/1.1[\r][\n]"
&amp#27;[0;39m2023-05-08 13:18:54,018 [main] &amp#27;[39mDEBUG&amp#27;[0;39m &amp#27;[36mc.g.d.z.s.o.a.hc.client5.http.wire&amp#27;[0;39m - &amp#27;[32mhttp-outgoing-0 >> "accept: application/json[\r][\n]"
&amp#27;[0;39m2023-05-08 13:18:54,018 [main] &amp#27;[39mDEBUG&amp#27;[0;39m &amp#27;[36mc.g.d.z.s.o.a.hc.client5.http.wire&amp#27;[0;39m - &amp#27;[32mhttp-outgoing-0 >> "x-tc-sid: f1b696c1-ec3f-4f95-afa8-081853be7ccb[\r][\n]"
&amp#27;[0;39m2023-05-08 13:18:54,018 [main] &amp#27;[39mDEBUG&amp#27;[0;39m &amp#27;[36mc.g.d.z.s.o.a.hc.client5.http.wire&amp#27;[0;39m - &amp#27;[32mhttp-outgoing-0 >> "Accept-Encoding: gzip, x-gzip, deflate[\r][\n]"
&amp#27;[0;39m2023-05-08 13:18:54,018 [main] &amp#27;[39mDEBUG&amp#27;[0;39m &amp#27;[36mc.g.d.z.s.o.a.hc.client5.http.wire&amp#27;[0;39m - &amp#27;[32mhttp-outgoing-0 >> "Host: localhost:2375[\r][\n]"
&amp#27;[0;39m2023-05-08 13:18:54,018 [main] &amp#27;[39mDEBUG&amp#27;[0;39m &amp#27;[36mc.g.d.z.s.o.a.hc.client5.http.wire&amp#27;[0;39m - &amp#27;[32mhttp-outgoing-0 >> "Connection: keep-alive[\r][\n]"
&amp#27;[0;39m2023-05-08 13:18:54,018 [main] &amp#27;[39mDEBUG&amp#27;[0;39m &amp#27;[36mc.g.d.z.s.o.a.hc.client5.http.wire&amp#27;[0;39m - &amp#27;[32mhttp-outgoing-0 >> "User-Agent: Apache-HttpClient/5.0.3 (Java/17.0.6)[\r][\n]"
&amp#27;[0;39m2023-05-08 13:18:54,018 [main] &amp#27;[39mDEBUG&amp#27;[0;39m &amp#27;[36mc.g.d.z.s.o.a.hc.client5.http.wire&amp#27;[0;39m - &amp#27;[32mhttp-outgoing-0 >> "[\r][\n]"
&amp#27;[0;39m2023-05-08 13:18:54,019 [main] &amp#27;[39mDEBUG&amp#27;[0;39m &amp#27;[36mc.g.d.z.s.o.a.hc.client5.http.wire&amp#27;[0;39m - &amp#27;[32mhttp-outgoing-0 << "HTTP/1.1 200 OK[\r][\n]"
&amp#27;[0;39m2023-05-08 13:18:54,019 [main] &amp#27;[39mDEBUG&amp#27;[0;39m &amp#27;[36mc.g.d.z.s.o.a.hc.client5.http.wire&amp#27;[0;39m - &amp#27;[32mhttp-outgoing-0 << "Api-Version: 1.42[\r][\n]"
&amp#27;[0;39m2023-05-08 13:18:54,019 [main] &amp#27;[39mDEBUG&amp#27;[0;39m &amp#27;[36mc.g.d.z.s.o.a.hc.client5.http.wire&amp#27;[0;39m - &amp#27;[32mhttp-outgoing-0 << "Content-Type: application/json[\r][\n]"
&amp#27;[0;39m2023-05-08 13:18:54,019 [main] &amp#27;[39mDEBUG&amp#27;[0;39m &amp#27;[36mc.g.d.z.s.o.a.hc.client5.http.wire&amp#27;[0;39m - &amp#27;[32mhttp-outgoing-0 << "Docker-Experimental: false[\r][\n]"
&amp#27;[0;39m2023-05-08 13:18:54,019 [main] &amp#27;[39mDEBUG&amp#27;[0;39m &amp#27;[36mc.g.d.z.s.o.a.hc.client5.http.wire&amp#27;[0;39m - &amp#27;[32mhttp-outgoing-0 << "Ostype: linux[\r][\n]"
&amp#27;[0;39m2023-05-08 13:18:54,019 [main] &amp#27;[39mDEBUG&amp#27;[0;39m &amp#27;[36mc.g.d.z.s.o.a.hc.client5.http.wire&amp#27;[0;39m - &amp#27;[32mhttp-outgoing-0 << "Server: Docker/23.0.5 (linux)[\r][\n]"
&amp#27;[0;39m2023-05-08 13:18:54,019 [main] &amp#27;[39mDEBUG&amp#27;[0;39m &amp#27;[36mc.g.d.z.s.o.a.hc.client5.http.wire&amp#27;[0;39m - &amp#27;[32mhttp-outgoing-0 << "Date: Mon, 08 May 2023 11:18:54 GMT[\r][\n]"
&amp#27;[0;39m2023-05-08 13:18:54,019 [main] &amp#27;[39mDEBUG&amp#27;[0;39m &amp#27;[36mc.g.d.z.s.o.a.hc.client5.http.wire&amp#27;[0;39m - &amp#27;[32mhttp-outgoing-0 << "Transfer-Encoding: chunked[\r][\n]"
&amp#27;[0;39m2023-05-08 13:18:54,019 [main] &amp#27;[39mDEBUG&amp#27;[0;39m &amp#27;[36mc.g.d.z.s.o.a.hc.client5.http.wire&amp#27;[0;39m - &amp#27;[32mhttp-outgoing-0 << "[\r][\n]"
&amp#27;[0;39m2023-05-08 13:18:54,019 [main] &amp#27;[39mDEBUG&amp#27;[0;39m &amp#27;[36mc.g.d.z.s.o.a.hc.client5.http.wire&amp#27;[0;39m - &amp#27;[32mhttp-outgoing-0 << "1469[\r][\n]"
&amp#27;[0;39m2023-05-08 13:18:54,019 [main] &amp#27;[39mDEBUG&amp#27;[0;39m &amp#27;[36mc.g.d.z.s.o.a.hc.client5.http.wire&amp#27;[0;39m - &amp#27;[32mhttp-outgoing-0 << "{"Id":"cb4c1626d1b9b21cc87eaf2ef9af89a71b74336f24883e877f6ef14d1614b8bd","Created":"2023-05-08T11:18:53.620229774Z","Path":"/bin/ryuk","Args":[],"State":{"Status":"running","Running":true,"Paused":false,"Restarting":false,"OOMKilled":false,"Dead":false,"Pid":58986,"ExitCode":0,"Error":"","StartedAt":"2023-05-08T11:18:54.010100974Z","FinishedAt":"0001-01-01T00:00:00Z"},"Image":"sha256:2e306eb8aa06255c4f736b2bcf446760cae7cf9e947651ba8272f34c3e94ffa7","ResolvConfPath":"/var/lib/docker/containers/cb4c1626d1b9b21cc87eaf2ef9af89a71b74336f24883e877f6ef14d1614b8bd/resolv.conf","HostnamePath":"/var/lib/docker/containers/cb4c1626d1b9b21cc87eaf2ef9af89a71b74336f24883e877f6ef14d1614b8bd/hostname","HostsPath":"/var/lib/docker/containers/cb4c1626d1b9b21cc87eaf2ef9af89a71b74336f24883e877f6ef14d1614b8bd/hosts","LogPath":"/var/lib/docker/containers/cb4c1626d1b9b21cc87eaf2ef9af89a71b74336f24883e877f6ef14d1614b8bd/cb4c1626d1b9b21cc87eaf2ef9af89a71b74336f24883e877f6ef14d1614b8bd-json.log","Name":"/testcontainers-ryuk-f1b696c1-ec3f-4f95-afa8-081853be7ccb","RestartCount":0,"Driver":"overlay2","Platform":"linux","MountLabel":"","ProcessLabel":"","AppArmorProfile":"docker-default","ExecIDs":null,"HostConfig":{"Binds":["/var/run/docker.sock:/var/run/docker.sock:rw"],"ContainerIDFile":"","LogConfig":{"Type":"json-file","Config":{}},"NetworkMode":"default","PortBindings":{"8080/tcp":[{"HostIp":"","HostPort":""}]},"RestartPolicy":{"Name":"","MaximumRetryCount":0},"AutoRemove":true,"VolumeDriver":"","VolumesFrom":[],"ConsoleSize":[0,0],"CapAdd":null,"CapDrop":null,"CgroupnsMode":"private","Dns":null,"DnsOptions":null,"DnsSearch":null,"ExtraHosts":[],"GroupAdd":null,"IpcMode":"shareable","Cgroup":"","Links":null,"OomScoreAdj":0,"PidMode":"","Privileged":false,"PublishAllPorts":false,"ReadonlyRootfs":false,"SecurityOpt":null,"UTSMode":"","UsernsMode":"","ShmSize":67108864,"Runtime":"runc","Isolation":"","CpuShares":0,"Memory":0,"NanoCpus":0,"CgroupParent":"","BlkioWeight":0,"BlkioWeightDevice":null,"BlkioDeviceReadBps":null,"BlkioDeviceWriteBps":null,"BlkioDeviceReadIOps":null,"BlkioDeviceWriteIOps":null,"CpuPeriod":0,"CpuQuota":0,"CpuRealtimePeriod":0,"CpuRealtimeRuntime":0,"CpusetCpus":"","CpusetMems":"","Devices":null,"DeviceCgroupRules":null,"DeviceRequests":null,"MemoryReservation":0,"MemorySwap":0,"MemorySwappiness":null,"OomKillDisable":null,"PidsLimit":null,"Ulimits":null,"CpuCount":0,"CpuPercent":0,"IOMaximumIOps":0,"IOMaximumBandwidth":0,"MaskedPaths":["/proc/asound","/proc/acpi","/proc/kcore","/proc/keys","/proc/latency_stats","/proc/timer_list","/proc/timer_stats","/proc/sched_debug","/proc/scsi","/sys/firmware"],"ReadonlyPaths":["/proc/bus","/proc/fs","/proc/irq","/proc/sys","/proc/sysrq-trigger"]},"GraphDriver":{"Data":{"LowerDir":"/var/lib/docker/overlay2/3f8389d591fd6a62052a5d787a3d7e255ed2bcdf55a149a2a04326ac0e45de48-init/diff:/var/lib/docker/overlay2/19c5e1cddbb93ed3cbd7732280e8797ea1008734bd670afcfd6ff0ffd3cc4884/diff:/var/lib/docker/overlay2/2dd8e9cd4cec21b2fa760d0a3000d712e4e26b6a2abd2c51bacb8db8f549892a/diff:/var/lib/docker/overlay2/1ea7334dc38bdf95f6b861e06b5c068224d55df5ee29189bb791fca1711a7dea/diff","MergedDir":"/var/lib/docker/overlay2/3f8389d591fd6a62052a5d787a3d7e255ed2bcdf55a149a2a04326ac0e45de48/merged","UpperDir":"/var/lib/docker/overlay2/3f8389d591fd6a62052a5d787a3d7e255ed2bcdf55a149a2a04326ac0e45de48/diff","WorkDir":"/var/lib/docker/overlay2/3f8389d591fd6a62052a5d787a3d7e255ed2bcdf55a149a2a04326ac0e45de48/work"},"Name":"overlay2"},"Mounts":[{"Type":"bind","Source":"/var/run/docker.sock","Destination":"/var/run/docker.sock","Mode":"rw","RW":true,"Propagation":"rprivate"}],"Config":{"Hostname":"cb4c1626d1b9","Domainname":"","User":"","AttachStdin":false,"AttachStdout":false,"AttachStderr":false,"ExposedPorts":{"8080/tcp":{}},"Tty":false,"OpenStdin":false,"StdinOnce":false,"Env":["PATH=/usr/local/sbin:/usr/local/bin:/usr/sbin:/usr/bin:/sbin:/bin"],"Cmd":["/bin/ryuk"],"Image":"testcontainers/ryuk:0.4.0","Volumes":null,"WorkingDir":"","Entrypoint":null,"OnBuild":null,"Labels":{"org.testcontainers":"true","org.testcontainers.lang":"java","org.testcontainers.ryuk":"true","org.testcontainers.version":"1.18.0"}},"NetworkSettings":{"Bridge":"","SandboxID":"18a3377e1a7353f3a34b07fa9f3b456abce50cdb9119429cb239d24fc9810cf5","HairpinMode":false,"LinkLocalIPv6Address":"","LinkLocalIPv6PrefixLen":0,"Ports":{"8080/tcp":[{"HostIp":"0.0.0.0","HostPort":"32780"},{"HostIp":"::","HostPort":"32780"}]},"SandboxKey":"/var/run/docker/netns/18a3377e1a73","SecondaryIPAddresses":null,"SecondaryIPv6Addresses":null,"EndpointID":"bb63ed84b830f8bbb1a9e8a46b60373f910fae656944305d3aa874564d4daece","Gateway":"172.17.0.1","GlobalIPv6Address":"","GlobalIPv6PrefixLen":0,"IPAddress":"172.17.0.2","IPPrefixLen":16,"IPv6Gateway":"","MacAddress":"02:42:ac:11:00:02","Networks":{"bridge":{"IPAMConfig":null,"Links":null,"Aliases":null,"NetworkID":"e1a078e12eb8d77b497ed932f7fb43787eeb6ff6972febd7d03c9282b8b5cd45","EndpointID":"bb63ed84b830f8bbb1a9e8a46b60373f910fae656944305d3aa874564d4daece","Gateway":"172.17.0.1","IPAddress":"172.17.0.2","IPPrefixLen":16,"IPv6Gateway":"","GlobalIPv6Address":"","GlobalIPv6PrefixLen":0,"MacAddress":"02:42:ac:11:00:02","DriverOpts":null}}}}[\n]"
&amp#27;[0;39m2023-05-08 13:18:54,020 [main] &amp#27;[39mDEBUG&amp#27;[0;39m &amp#27;[36mc.g.d.z.s.o.a.hc.client5.http.wire&amp#27;[0;39m - &amp#27;[32mhttp-outgoing-0 << "[\r][\n]"
&amp#27;[0;39m2023-05-08 13:18:54,020 [main] &amp#27;[39mDEBUG&amp#27;[0;39m &amp#27;[36mc.g.d.z.s.o.a.hc.client5.http.wire&amp#27;[0;39m - &amp#27;[32mhttp-outgoing-0 << "0[\r][\n]"
&amp#27;[0;39m2023-05-08 13:18:54,020 [main] &amp#27;[39mDEBUG&amp#27;[0;39m &amp#27;[36mc.g.d.z.s.o.a.hc.client5.http.wire&amp#27;[0;39m - &amp#27;[32mhttp-outgoing-0 << "[\r][\n]"
&amp#27;[0;39m2023-05-08 13:18:54,020 [main] &amp#27;[39mDEBUG&amp#27;[0;39m &amp#27;[36mc.g.d.z.s.o.a.h.client5.http.headers&amp#27;[0;39m - &amp#27;[32mhttp-outgoing-0 << HTTP/1.1 200 OK
&amp#27;[0;39m2023-05-08 13:18:54,020 [main] &amp#27;[39mDEBUG&amp#27;[0;39m &amp#27;[36mc.g.d.z.s.o.a.h.client5.http.headers&amp#27;[0;39m - &amp#27;[32mhttp-outgoing-0 << Api-Version: 1.42
&amp#27;[0;39m2023-05-08 13:18:54,020 [main] &amp#27;[39mDEBUG&amp#27;[0;39m &amp#27;[36mc.g.d.z.s.o.a.h.client5.http.headers&amp#27;[0;39m - &amp#27;[32mhttp-outgoing-0 << Content-Type: application/json
&amp#27;[0;39m2023-05-08 13:18:54,020 [main] &amp#27;[39mDEBUG&amp#27;[0;39m &amp#27;[36mc.g.d.z.s.o.a.h.client5.http.headers&amp#27;[0;39m - &amp#27;[32mhttp-outgoing-0 << Docker-Experimental: false
&amp#27;[0;39m2023-05-08 13:18:54,020 [main] &amp#27;[39mDEBUG&amp#27;[0;39m &amp#27;[36mc.g.d.z.s.o.a.h.client5.http.headers&amp#27;[0;39m - &amp#27;[32mhttp-outgoing-0 << Ostype: linux
&amp#27;[0;39m2023-05-08 13:18:54,020 [main] &amp#27;[39mDEBUG&amp#27;[0;39m &amp#27;[36mc.g.d.z.s.o.a.h.client5.http.headers&amp#27;[0;39m - &amp#27;[32mhttp-outgoing-0 << Server: Docker/23.0.5 (linux)
&amp#27;[0;39m2023-05-08 13:18:54,020 [main] &amp#27;[39mDEBUG&amp#27;[0;39m &amp#27;[36mc.g.d.z.s.o.a.h.client5.http.headers&amp#27;[0;39m - &amp#27;[32mhttp-outgoing-0 << Date: Mon, 08 May 2023 11:18:54 GMT
&amp#27;[0;39m2023-05-08 13:18:54,020 [main] &amp#27;[39mDEBUG&amp#27;[0;39m &amp#27;[36mc.g.d.z.s.o.a.h.client5.http.headers&amp#27;[0;39m - &amp#27;[32mhttp-outgoing-0 << Transfer-Encoding: chunked
&amp#27;[0;39m2023-05-08 13:18:54,020 [main] &amp#27;[39mDEBUG&amp#27;[0;39m &amp#27;[36mc.g.d.z.s.o.a.h.c.h.i.c.MainClientExec&amp#27;[0;39m - &amp#27;[32mex-00000006: connection can be kept alive for 3 MINUTES
&amp#27;[0;39m2023-05-08 13:18:54,073 [main] &amp#27;[39mDEBUG&amp#27;[0;39m &amp#27;[36mc.g.d.z.s.o.a.h.c.h.i.c.InternalHttpClient&amp#27;[0;39m - &amp#27;[32mep-00000005: releasing valid endpoint
&amp#27;[0;39m2023-05-08 13:18:54,073 [main] &amp#27;[39mDEBUG&amp#27;[0;39m &amp#27;[36mc.g.d.z.s.o.a.h.c.h.i.i.PoolingHttpClientConnectionManager&amp#27;[0;39m - &amp#27;[32mep-00000005: releasing endpoint
&amp#27;[0;39m2023-05-08 13:18:54,073 [main] &amp#27;[39mDEBUG&amp#27;[0;39m &amp#27;[36mc.g.d.z.s.o.a.h.c.h.i.i.PoolingHttpClientConnectionManager&amp#27;[0;39m - &amp#27;[32mep-00000005: connection http-outgoing-0 can be kept alive for 3 MINUTES
&amp#27;[0;39m2023-05-08 13:18:54,073 [main] &amp#27;[39mDEBUG&amp#27;[0;39m &amp#27;[36mc.g.d.z.s.o.a.h.c.h.i.i.PoolingHttpClientConnectionManager&amp#27;[0;39m - &amp#27;[32mep-00000005: connection released [route: {}->unix://localhost:2375][total available: 1; route allocated: 1 of 2147483647; total allocated: 1 of 2147483647]
&amp#27;[0;39m2023-05-08 13:18:54,076 [main] &amp#27;[39mDEBUG&amp#27;[0;39m &amp#27;[36mo.t.s.c.g.d.c.command.AbstrDockerCmd&amp#27;[0;39m - &amp#27;[32mCmd: sha256:2e306eb8aa06255c4f736b2bcf446760cae7cf9e947651ba8272f34c3e94ffa7
&amp#27;[0;39m2023-05-08 13:18:54,076 [main] &amp#27;[39mDEBUG&amp#27;[0;39m &amp#27;[36mc.g.d.z.s.o.a.h.c.h.i.c.InternalHttpClient&amp#27;[0;39m - &amp#27;[32mex-00000007: preparing request execution
&amp#27;[0;39m2023-05-08 13:18:54,077 [main] &amp#27;[39mDEBUG&amp#27;[0;39m &amp#27;[36mc.g.d.z.s.o.a.h.c.h.p.RequestAddCookies&amp#27;[0;39m - &amp#27;[32mCookie spec selected: strict
&amp#27;[0;39m2023-05-08 13:18:54,077 [main] &amp#27;[39mDEBUG&amp#27;[0;39m &amp#27;[36mc.g.d.z.s.o.a.h.c.h.p.RequestAuthCache&amp#27;[0;39m - &amp#27;[32mAuth cache not set in the context
&amp#27;[0;39m2023-05-08 13:18:54,077 [main] &amp#27;[39mDEBUG&amp#27;[0;39m &amp#27;[36mc.g.d.z.s.o.a.h.c.h.i.c.ProtocolExec&amp#27;[0;39m - &amp#27;[32mex-00000007: target auth state: UNCHALLENGED
&amp#27;[0;39m2023-05-08 13:18:54,077 [main] &amp#27;[39mDEBUG&amp#27;[0;39m &amp#27;[36mc.g.d.z.s.o.a.h.c.h.i.c.ProtocolExec&amp#27;[0;39m - &amp#27;[32mex-00000007: proxy auth state: UNCHALLENGED
&amp#27;[0;39m2023-05-08 13:18:54,077 [main] &amp#27;[39mDEBUG&amp#27;[0;39m &amp#27;[36mc.g.d.z.s.o.a.h.c.h.i.c.ConnectExec&amp#27;[0;39m - &amp#27;[32mex-00000007: acquiring connection with route {}->unix://localhost:2375
&amp#27;[0;39m2023-05-08 13:18:54,077 [main] &amp#27;[39mDEBUG&amp#27;[0;39m &amp#27;[36mc.g.d.z.s.o.a.h.c.h.i.c.InternalHttpClient&amp#27;[0;39m - &amp#27;[32mex-00000007: acquiring endpoint (3 MINUTES)
&amp#27;[0;39m2023-05-08 13:18:54,077 [main] &amp#27;[39mDEBUG&amp#27;[0;39m &amp#27;[36mc.g.d.z.s.o.a.h.c.h.i.i.PoolingHttpClientConnectionManager&amp#27;[0;39m - &amp#27;[32mex-00000007: endpoint lease request (3 MINUTES) [route: {}->unix://localhost:2375][total available: 1; route allocated: 1 of 2147483647; total allocated: 1 of 2147483647]
&amp#27;[0;39m2023-05-08 13:18:54,077 [main] &amp#27;[39mDEBUG&amp#27;[0;39m &amp#27;[36mc.g.d.z.s.o.a.h.c.h.i.i.PoolingHttpClientConnectionManager&amp#27;[0;39m - &amp#27;[32mex-00000007: endpoint leased [route: {}->unix://localhost:2375][total available: 0; route allocated: 1 of 2147483647; total allocated: 1 of 2147483647]
&amp#27;[0;39m2023-05-08 13:18:54,077 [main] &amp#27;[39mDEBUG&amp#27;[0;39m &amp#27;[36mc.g.d.z.s.o.a.h.c.h.i.i.PoolingHttpClientConnectionManager&amp#27;[0;39m - &amp#27;[32mex-00000007: acquired ep-00000006
&amp#27;[0;39m2023-05-08 13:18:54,077 [main] &amp#27;[39mDEBUG&amp#27;[0;39m &amp#27;[36mc.g.d.z.s.o.a.h.c.h.i.c.InternalHttpClient&amp#27;[0;39m - &amp#27;[32mex-00000007: acquired endpoint ep-00000006
&amp#27;[0;39m2023-05-08 13:18:54,077 [main] &amp#27;[39mDEBUG&amp#27;[0;39m &amp#27;[36mc.g.d.z.s.o.a.h.c.h.i.c.MainClientExec&amp#27;[0;39m - &amp#27;[32mex-00000007: executing GET /v1.32/images/sha256:2e306eb8aa06255c4f736b2bcf446760cae7cf9e947651ba8272f34c3e94ffa7/json HTTP/1.1
&amp#27;[0;39m2023-05-08 13:18:54,078 [main] &amp#27;[39mDEBUG&amp#27;[0;39m &amp#27;[36mc.g.d.z.s.o.a.h.c.h.i.c.InternalHttpClient&amp#27;[0;39m - &amp#27;[32mep-00000006: start execution ex-00000007
&amp#27;[0;39m2023-05-08 13:18:54,078 [main] &amp#27;[39mDEBUG&amp#27;[0;39m &amp#27;[36mc.g.d.z.s.o.a.h.c.h.i.i.PoolingHttpClientConnectionManager&amp#27;[0;39m - &amp#27;[32mep-00000006: executing exchange ex-00000007 over http-outgoing-0
&amp#27;[0;39m2023-05-08 13:18:54,078 [main] &amp#27;[39mDEBUG&amp#27;[0;39m &amp#27;[36mc.g.d.z.s.o.a.h.client5.http.headers&amp#27;[0;39m - &amp#27;[32mhttp-outgoing-0 >> GET /v1.32/images/sha256:2e306eb8aa06255c4f736b2bcf446760cae7cf9e947651ba8272f34c3e94ffa7/json HTTP/1.1
&amp#27;[0;39m2023-05-08 13:18:54,078 [main] &amp#27;[39mDEBUG&amp#27;[0;39m &amp#27;[36mc.g.d.z.s.o.a.h.client5.http.headers&amp#27;[0;39m - &amp#27;[32mhttp-outgoing-0 >> accept: application/json
&amp#27;[0;39m2023-05-08 13:18:54,078 [main] &amp#27;[39mDEBUG&amp#27;[0;39m &amp#27;[36mc.g.d.z.s.o.a.h.client5.http.headers&amp#27;[0;39m - &amp#27;[32mhttp-outgoing-0 >> x-tc-sid: f1b696c1-ec3f-4f95-afa8-081853be7ccb
&amp#27;[0;39m2023-05-08 13:18:54,078 [main] &amp#27;[39mDEBUG&amp#27;[0;39m &amp#27;[36mc.g.d.z.s.o.a.h.client5.http.headers&amp#27;[0;39m - &amp#27;[32mhttp-outgoing-0 >> Accept-Encoding: gzip, x-gzip, deflate
&amp#27;[0;39m2023-05-08 13:18:54,078 [main] &amp#27;[39mDEBUG&amp#27;[0;39m &amp#27;[36mc.g.d.z.s.o.a.h.client5.http.headers&amp#27;[0;39m - &amp#27;[32mhttp-outgoing-0 >> Host: localhost:2375
&amp#27;[0;39m2023-05-08 13:18:54,078 [main] &amp#27;[39mDEBUG&amp#27;[0;39m &amp#27;[36mc.g.d.z.s.o.a.h.client5.http.headers&amp#27;[0;39m - &amp#27;[32mhttp-outgoing-0 >> Connection: keep-alive
&amp#27;[0;39m2023-05-08 13:18:54,078 [main] &amp#27;[39mDEBUG&amp#27;[0;39m &amp#27;[36mc.g.d.z.s.o.a.h.client5.http.headers&amp#27;[0;39m - &amp#27;[32mhttp-outgoing-0 >> User-Agent: Apache-HttpClient/5.0.3 (Java/17.0.6)
&amp#27;[0;39m2023-05-08 13:18:54,078 [main] &amp#27;[39mDEBUG&amp#27;[0;39m &amp#27;[36mc.g.d.z.s.o.a.hc.client5.http.wire&amp#27;[0;39m - &amp#27;[32mhttp-outgoing-0 >> "GET /v1.32/images/sha256:2e306eb8aa06255c4f736b2bcf446760cae7cf9e947651ba8272f34c3e94ffa7/json HTTP/1.1[\r][\n]"
&amp#27;[0;39m2023-05-08 13:18:54,078 [main] &amp#27;[39mDEBUG&amp#27;[0;39m &amp#27;[36mc.g.d.z.s.o.a.hc.client5.http.wire&amp#27;[0;39m - &amp#27;[32mhttp-outgoing-0 >> "accept: application/json[\r][\n]"
&amp#27;[0;39m2023-05-08 13:18:54,078 [main] &amp#27;[39mDEBUG&amp#27;[0;39m &amp#27;[36mc.g.d.z.s.o.a.hc.client5.http.wire&amp#27;[0;39m - &amp#27;[32mhttp-outgoing-0 >> "x-tc-sid: f1b696c1-ec3f-4f95-afa8-081853be7ccb[\r][\n]"
&amp#27;[0;39m2023-05-08 13:18:54,078 [main] &amp#27;[39mDEBUG&amp#27;[0;39m &amp#27;[36mc.g.d.z.s.o.a.hc.client5.http.wire&amp#27;[0;39m - &amp#27;[32mhttp-outgoing-0 >> "Accept-Encoding: gzip, x-gzip, deflate[\r][\n]"
&amp#27;[0;39m2023-05-08 13:18:54,078 [main] &amp#27;[39mDEBUG&amp#27;[0;39m &amp#27;[36mc.g.d.z.s.o.a.hc.client5.http.wire&amp#27;[0;39m - &amp#27;[32mhttp-outgoing-0 >> "Host: localhost:2375[\r][\n]"
&amp#27;[0;39m2023-05-08 13:18:54,078 [main] &amp#27;[39mDEBUG&amp#27;[0;39m &amp#27;[36mc.g.d.z.s.o.a.hc.client5.http.wire&amp#27;[0;39m - &amp#27;[32mhttp-outgoing-0 >> "Connection: keep-alive[\r][\n]"
&amp#27;[0;39m2023-05-08 13:18:54,078 [main] &amp#27;[39mDEBUG&amp#27;[0;39m &amp#27;[36mc.g.d.z.s.o.a.hc.client5.http.wire&amp#27;[0;39m - &amp#27;[32mhttp-outgoing-0 >> "User-Agent: Apache-HttpClient/5.0.3 (Java/17.0.6)[\r][\n]"
&amp#27;[0;39m2023-05-08 13:18:54,078 [main] &amp#27;[39mDEBUG&amp#27;[0;39m &amp#27;[36mc.g.d.z.s.o.a.hc.client5.http.wire&amp#27;[0;39m - &amp#27;[32mhttp-outgoing-0 >> "[\r][\n]"
&amp#27;[0;39m2023-05-08 13:18:54,079 [main] &amp#27;[39mDEBUG&amp#27;[0;39m &amp#27;[36mc.g.d.z.s.o.a.hc.client5.http.wire&amp#27;[0;39m - &amp#27;[32mhttp-outgoing-0 << "HTTP/1.1 200 OK[\r][\n]"
&amp#27;[0;39m2023-05-08 13:18:54,080 [main] &amp#27;[39mDEBUG&amp#27;[0;39m &amp#27;[36mc.g.d.z.s.o.a.hc.client5.http.wire&amp#27;[0;39m - &amp#27;[32mhttp-outgoing-0 << "Api-Version: 1.42[\r][\n]"
&amp#27;[0;39m2023-05-08 13:18:54,080 [main] &amp#27;[39mDEBUG&amp#27;[0;39m &amp#27;[36mc.g.d.z.s.o.a.hc.client5.http.wire&amp#27;[0;39m - &amp#27;[32mhttp-outgoing-0 << "Content-Type: application/json[\r][\n]"
&amp#27;[0;39m2023-05-08 13:18:54,080 [main] &amp#27;[39mDEBUG&amp#27;[0;39m &amp#27;[36mc.g.d.z.s.o.a.hc.client5.http.wire&amp#27;[0;39m - &amp#27;[32mhttp-outgoing-0 << "Docker-Experimental: false[\r][\n]"
&amp#27;[0;39m2023-05-08 13:18:54,080 [main] &amp#27;[39mDEBUG&amp#27;[0;39m &amp#27;[36mc.g.d.z.s.o.a.hc.client5.http.wire&amp#27;[0;39m - &amp#27;[32mhttp-outgoing-0 << "Ostype: linux[\r][\n]"
&amp#27;[0;39m2023-05-08 13:18:54,080 [main] &amp#27;[39mDEBUG&amp#27;[0;39m &amp#27;[36mc.g.d.z.s.o.a.hc.client5.http.wire&amp#27;[0;39m - &amp#27;[32mhttp-outgoing-0 << "Server: Docker/23.0.5 (linux)[\r][\n]"
&amp#27;[0;39m2023-05-08 13:18:54,080 [main] &amp#27;[39mDEBUG&amp#27;[0;39m &amp#27;[36mc.g.d.z.s.o.a.hc.client5.http.wire&amp#27;[0;39m - &amp#27;[32mhttp-outgoing-0 << "Date: Mon, 08 May 2023 11:18:54 GMT[\r][\n]"
&amp#27;[0;39m2023-05-08 13:18:54,080 [main] &amp#27;[39mDEBUG&amp#27;[0;39m &amp#27;[36mc.g.d.z.s.o.a.hc.client5.http.wire&amp#27;[0;39m - &amp#27;[32mhttp-outgoing-0 << "Content-Length: 2000[\r][\n]"
&amp#27;[0;39m2023-05-08 13:18:54,080 [main] &amp#27;[39mDEBUG&amp#27;[0;39m &amp#27;[36mc.g.d.z.s.o.a.hc.client5.http.wire&amp#27;[0;39m - &amp#27;[32mhttp-outgoing-0 << "[\r][\n]"
&amp#27;[0;39m2023-05-08 13:18:54,080 [main] &amp#27;[39mDEBUG&amp#27;[0;39m &amp#27;[36mc.g.d.z.s.o.a.hc.client5.http.wire&amp#27;[0;39m - &amp#27;[32mhttp-outgoing-0 << "{"Id":"sha256:2e306eb8aa06255c4f736b2bcf446760cae7cf9e947651ba8272f34c3e94ffa7","RepoTags":["testcontainers/ryuk:0.4.0"],"RepoDigests":["testcontainers/ryuk@sha256:b874cc015594f275ad3ffb6a135c015c52ce04a2eba377c963abe25a84628167"],"Parent":"","Comment":"buildkit.dockerfile.v0","Created":"2023-03-10T08:52:34.25883392Z","Container":"","ContainerConfig":{"Hostname":"","Domainname":"","User":"","AttachStdin":false,"AttachStdout":false,"AttachStderr":false,"Tty":false,"OpenStdin":false,"StdinOnce":false,"Env":null,"Cmd":null,"Image":"","Volumes":null,"WorkingDir":"","Entrypoint":null,"OnBuild":null,"Labels":null},"DockerVersion":"","Author":"","Config":{"Hostname":"","Domainname":"","User":"","AttachStdin":false,"AttachStdout":false,"AttachStderr":false,"Tty":false,"OpenStdin":false,"StdinOnce":false,"Env":["PATH=/usr/local/sbin:/usr/local/bin:/usr/sbin:/usr/bin:/sbin:/bin"],"Cmd":["/bin/ryuk"],"ArgsEscaped":true,"Image":"","Volumes":null,"WorkingDir":"","Entrypoint":null,"OnBuild":null,"Labels":{"org.testcontainers.ryuk":"true"}},"Architecture":"amd64","Os":"linux","Size":12686755,"VirtualSize":12686755,"GraphDriver":{"Data":{"LowerDir":"/var/lib/docker/overlay2/2dd8e9cd4cec21b2fa760d0a3000d712e4e26b6a2abd2c51bacb8db8f549892a/diff:/var/lib/docker/overlay2/1ea7334dc38bdf95f6b861e06b5c068224d55df5ee29189bb791fca1711a7dea/diff","MergedDir":"/var/lib/docker/overlay2/19c5e1cddbb93ed3cbd7732280e8797ea1008734bd670afcfd6ff0ffd3cc4884/merged","UpperDir":"/var/lib/docker/overlay2/19c5e1cddbb93ed3cbd7732280e8797ea1008734bd670afcfd6ff0ffd3cc4884/diff","WorkDir":"/var/lib/docker/overlay2/19c5e1cddbb93ed3cbd7732280e8797ea1008734bd670afcfd6ff0ffd3cc4884/work"},"Name":"overlay2"},"RootFS":{"Type":"layers","Layers":["sha256:aa5968d388b8652cd305e0e037751228967839d83d0cafbde5debf0b092e7c42","sha256:6d08dd370737a028ad651b84342c3e8e85def7e0922541aa72ede230b3d90039","sha256:93bfb50e817e1087615aa3bc1c11db5ed05f158593d3d86cf433afcf1d44911b"]},"Metadata":{"LastTagTime":"0001-01-01T00:00:00Z"}}[\n]"
&amp#27;[0;39m2023-05-08 13:18:54,080 [main] &amp#27;[39mDEBUG&amp#27;[0;39m &amp#27;[36mc.g.d.z.s.o.a.h.client5.http.headers&amp#27;[0;39m - &amp#27;[32mhttp-outgoing-0 << HTTP/1.1 200 OK
&amp#27;[0;39m2023-05-08 13:18:54,080 [main] &amp#27;[39mDEBUG&amp#27;[0;39m &amp#27;[36mc.g.d.z.s.o.a.h.client5.http.headers&amp#27;[0;39m - &amp#27;[32mhttp-outgoing-0 << Api-Version: 1.42
&amp#27;[0;39m2023-05-08 13:18:54,080 [main] &amp#27;[39mDEBUG&amp#27;[0;39m &amp#27;[36mc.g.d.z.s.o.a.h.client5.http.headers&amp#27;[0;39m - &amp#27;[32mhttp-outgoing-0 << Content-Type: application/json
&amp#27;[0;39m2023-05-08 13:18:54,080 [main] &amp#27;[39mDEBUG&amp#27;[0;39m &amp#27;[36mc.g.d.z.s.o.a.h.client5.http.headers&amp#27;[0;39m - &amp#27;[32mhttp-outgoing-0 << Docker-Experimental: false
&amp#27;[0;39m2023-05-08 13:18:54,080 [main] &amp#27;[39mDEBUG&amp#27;[0;39m &amp#27;[36mc.g.d.z.s.o.a.h.client5.http.headers&amp#27;[0;39m - &amp#27;[32mhttp-outgoing-0 << Ostype: linux
&amp#27;[0;39m2023-05-08 13:18:54,080 [main] &amp#27;[39mDEBUG&amp#27;[0;39m &amp#27;[36mc.g.d.z.s.o.a.h.client5.http.headers&amp#27;[0;39m - &amp#27;[32mhttp-outgoing-0 << Server: Docker/23.0.5 (linux)
&amp#27;[0;39m2023-05-08 13:18:54,080 [main] &amp#27;[39mDEBUG&amp#27;[0;39m &amp#27;[36mc.g.d.z.s.o.a.h.client5.http.headers&amp#27;[0;39m - &amp#27;[32mhttp-outgoing-0 << Date: Mon, 08 May 2023 11:18:54 GMT
&amp#27;[0;39m2023-05-08 13:18:54,080 [main] &amp#27;[39mDEBUG&amp#27;[0;39m &amp#27;[36mc.g.d.z.s.o.a.h.client5.http.headers&amp#27;[0;39m - &amp#27;[32mhttp-outgoing-0 << Content-Length: 2000
&amp#27;[0;39m2023-05-08 13:18:54,080 [main] &amp#27;[39mDEBUG&amp#27;[0;39m &amp#27;[36mc.g.d.z.s.o.a.h.c.h.i.c.MainClientExec&amp#27;[0;39m - &amp#27;[32mex-00000007: connection can be kept alive for 3 MINUTES
&amp#27;[0;39m2023-05-08 13:18:54,084 [main] &amp#27;[39mDEBUG&amp#27;[0;39m &amp#27;[36mc.g.d.z.s.o.a.h.c.h.i.c.InternalHttpClient&amp#27;[0;39m - &amp#27;[32mep-00000006: releasing valid endpoint
&amp#27;[0;39m2023-05-08 13:18:54,084 [main] &amp#27;[39mDEBUG&amp#27;[0;39m &amp#27;[36mc.g.d.z.s.o.a.h.c.h.i.i.PoolingHttpClientConnectionManager&amp#27;[0;39m - &amp#27;[32mep-00000006: releasing endpoint
&amp#27;[0;39m2023-05-08 13:18:54,084 [main] &amp#27;[39mDEBUG&amp#27;[0;39m &amp#27;[36mc.g.d.z.s.o.a.h.c.h.i.i.PoolingHttpClientConnectionManager&amp#27;[0;39m - &amp#27;[32mep-00000006: connection http-outgoing-0 can be kept alive for 3 MINUTES
&amp#27;[0;39m2023-05-08 13:18:54,084 [main] &amp#27;[39mDEBUG&amp#27;[0;39m &amp#27;[36mc.g.d.z.s.o.a.h.c.h.i.i.PoolingHttpClientConnectionManager&amp#27;[0;39m - &amp#27;[32mep-00000006: connection released [route: {}->unix://localhost:2375][total available: 1; route allocated: 1 of 2147483647; total allocated: 1 of 2147483647]
&amp#27;[0;39m2023-05-08 13:18:54,084 [main] &amp#27;[39mDEBUG&amp#27;[0;39m &amp#27;[36mo.t.s.c.g.d.c.command.AbstrDockerCmd&amp#27;[0;39m - &amp#27;[32mCmd: 
&amp#27;[0;39m2023-05-08 13:18:54,084 [main] &amp#27;[39mDEBUG&amp#27;[0;39m &amp#27;[36mc.g.d.z.s.o.a.h.c.h.i.c.InternalHttpClient&amp#27;[0;39m - &amp#27;[32mex-00000008: preparing request execution
&amp#27;[0;39m2023-05-08 13:18:54,084 [main] &amp#27;[39mDEBUG&amp#27;[0;39m &amp#27;[36mc.g.d.z.s.o.a.h.c.h.p.RequestAddCookies&amp#27;[0;39m - &amp#27;[32mCookie spec selected: strict
&amp#27;[0;39m2023-05-08 13:18:54,085 [main] &amp#27;[39mDEBUG&amp#27;[0;39m &amp#27;[36mc.g.d.z.s.o.a.h.c.h.p.RequestAuthCache&amp#27;[0;39m - &amp#27;[32mAuth cache not set in the context
&amp#27;[0;39m2023-05-08 13:18:54,085 [main] &amp#27;[39mDEBUG&amp#27;[0;39m &amp#27;[36mc.g.d.z.s.o.a.h.c.h.i.c.ProtocolExec&amp#27;[0;39m - &amp#27;[32mex-00000008: target auth state: UNCHALLENGED
&amp#27;[0;39m2023-05-08 13:18:54,085 [main] &amp#27;[39mDEBUG&amp#27;[0;39m &amp#27;[36mc.g.d.z.s.o.a.h.c.h.i.c.ProtocolExec&amp#27;[0;39m - &amp#27;[32mex-00000008: proxy auth state: UNCHALLENGED
&amp#27;[0;39m2023-05-08 13:18:54,085 [main] &amp#27;[39mDEBUG&amp#27;[0;39m &amp#27;[36mc.g.d.z.s.o.a.h.c.h.i.c.ConnectExec&amp#27;[0;39m - &amp#27;[32mex-00000008: acquiring connection with route {}->unix://localhost:2375
&amp#27;[0;39m2023-05-08 13:18:54,085 [main] &amp#27;[39mDEBUG&amp#27;[0;39m &amp#27;[36mc.g.d.z.s.o.a.h.c.h.i.c.InternalHttpClient&amp#27;[0;39m - &amp#27;[32mex-00000008: acquiring endpoint (3 MINUTES)
&amp#27;[0;39m2023-05-08 13:18:54,085 [main] &amp#27;[39mDEBUG&amp#27;[0;39m &amp#27;[36mc.g.d.z.s.o.a.h.c.h.i.i.PoolingHttpClientConnectionManager&amp#27;[0;39m - &amp#27;[32mex-00000008: endpoint lease request (3 MINUTES) [route: {}->unix://localhost:2375][total available: 1; route allocated: 1 of 2147483647; total allocated: 1 of 2147483647]
&amp#27;[0;39m2023-05-08 13:18:54,085 [main] &amp#27;[39mDEBUG&amp#27;[0;39m &amp#27;[36mc.g.d.z.s.o.a.h.c.h.i.i.PoolingHttpClientConnectionManager&amp#27;[0;39m - &amp#27;[32mex-00000008: endpoint leased [route: {}->unix://localhost:2375][total available: 0; route allocated: 1 of 2147483647; total allocated: 1 of 2147483647]
&amp#27;[0;39m2023-05-08 13:18:54,085 [main] &amp#27;[39mDEBUG&amp#27;[0;39m &amp#27;[36mc.g.d.z.s.o.a.h.c.h.i.i.PoolingHttpClientConnectionManager&amp#27;[0;39m - &amp#27;[32mex-00000008: acquired ep-00000007
&amp#27;[0;39m2023-05-08 13:18:54,085 [main] &amp#27;[39mDEBUG&amp#27;[0;39m &amp#27;[36mc.g.d.z.s.o.a.h.c.h.i.c.InternalHttpClient&amp#27;[0;39m - &amp#27;[32mex-00000008: acquired endpoint ep-00000007
&amp#27;[0;39m2023-05-08 13:18:54,085 [main] &amp#27;[39mDEBUG&amp#27;[0;39m &amp#27;[36mc.g.d.z.s.o.a.h.c.h.i.c.MainClientExec&amp#27;[0;39m - &amp#27;[32mex-00000008: executing GET /v1.32/version HTTP/1.1
&amp#27;[0;39m2023-05-08 13:18:54,085 [main] &amp#27;[39mDEBUG&amp#27;[0;39m &amp#27;[36mc.g.d.z.s.o.a.h.c.h.i.c.InternalHttpClient&amp#27;[0;39m - &amp#27;[32mep-00000007: start execution ex-00000008
&amp#27;[0;39m2023-05-08 13:18:54,085 [main] &amp#27;[39mDEBUG&amp#27;[0;39m &amp#27;[36mc.g.d.z.s.o.a.h.c.h.i.i.PoolingHttpClientConnectionManager&amp#27;[0;39m - &amp#27;[32mep-00000007: executing exchange ex-00000008 over http-outgoing-0
&amp#27;[0;39m2023-05-08 13:18:54,085 [main] &amp#27;[39mDEBUG&amp#27;[0;39m &amp#27;[36mc.g.d.z.s.o.a.h.client5.http.headers&amp#27;[0;39m - &amp#27;[32mhttp-outgoing-0 >> GET /v1.32/version HTTP/1.1
&amp#27;[0;39m2023-05-08 13:18:54,085 [main] &amp#27;[39mDEBUG&amp#27;[0;39m &amp#27;[36mc.g.d.z.s.o.a.h.client5.http.headers&amp#27;[0;39m - &amp#27;[32mhttp-outgoing-0 >> accept: application/json
&amp#27;[0;39m2023-05-08 13:18:54,085 [main] &amp#27;[39mDEBUG&amp#27;[0;39m &amp#27;[36mc.g.d.z.s.o.a.h.client5.http.headers&amp#27;[0;39m - &amp#27;[32mhttp-outgoing-0 >> x-tc-sid: f1b696c1-ec3f-4f95-afa8-081853be7ccb
&amp#27;[0;39m2023-05-08 13:18:54,085 [main] &amp#27;[39mDEBUG&amp#27;[0;39m &amp#27;[36mc.g.d.z.s.o.a.h.client5.http.headers&amp#27;[0;39m - &amp#27;[32mhttp-outgoing-0 >> Accept-Encoding: gzip, x-gzip, deflate
&amp#27;[0;39m2023-05-08 13:18:54,085 [main] &amp#27;[39mDEBUG&amp#27;[0;39m &amp#27;[36mc.g.d.z.s.o.a.h.client5.http.headers&amp#27;[0;39m - &amp#27;[32mhttp-outgoing-0 >> Host: localhost:2375
&amp#27;[0;39m2023-05-08 13:18:54,085 [main] &amp#27;[39mDEBUG&amp#27;[0;39m &amp#27;[36mc.g.d.z.s.o.a.h.client5.http.headers&amp#27;[0;39m - &amp#27;[32mhttp-outgoing-0 >> Connection: keep-alive
&amp#27;[0;39m2023-05-08 13:18:54,085 [main] &amp#27;[39mDEBUG&amp#27;[0;39m &amp#27;[36mc.g.d.z.s.o.a.h.client5.http.headers&amp#27;[0;39m - &amp#27;[32mhttp-outgoing-0 >> User-Agent: Apache-HttpClient/5.0.3 (Java/17.0.6)
&amp#27;[0;39m2023-05-08 13:18:54,085 [main] &amp#27;[39mDEBUG&amp#27;[0;39m &amp#27;[36mc.g.d.z.s.o.a.hc.client5.http.wire&amp#27;[0;39m - &amp#27;[32mhttp-outgoing-0 >> "GET /v1.32/version HTTP/1.1[\r][\n]"
&amp#27;[0;39m2023-05-08 13:18:54,085 [main] &amp#27;[39mDEBUG&amp#27;[0;39m &amp#27;[36mc.g.d.z.s.o.a.hc.client5.http.wire&amp#27;[0;39m - &amp#27;[32mhttp-outgoing-0 >> "accept: application/json[\r][\n]"
&amp#27;[0;39m2023-05-08 13:18:54,085 [main] &amp#27;[39mDEBUG&amp#27;[0;39m &amp#27;[36mc.g.d.z.s.o.a.hc.client5.http.wire&amp#27;[0;39m - &amp#27;[32mhttp-outgoing-0 >> "x-tc-sid: f1b696c1-ec3f-4f95-afa8-081853be7ccb[\r][\n]"
&amp#27;[0;39m2023-05-08 13:18:54,085 [main] &amp#27;[39mDEBUG&amp#27;[0;39m &amp#27;[36mc.g.d.z.s.o.a.hc.client5.http.wire&amp#27;[0;39m - &amp#27;[32mhttp-outgoing-0 >> "Accept-Encoding: gzip, x-gzip, deflate[\r][\n]"
&amp#27;[0;39m2023-05-08 13:18:54,085 [main] &amp#27;[39mDEBUG&amp#27;[0;39m &amp#27;[36mc.g.d.z.s.o.a.hc.client5.http.wire&amp#27;[0;39m - &amp#27;[32mhttp-outgoing-0 >> "Host: localhost:2375[\r][\n]"
&amp#27;[0;39m2023-05-08 13:18:54,085 [main] &amp#27;[39mDEBUG&amp#27;[0;39m &amp#27;[36mc.g.d.z.s.o.a.hc.client5.http.wire&amp#27;[0;39m - &amp#27;[32mhttp-outgoing-0 >> "Connection: keep-alive[\r][\n]"
&amp#27;[0;39m2023-05-08 13:18:54,085 [main] &amp#27;[39mDEBUG&amp#27;[0;39m &amp#27;[36mc.g.d.z.s.o.a.hc.client5.http.wire&amp#27;[0;39m - &amp#27;[32mhttp-outgoing-0 >> "User-Agent: Apache-HttpClient/5.0.3 (Java/17.0.6)[\r][\n]"
&amp#27;[0;39m2023-05-08 13:18:54,085 [main] &amp#27;[39mDEBUG&amp#27;[0;39m &amp#27;[36mc.g.d.z.s.o.a.hc.client5.http.wire&amp#27;[0;39m - &amp#27;[32mhttp-outgoing-0 >> "[\r][\n]"
&amp#27;[0;39m2023-05-08 13:18:54,090 [main] &amp#27;[39mDEBUG&amp#27;[0;39m &amp#27;[36mc.g.d.z.s.o.a.hc.client5.http.wire&amp#27;[0;39m - &amp#27;[32mhttp-outgoing-0 << "HTTP/1.1 200 OK[\r][\n]"
&amp#27;[0;39m2023-05-08 13:18:54,091 [main] &amp#27;[39mDEBUG&amp#27;[0;39m &amp#27;[36mc.g.d.z.s.o.a.hc.client5.http.wire&amp#27;[0;39m - &amp#27;[32mhttp-outgoing-0 << "Api-Version: 1.42[\r][\n]"
&amp#27;[0;39m2023-05-08 13:18:54,091 [main] &amp#27;[39mDEBUG&amp#27;[0;39m &amp#27;[36mc.g.d.z.s.o.a.hc.client5.http.wire&amp#27;[0;39m - &amp#27;[32mhttp-outgoing-0 << "Content-Type: application/json[\r][\n]"
&amp#27;[0;39m2023-05-08 13:18:54,091 [main] &amp#27;[39mDEBUG&amp#27;[0;39m &amp#27;[36mc.g.d.z.s.o.a.hc.client5.http.wire&amp#27;[0;39m - &amp#27;[32mhttp-outgoing-0 << "Docker-Experimental: false[\r][\n]"
&amp#27;[0;39m2023-05-08 13:18:54,091 [main] &amp#27;[39mDEBUG&amp#27;[0;39m &amp#27;[36mc.g.d.z.s.o.a.hc.client5.http.wire&amp#27;[0;39m - &amp#27;[32mhttp-outgoing-0 << "Ostype: linux[\r][\n]"
&amp#27;[0;39m2023-05-08 13:18:54,091 [main] &amp#27;[39mDEBUG&amp#27;[0;39m &amp#27;[36mc.g.d.z.s.o.a.hc.client5.http.wire&amp#27;[0;39m - &amp#27;[32mhttp-outgoing-0 << "Server: Docker/23.0.5 (linux)[\r][\n]"
&amp#27;[0;39m2023-05-08 13:18:54,091 [main] &amp#27;[39mDEBUG&amp#27;[0;39m &amp#27;[36mc.g.d.z.s.o.a.hc.client5.http.wire&amp#27;[0;39m - &amp#27;[32mhttp-outgoing-0 << "Date: Mon, 08 May 2023 11:18:54 GMT[\r][\n]"
&amp#27;[0;39m2023-05-08 13:18:54,091 [main] &amp#27;[39mDEBUG&amp#27;[0;39m &amp#27;[36mc.g.d.z.s.o.a.hc.client5.http.wire&amp#27;[0;39m - &amp#27;[32mhttp-outgoing-0 << "Content-Length: 832[\r][\n]"
&amp#27;[0;39m2023-05-08 13:18:54,091 [main] &amp#27;[39mDEBUG&amp#27;[0;39m &amp#27;[36mc.g.d.z.s.o.a.hc.client5.http.wire&amp#27;[0;39m - &amp#27;[32mhttp-outgoing-0 << "[\r][\n]"
&amp#27;[0;39m2023-05-08 13:18:54,091 [main] &amp#27;[39mDEBUG&amp#27;[0;39m &amp#27;[36mc.g.d.z.s.o.a.hc.client5.http.wire&amp#27;[0;39m - &amp#27;[32mhttp-outgoing-0 << "{"Platform":{"Name":"Docker Engine - Community"},"Components":[{"Name":"Engine","Version":"23.0.5","Details":{"ApiVersion":"1.42","Arch":"amd64","BuildTime":"2023-04-26T16:21:07.000000000+00:00","Experimental":"false","GitCommit":"94d3ad6","GoVersion":"go1.19.8","KernelVersion":"6.2.6-76060206-generic","MinAPIVersion":"1.12","Os":"linux"}},{"Name":"containerd","Version":"1.6.21","Details":{"GitCommit":"3dce8eb055cbb6872793272b4f20ed16117344f8"}},{"Name":"runc","Version":"1.1.7","Details":{"GitCommit":"v1.1.7-0-g860f061"}},{"Name":"docker-init","Version":"0.19.0","Details":{"GitCommit":"de40ad0"}}],"Version":"23.0.5","ApiVersion":"1.42","MinAPIVersion":"1.12","GitCommit":"94d3ad6","GoVersion":"go1.19.8","Os":"linux","Arch":"amd64","KernelVersion":"6.2.6-76060206-generic","BuildTime":"2023-04-26T16:21:07.000000000+00:00"}[\n]"
&amp#27;[0;39m2023-05-08 13:18:54,091 [main] &amp#27;[39mDEBUG&amp#27;[0;39m &amp#27;[36mc.g.d.z.s.o.a.h.client5.http.headers&amp#27;[0;39m - &amp#27;[32mhttp-outgoing-0 << HTTP/1.1 200 OK
&amp#27;[0;39m2023-05-08 13:18:54,091 [main] &amp#27;[39mDEBUG&amp#27;[0;39m &amp#27;[36mc.g.d.z.s.o.a.h.client5.http.headers&amp#27;[0;39m - &amp#27;[32mhttp-outgoing-0 << Api-Version: 1.42
&amp#27;[0;39m2023-05-08 13:18:54,091 [main] &amp#27;[39mDEBUG&amp#27;[0;39m &amp#27;[36mc.g.d.z.s.o.a.h.client5.http.headers&amp#27;[0;39m - &amp#27;[32mhttp-outgoing-0 << Content-Type: application/json
&amp#27;[0;39m2023-05-08 13:18:54,091 [main] &amp#27;[39mDEBUG&amp#27;[0;39m &amp#27;[36mc.g.d.z.s.o.a.h.client5.http.headers&amp#27;[0;39m - &amp#27;[32mhttp-outgoing-0 << Docker-Experimental: false
&amp#27;[0;39m2023-05-08 13:18:54,091 [main] &amp#27;[39mDEBUG&amp#27;[0;39m &amp#27;[36mc.g.d.z.s.o.a.h.client5.http.headers&amp#27;[0;39m - &amp#27;[32mhttp-outgoing-0 << Ostype: linux
&amp#27;[0;39m2023-05-08 13:18:54,091 [main] &amp#27;[39mDEBUG&amp#27;[0;39m &amp#27;[36mc.g.d.z.s.o.a.h.client5.http.headers&amp#27;[0;39m - &amp#27;[32mhttp-outgoing-0 << Server: Docker/23.0.5 (linux)
&amp#27;[0;39m2023-05-08 13:18:54,091 [main] &amp#27;[39mDEBUG&amp#27;[0;39m &amp#27;[36mc.g.d.z.s.o.a.h.client5.http.headers&amp#27;[0;39m - &amp#27;[32mhttp-outgoing-0 << Date: Mon, 08 May 2023 11:18:54 GMT
&amp#27;[0;39m2023-05-08 13:18:54,091 [main] &amp#27;[39mDEBUG&amp#27;[0;39m &amp#27;[36mc.g.d.z.s.o.a.h.client5.http.headers&amp#27;[0;39m - &amp#27;[32mhttp-outgoing-0 << Content-Length: 832
&amp#27;[0;39m2023-05-08 13:18:54,091 [main] &amp#27;[39mDEBUG&amp#27;[0;39m &amp#27;[36mc.g.d.z.s.o.a.h.c.h.i.c.MainClientExec&amp#27;[0;39m - &amp#27;[32mex-00000008: connection can be kept alive for 3 MINUTES
&amp#27;[0;39m2023-05-08 13:18:54,092 [main] &amp#27;[39mDEBUG&amp#27;[0;39m &amp#27;[36mc.g.d.z.s.o.a.h.c.h.i.c.InternalHttpClient&amp#27;[0;39m - &amp#27;[32mep-00000007: releasing valid endpoint
&amp#27;[0;39m2023-05-08 13:18:54,092 [main] &amp#27;[39mDEBUG&amp#27;[0;39m &amp#27;[36mc.g.d.z.s.o.a.h.c.h.i.i.PoolingHttpClientConnectionManager&amp#27;[0;39m - &amp#27;[32mep-00000007: releasing endpoint
&amp#27;[0;39m2023-05-08 13:18:54,092 [main] &amp#27;[39mDEBUG&amp#27;[0;39m &amp#27;[36mc.g.d.z.s.o.a.h.c.h.i.i.PoolingHttpClientConnectionManager&amp#27;[0;39m - &amp#27;[32mep-00000007: connection http-outgoing-0 can be kept alive for 3 MINUTES
&amp#27;[0;39m2023-05-08 13:18:54,092 [main] &amp#27;[39mDEBUG&amp#27;[0;39m &amp#27;[36mc.g.d.z.s.o.a.h.c.h.i.i.PoolingHttpClientConnectionManager&amp#27;[0;39m - &amp#27;[32mep-00000007: connection released [route: {}->unix://localhost:2375][total available: 1; route allocated: 1 of 2147483647; total allocated: 1 of 2147483647]
&amp#27;[0;39m2023-05-08 13:18:54,097 [docker-java-stream-1891149622] &amp#27;[39mDEBUG&amp#27;[0;39m &amp#27;[36mc.g.d.z.s.o.a.h.c.h.i.c.InternalHttpClient&amp#27;[0;39m - &amp#27;[32mex-00000009: preparing request execution
&amp#27;[0;39m2023-05-08 13:18:54,098 [docker-java-stream-1891149622] &amp#27;[39mDEBUG&amp#27;[0;39m &amp#27;[36mc.g.d.z.s.o.a.h.c.h.p.RequestAddCookies&amp#27;[0;39m - &amp#27;[32mCookie spec selected: strict
&amp#27;[0;39m2023-05-08 13:18:54,098 [docker-java-stream-1891149622] &amp#27;[39mDEBUG&amp#27;[0;39m &amp#27;[36mc.g.d.z.s.o.a.h.c.h.p.RequestAuthCache&amp#27;[0;39m - &amp#27;[32mAuth cache not set in the context
&amp#27;[0;39m2023-05-08 13:18:54,098 [docker-java-stream-1891149622] &amp#27;[39mDEBUG&amp#27;[0;39m &amp#27;[36mc.g.d.z.s.o.a.h.c.h.i.c.ProtocolExec&amp#27;[0;39m - &amp#27;[32mex-00000009: target auth state: UNCHALLENGED
&amp#27;[0;39m2023-05-08 13:18:54,098 [docker-java-stream-1891149622] &amp#27;[39mDEBUG&amp#27;[0;39m &amp#27;[36mc.g.d.z.s.o.a.h.c.h.i.c.ProtocolExec&amp#27;[0;39m - &amp#27;[32mex-00000009: proxy auth state: UNCHALLENGED
&amp#27;[0;39m2023-05-08 13:18:54,098 [docker-java-stream-1891149622] &amp#27;[39mDEBUG&amp#27;[0;39m &amp#27;[36mc.g.d.z.s.o.a.h.c.h.i.c.ConnectExec&amp#27;[0;39m - &amp#27;[32mex-00000009: acquiring connection with route {}->unix://localhost:2375
&amp#27;[0;39m2023-05-08 13:18:54,098 [docker-java-stream-1891149622] &amp#27;[39mDEBUG&amp#27;[0;39m &amp#27;[36mc.g.d.z.s.o.a.h.c.h.i.c.InternalHttpClient&amp#27;[0;39m - &amp#27;[32mex-00000009: acquiring endpoint (3 MINUTES)
&amp#27;[0;39m2023-05-08 13:18:54,098 [docker-java-stream-1891149622] &amp#27;[39mDEBUG&amp#27;[0;39m &amp#27;[36mc.g.d.z.s.o.a.h.c.h.i.i.PoolingHttpClientConnectionManager&amp#27;[0;39m - &amp#27;[32mex-00000009: endpoint lease request (3 MINUTES) [route: {}->unix://localhost:2375][total available: 1; route allocated: 1 of 2147483647; total allocated: 1 of 2147483647]
&amp#27;[0;39m2023-05-08 13:18:54,098 [docker-java-stream-1891149622] &amp#27;[39mDEBUG&amp#27;[0;39m &amp#27;[36mc.g.d.z.s.o.a.h.c.h.i.i.PoolingHttpClientConnectionManager&amp#27;[0;39m - &amp#27;[32mex-00000009: endpoint leased [route: {}->unix://localhost:2375][total available: 0; route allocated: 1 of 2147483647; total allocated: 1 of 2147483647]
&amp#27;[0;39m2023-05-08 13:18:54,098 [docker-java-stream-1891149622] &amp#27;[39mDEBUG&amp#27;[0;39m &amp#27;[36mc.g.d.z.s.o.a.h.c.h.i.i.PoolingHttpClientConnectionManager&amp#27;[0;39m - &amp#27;[32mex-00000009: acquired ep-00000008
&amp#27;[0;39m2023-05-08 13:18:54,098 [docker-java-stream-1891149622] &amp#27;[39mDEBUG&amp#27;[0;39m &amp#27;[36mc.g.d.z.s.o.a.h.c.h.i.c.InternalHttpClient&amp#27;[0;39m - &amp#27;[32mex-00000009: acquired endpoint ep-00000008
&amp#27;[0;39m2023-05-08 13:18:54,098 [docker-java-stream-1891149622] &amp#27;[39mDEBUG&amp#27;[0;39m &amp#27;[36mc.g.d.z.s.o.a.h.c.h.i.c.MainClientExec&amp#27;[0;39m - &amp#27;[32mex-00000009: executing GET /v1.32/containers/cb4c1626d1b9b21cc87eaf2ef9af89a71b74336f24883e877f6ef14d1614b8bd/logs?stdout=true&stderr=true&follow=true&since=0 HTTP/1.1
&amp#27;[0;39m2023-05-08 13:18:54,098 [docker-java-stream-1891149622] &amp#27;[39mDEBUG&amp#27;[0;39m &amp#27;[36mc.g.d.z.s.o.a.h.c.h.i.c.InternalHttpClient&amp#27;[0;39m - &amp#27;[32mep-00000008: start execution ex-00000009
&amp#27;[0;39m2023-05-08 13:18:54,098 [docker-java-stream-1891149622] &amp#27;[39mDEBUG&amp#27;[0;39m &amp#27;[36mc.g.d.z.s.o.a.h.c.h.i.i.PoolingHttpClientConnectionManager&amp#27;[0;39m - &amp#27;[32mep-00000008: executing exchange ex-00000009 over http-outgoing-0
&amp#27;[0;39m2023-05-08 13:18:54,098 [docker-java-stream-1891149622] &amp#27;[39mDEBUG&amp#27;[0;39m &amp#27;[36mc.g.d.z.s.o.a.h.client5.http.headers&amp#27;[0;39m - &amp#27;[32mhttp-outgoing-0 >> GET /v1.32/containers/cb4c1626d1b9b21cc87eaf2ef9af89a71b74336f24883e877f6ef14d1614b8bd/logs?stdout=true&stderr=true&follow=true&since=0 HTTP/1.1
&amp#27;[0;39m2023-05-08 13:18:54,098 [docker-java-stream-1891149622] &amp#27;[39mDEBUG&amp#27;[0;39m &amp#27;[36mc.g.d.z.s.o.a.h.client5.http.headers&amp#27;[0;39m - &amp#27;[32mhttp-outgoing-0 >> x-tc-sid: f1b696c1-ec3f-4f95-afa8-081853be7ccb
&amp#27;[0;39m2023-05-08 13:18:54,098 [docker-java-stream-1891149622] &amp#27;[39mDEBUG&amp#27;[0;39m &amp#27;[36mc.g.d.z.s.o.a.h.client5.http.headers&amp#27;[0;39m - &amp#27;[32mhttp-outgoing-0 >> Accept-Encoding: gzip, x-gzip, deflate
&amp#27;[0;39m2023-05-08 13:18:54,098 [docker-java-stream-1891149622] &amp#27;[39mDEBUG&amp#27;[0;39m &amp#27;[36mc.g.d.z.s.o.a.h.client5.http.headers&amp#27;[0;39m - &amp#27;[32mhttp-outgoing-0 >> Host: localhost:2375
&amp#27;[0;39m2023-05-08 13:18:54,099 [docker-java-stream-1891149622] &amp#27;[39mDEBUG&amp#27;[0;39m &amp#27;[36mc.g.d.z.s.o.a.h.client5.http.headers&amp#27;[0;39m - &amp#27;[32mhttp-outgoing-0 >> Connection: keep-alive
&amp#27;[0;39m2023-05-08 13:18:54,099 [docker-java-stream-1891149622] &amp#27;[39mDEBUG&amp#27;[0;39m &amp#27;[36mc.g.d.z.s.o.a.h.client5.http.headers&amp#27;[0;39m - &amp#27;[32mhttp-outgoing-0 >> User-Agent: Apache-HttpClient/5.0.3 (Java/17.0.6)
&amp#27;[0;39m2023-05-08 13:18:54,099 [docker-java-stream-1891149622] &amp#27;[39mDEBUG&amp#27;[0;39m &amp#27;[36mc.g.d.z.s.o.a.hc.client5.http.wire&amp#27;[0;39m - &amp#27;[32mhttp-outgoing-0 >> "GET /v1.32/containers/cb4c1626d1b9b21cc87eaf2ef9af89a71b74336f24883e877f6ef14d1614b8bd/logs?stdout=true&stderr=true&follow=true&since=0 HTTP/1.1[\r][\n]"
&amp#27;[0;39m2023-05-08 13:18:54,099 [docker-java-stream-1891149622] &amp#27;[39mDEBUG&amp#27;[0;39m &amp#27;[36mc.g.d.z.s.o.a.hc.client5.http.wire&amp#27;[0;39m - &amp#27;[32mhttp-outgoing-0 >> "x-tc-sid: f1b696c1-ec3f-4f95-afa8-081853be7ccb[\r][\n]"
&amp#27;[0;39m2023-05-08 13:18:54,099 [docker-java-stream-1891149622] &amp#27;[39mDEBUG&amp#27;[0;39m &amp#27;[36mc.g.d.z.s.o.a.hc.client5.http.wire&amp#27;[0;39m - &amp#27;[32mhttp-outgoing-0 >> "Accept-Encoding: gzip, x-gzip, deflate[\r][\n]"
&amp#27;[0;39m2023-05-08 13:18:54,099 [docker-java-stream-1891149622] &amp#27;[39mDEBUG&amp#27;[0;39m &amp#27;[36mc.g.d.z.s.o.a.hc.client5.http.wire&amp#27;[0;39m - &amp#27;[32mhttp-outgoing-0 >> "Host: localhost:2375[\r][\n]"
&amp#27;[0;39m2023-05-08 13:18:54,099 [docker-java-stream-1891149622] &amp#27;[39mDEBUG&amp#27;[0;39m &amp#27;[36mc.g.d.z.s.o.a.hc.client5.http.wire&amp#27;[0;39m - &amp#27;[32mhttp-outgoing-0 >> "Connection: keep-alive[\r][\n]"
&amp#27;[0;39m2023-05-08 13:18:54,099 [docker-java-stream-1891149622] &amp#27;[39mDEBUG&amp#27;[0;39m &amp#27;[36mc.g.d.z.s.o.a.hc.client5.http.wire&amp#27;[0;39m - &amp#27;[32mhttp-outgoing-0 >> "User-Agent: Apache-HttpClient/5.0.3 (Java/17.0.6)[\r][\n]"
&amp#27;[0;39m2023-05-08 13:18:54,099 [docker-java-stream-1891149622] &amp#27;[39mDEBUG&amp#27;[0;39m &amp#27;[36mc.g.d.z.s.o.a.hc.client5.http.wire&amp#27;[0;39m - &amp#27;[32mhttp-outgoing-0 >> "[\r][\n]"
&amp#27;[0;39m2023-05-08 13:18:54,099 [docker-java-stream-1891149622] &amp#27;[39mDEBUG&amp#27;[0;39m &amp#27;[36mc.g.d.z.s.o.a.hc.client5.http.wire&amp#27;[0;39m - &amp#27;[32mhttp-outgoing-0 << "HTTP/1.1 200 OK[\r][\n]"
&amp#27;[0;39m2023-05-08 13:18:54,099 [docker-java-stream-1891149622] &amp#27;[39mDEBUG&amp#27;[0;39m &amp#27;[36mc.g.d.z.s.o.a.hc.client5.http.wire&amp#27;[0;39m - &amp#27;[32mhttp-outgoing-0 << "Api-Version: 1.42[\r][\n]"
&amp#27;[0;39m2023-05-08 13:18:54,099 [docker-java-stream-1891149622] &amp#27;[39mDEBUG&amp#27;[0;39m &amp#27;[36mc.g.d.z.s.o.a.hc.client5.http.wire&amp#27;[0;39m - &amp#27;[32mhttp-outgoing-0 << "Content-Type: application/vnd.docker.raw-stream[\r][\n]"
&amp#27;[0;39m2023-05-08 13:18:54,099 [docker-java-stream-1891149622] &amp#27;[39mDEBUG&amp#27;[0;39m &amp#27;[36mc.g.d.z.s.o.a.hc.client5.http.wire&amp#27;[0;39m - &amp#27;[32mhttp-outgoing-0 << "Docker-Experimental: false[\r][\n]"
&amp#27;[0;39m2023-05-08 13:18:54,099 [docker-java-stream-1891149622] &amp#27;[39mDEBUG&amp#27;[0;39m &amp#27;[36mc.g.d.z.s.o.a.hc.client5.http.wire&amp#27;[0;39m - &amp#27;[32mhttp-outgoing-0 << "Ostype: linux[\r][\n]"
&amp#27;[0;39m2023-05-08 13:18:54,099 [docker-java-stream-1891149622] &amp#27;[39mDEBUG&amp#27;[0;39m &amp#27;[36mc.g.d.z.s.o.a.hc.client5.http.wire&amp#27;[0;39m - &amp#27;[32mhttp-outgoing-0 << "Server: Docker/23.0.5 (linux)[\r][\n]"
&amp#27;[0;39m2023-05-08 13:18:54,099 [docker-java-stream-1891149622] &amp#27;[39mDEBUG&amp#27;[0;39m &amp#27;[36mc.g.d.z.s.o.a.hc.client5.http.wire&amp#27;[0;39m - &amp#27;[32mhttp-outgoing-0 << "Date: Mon, 08 May 2023 11:18:54 GMT[\r][\n]"
&amp#27;[0;39m2023-05-08 13:18:54,099 [docker-java-stream-1891149622] &amp#27;[39mDEBUG&amp#27;[0;39m &amp#27;[36mc.g.d.z.s.o.a.hc.client5.http.wire&amp#27;[0;39m - &amp#27;[32mhttp-outgoing-0 << "Transfer-Encoding: chunked[\r][\n]"
&amp#27;[0;39m2023-05-08 13:18:54,099 [docker-java-stream-1891149622] &amp#27;[39mDEBUG&amp#27;[0;39m &amp#27;[36mc.g.d.z.s.o.a.hc.client5.http.wire&amp#27;[0;39m - &amp#27;[32mhttp-outgoing-0 << "[\r][\n]"
&amp#27;[0;39m2023-05-08 13:18:54,100 [docker-java-stream-1891149622] &amp#27;[39mDEBUG&amp#27;[0;39m &amp#27;[36mc.g.d.z.s.o.a.h.client5.http.headers&amp#27;[0;39m - &amp#27;[32mhttp-outgoing-0 << HTTP/1.1 200 OK
&amp#27;[0;39m2023-05-08 13:18:54,100 [docker-java-stream-1891149622] &amp#27;[39mDEBUG&amp#27;[0;39m &amp#27;[36mc.g.d.z.s.o.a.h.client5.http.headers&amp#27;[0;39m - &amp#27;[32mhttp-outgoing-0 << Api-Version: 1.42
&amp#27;[0;39m2023-05-08 13:18:54,100 [docker-java-stream-1891149622] &amp#27;[39mDEBUG&amp#27;[0;39m &amp#27;[36mc.g.d.z.s.o.a.h.client5.http.headers&amp#27;[0;39m - &amp#27;[32mhttp-outgoing-0 << Content-Type: application/vnd.docker.raw-stream
&amp#27;[0;39m2023-05-08 13:18:54,100 [docker-java-stream-1891149622] &amp#27;[39mDEBUG&amp#27;[0;39m &amp#27;[36mc.g.d.z.s.o.a.h.client5.http.headers&amp#27;[0;39m - &amp#27;[32mhttp-outgoing-0 << Docker-Experimental: false
&amp#27;[0;39m2023-05-08 13:18:54,100 [docker-java-stream-1891149622] &amp#27;[39mDEBUG&amp#27;[0;39m &amp#27;[36mc.g.d.z.s.o.a.h.client5.http.headers&amp#27;[0;39m - &amp#27;[32mhttp-outgoing-0 << Ostype: linux
&amp#27;[0;39m2023-05-08 13:18:54,100 [docker-java-stream-1891149622] &amp#27;[39mDEBUG&amp#27;[0;39m &amp#27;[36mc.g.d.z.s.o.a.h.client5.http.headers&amp#27;[0;39m - &amp#27;[32mhttp-outgoing-0 << Server: Docker/23.0.5 (linux)
&amp#27;[0;39m2023-05-08 13:18:54,100 [docker-java-stream-1891149622] &amp#27;[39mDEBUG&amp#27;[0;39m &amp#27;[36mc.g.d.z.s.o.a.h.client5.http.headers&amp#27;[0;39m - &amp#27;[32mhttp-outgoing-0 << Date: Mon, 08 May 2023 11:18:54 GMT
&amp#27;[0;39m2023-05-08 13:18:54,100 [docker-java-stream-1891149622] &amp#27;[39mDEBUG&amp#27;[0;39m &amp#27;[36mc.g.d.z.s.o.a.h.client5.http.headers&amp#27;[0;39m - &amp#27;[32mhttp-outgoing-0 << Transfer-Encoding: chunked
&amp#27;[0;39m2023-05-08 13:18:54,100 [docker-java-stream-1891149622] &amp#27;[39mDEBUG&amp#27;[0;39m &amp#27;[36mc.g.d.z.s.o.a.h.c.h.i.c.MainClientExec&amp#27;[0;39m - &amp#27;[32mex-00000009: connection can be kept alive for 3 MINUTES
&amp#27;[0;39m2023-05-08 13:18:54,101 [docker-java-stream-1891149622] &amp#27;[39mDEBUG&amp#27;[0;39m &amp#27;[36mc.g.d.z.s.o.a.hc.client5.http.wire&amp#27;[0;39m - &amp#27;[32mhttp-outgoing-0 << "2e[\r][\n]"
&amp#27;[0;39m2023-05-08 13:18:54,101 [docker-java-stream-1891149622] &amp#27;[39mDEBUG&amp#27;[0;39m &amp#27;[36mc.g.d.z.s.o.a.hc.client5.http.wire&amp#27;[0;39m - &amp#27;[32mhttp-outgoing-0 << "[0x2][0x0][0x0][0x0][0x0][0x0][0x0]&2023/05/08 11:18:54 Pinging Docker...[\n]"
&amp#27;[0;39m2023-05-08 13:18:54,101 [docker-java-stream-1891149622] &amp#27;[39mDEBUG&amp#27;[0;39m &amp#27;[36mc.g.d.z.s.o.a.hc.client5.http.wire&amp#27;[0;39m - &amp#27;[32mhttp-outgoing-0 << "[\r][\n]"
&amp#27;[0;39m2023-05-08 13:18:54,101 [docker-java-stream-1891149622] &amp#27;[39mDEBUG&amp#27;[0;39m &amp#27;[36mc.g.d.z.s.o.a.hc.client5.http.wire&amp#27;[0;39m - &amp#27;[32mhttp-outgoing-0 << "38[\r][\n]"
&amp#27;[0;39m2023-05-08 13:18:54,101 [docker-java-stream-1891149622] &amp#27;[39mDEBUG&amp#27;[0;39m &amp#27;[36mc.g.d.z.s.o.a.hc.client5.http.wire&amp#27;[0;39m - &amp#27;[32mhttp-outgoing-0 << "[0x2][0x0][0x0][0x0][0x0][0x0][0x0]02023/05/08 11:18:54 Docker daemon is available![\n]"
&amp#27;[0;39m2023-05-08 13:18:54,101 [docker-java-stream-1891149622] &amp#27;[39mDEBUG&amp#27;[0;39m &amp#27;[36mc.g.d.z.s.o.a.hc.client5.http.wire&amp#27;[0;39m - &amp#27;[32mhttp-outgoing-0 << "[\r][\n]"
&amp#27;[0;39m2023-05-08 13:18:54,101 [docker-java-stream-1891149622] &amp#27;[39mDEBUG&amp#27;[0;39m &amp#27;[36mc.g.d.z.s.o.a.hc.client5.http.wire&amp#27;[0;39m - &amp#27;[32mhttp-outgoing-0 << "35[\r][\n]"
&amp#27;[0;39m2023-05-08 13:18:54,101 [docker-java-stream-1891149622] &amp#27;[39mDEBUG&amp#27;[0;39m &amp#27;[36mc.g.d.z.s.o.a.hc.client5.http.wire&amp#27;[0;39m - &amp#27;[32mhttp-outgoing-0 << "[0x2][0x0][0x0][0x0][0x0][0x0][0x0]-2023/05/08 11:18:54 Starting on port 8080...[\n]"
&amp#27;[0;39m2023-05-08 13:18:54,101 [docker-java-stream-1891149622] &amp#27;[39mDEBUG&amp#27;[0;39m &amp#27;[36mc.g.d.z.s.o.a.hc.client5.http.wire&amp#27;[0;39m - &amp#27;[32mhttp-outgoing-0 << "[\r][\n]"
&amp#27;[0;39m2023-05-08 13:18:54,101 [docker-java-stream-1891149622] &amp#27;[39mDEBUG&amp#27;[0;39m &amp#27;[36mc.g.d.z.s.o.a.hc.client5.http.wire&amp#27;[0;39m - &amp#27;[32mhttp-outgoing-0 << "25[\r][\n]"
&amp#27;[0;39m2023-05-08 13:18:54,101 [docker-java-stream-1891149622] &amp#27;[39mDEBUG&amp#27;[0;39m &amp#27;[36mc.g.d.z.s.o.a.hc.client5.http.wire&amp#27;[0;39m - &amp#27;[32mhttp-outgoing-0 << "[0x2][0x0][0x0][0x0][0x0][0x0][0x0][0x1d]2023/05/08 11:18:54 Started![\n]"
&amp#27;[0;39m2023-05-08 13:18:54,101 [docker-java-stream-1891149622] &amp#27;[39mDEBUG&amp#27;[0;39m &amp#27;[36mc.g.d.z.s.o.a.hc.client5.http.wire&amp#27;[0;39m - &amp#27;[32mhttp-outgoing-0 << "[\r][\n]"
&amp#27;[0;39m2023-05-08 13:18:54,103 [main] &amp#27;[39mDEBUG&amp#27;[0;39m &amp#27;[36mo.t.c.output.WaitingConsumer&amp#27;[0;39m - &amp#27;[32mSTDERR: 2023/05/08 11:18:54 Pinging Docker...
&amp#27;[0;39m2023-05-08 13:18:54,103 [main] &amp#27;[39mDEBUG&amp#27;[0;39m &amp#27;[36mo.t.c.output.WaitingConsumer&amp#27;[0;39m - &amp#27;[32mSTDERR: 2023/05/08 11:18:54 Started!
&amp#27;[0;39m2023-05-08 13:18:54,104 [main] &amp#27;[39mDEBUG&amp#27;[0;39m &amp#27;[36mc.g.d.z.s.o.a.h.c.h.i.c.InternalHttpClient&amp#27;[0;39m - &amp#27;[32mep-00000008: cancel
&amp#27;[0;39m2023-05-08 13:18:54,105 [docker-java-stream-1891149622] &amp#27;[39mDEBUG&amp#27;[0;39m &amp#27;[36mc.g.d.z.s.o.a.hc.client5.http.wire&amp#27;[0;39m - &amp#27;[32mhttp-outgoing-0 << "[read] I/O error: null"
&amp#27;[0;39m2023-05-08 13:18:54,105 [docker-java-stream-1891149622] &amp#27;[39mDEBUG&amp#27;[0;39m &amp#27;[36mc.g.d.z.s.o.a.hc.client5.http.wire&amp#27;[0;39m - &amp#27;[32mhttp-outgoing-0 << "[read] I/O error: null"
&amp#27;[0;39m2023-05-08 13:18:54,105 [main] &amp#27;[39mDEBUG&amp#27;[0;39m &amp#27;[36mc.g.d.z.s.o.a.h.c.h.i.i.DefaultManagedHttpClientConnection&amp#27;[0;39m - &amp#27;[32mhttp-outgoing-0: close connection IMMEDIATE
&amp#27;[0;39m2023-05-08 13:18:54,105 [main] &amp#27;[39mDEBUG&amp#27;[0;39m &amp#27;[36mc.g.d.z.s.o.a.h.c.h.i.c.InternalHttpClient&amp#27;[0;39m - &amp#27;[32mep-00000008: endpoint closed
&amp#27;[0;39m2023-05-08 13:18:54,105 [main] &amp#27;[39mDEBUG&amp#27;[0;39m &amp#27;[36mc.g.d.z.s.o.a.h.c.h.i.c.InternalHttpClient&amp#27;[0;39m - &amp#27;[32mep-00000008: discarding endpoint
&amp#27;[0;39m2023-05-08 13:18:54,105 [main] &amp#27;[39mDEBUG&amp#27;[0;39m &amp#27;[36mc.g.d.z.s.o.a.h.c.h.i.i.PoolingHttpClientConnectionManager&amp#27;[0;39m - &amp#27;[32mep-00000008: releasing endpoint
&amp#27;[0;39m2023-05-08 13:18:54,105 [main] &amp#27;[39mDEBUG&amp#27;[0;39m &amp#27;[36mc.g.d.z.s.o.a.h.c.h.i.i.PoolingHttpClientConnectionManager&amp#27;[0;39m - &amp#27;[32mep-00000008: connection is not kept alive
&amp#27;[0;39m2023-05-08 13:18:54,105 [main] &amp#27;[39mDEBUG&amp#27;[0;39m &amp#27;[36mc.g.d.z.s.o.a.h.c.h.i.i.PoolingHttpClientConnectionManager&amp#27;[0;39m - &amp#27;[32mep-00000008: connection released [route: {}->unix://localhost:2375][total available: 0; route allocated: 0 of 2147483647; total allocated: 0 of 2147483647]
&amp#27;[0;39m2023-05-08 13:18:54,105 [main] &amp#27;[34mINFO &amp#27;[0;39m &amp#27;[36mtc.testcontainers/ryuk:0.4.0&amp#27;[0;39m - &amp#27;[32mContainer testcontainers/ryuk:0.4.0 started in PT0.572253644S
&amp#27;[0;39m2023-05-08 13:18:54,105 [docker-java-stream-1891149622] &amp#27;[39mDEBUG&amp#27;[0;39m &amp#27;[36mc.g.d.z.ApacheDockerHttpClientImpl$ApacheResponse&amp#27;[0;39m - &amp#27;[32mFailed to close the response
&amp#27;[0;39mjava.nio.channels.ClosedChannelException: null
	at java.base/sun.nio.ch.SocketChannelImpl.ensureOpenAndConnected(SocketChannelImpl.java:215)
	at java.base/sun.nio.ch.SocketChannelImpl.read(SocketChannelImpl.java:403)
	at java.base/sun.nio.ch.ChannelInputStream.read(ChannelInputStream.java:59)
	at java.base/sun.nio.ch.ChannelInputStream.read(ChannelInputStream.java:107)
	at java.base/sun.nio.ch.ChannelInputStream.read(ChannelInputStream.java:101)
	at com.github.dockerjava.zerodep.shaded.org.apache.hc.client5.http.impl.io.LoggingInputStream.read(LoggingInputStream.java:81)
	at com.github.dockerjava.zerodep.shaded.org.apache.hc.core5.http.impl.io.SessionInputBufferImpl.fillBuffer(SessionInputBufferImpl.java:149)
	at com.github.dockerjava.zerodep.shaded.org.apache.hc.core5.http.impl.io.SessionInputBufferImpl.readLine(SessionInputBufferImpl.java:280)
	at com.github.dockerjava.zerodep.shaded.org.apache.hc.core5.http.impl.io.ChunkedInputStream.getChunkSize(ChunkedInputStream.java:261)
	at com.github.dockerjava.zerodep.shaded.org.apache.hc.core5.http.impl.io.ChunkedInputStream.nextChunk(ChunkedInputStream.java:222)
	at com.github.dockerjava.zerodep.shaded.org.apache.hc.core5.http.impl.io.ChunkedInputStream.read(ChunkedInputStream.java:147)
	at com.github.dockerjava.zerodep.shaded.org.apache.hc.core5.http.impl.io.ChunkedInputStream.close(ChunkedInputStream.java:314)
	at com.github.dockerjava.zerodep.shaded.org.apache.hc.core5.io.Closer.close(Closer.java:48)
	at com.github.dockerjava.zerodep.shaded.org.apache.hc.core5.http.impl.io.IncomingHttpEntity.close(IncomingHttpEntity.java:111)
	at com.github.dockerjava.zerodep.shaded.org.apache.hc.core5.http.io.entity.HttpEntityWrapper.close(HttpEntityWrapper.java:120)
	at com.github.dockerjava.zerodep.shaded.org.apache.hc.core5.io.Closer.close(Closer.java:48)
	at com.github.dockerjava.zerodep.shaded.org.apache.hc.core5.http.message.BasicClassicHttpResponse.close(BasicClassicHttpResponse.java:93)
	at com.github.dockerjava.zerodep.shaded.org.apache.hc.client5.http.impl.classic.CloseableHttpResponse.close(CloseableHttpResponse.java:200)
	at com.github.dockerjava.zerodep.ApacheDockerHttpClientImpl$ApacheResponse.close(ApacheDockerHttpClientImpl.java:256)
	at org.testcontainers.shaded.com.github.dockerjava.core.DefaultInvocationBuilder.lambda$executeAndStream$1(DefaultInvocationBuilder.java:277)
	at java.base/java.lang.Thread.run(Thread.java:833)
2023-05-08 13:18:54,109 [testcontainers-ryuk] &amp#27;[39mDEBUG&amp#27;[0;39m &amp#27;[36mo.t.utility.ResourceReaper&amp#27;[0;39m - &amp#27;[32mSending 'label=org.testcontainers%3Dtrue&label=org.testcontainers.lang%3Djava&label=org.testcontainers.version%3D1.18.0&label=org.testcontainers.sessionId%3Df1b696c1-ec3f-4f95-afa8-081853be7ccb' to Ryuk
&amp#27;[0;39m2023-05-08 13:18:54,110 [testcontainers-ryuk] &amp#27;[39mDEBUG&amp#27;[0;39m &amp#27;[36mo.t.utility.RyukResourceReaper&amp#27;[0;39m - &amp#27;[32mReceived 'ACK' from Ryuk
&amp#27;[0;39m2023-05-08 13:18:54,110 [main] &amp#27;[34mINFO &amp#27;[0;39m &amp#27;[36mo.t.utility.RyukResourceReaper&amp#27;[0;39m - &amp#27;[32mRyuk started - will monitor and terminate Testcontainers containers on JVM exit
&amp#27;[0;39m2023-05-08 13:18:54,110 [main] &amp#27;[39mDEBUG&amp#27;[0;39m &amp#27;[36mo.testcontainers.DockerClientFactory&amp#27;[0;39m - &amp#27;[32mChecks are enabled
&amp#27;[0;39m2023-05-08 13:18:54,110 [main] &amp#27;[34mINFO &amp#27;[0;39m &amp#27;[36mo.testcontainers.DockerClientFactory&amp#27;[0;39m - &amp#27;[32mChecking the system...
&amp#27;[0;39m2023-05-08 13:18:54,110 [main] &amp#27;[34mINFO &amp#27;[0;39m &amp#27;[36mo.testcontainers.DockerClientFactory&amp#27;[0;39m - &amp#27;[32m✔︎ Docker server version should be at least 1.6.0
&amp#27;[0;39m2023-05-08 13:18:54,112 [main] &amp#27;[39mDEBUG&amp#27;[0;39m &amp#27;[36mo.t.u.PrefixingImageNameSubstitutor&amp#27;[0;39m - &amp#27;[32mNo prefix is configured
&amp#27;[0;39m2023-05-08 13:18:54,113 [main] &amp#27;[39mDEBUG&amp#27;[0;39m &amp#27;[36mo.t.utility.ImageNameSubstitutor&amp#27;[0;39m - &amp#27;[32mDid not find a substitute image for mysql:8.0.0 (using image substitutor: DefaultImageNameSubstitutor (composite of 'ConfigurationFileImageNameSubstitutor' and 'PrefixingImageNameSubstitutor'))
&amp#27;[0;39m2023-05-08 13:18:54,113 [main] &amp#27;[39mDEBUG&amp#27;[0;39m &amp#27;[36mo.t.images.AbstractImagePullPolicy&amp#27;[0;39m - &amp#27;[32mUsing locally available and not pulling image: mysql:8.0.0
&amp#27;[0;39m2023-05-08 13:18:54,113 [main] &amp#27;[39mDEBUG&amp#27;[0;39m &amp#27;[36mtc.mysql:8.0.0&amp#27;[0;39m - &amp#27;[32mStarting container: mysql:8.0.0
&amp#27;[0;39m2023-05-08 13:18:54,113 [main] &amp#27;[39mDEBUG&amp#27;[0;39m &amp#27;[36mtc.mysql:8.0.0&amp#27;[0;39m - &amp#27;[32mTrying to start container: mysql:8.0.0 (attempt 1/3)
&amp#27;[0;39m2023-05-08 13:18:54,113 [main] &amp#27;[39mDEBUG&amp#27;[0;39m &amp#27;[36mtc.mysql:8.0.0&amp#27;[0;39m - &amp#27;[32mStarting container: mysql:8.0.0
&amp#27;[0;39m2023-05-08 13:18:54,113 [main] &amp#27;[34mINFO &amp#27;[0;39m &amp#27;[36mtc.mysql:8.0.0&amp#27;[0;39m - &amp#27;[32mCreating container for image: mysql:8.0.0
&amp#27;[0;39m2023-05-08 13:18:54,113 [main] &amp#27;[39mDEBUG&amp#27;[0;39m &amp#27;[36mo.t.utility.RegistryAuthLocator&amp#27;[0;39m - &amp#27;[32mLooking up auth config for image: mysql:8.0.0 at registry: https://index.docker.io/v1/
&amp#27;[0;39m2023-05-08 13:18:54,113 [main] &amp#27;[39mDEBUG&amp#27;[0;39m &amp#27;[36mo.t.utility.RegistryAuthLocator&amp#27;[0;39m - &amp#27;[32mCached auth found: [AuthConfig{username=tyskerdocker, password=hidden non-blank value, auth=hidden non-blank value, email=null, registryAddress=https://index.docker.io/v1/, registryToken=blank}]
&amp#27;[0;39m2023-05-08 13:18:54,113 [main] &amp#27;[39mDEBUG&amp#27;[0;39m &amp#27;[36mo.t.d.AuthDelegatingDockerClientConfig&amp#27;[0;39m - &amp#27;[32mEffective auth config [AuthConfig{username=tyskerdocker, password=hidden non-blank value, auth=hidden non-blank value, email=null, registryAddress=https://index.docker.io/v1/, registryToken=blank}]
&amp#27;[0;39m2023-05-08 13:18:54,114 [main] &amp#27;[39mDEBUG&amp#27;[0;39m &amp#27;[36mo.t.s.c.g.d.c.command.AbstrDockerCmd&amp#27;[0;39m - &amp#27;[32mCmd: org.testcontainers.shaded.com.github.dockerjava.core.command.CreateContainerCmdImpl@188ac8a3[aliases=<null>,argsEscaped=<null>,attachStderr=<null>,attachStdin=<null>,attachStdout=<null>,authConfig=AuthConfig(username=tyskerdocker, email=null, registryAddress=https://index.docker.io/v1/, stackOrchestrator=null),cmd={},domainName=<null>,entrypoint=<null>,env={MYSQL_DATABASE=test,MYSQL_PASSWORD=test,MYSQL_USER=test,MYSQL_ROOT_PASSWORD=test},exposedPorts=ExposedPorts(exposedPorts=[3306/tcp]),healthcheck=<null>,hostConfig=HostConfig(binds=[], blkioWeight=null, blkioWeightDevice=null, blkioDeviceReadBps=null, blkioDeviceWriteBps=null, blkioDeviceReadIOps=null, blkioDeviceWriteIOps=null, memorySwappiness=null, nanoCPUs=null, capAdd=null, capDrop=null, containerIDFile=null, cpuPeriod=null, cpuRealtimePeriod=null, cpuRealtimeRuntime=null, cpuShares=null, cpuQuota=null, cpusetCpus=null, cpusetMems=null, devices=null, deviceCgroupRules=null, deviceRequests=null, diskQuota=null, dns=null, dnsOptions=null, dnsSearch=null, extraHosts=[], groupAdd=null, ipcMode=null, cgroup=null, links=[], logConfig=LogConfig(type=null, config=null), lxcConf=null, memory=null, memorySwap=null, memoryReservation=null, kernelMemory=null, networkMode=null, oomKillDisable=null, init=null, autoRemove=null, oomScoreAdj=null, portBindings={3306/tcp=[Lcom.github.dockerjava.api.model.Ports$Binding;@70e94ecb}, privileged=null, publishAllPorts=null, readonlyRootfs=null, restartPolicy=null, ulimits=null, cpuCount=null, cpuPercent=null, ioMaximumIOps=null, ioMaximumBandwidth=null, volumesFrom=[], mounts=null, pidMode=null, isolation=null, securityOpts=null, storageOpt=null, cgroupParent=null, volumeDriver=null, shmSize=null, pidsLimit=null, runtime=null, tmpFs={}, utSMode=null, usernsMode=null, sysctls=null, consoleSize=null, cgroupnsMode=null),hostName=<null>,image=mysql:8.0.0,ipv4Address=<null>,ipv6Address=<null>,labels={org.testcontainers=true, org.testcontainers.lang=java, org.testcontainers.version=1.18.0, org.testcontainers.sessionId=f1b696c1-ec3f-4f95-afa8-081853be7ccb},macAddress=<null>,name=<null>,networkDisabled=<null>,networkingConfig=<null>,onBuild=<null>,platform=<null>,portSpecs=<null>,shell=<null>,stdInOnce=<null>,stdinOpen=<null>,stopSignal=<null>,stopTimeout=<null>,tty=<null>,user=<null>,volumes=Volumes(volumes=[]),workingDir=<null>]
&amp#27;[0;39m2023-05-08 13:18:54,117 [main] &amp#27;[39mDEBUG&amp#27;[0;39m &amp#27;[36mc.g.d.z.s.o.a.h.c.h.i.c.InternalHttpClient&amp#27;[0;39m - &amp#27;[32mex-0000000A: preparing request execution
&amp#27;[0;39m2023-05-08 13:18:54,117 [main] &amp#27;[39mDEBUG&amp#27;[0;39m &amp#27;[36mc.g.d.z.s.o.a.h.c.h.p.RequestAddCookies&amp#27;[0;39m - &amp#27;[32mCookie spec selected: strict
&amp#27;[0;39m2023-05-08 13:18:54,117 [main] &amp#27;[39mDEBUG&amp#27;[0;39m &amp#27;[36mc.g.d.z.s.o.a.h.c.h.p.RequestAuthCache&amp#27;[0;39m - &amp#27;[32mAuth cache not set in the context
&amp#27;[0;39m2023-05-08 13:18:54,117 [main] &amp#27;[39mDEBUG&amp#27;[0;39m &amp#27;[36mc.g.d.z.s.o.a.h.c.h.i.c.ProtocolExec&amp#27;[0;39m - &amp#27;[32mex-0000000A: target auth state: UNCHALLENGED
&amp#27;[0;39m2023-05-08 13:18:54,117 [main] &amp#27;[39mDEBUG&amp#27;[0;39m &amp#27;[36mc.g.d.z.s.o.a.h.c.h.i.c.ProtocolExec&amp#27;[0;39m - &amp#27;[32mex-0000000A: proxy auth state: UNCHALLENGED
&amp#27;[0;39m2023-05-08 13:18:54,117 [main] &amp#27;[39mDEBUG&amp#27;[0;39m &amp#27;[36mc.g.d.z.s.o.a.h.c.h.i.c.ConnectExec&amp#27;[0;39m - &amp#27;[32mex-0000000A: acquiring connection with route {}->unix://localhost:2375
&amp#27;[0;39m2023-05-08 13:18:54,117 [main] &amp#27;[39mDEBUG&amp#27;[0;39m &amp#27;[36mc.g.d.z.s.o.a.h.c.h.i.c.InternalHttpClient&amp#27;[0;39m - &amp#27;[32mex-0000000A: acquiring endpoint (3 MINUTES)
&amp#27;[0;39m2023-05-08 13:18:54,117 [main] &amp#27;[39mDEBUG&amp#27;[0;39m &amp#27;[36mc.g.d.z.s.o.a.h.c.h.i.i.PoolingHttpClientConnectionManager&amp#27;[0;39m - &amp#27;[32mex-0000000A: endpoint lease request (3 MINUTES) [route: {}->unix://localhost:2375][total available: 0; route allocated: 0 of 2147483647; total allocated: 0 of 2147483647]
&amp#27;[0;39m2023-05-08 13:18:54,117 [main] &amp#27;[39mDEBUG&amp#27;[0;39m &amp#27;[36mc.g.d.z.s.o.a.h.c.h.i.i.PoolingHttpClientConnectionManager&amp#27;[0;39m - &amp#27;[32mex-0000000A: endpoint leased [route: {}->unix://localhost:2375][total available: 0; route allocated: 1 of 2147483647; total allocated: 1 of 2147483647]
&amp#27;[0;39m2023-05-08 13:18:54,117 [main] &amp#27;[39mDEBUG&amp#27;[0;39m &amp#27;[36mc.g.d.z.s.o.a.h.c.h.i.i.PoolingHttpClientConnectionManager&amp#27;[0;39m - &amp#27;[32mex-0000000A: acquired ep-00000009
&amp#27;[0;39m2023-05-08 13:18:54,117 [main] &amp#27;[39mDEBUG&amp#27;[0;39m &amp#27;[36mc.g.d.z.s.o.a.h.c.h.i.c.InternalHttpClient&amp#27;[0;39m - &amp#27;[32mex-0000000A: acquired endpoint ep-00000009
&amp#27;[0;39m2023-05-08 13:18:54,117 [main] &amp#27;[39mDEBUG&amp#27;[0;39m &amp#27;[36mc.g.d.z.s.o.a.h.c.h.i.c.ConnectExec&amp#27;[0;39m - &amp#27;[32mex-0000000A: opening connection {}->unix://localhost:2375
&amp#27;[0;39m2023-05-08 13:18:54,117 [main] &amp#27;[39mDEBUG&amp#27;[0;39m &amp#27;[36mc.g.d.z.s.o.a.h.c.h.i.c.InternalHttpClient&amp#27;[0;39m - &amp#27;[32mep-00000009: connecting endpoint (3 MINUTES)
&amp#27;[0;39m2023-05-08 13:18:54,117 [main] &amp#27;[39mDEBUG&amp#27;[0;39m &amp#27;[36mc.g.d.z.s.o.a.h.c.h.i.i.PoolingHttpClientConnectionManager&amp#27;[0;39m - &amp#27;[32mep-00000009: connecting endpoint to unix://localhost:2375 (3 MINUTES)
&amp#27;[0;39m2023-05-08 13:18:54,118 [main] &amp#27;[39mDEBUG&amp#27;[0;39m &amp#27;[36mc.g.d.z.s.o.a.h.c.h.i.i.DefaultHttpClientConnectionOperator&amp#27;[0;39m - &amp#27;[32mhttp-outgoing-1: connecting to localhost/127.0.0.1:2375
&amp#27;[0;39m2023-05-08 13:18:54,118 [main] &amp#27;[39mDEBUG&amp#27;[0;39m &amp#27;[36mc.g.d.z.s.o.a.h.c.h.i.i.DefaultHttpClientConnectionOperator&amp#27;[0;39m - &amp#27;[32mhttp-outgoing-1: connection established /var/run/docker.sock<->/var/run/docker.sock
&amp#27;[0;39m2023-05-08 13:18:54,118 [main] &amp#27;[39mDEBUG&amp#27;[0;39m &amp#27;[36mc.g.d.z.s.o.a.h.c.h.i.i.PoolingHttpClientConnectionManager&amp#27;[0;39m - &amp#27;[32mep-00000009: connected http-outgoing-1
&amp#27;[0;39m2023-05-08 13:18:54,118 [main] &amp#27;[39mDEBUG&amp#27;[0;39m &amp#27;[36mc.g.d.z.s.o.a.h.c.h.i.c.InternalHttpClient&amp#27;[0;39m - &amp#27;[32mep-00000009: endpoint connected
&amp#27;[0;39m2023-05-08 13:18:54,118 [main] &amp#27;[39mDEBUG&amp#27;[0;39m &amp#27;[36mc.g.d.z.s.o.a.h.c.h.i.c.MainClientExec&amp#27;[0;39m - &amp#27;[32mex-0000000A: executing POST /v1.32/containers/create HTTP/1.1
&amp#27;[0;39m2023-05-08 13:18:54,118 [main] &amp#27;[39mDEBUG&amp#27;[0;39m &amp#27;[36mc.g.d.z.s.o.a.h.c.h.i.c.InternalHttpClient&amp#27;[0;39m - &amp#27;[32mep-00000009: start execution ex-0000000A
&amp#27;[0;39m2023-05-08 13:18:54,118 [main] &amp#27;[39mDEBUG&amp#27;[0;39m &amp#27;[36mc.g.d.z.s.o.a.h.c.h.i.i.PoolingHttpClientConnectionManager&amp#27;[0;39m - &amp#27;[32mep-00000009: executing exchange ex-0000000A over http-outgoing-1
&amp#27;[0;39m2023-05-08 13:18:54,118 [main] &amp#27;[39mDEBUG&amp#27;[0;39m &amp#27;[36mc.g.d.z.s.o.a.h.client5.http.headers&amp#27;[0;39m - &amp#27;[32mhttp-outgoing-1 >> POST /v1.32/containers/create HTTP/1.1
&amp#27;[0;39m2023-05-08 13:18:54,118 [main] &amp#27;[39mDEBUG&amp#27;[0;39m &amp#27;[36mc.g.d.z.s.o.a.h.client5.http.headers&amp#27;[0;39m - &amp#27;[32mhttp-outgoing-1 >> X-Registry-Auth: eyJ1c2VybmFtZSI6InR5c2tlcmRvY2tlciIsInBhc3N3b3JkIjoidGZIcTlwYko5S3lDRFU5IiwiZW1haWwiOm51bGwsInNlcnZlcmFkZHJlc3MiOiJodHRwczovL2luZGV4LmRvY2tlci5pby92MS8iLCJhdXRoIjoiZEhsemEyVnlaRzlqYTJWeU9uUm1TSEU1Y0dKS09VdDVRMFJWT1E9PSIsInJlZ2lzdHJ5dG9rZW4iOm51bGwsImlkZW50aXR5dG9rZW4iOm51bGwsInN0YWNrT3JjaGVzdHJhdG9yIjpudWxsfQ==
&amp#27;[0;39m2023-05-08 13:18:54,118 [main] &amp#27;[39mDEBUG&amp#27;[0;39m &amp#27;[36mc.g.d.z.s.o.a.h.client5.http.headers&amp#27;[0;39m - &amp#27;[32mhttp-outgoing-1 >> accept: application/json
&amp#27;[0;39m2023-05-08 13:18:54,118 [main] &amp#27;[39mDEBUG&amp#27;[0;39m &amp#27;[36mc.g.d.z.s.o.a.h.client5.http.headers&amp#27;[0;39m - &amp#27;[32mhttp-outgoing-1 >> content-type: application/json
&amp#27;[0;39m2023-05-08 13:18:54,118 [main] &amp#27;[39mDEBUG&amp#27;[0;39m &amp#27;[36mc.g.d.z.s.o.a.h.client5.http.headers&amp#27;[0;39m - &amp#27;[32mhttp-outgoing-1 >> x-tc-sid: f1b696c1-ec3f-4f95-afa8-081853be7ccb
&amp#27;[0;39m2023-05-08 13:18:54,118 [main] &amp#27;[39mDEBUG&amp#27;[0;39m &amp#27;[36mc.g.d.z.s.o.a.h.client5.http.headers&amp#27;[0;39m - &amp#27;[32mhttp-outgoing-1 >> Accept-Encoding: gzip, x-gzip, deflate
&amp#27;[0;39m2023-05-08 13:18:54,118 [main] &amp#27;[39mDEBUG&amp#27;[0;39m &amp#27;[36mc.g.d.z.s.o.a.h.client5.http.headers&amp#27;[0;39m - &amp#27;[32mhttp-outgoing-1 >> Content-Length: 2050
&amp#27;[0;39m2023-05-08 13:18:54,118 [main] &amp#27;[39mDEBUG&amp#27;[0;39m &amp#27;[36mc.g.d.z.s.o.a.h.client5.http.headers&amp#27;[0;39m - &amp#27;[32mhttp-outgoing-1 >> Host: localhost:2375
&amp#27;[0;39m2023-05-08 13:18:54,118 [main] &amp#27;[39mDEBUG&amp#27;[0;39m &amp#27;[36mc.g.d.z.s.o.a.h.client5.http.headers&amp#27;[0;39m - &amp#27;[32mhttp-outgoing-1 >> Connection: keep-alive
&amp#27;[0;39m2023-05-08 13:18:54,118 [main] &amp#27;[39mDEBUG&amp#27;[0;39m &amp#27;[36mc.g.d.z.s.o.a.h.client5.http.headers&amp#27;[0;39m - &amp#27;[32mhttp-outgoing-1 >> User-Agent: Apache-HttpClient/5.0.3 (Java/17.0.6)
&amp#27;[0;39m2023-05-08 13:18:54,119 [main] &amp#27;[39mDEBUG&amp#27;[0;39m &amp#27;[36mc.g.d.z.s.o.a.hc.client5.http.wire&amp#27;[0;39m - &amp#27;[32mhttp-outgoing-1 >> "POST /v1.32/containers/create HTTP/1.1[\r][\n]"
&amp#27;[0;39m2023-05-08 13:18:54,119 [main] &amp#27;[39mDEBUG&amp#27;[0;39m &amp#27;[36mc.g.d.z.s.o.a.hc.client5.http.wire&amp#27;[0;39m - &amp#27;[32mhttp-outgoing-1 >> "X-Registry-Auth: eyJ1c2VybmFtZSI6InR5c2tlcmRvY2tlciIsInBhc3N3b3JkIjoidGZIcTlwYko5S3lDRFU5IiwiZW1haWwiOm51bGwsInNlcnZlcmFkZHJlc3MiOiJodHRwczovL2luZGV4LmRvY2tlci5pby92MS8iLCJhdXRoIjoiZEhsemEyVnlaRzlqYTJWeU9uUm1TSEU1Y0dKS09VdDVRMFJWT1E9PSIsInJlZ2lzdHJ5dG9rZW4iOm51bGwsImlkZW50aXR5dG9rZW4iOm51bGwsInN0YWNrT3JjaGVzdHJhdG9yIjpudWxsfQ==[\r][\n]"
&amp#27;[0;39m2023-05-08 13:18:54,119 [main] &amp#27;[39mDEBUG&amp#27;[0;39m &amp#27;[36mc.g.d.z.s.o.a.hc.client5.http.wire&amp#27;[0;39m - &amp#27;[32mhttp-outgoing-1 >> "accept: application/json[\r][\n]"
&amp#27;[0;39m2023-05-08 13:18:54,119 [main] &amp#27;[39mDEBUG&amp#27;[0;39m &amp#27;[36mc.g.d.z.s.o.a.hc.client5.http.wire&amp#27;[0;39m - &amp#27;[32mhttp-outgoing-1 >> "content-type: application/json[\r][\n]"
&amp#27;[0;39m2023-05-08 13:18:54,119 [main] &amp#27;[39mDEBUG&amp#27;[0;39m &amp#27;[36mc.g.d.z.s.o.a.hc.client5.http.wire&amp#27;[0;39m - &amp#27;[32mhttp-outgoing-1 >> "x-tc-sid: f1b696c1-ec3f-4f95-afa8-081853be7ccb[\r][\n]"
&amp#27;[0;39m2023-05-08 13:18:54,119 [main] &amp#27;[39mDEBUG&amp#27;[0;39m &amp#27;[36mc.g.d.z.s.o.a.hc.client5.http.wire&amp#27;[0;39m - &amp#27;[32mhttp-outgoing-1 >> "Accept-Encoding: gzip, x-gzip, deflate[\r][\n]"
&amp#27;[0;39m2023-05-08 13:18:54,119 [main] &amp#27;[39mDEBUG&amp#27;[0;39m &amp#27;[36mc.g.d.z.s.o.a.hc.client5.http.wire&amp#27;[0;39m - &amp#27;[32mhttp-outgoing-1 >> "Content-Length: 2050[\r][\n]"
&amp#27;[0;39m2023-05-08 13:18:54,119 [main] &amp#27;[39mDEBUG&amp#27;[0;39m &amp#27;[36mc.g.d.z.s.o.a.hc.client5.http.wire&amp#27;[0;39m - &amp#27;[32mhttp-outgoing-1 >> "Host: localhost:2375[\r][\n]"
&amp#27;[0;39m2023-05-08 13:18:54,119 [main] &amp#27;[39mDEBUG&amp#27;[0;39m &amp#27;[36mc.g.d.z.s.o.a.hc.client5.http.wire&amp#27;[0;39m - &amp#27;[32mhttp-outgoing-1 >> "Connection: keep-alive[\r][\n]"
&amp#27;[0;39m2023-05-08 13:18:54,119 [main] &amp#27;[39mDEBUG&amp#27;[0;39m &amp#27;[36mc.g.d.z.s.o.a.hc.client5.http.wire&amp#27;[0;39m - &amp#27;[32mhttp-outgoing-1 >> "User-Agent: Apache-HttpClient/5.0.3 (Java/17.0.6)[\r][\n]"
&amp#27;[0;39m2023-05-08 13:18:54,119 [main] &amp#27;[39mDEBUG&amp#27;[0;39m &amp#27;[36mc.g.d.z.s.o.a.hc.client5.http.wire&amp#27;[0;39m - &amp#27;[32mhttp-outgoing-1 >> "[\r][\n]"
&amp#27;[0;39m2023-05-08 13:18:54,119 [main] &amp#27;[39mDEBUG&amp#27;[0;39m &amp#27;[36mc.g.d.z.s.o.a.hc.client5.http.wire&amp#27;[0;39m - &amp#27;[32mhttp-outgoing-1 >> "{"Hostname":null,"Domainname":null,"User":null,"AttachStdin":null,"AttachStdout":null,"AttachStderr":null,"PortSpecs":null,"Tty":null,"OpenStdin":null,"StdinOnce":null,"Env":["MYSQL_DATABASE=test","MYSQL_PASSWORD=test","MYSQL_USER=test","MYSQL_ROOT_PASSWORD=test"],"Cmd":[],"Healthcheck":null,"ArgsEscaped":null,"Entrypoint":null,"Image":"mysql:8.0.0","Volumes":{},"WorkingDir":null,"MacAddress":null,"OnBuild":null,"NetworkDisabled":null,"ExposedPorts":{"3306/tcp":{}},"StopSignal":null,"StopTimeout":null,"HostConfig":{"Binds":[],"BlkioWeight":null,"BlkioWeightDevice":null,"BlkioDeviceReadBps":null,"BlkioDeviceWriteBps":null,"BlkioDeviceReadIOps":null,"BlkioDeviceWriteIOps":null,"MemorySwappiness":null,"NanoCpus":null,"CapAdd":null,"CapDrop":null,"ContainerIDFile":null,"CpuPeriod":null,"CpuRealtimePeriod":null,"CpuRealtimeRuntime":null,"CpuShares":null,"CpuQuota":null,"CpusetCpus":null,"CpusetMems":null,"Devices":null,"DeviceCgroupRules":null,"DeviceRequests":null,"DiskQuota":null,"Dns":null,"DnsOptions":null,"DnsSearch":null,"ExtraHosts":[],"GroupAdd":null,"IpcMode":null,"Cgroup":null,"Links":[],"LogConfig":null,"LxcConf":null,"Memory":null,"MemorySwap":null,"MemoryReservation":null,"KernelMemory":null,"NetworkMode":null,"OomKillDisable":null,"Init":null,"AutoRemove":null,"OomScoreAdj":null,"PortBindings":{"3306/tcp":[{"HostIp":"","HostPort":""}]},"Privileged":null,"PublishAllPorts":null,"ReadonlyRootfs":null,"RestartPolicy":null,"Ulimits":null,"CpuCount":null,"CpuPercent":null,"IOMaximumIOps":null,"IOMaximumBandwidth":null,"VolumesFrom":[],"Mounts":null,"PidMode":null,"Isolation":null,"SecurityOpt":null,"StorageOpt":null,"CgroupParent":null,"VolumeDriver":null,"ShmSize":null,"PidsLimit":null,"Runtime":null,"Tmpfs":{},"UTSMode":null,"UsernsMode":null,"Sysctls":null,"ConsoleSize":null,"CgroupnsMode":null},"Labels":{"org.testcontainers":"true","org.testcontainers.lang":"java","org.testcontainers.version":"1.18.0","org.testcontainers.sessionId":"f1b696c1-ec3f-4f95-afa8-081853be7ccb"},"Shell":null,"NetworkingConfig":null}"
&amp#27;[0;39m2023-05-08 13:18:54,136 [main] &amp#27;[39mDEBUG&amp#27;[0;39m &amp#27;[36mc.g.d.z.s.o.a.hc.client5.http.wire&amp#27;[0;39m - &amp#27;[32mhttp-outgoing-1 << "HTTP/1.1 201 Created[\r][\n]"
&amp#27;[0;39m2023-05-08 13:18:54,136 [main] &amp#27;[39mDEBUG&amp#27;[0;39m &amp#27;[36mc.g.d.z.s.o.a.hc.client5.http.wire&amp#27;[0;39m - &amp#27;[32mhttp-outgoing-1 << "Api-Version: 1.42[\r][\n]"
&amp#27;[0;39m2023-05-08 13:18:54,136 [main] &amp#27;[39mDEBUG&amp#27;[0;39m &amp#27;[36mc.g.d.z.s.o.a.hc.client5.http.wire&amp#27;[0;39m - &amp#27;[32mhttp-outgoing-1 << "Content-Type: application/json[\r][\n]"
&amp#27;[0;39m2023-05-08 13:18:54,136 [main] &amp#27;[39mDEBUG&amp#27;[0;39m &amp#27;[36mc.g.d.z.s.o.a.hc.client5.http.wire&amp#27;[0;39m - &amp#27;[32mhttp-outgoing-1 << "Docker-Experimental: false[\r][\n]"
&amp#27;[0;39m2023-05-08 13:18:54,136 [main] &amp#27;[39mDEBUG&amp#27;[0;39m &amp#27;[36mc.g.d.z.s.o.a.hc.client5.http.wire&amp#27;[0;39m - &amp#27;[32mhttp-outgoing-1 << "Ostype: linux[\r][\n]"
&amp#27;[0;39m2023-05-08 13:18:54,136 [main] &amp#27;[39mDEBUG&amp#27;[0;39m &amp#27;[36mc.g.d.z.s.o.a.hc.client5.http.wire&amp#27;[0;39m - &amp#27;[32mhttp-outgoing-1 << "Server: Docker/23.0.5 (linux)[\r][\n]"
&amp#27;[0;39m2023-05-08 13:18:54,136 [main] &amp#27;[39mDEBUG&amp#27;[0;39m &amp#27;[36mc.g.d.z.s.o.a.hc.client5.http.wire&amp#27;[0;39m - &amp#27;[32mhttp-outgoing-1 << "Date: Mon, 08 May 2023 11:18:54 GMT[\r][\n]"
&amp#27;[0;39m2023-05-08 13:18:54,136 [main] &amp#27;[39mDEBUG&amp#27;[0;39m &amp#27;[36mc.g.d.z.s.o.a.hc.client5.http.wire&amp#27;[0;39m - &amp#27;[32mhttp-outgoing-1 << "Content-Length: 88[\r][\n]"
&amp#27;[0;39m2023-05-08 13:18:54,136 [main] &amp#27;[39mDEBUG&amp#27;[0;39m &amp#27;[36mc.g.d.z.s.o.a.hc.client5.http.wire&amp#27;[0;39m - &amp#27;[32mhttp-outgoing-1 << "[\r][\n]"
&amp#27;[0;39m2023-05-08 13:18:54,136 [main] &amp#27;[39mDEBUG&amp#27;[0;39m &amp#27;[36mc.g.d.z.s.o.a.hc.client5.http.wire&amp#27;[0;39m - &amp#27;[32mhttp-outgoing-1 << "{"Id":"cccfb0602d7e775562ae171a9fe0a7ec811b6906268008a84fea93151d2a7305","Warnings":[]}[\n]"
&amp#27;[0;39m2023-05-08 13:18:54,137 [main] &amp#27;[39mDEBUG&amp#27;[0;39m &amp#27;[36mc.g.d.z.s.o.a.h.client5.http.headers&amp#27;[0;39m - &amp#27;[32mhttp-outgoing-1 << HTTP/1.1 201 Created
&amp#27;[0;39m2023-05-08 13:18:54,137 [main] &amp#27;[39mDEBUG&amp#27;[0;39m &amp#27;[36mc.g.d.z.s.o.a.h.client5.http.headers&amp#27;[0;39m - &amp#27;[32mhttp-outgoing-1 << Api-Version: 1.42
&amp#27;[0;39m2023-05-08 13:18:54,137 [main] &amp#27;[39mDEBUG&amp#27;[0;39m &amp#27;[36mc.g.d.z.s.o.a.h.client5.http.headers&amp#27;[0;39m - &amp#27;[32mhttp-outgoing-1 << Content-Type: application/json
&amp#27;[0;39m2023-05-08 13:18:54,137 [main] &amp#27;[39mDEBUG&amp#27;[0;39m &amp#27;[36mc.g.d.z.s.o.a.h.client5.http.headers&amp#27;[0;39m - &amp#27;[32mhttp-outgoing-1 << Docker-Experimental: false
&amp#27;[0;39m2023-05-08 13:18:54,137 [main] &amp#27;[39mDEBUG&amp#27;[0;39m &amp#27;[36mc.g.d.z.s.o.a.h.client5.http.headers&amp#27;[0;39m - &amp#27;[32mhttp-outgoing-1 << Ostype: linux
&amp#27;[0;39m2023-05-08 13:18:54,137 [main] &amp#27;[39mDEBUG&amp#27;[0;39m &amp#27;[36mc.g.d.z.s.o.a.h.client5.http.headers&amp#27;[0;39m - &amp#27;[32mhttp-outgoing-1 << Server: Docker/23.0.5 (linux)
&amp#27;[0;39m2023-05-08 13:18:54,137 [main] &amp#27;[39mDEBUG&amp#27;[0;39m &amp#27;[36mc.g.d.z.s.o.a.h.client5.http.headers&amp#27;[0;39m - &amp#27;[32mhttp-outgoing-1 << Date: Mon, 08 May 2023 11:18:54 GMT
&amp#27;[0;39m2023-05-08 13:18:54,137 [main] &amp#27;[39mDEBUG&amp#27;[0;39m &amp#27;[36mc.g.d.z.s.o.a.h.client5.http.headers&amp#27;[0;39m - &amp#27;[32mhttp-outgoing-1 << Content-Length: 88
&amp#27;[0;39m2023-05-08 13:18:54,137 [main] &amp#27;[39mDEBUG&amp#27;[0;39m &amp#27;[36mc.g.d.z.s.o.a.h.c.h.i.c.MainClientExec&amp#27;[0;39m - &amp#27;[32mex-0000000A: connection can be kept alive for 3 MINUTES
&amp#27;[0;39m2023-05-08 13:18:54,137 [main] &amp#27;[39mDEBUG&amp#27;[0;39m &amp#27;[36mc.g.d.z.s.o.a.h.c.h.i.c.InternalHttpClient&amp#27;[0;39m - &amp#27;[32mep-00000009: releasing valid endpoint
&amp#27;[0;39m2023-05-08 13:18:54,137 [main] &amp#27;[39mDEBUG&amp#27;[0;39m &amp#27;[36mc.g.d.z.s.o.a.h.c.h.i.i.PoolingHttpClientConnectionManager&amp#27;[0;39m - &amp#27;[32mep-00000009: releasing endpoint
&amp#27;[0;39m2023-05-08 13:18:54,137 [main] &amp#27;[39mDEBUG&amp#27;[0;39m &amp#27;[36mc.g.d.z.s.o.a.h.c.h.i.i.PoolingHttpClientConnectionManager&amp#27;[0;39m - &amp#27;[32mep-00000009: connection http-outgoing-1 can be kept alive for 3 MINUTES
&amp#27;[0;39m2023-05-08 13:18:54,137 [main] &amp#27;[39mDEBUG&amp#27;[0;39m &amp#27;[36mc.g.d.z.s.o.a.h.c.h.i.i.PoolingHttpClientConnectionManager&amp#27;[0;39m - &amp#27;[32mep-00000009: connection released [route: {}->unix://localhost:2375][total available: 1; route allocated: 1 of 2147483647; total allocated: 1 of 2147483647]
&amp#27;[0;39m2023-05-08 13:18:54,139 [main] &amp#27;[39mDEBUG&amp#27;[0;39m &amp#27;[36mo.t.utility.MountableFile&amp#27;[0;39m - &amp#27;[32mCopying classpath resource(s) from jar:file:/home/jorg/.m2/repository/org/testcontainers/mysql/1.18.0/mysql-1.18.0.jar!/mysql-default-conf to /tmp/.testcontainers-tmp-323026931678178124 to permit Docker to bind
&amp#27;[0;39m2023-05-08 13:18:54,139 [main] &amp#27;[39mDEBUG&amp#27;[0;39m &amp#27;[36mo.t.utility.MountableFile&amp#27;[0;39m - &amp#27;[32mCopying resource mysql-default-conf from JAR file /home/jorg/.m2/repository/org/testcontainers/mysql/1.18.0/mysql-1.18.0.jar
&amp#27;[0;39m2023-05-08 13:18:54,139 [main] &amp#27;[39mDEBUG&amp#27;[0;39m &amp#27;[36mo.t.utility.MountableFile&amp#27;[0;39m - &amp#27;[32mCopying classpath resource(s) from jar:file:/home/jorg/.m2/repository/org/testcontainers/mysql/1.18.0/mysql-1.18.0.jar!/mysql-default-conf to /tmp/.testcontainers-tmp-323026931678178124 to permit Docker to bind
&amp#27;[0;39m2023-05-08 13:18:54,139 [main] &amp#27;[39mDEBUG&amp#27;[0;39m &amp#27;[36mo.t.utility.MountableFile&amp#27;[0;39m - &amp#27;[32mCopying resource mysql-default-conf from JAR file /home/jorg/.m2/repository/org/testcontainers/mysql/1.18.0/mysql-1.18.0.jar
&amp#27;[0;39m2023-05-08 13:18:54,146 [main] &amp#27;[39mDEBUG&amp#27;[0;39m &amp#27;[36mo.t.s.c.g.d.c.command.AbstrDockerCmd&amp#27;[0;39m - &amp#27;[32mCmd: org.testcontainers.shaded.com.github.dockerjava.core.command.CopyArchiveToContainerCmdImpl@77865933[cp ,-a=false ,<null>, ,cccfb0602d7e775562ae171a9fe0a7ec811b6906268008a84fea93151d2a7305,:,/]
&amp#27;[0;39m2023-05-08 13:18:54,147 [main] &amp#27;[39mDEBUG&amp#27;[0;39m &amp#27;[36mc.g.d.z.s.o.a.h.c.h.i.c.InternalHttpClient&amp#27;[0;39m - &amp#27;[32mex-0000000B: preparing request execution
&amp#27;[0;39m2023-05-08 13:18:54,147 [main] &amp#27;[39mDEBUG&amp#27;[0;39m &amp#27;[36mc.g.d.z.s.o.a.h.c.h.p.RequestAddCookies&amp#27;[0;39m - &amp#27;[32mCookie spec selected: strict
&amp#27;[0;39m2023-05-08 13:18:54,147 [main] &amp#27;[39mDEBUG&amp#27;[0;39m &amp#27;[36mc.g.d.z.s.o.a.h.c.h.p.RequestAuthCache&amp#27;[0;39m - &amp#27;[32mAuth cache not set in the context
&amp#27;[0;39m2023-05-08 13:18:54,147 [main] &amp#27;[39mDEBUG&amp#27;[0;39m &amp#27;[36mc.g.d.z.s.o.a.h.c.h.i.c.ProtocolExec&amp#27;[0;39m - &amp#27;[32mex-0000000B: target auth state: UNCHALLENGED
&amp#27;[0;39m2023-05-08 13:18:54,147 [main] &amp#27;[39mDEBUG&amp#27;[0;39m &amp#27;[36mc.g.d.z.s.o.a.h.c.h.i.c.ProtocolExec&amp#27;[0;39m - &amp#27;[32mex-0000000B: proxy auth state: UNCHALLENGED
&amp#27;[0;39m2023-05-08 13:18:54,147 [main] &amp#27;[39mDEBUG&amp#27;[0;39m &amp#27;[36mc.g.d.z.s.o.a.h.c.h.i.c.ConnectExec&amp#27;[0;39m - &amp#27;[32mex-0000000B: acquiring connection with route {}->unix://localhost:2375
&amp#27;[0;39m2023-05-08 13:18:54,147 [main] &amp#27;[39mDEBUG&amp#27;[0;39m &amp#27;[36mc.g.d.z.s.o.a.h.c.h.i.c.InternalHttpClient&amp#27;[0;39m - &amp#27;[32mex-0000000B: acquiring endpoint (3 MINUTES)
&amp#27;[0;39m2023-05-08 13:18:54,148 [main] &amp#27;[39mDEBUG&amp#27;[0;39m &amp#27;[36mc.g.d.z.s.o.a.h.c.h.i.i.PoolingHttpClientConnectionManager&amp#27;[0;39m - &amp#27;[32mex-0000000B: endpoint lease request (3 MINUTES) [route: {}->unix://localhost:2375][total available: 1; route allocated: 1 of 2147483647; total allocated: 1 of 2147483647]
&amp#27;[0;39m2023-05-08 13:18:54,148 [main] &amp#27;[39mDEBUG&amp#27;[0;39m &amp#27;[36mc.g.d.z.s.o.a.h.c.h.i.i.PoolingHttpClientConnectionManager&amp#27;[0;39m - &amp#27;[32mex-0000000B: endpoint leased [route: {}->unix://localhost:2375][total available: 0; route allocated: 1 of 2147483647; total allocated: 1 of 2147483647]
&amp#27;[0;39m2023-05-08 13:18:54,148 [main] &amp#27;[39mDEBUG&amp#27;[0;39m &amp#27;[36mc.g.d.z.s.o.a.h.c.h.i.i.PoolingHttpClientConnectionManager&amp#27;[0;39m - &amp#27;[32mex-0000000B: acquired ep-0000000A
&amp#27;[0;39m2023-05-08 13:18:54,148 [main] &amp#27;[39mDEBUG&amp#27;[0;39m &amp#27;[36mc.g.d.z.s.o.a.h.c.h.i.c.InternalHttpClient&amp#27;[0;39m - &amp#27;[32mex-0000000B: acquired endpoint ep-0000000A
&amp#27;[0;39m2023-05-08 13:18:54,148 [main] &amp#27;[39mDEBUG&amp#27;[0;39m &amp#27;[36mc.g.d.z.s.o.a.h.c.h.i.c.MainClientExec&amp#27;[0;39m - &amp#27;[32mex-0000000B: executing PUT /v1.32/containers/cccfb0602d7e775562ae171a9fe0a7ec811b6906268008a84fea93151d2a7305/archive?noOverwriteDirNonDir=false&path=%2F&copyUIDGID=false HTTP/1.1
&amp#27;[0;39m2023-05-08 13:18:54,148 [main] &amp#27;[39mDEBUG&amp#27;[0;39m &amp#27;[36mc.g.d.z.s.o.a.h.c.h.i.c.InternalHttpClient&amp#27;[0;39m - &amp#27;[32mep-0000000A: start execution ex-0000000B
&amp#27;[0;39m2023-05-08 13:18:54,148 [main] &amp#27;[39mDEBUG&amp#27;[0;39m &amp#27;[36mc.g.d.z.s.o.a.h.c.h.i.i.PoolingHttpClientConnectionManager&amp#27;[0;39m - &amp#27;[32mep-0000000A: executing exchange ex-0000000B over http-outgoing-1
&amp#27;[0;39m2023-05-08 13:18:54,148 [main] &amp#27;[39mDEBUG&amp#27;[0;39m &amp#27;[36mc.g.d.z.s.o.a.h.client5.http.headers&amp#27;[0;39m - &amp#27;[32mhttp-outgoing-1 >> PUT /v1.32/containers/cccfb0602d7e775562ae171a9fe0a7ec811b6906268008a84fea93151d2a7305/archive?noOverwriteDirNonDir=false&path=%2F&copyUIDGID=false HTTP/1.1
&amp#27;[0;39m2023-05-08 13:18:54,148 [main] &amp#27;[39mDEBUG&amp#27;[0;39m &amp#27;[36mc.g.d.z.s.o.a.h.client5.http.headers&amp#27;[0;39m - &amp#27;[32mhttp-outgoing-1 >> content-type: APPLICATION_X_TAR
&amp#27;[0;39m2023-05-08 13:18:54,148 [main] &amp#27;[39mDEBUG&amp#27;[0;39m &amp#27;[36mc.g.d.z.s.o.a.h.client5.http.headers&amp#27;[0;39m - &amp#27;[32mhttp-outgoing-1 >> x-tc-sid: f1b696c1-ec3f-4f95-afa8-081853be7ccb
&amp#27;[0;39m2023-05-08 13:18:54,148 [main] &amp#27;[39mDEBUG&amp#27;[0;39m &amp#27;[36mc.g.d.z.s.o.a.h.client5.http.headers&amp#27;[0;39m - &amp#27;[32mhttp-outgoing-1 >> Accept-Encoding: gzip, x-gzip, deflate
&amp#27;[0;39m2023-05-08 13:18:54,148 [main] &amp#27;[39mDEBUG&amp#27;[0;39m &amp#27;[36mc.g.d.z.s.o.a.h.client5.http.headers&amp#27;[0;39m - &amp#27;[32mhttp-outgoing-1 >> Transfer-Encoding: chunked
&amp#27;[0;39m2023-05-08 13:18:54,148 [main] &amp#27;[39mDEBUG&amp#27;[0;39m &amp#27;[36mc.g.d.z.s.o.a.h.client5.http.headers&amp#27;[0;39m - &amp#27;[32mhttp-outgoing-1 >> Host: localhost:2375
&amp#27;[0;39m2023-05-08 13:18:54,148 [main] &amp#27;[39mDEBUG&amp#27;[0;39m &amp#27;[36mc.g.d.z.s.o.a.h.client5.http.headers&amp#27;[0;39m - &amp#27;[32mhttp-outgoing-1 >> Connection: keep-alive
&amp#27;[0;39m2023-05-08 13:18:54,148 [main] &amp#27;[39mDEBUG&amp#27;[0;39m &amp#27;[36mc.g.d.z.s.o.a.h.client5.http.headers&amp#27;[0;39m - &amp#27;[32mhttp-outgoing-1 >> User-Agent: Apache-HttpClient/5.0.3 (Java/17.0.6)
&amp#27;[0;39m2023-05-08 13:18:54,148 [main] &amp#27;[39mDEBUG&amp#27;[0;39m &amp#27;[36mc.g.d.z.s.o.a.hc.client5.http.wire&amp#27;[0;39m - &amp#27;[32mhttp-outgoing-1 >> "PUT /v1.32/containers/cccfb0602d7e775562ae171a9fe0a7ec811b6906268008a84fea93151d2a7305/archive?noOverwriteDirNonDir=false&path=%2F&copyUIDGID=false HTTP/1.1[\r][\n]"
&amp#27;[0;39m2023-05-08 13:18:54,148 [main] &amp#27;[39mDEBUG&amp#27;[0;39m &amp#27;[36mc.g.d.z.s.o.a.hc.client5.http.wire&amp#27;[0;39m - &amp#27;[32mhttp-outgoing-1 >> "content-type: APPLICATION_X_TAR[\r][\n]"
&amp#27;[0;39m2023-05-08 13:18:54,148 [main] &amp#27;[39mDEBUG&amp#27;[0;39m &amp#27;[36mc.g.d.z.s.o.a.hc.client5.http.wire&amp#27;[0;39m - &amp#27;[32mhttp-outgoing-1 >> "x-tc-sid: f1b696c1-ec3f-4f95-afa8-081853be7ccb[\r][\n]"
&amp#27;[0;39m2023-05-08 13:18:54,148 [main] &amp#27;[39mDEBUG&amp#27;[0;39m &amp#27;[36mc.g.d.z.s.o.a.hc.client5.http.wire&amp#27;[0;39m - &amp#27;[32mhttp-outgoing-1 >> "Accept-Encoding: gzip, x-gzip, deflate[\r][\n]"
&amp#27;[0;39m2023-05-08 13:18:54,148 [main] &amp#27;[39mDEBUG&amp#27;[0;39m &amp#27;[36mc.g.d.z.s.o.a.hc.client5.http.wire&amp#27;[0;39m - &amp#27;[32mhttp-outgoing-1 >> "Transfer-Encoding: chunked[\r][\n]"
&amp#27;[0;39m2023-05-08 13:18:54,148 [main] &amp#27;[39mDEBUG&amp#27;[0;39m &amp#27;[36mc.g.d.z.s.o.a.hc.client5.http.wire&amp#27;[0;39m - &amp#27;[32mhttp-outgoing-1 >> "Host: localhost:2375[\r][\n]"
&amp#27;[0;39m2023-05-08 13:18:54,148 [main] &amp#27;[39mDEBUG&amp#27;[0;39m &amp#27;[36mc.g.d.z.s.o.a.hc.client5.http.wire&amp#27;[0;39m - &amp#27;[32mhttp-outgoing-1 >> "Connection: keep-alive[\r][\n]"
&amp#27;[0;39m2023-05-08 13:18:54,148 [main] &amp#27;[39mDEBUG&amp#27;[0;39m &amp#27;[36mc.g.d.z.s.o.a.hc.client5.http.wire&amp#27;[0;39m - &amp#27;[32mhttp-outgoing-1 >> "User-Agent: Apache-HttpClient/5.0.3 (Java/17.0.6)[\r][\n]"
&amp#27;[0;39m2023-05-08 13:18:54,148 [main] &amp#27;[39mDEBUG&amp#27;[0;39m &amp#27;[36mc.g.d.z.s.o.a.hc.client5.http.wire&amp#27;[0;39m - &amp#27;[32mhttp-outgoing-1 >> "[\r][\n]"
&amp#27;[0;39m2023-05-08 13:18:54,148 [main] &amp#27;[39mDEBUG&amp#27;[0;39m &amp#27;[36mc.g.d.z.s.o.a.hc.client5.http.wire&amp#27;[0;39m - &amp#27;[32mhttp-outgoing-1 >> "1000[\r][\n]"
&amp#27;[0;39m2023-05-08 13:18:54,148 [main] &amp#27;[39mDEBUG&amp#27;[0;39m &amp#27;[36mc.g.d.z.s.o.a.hc.client5.http.wire&amp#27;[0;39m - &amp#27;[32mhttp-outgoing-1 >> "./PaxHeaders.X/etc_mysql_conf.d_[0x0][0x0][0x0][0x0][0x0][0x0][0x0][0x0][0x0][0x0][0x0][0x0][0x0][0x0][0x0][0x0][0x0][0x0][0x0][0x0][0x0][0x0][0x0][0x0][0x0][0x0][0x0][0x0][0x0][0x0][0x0][0x0][0x0][0x0][0x0][0x0][0x0][0x0][0x0][0x0][0x0][0x0][0x0][0x0][0x0][0x0][0x0][0x0][0x0][0x0][0x0][0x0][0x0][0x0][0x0][0x0][0x0][0x0][0x0][0x0][0x0][0x0][0x0][0x0][0x0][0x0][0x0][0x0]0100644 0000000 0000000 00000000202 14426155236 015617[0x0] x[0x0][0x0][0x0][0x0][0x0][0x0][0x0][0x0][0x0][0x0][0x0][0x0][0x0][0x0][0x0][0x0][0x0][0x0][0x0][0x0][0x0][0x0][0x0][0x0][0x0][0x0][0x0][0x0][0x0][0x0][0x0][0x0][0x0][0x0][0x0][0x0][0x0][0x0][0x0][0x0][0x0][0x0][0x0][0x0][0x0][0x0][0x0][0x0][0x0][0x0][0x0][0x0][0x0][0x0][0x0][0x0][0x0][0x0][0x0][0x0][0x0][0x0][0x0][0x0][0x0][0x0][0x0][0x0][0x0][0x0][0x0][0x0][0x0][0x0][0x0][0x0][0x0][0x0][0x0][0x0][0x0][0x0][0x0][0x0][0x0][0x0][0x0][0x0][0x0][0x0][0x0][0x0][0x0][0x0][0x0][0x0][0x0][0x0][0x0][0x0]ustar[0x0]00[0x0][0x0][0x0][0x0][0x0][0x0][0x0][0x0][0x0][0x0][0x0][0x0][0x0][0x0][0x0][0x0][0x0][0x0][0x0][0x0][0x0][0x0][0x0][0x0][0x0][0x0][0x0][0x0][0x0][0x0][0x0][0x0][0x0][0x0][0x0][0x0][0x0][0x0][0x0][0x0][0x0][0x0][0x0][0x0][0x0][0x0][0x0][0x0][0x0][0x0][0x0][0x0][0x0][0x0][0x0][0x0][0x0][0x0][0x0][0x0][0x0][0x0][0x0][0x0]0000000 0000000 [0x0][0x0][0x0][0x0][0x0][0x0][0x0][0x0][0x0][0x0][0x0][0x0][0x0][0x0][0x0][0x0][0x0][0x0][0x0][0x0][0x0][0x0][0x0][0x0][0x0][0x0][0x0][0x0][0x0][0x0][0x0][0x0][0x0][0x0][0x0][0x0][0x0][0x0][0x0][0x0][0x0][0x0][0x0][0x0][0x0][0x0][0x0][0x0][0x0][0x0][0x0][0x0][0x0][0x0][0x0][0x0][0x0][0x0][0x0][0x0][0x0][0x0][0x0][0x0][0x0][0x0][0x0][0x0][0x0][0x0][0x0][0x0][0x0][0x0][0x0][0x0][0x0][0x0][0x0][0x0][0x0][0x0][0x0][0x0][0x0][0x0][0x0][0x0][0x0][0x0][0x0][0x0][0x0][0x0][0x0][0x0][0x0][0x0][0x0][0x0][0x0][0x0][0x0][0x0][0x0][0x0][0x0][0x0][0x0][0x0][0x0][0x0][0x0][0x0][0x0][0x0][0x0][0x0][0x0][0x0][0x0][0x0][0x0][0x0][0x0][0x0][0x0][0x0][0x0][0x0][0x0][0x0][0x0][0x0][0x0][0x0][0x0][0x0][0x0][0x0][0x0][0x0][0x0][0x0][0x0][0x0][0x0][0x0][0x0][0x0][0x0][0x0][0x0][0x0][0x0][0x0][0x0][0x0][0x0][0x0][0x0][0x0][0x0][0x0][0x0][0x0][0x0]28 atime=1683544734.1368934[\n]"
&amp#27;[0;39m2023-05-08 13:18:54,148 [main] &amp#27;[39mDEBUG&amp#27;[0;39m &amp#27;[36mc.g.d.z.s.o.a.hc.client5.http.wire&amp#27;[0;39m - &amp#27;[32mhttp-outgoing-1 >> "28 ctime=1683544734.1368934[\n]"
&amp#27;[0;39m2023-05-08 13:18:54,148 [main] &amp#27;[39mDEBUG&amp#27;[0;39m &amp#27;[36mc.g.d.z.s.o.a.hc.client5.http.wire&amp#27;[0;39m - &amp#27;[32mhttp-outgoing-1 >> "28 mtime=1683544734.1368934[\n]"
&amp#27;[0;39m2023-05-08 13:18:54,149 [main] &amp#27;[39mDEBUG&amp#27;[0;39m &amp#27;[36mc.g.d.z.s.o.a.hc.client5.http.wire&amp#27;[0;39m - &amp#27;[32mhttp-outgoing-1 >> "46 LIBARCHIVE.creationtime=1683544734.1368934[\n]"
&amp#27;[0;39m2023-05-08 13:18:54,149 [main] &amp#27;[39mDEBUG&amp#27;[0;39m &amp#27;[36mc.g.d.z.s.o.a.hc.client5.http.wire&amp#27;[0;39m - &amp#27;[32mhttp-outgoing-1 >> "[0x0][0x0][0x0][0x0][0x0][0x0][0x0][0x0][0x0][0x0][0x0][0x0][0x0][0x0][0x0][0x0][0x0][0x0][0x0][0x0][0x0][0x0][0x0][0x0][0x0][0x0][0x0][0x0][0x0][0x0][0x0][0x0][0x0][0x0][0x0][0x0][0x0][0x0][0x0][0x0][0x0][0x0][0x0][0x0][0x0][0x0][0x0][0x0][0x0][0x0][0x0][0x0][0x0][0x0][0x0][0x0][0x0][0x0][0x0][0x0][0x0][0x0][0x0][0x0][0x0][0x0][0x0][0x0][0x0][0x0][0x0][0x0][0x0][0x0][0x0][0x0][0x0][0x0][0x0][0x0][0x0][0x0][0x0][0x0][0x0][0x0][0x0][0x0][0x0][0x0][0x0][0x0][0x0][0x0][0x0][0x0][0x0][0x0][0x0][0x0][0x0][0x0][0x0][0x0][0x0][0x0][0x0][0x0][0x0][0x0][0x0][0x0][0x0][0x0][0x0][0x0][0x0][0x0][0x0][0x0][0x0][0x0][0x0][0x0][0x0][0x0][0x0][0x0][0x0][0x0][0x0][0x0][0x0][0x0][0x0][0x0][0x0][0x0][0x0][0x0][0x0][0x0][0x0][0x0][0x0][0x0][0x0][0x0][0x0][0x0][0x0][0x0][0x0][0x0][0x0][0x0][0x0][0x0][0x0][0x0][0x0][0x0][0x0][0x0][0x0][0x0][0x0][0x0][0x0][0x0][0x0][0x0][0x0][0x0][0x0][0x0][0x0][0x0][0x0][0x0][0x0][0x0][0x0][0x0][0x0][0x0][0x0][0x0][0x0][0x0][0x0][0x0][0x0][0x0][0x0][0x0][0x0][0x0][0x0][0x0][0x0][0x0][0x0][0x0][0x0][0x0][0x0][0x0][0x0][0x0][0x0][0x0][0x0][0x0][0x0][0x0][0x0][0x0][0x0][0x0][0x0][0x0][0x0][0x0][0x0][0x0][0x0][0x0][0x0][0x0][0x0][0x0][0x0][0x0][0x0][0x0][0x0][0x0][0x0][0x0][0x0][0x0][0x0][0x0][0x0][0x0][0x0][0x0][0x0][0x0][0x0][0x0][0x0][0x0][0x0][0x0][0x0][0x0][0x0][0x0][0x0][0x0][0x0][0x0][0x0][0x0][0x0][0x0][0x0][0x0][0x0][0x0][0x0][0x0][0x0][0x0][0x0][0x0][0x0][0x0][0x0][0x0][0x0][0x0][0x0][0x0][0x0][0x0][0x0][0x0][0x0][0x0][0x0][0x0][0x0][0x0][0x0][0x0][0x0][0x0][0x0][0x0][0x0][0x0][0x0][0x0][0x0][0x0][0x0][0x0][0x0][0x0][0x0][0x0][0x0][0x0][0x0][0x0][0x0][0x0][0x0][0x0][0x0][0x0][0x0][0x0][0x0][0x0][0x0][0x0][0x0][0x0][0x0][0x0][0x0][0x0][0x0][0x0][0x0][0x0][0x0][0x0][0x0][0x0][0x0][0x0][0x0][0x0][0x0][0x0][0x0][0x0][0x0][0x0][0x0][0x0][0x0][0x0][0x0][0x0][0x0][0x0][0x0][0x0][0x0][0x0][0x0][0x0][0x0][0x0][0x0][0x0][0x0][0x0][0x0][0x0][0x0][0x0][0x0][0x0][0x0][0x0]etc/mysql/conf.d/[0x0][0x0][0x0][0x0][0x0][0x0][0x0][0x0][0x0][0x0][0x0][0x0][0x0][0x0][0x0][0x0][0x0][0x0][0x0][0x0][0x0][0x0][0x0][0x0][0x0][0x0][0x0][0x0][0x0][0x0][0x0][0x0][0x0][0x0][0x0][0x0][0x0][0x0][0x0][0x0][0x0][0x0][0x0][0x0][0x0][0x0][0x0][0x0][0x0][0x0][0x0][0x0][0x0][0x0][0x0][0x0][0x0][0x0][0x0][0x0][0x0][0x0][0x0][0x0][0x0][0x0][0x0][0x0][0x0][0x0][0x0][0x0][0x0][0x0][0x0][0x0][0x0][0x0][0x0][0x0][0x0][0x0][0x0]0040755 0001750 0001750 00000000000 14426155236 014505[0x0] 5[0x0][0x0][0x0][0x0][0x0][0x0][0x0][0x0][0x0][0x0][0x0][0x0][0x0][0x0][0x0][0x0][0x0][0x0][0x0][0x0][0x0][0x0][0x0][0x0][0x0][0x0][0x0][0x0][0x0][0x0][0x0][0x0][0x0][0x0][0x0][0x0][0x0][0x0][0x0][0x0][0x0][0x0][0x0][0x0][0x0][0x0][0x0][0x0][0x0][0x0][0x0][0x0][0x0][0x0][0x0][0x0][0x0][0x0][0x0][0x0][0x0][0x0][0x0][0x0][0x0][0x0][0x0][0x0][0x0][0x0][0x0][0x0][0x0][0x0][0x0][0x0][0x0][0x0][0x0][0x0][0x0][0x0][0x0][0x0][0x0][0x0][0x0][0x0][0x0][0x0][0x0][0x0][0x0][0x0][0x0][0x0][0x0][0x0][0x0][0x0]ustar[0x0]00jorg[0x0][0x0][0x0][0x0][0x0][0x0][0x0][0x0][0x0][0x0][0x0][0x0][0x0][0x0][0x0][0x0][0x0][0x0][0x0][0x0][0x0][0x0][0x0][0x0][0x0][0x0][0x0][0x0]jorg[0x0][0x0][0x0][0x0][0x0][0x0][0x0][0x0][0x0][0x0][0x0][0x0][0x0][0x0][0x0][0x0][0x0][0x0][0x0][0x0][0x0][0x0][0x0][0x0][0x0][0x0][0x0][0x0]0000000 0000000 [0x0][0x0][0x0][0x0][0x0][0x0][0x0][0x0][0x0][0x0][0x0][0x0][0x0][0x0][0x0][0x0][0x0][0x0][0x0][0x0][0x0][0x0][0x0][0x0][0x0][0x0][0x0][0x0][0x0][0x0][0x0][0x0][0x0][0x0][0x0][0x0][0x0][0x0][0x0][0x0][0x0][0x0][0x0][0x0][0x0][0x0][0x0][0x0][0x0][0x0][0x0][0x0][0x0][0x0][0x0][0x0][0x0][0x0][0x0][0x0][0x0][0x0][0x0][0x0][0x0][0x0][0x0][0x0][0x0][0x0][0x0][0x0][0x0][0x0][0x0][0x0][0x0][0x0][0x0][0x0][0x0][0x0][0x0][0x0][0x0][0x0][0x0][0x0][0x0][0x0][0x0][0x0][0x0][0x0][0x0][0x0][0x0][0x0][0x0][0x0][0x0][0x0][0x0][0x0][0x0][0x0][0x0][0x0][0x0][0x0][0x0][0x0][0x0][0x0][0x0][0x0][0x0][0x0][0x0][0x0][0x0][0x0][0x0][0x0][0x0][0x0][0x0][0x0][0x0][0x0][0x0][0x0][0x0][0x0][0x0][0x0][0x0][0x0][0x0][0x0][0x0][0x0][0x0][0x0][0x0][0x0][0x0][0x0][0x0][0x0][0x0][0x0][0x0][0x0][0x0][0x0][0x0][0x0][0x0][0x0][0x0][0x0][0x0][0x0][0x0][0x0][0x0]./PaxHeaders.X/etc_mysql_conf.d_my.cnf[0x0][0x0][0x0][0x0][0x0][0x0][0x0][0x0][0x0][0x0][0x0][0x0][0x0][0x0][0x0][0x0][0x0][0x0][0x0][0x0][0x0][0x0][0x0][0x0][0x0][0x0][0x0][0x0][0x0][0x0][0x0][0x0][0x0][0x0][0x0][0x0][0x0][0x0][0x0][0x0][0x0][0x0][0x0][0x0][0x0][0x0][0x0][0x0][0x0][0x0][0x0][0x0][0x0][0x0][0x0][0x0][0x0][0x0][0x0][0x0][0x0][0x0]0100644 0000000 0000000 00000000202 14426155236 016732[0x0] x[0x0][0x0][0x0][0x0][0x0][0x0][0x0][0x0][0x0][0x0][0x0][0x0][0x0][0x0][0x0][0x0][0x0][0x0][0x0][0x0][0x0][0x0][0x0][0x0][0x0][0x0][0x0][0x0][0x0][0x0][0x0][0x0][0x0][0x0][0x0][0x0][0x0][0x0][0x0][0x0][0x0][0x0][0x0][0x0][0x0][0x0][0x0][0x0][0x0][0x0][0x0][0x0][0x0][0x0][0x0][0x0][0x0][0x0][0x0][0x0][0x0][0x0][0x0][0x0][0x0][0x0][0x0][0x0][0x0][0x0][0x0][0x0][0x0][0x0][0x0][0x0][0x0][0x0][0x0][0x0][0x0][0x0][0x0][0x0][0x0][0x0][0x0][0x0][0x0][0x0][0x0][0x0][0x0][0x0][0x0][0x0][0x0][0x0][0x0][0x0]ustar[0x0]00[0x0][0x0][0x0][0x0][0x0][0x0][0x0][0x0][0x0][0x0][0x0][0x0][0x0][0x0][0x0][0x0][0x0][0x0][0x0][0x0][0x0][0x0][0x0][0x0][0x0][0x0][0x0][0x0][0x0][0x0][0x0][0x0][0x0][0x0][0x0][0x0][0x0][0x0][0x0][0x0][0x0][0x0][0x0][0x0][0x0][0x0][0x0][0x0][0x0][0x0][0x0][0x0][0x0][0x0][0x0][0x0][0x0][0x0][0x0][0x0][0x0][0x0][0x0][0x0]0000000 0000000 [0x0][0x0][0x0][0x0][0x0][0x0][0x0][0x0][0x0][0x0][0x0][0x0][0x0][0x0][0x0][0x0][0x0][0x0][0x0][0x0][0x0][0x0][0x0][0x0][0x0][0x0][0x0][0x0][0x0][0x0][0x0][0x0][0x0][0x0][0x0][0x0][0x0][0x0][0x0][0x0][0x0][0x0][0x0][0x0][0x0][0x0][0x0][0x0][0x0][0x0][0x0][0x0][0x0][0x0][0x0][0x0][0x0][0x0][0x0][0x0][0x0][0x0][0x0][0x0][0x0][0x0][0x0][0x0][0x0][0x0][0x0][0x0][0x0][0x0][0x0][0x0][0x0][0x0][0x0][0x0][0x0][0x0][0x0][0x0][0x0][0x0][0x0][0x0][0x0][0x0][0x0][0x0][0x0][0x0][0x0][0x0][0x0][0x0][0x0][0x0][0x0][0x0][0x0][0x0][0x0][0x0][0x0][0x0][0x0][0x0][0x0][0x0][0x0][0x0][0x0][0x0][0x0][0x0][0x0][0x0][0x0][0x0][0x0][0x0][0x0][0x0][0x0][0x0][0x0][0x0][0x0][0x0][0x0][0x0][0x0][0x0][0x0][0x0][0x0][0x0][0x0][0x0][0x0][0x0][0x0][0x0][0x0][0x0][0x0][0x0][0x0][0x0][0x0][0x0][0x0][0x0][0x0][0x0][0x0][0x0][0x0][0x0][0x0][0x0][0x0][0x0][0x0]28 atime=1683544734.1368934[\n]"
&amp#27;[0;39m2023-05-08 13:18:54,149 [main] &amp#27;[39mDEBUG&amp#27;[0;39m &amp#27;[36mc.g.d.z.s.o.a.hc.client5.http.wire&amp#27;[0;39m - &amp#27;[32mhttp-outgoing-1 >> "28 ctime=1683544734.1368934[\n]"
&amp#27;[0;39m2023-05-08 13:18:54,149 [main] &amp#27;[39mDEBUG&amp#27;[0;39m &amp#27;[36mc.g.d.z.s.o.a.hc.client5.http.wire&amp#27;[0;39m - &amp#27;[32mhttp-outgoing-1 >> "28 mtime=1683544734.1368934[\n]"
&amp#27;[0;39m2023-05-08 13:18:54,149 [main] &amp#27;[39mDEBUG&amp#27;[0;39m &amp#27;[36mc.g.d.z.s.o.a.hc.client5.http.wire&amp#27;[0;39m - &amp#27;[32mhttp-outgoing-1 >> "46 LIBARCHIVE.creationtime=1683544734.1368934[\n]"
&amp#27;[0;39m2023-05-08 13:18:54,149 [main] &amp#27;[39mDEBUG&amp#27;[0;39m &amp#27;[36mc.g.d.z.s.o.a.hc.client5.http.wire&amp#27;[0;39m - &amp#27;[32mhttp-outgoing-1 >> "[0x0][0x0][0x0][0x0][0x0][0x0][0x0][0x0][0x0][0x0][0x0][0x0][0x0][0x0][0x0][0x0][0x0][0x0][0x0][0x0][0x0][0x0][0x0][0x0][0x0][0x0][0x0][0x0][0x0][0x0][0x0][0x0][0x0][0x0][0x0][0x0][0x0][0x0][0x0][0x0][0x0][0x0][0x0][0x0][0x0][0x0][0x0][0x0][0x0][0x0][0x0][0x0][0x0][0x0][0x0][0x0][0x0][0x0][0x0][0x0][0x0][0x0][0x0][0x0][0x0][0x0][0x0][0x0][0x0][0x0][0x0][0x0][0x0][0x0][0x0][0x0][0x0][0x0][0x0][0x0][0x0][0x0][0x0][0x0][0x0][0x0][0x0][0x0][0x0][0x0][0x0][0x0][0x0][0x0][0x0][0x0][0x0][0x0][0x0][0x0][0x0][0x0][0x0][0x0][0x0][0x0][0x0][0x0][0x0][0x0][0x0][0x0][0x0][0x0][0x0][0x0][0x0][0x0][0x0][0x0][0x0][0x0][0x0][0x0][0x0][0x0][0x0][0x0][0x0][0x0][0x0][0x0][0x0][0x0][0x0][0x0][0x0][0x0][0x0][0x0][0x0][0x0][0x0][0x0][0x0][0x0][0x0][0x0][0x0][0x0][0x0][0x0][0x0][0x0][0x0][0x0][0x0][0x0][0x0][0x0][0x0][0x0][0x0][0x0][0x0][0x0][0x0][0x0][0x0][0x0][0x0][0x0][0x0][0x0][0x0][0x0][0x0][0x0][0x0][0x0][0x0][0x0][0x0][0x0][0x0][0x0][0x0][0x0][0x0][0x0][0x0][0x0][0x0][0x0][0x0][0x0][0x0][0x0][0x0][0x0][0x0][0x0][0x0][0x0][0x0][0x0][0x0][0x0][0x0][0x0][0x0][0x0][0x0][0x0][0x0][0x0][0x0][0x0][0x0][0x0][0x0][0x0][0x0][0x0][0x0][0x0][0x0][0x0][0x0][0x0][0x0][0x0][0x0][0x0][0x0][0x0][0x0][0x0][0x0][0x0][0x0][0x0][0x0][0x0][0x0][0x0][0x0][0x0][0x0][0x0][0x0][0x0][0x0][0x0][0x0][0x0][0x0][0x0][0x0][0x0][0x0][0x0][0x0][0x0][0x0][0x0][0x0][0x0][0x0][0x0][0x0][0x0][0x0][0x0][0x0][0x0][0x0][0x0][0x0][0x0][0x0][0x0][0x0][0x0][0x0][0x0][0x0][0x0][0x0][0x0][0x0][0x0][0x0][0x0][0x0][0x0][0x0][0x0][0x0][0x0][0x0][0x0][0x0][0x0][0x0][0x0][0x0][0x0][0x0][0x0][0x0][0x0][0x0][0x0][0x0][0x0][0x0][0x0][0x0][0x0][0x0][0x0][0x0][0x0][0x0][0x0][0x0][0x0][0x0][0x0][0x0][0x0][0x0][0x0][0x0][0x0][0x0][0x0][0x0][0x0][0x0][0x0][0x0][0x0][0x0][0x0][0x0][0x0][0x0][0x0][0x0][0x0][0x0][0x0][0x0][0x0][0x0][0x0][0x0][0x0][0x0][0x0][0x0][0x0][0x0][0x0][0x0][0x0][0x0][0x0][0x0][0x0][0x0][0x0][0x0][0x0][0x0][0x0][0x0][0x0][0x0][0x0]etc/mysql/conf.d/my.cnf[0x0][0x0][0x0][0x0][0x0][0x0][0x0][0x0][0x0][0x0][0x0][0x0][0x0][0x0][0x0][0x0][0x0][0x0][0x0][0x0][0x0][0x0][0x0][0x0][0x0][0x0][0x0][0x0][0x0][0x0][0x0][0x0][0x0][0x0][0x0][0x0][0x0][0x0][0x0][0x0][0x0][0x0][0x0][0x0][0x0][0x0][0x0][0x0][0x0][0x0][0x0][0x0][0x0][0x0][0x0][0x0][0x0][0x0][0x0][0x0][0x0][0x0][0x0][0x0][0x0][0x0][0x0][0x0][0x0][0x0][0x0][0x0][0x0][0x0][0x0][0x0][0x0]0140755 0001750 0001750 00000003240 14426155236 015625[0x0] 0[0x0][0x0][0x0][0x0][0x0][0x0][0x0][0x0][0x0][0x0][0x0][0x0][0x0][0x0][0x0][0x0][0x0][0x0][0x0][0x0][0x0][0x0][0x0][0x0][0x0][0x0][0x0][0x0][0x0][0x0][0x0][0x0][0x0][0x0][0x0][0x0][0x0][0x0][0x0][0x0][0x0][0x0][0x0][0x0][0x0][0x0][0x0][0x0][0x0][0x0][0x0][0x0][0x0][0x0][0x0][0x0][0x0][0x0][0x0][0x0][0x0][0x0][0x0][0x0][0x0][0x0][0x0][0x0][0x0][0x0][0x0][0x0][0x0][0x0][0x0][0x0][0x0][0x0][0x0][0x0][0x0][0x0][0x0][0x0][0x0][0x0][0x0][0x0][0x0][0x0][0x0][0x0][0x0][0x0][0x0][0x0][0x0][0x0][0x0][0x0]ustar[0x0]00jorg[0x0][0x0][0x0][0x0][0x0][0x0][0x0][0x0][0x0][0x0][0x0][0x0][0x0][0x0][0x0][0x0][0x0][0x0][0x0][0x0][0x0][0x0][0x0][0x0][0x0][0x0][0x0][0x0]jorg[0x0][0x0][0x0][0x0][0x0][0x0][0x0][0x0][0x0][0x0][0x0][0x0][0x0][0x0][0x0][0x0][0x0][0x0][0x0][0x0][0x0][0x0][0x0][0x0][0x0][0x0][0x0][0x0]0000000 0000000 [0x0][0x0][0x0][0x0][0x0][0x0][0x0][0x0][0x0][0x0][0x0][0x0][0x0][0x0][0x0][0x0][0x0][0x0][0x0][0x0][0x0][0x0][0x0][0x0][0x0][0x0][0x0][0x0][0x0][0x0][0x0][0x0][0x0][0x0][0x0][0x0][0x0][0x0][0x0][0x0][0x0][0x0][0x0][0x0][0x0][0x0][0x0][0x0][0x0][0x0][0x0][0x0][0x0][0x0][0x0][0x0][0x0][0x0][0x0][0x0][0x0][0x0][0x0][0x0][0x0][0x0][0x0][0x0][0x0][0x0][0x0][0x0][0x0][0x0][0x0][0x0][0x0][0x0][0x0][0x0][0x0][0x0][0x0][0x0][0x0][0x0][0x0][0x0][0x0][0x0][0x0][0x0][0x0][0x0][0x0][0x0][0x0][0x0][0x0][0x0][0x0][0x0][0x0][0x0][0x0][0x0][0x0][0x0][0x0][0x0][0x0][0x0][0x0][0x0][0x0][0x0][0x0][0x0][0x0][0x0][0x0][0x0][0x0][0x0][0x0][0x0][0x0][0x0][0x0][0x0][0x0][0x0][0x0][0x0][0x0][0x0][0x0][0x0][0x0][0x0][0x0][0x0][0x0][0x0][0x0][0x0][0x0][0x0][0x0][0x0][0x0][0x0][0x0][0x0][0x0][0x0][0x0][0x0][0x0][0x0][0x0][0x0][0x0][0x0][0x0][0x0][0x0][mysqld][\n]"
&amp#27;[0;39m2023-05-08 13:18:54,149 [main] &amp#27;[39mDEBUG&amp#27;[0;39m &amp#27;[36mc.g.d.z.s.o.a.hc.client5.http.wire&amp#27;[0;39m - &amp#27;[32mhttp-outgoing-1 >> "user = mysql[\n]"
&amp#27;[0;39m2023-05-08 13:18:54,149 [main] &amp#27;[39mDEBUG&amp#27;[0;39m &amp#27;[36mc.g.d.z.s.o.a.hc.client5.http.wire&amp#27;[0;39m - &amp#27;[32mhttp-outgoing-1 >> "datadir = /var/lib/mysql[\n]"
&amp#27;[0;39m2023-05-08 13:18:54,149 [main] &amp#27;[39mDEBUG&amp#27;[0;39m &amp#27;[36mc.g.d.z.s.o.a.hc.client5.http.wire&amp#27;[0;39m - &amp#27;[32mhttp-outgoing-1 >> "port   [0x9][0x9]= 3306[\n]"
&amp#27;[0;39m2023-05-08 13:18:54,149 [main] &amp#27;[39mDEBUG&amp#27;[0;39m &amp#27;[36mc.g.d.z.s.o.a.hc.client5.http.wire&amp#27;[0;39m - &amp#27;[32mhttp-outgoing-1 >> "#socket [0x9][0x9]= /tmp/mysql.sock[\n]"
&amp#27;[0;39m2023-05-08 13:18:54,149 [main] &amp#27;[39mDEBUG&amp#27;[0;39m &amp#27;[36mc.g.d.z.s.o.a.hc.client5.http.wire&amp#27;[0;39m - &amp#27;[32mhttp-outgoing-1 >> "skip-external-locking[\n]"
&amp#27;[0;39m2023-05-08 13:18:54,149 [main] &amp#27;[39mDEBUG&amp#27;[0;39m &amp#27;[36mc.g.d.z.s.o.a.hc.client5.http.wire&amp#27;[0;39m - &amp#27;[32mhttp-outgoing-1 >> "key_buffer_size = 16K[\n]"
&amp#27;[0;39m2023-05-08 13:18:54,149 [main] &amp#27;[39mDEBUG&amp#27;[0;39m &amp#27;[36mc.g.d.z.s.o.a.hc.client5.http.wire&amp#27;[0;39m - &amp#27;[32mhttp-outgoing-1 >> "max_allowed_packet = 1M[\n]"
&amp#27;[0;39m2023-05-08 13:18:54,149 [main] &amp#27;[39mDEBUG&amp#27;[0;39m &amp#27;[36mc.g.d.z.s.o.a.hc.client5.http.wire&amp#27;[0;39m - &amp#27;[32mhttp-outgoing-1 >> "table_open_cache = 4[\n]"
&amp#27;[0;39m2023-05-08 13:18:54,149 [main] &amp#27;[39mDEBUG&amp#27;[0;39m &amp#27;[36mc.g.d.z.s.o.a.hc.client5.http.wire&amp#27;[0;39m - &amp#27;[32mhttp-outgoing-1 >> "sort_buffer_size = 64K[\n]"
&amp#27;[0;39m2023-05-08 13:18:54,149 [main] &amp#27;[39mDEBUG&amp#27;[0;39m &amp#27;[36mc.g.d.z.s.o.a.hc.client5.http.wire&amp#27;[0;39m - &amp#27;[32mhttp-outgoing-1 >> "read_buffer_size = 256K[\n]"
&amp#27;[0;39m2023-05-08 13:18:54,149 [main] &amp#27;[39mDEBUG&amp#27;[0;39m &amp#27;[36mc.g.d.z.s.o.a.hc.client5.http.wire&amp#27;[0;39m - &amp#27;[32mhttp-outgoing-1 >> "read_rnd_buffer_size = 256K[\n]"
&amp#27;[0;39m2023-05-08 13:18:54,149 [main] &amp#27;[39mDEBUG&amp#27;[0;39m &amp#27;[36mc.g.d.z.s.o.a.hc.client5.http.wire&amp#27;[0;39m - &amp#27;[32mhttp-outgoing-1 >> "net_buffer_length = 2K[\n]"
&amp#27;[0;39m2023-05-08 13:18:54,149 [main] &amp#27;[39mDEBUG&amp#27;[0;39m &amp#27;[36mc.g.d.z.s.o.a.hc.client5.http.wire&amp#27;[0;39m - &amp#27;[32mhttp-outgoing-1 >> "skip-host-cache[\n]"
&amp#27;[0;39m2023-05-08 13:18:54,149 [main] &amp#27;[39mDEBUG&amp#27;[0;39m &amp#27;[36mc.g.d.z.s.o.a.hc.client5.http.wire&amp#27;[0;39m - &amp#27;[32mhttp-outgoing-1 >> "skip-name-resolve[\n]"
&amp#27;[0;39m2023-05-08 13:18:54,149 [main] &amp#27;[39mDEBUG&amp#27;[0;39m &amp#27;[36mc.g.d.z.s.o.a.hc.client5.http.wire&amp#27;[0;39m - &amp#27;[32mhttp-outgoing-1 >> "[\n]"
&amp#27;[0;39m2023-05-08 13:18:54,149 [main] &amp#27;[39mDEBUG&amp#27;[0;39m &amp#27;[36mc.g.d.z.s.o.a.hc.client5.http.wire&amp#27;[0;39m - &amp#27;[32mhttp-outgoing-1 >> "# Don't listen on a TCP/IP port at all. This can be a security enhancement,[\n]"
&amp#27;[0;39m2023-05-08 13:18:54,149 [main] &amp#27;[39mDEBUG&amp#27;[0;39m &amp#27;[36mc.g.d.z.s.o.a.hc.client5.http.wire&amp#27;[0;39m - &amp#27;[32mhttp-outgoing-1 >> "# if all processes that need to connect to mysqld run on the same host.[\n]"
&amp#27;[0;39m2023-05-08 13:18:54,149 [main] &amp#27;[39mDEBUG&amp#27;[0;39m &amp#27;[36mc.g.d.z.s.o.a.hc.client5.http.wire&amp#27;[0;39m - &amp#27;[32mhttp-outgoing-1 >> "# All interaction with mysqld must be made via Unix sockets or named pipes.[\n]"
&amp#27;[0;39m2023-05-08 13:18:54,149 [main] &amp#27;[39mDEBUG&amp#27;[0;39m &amp#27;[36mc.g.d.z.s.o.a.hc.client5.http.wire&amp#27;[0;39m - &amp#27;[32mhttp-outgoing-1 >> "# Note that using this option without enabling named pipes on Windows[\n]"
&amp#27;[0;39m2023-05-08 13:18:54,149 [main] &amp#27;[39mDEBUG&amp#27;[0;39m &amp#27;[36mc.g.d.z.s.o.a.hc.client5.http.wire&amp#27;[0;39m - &amp#27;[32mhttp-outgoing-1 >> "# (using the "enable-named-pipe" option) will render mysqld useless![\n]"
&amp#27;[0;39m2023-05-08 13:18:54,149 [main] &amp#27;[39mDEBUG&amp#27;[0;39m &amp#27;[36mc.g.d.z.s.o.a.hc.client5.http.wire&amp#27;[0;39m - &amp#27;[32mhttp-outgoing-1 >> "#[\n]"
&amp#27;[0;39m2023-05-08 13:18:54,149 [main] &amp#27;[39mDEBUG&amp#27;[0;39m &amp#27;[36mc.g.d.z.s.o.a.hc.client5.http.wire&amp#27;[0;39m - &amp#27;[32mhttp-outgoing-1 >> "#skip-networking[\n]"
&amp#27;[0;39m2023-05-08 13:18:54,149 [main] &amp#27;[39mDEBUG&amp#27;[0;39m &amp#27;[36mc.g.d.z.s.o.a.hc.client5.http.wire&amp#27;[0;39m - &amp#27;[32mhttp-outgoing-1 >> "#server-id      [0x9]= 1[\n]"
&amp#27;[0;39m2023-05-08 13:18:54,149 [main] &amp#27;[39mDEBUG&amp#27;[0;39m &amp#27;[36mc.g.d.z.s.o.a.hc.client5.http.wire&amp#27;[0;39m - &amp#27;[32mhttp-outgoing-1 >> "[\n]"
&amp#27;[0;39m2023-05-08 13:18:54,149 [main] &amp#27;[39mDEBUG&amp#27;[0;39m &amp#27;[36mc.g.d.z.s.o.a.hc.client5.http.wire&amp#27;[0;39m - &amp#27;[32mhttp-outgoing-1 >> "# Uncomment the following if you want to log updates[\n]"
&amp#27;[0;39m2023-05-08 13:18:54,149 [main] &amp#27;[39mDEBUG&amp#27;[0;39m &amp#27;[36mc.g.d.z.s.o.a.hc.client5.http.wire&amp#27;[0;39m - &amp#27;[32mhttp-outgoing-1 >> "#log-bin=mysql-bin[\n]"
&amp#27;[0;39m2023-05-08 13:18:54,149 [main] &amp#27;[39mDEBUG&amp#27;[0;39m &amp#27;[36mc.g.d.z.s.o.a.hc.client5.http.wire&amp#27;[0;39m - &amp#27;[32mhttp-outgoing-1 >> "[\n]"
&amp#27;[0;39m2023-05-08 13:18:54,149 [main] &amp#27;[39mDEBUG&amp#27;[0;39m &amp#27;[36mc.g.d.z.s.o.a.hc.client5.http.wire&amp#27;[0;39m - &amp#27;[32mhttp-outgoing-1 >> "# binary logging format - mixed recommended[\n]"
&amp#27;[0;39m2023-05-08 13:18:54,149 [main] &amp#27;[39mDEBUG&amp#27;[0;39m &amp#27;[36mc.g.d.z.s.o.a.hc.client5.http.wire&amp#27;[0;39m - &amp#27;[32mhttp-outgoing-1 >> "#binlog_format=mixed[\n]"
&amp#27;[0;39m2023-05-08 13:18:54,149 [main] &amp#27;[39mDEBUG&amp#27;[0;39m &amp#27;[36mc.g.d.z.s.o.a.hc.client5.http.wire&amp#27;[0;39m - &amp#27;[32mhttp-outgoing-1 >> "[\n]"
&amp#27;[0;39m2023-05-08 13:18:54,149 [main] &amp#27;[39mDEBUG&amp#27;[0;39m &amp#27;[36mc.g.d.z.s.o.a.hc.client5.http.wire&amp#27;[0;39m - &amp#27;[32mhttp-outgoing-1 >> "# Causes updates to non-transactional engines using statement format to be[\n]"
&amp#27;[0;39m2023-05-08 13:18:54,149 [main] &amp#27;[39mDEBUG&amp#27;[0;39m &amp#27;[36mc.g.d.z.s.o.a.hc.client5.http.wire&amp#27;[0;39m - &amp#27;[32mhttp-outgoing-1 >> "# written directly to binary log. Before using this option make sure that[\n]"
&amp#27;[0;39m2023-05-08 13:18:54,149 [main] &amp#27;[39mDEBUG&amp#27;[0;39m &amp#27;[36mc.g.d.z.s.o.a.hc.client5.http.wire&amp#27;[0;39m - &amp#27;[32mhttp-outgoing-1 >> "# there are no depe[\r][\n]"
&amp#27;[0;39m2023-05-08 13:18:54,149 [main] &amp#27;[39mDEBUG&amp#27;[0;39m &amp#27;[36mc.g.d.z.s.o.a.hc.client5.http.wire&amp#27;[0;39m - &amp#27;[32mhttp-outgoing-1 >> "800[\r][\n]"
&amp#27;[0;39m2023-05-08 13:18:54,149 [main] &amp#27;[39mDEBUG&amp#27;[0;39m &amp#27;[36mc.g.d.z.s.o.a.hc.client5.http.wire&amp#27;[0;39m - &amp#27;[32mhttp-outgoing-1 >> "ndencies between transactional and non-transactional[\n]"
&amp#27;[0;39m2023-05-08 13:18:54,149 [main] &amp#27;[39mDEBUG&amp#27;[0;39m &amp#27;[36mc.g.d.z.s.o.a.hc.client5.http.wire&amp#27;[0;39m - &amp#27;[32mhttp-outgoing-1 >> "# tables such as in the statement INSERT INTO t_myisam SELECT * FROM[\n]"
&amp#27;[0;39m2023-05-08 13:18:54,149 [main] &amp#27;[39mDEBUG&amp#27;[0;39m &amp#27;[36mc.g.d.z.s.o.a.hc.client5.http.wire&amp#27;[0;39m - &amp#27;[32mhttp-outgoing-1 >> "# t_innodb; otherwise, slaves may diverge from the master.[\n]"
&amp#27;[0;39m2023-05-08 13:18:54,149 [main] &amp#27;[39mDEBUG&amp#27;[0;39m &amp#27;[36mc.g.d.z.s.o.a.hc.client5.http.wire&amp#27;[0;39m - &amp#27;[32mhttp-outgoing-1 >> "#binlog_direct_non_transactional_updates=TRUE[\n]"
&amp#27;[0;39m2023-05-08 13:18:54,149 [main] &amp#27;[39mDEBUG&amp#27;[0;39m &amp#27;[36mc.g.d.z.s.o.a.hc.client5.http.wire&amp#27;[0;39m - &amp#27;[32mhttp-outgoing-1 >> "[\n]"
&amp#27;[0;39m2023-05-08 13:18:54,149 [main] &amp#27;[39mDEBUG&amp#27;[0;39m &amp#27;[36mc.g.d.z.s.o.a.hc.client5.http.wire&amp#27;[0;39m - &amp#27;[32mhttp-outgoing-1 >> "# Uncomment the following if you are using InnoDB tables[\n]"
&amp#27;[0;39m2023-05-08 13:18:54,149 [main] &amp#27;[39mDEBUG&amp#27;[0;39m &amp#27;[36mc.g.d.z.s.o.a.hc.client5.http.wire&amp#27;[0;39m - &amp#27;[32mhttp-outgoing-1 >> "innodb_data_file_path = ibdata1:10M:autoextend[\n]"
&amp#27;[0;39m2023-05-08 13:18:54,150 [main] &amp#27;[39mDEBUG&amp#27;[0;39m &amp#27;[36mc.g.d.z.s.o.a.hc.client5.http.wire&amp#27;[0;39m - &amp#27;[32mhttp-outgoing-1 >> "# You can set .._buffer_pool_size up to 50 - 80 %[\n]"
&amp#27;[0;39m2023-05-08 13:18:54,150 [main] &amp#27;[39mDEBUG&amp#27;[0;39m &amp#27;[36mc.g.d.z.s.o.a.hc.client5.http.wire&amp#27;[0;39m - &amp#27;[32mhttp-outgoing-1 >> "# of RAM but beware of setting memory usage too high[\n]"
&amp#27;[0;39m2023-05-08 13:18:54,150 [main] &amp#27;[39mDEBUG&amp#27;[0;39m &amp#27;[36mc.g.d.z.s.o.a.hc.client5.http.wire&amp#27;[0;39m - &amp#27;[32mhttp-outgoing-1 >> "innodb_buffer_pool_size = 16M[\n]"
&amp#27;[0;39m2023-05-08 13:18:54,150 [main] &amp#27;[39mDEBUG&amp#27;[0;39m &amp#27;[36mc.g.d.z.s.o.a.hc.client5.http.wire&amp#27;[0;39m - &amp#27;[32mhttp-outgoing-1 >> "#innodb_additional_mem_pool_size = 2M[\n]"
&amp#27;[0;39m2023-05-08 13:18:54,150 [main] &amp#27;[39mDEBUG&amp#27;[0;39m &amp#27;[36mc.g.d.z.s.o.a.hc.client5.http.wire&amp#27;[0;39m - &amp#27;[32mhttp-outgoing-1 >> "# Set .._log_file_size to 25 % of buffer pool size[\n]"
&amp#27;[0;39m2023-05-08 13:18:54,150 [main] &amp#27;[39mDEBUG&amp#27;[0;39m &amp#27;[36mc.g.d.z.s.o.a.hc.client5.http.wire&amp#27;[0;39m - &amp#27;[32mhttp-outgoing-1 >> "innodb_log_file_size = 5M[\n]"
&amp#27;[0;39m2023-05-08 13:18:54,150 [main] &amp#27;[39mDEBUG&amp#27;[0;39m &amp#27;[36mc.g.d.z.s.o.a.hc.client5.http.wire&amp#27;[0;39m - &amp#27;[32mhttp-outgoing-1 >> "innodb_log_buffer_size = 8M[\n]"
&amp#27;[0;39m2023-05-08 13:18:54,150 [main] &amp#27;[39mDEBUG&amp#27;[0;39m &amp#27;[36mc.g.d.z.s.o.a.hc.client5.http.wire&amp#27;[0;39m - &amp#27;[32mhttp-outgoing-1 >> "innodb_flush_log_at_trx_commit = 1[\n]"
&amp#27;[0;39m2023-05-08 13:18:54,150 [main] &amp#27;[39mDEBUG&amp#27;[0;39m &amp#27;[36mc.g.d.z.s.o.a.hc.client5.http.wire&amp#27;[0;39m - &amp#27;[32mhttp-outgoing-1 >> "innodb_lock_wait_timeout = 50[0x0][0x0][0x0][0x0][0x0][0x0][0x0][0x0][0x0][0x0][0x0][0x0][0x0][0x0][0x0][0x0][0x0][0x0][0x0][0x0][0x0][0x0][0x0][0x0][0x0][0x0][0x0][0x0][0x0][0x0][0x0][0x0][0x0][0x0][0x0][0x0][0x0][0x0][0x0][0x0][0x0][0x0][0x0][0x0][0x0][0x0][0x0][0x0][0x0][0x0][0x0][0x0][0x0][0x0][0x0][0x0][0x0][0x0][0x0][0x0][0x0][0x0][0x0][0x0][0x0][0x0][0x0][0x0][0x0][0x0][0x0][0x0][0x0][0x0][0x0][0x0][0x0][0x0][0x0][0x0][0x0][0x0][0x0][0x0][0x0][0x0][0x0][0x0][0x0][0x0][0x0][0x0][0x0][0x0][0x0][0x0][0x0][0x0][0x0][0x0][0x0][0x0][0x0][0x0][0x0][0x0][0x0][0x0][0x0][0x0][0x0][0x0][0x0][0x0][0x0][0x0][0x0][0x0][0x0][0x0][0x0][0x0][0x0][0x0][0x0][0x0][0x0][0x0][0x0][0x0][0x0][0x0][0x0][0x0][0x0][0x0][0x0][0x0][0x0][0x0][0x0][0x0][0x0][0x0][0x0][0x0][0x0][0x0][0x0][0x0][0x0][0x0][0x0][0x0][0x0][0x0][0x0][0x0][0x0][0x0][0x0][0x0][0x0][0x0][0x0][0x0][0x0][0x0][0x0][0x0][0x0][0x0][0x0][0x0][0x0][0x0][0x0][0x0][0x0][0x0][0x0][0x0][0x0][0x0][0x0][0x0][0x0][0x0][0x0][0x0][0x0][0x0][0x0][0x0][0x0][0x0][0x0][0x0][0x0][0x0][0x0][0x0][0x0][0x0][0x0][0x0][0x0][0x0][0x0][0x0][0x0][0x0][0x0][0x0][0x0][0x0][0x0][0x0][0x0][0x0][0x0][0x0][0x0][0x0][0x0][0x0][0x0][0x0][0x0][0x0][0x0][0x0][0x0][0x0][0x0][0x0][0x0][0x0][0x0][0x0][0x0][0x0][0x0][0x0][0x0][0x0][0x0][0x0][0x0][0x0][0x0][0x0][0x0][0x0][0x0][0x0][0x0][0x0][0x0][0x0][0x0][0x0][0x0][0x0][0x0][0x0][0x0][0x0][0x0][0x0][0x0][0x0][0x0][0x0][0x0][0x0][0x0][0x0][0x0][0x0][0x0][0x0][0x0][0x0][0x0][0x0][0x0][0x0][0x0][0x0][0x0][0x0][0x0][0x0][0x0][0x0][0x0][0x0][0x0][0x0][0x0][0x0][0x0][0x0][0x0][0x0][0x0][0x0][0x0][0x0][0x0][0x0][0x0][0x0][0x0][0x0][0x0][0x0][0x0][0x0][0x0][0x0][0x0][0x0][0x0][0x0][0x0][0x0][0x0][0x0][0x0][0x0][0x0][0x0][0x0][0x0][0x0][0x0][0x0][0x0][0x0][0x0][0x0][0x0][0x0][0x0][0x0][0x0][0x0][0x0][0x0][0x0][0x0][0x0][0x0][0x0][0x0][0x0][0x0][0x0][0x0][0x0][0x0][0x0][0x0][0x0][0x0][0x0][0x0][0x0][0x0][0x0][0x0][0x0][0x0][0x0][0x0][0x0][0x0][0x0][0x0][0x0][0x0][0x0][0x0][0x0][0x0][0x0][0x0][0x0][0x0][0x0][0x0][0x0][0x0][0x0][0x0][0x0][0x0][0x0][0x0][0x0][0x0][0x0][0x0][0x0][0x0][0x0][0x0][0x0][0x0][0x0][0x0][0x0][0x0][0x0][0x0][0x0][0x0][0x0][0x0][0x0][0x0][0x0][0x0][0x0][0x0][0x0][0x0][0x0][0x0][0x0][0x0][0x0][0x0][0x0][0x0][0x0][0x0][0x0][0x0][0x0][0x0][0x0][0x0][0x0][0x0][0x0][0x0][0x0][0x0][0x0][0x0][0x0][0x0][0x0][0x0][0x0][0x0][0x0][0x0][0x0][0x0][0x0][0x0][0x0][0x0][0x0][0x0][0x0][0x0][0x0][0x0][0x0][0x0][0x0][0x0][0x0][0x0][0x0][0x0][0x0][0x0][0x0][0x0][0x0][0x0][0x0][0x0][0x0][0x0][0x0][0x0][0x0][0x0][0x0][0x0][0x0][0x0][0x0][0x0][0x0][0x0][0x0][0x0][0x0][0x0][0x0][0x0][0x0][0x0][0x0][0x0][0x0][0x0][0x0][0x0][0x0][0x0][0x0][0x0][0x0][0x0][0x0][0x0][0x0][0x0][0x0][0x0][0x0][0x0][0x0][0x0][0x0][0x0][0x0][0x0][0x0][0x0][0x0][0x0][0x0][0x0][0x0][0x0][0x0][0x0][0x0][0x0][0x0][0x0][0x0][0x0][0x0][0x0][0x0][0x0][0x0][0x0][0x0][0x0][0x0][0x0][0x0][0x0][0x0][0x0][0x0][0x0][0x0][0x0][0x0][0x0][0x0][0x0][0x0][0x0][0x0][0x0][0x0][0x0][0x0][0x0][0x0][0x0][0x0][0x0][0x0][0x0][0x0][0x0][0x0][0x0][0x0][0x0][0x0][0x0][0x0][0x0][0x0][0x0][0x0][0x0][0x0][0x0][0x0][0x0][0x0][0x0][0x0][0x0][0x0][0x0][0x0][0x0][0x0][0x0][0x0][0x0][0x0][0x0][0x0][0x0][0x0][0x0][0x0][0x0][0x0][0x0][0x0][0x0][0x0][0x0][0x0][0x0][0x0][0x0][0x0][0x0][0x0][0x0][0x0][0x0][0x0][0x0][0x0][0x0][0x0][0x0][0x0][0x0][0x0][0x0][0x0][0x0][0x0][0x0][0x0][0x0][0x0][0x0][0x0][0x0][0x0][0x0][0x0][0x0][0x0][0x0][0x0][0x0][0x0][0x0][0x0][0x0][0x0][0x0][0x0][0x0][0x0][0x0][0x0][0x0][0x0][0x0][0x0][0x0][0x0][0x0][0x0][0x0][0x0][0x0][0x0][0x0][0x0][0x0][0x0][0x0][0x0][0x0][0x0][0x0][0x0][0x0][0x0][0x0][0x0][0x0][0x0][0x0][0x0][0x0][0x0][0x0][0x0][0x0][0x0][0x0][0x0][0x0][0x0][0x0][0x0][0x0][0x0][0x0][0x0][0x0][0x0][0x0][0x0][0x0][0x0][0x0][0x0][0x0][0x0][0x0][0x0][0x0][0x0][0x0][0x0][0x0][0x0][0x0][0x0][0x0][0x0][0x0][0x0][0x0][0x0][0x0][0x0][0x0][0x0][0x0][0x0][0x0][0x0][0x0][0x0][0x0][0x0][0x0][0x0][0x0][0x0][0x0][0x0][0x0][0x0][0x0][0x0][0x0][0x0][0x0][0x0][0x0][0x0][0x0][0x0][0x0][0x0][0x0][0x0][0x0][0x0][0x0][0x0][0x0][0x0][0x0][0x0][0x0][0x0][0x0][0x0][0x0][0x0][0x0][0x0][0x0][0x0][0x0][0x0][0x0][0x0][0x0][0x0][0x0][0x0][0x0][0x0][0x0][0x0][0x0][0x0][0x0][0x0][0x0][0x0][0x0][0x0][0x0][0x0][0x0][0x0][0x0][0x0][0x0][0x0][0x0][0x0][0x0][0x0][0x0][0x0][0x0][0x0][0x0][0x0][0x0][0x0][0x0][0x0][0x0][0x0][0x0][0x0][0x0][0x0][0x0][0x0][0x0][0x0][0x0][0x0][0x0][0x0][0x0][0x0][0x0][0x0][0x0][0x0][0x0][0x0][0x0][0x0][0x0][0x0][0x0][0x0][0x0][0x0][0x0][0x0][0x0][0x0][0x0][0x0][0x0][0x0][0x0][0x0][0x0][0x0][0x0][0x0][0x0][0x0][0x0][0x0][0x0][0x0][0x0][0x0][0x0][0x0][0x0][0x0][0x0][0x0][0x0][0x0][0x0][0x0][0x0][0x0][0x0][0x0][0x0][0x0][0x0][0x0][0x0][0x0][0x0][0x0][0x0][0x0][0x0][0x0][0x0][0x0][0x0][0x0][0x0][0x0][0x0][0x0][0x0][0x0][0x0][0x0][0x0][0x0][0x0][0x0][0x0][0x0][0x0][0x0][0x0][0x0][0x0][0x0][0x0][0x0][0x0][0x0][0x0][0x0][0x0][0x0][0x0][0x0][0x0][0x0][0x0][0x0][0x0][0x0][0x0][0x0][0x0][0x0][0x0][0x0][0x0][0x0][0x0][0x0][0x0][0x0][0x0][0x0][0x0][0x0][0x0][0x0][0x0][0x0][0x0][0x0][0x0][0x0][0x0][0x0][0x0][0x0][0x0][0x0][0x0][0x0][0x0][0x0][0x0][0x0][0x0][0x0][0x0][0x0][0x0][0x0][0x0][0x0][0x0][0x0][0x0][0x0][0x0][0x0][0x0][0x0][0x0][0x0][0x0][0x0][0x0][0x0][0x0][0x0][0x0][0x0][0x0][0x0][0x0][0x0][0x0][0x0][0x0][0x0][0x0][0x0][0x0][0x0][0x0][0x0][0x0][0x0][0x0][0x0][0x0][0x0][0x0][0x0][0x0][0x0][0x0][0x0][0x0][0x0][0x0][0x0][0x0][0x0][0x0][0x0][0x0][0x0][0x0][0x0][0x0][0x0][0x0][0x0][0x0][0x0][0x0][0x0][0x0][0x0][0x0][0x0][0x0][0x0][0x0][0x0][0x0][0x0][0x0][0x0][0x0][0x0][0x0][0x0][0x0][0x0][0x0][0x0][0x0][0x0][0x0][0x0][0x0][0x0][0x0][0x0][0x0][0x0][0x0][0x0][0x0][0x0][0x0][0x0][0x0][0x0][0x0][0x0][0x0][0x0][0x0][0x0][0x0][0x0][0x0][0x0][0x0][0x0][0x0][0x0][0x0][0x0][0x0][0x0][0x0][0x0][0x0][0x0][0x0][0x0][0x0][0x0][0x0][0x0][0x0][0x0][0x0][0x0][0x0][0x0][0x0][0x0][0x0][0x0][0x0][0x0][0x0][0x0][0x0][0x0][0x0][0x0][0x0][0x0][0x0][0x0][0x0][0x0][0x0][0x0][0x0][0x0][0x0][0x0][0x0][0x0][0x0][0x0][0x0][0x0][0x0][0x0][0x0][0x0][0x0][0x0][0x0][0x0][0x0][0x0][0x0][0x0][0x0][0x0][0x0][0x0][0x0][0x0][0x0][0x0][0x0][0x0][0x0][0x0][0x0][0x0][0x0][0x0][0x0][0x0][0x0][0x0][0x0][0x0][0x0][0x0][0x0][0x0][0x0][0x0][0x0][0x0][0x0][0x0][0x0][0x0][0x0][0x0][0x0][0x0][0x0][0x0][0x0][0x0][0x0][0x0][0x0][0x0][0x0][0x0][0x0][0x0][0x0][0x0][0x0][0x0][0x0][0x0][0x0][0x0][0x0][0x0][0x0][0x0][0x0][0x0][0x0][0x0][0x0][0x0][0x0][0x0][0x0][0x0][0x0][0x0][0x0][0x0][0x0][0x0][0x0][0x0][0x0][0x0][0x0][0x0][0x0][0x0][0x0][0x0][0x0][0x0][0x0][0x0][0x0][0x0][0x0][0x0][0x0][0x0][0x0][0x0][0x0][0x0][0x0][0x0][0x0][0x0][0x0][0x0][0x0][0x0][0x0][0x0][0x0][0x0][0x0][0x0][0x0][0x0][0x0][0x0][0x0][0x0][0x0][0x0][0x0][0x0][0x0][0x0][0x0][0x0][0x0][0x0][0x0][0x0][0x0][0x0][0x0][0x0][0x0][0x0][0x0][0x0][0x0][0x0][0x0][0x0][0x0][0x0][0x0][0x0][0x0][0x0][0x0][0x0][0x0][0x0][0x0][0x0][0x0][0x0][0x0][0x0][0x0][0x0][0x0][0x0][0x0][0x0][0x0][0x0][0x0][0x0][0x0][0x0][0x0][0x0][0x0][0x0][0x0][0x0][0x0][0x0][0x0][0x0][0x0][0x0][0x0][0x0][\r][\n]"
&amp#27;[0;39m2023-05-08 13:18:54,150 [main] &amp#27;[39mDEBUG&amp#27;[0;39m &amp#27;[36mc.g.d.z.s.o.a.hc.client5.http.wire&amp#27;[0;39m - &amp#27;[32mhttp-outgoing-1 >> "0[\r][\n]"
&amp#27;[0;39m2023-05-08 13:18:54,150 [main] &amp#27;[39mDEBUG&amp#27;[0;39m &amp#27;[36mc.g.d.z.s.o.a.hc.client5.http.wire&amp#27;[0;39m - &amp#27;[32mhttp-outgoing-1 >> "[\r][\n]"
&amp#27;[0;39m2023-05-08 13:18:54,184 [main] &amp#27;[39mDEBUG&amp#27;[0;39m &amp#27;[36mc.g.d.z.s.o.a.hc.client5.http.wire&amp#27;[0;39m - &amp#27;[32mhttp-outgoing-1 << "HTTP/1.1 200 OK[\r][\n]"
&amp#27;[0;39m2023-05-08 13:18:54,184 [main] &amp#27;[39mDEBUG&amp#27;[0;39m &amp#27;[36mc.g.d.z.s.o.a.hc.client5.http.wire&amp#27;[0;39m - &amp#27;[32mhttp-outgoing-1 << "Api-Version: 1.42[\r][\n]"
&amp#27;[0;39m2023-05-08 13:18:54,184 [main] &amp#27;[39mDEBUG&amp#27;[0;39m &amp#27;[36mc.g.d.z.s.o.a.hc.client5.http.wire&amp#27;[0;39m - &amp#27;[32mhttp-outgoing-1 << "Docker-Experimental: false[\r][\n]"
&amp#27;[0;39m2023-05-08 13:18:54,184 [main] &amp#27;[39mDEBUG&amp#27;[0;39m &amp#27;[36mc.g.d.z.s.o.a.hc.client5.http.wire&amp#27;[0;39m - &amp#27;[32mhttp-outgoing-1 << "Ostype: linux[\r][\n]"
&amp#27;[0;39m2023-05-08 13:18:54,184 [main] &amp#27;[39mDEBUG&amp#27;[0;39m &amp#27;[36mc.g.d.z.s.o.a.hc.client5.http.wire&amp#27;[0;39m - &amp#27;[32mhttp-outgoing-1 << "Server: Docker/23.0.5 (linux)[\r][\n]"
&amp#27;[0;39m2023-05-08 13:18:54,184 [main] &amp#27;[39mDEBUG&amp#27;[0;39m &amp#27;[36mc.g.d.z.s.o.a.hc.client5.http.wire&amp#27;[0;39m - &amp#27;[32mhttp-outgoing-1 << "Date: Mon, 08 May 2023 11:18:54 GMT[\r][\n]"
&amp#27;[0;39m2023-05-08 13:18:54,184 [main] &amp#27;[39mDEBUG&amp#27;[0;39m &amp#27;[36mc.g.d.z.s.o.a.hc.client5.http.wire&amp#27;[0;39m - &amp#27;[32mhttp-outgoing-1 << "Content-Length: 0[\r][\n]"
&amp#27;[0;39m2023-05-08 13:18:54,184 [main] &amp#27;[39mDEBUG&amp#27;[0;39m &amp#27;[36mc.g.d.z.s.o.a.hc.client5.http.wire&amp#27;[0;39m - &amp#27;[32mhttp-outgoing-1 << "[\r][\n]"
&amp#27;[0;39m2023-05-08 13:18:54,184 [main] &amp#27;[39mDEBUG&amp#27;[0;39m &amp#27;[36mc.g.d.z.s.o.a.h.client5.http.headers&amp#27;[0;39m - &amp#27;[32mhttp-outgoing-1 << HTTP/1.1 200 OK
&amp#27;[0;39m2023-05-08 13:18:54,184 [main] &amp#27;[39mDEBUG&amp#27;[0;39m &amp#27;[36mc.g.d.z.s.o.a.h.client5.http.headers&amp#27;[0;39m - &amp#27;[32mhttp-outgoing-1 << Api-Version: 1.42
&amp#27;[0;39m2023-05-08 13:18:54,184 [main] &amp#27;[39mDEBUG&amp#27;[0;39m &amp#27;[36mc.g.d.z.s.o.a.h.client5.http.headers&amp#27;[0;39m - &amp#27;[32mhttp-outgoing-1 << Docker-Experimental: false
&amp#27;[0;39m2023-05-08 13:18:54,184 [main] &amp#27;[39mDEBUG&amp#27;[0;39m &amp#27;[36mc.g.d.z.s.o.a.h.client5.http.headers&amp#27;[0;39m - &amp#27;[32mhttp-outgoing-1 << Ostype: linux
&amp#27;[0;39m2023-05-08 13:18:54,184 [main] &amp#27;[39mDEBUG&amp#27;[0;39m &amp#27;[36mc.g.d.z.s.o.a.h.client5.http.headers&amp#27;[0;39m - &amp#27;[32mhttp-outgoing-1 << Server: Docker/23.0.5 (linux)
&amp#27;[0;39m2023-05-08 13:18:54,184 [main] &amp#27;[39mDEBUG&amp#27;[0;39m &amp#27;[36mc.g.d.z.s.o.a.h.client5.http.headers&amp#27;[0;39m - &amp#27;[32mhttp-outgoing-1 << Date: Mon, 08 May 2023 11:18:54 GMT
&amp#27;[0;39m2023-05-08 13:18:54,184 [main] &amp#27;[39mDEBUG&amp#27;[0;39m &amp#27;[36mc.g.d.z.s.o.a.h.client5.http.headers&amp#27;[0;39m - &amp#27;[32mhttp-outgoing-1 << Content-Length: 0
&amp#27;[0;39m2023-05-08 13:18:54,184 [main] &amp#27;[39mDEBUG&amp#27;[0;39m &amp#27;[36mc.g.d.z.s.o.a.h.c.h.i.c.MainClientExec&amp#27;[0;39m - &amp#27;[32mex-0000000B: connection can be kept alive for 3 MINUTES
&amp#27;[0;39m2023-05-08 13:18:54,184 [main] &amp#27;[39mDEBUG&amp#27;[0;39m &amp#27;[36mc.g.d.z.s.o.a.h.c.h.i.c.InternalHttpClient&amp#27;[0;39m - &amp#27;[32mep-0000000A: releasing valid endpoint
&amp#27;[0;39m2023-05-08 13:18:54,184 [main] &amp#27;[39mDEBUG&amp#27;[0;39m &amp#27;[36mc.g.d.z.s.o.a.h.c.h.i.i.PoolingHttpClientConnectionManager&amp#27;[0;39m - &amp#27;[32mep-0000000A: releasing endpoint
&amp#27;[0;39m2023-05-08 13:18:54,184 [main] &amp#27;[39mDEBUG&amp#27;[0;39m &amp#27;[36mc.g.d.z.s.o.a.h.c.h.i.i.PoolingHttpClientConnectionManager&amp#27;[0;39m - &amp#27;[32mep-0000000A: connection http-outgoing-1 can be kept alive for 3 MINUTES
&amp#27;[0;39m2023-05-08 13:18:54,184 [main] &amp#27;[39mDEBUG&amp#27;[0;39m &amp#27;[36mc.g.d.z.s.o.a.h.c.h.i.i.PoolingHttpClientConnectionManager&amp#27;[0;39m - &amp#27;[32mep-0000000A: connection released [route: {}->unix://localhost:2375][total available: 1; route allocated: 1 of 2147483647; total allocated: 1 of 2147483647]
&amp#27;[0;39m2023-05-08 13:18:54,184 [main] &amp#27;[39mDEBUG&amp#27;[0;39m &amp#27;[36mc.g.d.z.s.o.a.h.c.h.i.c.ProtocolExec&amp#27;[0;39m - &amp#27;[32mex-0000000B: Cannot retry non-repeatable request
&amp#27;[0;39m2023-05-08 13:18:54,184 [main] &amp#27;[39mDEBUG&amp#27;[0;39m &amp#27;[36mc.g.d.z.s.o.a.h.c.h.i.c.HttpRequestRetryExec&amp#27;[0;39m - &amp#27;[32mex-0000000B: cannot retry non-repeatable request
&amp#27;[0;39m2023-05-08 13:18:54,184 [main] &amp#27;[34mINFO &amp#27;[0;39m &amp#27;[36mtc.mysql:8.0.0&amp#27;[0;39m - &amp#27;[32mContainer mysql:8.0.0 is starting: cccfb0602d7e775562ae171a9fe0a7ec811b6906268008a84fea93151d2a7305
&amp#27;[0;39m2023-05-08 13:18:54,185 [main] &amp#27;[39mDEBUG&amp#27;[0;39m &amp#27;[36mo.t.s.c.g.d.c.command.AbstrDockerCmd&amp#27;[0;39m - &amp#27;[32mCmd: cccfb0602d7e775562ae171a9fe0a7ec811b6906268008a84fea93151d2a7305
&amp#27;[0;39m2023-05-08 13:18:54,185 [main] &amp#27;[39mDEBUG&amp#27;[0;39m &amp#27;[36mc.g.d.z.s.o.a.h.c.h.i.c.InternalHttpClient&amp#27;[0;39m - &amp#27;[32mex-0000000C: preparing request execution
&amp#27;[0;39m2023-05-08 13:18:54,185 [main] &amp#27;[39mDEBUG&amp#27;[0;39m &amp#27;[36mc.g.d.z.s.o.a.h.c.h.p.RequestAddCookies&amp#27;[0;39m - &amp#27;[32mCookie spec selected: strict
&amp#27;[0;39m2023-05-08 13:18:54,185 [main] &amp#27;[39mDEBUG&amp#27;[0;39m &amp#27;[36mc.g.d.z.s.o.a.h.c.h.p.RequestAuthCache&amp#27;[0;39m - &amp#27;[32mAuth cache not set in the context
&amp#27;[0;39m2023-05-08 13:18:54,185 [main] &amp#27;[39mDEBUG&amp#27;[0;39m &amp#27;[36mc.g.d.z.s.o.a.h.c.h.i.c.ProtocolExec&amp#27;[0;39m - &amp#27;[32mex-0000000C: target auth state: UNCHALLENGED
&amp#27;[0;39m2023-05-08 13:18:54,185 [main] &amp#27;[39mDEBUG&amp#27;[0;39m &amp#27;[36mc.g.d.z.s.o.a.h.c.h.i.c.ProtocolExec&amp#27;[0;39m - &amp#27;[32mex-0000000C: proxy auth state: UNCHALLENGED
&amp#27;[0;39m2023-05-08 13:18:54,185 [main] &amp#27;[39mDEBUG&amp#27;[0;39m &amp#27;[36mc.g.d.z.s.o.a.h.c.h.i.c.ConnectExec&amp#27;[0;39m - &amp#27;[32mex-0000000C: acquiring connection with route {}->unix://localhost:2375
&amp#27;[0;39m2023-05-08 13:18:54,185 [main] &amp#27;[39mDEBUG&amp#27;[0;39m &amp#27;[36mc.g.d.z.s.o.a.h.c.h.i.c.InternalHttpClient&amp#27;[0;39m - &amp#27;[32mex-0000000C: acquiring endpoint (3 MINUTES)
&amp#27;[0;39m2023-05-08 13:18:54,185 [main] &amp#27;[39mDEBUG&amp#27;[0;39m &amp#27;[36mc.g.d.z.s.o.a.h.c.h.i.i.PoolingHttpClientConnectionManager&amp#27;[0;39m - &amp#27;[32mex-0000000C: endpoint lease request (3 MINUTES) [route: {}->unix://localhost:2375][total available: 1; route allocated: 1 of 2147483647; total allocated: 1 of 2147483647]
&amp#27;[0;39m2023-05-08 13:18:54,185 [main] &amp#27;[39mDEBUG&amp#27;[0;39m &amp#27;[36mc.g.d.z.s.o.a.h.c.h.i.i.PoolingHttpClientConnectionManager&amp#27;[0;39m - &amp#27;[32mex-0000000C: endpoint leased [route: {}->unix://localhost:2375][total available: 0; route allocated: 1 of 2147483647; total allocated: 1 of 2147483647]
&amp#27;[0;39m2023-05-08 13:18:54,185 [main] &amp#27;[39mDEBUG&amp#27;[0;39m &amp#27;[36mc.g.d.z.s.o.a.h.c.h.i.i.PoolingHttpClientConnectionManager&amp#27;[0;39m - &amp#27;[32mex-0000000C: acquired ep-0000000B
&amp#27;[0;39m2023-05-08 13:18:54,185 [main] &amp#27;[39mDEBUG&amp#27;[0;39m &amp#27;[36mc.g.d.z.s.o.a.h.c.h.i.c.InternalHttpClient&amp#27;[0;39m - &amp#27;[32mex-0000000C: acquired endpoint ep-0000000B
&amp#27;[0;39m2023-05-08 13:18:54,185 [main] &amp#27;[39mDEBUG&amp#27;[0;39m &amp#27;[36mc.g.d.z.s.o.a.h.c.h.i.c.MainClientExec&amp#27;[0;39m - &amp#27;[32mex-0000000C: executing POST /v1.32/containers/cccfb0602d7e775562ae171a9fe0a7ec811b6906268008a84fea93151d2a7305/start HTTP/1.1
&amp#27;[0;39m2023-05-08 13:18:54,185 [main] &amp#27;[39mDEBUG&amp#27;[0;39m &amp#27;[36mc.g.d.z.s.o.a.h.c.h.i.c.InternalHttpClient&amp#27;[0;39m - &amp#27;[32mep-0000000B: start execution ex-0000000C
&amp#27;[0;39m2023-05-08 13:18:54,185 [main] &amp#27;[39mDEBUG&amp#27;[0;39m &amp#27;[36mc.g.d.z.s.o.a.h.c.h.i.i.PoolingHttpClientConnectionManager&amp#27;[0;39m - &amp#27;[32mep-0000000B: executing exchange ex-0000000C over http-outgoing-1
&amp#27;[0;39m2023-05-08 13:18:54,185 [main] &amp#27;[39mDEBUG&amp#27;[0;39m &amp#27;[36mc.g.d.z.s.o.a.h.client5.http.headers&amp#27;[0;39m - &amp#27;[32mhttp-outgoing-1 >> POST /v1.32/containers/cccfb0602d7e775562ae171a9fe0a7ec811b6906268008a84fea93151d2a7305/start HTTP/1.1
&amp#27;[0;39m2023-05-08 13:18:54,186 [main] &amp#27;[39mDEBUG&amp#27;[0;39m &amp#27;[36mc.g.d.z.s.o.a.h.client5.http.headers&amp#27;[0;39m - &amp#27;[32mhttp-outgoing-1 >> accept: application/json
&amp#27;[0;39m2023-05-08 13:18:54,186 [main] &amp#27;[39mDEBUG&amp#27;[0;39m &amp#27;[36mc.g.d.z.s.o.a.h.client5.http.headers&amp#27;[0;39m - &amp#27;[32mhttp-outgoing-1 >> content-type: application/json
&amp#27;[0;39m2023-05-08 13:18:54,186 [main] &amp#27;[39mDEBUG&amp#27;[0;39m &amp#27;[36mc.g.d.z.s.o.a.h.client5.http.headers&amp#27;[0;39m - &amp#27;[32mhttp-outgoing-1 >> x-tc-sid: f1b696c1-ec3f-4f95-afa8-081853be7ccb
&amp#27;[0;39m2023-05-08 13:18:54,186 [main] &amp#27;[39mDEBUG&amp#27;[0;39m &amp#27;[36mc.g.d.z.s.o.a.h.client5.http.headers&amp#27;[0;39m - &amp#27;[32mhttp-outgoing-1 >> Accept-Encoding: gzip, x-gzip, deflate
&amp#27;[0;39m2023-05-08 13:18:54,186 [main] &amp#27;[39mDEBUG&amp#27;[0;39m &amp#27;[36mc.g.d.z.s.o.a.h.client5.http.headers&amp#27;[0;39m - &amp#27;[32mhttp-outgoing-1 >> Host: localhost:2375
&amp#27;[0;39m2023-05-08 13:18:54,186 [main] &amp#27;[39mDEBUG&amp#27;[0;39m &amp#27;[36mc.g.d.z.s.o.a.h.client5.http.headers&amp#27;[0;39m - &amp#27;[32mhttp-outgoing-1 >> Connection: keep-alive
&amp#27;[0;39m2023-05-08 13:18:54,186 [main] &amp#27;[39mDEBUG&amp#27;[0;39m &amp#27;[36mc.g.d.z.s.o.a.h.client5.http.headers&amp#27;[0;39m - &amp#27;[32mhttp-outgoing-1 >> User-Agent: Apache-HttpClient/5.0.3 (Java/17.0.6)
&amp#27;[0;39m2023-05-08 13:18:54,186 [main] &amp#27;[39mDEBUG&amp#27;[0;39m &amp#27;[36mc.g.d.z.s.o.a.hc.client5.http.wire&amp#27;[0;39m - &amp#27;[32mhttp-outgoing-1 >> "POST /v1.32/containers/cccfb0602d7e775562ae171a9fe0a7ec811b6906268008a84fea93151d2a7305/start HTTP/1.1[\r][\n]"
&amp#27;[0;39m2023-05-08 13:18:54,186 [main] &amp#27;[39mDEBUG&amp#27;[0;39m &amp#27;[36mc.g.d.z.s.o.a.hc.client5.http.wire&amp#27;[0;39m - &amp#27;[32mhttp-outgoing-1 >> "accept: application/json[\r][\n]"
&amp#27;[0;39m2023-05-08 13:18:54,186 [main] &amp#27;[39mDEBUG&amp#27;[0;39m &amp#27;[36mc.g.d.z.s.o.a.hc.client5.http.wire&amp#27;[0;39m - &amp#27;[32mhttp-outgoing-1 >> "content-type: application/json[\r][\n]"
&amp#27;[0;39m2023-05-08 13:18:54,186 [main] &amp#27;[39mDEBUG&amp#27;[0;39m &amp#27;[36mc.g.d.z.s.o.a.hc.client5.http.wire&amp#27;[0;39m - &amp#27;[32mhttp-outgoing-1 >> "x-tc-sid: f1b696c1-ec3f-4f95-afa8-081853be7ccb[\r][\n]"
&amp#27;[0;39m2023-05-08 13:18:54,186 [main] &amp#27;[39mDEBUG&amp#27;[0;39m &amp#27;[36mc.g.d.z.s.o.a.hc.client5.http.wire&amp#27;[0;39m - &amp#27;[32mhttp-outgoing-1 >> "Accept-Encoding: gzip, x-gzip, deflate[\r][\n]"
&amp#27;[0;39m2023-05-08 13:18:54,186 [main] &amp#27;[39mDEBUG&amp#27;[0;39m &amp#27;[36mc.g.d.z.s.o.a.hc.client5.http.wire&amp#27;[0;39m - &amp#27;[32mhttp-outgoing-1 >> "Host: localhost:2375[\r][\n]"
&amp#27;[0;39m2023-05-08 13:18:54,186 [main] &amp#27;[39mDEBUG&amp#27;[0;39m &amp#27;[36mc.g.d.z.s.o.a.hc.client5.http.wire&amp#27;[0;39m - &amp#27;[32mhttp-outgoing-1 >> "Connection: keep-alive[\r][\n]"
&amp#27;[0;39m2023-05-08 13:18:54,186 [main] &amp#27;[39mDEBUG&amp#27;[0;39m &amp#27;[36mc.g.d.z.s.o.a.hc.client5.http.wire&amp#27;[0;39m - &amp#27;[32mhttp-outgoing-1 >> "User-Agent: Apache-HttpClient/5.0.3 (Java/17.0.6)[\r][\n]"
&amp#27;[0;39m2023-05-08 13:18:54,186 [main] &amp#27;[39mDEBUG&amp#27;[0;39m &amp#27;[36mc.g.d.z.s.o.a.hc.client5.http.wire&amp#27;[0;39m - &amp#27;[32mhttp-outgoing-1 >> "[\r][\n]"
&amp#27;[0;39m2023-05-08 13:18:54,470 [main] &amp#27;[39mDEBUG&amp#27;[0;39m &amp#27;[36mc.g.d.z.s.o.a.hc.client5.http.wire&amp#27;[0;39m - &amp#27;[32mhttp-outgoing-1 << "HTTP/1.1 204 No Content[\r][\n]"
&amp#27;[0;39m2023-05-08 13:18:54,470 [main] &amp#27;[39mDEBUG&amp#27;[0;39m &amp#27;[36mc.g.d.z.s.o.a.hc.client5.http.wire&amp#27;[0;39m - &amp#27;[32mhttp-outgoing-1 << "Api-Version: 1.42[\r][\n]"
&amp#27;[0;39m2023-05-08 13:18:54,470 [main] &amp#27;[39mDEBUG&amp#27;[0;39m &amp#27;[36mc.g.d.z.s.o.a.hc.client5.http.wire&amp#27;[0;39m - &amp#27;[32mhttp-outgoing-1 << "Docker-Experimental: false[\r][\n]"
&amp#27;[0;39m2023-05-08 13:18:54,470 [main] &amp#27;[39mDEBUG&amp#27;[0;39m &amp#27;[36mc.g.d.z.s.o.a.hc.client5.http.wire&amp#27;[0;39m - &amp#27;[32mhttp-outgoing-1 << "Ostype: linux[\r][\n]"
&amp#27;[0;39m2023-05-08 13:18:54,470 [main] &amp#27;[39mDEBUG&amp#27;[0;39m &amp#27;[36mc.g.d.z.s.o.a.hc.client5.http.wire&amp#27;[0;39m - &amp#27;[32mhttp-outgoing-1 << "Server: Docker/23.0.5 (linux)[\r][\n]"
&amp#27;[0;39m2023-05-08 13:18:54,470 [main] &amp#27;[39mDEBUG&amp#27;[0;39m &amp#27;[36mc.g.d.z.s.o.a.hc.client5.http.wire&amp#27;[0;39m - &amp#27;[32mhttp-outgoing-1 << "Date: Mon, 08 May 2023 11:18:54 GMT[\r][\n]"
&amp#27;[0;39m2023-05-08 13:18:54,470 [main] &amp#27;[39mDEBUG&amp#27;[0;39m &amp#27;[36mc.g.d.z.s.o.a.hc.client5.http.wire&amp#27;[0;39m - &amp#27;[32mhttp-outgoing-1 << "[\r][\n]"
&amp#27;[0;39m2023-05-08 13:18:54,470 [main] &amp#27;[39mDEBUG&amp#27;[0;39m &amp#27;[36mc.g.d.z.s.o.a.h.client5.http.headers&amp#27;[0;39m - &amp#27;[32mhttp-outgoing-1 << HTTP/1.1 204 No Content
&amp#27;[0;39m2023-05-08 13:18:54,470 [main] &amp#27;[39mDEBUG&amp#27;[0;39m &amp#27;[36mc.g.d.z.s.o.a.h.client5.http.headers&amp#27;[0;39m - &amp#27;[32mhttp-outgoing-1 << Api-Version: 1.42
&amp#27;[0;39m2023-05-08 13:18:54,470 [main] &amp#27;[39mDEBUG&amp#27;[0;39m &amp#27;[36mc.g.d.z.s.o.a.h.client5.http.headers&amp#27;[0;39m - &amp#27;[32mhttp-outgoing-1 << Docker-Experimental: false
&amp#27;[0;39m2023-05-08 13:18:54,470 [main] &amp#27;[39mDEBUG&amp#27;[0;39m &amp#27;[36mc.g.d.z.s.o.a.h.client5.http.headers&amp#27;[0;39m - &amp#27;[32mhttp-outgoing-1 << Ostype: linux
&amp#27;[0;39m2023-05-08 13:18:54,470 [main] &amp#27;[39mDEBUG&amp#27;[0;39m &amp#27;[36mc.g.d.z.s.o.a.h.client5.http.headers&amp#27;[0;39m - &amp#27;[32mhttp-outgoing-1 << Server: Docker/23.0.5 (linux)
&amp#27;[0;39m2023-05-08 13:18:54,470 [main] &amp#27;[39mDEBUG&amp#27;[0;39m &amp#27;[36mc.g.d.z.s.o.a.h.client5.http.headers&amp#27;[0;39m - &amp#27;[32mhttp-outgoing-1 << Date: Mon, 08 May 2023 11:18:54 GMT
&amp#27;[0;39m2023-05-08 13:18:54,471 [main] &amp#27;[39mDEBUG&amp#27;[0;39m &amp#27;[36mc.g.d.z.s.o.a.h.c.h.i.c.MainClientExec&amp#27;[0;39m - &amp#27;[32mex-0000000C: connection can be kept alive for 3 MINUTES
&amp#27;[0;39m2023-05-08 13:18:54,471 [main] &amp#27;[39mDEBUG&amp#27;[0;39m &amp#27;[36mc.g.d.z.s.o.a.h.c.h.i.c.InternalHttpClient&amp#27;[0;39m - &amp#27;[32mep-0000000B: releasing valid endpoint
&amp#27;[0;39m2023-05-08 13:18:54,471 [main] &amp#27;[39mDEBUG&amp#27;[0;39m &amp#27;[36mc.g.d.z.s.o.a.h.c.h.i.i.PoolingHttpClientConnectionManager&amp#27;[0;39m - &amp#27;[32mep-0000000B: releasing endpoint
&amp#27;[0;39m2023-05-08 13:18:54,471 [main] &amp#27;[39mDEBUG&amp#27;[0;39m &amp#27;[36mc.g.d.z.s.o.a.h.c.h.i.i.PoolingHttpClientConnectionManager&amp#27;[0;39m - &amp#27;[32mep-0000000B: connection http-outgoing-1 can be kept alive for 3 MINUTES
&amp#27;[0;39m2023-05-08 13:18:54,471 [main] &amp#27;[39mDEBUG&amp#27;[0;39m &amp#27;[36mc.g.d.z.s.o.a.h.c.h.i.i.PoolingHttpClientConnectionManager&amp#27;[0;39m - &amp#27;[32mep-0000000B: connection released [route: {}->unix://localhost:2375][total available: 1; route allocated: 1 of 2147483647; total allocated: 1 of 2147483647]
&amp#27;[0;39m2023-05-08 13:18:54,471 [main] &amp#27;[39mDEBUG&amp#27;[0;39m &amp#27;[36mo.t.s.c.g.d.c.command.AbstrDockerCmd&amp#27;[0;39m - &amp#27;[32mCmd: cccfb0602d7e775562ae171a9fe0a7ec811b6906268008a84fea93151d2a7305,false
&amp#27;[0;39m2023-05-08 13:18:54,471 [main] &amp#27;[39mDEBUG&amp#27;[0;39m &amp#27;[36mo.t.s.c.g.d.c.e.InspectContainerCmdExec&amp#27;[0;39m - &amp#27;[32mGET: DefaultWebTarget{path=[/containers/cccfb0602d7e775562ae171a9fe0a7ec811b6906268008a84fea93151d2a7305/json], queryParams={}}
&amp#27;[0;39m2023-05-08 13:18:54,471 [main] &amp#27;[39mDEBUG&amp#27;[0;39m &amp#27;[36mc.g.d.z.s.o.a.h.c.h.i.c.InternalHttpClient&amp#27;[0;39m - &amp#27;[32mex-0000000D: preparing request execution
&amp#27;[0;39m2023-05-08 13:18:54,471 [main] &amp#27;[39mDEBUG&amp#27;[0;39m &amp#27;[36mc.g.d.z.s.o.a.h.c.h.p.RequestAddCookies&amp#27;[0;39m - &amp#27;[32mCookie spec selected: strict
&amp#27;[0;39m2023-05-08 13:18:54,471 [main] &amp#27;[39mDEBUG&amp#27;[0;39m &amp#27;[36mc.g.d.z.s.o.a.h.c.h.p.RequestAuthCache&amp#27;[0;39m - &amp#27;[32mAuth cache not set in the context
&amp#27;[0;39m2023-05-08 13:18:54,471 [main] &amp#27;[39mDEBUG&amp#27;[0;39m &amp#27;[36mc.g.d.z.s.o.a.h.c.h.i.c.ProtocolExec&amp#27;[0;39m - &amp#27;[32mex-0000000D: target auth state: UNCHALLENGED
&amp#27;[0;39m2023-05-08 13:18:54,471 [main] &amp#27;[39mDEBUG&amp#27;[0;39m &amp#27;[36mc.g.d.z.s.o.a.h.c.h.i.c.ProtocolExec&amp#27;[0;39m - &amp#27;[32mex-0000000D: proxy auth state: UNCHALLENGED
&amp#27;[0;39m2023-05-08 13:18:54,471 [main] &amp#27;[39mDEBUG&amp#27;[0;39m &amp#27;[36mc.g.d.z.s.o.a.h.c.h.i.c.ConnectExec&amp#27;[0;39m - &amp#27;[32mex-0000000D: acquiring connection with route {}->unix://localhost:2375
&amp#27;[0;39m2023-05-08 13:18:54,471 [main] &amp#27;[39mDEBUG&amp#27;[0;39m &amp#27;[36mc.g.d.z.s.o.a.h.c.h.i.c.InternalHttpClient&amp#27;[0;39m - &amp#27;[32mex-0000000D: acquiring endpoint (3 MINUTES)
&amp#27;[0;39m2023-05-08 13:18:54,472 [main] &amp#27;[39mDEBUG&amp#27;[0;39m &amp#27;[36mc.g.d.z.s.o.a.h.c.h.i.i.PoolingHttpClientConnectionManager&amp#27;[0;39m - &amp#27;[32mex-0000000D: endpoint lease request (3 MINUTES) [route: {}->unix://localhost:2375][total available: 1; route allocated: 1 of 2147483647; total allocated: 1 of 2147483647]
&amp#27;[0;39m2023-05-08 13:18:54,472 [main] &amp#27;[39mDEBUG&amp#27;[0;39m &amp#27;[36mc.g.d.z.s.o.a.h.c.h.i.i.PoolingHttpClientConnectionManager&amp#27;[0;39m - &amp#27;[32mex-0000000D: endpoint leased [route: {}->unix://localhost:2375][total available: 0; route allocated: 1 of 2147483647; total allocated: 1 of 2147483647]
&amp#27;[0;39m2023-05-08 13:18:54,472 [main] &amp#27;[39mDEBUG&amp#27;[0;39m &amp#27;[36mc.g.d.z.s.o.a.h.c.h.i.i.PoolingHttpClientConnectionManager&amp#27;[0;39m - &amp#27;[32mex-0000000D: acquired ep-0000000C
&amp#27;[0;39m2023-05-08 13:18:54,472 [main] &amp#27;[39mDEBUG&amp#27;[0;39m &amp#27;[36mc.g.d.z.s.o.a.h.c.h.i.c.InternalHttpClient&amp#27;[0;39m - &amp#27;[32mex-0000000D: acquired endpoint ep-0000000C
&amp#27;[0;39m2023-05-08 13:18:54,472 [main] &amp#27;[39mDEBUG&amp#27;[0;39m &amp#27;[36mc.g.d.z.s.o.a.h.c.h.i.c.MainClientExec&amp#27;[0;39m - &amp#27;[32mex-0000000D: executing GET /v1.32/containers/cccfb0602d7e775562ae171a9fe0a7ec811b6906268008a84fea93151d2a7305/json HTTP/1.1
&amp#27;[0;39m2023-05-08 13:18:54,472 [main] &amp#27;[39mDEBUG&amp#27;[0;39m &amp#27;[36mc.g.d.z.s.o.a.h.c.h.i.c.InternalHttpClient&amp#27;[0;39m - &amp#27;[32mep-0000000C: start execution ex-0000000D
&amp#27;[0;39m2023-05-08 13:18:54,472 [main] &amp#27;[39mDEBUG&amp#27;[0;39m &amp#27;[36mc.g.d.z.s.o.a.h.c.h.i.i.PoolingHttpClientConnectionManager&amp#27;[0;39m - &amp#27;[32mep-0000000C: executing exchange ex-0000000D over http-outgoing-1
&amp#27;[0;39m2023-05-08 13:18:54,472 [main] &amp#27;[39mDEBUG&amp#27;[0;39m &amp#27;[36mc.g.d.z.s.o.a.h.client5.http.headers&amp#27;[0;39m - &amp#27;[32mhttp-outgoing-1 >> GET /v1.32/containers/cccfb0602d7e775562ae171a9fe0a7ec811b6906268008a84fea93151d2a7305/json HTTP/1.1
&amp#27;[0;39m2023-05-08 13:18:54,472 [main] &amp#27;[39mDEBUG&amp#27;[0;39m &amp#27;[36mc.g.d.z.s.o.a.h.client5.http.headers&amp#27;[0;39m - &amp#27;[32mhttp-outgoing-1 >> accept: application/json
&amp#27;[0;39m2023-05-08 13:18:54,472 [main] &amp#27;[39mDEBUG&amp#27;[0;39m &amp#27;[36mc.g.d.z.s.o.a.h.client5.http.headers&amp#27;[0;39m - &amp#27;[32mhttp-outgoing-1 >> x-tc-sid: f1b696c1-ec3f-4f95-afa8-081853be7ccb
&amp#27;[0;39m2023-05-08 13:18:54,472 [main] &amp#27;[39mDEBUG&amp#27;[0;39m &amp#27;[36mc.g.d.z.s.o.a.h.client5.http.headers&amp#27;[0;39m - &amp#27;[32mhttp-outgoing-1 >> Accept-Encoding: gzip, x-gzip, deflate
&amp#27;[0;39m2023-05-08 13:18:54,472 [main] &amp#27;[39mDEBUG&amp#27;[0;39m &amp#27;[36mc.g.d.z.s.o.a.h.client5.http.headers&amp#27;[0;39m - &amp#27;[32mhttp-outgoing-1 >> Host: localhost:2375
&amp#27;[0;39m2023-05-08 13:18:54,472 [main] &amp#27;[39mDEBUG&amp#27;[0;39m &amp#27;[36mc.g.d.z.s.o.a.h.client5.http.headers&amp#27;[0;39m - &amp#27;[32mhttp-outgoing-1 >> Connection: keep-alive
&amp#27;[0;39m2023-05-08 13:18:54,472 [main] &amp#27;[39mDEBUG&amp#27;[0;39m &amp#27;[36mc.g.d.z.s.o.a.h.client5.http.headers&amp#27;[0;39m - &amp#27;[32mhttp-outgoing-1 >> User-Agent: Apache-HttpClient/5.0.3 (Java/17.0.6)
&amp#27;[0;39m2023-05-08 13:18:54,472 [main] &amp#27;[39mDEBUG&amp#27;[0;39m &amp#27;[36mc.g.d.z.s.o.a.hc.client5.http.wire&amp#27;[0;39m - &amp#27;[32mhttp-outgoing-1 >> "GET /v1.32/containers/cccfb0602d7e775562ae171a9fe0a7ec811b6906268008a84fea93151d2a7305/json HTTP/1.1[\r][\n]"
&amp#27;[0;39m2023-05-08 13:18:54,472 [main] &amp#27;[39mDEBUG&amp#27;[0;39m &amp#27;[36mc.g.d.z.s.o.a.hc.client5.http.wire&amp#27;[0;39m - &amp#27;[32mhttp-outgoing-1 >> "accept: application/json[\r][\n]"
&amp#27;[0;39m2023-05-08 13:18:54,472 [main] &amp#27;[39mDEBUG&amp#27;[0;39m &amp#27;[36mc.g.d.z.s.o.a.hc.client5.http.wire&amp#27;[0;39m - &amp#27;[32mhttp-outgoing-1 >> "x-tc-sid: f1b696c1-ec3f-4f95-afa8-081853be7ccb[\r][\n]"
&amp#27;[0;39m2023-05-08 13:18:54,472 [main] &amp#27;[39mDEBUG&amp#27;[0;39m &amp#27;[36mc.g.d.z.s.o.a.hc.client5.http.wire&amp#27;[0;39m - &amp#27;[32mhttp-outgoing-1 >> "Accept-Encoding: gzip, x-gzip, deflate[\r][\n]"
&amp#27;[0;39m2023-05-08 13:18:54,472 [main] &amp#27;[39mDEBUG&amp#27;[0;39m &amp#27;[36mc.g.d.z.s.o.a.hc.client5.http.wire&amp#27;[0;39m - &amp#27;[32mhttp-outgoing-1 >> "Host: localhost:2375[\r][\n]"
&amp#27;[0;39m2023-05-08 13:18:54,472 [main] &amp#27;[39mDEBUG&amp#27;[0;39m &amp#27;[36mc.g.d.z.s.o.a.hc.client5.http.wire&amp#27;[0;39m - &amp#27;[32mhttp-outgoing-1 >> "Connection: keep-alive[\r][\n]"
&amp#27;[0;39m2023-05-08 13:18:54,472 [main] &amp#27;[39mDEBUG&amp#27;[0;39m &amp#27;[36mc.g.d.z.s.o.a.hc.client5.http.wire&amp#27;[0;39m - &amp#27;[32mhttp-outgoing-1 >> "User-Agent: Apache-HttpClient/5.0.3 (Java/17.0.6)[\r][\n]"
&amp#27;[0;39m2023-05-08 13:18:54,472 [main] &amp#27;[39mDEBUG&amp#27;[0;39m &amp#27;[36mc.g.d.z.s.o.a.hc.client5.http.wire&amp#27;[0;39m - &amp#27;[32mhttp-outgoing-1 >> "[\r][\n]"
&amp#27;[0;39m2023-05-08 13:18:54,472 [main] &amp#27;[39mDEBUG&amp#27;[0;39m &amp#27;[36mc.g.d.z.s.o.a.hc.client5.http.wire&amp#27;[0;39m - &amp#27;[32mhttp-outgoing-1 << "HTTP/1.1 200 OK[\r][\n]"
&amp#27;[0;39m2023-05-08 13:18:54,472 [main] &amp#27;[39mDEBUG&amp#27;[0;39m &amp#27;[36mc.g.d.z.s.o.a.hc.client5.http.wire&amp#27;[0;39m - &amp#27;[32mhttp-outgoing-1 << "Api-Version: 1.42[\r][\n]"
&amp#27;[0;39m2023-05-08 13:18:54,472 [main] &amp#27;[39mDEBUG&amp#27;[0;39m &amp#27;[36mc.g.d.z.s.o.a.hc.client5.http.wire&amp#27;[0;39m - &amp#27;[32mhttp-outgoing-1 << "Content-Type: application/json[\r][\n]"
&amp#27;[0;39m2023-05-08 13:18:54,472 [main] &amp#27;[39mDEBUG&amp#27;[0;39m &amp#27;[36mc.g.d.z.s.o.a.hc.client5.http.wire&amp#27;[0;39m - &amp#27;[32mhttp-outgoing-1 << "Docker-Experimental: false[\r][\n]"
&amp#27;[0;39m2023-05-08 13:18:54,472 [main] &amp#27;[39mDEBUG&amp#27;[0;39m &amp#27;[36mc.g.d.z.s.o.a.hc.client5.http.wire&amp#27;[0;39m - &amp#27;[32mhttp-outgoing-1 << "Ostype: linux[\r][\n]"
&amp#27;[0;39m2023-05-08 13:18:54,472 [main] &amp#27;[39mDEBUG&amp#27;[0;39m &amp#27;[36mc.g.d.z.s.o.a.hc.client5.http.wire&amp#27;[0;39m - &amp#27;[32mhttp-outgoing-1 << "Server: Docker/23.0.5 (linux)[\r][\n]"
&amp#27;[0;39m2023-05-08 13:18:54,472 [main] &amp#27;[39mDEBUG&amp#27;[0;39m &amp#27;[36mc.g.d.z.s.o.a.hc.client5.http.wire&amp#27;[0;39m - &amp#27;[32mhttp-outgoing-1 << "Date: Mon, 08 May 2023 11:18:54 GMT[\r][\n]"
&amp#27;[0;39m2023-05-08 13:18:54,472 [main] &amp#27;[39mDEBUG&amp#27;[0;39m &amp#27;[36mc.g.d.z.s.o.a.hc.client5.http.wire&amp#27;[0;39m - &amp#27;[32mhttp-outgoing-1 << "Transfer-Encoding: chunked[\r][\n]"
&amp#27;[0;39m2023-05-08 13:18:54,472 [main] &amp#27;[39mDEBUG&amp#27;[0;39m &amp#27;[36mc.g.d.z.s.o.a.hc.client5.http.wire&amp#27;[0;39m - &amp#27;[32mhttp-outgoing-1 << "[\r][\n]"
&amp#27;[0;39m2023-05-08 13:18:54,472 [main] &amp#27;[39mDEBUG&amp#27;[0;39m &amp#27;[36mc.g.d.z.s.o.a.hc.client5.http.wire&amp#27;[0;39m - &amp#27;[32mhttp-outgoing-1 << "1890[\r][\n]"
&amp#27;[0;39m2023-05-08 13:18:54,473 [main] &amp#27;[39mDEBUG&amp#27;[0;39m &amp#27;[36mc.g.d.z.s.o.a.hc.client5.http.wire&amp#27;[0;39m - &amp#27;[32mhttp-outgoing-1 << "{"Id":"cccfb0602d7e775562ae171a9fe0a7ec811b6906268008a84fea93151d2a7305","Created":"2023-05-08T11:18:54.120535425Z","Path":"docker-entrypoint.sh","Args":["mysqld"],"State":{"Status":"running","Running":true,"Paused":false,"Restarting":false,"OOMKilled":false,"Dead":false,"Pid":59126,"ExitCode":0,"Error":"","StartedAt":"2023-05-08T11:18:54.468577716Z","FinishedAt":"0001-01-01T00:00:00Z"},"Image":"sha256:228d71078f8ce5ae9fd96b183f88c3a90e30544b4b7ce9d64a238d05fef2a681","ResolvConfPath":"/var/lib/docker/containers/cccfb0602d7e775562ae171a9fe0a7ec811b6906268008a84fea93151d2a7305/resolv.conf","HostnamePath":"/var/lib/docker/containers/cccfb0602d7e775562ae171a9fe0a7ec811b6906268008a84fea93151d2a7305/hostname","HostsPath":"/var/lib/docker/containers/cccfb0602d7e775562ae171a9fe0a7ec811b6906268008a84fea93151d2a7305/hosts","LogPath":"/var/lib/docker/containers/cccfb0602d7e775562ae171a9fe0a7ec811b6906268008a84fea93151d2a7305/cccfb0602d7e775562ae171a9fe0a7ec811b6906268008a84fea93151d2a7305-json.log","Name":"/charming_goodall","RestartCount":0,"Driver":"overlay2","Platform":"linux","MountLabel":"","ProcessLabel":"","AppArmorProfile":"docker-default","ExecIDs":null,"HostConfig":{"Binds":[],"ContainerIDFile":"","LogConfig":{"Type":"json-file","Config":{}},"NetworkMode":"default","PortBindings":{"3306/tcp":[{"HostIp":"","HostPort":""}]},"RestartPolicy":{"Name":"","MaximumRetryCount":0},"AutoRemove":false,"VolumeDriver":"","VolumesFrom":[],"ConsoleSize":[0,0],"CapAdd":null,"CapDrop":null,"CgroupnsMode":"private","Dns":null,"DnsOptions":null,"DnsSearch":null,"ExtraHosts":[],"GroupAdd":null,"IpcMode":"shareable","Cgroup":"","Links":null,"OomScoreAdj":0,"PidMode":"","Privileged":false,"PublishAllPorts":false,"ReadonlyRootfs":false,"SecurityOpt":null,"UTSMode":"","UsernsMode":"","ShmSize":67108864,"Runtime":"runc","Isolation":"","CpuShares":0,"Memory":0,"NanoCpus":0,"CgroupParent":"","BlkioWeight":0,"BlkioWeightDevice":null,"BlkioDeviceReadBps":null,"BlkioDeviceWriteBps":null,"BlkioDeviceReadIOps":null,"BlkioDeviceWriteIOps":null,"CpuPeriod":0,"CpuQuota":0,"CpuRealtimePeriod":0,"CpuRealtimeRuntime":0,"CpusetCpus":"","CpusetMems":"","Devices":null,"DeviceCgroupRules":null,"DeviceRequests":null,"MemoryReservation":0,"MemorySwap":0,"MemorySwappiness":null,"OomKillDisable":null,"PidsLimit":null,"Ulimits":null,"CpuCount":0,"CpuPercent":0,"IOMaximumIOps":0,"IOMaximumBandwidth":0,"MaskedPaths":["/proc/asound","/proc/acpi","/proc/kcore","/proc/keys","/proc/latency_stats","/proc/timer_list","/proc/timer_stats","/proc/sched_debug","/proc/scsi","/sys/firmware"],"ReadonlyPaths":["/proc/bus","/proc/fs","/proc/irq","/proc/sys","/proc/sysrq-trigger"]},"GraphDriver":{"Data":{"LowerDir":"/var/lib/docker/overlay2/0075f27ac39799b376a3e23bf05a650eb10c8a0f9ef49be1ab61e98fd3b93dc3-init/diff:/var/lib/docker/overlay2/4c6e20f032f02b27a9272f982861dc21998197aa90d94ed3bef95d449380247c/diff:/var/lib/docker/overlay2/0c75f828f603eff839bb3ca448163ab2a8017e86625ac255cd3dbf1673ddac26/diff:/var/lib/docker/overlay2/da128d897fda75829109844ce6cd9d73d0f54c682e735100af000ce899908729/diff:/var/lib/docker/overlay2/b678a1f261bf323afba6d76d91ab7428bdd6e1ef4a39b5224e4a1afd08c0423a/diff:/var/lib/docker/overlay2/1bec43b14875c5f9f814f146e8e31aa78566689c2c163da2ac60a32254988437/diff:/var/lib/docker/overlay2/28f4b1e6e1a7a2dbe30f1f94fb42bccd85a61faf8af1fe30a5bb0d442c525e41/diff:/var/lib/docker/overlay2/0f493124464c291d7c97d2633d5dff04b1dce5de904cb40a34dfbe7fe72e3fd4/diff:/var/lib/docker/overlay2/05befbee9e38cd670e1786b3310e99796dcc06abbed970007b4109a5424843fa/diff:/var/lib/docker/overlay2/582bcca9acfc4eef25109e1e1b9c9d104f355798455bc73e855c99283887a6e8/diff:/var/lib/docker/overlay2/153b3bf0b69e97e8f0e5533414a31ca33fa530e63d174c9617621abe46e7e9d1/diff:/var/lib/docker/overlay2/bf87a76c0a38875ee6e915fd0d2527eafa880ec6bf2c1cb294959428c18d10bd/diff","MergedDir":"/var/lib/docker/overlay2/0075f27ac39799b376a3e23bf05a650eb10c8a0f9ef49be1ab61e98fd3b93dc3/merged","UpperDir":"/var/lib/docker/overlay2/0075f27ac39799b376a3e23bf05a650eb10c8a0f9ef49be1ab61e98fd3b93dc3/diff","WorkDir":"/var/lib/docker/overlay2/0075f27ac39799b376a3e23bf05a650eb10c8a0f9ef49be1ab61e98fd3b93dc3/work"},"Name":"overlay2"},"Mounts":[{"Type":"volume","Name":"ffd30c8cc7ed7bf91bc1ebef46b0f06493ce1d3121e28c37d40240bd74b844a5","Source":"/var/lib/docker/volumes/ffd30c8cc7ed7bf91bc1ebef46b0f06493ce1d3121e28c37d40240bd74b844a5/_data","Destination":"/var/lib/mysql","Driver":"local","Mode":"","RW":true,"Propagation":""}],"Config":{"Hostname":"cccfb0602d7e","Domainname":"","User":"","AttachStdin":false,"AttachStdout":false,"AttachStderr":false,"ExposedPorts":{"3306/tcp":{}},"Tty":false,"OpenStdin":false,"StdinOnce":false,"Env":["MYSQL_DATABASE=test","MYSQL_PASSWORD=test","MYSQL_USER=test","MYSQL_ROOT_PASSWORD=test","PATH=/usr/local/sbin:/usr/local/bin:/usr/sbin:/usr/bin:/sbin:/bin","GOSU_VERSION=1.7","MYSQL_MAJOR=8.0","MYSQL_VERSION=8.0.0-dmr-1debian8"],"Cmd":["mysqld"],"Image":"mysql:8.0.0","Volumes":{"/var/lib/mysql":{}},"WorkingDir":"","Entrypoint":["docker-entrypoint.sh"],"OnBuild":null,"Labels":{"org.testcontainers":"true","org.testcontainers.lang":"java","org.testcontainers.sessionId":"f1b696c1-ec3f-4f95-afa8-081853be7ccb","org.testcontainers.version":"1.18.0"}},"NetworkSettings":{"Bridge":"","SandboxID":"75a4ef0436803615aa77c8b97de3cbbdd49519261fe2b3b6cdcae9bd2b1154aa","HairpinMode":false,"LinkLocalIPv6Address":"","LinkLocalIPv6PrefixLen":0,"Ports":{"3306/tcp":[{"HostIp":"0.0.0.0","HostPort":"32781"},{"HostIp":"::","HostPort":"32781"}]},"SandboxKey":"/var/run/docker/netns/75a4ef043680","SecondaryIPAddresses":null,"SecondaryIPv6Addresses":null,"EndpointID":"de3a5c9cc9471fdbec5943d78a8803fca61208fe4021ac9d3922ee2e8ec0d135","Gateway":"172.17.0.1","GlobalIPv6Address":"","GlobalIPv6PrefixLen":0,"IPAddress":"172.17.0.3","IPPrefixLen":16,"IPv6Gateway":"","MacAddress":"02:42:ac:11:00:03","Networks":{"bridge":{"IPAMConfig":null,"Links":null,"Aliases":null,"NetworkID":"e1a078e12eb8d77b497ed932f7fb43787eeb6ff6972febd7d03c9282b8b5cd45","EndpointID":"de3a5c9cc9471fdbec5943d78a8803fca61208fe4021ac9d3922ee2e8ec0d135","Gateway":"172.17.0.1","IPAddress":"172.17.0.3","IPPrefixLen":16,"IPv6Gateway":"","GlobalIPv6Address":"","GlobalIPv6PrefixLen":0,"MacAddress":"02:42:ac:11:00:03","DriverOpts":null}}}}[\n]"
&amp#27;[0;39m2023-05-08 13:18:54,473 [main] &amp#27;[39mDEBUG&amp#27;[0;39m &amp#27;[36mc.g.d.z.s.o.a.hc.client5.http.wire&amp#27;[0;39m - &amp#27;[32mhttp-outgoing-1 << "[\r][\n]"
&amp#27;[0;39m2023-05-08 13:18:54,473 [main] &amp#27;[39mDEBUG&amp#27;[0;39m &amp#27;[36mc.g.d.z.s.o.a.hc.client5.http.wire&amp#27;[0;39m - &amp#27;[32mhttp-outgoing-1 << "0[\r][\n]"
&amp#27;[0;39m2023-05-08 13:18:54,473 [main] &amp#27;[39mDEBUG&amp#27;[0;39m &amp#27;[36mc.g.d.z.s.o.a.hc.client5.http.wire&amp#27;[0;39m - &amp#27;[32mhttp-outgoing-1 << "[\r][\n]"
&amp#27;[0;39m2023-05-08 13:18:54,473 [main] &amp#27;[39mDEBUG&amp#27;[0;39m &amp#27;[36mc.g.d.z.s.o.a.h.client5.http.headers&amp#27;[0;39m - &amp#27;[32mhttp-outgoing-1 << HTTP/1.1 200 OK
&amp#27;[0;39m2023-05-08 13:18:54,473 [main] &amp#27;[39mDEBUG&amp#27;[0;39m &amp#27;[36mc.g.d.z.s.o.a.h.client5.http.headers&amp#27;[0;39m - &amp#27;[32mhttp-outgoing-1 << Api-Version: 1.42
&amp#27;[0;39m2023-05-08 13:18:54,473 [main] &amp#27;[39mDEBUG&amp#27;[0;39m &amp#27;[36mc.g.d.z.s.o.a.h.client5.http.headers&amp#27;[0;39m - &amp#27;[32mhttp-outgoing-1 << Content-Type: application/json
&amp#27;[0;39m2023-05-08 13:18:54,473 [main] &amp#27;[39mDEBUG&amp#27;[0;39m &amp#27;[36mc.g.d.z.s.o.a.h.client5.http.headers&amp#27;[0;39m - &amp#27;[32mhttp-outgoing-1 << Docker-Experimental: false
&amp#27;[0;39m2023-05-08 13:18:54,473 [main] &amp#27;[39mDEBUG&amp#27;[0;39m &amp#27;[36mc.g.d.z.s.o.a.h.client5.http.headers&amp#27;[0;39m - &amp#27;[32mhttp-outgoing-1 << Ostype: linux
&amp#27;[0;39m2023-05-08 13:18:54,473 [main] &amp#27;[39mDEBUG&amp#27;[0;39m &amp#27;[36mc.g.d.z.s.o.a.h.client5.http.headers&amp#27;[0;39m - &amp#27;[32mhttp-outgoing-1 << Server: Docker/23.0.5 (linux)
&amp#27;[0;39m2023-05-08 13:18:54,473 [main] &amp#27;[39mDEBUG&amp#27;[0;39m &amp#27;[36mc.g.d.z.s.o.a.h.client5.http.headers&amp#27;[0;39m - &amp#27;[32mhttp-outgoing-1 << Date: Mon, 08 May 2023 11:18:54 GMT
&amp#27;[0;39m2023-05-08 13:18:54,473 [main] &amp#27;[39mDEBUG&amp#27;[0;39m &amp#27;[36mc.g.d.z.s.o.a.h.client5.http.headers&amp#27;[0;39m - &amp#27;[32mhttp-outgoing-1 << Transfer-Encoding: chunked
&amp#27;[0;39m2023-05-08 13:18:54,473 [main] &amp#27;[39mDEBUG&amp#27;[0;39m &amp#27;[36mc.g.d.z.s.o.a.h.c.h.i.c.MainClientExec&amp#27;[0;39m - &amp#27;[32mex-0000000D: connection can be kept alive for 3 MINUTES
&amp#27;[0;39m2023-05-08 13:18:54,475 [main] &amp#27;[39mDEBUG&amp#27;[0;39m &amp#27;[36mc.g.d.z.s.o.a.h.c.h.i.c.InternalHttpClient&amp#27;[0;39m - &amp#27;[32mep-0000000C: releasing valid endpoint
&amp#27;[0;39m2023-05-08 13:18:54,475 [main] &amp#27;[39mDEBUG&amp#27;[0;39m &amp#27;[36mc.g.d.z.s.o.a.h.c.h.i.i.PoolingHttpClientConnectionManager&amp#27;[0;39m - &amp#27;[32mep-0000000C: releasing endpoint
&amp#27;[0;39m2023-05-08 13:18:54,475 [main] &amp#27;[39mDEBUG&amp#27;[0;39m &amp#27;[36mc.g.d.z.s.o.a.h.c.h.i.i.PoolingHttpClientConnectionManager&amp#27;[0;39m - &amp#27;[32mep-0000000C: connection http-outgoing-1 can be kept alive for 3 MINUTES
&amp#27;[0;39m2023-05-08 13:18:54,475 [main] &amp#27;[39mDEBUG&amp#27;[0;39m &amp#27;[36mc.g.d.z.s.o.a.h.c.h.i.i.PoolingHttpClientConnectionManager&amp#27;[0;39m - &amp#27;[32mep-0000000C: connection released [route: {}->unix://localhost:2375][total available: 1; route allocated: 1 of 2147483647; total allocated: 1 of 2147483647]
&amp#27;[0;39m2023-05-08 13:18:54,475 [main] &amp#27;[39mDEBUG&amp#27;[0;39m &amp#27;[36mo.t.s.c.g.d.c.command.AbstrDockerCmd&amp#27;[0;39m - &amp#27;[32mCmd: sha256:228d71078f8ce5ae9fd96b183f88c3a90e30544b4b7ce9d64a238d05fef2a681
&amp#27;[0;39m2023-05-08 13:18:54,475 [main] &amp#27;[39mDEBUG&amp#27;[0;39m &amp#27;[36mc.g.d.z.s.o.a.h.c.h.i.c.InternalHttpClient&amp#27;[0;39m - &amp#27;[32mex-0000000E: preparing request execution
&amp#27;[0;39m2023-05-08 13:18:54,475 [main] &amp#27;[39mDEBUG&amp#27;[0;39m &amp#27;[36mc.g.d.z.s.o.a.h.c.h.p.RequestAddCookies&amp#27;[0;39m - &amp#27;[32mCookie spec selected: strict
&amp#27;[0;39m2023-05-08 13:18:54,476 [main] &amp#27;[39mDEBUG&amp#27;[0;39m &amp#27;[36mc.g.d.z.s.o.a.h.c.h.p.RequestAuthCache&amp#27;[0;39m - &amp#27;[32mAuth cache not set in the context
&amp#27;[0;39m2023-05-08 13:18:54,476 [main] &amp#27;[39mDEBUG&amp#27;[0;39m &amp#27;[36mc.g.d.z.s.o.a.h.c.h.i.c.ProtocolExec&amp#27;[0;39m - &amp#27;[32mex-0000000E: target auth state: UNCHALLENGED
&amp#27;[0;39m2023-05-08 13:18:54,476 [main] &amp#27;[39mDEBUG&amp#27;[0;39m &amp#27;[36mc.g.d.z.s.o.a.h.c.h.i.c.ProtocolExec&amp#27;[0;39m - &amp#27;[32mex-0000000E: proxy auth state: UNCHALLENGED
&amp#27;[0;39m2023-05-08 13:18:54,476 [main] &amp#27;[39mDEBUG&amp#27;[0;39m &amp#27;[36mc.g.d.z.s.o.a.h.c.h.i.c.ConnectExec&amp#27;[0;39m - &amp#27;[32mex-0000000E: acquiring connection with route {}->unix://localhost:2375
&amp#27;[0;39m2023-05-08 13:18:54,476 [main] &amp#27;[39mDEBUG&amp#27;[0;39m &amp#27;[36mc.g.d.z.s.o.a.h.c.h.i.c.InternalHttpClient&amp#27;[0;39m - &amp#27;[32mex-0000000E: acquiring endpoint (3 MINUTES)
&amp#27;[0;39m2023-05-08 13:18:54,476 [main] &amp#27;[39mDEBUG&amp#27;[0;39m &amp#27;[36mc.g.d.z.s.o.a.h.c.h.i.i.PoolingHttpClientConnectionManager&amp#27;[0;39m - &amp#27;[32mex-0000000E: endpoint lease request (3 MINUTES) [route: {}->unix://localhost:2375][total available: 1; route allocated: 1 of 2147483647; total allocated: 1 of 2147483647]
&amp#27;[0;39m2023-05-08 13:18:54,476 [main] &amp#27;[39mDEBUG&amp#27;[0;39m &amp#27;[36mc.g.d.z.s.o.a.h.c.h.i.i.PoolingHttpClientConnectionManager&amp#27;[0;39m - &amp#27;[32mex-0000000E: endpoint leased [route: {}->unix://localhost:2375][total available: 0; route allocated: 1 of 2147483647; total allocated: 1 of 2147483647]
&amp#27;[0;39m2023-05-08 13:18:54,476 [main] &amp#27;[39mDEBUG&amp#27;[0;39m &amp#27;[36mc.g.d.z.s.o.a.h.c.h.i.i.PoolingHttpClientConnectionManager&amp#27;[0;39m - &amp#27;[32mex-0000000E: acquired ep-0000000D
&amp#27;[0;39m2023-05-08 13:18:54,476 [main] &amp#27;[39mDEBUG&amp#27;[0;39m &amp#27;[36mc.g.d.z.s.o.a.h.c.h.i.c.InternalHttpClient&amp#27;[0;39m - &amp#27;[32mex-0000000E: acquired endpoint ep-0000000D
&amp#27;[0;39m2023-05-08 13:18:54,476 [main] &amp#27;[39mDEBUG&amp#27;[0;39m &amp#27;[36mc.g.d.z.s.o.a.h.c.h.i.c.MainClientExec&amp#27;[0;39m - &amp#27;[32mex-0000000E: executing GET /v1.32/images/sha256:228d71078f8ce5ae9fd96b183f88c3a90e30544b4b7ce9d64a238d05fef2a681/json HTTP/1.1
&amp#27;[0;39m2023-05-08 13:18:54,476 [main] &amp#27;[39mDEBUG&amp#27;[0;39m &amp#27;[36mc.g.d.z.s.o.a.h.c.h.i.c.InternalHttpClient&amp#27;[0;39m - &amp#27;[32mep-0000000D: start execution ex-0000000E
&amp#27;[0;39m2023-05-08 13:18:54,476 [main] &amp#27;[39mDEBUG&amp#27;[0;39m &amp#27;[36mc.g.d.z.s.o.a.h.c.h.i.i.PoolingHttpClientConnectionManager&amp#27;[0;39m - &amp#27;[32mep-0000000D: executing exchange ex-0000000E over http-outgoing-1
&amp#27;[0;39m2023-05-08 13:18:54,476 [main] &amp#27;[39mDEBUG&amp#27;[0;39m &amp#27;[36mc.g.d.z.s.o.a.h.client5.http.headers&amp#27;[0;39m - &amp#27;[32mhttp-outgoing-1 >> GET /v1.32/images/sha256:228d71078f8ce5ae9fd96b183f88c3a90e30544b4b7ce9d64a238d05fef2a681/json HTTP/1.1
&amp#27;[0;39m2023-05-08 13:18:54,476 [main] &amp#27;[39mDEBUG&amp#27;[0;39m &amp#27;[36mc.g.d.z.s.o.a.h.client5.http.headers&amp#27;[0;39m - &amp#27;[32mhttp-outgoing-1 >> accept: application/json
&amp#27;[0;39m2023-05-08 13:18:54,476 [main] &amp#27;[39mDEBUG&amp#27;[0;39m &amp#27;[36mc.g.d.z.s.o.a.h.client5.http.headers&amp#27;[0;39m - &amp#27;[32mhttp-outgoing-1 >> x-tc-sid: f1b696c1-ec3f-4f95-afa8-081853be7ccb
&amp#27;[0;39m2023-05-08 13:18:54,476 [main] &amp#27;[39mDEBUG&amp#27;[0;39m &amp#27;[36mc.g.d.z.s.o.a.h.client5.http.headers&amp#27;[0;39m - &amp#27;[32mhttp-outgoing-1 >> Accept-Encoding: gzip, x-gzip, deflate
&amp#27;[0;39m2023-05-08 13:18:54,476 [main] &amp#27;[39mDEBUG&amp#27;[0;39m &amp#27;[36mc.g.d.z.s.o.a.h.client5.http.headers&amp#27;[0;39m - &amp#27;[32mhttp-outgoing-1 >> Host: localhost:2375
&amp#27;[0;39m2023-05-08 13:18:54,476 [main] &amp#27;[39mDEBUG&amp#27;[0;39m &amp#27;[36mc.g.d.z.s.o.a.h.client5.http.headers&amp#27;[0;39m - &amp#27;[32mhttp-outgoing-1 >> Connection: keep-alive
&amp#27;[0;39m2023-05-08 13:18:54,476 [main] &amp#27;[39mDEBUG&amp#27;[0;39m &amp#27;[36mc.g.d.z.s.o.a.h.client5.http.headers&amp#27;[0;39m - &amp#27;[32mhttp-outgoing-1 >> User-Agent: Apache-HttpClient/5.0.3 (Java/17.0.6)
&amp#27;[0;39m2023-05-08 13:18:54,476 [main] &amp#27;[39mDEBUG&amp#27;[0;39m &amp#27;[36mc.g.d.z.s.o.a.hc.client5.http.wire&amp#27;[0;39m - &amp#27;[32mhttp-outgoing-1 >> "GET /v1.32/images/sha256:228d71078f8ce5ae9fd96b183f88c3a90e30544b4b7ce9d64a238d05fef2a681/json HTTP/1.1[\r][\n]"
&amp#27;[0;39m2023-05-08 13:18:54,476 [main] &amp#27;[39mDEBUG&amp#27;[0;39m &amp#27;[36mc.g.d.z.s.o.a.hc.client5.http.wire&amp#27;[0;39m - &amp#27;[32mhttp-outgoing-1 >> "accept: application/json[\r][\n]"
&amp#27;[0;39m2023-05-08 13:18:54,476 [main] &amp#27;[39mDEBUG&amp#27;[0;39m &amp#27;[36mc.g.d.z.s.o.a.hc.client5.http.wire&amp#27;[0;39m - &amp#27;[32mhttp-outgoing-1 >> "x-tc-sid: f1b696c1-ec3f-4f95-afa8-081853be7ccb[\r][\n]"
&amp#27;[0;39m2023-05-08 13:18:54,476 [main] &amp#27;[39mDEBUG&amp#27;[0;39m &amp#27;[36mc.g.d.z.s.o.a.hc.client5.http.wire&amp#27;[0;39m - &amp#27;[32mhttp-outgoing-1 >> "Accept-Encoding: gzip, x-gzip, deflate[\r][\n]"
&amp#27;[0;39m2023-05-08 13:18:54,476 [main] &amp#27;[39mDEBUG&amp#27;[0;39m &amp#27;[36mc.g.d.z.s.o.a.hc.client5.http.wire&amp#27;[0;39m - &amp#27;[32mhttp-outgoing-1 >> "Host: localhost:2375[\r][\n]"
&amp#27;[0;39m2023-05-08 13:18:54,476 [main] &amp#27;[39mDEBUG&amp#27;[0;39m &amp#27;[36mc.g.d.z.s.o.a.hc.client5.http.wire&amp#27;[0;39m - &amp#27;[32mhttp-outgoing-1 >> "Connection: keep-alive[\r][\n]"
&amp#27;[0;39m2023-05-08 13:18:54,476 [main] &amp#27;[39mDEBUG&amp#27;[0;39m &amp#27;[36mc.g.d.z.s.o.a.hc.client5.http.wire&amp#27;[0;39m - &amp#27;[32mhttp-outgoing-1 >> "User-Agent: Apache-HttpClient/5.0.3 (Java/17.0.6)[\r][\n]"
&amp#27;[0;39m2023-05-08 13:18:54,476 [main] &amp#27;[39mDEBUG&amp#27;[0;39m &amp#27;[36mc.g.d.z.s.o.a.hc.client5.http.wire&amp#27;[0;39m - &amp#27;[32mhttp-outgoing-1 >> "[\r][\n]"
&amp#27;[0;39m2023-05-08 13:18:54,477 [main] &amp#27;[39mDEBUG&amp#27;[0;39m &amp#27;[36mc.g.d.z.s.o.a.hc.client5.http.wire&amp#27;[0;39m - &amp#27;[32mhttp-outgoing-1 << "HTTP/1.1 200 OK[\r][\n]"
&amp#27;[0;39m2023-05-08 13:18:54,477 [main] &amp#27;[39mDEBUG&amp#27;[0;39m &amp#27;[36mc.g.d.z.s.o.a.hc.client5.http.wire&amp#27;[0;39m - &amp#27;[32mhttp-outgoing-1 << "Api-Version: 1.42[\r][\n]"
&amp#27;[0;39m2023-05-08 13:18:54,477 [main] &amp#27;[39mDEBUG&amp#27;[0;39m &amp#27;[36mc.g.d.z.s.o.a.hc.client5.http.wire&amp#27;[0;39m - &amp#27;[32mhttp-outgoing-1 << "Content-Type: application/json[\r][\n]"
&amp#27;[0;39m2023-05-08 13:18:54,477 [main] &amp#27;[39mDEBUG&amp#27;[0;39m &amp#27;[36mc.g.d.z.s.o.a.hc.client5.http.wire&amp#27;[0;39m - &amp#27;[32mhttp-outgoing-1 << "Docker-Experimental: false[\r][\n]"
&amp#27;[0;39m2023-05-08 13:18:54,477 [main] &amp#27;[39mDEBUG&amp#27;[0;39m &amp#27;[36mc.g.d.z.s.o.a.hc.client5.http.wire&amp#27;[0;39m - &amp#27;[32mhttp-outgoing-1 << "Ostype: linux[\r][\n]"
&amp#27;[0;39m2023-05-08 13:18:54,477 [main] &amp#27;[39mDEBUG&amp#27;[0;39m &amp#27;[36mc.g.d.z.s.o.a.hc.client5.http.wire&amp#27;[0;39m - &amp#27;[32mhttp-outgoing-1 << "Server: Docker/23.0.5 (linux)[\r][\n]"
&amp#27;[0;39m2023-05-08 13:18:54,477 [main] &amp#27;[39mDEBUG&amp#27;[0;39m &amp#27;[36mc.g.d.z.s.o.a.hc.client5.http.wire&amp#27;[0;39m - &amp#27;[32mhttp-outgoing-1 << "Date: Mon, 08 May 2023 11:18:54 GMT[\r][\n]"
&amp#27;[0;39m2023-05-08 13:18:54,477 [main] &amp#27;[39mDEBUG&amp#27;[0;39m &amp#27;[36mc.g.d.z.s.o.a.hc.client5.http.wire&amp#27;[0;39m - &amp#27;[32mhttp-outgoing-1 << "Transfer-Encoding: chunked[\r][\n]"
&amp#27;[0;39m2023-05-08 13:18:54,477 [main] &amp#27;[39mDEBUG&amp#27;[0;39m &amp#27;[36mc.g.d.z.s.o.a.hc.client5.http.wire&amp#27;[0;39m - &amp#27;[32mhttp-outgoing-1 << "[\r][\n]"
&amp#27;[0;39m2023-05-08 13:18:54,477 [main] &amp#27;[39mDEBUG&amp#27;[0;39m &amp#27;[36mc.g.d.z.s.o.a.hc.client5.http.wire&amp#27;[0;39m - &amp#27;[32mhttp-outgoing-1 << "f41[\r][\n]"
&amp#27;[0;39m2023-05-08 13:18:54,477 [main] &amp#27;[39mDEBUG&amp#27;[0;39m &amp#27;[36mc.g.d.z.s.o.a.hc.client5.http.wire&amp#27;[0;39m - &amp#27;[32mhttp-outgoing-1 << "{"Id":"sha256:228d71078f8ce5ae9fd96b183f88c3a90e30544b4b7ce9d64a238d05fef2a681","RepoTags":["mysql:8.0.0"],"RepoDigests":["mysql@sha256:449cb894b00a490e830bb9b2d774bf99c5af75e8cb10bfbe74db1c43eb12b211"],"Parent":"","Comment":"","Created":"2017-03-30T21:44:17.975808593Z","Container":"f9aac2b9b0062f1f8356b795d0d95f16657c23a5b751be69d87a8f3029e9e74d","ContainerConfig":{"Hostname":"7e9ec6cde4d1","Domainname":"","User":"","AttachStdin":false,"AttachStdout":false,"AttachStderr":false,"ExposedPorts":{"3306/tcp":{}},"Tty":false,"OpenStdin":false,"StdinOnce":false,"Env":["PATH=/usr/local/sbin:/usr/local/bin:/usr/sbin:/usr/bin:/sbin:/bin","GOSU_VERSION=1.7","MYSQL_MAJOR=8.0","MYSQL_VERSION=8.0.0-dmr-1debian8"],"Cmd":["/bin/sh","-c","#(nop) ","CMD [\"mysqld\"]"],"ArgsEscaped":true,"Image":"sha256:02e78cc7aaa1eb2a5d8097bddc7faf23ea89850bc1d3f3717c93bca7f22c38c4","Volumes":{"/var/lib/mysql":{}},"WorkingDir":"","Entrypoint":["docker-entrypoint.sh"],"OnBuild":[],"Labels":{}},"DockerVersion":"1.12.6","Author":"","Config":{"Hostname":"7e9ec6cde4d1","Domainname":"","User":"","AttachStdin":false,"AttachStdout":false,"AttachStderr":false,"ExposedPorts":{"3306/tcp":{}},"Tty":false,"OpenStdin":false,"StdinOnce":false,"Env":["PATH=/usr/local/sbin:/usr/local/bin:/usr/sbin:/usr/bin:/sbin:/bin","GOSU_VERSION=1.7","MYSQL_MAJOR=8.0","MYSQL_VERSION=8.0.0-dmr-1debian8"],"Cmd":["mysqld"],"ArgsEscaped":true,"Image":"sha256:02e78cc7aaa1eb2a5d8097bddc7faf23ea89850bc1d3f3717c93bca7f22c38c4","Volumes":{"/var/lib/mysql":{}},"WorkingDir":"","Entrypoint":["docker-entrypoint.sh"],"OnBuild":[],"Labels":{}},"Architecture":"amd64","Os":"linux","Size":433230323,"VirtualSize":433230323,"GraphDriver":{"Data":{"LowerDir":"/var/lib/docker/overlay2/0c75f828f603eff839bb3ca448163ab2a8017e86625ac255cd3dbf1673ddac26/diff:/var/lib/docker/overlay2/da128d897fda75829109844ce6cd9d73d0f54c682e735100af000ce899908729/diff:/var/lib/docker/overlay2/b678a1f261bf323afba6d76d91ab7428bdd6e1ef4a39b5224e4a1afd08c0423a/diff:/var/lib/docker/overlay2/1bec43b14875c5f9f814f146e8e31aa78566689c2c163da2ac60a32254988437/diff:/var/lib/docker/overlay2/28f4b1e6e1a7a2dbe30f1f94fb42bccd85a61faf8af1fe30a5bb0d442c525e41/diff:/var/lib/docker/overlay2/0f493124464c291d7c97d2633d5dff04b1dce5de904cb40a34dfbe7fe72e3fd4/diff:/var/lib/docker/overlay2/05befbee9e38cd670e1786b3310e99796dcc06abbed970007b4109a5424843fa/diff:/var/lib/docker/overlay2/582bcca9acfc4eef25109e1e1b9c9d104f355798455bc73e855c99283887a6e8/diff:/var/lib/docker/overlay2/153b3bf0b69e97e8f0e5533414a31ca33fa530e63d174c9617621abe46e7e9d1/diff:/var/lib/docker/overlay2/bf87a76c0a38875ee6e915fd0d2527eafa880ec6bf2c1cb294959428c18d10bd/diff","MergedDir":"/var/lib/docker/overlay2/4c6e20f032f02b27a9272f982861dc21998197aa90d94ed3bef95d449380247c/merged","UpperDir":"/var/lib/docker/overlay2/4c6e20f032f02b27a9272f982861dc21998197aa90d94ed3bef95d449380247c/diff","WorkDir":"/var/lib/docker/overlay2/4c6e20f032f02b27a9272f982861dc21998197aa90d94ed3bef95d449380247c/work"},"Name":"overlay2"},"RootFS":{"Type":"layers","Layers":["sha256:5d6cbe0dbcf9a675e86aa0fbedf7ed8756d557c7468d6a7c64bde7fa9e029636","sha256:435f2dfbd8847eb35f9fceabb191751c1380289c34c0e8a10e491c755d9d777b","sha256:814d7b59f0cce1f89c83412a5c9ee289222eb347471a58d1fda0cff6b570b9e4","sha256:aae399245bd06cd2507076b9b92c21c1312711082b0a2a968aeb27bffb0159df","sha256:4b1c12540dec607a51016ea5d64616b2f51b45a4de77c95937d5169457d4012c","sha256:4a89782c43f45fc01a03b7e88dae4b4e54b1deef0f474c2d7b697e0a18c5aa6e","sha256:9699daf765eb9f7a023b6194fa594051dc9914401cade0af32a1e23ab3c76ffc","sha256:2b209bbece94327d9dfd6b8e5c1b0d6170dad1fe5cd177ba059947c8b0bf8d29","sha256:71b694136f5c182cd2473173efa8ac2f836780d0e7652fb9eeaa6fba4be37911","sha256:7a07f8942d1fd50176e9659eb836be6686aa5b0fe922084cbea9fee5f727cad7","sha256:eed5a974cd7d804239e96ff68f1a3c398f1688ba9ea992b6439c0d406e109384"]},"Metadata":{"LastTagTime":"0001-01-01T00:00:00Z"}}[\n]"
&amp#27;[0;39m2023-05-08 13:18:54,477 [main] &amp#27;[39mDEBUG&amp#27;[0;39m &amp#27;[36mc.g.d.z.s.o.a.hc.client5.http.wire&amp#27;[0;39m - &amp#27;[32mhttp-outgoing-1 << "[\r][\n]"
&amp#27;[0;39m2023-05-08 13:18:54,477 [main] &amp#27;[39mDEBUG&amp#27;[0;39m &amp#27;[36mc.g.d.z.s.o.a.hc.client5.http.wire&amp#27;[0;39m - &amp#27;[32mhttp-outgoing-1 << "0[\r][\n]"
&amp#27;[0;39m2023-05-08 13:18:54,477 [main] &amp#27;[39mDEBUG&amp#27;[0;39m &amp#27;[36mc.g.d.z.s.o.a.hc.client5.http.wire&amp#27;[0;39m - &amp#27;[32mhttp-outgoing-1 << "[\r][\n]"
&amp#27;[0;39m2023-05-08 13:18:54,477 [main] &amp#27;[39mDEBUG&amp#27;[0;39m &amp#27;[36mc.g.d.z.s.o.a.h.client5.http.headers&amp#27;[0;39m - &amp#27;[32mhttp-outgoing-1 << HTTP/1.1 200 OK
&amp#27;[0;39m2023-05-08 13:18:54,477 [main] &amp#27;[39mDEBUG&amp#27;[0;39m &amp#27;[36mc.g.d.z.s.o.a.h.client5.http.headers&amp#27;[0;39m - &amp#27;[32mhttp-outgoing-1 << Api-Version: 1.42
&amp#27;[0;39m2023-05-08 13:18:54,477 [main] &amp#27;[39mDEBUG&amp#27;[0;39m &amp#27;[36mc.g.d.z.s.o.a.h.client5.http.headers&amp#27;[0;39m - &amp#27;[32mhttp-outgoing-1 << Content-Type: application/json
&amp#27;[0;39m2023-05-08 13:18:54,477 [main] &amp#27;[39mDEBUG&amp#27;[0;39m &amp#27;[36mc.g.d.z.s.o.a.h.client5.http.headers&amp#27;[0;39m - &amp#27;[32mhttp-outgoing-1 << Docker-Experimental: false
&amp#27;[0;39m2023-05-08 13:18:54,477 [main] &amp#27;[39mDEBUG&amp#27;[0;39m &amp#27;[36mc.g.d.z.s.o.a.h.client5.http.headers&amp#27;[0;39m - &amp#27;[32mhttp-outgoing-1 << Ostype: linux
&amp#27;[0;39m2023-05-08 13:18:54,477 [main] &amp#27;[39mDEBUG&amp#27;[0;39m &amp#27;[36mc.g.d.z.s.o.a.h.client5.http.headers&amp#27;[0;39m - &amp#27;[32mhttp-outgoing-1 << Server: Docker/23.0.5 (linux)
&amp#27;[0;39m2023-05-08 13:18:54,477 [main] &amp#27;[39mDEBUG&amp#27;[0;39m &amp#27;[36mc.g.d.z.s.o.a.h.client5.http.headers&amp#27;[0;39m - &amp#27;[32mhttp-outgoing-1 << Date: Mon, 08 May 2023 11:18:54 GMT
&amp#27;[0;39m2023-05-08 13:18:54,477 [main] &amp#27;[39mDEBUG&amp#27;[0;39m &amp#27;[36mc.g.d.z.s.o.a.h.client5.http.headers&amp#27;[0;39m - &amp#27;[32mhttp-outgoing-1 << Transfer-Encoding: chunked
&amp#27;[0;39m2023-05-08 13:18:54,477 [main] &amp#27;[39mDEBUG&amp#27;[0;39m &amp#27;[36mc.g.d.z.s.o.a.h.c.h.i.c.MainClientExec&amp#27;[0;39m - &amp#27;[32mex-0000000E: connection can be kept alive for 3 MINUTES
&amp#27;[0;39m2023-05-08 13:18:54,478 [main] &amp#27;[39mDEBUG&amp#27;[0;39m &amp#27;[36mc.g.d.z.s.o.a.h.c.h.i.c.InternalHttpClient&amp#27;[0;39m - &amp#27;[32mep-0000000D: releasing valid endpoint
&amp#27;[0;39m2023-05-08 13:18:54,478 [main] &amp#27;[39mDEBUG&amp#27;[0;39m &amp#27;[36mc.g.d.z.s.o.a.h.c.h.i.i.PoolingHttpClientConnectionManager&amp#27;[0;39m - &amp#27;[32mep-0000000D: releasing endpoint
&amp#27;[0;39m2023-05-08 13:18:54,478 [main] &amp#27;[39mDEBUG&amp#27;[0;39m &amp#27;[36mc.g.d.z.s.o.a.h.c.h.i.i.PoolingHttpClientConnectionManager&amp#27;[0;39m - &amp#27;[32mep-0000000D: connection http-outgoing-1 can be kept alive for 3 MINUTES
&amp#27;[0;39m2023-05-08 13:18:54,478 [main] &amp#27;[39mDEBUG&amp#27;[0;39m &amp#27;[36mc.g.d.z.s.o.a.h.c.h.i.i.PoolingHttpClientConnectionManager&amp#27;[0;39m - &amp#27;[32mep-0000000D: connection released [route: {}->unix://localhost:2375][total available: 1; route allocated: 1 of 2147483647; total allocated: 1 of 2147483647]
&amp#27;[0;39m2023-05-08 13:18:54,478 [main] &amp#27;[39mDEBUG&amp#27;[0;39m &amp#27;[36mo.t.s.c.g.d.c.command.AbstrDockerCmd&amp#27;[0;39m - &amp#27;[32mCmd: 
&amp#27;[0;39m2023-05-08 13:18:54,479 [main] &amp#27;[39mDEBUG&amp#27;[0;39m &amp#27;[36mc.g.d.z.s.o.a.h.c.h.i.c.InternalHttpClient&amp#27;[0;39m - &amp#27;[32mex-0000000F: preparing request execution
&amp#27;[0;39m2023-05-08 13:18:54,479 [main] &amp#27;[39mDEBUG&amp#27;[0;39m &amp#27;[36mc.g.d.z.s.o.a.h.c.h.p.RequestAddCookies&amp#27;[0;39m - &amp#27;[32mCookie spec selected: strict
&amp#27;[0;39m2023-05-08 13:18:54,479 [main] &amp#27;[39mDEBUG&amp#27;[0;39m &amp#27;[36mc.g.d.z.s.o.a.h.c.h.p.RequestAuthCache&amp#27;[0;39m - &amp#27;[32mAuth cache not set in the context
&amp#27;[0;39m2023-05-08 13:18:54,479 [main] &amp#27;[39mDEBUG&amp#27;[0;39m &amp#27;[36mc.g.d.z.s.o.a.h.c.h.i.c.ProtocolExec&amp#27;[0;39m - &amp#27;[32mex-0000000F: target auth state: UNCHALLENGED
&amp#27;[0;39m2023-05-08 13:18:54,479 [main] &amp#27;[39mDEBUG&amp#27;[0;39m &amp#27;[36mc.g.d.z.s.o.a.h.c.h.i.c.ProtocolExec&amp#27;[0;39m - &amp#27;[32mex-0000000F: proxy auth state: UNCHALLENGED
&amp#27;[0;39m2023-05-08 13:18:54,479 [main] &amp#27;[39mDEBUG&amp#27;[0;39m &amp#27;[36mc.g.d.z.s.o.a.h.c.h.i.c.ConnectExec&amp#27;[0;39m - &amp#27;[32mex-0000000F: acquiring connection with route {}->unix://localhost:2375
&amp#27;[0;39m2023-05-08 13:18:54,479 [main] &amp#27;[39mDEBUG&amp#27;[0;39m &amp#27;[36mc.g.d.z.s.o.a.h.c.h.i.c.InternalHttpClient&amp#27;[0;39m - &amp#27;[32mex-0000000F: acquiring endpoint (3 MINUTES)
&amp#27;[0;39m2023-05-08 13:18:54,479 [main] &amp#27;[39mDEBUG&amp#27;[0;39m &amp#27;[36mc.g.d.z.s.o.a.h.c.h.i.i.PoolingHttpClientConnectionManager&amp#27;[0;39m - &amp#27;[32mex-0000000F: endpoint lease request (3 MINUTES) [route: {}->unix://localhost:2375][total available: 1; route allocated: 1 of 2147483647; total allocated: 1 of 2147483647]
&amp#27;[0;39m2023-05-08 13:18:54,479 [main] &amp#27;[39mDEBUG&amp#27;[0;39m &amp#27;[36mc.g.d.z.s.o.a.h.c.h.i.i.PoolingHttpClientConnectionManager&amp#27;[0;39m - &amp#27;[32mex-0000000F: endpoint leased [route: {}->unix://localhost:2375][total available: 0; route allocated: 1 of 2147483647; total allocated: 1 of 2147483647]
&amp#27;[0;39m2023-05-08 13:18:54,479 [main] &amp#27;[39mDEBUG&amp#27;[0;39m &amp#27;[36mc.g.d.z.s.o.a.h.c.h.i.i.PoolingHttpClientConnectionManager&amp#27;[0;39m - &amp#27;[32mex-0000000F: acquired ep-0000000E
&amp#27;[0;39m2023-05-08 13:18:54,479 [main] &amp#27;[39mDEBUG&amp#27;[0;39m &amp#27;[36mc.g.d.z.s.o.a.h.c.h.i.c.InternalHttpClient&amp#27;[0;39m - &amp#27;[32mex-0000000F: acquired endpoint ep-0000000E
&amp#27;[0;39m2023-05-08 13:18:54,479 [main] &amp#27;[39mDEBUG&amp#27;[0;39m &amp#27;[36mc.g.d.z.s.o.a.h.c.h.i.c.MainClientExec&amp#27;[0;39m - &amp#27;[32mex-0000000F: executing GET /v1.32/version HTTP/1.1
&amp#27;[0;39m2023-05-08 13:18:54,479 [main] &amp#27;[39mDEBUG&amp#27;[0;39m &amp#27;[36mc.g.d.z.s.o.a.h.c.h.i.c.InternalHttpClient&amp#27;[0;39m - &amp#27;[32mep-0000000E: start execution ex-0000000F
&amp#27;[0;39m2023-05-08 13:18:54,479 [main] &amp#27;[39mDEBUG&amp#27;[0;39m &amp#27;[36mc.g.d.z.s.o.a.h.c.h.i.i.PoolingHttpClientConnectionManager&amp#27;[0;39m - &amp#27;[32mep-0000000E: executing exchange ex-0000000F over http-outgoing-1
&amp#27;[0;39m2023-05-08 13:18:54,479 [main] &amp#27;[39mDEBUG&amp#27;[0;39m &amp#27;[36mc.g.d.z.s.o.a.h.client5.http.headers&amp#27;[0;39m - &amp#27;[32mhttp-outgoing-1 >> GET /v1.32/version HTTP/1.1
&amp#27;[0;39m2023-05-08 13:18:54,479 [main] &amp#27;[39mDEBUG&amp#27;[0;39m &amp#27;[36mc.g.d.z.s.o.a.h.client5.http.headers&amp#27;[0;39m - &amp#27;[32mhttp-outgoing-1 >> accept: application/json
&amp#27;[0;39m2023-05-08 13:18:54,479 [main] &amp#27;[39mDEBUG&amp#27;[0;39m &amp#27;[36mc.g.d.z.s.o.a.h.client5.http.headers&amp#27;[0;39m - &amp#27;[32mhttp-outgoing-1 >> x-tc-sid: f1b696c1-ec3f-4f95-afa8-081853be7ccb
&amp#27;[0;39m2023-05-08 13:18:54,479 [main] &amp#27;[39mDEBUG&amp#27;[0;39m &amp#27;[36mc.g.d.z.s.o.a.h.client5.http.headers&amp#27;[0;39m - &amp#27;[32mhttp-outgoing-1 >> Accept-Encoding: gzip, x-gzip, deflate
&amp#27;[0;39m2023-05-08 13:18:54,479 [main] &amp#27;[39mDEBUG&amp#27;[0;39m &amp#27;[36mc.g.d.z.s.o.a.h.client5.http.headers&amp#27;[0;39m - &amp#27;[32mhttp-outgoing-1 >> Host: localhost:2375
&amp#27;[0;39m2023-05-08 13:18:54,479 [main] &amp#27;[39mDEBUG&amp#27;[0;39m &amp#27;[36mc.g.d.z.s.o.a.h.client5.http.headers&amp#27;[0;39m - &amp#27;[32mhttp-outgoing-1 >> Connection: keep-alive
&amp#27;[0;39m2023-05-08 13:18:54,479 [main] &amp#27;[39mDEBUG&amp#27;[0;39m &amp#27;[36mc.g.d.z.s.o.a.h.client5.http.headers&amp#27;[0;39m - &amp#27;[32mhttp-outgoing-1 >> User-Agent: Apache-HttpClient/5.0.3 (Java/17.0.6)
&amp#27;[0;39m2023-05-08 13:18:54,479 [main] &amp#27;[39mDEBUG&amp#27;[0;39m &amp#27;[36mc.g.d.z.s.o.a.hc.client5.http.wire&amp#27;[0;39m - &amp#27;[32mhttp-outgoing-1 >> "GET /v1.32/version HTTP/1.1[\r][\n]"
&amp#27;[0;39m2023-05-08 13:18:54,479 [main] &amp#27;[39mDEBUG&amp#27;[0;39m &amp#27;[36mc.g.d.z.s.o.a.hc.client5.http.wire&amp#27;[0;39m - &amp#27;[32mhttp-outgoing-1 >> "accept: application/json[\r][\n]"
&amp#27;[0;39m2023-05-08 13:18:54,479 [main] &amp#27;[39mDEBUG&amp#27;[0;39m &amp#27;[36mc.g.d.z.s.o.a.hc.client5.http.wire&amp#27;[0;39m - &amp#27;[32mhttp-outgoing-1 >> "x-tc-sid: f1b696c1-ec3f-4f95-afa8-081853be7ccb[\r][\n]"
&amp#27;[0;39m2023-05-08 13:18:54,479 [main] &amp#27;[39mDEBUG&amp#27;[0;39m &amp#27;[36mc.g.d.z.s.o.a.hc.client5.http.wire&amp#27;[0;39m - &amp#27;[32mhttp-outgoing-1 >> "Accept-Encoding: gzip, x-gzip, deflate[\r][\n]"
&amp#27;[0;39m2023-05-08 13:18:54,479 [main] &amp#27;[39mDEBUG&amp#27;[0;39m &amp#27;[36mc.g.d.z.s.o.a.hc.client5.http.wire&amp#27;[0;39m - &amp#27;[32mhttp-outgoing-1 >> "Host: localhost:2375[\r][\n]"
&amp#27;[0;39m2023-05-08 13:18:54,479 [main] &amp#27;[39mDEBUG&amp#27;[0;39m &amp#27;[36mc.g.d.z.s.o.a.hc.client5.http.wire&amp#27;[0;39m - &amp#27;[32mhttp-outgoing-1 >> "Connection: keep-alive[\r][\n]"
&amp#27;[0;39m2023-05-08 13:18:54,479 [main] &amp#27;[39mDEBUG&amp#27;[0;39m &amp#27;[36mc.g.d.z.s.o.a.hc.client5.http.wire&amp#27;[0;39m - &amp#27;[32mhttp-outgoing-1 >> "User-Agent: Apache-HttpClient/5.0.3 (Java/17.0.6)[\r][\n]"
&amp#27;[0;39m2023-05-08 13:18:54,479 [main] &amp#27;[39mDEBUG&amp#27;[0;39m &amp#27;[36mc.g.d.z.s.o.a.hc.client5.http.wire&amp#27;[0;39m - &amp#27;[32mhttp-outgoing-1 >> "[\r][\n]"
&amp#27;[0;39m2023-05-08 13:18:54,484 [main] &amp#27;[39mDEBUG&amp#27;[0;39m &amp#27;[36mc.g.d.z.s.o.a.hc.client5.http.wire&amp#27;[0;39m - &amp#27;[32mhttp-outgoing-1 << "HTTP/1.1 200 OK[\r][\n]"
&amp#27;[0;39m2023-05-08 13:18:54,484 [main] &amp#27;[39mDEBUG&amp#27;[0;39m &amp#27;[36mc.g.d.z.s.o.a.hc.client5.http.wire&amp#27;[0;39m - &amp#27;[32mhttp-outgoing-1 << "Api-Version: 1.42[\r][\n]"
&amp#27;[0;39m2023-05-08 13:18:54,484 [main] &amp#27;[39mDEBUG&amp#27;[0;39m &amp#27;[36mc.g.d.z.s.o.a.hc.client5.http.wire&amp#27;[0;39m - &amp#27;[32mhttp-outgoing-1 << "Content-Type: application/json[\r][\n]"
&amp#27;[0;39m2023-05-08 13:18:54,484 [main] &amp#27;[39mDEBUG&amp#27;[0;39m &amp#27;[36mc.g.d.z.s.o.a.hc.client5.http.wire&amp#27;[0;39m - &amp#27;[32mhttp-outgoing-1 << "Docker-Experimental: false[\r][\n]"
&amp#27;[0;39m2023-05-08 13:18:54,484 [main] &amp#27;[39mDEBUG&amp#27;[0;39m &amp#27;[36mc.g.d.z.s.o.a.hc.client5.http.wire&amp#27;[0;39m - &amp#27;[32mhttp-outgoing-1 << "Ostype: linux[\r][\n]"
&amp#27;[0;39m2023-05-08 13:18:54,484 [main] &amp#27;[39mDEBUG&amp#27;[0;39m &amp#27;[36mc.g.d.z.s.o.a.hc.client5.http.wire&amp#27;[0;39m - &amp#27;[32mhttp-outgoing-1 << "Server: Docker/23.0.5 (linux)[\r][\n]"
&amp#27;[0;39m2023-05-08 13:18:54,484 [main] &amp#27;[39mDEBUG&amp#27;[0;39m &amp#27;[36mc.g.d.z.s.o.a.hc.client5.http.wire&amp#27;[0;39m - &amp#27;[32mhttp-outgoing-1 << "Date: Mon, 08 May 2023 11:18:54 GMT[\r][\n]"
&amp#27;[0;39m2023-05-08 13:18:54,484 [main] &amp#27;[39mDEBUG&amp#27;[0;39m &amp#27;[36mc.g.d.z.s.o.a.hc.client5.http.wire&amp#27;[0;39m - &amp#27;[32mhttp-outgoing-1 << "Content-Length: 832[\r][\n]"
&amp#27;[0;39m2023-05-08 13:18:54,484 [main] &amp#27;[39mDEBUG&amp#27;[0;39m &amp#27;[36mc.g.d.z.s.o.a.hc.client5.http.wire&amp#27;[0;39m - &amp#27;[32mhttp-outgoing-1 << "[\r][\n]"
&amp#27;[0;39m2023-05-08 13:18:54,484 [main] &amp#27;[39mDEBUG&amp#27;[0;39m &amp#27;[36mc.g.d.z.s.o.a.hc.client5.http.wire&amp#27;[0;39m - &amp#27;[32mhttp-outgoing-1 << "{"Platform":{"Name":"Docker Engine - Community"},"Components":[{"Name":"Engine","Version":"23.0.5","Details":{"ApiVersion":"1.42","Arch":"amd64","BuildTime":"2023-04-26T16:21:07.000000000+00:00","Experimental":"false","GitCommit":"94d3ad6","GoVersion":"go1.19.8","KernelVersion":"6.2.6-76060206-generic","MinAPIVersion":"1.12","Os":"linux"}},{"Name":"containerd","Version":"1.6.21","Details":{"GitCommit":"3dce8eb055cbb6872793272b4f20ed16117344f8"}},{"Name":"runc","Version":"1.1.7","Details":{"GitCommit":"v1.1.7-0-g860f061"}},{"Name":"docker-init","Version":"0.19.0","Details":{"GitCommit":"de40ad0"}}],"Version":"23.0.5","ApiVersion":"1.42","MinAPIVersion":"1.12","GitCommit":"94d3ad6","GoVersion":"go1.19.8","Os":"linux","Arch":"amd64","KernelVersion":"6.2.6-76060206-generic","BuildTime":"2023-04-26T16:21:07.000000000+00:00"}[\n]"
&amp#27;[0;39m2023-05-08 13:18:54,484 [main] &amp#27;[39mDEBUG&amp#27;[0;39m &amp#27;[36mc.g.d.z.s.o.a.h.client5.http.headers&amp#27;[0;39m - &amp#27;[32mhttp-outgoing-1 << HTTP/1.1 200 OK
&amp#27;[0;39m2023-05-08 13:18:54,484 [main] &amp#27;[39mDEBUG&amp#27;[0;39m &amp#27;[36mc.g.d.z.s.o.a.h.client5.http.headers&amp#27;[0;39m - &amp#27;[32mhttp-outgoing-1 << Api-Version: 1.42
&amp#27;[0;39m2023-05-08 13:18:54,484 [main] &amp#27;[39mDEBUG&amp#27;[0;39m &amp#27;[36mc.g.d.z.s.o.a.h.client5.http.headers&amp#27;[0;39m - &amp#27;[32mhttp-outgoing-1 << Content-Type: application/json
&amp#27;[0;39m2023-05-08 13:18:54,484 [main] &amp#27;[39mDEBUG&amp#27;[0;39m &amp#27;[36mc.g.d.z.s.o.a.h.client5.http.headers&amp#27;[0;39m - &amp#27;[32mhttp-outgoing-1 << Docker-Experimental: false
&amp#27;[0;39m2023-05-08 13:18:54,484 [main] &amp#27;[39mDEBUG&amp#27;[0;39m &amp#27;[36mc.g.d.z.s.o.a.h.client5.http.headers&amp#27;[0;39m - &amp#27;[32mhttp-outgoing-1 << Ostype: linux
&amp#27;[0;39m2023-05-08 13:18:54,484 [main] &amp#27;[39mDEBUG&amp#27;[0;39m &amp#27;[36mc.g.d.z.s.o.a.h.client5.http.headers&amp#27;[0;39m - &amp#27;[32mhttp-outgoing-1 << Server: Docker/23.0.5 (linux)
&amp#27;[0;39m2023-05-08 13:18:54,484 [main] &amp#27;[39mDEBUG&amp#27;[0;39m &amp#27;[36mc.g.d.z.s.o.a.h.client5.http.headers&amp#27;[0;39m - &amp#27;[32mhttp-outgoing-1 << Date: Mon, 08 May 2023 11:18:54 GMT
&amp#27;[0;39m2023-05-08 13:18:54,484 [main] &amp#27;[39mDEBUG&amp#27;[0;39m &amp#27;[36mc.g.d.z.s.o.a.h.client5.http.headers&amp#27;[0;39m - &amp#27;[32mhttp-outgoing-1 << Content-Length: 832
&amp#27;[0;39m2023-05-08 13:18:54,485 [main] &amp#27;[39mDEBUG&amp#27;[0;39m &amp#27;[36mc.g.d.z.s.o.a.h.c.h.i.c.MainClientExec&amp#27;[0;39m - &amp#27;[32mex-0000000F: connection can be kept alive for 3 MINUTES
&amp#27;[0;39m2023-05-08 13:18:54,485 [main] &amp#27;[39mDEBUG&amp#27;[0;39m &amp#27;[36mc.g.d.z.s.o.a.h.c.h.i.c.InternalHttpClient&amp#27;[0;39m - &amp#27;[32mep-0000000E: releasing valid endpoint
&amp#27;[0;39m2023-05-08 13:18:54,485 [main] &amp#27;[39mDEBUG&amp#27;[0;39m &amp#27;[36mc.g.d.z.s.o.a.h.c.h.i.i.PoolingHttpClientConnectionManager&amp#27;[0;39m - &amp#27;[32mep-0000000E: releasing endpoint
&amp#27;[0;39m2023-05-08 13:18:54,485 [main] &amp#27;[39mDEBUG&amp#27;[0;39m &amp#27;[36mc.g.d.z.s.o.a.h.c.h.i.i.PoolingHttpClientConnectionManager&amp#27;[0;39m - &amp#27;[32mep-0000000E: connection http-outgoing-1 can be kept alive for 3 MINUTES
&amp#27;[0;39m2023-05-08 13:18:54,485 [main] &amp#27;[39mDEBUG&amp#27;[0;39m &amp#27;[36mc.g.d.z.s.o.a.h.c.h.i.i.PoolingHttpClientConnectionManager&amp#27;[0;39m - &amp#27;[32mep-0000000E: connection released [route: {}->unix://localhost:2375][total available: 1; route allocated: 1 of 2147483647; total allocated: 1 of 2147483647]
&amp#27;[0;39m2023-05-08 13:18:54,485 [main] &amp#27;[34mINFO &amp#27;[0;39m &amp#27;[36mtc.mysql:8.0.0&amp#27;[0;39m - &amp#27;[32mWaiting for database connection to become available at jdbc:mysql://localhost:32781/test using query 'SELECT 1'
&amp#27;[0;39m2023-05-08 13:18:54,485 [main] &amp#27;[39mDEBUG&amp#27;[0;39m &amp#27;[36mo.t.s.c.g.d.c.command.AbstrDockerCmd&amp#27;[0;39m - &amp#27;[32mCmd: cccfb0602d7e775562ae171a9fe0a7ec811b6906268008a84fea93151d2a7305,false
&amp#27;[0;39m2023-05-08 13:18:54,485 [main] &amp#27;[39mDEBUG&amp#27;[0;39m &amp#27;[36mo.t.s.c.g.d.c.e.InspectContainerCmdExec&amp#27;[0;39m - &amp#27;[32mGET: DefaultWebTarget{path=[/containers/cccfb0602d7e775562ae171a9fe0a7ec811b6906268008a84fea93151d2a7305/json], queryParams={}}
&amp#27;[0;39m2023-05-08 13:18:54,486 [main] &amp#27;[39mDEBUG&amp#27;[0;39m &amp#27;[36mc.g.d.z.s.o.a.h.c.h.i.c.InternalHttpClient&amp#27;[0;39m - &amp#27;[32mex-00000010: preparing request execution
&amp#27;[0;39m2023-05-08 13:18:54,486 [main] &amp#27;[39mDEBUG&amp#27;[0;39m &amp#27;[36mc.g.d.z.s.o.a.h.c.h.p.RequestAddCookies&amp#27;[0;39m - &amp#27;[32mCookie spec selected: strict
&amp#27;[0;39m2023-05-08 13:18:54,486 [main] &amp#27;[39mDEBUG&amp#27;[0;39m &amp#27;[36mc.g.d.z.s.o.a.h.c.h.p.RequestAuthCache&amp#27;[0;39m - &amp#27;[32mAuth cache not set in the context
&amp#27;[0;39m2023-05-08 13:18:54,486 [main] &amp#27;[39mDEBUG&amp#27;[0;39m &amp#27;[36mc.g.d.z.s.o.a.h.c.h.i.c.ProtocolExec&amp#27;[0;39m - &amp#27;[32mex-00000010: target auth state: UNCHALLENGED
&amp#27;[0;39m2023-05-08 13:18:54,486 [main] &amp#27;[39mDEBUG&amp#27;[0;39m &amp#27;[36mc.g.d.z.s.o.a.h.c.h.i.c.ProtocolExec&amp#27;[0;39m - &amp#27;[32mex-00000010: proxy auth state: UNCHALLENGED
&amp#27;[0;39m2023-05-08 13:18:54,486 [main] &amp#27;[39mDEBUG&amp#27;[0;39m &amp#27;[36mc.g.d.z.s.o.a.h.c.h.i.c.ConnectExec&amp#27;[0;39m - &amp#27;[32mex-00000010: acquiring connection with route {}->unix://localhost:2375
&amp#27;[0;39m2023-05-08 13:18:54,486 [main] &amp#27;[39mDEBUG&amp#27;[0;39m &amp#27;[36mc.g.d.z.s.o.a.h.c.h.i.c.InternalHttpClient&amp#27;[0;39m - &amp#27;[32mex-00000010: acquiring endpoint (3 MINUTES)
&amp#27;[0;39m2023-05-08 13:18:54,486 [main] &amp#27;[39mDEBUG&amp#27;[0;39m &amp#27;[36mc.g.d.z.s.o.a.h.c.h.i.i.PoolingHttpClientConnectionManager&amp#27;[0;39m - &amp#27;[32mex-00000010: endpoint lease request (3 MINUTES) [route: {}->unix://localhost:2375][total available: 1; route allocated: 1 of 2147483647; total allocated: 1 of 2147483647]
&amp#27;[0;39m2023-05-08 13:18:54,486 [main] &amp#27;[39mDEBUG&amp#27;[0;39m &amp#27;[36mc.g.d.z.s.o.a.h.c.h.i.i.PoolingHttpClientConnectionManager&amp#27;[0;39m - &amp#27;[32mex-00000010: endpoint leased [route: {}->unix://localhost:2375][total available: 0; route allocated: 1 of 2147483647; total allocated: 1 of 2147483647]
&amp#27;[0;39m2023-05-08 13:18:54,486 [main] &amp#27;[39mDEBUG&amp#27;[0;39m &amp#27;[36mc.g.d.z.s.o.a.h.c.h.i.i.PoolingHttpClientConnectionManager&amp#27;[0;39m - &amp#27;[32mex-00000010: acquired ep-0000000F
&amp#27;[0;39m2023-05-08 13:18:54,486 [main] &amp#27;[39mDEBUG&amp#27;[0;39m &amp#27;[36mc.g.d.z.s.o.a.h.c.h.i.c.InternalHttpClient&amp#27;[0;39m - &amp#27;[32mex-00000010: acquired endpoint ep-0000000F
&amp#27;[0;39m2023-05-08 13:18:54,486 [main] &amp#27;[39mDEBUG&amp#27;[0;39m &amp#27;[36mc.g.d.z.s.o.a.h.c.h.i.c.MainClientExec&amp#27;[0;39m - &amp#27;[32mex-00000010: executing GET /v1.32/containers/cccfb0602d7e775562ae171a9fe0a7ec811b6906268008a84fea93151d2a7305/json HTTP/1.1
&amp#27;[0;39m2023-05-08 13:18:54,486 [main] &amp#27;[39mDEBUG&amp#27;[0;39m &amp#27;[36mc.g.d.z.s.o.a.h.c.h.i.c.InternalHttpClient&amp#27;[0;39m - &amp#27;[32mep-0000000F: start execution ex-00000010
&amp#27;[0;39m2023-05-08 13:18:54,486 [main] &amp#27;[39mDEBUG&amp#27;[0;39m &amp#27;[36mc.g.d.z.s.o.a.h.c.h.i.i.PoolingHttpClientConnectionManager&amp#27;[0;39m - &amp#27;[32mep-0000000F: executing exchange ex-00000010 over http-outgoing-1
&amp#27;[0;39m2023-05-08 13:18:54,486 [main] &amp#27;[39mDEBUG&amp#27;[0;39m &amp#27;[36mc.g.d.z.s.o.a.h.client5.http.headers&amp#27;[0;39m - &amp#27;[32mhttp-outgoing-1 >> GET /v1.32/containers/cccfb0602d7e775562ae171a9fe0a7ec811b6906268008a84fea93151d2a7305/json HTTP/1.1
&amp#27;[0;39m2023-05-08 13:18:54,486 [main] &amp#27;[39mDEBUG&amp#27;[0;39m &amp#27;[36mc.g.d.z.s.o.a.h.client5.http.headers&amp#27;[0;39m - &amp#27;[32mhttp-outgoing-1 >> accept: application/json
&amp#27;[0;39m2023-05-08 13:18:54,486 [main] &amp#27;[39mDEBUG&amp#27;[0;39m &amp#27;[36mc.g.d.z.s.o.a.h.client5.http.headers&amp#27;[0;39m - &amp#27;[32mhttp-outgoing-1 >> x-tc-sid: f1b696c1-ec3f-4f95-afa8-081853be7ccb
&amp#27;[0;39m2023-05-08 13:18:54,486 [main] &amp#27;[39mDEBUG&amp#27;[0;39m &amp#27;[36mc.g.d.z.s.o.a.h.client5.http.headers&amp#27;[0;39m - &amp#27;[32mhttp-outgoing-1 >> Accept-Encoding: gzip, x-gzip, deflate
&amp#27;[0;39m2023-05-08 13:18:54,486 [main] &amp#27;[39mDEBUG&amp#27;[0;39m &amp#27;[36mc.g.d.z.s.o.a.h.client5.http.headers&amp#27;[0;39m - &amp#27;[32mhttp-outgoing-1 >> Host: localhost:2375
&amp#27;[0;39m2023-05-08 13:18:54,486 [main] &amp#27;[39mDEBUG&amp#27;[0;39m &amp#27;[36mc.g.d.z.s.o.a.h.client5.http.headers&amp#27;[0;39m - &amp#27;[32mhttp-outgoing-1 >> Connection: keep-alive
&amp#27;[0;39m2023-05-08 13:18:54,486 [main] &amp#27;[39mDEBUG&amp#27;[0;39m &amp#27;[36mc.g.d.z.s.o.a.h.client5.http.headers&amp#27;[0;39m - &amp#27;[32mhttp-outgoing-1 >> User-Agent: Apache-HttpClient/5.0.3 (Java/17.0.6)
&amp#27;[0;39m2023-05-08 13:18:54,486 [main] &amp#27;[39mDEBUG&amp#27;[0;39m &amp#27;[36mc.g.d.z.s.o.a.hc.client5.http.wire&amp#27;[0;39m - &amp#27;[32mhttp-outgoing-1 >> "GET /v1.32/containers/cccfb0602d7e775562ae171a9fe0a7ec811b6906268008a84fea93151d2a7305/json HTTP/1.1[\r][\n]"
&amp#27;[0;39m2023-05-08 13:18:54,486 [main] &amp#27;[39mDEBUG&amp#27;[0;39m &amp#27;[36mc.g.d.z.s.o.a.hc.client5.http.wire&amp#27;[0;39m - &amp#27;[32mhttp-outgoing-1 >> "accept: application/json[\r][\n]"
&amp#27;[0;39m2023-05-08 13:18:54,486 [main] &amp#27;[39mDEBUG&amp#27;[0;39m &amp#27;[36mc.g.d.z.s.o.a.hc.client5.http.wire&amp#27;[0;39m - &amp#27;[32mhttp-outgoing-1 >> "x-tc-sid: f1b696c1-ec3f-4f95-afa8-081853be7ccb[\r][\n]"
&amp#27;[0;39m2023-05-08 13:18:54,486 [main] &amp#27;[39mDEBUG&amp#27;[0;39m &amp#27;[36mc.g.d.z.s.o.a.hc.client5.http.wire&amp#27;[0;39m - &amp#27;[32mhttp-outgoing-1 >> "Accept-Encoding: gzip, x-gzip, deflate[\r][\n]"
&amp#27;[0;39m2023-05-08 13:18:54,486 [main] &amp#27;[39mDEBUG&amp#27;[0;39m &amp#27;[36mc.g.d.z.s.o.a.hc.client5.http.wire&amp#27;[0;39m - &amp#27;[32mhttp-outgoing-1 >> "Host: localhost:2375[\r][\n]"
&amp#27;[0;39m2023-05-08 13:18:54,486 [main] &amp#27;[39mDEBUG&amp#27;[0;39m &amp#27;[36mc.g.d.z.s.o.a.hc.client5.http.wire&amp#27;[0;39m - &amp#27;[32mhttp-outgoing-1 >> "Connection: keep-alive[\r][\n]"
&amp#27;[0;39m2023-05-08 13:18:54,486 [main] &amp#27;[39mDEBUG&amp#27;[0;39m &amp#27;[36mc.g.d.z.s.o.a.hc.client5.http.wire&amp#27;[0;39m - &amp#27;[32mhttp-outgoing-1 >> "User-Agent: Apache-HttpClient/5.0.3 (Java/17.0.6)[\r][\n]"
&amp#27;[0;39m2023-05-08 13:18:54,486 [main] &amp#27;[39mDEBUG&amp#27;[0;39m &amp#27;[36mc.g.d.z.s.o.a.hc.client5.http.wire&amp#27;[0;39m - &amp#27;[32mhttp-outgoing-1 >> "[\r][\n]"
&amp#27;[0;39m2023-05-08 13:18:54,487 [main] &amp#27;[39mDEBUG&amp#27;[0;39m &amp#27;[36mc.g.d.z.s.o.a.hc.client5.http.wire&amp#27;[0;39m - &amp#27;[32mhttp-outgoing-1 << "HTTP/1.1 200 OK[\r][\n]"
&amp#27;[0;39m2023-05-08 13:18:54,487 [main] &amp#27;[39mDEBUG&amp#27;[0;39m &amp#27;[36mc.g.d.z.s.o.a.hc.client5.http.wire&amp#27;[0;39m - &amp#27;[32mhttp-outgoing-1 << "Api-Version: 1.42[\r][\n]"
&amp#27;[0;39m2023-05-08 13:18:54,487 [main] &amp#27;[39mDEBUG&amp#27;[0;39m &amp#27;[36mc.g.d.z.s.o.a.hc.client5.http.wire&amp#27;[0;39m - &amp#27;[32mhttp-outgoing-1 << "Content-Type: application/json[\r][\n]"
&amp#27;[0;39m2023-05-08 13:18:54,487 [main] &amp#27;[39mDEBUG&amp#27;[0;39m &amp#27;[36mc.g.d.z.s.o.a.hc.client5.http.wire&amp#27;[0;39m - &amp#27;[32mhttp-outgoing-1 << "Docker-Experimental: false[\r][\n]"
&amp#27;[0;39m2023-05-08 13:18:54,487 [main] &amp#27;[39mDEBUG&amp#27;[0;39m &amp#27;[36mc.g.d.z.s.o.a.hc.client5.http.wire&amp#27;[0;39m - &amp#27;[32mhttp-outgoing-1 << "Ostype: linux[\r][\n]"
&amp#27;[0;39m2023-05-08 13:18:54,487 [main] &amp#27;[39mDEBUG&amp#27;[0;39m &amp#27;[36mc.g.d.z.s.o.a.hc.client5.http.wire&amp#27;[0;39m - &amp#27;[32mhttp-outgoing-1 << "Server: Docker/23.0.5 (linux)[\r][\n]"
&amp#27;[0;39m2023-05-08 13:18:54,487 [main] &amp#27;[39mDEBUG&amp#27;[0;39m &amp#27;[36mc.g.d.z.s.o.a.hc.client5.http.wire&amp#27;[0;39m - &amp#27;[32mhttp-outgoing-1 << "Date: Mon, 08 May 2023 11:18:54 GMT[\r][\n]"
&amp#27;[0;39m2023-05-08 13:18:54,487 [main] &amp#27;[39mDEBUG&amp#27;[0;39m &amp#27;[36mc.g.d.z.s.o.a.hc.client5.http.wire&amp#27;[0;39m - &amp#27;[32mhttp-outgoing-1 << "Transfer-Encoding: chunked[\r][\n]"
&amp#27;[0;39m2023-05-08 13:18:54,487 [main] &amp#27;[39mDEBUG&amp#27;[0;39m &amp#27;[36mc.g.d.z.s.o.a.hc.client5.http.wire&amp#27;[0;39m - &amp#27;[32mhttp-outgoing-1 << "[\r][\n]"
&amp#27;[0;39m2023-05-08 13:18:54,487 [main] &amp#27;[39mDEBUG&amp#27;[0;39m &amp#27;[36mc.g.d.z.s.o.a.hc.client5.http.wire&amp#27;[0;39m - &amp#27;[32mhttp-outgoing-1 << "1890[\r][\n]"
&amp#27;[0;39m2023-05-08 13:18:54,487 [main] &amp#27;[39mDEBUG&amp#27;[0;39m &amp#27;[36mc.g.d.z.s.o.a.hc.client5.http.wire&amp#27;[0;39m - &amp#27;[32mhttp-outgoing-1 << "{"Id":"cccfb0602d7e775562ae171a9fe0a7ec811b6906268008a84fea93151d2a7305","Created":"2023-05-08T11:18:54.120535425Z","Path":"docker-entrypoint.sh","Args":["mysqld"],"State":{"Status":"running","Running":true,"Paused":false,"Restarting":false,"OOMKilled":false,"Dead":false,"Pid":59126,"ExitCode":0,"Error":"","StartedAt":"2023-05-08T11:18:54.468577716Z","FinishedAt":"0001-01-01T00:00:00Z"},"Image":"sha256:228d71078f8ce5ae9fd96b183f88c3a90e30544b4b7ce9d64a238d05fef2a681","ResolvConfPath":"/var/lib/docker/containers/cccfb0602d7e775562ae171a9fe0a7ec811b6906268008a84fea93151d2a7305/resolv.conf","HostnamePath":"/var/lib/docker/containers/cccfb0602d7e775562ae171a9fe0a7ec811b6906268008a84fea93151d2a7305/hostname","HostsPath":"/var/lib/docker/containers/cccfb0602d7e775562ae171a9fe0a7ec811b6906268008a84fea93151d2a7305/hosts","LogPath":"/var/lib/docker/containers/cccfb0602d7e775562ae171a9fe0a7ec811b6906268008a84fea93151d2a7305/cccfb0602d7e775562ae171a9fe0a7ec811b6906268008a84fea93151d2a7305-json.log","Name":"/charming_goodall","RestartCount":0,"Driver":"overlay2","Platform":"linux","MountLabel":"","ProcessLabel":"","AppArmorProfile":"docker-default","ExecIDs":null,"HostConfig":{"Binds":[],"ContainerIDFile":"","LogConfig":{"Type":"json-file","Config":{}},"NetworkMode":"default","PortBindings":{"3306/tcp":[{"HostIp":"","HostPort":""}]},"RestartPolicy":{"Name":"","MaximumRetryCount":0},"AutoRemove":false,"VolumeDriver":"","VolumesFrom":[],"ConsoleSize":[0,0],"CapAdd":null,"CapDrop":null,"CgroupnsMode":"private","Dns":null,"DnsOptions":null,"DnsSearch":null,"ExtraHosts":[],"GroupAdd":null,"IpcMode":"shareable","Cgroup":"","Links":null,"OomScoreAdj":0,"PidMode":"","Privileged":false,"PublishAllPorts":false,"ReadonlyRootfs":false,"SecurityOpt":null,"UTSMode":"","UsernsMode":"","ShmSize":67108864,"Runtime":"runc","Isolation":"","CpuShares":0,"Memory":0,"NanoCpus":0,"CgroupParent":"","BlkioWeight":0,"BlkioWeightDevice":null,"BlkioDeviceReadBps":null,"BlkioDeviceWriteBps":null,"BlkioDeviceReadIOps":null,"BlkioDeviceWriteIOps":null,"CpuPeriod":0,"CpuQuota":0,"CpuRealtimePeriod":0,"CpuRealtimeRuntime":0,"CpusetCpus":"","CpusetMems":"","Devices":null,"DeviceCgroupRules":null,"DeviceRequests":null,"MemoryReservation":0,"MemorySwap":0,"MemorySwappiness":null,"OomKillDisable":null,"PidsLimit":null,"Ulimits":null,"CpuCount":0,"CpuPercent":0,"IOMaximumIOps":0,"IOMaximumBandwidth":0,"MaskedPaths":["/proc/asound","/proc/acpi","/proc/kcore","/proc/keys","/proc/latency_stats","/proc/timer_list","/proc/timer_stats","/proc/sched_debug","/proc/scsi","/sys/firmware"],"ReadonlyPaths":["/proc/bus","/proc/fs","/proc/irq","/proc/sys","/proc/sysrq-trigger"]},"GraphDriver":{"Data":{"LowerDir":"/var/lib/docker/overlay2/0075f27ac39799b376a3e23bf05a650eb10c8a0f9ef49be1ab61e98fd3b93dc3-init/diff:/var/lib/docker/overlay2/4c6e20f032f02b27a9272f982861dc21998197aa90d94ed3bef95d449380247c/diff:/var/lib/docker/overlay2/0c75f828f603eff839bb3ca448163ab2a8017e86625ac255cd3dbf1673ddac26/diff:/var/lib/docker/overlay2/da128d897fda75829109844ce6cd9d73d0f54c682e735100af000ce899908729/diff:/var/lib/docker/overlay2/b678a1f261bf323afba6d76d91ab7428bdd6e1ef4a39b5224e4a1afd08c0423a/diff:/var/lib/docker/overlay2/1bec43b14875c5f9f814f146e8e31aa78566689c2c163da2ac60a32254988437/diff:/var/lib/docker/overlay2/28f4b1e6e1a7a2dbe30f1f94fb42bccd85a61faf8af1fe30a5bb0d442c525e41/diff:/var/lib/docker/overlay2/0f493124464c291d7c97d2633d5dff04b1dce5de904cb40a34dfbe7fe72e3fd4/diff:/var/lib/docker/overlay2/05befbee9e38cd670e1786b3310e99796dcc06abbed970007b4109a5424843fa/diff:/var/lib/docker/overlay2/582bcca9acfc4eef25109e1e1b9c9d104f355798455bc73e855c99283887a6e8/diff:/var/lib/docker/overlay2/153b3bf0b69e97e8f0e5533414a31ca33fa530e63d174c9617621abe46e7e9d1/diff:/var/lib/docker/overlay2/bf87a76c0a38875ee6e915fd0d2527eafa880ec6bf2c1cb294959428c18d10bd/diff","MergedDir":"/var/lib/docker/overlay2/0075f27ac39799b376a3e23bf05a650eb10c8a0f9ef49be1ab61e98fd3b93dc3/merged","UpperDir":"/var/lib/docker/overlay2/0075f27ac39799b376a3e23bf05a650eb10c8a0f9ef49be1ab61e98fd3b93dc3/diff","WorkDir":"/var/lib/docker/overlay2/0075f27ac39799b376a3e23bf05a650eb10c8a0f9ef49be1ab61e98fd3b93dc3/work"},"Name":"overlay2"},"Mounts":[{"Type":"volume","Name":"ffd30c8cc7ed7bf91bc1ebef46b0f06493ce1d3121e28c37d40240bd74b844a5","Source":"/var/lib/docker/volumes/ffd30c8cc7ed7bf91bc1ebef46b0f06493ce1d3121e28c37d40240bd74b844a5/_data","Destination":"/var/lib/mysql","Driver":"local","Mode":"","RW":true,"Propagation":""}],"Config":{"Hostname":"cccfb0602d7e","Domainname":"","User":"","AttachStdin":false,"AttachStdout":false,"AttachStderr":false,"ExposedPorts":{"3306/tcp":{}},"Tty":false,"OpenStdin":false,"StdinOnce":false,"Env":["MYSQL_DATABASE=test","MYSQL_PASSWORD=test","MYSQL_USER=test","MYSQL_ROOT_PASSWORD=test","PATH=/usr/local/sbin:/usr/local/bin:/usr/sbin:/usr/bin:/sbin:/bin","GOSU_VERSION=1.7","MYSQL_MAJOR=8.0","MYSQL_VERSION=8.0.0-dmr-1debian8"],"Cmd":["mysqld"],"Image":"mysql:8.0.0","Volumes":{"/var/lib/mysql":{}},"WorkingDir":"","Entrypoint":["docker-entrypoint.sh"],"OnBuild":null,"Labels":{"org.testcontainers":"true","org.testcontainers.lang":"java","org.testcontainers.sessionId":"f1b696c1-ec3f-4f95-afa8-081853be7ccb","org.testcontainers.version":"1.18.0"}},"NetworkSettings":{"Bridge":"","SandboxID":"75a4ef0436803615aa77c8b97de3cbbdd49519261fe2b3b6cdcae9bd2b1154aa","HairpinMode":false,"LinkLocalIPv6Address":"","LinkLocalIPv6PrefixLen":0,"Ports":{"3306/tcp":[{"HostIp":"0.0.0.0","HostPort":"32781"},{"HostIp":"::","HostPort":"32781"}]},"SandboxKey":"/var/run/docker/netns/75a4ef043680","SecondaryIPAddresses":null,"SecondaryIPv6Addresses":null,"EndpointID":"de3a5c9cc9471fdbec5943d78a8803fca61208fe4021ac9d3922ee2e8ec0d135","Gateway":"172.17.0.1","GlobalIPv6Address":"","GlobalIPv6PrefixLen":0,"IPAddress":"172.17.0.3","IPPrefixLen":16,"IPv6Gateway":"","MacAddress":"02:42:ac:11:00:03","Networks":{"bridge":{"IPAMConfig":null,"Links":null,"Aliases":null,"NetworkID":"e1a078e12eb8d77b497ed932f7fb43787eeb6ff6972febd7d03c9282b8b5cd45","EndpointID":"de3a5c9cc9471fdbec5943d78a8803fca61208fe4021ac9d3922ee2e8ec0d135","Gateway":"172.17.0.1","IPAddress":"172.17.0.3","IPPrefixLen":16,"IPv6Gateway":"","GlobalIPv6Address":"","GlobalIPv6PrefixLen":0,"MacAddress":"02:42:ac:11:00:03","DriverOpts":null}}}}[\n]"
&amp#27;[0;39m2023-05-08 13:18:54,487 [main] &amp#27;[39mDEBUG&amp#27;[0;39m &amp#27;[36mc.g.d.z.s.o.a.hc.client5.http.wire&amp#27;[0;39m - &amp#27;[32mhttp-outgoing-1 << "[\r][\n]"
&amp#27;[0;39m2023-05-08 13:18:54,487 [main] &amp#27;[39mDEBUG&amp#27;[0;39m &amp#27;[36mc.g.d.z.s.o.a.hc.client5.http.wire&amp#27;[0;39m - &amp#27;[32mhttp-outgoing-1 << "0[\r][\n]"
&amp#27;[0;39m2023-05-08 13:18:54,487 [main] &amp#27;[39mDEBUG&amp#27;[0;39m &amp#27;[36mc.g.d.z.s.o.a.hc.client5.http.wire&amp#27;[0;39m - &amp#27;[32mhttp-outgoing-1 << "[\r][\n]"
&amp#27;[0;39m2023-05-08 13:18:54,487 [main] &amp#27;[39mDEBUG&amp#27;[0;39m &amp#27;[36mc.g.d.z.s.o.a.h.client5.http.headers&amp#27;[0;39m - &amp#27;[32mhttp-outgoing-1 << HTTP/1.1 200 OK
&amp#27;[0;39m2023-05-08 13:18:54,487 [main] &amp#27;[39mDEBUG&amp#27;[0;39m &amp#27;[36mc.g.d.z.s.o.a.h.client5.http.headers&amp#27;[0;39m - &amp#27;[32mhttp-outgoing-1 << Api-Version: 1.42
&amp#27;[0;39m2023-05-08 13:18:54,487 [main] &amp#27;[39mDEBUG&amp#27;[0;39m &amp#27;[36mc.g.d.z.s.o.a.h.client5.http.headers&amp#27;[0;39m - &amp#27;[32mhttp-outgoing-1 << Content-Type: application/json
&amp#27;[0;39m2023-05-08 13:18:54,487 [main] &amp#27;[39mDEBUG&amp#27;[0;39m &amp#27;[36mc.g.d.z.s.o.a.h.client5.http.headers&amp#27;[0;39m - &amp#27;[32mhttp-outgoing-1 << Docker-Experimental: false
&amp#27;[0;39m2023-05-08 13:18:54,487 [main] &amp#27;[39mDEBUG&amp#27;[0;39m &amp#27;[36mc.g.d.z.s.o.a.h.client5.http.headers&amp#27;[0;39m - &amp#27;[32mhttp-outgoing-1 << Ostype: linux
&amp#27;[0;39m2023-05-08 13:18:54,487 [main] &amp#27;[39mDEBUG&amp#27;[0;39m &amp#27;[36mc.g.d.z.s.o.a.h.client5.http.headers&amp#27;[0;39m - &amp#27;[32mhttp-outgoing-1 << Server: Docker/23.0.5 (linux)
&amp#27;[0;39m2023-05-08 13:18:54,487 [main] &amp#27;[39mDEBUG&amp#27;[0;39m &amp#27;[36mc.g.d.z.s.o.a.h.client5.http.headers&amp#27;[0;39m - &amp#27;[32mhttp-outgoing-1 << Date: Mon, 08 May 2023 11:18:54 GMT
&amp#27;[0;39m2023-05-08 13:18:54,488 [main] &amp#27;[39mDEBUG&amp#27;[0;39m &amp#27;[36mc.g.d.z.s.o.a.h.client5.http.headers&amp#27;[0;39m - &amp#27;[32mhttp-outgoing-1 << Transfer-Encoding: chunked
&amp#27;[0;39m2023-05-08 13:18:54,488 [main] &amp#27;[39mDEBUG&amp#27;[0;39m &amp#27;[36mc.g.d.z.s.o.a.h.c.h.i.c.MainClientExec&amp#27;[0;39m - &amp#27;[32mex-00000010: connection can be kept alive for 3 MINUTES
&amp#27;[0;39m2023-05-08 13:18:54,490 [main] &amp#27;[39mDEBUG&amp#27;[0;39m &amp#27;[36mc.g.d.z.s.o.a.h.c.h.i.c.InternalHttpClient&amp#27;[0;39m - &amp#27;[32mep-0000000F: releasing valid endpoint
&amp#27;[0;39m2023-05-08 13:18:54,490 [main] &amp#27;[39mDEBUG&amp#27;[0;39m &amp#27;[36mc.g.d.z.s.o.a.h.c.h.i.i.PoolingHttpClientConnectionManager&amp#27;[0;39m - &amp#27;[32mep-0000000F: releasing endpoint
&amp#27;[0;39m2023-05-08 13:18:54,490 [main] &amp#27;[39mDEBUG&amp#27;[0;39m &amp#27;[36mc.g.d.z.s.o.a.h.c.h.i.i.PoolingHttpClientConnectionManager&amp#27;[0;39m - &amp#27;[32mep-0000000F: connection http-outgoing-1 can be kept alive for 3 MINUTES
&amp#27;[0;39m2023-05-08 13:18:54,490 [main] &amp#27;[39mDEBUG&amp#27;[0;39m &amp#27;[36mc.g.d.z.s.o.a.h.c.h.i.i.PoolingHttpClientConnectionManager&amp#27;[0;39m - &amp#27;[32mep-0000000F: connection released [route: {}->unix://localhost:2375][total available: 1; route allocated: 1 of 2147483647; total allocated: 1 of 2147483647]
&amp#27;[0;39m2023-05-08 13:18:54,490 [main] &amp#27;[39mDEBUG&amp#27;[0;39m &amp#27;[36mo.t.s.c.g.d.c.command.AbstrDockerCmd&amp#27;[0;39m - &amp#27;[32mCmd: cccfb0602d7e775562ae171a9fe0a7ec811b6906268008a84fea93151d2a7305,false
&amp#27;[0;39m2023-05-08 13:18:54,490 [main] &amp#27;[39mDEBUG&amp#27;[0;39m &amp#27;[36mo.t.s.c.g.d.c.e.InspectContainerCmdExec&amp#27;[0;39m - &amp#27;[32mGET: DefaultWebTarget{path=[/containers/cccfb0602d7e775562ae171a9fe0a7ec811b6906268008a84fea93151d2a7305/json], queryParams={}}
&amp#27;[0;39m2023-05-08 13:18:54,491 [main] &amp#27;[39mDEBUG&amp#27;[0;39m &amp#27;[36mc.g.d.z.s.o.a.h.c.h.i.c.InternalHttpClient&amp#27;[0;39m - &amp#27;[32mex-00000011: preparing request execution
&amp#27;[0;39m2023-05-08 13:18:54,491 [main] &amp#27;[39mDEBUG&amp#27;[0;39m &amp#27;[36mc.g.d.z.s.o.a.h.c.h.p.RequestAddCookies&amp#27;[0;39m - &amp#27;[32mCookie spec selected: strict
&amp#27;[0;39m2023-05-08 13:18:54,491 [main] &amp#27;[39mDEBUG&amp#27;[0;39m &amp#27;[36mc.g.d.z.s.o.a.h.c.h.p.RequestAuthCache&amp#27;[0;39m - &amp#27;[32mAuth cache not set in the context
&amp#27;[0;39m2023-05-08 13:18:54,491 [main] &amp#27;[39mDEBUG&amp#27;[0;39m &amp#27;[36mc.g.d.z.s.o.a.h.c.h.i.c.ProtocolExec&amp#27;[0;39m - &amp#27;[32mex-00000011: target auth state: UNCHALLENGED
&amp#27;[0;39m2023-05-08 13:18:54,491 [main] &amp#27;[39mDEBUG&amp#27;[0;39m &amp#27;[36mc.g.d.z.s.o.a.h.c.h.i.c.ProtocolExec&amp#27;[0;39m - &amp#27;[32mex-00000011: proxy auth state: UNCHALLENGED
&amp#27;[0;39m2023-05-08 13:18:54,491 [main] &amp#27;[39mDEBUG&amp#27;[0;39m &amp#27;[36mc.g.d.z.s.o.a.h.c.h.i.c.ConnectExec&amp#27;[0;39m - &amp#27;[32mex-00000011: acquiring connection with route {}->unix://localhost:2375
&amp#27;[0;39m2023-05-08 13:18:54,491 [main] &amp#27;[39mDEBUG&amp#27;[0;39m &amp#27;[36mc.g.d.z.s.o.a.h.c.h.i.c.InternalHttpClient&amp#27;[0;39m - &amp#27;[32mex-00000011: acquiring endpoint (3 MINUTES)
&amp#27;[0;39m2023-05-08 13:18:54,491 [main] &amp#27;[39mDEBUG&amp#27;[0;39m &amp#27;[36mc.g.d.z.s.o.a.h.c.h.i.i.PoolingHttpClientConnectionManager&amp#27;[0;39m - &amp#27;[32mex-00000011: endpoint lease request (3 MINUTES) [route: {}->unix://localhost:2375][total available: 1; route allocated: 1 of 2147483647; total allocated: 1 of 2147483647]
&amp#27;[0;39m2023-05-08 13:18:54,491 [main] &amp#27;[39mDEBUG&amp#27;[0;39m &amp#27;[36mc.g.d.z.s.o.a.h.c.h.i.i.PoolingHttpClientConnectionManager&amp#27;[0;39m - &amp#27;[32mex-00000011: endpoint leased [route: {}->unix://localhost:2375][total available: 0; route allocated: 1 of 2147483647; total allocated: 1 of 2147483647]
&amp#27;[0;39m2023-05-08 13:18:54,491 [main] &amp#27;[39mDEBUG&amp#27;[0;39m &amp#27;[36mc.g.d.z.s.o.a.h.c.h.i.i.PoolingHttpClientConnectionManager&amp#27;[0;39m - &amp#27;[32mex-00000011: acquired ep-00000010
&amp#27;[0;39m2023-05-08 13:18:54,491 [main] &amp#27;[39mDEBUG&amp#27;[0;39m &amp#27;[36mc.g.d.z.s.o.a.h.c.h.i.c.InternalHttpClient&amp#27;[0;39m - &amp#27;[32mex-00000011: acquired endpoint ep-00000010
&amp#27;[0;39m2023-05-08 13:18:54,491 [main] &amp#27;[39mDEBUG&amp#27;[0;39m &amp#27;[36mc.g.d.z.s.o.a.h.c.h.i.c.MainClientExec&amp#27;[0;39m - &amp#27;[32mex-00000011: executing GET /v1.32/containers/cccfb0602d7e775562ae171a9fe0a7ec811b6906268008a84fea93151d2a7305/json HTTP/1.1
&amp#27;[0;39m2023-05-08 13:18:54,491 [main] &amp#27;[39mDEBUG&amp#27;[0;39m &amp#27;[36mc.g.d.z.s.o.a.h.c.h.i.c.InternalHttpClient&amp#27;[0;39m - &amp#27;[32mep-00000010: start execution ex-00000011
&amp#27;[0;39m2023-05-08 13:18:54,491 [main] &amp#27;[39mDEBUG&amp#27;[0;39m &amp#27;[36mc.g.d.z.s.o.a.h.c.h.i.i.PoolingHttpClientConnectionManager&amp#27;[0;39m - &amp#27;[32mep-00000010: executing exchange ex-00000011 over http-outgoing-1
&amp#27;[0;39m2023-05-08 13:18:54,491 [main] &amp#27;[39mDEBUG&amp#27;[0;39m &amp#27;[36mc.g.d.z.s.o.a.h.client5.http.headers&amp#27;[0;39m - &amp#27;[32mhttp-outgoing-1 >> GET /v1.32/containers/cccfb0602d7e775562ae171a9fe0a7ec811b6906268008a84fea93151d2a7305/json HTTP/1.1
&amp#27;[0;39m2023-05-08 13:18:54,491 [main] &amp#27;[39mDEBUG&amp#27;[0;39m &amp#27;[36mc.g.d.z.s.o.a.h.client5.http.headers&amp#27;[0;39m - &amp#27;[32mhttp-outgoing-1 >> accept: application/json
&amp#27;[0;39m2023-05-08 13:18:54,491 [main] &amp#27;[39mDEBUG&amp#27;[0;39m &amp#27;[36mc.g.d.z.s.o.a.h.client5.http.headers&amp#27;[0;39m - &amp#27;[32mhttp-outgoing-1 >> x-tc-sid: f1b696c1-ec3f-4f95-afa8-081853be7ccb
&amp#27;[0;39m2023-05-08 13:18:54,491 [main] &amp#27;[39mDEBUG&amp#27;[0;39m &amp#27;[36mc.g.d.z.s.o.a.h.client5.http.headers&amp#27;[0;39m - &amp#27;[32mhttp-outgoing-1 >> Accept-Encoding: gzip, x-gzip, deflate
&amp#27;[0;39m2023-05-08 13:18:54,491 [main] &amp#27;[39mDEBUG&amp#27;[0;39m &amp#27;[36mc.g.d.z.s.o.a.h.client5.http.headers&amp#27;[0;39m - &amp#27;[32mhttp-outgoing-1 >> Host: localhost:2375
&amp#27;[0;39m2023-05-08 13:18:54,491 [main] &amp#27;[39mDEBUG&amp#27;[0;39m &amp#27;[36mc.g.d.z.s.o.a.h.client5.http.headers&amp#27;[0;39m - &amp#27;[32mhttp-outgoing-1 >> Connection: keep-alive
&amp#27;[0;39m2023-05-08 13:18:54,491 [main] &amp#27;[39mDEBUG&amp#27;[0;39m &amp#27;[36mc.g.d.z.s.o.a.h.client5.http.headers&amp#27;[0;39m - &amp#27;[32mhttp-outgoing-1 >> User-Agent: Apache-HttpClient/5.0.3 (Java/17.0.6)
&amp#27;[0;39m2023-05-08 13:18:54,491 [main] &amp#27;[39mDEBUG&amp#27;[0;39m &amp#27;[36mc.g.d.z.s.o.a.hc.client5.http.wire&amp#27;[0;39m - &amp#27;[32mhttp-outgoing-1 >> "GET /v1.32/containers/cccfb0602d7e775562ae171a9fe0a7ec811b6906268008a84fea93151d2a7305/json HTTP/1.1[\r][\n]"
&amp#27;[0;39m2023-05-08 13:18:54,491 [main] &amp#27;[39mDEBUG&amp#27;[0;39m &amp#27;[36mc.g.d.z.s.o.a.hc.client5.http.wire&amp#27;[0;39m - &amp#27;[32mhttp-outgoing-1 >> "accept: application/json[\r][\n]"
&amp#27;[0;39m2023-05-08 13:18:54,491 [main] &amp#27;[39mDEBUG&amp#27;[0;39m &amp#27;[36mc.g.d.z.s.o.a.hc.client5.http.wire&amp#27;[0;39m - &amp#27;[32mhttp-outgoing-1 >> "x-tc-sid: f1b696c1-ec3f-4f95-afa8-081853be7ccb[\r][\n]"
&amp#27;[0;39m2023-05-08 13:18:54,491 [main] &amp#27;[39mDEBUG&amp#27;[0;39m &amp#27;[36mc.g.d.z.s.o.a.hc.client5.http.wire&amp#27;[0;39m - &amp#27;[32mhttp-outgoing-1 >> "Accept-Encoding: gzip, x-gzip, deflate[\r][\n]"
&amp#27;[0;39m2023-05-08 13:18:54,491 [main] &amp#27;[39mDEBUG&amp#27;[0;39m &amp#27;[36mc.g.d.z.s.o.a.hc.client5.http.wire&amp#27;[0;39m - &amp#27;[32mhttp-outgoing-1 >> "Host: localhost:2375[\r][\n]"
&amp#27;[0;39m2023-05-08 13:18:54,491 [main] &amp#27;[39mDEBUG&amp#27;[0;39m &amp#27;[36mc.g.d.z.s.o.a.hc.client5.http.wire&amp#27;[0;39m - &amp#27;[32mhttp-outgoing-1 >> "Connection: keep-alive[\r][\n]"
&amp#27;[0;39m2023-05-08 13:18:54,491 [main] &amp#27;[39mDEBUG&amp#27;[0;39m &amp#27;[36mc.g.d.z.s.o.a.hc.client5.http.wire&amp#27;[0;39m - &amp#27;[32mhttp-outgoing-1 >> "User-Agent: Apache-HttpClient/5.0.3 (Java/17.0.6)[\r][\n]"
&amp#27;[0;39m2023-05-08 13:18:54,491 [main] &amp#27;[39mDEBUG&amp#27;[0;39m &amp#27;[36mc.g.d.z.s.o.a.hc.client5.http.wire&amp#27;[0;39m - &amp#27;[32mhttp-outgoing-1 >> "[\r][\n]"
&amp#27;[0;39m2023-05-08 13:18:54,492 [main] &amp#27;[39mDEBUG&amp#27;[0;39m &amp#27;[36mc.g.d.z.s.o.a.hc.client5.http.wire&amp#27;[0;39m - &amp#27;[32mhttp-outgoing-1 << "HTTP/1.1 200 OK[\r][\n]"
&amp#27;[0;39m2023-05-08 13:18:54,492 [main] &amp#27;[39mDEBUG&amp#27;[0;39m &amp#27;[36mc.g.d.z.s.o.a.hc.client5.http.wire&amp#27;[0;39m - &amp#27;[32mhttp-outgoing-1 << "Api-Version: 1.42[\r][\n]"
&amp#27;[0;39m2023-05-08 13:18:54,492 [main] &amp#27;[39mDEBUG&amp#27;[0;39m &amp#27;[36mc.g.d.z.s.o.a.hc.client5.http.wire&amp#27;[0;39m - &amp#27;[32mhttp-outgoing-1 << "Content-Type: application/json[\r][\n]"
&amp#27;[0;39m2023-05-08 13:18:54,492 [main] &amp#27;[39mDEBUG&amp#27;[0;39m &amp#27;[36mc.g.d.z.s.o.a.hc.client5.http.wire&amp#27;[0;39m - &amp#27;[32mhttp-outgoing-1 << "Docker-Experimental: false[\r][\n]"
&amp#27;[0;39m2023-05-08 13:18:54,492 [main] &amp#27;[39mDEBUG&amp#27;[0;39m &amp#27;[36mc.g.d.z.s.o.a.hc.client5.http.wire&amp#27;[0;39m - &amp#27;[32mhttp-outgoing-1 << "Ostype: linux[\r][\n]"
&amp#27;[0;39m2023-05-08 13:18:54,492 [main] &amp#27;[39mDEBUG&amp#27;[0;39m &amp#27;[36mc.g.d.z.s.o.a.hc.client5.http.wire&amp#27;[0;39m - &amp#27;[32mhttp-outgoing-1 << "Server: Docker/23.0.5 (linux)[\r][\n]"
&amp#27;[0;39m2023-05-08 13:18:54,492 [main] &amp#27;[39mDEBUG&amp#27;[0;39m &amp#27;[36mc.g.d.z.s.o.a.hc.client5.http.wire&amp#27;[0;39m - &amp#27;[32mhttp-outgoing-1 << "Date: Mon, 08 May 2023 11:18:54 GMT[\r][\n]"
&amp#27;[0;39m2023-05-08 13:18:54,492 [main] &amp#27;[39mDEBUG&amp#27;[0;39m &amp#27;[36mc.g.d.z.s.o.a.hc.client5.http.wire&amp#27;[0;39m - &amp#27;[32mhttp-outgoing-1 << "Transfer-Encoding: chunked[\r][\n]"
&amp#27;[0;39m2023-05-08 13:18:54,492 [main] &amp#27;[39mDEBUG&amp#27;[0;39m &amp#27;[36mc.g.d.z.s.o.a.hc.client5.http.wire&amp#27;[0;39m - &amp#27;[32mhttp-outgoing-1 << "[\r][\n]"
&amp#27;[0;39m2023-05-08 13:18:54,492 [main] &amp#27;[39mDEBUG&amp#27;[0;39m &amp#27;[36mc.g.d.z.s.o.a.hc.client5.http.wire&amp#27;[0;39m - &amp#27;[32mhttp-outgoing-1 << "1890[\r][\n]"
&amp#27;[0;39m2023-05-08 13:18:54,492 [main] &amp#27;[39mDEBUG&amp#27;[0;39m &amp#27;[36mc.g.d.z.s.o.a.hc.client5.http.wire&amp#27;[0;39m - &amp#27;[32mhttp-outgoing-1 << "{"Id":"cccfb0602d7e775562ae171a9fe0a7ec811b6906268008a84fea93151d2a7305","Created":"2023-05-08T11:18:54.120535425Z","Path":"docker-entrypoint.sh","Args":["mysqld"],"State":{"Status":"running","Running":true,"Paused":false,"Restarting":false,"OOMKilled":false,"Dead":false,"Pid":59126,"ExitCode":0,"Error":"","StartedAt":"2023-05-08T11:18:54.468577716Z","FinishedAt":"0001-01-01T00:00:00Z"},"Image":"sha256:228d71078f8ce5ae9fd96b183f88c3a90e30544b4b7ce9d64a238d05fef2a681","ResolvConfPath":"/var/lib/docker/containers/cccfb0602d7e775562ae171a9fe0a7ec811b6906268008a84fea93151d2a7305/resolv.conf","HostnamePath":"/var/lib/docker/containers/cccfb0602d7e775562ae171a9fe0a7ec811b6906268008a84fea93151d2a7305/hostname","HostsPath":"/var/lib/docker/containers/cccfb0602d7e775562ae171a9fe0a7ec811b6906268008a84fea93151d2a7305/hosts","LogPath":"/var/lib/docker/containers/cccfb0602d7e775562ae171a9fe0a7ec811b6906268008a84fea93151d2a7305/cccfb0602d7e775562ae171a9fe0a7ec811b6906268008a84fea93151d2a7305-json.log","Name":"/charming_goodall","RestartCount":0,"Driver":"overlay2","Platform":"linux","MountLabel":"","ProcessLabel":"","AppArmorProfile":"docker-default","ExecIDs":null,"HostConfig":{"Binds":[],"ContainerIDFile":"","LogConfig":{"Type":"json-file","Config":{}},"NetworkMode":"default","PortBindings":{"3306/tcp":[{"HostIp":"","HostPort":""}]},"RestartPolicy":{"Name":"","MaximumRetryCount":0},"AutoRemove":false,"VolumeDriver":"","VolumesFrom":[],"ConsoleSize":[0,0],"CapAdd":null,"CapDrop":null,"CgroupnsMode":"private","Dns":null,"DnsOptions":null,"DnsSearch":null,"ExtraHosts":[],"GroupAdd":null,"IpcMode":"shareable","Cgroup":"","Links":null,"OomScoreAdj":0,"PidMode":"","Privileged":false,"PublishAllPorts":false,"ReadonlyRootfs":false,"SecurityOpt":null,"UTSMode":"","UsernsMode":"","ShmSize":67108864,"Runtime":"runc","Isolation":"","CpuShares":0,"Memory":0,"NanoCpus":0,"CgroupParent":"","BlkioWeight":0,"BlkioWeightDevice":null,"BlkioDeviceReadBps":null,"BlkioDeviceWriteBps":null,"BlkioDeviceReadIOps":null,"BlkioDeviceWriteIOps":null,"CpuPeriod":0,"CpuQuota":0,"CpuRealtimePeriod":0,"CpuRealtimeRuntime":0,"CpusetCpus":"","CpusetMems":"","Devices":null,"DeviceCgroupRules":null,"DeviceRequests":null,"MemoryReservation":0,"MemorySwap":0,"MemorySwappiness":null,"OomKillDisable":null,"PidsLimit":null,"Ulimits":null,"CpuCount":0,"CpuPercent":0,"IOMaximumIOps":0,"IOMaximumBandwidth":0,"MaskedPaths":["/proc/asound","/proc/acpi","/proc/kcore","/proc/keys","/proc/latency_stats","/proc/timer_list","/proc/timer_stats","/proc/sched_debug","/proc/scsi","/sys/firmware"],"ReadonlyPaths":["/proc/bus","/proc/fs","/proc/irq","/proc/sys","/proc/sysrq-trigger"]},"GraphDriver":{"Data":{"LowerDir":"/var/lib/docker/overlay2/0075f27ac39799b376a3e23bf05a650eb10c8a0f9ef49be1ab61e98fd3b93dc3-init/diff:/var/lib/docker/overlay2/4c6e20f032f02b27a9272f982861dc21998197aa90d94ed3bef95d449380247c/diff:/var/lib/docker/overlay2/0c75f828f603eff839bb3ca448163ab2a8017e86625ac255cd3dbf1673ddac26/diff:/var/lib/docker/overlay2/da128d897fda75829109844ce6cd9d73d0f54c682e735100af000ce899908729/diff:/var/lib/docker/overlay2/b678a1f261bf323afba6d76d91ab7428bdd6e1ef4a39b5224e4a1afd08c0423a/diff:/var/lib/docker/overlay2/1bec43b14875c5f9f814f146e8e31aa78566689c2c163da2ac60a32254988437/diff:/var/lib/docker/overlay2/28f4b1e6e1a7a2dbe30f1f94fb42bccd85a61faf8af1fe30a5bb0d442c525e41/diff:/var/lib/docker/overlay2/0f493124464c291d7c97d2633d5dff04b1dce5de904cb40a34dfbe7fe72e3fd4/diff:/var/lib/docker/overlay2/05befbee9e38cd670e1786b3310e99796dcc06abbed970007b4109a5424843fa/diff:/var/lib/docker/overlay2/582bcca9acfc4eef25109e1e1b9c9d104f355798455bc73e855c99283887a6e8/diff:/var/lib/docker/overlay2/153b3bf0b69e97e8f0e5533414a31ca33fa530e63d174c9617621abe46e7e9d1/diff:/var/lib/docker/overlay2/bf87a76c0a38875ee6e915fd0d2527eafa880ec6bf2c1cb294959428c18d10bd/diff","MergedDir":"/var/lib/docker/overlay2/0075f27ac39799b376a3e23bf05a650eb10c8a0f9ef49be1ab61e98fd3b93dc3/merged","UpperDir":"/var/lib/docker/overlay2/0075f27ac39799b376a3e23bf05a650eb10c8a0f9ef49be1ab61e98fd3b93dc3/diff","WorkDir":"/var/lib/docker/overlay2/0075f27ac39799b376a3e23bf05a650eb10c8a0f9ef49be1ab61e98fd3b93dc3/work"},"Name":"overlay2"},"Mounts":[{"Type":"volume","Name":"ffd30c8cc7ed7bf91bc1ebef46b0f06493ce1d3121e28c37d40240bd74b844a5","Source":"/var/lib/docker/volumes/ffd30c8cc7ed7bf91bc1ebef46b0f06493ce1d3121e28c37d40240bd74b844a5/_data","Destination":"/var/lib/mysql","Driver":"local","Mode":"","RW":true,"Propagation":""}],"Config":{"Hostname":"cccfb0602d7e","Domainname":"","User":"","AttachStdin":false,"AttachStdout":false,"AttachStderr":false,"ExposedPorts":{"3306/tcp":{}},"Tty":false,"OpenStdin":false,"StdinOnce":false,"Env":["MYSQL_DATABASE=test","MYSQL_PASSWORD=test","MYSQL_USER=test","MYSQL_ROOT_PASSWORD=test","PATH=/usr/local/sbin:/usr/local/bin:/usr/sbin:/usr/bin:/sbin:/bin","GOSU_VERSION=1.7","MYSQL_MAJOR=8.0","MYSQL_VERSION=8.0.0-dmr-1debian8"],"Cmd":["mysqld"],"Image":"mysql:8.0.0","Volumes":{"/var/lib/mysql":{}},"WorkingDir":"","Entrypoint":["docker-entrypoint.sh"],"OnBuild":null,"Labels":{"org.testcontainers":"true","org.testcontainers.lang":"java","org.testcontainers.sessionId":"f1b696c1-ec3f-4f95-afa8-081853be7ccb","org.testcontainers.version":"1.18.0"}},"NetworkSettings":{"Bridge":"","SandboxID":"75a4ef0436803615aa77c8b97de3cbbdd49519261fe2b3b6cdcae9bd2b1154aa","HairpinMode":false,"LinkLocalIPv6Address":"","LinkLocalIPv6PrefixLen":0,"Ports":{"3306/tcp":[{"HostIp":"0.0.0.0","HostPort":"32781"},{"HostIp":"::","HostPort":"32781"}]},"SandboxKey":"/var/run/docker/netns/75a4ef043680","SecondaryIPAddresses":null,"SecondaryIPv6Addresses":null,"EndpointID":"de3a5c9cc9471fdbec5943d78a8803fca61208fe4021ac9d3922ee2e8ec0d135","Gateway":"172.17.0.1","GlobalIPv6Address":"","GlobalIPv6PrefixLen":0,"IPAddress":"172.17.0.3","IPPrefixLen":16,"IPv6Gateway":"","MacAddress":"02:42:ac:11:00:03","Networks":{"bridge":{"IPAMConfig":null,"Links":null,"Aliases":null,"NetworkID":"e1a078e12eb8d77b497ed932f7fb43787eeb6ff6972febd7d03c9282b8b5cd45","EndpointID":"de3a5c9cc9471fdbec5943d78a8803fca61208fe4021ac9d3922ee2e8ec0d135","Gateway":"172.17.0.1","IPAddress":"172.17.0.3","IPPrefixLen":16,"IPv6Gateway":"","GlobalIPv6Address":"","GlobalIPv6PrefixLen":0,"MacAddress":"02:42:ac:11:00:03","DriverOpts":null}}}}[\n]"
&amp#27;[0;39m2023-05-08 13:18:54,492 [main] &amp#27;[39mDEBUG&amp#27;[0;39m &amp#27;[36mc.g.d.z.s.o.a.hc.client5.http.wire&amp#27;[0;39m - &amp#27;[32mhttp-outgoing-1 << "[\r][\n]"
&amp#27;[0;39m2023-05-08 13:18:54,492 [main] &amp#27;[39mDEBUG&amp#27;[0;39m &amp#27;[36mc.g.d.z.s.o.a.hc.client5.http.wire&amp#27;[0;39m - &amp#27;[32mhttp-outgoing-1 << "0[\r][\n]"
&amp#27;[0;39m2023-05-08 13:18:54,492 [main] &amp#27;[39mDEBUG&amp#27;[0;39m &amp#27;[36mc.g.d.z.s.o.a.hc.client5.http.wire&amp#27;[0;39m - &amp#27;[32mhttp-outgoing-1 << "[\r][\n]"
&amp#27;[0;39m2023-05-08 13:18:54,492 [main] &amp#27;[39mDEBUG&amp#27;[0;39m &amp#27;[36mc.g.d.z.s.o.a.h.client5.http.headers&amp#27;[0;39m - &amp#27;[32mhttp-outgoing-1 << HTTP/1.1 200 OK
&amp#27;[0;39m2023-05-08 13:18:54,492 [main] &amp#27;[39mDEBUG&amp#27;[0;39m &amp#27;[36mc.g.d.z.s.o.a.h.client5.http.headers&amp#27;[0;39m - &amp#27;[32mhttp-outgoing-1 << Api-Version: 1.42
&amp#27;[0;39m2023-05-08 13:18:54,492 [main] &amp#27;[39mDEBUG&amp#27;[0;39m &amp#27;[36mc.g.d.z.s.o.a.h.client5.http.headers&amp#27;[0;39m - &amp#27;[32mhttp-outgoing-1 << Content-Type: application/json
&amp#27;[0;39m2023-05-08 13:18:54,492 [main] &amp#27;[39mDEBUG&amp#27;[0;39m &amp#27;[36mc.g.d.z.s.o.a.h.client5.http.headers&amp#27;[0;39m - &amp#27;[32mhttp-outgoing-1 << Docker-Experimental: false
&amp#27;[0;39m2023-05-08 13:18:54,492 [main] &amp#27;[39mDEBUG&amp#27;[0;39m &amp#27;[36mc.g.d.z.s.o.a.h.client5.http.headers&amp#27;[0;39m - &amp#27;[32mhttp-outgoing-1 << Ostype: linux
&amp#27;[0;39m2023-05-08 13:18:54,492 [main] &amp#27;[39mDEBUG&amp#27;[0;39m &amp#27;[36mc.g.d.z.s.o.a.h.client5.http.headers&amp#27;[0;39m - &amp#27;[32mhttp-outgoing-1 << Server: Docker/23.0.5 (linux)
&amp#27;[0;39m2023-05-08 13:18:54,492 [main] &amp#27;[39mDEBUG&amp#27;[0;39m &amp#27;[36mc.g.d.z.s.o.a.h.client5.http.headers&amp#27;[0;39m - &amp#27;[32mhttp-outgoing-1 << Date: Mon, 08 May 2023 11:18:54 GMT
&amp#27;[0;39m2023-05-08 13:18:54,492 [main] &amp#27;[39mDEBUG&amp#27;[0;39m &amp#27;[36mc.g.d.z.s.o.a.h.client5.http.headers&amp#27;[0;39m - &amp#27;[32mhttp-outgoing-1 << Transfer-Encoding: chunked
&amp#27;[0;39m2023-05-08 13:18:54,493 [main] &amp#27;[39mDEBUG&amp#27;[0;39m &amp#27;[36mc.g.d.z.s.o.a.h.c.h.i.c.MainClientExec&amp#27;[0;39m - &amp#27;[32mex-00000011: connection can be kept alive for 3 MINUTES
&amp#27;[0;39m2023-05-08 13:18:54,494 [main] &amp#27;[39mDEBUG&amp#27;[0;39m &amp#27;[36mc.g.d.z.s.o.a.h.c.h.i.c.InternalHttpClient&amp#27;[0;39m - &amp#27;[32mep-00000010: releasing valid endpoint
&amp#27;[0;39m2023-05-08 13:18:54,494 [main] &amp#27;[39mDEBUG&amp#27;[0;39m &amp#27;[36mc.g.d.z.s.o.a.h.c.h.i.i.PoolingHttpClientConnectionManager&amp#27;[0;39m - &amp#27;[32mep-00000010: releasing endpoint
&amp#27;[0;39m2023-05-08 13:18:54,494 [main] &amp#27;[39mDEBUG&amp#27;[0;39m &amp#27;[36mc.g.d.z.s.o.a.h.c.h.i.i.PoolingHttpClientConnectionManager&amp#27;[0;39m - &amp#27;[32mep-00000010: connection http-outgoing-1 can be kept alive for 3 MINUTES
&amp#27;[0;39m2023-05-08 13:18:54,494 [main] &amp#27;[39mDEBUG&amp#27;[0;39m &amp#27;[36mc.g.d.z.s.o.a.h.c.h.i.i.PoolingHttpClientConnectionManager&amp#27;[0;39m - &amp#27;[32mep-00000010: connection released [route: {}->unix://localhost:2375][total available: 1; route allocated: 1 of 2147483647; total allocated: 1 of 2147483647]
&amp#27;[0;39m2023-05-08 13:18:54,494 [main] &amp#27;[39mDEBUG&amp#27;[0;39m &amp#27;[36mtc.mysql:8.0.0&amp#27;[0;39m - &amp#27;[32mTrying to create JDBC connection using com.mysql.cj.jdbc.Driver to jdbc:mysql://localhost:32781/test?useSSL=false&allowPublicKeyRetrieval=true with properties: {password=test, user=test}
&amp#27;[0;39m2023-05-08 13:18:54,694 [main] &amp#27;[39mDEBUG&amp#27;[0;39m &amp#27;[36mo.t.s.c.g.d.c.command.AbstrDockerCmd&amp#27;[0;39m - &amp#27;[32mCmd: cccfb0602d7e775562ae171a9fe0a7ec811b6906268008a84fea93151d2a7305,false
&amp#27;[0;39m2023-05-08 13:18:54,695 [main] &amp#27;[39mDEBUG&amp#27;[0;39m &amp#27;[36mo.t.s.c.g.d.c.e.InspectContainerCmdExec&amp#27;[0;39m - &amp#27;[32mGET: DefaultWebTarget{path=[/containers/cccfb0602d7e775562ae171a9fe0a7ec811b6906268008a84fea93151d2a7305/json], queryParams={}}
&amp#27;[0;39m2023-05-08 13:18:54,695 [main] &amp#27;[39mDEBUG&amp#27;[0;39m &amp#27;[36mc.g.d.z.s.o.a.h.c.h.i.c.InternalHttpClient&amp#27;[0;39m - &amp#27;[32mex-00000012: preparing request execution
&amp#27;[0;39m2023-05-08 13:18:54,695 [main] &amp#27;[39mDEBUG&amp#27;[0;39m &amp#27;[36mc.g.d.z.s.o.a.h.c.h.p.RequestAddCookies&amp#27;[0;39m - &amp#27;[32mCookie spec selected: strict
&amp#27;[0;39m2023-05-08 13:18:54,695 [main] &amp#27;[39mDEBUG&amp#27;[0;39m &amp#27;[36mc.g.d.z.s.o.a.h.c.h.p.RequestAuthCache&amp#27;[0;39m - &amp#27;[32mAuth cache not set in the context
&amp#27;[0;39m2023-05-08 13:18:54,695 [main] &amp#27;[39mDEBUG&amp#27;[0;39m &amp#27;[36mc.g.d.z.s.o.a.h.c.h.i.c.ProtocolExec&amp#27;[0;39m - &amp#27;[32mex-00000012: target auth state: UNCHALLENGED
&amp#27;[0;39m2023-05-08 13:18:54,695 [main] &amp#27;[39mDEBUG&amp#27;[0;39m &amp#27;[36mc.g.d.z.s.o.a.h.c.h.i.c.ProtocolExec&amp#27;[0;39m - &amp#27;[32mex-00000012: proxy auth state: UNCHALLENGED
&amp#27;[0;39m2023-05-08 13:18:54,695 [main] &amp#27;[39mDEBUG&amp#27;[0;39m &amp#27;[36mc.g.d.z.s.o.a.h.c.h.i.c.ConnectExec&amp#27;[0;39m - &amp#27;[32mex-00000012: acquiring connection with route {}->unix://localhost:2375
&amp#27;[0;39m2023-05-08 13:18:54,695 [main] &amp#27;[39mDEBUG&amp#27;[0;39m &amp#27;[36mc.g.d.z.s.o.a.h.c.h.i.c.InternalHttpClient&amp#27;[0;39m - &amp#27;[32mex-00000012: acquiring endpoint (3 MINUTES)
&amp#27;[0;39m2023-05-08 13:18:54,695 [main] &amp#27;[39mDEBUG&amp#27;[0;39m &amp#27;[36mc.g.d.z.s.o.a.h.c.h.i.i.PoolingHttpClientConnectionManager&amp#27;[0;39m - &amp#27;[32mex-00000012: endpoint lease request (3 MINUTES) [route: {}->unix://localhost:2375][total available: 1; route allocated: 1 of 2147483647; total allocated: 1 of 2147483647]
&amp#27;[0;39m2023-05-08 13:18:54,695 [main] &amp#27;[39mDEBUG&amp#27;[0;39m &amp#27;[36mc.g.d.z.s.o.a.h.c.h.i.i.PoolingHttpClientConnectionManager&amp#27;[0;39m - &amp#27;[32mex-00000012: endpoint leased [route: {}->unix://localhost:2375][total available: 0; route allocated: 1 of 2147483647; total allocated: 1 of 2147483647]
&amp#27;[0;39m2023-05-08 13:18:54,695 [main] &amp#27;[39mDEBUG&amp#27;[0;39m &amp#27;[36mc.g.d.z.s.o.a.h.c.h.i.i.PoolingHttpClientConnectionManager&amp#27;[0;39m - &amp#27;[32mex-00000012: acquired ep-00000011
&amp#27;[0;39m2023-05-08 13:18:54,695 [main] &amp#27;[39mDEBUG&amp#27;[0;39m &amp#27;[36mc.g.d.z.s.o.a.h.c.h.i.c.InternalHttpClient&amp#27;[0;39m - &amp#27;[32mex-00000012: acquired endpoint ep-00000011
&amp#27;[0;39m2023-05-08 13:18:54,695 [main] &amp#27;[39mDEBUG&amp#27;[0;39m &amp#27;[36mc.g.d.z.s.o.a.h.c.h.i.c.MainClientExec&amp#27;[0;39m - &amp#27;[32mex-00000012: executing GET /v1.32/containers/cccfb0602d7e775562ae171a9fe0a7ec811b6906268008a84fea93151d2a7305/json HTTP/1.1
&amp#27;[0;39m2023-05-08 13:18:54,695 [main] &amp#27;[39mDEBUG&amp#27;[0;39m &amp#27;[36mc.g.d.z.s.o.a.h.c.h.i.c.InternalHttpClient&amp#27;[0;39m - &amp#27;[32mep-00000011: start execution ex-00000012
&amp#27;[0;39m2023-05-08 13:18:54,695 [main] &amp#27;[39mDEBUG&amp#27;[0;39m &amp#27;[36mc.g.d.z.s.o.a.h.c.h.i.i.PoolingHttpClientConnectionManager&amp#27;[0;39m - &amp#27;[32mep-00000011: executing exchange ex-00000012 over http-outgoing-1
&amp#27;[0;39m2023-05-08 13:18:54,695 [main] &amp#27;[39mDEBUG&amp#27;[0;39m &amp#27;[36mc.g.d.z.s.o.a.h.client5.http.headers&amp#27;[0;39m - &amp#27;[32mhttp-outgoing-1 >> GET /v1.32/containers/cccfb0602d7e775562ae171a9fe0a7ec811b6906268008a84fea93151d2a7305/json HTTP/1.1
&amp#27;[0;39m2023-05-08 13:18:54,695 [main] &amp#27;[39mDEBUG&amp#27;[0;39m &amp#27;[36mc.g.d.z.s.o.a.h.client5.http.headers&amp#27;[0;39m - &amp#27;[32mhttp-outgoing-1 >> accept: application/json
&amp#27;[0;39m2023-05-08 13:18:54,695 [main] &amp#27;[39mDEBUG&amp#27;[0;39m &amp#27;[36mc.g.d.z.s.o.a.h.client5.http.headers&amp#27;[0;39m - &amp#27;[32mhttp-outgoing-1 >> x-tc-sid: f1b696c1-ec3f-4f95-afa8-081853be7ccb
&amp#27;[0;39m2023-05-08 13:18:54,695 [main] &amp#27;[39mDEBUG&amp#27;[0;39m &amp#27;[36mc.g.d.z.s.o.a.h.client5.http.headers&amp#27;[0;39m - &amp#27;[32mhttp-outgoing-1 >> Accept-Encoding: gzip, x-gzip, deflate
&amp#27;[0;39m2023-05-08 13:18:54,695 [main] &amp#27;[39mDEBUG&amp#27;[0;39m &amp#27;[36mc.g.d.z.s.o.a.h.client5.http.headers&amp#27;[0;39m - &amp#27;[32mhttp-outgoing-1 >> Host: localhost:2375
&amp#27;[0;39m2023-05-08 13:18:54,695 [main] &amp#27;[39mDEBUG&amp#27;[0;39m &amp#27;[36mc.g.d.z.s.o.a.h.client5.http.headers&amp#27;[0;39m - &amp#27;[32mhttp-outgoing-1 >> Connection: keep-alive
&amp#27;[0;39m2023-05-08 13:18:54,695 [main] &amp#27;[39mDEBUG&amp#27;[0;39m &amp#27;[36mc.g.d.z.s.o.a.h.client5.http.headers&amp#27;[0;39m - &amp#27;[32mhttp-outgoing-1 >> User-Agent: Apache-HttpClient/5.0.3 (Java/17.0.6)
&amp#27;[0;39m2023-05-08 13:18:54,695 [main] &amp#27;[39mDEBUG&amp#27;[0;39m &amp#27;[36mc.g.d.z.s.o.a.hc.client5.http.wire&amp#27;[0;39m - &amp#27;[32mhttp-outgoing-1 >> "GET /v1.32/containers/cccfb0602d7e775562ae171a9fe0a7ec811b6906268008a84fea93151d2a7305/json HTTP/1.1[\r][\n]"
&amp#27;[0;39m2023-05-08 13:18:54,695 [main] &amp#27;[39mDEBUG&amp#27;[0;39m &amp#27;[36mc.g.d.z.s.o.a.hc.client5.http.wire&amp#27;[0;39m - &amp#27;[32mhttp-outgoing-1 >> "accept: application/json[\r][\n]"
&amp#27;[0;39m2023-05-08 13:18:54,695 [main] &amp#27;[39mDEBUG&amp#27;[0;39m &amp#27;[36mc.g.d.z.s.o.a.hc.client5.http.wire&amp#27;[0;39m - &amp#27;[32mhttp-outgoing-1 >> "x-tc-sid: f1b696c1-ec3f-4f95-afa8-081853be7ccb[\r][\n]"
&amp#27;[0;39m2023-05-08 13:18:54,695 [main] &amp#27;[39mDEBUG&amp#27;[0;39m &amp#27;[36mc.g.d.z.s.o.a.hc.client5.http.wire&amp#27;[0;39m - &amp#27;[32mhttp-outgoing-1 >> "Accept-Encoding: gzip, x-gzip, deflate[\r][\n]"
&amp#27;[0;39m2023-05-08 13:18:54,696 [main] &amp#27;[39mDEBUG&amp#27;[0;39m &amp#27;[36mc.g.d.z.s.o.a.hc.client5.http.wire&amp#27;[0;39m - &amp#27;[32mhttp-outgoing-1 >> "Host: localhost:2375[\r][\n]"
&amp#27;[0;39m2023-05-08 13:18:54,696 [main] &amp#27;[39mDEBUG&amp#27;[0;39m &amp#27;[36mc.g.d.z.s.o.a.hc.client5.http.wire&amp#27;[0;39m - &amp#27;[32mhttp-outgoing-1 >> "Connection: keep-alive[\r][\n]"
&amp#27;[0;39m2023-05-08 13:18:54,696 [main] &amp#27;[39mDEBUG&amp#27;[0;39m &amp#27;[36mc.g.d.z.s.o.a.hc.client5.http.wire&amp#27;[0;39m - &amp#27;[32mhttp-outgoing-1 >> "User-Agent: Apache-HttpClient/5.0.3 (Java/17.0.6)[\r][\n]"
&amp#27;[0;39m2023-05-08 13:18:54,696 [main] &amp#27;[39mDEBUG&amp#27;[0;39m &amp#27;[36mc.g.d.z.s.o.a.hc.client5.http.wire&amp#27;[0;39m - &amp#27;[32mhttp-outgoing-1 >> "[\r][\n]"
&amp#27;[0;39m2023-05-08 13:18:54,696 [main] &amp#27;[39mDEBUG&amp#27;[0;39m &amp#27;[36mc.g.d.z.s.o.a.hc.client5.http.wire&amp#27;[0;39m - &amp#27;[32mhttp-outgoing-1 << "HTTP/1.1 200 OK[\r][\n]"
&amp#27;[0;39m2023-05-08 13:18:54,696 [main] &amp#27;[39mDEBUG&amp#27;[0;39m &amp#27;[36mc.g.d.z.s.o.a.hc.client5.http.wire&amp#27;[0;39m - &amp#27;[32mhttp-outgoing-1 << "Api-Version: 1.42[\r][\n]"
&amp#27;[0;39m2023-05-08 13:18:54,696 [main] &amp#27;[39mDEBUG&amp#27;[0;39m &amp#27;[36mc.g.d.z.s.o.a.hc.client5.http.wire&amp#27;[0;39m - &amp#27;[32mhttp-outgoing-1 << "Content-Type: application/json[\r][\n]"
&amp#27;[0;39m2023-05-08 13:18:54,696 [main] &amp#27;[39mDEBUG&amp#27;[0;39m &amp#27;[36mc.g.d.z.s.o.a.hc.client5.http.wire&amp#27;[0;39m - &amp#27;[32mhttp-outgoing-1 << "Docker-Experimental: false[\r][\n]"
&amp#27;[0;39m2023-05-08 13:18:54,696 [main] &amp#27;[39mDEBUG&amp#27;[0;39m &amp#27;[36mc.g.d.z.s.o.a.hc.client5.http.wire&amp#27;[0;39m - &amp#27;[32mhttp-outgoing-1 << "Ostype: linux[\r][\n]"
&amp#27;[0;39m2023-05-08 13:18:54,696 [main] &amp#27;[39mDEBUG&amp#27;[0;39m &amp#27;[36mc.g.d.z.s.o.a.hc.client5.http.wire&amp#27;[0;39m - &amp#27;[32mhttp-outgoing-1 << "Server: Docker/23.0.5 (linux)[\r][\n]"
&amp#27;[0;39m2023-05-08 13:18:54,696 [main] &amp#27;[39mDEBUG&amp#27;[0;39m &amp#27;[36mc.g.d.z.s.o.a.hc.client5.http.wire&amp#27;[0;39m - &amp#27;[32mhttp-outgoing-1 << "Date: Mon, 08 May 2023 11:18:54 GMT[\r][\n]"
&amp#27;[0;39m2023-05-08 13:18:54,696 [main] &amp#27;[39mDEBUG&amp#27;[0;39m &amp#27;[36mc.g.d.z.s.o.a.hc.client5.http.wire&amp#27;[0;39m - &amp#27;[32mhttp-outgoing-1 << "Transfer-Encoding: chunked[\r][\n]"
&amp#27;[0;39m2023-05-08 13:18:54,696 [main] &amp#27;[39mDEBUG&amp#27;[0;39m &amp#27;[36mc.g.d.z.s.o.a.hc.client5.http.wire&amp#27;[0;39m - &amp#27;[32mhttp-outgoing-1 << "[\r][\n]"
&amp#27;[0;39m2023-05-08 13:18:54,696 [main] &amp#27;[39mDEBUG&amp#27;[0;39m &amp#27;[36mc.g.d.z.s.o.a.hc.client5.http.wire&amp#27;[0;39m - &amp#27;[32mhttp-outgoing-1 << "1890[\r][\n]"
&amp#27;[0;39m2023-05-08 13:18:54,696 [main] &amp#27;[39mDEBUG&amp#27;[0;39m &amp#27;[36mc.g.d.z.s.o.a.hc.client5.http.wire&amp#27;[0;39m - &amp#27;[32mhttp-outgoing-1 << "{"Id":"cccfb0602d7e775562ae171a9fe0a7ec811b6906268008a84fea93151d2a7305","Created":"2023-05-08T11:18:54.120535425Z","Path":"docker-entrypoint.sh","Args":["mysqld"],"State":{"Status":"running","Running":true,"Paused":false,"Restarting":false,"OOMKilled":false,"Dead":false,"Pid":59126,"ExitCode":0,"Error":"","StartedAt":"2023-05-08T11:18:54.468577716Z","FinishedAt":"0001-01-01T00:00:00Z"},"Image":"sha256:228d71078f8ce5ae9fd96b183f88c3a90e30544b4b7ce9d64a238d05fef2a681","ResolvConfPath":"/var/lib/docker/containers/cccfb0602d7e775562ae171a9fe0a7ec811b6906268008a84fea93151d2a7305/resolv.conf","HostnamePath":"/var/lib/docker/containers/cccfb0602d7e775562ae171a9fe0a7ec811b6906268008a84fea93151d2a7305/hostname","HostsPath":"/var/lib/docker/containers/cccfb0602d7e775562ae171a9fe0a7ec811b6906268008a84fea93151d2a7305/hosts","LogPath":"/var/lib/docker/containers/cccfb0602d7e775562ae171a9fe0a7ec811b6906268008a84fea93151d2a7305/cccfb0602d7e775562ae171a9fe0a7ec811b6906268008a84fea93151d2a7305-json.log","Name":"/charming_goodall","RestartCount":0,"Driver":"overlay2","Platform":"linux","MountLabel":"","ProcessLabel":"","AppArmorProfile":"docker-default","ExecIDs":null,"HostConfig":{"Binds":[],"ContainerIDFile":"","LogConfig":{"Type":"json-file","Config":{}},"NetworkMode":"default","PortBindings":{"3306/tcp":[{"HostIp":"","HostPort":""}]},"RestartPolicy":{"Name":"","MaximumRetryCount":0},"AutoRemove":false,"VolumeDriver":"","VolumesFrom":[],"ConsoleSize":[0,0],"CapAdd":null,"CapDrop":null,"CgroupnsMode":"private","Dns":null,"DnsOptions":null,"DnsSearch":null,"ExtraHosts":[],"GroupAdd":null,"IpcMode":"shareable","Cgroup":"","Links":null,"OomScoreAdj":0,"PidMode":"","Privileged":false,"PublishAllPorts":false,"ReadonlyRootfs":false,"SecurityOpt":null,"UTSMode":"","UsernsMode":"","ShmSize":67108864,"Runtime":"runc","Isolation":"","CpuShares":0,"Memory":0,"NanoCpus":0,"CgroupParent":"","BlkioWeight":0,"BlkioWeightDevice":null,"BlkioDeviceReadBps":null,"BlkioDeviceWriteBps":null,"BlkioDeviceReadIOps":null,"BlkioDeviceWriteIOps":null,"CpuPeriod":0,"CpuQuota":0,"CpuRealtimePeriod":0,"CpuRealtimeRuntime":0,"CpusetCpus":"","CpusetMems":"","Devices":null,"DeviceCgroupRules":null,"DeviceRequests":null,"MemoryReservation":0,"MemorySwap":0,"MemorySwappiness":null,"OomKillDisable":null,"PidsLimit":null,"Ulimits":null,"CpuCount":0,"CpuPercent":0,"IOMaximumIOps":0,"IOMaximumBandwidth":0,"MaskedPaths":["/proc/asound","/proc/acpi","/proc/kcore","/proc/keys","/proc/latency_stats","/proc/timer_list","/proc/timer_stats","/proc/sched_debug","/proc/scsi","/sys/firmware"],"ReadonlyPaths":["/proc/bus","/proc/fs","/proc/irq","/proc/sys","/proc/sysrq-trigger"]},"GraphDriver":{"Data":{"LowerDir":"/var/lib/docker/overlay2/0075f27ac39799b376a3e23bf05a650eb10c8a0f9ef49be1ab61e98fd3b93dc3-init/diff:/var/lib/docker/overlay2/4c6e20f032f02b27a9272f982861dc21998197aa90d94ed3bef95d449380247c/diff:/var/lib/docker/overlay2/0c75f828f603eff839bb3ca448163ab2a8017e86625ac255cd3dbf1673ddac26/diff:/var/lib/docker/overlay2/da128d897fda75829109844ce6cd9d73d0f54c682e735100af000ce899908729/diff:/var/lib/docker/overlay2/b678a1f261bf323afba6d76d91ab7428bdd6e1ef4a39b5224e4a1afd08c0423a/diff:/var/lib/docker/overlay2/1bec43b14875c5f9f814f146e8e31aa78566689c2c163da2ac60a32254988437/diff:/var/lib/docker/overlay2/28f4b1e6e1a7a2dbe30f1f94fb42bccd85a61faf8af1fe30a5bb0d442c525e41/diff:/var/lib/docker/overlay2/0f493124464c291d7c97d2633d5dff04b1dce5de904cb40a34dfbe7fe72e3fd4/diff:/var/lib/docker/overlay2/05befbee9e38cd670e1786b3310e99796dcc06abbed970007b4109a5424843fa/diff:/var/lib/docker/overlay2/582bcca9acfc4eef25109e1e1b9c9d104f355798455bc73e855c99283887a6e8/diff:/var/lib/docker/overlay2/153b3bf0b69e97e8f0e5533414a31ca33fa530e63d174c9617621abe46e7e9d1/diff:/var/lib/docker/overlay2/bf87a76c0a38875ee6e915fd0d2527eafa880ec6bf2c1cb294959428c18d10bd/diff","MergedDir":"/var/lib/docker/overlay2/0075f27ac39799b376a3e23bf05a650eb10c8a0f9ef49be1ab61e98fd3b93dc3/merged","UpperDir":"/var/lib/docker/overlay2/0075f27ac39799b376a3e23bf05a650eb10c8a0f9ef49be1ab61e98fd3b93dc3/diff","WorkDir":"/var/lib/docker/overlay2/0075f27ac39799b376a3e23bf05a650eb10c8a0f9ef49be1ab61e98fd3b93dc3/work"},"Name":"overlay2"},"Mounts":[{"Type":"volume","Name":"ffd30c8cc7ed7bf91bc1ebef46b0f06493ce1d3121e28c37d40240bd74b844a5","Source":"/var/lib/docker/volumes/ffd30c8cc7ed7bf91bc1ebef46b0f06493ce1d3121e28c37d40240bd74b844a5/_data","Destination":"/var/lib/mysql","Driver":"local","Mode":"","RW":true,"Propagation":""}],"Config":{"Hostname":"cccfb0602d7e","Domainname":"","User":"","AttachStdin":false,"AttachStdout":false,"AttachStderr":false,"ExposedPorts":{"3306/tcp":{}},"Tty":false,"OpenStdin":false,"StdinOnce":false,"Env":["MYSQL_DATABASE=test","MYSQL_PASSWORD=test","MYSQL_USER=test","MYSQL_ROOT_PASSWORD=test","PATH=/usr/local/sbin:/usr/local/bin:/usr/sbin:/usr/bin:/sbin:/bin","GOSU_VERSION=1.7","MYSQL_MAJOR=8.0","MYSQL_VERSION=8.0.0-dmr-1debian8"],"Cmd":["mysqld"],"Image":"mysql:8.0.0","Volumes":{"/var/lib/mysql":{}},"WorkingDir":"","Entrypoint":["docker-entrypoint.sh"],"OnBuild":null,"Labels":{"org.testcontainers":"true","org.testcontainers.lang":"java","org.testcontainers.sessionId":"f1b696c1-ec3f-4f95-afa8-081853be7ccb","org.testcontainers.version":"1.18.0"}},"NetworkSettings":{"Bridge":"","SandboxID":"75a4ef0436803615aa77c8b97de3cbbdd49519261fe2b3b6cdcae9bd2b1154aa","HairpinMode":false,"LinkLocalIPv6Address":"","LinkLocalIPv6PrefixLen":0,"Ports":{"3306/tcp":[{"HostIp":"0.0.0.0","HostPort":"32781"},{"HostIp":"::","HostPort":"32781"}]},"SandboxKey":"/var/run/docker/netns/75a4ef043680","SecondaryIPAddresses":null,"SecondaryIPv6Addresses":null,"EndpointID":"de3a5c9cc9471fdbec5943d78a8803fca61208fe4021ac9d3922ee2e8ec0d135","Gateway":"172.17.0.1","GlobalIPv6Address":"","GlobalIPv6PrefixLen":0,"IPAddress":"172.17.0.3","IPPrefixLen":16,"IPv6Gateway":"","MacAddress":"02:42:ac:11:00:03","Networks":{"bridge":{"IPAMConfig":null,"Links":null,"Aliases":null,"NetworkID":"e1a078e12eb8d77b497ed932f7fb43787eeb6ff6972febd7d03c9282b8b5cd45","EndpointID":"de3a5c9cc9471fdbec5943d78a8803fca61208fe4021ac9d3922ee2e8ec0d135","Gateway":"172.17.0.1","IPAddress":"172.17.0.3","IPPrefixLen":16,"IPv6Gateway":"","GlobalIPv6Address":"","GlobalIPv6PrefixLen":0,"MacAddress":"02:42:ac:11:00:03","DriverOpts":null}}}}[\n]"
&amp#27;[0;39m2023-05-08 13:18:54,696 [main] &amp#27;[39mDEBUG&amp#27;[0;39m &amp#27;[36mc.g.d.z.s.o.a.hc.client5.http.wire&amp#27;[0;39m - &amp#27;[32mhttp-outgoing-1 << "[\r][\n]"
&amp#27;[0;39m2023-05-08 13:18:54,696 [main] &amp#27;[39mDEBUG&amp#27;[0;39m &amp#27;[36mc.g.d.z.s.o.a.hc.client5.http.wire&amp#27;[0;39m - &amp#27;[32mhttp-outgoing-1 << "0[\r][\n]"
&amp#27;[0;39m2023-05-08 13:18:54,696 [main] &amp#27;[39mDEBUG&amp#27;[0;39m &amp#27;[36mc.g.d.z.s.o.a.hc.client5.http.wire&amp#27;[0;39m - &amp#27;[32mhttp-outgoing-1 << "[\r][\n]"
&amp#27;[0;39m2023-05-08 13:18:54,697 [main] &amp#27;[39mDEBUG&amp#27;[0;39m &amp#27;[36mc.g.d.z.s.o.a.h.client5.http.headers&amp#27;[0;39m - &amp#27;[32mhttp-outgoing-1 << HTTP/1.1 200 OK
&amp#27;[0;39m2023-05-08 13:18:54,697 [main] &amp#27;[39mDEBUG&amp#27;[0;39m &amp#27;[36mc.g.d.z.s.o.a.h.client5.http.headers&amp#27;[0;39m - &amp#27;[32mhttp-outgoing-1 << Api-Version: 1.42
&amp#27;[0;39m2023-05-08 13:18:54,697 [main] &amp#27;[39mDEBUG&amp#27;[0;39m &amp#27;[36mc.g.d.z.s.o.a.h.client5.http.headers&amp#27;[0;39m - &amp#27;[32mhttp-outgoing-1 << Content-Type: application/json
&amp#27;[0;39m2023-05-08 13:18:54,697 [main] &amp#27;[39mDEBUG&amp#27;[0;39m &amp#27;[36mc.g.d.z.s.o.a.h.client5.http.headers&amp#27;[0;39m - &amp#27;[32mhttp-outgoing-1 << Docker-Experimental: false
&amp#27;[0;39m2023-05-08 13:18:54,697 [main] &amp#27;[39mDEBUG&amp#27;[0;39m &amp#27;[36mc.g.d.z.s.o.a.h.client5.http.headers&amp#27;[0;39m - &amp#27;[32mhttp-outgoing-1 << Ostype: linux
&amp#27;[0;39m2023-05-08 13:18:54,697 [main] &amp#27;[39mDEBUG&amp#27;[0;39m &amp#27;[36mc.g.d.z.s.o.a.h.client5.http.headers&amp#27;[0;39m - &amp#27;[32mhttp-outgoing-1 << Server: Docker/23.0.5 (linux)
&amp#27;[0;39m2023-05-08 13:18:54,697 [main] &amp#27;[39mDEBUG&amp#27;[0;39m &amp#27;[36mc.g.d.z.s.o.a.h.client5.http.headers&amp#27;[0;39m - &amp#27;[32mhttp-outgoing-1 << Date: Mon, 08 May 2023 11:18:54 GMT
&amp#27;[0;39m2023-05-08 13:18:54,697 [main] &amp#27;[39mDEBUG&amp#27;[0;39m &amp#27;[36mc.g.d.z.s.o.a.h.client5.http.headers&amp#27;[0;39m - &amp#27;[32mhttp-outgoing-1 << Transfer-Encoding: chunked
&amp#27;[0;39m2023-05-08 13:18:54,697 [main] &amp#27;[39mDEBUG&amp#27;[0;39m &amp#27;[36mc.g.d.z.s.o.a.h.c.h.i.c.MainClientExec&amp#27;[0;39m - &amp#27;[32mex-00000012: connection can be kept alive for 3 MINUTES
&amp#27;[0;39m2023-05-08 13:18:54,698 [main] &amp#27;[39mDEBUG&amp#27;[0;39m &amp#27;[36mc.g.d.z.s.o.a.h.c.h.i.c.InternalHttpClient&amp#27;[0;39m - &amp#27;[32mep-00000011: releasing valid endpoint
&amp#27;[0;39m2023-05-08 13:18:54,698 [main] &amp#27;[39mDEBUG&amp#27;[0;39m &amp#27;[36mc.g.d.z.s.o.a.h.c.h.i.i.PoolingHttpClientConnectionManager&amp#27;[0;39m - &amp#27;[32mep-00000011: releasing endpoint
&amp#27;[0;39m2023-05-08 13:18:54,698 [main] &amp#27;[39mDEBUG&amp#27;[0;39m &amp#27;[36mc.g.d.z.s.o.a.h.c.h.i.i.PoolingHttpClientConnectionManager&amp#27;[0;39m - &amp#27;[32mep-00000011: connection http-outgoing-1 can be kept alive for 3 MINUTES
&amp#27;[0;39m2023-05-08 13:18:54,698 [main] &amp#27;[39mDEBUG&amp#27;[0;39m &amp#27;[36mc.g.d.z.s.o.a.h.c.h.i.i.PoolingHttpClientConnectionManager&amp#27;[0;39m - &amp#27;[32mep-00000011: connection released [route: {}->unix://localhost:2375][total available: 1; route allocated: 1 of 2147483647; total allocated: 1 of 2147483647]
&amp#27;[0;39m2023-05-08 13:18:54,698 [main] &amp#27;[39mDEBUG&amp#27;[0;39m &amp#27;[36mtc.mysql:8.0.0&amp#27;[0;39m - &amp#27;[32mTrying to create JDBC connection using com.mysql.cj.jdbc.Driver to jdbc:mysql://localhost:32781/test?useSSL=false&allowPublicKeyRetrieval=true with properties: {password=test, user=test}
&amp#27;[0;39m2023-05-08 13:18:54,799 [main] &amp#27;[39mDEBUG&amp#27;[0;39m &amp#27;[36mo.t.s.c.g.d.c.command.AbstrDockerCmd&amp#27;[0;39m - &amp#27;[32mCmd: cccfb0602d7e775562ae171a9fe0a7ec811b6906268008a84fea93151d2a7305,false
&amp#27;[0;39m2023-05-08 13:18:54,800 [main] &amp#27;[39mDEBUG&amp#27;[0;39m &amp#27;[36mo.t.s.c.g.d.c.e.InspectContainerCmdExec&amp#27;[0;39m - &amp#27;[32mGET: DefaultWebTarget{path=[/containers/cccfb0602d7e775562ae171a9fe0a7ec811b6906268008a84fea93151d2a7305/json], queryParams={}}
&amp#27;[0;39m2023-05-08 13:18:54,800 [main] &amp#27;[39mDEBUG&amp#27;[0;39m &amp#27;[36mc.g.d.z.s.o.a.h.c.h.i.c.InternalHttpClient&amp#27;[0;39m - &amp#27;[32mex-00000013: preparing request execution
&amp#27;[0;39m2023-05-08 13:18:54,800 [main] &amp#27;[39mDEBUG&amp#27;[0;39m &amp#27;[36mc.g.d.z.s.o.a.h.c.h.p.RequestAddCookies&amp#27;[0;39m - &amp#27;[32mCookie spec selected: strict
&amp#27;[0;39m2023-05-08 13:18:54,800 [main] &amp#27;[39mDEBUG&amp#27;[0;39m &amp#27;[36mc.g.d.z.s.o.a.h.c.h.p.RequestAuthCache&amp#27;[0;39m - &amp#27;[32mAuth cache not set in the context
&amp#27;[0;39m2023-05-08 13:18:54,800 [main] &amp#27;[39mDEBUG&amp#27;[0;39m &amp#27;[36mc.g.d.z.s.o.a.h.c.h.i.c.ProtocolExec&amp#27;[0;39m - &amp#27;[32mex-00000013: target auth state: UNCHALLENGED
&amp#27;[0;39m2023-05-08 13:18:54,800 [main] &amp#27;[39mDEBUG&amp#27;[0;39m &amp#27;[36mc.g.d.z.s.o.a.h.c.h.i.c.ProtocolExec&amp#27;[0;39m - &amp#27;[32mex-00000013: proxy auth state: UNCHALLENGED
&amp#27;[0;39m2023-05-08 13:18:54,800 [main] &amp#27;[39mDEBUG&amp#27;[0;39m &amp#27;[36mc.g.d.z.s.o.a.h.c.h.i.c.ConnectExec&amp#27;[0;39m - &amp#27;[32mex-00000013: acquiring connection with route {}->unix://localhost:2375
&amp#27;[0;39m2023-05-08 13:18:54,800 [main] &amp#27;[39mDEBUG&amp#27;[0;39m &amp#27;[36mc.g.d.z.s.o.a.h.c.h.i.c.InternalHttpClient&amp#27;[0;39m - &amp#27;[32mex-00000013: acquiring endpoint (3 MINUTES)
&amp#27;[0;39m2023-05-08 13:18:54,800 [main] &amp#27;[39mDEBUG&amp#27;[0;39m &amp#27;[36mc.g.d.z.s.o.a.h.c.h.i.i.PoolingHttpClientConnectionManager&amp#27;[0;39m - &amp#27;[32mex-00000013: endpoint lease request (3 MINUTES) [route: {}->unix://localhost:2375][total available: 1; route allocated: 1 of 2147483647; total allocated: 1 of 2147483647]
&amp#27;[0;39m2023-05-08 13:18:54,800 [main] &amp#27;[39mDEBUG&amp#27;[0;39m &amp#27;[36mc.g.d.z.s.o.a.h.c.h.i.i.PoolingHttpClientConnectionManager&amp#27;[0;39m - &amp#27;[32mex-00000013: endpoint leased [route: {}->unix://localhost:2375][total available: 0; route allocated: 1 of 2147483647; total allocated: 1 of 2147483647]
&amp#27;[0;39m2023-05-08 13:18:54,801 [main] &amp#27;[39mDEBUG&amp#27;[0;39m &amp#27;[36mc.g.d.z.s.o.a.h.c.h.i.i.PoolingHttpClientConnectionManager&amp#27;[0;39m - &amp#27;[32mex-00000013: acquired ep-00000012
&amp#27;[0;39m2023-05-08 13:18:54,801 [main] &amp#27;[39mDEBUG&amp#27;[0;39m &amp#27;[36mc.g.d.z.s.o.a.h.c.h.i.c.InternalHttpClient&amp#27;[0;39m - &amp#27;[32mex-00000013: acquired endpoint ep-00000012
&amp#27;[0;39m2023-05-08 13:18:54,801 [main] &amp#27;[39mDEBUG&amp#27;[0;39m &amp#27;[36mc.g.d.z.s.o.a.h.c.h.i.c.MainClientExec&amp#27;[0;39m - &amp#27;[32mex-00000013: executing GET /v1.32/containers/cccfb0602d7e775562ae171a9fe0a7ec811b6906268008a84fea93151d2a7305/json HTTP/1.1
&amp#27;[0;39m2023-05-08 13:18:54,801 [main] &amp#27;[39mDEBUG&amp#27;[0;39m &amp#27;[36mc.g.d.z.s.o.a.h.c.h.i.c.InternalHttpClient&amp#27;[0;39m - &amp#27;[32mep-00000012: start execution ex-00000013
&amp#27;[0;39m2023-05-08 13:18:54,801 [main] &amp#27;[39mDEBUG&amp#27;[0;39m &amp#27;[36mc.g.d.z.s.o.a.h.c.h.i.i.PoolingHttpClientConnectionManager&amp#27;[0;39m - &amp#27;[32mep-00000012: executing exchange ex-00000013 over http-outgoing-1
&amp#27;[0;39m2023-05-08 13:18:54,801 [main] &amp#27;[39mDEBUG&amp#27;[0;39m &amp#27;[36mc.g.d.z.s.o.a.h.client5.http.headers&amp#27;[0;39m - &amp#27;[32mhttp-outgoing-1 >> GET /v1.32/containers/cccfb0602d7e775562ae171a9fe0a7ec811b6906268008a84fea93151d2a7305/json HTTP/1.1
&amp#27;[0;39m2023-05-08 13:18:54,801 [main] &amp#27;[39mDEBUG&amp#27;[0;39m &amp#27;[36mc.g.d.z.s.o.a.h.client5.http.headers&amp#27;[0;39m - &amp#27;[32mhttp-outgoing-1 >> accept: application/json
&amp#27;[0;39m2023-05-08 13:18:54,801 [main] &amp#27;[39mDEBUG&amp#27;[0;39m &amp#27;[36mc.g.d.z.s.o.a.h.client5.http.headers&amp#27;[0;39m - &amp#27;[32mhttp-outgoing-1 >> x-tc-sid: f1b696c1-ec3f-4f95-afa8-081853be7ccb
&amp#27;[0;39m2023-05-08 13:18:54,801 [main] &amp#27;[39mDEBUG&amp#27;[0;39m &amp#27;[36mc.g.d.z.s.o.a.h.client5.http.headers&amp#27;[0;39m - &amp#27;[32mhttp-outgoing-1 >> Accept-Encoding: gzip, x-gzip, deflate
&amp#27;[0;39m2023-05-08 13:18:54,801 [main] &amp#27;[39mDEBUG&amp#27;[0;39m &amp#27;[36mc.g.d.z.s.o.a.h.client5.http.headers&amp#27;[0;39m - &amp#27;[32mhttp-outgoing-1 >> Host: localhost:2375
&amp#27;[0;39m2023-05-08 13:18:54,801 [main] &amp#27;[39mDEBUG&amp#27;[0;39m &amp#27;[36mc.g.d.z.s.o.a.h.client5.http.headers&amp#27;[0;39m - &amp#27;[32mhttp-outgoing-1 >> Connection: keep-alive
&amp#27;[0;39m2023-05-08 13:18:54,801 [main] &amp#27;[39mDEBUG&amp#27;[0;39m &amp#27;[36mc.g.d.z.s.o.a.h.client5.http.headers&amp#27;[0;39m - &amp#27;[32mhttp-outgoing-1 >> User-Agent: Apache-HttpClient/5.0.3 (Java/17.0.6)
&amp#27;[0;39m2023-05-08 13:18:54,801 [main] &amp#27;[39mDEBUG&amp#27;[0;39m &amp#27;[36mc.g.d.z.s.o.a.hc.client5.http.wire&amp#27;[0;39m - &amp#27;[32mhttp-outgoing-1 >> "GET /v1.32/containers/cccfb0602d7e775562ae171a9fe0a7ec811b6906268008a84fea93151d2a7305/json HTTP/1.1[\r][\n]"
&amp#27;[0;39m2023-05-08 13:18:54,801 [main] &amp#27;[39mDEBUG&amp#27;[0;39m &amp#27;[36mc.g.d.z.s.o.a.hc.client5.http.wire&amp#27;[0;39m - &amp#27;[32mhttp-outgoing-1 >> "accept: application/json[\r][\n]"
&amp#27;[0;39m2023-05-08 13:18:54,801 [main] &amp#27;[39mDEBUG&amp#27;[0;39m &amp#27;[36mc.g.d.z.s.o.a.hc.client5.http.wire&amp#27;[0;39m - &amp#27;[32mhttp-outgoing-1 >> "x-tc-sid: f1b696c1-ec3f-4f95-afa8-081853be7ccb[\r][\n]"
&amp#27;[0;39m2023-05-08 13:18:54,801 [main] &amp#27;[39mDEBUG&amp#27;[0;39m &amp#27;[36mc.g.d.z.s.o.a.hc.client5.http.wire&amp#27;[0;39m - &amp#27;[32mhttp-outgoing-1 >> "Accept-Encoding: gzip, x-gzip, deflate[\r][\n]"
&amp#27;[0;39m2023-05-08 13:18:54,801 [main] &amp#27;[39mDEBUG&amp#27;[0;39m &amp#27;[36mc.g.d.z.s.o.a.hc.client5.http.wire&amp#27;[0;39m - &amp#27;[32mhttp-outgoing-1 >> "Host: localhost:2375[\r][\n]"
&amp#27;[0;39m2023-05-08 13:18:54,801 [main] &amp#27;[39mDEBUG&amp#27;[0;39m &amp#27;[36mc.g.d.z.s.o.a.hc.client5.http.wire&amp#27;[0;39m - &amp#27;[32mhttp-outgoing-1 >> "Connection: keep-alive[\r][\n]"
&amp#27;[0;39m2023-05-08 13:18:54,801 [main] &amp#27;[39mDEBUG&amp#27;[0;39m &amp#27;[36mc.g.d.z.s.o.a.hc.client5.http.wire&amp#27;[0;39m - &amp#27;[32mhttp-outgoing-1 >> "User-Agent: Apache-HttpClient/5.0.3 (Java/17.0.6)[\r][\n]"
&amp#27;[0;39m2023-05-08 13:18:54,801 [main] &amp#27;[39mDEBUG&amp#27;[0;39m &amp#27;[36mc.g.d.z.s.o.a.hc.client5.http.wire&amp#27;[0;39m - &amp#27;[32mhttp-outgoing-1 >> "[\r][\n]"
&amp#27;[0;39m2023-05-08 13:18:54,801 [main] &amp#27;[39mDEBUG&amp#27;[0;39m &amp#27;[36mc.g.d.z.s.o.a.hc.client5.http.wire&amp#27;[0;39m - &amp#27;[32mhttp-outgoing-1 << "HTTP/1.1 200 OK[\r][\n]"
&amp#27;[0;39m2023-05-08 13:18:54,801 [main] &amp#27;[39mDEBUG&amp#27;[0;39m &amp#27;[36mc.g.d.z.s.o.a.hc.client5.http.wire&amp#27;[0;39m - &amp#27;[32mhttp-outgoing-1 << "Api-Version: 1.42[\r][\n]"
&amp#27;[0;39m2023-05-08 13:18:54,801 [main] &amp#27;[39mDEBUG&amp#27;[0;39m &amp#27;[36mc.g.d.z.s.o.a.hc.client5.http.wire&amp#27;[0;39m - &amp#27;[32mhttp-outgoing-1 << "Content-Type: application/json[\r][\n]"
&amp#27;[0;39m2023-05-08 13:18:54,801 [main] &amp#27;[39mDEBUG&amp#27;[0;39m &amp#27;[36mc.g.d.z.s.o.a.hc.client5.http.wire&amp#27;[0;39m - &amp#27;[32mhttp-outgoing-1 << "Docker-Experimental: false[\r][\n]"
&amp#27;[0;39m2023-05-08 13:18:54,801 [main] &amp#27;[39mDEBUG&amp#27;[0;39m &amp#27;[36mc.g.d.z.s.o.a.hc.client5.http.wire&amp#27;[0;39m - &amp#27;[32mhttp-outgoing-1 << "Ostype: linux[\r][\n]"
&amp#27;[0;39m2023-05-08 13:18:54,801 [main] &amp#27;[39mDEBUG&amp#27;[0;39m &amp#27;[36mc.g.d.z.s.o.a.hc.client5.http.wire&amp#27;[0;39m - &amp#27;[32mhttp-outgoing-1 << "Server: Docker/23.0.5 (linux)[\r][\n]"
&amp#27;[0;39m2023-05-08 13:18:54,801 [main] &amp#27;[39mDEBUG&amp#27;[0;39m &amp#27;[36mc.g.d.z.s.o.a.hc.client5.http.wire&amp#27;[0;39m - &amp#27;[32mhttp-outgoing-1 << "Date: Mon, 08 May 2023 11:18:54 GMT[\r][\n]"
&amp#27;[0;39m2023-05-08 13:18:54,801 [main] &amp#27;[39mDEBUG&amp#27;[0;39m &amp#27;[36mc.g.d.z.s.o.a.hc.client5.http.wire&amp#27;[0;39m - &amp#27;[32mhttp-outgoing-1 << "Transfer-Encoding: chunked[\r][\n]"
&amp#27;[0;39m2023-05-08 13:18:54,801 [main] &amp#27;[39mDEBUG&amp#27;[0;39m &amp#27;[36mc.g.d.z.s.o.a.hc.client5.http.wire&amp#27;[0;39m - &amp#27;[32mhttp-outgoing-1 << "[\r][\n]"
&amp#27;[0;39m2023-05-08 13:18:54,801 [main] &amp#27;[39mDEBUG&amp#27;[0;39m &amp#27;[36mc.g.d.z.s.o.a.hc.client5.http.wire&amp#27;[0;39m - &amp#27;[32mhttp-outgoing-1 << "1890[\r][\n]"
&amp#27;[0;39m2023-05-08 13:18:54,801 [main] &amp#27;[39mDEBUG&amp#27;[0;39m &amp#27;[36mc.g.d.z.s.o.a.hc.client5.http.wire&amp#27;[0;39m - &amp#27;[32mhttp-outgoing-1 << "{"Id":"cccfb0602d7e775562ae171a9fe0a7ec811b6906268008a84fea93151d2a7305","Created":"2023-05-08T11:18:54.120535425Z","Path":"docker-entrypoint.sh","Args":["mysqld"],"State":{"Status":"running","Running":true,"Paused":false,"Restarting":false,"OOMKilled":false,"Dead":false,"Pid":59126,"ExitCode":0,"Error":"","StartedAt":"2023-05-08T11:18:54.468577716Z","FinishedAt":"0001-01-01T00:00:00Z"},"Image":"sha256:228d71078f8ce5ae9fd96b183f88c3a90e30544b4b7ce9d64a238d05fef2a681","ResolvConfPath":"/var/lib/docker/containers/cccfb0602d7e775562ae171a9fe0a7ec811b6906268008a84fea93151d2a7305/resolv.conf","HostnamePath":"/var/lib/docker/containers/cccfb0602d7e775562ae171a9fe0a7ec811b6906268008a84fea93151d2a7305/hostname","HostsPath":"/var/lib/docker/containers/cccfb0602d7e775562ae171a9fe0a7ec811b6906268008a84fea93151d2a7305/hosts","LogPath":"/var/lib/docker/containers/cccfb0602d7e775562ae171a9fe0a7ec811b6906268008a84fea93151d2a7305/cccfb0602d7e775562ae171a9fe0a7ec811b6906268008a84fea93151d2a7305-json.log","Name":"/charming_goodall","RestartCount":0,"Driver":"overlay2","Platform":"linux","MountLabel":"","ProcessLabel":"","AppArmorProfile":"docker-default","ExecIDs":null,"HostConfig":{"Binds":[],"ContainerIDFile":"","LogConfig":{"Type":"json-file","Config":{}},"NetworkMode":"default","PortBindings":{"3306/tcp":[{"HostIp":"","HostPort":""}]},"RestartPolicy":{"Name":"","MaximumRetryCount":0},"AutoRemove":false,"VolumeDriver":"","VolumesFrom":[],"ConsoleSize":[0,0],"CapAdd":null,"CapDrop":null,"CgroupnsMode":"private","Dns":null,"DnsOptions":null,"DnsSearch":null,"ExtraHosts":[],"GroupAdd":null,"IpcMode":"shareable","Cgroup":"","Links":null,"OomScoreAdj":0,"PidMode":"","Privileged":false,"PublishAllPorts":false,"ReadonlyRootfs":false,"SecurityOpt":null,"UTSMode":"","UsernsMode":"","ShmSize":67108864,"Runtime":"runc","Isolation":"","CpuShares":0,"Memory":0,"NanoCpus":0,"CgroupParent":"","BlkioWeight":0,"BlkioWeightDevice":null,"BlkioDeviceReadBps":null,"BlkioDeviceWriteBps":null,"BlkioDeviceReadIOps":null,"BlkioDeviceWriteIOps":null,"CpuPeriod":0,"CpuQuota":0,"CpuRealtimePeriod":0,"CpuRealtimeRuntime":0,"CpusetCpus":"","CpusetMems":"","Devices":null,"DeviceCgroupRules":null,"DeviceRequests":null,"MemoryReservation":0,"MemorySwap":0,"MemorySwappiness":null,"OomKillDisable":null,"PidsLimit":null,"Ulimits":null,"CpuCount":0,"CpuPercent":0,"IOMaximumIOps":0,"IOMaximumBandwidth":0,"MaskedPaths":["/proc/asound","/proc/acpi","/proc/kcore","/proc/keys","/proc/latency_stats","/proc/timer_list","/proc/timer_stats","/proc/sched_debug","/proc/scsi","/sys/firmware"],"ReadonlyPaths":["/proc/bus","/proc/fs","/proc/irq","/proc/sys","/proc/sysrq-trigger"]},"GraphDriver":{"Data":{"LowerDir":"/var/lib/docker/overlay2/0075f27ac39799b376a3e23bf05a650eb10c8a0f9ef49be1ab61e98fd3b93dc3-init/diff:/var/lib/docker/overlay2/4c6e20f032f02b27a9272f982861dc21998197aa90d94ed3bef95d449380247c/diff:/var/lib/docker/overlay2/0c75f828f603eff839bb3ca448163ab2a8017e86625ac255cd3dbf1673ddac26/diff:/var/lib/docker/overlay2/da128d897fda75829109844ce6cd9d73d0f54c682e735100af000ce899908729/diff:/var/lib/docker/overlay2/b678a1f261bf323afba6d76d91ab7428bdd6e1ef4a39b5224e4a1afd08c0423a/diff:/var/lib/docker/overlay2/1bec43b14875c5f9f814f146e8e31aa78566689c2c163da2ac60a32254988437/diff:/var/lib/docker/overlay2/28f4b1e6e1a7a2dbe30f1f94fb42bccd85a61faf8af1fe30a5bb0d442c525e41/diff:/var/lib/docker/overlay2/0f493124464c291d7c97d2633d5dff04b1dce5de904cb40a34dfbe7fe72e3fd4/diff:/var/lib/docker/overlay2/05befbee9e38cd670e1786b3310e99796dcc06abbed970007b4109a5424843fa/diff:/var/lib/docker/overlay2/582bcca9acfc4eef25109e1e1b9c9d104f355798455bc73e855c99283887a6e8/diff:/var/lib/docker/overlay2/153b3bf0b69e97e8f0e5533414a31ca33fa530e63d174c9617621abe46e7e9d1/diff:/var/lib/docker/overlay2/bf87a76c0a38875ee6e915fd0d2527eafa880ec6bf2c1cb294959428c18d10bd/diff","MergedDir":"/var/lib/docker/overlay2/0075f27ac39799b376a3e23bf05a650eb10c8a0f9ef49be1ab61e98fd3b93dc3/merged","UpperDir":"/var/lib/docker/overlay2/0075f27ac39799b376a3e23bf05a650eb10c8a0f9ef49be1ab61e98fd3b93dc3/diff","WorkDir":"/var/lib/docker/overlay2/0075f27ac39799b376a3e23bf05a650eb10c8a0f9ef49be1ab61e98fd3b93dc3/work"},"Name":"overlay2"},"Mounts":[{"Type":"volume","Name":"ffd30c8cc7ed7bf91bc1ebef46b0f06493ce1d3121e28c37d40240bd74b844a5","Source":"/var/lib/docker/volumes/ffd30c8cc7ed7bf91bc1ebef46b0f06493ce1d3121e28c37d40240bd74b844a5/_data","Destination":"/var/lib/mysql","Driver":"local","Mode":"","RW":true,"Propagation":""}],"Config":{"Hostname":"cccfb0602d7e","Domainname":"","User":"","AttachStdin":false,"AttachStdout":false,"AttachStderr":false,"ExposedPorts":{"3306/tcp":{}},"Tty":false,"OpenStdin":false,"StdinOnce":false,"Env":["MYSQL_DATABASE=test","MYSQL_PASSWORD=test","MYSQL_USER=test","MYSQL_ROOT_PASSWORD=test","PATH=/usr/local/sbin:/usr/local/bin:/usr/sbin:/usr/bin:/sbin:/bin","GOSU_VERSION=1.7","MYSQL_MAJOR=8.0","MYSQL_VERSION=8.0.0-dmr-1debian8"],"Cmd":["mysqld"],"Image":"mysql:8.0.0","Volumes":{"/var/lib/mysql":{}},"WorkingDir":"","Entrypoint":["docker-entrypoint.sh"],"OnBuild":null,"Labels":{"org.testcontainers":"true","org.testcontainers.lang":"java","org.testcontainers.sessionId":"f1b696c1-ec3f-4f95-afa8-081853be7ccb","org.testcontainers.version":"1.18.0"}},"NetworkSettings":{"Bridge":"","SandboxID":"75a4ef0436803615aa77c8b97de3cbbdd49519261fe2b3b6cdcae9bd2b1154aa","HairpinMode":false,"LinkLocalIPv6Address":"","LinkLocalIPv6PrefixLen":0,"Ports":{"3306/tcp":[{"HostIp":"0.0.0.0","HostPort":"32781"},{"HostIp":"::","HostPort":"32781"}]},"SandboxKey":"/var/run/docker/netns/75a4ef043680","SecondaryIPAddresses":null,"SecondaryIPv6Addresses":null,"EndpointID":"de3a5c9cc9471fdbec5943d78a8803fca61208fe4021ac9d3922ee2e8ec0d135","Gateway":"172.17.0.1","GlobalIPv6Address":"","GlobalIPv6PrefixLen":0,"IPAddress":"172.17.0.3","IPPrefixLen":16,"IPv6Gateway":"","MacAddress":"02:42:ac:11:00:03","Networks":{"bridge":{"IPAMConfig":null,"Links":null,"Aliases":null,"NetworkID":"e1a078e12eb8d77b497ed932f7fb43787eeb6ff6972febd7d03c9282b8b5cd45","EndpointID":"de3a5c9cc9471fdbec5943d78a8803fca61208fe4021ac9d3922ee2e8ec0d135","Gateway":"172.17.0.1","IPAddress":"172.17.0.3","IPPrefixLen":16,"IPv6Gateway":"","GlobalIPv6Address":"","GlobalIPv6PrefixLen":0,"MacAddress":"02:42:ac:11:00:03","DriverOpts":null}}}}[\n]"
&amp#27;[0;39m2023-05-08 13:18:54,801 [main] &amp#27;[39mDEBUG&amp#27;[0;39m &amp#27;[36mc.g.d.z.s.o.a.hc.client5.http.wire&amp#27;[0;39m - &amp#27;[32mhttp-outgoing-1 << "[\r][\n]"
&amp#27;[0;39m2023-05-08 13:18:54,801 [main] &amp#27;[39mDEBUG&amp#27;[0;39m &amp#27;[36mc.g.d.z.s.o.a.hc.client5.http.wire&amp#27;[0;39m - &amp#27;[32mhttp-outgoing-1 << "0[\r][\n]"
&amp#27;[0;39m2023-05-08 13:18:54,801 [main] &amp#27;[39mDEBUG&amp#27;[0;39m &amp#27;[36mc.g.d.z.s.o.a.hc.client5.http.wire&amp#27;[0;39m - &amp#27;[32mhttp-outgoing-1 << "[\r][\n]"
&amp#27;[0;39m2023-05-08 13:18:54,801 [main] &amp#27;[39mDEBUG&amp#27;[0;39m &amp#27;[36mc.g.d.z.s.o.a.h.client5.http.headers&amp#27;[0;39m - &amp#27;[32mhttp-outgoing-1 << HTTP/1.1 200 OK
&amp#27;[0;39m2023-05-08 13:18:54,801 [main] &amp#27;[39mDEBUG&amp#27;[0;39m &amp#27;[36mc.g.d.z.s.o.a.h.client5.http.headers&amp#27;[0;39m - &amp#27;[32mhttp-outgoing-1 << Api-Version: 1.42
&amp#27;[0;39m2023-05-08 13:18:54,801 [main] &amp#27;[39mDEBUG&amp#27;[0;39m &amp#27;[36mc.g.d.z.s.o.a.h.client5.http.headers&amp#27;[0;39m - &amp#27;[32mhttp-outgoing-1 << Content-Type: application/json
&amp#27;[0;39m2023-05-08 13:18:54,801 [main] &amp#27;[39mDEBUG&amp#27;[0;39m &amp#27;[36mc.g.d.z.s.o.a.h.client5.http.headers&amp#27;[0;39m - &amp#27;[32mhttp-outgoing-1 << Docker-Experimental: false
&amp#27;[0;39m2023-05-08 13:18:54,801 [main] &amp#27;[39mDEBUG&amp#27;[0;39m &amp#27;[36mc.g.d.z.s.o.a.h.client5.http.headers&amp#27;[0;39m - &amp#27;[32mhttp-outgoing-1 << Ostype: linux
&amp#27;[0;39m2023-05-08 13:18:54,801 [main] &amp#27;[39mDEBUG&amp#27;[0;39m &amp#27;[36mc.g.d.z.s.o.a.h.client5.http.headers&amp#27;[0;39m - &amp#27;[32mhttp-outgoing-1 << Server: Docker/23.0.5 (linux)
&amp#27;[0;39m2023-05-08 13:18:54,801 [main] &amp#27;[39mDEBUG&amp#27;[0;39m &amp#27;[36mc.g.d.z.s.o.a.h.client5.http.headers&amp#27;[0;39m - &amp#27;[32mhttp-outgoing-1 << Date: Mon, 08 May 2023 11:18:54 GMT
&amp#27;[0;39m2023-05-08 13:18:54,801 [main] &amp#27;[39mDEBUG&amp#27;[0;39m &amp#27;[36mc.g.d.z.s.o.a.h.client5.http.headers&amp#27;[0;39m - &amp#27;[32mhttp-outgoing-1 << Transfer-Encoding: chunked
&amp#27;[0;39m2023-05-08 13:18:54,802 [main] &amp#27;[39mDEBUG&amp#27;[0;39m &amp#27;[36mc.g.d.z.s.o.a.h.c.h.i.c.MainClientExec&amp#27;[0;39m - &amp#27;[32mex-00000013: connection can be kept alive for 3 MINUTES
&amp#27;[0;39m2023-05-08 13:18:54,803 [main] &amp#27;[39mDEBUG&amp#27;[0;39m &amp#27;[36mc.g.d.z.s.o.a.h.c.h.i.c.InternalHttpClient&amp#27;[0;39m - &amp#27;[32mep-00000012: releasing valid endpoint
&amp#27;[0;39m2023-05-08 13:18:54,803 [main] &amp#27;[39mDEBUG&amp#27;[0;39m &amp#27;[36mc.g.d.z.s.o.a.h.c.h.i.i.PoolingHttpClientConnectionManager&amp#27;[0;39m - &amp#27;[32mep-00000012: releasing endpoint
&amp#27;[0;39m2023-05-08 13:18:54,803 [main] &amp#27;[39mDEBUG&amp#27;[0;39m &amp#27;[36mc.g.d.z.s.o.a.h.c.h.i.i.PoolingHttpClientConnectionManager&amp#27;[0;39m - &amp#27;[32mep-00000012: connection http-outgoing-1 can be kept alive for 3 MINUTES
&amp#27;[0;39m2023-05-08 13:18:54,803 [main] &amp#27;[39mDEBUG&amp#27;[0;39m &amp#27;[36mc.g.d.z.s.o.a.h.c.h.i.i.PoolingHttpClientConnectionManager&amp#27;[0;39m - &amp#27;[32mep-00000012: connection released [route: {}->unix://localhost:2375][total available: 1; route allocated: 1 of 2147483647; total allocated: 1 of 2147483647]
&amp#27;[0;39m2023-05-08 13:18:54,803 [main] &amp#27;[39mDEBUG&amp#27;[0;39m &amp#27;[36mtc.mysql:8.0.0&amp#27;[0;39m - &amp#27;[32mTrying to create JDBC connection using com.mysql.cj.jdbc.Driver to jdbc:mysql://localhost:32781/test?useSSL=false&allowPublicKeyRetrieval=true with properties: {password=test, user=test}
&amp#27;[0;39m2023-05-08 13:18:54,904 [main] &amp#27;[39mDEBUG&amp#27;[0;39m &amp#27;[36mo.t.s.c.g.d.c.command.AbstrDockerCmd&amp#27;[0;39m - &amp#27;[32mCmd: cccfb0602d7e775562ae171a9fe0a7ec811b6906268008a84fea93151d2a7305,false
&amp#27;[0;39m2023-05-08 13:18:54,904 [main] &amp#27;[39mDEBUG&amp#27;[0;39m &amp#27;[36mo.t.s.c.g.d.c.e.InspectContainerCmdExec&amp#27;[0;39m - &amp#27;[32mGET: DefaultWebTarget{path=[/containers/cccfb0602d7e775562ae171a9fe0a7ec811b6906268008a84fea93151d2a7305/json], queryParams={}}
&amp#27;[0;39m2023-05-08 13:18:54,905 [main] &amp#27;[39mDEBUG&amp#27;[0;39m &amp#27;[36mc.g.d.z.s.o.a.h.c.h.i.c.InternalHttpClient&amp#27;[0;39m - &amp#27;[32mex-00000014: preparing request execution
&amp#27;[0;39m2023-05-08 13:18:54,905 [main] &amp#27;[39mDEBUG&amp#27;[0;39m &amp#27;[36mc.g.d.z.s.o.a.h.c.h.p.RequestAddCookies&amp#27;[0;39m - &amp#27;[32mCookie spec selected: strict
&amp#27;[0;39m2023-05-08 13:18:54,905 [main] &amp#27;[39mDEBUG&amp#27;[0;39m &amp#27;[36mc.g.d.z.s.o.a.h.c.h.p.RequestAuthCache&amp#27;[0;39m - &amp#27;[32mAuth cache not set in the context
&amp#27;[0;39m2023-05-08 13:18:54,905 [main] &amp#27;[39mDEBUG&amp#27;[0;39m &amp#27;[36mc.g.d.z.s.o.a.h.c.h.i.c.ProtocolExec&amp#27;[0;39m - &amp#27;[32mex-00000014: target auth state: UNCHALLENGED
&amp#27;[0;39m2023-05-08 13:18:54,905 [main] &amp#27;[39mDEBUG&amp#27;[0;39m &amp#27;[36mc.g.d.z.s.o.a.h.c.h.i.c.ProtocolExec&amp#27;[0;39m - &amp#27;[32mex-00000014: proxy auth state: UNCHALLENGED
&amp#27;[0;39m2023-05-08 13:18:54,905 [main] &amp#27;[39mDEBUG&amp#27;[0;39m &amp#27;[36mc.g.d.z.s.o.a.h.c.h.i.c.ConnectExec&amp#27;[0;39m - &amp#27;[32mex-00000014: acquiring connection with route {}->unix://localhost:2375
&amp#27;[0;39m2023-05-08 13:18:54,905 [main] &amp#27;[39mDEBUG&amp#27;[0;39m &amp#27;[36mc.g.d.z.s.o.a.h.c.h.i.c.InternalHttpClient&amp#27;[0;39m - &amp#27;[32mex-00000014: acquiring endpoint (3 MINUTES)
&amp#27;[0;39m2023-05-08 13:18:54,905 [main] &amp#27;[39mDEBUG&amp#27;[0;39m &amp#27;[36mc.g.d.z.s.o.a.h.c.h.i.i.PoolingHttpClientConnectionManager&amp#27;[0;39m - &amp#27;[32mex-00000014: endpoint lease request (3 MINUTES) [route: {}->unix://localhost:2375][total available: 1; route allocated: 1 of 2147483647; total allocated: 1 of 2147483647]
&amp#27;[0;39m2023-05-08 13:18:54,905 [main] &amp#27;[39mDEBUG&amp#27;[0;39m &amp#27;[36mc.g.d.z.s.o.a.h.c.h.i.i.PoolingHttpClientConnectionManager&amp#27;[0;39m - &amp#27;[32mex-00000014: endpoint leased [route: {}->unix://localhost:2375][total available: 0; route allocated: 1 of 2147483647; total allocated: 1 of 2147483647]
&amp#27;[0;39m2023-05-08 13:18:54,905 [main] &amp#27;[39mDEBUG&amp#27;[0;39m &amp#27;[36mc.g.d.z.s.o.a.h.c.h.i.i.PoolingHttpClientConnectionManager&amp#27;[0;39m - &amp#27;[32mex-00000014: acquired ep-00000013
&amp#27;[0;39m2023-05-08 13:18:54,905 [main] &amp#27;[39mDEBUG&amp#27;[0;39m &amp#27;[36mc.g.d.z.s.o.a.h.c.h.i.c.InternalHttpClient&amp#27;[0;39m - &amp#27;[32mex-00000014: acquired endpoint ep-00000013
&amp#27;[0;39m2023-05-08 13:18:54,905 [main] &amp#27;[39mDEBUG&amp#27;[0;39m &amp#27;[36mc.g.d.z.s.o.a.h.c.h.i.c.MainClientExec&amp#27;[0;39m - &amp#27;[32mex-00000014: executing GET /v1.32/containers/cccfb0602d7e775562ae171a9fe0a7ec811b6906268008a84fea93151d2a7305/json HTTP/1.1
&amp#27;[0;39m2023-05-08 13:18:54,905 [main] &amp#27;[39mDEBUG&amp#27;[0;39m &amp#27;[36mc.g.d.z.s.o.a.h.c.h.i.c.InternalHttpClient&amp#27;[0;39m - &amp#27;[32mep-00000013: start execution ex-00000014
&amp#27;[0;39m2023-05-08 13:18:54,905 [main] &amp#27;[39mDEBUG&amp#27;[0;39m &amp#27;[36mc.g.d.z.s.o.a.h.c.h.i.i.PoolingHttpClientConnectionManager&amp#27;[0;39m - &amp#27;[32mep-00000013: executing exchange ex-00000014 over http-outgoing-1
&amp#27;[0;39m2023-05-08 13:18:54,905 [main] &amp#27;[39mDEBUG&amp#27;[0;39m &amp#27;[36mc.g.d.z.s.o.a.h.client5.http.headers&amp#27;[0;39m - &amp#27;[32mhttp-outgoing-1 >> GET /v1.32/containers/cccfb0602d7e775562ae171a9fe0a7ec811b6906268008a84fea93151d2a7305/json HTTP/1.1
&amp#27;[0;39m2023-05-08 13:18:54,905 [main] &amp#27;[39mDEBUG&amp#27;[0;39m &amp#27;[36mc.g.d.z.s.o.a.h.client5.http.headers&amp#27;[0;39m - &amp#27;[32mhttp-outgoing-1 >> accept: application/json
&amp#27;[0;39m2023-05-08 13:18:54,905 [main] &amp#27;[39mDEBUG&amp#27;[0;39m &amp#27;[36mc.g.d.z.s.o.a.h.client5.http.headers&amp#27;[0;39m - &amp#27;[32mhttp-outgoing-1 >> x-tc-sid: f1b696c1-ec3f-4f95-afa8-081853be7ccb
&amp#27;[0;39m2023-05-08 13:18:54,905 [main] &amp#27;[39mDEBUG&amp#27;[0;39m &amp#27;[36mc.g.d.z.s.o.a.h.client5.http.headers&amp#27;[0;39m - &amp#27;[32mhttp-outgoing-1 >> Accept-Encoding: gzip, x-gzip, deflate
&amp#27;[0;39m2023-05-08 13:18:54,905 [main] &amp#27;[39mDEBUG&amp#27;[0;39m &amp#27;[36mc.g.d.z.s.o.a.h.client5.http.headers&amp#27;[0;39m - &amp#27;[32mhttp-outgoing-1 >> Host: localhost:2375
&amp#27;[0;39m2023-05-08 13:18:54,905 [main] &amp#27;[39mDEBUG&amp#27;[0;39m &amp#27;[36mc.g.d.z.s.o.a.h.client5.http.headers&amp#27;[0;39m - &amp#27;[32mhttp-outgoing-1 >> Connection: keep-alive
&amp#27;[0;39m2023-05-08 13:18:54,905 [main] &amp#27;[39mDEBUG&amp#27;[0;39m &amp#27;[36mc.g.d.z.s.o.a.h.client5.http.headers&amp#27;[0;39m - &amp#27;[32mhttp-outgoing-1 >> User-Agent: Apache-HttpClient/5.0.3 (Java/17.0.6)
&amp#27;[0;39m2023-05-08 13:18:54,905 [main] &amp#27;[39mDEBUG&amp#27;[0;39m &amp#27;[36mc.g.d.z.s.o.a.hc.client5.http.wire&amp#27;[0;39m - &amp#27;[32mhttp-outgoing-1 >> "GET /v1.32/containers/cccfb0602d7e775562ae171a9fe0a7ec811b6906268008a84fea93151d2a7305/json HTTP/1.1[\r][\n]"
&amp#27;[0;39m2023-05-08 13:18:54,905 [main] &amp#27;[39mDEBUG&amp#27;[0;39m &amp#27;[36mc.g.d.z.s.o.a.hc.client5.http.wire&amp#27;[0;39m - &amp#27;[32mhttp-outgoing-1 >> "accept: application/json[\r][\n]"
&amp#27;[0;39m2023-05-08 13:18:54,905 [main] &amp#27;[39mDEBUG&amp#27;[0;39m &amp#27;[36mc.g.d.z.s.o.a.hc.client5.http.wire&amp#27;[0;39m - &amp#27;[32mhttp-outgoing-1 >> "x-tc-sid: f1b696c1-ec3f-4f95-afa8-081853be7ccb[\r][\n]"
&amp#27;[0;39m2023-05-08 13:18:54,905 [main] &amp#27;[39mDEBUG&amp#27;[0;39m &amp#27;[36mc.g.d.z.s.o.a.hc.client5.http.wire&amp#27;[0;39m - &amp#27;[32mhttp-outgoing-1 >> "Accept-Encoding: gzip, x-gzip, deflate[\r][\n]"
&amp#27;[0;39m2023-05-08 13:18:54,905 [main] &amp#27;[39mDEBUG&amp#27;[0;39m &amp#27;[36mc.g.d.z.s.o.a.hc.client5.http.wire&amp#27;[0;39m - &amp#27;[32mhttp-outgoing-1 >> "Host: localhost:2375[\r][\n]"
&amp#27;[0;39m2023-05-08 13:18:54,905 [main] &amp#27;[39mDEBUG&amp#27;[0;39m &amp#27;[36mc.g.d.z.s.o.a.hc.client5.http.wire&amp#27;[0;39m - &amp#27;[32mhttp-outgoing-1 >> "Connection: keep-alive[\r][\n]"
&amp#27;[0;39m2023-05-08 13:18:54,905 [main] &amp#27;[39mDEBUG&amp#27;[0;39m &amp#27;[36mc.g.d.z.s.o.a.hc.client5.http.wire&amp#27;[0;39m - &amp#27;[32mhttp-outgoing-1 >> "User-Agent: Apache-HttpClient/5.0.3 (Java/17.0.6)[\r][\n]"
&amp#27;[0;39m2023-05-08 13:18:54,905 [main] &amp#27;[39mDEBUG&amp#27;[0;39m &amp#27;[36mc.g.d.z.s.o.a.hc.client5.http.wire&amp#27;[0;39m - &amp#27;[32mhttp-outgoing-1 >> "[\r][\n]"
&amp#27;[0;39m2023-05-08 13:18:54,906 [main] &amp#27;[39mDEBUG&amp#27;[0;39m &amp#27;[36mc.g.d.z.s.o.a.hc.client5.http.wire&amp#27;[0;39m - &amp#27;[32mhttp-outgoing-1 << "HTTP/1.1 200 OK[\r][\n]"
&amp#27;[0;39m2023-05-08 13:18:54,906 [main] &amp#27;[39mDEBUG&amp#27;[0;39m &amp#27;[36mc.g.d.z.s.o.a.hc.client5.http.wire&amp#27;[0;39m - &amp#27;[32mhttp-outgoing-1 << "Api-Version: 1.42[\r][\n]"
&amp#27;[0;39m2023-05-08 13:18:54,906 [main] &amp#27;[39mDEBUG&amp#27;[0;39m &amp#27;[36mc.g.d.z.s.o.a.hc.client5.http.wire&amp#27;[0;39m - &amp#27;[32mhttp-outgoing-1 << "Content-Type: application/json[\r][\n]"
&amp#27;[0;39m2023-05-08 13:18:54,906 [main] &amp#27;[39mDEBUG&amp#27;[0;39m &amp#27;[36mc.g.d.z.s.o.a.hc.client5.http.wire&amp#27;[0;39m - &amp#27;[32mhttp-outgoing-1 << "Docker-Experimental: false[\r][\n]"
&amp#27;[0;39m2023-05-08 13:18:54,906 [main] &amp#27;[39mDEBUG&amp#27;[0;39m &amp#27;[36mc.g.d.z.s.o.a.hc.client5.http.wire&amp#27;[0;39m - &amp#27;[32mhttp-outgoing-1 << "Ostype: linux[\r][\n]"
&amp#27;[0;39m2023-05-08 13:18:54,906 [main] &amp#27;[39mDEBUG&amp#27;[0;39m &amp#27;[36mc.g.d.z.s.o.a.hc.client5.http.wire&amp#27;[0;39m - &amp#27;[32mhttp-outgoing-1 << "Server: Docker/23.0.5 (linux)[\r][\n]"
&amp#27;[0;39m2023-05-08 13:18:54,906 [main] &amp#27;[39mDEBUG&amp#27;[0;39m &amp#27;[36mc.g.d.z.s.o.a.hc.client5.http.wire&amp#27;[0;39m - &amp#27;[32mhttp-outgoing-1 << "Date: Mon, 08 May 2023 11:18:54 GMT[\r][\n]"
&amp#27;[0;39m2023-05-08 13:18:54,906 [main] &amp#27;[39mDEBUG&amp#27;[0;39m &amp#27;[36mc.g.d.z.s.o.a.hc.client5.http.wire&amp#27;[0;39m - &amp#27;[32mhttp-outgoing-1 << "Transfer-Encoding: chunked[\r][\n]"
&amp#27;[0;39m2023-05-08 13:18:54,906 [main] &amp#27;[39mDEBUG&amp#27;[0;39m &amp#27;[36mc.g.d.z.s.o.a.hc.client5.http.wire&amp#27;[0;39m - &amp#27;[32mhttp-outgoing-1 << "[\r][\n]"
&amp#27;[0;39m2023-05-08 13:18:54,906 [main] &amp#27;[39mDEBUG&amp#27;[0;39m &amp#27;[36mc.g.d.z.s.o.a.hc.client5.http.wire&amp#27;[0;39m - &amp#27;[32mhttp-outgoing-1 << "1890[\r][\n]"
&amp#27;[0;39m2023-05-08 13:18:54,906 [main] &amp#27;[39mDEBUG&amp#27;[0;39m &amp#27;[36mc.g.d.z.s.o.a.hc.client5.http.wire&amp#27;[0;39m - &amp#27;[32mhttp-outgoing-1 << "{"Id":"cccfb0602d7e775562ae171a9fe0a7ec811b6906268008a84fea93151d2a7305","Created":"2023-05-08T11:18:54.120535425Z","Path":"docker-entrypoint.sh","Args":["mysqld"],"State":{"Status":"running","Running":true,"Paused":false,"Restarting":false,"OOMKilled":false,"Dead":false,"Pid":59126,"ExitCode":0,"Error":"","StartedAt":"2023-05-08T11:18:54.468577716Z","FinishedAt":"0001-01-01T00:00:00Z"},"Image":"sha256:228d71078f8ce5ae9fd96b183f88c3a90e30544b4b7ce9d64a238d05fef2a681","ResolvConfPath":"/var/lib/docker/containers/cccfb0602d7e775562ae171a9fe0a7ec811b6906268008a84fea93151d2a7305/resolv.conf","HostnamePath":"/var/lib/docker/containers/cccfb0602d7e775562ae171a9fe0a7ec811b6906268008a84fea93151d2a7305/hostname","HostsPath":"/var/lib/docker/containers/cccfb0602d7e775562ae171a9fe0a7ec811b6906268008a84fea93151d2a7305/hosts","LogPath":"/var/lib/docker/containers/cccfb0602d7e775562ae171a9fe0a7ec811b6906268008a84fea93151d2a7305/cccfb0602d7e775562ae171a9fe0a7ec811b6906268008a84fea93151d2a7305-json.log","Name":"/charming_goodall","RestartCount":0,"Driver":"overlay2","Platform":"linux","MountLabel":"","ProcessLabel":"","AppArmorProfile":"docker-default","ExecIDs":null,"HostConfig":{"Binds":[],"ContainerIDFile":"","LogConfig":{"Type":"json-file","Config":{}},"NetworkMode":"default","PortBindings":{"3306/tcp":[{"HostIp":"","HostPort":""}]},"RestartPolicy":{"Name":"","MaximumRetryCount":0},"AutoRemove":false,"VolumeDriver":"","VolumesFrom":[],"ConsoleSize":[0,0],"CapAdd":null,"CapDrop":null,"CgroupnsMode":"private","Dns":null,"DnsOptions":null,"DnsSearch":null,"ExtraHosts":[],"GroupAdd":null,"IpcMode":"shareable","Cgroup":"","Links":null,"OomScoreAdj":0,"PidMode":"","Privileged":false,"PublishAllPorts":false,"ReadonlyRootfs":false,"SecurityOpt":null,"UTSMode":"","UsernsMode":"","ShmSize":67108864,"Runtime":"runc","Isolation":"","CpuShares":0,"Memory":0,"NanoCpus":0,"CgroupParent":"","BlkioWeight":0,"BlkioWeightDevice":null,"BlkioDeviceReadBps":null,"BlkioDeviceWriteBps":null,"BlkioDeviceReadIOps":null,"BlkioDeviceWriteIOps":null,"CpuPeriod":0,"CpuQuota":0,"CpuRealtimePeriod":0,"CpuRealtimeRuntime":0,"CpusetCpus":"","CpusetMems":"","Devices":null,"DeviceCgroupRules":null,"DeviceRequests":null,"MemoryReservation":0,"MemorySwap":0,"MemorySwappiness":null,"OomKillDisable":null,"PidsLimit":null,"Ulimits":null,"CpuCount":0,"CpuPercent":0,"IOMaximumIOps":0,"IOMaximumBandwidth":0,"MaskedPaths":["/proc/asound","/proc/acpi","/proc/kcore","/proc/keys","/proc/latency_stats","/proc/timer_list","/proc/timer_stats","/proc/sched_debug","/proc/scsi","/sys/firmware"],"ReadonlyPaths":["/proc/bus","/proc/fs","/proc/irq","/proc/sys","/proc/sysrq-trigger"]},"GraphDriver":{"Data":{"LowerDir":"/var/lib/docker/overlay2/0075f27ac39799b376a3e23bf05a650eb10c8a0f9ef49be1ab61e98fd3b93dc3-init/diff:/var/lib/docker/overlay2/4c6e20f032f02b27a9272f982861dc21998197aa90d94ed3bef95d449380247c/diff:/var/lib/docker/overlay2/0c75f828f603eff839bb3ca448163ab2a8017e86625ac255cd3dbf1673ddac26/diff:/var/lib/docker/overlay2/da128d897fda75829109844ce6cd9d73d0f54c682e735100af000ce899908729/diff:/var/lib/docker/overlay2/b678a1f261bf323afba6d76d91ab7428bdd6e1ef4a39b5224e4a1afd08c0423a/diff:/var/lib/docker/overlay2/1bec43b14875c5f9f814f146e8e31aa78566689c2c163da2ac60a32254988437/diff:/var/lib/docker/overlay2/28f4b1e6e1a7a2dbe30f1f94fb42bccd85a61faf8af1fe30a5bb0d442c525e41/diff:/var/lib/docker/overlay2/0f493124464c291d7c97d2633d5dff04b1dce5de904cb40a34dfbe7fe72e3fd4/diff:/var/lib/docker/overlay2/05befbee9e38cd670e1786b3310e99796dcc06abbed970007b4109a5424843fa/diff:/var/lib/docker/overlay2/582bcca9acfc4eef25109e1e1b9c9d104f355798455bc73e855c99283887a6e8/diff:/var/lib/docker/overlay2/153b3bf0b69e97e8f0e5533414a31ca33fa530e63d174c9617621abe46e7e9d1/diff:/var/lib/docker/overlay2/bf87a76c0a38875ee6e915fd0d2527eafa880ec6bf2c1cb294959428c18d10bd/diff","MergedDir":"/var/lib/docker/overlay2/0075f27ac39799b376a3e23bf05a650eb10c8a0f9ef49be1ab61e98fd3b93dc3/merged","UpperDir":"/var/lib/docker/overlay2/0075f27ac39799b376a3e23bf05a650eb10c8a0f9ef49be1ab61e98fd3b93dc3/diff","WorkDir":"/var/lib/docker/overlay2/0075f27ac39799b376a3e23bf05a650eb10c8a0f9ef49be1ab61e98fd3b93dc3/work"},"Name":"overlay2"},"Mounts":[{"Type":"volume","Name":"ffd30c8cc7ed7bf91bc1ebef46b0f06493ce1d3121e28c37d40240bd74b844a5","Source":"/var/lib/docker/volumes/ffd30c8cc7ed7bf91bc1ebef46b0f06493ce1d3121e28c37d40240bd74b844a5/_data","Destination":"/var/lib/mysql","Driver":"local","Mode":"","RW":true,"Propagation":""}],"Config":{"Hostname":"cccfb0602d7e","Domainname":"","User":"","AttachStdin":false,"AttachStdout":false,"AttachStderr":false,"ExposedPorts":{"3306/tcp":{}},"Tty":false,"OpenStdin":false,"StdinOnce":false,"Env":["MYSQL_DATABASE=test","MYSQL_PASSWORD=test","MYSQL_USER=test","MYSQL_ROOT_PASSWORD=test","PATH=/usr/local/sbin:/usr/local/bin:/usr/sbin:/usr/bin:/sbin:/bin","GOSU_VERSION=1.7","MYSQL_MAJOR=8.0","MYSQL_VERSION=8.0.0-dmr-1debian8"],"Cmd":["mysqld"],"Image":"mysql:8.0.0","Volumes":{"/var/lib/mysql":{}},"WorkingDir":"","Entrypoint":["docker-entrypoint.sh"],"OnBuild":null,"Labels":{"org.testcontainers":"true","org.testcontainers.lang":"java","org.testcontainers.sessionId":"f1b696c1-ec3f-4f95-afa8-081853be7ccb","org.testcontainers.version":"1.18.0"}},"NetworkSettings":{"Bridge":"","SandboxID":"75a4ef0436803615aa77c8b97de3cbbdd49519261fe2b3b6cdcae9bd2b1154aa","HairpinMode":false,"LinkLocalIPv6Address":"","LinkLocalIPv6PrefixLen":0,"Ports":{"3306/tcp":[{"HostIp":"0.0.0.0","HostPort":"32781"},{"HostIp":"::","HostPort":"32781"}]},"SandboxKey":"/var/run/docker/netns/75a4ef043680","SecondaryIPAddresses":null,"SecondaryIPv6Addresses":null,"EndpointID":"de3a5c9cc9471fdbec5943d78a8803fca61208fe4021ac9d3922ee2e8ec0d135","Gateway":"172.17.0.1","GlobalIPv6Address":"","GlobalIPv6PrefixLen":0,"IPAddress":"172.17.0.3","IPPrefixLen":16,"IPv6Gateway":"","MacAddress":"02:42:ac:11:00:03","Networks":{"bridge":{"IPAMConfig":null,"Links":null,"Aliases":null,"NetworkID":"e1a078e12eb8d77b497ed932f7fb43787eeb6ff6972febd7d03c9282b8b5cd45","EndpointID":"de3a5c9cc9471fdbec5943d78a8803fca61208fe4021ac9d3922ee2e8ec0d135","Gateway":"172.17.0.1","IPAddress":"172.17.0.3","IPPrefixLen":16,"IPv6Gateway":"","GlobalIPv6Address":"","GlobalIPv6PrefixLen":0,"MacAddress":"02:42:ac:11:00:03","DriverOpts":null}}}}[\n]"
&amp#27;[0;39m2023-05-08 13:18:54,906 [main] &amp#27;[39mDEBUG&amp#27;[0;39m &amp#27;[36mc.g.d.z.s.o.a.hc.client5.http.wire&amp#27;[0;39m - &amp#27;[32mhttp-outgoing-1 << "[\r][\n]"
&amp#27;[0;39m2023-05-08 13:18:54,906 [main] &amp#27;[39mDEBUG&amp#27;[0;39m &amp#27;[36mc.g.d.z.s.o.a.hc.client5.http.wire&amp#27;[0;39m - &amp#27;[32mhttp-outgoing-1 << "0[\r][\n]"
&amp#27;[0;39m2023-05-08 13:18:54,906 [main] &amp#27;[39mDEBUG&amp#27;[0;39m &amp#27;[36mc.g.d.z.s.o.a.hc.client5.http.wire&amp#27;[0;39m - &amp#27;[32mhttp-outgoing-1 << "[\r][\n]"
&amp#27;[0;39m2023-05-08 13:18:54,906 [main] &amp#27;[39mDEBUG&amp#27;[0;39m &amp#27;[36mc.g.d.z.s.o.a.h.client5.http.headers&amp#27;[0;39m - &amp#27;[32mhttp-outgoing-1 << HTTP/1.1 200 OK
&amp#27;[0;39m2023-05-08 13:18:54,906 [main] &amp#27;[39mDEBUG&amp#27;[0;39m &amp#27;[36mc.g.d.z.s.o.a.h.client5.http.headers&amp#27;[0;39m - &amp#27;[32mhttp-outgoing-1 << Api-Version: 1.42
&amp#27;[0;39m2023-05-08 13:18:54,906 [main] &amp#27;[39mDEBUG&amp#27;[0;39m &amp#27;[36mc.g.d.z.s.o.a.h.client5.http.headers&amp#27;[0;39m - &amp#27;[32mhttp-outgoing-1 << Content-Type: application/json
&amp#27;[0;39m2023-05-08 13:18:54,906 [main] &amp#27;[39mDEBUG&amp#27;[0;39m &amp#27;[36mc.g.d.z.s.o.a.h.client5.http.headers&amp#27;[0;39m - &amp#27;[32mhttp-outgoing-1 << Docker-Experimental: false
&amp#27;[0;39m2023-05-08 13:18:54,906 [main] &amp#27;[39mDEBUG&amp#27;[0;39m &amp#27;[36mc.g.d.z.s.o.a.h.client5.http.headers&amp#27;[0;39m - &amp#27;[32mhttp-outgoing-1 << Ostype: linux
&amp#27;[0;39m2023-05-08 13:18:54,906 [main] &amp#27;[39mDEBUG&amp#27;[0;39m &amp#27;[36mc.g.d.z.s.o.a.h.client5.http.headers&amp#27;[0;39m - &amp#27;[32mhttp-outgoing-1 << Server: Docker/23.0.5 (linux)
&amp#27;[0;39m2023-05-08 13:18:54,906 [main] &amp#27;[39mDEBUG&amp#27;[0;39m &amp#27;[36mc.g.d.z.s.o.a.h.client5.http.headers&amp#27;[0;39m - &amp#27;[32mhttp-outgoing-1 << Date: Mon, 08 May 2023 11:18:54 GMT
&amp#27;[0;39m2023-05-08 13:18:54,906 [main] &amp#27;[39mDEBUG&amp#27;[0;39m &amp#27;[36mc.g.d.z.s.o.a.h.client5.http.headers&amp#27;[0;39m - &amp#27;[32mhttp-outgoing-1 << Transfer-Encoding: chunked
&amp#27;[0;39m2023-05-08 13:18:54,906 [main] &amp#27;[39mDEBUG&amp#27;[0;39m &amp#27;[36mc.g.d.z.s.o.a.h.c.h.i.c.MainClientExec&amp#27;[0;39m - &amp#27;[32mex-00000014: connection can be kept alive for 3 MINUTES
&amp#27;[0;39m2023-05-08 13:18:54,907 [main] &amp#27;[39mDEBUG&amp#27;[0;39m &amp#27;[36mc.g.d.z.s.o.a.h.c.h.i.c.InternalHttpClient&amp#27;[0;39m - &amp#27;[32mep-00000013: releasing valid endpoint
&amp#27;[0;39m2023-05-08 13:18:54,907 [main] &amp#27;[39mDEBUG&amp#27;[0;39m &amp#27;[36mc.g.d.z.s.o.a.h.c.h.i.i.PoolingHttpClientConnectionManager&amp#27;[0;39m - &amp#27;[32mep-00000013: releasing endpoint
&amp#27;[0;39m2023-05-08 13:18:54,908 [main] &amp#27;[39mDEBUG&amp#27;[0;39m &amp#27;[36mc.g.d.z.s.o.a.h.c.h.i.i.PoolingHttpClientConnectionManager&amp#27;[0;39m - &amp#27;[32mep-00000013: connection http-outgoing-1 can be kept alive for 3 MINUTES
&amp#27;[0;39m2023-05-08 13:18:54,908 [main] &amp#27;[39mDEBUG&amp#27;[0;39m &amp#27;[36mc.g.d.z.s.o.a.h.c.h.i.i.PoolingHttpClientConnectionManager&amp#27;[0;39m - &amp#27;[32mep-00000013: connection released [route: {}->unix://localhost:2375][total available: 1; route allocated: 1 of 2147483647; total allocated: 1 of 2147483647]
&amp#27;[0;39m2023-05-08 13:18:54,908 [main] &amp#27;[39mDEBUG&amp#27;[0;39m &amp#27;[36mtc.mysql:8.0.0&amp#27;[0;39m - &amp#27;[32mTrying to create JDBC connection using com.mysql.cj.jdbc.Driver to jdbc:mysql://localhost:32781/test?useSSL=false&allowPublicKeyRetrieval=true with properties: {password=test, user=test}
&amp#27;[0;39m2023-05-08 13:18:55,009 [main] &amp#27;[39mDEBUG&amp#27;[0;39m &amp#27;[36mo.t.s.c.g.d.c.command.AbstrDockerCmd&amp#27;[0;39m - &amp#27;[32mCmd: cccfb0602d7e775562ae171a9fe0a7ec811b6906268008a84fea93151d2a7305,false
&amp#27;[0;39m2023-05-08 13:18:55,010 [main] &amp#27;[39mDEBUG&amp#27;[0;39m &amp#27;[36mo.t.s.c.g.d.c.e.InspectContainerCmdExec&amp#27;[0;39m - &amp#27;[32mGET: DefaultWebTarget{path=[/containers/cccfb0602d7e775562ae171a9fe0a7ec811b6906268008a84fea93151d2a7305/json], queryParams={}}
&amp#27;[0;39m2023-05-08 13:18:55,010 [main] &amp#27;[39mDEBUG&amp#27;[0;39m &amp#27;[36mc.g.d.z.s.o.a.h.c.h.i.c.InternalHttpClient&amp#27;[0;39m - &amp#27;[32mex-00000015: preparing request execution
&amp#27;[0;39m2023-05-08 13:18:55,010 [main] &amp#27;[39mDEBUG&amp#27;[0;39m &amp#27;[36mc.g.d.z.s.o.a.h.c.h.p.RequestAddCookies&amp#27;[0;39m - &amp#27;[32mCookie spec selected: strict
&amp#27;[0;39m2023-05-08 13:18:55,010 [main] &amp#27;[39mDEBUG&amp#27;[0;39m &amp#27;[36mc.g.d.z.s.o.a.h.c.h.p.RequestAuthCache&amp#27;[0;39m - &amp#27;[32mAuth cache not set in the context
&amp#27;[0;39m2023-05-08 13:18:55,010 [main] &amp#27;[39mDEBUG&amp#27;[0;39m &amp#27;[36mc.g.d.z.s.o.a.h.c.h.i.c.ProtocolExec&amp#27;[0;39m - &amp#27;[32mex-00000015: target auth state: UNCHALLENGED
&amp#27;[0;39m2023-05-08 13:18:55,010 [main] &amp#27;[39mDEBUG&amp#27;[0;39m &amp#27;[36mc.g.d.z.s.o.a.h.c.h.i.c.ProtocolExec&amp#27;[0;39m - &amp#27;[32mex-00000015: proxy auth state: UNCHALLENGED
&amp#27;[0;39m2023-05-08 13:18:55,010 [main] &amp#27;[39mDEBUG&amp#27;[0;39m &amp#27;[36mc.g.d.z.s.o.a.h.c.h.i.c.ConnectExec&amp#27;[0;39m - &amp#27;[32mex-00000015: acquiring connection with route {}->unix://localhost:2375
&amp#27;[0;39m2023-05-08 13:18:55,010 [main] &amp#27;[39mDEBUG&amp#27;[0;39m &amp#27;[36mc.g.d.z.s.o.a.h.c.h.i.c.InternalHttpClient&amp#27;[0;39m - &amp#27;[32mex-00000015: acquiring endpoint (3 MINUTES)
&amp#27;[0;39m2023-05-08 13:18:55,010 [main] &amp#27;[39mDEBUG&amp#27;[0;39m &amp#27;[36mc.g.d.z.s.o.a.h.c.h.i.i.PoolingHttpClientConnectionManager&amp#27;[0;39m - &amp#27;[32mex-00000015: endpoint lease request (3 MINUTES) [route: {}->unix://localhost:2375][total available: 1; route allocated: 1 of 2147483647; total allocated: 1 of 2147483647]
&amp#27;[0;39m2023-05-08 13:18:55,010 [main] &amp#27;[39mDEBUG&amp#27;[0;39m &amp#27;[36mc.g.d.z.s.o.a.h.c.h.i.i.PoolingHttpClientConnectionManager&amp#27;[0;39m - &amp#27;[32mex-00000015: endpoint leased [route: {}->unix://localhost:2375][total available: 0; route allocated: 1 of 2147483647; total allocated: 1 of 2147483647]
&amp#27;[0;39m2023-05-08 13:18:55,010 [main] &amp#27;[39mDEBUG&amp#27;[0;39m &amp#27;[36mc.g.d.z.s.o.a.h.c.h.i.i.PoolingHttpClientConnectionManager&amp#27;[0;39m - &amp#27;[32mex-00000015: acquired ep-00000014
&amp#27;[0;39m2023-05-08 13:18:55,010 [main] &amp#27;[39mDEBUG&amp#27;[0;39m &amp#27;[36mc.g.d.z.s.o.a.h.c.h.i.c.InternalHttpClient&amp#27;[0;39m - &amp#27;[32mex-00000015: acquired endpoint ep-00000014
&amp#27;[0;39m2023-05-08 13:18:55,010 [main] &amp#27;[39mDEBUG&amp#27;[0;39m &amp#27;[36mc.g.d.z.s.o.a.h.c.h.i.c.MainClientExec&amp#27;[0;39m - &amp#27;[32mex-00000015: executing GET /v1.32/containers/cccfb0602d7e775562ae171a9fe0a7ec811b6906268008a84fea93151d2a7305/json HTTP/1.1
&amp#27;[0;39m2023-05-08 13:18:55,010 [main] &amp#27;[39mDEBUG&amp#27;[0;39m &amp#27;[36mc.g.d.z.s.o.a.h.c.h.i.c.InternalHttpClient&amp#27;[0;39m - &amp#27;[32mep-00000014: start execution ex-00000015
&amp#27;[0;39m2023-05-08 13:18:55,010 [main] &amp#27;[39mDEBUG&amp#27;[0;39m &amp#27;[36mc.g.d.z.s.o.a.h.c.h.i.i.PoolingHttpClientConnectionManager&amp#27;[0;39m - &amp#27;[32mep-00000014: executing exchange ex-00000015 over http-outgoing-1
&amp#27;[0;39m2023-05-08 13:18:55,010 [main] &amp#27;[39mDEBUG&amp#27;[0;39m &amp#27;[36mc.g.d.z.s.o.a.h.client5.http.headers&amp#27;[0;39m - &amp#27;[32mhttp-outgoing-1 >> GET /v1.32/containers/cccfb0602d7e775562ae171a9fe0a7ec811b6906268008a84fea93151d2a7305/json HTTP/1.1
&amp#27;[0;39m2023-05-08 13:18:55,010 [main] &amp#27;[39mDEBUG&amp#27;[0;39m &amp#27;[36mc.g.d.z.s.o.a.h.client5.http.headers&amp#27;[0;39m - &amp#27;[32mhttp-outgoing-1 >> accept: application/json
&amp#27;[0;39m2023-05-08 13:18:55,010 [main] &amp#27;[39mDEBUG&amp#27;[0;39m &amp#27;[36mc.g.d.z.s.o.a.h.client5.http.headers&amp#27;[0;39m - &amp#27;[32mhttp-outgoing-1 >> x-tc-sid: f1b696c1-ec3f-4f95-afa8-081853be7ccb
&amp#27;[0;39m2023-05-08 13:18:55,010 [main] &amp#27;[39mDEBUG&amp#27;[0;39m &amp#27;[36mc.g.d.z.s.o.a.h.client5.http.headers&amp#27;[0;39m - &amp#27;[32mhttp-outgoing-1 >> Accept-Encoding: gzip, x-gzip, deflate
&amp#27;[0;39m2023-05-08 13:18:55,010 [main] &amp#27;[39mDEBUG&amp#27;[0;39m &amp#27;[36mc.g.d.z.s.o.a.h.client5.http.headers&amp#27;[0;39m - &amp#27;[32mhttp-outgoing-1 >> Host: localhost:2375
&amp#27;[0;39m2023-05-08 13:18:55,010 [main] &amp#27;[39mDEBUG&amp#27;[0;39m &amp#27;[36mc.g.d.z.s.o.a.h.client5.http.headers&amp#27;[0;39m - &amp#27;[32mhttp-outgoing-1 >> Connection: keep-alive
&amp#27;[0;39m2023-05-08 13:18:55,010 [main] &amp#27;[39mDEBUG&amp#27;[0;39m &amp#27;[36mc.g.d.z.s.o.a.h.client5.http.headers&amp#27;[0;39m - &amp#27;[32mhttp-outgoing-1 >> User-Agent: Apache-HttpClient/5.0.3 (Java/17.0.6)
&amp#27;[0;39m2023-05-08 13:18:55,010 [main] &amp#27;[39mDEBUG&amp#27;[0;39m &amp#27;[36mc.g.d.z.s.o.a.hc.client5.http.wire&amp#27;[0;39m - &amp#27;[32mhttp-outgoing-1 >> "GET /v1.32/containers/cccfb0602d7e775562ae171a9fe0a7ec811b6906268008a84fea93151d2a7305/json HTTP/1.1[\r][\n]"
&amp#27;[0;39m2023-05-08 13:18:55,010 [main] &amp#27;[39mDEBUG&amp#27;[0;39m &amp#27;[36mc.g.d.z.s.o.a.hc.client5.http.wire&amp#27;[0;39m - &amp#27;[32mhttp-outgoing-1 >> "accept: application/json[\r][\n]"
&amp#27;[0;39m2023-05-08 13:18:55,010 [main] &amp#27;[39mDEBUG&amp#27;[0;39m &amp#27;[36mc.g.d.z.s.o.a.hc.client5.http.wire&amp#27;[0;39m - &amp#27;[32mhttp-outgoing-1 >> "x-tc-sid: f1b696c1-ec3f-4f95-afa8-081853be7ccb[\r][\n]"
&amp#27;[0;39m2023-05-08 13:18:55,010 [main] &amp#27;[39mDEBUG&amp#27;[0;39m &amp#27;[36mc.g.d.z.s.o.a.hc.client5.http.wire&amp#27;[0;39m - &amp#27;[32mhttp-outgoing-1 >> "Accept-Encoding: gzip, x-gzip, deflate[\r][\n]"
&amp#27;[0;39m2023-05-08 13:18:55,010 [main] &amp#27;[39mDEBUG&amp#27;[0;39m &amp#27;[36mc.g.d.z.s.o.a.hc.client5.http.wire&amp#27;[0;39m - &amp#27;[32mhttp-outgoing-1 >> "Host: localhost:2375[\r][\n]"
&amp#27;[0;39m2023-05-08 13:18:55,010 [main] &amp#27;[39mDEBUG&amp#27;[0;39m &amp#27;[36mc.g.d.z.s.o.a.hc.client5.http.wire&amp#27;[0;39m - &amp#27;[32mhttp-outgoing-1 >> "Connection: keep-alive[\r][\n]"
&amp#27;[0;39m2023-05-08 13:18:55,010 [main] &amp#27;[39mDEBUG&amp#27;[0;39m &amp#27;[36mc.g.d.z.s.o.a.hc.client5.http.wire&amp#27;[0;39m - &amp#27;[32mhttp-outgoing-1 >> "User-Agent: Apache-HttpClient/5.0.3 (Java/17.0.6)[\r][\n]"
&amp#27;[0;39m2023-05-08 13:18:55,010 [main] &amp#27;[39mDEBUG&amp#27;[0;39m &amp#27;[36mc.g.d.z.s.o.a.hc.client5.http.wire&amp#27;[0;39m - &amp#27;[32mhttp-outgoing-1 >> "[\r][\n]"
&amp#27;[0;39m2023-05-08 13:18:55,011 [main] &amp#27;[39mDEBUG&amp#27;[0;39m &amp#27;[36mc.g.d.z.s.o.a.hc.client5.http.wire&amp#27;[0;39m - &amp#27;[32mhttp-outgoing-1 << "HTTP/1.1 200 OK[\r][\n]"
&amp#27;[0;39m2023-05-08 13:18:55,011 [main] &amp#27;[39mDEBUG&amp#27;[0;39m &amp#27;[36mc.g.d.z.s.o.a.hc.client5.http.wire&amp#27;[0;39m - &amp#27;[32mhttp-outgoing-1 << "Api-Version: 1.42[\r][\n]"
&amp#27;[0;39m2023-05-08 13:18:55,011 [main] &amp#27;[39mDEBUG&amp#27;[0;39m &amp#27;[36mc.g.d.z.s.o.a.hc.client5.http.wire&amp#27;[0;39m - &amp#27;[32mhttp-outgoing-1 << "Content-Type: application/json[\r][\n]"
&amp#27;[0;39m2023-05-08 13:18:55,011 [main] &amp#27;[39mDEBUG&amp#27;[0;39m &amp#27;[36mc.g.d.z.s.o.a.hc.client5.http.wire&amp#27;[0;39m - &amp#27;[32mhttp-outgoing-1 << "Docker-Experimental: false[\r][\n]"
&amp#27;[0;39m2023-05-08 13:18:55,011 [main] &amp#27;[39mDEBUG&amp#27;[0;39m &amp#27;[36mc.g.d.z.s.o.a.hc.client5.http.wire&amp#27;[0;39m - &amp#27;[32mhttp-outgoing-1 << "Ostype: linux[\r][\n]"
&amp#27;[0;39m2023-05-08 13:18:55,011 [main] &amp#27;[39mDEBUG&amp#27;[0;39m &amp#27;[36mc.g.d.z.s.o.a.hc.client5.http.wire&amp#27;[0;39m - &amp#27;[32mhttp-outgoing-1 << "Server: Docker/23.0.5 (linux)[\r][\n]"
&amp#27;[0;39m2023-05-08 13:18:55,011 [main] &amp#27;[39mDEBUG&amp#27;[0;39m &amp#27;[36mc.g.d.z.s.o.a.hc.client5.http.wire&amp#27;[0;39m - &amp#27;[32mhttp-outgoing-1 << "Date: Mon, 08 May 2023 11:18:55 GMT[\r][\n]"
&amp#27;[0;39m2023-05-08 13:18:55,011 [main] &amp#27;[39mDEBUG&amp#27;[0;39m &amp#27;[36mc.g.d.z.s.o.a.hc.client5.http.wire&amp#27;[0;39m - &amp#27;[32mhttp-outgoing-1 << "Transfer-Encoding: chunked[\r][\n]"
&amp#27;[0;39m2023-05-08 13:18:55,011 [main] &amp#27;[39mDEBUG&amp#27;[0;39m &amp#27;[36mc.g.d.z.s.o.a.hc.client5.http.wire&amp#27;[0;39m - &amp#27;[32mhttp-outgoing-1 << "[\r][\n]"
&amp#27;[0;39m2023-05-08 13:18:55,011 [main] &amp#27;[39mDEBUG&amp#27;[0;39m &amp#27;[36mc.g.d.z.s.o.a.hc.client5.http.wire&amp#27;[0;39m - &amp#27;[32mhttp-outgoing-1 << "1890[\r][\n]"
&amp#27;[0;39m2023-05-08 13:18:55,011 [main] &amp#27;[39mDEBUG&amp#27;[0;39m &amp#27;[36mc.g.d.z.s.o.a.hc.client5.http.wire&amp#27;[0;39m - &amp#27;[32mhttp-outgoing-1 << "{"Id":"cccfb0602d7e775562ae171a9fe0a7ec811b6906268008a84fea93151d2a7305","Created":"2023-05-08T11:18:54.120535425Z","Path":"docker-entrypoint.sh","Args":["mysqld"],"State":{"Status":"running","Running":true,"Paused":false,"Restarting":false,"OOMKilled":false,"Dead":false,"Pid":59126,"ExitCode":0,"Error":"","StartedAt":"2023-05-08T11:18:54.468577716Z","FinishedAt":"0001-01-01T00:00:00Z"},"Image":"sha256:228d71078f8ce5ae9fd96b183f88c3a90e30544b4b7ce9d64a238d05fef2a681","ResolvConfPath":"/var/lib/docker/containers/cccfb0602d7e775562ae171a9fe0a7ec811b6906268008a84fea93151d2a7305/resolv.conf","HostnamePath":"/var/lib/docker/containers/cccfb0602d7e775562ae171a9fe0a7ec811b6906268008a84fea93151d2a7305/hostname","HostsPath":"/var/lib/docker/containers/cccfb0602d7e775562ae171a9fe0a7ec811b6906268008a84fea93151d2a7305/hosts","LogPath":"/var/lib/docker/containers/cccfb0602d7e775562ae171a9fe0a7ec811b6906268008a84fea93151d2a7305/cccfb0602d7e775562ae171a9fe0a7ec811b6906268008a84fea93151d2a7305-json.log","Name":"/charming_goodall","RestartCount":0,"Driver":"overlay2","Platform":"linux","MountLabel":"","ProcessLabel":"","AppArmorProfile":"docker-default","ExecIDs":null,"HostConfig":{"Binds":[],"ContainerIDFile":"","LogConfig":{"Type":"json-file","Config":{}},"NetworkMode":"default","PortBindings":{"3306/tcp":[{"HostIp":"","HostPort":""}]},"RestartPolicy":{"Name":"","MaximumRetryCount":0},"AutoRemove":false,"VolumeDriver":"","VolumesFrom":[],"ConsoleSize":[0,0],"CapAdd":null,"CapDrop":null,"CgroupnsMode":"private","Dns":null,"DnsOptions":null,"DnsSearch":null,"ExtraHosts":[],"GroupAdd":null,"IpcMode":"shareable","Cgroup":"","Links":null,"OomScoreAdj":0,"PidMode":"","Privileged":false,"PublishAllPorts":false,"ReadonlyRootfs":false,"SecurityOpt":null,"UTSMode":"","UsernsMode":"","ShmSize":67108864,"Runtime":"runc","Isolation":"","CpuShares":0,"Memory":0,"NanoCpus":0,"CgroupParent":"","BlkioWeight":0,"BlkioWeightDevice":null,"BlkioDeviceReadBps":null,"BlkioDeviceWriteBps":null,"BlkioDeviceReadIOps":null,"BlkioDeviceWriteIOps":null,"CpuPeriod":0,"CpuQuota":0,"CpuRealtimePeriod":0,"CpuRealtimeRuntime":0,"CpusetCpus":"","CpusetMems":"","Devices":null,"DeviceCgroupRules":null,"DeviceRequests":null,"MemoryReservation":0,"MemorySwap":0,"MemorySwappiness":null,"OomKillDisable":null,"PidsLimit":null,"Ulimits":null,"CpuCount":0,"CpuPercent":0,"IOMaximumIOps":0,"IOMaximumBandwidth":0,"MaskedPaths":["/proc/asound","/proc/acpi","/proc/kcore","/proc/keys","/proc/latency_stats","/proc/timer_list","/proc/timer_stats","/proc/sched_debug","/proc/scsi","/sys/firmware"],"ReadonlyPaths":["/proc/bus","/proc/fs","/proc/irq","/proc/sys","/proc/sysrq-trigger"]},"GraphDriver":{"Data":{"LowerDir":"/var/lib/docker/overlay2/0075f27ac39799b376a3e23bf05a650eb10c8a0f9ef49be1ab61e98fd3b93dc3-init/diff:/var/lib/docker/overlay2/4c6e20f032f02b27a9272f982861dc21998197aa90d94ed3bef95d449380247c/diff:/var/lib/docker/overlay2/0c75f828f603eff839bb3ca448163ab2a8017e86625ac255cd3dbf1673ddac26/diff:/var/lib/docker/overlay2/da128d897fda75829109844ce6cd9d73d0f54c682e735100af000ce899908729/diff:/var/lib/docker/overlay2/b678a1f261bf323afba6d76d91ab7428bdd6e1ef4a39b5224e4a1afd08c0423a/diff:/var/lib/docker/overlay2/1bec43b14875c5f9f814f146e8e31aa78566689c2c163da2ac60a32254988437/diff:/var/lib/docker/overlay2/28f4b1e6e1a7a2dbe30f1f94fb42bccd85a61faf8af1fe30a5bb0d442c525e41/diff:/var/lib/docker/overlay2/0f493124464c291d7c97d2633d5dff04b1dce5de904cb40a34dfbe7fe72e3fd4/diff:/var/lib/docker/overlay2/05befbee9e38cd670e1786b3310e99796dcc06abbed970007b4109a5424843fa/diff:/var/lib/docker/overlay2/582bcca9acfc4eef25109e1e1b9c9d104f355798455bc73e855c99283887a6e8/diff:/var/lib/docker/overlay2/153b3bf0b69e97e8f0e5533414a31ca33fa530e63d174c9617621abe46e7e9d1/diff:/var/lib/docker/overlay2/bf87a76c0a38875ee6e915fd0d2527eafa880ec6bf2c1cb294959428c18d10bd/diff","MergedDir":"/var/lib/docker/overlay2/0075f27ac39799b376a3e23bf05a650eb10c8a0f9ef49be1ab61e98fd3b93dc3/merged","UpperDir":"/var/lib/docker/overlay2/0075f27ac39799b376a3e23bf05a650eb10c8a0f9ef49be1ab61e98fd3b93dc3/diff","WorkDir":"/var/lib/docker/overlay2/0075f27ac39799b376a3e23bf05a650eb10c8a0f9ef49be1ab61e98fd3b93dc3/work"},"Name":"overlay2"},"Mounts":[{"Type":"volume","Name":"ffd30c8cc7ed7bf91bc1ebef46b0f06493ce1d3121e28c37d40240bd74b844a5","Source":"/var/lib/docker/volumes/ffd30c8cc7ed7bf91bc1ebef46b0f06493ce1d3121e28c37d40240bd74b844a5/_data","Destination":"/var/lib/mysql","Driver":"local","Mode":"","RW":true,"Propagation":""}],"Config":{"Hostname":"cccfb0602d7e","Domainname":"","User":"","AttachStdin":false,"AttachStdout":false,"AttachStderr":false,"ExposedPorts":{"3306/tcp":{}},"Tty":false,"OpenStdin":false,"StdinOnce":false,"Env":["MYSQL_DATABASE=test","MYSQL_PASSWORD=test","MYSQL_USER=test","MYSQL_ROOT_PASSWORD=test","PATH=/usr/local/sbin:/usr/local/bin:/usr/sbin:/usr/bin:/sbin:/bin","GOSU_VERSION=1.7","MYSQL_MAJOR=8.0","MYSQL_VERSION=8.0.0-dmr-1debian8"],"Cmd":["mysqld"],"Image":"mysql:8.0.0","Volumes":{"/var/lib/mysql":{}},"WorkingDir":"","Entrypoint":["docker-entrypoint.sh"],"OnBuild":null,"Labels":{"org.testcontainers":"true","org.testcontainers.lang":"java","org.testcontainers.sessionId":"f1b696c1-ec3f-4f95-afa8-081853be7ccb","org.testcontainers.version":"1.18.0"}},"NetworkSettings":{"Bridge":"","SandboxID":"75a4ef0436803615aa77c8b97de3cbbdd49519261fe2b3b6cdcae9bd2b1154aa","HairpinMode":false,"LinkLocalIPv6Address":"","LinkLocalIPv6PrefixLen":0,"Ports":{"3306/tcp":[{"HostIp":"0.0.0.0","HostPort":"32781"},{"HostIp":"::","HostPort":"32781"}]},"SandboxKey":"/var/run/docker/netns/75a4ef043680","SecondaryIPAddresses":null,"SecondaryIPv6Addresses":null,"EndpointID":"de3a5c9cc9471fdbec5943d78a8803fca61208fe4021ac9d3922ee2e8ec0d135","Gateway":"172.17.0.1","GlobalIPv6Address":"","GlobalIPv6PrefixLen":0,"IPAddress":"172.17.0.3","IPPrefixLen":16,"IPv6Gateway":"","MacAddress":"02:42:ac:11:00:03","Networks":{"bridge":{"IPAMConfig":null,"Links":null,"Aliases":null,"NetworkID":"e1a078e12eb8d77b497ed932f7fb43787eeb6ff6972febd7d03c9282b8b5cd45","EndpointID":"de3a5c9cc9471fdbec5943d78a8803fca61208fe4021ac9d3922ee2e8ec0d135","Gateway":"172.17.0.1","IPAddress":"172.17.0.3","IPPrefixLen":16,"IPv6Gateway":"","GlobalIPv6Address":"","GlobalIPv6PrefixLen":0,"MacAddress":"02:42:ac:11:00:03","DriverOpts":null}}}}[\n]"
&amp#27;[0;39m2023-05-08 13:18:55,011 [main] &amp#27;[39mDEBUG&amp#27;[0;39m &amp#27;[36mc.g.d.z.s.o.a.hc.client5.http.wire&amp#27;[0;39m - &amp#27;[32mhttp-outgoing-1 << "[\r][\n]"
&amp#27;[0;39m2023-05-08 13:18:55,011 [main] &amp#27;[39mDEBUG&amp#27;[0;39m &amp#27;[36mc.g.d.z.s.o.a.hc.client5.http.wire&amp#27;[0;39m - &amp#27;[32mhttp-outgoing-1 << "0[\r][\n]"
&amp#27;[0;39m2023-05-08 13:18:55,011 [main] &amp#27;[39mDEBUG&amp#27;[0;39m &amp#27;[36mc.g.d.z.s.o.a.hc.client5.http.wire&amp#27;[0;39m - &amp#27;[32mhttp-outgoing-1 << "[\r][\n]"
&amp#27;[0;39m2023-05-08 13:18:55,011 [main] &amp#27;[39mDEBUG&amp#27;[0;39m &amp#27;[36mc.g.d.z.s.o.a.h.client5.http.headers&amp#27;[0;39m - &amp#27;[32mhttp-outgoing-1 << HTTP/1.1 200 OK
&amp#27;[0;39m2023-05-08 13:18:55,011 [main] &amp#27;[39mDEBUG&amp#27;[0;39m &amp#27;[36mc.g.d.z.s.o.a.h.client5.http.headers&amp#27;[0;39m - &amp#27;[32mhttp-outgoing-1 << Api-Version: 1.42
&amp#27;[0;39m2023-05-08 13:18:55,011 [main] &amp#27;[39mDEBUG&amp#27;[0;39m &amp#27;[36mc.g.d.z.s.o.a.h.client5.http.headers&amp#27;[0;39m - &amp#27;[32mhttp-outgoing-1 << Content-Type: application/json
&amp#27;[0;39m2023-05-08 13:18:55,011 [main] &amp#27;[39mDEBUG&amp#27;[0;39m &amp#27;[36mc.g.d.z.s.o.a.h.client5.http.headers&amp#27;[0;39m - &amp#27;[32mhttp-outgoing-1 << Docker-Experimental: false
&amp#27;[0;39m2023-05-08 13:18:55,011 [main] &amp#27;[39mDEBUG&amp#27;[0;39m &amp#27;[36mc.g.d.z.s.o.a.h.client5.http.headers&amp#27;[0;39m - &amp#27;[32mhttp-outgoing-1 << Ostype: linux
&amp#27;[0;39m2023-05-08 13:18:55,011 [main] &amp#27;[39mDEBUG&amp#27;[0;39m &amp#27;[36mc.g.d.z.s.o.a.h.client5.http.headers&amp#27;[0;39m - &amp#27;[32mhttp-outgoing-1 << Server: Docker/23.0.5 (linux)
&amp#27;[0;39m2023-05-08 13:18:55,011 [main] &amp#27;[39mDEBUG&amp#27;[0;39m &amp#27;[36mc.g.d.z.s.o.a.h.client5.http.headers&amp#27;[0;39m - &amp#27;[32mhttp-outgoing-1 << Date: Mon, 08 May 2023 11:18:55 GMT
&amp#27;[0;39m2023-05-08 13:18:55,011 [main] &amp#27;[39mDEBUG&amp#27;[0;39m &amp#27;[36mc.g.d.z.s.o.a.h.client5.http.headers&amp#27;[0;39m - &amp#27;[32mhttp-outgoing-1 << Transfer-Encoding: chunked
&amp#27;[0;39m2023-05-08 13:18:55,011 [main] &amp#27;[39mDEBUG&amp#27;[0;39m &amp#27;[36mc.g.d.z.s.o.a.h.c.h.i.c.MainClientExec&amp#27;[0;39m - &amp#27;[32mex-00000015: connection can be kept alive for 3 MINUTES
&amp#27;[0;39m2023-05-08 13:18:55,013 [main] &amp#27;[39mDEBUG&amp#27;[0;39m &amp#27;[36mc.g.d.z.s.o.a.h.c.h.i.c.InternalHttpClient&amp#27;[0;39m - &amp#27;[32mep-00000014: releasing valid endpoint
&amp#27;[0;39m2023-05-08 13:18:55,013 [main] &amp#27;[39mDEBUG&amp#27;[0;39m &amp#27;[36mc.g.d.z.s.o.a.h.c.h.i.i.PoolingHttpClientConnectionManager&amp#27;[0;39m - &amp#27;[32mep-00000014: releasing endpoint
&amp#27;[0;39m2023-05-08 13:18:55,013 [main] &amp#27;[39mDEBUG&amp#27;[0;39m &amp#27;[36mc.g.d.z.s.o.a.h.c.h.i.i.PoolingHttpClientConnectionManager&amp#27;[0;39m - &amp#27;[32mep-00000014: connection http-outgoing-1 can be kept alive for 3 MINUTES
&amp#27;[0;39m2023-05-08 13:18:55,013 [main] &amp#27;[39mDEBUG&amp#27;[0;39m &amp#27;[36mc.g.d.z.s.o.a.h.c.h.i.i.PoolingHttpClientConnectionManager&amp#27;[0;39m - &amp#27;[32mep-00000014: connection released [route: {}->unix://localhost:2375][total available: 1; route allocated: 1 of 2147483647; total allocated: 1 of 2147483647]
&amp#27;[0;39m2023-05-08 13:18:55,013 [main] &amp#27;[39mDEBUG&amp#27;[0;39m &amp#27;[36mtc.mysql:8.0.0&amp#27;[0;39m - &amp#27;[32mTrying to create JDBC connection using com.mysql.cj.jdbc.Driver to jdbc:mysql://localhost:32781/test?useSSL=false&allowPublicKeyRetrieval=true with properties: {password=test, user=test}
&amp#27;[0;39m2023-05-08 13:18:55,114 [main] &amp#27;[39mDEBUG&amp#27;[0;39m &amp#27;[36mo.t.s.c.g.d.c.command.AbstrDockerCmd&amp#27;[0;39m - &amp#27;[32mCmd: cccfb0602d7e775562ae171a9fe0a7ec811b6906268008a84fea93151d2a7305,false
&amp#27;[0;39m2023-05-08 13:18:55,115 [main] &amp#27;[39mDEBUG&amp#27;[0;39m &amp#27;[36mo.t.s.c.g.d.c.e.InspectContainerCmdExec&amp#27;[0;39m - &amp#27;[32mGET: DefaultWebTarget{path=[/containers/cccfb0602d7e775562ae171a9fe0a7ec811b6906268008a84fea93151d2a7305/json], queryParams={}}
&amp#27;[0;39m2023-05-08 13:18:55,115 [main] &amp#27;[39mDEBUG&amp#27;[0;39m &amp#27;[36mc.g.d.z.s.o.a.h.c.h.i.c.InternalHttpClient&amp#27;[0;39m - &amp#27;[32mex-00000016: preparing request execution
&amp#27;[0;39m2023-05-08 13:18:55,115 [main] &amp#27;[39mDEBUG&amp#27;[0;39m &amp#27;[36mc.g.d.z.s.o.a.h.c.h.p.RequestAddCookies&amp#27;[0;39m - &amp#27;[32mCookie spec selected: strict
&amp#27;[0;39m2023-05-08 13:18:55,115 [main] &amp#27;[39mDEBUG&amp#27;[0;39m &amp#27;[36mc.g.d.z.s.o.a.h.c.h.p.RequestAuthCache&amp#27;[0;39m - &amp#27;[32mAuth cache not set in the context
&amp#27;[0;39m2023-05-08 13:18:55,115 [main] &amp#27;[39mDEBUG&amp#27;[0;39m &amp#27;[36mc.g.d.z.s.o.a.h.c.h.i.c.ProtocolExec&amp#27;[0;39m - &amp#27;[32mex-00000016: target auth state: UNCHALLENGED
&amp#27;[0;39m2023-05-08 13:18:55,115 [main] &amp#27;[39mDEBUG&amp#27;[0;39m &amp#27;[36mc.g.d.z.s.o.a.h.c.h.i.c.ProtocolExec&amp#27;[0;39m - &amp#27;[32mex-00000016: proxy auth state: UNCHALLENGED
&amp#27;[0;39m2023-05-08 13:18:55,115 [main] &amp#27;[39mDEBUG&amp#27;[0;39m &amp#27;[36mc.g.d.z.s.o.a.h.c.h.i.c.ConnectExec&amp#27;[0;39m - &amp#27;[32mex-00000016: acquiring connection with route {}->unix://localhost:2375
&amp#27;[0;39m2023-05-08 13:18:55,116 [main] &amp#27;[39mDEBUG&amp#27;[0;39m &amp#27;[36mc.g.d.z.s.o.a.h.c.h.i.c.InternalHttpClient&amp#27;[0;39m - &amp#27;[32mex-00000016: acquiring endpoint (3 MINUTES)
&amp#27;[0;39m2023-05-08 13:18:55,116 [main] &amp#27;[39mDEBUG&amp#27;[0;39m &amp#27;[36mc.g.d.z.s.o.a.h.c.h.i.i.PoolingHttpClientConnectionManager&amp#27;[0;39m - &amp#27;[32mex-00000016: endpoint lease request (3 MINUTES) [route: {}->unix://localhost:2375][total available: 1; route allocated: 1 of 2147483647; total allocated: 1 of 2147483647]
&amp#27;[0;39m2023-05-08 13:18:55,116 [main] &amp#27;[39mDEBUG&amp#27;[0;39m &amp#27;[36mc.g.d.z.s.o.a.h.c.h.i.i.PoolingHttpClientConnectionManager&amp#27;[0;39m - &amp#27;[32mex-00000016: endpoint leased [route: {}->unix://localhost:2375][total available: 0; route allocated: 1 of 2147483647; total allocated: 1 of 2147483647]
&amp#27;[0;39m2023-05-08 13:18:55,116 [main] &amp#27;[39mDEBUG&amp#27;[0;39m &amp#27;[36mc.g.d.z.s.o.a.h.c.h.i.i.PoolingHttpClientConnectionManager&amp#27;[0;39m - &amp#27;[32mex-00000016: acquired ep-00000015
&amp#27;[0;39m2023-05-08 13:18:55,116 [main] &amp#27;[39mDEBUG&amp#27;[0;39m &amp#27;[36mc.g.d.z.s.o.a.h.c.h.i.c.InternalHttpClient&amp#27;[0;39m - &amp#27;[32mex-00000016: acquired endpoint ep-00000015
&amp#27;[0;39m2023-05-08 13:18:55,116 [main] &amp#27;[39mDEBUG&amp#27;[0;39m &amp#27;[36mc.g.d.z.s.o.a.h.c.h.i.c.MainClientExec&amp#27;[0;39m - &amp#27;[32mex-00000016: executing GET /v1.32/containers/cccfb0602d7e775562ae171a9fe0a7ec811b6906268008a84fea93151d2a7305/json HTTP/1.1
&amp#27;[0;39m2023-05-08 13:18:55,116 [main] &amp#27;[39mDEBUG&amp#27;[0;39m &amp#27;[36mc.g.d.z.s.o.a.h.c.h.i.c.InternalHttpClient&amp#27;[0;39m - &amp#27;[32mep-00000015: start execution ex-00000016
&amp#27;[0;39m2023-05-08 13:18:55,116 [main] &amp#27;[39mDEBUG&amp#27;[0;39m &amp#27;[36mc.g.d.z.s.o.a.h.c.h.i.i.PoolingHttpClientConnectionManager&amp#27;[0;39m - &amp#27;[32mep-00000015: executing exchange ex-00000016 over http-outgoing-1
&amp#27;[0;39m2023-05-08 13:18:55,116 [main] &amp#27;[39mDEBUG&amp#27;[0;39m &amp#27;[36mc.g.d.z.s.o.a.h.client5.http.headers&amp#27;[0;39m - &amp#27;[32mhttp-outgoing-1 >> GET /v1.32/containers/cccfb0602d7e775562ae171a9fe0a7ec811b6906268008a84fea93151d2a7305/json HTTP/1.1
&amp#27;[0;39m2023-05-08 13:18:55,116 [main] &amp#27;[39mDEBUG&amp#27;[0;39m &amp#27;[36mc.g.d.z.s.o.a.h.client5.http.headers&amp#27;[0;39m - &amp#27;[32mhttp-outgoing-1 >> accept: application/json
&amp#27;[0;39m2023-05-08 13:18:55,116 [main] &amp#27;[39mDEBUG&amp#27;[0;39m &amp#27;[36mc.g.d.z.s.o.a.h.client5.http.headers&amp#27;[0;39m - &amp#27;[32mhttp-outgoing-1 >> x-tc-sid: f1b696c1-ec3f-4f95-afa8-081853be7ccb
&amp#27;[0;39m2023-05-08 13:18:55,116 [main] &amp#27;[39mDEBUG&amp#27;[0;39m &amp#27;[36mc.g.d.z.s.o.a.h.client5.http.headers&amp#27;[0;39m - &amp#27;[32mhttp-outgoing-1 >> Accept-Encoding: gzip, x-gzip, deflate
&amp#27;[0;39m2023-05-08 13:18:55,116 [main] &amp#27;[39mDEBUG&amp#27;[0;39m &amp#27;[36mc.g.d.z.s.o.a.h.client5.http.headers&amp#27;[0;39m - &amp#27;[32mhttp-outgoing-1 >> Host: localhost:2375
&amp#27;[0;39m2023-05-08 13:18:55,116 [main] &amp#27;[39mDEBUG&amp#27;[0;39m &amp#27;[36mc.g.d.z.s.o.a.h.client5.http.headers&amp#27;[0;39m - &amp#27;[32mhttp-outgoing-1 >> Connection: keep-alive
&amp#27;[0;39m2023-05-08 13:18:55,116 [main] &amp#27;[39mDEBUG&amp#27;[0;39m &amp#27;[36mc.g.d.z.s.o.a.h.client5.http.headers&amp#27;[0;39m - &amp#27;[32mhttp-outgoing-1 >> User-Agent: Apache-HttpClient/5.0.3 (Java/17.0.6)
&amp#27;[0;39m2023-05-08 13:18:55,116 [main] &amp#27;[39mDEBUG&amp#27;[0;39m &amp#27;[36mc.g.d.z.s.o.a.hc.client5.http.wire&amp#27;[0;39m - &amp#27;[32mhttp-outgoing-1 >> "GET /v1.32/containers/cccfb0602d7e775562ae171a9fe0a7ec811b6906268008a84fea93151d2a7305/json HTTP/1.1[\r][\n]"
&amp#27;[0;39m2023-05-08 13:18:55,116 [main] &amp#27;[39mDEBUG&amp#27;[0;39m &amp#27;[36mc.g.d.z.s.o.a.hc.client5.http.wire&amp#27;[0;39m - &amp#27;[32mhttp-outgoing-1 >> "accept: application/json[\r][\n]"
&amp#27;[0;39m2023-05-08 13:18:55,116 [main] &amp#27;[39mDEBUG&amp#27;[0;39m &amp#27;[36mc.g.d.z.s.o.a.hc.client5.http.wire&amp#27;[0;39m - &amp#27;[32mhttp-outgoing-1 >> "x-tc-sid: f1b696c1-ec3f-4f95-afa8-081853be7ccb[\r][\n]"
&amp#27;[0;39m2023-05-08 13:18:55,116 [main] &amp#27;[39mDEBUG&amp#27;[0;39m &amp#27;[36mc.g.d.z.s.o.a.hc.client5.http.wire&amp#27;[0;39m - &amp#27;[32mhttp-outgoing-1 >> "Accept-Encoding: gzip, x-gzip, deflate[\r][\n]"
&amp#27;[0;39m2023-05-08 13:18:55,116 [main] &amp#27;[39mDEBUG&amp#27;[0;39m &amp#27;[36mc.g.d.z.s.o.a.hc.client5.http.wire&amp#27;[0;39m - &amp#27;[32mhttp-outgoing-1 >> "Host: localhost:2375[\r][\n]"
&amp#27;[0;39m2023-05-08 13:18:55,116 [main] &amp#27;[39mDEBUG&amp#27;[0;39m &amp#27;[36mc.g.d.z.s.o.a.hc.client5.http.wire&amp#27;[0;39m - &amp#27;[32mhttp-outgoing-1 >> "Connection: keep-alive[\r][\n]"
&amp#27;[0;39m2023-05-08 13:18:55,116 [main] &amp#27;[39mDEBUG&amp#27;[0;39m &amp#27;[36mc.g.d.z.s.o.a.hc.client5.http.wire&amp#27;[0;39m - &amp#27;[32mhttp-outgoing-1 >> "User-Agent: Apache-HttpClient/5.0.3 (Java/17.0.6)[\r][\n]"
&amp#27;[0;39m2023-05-08 13:18:55,116 [main] &amp#27;[39mDEBUG&amp#27;[0;39m &amp#27;[36mc.g.d.z.s.o.a.hc.client5.http.wire&amp#27;[0;39m - &amp#27;[32mhttp-outgoing-1 >> "[\r][\n]"
&amp#27;[0;39m2023-05-08 13:18:55,117 [main] &amp#27;[39mDEBUG&amp#27;[0;39m &amp#27;[36mc.g.d.z.s.o.a.hc.client5.http.wire&amp#27;[0;39m - &amp#27;[32mhttp-outgoing-1 << "HTTP/1.1 200 OK[\r][\n]"
&amp#27;[0;39m2023-05-08 13:18:55,117 [main] &amp#27;[39mDEBUG&amp#27;[0;39m &amp#27;[36mc.g.d.z.s.o.a.hc.client5.http.wire&amp#27;[0;39m - &amp#27;[32mhttp-outgoing-1 << "Api-Version: 1.42[\r][\n]"
&amp#27;[0;39m2023-05-08 13:18:55,117 [main] &amp#27;[39mDEBUG&amp#27;[0;39m &amp#27;[36mc.g.d.z.s.o.a.hc.client5.http.wire&amp#27;[0;39m - &amp#27;[32mhttp-outgoing-1 << "Content-Type: application/json[\r][\n]"
&amp#27;[0;39m2023-05-08 13:18:55,117 [main] &amp#27;[39mDEBUG&amp#27;[0;39m &amp#27;[36mc.g.d.z.s.o.a.hc.client5.http.wire&amp#27;[0;39m - &amp#27;[32mhttp-outgoing-1 << "Docker-Experimental: false[\r][\n]"
&amp#27;[0;39m2023-05-08 13:18:55,117 [main] &amp#27;[39mDEBUG&amp#27;[0;39m &amp#27;[36mc.g.d.z.s.o.a.hc.client5.http.wire&amp#27;[0;39m - &amp#27;[32mhttp-outgoing-1 << "Ostype: linux[\r][\n]"
&amp#27;[0;39m2023-05-08 13:18:55,117 [main] &amp#27;[39mDEBUG&amp#27;[0;39m &amp#27;[36mc.g.d.z.s.o.a.hc.client5.http.wire&amp#27;[0;39m - &amp#27;[32mhttp-outgoing-1 << "Server: Docker/23.0.5 (linux)[\r][\n]"
&amp#27;[0;39m2023-05-08 13:18:55,117 [main] &amp#27;[39mDEBUG&amp#27;[0;39m &amp#27;[36mc.g.d.z.s.o.a.hc.client5.http.wire&amp#27;[0;39m - &amp#27;[32mhttp-outgoing-1 << "Date: Mon, 08 May 2023 11:18:55 GMT[\r][\n]"
&amp#27;[0;39m2023-05-08 13:18:55,117 [main] &amp#27;[39mDEBUG&amp#27;[0;39m &amp#27;[36mc.g.d.z.s.o.a.hc.client5.http.wire&amp#27;[0;39m - &amp#27;[32mhttp-outgoing-1 << "Transfer-Encoding: chunked[\r][\n]"
&amp#27;[0;39m2023-05-08 13:18:55,117 [main] &amp#27;[39mDEBUG&amp#27;[0;39m &amp#27;[36mc.g.d.z.s.o.a.hc.client5.http.wire&amp#27;[0;39m - &amp#27;[32mhttp-outgoing-1 << "[\r][\n]"
&amp#27;[0;39m2023-05-08 13:18:55,117 [main] &amp#27;[39mDEBUG&amp#27;[0;39m &amp#27;[36mc.g.d.z.s.o.a.hc.client5.http.wire&amp#27;[0;39m - &amp#27;[32mhttp-outgoing-1 << "1890[\r][\n]"
&amp#27;[0;39m2023-05-08 13:18:55,118 [main] &amp#27;[39mDEBUG&amp#27;[0;39m &amp#27;[36mc.g.d.z.s.o.a.hc.client5.http.wire&amp#27;[0;39m - &amp#27;[32mhttp-outgoing-1 << "{"Id":"cccfb0602d7e775562ae171a9fe0a7ec811b6906268008a84fea93151d2a7305","Created":"2023-05-08T11:18:54.120535425Z","Path":"docker-entrypoint.sh","Args":["mysqld"],"State":{"Status":"running","Running":true,"Paused":false,"Restarting":false,"OOMKilled":false,"Dead":false,"Pid":59126,"ExitCode":0,"Error":"","StartedAt":"2023-05-08T11:18:54.468577716Z","FinishedAt":"0001-01-01T00:00:00Z"},"Image":"sha256:228d71078f8ce5ae9fd96b183f88c3a90e30544b4b7ce9d64a238d05fef2a681","ResolvConfPath":"/var/lib/docker/containers/cccfb0602d7e775562ae171a9fe0a7ec811b6906268008a84fea93151d2a7305/resolv.conf","HostnamePath":"/var/lib/docker/containers/cccfb0602d7e775562ae171a9fe0a7ec811b6906268008a84fea93151d2a7305/hostname","HostsPath":"/var/lib/docker/containers/cccfb0602d7e775562ae171a9fe0a7ec811b6906268008a84fea93151d2a7305/hosts","LogPath":"/var/lib/docker/containers/cccfb0602d7e775562ae171a9fe0a7ec811b6906268008a84fea93151d2a7305/cccfb0602d7e775562ae171a9fe0a7ec811b6906268008a84fea93151d2a7305-json.log","Name":"/charming_goodall","RestartCount":0,"Driver":"overlay2","Platform":"linux","MountLabel":"","ProcessLabel":"","AppArmorProfile":"docker-default","ExecIDs":null,"HostConfig":{"Binds":[],"ContainerIDFile":"","LogConfig":{"Type":"json-file","Config":{}},"NetworkMode":"default","PortBindings":{"3306/tcp":[{"HostIp":"","HostPort":""}]},"RestartPolicy":{"Name":"","MaximumRetryCount":0},"AutoRemove":false,"VolumeDriver":"","VolumesFrom":[],"ConsoleSize":[0,0],"CapAdd":null,"CapDrop":null,"CgroupnsMode":"private","Dns":null,"DnsOptions":null,"DnsSearch":null,"ExtraHosts":[],"GroupAdd":null,"IpcMode":"shareable","Cgroup":"","Links":null,"OomScoreAdj":0,"PidMode":"","Privileged":false,"PublishAllPorts":false,"ReadonlyRootfs":false,"SecurityOpt":null,"UTSMode":"","UsernsMode":"","ShmSize":67108864,"Runtime":"runc","Isolation":"","CpuShares":0,"Memory":0,"NanoCpus":0,"CgroupParent":"","BlkioWeight":0,"BlkioWeightDevice":null,"BlkioDeviceReadBps":null,"BlkioDeviceWriteBps":null,"BlkioDeviceReadIOps":null,"BlkioDeviceWriteIOps":null,"CpuPeriod":0,"CpuQuota":0,"CpuRealtimePeriod":0,"CpuRealtimeRuntime":0,"CpusetCpus":"","CpusetMems":"","Devices":null,"DeviceCgroupRules":null,"DeviceRequests":null,"MemoryReservation":0,"MemorySwap":0,"MemorySwappiness":null,"OomKillDisable":null,"PidsLimit":null,"Ulimits":null,"CpuCount":0,"CpuPercent":0,"IOMaximumIOps":0,"IOMaximumBandwidth":0,"MaskedPaths":["/proc/asound","/proc/acpi","/proc/kcore","/proc/keys","/proc/latency_stats","/proc/timer_list","/proc/timer_stats","/proc/sched_debug","/proc/scsi","/sys/firmware"],"ReadonlyPaths":["/proc/bus","/proc/fs","/proc/irq","/proc/sys","/proc/sysrq-trigger"]},"GraphDriver":{"Data":{"LowerDir":"/var/lib/docker/overlay2/0075f27ac39799b376a3e23bf05a650eb10c8a0f9ef49be1ab61e98fd3b93dc3-init/diff:/var/lib/docker/overlay2/4c6e20f032f02b27a9272f982861dc21998197aa90d94ed3bef95d449380247c/diff:/var/lib/docker/overlay2/0c75f828f603eff839bb3ca448163ab2a8017e86625ac255cd3dbf1673ddac26/diff:/var/lib/docker/overlay2/da128d897fda75829109844ce6cd9d73d0f54c682e735100af000ce899908729/diff:/var/lib/docker/overlay2/b678a1f261bf323afba6d76d91ab7428bdd6e1ef4a39b5224e4a1afd08c0423a/diff:/var/lib/docker/overlay2/1bec43b14875c5f9f814f146e8e31aa78566689c2c163da2ac60a32254988437/diff:/var/lib/docker/overlay2/28f4b1e6e1a7a2dbe30f1f94fb42bccd85a61faf8af1fe30a5bb0d442c525e41/diff:/var/lib/docker/overlay2/0f493124464c291d7c97d2633d5dff04b1dce5de904cb40a34dfbe7fe72e3fd4/diff:/var/lib/docker/overlay2/05befbee9e38cd670e1786b3310e99796dcc06abbed970007b4109a5424843fa/diff:/var/lib/docker/overlay2/582bcca9acfc4eef25109e1e1b9c9d104f355798455bc73e855c99283887a6e8/diff:/var/lib/docker/overlay2/153b3bf0b69e97e8f0e5533414a31ca33fa530e63d174c9617621abe46e7e9d1/diff:/var/lib/docker/overlay2/bf87a76c0a38875ee6e915fd0d2527eafa880ec6bf2c1cb294959428c18d10bd/diff","MergedDir":"/var/lib/docker/overlay2/0075f27ac39799b376a3e23bf05a650eb10c8a0f9ef49be1ab61e98fd3b93dc3/merged","UpperDir":"/var/lib/docker/overlay2/0075f27ac39799b376a3e23bf05a650eb10c8a0f9ef49be1ab61e98fd3b93dc3/diff","WorkDir":"/var/lib/docker/overlay2/0075f27ac39799b376a3e23bf05a650eb10c8a0f9ef49be1ab61e98fd3b93dc3/work"},"Name":"overlay2"},"Mounts":[{"Type":"volume","Name":"ffd30c8cc7ed7bf91bc1ebef46b0f06493ce1d3121e28c37d40240bd74b844a5","Source":"/var/lib/docker/volumes/ffd30c8cc7ed7bf91bc1ebef46b0f06493ce1d3121e28c37d40240bd74b844a5/_data","Destination":"/var/lib/mysql","Driver":"local","Mode":"","RW":true,"Propagation":""}],"Config":{"Hostname":"cccfb0602d7e","Domainname":"","User":"","AttachStdin":false,"AttachStdout":false,"AttachStderr":false,"ExposedPorts":{"3306/tcp":{}},"Tty":false,"OpenStdin":false,"StdinOnce":false,"Env":["MYSQL_DATABASE=test","MYSQL_PASSWORD=test","MYSQL_USER=test","MYSQL_ROOT_PASSWORD=test","PATH=/usr/local/sbin:/usr/local/bin:/usr/sbin:/usr/bin:/sbin:/bin","GOSU_VERSION=1.7","MYSQL_MAJOR=8.0","MYSQL_VERSION=8.0.0-dmr-1debian8"],"Cmd":["mysqld"],"Image":"mysql:8.0.0","Volumes":{"/var/lib/mysql":{}},"WorkingDir":"","Entrypoint":["docker-entrypoint.sh"],"OnBuild":null,"Labels":{"org.testcontainers":"true","org.testcontainers.lang":"java","org.testcontainers.sessionId":"f1b696c1-ec3f-4f95-afa8-081853be7ccb","org.testcontainers.version":"1.18.0"}},"NetworkSettings":{"Bridge":"","SandboxID":"75a4ef0436803615aa77c8b97de3cbbdd49519261fe2b3b6cdcae9bd2b1154aa","HairpinMode":false,"LinkLocalIPv6Address":"","LinkLocalIPv6PrefixLen":0,"Ports":{"3306/tcp":[{"HostIp":"0.0.0.0","HostPort":"32781"},{"HostIp":"::","HostPort":"32781"}]},"SandboxKey":"/var/run/docker/netns/75a4ef043680","SecondaryIPAddresses":null,"SecondaryIPv6Addresses":null,"EndpointID":"de3a5c9cc9471fdbec5943d78a8803fca61208fe4021ac9d3922ee2e8ec0d135","Gateway":"172.17.0.1","GlobalIPv6Address":"","GlobalIPv6PrefixLen":0,"IPAddress":"172.17.0.3","IPPrefixLen":16,"IPv6Gateway":"","MacAddress":"02:42:ac:11:00:03","Networks":{"bridge":{"IPAMConfig":null,"Links":null,"Aliases":null,"NetworkID":"e1a078e12eb8d77b497ed932f7fb43787eeb6ff6972febd7d03c9282b8b5cd45","EndpointID":"de3a5c9cc9471fdbec5943d78a8803fca61208fe4021ac9d3922ee2e8ec0d135","Gateway":"172.17.0.1","IPAddress":"172.17.0.3","IPPrefixLen":16,"IPv6Gateway":"","GlobalIPv6Address":"","GlobalIPv6PrefixLen":0,"MacAddress":"02:42:ac:11:00:03","DriverOpts":null}}}}[\n]"
&amp#27;[0;39m2023-05-08 13:18:55,118 [main] &amp#27;[39mDEBUG&amp#27;[0;39m &amp#27;[36mc.g.d.z.s.o.a.hc.client5.http.wire&amp#27;[0;39m - &amp#27;[32mhttp-outgoing-1 << "[\r][\n]"
&amp#27;[0;39m2023-05-08 13:18:55,118 [main] &amp#27;[39mDEBUG&amp#27;[0;39m &amp#27;[36mc.g.d.z.s.o.a.hc.client5.http.wire&amp#27;[0;39m - &amp#27;[32mhttp-outgoing-1 << "0[\r][\n]"
&amp#27;[0;39m2023-05-08 13:18:55,118 [main] &amp#27;[39mDEBUG&amp#27;[0;39m &amp#27;[36mc.g.d.z.s.o.a.hc.client5.http.wire&amp#27;[0;39m - &amp#27;[32mhttp-outgoing-1 << "[\r][\n]"
&amp#27;[0;39m2023-05-08 13:18:55,118 [main] &amp#27;[39mDEBUG&amp#27;[0;39m &amp#27;[36mc.g.d.z.s.o.a.h.client5.http.headers&amp#27;[0;39m - &amp#27;[32mhttp-outgoing-1 << HTTP/1.1 200 OK
&amp#27;[0;39m2023-05-08 13:18:55,118 [main] &amp#27;[39mDEBUG&amp#27;[0;39m &amp#27;[36mc.g.d.z.s.o.a.h.client5.http.headers&amp#27;[0;39m - &amp#27;[32mhttp-outgoing-1 << Api-Version: 1.42
&amp#27;[0;39m2023-05-08 13:18:55,118 [main] &amp#27;[39mDEBUG&amp#27;[0;39m &amp#27;[36mc.g.d.z.s.o.a.h.client5.http.headers&amp#27;[0;39m - &amp#27;[32mhttp-outgoing-1 << Content-Type: application/json
&amp#27;[0;39m2023-05-08 13:18:55,118 [main] &amp#27;[39mDEBUG&amp#27;[0;39m &amp#27;[36mc.g.d.z.s.o.a.h.client5.http.headers&amp#27;[0;39m - &amp#27;[32mhttp-outgoing-1 << Docker-Experimental: false
&amp#27;[0;39m2023-05-08 13:18:55,118 [main] &amp#27;[39mDEBUG&amp#27;[0;39m &amp#27;[36mc.g.d.z.s.o.a.h.client5.http.headers&amp#27;[0;39m - &amp#27;[32mhttp-outgoing-1 << Ostype: linux
&amp#27;[0;39m2023-05-08 13:18:55,118 [main] &amp#27;[39mDEBUG&amp#27;[0;39m &amp#27;[36mc.g.d.z.s.o.a.h.client5.http.headers&amp#27;[0;39m - &amp#27;[32mhttp-outgoing-1 << Server: Docker/23.0.5 (linux)
&amp#27;[0;39m2023-05-08 13:18:55,118 [main] &amp#27;[39mDEBUG&amp#27;[0;39m &amp#27;[36mc.g.d.z.s.o.a.h.client5.http.headers&amp#27;[0;39m - &amp#27;[32mhttp-outgoing-1 << Date: Mon, 08 May 2023 11:18:55 GMT
&amp#27;[0;39m2023-05-08 13:18:55,118 [main] &amp#27;[39mDEBUG&amp#27;[0;39m &amp#27;[36mc.g.d.z.s.o.a.h.client5.http.headers&amp#27;[0;39m - &amp#27;[32mhttp-outgoing-1 << Transfer-Encoding: chunked
&amp#27;[0;39m2023-05-08 13:18:55,118 [main] &amp#27;[39mDEBUG&amp#27;[0;39m &amp#27;[36mc.g.d.z.s.o.a.h.c.h.i.c.MainClientExec&amp#27;[0;39m - &amp#27;[32mex-00000016: connection can be kept alive for 3 MINUTES
&amp#27;[0;39m2023-05-08 13:18:55,120 [main] &amp#27;[39mDEBUG&amp#27;[0;39m &amp#27;[36mc.g.d.z.s.o.a.h.c.h.i.c.InternalHttpClient&amp#27;[0;39m - &amp#27;[32mep-00000015: releasing valid endpoint
&amp#27;[0;39m2023-05-08 13:18:55,120 [main] &amp#27;[39mDEBUG&amp#27;[0;39m &amp#27;[36mc.g.d.z.s.o.a.h.c.h.i.i.PoolingHttpClientConnectionManager&amp#27;[0;39m - &amp#27;[32mep-00000015: releasing endpoint
&amp#27;[0;39m2023-05-08 13:18:55,120 [main] &amp#27;[39mDEBUG&amp#27;[0;39m &amp#27;[36mc.g.d.z.s.o.a.h.c.h.i.i.PoolingHttpClientConnectionManager&amp#27;[0;39m - &amp#27;[32mep-00000015: connection http-outgoing-1 can be kept alive for 3 MINUTES
&amp#27;[0;39m2023-05-08 13:18:55,120 [main] &amp#27;[39mDEBUG&amp#27;[0;39m &amp#27;[36mc.g.d.z.s.o.a.h.c.h.i.i.PoolingHttpClientConnectionManager&amp#27;[0;39m - &amp#27;[32mep-00000015: connection released [route: {}->unix://localhost:2375][total available: 1; route allocated: 1 of 2147483647; total allocated: 1 of 2147483647]
&amp#27;[0;39m2023-05-08 13:18:55,120 [main] &amp#27;[39mDEBUG&amp#27;[0;39m &amp#27;[36mtc.mysql:8.0.0&amp#27;[0;39m - &amp#27;[32mTrying to create JDBC connection using com.mysql.cj.jdbc.Driver to jdbc:mysql://localhost:32781/test?useSSL=false&allowPublicKeyRetrieval=true with properties: {password=test, user=test}
&amp#27;[0;39m2023-05-08 13:18:55,222 [main] &amp#27;[39mDEBUG&amp#27;[0;39m &amp#27;[36mo.t.s.c.g.d.c.command.AbstrDockerCmd&amp#27;[0;39m - &amp#27;[32mCmd: cccfb0602d7e775562ae171a9fe0a7ec811b6906268008a84fea93151d2a7305,false
&amp#27;[0;39m2023-05-08 13:18:55,222 [main] &amp#27;[39mDEBUG&amp#27;[0;39m &amp#27;[36mo.t.s.c.g.d.c.e.InspectContainerCmdExec&amp#27;[0;39m - &amp#27;[32mGET: DefaultWebTarget{path=[/containers/cccfb0602d7e775562ae171a9fe0a7ec811b6906268008a84fea93151d2a7305/json], queryParams={}}
&amp#27;[0;39m2023-05-08 13:18:55,222 [main] &amp#27;[39mDEBUG&amp#27;[0;39m &amp#27;[36mc.g.d.z.s.o.a.h.c.h.i.c.InternalHttpClient&amp#27;[0;39m - &amp#27;[32mex-00000017: preparing request execution
&amp#27;[0;39m2023-05-08 13:18:55,222 [main] &amp#27;[39mDEBUG&amp#27;[0;39m &amp#27;[36mc.g.d.z.s.o.a.h.c.h.p.RequestAddCookies&amp#27;[0;39m - &amp#27;[32mCookie spec selected: strict
&amp#27;[0;39m2023-05-08 13:18:55,223 [main] &amp#27;[39mDEBUG&amp#27;[0;39m &amp#27;[36mc.g.d.z.s.o.a.h.c.h.p.RequestAuthCache&amp#27;[0;39m - &amp#27;[32mAuth cache not set in the context
&amp#27;[0;39m2023-05-08 13:18:55,223 [main] &amp#27;[39mDEBUG&amp#27;[0;39m &amp#27;[36mc.g.d.z.s.o.a.h.c.h.i.c.ProtocolExec&amp#27;[0;39m - &amp#27;[32mex-00000017: target auth state: UNCHALLENGED
&amp#27;[0;39m2023-05-08 13:18:55,223 [main] &amp#27;[39mDEBUG&amp#27;[0;39m &amp#27;[36mc.g.d.z.s.o.a.h.c.h.i.c.ProtocolExec&amp#27;[0;39m - &amp#27;[32mex-00000017: proxy auth state: UNCHALLENGED
&amp#27;[0;39m2023-05-08 13:18:55,223 [main] &amp#27;[39mDEBUG&amp#27;[0;39m &amp#27;[36mc.g.d.z.s.o.a.h.c.h.i.c.ConnectExec&amp#27;[0;39m - &amp#27;[32mex-00000017: acquiring connection with route {}->unix://localhost:2375
&amp#27;[0;39m2023-05-08 13:18:55,223 [main] &amp#27;[39mDEBUG&amp#27;[0;39m &amp#27;[36mc.g.d.z.s.o.a.h.c.h.i.c.InternalHttpClient&amp#27;[0;39m - &amp#27;[32mex-00000017: acquiring endpoint (3 MINUTES)
&amp#27;[0;39m2023-05-08 13:18:55,223 [main] &amp#27;[39mDEBUG&amp#27;[0;39m &amp#27;[36mc.g.d.z.s.o.a.h.c.h.i.i.PoolingHttpClientConnectionManager&amp#27;[0;39m - &amp#27;[32mex-00000017: endpoint lease request (3 MINUTES) [route: {}->unix://localhost:2375][total available: 1; route allocated: 1 of 2147483647; total allocated: 1 of 2147483647]
&amp#27;[0;39m2023-05-08 13:18:55,223 [main] &amp#27;[39mDEBUG&amp#27;[0;39m &amp#27;[36mc.g.d.z.s.o.a.h.c.h.i.i.PoolingHttpClientConnectionManager&amp#27;[0;39m - &amp#27;[32mex-00000017: endpoint leased [route: {}->unix://localhost:2375][total available: 0; route allocated: 1 of 2147483647; total allocated: 1 of 2147483647]
&amp#27;[0;39m2023-05-08 13:18:55,223 [main] &amp#27;[39mDEBUG&amp#27;[0;39m &amp#27;[36mc.g.d.z.s.o.a.h.c.h.i.i.PoolingHttpClientConnectionManager&amp#27;[0;39m - &amp#27;[32mex-00000017: acquired ep-00000016
&amp#27;[0;39m2023-05-08 13:18:55,223 [main] &amp#27;[39mDEBUG&amp#27;[0;39m &amp#27;[36mc.g.d.z.s.o.a.h.c.h.i.c.InternalHttpClient&amp#27;[0;39m - &amp#27;[32mex-00000017: acquired endpoint ep-00000016
&amp#27;[0;39m2023-05-08 13:18:55,223 [main] &amp#27;[39mDEBUG&amp#27;[0;39m &amp#27;[36mc.g.d.z.s.o.a.h.c.h.i.c.MainClientExec&amp#27;[0;39m - &amp#27;[32mex-00000017: executing GET /v1.32/containers/cccfb0602d7e775562ae171a9fe0a7ec811b6906268008a84fea93151d2a7305/json HTTP/1.1
&amp#27;[0;39m2023-05-08 13:18:55,223 [main] &amp#27;[39mDEBUG&amp#27;[0;39m &amp#27;[36mc.g.d.z.s.o.a.h.c.h.i.c.InternalHttpClient&amp#27;[0;39m - &amp#27;[32mep-00000016: start execution ex-00000017
&amp#27;[0;39m2023-05-08 13:18:55,223 [main] &amp#27;[39mDEBUG&amp#27;[0;39m &amp#27;[36mc.g.d.z.s.o.a.h.c.h.i.i.PoolingHttpClientConnectionManager&amp#27;[0;39m - &amp#27;[32mep-00000016: executing exchange ex-00000017 over http-outgoing-1
&amp#27;[0;39m2023-05-08 13:18:55,223 [main] &amp#27;[39mDEBUG&amp#27;[0;39m &amp#27;[36mc.g.d.z.s.o.a.h.client5.http.headers&amp#27;[0;39m - &amp#27;[32mhttp-outgoing-1 >> GET /v1.32/containers/cccfb0602d7e775562ae171a9fe0a7ec811b6906268008a84fea93151d2a7305/json HTTP/1.1
&amp#27;[0;39m2023-05-08 13:18:55,223 [main] &amp#27;[39mDEBUG&amp#27;[0;39m &amp#27;[36mc.g.d.z.s.o.a.h.client5.http.headers&amp#27;[0;39m - &amp#27;[32mhttp-outgoing-1 >> accept: application/json
&amp#27;[0;39m2023-05-08 13:18:55,223 [main] &amp#27;[39mDEBUG&amp#27;[0;39m &amp#27;[36mc.g.d.z.s.o.a.h.client5.http.headers&amp#27;[0;39m - &amp#27;[32mhttp-outgoing-1 >> x-tc-sid: f1b696c1-ec3f-4f95-afa8-081853be7ccb
&amp#27;[0;39m2023-05-08 13:18:55,223 [main] &amp#27;[39mDEBUG&amp#27;[0;39m &amp#27;[36mc.g.d.z.s.o.a.h.client5.http.headers&amp#27;[0;39m - &amp#27;[32mhttp-outgoing-1 >> Accept-Encoding: gzip, x-gzip, deflate
&amp#27;[0;39m2023-05-08 13:18:55,223 [main] &amp#27;[39mDEBUG&amp#27;[0;39m &amp#27;[36mc.g.d.z.s.o.a.h.client5.http.headers&amp#27;[0;39m - &amp#27;[32mhttp-outgoing-1 >> Host: localhost:2375
&amp#27;[0;39m2023-05-08 13:18:55,223 [main] &amp#27;[39mDEBUG&amp#27;[0;39m &amp#27;[36mc.g.d.z.s.o.a.h.client5.http.headers&amp#27;[0;39m - &amp#27;[32mhttp-outgoing-1 >> Connection: keep-alive
&amp#27;[0;39m2023-05-08 13:18:55,223 [main] &amp#27;[39mDEBUG&amp#27;[0;39m &amp#27;[36mc.g.d.z.s.o.a.h.client5.http.headers&amp#27;[0;39m - &amp#27;[32mhttp-outgoing-1 >> User-Agent: Apache-HttpClient/5.0.3 (Java/17.0.6)
&amp#27;[0;39m2023-05-08 13:18:55,223 [main] &amp#27;[39mDEBUG&amp#27;[0;39m &amp#27;[36mc.g.d.z.s.o.a.hc.client5.http.wire&amp#27;[0;39m - &amp#27;[32mhttp-outgoing-1 >> "GET /v1.32/containers/cccfb0602d7e775562ae171a9fe0a7ec811b6906268008a84fea93151d2a7305/json HTTP/1.1[\r][\n]"
&amp#27;[0;39m2023-05-08 13:18:55,223 [main] &amp#27;[39mDEBUG&amp#27;[0;39m &amp#27;[36mc.g.d.z.s.o.a.hc.client5.http.wire&amp#27;[0;39m - &amp#27;[32mhttp-outgoing-1 >> "accept: application/json[\r][\n]"
&amp#27;[0;39m2023-05-08 13:18:55,223 [main] &amp#27;[39mDEBUG&amp#27;[0;39m &amp#27;[36mc.g.d.z.s.o.a.hc.client5.http.wire&amp#27;[0;39m - &amp#27;[32mhttp-outgoing-1 >> "x-tc-sid: f1b696c1-ec3f-4f95-afa8-081853be7ccb[\r][\n]"
&amp#27;[0;39m2023-05-08 13:18:55,223 [main] &amp#27;[39mDEBUG&amp#27;[0;39m &amp#27;[36mc.g.d.z.s.o.a.hc.client5.http.wire&amp#27;[0;39m - &amp#27;[32mhttp-outgoing-1 >> "Accept-Encoding: gzip, x-gzip, deflate[\r][\n]"
&amp#27;[0;39m2023-05-08 13:18:55,223 [main] &amp#27;[39mDEBUG&amp#27;[0;39m &amp#27;[36mc.g.d.z.s.o.a.hc.client5.http.wire&amp#27;[0;39m - &amp#27;[32mhttp-outgoing-1 >> "Host: localhost:2375[\r][\n]"
&amp#27;[0;39m2023-05-08 13:18:55,223 [main] &amp#27;[39mDEBUG&amp#27;[0;39m &amp#27;[36mc.g.d.z.s.o.a.hc.client5.http.wire&amp#27;[0;39m - &amp#27;[32mhttp-outgoing-1 >> "Connection: keep-alive[\r][\n]"
&amp#27;[0;39m2023-05-08 13:18:55,223 [main] &amp#27;[39mDEBUG&amp#27;[0;39m &amp#27;[36mc.g.d.z.s.o.a.hc.client5.http.wire&amp#27;[0;39m - &amp#27;[32mhttp-outgoing-1 >> "User-Agent: Apache-HttpClient/5.0.3 (Java/17.0.6)[\r][\n]"
&amp#27;[0;39m2023-05-08 13:18:55,223 [main] &amp#27;[39mDEBUG&amp#27;[0;39m &amp#27;[36mc.g.d.z.s.o.a.hc.client5.http.wire&amp#27;[0;39m - &amp#27;[32mhttp-outgoing-1 >> "[\r][\n]"
&amp#27;[0;39m2023-05-08 13:18:55,224 [main] &amp#27;[39mDEBUG&amp#27;[0;39m &amp#27;[36mc.g.d.z.s.o.a.hc.client5.http.wire&amp#27;[0;39m - &amp#27;[32mhttp-outgoing-1 << "HTTP/1.1 200 OK[\r][\n]"
&amp#27;[0;39m2023-05-08 13:18:55,224 [main] &amp#27;[39mDEBUG&amp#27;[0;39m &amp#27;[36mc.g.d.z.s.o.a.hc.client5.http.wire&amp#27;[0;39m - &amp#27;[32mhttp-outgoing-1 << "Api-Version: 1.42[\r][\n]"
&amp#27;[0;39m2023-05-08 13:18:55,224 [main] &amp#27;[39mDEBUG&amp#27;[0;39m &amp#27;[36mc.g.d.z.s.o.a.hc.client5.http.wire&amp#27;[0;39m - &amp#27;[32mhttp-outgoing-1 << "Content-Type: application/json[\r][\n]"
&amp#27;[0;39m2023-05-08 13:18:55,224 [main] &amp#27;[39mDEBUG&amp#27;[0;39m &amp#27;[36mc.g.d.z.s.o.a.hc.client5.http.wire&amp#27;[0;39m - &amp#27;[32mhttp-outgoing-1 << "Docker-Experimental: false[\r][\n]"
&amp#27;[0;39m2023-05-08 13:18:55,224 [main] &amp#27;[39mDEBUG&amp#27;[0;39m &amp#27;[36mc.g.d.z.s.o.a.hc.client5.http.wire&amp#27;[0;39m - &amp#27;[32mhttp-outgoing-1 << "Ostype: linux[\r][\n]"
&amp#27;[0;39m2023-05-08 13:18:55,224 [main] &amp#27;[39mDEBUG&amp#27;[0;39m &amp#27;[36mc.g.d.z.s.o.a.hc.client5.http.wire&amp#27;[0;39m - &amp#27;[32mhttp-outgoing-1 << "Server: Docker/23.0.5 (linux)[\r][\n]"
&amp#27;[0;39m2023-05-08 13:18:55,224 [main] &amp#27;[39mDEBUG&amp#27;[0;39m &amp#27;[36mc.g.d.z.s.o.a.hc.client5.http.wire&amp#27;[0;39m - &amp#27;[32mhttp-outgoing-1 << "Date: Mon, 08 May 2023 11:18:55 GMT[\r][\n]"
&amp#27;[0;39m2023-05-08 13:18:55,224 [main] &amp#27;[39mDEBUG&amp#27;[0;39m &amp#27;[36mc.g.d.z.s.o.a.hc.client5.http.wire&amp#27;[0;39m - &amp#27;[32mhttp-outgoing-1 << "Transfer-Encoding: chunked[\r][\n]"
&amp#27;[0;39m2023-05-08 13:18:55,224 [main] &amp#27;[39mDEBUG&amp#27;[0;39m &amp#27;[36mc.g.d.z.s.o.a.hc.client5.http.wire&amp#27;[0;39m - &amp#27;[32mhttp-outgoing-1 << "[\r][\n]"
&amp#27;[0;39m2023-05-08 13:18:55,224 [main] &amp#27;[39mDEBUG&amp#27;[0;39m &amp#27;[36mc.g.d.z.s.o.a.hc.client5.http.wire&amp#27;[0;39m - &amp#27;[32mhttp-outgoing-1 << "1890[\r][\n]"
&amp#27;[0;39m2023-05-08 13:18:55,224 [main] &amp#27;[39mDEBUG&amp#27;[0;39m &amp#27;[36mc.g.d.z.s.o.a.hc.client5.http.wire&amp#27;[0;39m - &amp#27;[32mhttp-outgoing-1 << "{"Id":"cccfb0602d7e775562ae171a9fe0a7ec811b6906268008a84fea93151d2a7305","Created":"2023-05-08T11:18:54.120535425Z","Path":"docker-entrypoint.sh","Args":["mysqld"],"State":{"Status":"running","Running":true,"Paused":false,"Restarting":false,"OOMKilled":false,"Dead":false,"Pid":59126,"ExitCode":0,"Error":"","StartedAt":"2023-05-08T11:18:54.468577716Z","FinishedAt":"0001-01-01T00:00:00Z"},"Image":"sha256:228d71078f8ce5ae9fd96b183f88c3a90e30544b4b7ce9d64a238d05fef2a681","ResolvConfPath":"/var/lib/docker/containers/cccfb0602d7e775562ae171a9fe0a7ec811b6906268008a84fea93151d2a7305/resolv.conf","HostnamePath":"/var/lib/docker/containers/cccfb0602d7e775562ae171a9fe0a7ec811b6906268008a84fea93151d2a7305/hostname","HostsPath":"/var/lib/docker/containers/cccfb0602d7e775562ae171a9fe0a7ec811b6906268008a84fea93151d2a7305/hosts","LogPath":"/var/lib/docker/containers/cccfb0602d7e775562ae171a9fe0a7ec811b6906268008a84fea93151d2a7305/cccfb0602d7e775562ae171a9fe0a7ec811b6906268008a84fea93151d2a7305-json.log","Name":"/charming_goodall","RestartCount":0,"Driver":"overlay2","Platform":"linux","MountLabel":"","ProcessLabel":"","AppArmorProfile":"docker-default","ExecIDs":null,"HostConfig":{"Binds":[],"ContainerIDFile":"","LogConfig":{"Type":"json-file","Config":{}},"NetworkMode":"default","PortBindings":{"3306/tcp":[{"HostIp":"","HostPort":""}]},"RestartPolicy":{"Name":"","MaximumRetryCount":0},"AutoRemove":false,"VolumeDriver":"","VolumesFrom":[],"ConsoleSize":[0,0],"CapAdd":null,"CapDrop":null,"CgroupnsMode":"private","Dns":null,"DnsOptions":null,"DnsSearch":null,"ExtraHosts":[],"GroupAdd":null,"IpcMode":"shareable","Cgroup":"","Links":null,"OomScoreAdj":0,"PidMode":"","Privileged":false,"PublishAllPorts":false,"ReadonlyRootfs":false,"SecurityOpt":null,"UTSMode":"","UsernsMode":"","ShmSize":67108864,"Runtime":"runc","Isolation":"","CpuShares":0,"Memory":0,"NanoCpus":0,"CgroupParent":"","BlkioWeight":0,"BlkioWeightDevice":null,"BlkioDeviceReadBps":null,"BlkioDeviceWriteBps":null,"BlkioDeviceReadIOps":null,"BlkioDeviceWriteIOps":null,"CpuPeriod":0,"CpuQuota":0,"CpuRealtimePeriod":0,"CpuRealtimeRuntime":0,"CpusetCpus":"","CpusetMems":"","Devices":null,"DeviceCgroupRules":null,"DeviceRequests":null,"MemoryReservation":0,"MemorySwap":0,"MemorySwappiness":null,"OomKillDisable":null,"PidsLimit":null,"Ulimits":null,"CpuCount":0,"CpuPercent":0,"IOMaximumIOps":0,"IOMaximumBandwidth":0,"MaskedPaths":["/proc/asound","/proc/acpi","/proc/kcore","/proc/keys","/proc/latency_stats","/proc/timer_list","/proc/timer_stats","/proc/sched_debug","/proc/scsi","/sys/firmware"],"ReadonlyPaths":["/proc/bus","/proc/fs","/proc/irq","/proc/sys","/proc/sysrq-trigger"]},"GraphDriver":{"Data":{"LowerDir":"/var/lib/docker/overlay2/0075f27ac39799b376a3e23bf05a650eb10c8a0f9ef49be1ab61e98fd3b93dc3-init/diff:/var/lib/docker/overlay2/4c6e20f032f02b27a9272f982861dc21998197aa90d94ed3bef95d449380247c/diff:/var/lib/docker/overlay2/0c75f828f603eff839bb3ca448163ab2a8017e86625ac255cd3dbf1673ddac26/diff:/var/lib/docker/overlay2/da128d897fda75829109844ce6cd9d73d0f54c682e735100af000ce899908729/diff:/var/lib/docker/overlay2/b678a1f261bf323afba6d76d91ab7428bdd6e1ef4a39b5224e4a1afd08c0423a/diff:/var/lib/docker/overlay2/1bec43b14875c5f9f814f146e8e31aa78566689c2c163da2ac60a32254988437/diff:/var/lib/docker/overlay2/28f4b1e6e1a7a2dbe30f1f94fb42bccd85a61faf8af1fe30a5bb0d442c525e41/diff:/var/lib/docker/overlay2/0f493124464c291d7c97d2633d5dff04b1dce5de904cb40a34dfbe7fe72e3fd4/diff:/var/lib/docker/overlay2/05befbee9e38cd670e1786b3310e99796dcc06abbed970007b4109a5424843fa/diff:/var/lib/docker/overlay2/582bcca9acfc4eef25109e1e1b9c9d104f355798455bc73e855c99283887a6e8/diff:/var/lib/docker/overlay2/153b3bf0b69e97e8f0e5533414a31ca33fa530e63d174c9617621abe46e7e9d1/diff:/var/lib/docker/overlay2/bf87a76c0a38875ee6e915fd0d2527eafa880ec6bf2c1cb294959428c18d10bd/diff","MergedDir":"/var/lib/docker/overlay2/0075f27ac39799b376a3e23bf05a650eb10c8a0f9ef49be1ab61e98fd3b93dc3/merged","UpperDir":"/var/lib/docker/overlay2/0075f27ac39799b376a3e23bf05a650eb10c8a0f9ef49be1ab61e98fd3b93dc3/diff","WorkDir":"/var/lib/docker/overlay2/0075f27ac39799b376a3e23bf05a650eb10c8a0f9ef49be1ab61e98fd3b93dc3/work"},"Name":"overlay2"},"Mounts":[{"Type":"volume","Name":"ffd30c8cc7ed7bf91bc1ebef46b0f06493ce1d3121e28c37d40240bd74b844a5","Source":"/var/lib/docker/volumes/ffd30c8cc7ed7bf91bc1ebef46b0f06493ce1d3121e28c37d40240bd74b844a5/_data","Destination":"/var/lib/mysql","Driver":"local","Mode":"","RW":true,"Propagation":""}],"Config":{"Hostname":"cccfb0602d7e","Domainname":"","User":"","AttachStdin":false,"AttachStdout":false,"AttachStderr":false,"ExposedPorts":{"3306/tcp":{}},"Tty":false,"OpenStdin":false,"StdinOnce":false,"Env":["MYSQL_DATABASE=test","MYSQL_PASSWORD=test","MYSQL_USER=test","MYSQL_ROOT_PASSWORD=test","PATH=/usr/local/sbin:/usr/local/bin:/usr/sbin:/usr/bin:/sbin:/bin","GOSU_VERSION=1.7","MYSQL_MAJOR=8.0","MYSQL_VERSION=8.0.0-dmr-1debian8"],"Cmd":["mysqld"],"Image":"mysql:8.0.0","Volumes":{"/var/lib/mysql":{}},"WorkingDir":"","Entrypoint":["docker-entrypoint.sh"],"OnBuild":null,"Labels":{"org.testcontainers":"true","org.testcontainers.lang":"java","org.testcontainers.sessionId":"f1b696c1-ec3f-4f95-afa8-081853be7ccb","org.testcontainers.version":"1.18.0"}},"NetworkSettings":{"Bridge":"","SandboxID":"75a4ef0436803615aa77c8b97de3cbbdd49519261fe2b3b6cdcae9bd2b1154aa","HairpinMode":false,"LinkLocalIPv6Address":"","LinkLocalIPv6PrefixLen":0,"Ports":{"3306/tcp":[{"HostIp":"0.0.0.0","HostPort":"32781"},{"HostIp":"::","HostPort":"32781"}]},"SandboxKey":"/var/run/docker/netns/75a4ef043680","SecondaryIPAddresses":null,"SecondaryIPv6Addresses":null,"EndpointID":"de3a5c9cc9471fdbec5943d78a8803fca61208fe4021ac9d3922ee2e8ec0d135","Gateway":"172.17.0.1","GlobalIPv6Address":"","GlobalIPv6PrefixLen":0,"IPAddress":"172.17.0.3","IPPrefixLen":16,"IPv6Gateway":"","MacAddress":"02:42:ac:11:00:03","Networks":{"bridge":{"IPAMConfig":null,"Links":null,"Aliases":null,"NetworkID":"e1a078e12eb8d77b497ed932f7fb43787eeb6ff6972febd7d03c9282b8b5cd45","EndpointID":"de3a5c9cc9471fdbec5943d78a8803fca61208fe4021ac9d3922ee2e8ec0d135","Gateway":"172.17.0.1","IPAddress":"172.17.0.3","IPPrefixLen":16,"IPv6Gateway":"","GlobalIPv6Address":"","GlobalIPv6PrefixLen":0,"MacAddress":"02:42:ac:11:00:03","DriverOpts":null}}}}[\n]"
&amp#27;[0;39m2023-05-08 13:18:55,224 [main] &amp#27;[39mDEBUG&amp#27;[0;39m &amp#27;[36mc.g.d.z.s.o.a.hc.client5.http.wire&amp#27;[0;39m - &amp#27;[32mhttp-outgoing-1 << "[\r][\n]"
&amp#27;[0;39m2023-05-08 13:18:55,224 [main] &amp#27;[39mDEBUG&amp#27;[0;39m &amp#27;[36mc.g.d.z.s.o.a.hc.client5.http.wire&amp#27;[0;39m - &amp#27;[32mhttp-outgoing-1 << "0[\r][\n]"
&amp#27;[0;39m2023-05-08 13:18:55,224 [main] &amp#27;[39mDEBUG&amp#27;[0;39m &amp#27;[36mc.g.d.z.s.o.a.hc.client5.http.wire&amp#27;[0;39m - &amp#27;[32mhttp-outgoing-1 << "[\r][\n]"
&amp#27;[0;39m2023-05-08 13:18:55,224 [main] &amp#27;[39mDEBUG&amp#27;[0;39m &amp#27;[36mc.g.d.z.s.o.a.h.client5.http.headers&amp#27;[0;39m - &amp#27;[32mhttp-outgoing-1 << HTTP/1.1 200 OK
&amp#27;[0;39m2023-05-08 13:18:55,224 [main] &amp#27;[39mDEBUG&amp#27;[0;39m &amp#27;[36mc.g.d.z.s.o.a.h.client5.http.headers&amp#27;[0;39m - &amp#27;[32mhttp-outgoing-1 << Api-Version: 1.42
&amp#27;[0;39m2023-05-08 13:18:55,224 [main] &amp#27;[39mDEBUG&amp#27;[0;39m &amp#27;[36mc.g.d.z.s.o.a.h.client5.http.headers&amp#27;[0;39m - &amp#27;[32mhttp-outgoing-1 << Content-Type: application/json
&amp#27;[0;39m2023-05-08 13:18:55,224 [main] &amp#27;[39mDEBUG&amp#27;[0;39m &amp#27;[36mc.g.d.z.s.o.a.h.client5.http.headers&amp#27;[0;39m - &amp#27;[32mhttp-outgoing-1 << Docker-Experimental: false
&amp#27;[0;39m2023-05-08 13:18:55,224 [main] &amp#27;[39mDEBUG&amp#27;[0;39m &amp#27;[36mc.g.d.z.s.o.a.h.client5.http.headers&amp#27;[0;39m - &amp#27;[32mhttp-outgoing-1 << Ostype: linux
&amp#27;[0;39m2023-05-08 13:18:55,224 [main] &amp#27;[39mDEBUG&amp#27;[0;39m &amp#27;[36mc.g.d.z.s.o.a.h.client5.http.headers&amp#27;[0;39m - &amp#27;[32mhttp-outgoing-1 << Server: Docker/23.0.5 (linux)
&amp#27;[0;39m2023-05-08 13:18:55,224 [main] &amp#27;[39mDEBUG&amp#27;[0;39m &amp#27;[36mc.g.d.z.s.o.a.h.client5.http.headers&amp#27;[0;39m - &amp#27;[32mhttp-outgoing-1 << Date: Mon, 08 May 2023 11:18:55 GMT
&amp#27;[0;39m2023-05-08 13:18:55,224 [main] &amp#27;[39mDEBUG&amp#27;[0;39m &amp#27;[36mc.g.d.z.s.o.a.h.client5.http.headers&amp#27;[0;39m - &amp#27;[32mhttp-outgoing-1 << Transfer-Encoding: chunked
&amp#27;[0;39m2023-05-08 13:18:55,224 [main] &amp#27;[39mDEBUG&amp#27;[0;39m &amp#27;[36mc.g.d.z.s.o.a.h.c.h.i.c.MainClientExec&amp#27;[0;39m - &amp#27;[32mex-00000017: connection can be kept alive for 3 MINUTES
&amp#27;[0;39m2023-05-08 13:18:55,225 [main] &amp#27;[39mDEBUG&amp#27;[0;39m &amp#27;[36mc.g.d.z.s.o.a.h.c.h.i.c.InternalHttpClient&amp#27;[0;39m - &amp#27;[32mep-00000016: releasing valid endpoint
&amp#27;[0;39m2023-05-08 13:18:55,225 [main] &amp#27;[39mDEBUG&amp#27;[0;39m &amp#27;[36mc.g.d.z.s.o.a.h.c.h.i.i.PoolingHttpClientConnectionManager&amp#27;[0;39m - &amp#27;[32mep-00000016: releasing endpoint
&amp#27;[0;39m2023-05-08 13:18:55,225 [main] &amp#27;[39mDEBUG&amp#27;[0;39m &amp#27;[36mc.g.d.z.s.o.a.h.c.h.i.i.PoolingHttpClientConnectionManager&amp#27;[0;39m - &amp#27;[32mep-00000016: connection http-outgoing-1 can be kept alive for 3 MINUTES
&amp#27;[0;39m2023-05-08 13:18:55,225 [main] &amp#27;[39mDEBUG&amp#27;[0;39m &amp#27;[36mc.g.d.z.s.o.a.h.c.h.i.i.PoolingHttpClientConnectionManager&amp#27;[0;39m - &amp#27;[32mep-00000016: connection released [route: {}->unix://localhost:2375][total available: 1; route allocated: 1 of 2147483647; total allocated: 1 of 2147483647]
&amp#27;[0;39m2023-05-08 13:18:55,225 [main] &amp#27;[39mDEBUG&amp#27;[0;39m &amp#27;[36mtc.mysql:8.0.0&amp#27;[0;39m - &amp#27;[32mTrying to create JDBC connection using com.mysql.cj.jdbc.Driver to jdbc:mysql://localhost:32781/test?useSSL=false&allowPublicKeyRetrieval=true with properties: {password=test, user=test}
&amp#27;[0;39m2023-05-08 13:18:55,326 [main] &amp#27;[39mDEBUG&amp#27;[0;39m &amp#27;[36mo.t.s.c.g.d.c.command.AbstrDockerCmd&amp#27;[0;39m - &amp#27;[32mCmd: cccfb0602d7e775562ae171a9fe0a7ec811b6906268008a84fea93151d2a7305,false
&amp#27;[0;39m2023-05-08 13:18:55,327 [main] &amp#27;[39mDEBUG&amp#27;[0;39m &amp#27;[36mo.t.s.c.g.d.c.e.InspectContainerCmdExec&amp#27;[0;39m - &amp#27;[32mGET: DefaultWebTarget{path=[/containers/cccfb0602d7e775562ae171a9fe0a7ec811b6906268008a84fea93151d2a7305/json], queryParams={}}
&amp#27;[0;39m2023-05-08 13:18:55,327 [main] &amp#27;[39mDEBUG&amp#27;[0;39m &amp#27;[36mc.g.d.z.s.o.a.h.c.h.i.c.InternalHttpClient&amp#27;[0;39m - &amp#27;[32mex-00000018: preparing request execution
&amp#27;[0;39m2023-05-08 13:18:55,327 [main] &amp#27;[39mDEBUG&amp#27;[0;39m &amp#27;[36mc.g.d.z.s.o.a.h.c.h.p.RequestAddCookies&amp#27;[0;39m - &amp#27;[32mCookie spec selected: strict
&amp#27;[0;39m2023-05-08 13:18:55,327 [main] &amp#27;[39mDEBUG&amp#27;[0;39m &amp#27;[36mc.g.d.z.s.o.a.h.c.h.p.RequestAuthCache&amp#27;[0;39m - &amp#27;[32mAuth cache not set in the context
&amp#27;[0;39m2023-05-08 13:18:55,327 [main] &amp#27;[39mDEBUG&amp#27;[0;39m &amp#27;[36mc.g.d.z.s.o.a.h.c.h.i.c.ProtocolExec&amp#27;[0;39m - &amp#27;[32mex-00000018: target auth state: UNCHALLENGED
&amp#27;[0;39m2023-05-08 13:18:55,327 [main] &amp#27;[39mDEBUG&amp#27;[0;39m &amp#27;[36mc.g.d.z.s.o.a.h.c.h.i.c.ProtocolExec&amp#27;[0;39m - &amp#27;[32mex-00000018: proxy auth state: UNCHALLENGED
&amp#27;[0;39m2023-05-08 13:18:55,327 [main] &amp#27;[39mDEBUG&amp#27;[0;39m &amp#27;[36mc.g.d.z.s.o.a.h.c.h.i.c.ConnectExec&amp#27;[0;39m - &amp#27;[32mex-00000018: acquiring connection with route {}->unix://localhost:2375
&amp#27;[0;39m2023-05-08 13:18:55,327 [main] &amp#27;[39mDEBUG&amp#27;[0;39m &amp#27;[36mc.g.d.z.s.o.a.h.c.h.i.c.InternalHttpClient&amp#27;[0;39m - &amp#27;[32mex-00000018: acquiring endpoint (3 MINUTES)
&amp#27;[0;39m2023-05-08 13:18:55,327 [main] &amp#27;[39mDEBUG&amp#27;[0;39m &amp#27;[36mc.g.d.z.s.o.a.h.c.h.i.i.PoolingHttpClientConnectionManager&amp#27;[0;39m - &amp#27;[32mex-00000018: endpoint lease request (3 MINUTES) [route: {}->unix://localhost:2375][total available: 1; route allocated: 1 of 2147483647; total allocated: 1 of 2147483647]
&amp#27;[0;39m2023-05-08 13:18:55,328 [main] &amp#27;[39mDEBUG&amp#27;[0;39m &amp#27;[36mc.g.d.z.s.o.a.h.c.h.i.i.PoolingHttpClientConnectionManager&amp#27;[0;39m - &amp#27;[32mex-00000018: endpoint leased [route: {}->unix://localhost:2375][total available: 0; route allocated: 1 of 2147483647; total allocated: 1 of 2147483647]
&amp#27;[0;39m2023-05-08 13:18:55,328 [main] &amp#27;[39mDEBUG&amp#27;[0;39m &amp#27;[36mc.g.d.z.s.o.a.h.c.h.i.i.PoolingHttpClientConnectionManager&amp#27;[0;39m - &amp#27;[32mex-00000018: acquired ep-00000017
&amp#27;[0;39m2023-05-08 13:18:55,328 [main] &amp#27;[39mDEBUG&amp#27;[0;39m &amp#27;[36mc.g.d.z.s.o.a.h.c.h.i.c.InternalHttpClient&amp#27;[0;39m - &amp#27;[32mex-00000018: acquired endpoint ep-00000017
&amp#27;[0;39m2023-05-08 13:18:55,328 [main] &amp#27;[39mDEBUG&amp#27;[0;39m &amp#27;[36mc.g.d.z.s.o.a.h.c.h.i.c.MainClientExec&amp#27;[0;39m - &amp#27;[32mex-00000018: executing GET /v1.32/containers/cccfb0602d7e775562ae171a9fe0a7ec811b6906268008a84fea93151d2a7305/json HTTP/1.1
&amp#27;[0;39m2023-05-08 13:18:55,328 [main] &amp#27;[39mDEBUG&amp#27;[0;39m &amp#27;[36mc.g.d.z.s.o.a.h.c.h.i.c.InternalHttpClient&amp#27;[0;39m - &amp#27;[32mep-00000017: start execution ex-00000018
&amp#27;[0;39m2023-05-08 13:18:55,328 [main] &amp#27;[39mDEBUG&amp#27;[0;39m &amp#27;[36mc.g.d.z.s.o.a.h.c.h.i.i.PoolingHttpClientConnectionManager&amp#27;[0;39m - &amp#27;[32mep-00000017: executing exchange ex-00000018 over http-outgoing-1
&amp#27;[0;39m2023-05-08 13:18:55,328 [main] &amp#27;[39mDEBUG&amp#27;[0;39m &amp#27;[36mc.g.d.z.s.o.a.h.client5.http.headers&amp#27;[0;39m - &amp#27;[32mhttp-outgoing-1 >> GET /v1.32/containers/cccfb0602d7e775562ae171a9fe0a7ec811b6906268008a84fea93151d2a7305/json HTTP/1.1
&amp#27;[0;39m2023-05-08 13:18:55,328 [main] &amp#27;[39mDEBUG&amp#27;[0;39m &amp#27;[36mc.g.d.z.s.o.a.h.client5.http.headers&amp#27;[0;39m - &amp#27;[32mhttp-outgoing-1 >> accept: application/json
&amp#27;[0;39m2023-05-08 13:18:55,328 [main] &amp#27;[39mDEBUG&amp#27;[0;39m &amp#27;[36mc.g.d.z.s.o.a.h.client5.http.headers&amp#27;[0;39m - &amp#27;[32mhttp-outgoing-1 >> x-tc-sid: f1b696c1-ec3f-4f95-afa8-081853be7ccb
&amp#27;[0;39m2023-05-08 13:18:55,328 [main] &amp#27;[39mDEBUG&amp#27;[0;39m &amp#27;[36mc.g.d.z.s.o.a.h.client5.http.headers&amp#27;[0;39m - &amp#27;[32mhttp-outgoing-1 >> Accept-Encoding: gzip, x-gzip, deflate
&amp#27;[0;39m2023-05-08 13:18:55,328 [main] &amp#27;[39mDEBUG&amp#27;[0;39m &amp#27;[36mc.g.d.z.s.o.a.h.client5.http.headers&amp#27;[0;39m - &amp#27;[32mhttp-outgoing-1 >> Host: localhost:2375
&amp#27;[0;39m2023-05-08 13:18:55,328 [main] &amp#27;[39mDEBUG&amp#27;[0;39m &amp#27;[36mc.g.d.z.s.o.a.h.client5.http.headers&amp#27;[0;39m - &amp#27;[32mhttp-outgoing-1 >> Connection: keep-alive
&amp#27;[0;39m2023-05-08 13:18:55,328 [main] &amp#27;[39mDEBUG&amp#27;[0;39m &amp#27;[36mc.g.d.z.s.o.a.h.client5.http.headers&amp#27;[0;39m - &amp#27;[32mhttp-outgoing-1 >> User-Agent: Apache-HttpClient/5.0.3 (Java/17.0.6)
&amp#27;[0;39m2023-05-08 13:18:55,328 [main] &amp#27;[39mDEBUG&amp#27;[0;39m &amp#27;[36mc.g.d.z.s.o.a.hc.client5.http.wire&amp#27;[0;39m - &amp#27;[32mhttp-outgoing-1 >> "GET /v1.32/containers/cccfb0602d7e775562ae171a9fe0a7ec811b6906268008a84fea93151d2a7305/json HTTP/1.1[\r][\n]"
&amp#27;[0;39m2023-05-08 13:18:55,328 [main] &amp#27;[39mDEBUG&amp#27;[0;39m &amp#27;[36mc.g.d.z.s.o.a.hc.client5.http.wire&amp#27;[0;39m - &amp#27;[32mhttp-outgoing-1 >> "accept: application/json[\r][\n]"
&amp#27;[0;39m2023-05-08 13:18:55,328 [main] &amp#27;[39mDEBUG&amp#27;[0;39m &amp#27;[36mc.g.d.z.s.o.a.hc.client5.http.wire&amp#27;[0;39m - &amp#27;[32mhttp-outgoing-1 >> "x-tc-sid: f1b696c1-ec3f-4f95-afa8-081853be7ccb[\r][\n]"
&amp#27;[0;39m2023-05-08 13:18:55,328 [main] &amp#27;[39mDEBUG&amp#27;[0;39m &amp#27;[36mc.g.d.z.s.o.a.hc.client5.http.wire&amp#27;[0;39m - &amp#27;[32mhttp-outgoing-1 >> "Accept-Encoding: gzip, x-gzip, deflate[\r][\n]"
&amp#27;[0;39m2023-05-08 13:18:55,328 [main] &amp#27;[39mDEBUG&amp#27;[0;39m &amp#27;[36mc.g.d.z.s.o.a.hc.client5.http.wire&amp#27;[0;39m - &amp#27;[32mhttp-outgoing-1 >> "Host: localhost:2375[\r][\n]"
&amp#27;[0;39m2023-05-08 13:18:55,328 [main] &amp#27;[39mDEBUG&amp#27;[0;39m &amp#27;[36mc.g.d.z.s.o.a.hc.client5.http.wire&amp#27;[0;39m - &amp#27;[32mhttp-outgoing-1 >> "Connection: keep-alive[\r][\n]"
&amp#27;[0;39m2023-05-08 13:18:55,328 [main] &amp#27;[39mDEBUG&amp#27;[0;39m &amp#27;[36mc.g.d.z.s.o.a.hc.client5.http.wire&amp#27;[0;39m - &amp#27;[32mhttp-outgoing-1 >> "User-Agent: Apache-HttpClient/5.0.3 (Java/17.0.6)[\r][\n]"
&amp#27;[0;39m2023-05-08 13:18:55,328 [main] &amp#27;[39mDEBUG&amp#27;[0;39m &amp#27;[36mc.g.d.z.s.o.a.hc.client5.http.wire&amp#27;[0;39m - &amp#27;[32mhttp-outgoing-1 >> "[\r][\n]"
&amp#27;[0;39m2023-05-08 13:18:55,328 [main] &amp#27;[39mDEBUG&amp#27;[0;39m &amp#27;[36mc.g.d.z.s.o.a.hc.client5.http.wire&amp#27;[0;39m - &amp#27;[32mhttp-outgoing-1 << "HTTP/1.1 200 OK[\r][\n]"
&amp#27;[0;39m2023-05-08 13:18:55,328 [main] &amp#27;[39mDEBUG&amp#27;[0;39m &amp#27;[36mc.g.d.z.s.o.a.hc.client5.http.wire&amp#27;[0;39m - &amp#27;[32mhttp-outgoing-1 << "Api-Version: 1.42[\r][\n]"
&amp#27;[0;39m2023-05-08 13:18:55,328 [main] &amp#27;[39mDEBUG&amp#27;[0;39m &amp#27;[36mc.g.d.z.s.o.a.hc.client5.http.wire&amp#27;[0;39m - &amp#27;[32mhttp-outgoing-1 << "Content-Type: application/json[\r][\n]"
&amp#27;[0;39m2023-05-08 13:18:55,328 [main] &amp#27;[39mDEBUG&amp#27;[0;39m &amp#27;[36mc.g.d.z.s.o.a.hc.client5.http.wire&amp#27;[0;39m - &amp#27;[32mhttp-outgoing-1 << "Docker-Experimental: false[\r][\n]"
&amp#27;[0;39m2023-05-08 13:18:55,328 [main] &amp#27;[39mDEBUG&amp#27;[0;39m &amp#27;[36mc.g.d.z.s.o.a.hc.client5.http.wire&amp#27;[0;39m - &amp#27;[32mhttp-outgoing-1 << "Ostype: linux[\r][\n]"
&amp#27;[0;39m2023-05-08 13:18:55,328 [main] &amp#27;[39mDEBUG&amp#27;[0;39m &amp#27;[36mc.g.d.z.s.o.a.hc.client5.http.wire&amp#27;[0;39m - &amp#27;[32mhttp-outgoing-1 << "Server: Docker/23.0.5 (linux)[\r][\n]"
&amp#27;[0;39m2023-05-08 13:18:55,328 [main] &amp#27;[39mDEBUG&amp#27;[0;39m &amp#27;[36mc.g.d.z.s.o.a.hc.client5.http.wire&amp#27;[0;39m - &amp#27;[32mhttp-outgoing-1 << "Date: Mon, 08 May 2023 11:18:55 GMT[\r][\n]"
&amp#27;[0;39m2023-05-08 13:18:55,328 [main] &amp#27;[39mDEBUG&amp#27;[0;39m &amp#27;[36mc.g.d.z.s.o.a.hc.client5.http.wire&amp#27;[0;39m - &amp#27;[32mhttp-outgoing-1 << "Transfer-Encoding: chunked[\r][\n]"
&amp#27;[0;39m2023-05-08 13:18:55,328 [main] &amp#27;[39mDEBUG&amp#27;[0;39m &amp#27;[36mc.g.d.z.s.o.a.hc.client5.http.wire&amp#27;[0;39m - &amp#27;[32mhttp-outgoing-1 << "[\r][\n]"
&amp#27;[0;39m2023-05-08 13:18:55,328 [main] &amp#27;[39mDEBUG&amp#27;[0;39m &amp#27;[36mc.g.d.z.s.o.a.hc.client5.http.wire&amp#27;[0;39m - &amp#27;[32mhttp-outgoing-1 << "1890[\r][\n]"
&amp#27;[0;39m2023-05-08 13:18:55,328 [main] &amp#27;[39mDEBUG&amp#27;[0;39m &amp#27;[36mc.g.d.z.s.o.a.hc.client5.http.wire&amp#27;[0;39m - &amp#27;[32mhttp-outgoing-1 << "{"Id":"cccfb0602d7e775562ae171a9fe0a7ec811b6906268008a84fea93151d2a7305","Created":"2023-05-08T11:18:54.120535425Z","Path":"docker-entrypoint.sh","Args":["mysqld"],"State":{"Status":"running","Running":true,"Paused":false,"Restarting":false,"OOMKilled":false,"Dead":false,"Pid":59126,"ExitCode":0,"Error":"","StartedAt":"2023-05-08T11:18:54.468577716Z","FinishedAt":"0001-01-01T00:00:00Z"},"Image":"sha256:228d71078f8ce5ae9fd96b183f88c3a90e30544b4b7ce9d64a238d05fef2a681","ResolvConfPath":"/var/lib/docker/containers/cccfb0602d7e775562ae171a9fe0a7ec811b6906268008a84fea93151d2a7305/resolv.conf","HostnamePath":"/var/lib/docker/containers/cccfb0602d7e775562ae171a9fe0a7ec811b6906268008a84fea93151d2a7305/hostname","HostsPath":"/var/lib/docker/containers/cccfb0602d7e775562ae171a9fe0a7ec811b6906268008a84fea93151d2a7305/hosts","LogPath":"/var/lib/docker/containers/cccfb0602d7e775562ae171a9fe0a7ec811b6906268008a84fea93151d2a7305/cccfb0602d7e775562ae171a9fe0a7ec811b6906268008a84fea93151d2a7305-json.log","Name":"/charming_goodall","RestartCount":0,"Driver":"overlay2","Platform":"linux","MountLabel":"","ProcessLabel":"","AppArmorProfile":"docker-default","ExecIDs":null,"HostConfig":{"Binds":[],"ContainerIDFile":"","LogConfig":{"Type":"json-file","Config":{}},"NetworkMode":"default","PortBindings":{"3306/tcp":[{"HostIp":"","HostPort":""}]},"RestartPolicy":{"Name":"","MaximumRetryCount":0},"AutoRemove":false,"VolumeDriver":"","VolumesFrom":[],"ConsoleSize":[0,0],"CapAdd":null,"CapDrop":null,"CgroupnsMode":"private","Dns":null,"DnsOptions":null,"DnsSearch":null,"ExtraHosts":[],"GroupAdd":null,"IpcMode":"shareable","Cgroup":"","Links":null,"OomScoreAdj":0,"PidMode":"","Privileged":false,"PublishAllPorts":false,"ReadonlyRootfs":false,"SecurityOpt":null,"UTSMode":"","UsernsMode":"","ShmSize":67108864,"Runtime":"runc","Isolation":"","CpuShares":0,"Memory":0,"NanoCpus":0,"CgroupParent":"","BlkioWeight":0,"BlkioWeightDevice":null,"BlkioDeviceReadBps":null,"BlkioDeviceWriteBps":null,"BlkioDeviceReadIOps":null,"BlkioDeviceWriteIOps":null,"CpuPeriod":0,"CpuQuota":0,"CpuRealtimePeriod":0,"CpuRealtimeRuntime":0,"CpusetCpus":"","CpusetMems":"","Devices":null,"DeviceCgroupRules":null,"DeviceRequests":null,"MemoryReservation":0,"MemorySwap":0,"MemorySwappiness":null,"OomKillDisable":null,"PidsLimit":null,"Ulimits":null,"CpuCount":0,"CpuPercent":0,"IOMaximumIOps":0,"IOMaximumBandwidth":0,"MaskedPaths":["/proc/asound","/proc/acpi","/proc/kcore","/proc/keys","/proc/latency_stats","/proc/timer_list","/proc/timer_stats","/proc/sched_debug","/proc/scsi","/sys/firmware"],"ReadonlyPaths":["/proc/bus","/proc/fs","/proc/irq","/proc/sys","/proc/sysrq-trigger"]},"GraphDriver":{"Data":{"LowerDir":"/var/lib/docker/overlay2/0075f27ac39799b376a3e23bf05a650eb10c8a0f9ef49be1ab61e98fd3b93dc3-init/diff:/var/lib/docker/overlay2/4c6e20f032f02b27a9272f982861dc21998197aa90d94ed3bef95d449380247c/diff:/var/lib/docker/overlay2/0c75f828f603eff839bb3ca448163ab2a8017e86625ac255cd3dbf1673ddac26/diff:/var/lib/docker/overlay2/da128d897fda75829109844ce6cd9d73d0f54c682e735100af000ce899908729/diff:/var/lib/docker/overlay2/b678a1f261bf323afba6d76d91ab7428bdd6e1ef4a39b5224e4a1afd08c0423a/diff:/var/lib/docker/overlay2/1bec43b14875c5f9f814f146e8e31aa78566689c2c163da2ac60a32254988437/diff:/var/lib/docker/overlay2/28f4b1e6e1a7a2dbe30f1f94fb42bccd85a61faf8af1fe30a5bb0d442c525e41/diff:/var/lib/docker/overlay2/0f493124464c291d7c97d2633d5dff04b1dce5de904cb40a34dfbe7fe72e3fd4/diff:/var/lib/docker/overlay2/05befbee9e38cd670e1786b3310e99796dcc06abbed970007b4109a5424843fa/diff:/var/lib/docker/overlay2/582bcca9acfc4eef25109e1e1b9c9d104f355798455bc73e855c99283887a6e8/diff:/var/lib/docker/overlay2/153b3bf0b69e97e8f0e5533414a31ca33fa530e63d174c9617621abe46e7e9d1/diff:/var/lib/docker/overlay2/bf87a76c0a38875ee6e915fd0d2527eafa880ec6bf2c1cb294959428c18d10bd/diff","MergedDir":"/var/lib/docker/overlay2/0075f27ac39799b376a3e23bf05a650eb10c8a0f9ef49be1ab61e98fd3b93dc3/merged","UpperDir":"/var/lib/docker/overlay2/0075f27ac39799b376a3e23bf05a650eb10c8a0f9ef49be1ab61e98fd3b93dc3/diff","WorkDir":"/var/lib/docker/overlay2/0075f27ac39799b376a3e23bf05a650eb10c8a0f9ef49be1ab61e98fd3b93dc3/work"},"Name":"overlay2"},"Mounts":[{"Type":"volume","Name":"ffd30c8cc7ed7bf91bc1ebef46b0f06493ce1d3121e28c37d40240bd74b844a5","Source":"/var/lib/docker/volumes/ffd30c8cc7ed7bf91bc1ebef46b0f06493ce1d3121e28c37d40240bd74b844a5/_data","Destination":"/var/lib/mysql","Driver":"local","Mode":"","RW":true,"Propagation":""}],"Config":{"Hostname":"cccfb0602d7e","Domainname":"","User":"","AttachStdin":false,"AttachStdout":false,"AttachStderr":false,"ExposedPorts":{"3306/tcp":{}},"Tty":false,"OpenStdin":false,"StdinOnce":false,"Env":["MYSQL_DATABASE=test","MYSQL_PASSWORD=test","MYSQL_USER=test","MYSQL_ROOT_PASSWORD=test","PATH=/usr/local/sbin:/usr/local/bin:/usr/sbin:/usr/bin:/sbin:/bin","GOSU_VERSION=1.7","MYSQL_MAJOR=8.0","MYSQL_VERSION=8.0.0-dmr-1debian8"],"Cmd":["mysqld"],"Image":"mysql:8.0.0","Volumes":{"/var/lib/mysql":{}},"WorkingDir":"","Entrypoint":["docker-entrypoint.sh"],"OnBuild":null,"Labels":{"org.testcontainers":"true","org.testcontainers.lang":"java","org.testcontainers.sessionId":"f1b696c1-ec3f-4f95-afa8-081853be7ccb","org.testcontainers.version":"1.18.0"}},"NetworkSettings":{"Bridge":"","SandboxID":"75a4ef0436803615aa77c8b97de3cbbdd49519261fe2b3b6cdcae9bd2b1154aa","HairpinMode":false,"LinkLocalIPv6Address":"","LinkLocalIPv6PrefixLen":0,"Ports":{"3306/tcp":[{"HostIp":"0.0.0.0","HostPort":"32781"},{"HostIp":"::","HostPort":"32781"}]},"SandboxKey":"/var/run/docker/netns/75a4ef043680","SecondaryIPAddresses":null,"SecondaryIPv6Addresses":null,"EndpointID":"de3a5c9cc9471fdbec5943d78a8803fca61208fe4021ac9d3922ee2e8ec0d135","Gateway":"172.17.0.1","GlobalIPv6Address":"","GlobalIPv6PrefixLen":0,"IPAddress":"172.17.0.3","IPPrefixLen":16,"IPv6Gateway":"","MacAddress":"02:42:ac:11:00:03","Networks":{"bridge":{"IPAMConfig":null,"Links":null,"Aliases":null,"NetworkID":"e1a078e12eb8d77b497ed932f7fb43787eeb6ff6972febd7d03c9282b8b5cd45","EndpointID":"de3a5c9cc9471fdbec5943d78a8803fca61208fe4021ac9d3922ee2e8ec0d135","Gateway":"172.17.0.1","IPAddress":"172.17.0.3","IPPrefixLen":16,"IPv6Gateway":"","GlobalIPv6Address":"","GlobalIPv6PrefixLen":0,"MacAddress":"02:42:ac:11:00:03","DriverOpts":null}}}}[\n]"
&amp#27;[0;39m2023-05-08 13:18:55,328 [main] &amp#27;[39mDEBUG&amp#27;[0;39m &amp#27;[36mc.g.d.z.s.o.a.hc.client5.http.wire&amp#27;[0;39m - &amp#27;[32mhttp-outgoing-1 << "[\r][\n]"
&amp#27;[0;39m2023-05-08 13:18:55,328 [main] &amp#27;[39mDEBUG&amp#27;[0;39m &amp#27;[36mc.g.d.z.s.o.a.hc.client5.http.wire&amp#27;[0;39m - &amp#27;[32mhttp-outgoing-1 << "0[\r][\n]"
&amp#27;[0;39m2023-05-08 13:18:55,328 [main] &amp#27;[39mDEBUG&amp#27;[0;39m &amp#27;[36mc.g.d.z.s.o.a.hc.client5.http.wire&amp#27;[0;39m - &amp#27;[32mhttp-outgoing-1 << "[\r][\n]"
&amp#27;[0;39m2023-05-08 13:18:55,329 [main] &amp#27;[39mDEBUG&amp#27;[0;39m &amp#27;[36mc.g.d.z.s.o.a.h.client5.http.headers&amp#27;[0;39m - &amp#27;[32mhttp-outgoing-1 << HTTP/1.1 200 OK
&amp#27;[0;39m2023-05-08 13:18:55,329 [main] &amp#27;[39mDEBUG&amp#27;[0;39m &amp#27;[36mc.g.d.z.s.o.a.h.client5.http.headers&amp#27;[0;39m - &amp#27;[32mhttp-outgoing-1 << Api-Version: 1.42
&amp#27;[0;39m2023-05-08 13:18:55,329 [main] &amp#27;[39mDEBUG&amp#27;[0;39m &amp#27;[36mc.g.d.z.s.o.a.h.client5.http.headers&amp#27;[0;39m - &amp#27;[32mhttp-outgoing-1 << Content-Type: application/json
&amp#27;[0;39m2023-05-08 13:18:55,329 [main] &amp#27;[39mDEBUG&amp#27;[0;39m &amp#27;[36mc.g.d.z.s.o.a.h.client5.http.headers&amp#27;[0;39m - &amp#27;[32mhttp-outgoing-1 << Docker-Experimental: false
&amp#27;[0;39m2023-05-08 13:18:55,329 [main] &amp#27;[39mDEBUG&amp#27;[0;39m &amp#27;[36mc.g.d.z.s.o.a.h.client5.http.headers&amp#27;[0;39m - &amp#27;[32mhttp-outgoing-1 << Ostype: linux
&amp#27;[0;39m2023-05-08 13:18:55,329 [main] &amp#27;[39mDEBUG&amp#27;[0;39m &amp#27;[36mc.g.d.z.s.o.a.h.client5.http.headers&amp#27;[0;39m - &amp#27;[32mhttp-outgoing-1 << Server: Docker/23.0.5 (linux)
&amp#27;[0;39m2023-05-08 13:18:55,329 [main] &amp#27;[39mDEBUG&amp#27;[0;39m &amp#27;[36mc.g.d.z.s.o.a.h.client5.http.headers&amp#27;[0;39m - &amp#27;[32mhttp-outgoing-1 << Date: Mon, 08 May 2023 11:18:55 GMT
&amp#27;[0;39m2023-05-08 13:18:55,329 [main] &amp#27;[39mDEBUG&amp#27;[0;39m &amp#27;[36mc.g.d.z.s.o.a.h.client5.http.headers&amp#27;[0;39m - &amp#27;[32mhttp-outgoing-1 << Transfer-Encoding: chunked
&amp#27;[0;39m2023-05-08 13:18:55,329 [main] &amp#27;[39mDEBUG&amp#27;[0;39m &amp#27;[36mc.g.d.z.s.o.a.h.c.h.i.c.MainClientExec&amp#27;[0;39m - &amp#27;[32mex-00000018: connection can be kept alive for 3 MINUTES
&amp#27;[0;39m2023-05-08 13:18:55,330 [main] &amp#27;[39mDEBUG&amp#27;[0;39m &amp#27;[36mc.g.d.z.s.o.a.h.c.h.i.c.InternalHttpClient&amp#27;[0;39m - &amp#27;[32mep-00000017: releasing valid endpoint
&amp#27;[0;39m2023-05-08 13:18:55,330 [main] &amp#27;[39mDEBUG&amp#27;[0;39m &amp#27;[36mc.g.d.z.s.o.a.h.c.h.i.i.PoolingHttpClientConnectionManager&amp#27;[0;39m - &amp#27;[32mep-00000017: releasing endpoint
&amp#27;[0;39m2023-05-08 13:18:55,330 [main] &amp#27;[39mDEBUG&amp#27;[0;39m &amp#27;[36mc.g.d.z.s.o.a.h.c.h.i.i.PoolingHttpClientConnectionManager&amp#27;[0;39m - &amp#27;[32mep-00000017: connection http-outgoing-1 can be kept alive for 3 MINUTES
&amp#27;[0;39m2023-05-08 13:18:55,331 [main] &amp#27;[39mDEBUG&amp#27;[0;39m &amp#27;[36mc.g.d.z.s.o.a.h.c.h.i.i.PoolingHttpClientConnectionManager&amp#27;[0;39m - &amp#27;[32mep-00000017: connection released [route: {}->unix://localhost:2375][total available: 1; route allocated: 1 of 2147483647; total allocated: 1 of 2147483647]
&amp#27;[0;39m2023-05-08 13:18:55,331 [main] &amp#27;[39mDEBUG&amp#27;[0;39m &amp#27;[36mtc.mysql:8.0.0&amp#27;[0;39m - &amp#27;[32mTrying to create JDBC connection using com.mysql.cj.jdbc.Driver to jdbc:mysql://localhost:32781/test?useSSL=false&allowPublicKeyRetrieval=true with properties: {password=test, user=test}
&amp#27;[0;39m2023-05-08 13:18:55,433 [main] &amp#27;[39mDEBUG&amp#27;[0;39m &amp#27;[36mo.t.s.c.g.d.c.command.AbstrDockerCmd&amp#27;[0;39m - &amp#27;[32mCmd: cccfb0602d7e775562ae171a9fe0a7ec811b6906268008a84fea93151d2a7305,false
&amp#27;[0;39m2023-05-08 13:18:55,433 [main] &amp#27;[39mDEBUG&amp#27;[0;39m &amp#27;[36mo.t.s.c.g.d.c.e.InspectContainerCmdExec&amp#27;[0;39m - &amp#27;[32mGET: DefaultWebTarget{path=[/containers/cccfb0602d7e775562ae171a9fe0a7ec811b6906268008a84fea93151d2a7305/json], queryParams={}}
&amp#27;[0;39m2023-05-08 13:18:55,434 [main] &amp#27;[39mDEBUG&amp#27;[0;39m &amp#27;[36mc.g.d.z.s.o.a.h.c.h.i.c.InternalHttpClient&amp#27;[0;39m - &amp#27;[32mex-00000019: preparing request execution
&amp#27;[0;39m2023-05-08 13:18:55,434 [main] &amp#27;[39mDEBUG&amp#27;[0;39m &amp#27;[36mc.g.d.z.s.o.a.h.c.h.p.RequestAddCookies&amp#27;[0;39m - &amp#27;[32mCookie spec selected: strict
&amp#27;[0;39m2023-05-08 13:18:55,434 [main] &amp#27;[39mDEBUG&amp#27;[0;39m &amp#27;[36mc.g.d.z.s.o.a.h.c.h.p.RequestAuthCache&amp#27;[0;39m - &amp#27;[32mAuth cache not set in the context
&amp#27;[0;39m2023-05-08 13:18:55,434 [main] &amp#27;[39mDEBUG&amp#27;[0;39m &amp#27;[36mc.g.d.z.s.o.a.h.c.h.i.c.ProtocolExec&amp#27;[0;39m - &amp#27;[32mex-00000019: target auth state: UNCHALLENGED
&amp#27;[0;39m2023-05-08 13:18:55,434 [main] &amp#27;[39mDEBUG&amp#27;[0;39m &amp#27;[36mc.g.d.z.s.o.a.h.c.h.i.c.ProtocolExec&amp#27;[0;39m - &amp#27;[32mex-00000019: proxy auth state: UNCHALLENGED
&amp#27;[0;39m2023-05-08 13:18:55,434 [main] &amp#27;[39mDEBUG&amp#27;[0;39m &amp#27;[36mc.g.d.z.s.o.a.h.c.h.i.c.ConnectExec&amp#27;[0;39m - &amp#27;[32mex-00000019: acquiring connection with route {}->unix://localhost:2375
&amp#27;[0;39m2023-05-08 13:18:55,434 [main] &amp#27;[39mDEBUG&amp#27;[0;39m &amp#27;[36mc.g.d.z.s.o.a.h.c.h.i.c.InternalHttpClient&amp#27;[0;39m - &amp#27;[32mex-00000019: acquiring endpoint (3 MINUTES)
&amp#27;[0;39m2023-05-08 13:18:55,434 [main] &amp#27;[39mDEBUG&amp#27;[0;39m &amp#27;[36mc.g.d.z.s.o.a.h.c.h.i.i.PoolingHttpClientConnectionManager&amp#27;[0;39m - &amp#27;[32mex-00000019: endpoint lease request (3 MINUTES) [route: {}->unix://localhost:2375][total available: 1; route allocated: 1 of 2147483647; total allocated: 1 of 2147483647]
&amp#27;[0;39m2023-05-08 13:18:55,434 [main] &amp#27;[39mDEBUG&amp#27;[0;39m &amp#27;[36mc.g.d.z.s.o.a.h.c.h.i.i.PoolingHttpClientConnectionManager&amp#27;[0;39m - &amp#27;[32mex-00000019: endpoint leased [route: {}->unix://localhost:2375][total available: 0; route allocated: 1 of 2147483647; total allocated: 1 of 2147483647]
&amp#27;[0;39m2023-05-08 13:18:55,434 [main] &amp#27;[39mDEBUG&amp#27;[0;39m &amp#27;[36mc.g.d.z.s.o.a.h.c.h.i.i.PoolingHttpClientConnectionManager&amp#27;[0;39m - &amp#27;[32mex-00000019: acquired ep-00000018
&amp#27;[0;39m2023-05-08 13:18:55,434 [main] &amp#27;[39mDEBUG&amp#27;[0;39m &amp#27;[36mc.g.d.z.s.o.a.h.c.h.i.c.InternalHttpClient&amp#27;[0;39m - &amp#27;[32mex-00000019: acquired endpoint ep-00000018
&amp#27;[0;39m2023-05-08 13:18:55,434 [main] &amp#27;[39mDEBUG&amp#27;[0;39m &amp#27;[36mc.g.d.z.s.o.a.h.c.h.i.c.MainClientExec&amp#27;[0;39m - &amp#27;[32mex-00000019: executing GET /v1.32/containers/cccfb0602d7e775562ae171a9fe0a7ec811b6906268008a84fea93151d2a7305/json HTTP/1.1
&amp#27;[0;39m2023-05-08 13:18:55,434 [main] &amp#27;[39mDEBUG&amp#27;[0;39m &amp#27;[36mc.g.d.z.s.o.a.h.c.h.i.c.InternalHttpClient&amp#27;[0;39m - &amp#27;[32mep-00000018: start execution ex-00000019
&amp#27;[0;39m2023-05-08 13:18:55,434 [main] &amp#27;[39mDEBUG&amp#27;[0;39m &amp#27;[36mc.g.d.z.s.o.a.h.c.h.i.i.PoolingHttpClientConnectionManager&amp#27;[0;39m - &amp#27;[32mep-00000018: executing exchange ex-00000019 over http-outgoing-1
&amp#27;[0;39m2023-05-08 13:18:55,435 [main] &amp#27;[39mDEBUG&amp#27;[0;39m &amp#27;[36mc.g.d.z.s.o.a.h.client5.http.headers&amp#27;[0;39m - &amp#27;[32mhttp-outgoing-1 >> GET /v1.32/containers/cccfb0602d7e775562ae171a9fe0a7ec811b6906268008a84fea93151d2a7305/json HTTP/1.1
&amp#27;[0;39m2023-05-08 13:18:55,435 [main] &amp#27;[39mDEBUG&amp#27;[0;39m &amp#27;[36mc.g.d.z.s.o.a.h.client5.http.headers&amp#27;[0;39m - &amp#27;[32mhttp-outgoing-1 >> accept: application/json
&amp#27;[0;39m2023-05-08 13:18:55,435 [main] &amp#27;[39mDEBUG&amp#27;[0;39m &amp#27;[36mc.g.d.z.s.o.a.h.client5.http.headers&amp#27;[0;39m - &amp#27;[32mhttp-outgoing-1 >> x-tc-sid: f1b696c1-ec3f-4f95-afa8-081853be7ccb
&amp#27;[0;39m2023-05-08 13:18:55,435 [main] &amp#27;[39mDEBUG&amp#27;[0;39m &amp#27;[36mc.g.d.z.s.o.a.h.client5.http.headers&amp#27;[0;39m - &amp#27;[32mhttp-outgoing-1 >> Accept-Encoding: gzip, x-gzip, deflate
&amp#27;[0;39m2023-05-08 13:18:55,435 [main] &amp#27;[39mDEBUG&amp#27;[0;39m &amp#27;[36mc.g.d.z.s.o.a.h.client5.http.headers&amp#27;[0;39m - &amp#27;[32mhttp-outgoing-1 >> Host: localhost:2375
&amp#27;[0;39m2023-05-08 13:18:55,435 [main] &amp#27;[39mDEBUG&amp#27;[0;39m &amp#27;[36mc.g.d.z.s.o.a.h.client5.http.headers&amp#27;[0;39m - &amp#27;[32mhttp-outgoing-1 >> Connection: keep-alive
&amp#27;[0;39m2023-05-08 13:18:55,435 [main] &amp#27;[39mDEBUG&amp#27;[0;39m &amp#27;[36mc.g.d.z.s.o.a.h.client5.http.headers&amp#27;[0;39m - &amp#27;[32mhttp-outgoing-1 >> User-Agent: Apache-HttpClient/5.0.3 (Java/17.0.6)
&amp#27;[0;39m2023-05-08 13:18:55,435 [main] &amp#27;[39mDEBUG&amp#27;[0;39m &amp#27;[36mc.g.d.z.s.o.a.hc.client5.http.wire&amp#27;[0;39m - &amp#27;[32mhttp-outgoing-1 >> "GET /v1.32/containers/cccfb0602d7e775562ae171a9fe0a7ec811b6906268008a84fea93151d2a7305/json HTTP/1.1[\r][\n]"
&amp#27;[0;39m2023-05-08 13:18:55,435 [main] &amp#27;[39mDEBUG&amp#27;[0;39m &amp#27;[36mc.g.d.z.s.o.a.hc.client5.http.wire&amp#27;[0;39m - &amp#27;[32mhttp-outgoing-1 >> "accept: application/json[\r][\n]"
&amp#27;[0;39m2023-05-08 13:18:55,435 [main] &amp#27;[39mDEBUG&amp#27;[0;39m &amp#27;[36mc.g.d.z.s.o.a.hc.client5.http.wire&amp#27;[0;39m - &amp#27;[32mhttp-outgoing-1 >> "x-tc-sid: f1b696c1-ec3f-4f95-afa8-081853be7ccb[\r][\n]"
&amp#27;[0;39m2023-05-08 13:18:55,435 [main] &amp#27;[39mDEBUG&amp#27;[0;39m &amp#27;[36mc.g.d.z.s.o.a.hc.client5.http.wire&amp#27;[0;39m - &amp#27;[32mhttp-outgoing-1 >> "Accept-Encoding: gzip, x-gzip, deflate[\r][\n]"
&amp#27;[0;39m2023-05-08 13:18:55,435 [main] &amp#27;[39mDEBUG&amp#27;[0;39m &amp#27;[36mc.g.d.z.s.o.a.hc.client5.http.wire&amp#27;[0;39m - &amp#27;[32mhttp-outgoing-1 >> "Host: localhost:2375[\r][\n]"
&amp#27;[0;39m2023-05-08 13:18:55,435 [main] &amp#27;[39mDEBUG&amp#27;[0;39m &amp#27;[36mc.g.d.z.s.o.a.hc.client5.http.wire&amp#27;[0;39m - &amp#27;[32mhttp-outgoing-1 >> "Connection: keep-alive[\r][\n]"
&amp#27;[0;39m2023-05-08 13:18:55,435 [main] &amp#27;[39mDEBUG&amp#27;[0;39m &amp#27;[36mc.g.d.z.s.o.a.hc.client5.http.wire&amp#27;[0;39m - &amp#27;[32mhttp-outgoing-1 >> "User-Agent: Apache-HttpClient/5.0.3 (Java/17.0.6)[\r][\n]"
&amp#27;[0;39m2023-05-08 13:18:55,435 [main] &amp#27;[39mDEBUG&amp#27;[0;39m &amp#27;[36mc.g.d.z.s.o.a.hc.client5.http.wire&amp#27;[0;39m - &amp#27;[32mhttp-outgoing-1 >> "[\r][\n]"
&amp#27;[0;39m2023-05-08 13:18:55,435 [main] &amp#27;[39mDEBUG&amp#27;[0;39m &amp#27;[36mc.g.d.z.s.o.a.hc.client5.http.wire&amp#27;[0;39m - &amp#27;[32mhttp-outgoing-1 << "HTTP/1.1 200 OK[\r][\n]"
&amp#27;[0;39m2023-05-08 13:18:55,435 [main] &amp#27;[39mDEBUG&amp#27;[0;39m &amp#27;[36mc.g.d.z.s.o.a.hc.client5.http.wire&amp#27;[0;39m - &amp#27;[32mhttp-outgoing-1 << "Api-Version: 1.42[\r][\n]"
&amp#27;[0;39m2023-05-08 13:18:55,435 [main] &amp#27;[39mDEBUG&amp#27;[0;39m &amp#27;[36mc.g.d.z.s.o.a.hc.client5.http.wire&amp#27;[0;39m - &amp#27;[32mhttp-outgoing-1 << "Content-Type: application/json[\r][\n]"
&amp#27;[0;39m2023-05-08 13:18:55,435 [main] &amp#27;[39mDEBUG&amp#27;[0;39m &amp#27;[36mc.g.d.z.s.o.a.hc.client5.http.wire&amp#27;[0;39m - &amp#27;[32mhttp-outgoing-1 << "Docker-Experimental: false[\r][\n]"
&amp#27;[0;39m2023-05-08 13:18:55,435 [main] &amp#27;[39mDEBUG&amp#27;[0;39m &amp#27;[36mc.g.d.z.s.o.a.hc.client5.http.wire&amp#27;[0;39m - &amp#27;[32mhttp-outgoing-1 << "Ostype: linux[\r][\n]"
&amp#27;[0;39m2023-05-08 13:18:55,435 [main] &amp#27;[39mDEBUG&amp#27;[0;39m &amp#27;[36mc.g.d.z.s.o.a.hc.client5.http.wire&amp#27;[0;39m - &amp#27;[32mhttp-outgoing-1 << "Server: Docker/23.0.5 (linux)[\r][\n]"
&amp#27;[0;39m2023-05-08 13:18:55,435 [main] &amp#27;[39mDEBUG&amp#27;[0;39m &amp#27;[36mc.g.d.z.s.o.a.hc.client5.http.wire&amp#27;[0;39m - &amp#27;[32mhttp-outgoing-1 << "Date: Mon, 08 May 2023 11:18:55 GMT[\r][\n]"
&amp#27;[0;39m2023-05-08 13:18:55,435 [main] &amp#27;[39mDEBUG&amp#27;[0;39m &amp#27;[36mc.g.d.z.s.o.a.hc.client5.http.wire&amp#27;[0;39m - &amp#27;[32mhttp-outgoing-1 << "Transfer-Encoding: chunked[\r][\n]"
&amp#27;[0;39m2023-05-08 13:18:55,435 [main] &amp#27;[39mDEBUG&amp#27;[0;39m &amp#27;[36mc.g.d.z.s.o.a.hc.client5.http.wire&amp#27;[0;39m - &amp#27;[32mhttp-outgoing-1 << "[\r][\n]"
&amp#27;[0;39m2023-05-08 13:18:55,435 [main] &amp#27;[39mDEBUG&amp#27;[0;39m &amp#27;[36mc.g.d.z.s.o.a.hc.client5.http.wire&amp#27;[0;39m - &amp#27;[32mhttp-outgoing-1 << "1890[\r][\n]"
&amp#27;[0;39m2023-05-08 13:18:55,436 [main] &amp#27;[39mDEBUG&amp#27;[0;39m &amp#27;[36mc.g.d.z.s.o.a.hc.client5.http.wire&amp#27;[0;39m - &amp#27;[32mhttp-outgoing-1 << "{"Id":"cccfb0602d7e775562ae171a9fe0a7ec811b6906268008a84fea93151d2a7305","Created":"2023-05-08T11:18:54.120535425Z","Path":"docker-entrypoint.sh","Args":["mysqld"],"State":{"Status":"running","Running":true,"Paused":false,"Restarting":false,"OOMKilled":false,"Dead":false,"Pid":59126,"ExitCode":0,"Error":"","StartedAt":"2023-05-08T11:18:54.468577716Z","FinishedAt":"0001-01-01T00:00:00Z"},"Image":"sha256:228d71078f8ce5ae9fd96b183f88c3a90e30544b4b7ce9d64a238d05fef2a681","ResolvConfPath":"/var/lib/docker/containers/cccfb0602d7e775562ae171a9fe0a7ec811b6906268008a84fea93151d2a7305/resolv.conf","HostnamePath":"/var/lib/docker/containers/cccfb0602d7e775562ae171a9fe0a7ec811b6906268008a84fea93151d2a7305/hostname","HostsPath":"/var/lib/docker/containers/cccfb0602d7e775562ae171a9fe0a7ec811b6906268008a84fea93151d2a7305/hosts","LogPath":"/var/lib/docker/containers/cccfb0602d7e775562ae171a9fe0a7ec811b6906268008a84fea93151d2a7305/cccfb0602d7e775562ae171a9fe0a7ec811b6906268008a84fea93151d2a7305-json.log","Name":"/charming_goodall","RestartCount":0,"Driver":"overlay2","Platform":"linux","MountLabel":"","ProcessLabel":"","AppArmorProfile":"docker-default","ExecIDs":null,"HostConfig":{"Binds":[],"ContainerIDFile":"","LogConfig":{"Type":"json-file","Config":{}},"NetworkMode":"default","PortBindings":{"3306/tcp":[{"HostIp":"","HostPort":""}]},"RestartPolicy":{"Name":"","MaximumRetryCount":0},"AutoRemove":false,"VolumeDriver":"","VolumesFrom":[],"ConsoleSize":[0,0],"CapAdd":null,"CapDrop":null,"CgroupnsMode":"private","Dns":null,"DnsOptions":null,"DnsSearch":null,"ExtraHosts":[],"GroupAdd":null,"IpcMode":"shareable","Cgroup":"","Links":null,"OomScoreAdj":0,"PidMode":"","Privileged":false,"PublishAllPorts":false,"ReadonlyRootfs":false,"SecurityOpt":null,"UTSMode":"","UsernsMode":"","ShmSize":67108864,"Runtime":"runc","Isolation":"","CpuShares":0,"Memory":0,"NanoCpus":0,"CgroupParent":"","BlkioWeight":0,"BlkioWeightDevice":null,"BlkioDeviceReadBps":null,"BlkioDeviceWriteBps":null,"BlkioDeviceReadIOps":null,"BlkioDeviceWriteIOps":null,"CpuPeriod":0,"CpuQuota":0,"CpuRealtimePeriod":0,"CpuRealtimeRuntime":0,"CpusetCpus":"","CpusetMems":"","Devices":null,"DeviceCgroupRules":null,"DeviceRequests":null,"MemoryReservation":0,"MemorySwap":0,"MemorySwappiness":null,"OomKillDisable":null,"PidsLimit":null,"Ulimits":null,"CpuCount":0,"CpuPercent":0,"IOMaximumIOps":0,"IOMaximumBandwidth":0,"MaskedPaths":["/proc/asound","/proc/acpi","/proc/kcore","/proc/keys","/proc/latency_stats","/proc/timer_list","/proc/timer_stats","/proc/sched_debug","/proc/scsi","/sys/firmware"],"ReadonlyPaths":["/proc/bus","/proc/fs","/proc/irq","/proc/sys","/proc/sysrq-trigger"]},"GraphDriver":{"Data":{"LowerDir":"/var/lib/docker/overlay2/0075f27ac39799b376a3e23bf05a650eb10c8a0f9ef49be1ab61e98fd3b93dc3-init/diff:/var/lib/docker/overlay2/4c6e20f032f02b27a9272f982861dc21998197aa90d94ed3bef95d449380247c/diff:/var/lib/docker/overlay2/0c75f828f603eff839bb3ca448163ab2a8017e86625ac255cd3dbf1673ddac26/diff:/var/lib/docker/overlay2/da128d897fda75829109844ce6cd9d73d0f54c682e735100af000ce899908729/diff:/var/lib/docker/overlay2/b678a1f261bf323afba6d76d91ab7428bdd6e1ef4a39b5224e4a1afd08c0423a/diff:/var/lib/docker/overlay2/1bec43b14875c5f9f814f146e8e31aa78566689c2c163da2ac60a32254988437/diff:/var/lib/docker/overlay2/28f4b1e6e1a7a2dbe30f1f94fb42bccd85a61faf8af1fe30a5bb0d442c525e41/diff:/var/lib/docker/overlay2/0f493124464c291d7c97d2633d5dff04b1dce5de904cb40a34dfbe7fe72e3fd4/diff:/var/lib/docker/overlay2/05befbee9e38cd670e1786b3310e99796dcc06abbed970007b4109a5424843fa/diff:/var/lib/docker/overlay2/582bcca9acfc4eef25109e1e1b9c9d104f355798455bc73e855c99283887a6e8/diff:/var/lib/docker/overlay2/153b3bf0b69e97e8f0e5533414a31ca33fa530e63d174c9617621abe46e7e9d1/diff:/var/lib/docker/overlay2/bf87a76c0a38875ee6e915fd0d2527eafa880ec6bf2c1cb294959428c18d10bd/diff","MergedDir":"/var/lib/docker/overlay2/0075f27ac39799b376a3e23bf05a650eb10c8a0f9ef49be1ab61e98fd3b93dc3/merged","UpperDir":"/var/lib/docker/overlay2/0075f27ac39799b376a3e23bf05a650eb10c8a0f9ef49be1ab61e98fd3b93dc3/diff","WorkDir":"/var/lib/docker/overlay2/0075f27ac39799b376a3e23bf05a650eb10c8a0f9ef49be1ab61e98fd3b93dc3/work"},"Name":"overlay2"},"Mounts":[{"Type":"volume","Name":"ffd30c8cc7ed7bf91bc1ebef46b0f06493ce1d3121e28c37d40240bd74b844a5","Source":"/var/lib/docker/volumes/ffd30c8cc7ed7bf91bc1ebef46b0f06493ce1d3121e28c37d40240bd74b844a5/_data","Destination":"/var/lib/mysql","Driver":"local","Mode":"","RW":true,"Propagation":""}],"Config":{"Hostname":"cccfb0602d7e","Domainname":"","User":"","AttachStdin":false,"AttachStdout":false,"AttachStderr":false,"ExposedPorts":{"3306/tcp":{}},"Tty":false,"OpenStdin":false,"StdinOnce":false,"Env":["MYSQL_DATABASE=test","MYSQL_PASSWORD=test","MYSQL_USER=test","MYSQL_ROOT_PASSWORD=test","PATH=/usr/local/sbin:/usr/local/bin:/usr/sbin:/usr/bin:/sbin:/bin","GOSU_VERSION=1.7","MYSQL_MAJOR=8.0","MYSQL_VERSION=8.0.0-dmr-1debian8"],"Cmd":["mysqld"],"Image":"mysql:8.0.0","Volumes":{"/var/lib/mysql":{}},"WorkingDir":"","Entrypoint":["docker-entrypoint.sh"],"OnBuild":null,"Labels":{"org.testcontainers":"true","org.testcontainers.lang":"java","org.testcontainers.sessionId":"f1b696c1-ec3f-4f95-afa8-081853be7ccb","org.testcontainers.version":"1.18.0"}},"NetworkSettings":{"Bridge":"","SandboxID":"75a4ef0436803615aa77c8b97de3cbbdd49519261fe2b3b6cdcae9bd2b1154aa","HairpinMode":false,"LinkLocalIPv6Address":"","LinkLocalIPv6PrefixLen":0,"Ports":{"3306/tcp":[{"HostIp":"0.0.0.0","HostPort":"32781"},{"HostIp":"::","HostPort":"32781"}]},"SandboxKey":"/var/run/docker/netns/75a4ef043680","SecondaryIPAddresses":null,"SecondaryIPv6Addresses":null,"EndpointID":"de3a5c9cc9471fdbec5943d78a8803fca61208fe4021ac9d3922ee2e8ec0d135","Gateway":"172.17.0.1","GlobalIPv6Address":"","GlobalIPv6PrefixLen":0,"IPAddress":"172.17.0.3","IPPrefixLen":16,"IPv6Gateway":"","MacAddress":"02:42:ac:11:00:03","Networks":{"bridge":{"IPAMConfig":null,"Links":null,"Aliases":null,"NetworkID":"e1a078e12eb8d77b497ed932f7fb43787eeb6ff6972febd7d03c9282b8b5cd45","EndpointID":"de3a5c9cc9471fdbec5943d78a8803fca61208fe4021ac9d3922ee2e8ec0d135","Gateway":"172.17.0.1","IPAddress":"172.17.0.3","IPPrefixLen":16,"IPv6Gateway":"","GlobalIPv6Address":"","GlobalIPv6PrefixLen":0,"MacAddress":"02:42:ac:11:00:03","DriverOpts":null}}}}[\n]"
&amp#27;[0;39m2023-05-08 13:18:55,436 [main] &amp#27;[39mDEBUG&amp#27;[0;39m &amp#27;[36mc.g.d.z.s.o.a.hc.client5.http.wire&amp#27;[0;39m - &amp#27;[32mhttp-outgoing-1 << "[\r][\n]"
&amp#27;[0;39m2023-05-08 13:18:55,436 [main] &amp#27;[39mDEBUG&amp#27;[0;39m &amp#27;[36mc.g.d.z.s.o.a.hc.client5.http.wire&amp#27;[0;39m - &amp#27;[32mhttp-outgoing-1 << "0[\r][\n]"
&amp#27;[0;39m2023-05-08 13:18:55,436 [main] &amp#27;[39mDEBUG&amp#27;[0;39m &amp#27;[36mc.g.d.z.s.o.a.hc.client5.http.wire&amp#27;[0;39m - &amp#27;[32mhttp-outgoing-1 << "[\r][\n]"
&amp#27;[0;39m2023-05-08 13:18:55,436 [main] &amp#27;[39mDEBUG&amp#27;[0;39m &amp#27;[36mc.g.d.z.s.o.a.h.client5.http.headers&amp#27;[0;39m - &amp#27;[32mhttp-outgoing-1 << HTTP/1.1 200 OK
&amp#27;[0;39m2023-05-08 13:18:55,436 [main] &amp#27;[39mDEBUG&amp#27;[0;39m &amp#27;[36mc.g.d.z.s.o.a.h.client5.http.headers&amp#27;[0;39m - &amp#27;[32mhttp-outgoing-1 << Api-Version: 1.42
&amp#27;[0;39m2023-05-08 13:18:55,436 [main] &amp#27;[39mDEBUG&amp#27;[0;39m &amp#27;[36mc.g.d.z.s.o.a.h.client5.http.headers&amp#27;[0;39m - &amp#27;[32mhttp-outgoing-1 << Content-Type: application/json
&amp#27;[0;39m2023-05-08 13:18:55,436 [main] &amp#27;[39mDEBUG&amp#27;[0;39m &amp#27;[36mc.g.d.z.s.o.a.h.client5.http.headers&amp#27;[0;39m - &amp#27;[32mhttp-outgoing-1 << Docker-Experimental: false
&amp#27;[0;39m2023-05-08 13:18:55,436 [main] &amp#27;[39mDEBUG&amp#27;[0;39m &amp#27;[36mc.g.d.z.s.o.a.h.client5.http.headers&amp#27;[0;39m - &amp#27;[32mhttp-outgoing-1 << Ostype: linux
&amp#27;[0;39m2023-05-08 13:18:55,436 [main] &amp#27;[39mDEBUG&amp#27;[0;39m &amp#27;[36mc.g.d.z.s.o.a.h.client5.http.headers&amp#27;[0;39m - &amp#27;[32mhttp-outgoing-1 << Server: Docker/23.0.5 (linux)
&amp#27;[0;39m2023-05-08 13:18:55,436 [main] &amp#27;[39mDEBUG&amp#27;[0;39m &amp#27;[36mc.g.d.z.s.o.a.h.client5.http.headers&amp#27;[0;39m - &amp#27;[32mhttp-outgoing-1 << Date: Mon, 08 May 2023 11:18:55 GMT
&amp#27;[0;39m2023-05-08 13:18:55,436 [main] &amp#27;[39mDEBUG&amp#27;[0;39m &amp#27;[36mc.g.d.z.s.o.a.h.client5.http.headers&amp#27;[0;39m - &amp#27;[32mhttp-outgoing-1 << Transfer-Encoding: chunked
&amp#27;[0;39m2023-05-08 13:18:55,436 [main] &amp#27;[39mDEBUG&amp#27;[0;39m &amp#27;[36mc.g.d.z.s.o.a.h.c.h.i.c.MainClientExec&amp#27;[0;39m - &amp#27;[32mex-00000019: connection can be kept alive for 3 MINUTES
&amp#27;[0;39m2023-05-08 13:18:55,437 [main] &amp#27;[39mDEBUG&amp#27;[0;39m &amp#27;[36mc.g.d.z.s.o.a.h.c.h.i.c.InternalHttpClient&amp#27;[0;39m - &amp#27;[32mep-00000018: releasing valid endpoint
&amp#27;[0;39m2023-05-08 13:18:55,437 [main] &amp#27;[39mDEBUG&amp#27;[0;39m &amp#27;[36mc.g.d.z.s.o.a.h.c.h.i.i.PoolingHttpClientConnectionManager&amp#27;[0;39m - &amp#27;[32mep-00000018: releasing endpoint
&amp#27;[0;39m2023-05-08 13:18:55,437 [main] &amp#27;[39mDEBUG&amp#27;[0;39m &amp#27;[36mc.g.d.z.s.o.a.h.c.h.i.i.PoolingHttpClientConnectionManager&amp#27;[0;39m - &amp#27;[32mep-00000018: connection http-outgoing-1 can be kept alive for 3 MINUTES
&amp#27;[0;39m2023-05-08 13:18:55,438 [main] &amp#27;[39mDEBUG&amp#27;[0;39m &amp#27;[36mc.g.d.z.s.o.a.h.c.h.i.i.PoolingHttpClientConnectionManager&amp#27;[0;39m - &amp#27;[32mep-00000018: connection released [route: {}->unix://localhost:2375][total available: 1; route allocated: 1 of 2147483647; total allocated: 1 of 2147483647]
&amp#27;[0;39m2023-05-08 13:18:55,438 [main] &amp#27;[39mDEBUG&amp#27;[0;39m &amp#27;[36mtc.mysql:8.0.0&amp#27;[0;39m - &amp#27;[32mTrying to create JDBC connection using com.mysql.cj.jdbc.Driver to jdbc:mysql://localhost:32781/test?useSSL=false&allowPublicKeyRetrieval=true with properties: {password=test, user=test}
&amp#27;[0;39m2023-05-08 13:18:55,539 [main] &amp#27;[39mDEBUG&amp#27;[0;39m &amp#27;[36mo.t.s.c.g.d.c.command.AbstrDockerCmd&amp#27;[0;39m - &amp#27;[32mCmd: cccfb0602d7e775562ae171a9fe0a7ec811b6906268008a84fea93151d2a7305,false
&amp#27;[0;39m2023-05-08 13:18:55,539 [main] &amp#27;[39mDEBUG&amp#27;[0;39m &amp#27;[36mo.t.s.c.g.d.c.e.InspectContainerCmdExec&amp#27;[0;39m - &amp#27;[32mGET: DefaultWebTarget{path=[/containers/cccfb0602d7e775562ae171a9fe0a7ec811b6906268008a84fea93151d2a7305/json], queryParams={}}
&amp#27;[0;39m2023-05-08 13:18:55,539 [main] &amp#27;[39mDEBUG&amp#27;[0;39m &amp#27;[36mc.g.d.z.s.o.a.h.c.h.i.c.InternalHttpClient&amp#27;[0;39m - &amp#27;[32mex-0000001A: preparing request execution
&amp#27;[0;39m2023-05-08 13:18:55,540 [main] &amp#27;[39mDEBUG&amp#27;[0;39m &amp#27;[36mc.g.d.z.s.o.a.h.c.h.p.RequestAddCookies&amp#27;[0;39m - &amp#27;[32mCookie spec selected: strict
&amp#27;[0;39m2023-05-08 13:18:55,540 [main] &amp#27;[39mDEBUG&amp#27;[0;39m &amp#27;[36mc.g.d.z.s.o.a.h.c.h.p.RequestAuthCache&amp#27;[0;39m - &amp#27;[32mAuth cache not set in the context
&amp#27;[0;39m2023-05-08 13:18:55,540 [main] &amp#27;[39mDEBUG&amp#27;[0;39m &amp#27;[36mc.g.d.z.s.o.a.h.c.h.i.c.ProtocolExec&amp#27;[0;39m - &amp#27;[32mex-0000001A: target auth state: UNCHALLENGED
&amp#27;[0;39m2023-05-08 13:18:55,540 [main] &amp#27;[39mDEBUG&amp#27;[0;39m &amp#27;[36mc.g.d.z.s.o.a.h.c.h.i.c.ProtocolExec&amp#27;[0;39m - &amp#27;[32mex-0000001A: proxy auth state: UNCHALLENGED
&amp#27;[0;39m2023-05-08 13:18:55,540 [main] &amp#27;[39mDEBUG&amp#27;[0;39m &amp#27;[36mc.g.d.z.s.o.a.h.c.h.i.c.ConnectExec&amp#27;[0;39m - &amp#27;[32mex-0000001A: acquiring connection with route {}->unix://localhost:2375
&amp#27;[0;39m2023-05-08 13:18:55,540 [main] &amp#27;[39mDEBUG&amp#27;[0;39m &amp#27;[36mc.g.d.z.s.o.a.h.c.h.i.c.InternalHttpClient&amp#27;[0;39m - &amp#27;[32mex-0000001A: acquiring endpoint (3 MINUTES)
&amp#27;[0;39m2023-05-08 13:18:55,540 [main] &amp#27;[39mDEBUG&amp#27;[0;39m &amp#27;[36mc.g.d.z.s.o.a.h.c.h.i.i.PoolingHttpClientConnectionManager&amp#27;[0;39m - &amp#27;[32mex-0000001A: endpoint lease request (3 MINUTES) [route: {}->unix://localhost:2375][total available: 1; route allocated: 1 of 2147483647; total allocated: 1 of 2147483647]
&amp#27;[0;39m2023-05-08 13:18:55,540 [main] &amp#27;[39mDEBUG&amp#27;[0;39m &amp#27;[36mc.g.d.z.s.o.a.h.c.h.i.i.PoolingHttpClientConnectionManager&amp#27;[0;39m - &amp#27;[32mex-0000001A: endpoint leased [route: {}->unix://localhost:2375][total available: 0; route allocated: 1 of 2147483647; total allocated: 1 of 2147483647]
&amp#27;[0;39m2023-05-08 13:18:55,540 [main] &amp#27;[39mDEBUG&amp#27;[0;39m &amp#27;[36mc.g.d.z.s.o.a.h.c.h.i.i.PoolingHttpClientConnectionManager&amp#27;[0;39m - &amp#27;[32mex-0000001A: acquired ep-00000019
&amp#27;[0;39m2023-05-08 13:18:55,540 [main] &amp#27;[39mDEBUG&amp#27;[0;39m &amp#27;[36mc.g.d.z.s.o.a.h.c.h.i.c.InternalHttpClient&amp#27;[0;39m - &amp#27;[32mex-0000001A: acquired endpoint ep-00000019
&amp#27;[0;39m2023-05-08 13:18:55,540 [main] &amp#27;[39mDEBUG&amp#27;[0;39m &amp#27;[36mc.g.d.z.s.o.a.h.c.h.i.c.MainClientExec&amp#27;[0;39m - &amp#27;[32mex-0000001A: executing GET /v1.32/containers/cccfb0602d7e775562ae171a9fe0a7ec811b6906268008a84fea93151d2a7305/json HTTP/1.1
&amp#27;[0;39m2023-05-08 13:18:55,540 [main] &amp#27;[39mDEBUG&amp#27;[0;39m &amp#27;[36mc.g.d.z.s.o.a.h.c.h.i.c.InternalHttpClient&amp#27;[0;39m - &amp#27;[32mep-00000019: start execution ex-0000001A
&amp#27;[0;39m2023-05-08 13:18:55,540 [main] &amp#27;[39mDEBUG&amp#27;[0;39m &amp#27;[36mc.g.d.z.s.o.a.h.c.h.i.i.PoolingHttpClientConnectionManager&amp#27;[0;39m - &amp#27;[32mep-00000019: executing exchange ex-0000001A over http-outgoing-1
&amp#27;[0;39m2023-05-08 13:18:55,540 [main] &amp#27;[39mDEBUG&amp#27;[0;39m &amp#27;[36mc.g.d.z.s.o.a.h.client5.http.headers&amp#27;[0;39m - &amp#27;[32mhttp-outgoing-1 >> GET /v1.32/containers/cccfb0602d7e775562ae171a9fe0a7ec811b6906268008a84fea93151d2a7305/json HTTP/1.1
&amp#27;[0;39m2023-05-08 13:18:55,540 [main] &amp#27;[39mDEBUG&amp#27;[0;39m &amp#27;[36mc.g.d.z.s.o.a.h.client5.http.headers&amp#27;[0;39m - &amp#27;[32mhttp-outgoing-1 >> accept: application/json
&amp#27;[0;39m2023-05-08 13:18:55,540 [main] &amp#27;[39mDEBUG&amp#27;[0;39m &amp#27;[36mc.g.d.z.s.o.a.h.client5.http.headers&amp#27;[0;39m - &amp#27;[32mhttp-outgoing-1 >> x-tc-sid: f1b696c1-ec3f-4f95-afa8-081853be7ccb
&amp#27;[0;39m2023-05-08 13:18:55,540 [main] &amp#27;[39mDEBUG&amp#27;[0;39m &amp#27;[36mc.g.d.z.s.o.a.h.client5.http.headers&amp#27;[0;39m - &amp#27;[32mhttp-outgoing-1 >> Accept-Encoding: gzip, x-gzip, deflate
&amp#27;[0;39m2023-05-08 13:18:55,540 [main] &amp#27;[39mDEBUG&amp#27;[0;39m &amp#27;[36mc.g.d.z.s.o.a.h.client5.http.headers&amp#27;[0;39m - &amp#27;[32mhttp-outgoing-1 >> Host: localhost:2375
&amp#27;[0;39m2023-05-08 13:18:55,540 [main] &amp#27;[39mDEBUG&amp#27;[0;39m &amp#27;[36mc.g.d.z.s.o.a.h.client5.http.headers&amp#27;[0;39m - &amp#27;[32mhttp-outgoing-1 >> Connection: keep-alive
&amp#27;[0;39m2023-05-08 13:18:55,540 [main] &amp#27;[39mDEBUG&amp#27;[0;39m &amp#27;[36mc.g.d.z.s.o.a.h.client5.http.headers&amp#27;[0;39m - &amp#27;[32mhttp-outgoing-1 >> User-Agent: Apache-HttpClient/5.0.3 (Java/17.0.6)
&amp#27;[0;39m2023-05-08 13:18:55,540 [main] &amp#27;[39mDEBUG&amp#27;[0;39m &amp#27;[36mc.g.d.z.s.o.a.hc.client5.http.wire&amp#27;[0;39m - &amp#27;[32mhttp-outgoing-1 >> "GET /v1.32/containers/cccfb0602d7e775562ae171a9fe0a7ec811b6906268008a84fea93151d2a7305/json HTTP/1.1[\r][\n]"
&amp#27;[0;39m2023-05-08 13:18:55,540 [main] &amp#27;[39mDEBUG&amp#27;[0;39m &amp#27;[36mc.g.d.z.s.o.a.hc.client5.http.wire&amp#27;[0;39m - &amp#27;[32mhttp-outgoing-1 >> "accept: application/json[\r][\n]"
&amp#27;[0;39m2023-05-08 13:18:55,540 [main] &amp#27;[39mDEBUG&amp#27;[0;39m &amp#27;[36mc.g.d.z.s.o.a.hc.client5.http.wire&amp#27;[0;39m - &amp#27;[32mhttp-outgoing-1 >> "x-tc-sid: f1b696c1-ec3f-4f95-afa8-081853be7ccb[\r][\n]"
&amp#27;[0;39m2023-05-08 13:18:55,540 [main] &amp#27;[39mDEBUG&amp#27;[0;39m &amp#27;[36mc.g.d.z.s.o.a.hc.client5.http.wire&amp#27;[0;39m - &amp#27;[32mhttp-outgoing-1 >> "Accept-Encoding: gzip, x-gzip, deflate[\r][\n]"
&amp#27;[0;39m2023-05-08 13:18:55,540 [main] &amp#27;[39mDEBUG&amp#27;[0;39m &amp#27;[36mc.g.d.z.s.o.a.hc.client5.http.wire&amp#27;[0;39m - &amp#27;[32mhttp-outgoing-1 >> "Host: localhost:2375[\r][\n]"
&amp#27;[0;39m2023-05-08 13:18:55,540 [main] &amp#27;[39mDEBUG&amp#27;[0;39m &amp#27;[36mc.g.d.z.s.o.a.hc.client5.http.wire&amp#27;[0;39m - &amp#27;[32mhttp-outgoing-1 >> "Connection: keep-alive[\r][\n]"
&amp#27;[0;39m2023-05-08 13:18:55,540 [main] &amp#27;[39mDEBUG&amp#27;[0;39m &amp#27;[36mc.g.d.z.s.o.a.hc.client5.http.wire&amp#27;[0;39m - &amp#27;[32mhttp-outgoing-1 >> "User-Agent: Apache-HttpClient/5.0.3 (Java/17.0.6)[\r][\n]"
&amp#27;[0;39m2023-05-08 13:18:55,540 [main] &amp#27;[39mDEBUG&amp#27;[0;39m &amp#27;[36mc.g.d.z.s.o.a.hc.client5.http.wire&amp#27;[0;39m - &amp#27;[32mhttp-outgoing-1 >> "[\r][\n]"
&amp#27;[0;39m2023-05-08 13:18:55,540 [main] &amp#27;[39mDEBUG&amp#27;[0;39m &amp#27;[36mc.g.d.z.s.o.a.hc.client5.http.wire&amp#27;[0;39m - &amp#27;[32mhttp-outgoing-1 << "HTTP/1.1 200 OK[\r][\n]"
&amp#27;[0;39m2023-05-08 13:18:55,540 [main] &amp#27;[39mDEBUG&amp#27;[0;39m &amp#27;[36mc.g.d.z.s.o.a.hc.client5.http.wire&amp#27;[0;39m - &amp#27;[32mhttp-outgoing-1 << "Api-Version: 1.42[\r][\n]"
&amp#27;[0;39m2023-05-08 13:18:55,540 [main] &amp#27;[39mDEBUG&amp#27;[0;39m &amp#27;[36mc.g.d.z.s.o.a.hc.client5.http.wire&amp#27;[0;39m - &amp#27;[32mhttp-outgoing-1 << "Content-Type: application/json[\r][\n]"
&amp#27;[0;39m2023-05-08 13:18:55,540 [main] &amp#27;[39mDEBUG&amp#27;[0;39m &amp#27;[36mc.g.d.z.s.o.a.hc.client5.http.wire&amp#27;[0;39m - &amp#27;[32mhttp-outgoing-1 << "Docker-Experimental: false[\r][\n]"
&amp#27;[0;39m2023-05-08 13:18:55,541 [main] &amp#27;[39mDEBUG&amp#27;[0;39m &amp#27;[36mc.g.d.z.s.o.a.hc.client5.http.wire&amp#27;[0;39m - &amp#27;[32mhttp-outgoing-1 << "Ostype: linux[\r][\n]"
&amp#27;[0;39m2023-05-08 13:18:55,541 [main] &amp#27;[39mDEBUG&amp#27;[0;39m &amp#27;[36mc.g.d.z.s.o.a.hc.client5.http.wire&amp#27;[0;39m - &amp#27;[32mhttp-outgoing-1 << "Server: Docker/23.0.5 (linux)[\r][\n]"
&amp#27;[0;39m2023-05-08 13:18:55,541 [main] &amp#27;[39mDEBUG&amp#27;[0;39m &amp#27;[36mc.g.d.z.s.o.a.hc.client5.http.wire&amp#27;[0;39m - &amp#27;[32mhttp-outgoing-1 << "Date: Mon, 08 May 2023 11:18:55 GMT[\r][\n]"
&amp#27;[0;39m2023-05-08 13:18:55,541 [main] &amp#27;[39mDEBUG&amp#27;[0;39m &amp#27;[36mc.g.d.z.s.o.a.hc.client5.http.wire&amp#27;[0;39m - &amp#27;[32mhttp-outgoing-1 << "Transfer-Encoding: chunked[\r][\n]"
&amp#27;[0;39m2023-05-08 13:18:55,541 [main] &amp#27;[39mDEBUG&amp#27;[0;39m &amp#27;[36mc.g.d.z.s.o.a.hc.client5.http.wire&amp#27;[0;39m - &amp#27;[32mhttp-outgoing-1 << "[\r][\n]"
&amp#27;[0;39m2023-05-08 13:18:55,541 [main] &amp#27;[39mDEBUG&amp#27;[0;39m &amp#27;[36mc.g.d.z.s.o.a.hc.client5.http.wire&amp#27;[0;39m - &amp#27;[32mhttp-outgoing-1 << "1890[\r][\n]"
&amp#27;[0;39m2023-05-08 13:18:55,541 [main] &amp#27;[39mDEBUG&amp#27;[0;39m &amp#27;[36mc.g.d.z.s.o.a.hc.client5.http.wire&amp#27;[0;39m - &amp#27;[32mhttp-outgoing-1 << "{"Id":"cccfb0602d7e775562ae171a9fe0a7ec811b6906268008a84fea93151d2a7305","Created":"2023-05-08T11:18:54.120535425Z","Path":"docker-entrypoint.sh","Args":["mysqld"],"State":{"Status":"running","Running":true,"Paused":false,"Restarting":false,"OOMKilled":false,"Dead":false,"Pid":59126,"ExitCode":0,"Error":"","StartedAt":"2023-05-08T11:18:54.468577716Z","FinishedAt":"0001-01-01T00:00:00Z"},"Image":"sha256:228d71078f8ce5ae9fd96b183f88c3a90e30544b4b7ce9d64a238d05fef2a681","ResolvConfPath":"/var/lib/docker/containers/cccfb0602d7e775562ae171a9fe0a7ec811b6906268008a84fea93151d2a7305/resolv.conf","HostnamePath":"/var/lib/docker/containers/cccfb0602d7e775562ae171a9fe0a7ec811b6906268008a84fea93151d2a7305/hostname","HostsPath":"/var/lib/docker/containers/cccfb0602d7e775562ae171a9fe0a7ec811b6906268008a84fea93151d2a7305/hosts","LogPath":"/var/lib/docker/containers/cccfb0602d7e775562ae171a9fe0a7ec811b6906268008a84fea93151d2a7305/cccfb0602d7e775562ae171a9fe0a7ec811b6906268008a84fea93151d2a7305-json.log","Name":"/charming_goodall","RestartCount":0,"Driver":"overlay2","Platform":"linux","MountLabel":"","ProcessLabel":"","AppArmorProfile":"docker-default","ExecIDs":null,"HostConfig":{"Binds":[],"ContainerIDFile":"","LogConfig":{"Type":"json-file","Config":{}},"NetworkMode":"default","PortBindings":{"3306/tcp":[{"HostIp":"","HostPort":""}]},"RestartPolicy":{"Name":"","MaximumRetryCount":0},"AutoRemove":false,"VolumeDriver":"","VolumesFrom":[],"ConsoleSize":[0,0],"CapAdd":null,"CapDrop":null,"CgroupnsMode":"private","Dns":null,"DnsOptions":null,"DnsSearch":null,"ExtraHosts":[],"GroupAdd":null,"IpcMode":"shareable","Cgroup":"","Links":null,"OomScoreAdj":0,"PidMode":"","Privileged":false,"PublishAllPorts":false,"ReadonlyRootfs":false,"SecurityOpt":null,"UTSMode":"","UsernsMode":"","ShmSize":67108864,"Runtime":"runc","Isolation":"","CpuShares":0,"Memory":0,"NanoCpus":0,"CgroupParent":"","BlkioWeight":0,"BlkioWeightDevice":null,"BlkioDeviceReadBps":null,"BlkioDeviceWriteBps":null,"BlkioDeviceReadIOps":null,"BlkioDeviceWriteIOps":null,"CpuPeriod":0,"CpuQuota":0,"CpuRealtimePeriod":0,"CpuRealtimeRuntime":0,"CpusetCpus":"","CpusetMems":"","Devices":null,"DeviceCgroupRules":null,"DeviceRequests":null,"MemoryReservation":0,"MemorySwap":0,"MemorySwappiness":null,"OomKillDisable":null,"PidsLimit":null,"Ulimits":null,"CpuCount":0,"CpuPercent":0,"IOMaximumIOps":0,"IOMaximumBandwidth":0,"MaskedPaths":["/proc/asound","/proc/acpi","/proc/kcore","/proc/keys","/proc/latency_stats","/proc/timer_list","/proc/timer_stats","/proc/sched_debug","/proc/scsi","/sys/firmware"],"ReadonlyPaths":["/proc/bus","/proc/fs","/proc/irq","/proc/sys","/proc/sysrq-trigger"]},"GraphDriver":{"Data":{"LowerDir":"/var/lib/docker/overlay2/0075f27ac39799b376a3e23bf05a650eb10c8a0f9ef49be1ab61e98fd3b93dc3-init/diff:/var/lib/docker/overlay2/4c6e20f032f02b27a9272f982861dc21998197aa90d94ed3bef95d449380247c/diff:/var/lib/docker/overlay2/0c75f828f603eff839bb3ca448163ab2a8017e86625ac255cd3dbf1673ddac26/diff:/var/lib/docker/overlay2/da128d897fda75829109844ce6cd9d73d0f54c682e735100af000ce899908729/diff:/var/lib/docker/overlay2/b678a1f261bf323afba6d76d91ab7428bdd6e1ef4a39b5224e4a1afd08c0423a/diff:/var/lib/docker/overlay2/1bec43b14875c5f9f814f146e8e31aa78566689c2c163da2ac60a32254988437/diff:/var/lib/docker/overlay2/28f4b1e6e1a7a2dbe30f1f94fb42bccd85a61faf8af1fe30a5bb0d442c525e41/diff:/var/lib/docker/overlay2/0f493124464c291d7c97d2633d5dff04b1dce5de904cb40a34dfbe7fe72e3fd4/diff:/var/lib/docker/overlay2/05befbee9e38cd670e1786b3310e99796dcc06abbed970007b4109a5424843fa/diff:/var/lib/docker/overlay2/582bcca9acfc4eef25109e1e1b9c9d104f355798455bc73e855c99283887a6e8/diff:/var/lib/docker/overlay2/153b3bf0b69e97e8f0e5533414a31ca33fa530e63d174c9617621abe46e7e9d1/diff:/var/lib/docker/overlay2/bf87a76c0a38875ee6e915fd0d2527eafa880ec6bf2c1cb294959428c18d10bd/diff","MergedDir":"/var/lib/docker/overlay2/0075f27ac39799b376a3e23bf05a650eb10c8a0f9ef49be1ab61e98fd3b93dc3/merged","UpperDir":"/var/lib/docker/overlay2/0075f27ac39799b376a3e23bf05a650eb10c8a0f9ef49be1ab61e98fd3b93dc3/diff","WorkDir":"/var/lib/docker/overlay2/0075f27ac39799b376a3e23bf05a650eb10c8a0f9ef49be1ab61e98fd3b93dc3/work"},"Name":"overlay2"},"Mounts":[{"Type":"volume","Name":"ffd30c8cc7ed7bf91bc1ebef46b0f06493ce1d3121e28c37d40240bd74b844a5","Source":"/var/lib/docker/volumes/ffd30c8cc7ed7bf91bc1ebef46b0f06493ce1d3121e28c37d40240bd74b844a5/_data","Destination":"/var/lib/mysql","Driver":"local","Mode":"","RW":true,"Propagation":""}],"Config":{"Hostname":"cccfb0602d7e","Domainname":"","User":"","AttachStdin":false,"AttachStdout":false,"AttachStderr":false,"ExposedPorts":{"3306/tcp":{}},"Tty":false,"OpenStdin":false,"StdinOnce":false,"Env":["MYSQL_DATABASE=test","MYSQL_PASSWORD=test","MYSQL_USER=test","MYSQL_ROOT_PASSWORD=test","PATH=/usr/local/sbin:/usr/local/bin:/usr/sbin:/usr/bin:/sbin:/bin","GOSU_VERSION=1.7","MYSQL_MAJOR=8.0","MYSQL_VERSION=8.0.0-dmr-1debian8"],"Cmd":["mysqld"],"Image":"mysql:8.0.0","Volumes":{"/var/lib/mysql":{}},"WorkingDir":"","Entrypoint":["docker-entrypoint.sh"],"OnBuild":null,"Labels":{"org.testcontainers":"true","org.testcontainers.lang":"java","org.testcontainers.sessionId":"f1b696c1-ec3f-4f95-afa8-081853be7ccb","org.testcontainers.version":"1.18.0"}},"NetworkSettings":{"Bridge":"","SandboxID":"75a4ef0436803615aa77c8b97de3cbbdd49519261fe2b3b6cdcae9bd2b1154aa","HairpinMode":false,"LinkLocalIPv6Address":"","LinkLocalIPv6PrefixLen":0,"Ports":{"3306/tcp":[{"HostIp":"0.0.0.0","HostPort":"32781"},{"HostIp":"::","HostPort":"32781"}]},"SandboxKey":"/var/run/docker/netns/75a4ef043680","SecondaryIPAddresses":null,"SecondaryIPv6Addresses":null,"EndpointID":"de3a5c9cc9471fdbec5943d78a8803fca61208fe4021ac9d3922ee2e8ec0d135","Gateway":"172.17.0.1","GlobalIPv6Address":"","GlobalIPv6PrefixLen":0,"IPAddress":"172.17.0.3","IPPrefixLen":16,"IPv6Gateway":"","MacAddress":"02:42:ac:11:00:03","Networks":{"bridge":{"IPAMConfig":null,"Links":null,"Aliases":null,"NetworkID":"e1a078e12eb8d77b497ed932f7fb43787eeb6ff6972febd7d03c9282b8b5cd45","EndpointID":"de3a5c9cc9471fdbec5943d78a8803fca61208fe4021ac9d3922ee2e8ec0d135","Gateway":"172.17.0.1","IPAddress":"172.17.0.3","IPPrefixLen":16,"IPv6Gateway":"","GlobalIPv6Address":"","GlobalIPv6PrefixLen":0,"MacAddress":"02:42:ac:11:00:03","DriverOpts":null}}}}[\n]"
&amp#27;[0;39m2023-05-08 13:18:55,541 [main] &amp#27;[39mDEBUG&amp#27;[0;39m &amp#27;[36mc.g.d.z.s.o.a.hc.client5.http.wire&amp#27;[0;39m - &amp#27;[32mhttp-outgoing-1 << "[\r][\n]"
&amp#27;[0;39m2023-05-08 13:18:55,541 [main] &amp#27;[39mDEBUG&amp#27;[0;39m &amp#27;[36mc.g.d.z.s.o.a.hc.client5.http.wire&amp#27;[0;39m - &amp#27;[32mhttp-outgoing-1 << "0[\r][\n]"
&amp#27;[0;39m2023-05-08 13:18:55,541 [main] &amp#27;[39mDEBUG&amp#27;[0;39m &amp#27;[36mc.g.d.z.s.o.a.hc.client5.http.wire&amp#27;[0;39m - &amp#27;[32mhttp-outgoing-1 << "[\r][\n]"
&amp#27;[0;39m2023-05-08 13:18:55,541 [main] &amp#27;[39mDEBUG&amp#27;[0;39m &amp#27;[36mc.g.d.z.s.o.a.h.client5.http.headers&amp#27;[0;39m - &amp#27;[32mhttp-outgoing-1 << HTTP/1.1 200 OK
&amp#27;[0;39m2023-05-08 13:18:55,541 [main] &amp#27;[39mDEBUG&amp#27;[0;39m &amp#27;[36mc.g.d.z.s.o.a.h.client5.http.headers&amp#27;[0;39m - &amp#27;[32mhttp-outgoing-1 << Api-Version: 1.42
&amp#27;[0;39m2023-05-08 13:18:55,541 [main] &amp#27;[39mDEBUG&amp#27;[0;39m &amp#27;[36mc.g.d.z.s.o.a.h.client5.http.headers&amp#27;[0;39m - &amp#27;[32mhttp-outgoing-1 << Content-Type: application/json
&amp#27;[0;39m2023-05-08 13:18:55,541 [main] &amp#27;[39mDEBUG&amp#27;[0;39m &amp#27;[36mc.g.d.z.s.o.a.h.client5.http.headers&amp#27;[0;39m - &amp#27;[32mhttp-outgoing-1 << Docker-Experimental: false
&amp#27;[0;39m2023-05-08 13:18:55,541 [main] &amp#27;[39mDEBUG&amp#27;[0;39m &amp#27;[36mc.g.d.z.s.o.a.h.client5.http.headers&amp#27;[0;39m - &amp#27;[32mhttp-outgoing-1 << Ostype: linux
&amp#27;[0;39m2023-05-08 13:18:55,541 [main] &amp#27;[39mDEBUG&amp#27;[0;39m &amp#27;[36mc.g.d.z.s.o.a.h.client5.http.headers&amp#27;[0;39m - &amp#27;[32mhttp-outgoing-1 << Server: Docker/23.0.5 (linux)
&amp#27;[0;39m2023-05-08 13:18:55,541 [main] &amp#27;[39mDEBUG&amp#27;[0;39m &amp#27;[36mc.g.d.z.s.o.a.h.client5.http.headers&amp#27;[0;39m - &amp#27;[32mhttp-outgoing-1 << Date: Mon, 08 May 2023 11:18:55 GMT
&amp#27;[0;39m2023-05-08 13:18:55,541 [main] &amp#27;[39mDEBUG&amp#27;[0;39m &amp#27;[36mc.g.d.z.s.o.a.h.client5.http.headers&amp#27;[0;39m - &amp#27;[32mhttp-outgoing-1 << Transfer-Encoding: chunked
&amp#27;[0;39m2023-05-08 13:18:55,541 [main] &amp#27;[39mDEBUG&amp#27;[0;39m &amp#27;[36mc.g.d.z.s.o.a.h.c.h.i.c.MainClientExec&amp#27;[0;39m - &amp#27;[32mex-0000001A: connection can be kept alive for 3 MINUTES
&amp#27;[0;39m2023-05-08 13:18:55,542 [main] &amp#27;[39mDEBUG&amp#27;[0;39m &amp#27;[36mc.g.d.z.s.o.a.h.c.h.i.c.InternalHttpClient&amp#27;[0;39m - &amp#27;[32mep-00000019: releasing valid endpoint
&amp#27;[0;39m2023-05-08 13:18:55,542 [main] &amp#27;[39mDEBUG&amp#27;[0;39m &amp#27;[36mc.g.d.z.s.o.a.h.c.h.i.i.PoolingHttpClientConnectionManager&amp#27;[0;39m - &amp#27;[32mep-00000019: releasing endpoint
&amp#27;[0;39m2023-05-08 13:18:55,542 [main] &amp#27;[39mDEBUG&amp#27;[0;39m &amp#27;[36mc.g.d.z.s.o.a.h.c.h.i.i.PoolingHttpClientConnectionManager&amp#27;[0;39m - &amp#27;[32mep-00000019: connection http-outgoing-1 can be kept alive for 3 MINUTES
&amp#27;[0;39m2023-05-08 13:18:55,542 [main] &amp#27;[39mDEBUG&amp#27;[0;39m &amp#27;[36mc.g.d.z.s.o.a.h.c.h.i.i.PoolingHttpClientConnectionManager&amp#27;[0;39m - &amp#27;[32mep-00000019: connection released [route: {}->unix://localhost:2375][total available: 1; route allocated: 1 of 2147483647; total allocated: 1 of 2147483647]
&amp#27;[0;39m2023-05-08 13:18:55,542 [main] &amp#27;[39mDEBUG&amp#27;[0;39m &amp#27;[36mtc.mysql:8.0.0&amp#27;[0;39m - &amp#27;[32mTrying to create JDBC connection using com.mysql.cj.jdbc.Driver to jdbc:mysql://localhost:32781/test?useSSL=false&allowPublicKeyRetrieval=true with properties: {password=test, user=test}
&amp#27;[0;39m2023-05-08 13:18:55,643 [main] &amp#27;[39mDEBUG&amp#27;[0;39m &amp#27;[36mo.t.s.c.g.d.c.command.AbstrDockerCmd&amp#27;[0;39m - &amp#27;[32mCmd: cccfb0602d7e775562ae171a9fe0a7ec811b6906268008a84fea93151d2a7305,false
&amp#27;[0;39m2023-05-08 13:18:55,644 [main] &amp#27;[39mDEBUG&amp#27;[0;39m &amp#27;[36mo.t.s.c.g.d.c.e.InspectContainerCmdExec&amp#27;[0;39m - &amp#27;[32mGET: DefaultWebTarget{path=[/containers/cccfb0602d7e775562ae171a9fe0a7ec811b6906268008a84fea93151d2a7305/json], queryParams={}}
&amp#27;[0;39m2023-05-08 13:18:55,644 [main] &amp#27;[39mDEBUG&amp#27;[0;39m &amp#27;[36mc.g.d.z.s.o.a.h.c.h.i.c.InternalHttpClient&amp#27;[0;39m - &amp#27;[32mex-0000001B: preparing request execution
&amp#27;[0;39m2023-05-08 13:18:55,644 [main] &amp#27;[39mDEBUG&amp#27;[0;39m &amp#27;[36mc.g.d.z.s.o.a.h.c.h.p.RequestAddCookies&amp#27;[0;39m - &amp#27;[32mCookie spec selected: strict
&amp#27;[0;39m2023-05-08 13:18:55,644 [main] &amp#27;[39mDEBUG&amp#27;[0;39m &amp#27;[36mc.g.d.z.s.o.a.h.c.h.p.RequestAuthCache&amp#27;[0;39m - &amp#27;[32mAuth cache not set in the context
&amp#27;[0;39m2023-05-08 13:18:55,644 [main] &amp#27;[39mDEBUG&amp#27;[0;39m &amp#27;[36mc.g.d.z.s.o.a.h.c.h.i.c.ProtocolExec&amp#27;[0;39m - &amp#27;[32mex-0000001B: target auth state: UNCHALLENGED
&amp#27;[0;39m2023-05-08 13:18:55,644 [main] &amp#27;[39mDEBUG&amp#27;[0;39m &amp#27;[36mc.g.d.z.s.o.a.h.c.h.i.c.ProtocolExec&amp#27;[0;39m - &amp#27;[32mex-0000001B: proxy auth state: UNCHALLENGED
&amp#27;[0;39m2023-05-08 13:18:55,644 [main] &amp#27;[39mDEBUG&amp#27;[0;39m &amp#27;[36mc.g.d.z.s.o.a.h.c.h.i.c.ConnectExec&amp#27;[0;39m - &amp#27;[32mex-0000001B: acquiring connection with route {}->unix://localhost:2375
&amp#27;[0;39m2023-05-08 13:18:55,644 [main] &amp#27;[39mDEBUG&amp#27;[0;39m &amp#27;[36mc.g.d.z.s.o.a.h.c.h.i.c.InternalHttpClient&amp#27;[0;39m - &amp#27;[32mex-0000001B: acquiring endpoint (3 MINUTES)
&amp#27;[0;39m2023-05-08 13:18:55,644 [main] &amp#27;[39mDEBUG&amp#27;[0;39m &amp#27;[36mc.g.d.z.s.o.a.h.c.h.i.i.PoolingHttpClientConnectionManager&amp#27;[0;39m - &amp#27;[32mex-0000001B: endpoint lease request (3 MINUTES) [route: {}->unix://localhost:2375][total available: 1; route allocated: 1 of 2147483647; total allocated: 1 of 2147483647]
&amp#27;[0;39m2023-05-08 13:18:55,644 [main] &amp#27;[39mDEBUG&amp#27;[0;39m &amp#27;[36mc.g.d.z.s.o.a.h.c.h.i.i.PoolingHttpClientConnectionManager&amp#27;[0;39m - &amp#27;[32mex-0000001B: endpoint leased [route: {}->unix://localhost:2375][total available: 0; route allocated: 1 of 2147483647; total allocated: 1 of 2147483647]
&amp#27;[0;39m2023-05-08 13:18:55,644 [main] &amp#27;[39mDEBUG&amp#27;[0;39m &amp#27;[36mc.g.d.z.s.o.a.h.c.h.i.i.PoolingHttpClientConnectionManager&amp#27;[0;39m - &amp#27;[32mex-0000001B: acquired ep-0000001A
&amp#27;[0;39m2023-05-08 13:18:55,644 [main] &amp#27;[39mDEBUG&amp#27;[0;39m &amp#27;[36mc.g.d.z.s.o.a.h.c.h.i.c.InternalHttpClient&amp#27;[0;39m - &amp#27;[32mex-0000001B: acquired endpoint ep-0000001A
&amp#27;[0;39m2023-05-08 13:18:55,644 [main] &amp#27;[39mDEBUG&amp#27;[0;39m &amp#27;[36mc.g.d.z.s.o.a.h.c.h.i.c.MainClientExec&amp#27;[0;39m - &amp#27;[32mex-0000001B: executing GET /v1.32/containers/cccfb0602d7e775562ae171a9fe0a7ec811b6906268008a84fea93151d2a7305/json HTTP/1.1
&amp#27;[0;39m2023-05-08 13:18:55,644 [main] &amp#27;[39mDEBUG&amp#27;[0;39m &amp#27;[36mc.g.d.z.s.o.a.h.c.h.i.c.InternalHttpClient&amp#27;[0;39m - &amp#27;[32mep-0000001A: start execution ex-0000001B
&amp#27;[0;39m2023-05-08 13:18:55,644 [main] &amp#27;[39mDEBUG&amp#27;[0;39m &amp#27;[36mc.g.d.z.s.o.a.h.c.h.i.i.PoolingHttpClientConnectionManager&amp#27;[0;39m - &amp#27;[32mep-0000001A: executing exchange ex-0000001B over http-outgoing-1
&amp#27;[0;39m2023-05-08 13:18:55,645 [main] &amp#27;[39mDEBUG&amp#27;[0;39m &amp#27;[36mc.g.d.z.s.o.a.h.client5.http.headers&amp#27;[0;39m - &amp#27;[32mhttp-outgoing-1 >> GET /v1.32/containers/cccfb0602d7e775562ae171a9fe0a7ec811b6906268008a84fea93151d2a7305/json HTTP/1.1
&amp#27;[0;39m2023-05-08 13:18:55,645 [main] &amp#27;[39mDEBUG&amp#27;[0;39m &amp#27;[36mc.g.d.z.s.o.a.h.client5.http.headers&amp#27;[0;39m - &amp#27;[32mhttp-outgoing-1 >> accept: application/json
&amp#27;[0;39m2023-05-08 13:18:55,645 [main] &amp#27;[39mDEBUG&amp#27;[0;39m &amp#27;[36mc.g.d.z.s.o.a.h.client5.http.headers&amp#27;[0;39m - &amp#27;[32mhttp-outgoing-1 >> x-tc-sid: f1b696c1-ec3f-4f95-afa8-081853be7ccb
&amp#27;[0;39m2023-05-08 13:18:55,645 [main] &amp#27;[39mDEBUG&amp#27;[0;39m &amp#27;[36mc.g.d.z.s.o.a.h.client5.http.headers&amp#27;[0;39m - &amp#27;[32mhttp-outgoing-1 >> Accept-Encoding: gzip, x-gzip, deflate
&amp#27;[0;39m2023-05-08 13:18:55,645 [main] &amp#27;[39mDEBUG&amp#27;[0;39m &amp#27;[36mc.g.d.z.s.o.a.h.client5.http.headers&amp#27;[0;39m - &amp#27;[32mhttp-outgoing-1 >> Host: localhost:2375
&amp#27;[0;39m2023-05-08 13:18:55,645 [main] &amp#27;[39mDEBUG&amp#27;[0;39m &amp#27;[36mc.g.d.z.s.o.a.h.client5.http.headers&amp#27;[0;39m - &amp#27;[32mhttp-outgoing-1 >> Connection: keep-alive
&amp#27;[0;39m2023-05-08 13:18:55,645 [main] &amp#27;[39mDEBUG&amp#27;[0;39m &amp#27;[36mc.g.d.z.s.o.a.h.client5.http.headers&amp#27;[0;39m - &amp#27;[32mhttp-outgoing-1 >> User-Agent: Apache-HttpClient/5.0.3 (Java/17.0.6)
&amp#27;[0;39m2023-05-08 13:18:55,645 [main] &amp#27;[39mDEBUG&amp#27;[0;39m &amp#27;[36mc.g.d.z.s.o.a.hc.client5.http.wire&amp#27;[0;39m - &amp#27;[32mhttp-outgoing-1 >> "GET /v1.32/containers/cccfb0602d7e775562ae171a9fe0a7ec811b6906268008a84fea93151d2a7305/json HTTP/1.1[\r][\n]"
&amp#27;[0;39m2023-05-08 13:18:55,645 [main] &amp#27;[39mDEBUG&amp#27;[0;39m &amp#27;[36mc.g.d.z.s.o.a.hc.client5.http.wire&amp#27;[0;39m - &amp#27;[32mhttp-outgoing-1 >> "accept: application/json[\r][\n]"
&amp#27;[0;39m2023-05-08 13:18:55,645 [main] &amp#27;[39mDEBUG&amp#27;[0;39m &amp#27;[36mc.g.d.z.s.o.a.hc.client5.http.wire&amp#27;[0;39m - &amp#27;[32mhttp-outgoing-1 >> "x-tc-sid: f1b696c1-ec3f-4f95-afa8-081853be7ccb[\r][\n]"
&amp#27;[0;39m2023-05-08 13:18:55,645 [main] &amp#27;[39mDEBUG&amp#27;[0;39m &amp#27;[36mc.g.d.z.s.o.a.hc.client5.http.wire&amp#27;[0;39m - &amp#27;[32mhttp-outgoing-1 >> "Accept-Encoding: gzip, x-gzip, deflate[\r][\n]"
&amp#27;[0;39m2023-05-08 13:18:55,645 [main] &amp#27;[39mDEBUG&amp#27;[0;39m &amp#27;[36mc.g.d.z.s.o.a.hc.client5.http.wire&amp#27;[0;39m - &amp#27;[32mhttp-outgoing-1 >> "Host: localhost:2375[\r][\n]"
&amp#27;[0;39m2023-05-08 13:18:55,645 [main] &amp#27;[39mDEBUG&amp#27;[0;39m &amp#27;[36mc.g.d.z.s.o.a.hc.client5.http.wire&amp#27;[0;39m - &amp#27;[32mhttp-outgoing-1 >> "Connection: keep-alive[\r][\n]"
&amp#27;[0;39m2023-05-08 13:18:55,645 [main] &amp#27;[39mDEBUG&amp#27;[0;39m &amp#27;[36mc.g.d.z.s.o.a.hc.client5.http.wire&amp#27;[0;39m - &amp#27;[32mhttp-outgoing-1 >> "User-Agent: Apache-HttpClient/5.0.3 (Java/17.0.6)[\r][\n]"
&amp#27;[0;39m2023-05-08 13:18:55,645 [main] &amp#27;[39mDEBUG&amp#27;[0;39m &amp#27;[36mc.g.d.z.s.o.a.hc.client5.http.wire&amp#27;[0;39m - &amp#27;[32mhttp-outgoing-1 >> "[\r][\n]"
&amp#27;[0;39m2023-05-08 13:18:55,645 [main] &amp#27;[39mDEBUG&amp#27;[0;39m &amp#27;[36mc.g.d.z.s.o.a.hc.client5.http.wire&amp#27;[0;39m - &amp#27;[32mhttp-outgoing-1 << "HTTP/1.1 200 OK[\r][\n]"
&amp#27;[0;39m2023-05-08 13:18:55,645 [main] &amp#27;[39mDEBUG&amp#27;[0;39m &amp#27;[36mc.g.d.z.s.o.a.hc.client5.http.wire&amp#27;[0;39m - &amp#27;[32mhttp-outgoing-1 << "Api-Version: 1.42[\r][\n]"
&amp#27;[0;39m2023-05-08 13:18:55,645 [main] &amp#27;[39mDEBUG&amp#27;[0;39m &amp#27;[36mc.g.d.z.s.o.a.hc.client5.http.wire&amp#27;[0;39m - &amp#27;[32mhttp-outgoing-1 << "Content-Type: application/json[\r][\n]"
&amp#27;[0;39m2023-05-08 13:18:55,645 [main] &amp#27;[39mDEBUG&amp#27;[0;39m &amp#27;[36mc.g.d.z.s.o.a.hc.client5.http.wire&amp#27;[0;39m - &amp#27;[32mhttp-outgoing-1 << "Docker-Experimental: false[\r][\n]"
&amp#27;[0;39m2023-05-08 13:18:55,645 [main] &amp#27;[39mDEBUG&amp#27;[0;39m &amp#27;[36mc.g.d.z.s.o.a.hc.client5.http.wire&amp#27;[0;39m - &amp#27;[32mhttp-outgoing-1 << "Ostype: linux[\r][\n]"
&amp#27;[0;39m2023-05-08 13:18:55,645 [main] &amp#27;[39mDEBUG&amp#27;[0;39m &amp#27;[36mc.g.d.z.s.o.a.hc.client5.http.wire&amp#27;[0;39m - &amp#27;[32mhttp-outgoing-1 << "Server: Docker/23.0.5 (linux)[\r][\n]"
&amp#27;[0;39m2023-05-08 13:18:55,645 [main] &amp#27;[39mDEBUG&amp#27;[0;39m &amp#27;[36mc.g.d.z.s.o.a.hc.client5.http.wire&amp#27;[0;39m - &amp#27;[32mhttp-outgoing-1 << "Date: Mon, 08 May 2023 11:18:55 GMT[\r][\n]"
&amp#27;[0;39m2023-05-08 13:18:55,645 [main] &amp#27;[39mDEBUG&amp#27;[0;39m &amp#27;[36mc.g.d.z.s.o.a.hc.client5.http.wire&amp#27;[0;39m - &amp#27;[32mhttp-outgoing-1 << "Transfer-Encoding: chunked[\r][\n]"
&amp#27;[0;39m2023-05-08 13:18:55,645 [main] &amp#27;[39mDEBUG&amp#27;[0;39m &amp#27;[36mc.g.d.z.s.o.a.hc.client5.http.wire&amp#27;[0;39m - &amp#27;[32mhttp-outgoing-1 << "[\r][\n]"
&amp#27;[0;39m2023-05-08 13:18:55,645 [main] &amp#27;[39mDEBUG&amp#27;[0;39m &amp#27;[36mc.g.d.z.s.o.a.hc.client5.http.wire&amp#27;[0;39m - &amp#27;[32mhttp-outgoing-1 << "1890[\r][\n]"
&amp#27;[0;39m2023-05-08 13:18:55,645 [main] &amp#27;[39mDEBUG&amp#27;[0;39m &amp#27;[36mc.g.d.z.s.o.a.hc.client5.http.wire&amp#27;[0;39m - &amp#27;[32mhttp-outgoing-1 << "{"Id":"cccfb0602d7e775562ae171a9fe0a7ec811b6906268008a84fea93151d2a7305","Created":"2023-05-08T11:18:54.120535425Z","Path":"docker-entrypoint.sh","Args":["mysqld"],"State":{"Status":"running","Running":true,"Paused":false,"Restarting":false,"OOMKilled":false,"Dead":false,"Pid":59126,"ExitCode":0,"Error":"","StartedAt":"2023-05-08T11:18:54.468577716Z","FinishedAt":"0001-01-01T00:00:00Z"},"Image":"sha256:228d71078f8ce5ae9fd96b183f88c3a90e30544b4b7ce9d64a238d05fef2a681","ResolvConfPath":"/var/lib/docker/containers/cccfb0602d7e775562ae171a9fe0a7ec811b6906268008a84fea93151d2a7305/resolv.conf","HostnamePath":"/var/lib/docker/containers/cccfb0602d7e775562ae171a9fe0a7ec811b6906268008a84fea93151d2a7305/hostname","HostsPath":"/var/lib/docker/containers/cccfb0602d7e775562ae171a9fe0a7ec811b6906268008a84fea93151d2a7305/hosts","LogPath":"/var/lib/docker/containers/cccfb0602d7e775562ae171a9fe0a7ec811b6906268008a84fea93151d2a7305/cccfb0602d7e775562ae171a9fe0a7ec811b6906268008a84fea93151d2a7305-json.log","Name":"/charming_goodall","RestartCount":0,"Driver":"overlay2","Platform":"linux","MountLabel":"","ProcessLabel":"","AppArmorProfile":"docker-default","ExecIDs":null,"HostConfig":{"Binds":[],"ContainerIDFile":"","LogConfig":{"Type":"json-file","Config":{}},"NetworkMode":"default","PortBindings":{"3306/tcp":[{"HostIp":"","HostPort":""}]},"RestartPolicy":{"Name":"","MaximumRetryCount":0},"AutoRemove":false,"VolumeDriver":"","VolumesFrom":[],"ConsoleSize":[0,0],"CapAdd":null,"CapDrop":null,"CgroupnsMode":"private","Dns":null,"DnsOptions":null,"DnsSearch":null,"ExtraHosts":[],"GroupAdd":null,"IpcMode":"shareable","Cgroup":"","Links":null,"OomScoreAdj":0,"PidMode":"","Privileged":false,"PublishAllPorts":false,"ReadonlyRootfs":false,"SecurityOpt":null,"UTSMode":"","UsernsMode":"","ShmSize":67108864,"Runtime":"runc","Isolation":"","CpuShares":0,"Memory":0,"NanoCpus":0,"CgroupParent":"","BlkioWeight":0,"BlkioWeightDevice":null,"BlkioDeviceReadBps":null,"BlkioDeviceWriteBps":null,"BlkioDeviceReadIOps":null,"BlkioDeviceWriteIOps":null,"CpuPeriod":0,"CpuQuota":0,"CpuRealtimePeriod":0,"CpuRealtimeRuntime":0,"CpusetCpus":"","CpusetMems":"","Devices":null,"DeviceCgroupRules":null,"DeviceRequests":null,"MemoryReservation":0,"MemorySwap":0,"MemorySwappiness":null,"OomKillDisable":null,"PidsLimit":null,"Ulimits":null,"CpuCount":0,"CpuPercent":0,"IOMaximumIOps":0,"IOMaximumBandwidth":0,"MaskedPaths":["/proc/asound","/proc/acpi","/proc/kcore","/proc/keys","/proc/latency_stats","/proc/timer_list","/proc/timer_stats","/proc/sched_debug","/proc/scsi","/sys/firmware"],"ReadonlyPaths":["/proc/bus","/proc/fs","/proc/irq","/proc/sys","/proc/sysrq-trigger"]},"GraphDriver":{"Data":{"LowerDir":"/var/lib/docker/overlay2/0075f27ac39799b376a3e23bf05a650eb10c8a0f9ef49be1ab61e98fd3b93dc3-init/diff:/var/lib/docker/overlay2/4c6e20f032f02b27a9272f982861dc21998197aa90d94ed3bef95d449380247c/diff:/var/lib/docker/overlay2/0c75f828f603eff839bb3ca448163ab2a8017e86625ac255cd3dbf1673ddac26/diff:/var/lib/docker/overlay2/da128d897fda75829109844ce6cd9d73d0f54c682e735100af000ce899908729/diff:/var/lib/docker/overlay2/b678a1f261bf323afba6d76d91ab7428bdd6e1ef4a39b5224e4a1afd08c0423a/diff:/var/lib/docker/overlay2/1bec43b14875c5f9f814f146e8e31aa78566689c2c163da2ac60a32254988437/diff:/var/lib/docker/overlay2/28f4b1e6e1a7a2dbe30f1f94fb42bccd85a61faf8af1fe30a5bb0d442c525e41/diff:/var/lib/docker/overlay2/0f493124464c291d7c97d2633d5dff04b1dce5de904cb40a34dfbe7fe72e3fd4/diff:/var/lib/docker/overlay2/05befbee9e38cd670e1786b3310e99796dcc06abbed970007b4109a5424843fa/diff:/var/lib/docker/overlay2/582bcca9acfc4eef25109e1e1b9c9d104f355798455bc73e855c99283887a6e8/diff:/var/lib/docker/overlay2/153b3bf0b69e97e8f0e5533414a31ca33fa530e63d174c9617621abe46e7e9d1/diff:/var/lib/docker/overlay2/bf87a76c0a38875ee6e915fd0d2527eafa880ec6bf2c1cb294959428c18d10bd/diff","MergedDir":"/var/lib/docker/overlay2/0075f27ac39799b376a3e23bf05a650eb10c8a0f9ef49be1ab61e98fd3b93dc3/merged","UpperDir":"/var/lib/docker/overlay2/0075f27ac39799b376a3e23bf05a650eb10c8a0f9ef49be1ab61e98fd3b93dc3/diff","WorkDir":"/var/lib/docker/overlay2/0075f27ac39799b376a3e23bf05a650eb10c8a0f9ef49be1ab61e98fd3b93dc3/work"},"Name":"overlay2"},"Mounts":[{"Type":"volume","Name":"ffd30c8cc7ed7bf91bc1ebef46b0f06493ce1d3121e28c37d40240bd74b844a5","Source":"/var/lib/docker/volumes/ffd30c8cc7ed7bf91bc1ebef46b0f06493ce1d3121e28c37d40240bd74b844a5/_data","Destination":"/var/lib/mysql","Driver":"local","Mode":"","RW":true,"Propagation":""}],"Config":{"Hostname":"cccfb0602d7e","Domainname":"","User":"","AttachStdin":false,"AttachStdout":false,"AttachStderr":false,"ExposedPorts":{"3306/tcp":{}},"Tty":false,"OpenStdin":false,"StdinOnce":false,"Env":["MYSQL_DATABASE=test","MYSQL_PASSWORD=test","MYSQL_USER=test","MYSQL_ROOT_PASSWORD=test","PATH=/usr/local/sbin:/usr/local/bin:/usr/sbin:/usr/bin:/sbin:/bin","GOSU_VERSION=1.7","MYSQL_MAJOR=8.0","MYSQL_VERSION=8.0.0-dmr-1debian8"],"Cmd":["mysqld"],"Image":"mysql:8.0.0","Volumes":{"/var/lib/mysql":{}},"WorkingDir":"","Entrypoint":["docker-entrypoint.sh"],"OnBuild":null,"Labels":{"org.testcontainers":"true","org.testcontainers.lang":"java","org.testcontainers.sessionId":"f1b696c1-ec3f-4f95-afa8-081853be7ccb","org.testcontainers.version":"1.18.0"}},"NetworkSettings":{"Bridge":"","SandboxID":"75a4ef0436803615aa77c8b97de3cbbdd49519261fe2b3b6cdcae9bd2b1154aa","HairpinMode":false,"LinkLocalIPv6Address":"","LinkLocalIPv6PrefixLen":0,"Ports":{"3306/tcp":[{"HostIp":"0.0.0.0","HostPort":"32781"},{"HostIp":"::","HostPort":"32781"}]},"SandboxKey":"/var/run/docker/netns/75a4ef043680","SecondaryIPAddresses":null,"SecondaryIPv6Addresses":null,"EndpointID":"de3a5c9cc9471fdbec5943d78a8803fca61208fe4021ac9d3922ee2e8ec0d135","Gateway":"172.17.0.1","GlobalIPv6Address":"","GlobalIPv6PrefixLen":0,"IPAddress":"172.17.0.3","IPPrefixLen":16,"IPv6Gateway":"","MacAddress":"02:42:ac:11:00:03","Networks":{"bridge":{"IPAMConfig":null,"Links":null,"Aliases":null,"NetworkID":"e1a078e12eb8d77b497ed932f7fb43787eeb6ff6972febd7d03c9282b8b5cd45","EndpointID":"de3a5c9cc9471fdbec5943d78a8803fca61208fe4021ac9d3922ee2e8ec0d135","Gateway":"172.17.0.1","IPAddress":"172.17.0.3","IPPrefixLen":16,"IPv6Gateway":"","GlobalIPv6Address":"","GlobalIPv6PrefixLen":0,"MacAddress":"02:42:ac:11:00:03","DriverOpts":null}}}}[\n]"
&amp#27;[0;39m2023-05-08 13:18:55,646 [main] &amp#27;[39mDEBUG&amp#27;[0;39m &amp#27;[36mc.g.d.z.s.o.a.hc.client5.http.wire&amp#27;[0;39m - &amp#27;[32mhttp-outgoing-1 << "[\r][\n]"
&amp#27;[0;39m2023-05-08 13:18:55,646 [main] &amp#27;[39mDEBUG&amp#27;[0;39m &amp#27;[36mc.g.d.z.s.o.a.hc.client5.http.wire&amp#27;[0;39m - &amp#27;[32mhttp-outgoing-1 << "0[\r][\n]"
&amp#27;[0;39m2023-05-08 13:18:55,646 [main] &amp#27;[39mDEBUG&amp#27;[0;39m &amp#27;[36mc.g.d.z.s.o.a.hc.client5.http.wire&amp#27;[0;39m - &amp#27;[32mhttp-outgoing-1 << "[\r][\n]"
&amp#27;[0;39m2023-05-08 13:18:55,646 [main] &amp#27;[39mDEBUG&amp#27;[0;39m &amp#27;[36mc.g.d.z.s.o.a.h.client5.http.headers&amp#27;[0;39m - &amp#27;[32mhttp-outgoing-1 << HTTP/1.1 200 OK
&amp#27;[0;39m2023-05-08 13:18:55,646 [main] &amp#27;[39mDEBUG&amp#27;[0;39m &amp#27;[36mc.g.d.z.s.o.a.h.client5.http.headers&amp#27;[0;39m - &amp#27;[32mhttp-outgoing-1 << Api-Version: 1.42
&amp#27;[0;39m2023-05-08 13:18:55,646 [main] &amp#27;[39mDEBUG&amp#27;[0;39m &amp#27;[36mc.g.d.z.s.o.a.h.client5.http.headers&amp#27;[0;39m - &amp#27;[32mhttp-outgoing-1 << Content-Type: application/json
&amp#27;[0;39m2023-05-08 13:18:55,646 [main] &amp#27;[39mDEBUG&amp#27;[0;39m &amp#27;[36mc.g.d.z.s.o.a.h.client5.http.headers&amp#27;[0;39m - &amp#27;[32mhttp-outgoing-1 << Docker-Experimental: false
&amp#27;[0;39m2023-05-08 13:18:55,646 [main] &amp#27;[39mDEBUG&amp#27;[0;39m &amp#27;[36mc.g.d.z.s.o.a.h.client5.http.headers&amp#27;[0;39m - &amp#27;[32mhttp-outgoing-1 << Ostype: linux
&amp#27;[0;39m2023-05-08 13:18:55,646 [main] &amp#27;[39mDEBUG&amp#27;[0;39m &amp#27;[36mc.g.d.z.s.o.a.h.client5.http.headers&amp#27;[0;39m - &amp#27;[32mhttp-outgoing-1 << Server: Docker/23.0.5 (linux)
&amp#27;[0;39m2023-05-08 13:18:55,646 [main] &amp#27;[39mDEBUG&amp#27;[0;39m &amp#27;[36mc.g.d.z.s.o.a.h.client5.http.headers&amp#27;[0;39m - &amp#27;[32mhttp-outgoing-1 << Date: Mon, 08 May 2023 11:18:55 GMT
&amp#27;[0;39m2023-05-08 13:18:55,646 [main] &amp#27;[39mDEBUG&amp#27;[0;39m &amp#27;[36mc.g.d.z.s.o.a.h.client5.http.headers&amp#27;[0;39m - &amp#27;[32mhttp-outgoing-1 << Transfer-Encoding: chunked
&amp#27;[0;39m2023-05-08 13:18:55,646 [main] &amp#27;[39mDEBUG&amp#27;[0;39m &amp#27;[36mc.g.d.z.s.o.a.h.c.h.i.c.MainClientExec&amp#27;[0;39m - &amp#27;[32mex-0000001B: connection can be kept alive for 3 MINUTES
&amp#27;[0;39m2023-05-08 13:18:55,648 [main] &amp#27;[39mDEBUG&amp#27;[0;39m &amp#27;[36mc.g.d.z.s.o.a.h.c.h.i.c.InternalHttpClient&amp#27;[0;39m - &amp#27;[32mep-0000001A: releasing valid endpoint
&amp#27;[0;39m2023-05-08 13:18:55,648 [main] &amp#27;[39mDEBUG&amp#27;[0;39m &amp#27;[36mc.g.d.z.s.o.a.h.c.h.i.i.PoolingHttpClientConnectionManager&amp#27;[0;39m - &amp#27;[32mep-0000001A: releasing endpoint
&amp#27;[0;39m2023-05-08 13:18:55,648 [main] &amp#27;[39mDEBUG&amp#27;[0;39m &amp#27;[36mc.g.d.z.s.o.a.h.c.h.i.i.PoolingHttpClientConnectionManager&amp#27;[0;39m - &amp#27;[32mep-0000001A: connection http-outgoing-1 can be kept alive for 3 MINUTES
&amp#27;[0;39m2023-05-08 13:18:55,648 [main] &amp#27;[39mDEBUG&amp#27;[0;39m &amp#27;[36mc.g.d.z.s.o.a.h.c.h.i.i.PoolingHttpClientConnectionManager&amp#27;[0;39m - &amp#27;[32mep-0000001A: connection released [route: {}->unix://localhost:2375][total available: 1; route allocated: 1 of 2147483647; total allocated: 1 of 2147483647]
&amp#27;[0;39m2023-05-08 13:18:55,648 [main] &amp#27;[39mDEBUG&amp#27;[0;39m &amp#27;[36mtc.mysql:8.0.0&amp#27;[0;39m - &amp#27;[32mTrying to create JDBC connection using com.mysql.cj.jdbc.Driver to jdbc:mysql://localhost:32781/test?useSSL=false&allowPublicKeyRetrieval=true with properties: {password=test, user=test}
&amp#27;[0;39m2023-05-08 13:18:55,750 [main] &amp#27;[39mDEBUG&amp#27;[0;39m &amp#27;[36mo.t.s.c.g.d.c.command.AbstrDockerCmd&amp#27;[0;39m - &amp#27;[32mCmd: cccfb0602d7e775562ae171a9fe0a7ec811b6906268008a84fea93151d2a7305,false
&amp#27;[0;39m2023-05-08 13:18:55,750 [main] &amp#27;[39mDEBUG&amp#27;[0;39m &amp#27;[36mo.t.s.c.g.d.c.e.InspectContainerCmdExec&amp#27;[0;39m - &amp#27;[32mGET: DefaultWebTarget{path=[/containers/cccfb0602d7e775562ae171a9fe0a7ec811b6906268008a84fea93151d2a7305/json], queryParams={}}
&amp#27;[0;39m2023-05-08 13:18:55,750 [main] &amp#27;[39mDEBUG&amp#27;[0;39m &amp#27;[36mc.g.d.z.s.o.a.h.c.h.i.c.InternalHttpClient&amp#27;[0;39m - &amp#27;[32mex-0000001C: preparing request execution
&amp#27;[0;39m2023-05-08 13:18:55,751 [main] &amp#27;[39mDEBUG&amp#27;[0;39m &amp#27;[36mc.g.d.z.s.o.a.h.c.h.p.RequestAddCookies&amp#27;[0;39m - &amp#27;[32mCookie spec selected: strict
&amp#27;[0;39m2023-05-08 13:18:55,751 [main] &amp#27;[39mDEBUG&amp#27;[0;39m &amp#27;[36mc.g.d.z.s.o.a.h.c.h.p.RequestAuthCache&amp#27;[0;39m - &amp#27;[32mAuth cache not set in the context
&amp#27;[0;39m2023-05-08 13:18:55,751 [main] &amp#27;[39mDEBUG&amp#27;[0;39m &amp#27;[36mc.g.d.z.s.o.a.h.c.h.i.c.ProtocolExec&amp#27;[0;39m - &amp#27;[32mex-0000001C: target auth state: UNCHALLENGED
&amp#27;[0;39m2023-05-08 13:18:55,751 [main] &amp#27;[39mDEBUG&amp#27;[0;39m &amp#27;[36mc.g.d.z.s.o.a.h.c.h.i.c.ProtocolExec&amp#27;[0;39m - &amp#27;[32mex-0000001C: proxy auth state: UNCHALLENGED
&amp#27;[0;39m2023-05-08 13:18:55,751 [main] &amp#27;[39mDEBUG&amp#27;[0;39m &amp#27;[36mc.g.d.z.s.o.a.h.c.h.i.c.ConnectExec&amp#27;[0;39m - &amp#27;[32mex-0000001C: acquiring connection with route {}->unix://localhost:2375
&amp#27;[0;39m2023-05-08 13:18:55,751 [main] &amp#27;[39mDEBUG&amp#27;[0;39m &amp#27;[36mc.g.d.z.s.o.a.h.c.h.i.c.InternalHttpClient&amp#27;[0;39m - &amp#27;[32mex-0000001C: acquiring endpoint (3 MINUTES)
&amp#27;[0;39m2023-05-08 13:18:55,751 [main] &amp#27;[39mDEBUG&amp#27;[0;39m &amp#27;[36mc.g.d.z.s.o.a.h.c.h.i.i.PoolingHttpClientConnectionManager&amp#27;[0;39m - &amp#27;[32mex-0000001C: endpoint lease request (3 MINUTES) [route: {}->unix://localhost:2375][total available: 1; route allocated: 1 of 2147483647; total allocated: 1 of 2147483647]
&amp#27;[0;39m2023-05-08 13:18:55,751 [main] &amp#27;[39mDEBUG&amp#27;[0;39m &amp#27;[36mc.g.d.z.s.o.a.h.c.h.i.i.PoolingHttpClientConnectionManager&amp#27;[0;39m - &amp#27;[32mex-0000001C: endpoint leased [route: {}->unix://localhost:2375][total available: 0; route allocated: 1 of 2147483647; total allocated: 1 of 2147483647]
&amp#27;[0;39m2023-05-08 13:18:55,751 [main] &amp#27;[39mDEBUG&amp#27;[0;39m &amp#27;[36mc.g.d.z.s.o.a.h.c.h.i.i.PoolingHttpClientConnectionManager&amp#27;[0;39m - &amp#27;[32mex-0000001C: acquired ep-0000001B
&amp#27;[0;39m2023-05-08 13:18:55,751 [main] &amp#27;[39mDEBUG&amp#27;[0;39m &amp#27;[36mc.g.d.z.s.o.a.h.c.h.i.c.InternalHttpClient&amp#27;[0;39m - &amp#27;[32mex-0000001C: acquired endpoint ep-0000001B
&amp#27;[0;39m2023-05-08 13:18:55,751 [main] &amp#27;[39mDEBUG&amp#27;[0;39m &amp#27;[36mc.g.d.z.s.o.a.h.c.h.i.c.MainClientExec&amp#27;[0;39m - &amp#27;[32mex-0000001C: executing GET /v1.32/containers/cccfb0602d7e775562ae171a9fe0a7ec811b6906268008a84fea93151d2a7305/json HTTP/1.1
&amp#27;[0;39m2023-05-08 13:18:55,751 [main] &amp#27;[39mDEBUG&amp#27;[0;39m &amp#27;[36mc.g.d.z.s.o.a.h.c.h.i.c.InternalHttpClient&amp#27;[0;39m - &amp#27;[32mep-0000001B: start execution ex-0000001C
&amp#27;[0;39m2023-05-08 13:18:55,751 [main] &amp#27;[39mDEBUG&amp#27;[0;39m &amp#27;[36mc.g.d.z.s.o.a.h.c.h.i.i.PoolingHttpClientConnectionManager&amp#27;[0;39m - &amp#27;[32mep-0000001B: executing exchange ex-0000001C over http-outgoing-1
&amp#27;[0;39m2023-05-08 13:18:55,751 [main] &amp#27;[39mDEBUG&amp#27;[0;39m &amp#27;[36mc.g.d.z.s.o.a.h.client5.http.headers&amp#27;[0;39m - &amp#27;[32mhttp-outgoing-1 >> GET /v1.32/containers/cccfb0602d7e775562ae171a9fe0a7ec811b6906268008a84fea93151d2a7305/json HTTP/1.1
&amp#27;[0;39m2023-05-08 13:18:55,751 [main] &amp#27;[39mDEBUG&amp#27;[0;39m &amp#27;[36mc.g.d.z.s.o.a.h.client5.http.headers&amp#27;[0;39m - &amp#27;[32mhttp-outgoing-1 >> accept: application/json
&amp#27;[0;39m2023-05-08 13:18:55,751 [main] &amp#27;[39mDEBUG&amp#27;[0;39m &amp#27;[36mc.g.d.z.s.o.a.h.client5.http.headers&amp#27;[0;39m - &amp#27;[32mhttp-outgoing-1 >> x-tc-sid: f1b696c1-ec3f-4f95-afa8-081853be7ccb
&amp#27;[0;39m2023-05-08 13:18:55,751 [main] &amp#27;[39mDEBUG&amp#27;[0;39m &amp#27;[36mc.g.d.z.s.o.a.h.client5.http.headers&amp#27;[0;39m - &amp#27;[32mhttp-outgoing-1 >> Accept-Encoding: gzip, x-gzip, deflate
&amp#27;[0;39m2023-05-08 13:18:55,751 [main] &amp#27;[39mDEBUG&amp#27;[0;39m &amp#27;[36mc.g.d.z.s.o.a.h.client5.http.headers&amp#27;[0;39m - &amp#27;[32mhttp-outgoing-1 >> Host: localhost:2375
&amp#27;[0;39m2023-05-08 13:18:55,751 [main] &amp#27;[39mDEBUG&amp#27;[0;39m &amp#27;[36mc.g.d.z.s.o.a.h.client5.http.headers&amp#27;[0;39m - &amp#27;[32mhttp-outgoing-1 >> Connection: keep-alive
&amp#27;[0;39m2023-05-08 13:18:55,751 [main] &amp#27;[39mDEBUG&amp#27;[0;39m &amp#27;[36mc.g.d.z.s.o.a.h.client5.http.headers&amp#27;[0;39m - &amp#27;[32mhttp-outgoing-1 >> User-Agent: Apache-HttpClient/5.0.3 (Java/17.0.6)
&amp#27;[0;39m2023-05-08 13:18:55,751 [main] &amp#27;[39mDEBUG&amp#27;[0;39m &amp#27;[36mc.g.d.z.s.o.a.hc.client5.http.wire&amp#27;[0;39m - &amp#27;[32mhttp-outgoing-1 >> "GET /v1.32/containers/cccfb0602d7e775562ae171a9fe0a7ec811b6906268008a84fea93151d2a7305/json HTTP/1.1[\r][\n]"
&amp#27;[0;39m2023-05-08 13:18:55,751 [main] &amp#27;[39mDEBUG&amp#27;[0;39m &amp#27;[36mc.g.d.z.s.o.a.hc.client5.http.wire&amp#27;[0;39m - &amp#27;[32mhttp-outgoing-1 >> "accept: application/json[\r][\n]"
&amp#27;[0;39m2023-05-08 13:18:55,751 [main] &amp#27;[39mDEBUG&amp#27;[0;39m &amp#27;[36mc.g.d.z.s.o.a.hc.client5.http.wire&amp#27;[0;39m - &amp#27;[32mhttp-outgoing-1 >> "x-tc-sid: f1b696c1-ec3f-4f95-afa8-081853be7ccb[\r][\n]"
&amp#27;[0;39m2023-05-08 13:18:55,751 [main] &amp#27;[39mDEBUG&amp#27;[0;39m &amp#27;[36mc.g.d.z.s.o.a.hc.client5.http.wire&amp#27;[0;39m - &amp#27;[32mhttp-outgoing-1 >> "Accept-Encoding: gzip, x-gzip, deflate[\r][\n]"
&amp#27;[0;39m2023-05-08 13:18:55,751 [main] &amp#27;[39mDEBUG&amp#27;[0;39m &amp#27;[36mc.g.d.z.s.o.a.hc.client5.http.wire&amp#27;[0;39m - &amp#27;[32mhttp-outgoing-1 >> "Host: localhost:2375[\r][\n]"
&amp#27;[0;39m2023-05-08 13:18:55,751 [main] &amp#27;[39mDEBUG&amp#27;[0;39m &amp#27;[36mc.g.d.z.s.o.a.hc.client5.http.wire&amp#27;[0;39m - &amp#27;[32mhttp-outgoing-1 >> "Connection: keep-alive[\r][\n]"
&amp#27;[0;39m2023-05-08 13:18:55,751 [main] &amp#27;[39mDEBUG&amp#27;[0;39m &amp#27;[36mc.g.d.z.s.o.a.hc.client5.http.wire&amp#27;[0;39m - &amp#27;[32mhttp-outgoing-1 >> "User-Agent: Apache-HttpClient/5.0.3 (Java/17.0.6)[\r][\n]"
&amp#27;[0;39m2023-05-08 13:18:55,751 [main] &amp#27;[39mDEBUG&amp#27;[0;39m &amp#27;[36mc.g.d.z.s.o.a.hc.client5.http.wire&amp#27;[0;39m - &amp#27;[32mhttp-outgoing-1 >> "[\r][\n]"
&amp#27;[0;39m2023-05-08 13:18:55,752 [main] &amp#27;[39mDEBUG&amp#27;[0;39m &amp#27;[36mc.g.d.z.s.o.a.hc.client5.http.wire&amp#27;[0;39m - &amp#27;[32mhttp-outgoing-1 << "HTTP/1.1 200 OK[\r][\n]"
&amp#27;[0;39m2023-05-08 13:18:55,752 [main] &amp#27;[39mDEBUG&amp#27;[0;39m &amp#27;[36mc.g.d.z.s.o.a.hc.client5.http.wire&amp#27;[0;39m - &amp#27;[32mhttp-outgoing-1 << "Api-Version: 1.42[\r][\n]"
&amp#27;[0;39m2023-05-08 13:18:55,752 [main] &amp#27;[39mDEBUG&amp#27;[0;39m &amp#27;[36mc.g.d.z.s.o.a.hc.client5.http.wire&amp#27;[0;39m - &amp#27;[32mhttp-outgoing-1 << "Content-Type: application/json[\r][\n]"
&amp#27;[0;39m2023-05-08 13:18:55,752 [main] &amp#27;[39mDEBUG&amp#27;[0;39m &amp#27;[36mc.g.d.z.s.o.a.hc.client5.http.wire&amp#27;[0;39m - &amp#27;[32mhttp-outgoing-1 << "Docker-Experimental: false[\r][\n]"
&amp#27;[0;39m2023-05-08 13:18:55,752 [main] &amp#27;[39mDEBUG&amp#27;[0;39m &amp#27;[36mc.g.d.z.s.o.a.hc.client5.http.wire&amp#27;[0;39m - &amp#27;[32mhttp-outgoing-1 << "Ostype: linux[\r][\n]"
&amp#27;[0;39m2023-05-08 13:18:55,752 [main] &amp#27;[39mDEBUG&amp#27;[0;39m &amp#27;[36mc.g.d.z.s.o.a.hc.client5.http.wire&amp#27;[0;39m - &amp#27;[32mhttp-outgoing-1 << "Server: Docker/23.0.5 (linux)[\r][\n]"
&amp#27;[0;39m2023-05-08 13:18:55,752 [main] &amp#27;[39mDEBUG&amp#27;[0;39m &amp#27;[36mc.g.d.z.s.o.a.hc.client5.http.wire&amp#27;[0;39m - &amp#27;[32mhttp-outgoing-1 << "Date: Mon, 08 May 2023 11:18:55 GMT[\r][\n]"
&amp#27;[0;39m2023-05-08 13:18:55,752 [main] &amp#27;[39mDEBUG&amp#27;[0;39m &amp#27;[36mc.g.d.z.s.o.a.hc.client5.http.wire&amp#27;[0;39m - &amp#27;[32mhttp-outgoing-1 << "Transfer-Encoding: chunked[\r][\n]"
&amp#27;[0;39m2023-05-08 13:18:55,752 [main] &amp#27;[39mDEBUG&amp#27;[0;39m &amp#27;[36mc.g.d.z.s.o.a.hc.client5.http.wire&amp#27;[0;39m - &amp#27;[32mhttp-outgoing-1 << "[\r][\n]"
&amp#27;[0;39m2023-05-08 13:18:55,752 [main] &amp#27;[39mDEBUG&amp#27;[0;39m &amp#27;[36mc.g.d.z.s.o.a.hc.client5.http.wire&amp#27;[0;39m - &amp#27;[32mhttp-outgoing-1 << "1890[\r][\n]"
&amp#27;[0;39m2023-05-08 13:18:55,752 [main] &amp#27;[39mDEBUG&amp#27;[0;39m &amp#27;[36mc.g.d.z.s.o.a.hc.client5.http.wire&amp#27;[0;39m - &amp#27;[32mhttp-outgoing-1 << "{"Id":"cccfb0602d7e775562ae171a9fe0a7ec811b6906268008a84fea93151d2a7305","Created":"2023-05-08T11:18:54.120535425Z","Path":"docker-entrypoint.sh","Args":["mysqld"],"State":{"Status":"running","Running":true,"Paused":false,"Restarting":false,"OOMKilled":false,"Dead":false,"Pid":59126,"ExitCode":0,"Error":"","StartedAt":"2023-05-08T11:18:54.468577716Z","FinishedAt":"0001-01-01T00:00:00Z"},"Image":"sha256:228d71078f8ce5ae9fd96b183f88c3a90e30544b4b7ce9d64a238d05fef2a681","ResolvConfPath":"/var/lib/docker/containers/cccfb0602d7e775562ae171a9fe0a7ec811b6906268008a84fea93151d2a7305/resolv.conf","HostnamePath":"/var/lib/docker/containers/cccfb0602d7e775562ae171a9fe0a7ec811b6906268008a84fea93151d2a7305/hostname","HostsPath":"/var/lib/docker/containers/cccfb0602d7e775562ae171a9fe0a7ec811b6906268008a84fea93151d2a7305/hosts","LogPath":"/var/lib/docker/containers/cccfb0602d7e775562ae171a9fe0a7ec811b6906268008a84fea93151d2a7305/cccfb0602d7e775562ae171a9fe0a7ec811b6906268008a84fea93151d2a7305-json.log","Name":"/charming_goodall","RestartCount":0,"Driver":"overlay2","Platform":"linux","MountLabel":"","ProcessLabel":"","AppArmorProfile":"docker-default","ExecIDs":null,"HostConfig":{"Binds":[],"ContainerIDFile":"","LogConfig":{"Type":"json-file","Config":{}},"NetworkMode":"default","PortBindings":{"3306/tcp":[{"HostIp":"","HostPort":""}]},"RestartPolicy":{"Name":"","MaximumRetryCount":0},"AutoRemove":false,"VolumeDriver":"","VolumesFrom":[],"ConsoleSize":[0,0],"CapAdd":null,"CapDrop":null,"CgroupnsMode":"private","Dns":null,"DnsOptions":null,"DnsSearch":null,"ExtraHosts":[],"GroupAdd":null,"IpcMode":"shareable","Cgroup":"","Links":null,"OomScoreAdj":0,"PidMode":"","Privileged":false,"PublishAllPorts":false,"ReadonlyRootfs":false,"SecurityOpt":null,"UTSMode":"","UsernsMode":"","ShmSize":67108864,"Runtime":"runc","Isolation":"","CpuShares":0,"Memory":0,"NanoCpus":0,"CgroupParent":"","BlkioWeight":0,"BlkioWeightDevice":null,"BlkioDeviceReadBps":null,"BlkioDeviceWriteBps":null,"BlkioDeviceReadIOps":null,"BlkioDeviceWriteIOps":null,"CpuPeriod":0,"CpuQuota":0,"CpuRealtimePeriod":0,"CpuRealtimeRuntime":0,"CpusetCpus":"","CpusetMems":"","Devices":null,"DeviceCgroupRules":null,"DeviceRequests":null,"MemoryReservation":0,"MemorySwap":0,"MemorySwappiness":null,"OomKillDisable":null,"PidsLimit":null,"Ulimits":null,"CpuCount":0,"CpuPercent":0,"IOMaximumIOps":0,"IOMaximumBandwidth":0,"MaskedPaths":["/proc/asound","/proc/acpi","/proc/kcore","/proc/keys","/proc/latency_stats","/proc/timer_list","/proc/timer_stats","/proc/sched_debug","/proc/scsi","/sys/firmware"],"ReadonlyPaths":["/proc/bus","/proc/fs","/proc/irq","/proc/sys","/proc/sysrq-trigger"]},"GraphDriver":{"Data":{"LowerDir":"/var/lib/docker/overlay2/0075f27ac39799b376a3e23bf05a650eb10c8a0f9ef49be1ab61e98fd3b93dc3-init/diff:/var/lib/docker/overlay2/4c6e20f032f02b27a9272f982861dc21998197aa90d94ed3bef95d449380247c/diff:/var/lib/docker/overlay2/0c75f828f603eff839bb3ca448163ab2a8017e86625ac255cd3dbf1673ddac26/diff:/var/lib/docker/overlay2/da128d897fda75829109844ce6cd9d73d0f54c682e735100af000ce899908729/diff:/var/lib/docker/overlay2/b678a1f261bf323afba6d76d91ab7428bdd6e1ef4a39b5224e4a1afd08c0423a/diff:/var/lib/docker/overlay2/1bec43b14875c5f9f814f146e8e31aa78566689c2c163da2ac60a32254988437/diff:/var/lib/docker/overlay2/28f4b1e6e1a7a2dbe30f1f94fb42bccd85a61faf8af1fe30a5bb0d442c525e41/diff:/var/lib/docker/overlay2/0f493124464c291d7c97d2633d5dff04b1dce5de904cb40a34dfbe7fe72e3fd4/diff:/var/lib/docker/overlay2/05befbee9e38cd670e1786b3310e99796dcc06abbed970007b4109a5424843fa/diff:/var/lib/docker/overlay2/582bcca9acfc4eef25109e1e1b9c9d104f355798455bc73e855c99283887a6e8/diff:/var/lib/docker/overlay2/153b3bf0b69e97e8f0e5533414a31ca33fa530e63d174c9617621abe46e7e9d1/diff:/var/lib/docker/overlay2/bf87a76c0a38875ee6e915fd0d2527eafa880ec6bf2c1cb294959428c18d10bd/diff","MergedDir":"/var/lib/docker/overlay2/0075f27ac39799b376a3e23bf05a650eb10c8a0f9ef49be1ab61e98fd3b93dc3/merged","UpperDir":"/var/lib/docker/overlay2/0075f27ac39799b376a3e23bf05a650eb10c8a0f9ef49be1ab61e98fd3b93dc3/diff","WorkDir":"/var/lib/docker/overlay2/0075f27ac39799b376a3e23bf05a650eb10c8a0f9ef49be1ab61e98fd3b93dc3/work"},"Name":"overlay2"},"Mounts":[{"Type":"volume","Name":"ffd30c8cc7ed7bf91bc1ebef46b0f06493ce1d3121e28c37d40240bd74b844a5","Source":"/var/lib/docker/volumes/ffd30c8cc7ed7bf91bc1ebef46b0f06493ce1d3121e28c37d40240bd74b844a5/_data","Destination":"/var/lib/mysql","Driver":"local","Mode":"","RW":true,"Propagation":""}],"Config":{"Hostname":"cccfb0602d7e","Domainname":"","User":"","AttachStdin":false,"AttachStdout":false,"AttachStderr":false,"ExposedPorts":{"3306/tcp":{}},"Tty":false,"OpenStdin":false,"StdinOnce":false,"Env":["MYSQL_DATABASE=test","MYSQL_PASSWORD=test","MYSQL_USER=test","MYSQL_ROOT_PASSWORD=test","PATH=/usr/local/sbin:/usr/local/bin:/usr/sbin:/usr/bin:/sbin:/bin","GOSU_VERSION=1.7","MYSQL_MAJOR=8.0","MYSQL_VERSION=8.0.0-dmr-1debian8"],"Cmd":["mysqld"],"Image":"mysql:8.0.0","Volumes":{"/var/lib/mysql":{}},"WorkingDir":"","Entrypoint":["docker-entrypoint.sh"],"OnBuild":null,"Labels":{"org.testcontainers":"true","org.testcontainers.lang":"java","org.testcontainers.sessionId":"f1b696c1-ec3f-4f95-afa8-081853be7ccb","org.testcontainers.version":"1.18.0"}},"NetworkSettings":{"Bridge":"","SandboxID":"75a4ef0436803615aa77c8b97de3cbbdd49519261fe2b3b6cdcae9bd2b1154aa","HairpinMode":false,"LinkLocalIPv6Address":"","LinkLocalIPv6PrefixLen":0,"Ports":{"3306/tcp":[{"HostIp":"0.0.0.0","HostPort":"32781"},{"HostIp":"::","HostPort":"32781"}]},"SandboxKey":"/var/run/docker/netns/75a4ef043680","SecondaryIPAddresses":null,"SecondaryIPv6Addresses":null,"EndpointID":"de3a5c9cc9471fdbec5943d78a8803fca61208fe4021ac9d3922ee2e8ec0d135","Gateway":"172.17.0.1","GlobalIPv6Address":"","GlobalIPv6PrefixLen":0,"IPAddress":"172.17.0.3","IPPrefixLen":16,"IPv6Gateway":"","MacAddress":"02:42:ac:11:00:03","Networks":{"bridge":{"IPAMConfig":null,"Links":null,"Aliases":null,"NetworkID":"e1a078e12eb8d77b497ed932f7fb43787eeb6ff6972febd7d03c9282b8b5cd45","EndpointID":"de3a5c9cc9471fdbec5943d78a8803fca61208fe4021ac9d3922ee2e8ec0d135","Gateway":"172.17.0.1","IPAddress":"172.17.0.3","IPPrefixLen":16,"IPv6Gateway":"","GlobalIPv6Address":"","GlobalIPv6PrefixLen":0,"MacAddress":"02:42:ac:11:00:03","DriverOpts":null}}}}[\n]"
&amp#27;[0;39m2023-05-08 13:18:55,752 [main] &amp#27;[39mDEBUG&amp#27;[0;39m &amp#27;[36mc.g.d.z.s.o.a.hc.client5.http.wire&amp#27;[0;39m - &amp#27;[32mhttp-outgoing-1 << "[\r][\n]"
&amp#27;[0;39m2023-05-08 13:18:55,752 [main] &amp#27;[39mDEBUG&amp#27;[0;39m &amp#27;[36mc.g.d.z.s.o.a.hc.client5.http.wire&amp#27;[0;39m - &amp#27;[32mhttp-outgoing-1 << "0[\r][\n]"
&amp#27;[0;39m2023-05-08 13:18:55,752 [main] &amp#27;[39mDEBUG&amp#27;[0;39m &amp#27;[36mc.g.d.z.s.o.a.hc.client5.http.wire&amp#27;[0;39m - &amp#27;[32mhttp-outgoing-1 << "[\r][\n]"
&amp#27;[0;39m2023-05-08 13:18:55,752 [main] &amp#27;[39mDEBUG&amp#27;[0;39m &amp#27;[36mc.g.d.z.s.o.a.h.client5.http.headers&amp#27;[0;39m - &amp#27;[32mhttp-outgoing-1 << HTTP/1.1 200 OK
&amp#27;[0;39m2023-05-08 13:18:55,752 [main] &amp#27;[39mDEBUG&amp#27;[0;39m &amp#27;[36mc.g.d.z.s.o.a.h.client5.http.headers&amp#27;[0;39m - &amp#27;[32mhttp-outgoing-1 << Api-Version: 1.42
&amp#27;[0;39m2023-05-08 13:18:55,752 [main] &amp#27;[39mDEBUG&amp#27;[0;39m &amp#27;[36mc.g.d.z.s.o.a.h.client5.http.headers&amp#27;[0;39m - &amp#27;[32mhttp-outgoing-1 << Content-Type: application/json
&amp#27;[0;39m2023-05-08 13:18:55,752 [main] &amp#27;[39mDEBUG&amp#27;[0;39m &amp#27;[36mc.g.d.z.s.o.a.h.client5.http.headers&amp#27;[0;39m - &amp#27;[32mhttp-outgoing-1 << Docker-Experimental: false
&amp#27;[0;39m2023-05-08 13:18:55,752 [main] &amp#27;[39mDEBUG&amp#27;[0;39m &amp#27;[36mc.g.d.z.s.o.a.h.client5.http.headers&amp#27;[0;39m - &amp#27;[32mhttp-outgoing-1 << Ostype: linux
&amp#27;[0;39m2023-05-08 13:18:55,752 [main] &amp#27;[39mDEBUG&amp#27;[0;39m &amp#27;[36mc.g.d.z.s.o.a.h.client5.http.headers&amp#27;[0;39m - &amp#27;[32mhttp-outgoing-1 << Server: Docker/23.0.5 (linux)
&amp#27;[0;39m2023-05-08 13:18:55,752 [main] &amp#27;[39mDEBUG&amp#27;[0;39m &amp#27;[36mc.g.d.z.s.o.a.h.client5.http.headers&amp#27;[0;39m - &amp#27;[32mhttp-outgoing-1 << Date: Mon, 08 May 2023 11:18:55 GMT
&amp#27;[0;39m2023-05-08 13:18:55,752 [main] &amp#27;[39mDEBUG&amp#27;[0;39m &amp#27;[36mc.g.d.z.s.o.a.h.client5.http.headers&amp#27;[0;39m - &amp#27;[32mhttp-outgoing-1 << Transfer-Encoding: chunked
&amp#27;[0;39m2023-05-08 13:18:55,752 [main] &amp#27;[39mDEBUG&amp#27;[0;39m &amp#27;[36mc.g.d.z.s.o.a.h.c.h.i.c.MainClientExec&amp#27;[0;39m - &amp#27;[32mex-0000001C: connection can be kept alive for 3 MINUTES
&amp#27;[0;39m2023-05-08 13:18:55,753 [main] &amp#27;[39mDEBUG&amp#27;[0;39m &amp#27;[36mc.g.d.z.s.o.a.h.c.h.i.c.InternalHttpClient&amp#27;[0;39m - &amp#27;[32mep-0000001B: releasing valid endpoint
&amp#27;[0;39m2023-05-08 13:18:55,753 [main] &amp#27;[39mDEBUG&amp#27;[0;39m &amp#27;[36mc.g.d.z.s.o.a.h.c.h.i.i.PoolingHttpClientConnectionManager&amp#27;[0;39m - &amp#27;[32mep-0000001B: releasing endpoint
&amp#27;[0;39m2023-05-08 13:18:55,753 [main] &amp#27;[39mDEBUG&amp#27;[0;39m &amp#27;[36mc.g.d.z.s.o.a.h.c.h.i.i.PoolingHttpClientConnectionManager&amp#27;[0;39m - &amp#27;[32mep-0000001B: connection http-outgoing-1 can be kept alive for 3 MINUTES
&amp#27;[0;39m2023-05-08 13:18:55,753 [main] &amp#27;[39mDEBUG&amp#27;[0;39m &amp#27;[36mc.g.d.z.s.o.a.h.c.h.i.i.PoolingHttpClientConnectionManager&amp#27;[0;39m - &amp#27;[32mep-0000001B: connection released [route: {}->unix://localhost:2375][total available: 1; route allocated: 1 of 2147483647; total allocated: 1 of 2147483647]
&amp#27;[0;39m2023-05-08 13:18:55,753 [main] &amp#27;[39mDEBUG&amp#27;[0;39m &amp#27;[36mtc.mysql:8.0.0&amp#27;[0;39m - &amp#27;[32mTrying to create JDBC connection using com.mysql.cj.jdbc.Driver to jdbc:mysql://localhost:32781/test?useSSL=false&allowPublicKeyRetrieval=true with properties: {password=test, user=test}
&amp#27;[0;39m2023-05-08 13:18:55,854 [main] &amp#27;[39mDEBUG&amp#27;[0;39m &amp#27;[36mo.t.s.c.g.d.c.command.AbstrDockerCmd&amp#27;[0;39m - &amp#27;[32mCmd: cccfb0602d7e775562ae171a9fe0a7ec811b6906268008a84fea93151d2a7305,false
&amp#27;[0;39m2023-05-08 13:18:55,855 [main] &amp#27;[39mDEBUG&amp#27;[0;39m &amp#27;[36mo.t.s.c.g.d.c.e.InspectContainerCmdExec&amp#27;[0;39m - &amp#27;[32mGET: DefaultWebTarget{path=[/containers/cccfb0602d7e775562ae171a9fe0a7ec811b6906268008a84fea93151d2a7305/json], queryParams={}}
&amp#27;[0;39m2023-05-08 13:18:55,855 [main] &amp#27;[39mDEBUG&amp#27;[0;39m &amp#27;[36mc.g.d.z.s.o.a.h.c.h.i.c.InternalHttpClient&amp#27;[0;39m - &amp#27;[32mex-0000001D: preparing request execution
&amp#27;[0;39m2023-05-08 13:18:55,855 [main] &amp#27;[39mDEBUG&amp#27;[0;39m &amp#27;[36mc.g.d.z.s.o.a.h.c.h.p.RequestAddCookies&amp#27;[0;39m - &amp#27;[32mCookie spec selected: strict
&amp#27;[0;39m2023-05-08 13:18:55,855 [main] &amp#27;[39mDEBUG&amp#27;[0;39m &amp#27;[36mc.g.d.z.s.o.a.h.c.h.p.RequestAuthCache&amp#27;[0;39m - &amp#27;[32mAuth cache not set in the context
&amp#27;[0;39m2023-05-08 13:18:55,855 [main] &amp#27;[39mDEBUG&amp#27;[0;39m &amp#27;[36mc.g.d.z.s.o.a.h.c.h.i.c.ProtocolExec&amp#27;[0;39m - &amp#27;[32mex-0000001D: target auth state: UNCHALLENGED
&amp#27;[0;39m2023-05-08 13:18:55,855 [main] &amp#27;[39mDEBUG&amp#27;[0;39m &amp#27;[36mc.g.d.z.s.o.a.h.c.h.i.c.ProtocolExec&amp#27;[0;39m - &amp#27;[32mex-0000001D: proxy auth state: UNCHALLENGED
&amp#27;[0;39m2023-05-08 13:18:55,855 [main] &amp#27;[39mDEBUG&amp#27;[0;39m &amp#27;[36mc.g.d.z.s.o.a.h.c.h.i.c.ConnectExec&amp#27;[0;39m - &amp#27;[32mex-0000001D: acquiring connection with route {}->unix://localhost:2375
&amp#27;[0;39m2023-05-08 13:18:55,855 [main] &amp#27;[39mDEBUG&amp#27;[0;39m &amp#27;[36mc.g.d.z.s.o.a.h.c.h.i.c.InternalHttpClient&amp#27;[0;39m - &amp#27;[32mex-0000001D: acquiring endpoint (3 MINUTES)
&amp#27;[0;39m2023-05-08 13:18:55,855 [main] &amp#27;[39mDEBUG&amp#27;[0;39m &amp#27;[36mc.g.d.z.s.o.a.h.c.h.i.i.PoolingHttpClientConnectionManager&amp#27;[0;39m - &amp#27;[32mex-0000001D: endpoint lease request (3 MINUTES) [route: {}->unix://localhost:2375][total available: 1; route allocated: 1 of 2147483647; total allocated: 1 of 2147483647]
&amp#27;[0;39m2023-05-08 13:18:55,855 [main] &amp#27;[39mDEBUG&amp#27;[0;39m &amp#27;[36mc.g.d.z.s.o.a.h.c.h.i.i.PoolingHttpClientConnectionManager&amp#27;[0;39m - &amp#27;[32mex-0000001D: endpoint leased [route: {}->unix://localhost:2375][total available: 0; route allocated: 1 of 2147483647; total allocated: 1 of 2147483647]
&amp#27;[0;39m2023-05-08 13:18:55,855 [main] &amp#27;[39mDEBUG&amp#27;[0;39m &amp#27;[36mc.g.d.z.s.o.a.h.c.h.i.i.PoolingHttpClientConnectionManager&amp#27;[0;39m - &amp#27;[32mex-0000001D: acquired ep-0000001C
&amp#27;[0;39m2023-05-08 13:18:55,855 [main] &amp#27;[39mDEBUG&amp#27;[0;39m &amp#27;[36mc.g.d.z.s.o.a.h.c.h.i.c.InternalHttpClient&amp#27;[0;39m - &amp#27;[32mex-0000001D: acquired endpoint ep-0000001C
&amp#27;[0;39m2023-05-08 13:18:55,855 [main] &amp#27;[39mDEBUG&amp#27;[0;39m &amp#27;[36mc.g.d.z.s.o.a.h.c.h.i.c.MainClientExec&amp#27;[0;39m - &amp#27;[32mex-0000001D: executing GET /v1.32/containers/cccfb0602d7e775562ae171a9fe0a7ec811b6906268008a84fea93151d2a7305/json HTTP/1.1
&amp#27;[0;39m2023-05-08 13:18:55,855 [main] &amp#27;[39mDEBUG&amp#27;[0;39m &amp#27;[36mc.g.d.z.s.o.a.h.c.h.i.c.InternalHttpClient&amp#27;[0;39m - &amp#27;[32mep-0000001C: start execution ex-0000001D
&amp#27;[0;39m2023-05-08 13:18:55,855 [main] &amp#27;[39mDEBUG&amp#27;[0;39m &amp#27;[36mc.g.d.z.s.o.a.h.c.h.i.i.PoolingHttpClientConnectionManager&amp#27;[0;39m - &amp#27;[32mep-0000001C: executing exchange ex-0000001D over http-outgoing-1
&amp#27;[0;39m2023-05-08 13:18:55,855 [main] &amp#27;[39mDEBUG&amp#27;[0;39m &amp#27;[36mc.g.d.z.s.o.a.h.client5.http.headers&amp#27;[0;39m - &amp#27;[32mhttp-outgoing-1 >> GET /v1.32/containers/cccfb0602d7e775562ae171a9fe0a7ec811b6906268008a84fea93151d2a7305/json HTTP/1.1
&amp#27;[0;39m2023-05-08 13:18:55,855 [main] &amp#27;[39mDEBUG&amp#27;[0;39m &amp#27;[36mc.g.d.z.s.o.a.h.client5.http.headers&amp#27;[0;39m - &amp#27;[32mhttp-outgoing-1 >> accept: application/json
&amp#27;[0;39m2023-05-08 13:18:55,855 [main] &amp#27;[39mDEBUG&amp#27;[0;39m &amp#27;[36mc.g.d.z.s.o.a.h.client5.http.headers&amp#27;[0;39m - &amp#27;[32mhttp-outgoing-1 >> x-tc-sid: f1b696c1-ec3f-4f95-afa8-081853be7ccb
&amp#27;[0;39m2023-05-08 13:18:55,855 [main] &amp#27;[39mDEBUG&amp#27;[0;39m &amp#27;[36mc.g.d.z.s.o.a.h.client5.http.headers&amp#27;[0;39m - &amp#27;[32mhttp-outgoing-1 >> Accept-Encoding: gzip, x-gzip, deflate
&amp#27;[0;39m2023-05-08 13:18:55,855 [main] &amp#27;[39mDEBUG&amp#27;[0;39m &amp#27;[36mc.g.d.z.s.o.a.h.client5.http.headers&amp#27;[0;39m - &amp#27;[32mhttp-outgoing-1 >> Host: localhost:2375
&amp#27;[0;39m2023-05-08 13:18:55,855 [main] &amp#27;[39mDEBUG&amp#27;[0;39m &amp#27;[36mc.g.d.z.s.o.a.h.client5.http.headers&amp#27;[0;39m - &amp#27;[32mhttp-outgoing-1 >> Connection: keep-alive
&amp#27;[0;39m2023-05-08 13:18:55,855 [main] &amp#27;[39mDEBUG&amp#27;[0;39m &amp#27;[36mc.g.d.z.s.o.a.h.client5.http.headers&amp#27;[0;39m - &amp#27;[32mhttp-outgoing-1 >> User-Agent: Apache-HttpClient/5.0.3 (Java/17.0.6)
&amp#27;[0;39m2023-05-08 13:18:55,855 [main] &amp#27;[39mDEBUG&amp#27;[0;39m &amp#27;[36mc.g.d.z.s.o.a.hc.client5.http.wire&amp#27;[0;39m - &amp#27;[32mhttp-outgoing-1 >> "GET /v1.32/containers/cccfb0602d7e775562ae171a9fe0a7ec811b6906268008a84fea93151d2a7305/json HTTP/1.1[\r][\n]"
&amp#27;[0;39m2023-05-08 13:18:55,855 [main] &amp#27;[39mDEBUG&amp#27;[0;39m &amp#27;[36mc.g.d.z.s.o.a.hc.client5.http.wire&amp#27;[0;39m - &amp#27;[32mhttp-outgoing-1 >> "accept: application/json[\r][\n]"
&amp#27;[0;39m2023-05-08 13:18:55,855 [main] &amp#27;[39mDEBUG&amp#27;[0;39m &amp#27;[36mc.g.d.z.s.o.a.hc.client5.http.wire&amp#27;[0;39m - &amp#27;[32mhttp-outgoing-1 >> "x-tc-sid: f1b696c1-ec3f-4f95-afa8-081853be7ccb[\r][\n]"
&amp#27;[0;39m2023-05-08 13:18:55,855 [main] &amp#27;[39mDEBUG&amp#27;[0;39m &amp#27;[36mc.g.d.z.s.o.a.hc.client5.http.wire&amp#27;[0;39m - &amp#27;[32mhttp-outgoing-1 >> "Accept-Encoding: gzip, x-gzip, deflate[\r][\n]"
&amp#27;[0;39m2023-05-08 13:18:55,855 [main] &amp#27;[39mDEBUG&amp#27;[0;39m &amp#27;[36mc.g.d.z.s.o.a.hc.client5.http.wire&amp#27;[0;39m - &amp#27;[32mhttp-outgoing-1 >> "Host: localhost:2375[\r][\n]"
&amp#27;[0;39m2023-05-08 13:18:55,855 [main] &amp#27;[39mDEBUG&amp#27;[0;39m &amp#27;[36mc.g.d.z.s.o.a.hc.client5.http.wire&amp#27;[0;39m - &amp#27;[32mhttp-outgoing-1 >> "Connection: keep-alive[\r][\n]"
&amp#27;[0;39m2023-05-08 13:18:55,855 [main] &amp#27;[39mDEBUG&amp#27;[0;39m &amp#27;[36mc.g.d.z.s.o.a.hc.client5.http.wire&amp#27;[0;39m - &amp#27;[32mhttp-outgoing-1 >> "User-Agent: Apache-HttpClient/5.0.3 (Java/17.0.6)[\r][\n]"
&amp#27;[0;39m2023-05-08 13:18:55,855 [main] &amp#27;[39mDEBUG&amp#27;[0;39m &amp#27;[36mc.g.d.z.s.o.a.hc.client5.http.wire&amp#27;[0;39m - &amp#27;[32mhttp-outgoing-1 >> "[\r][\n]"
&amp#27;[0;39m2023-05-08 13:18:55,856 [main] &amp#27;[39mDEBUG&amp#27;[0;39m &amp#27;[36mc.g.d.z.s.o.a.hc.client5.http.wire&amp#27;[0;39m - &amp#27;[32mhttp-outgoing-1 << "HTTP/1.1 200 OK[\r][\n]"
&amp#27;[0;39m2023-05-08 13:18:55,856 [main] &amp#27;[39mDEBUG&amp#27;[0;39m &amp#27;[36mc.g.d.z.s.o.a.hc.client5.http.wire&amp#27;[0;39m - &amp#27;[32mhttp-outgoing-1 << "Api-Version: 1.42[\r][\n]"
&amp#27;[0;39m2023-05-08 13:18:55,856 [main] &amp#27;[39mDEBUG&amp#27;[0;39m &amp#27;[36mc.g.d.z.s.o.a.hc.client5.http.wire&amp#27;[0;39m - &amp#27;[32mhttp-outgoing-1 << "Content-Type: application/json[\r][\n]"
&amp#27;[0;39m2023-05-08 13:18:55,856 [main] &amp#27;[39mDEBUG&amp#27;[0;39m &amp#27;[36mc.g.d.z.s.o.a.hc.client5.http.wire&amp#27;[0;39m - &amp#27;[32mhttp-outgoing-1 << "Docker-Experimental: false[\r][\n]"
&amp#27;[0;39m2023-05-08 13:18:55,856 [main] &amp#27;[39mDEBUG&amp#27;[0;39m &amp#27;[36mc.g.d.z.s.o.a.hc.client5.http.wire&amp#27;[0;39m - &amp#27;[32mhttp-outgoing-1 << "Ostype: linux[\r][\n]"
&amp#27;[0;39m2023-05-08 13:18:55,856 [main] &amp#27;[39mDEBUG&amp#27;[0;39m &amp#27;[36mc.g.d.z.s.o.a.hc.client5.http.wire&amp#27;[0;39m - &amp#27;[32mhttp-outgoing-1 << "Server: Docker/23.0.5 (linux)[\r][\n]"
&amp#27;[0;39m2023-05-08 13:18:55,856 [main] &amp#27;[39mDEBUG&amp#27;[0;39m &amp#27;[36mc.g.d.z.s.o.a.hc.client5.http.wire&amp#27;[0;39m - &amp#27;[32mhttp-outgoing-1 << "Date: Mon, 08 May 2023 11:18:55 GMT[\r][\n]"
&amp#27;[0;39m2023-05-08 13:18:55,856 [main] &amp#27;[39mDEBUG&amp#27;[0;39m &amp#27;[36mc.g.d.z.s.o.a.hc.client5.http.wire&amp#27;[0;39m - &amp#27;[32mhttp-outgoing-1 << "Transfer-Encoding: chunked[\r][\n]"
&amp#27;[0;39m2023-05-08 13:18:55,856 [main] &amp#27;[39mDEBUG&amp#27;[0;39m &amp#27;[36mc.g.d.z.s.o.a.hc.client5.http.wire&amp#27;[0;39m - &amp#27;[32mhttp-outgoing-1 << "[\r][\n]"
&amp#27;[0;39m2023-05-08 13:18:55,856 [main] &amp#27;[39mDEBUG&amp#27;[0;39m &amp#27;[36mc.g.d.z.s.o.a.hc.client5.http.wire&amp#27;[0;39m - &amp#27;[32mhttp-outgoing-1 << "1890[\r][\n]"
&amp#27;[0;39m2023-05-08 13:18:55,856 [main] &amp#27;[39mDEBUG&amp#27;[0;39m &amp#27;[36mc.g.d.z.s.o.a.hc.client5.http.wire&amp#27;[0;39m - &amp#27;[32mhttp-outgoing-1 << "{"Id":"cccfb0602d7e775562ae171a9fe0a7ec811b6906268008a84fea93151d2a7305","Created":"2023-05-08T11:18:54.120535425Z","Path":"docker-entrypoint.sh","Args":["mysqld"],"State":{"Status":"running","Running":true,"Paused":false,"Restarting":false,"OOMKilled":false,"Dead":false,"Pid":59126,"ExitCode":0,"Error":"","StartedAt":"2023-05-08T11:18:54.468577716Z","FinishedAt":"0001-01-01T00:00:00Z"},"Image":"sha256:228d71078f8ce5ae9fd96b183f88c3a90e30544b4b7ce9d64a238d05fef2a681","ResolvConfPath":"/var/lib/docker/containers/cccfb0602d7e775562ae171a9fe0a7ec811b6906268008a84fea93151d2a7305/resolv.conf","HostnamePath":"/var/lib/docker/containers/cccfb0602d7e775562ae171a9fe0a7ec811b6906268008a84fea93151d2a7305/hostname","HostsPath":"/var/lib/docker/containers/cccfb0602d7e775562ae171a9fe0a7ec811b6906268008a84fea93151d2a7305/hosts","LogPath":"/var/lib/docker/containers/cccfb0602d7e775562ae171a9fe0a7ec811b6906268008a84fea93151d2a7305/cccfb0602d7e775562ae171a9fe0a7ec811b6906268008a84fea93151d2a7305-json.log","Name":"/charming_goodall","RestartCount":0,"Driver":"overlay2","Platform":"linux","MountLabel":"","ProcessLabel":"","AppArmorProfile":"docker-default","ExecIDs":null,"HostConfig":{"Binds":[],"ContainerIDFile":"","LogConfig":{"Type":"json-file","Config":{}},"NetworkMode":"default","PortBindings":{"3306/tcp":[{"HostIp":"","HostPort":""}]},"RestartPolicy":{"Name":"","MaximumRetryCount":0},"AutoRemove":false,"VolumeDriver":"","VolumesFrom":[],"ConsoleSize":[0,0],"CapAdd":null,"CapDrop":null,"CgroupnsMode":"private","Dns":null,"DnsOptions":null,"DnsSearch":null,"ExtraHosts":[],"GroupAdd":null,"IpcMode":"shareable","Cgroup":"","Links":null,"OomScoreAdj":0,"PidMode":"","Privileged":false,"PublishAllPorts":false,"ReadonlyRootfs":false,"SecurityOpt":null,"UTSMode":"","UsernsMode":"","ShmSize":67108864,"Runtime":"runc","Isolation":"","CpuShares":0,"Memory":0,"NanoCpus":0,"CgroupParent":"","BlkioWeight":0,"BlkioWeightDevice":null,"BlkioDeviceReadBps":null,"BlkioDeviceWriteBps":null,"BlkioDeviceReadIOps":null,"BlkioDeviceWriteIOps":null,"CpuPeriod":0,"CpuQuota":0,"CpuRealtimePeriod":0,"CpuRealtimeRuntime":0,"CpusetCpus":"","CpusetMems":"","Devices":null,"DeviceCgroupRules":null,"DeviceRequests":null,"MemoryReservation":0,"MemorySwap":0,"MemorySwappiness":null,"OomKillDisable":null,"PidsLimit":null,"Ulimits":null,"CpuCount":0,"CpuPercent":0,"IOMaximumIOps":0,"IOMaximumBandwidth":0,"MaskedPaths":["/proc/asound","/proc/acpi","/proc/kcore","/proc/keys","/proc/latency_stats","/proc/timer_list","/proc/timer_stats","/proc/sched_debug","/proc/scsi","/sys/firmware"],"ReadonlyPaths":["/proc/bus","/proc/fs","/proc/irq","/proc/sys","/proc/sysrq-trigger"]},"GraphDriver":{"Data":{"LowerDir":"/var/lib/docker/overlay2/0075f27ac39799b376a3e23bf05a650eb10c8a0f9ef49be1ab61e98fd3b93dc3-init/diff:/var/lib/docker/overlay2/4c6e20f032f02b27a9272f982861dc21998197aa90d94ed3bef95d449380247c/diff:/var/lib/docker/overlay2/0c75f828f603eff839bb3ca448163ab2a8017e86625ac255cd3dbf1673ddac26/diff:/var/lib/docker/overlay2/da128d897fda75829109844ce6cd9d73d0f54c682e735100af000ce899908729/diff:/var/lib/docker/overlay2/b678a1f261bf323afba6d76d91ab7428bdd6e1ef4a39b5224e4a1afd08c0423a/diff:/var/lib/docker/overlay2/1bec43b14875c5f9f814f146e8e31aa78566689c2c163da2ac60a32254988437/diff:/var/lib/docker/overlay2/28f4b1e6e1a7a2dbe30f1f94fb42bccd85a61faf8af1fe30a5bb0d442c525e41/diff:/var/lib/docker/overlay2/0f493124464c291d7c97d2633d5dff04b1dce5de904cb40a34dfbe7fe72e3fd4/diff:/var/lib/docker/overlay2/05befbee9e38cd670e1786b3310e99796dcc06abbed970007b4109a5424843fa/diff:/var/lib/docker/overlay2/582bcca9acfc4eef25109e1e1b9c9d104f355798455bc73e855c99283887a6e8/diff:/var/lib/docker/overlay2/153b3bf0b69e97e8f0e5533414a31ca33fa530e63d174c9617621abe46e7e9d1/diff:/var/lib/docker/overlay2/bf87a76c0a38875ee6e915fd0d2527eafa880ec6bf2c1cb294959428c18d10bd/diff","MergedDir":"/var/lib/docker/overlay2/0075f27ac39799b376a3e23bf05a650eb10c8a0f9ef49be1ab61e98fd3b93dc3/merged","UpperDir":"/var/lib/docker/overlay2/0075f27ac39799b376a3e23bf05a650eb10c8a0f9ef49be1ab61e98fd3b93dc3/diff","WorkDir":"/var/lib/docker/overlay2/0075f27ac39799b376a3e23bf05a650eb10c8a0f9ef49be1ab61e98fd3b93dc3/work"},"Name":"overlay2"},"Mounts":[{"Type":"volume","Name":"ffd30c8cc7ed7bf91bc1ebef46b0f06493ce1d3121e28c37d40240bd74b844a5","Source":"/var/lib/docker/volumes/ffd30c8cc7ed7bf91bc1ebef46b0f06493ce1d3121e28c37d40240bd74b844a5/_data","Destination":"/var/lib/mysql","Driver":"local","Mode":"","RW":true,"Propagation":""}],"Config":{"Hostname":"cccfb0602d7e","Domainname":"","User":"","AttachStdin":false,"AttachStdout":false,"AttachStderr":false,"ExposedPorts":{"3306/tcp":{}},"Tty":false,"OpenStdin":false,"StdinOnce":false,"Env":["MYSQL_DATABASE=test","MYSQL_PASSWORD=test","MYSQL_USER=test","MYSQL_ROOT_PASSWORD=test","PATH=/usr/local/sbin:/usr/local/bin:/usr/sbin:/usr/bin:/sbin:/bin","GOSU_VERSION=1.7","MYSQL_MAJOR=8.0","MYSQL_VERSION=8.0.0-dmr-1debian8"],"Cmd":["mysqld"],"Image":"mysql:8.0.0","Volumes":{"/var/lib/mysql":{}},"WorkingDir":"","Entrypoint":["docker-entrypoint.sh"],"OnBuild":null,"Labels":{"org.testcontainers":"true","org.testcontainers.lang":"java","org.testcontainers.sessionId":"f1b696c1-ec3f-4f95-afa8-081853be7ccb","org.testcontainers.version":"1.18.0"}},"NetworkSettings":{"Bridge":"","SandboxID":"75a4ef0436803615aa77c8b97de3cbbdd49519261fe2b3b6cdcae9bd2b1154aa","HairpinMode":false,"LinkLocalIPv6Address":"","LinkLocalIPv6PrefixLen":0,"Ports":{"3306/tcp":[{"HostIp":"0.0.0.0","HostPort":"32781"},{"HostIp":"::","HostPort":"32781"}]},"SandboxKey":"/var/run/docker/netns/75a4ef043680","SecondaryIPAddresses":null,"SecondaryIPv6Addresses":null,"EndpointID":"de3a5c9cc9471fdbec5943d78a8803fca61208fe4021ac9d3922ee2e8ec0d135","Gateway":"172.17.0.1","GlobalIPv6Address":"","GlobalIPv6PrefixLen":0,"IPAddress":"172.17.0.3","IPPrefixLen":16,"IPv6Gateway":"","MacAddress":"02:42:ac:11:00:03","Networks":{"bridge":{"IPAMConfig":null,"Links":null,"Aliases":null,"NetworkID":"e1a078e12eb8d77b497ed932f7fb43787eeb6ff6972febd7d03c9282b8b5cd45","EndpointID":"de3a5c9cc9471fdbec5943d78a8803fca61208fe4021ac9d3922ee2e8ec0d135","Gateway":"172.17.0.1","IPAddress":"172.17.0.3","IPPrefixLen":16,"IPv6Gateway":"","GlobalIPv6Address":"","GlobalIPv6PrefixLen":0,"MacAddress":"02:42:ac:11:00:03","DriverOpts":null}}}}[\n]"
&amp#27;[0;39m2023-05-08 13:18:55,856 [main] &amp#27;[39mDEBUG&amp#27;[0;39m &amp#27;[36mc.g.d.z.s.o.a.hc.client5.http.wire&amp#27;[0;39m - &amp#27;[32mhttp-outgoing-1 << "[\r][\n]"
&amp#27;[0;39m2023-05-08 13:18:55,856 [main] &amp#27;[39mDEBUG&amp#27;[0;39m &amp#27;[36mc.g.d.z.s.o.a.hc.client5.http.wire&amp#27;[0;39m - &amp#27;[32mhttp-outgoing-1 << "0[\r][\n]"
&amp#27;[0;39m2023-05-08 13:18:55,856 [main] &amp#27;[39mDEBUG&amp#27;[0;39m &amp#27;[36mc.g.d.z.s.o.a.hc.client5.http.wire&amp#27;[0;39m - &amp#27;[32mhttp-outgoing-1 << "[\r][\n]"
&amp#27;[0;39m2023-05-08 13:18:55,856 [main] &amp#27;[39mDEBUG&amp#27;[0;39m &amp#27;[36mc.g.d.z.s.o.a.h.client5.http.headers&amp#27;[0;39m - &amp#27;[32mhttp-outgoing-1 << HTTP/1.1 200 OK
&amp#27;[0;39m2023-05-08 13:18:55,856 [main] &amp#27;[39mDEBUG&amp#27;[0;39m &amp#27;[36mc.g.d.z.s.o.a.h.client5.http.headers&amp#27;[0;39m - &amp#27;[32mhttp-outgoing-1 << Api-Version: 1.42
&amp#27;[0;39m2023-05-08 13:18:55,856 [main] &amp#27;[39mDEBUG&amp#27;[0;39m &amp#27;[36mc.g.d.z.s.o.a.h.client5.http.headers&amp#27;[0;39m - &amp#27;[32mhttp-outgoing-1 << Content-Type: application/json
&amp#27;[0;39m2023-05-08 13:18:55,856 [main] &amp#27;[39mDEBUG&amp#27;[0;39m &amp#27;[36mc.g.d.z.s.o.a.h.client5.http.headers&amp#27;[0;39m - &amp#27;[32mhttp-outgoing-1 << Docker-Experimental: false
&amp#27;[0;39m2023-05-08 13:18:55,856 [main] &amp#27;[39mDEBUG&amp#27;[0;39m &amp#27;[36mc.g.d.z.s.o.a.h.client5.http.headers&amp#27;[0;39m - &amp#27;[32mhttp-outgoing-1 << Ostype: linux
&amp#27;[0;39m2023-05-08 13:18:55,856 [main] &amp#27;[39mDEBUG&amp#27;[0;39m &amp#27;[36mc.g.d.z.s.o.a.h.client5.http.headers&amp#27;[0;39m - &amp#27;[32mhttp-outgoing-1 << Server: Docker/23.0.5 (linux)
&amp#27;[0;39m2023-05-08 13:18:55,856 [main] &amp#27;[39mDEBUG&amp#27;[0;39m &amp#27;[36mc.g.d.z.s.o.a.h.client5.http.headers&amp#27;[0;39m - &amp#27;[32mhttp-outgoing-1 << Date: Mon, 08 May 2023 11:18:55 GMT
&amp#27;[0;39m2023-05-08 13:18:55,856 [main] &amp#27;[39mDEBUG&amp#27;[0;39m &amp#27;[36mc.g.d.z.s.o.a.h.client5.http.headers&amp#27;[0;39m - &amp#27;[32mhttp-outgoing-1 << Transfer-Encoding: chunked
&amp#27;[0;39m2023-05-08 13:18:55,856 [main] &amp#27;[39mDEBUG&amp#27;[0;39m &amp#27;[36mc.g.d.z.s.o.a.h.c.h.i.c.MainClientExec&amp#27;[0;39m - &amp#27;[32mex-0000001D: connection can be kept alive for 3 MINUTES
&amp#27;[0;39m2023-05-08 13:18:55,859 [main] &amp#27;[39mDEBUG&amp#27;[0;39m &amp#27;[36mc.g.d.z.s.o.a.h.c.h.i.c.InternalHttpClient&amp#27;[0;39m - &amp#27;[32mep-0000001C: releasing valid endpoint
&amp#27;[0;39m2023-05-08 13:18:55,859 [main] &amp#27;[39mDEBUG&amp#27;[0;39m &amp#27;[36mc.g.d.z.s.o.a.h.c.h.i.i.PoolingHttpClientConnectionManager&amp#27;[0;39m - &amp#27;[32mep-0000001C: releasing endpoint
&amp#27;[0;39m2023-05-08 13:18:55,859 [main] &amp#27;[39mDEBUG&amp#27;[0;39m &amp#27;[36mc.g.d.z.s.o.a.h.c.h.i.i.PoolingHttpClientConnectionManager&amp#27;[0;39m - &amp#27;[32mep-0000001C: connection http-outgoing-1 can be kept alive for 3 MINUTES
&amp#27;[0;39m2023-05-08 13:18:55,859 [main] &amp#27;[39mDEBUG&amp#27;[0;39m &amp#27;[36mc.g.d.z.s.o.a.h.c.h.i.i.PoolingHttpClientConnectionManager&amp#27;[0;39m - &amp#27;[32mep-0000001C: connection released [route: {}->unix://localhost:2375][total available: 1; route allocated: 1 of 2147483647; total allocated: 1 of 2147483647]
&amp#27;[0;39m2023-05-08 13:18:55,859 [main] &amp#27;[39mDEBUG&amp#27;[0;39m &amp#27;[36mtc.mysql:8.0.0&amp#27;[0;39m - &amp#27;[32mTrying to create JDBC connection using com.mysql.cj.jdbc.Driver to jdbc:mysql://localhost:32781/test?useSSL=false&allowPublicKeyRetrieval=true with properties: {password=test, user=test}
&amp#27;[0;39m2023-05-08 13:18:55,960 [main] &amp#27;[39mDEBUG&amp#27;[0;39m &amp#27;[36mo.t.s.c.g.d.c.command.AbstrDockerCmd&amp#27;[0;39m - &amp#27;[32mCmd: cccfb0602d7e775562ae171a9fe0a7ec811b6906268008a84fea93151d2a7305,false
&amp#27;[0;39m2023-05-08 13:18:55,961 [main] &amp#27;[39mDEBUG&amp#27;[0;39m &amp#27;[36mo.t.s.c.g.d.c.e.InspectContainerCmdExec&amp#27;[0;39m - &amp#27;[32mGET: DefaultWebTarget{path=[/containers/cccfb0602d7e775562ae171a9fe0a7ec811b6906268008a84fea93151d2a7305/json], queryParams={}}
&amp#27;[0;39m2023-05-08 13:18:55,961 [main] &amp#27;[39mDEBUG&amp#27;[0;39m &amp#27;[36mc.g.d.z.s.o.a.h.c.h.i.c.InternalHttpClient&amp#27;[0;39m - &amp#27;[32mex-0000001E: preparing request execution
&amp#27;[0;39m2023-05-08 13:18:55,961 [main] &amp#27;[39mDEBUG&amp#27;[0;39m &amp#27;[36mc.g.d.z.s.o.a.h.c.h.p.RequestAddCookies&amp#27;[0;39m - &amp#27;[32mCookie spec selected: strict
&amp#27;[0;39m2023-05-08 13:18:55,961 [main] &amp#27;[39mDEBUG&amp#27;[0;39m &amp#27;[36mc.g.d.z.s.o.a.h.c.h.p.RequestAuthCache&amp#27;[0;39m - &amp#27;[32mAuth cache not set in the context
&amp#27;[0;39m2023-05-08 13:18:55,961 [main] &amp#27;[39mDEBUG&amp#27;[0;39m &amp#27;[36mc.g.d.z.s.o.a.h.c.h.i.c.ProtocolExec&amp#27;[0;39m - &amp#27;[32mex-0000001E: target auth state: UNCHALLENGED
&amp#27;[0;39m2023-05-08 13:18:55,961 [main] &amp#27;[39mDEBUG&amp#27;[0;39m &amp#27;[36mc.g.d.z.s.o.a.h.c.h.i.c.ProtocolExec&amp#27;[0;39m - &amp#27;[32mex-0000001E: proxy auth state: UNCHALLENGED
&amp#27;[0;39m2023-05-08 13:18:55,961 [main] &amp#27;[39mDEBUG&amp#27;[0;39m &amp#27;[36mc.g.d.z.s.o.a.h.c.h.i.c.ConnectExec&amp#27;[0;39m - &amp#27;[32mex-0000001E: acquiring connection with route {}->unix://localhost:2375
&amp#27;[0;39m2023-05-08 13:18:55,961 [main] &amp#27;[39mDEBUG&amp#27;[0;39m &amp#27;[36mc.g.d.z.s.o.a.h.c.h.i.c.InternalHttpClient&amp#27;[0;39m - &amp#27;[32mex-0000001E: acquiring endpoint (3 MINUTES)
&amp#27;[0;39m2023-05-08 13:18:55,961 [main] &amp#27;[39mDEBUG&amp#27;[0;39m &amp#27;[36mc.g.d.z.s.o.a.h.c.h.i.i.PoolingHttpClientConnectionManager&amp#27;[0;39m - &amp#27;[32mex-0000001E: endpoint lease request (3 MINUTES) [route: {}->unix://localhost:2375][total available: 1; route allocated: 1 of 2147483647; total allocated: 1 of 2147483647]
&amp#27;[0;39m2023-05-08 13:18:55,961 [main] &amp#27;[39mDEBUG&amp#27;[0;39m &amp#27;[36mc.g.d.z.s.o.a.h.c.h.i.i.PoolingHttpClientConnectionManager&amp#27;[0;39m - &amp#27;[32mex-0000001E: endpoint leased [route: {}->unix://localhost:2375][total available: 0; route allocated: 1 of 2147483647; total allocated: 1 of 2147483647]
&amp#27;[0;39m2023-05-08 13:18:55,961 [main] &amp#27;[39mDEBUG&amp#27;[0;39m &amp#27;[36mc.g.d.z.s.o.a.h.c.h.i.i.PoolingHttpClientConnectionManager&amp#27;[0;39m - &amp#27;[32mex-0000001E: acquired ep-0000001D
&amp#27;[0;39m2023-05-08 13:18:55,961 [main] &amp#27;[39mDEBUG&amp#27;[0;39m &amp#27;[36mc.g.d.z.s.o.a.h.c.h.i.c.InternalHttpClient&amp#27;[0;39m - &amp#27;[32mex-0000001E: acquired endpoint ep-0000001D
&amp#27;[0;39m2023-05-08 13:18:55,961 [main] &amp#27;[39mDEBUG&amp#27;[0;39m &amp#27;[36mc.g.d.z.s.o.a.h.c.h.i.c.MainClientExec&amp#27;[0;39m - &amp#27;[32mex-0000001E: executing GET /v1.32/containers/cccfb0602d7e775562ae171a9fe0a7ec811b6906268008a84fea93151d2a7305/json HTTP/1.1
&amp#27;[0;39m2023-05-08 13:18:55,961 [main] &amp#27;[39mDEBUG&amp#27;[0;39m &amp#27;[36mc.g.d.z.s.o.a.h.c.h.i.c.InternalHttpClient&amp#27;[0;39m - &amp#27;[32mep-0000001D: start execution ex-0000001E
&amp#27;[0;39m2023-05-08 13:18:55,961 [main] &amp#27;[39mDEBUG&amp#27;[0;39m &amp#27;[36mc.g.d.z.s.o.a.h.c.h.i.i.PoolingHttpClientConnectionManager&amp#27;[0;39m - &amp#27;[32mep-0000001D: executing exchange ex-0000001E over http-outgoing-1
&amp#27;[0;39m2023-05-08 13:18:55,962 [main] &amp#27;[39mDEBUG&amp#27;[0;39m &amp#27;[36mc.g.d.z.s.o.a.h.client5.http.headers&amp#27;[0;39m - &amp#27;[32mhttp-outgoing-1 >> GET /v1.32/containers/cccfb0602d7e775562ae171a9fe0a7ec811b6906268008a84fea93151d2a7305/json HTTP/1.1
&amp#27;[0;39m2023-05-08 13:18:55,962 [main] &amp#27;[39mDEBUG&amp#27;[0;39m &amp#27;[36mc.g.d.z.s.o.a.h.client5.http.headers&amp#27;[0;39m - &amp#27;[32mhttp-outgoing-1 >> accept: application/json
&amp#27;[0;39m2023-05-08 13:18:55,962 [main] &amp#27;[39mDEBUG&amp#27;[0;39m &amp#27;[36mc.g.d.z.s.o.a.h.client5.http.headers&amp#27;[0;39m - &amp#27;[32mhttp-outgoing-1 >> x-tc-sid: f1b696c1-ec3f-4f95-afa8-081853be7ccb
&amp#27;[0;39m2023-05-08 13:18:55,962 [main] &amp#27;[39mDEBUG&amp#27;[0;39m &amp#27;[36mc.g.d.z.s.o.a.h.client5.http.headers&amp#27;[0;39m - &amp#27;[32mhttp-outgoing-1 >> Accept-Encoding: gzip, x-gzip, deflate
&amp#27;[0;39m2023-05-08 13:18:55,962 [main] &amp#27;[39mDEBUG&amp#27;[0;39m &amp#27;[36mc.g.d.z.s.o.a.h.client5.http.headers&amp#27;[0;39m - &amp#27;[32mhttp-outgoing-1 >> Host: localhost:2375
&amp#27;[0;39m2023-05-08 13:18:55,962 [main] &amp#27;[39mDEBUG&amp#27;[0;39m &amp#27;[36mc.g.d.z.s.o.a.h.client5.http.headers&amp#27;[0;39m - &amp#27;[32mhttp-outgoing-1 >> Connection: keep-alive
&amp#27;[0;39m2023-05-08 13:18:55,962 [main] &amp#27;[39mDEBUG&amp#27;[0;39m &amp#27;[36mc.g.d.z.s.o.a.h.client5.http.headers&amp#27;[0;39m - &amp#27;[32mhttp-outgoing-1 >> User-Agent: Apache-HttpClient/5.0.3 (Java/17.0.6)
&amp#27;[0;39m2023-05-08 13:18:55,962 [main] &amp#27;[39mDEBUG&amp#27;[0;39m &amp#27;[36mc.g.d.z.s.o.a.hc.client5.http.wire&amp#27;[0;39m - &amp#27;[32mhttp-outgoing-1 >> "GET /v1.32/containers/cccfb0602d7e775562ae171a9fe0a7ec811b6906268008a84fea93151d2a7305/json HTTP/1.1[\r][\n]"
&amp#27;[0;39m2023-05-08 13:18:55,962 [main] &amp#27;[39mDEBUG&amp#27;[0;39m &amp#27;[36mc.g.d.z.s.o.a.hc.client5.http.wire&amp#27;[0;39m - &amp#27;[32mhttp-outgoing-1 >> "accept: application/json[\r][\n]"
&amp#27;[0;39m2023-05-08 13:18:55,962 [main] &amp#27;[39mDEBUG&amp#27;[0;39m &amp#27;[36mc.g.d.z.s.o.a.hc.client5.http.wire&amp#27;[0;39m - &amp#27;[32mhttp-outgoing-1 >> "x-tc-sid: f1b696c1-ec3f-4f95-afa8-081853be7ccb[\r][\n]"
&amp#27;[0;39m2023-05-08 13:18:55,962 [main] &amp#27;[39mDEBUG&amp#27;[0;39m &amp#27;[36mc.g.d.z.s.o.a.hc.client5.http.wire&amp#27;[0;39m - &amp#27;[32mhttp-outgoing-1 >> "Accept-Encoding: gzip, x-gzip, deflate[\r][\n]"
&amp#27;[0;39m2023-05-08 13:18:55,962 [main] &amp#27;[39mDEBUG&amp#27;[0;39m &amp#27;[36mc.g.d.z.s.o.a.hc.client5.http.wire&amp#27;[0;39m - &amp#27;[32mhttp-outgoing-1 >> "Host: localhost:2375[\r][\n]"
&amp#27;[0;39m2023-05-08 13:18:55,962 [main] &amp#27;[39mDEBUG&amp#27;[0;39m &amp#27;[36mc.g.d.z.s.o.a.hc.client5.http.wire&amp#27;[0;39m - &amp#27;[32mhttp-outgoing-1 >> "Connection: keep-alive[\r][\n]"
&amp#27;[0;39m2023-05-08 13:18:55,962 [main] &amp#27;[39mDEBUG&amp#27;[0;39m &amp#27;[36mc.g.d.z.s.o.a.hc.client5.http.wire&amp#27;[0;39m - &amp#27;[32mhttp-outgoing-1 >> "User-Agent: Apache-HttpClient/5.0.3 (Java/17.0.6)[\r][\n]"
&amp#27;[0;39m2023-05-08 13:18:55,962 [main] &amp#27;[39mDEBUG&amp#27;[0;39m &amp#27;[36mc.g.d.z.s.o.a.hc.client5.http.wire&amp#27;[0;39m - &amp#27;[32mhttp-outgoing-1 >> "[\r][\n]"
&amp#27;[0;39m2023-05-08 13:18:55,962 [main] &amp#27;[39mDEBUG&amp#27;[0;39m &amp#27;[36mc.g.d.z.s.o.a.hc.client5.http.wire&amp#27;[0;39m - &amp#27;[32mhttp-outgoing-1 << "HTTP/1.1 200 OK[\r][\n]"
&amp#27;[0;39m2023-05-08 13:18:55,962 [main] &amp#27;[39mDEBUG&amp#27;[0;39m &amp#27;[36mc.g.d.z.s.o.a.hc.client5.http.wire&amp#27;[0;39m - &amp#27;[32mhttp-outgoing-1 << "Api-Version: 1.42[\r][\n]"
&amp#27;[0;39m2023-05-08 13:18:55,962 [main] &amp#27;[39mDEBUG&amp#27;[0;39m &amp#27;[36mc.g.d.z.s.o.a.hc.client5.http.wire&amp#27;[0;39m - &amp#27;[32mhttp-outgoing-1 << "Content-Type: application/json[\r][\n]"
&amp#27;[0;39m2023-05-08 13:18:55,962 [main] &amp#27;[39mDEBUG&amp#27;[0;39m &amp#27;[36mc.g.d.z.s.o.a.hc.client5.http.wire&amp#27;[0;39m - &amp#27;[32mhttp-outgoing-1 << "Docker-Experimental: false[\r][\n]"
&amp#27;[0;39m2023-05-08 13:18:55,962 [main] &amp#27;[39mDEBUG&amp#27;[0;39m &amp#27;[36mc.g.d.z.s.o.a.hc.client5.http.wire&amp#27;[0;39m - &amp#27;[32mhttp-outgoing-1 << "Ostype: linux[\r][\n]"
&amp#27;[0;39m2023-05-08 13:18:55,962 [main] &amp#27;[39mDEBUG&amp#27;[0;39m &amp#27;[36mc.g.d.z.s.o.a.hc.client5.http.wire&amp#27;[0;39m - &amp#27;[32mhttp-outgoing-1 << "Server: Docker/23.0.5 (linux)[\r][\n]"
&amp#27;[0;39m2023-05-08 13:18:55,962 [main] &amp#27;[39mDEBUG&amp#27;[0;39m &amp#27;[36mc.g.d.z.s.o.a.hc.client5.http.wire&amp#27;[0;39m - &amp#27;[32mhttp-outgoing-1 << "Date: Mon, 08 May 2023 11:18:55 GMT[\r][\n]"
&amp#27;[0;39m2023-05-08 13:18:55,962 [main] &amp#27;[39mDEBUG&amp#27;[0;39m &amp#27;[36mc.g.d.z.s.o.a.hc.client5.http.wire&amp#27;[0;39m - &amp#27;[32mhttp-outgoing-1 << "Transfer-Encoding: chunked[\r][\n]"
&amp#27;[0;39m2023-05-08 13:18:55,962 [main] &amp#27;[39mDEBUG&amp#27;[0;39m &amp#27;[36mc.g.d.z.s.o.a.hc.client5.http.wire&amp#27;[0;39m - &amp#27;[32mhttp-outgoing-1 << "[\r][\n]"
&amp#27;[0;39m2023-05-08 13:18:55,962 [main] &amp#27;[39mDEBUG&amp#27;[0;39m &amp#27;[36mc.g.d.z.s.o.a.hc.client5.http.wire&amp#27;[0;39m - &amp#27;[32mhttp-outgoing-1 << "1890[\r][\n]"
&amp#27;[0;39m2023-05-08 13:18:55,962 [main] &amp#27;[39mDEBUG&amp#27;[0;39m &amp#27;[36mc.g.d.z.s.o.a.hc.client5.http.wire&amp#27;[0;39m - &amp#27;[32mhttp-outgoing-1 << "{"Id":"cccfb0602d7e775562ae171a9fe0a7ec811b6906268008a84fea93151d2a7305","Created":"2023-05-08T11:18:54.120535425Z","Path":"docker-entrypoint.sh","Args":["mysqld"],"State":{"Status":"running","Running":true,"Paused":false,"Restarting":false,"OOMKilled":false,"Dead":false,"Pid":59126,"ExitCode":0,"Error":"","StartedAt":"2023-05-08T11:18:54.468577716Z","FinishedAt":"0001-01-01T00:00:00Z"},"Image":"sha256:228d71078f8ce5ae9fd96b183f88c3a90e30544b4b7ce9d64a238d05fef2a681","ResolvConfPath":"/var/lib/docker/containers/cccfb0602d7e775562ae171a9fe0a7ec811b6906268008a84fea93151d2a7305/resolv.conf","HostnamePath":"/var/lib/docker/containers/cccfb0602d7e775562ae171a9fe0a7ec811b6906268008a84fea93151d2a7305/hostname","HostsPath":"/var/lib/docker/containers/cccfb0602d7e775562ae171a9fe0a7ec811b6906268008a84fea93151d2a7305/hosts","LogPath":"/var/lib/docker/containers/cccfb0602d7e775562ae171a9fe0a7ec811b6906268008a84fea93151d2a7305/cccfb0602d7e775562ae171a9fe0a7ec811b6906268008a84fea93151d2a7305-json.log","Name":"/charming_goodall","RestartCount":0,"Driver":"overlay2","Platform":"linux","MountLabel":"","ProcessLabel":"","AppArmorProfile":"docker-default","ExecIDs":null,"HostConfig":{"Binds":[],"ContainerIDFile":"","LogConfig":{"Type":"json-file","Config":{}},"NetworkMode":"default","PortBindings":{"3306/tcp":[{"HostIp":"","HostPort":""}]},"RestartPolicy":{"Name":"","MaximumRetryCount":0},"AutoRemove":false,"VolumeDriver":"","VolumesFrom":[],"ConsoleSize":[0,0],"CapAdd":null,"CapDrop":null,"CgroupnsMode":"private","Dns":null,"DnsOptions":null,"DnsSearch":null,"ExtraHosts":[],"GroupAdd":null,"IpcMode":"shareable","Cgroup":"","Links":null,"OomScoreAdj":0,"PidMode":"","Privileged":false,"PublishAllPorts":false,"ReadonlyRootfs":false,"SecurityOpt":null,"UTSMode":"","UsernsMode":"","ShmSize":67108864,"Runtime":"runc","Isolation":"","CpuShares":0,"Memory":0,"NanoCpus":0,"CgroupParent":"","BlkioWeight":0,"BlkioWeightDevice":null,"BlkioDeviceReadBps":null,"BlkioDeviceWriteBps":null,"BlkioDeviceReadIOps":null,"BlkioDeviceWriteIOps":null,"CpuPeriod":0,"CpuQuota":0,"CpuRealtimePeriod":0,"CpuRealtimeRuntime":0,"CpusetCpus":"","CpusetMems":"","Devices":null,"DeviceCgroupRules":null,"DeviceRequests":null,"MemoryReservation":0,"MemorySwap":0,"MemorySwappiness":null,"OomKillDisable":null,"PidsLimit":null,"Ulimits":null,"CpuCount":0,"CpuPercent":0,"IOMaximumIOps":0,"IOMaximumBandwidth":0,"MaskedPaths":["/proc/asound","/proc/acpi","/proc/kcore","/proc/keys","/proc/latency_stats","/proc/timer_list","/proc/timer_stats","/proc/sched_debug","/proc/scsi","/sys/firmware"],"ReadonlyPaths":["/proc/bus","/proc/fs","/proc/irq","/proc/sys","/proc/sysrq-trigger"]},"GraphDriver":{"Data":{"LowerDir":"/var/lib/docker/overlay2/0075f27ac39799b376a3e23bf05a650eb10c8a0f9ef49be1ab61e98fd3b93dc3-init/diff:/var/lib/docker/overlay2/4c6e20f032f02b27a9272f982861dc21998197aa90d94ed3bef95d449380247c/diff:/var/lib/docker/overlay2/0c75f828f603eff839bb3ca448163ab2a8017e86625ac255cd3dbf1673ddac26/diff:/var/lib/docker/overlay2/da128d897fda75829109844ce6cd9d73d0f54c682e735100af000ce899908729/diff:/var/lib/docker/overlay2/b678a1f261bf323afba6d76d91ab7428bdd6e1ef4a39b5224e4a1afd08c0423a/diff:/var/lib/docker/overlay2/1bec43b14875c5f9f814f146e8e31aa78566689c2c163da2ac60a32254988437/diff:/var/lib/docker/overlay2/28f4b1e6e1a7a2dbe30f1f94fb42bccd85a61faf8af1fe30a5bb0d442c525e41/diff:/var/lib/docker/overlay2/0f493124464c291d7c97d2633d5dff04b1dce5de904cb40a34dfbe7fe72e3fd4/diff:/var/lib/docker/overlay2/05befbee9e38cd670e1786b3310e99796dcc06abbed970007b4109a5424843fa/diff:/var/lib/docker/overlay2/582bcca9acfc4eef25109e1e1b9c9d104f355798455bc73e855c99283887a6e8/diff:/var/lib/docker/overlay2/153b3bf0b69e97e8f0e5533414a31ca33fa530e63d174c9617621abe46e7e9d1/diff:/var/lib/docker/overlay2/bf87a76c0a38875ee6e915fd0d2527eafa880ec6bf2c1cb294959428c18d10bd/diff","MergedDir":"/var/lib/docker/overlay2/0075f27ac39799b376a3e23bf05a650eb10c8a0f9ef49be1ab61e98fd3b93dc3/merged","UpperDir":"/var/lib/docker/overlay2/0075f27ac39799b376a3e23bf05a650eb10c8a0f9ef49be1ab61e98fd3b93dc3/diff","WorkDir":"/var/lib/docker/overlay2/0075f27ac39799b376a3e23bf05a650eb10c8a0f9ef49be1ab61e98fd3b93dc3/work"},"Name":"overlay2"},"Mounts":[{"Type":"volume","Name":"ffd30c8cc7ed7bf91bc1ebef46b0f06493ce1d3121e28c37d40240bd74b844a5","Source":"/var/lib/docker/volumes/ffd30c8cc7ed7bf91bc1ebef46b0f06493ce1d3121e28c37d40240bd74b844a5/_data","Destination":"/var/lib/mysql","Driver":"local","Mode":"","RW":true,"Propagation":""}],"Config":{"Hostname":"cccfb0602d7e","Domainname":"","User":"","AttachStdin":false,"AttachStdout":false,"AttachStderr":false,"ExposedPorts":{"3306/tcp":{}},"Tty":false,"OpenStdin":false,"StdinOnce":false,"Env":["MYSQL_DATABASE=test","MYSQL_PASSWORD=test","MYSQL_USER=test","MYSQL_ROOT_PASSWORD=test","PATH=/usr/local/sbin:/usr/local/bin:/usr/sbin:/usr/bin:/sbin:/bin","GOSU_VERSION=1.7","MYSQL_MAJOR=8.0","MYSQL_VERSION=8.0.0-dmr-1debian8"],"Cmd":["mysqld"],"Image":"mysql:8.0.0","Volumes":{"/var/lib/mysql":{}},"WorkingDir":"","Entrypoint":["docker-entrypoint.sh"],"OnBuild":null,"Labels":{"org.testcontainers":"true","org.testcontainers.lang":"java","org.testcontainers.sessionId":"f1b696c1-ec3f-4f95-afa8-081853be7ccb","org.testcontainers.version":"1.18.0"}},"NetworkSettings":{"Bridge":"","SandboxID":"75a4ef0436803615aa77c8b97de3cbbdd49519261fe2b3b6cdcae9bd2b1154aa","HairpinMode":false,"LinkLocalIPv6Address":"","LinkLocalIPv6PrefixLen":0,"Ports":{"3306/tcp":[{"HostIp":"0.0.0.0","HostPort":"32781"},{"HostIp":"::","HostPort":"32781"}]},"SandboxKey":"/var/run/docker/netns/75a4ef043680","SecondaryIPAddresses":null,"SecondaryIPv6Addresses":null,"EndpointID":"de3a5c9cc9471fdbec5943d78a8803fca61208fe4021ac9d3922ee2e8ec0d135","Gateway":"172.17.0.1","GlobalIPv6Address":"","GlobalIPv6PrefixLen":0,"IPAddress":"172.17.0.3","IPPrefixLen":16,"IPv6Gateway":"","MacAddress":"02:42:ac:11:00:03","Networks":{"bridge":{"IPAMConfig":null,"Links":null,"Aliases":null,"NetworkID":"e1a078e12eb8d77b497ed932f7fb43787eeb6ff6972febd7d03c9282b8b5cd45","EndpointID":"de3a5c9cc9471fdbec5943d78a8803fca61208fe4021ac9d3922ee2e8ec0d135","Gateway":"172.17.0.1","IPAddress":"172.17.0.3","IPPrefixLen":16,"IPv6Gateway":"","GlobalIPv6Address":"","GlobalIPv6PrefixLen":0,"MacAddress":"02:42:ac:11:00:03","DriverOpts":null}}}}[\n]"
&amp#27;[0;39m2023-05-08 13:18:55,962 [main] &amp#27;[39mDEBUG&amp#27;[0;39m &amp#27;[36mc.g.d.z.s.o.a.hc.client5.http.wire&amp#27;[0;39m - &amp#27;[32mhttp-outgoing-1 << "[\r][\n]"
&amp#27;[0;39m2023-05-08 13:18:55,962 [main] &amp#27;[39mDEBUG&amp#27;[0;39m &amp#27;[36mc.g.d.z.s.o.a.hc.client5.http.wire&amp#27;[0;39m - &amp#27;[32mhttp-outgoing-1 << "0[\r][\n]"
&amp#27;[0;39m2023-05-08 13:18:55,962 [main] &amp#27;[39mDEBUG&amp#27;[0;39m &amp#27;[36mc.g.d.z.s.o.a.hc.client5.http.wire&amp#27;[0;39m - &amp#27;[32mhttp-outgoing-1 << "[\r][\n]"
&amp#27;[0;39m2023-05-08 13:18:55,962 [main] &amp#27;[39mDEBUG&amp#27;[0;39m &amp#27;[36mc.g.d.z.s.o.a.h.client5.http.headers&amp#27;[0;39m - &amp#27;[32mhttp-outgoing-1 << HTTP/1.1 200 OK
&amp#27;[0;39m2023-05-08 13:18:55,962 [main] &amp#27;[39mDEBUG&amp#27;[0;39m &amp#27;[36mc.g.d.z.s.o.a.h.client5.http.headers&amp#27;[0;39m - &amp#27;[32mhttp-outgoing-1 << Api-Version: 1.42
&amp#27;[0;39m2023-05-08 13:18:55,962 [main] &amp#27;[39mDEBUG&amp#27;[0;39m &amp#27;[36mc.g.d.z.s.o.a.h.client5.http.headers&amp#27;[0;39m - &amp#27;[32mhttp-outgoing-1 << Content-Type: application/json
&amp#27;[0;39m2023-05-08 13:18:55,962 [main] &amp#27;[39mDEBUG&amp#27;[0;39m &amp#27;[36mc.g.d.z.s.o.a.h.client5.http.headers&amp#27;[0;39m - &amp#27;[32mhttp-outgoing-1 << Docker-Experimental: false
&amp#27;[0;39m2023-05-08 13:18:55,962 [main] &amp#27;[39mDEBUG&amp#27;[0;39m &amp#27;[36mc.g.d.z.s.o.a.h.client5.http.headers&amp#27;[0;39m - &amp#27;[32mhttp-outgoing-1 << Ostype: linux
&amp#27;[0;39m2023-05-08 13:18:55,962 [main] &amp#27;[39mDEBUG&amp#27;[0;39m &amp#27;[36mc.g.d.z.s.o.a.h.client5.http.headers&amp#27;[0;39m - &amp#27;[32mhttp-outgoing-1 << Server: Docker/23.0.5 (linux)
&amp#27;[0;39m2023-05-08 13:18:55,962 [main] &amp#27;[39mDEBUG&amp#27;[0;39m &amp#27;[36mc.g.d.z.s.o.a.h.client5.http.headers&amp#27;[0;39m - &amp#27;[32mhttp-outgoing-1 << Date: Mon, 08 May 2023 11:18:55 GMT
&amp#27;[0;39m2023-05-08 13:18:55,962 [main] &amp#27;[39mDEBUG&amp#27;[0;39m &amp#27;[36mc.g.d.z.s.o.a.h.client5.http.headers&amp#27;[0;39m - &amp#27;[32mhttp-outgoing-1 << Transfer-Encoding: chunked
&amp#27;[0;39m2023-05-08 13:18:55,963 [main] &amp#27;[39mDEBUG&amp#27;[0;39m &amp#27;[36mc.g.d.z.s.o.a.h.c.h.i.c.MainClientExec&amp#27;[0;39m - &amp#27;[32mex-0000001E: connection can be kept alive for 3 MINUTES
&amp#27;[0;39m2023-05-08 13:18:55,964 [main] &amp#27;[39mDEBUG&amp#27;[0;39m &amp#27;[36mc.g.d.z.s.o.a.h.c.h.i.c.InternalHttpClient&amp#27;[0;39m - &amp#27;[32mep-0000001D: releasing valid endpoint
&amp#27;[0;39m2023-05-08 13:18:55,964 [main] &amp#27;[39mDEBUG&amp#27;[0;39m &amp#27;[36mc.g.d.z.s.o.a.h.c.h.i.i.PoolingHttpClientConnectionManager&amp#27;[0;39m - &amp#27;[32mep-0000001D: releasing endpoint
&amp#27;[0;39m2023-05-08 13:18:55,964 [main] &amp#27;[39mDEBUG&amp#27;[0;39m &amp#27;[36mc.g.d.z.s.o.a.h.c.h.i.i.PoolingHttpClientConnectionManager&amp#27;[0;39m - &amp#27;[32mep-0000001D: connection http-outgoing-1 can be kept alive for 3 MINUTES
&amp#27;[0;39m2023-05-08 13:18:55,964 [main] &amp#27;[39mDEBUG&amp#27;[0;39m &amp#27;[36mc.g.d.z.s.o.a.h.c.h.i.i.PoolingHttpClientConnectionManager&amp#27;[0;39m - &amp#27;[32mep-0000001D: connection released [route: {}->unix://localhost:2375][total available: 1; route allocated: 1 of 2147483647; total allocated: 1 of 2147483647]
&amp#27;[0;39m2023-05-08 13:18:55,964 [main] &amp#27;[39mDEBUG&amp#27;[0;39m &amp#27;[36mtc.mysql:8.0.0&amp#27;[0;39m - &amp#27;[32mTrying to create JDBC connection using com.mysql.cj.jdbc.Driver to jdbc:mysql://localhost:32781/test?useSSL=false&allowPublicKeyRetrieval=true with properties: {password=test, user=test}
&amp#27;[0;39m2023-05-08 13:18:56,066 [main] &amp#27;[39mDEBUG&amp#27;[0;39m &amp#27;[36mo.t.s.c.g.d.c.command.AbstrDockerCmd&amp#27;[0;39m - &amp#27;[32mCmd: cccfb0602d7e775562ae171a9fe0a7ec811b6906268008a84fea93151d2a7305,false
&amp#27;[0;39m2023-05-08 13:18:56,067 [main] &amp#27;[39mDEBUG&amp#27;[0;39m &amp#27;[36mo.t.s.c.g.d.c.e.InspectContainerCmdExec&amp#27;[0;39m - &amp#27;[32mGET: DefaultWebTarget{path=[/containers/cccfb0602d7e775562ae171a9fe0a7ec811b6906268008a84fea93151d2a7305/json], queryParams={}}
&amp#27;[0;39m2023-05-08 13:18:56,067 [main] &amp#27;[39mDEBUG&amp#27;[0;39m &amp#27;[36mc.g.d.z.s.o.a.h.c.h.i.c.InternalHttpClient&amp#27;[0;39m - &amp#27;[32mex-0000001F: preparing request execution
&amp#27;[0;39m2023-05-08 13:18:56,068 [main] &amp#27;[39mDEBUG&amp#27;[0;39m &amp#27;[36mc.g.d.z.s.o.a.h.c.h.p.RequestAddCookies&amp#27;[0;39m - &amp#27;[32mCookie spec selected: strict
&amp#27;[0;39m2023-05-08 13:18:56,068 [main] &amp#27;[39mDEBUG&amp#27;[0;39m &amp#27;[36mc.g.d.z.s.o.a.h.c.h.p.RequestAuthCache&amp#27;[0;39m - &amp#27;[32mAuth cache not set in the context
&amp#27;[0;39m2023-05-08 13:18:56,068 [main] &amp#27;[39mDEBUG&amp#27;[0;39m &amp#27;[36mc.g.d.z.s.o.a.h.c.h.i.c.ProtocolExec&amp#27;[0;39m - &amp#27;[32mex-0000001F: target auth state: UNCHALLENGED
&amp#27;[0;39m2023-05-08 13:18:56,068 [main] &amp#27;[39mDEBUG&amp#27;[0;39m &amp#27;[36mc.g.d.z.s.o.a.h.c.h.i.c.ProtocolExec&amp#27;[0;39m - &amp#27;[32mex-0000001F: proxy auth state: UNCHALLENGED
&amp#27;[0;39m2023-05-08 13:18:56,068 [main] &amp#27;[39mDEBUG&amp#27;[0;39m &amp#27;[36mc.g.d.z.s.o.a.h.c.h.i.c.ConnectExec&amp#27;[0;39m - &amp#27;[32mex-0000001F: acquiring connection with route {}->unix://localhost:2375
&amp#27;[0;39m2023-05-08 13:18:56,068 [main] &amp#27;[39mDEBUG&amp#27;[0;39m &amp#27;[36mc.g.d.z.s.o.a.h.c.h.i.c.InternalHttpClient&amp#27;[0;39m - &amp#27;[32mex-0000001F: acquiring endpoint (3 MINUTES)
&amp#27;[0;39m2023-05-08 13:18:56,068 [main] &amp#27;[39mDEBUG&amp#27;[0;39m &amp#27;[36mc.g.d.z.s.o.a.h.c.h.i.i.PoolingHttpClientConnectionManager&amp#27;[0;39m - &amp#27;[32mex-0000001F: endpoint lease request (3 MINUTES) [route: {}->unix://localhost:2375][total available: 1; route allocated: 1 of 2147483647; total allocated: 1 of 2147483647]
&amp#27;[0;39m2023-05-08 13:18:56,068 [main] &amp#27;[39mDEBUG&amp#27;[0;39m &amp#27;[36mc.g.d.z.s.o.a.h.c.h.i.i.PoolingHttpClientConnectionManager&amp#27;[0;39m - &amp#27;[32mex-0000001F: endpoint leased [route: {}->unix://localhost:2375][total available: 0; route allocated: 1 of 2147483647; total allocated: 1 of 2147483647]
&amp#27;[0;39m2023-05-08 13:18:56,068 [main] &amp#27;[39mDEBUG&amp#27;[0;39m &amp#27;[36mc.g.d.z.s.o.a.h.c.h.i.i.PoolingHttpClientConnectionManager&amp#27;[0;39m - &amp#27;[32mex-0000001F: acquired ep-0000001E
&amp#27;[0;39m2023-05-08 13:18:56,068 [main] &amp#27;[39mDEBUG&amp#27;[0;39m &amp#27;[36mc.g.d.z.s.o.a.h.c.h.i.c.InternalHttpClient&amp#27;[0;39m - &amp#27;[32mex-0000001F: acquired endpoint ep-0000001E
&amp#27;[0;39m2023-05-08 13:18:56,068 [main] &amp#27;[39mDEBUG&amp#27;[0;39m &amp#27;[36mc.g.d.z.s.o.a.h.c.h.i.c.MainClientExec&amp#27;[0;39m - &amp#27;[32mex-0000001F: executing GET /v1.32/containers/cccfb0602d7e775562ae171a9fe0a7ec811b6906268008a84fea93151d2a7305/json HTTP/1.1
&amp#27;[0;39m2023-05-08 13:18:56,068 [main] &amp#27;[39mDEBUG&amp#27;[0;39m &amp#27;[36mc.g.d.z.s.o.a.h.c.h.i.c.InternalHttpClient&amp#27;[0;39m - &amp#27;[32mep-0000001E: start execution ex-0000001F
&amp#27;[0;39m2023-05-08 13:18:56,068 [main] &amp#27;[39mDEBUG&amp#27;[0;39m &amp#27;[36mc.g.d.z.s.o.a.h.c.h.i.i.PoolingHttpClientConnectionManager&amp#27;[0;39m - &amp#27;[32mep-0000001E: executing exchange ex-0000001F over http-outgoing-1
&amp#27;[0;39m2023-05-08 13:18:56,068 [main] &amp#27;[39mDEBUG&amp#27;[0;39m &amp#27;[36mc.g.d.z.s.o.a.h.client5.http.headers&amp#27;[0;39m - &amp#27;[32mhttp-outgoing-1 >> GET /v1.32/containers/cccfb0602d7e775562ae171a9fe0a7ec811b6906268008a84fea93151d2a7305/json HTTP/1.1
&amp#27;[0;39m2023-05-08 13:18:56,068 [main] &amp#27;[39mDEBUG&amp#27;[0;39m &amp#27;[36mc.g.d.z.s.o.a.h.client5.http.headers&amp#27;[0;39m - &amp#27;[32mhttp-outgoing-1 >> accept: application/json
&amp#27;[0;39m2023-05-08 13:18:56,068 [main] &amp#27;[39mDEBUG&amp#27;[0;39m &amp#27;[36mc.g.d.z.s.o.a.h.client5.http.headers&amp#27;[0;39m - &amp#27;[32mhttp-outgoing-1 >> x-tc-sid: f1b696c1-ec3f-4f95-afa8-081853be7ccb
&amp#27;[0;39m2023-05-08 13:18:56,068 [main] &amp#27;[39mDEBUG&amp#27;[0;39m &amp#27;[36mc.g.d.z.s.o.a.h.client5.http.headers&amp#27;[0;39m - &amp#27;[32mhttp-outgoing-1 >> Accept-Encoding: gzip, x-gzip, deflate
&amp#27;[0;39m2023-05-08 13:18:56,068 [main] &amp#27;[39mDEBUG&amp#27;[0;39m &amp#27;[36mc.g.d.z.s.o.a.h.client5.http.headers&amp#27;[0;39m - &amp#27;[32mhttp-outgoing-1 >> Host: localhost:2375
&amp#27;[0;39m2023-05-08 13:18:56,068 [main] &amp#27;[39mDEBUG&amp#27;[0;39m &amp#27;[36mc.g.d.z.s.o.a.h.client5.http.headers&amp#27;[0;39m - &amp#27;[32mhttp-outgoing-1 >> Connection: keep-alive
&amp#27;[0;39m2023-05-08 13:18:56,068 [main] &amp#27;[39mDEBUG&amp#27;[0;39m &amp#27;[36mc.g.d.z.s.o.a.h.client5.http.headers&amp#27;[0;39m - &amp#27;[32mhttp-outgoing-1 >> User-Agent: Apache-HttpClient/5.0.3 (Java/17.0.6)
&amp#27;[0;39m2023-05-08 13:18:56,068 [main] &amp#27;[39mDEBUG&amp#27;[0;39m &amp#27;[36mc.g.d.z.s.o.a.hc.client5.http.wire&amp#27;[0;39m - &amp#27;[32mhttp-outgoing-1 >> "GET /v1.32/containers/cccfb0602d7e775562ae171a9fe0a7ec811b6906268008a84fea93151d2a7305/json HTTP/1.1[\r][\n]"
&amp#27;[0;39m2023-05-08 13:18:56,068 [main] &amp#27;[39mDEBUG&amp#27;[0;39m &amp#27;[36mc.g.d.z.s.o.a.hc.client5.http.wire&amp#27;[0;39m - &amp#27;[32mhttp-outgoing-1 >> "accept: application/json[\r][\n]"
&amp#27;[0;39m2023-05-08 13:18:56,068 [main] &amp#27;[39mDEBUG&amp#27;[0;39m &amp#27;[36mc.g.d.z.s.o.a.hc.client5.http.wire&amp#27;[0;39m - &amp#27;[32mhttp-outgoing-1 >> "x-tc-sid: f1b696c1-ec3f-4f95-afa8-081853be7ccb[\r][\n]"
&amp#27;[0;39m2023-05-08 13:18:56,068 [main] &amp#27;[39mDEBUG&amp#27;[0;39m &amp#27;[36mc.g.d.z.s.o.a.hc.client5.http.wire&amp#27;[0;39m - &amp#27;[32mhttp-outgoing-1 >> "Accept-Encoding: gzip, x-gzip, deflate[\r][\n]"
&amp#27;[0;39m2023-05-08 13:18:56,068 [main] &amp#27;[39mDEBUG&amp#27;[0;39m &amp#27;[36mc.g.d.z.s.o.a.hc.client5.http.wire&amp#27;[0;39m - &amp#27;[32mhttp-outgoing-1 >> "Host: localhost:2375[\r][\n]"
&amp#27;[0;39m2023-05-08 13:18:56,068 [main] &amp#27;[39mDEBUG&amp#27;[0;39m &amp#27;[36mc.g.d.z.s.o.a.hc.client5.http.wire&amp#27;[0;39m - &amp#27;[32mhttp-outgoing-1 >> "Connection: keep-alive[\r][\n]"
&amp#27;[0;39m2023-05-08 13:18:56,068 [main] &amp#27;[39mDEBUG&amp#27;[0;39m &amp#27;[36mc.g.d.z.s.o.a.hc.client5.http.wire&amp#27;[0;39m - &amp#27;[32mhttp-outgoing-1 >> "User-Agent: Apache-HttpClient/5.0.3 (Java/17.0.6)[\r][\n]"
&amp#27;[0;39m2023-05-08 13:18:56,068 [main] &amp#27;[39mDEBUG&amp#27;[0;39m &amp#27;[36mc.g.d.z.s.o.a.hc.client5.http.wire&amp#27;[0;39m - &amp#27;[32mhttp-outgoing-1 >> "[\r][\n]"
&amp#27;[0;39m2023-05-08 13:18:56,068 [main] &amp#27;[39mDEBUG&amp#27;[0;39m &amp#27;[36mc.g.d.z.s.o.a.hc.client5.http.wire&amp#27;[0;39m - &amp#27;[32mhttp-outgoing-1 << "HTTP/1.1 200 OK[\r][\n]"
&amp#27;[0;39m2023-05-08 13:18:56,068 [main] &amp#27;[39mDEBUG&amp#27;[0;39m &amp#27;[36mc.g.d.z.s.o.a.hc.client5.http.wire&amp#27;[0;39m - &amp#27;[32mhttp-outgoing-1 << "Api-Version: 1.42[\r][\n]"
&amp#27;[0;39m2023-05-08 13:18:56,068 [main] &amp#27;[39mDEBUG&amp#27;[0;39m &amp#27;[36mc.g.d.z.s.o.a.hc.client5.http.wire&amp#27;[0;39m - &amp#27;[32mhttp-outgoing-1 << "Content-Type: application/json[\r][\n]"
&amp#27;[0;39m2023-05-08 13:18:56,068 [main] &amp#27;[39mDEBUG&amp#27;[0;39m &amp#27;[36mc.g.d.z.s.o.a.hc.client5.http.wire&amp#27;[0;39m - &amp#27;[32mhttp-outgoing-1 << "Docker-Experimental: false[\r][\n]"
&amp#27;[0;39m2023-05-08 13:18:56,068 [main] &amp#27;[39mDEBUG&amp#27;[0;39m &amp#27;[36mc.g.d.z.s.o.a.hc.client5.http.wire&amp#27;[0;39m - &amp#27;[32mhttp-outgoing-1 << "Ostype: linux[\r][\n]"
&amp#27;[0;39m2023-05-08 13:18:56,068 [main] &amp#27;[39mDEBUG&amp#27;[0;39m &amp#27;[36mc.g.d.z.s.o.a.hc.client5.http.wire&amp#27;[0;39m - &amp#27;[32mhttp-outgoing-1 << "Server: Docker/23.0.5 (linux)[\r][\n]"
&amp#27;[0;39m2023-05-08 13:18:56,068 [main] &amp#27;[39mDEBUG&amp#27;[0;39m &amp#27;[36mc.g.d.z.s.o.a.hc.client5.http.wire&amp#27;[0;39m - &amp#27;[32mhttp-outgoing-1 << "Date: Mon, 08 May 2023 11:18:56 GMT[\r][\n]"
&amp#27;[0;39m2023-05-08 13:18:56,068 [main] &amp#27;[39mDEBUG&amp#27;[0;39m &amp#27;[36mc.g.d.z.s.o.a.hc.client5.http.wire&amp#27;[0;39m - &amp#27;[32mhttp-outgoing-1 << "Transfer-Encoding: chunked[\r][\n]"
&amp#27;[0;39m2023-05-08 13:18:56,068 [main] &amp#27;[39mDEBUG&amp#27;[0;39m &amp#27;[36mc.g.d.z.s.o.a.hc.client5.http.wire&amp#27;[0;39m - &amp#27;[32mhttp-outgoing-1 << "[\r][\n]"
&amp#27;[0;39m2023-05-08 13:18:56,068 [main] &amp#27;[39mDEBUG&amp#27;[0;39m &amp#27;[36mc.g.d.z.s.o.a.hc.client5.http.wire&amp#27;[0;39m - &amp#27;[32mhttp-outgoing-1 << "1890[\r][\n]"
&amp#27;[0;39m2023-05-08 13:18:56,068 [main] &amp#27;[39mDEBUG&amp#27;[0;39m &amp#27;[36mc.g.d.z.s.o.a.hc.client5.http.wire&amp#27;[0;39m - &amp#27;[32mhttp-outgoing-1 << "{"Id":"cccfb0602d7e775562ae171a9fe0a7ec811b6906268008a84fea93151d2a7305","Created":"2023-05-08T11:18:54.120535425Z","Path":"docker-entrypoint.sh","Args":["mysqld"],"State":{"Status":"running","Running":true,"Paused":false,"Restarting":false,"OOMKilled":false,"Dead":false,"Pid":59126,"ExitCode":0,"Error":"","StartedAt":"2023-05-08T11:18:54.468577716Z","FinishedAt":"0001-01-01T00:00:00Z"},"Image":"sha256:228d71078f8ce5ae9fd96b183f88c3a90e30544b4b7ce9d64a238d05fef2a681","ResolvConfPath":"/var/lib/docker/containers/cccfb0602d7e775562ae171a9fe0a7ec811b6906268008a84fea93151d2a7305/resolv.conf","HostnamePath":"/var/lib/docker/containers/cccfb0602d7e775562ae171a9fe0a7ec811b6906268008a84fea93151d2a7305/hostname","HostsPath":"/var/lib/docker/containers/cccfb0602d7e775562ae171a9fe0a7ec811b6906268008a84fea93151d2a7305/hosts","LogPath":"/var/lib/docker/containers/cccfb0602d7e775562ae171a9fe0a7ec811b6906268008a84fea93151d2a7305/cccfb0602d7e775562ae171a9fe0a7ec811b6906268008a84fea93151d2a7305-json.log","Name":"/charming_goodall","RestartCount":0,"Driver":"overlay2","Platform":"linux","MountLabel":"","ProcessLabel":"","AppArmorProfile":"docker-default","ExecIDs":null,"HostConfig":{"Binds":[],"ContainerIDFile":"","LogConfig":{"Type":"json-file","Config":{}},"NetworkMode":"default","PortBindings":{"3306/tcp":[{"HostIp":"","HostPort":""}]},"RestartPolicy":{"Name":"","MaximumRetryCount":0},"AutoRemove":false,"VolumeDriver":"","VolumesFrom":[],"ConsoleSize":[0,0],"CapAdd":null,"CapDrop":null,"CgroupnsMode":"private","Dns":null,"DnsOptions":null,"DnsSearch":null,"ExtraHosts":[],"GroupAdd":null,"IpcMode":"shareable","Cgroup":"","Links":null,"OomScoreAdj":0,"PidMode":"","Privileged":false,"PublishAllPorts":false,"ReadonlyRootfs":false,"SecurityOpt":null,"UTSMode":"","UsernsMode":"","ShmSize":67108864,"Runtime":"runc","Isolation":"","CpuShares":0,"Memory":0,"NanoCpus":0,"CgroupParent":"","BlkioWeight":0,"BlkioWeightDevice":null,"BlkioDeviceReadBps":null,"BlkioDeviceWriteBps":null,"BlkioDeviceReadIOps":null,"BlkioDeviceWriteIOps":null,"CpuPeriod":0,"CpuQuota":0,"CpuRealtimePeriod":0,"CpuRealtimeRuntime":0,"CpusetCpus":"","CpusetMems":"","Devices":null,"DeviceCgroupRules":null,"DeviceRequests":null,"MemoryReservation":0,"MemorySwap":0,"MemorySwappiness":null,"OomKillDisable":null,"PidsLimit":null,"Ulimits":null,"CpuCount":0,"CpuPercent":0,"IOMaximumIOps":0,"IOMaximumBandwidth":0,"MaskedPaths":["/proc/asound","/proc/acpi","/proc/kcore","/proc/keys","/proc/latency_stats","/proc/timer_list","/proc/timer_stats","/proc/sched_debug","/proc/scsi","/sys/firmware"],"ReadonlyPaths":["/proc/bus","/proc/fs","/proc/irq","/proc/sys","/proc/sysrq-trigger"]},"GraphDriver":{"Data":{"LowerDir":"/var/lib/docker/overlay2/0075f27ac39799b376a3e23bf05a650eb10c8a0f9ef49be1ab61e98fd3b93dc3-init/diff:/var/lib/docker/overlay2/4c6e20f032f02b27a9272f982861dc21998197aa90d94ed3bef95d449380247c/diff:/var/lib/docker/overlay2/0c75f828f603eff839bb3ca448163ab2a8017e86625ac255cd3dbf1673ddac26/diff:/var/lib/docker/overlay2/da128d897fda75829109844ce6cd9d73d0f54c682e735100af000ce899908729/diff:/var/lib/docker/overlay2/b678a1f261bf323afba6d76d91ab7428bdd6e1ef4a39b5224e4a1afd08c0423a/diff:/var/lib/docker/overlay2/1bec43b14875c5f9f814f146e8e31aa78566689c2c163da2ac60a32254988437/diff:/var/lib/docker/overlay2/28f4b1e6e1a7a2dbe30f1f94fb42bccd85a61faf8af1fe30a5bb0d442c525e41/diff:/var/lib/docker/overlay2/0f493124464c291d7c97d2633d5dff04b1dce5de904cb40a34dfbe7fe72e3fd4/diff:/var/lib/docker/overlay2/05befbee9e38cd670e1786b3310e99796dcc06abbed970007b4109a5424843fa/diff:/var/lib/docker/overlay2/582bcca9acfc4eef25109e1e1b9c9d104f355798455bc73e855c99283887a6e8/diff:/var/lib/docker/overlay2/153b3bf0b69e97e8f0e5533414a31ca33fa530e63d174c9617621abe46e7e9d1/diff:/var/lib/docker/overlay2/bf87a76c0a38875ee6e915fd0d2527eafa880ec6bf2c1cb294959428c18d10bd/diff","MergedDir":"/var/lib/docker/overlay2/0075f27ac39799b376a3e23bf05a650eb10c8a0f9ef49be1ab61e98fd3b93dc3/merged","UpperDir":"/var/lib/docker/overlay2/0075f27ac39799b376a3e23bf05a650eb10c8a0f9ef49be1ab61e98fd3b93dc3/diff","WorkDir":"/var/lib/docker/overlay2/0075f27ac39799b376a3e23bf05a650eb10c8a0f9ef49be1ab61e98fd3b93dc3/work"},"Name":"overlay2"},"Mounts":[{"Type":"volume","Name":"ffd30c8cc7ed7bf91bc1ebef46b0f06493ce1d3121e28c37d40240bd74b844a5","Source":"/var/lib/docker/volumes/ffd30c8cc7ed7bf91bc1ebef46b0f06493ce1d3121e28c37d40240bd74b844a5/_data","Destination":"/var/lib/mysql","Driver":"local","Mode":"","RW":true,"Propagation":""}],"Config":{"Hostname":"cccfb0602d7e","Domainname":"","User":"","AttachStdin":false,"AttachStdout":false,"AttachStderr":false,"ExposedPorts":{"3306/tcp":{}},"Tty":false,"OpenStdin":false,"StdinOnce":false,"Env":["MYSQL_DATABASE=test","MYSQL_PASSWORD=test","MYSQL_USER=test","MYSQL_ROOT_PASSWORD=test","PATH=/usr/local/sbin:/usr/local/bin:/usr/sbin:/usr/bin:/sbin:/bin","GOSU_VERSION=1.7","MYSQL_MAJOR=8.0","MYSQL_VERSION=8.0.0-dmr-1debian8"],"Cmd":["mysqld"],"Image":"mysql:8.0.0","Volumes":{"/var/lib/mysql":{}},"WorkingDir":"","Entrypoint":["docker-entrypoint.sh"],"OnBuild":null,"Labels":{"org.testcontainers":"true","org.testcontainers.lang":"java","org.testcontainers.sessionId":"f1b696c1-ec3f-4f95-afa8-081853be7ccb","org.testcontainers.version":"1.18.0"}},"NetworkSettings":{"Bridge":"","SandboxID":"75a4ef0436803615aa77c8b97de3cbbdd49519261fe2b3b6cdcae9bd2b1154aa","HairpinMode":false,"LinkLocalIPv6Address":"","LinkLocalIPv6PrefixLen":0,"Ports":{"3306/tcp":[{"HostIp":"0.0.0.0","HostPort":"32781"},{"HostIp":"::","HostPort":"32781"}]},"SandboxKey":"/var/run/docker/netns/75a4ef043680","SecondaryIPAddresses":null,"SecondaryIPv6Addresses":null,"EndpointID":"de3a5c9cc9471fdbec5943d78a8803fca61208fe4021ac9d3922ee2e8ec0d135","Gateway":"172.17.0.1","GlobalIPv6Address":"","GlobalIPv6PrefixLen":0,"IPAddress":"172.17.0.3","IPPrefixLen":16,"IPv6Gateway":"","MacAddress":"02:42:ac:11:00:03","Networks":{"bridge":{"IPAMConfig":null,"Links":null,"Aliases":null,"NetworkID":"e1a078e12eb8d77b497ed932f7fb43787eeb6ff6972febd7d03c9282b8b5cd45","EndpointID":"de3a5c9cc9471fdbec5943d78a8803fca61208fe4021ac9d3922ee2e8ec0d135","Gateway":"172.17.0.1","IPAddress":"172.17.0.3","IPPrefixLen":16,"IPv6Gateway":"","GlobalIPv6Address":"","GlobalIPv6PrefixLen":0,"MacAddress":"02:42:ac:11:00:03","DriverOpts":null}}}}[\n]"
&amp#27;[0;39m2023-05-08 13:18:56,069 [main] &amp#27;[39mDEBUG&amp#27;[0;39m &amp#27;[36mc.g.d.z.s.o.a.hc.client5.http.wire&amp#27;[0;39m - &amp#27;[32mhttp-outgoing-1 << "[\r][\n]"
&amp#27;[0;39m2023-05-08 13:18:56,069 [main] &amp#27;[39mDEBUG&amp#27;[0;39m &amp#27;[36mc.g.d.z.s.o.a.hc.client5.http.wire&amp#27;[0;39m - &amp#27;[32mhttp-outgoing-1 << "0[\r][\n]"
&amp#27;[0;39m2023-05-08 13:18:56,069 [main] &amp#27;[39mDEBUG&amp#27;[0;39m &amp#27;[36mc.g.d.z.s.o.a.hc.client5.http.wire&amp#27;[0;39m - &amp#27;[32mhttp-outgoing-1 << "[\r][\n]"
&amp#27;[0;39m2023-05-08 13:18:56,069 [main] &amp#27;[39mDEBUG&amp#27;[0;39m &amp#27;[36mc.g.d.z.s.o.a.h.client5.http.headers&amp#27;[0;39m - &amp#27;[32mhttp-outgoing-1 << HTTP/1.1 200 OK
&amp#27;[0;39m2023-05-08 13:18:56,069 [main] &amp#27;[39mDEBUG&amp#27;[0;39m &amp#27;[36mc.g.d.z.s.o.a.h.client5.http.headers&amp#27;[0;39m - &amp#27;[32mhttp-outgoing-1 << Api-Version: 1.42
&amp#27;[0;39m2023-05-08 13:18:56,069 [main] &amp#27;[39mDEBUG&amp#27;[0;39m &amp#27;[36mc.g.d.z.s.o.a.h.client5.http.headers&amp#27;[0;39m - &amp#27;[32mhttp-outgoing-1 << Content-Type: application/json
&amp#27;[0;39m2023-05-08 13:18:56,069 [main] &amp#27;[39mDEBUG&amp#27;[0;39m &amp#27;[36mc.g.d.z.s.o.a.h.client5.http.headers&amp#27;[0;39m - &amp#27;[32mhttp-outgoing-1 << Docker-Experimental: false
&amp#27;[0;39m2023-05-08 13:18:56,069 [main] &amp#27;[39mDEBUG&amp#27;[0;39m &amp#27;[36mc.g.d.z.s.o.a.h.client5.http.headers&amp#27;[0;39m - &amp#27;[32mhttp-outgoing-1 << Ostype: linux
&amp#27;[0;39m2023-05-08 13:18:56,069 [main] &amp#27;[39mDEBUG&amp#27;[0;39m &amp#27;[36mc.g.d.z.s.o.a.h.client5.http.headers&amp#27;[0;39m - &amp#27;[32mhttp-outgoing-1 << Server: Docker/23.0.5 (linux)
&amp#27;[0;39m2023-05-08 13:18:56,069 [main] &amp#27;[39mDEBUG&amp#27;[0;39m &amp#27;[36mc.g.d.z.s.o.a.h.client5.http.headers&amp#27;[0;39m - &amp#27;[32mhttp-outgoing-1 << Date: Mon, 08 May 2023 11:18:56 GMT
&amp#27;[0;39m2023-05-08 13:18:56,069 [main] &amp#27;[39mDEBUG&amp#27;[0;39m &amp#27;[36mc.g.d.z.s.o.a.h.client5.http.headers&amp#27;[0;39m - &amp#27;[32mhttp-outgoing-1 << Transfer-Encoding: chunked
&amp#27;[0;39m2023-05-08 13:18:56,069 [main] &amp#27;[39mDEBUG&amp#27;[0;39m &amp#27;[36mc.g.d.z.s.o.a.h.c.h.i.c.MainClientExec&amp#27;[0;39m - &amp#27;[32mex-0000001F: connection can be kept alive for 3 MINUTES
&amp#27;[0;39m2023-05-08 13:18:56,069 [main] &amp#27;[39mDEBUG&amp#27;[0;39m &amp#27;[36mc.g.d.z.s.o.a.h.c.h.i.c.InternalHttpClient&amp#27;[0;39m - &amp#27;[32mep-0000001E: releasing valid endpoint
&amp#27;[0;39m2023-05-08 13:18:56,069 [main] &amp#27;[39mDEBUG&amp#27;[0;39m &amp#27;[36mc.g.d.z.s.o.a.h.c.h.i.i.PoolingHttpClientConnectionManager&amp#27;[0;39m - &amp#27;[32mep-0000001E: releasing endpoint
&amp#27;[0;39m2023-05-08 13:18:56,069 [main] &amp#27;[39mDEBUG&amp#27;[0;39m &amp#27;[36mc.g.d.z.s.o.a.h.c.h.i.i.PoolingHttpClientConnectionManager&amp#27;[0;39m - &amp#27;[32mep-0000001E: connection http-outgoing-1 can be kept alive for 3 MINUTES
&amp#27;[0;39m2023-05-08 13:18:56,070 [main] &amp#27;[39mDEBUG&amp#27;[0;39m &amp#27;[36mc.g.d.z.s.o.a.h.c.h.i.i.PoolingHttpClientConnectionManager&amp#27;[0;39m - &amp#27;[32mep-0000001E: connection released [route: {}->unix://localhost:2375][total available: 1; route allocated: 1 of 2147483647; total allocated: 1 of 2147483647]
&amp#27;[0;39m2023-05-08 13:18:56,070 [main] &amp#27;[39mDEBUG&amp#27;[0;39m &amp#27;[36mtc.mysql:8.0.0&amp#27;[0;39m - &amp#27;[32mTrying to create JDBC connection using com.mysql.cj.jdbc.Driver to jdbc:mysql://localhost:32781/test?useSSL=false&allowPublicKeyRetrieval=true with properties: {password=test, user=test}
&amp#27;[0;39m2023-05-08 13:18:56,175 [main] &amp#27;[39mDEBUG&amp#27;[0;39m &amp#27;[36mo.t.s.c.g.d.c.command.AbstrDockerCmd&amp#27;[0;39m - &amp#27;[32mCmd: cccfb0602d7e775562ae171a9fe0a7ec811b6906268008a84fea93151d2a7305,false
&amp#27;[0;39m2023-05-08 13:18:56,176 [main] &amp#27;[39mDEBUG&amp#27;[0;39m &amp#27;[36mo.t.s.c.g.d.c.e.InspectContainerCmdExec&amp#27;[0;39m - &amp#27;[32mGET: DefaultWebTarget{path=[/containers/cccfb0602d7e775562ae171a9fe0a7ec811b6906268008a84fea93151d2a7305/json], queryParams={}}
&amp#27;[0;39m2023-05-08 13:18:56,176 [main] &amp#27;[39mDEBUG&amp#27;[0;39m &amp#27;[36mc.g.d.z.s.o.a.h.c.h.i.c.InternalHttpClient&amp#27;[0;39m - &amp#27;[32mex-00000020: preparing request execution
&amp#27;[0;39m2023-05-08 13:18:56,176 [main] &amp#27;[39mDEBUG&amp#27;[0;39m &amp#27;[36mc.g.d.z.s.o.a.h.c.h.p.RequestAddCookies&amp#27;[0;39m - &amp#27;[32mCookie spec selected: strict
&amp#27;[0;39m2023-05-08 13:18:56,176 [main] &amp#27;[39mDEBUG&amp#27;[0;39m &amp#27;[36mc.g.d.z.s.o.a.h.c.h.p.RequestAuthCache&amp#27;[0;39m - &amp#27;[32mAuth cache not set in the context
&amp#27;[0;39m2023-05-08 13:18:56,176 [main] &amp#27;[39mDEBUG&amp#27;[0;39m &amp#27;[36mc.g.d.z.s.o.a.h.c.h.i.c.ProtocolExec&amp#27;[0;39m - &amp#27;[32mex-00000020: target auth state: UNCHALLENGED
&amp#27;[0;39m2023-05-08 13:18:56,176 [main] &amp#27;[39mDEBUG&amp#27;[0;39m &amp#27;[36mc.g.d.z.s.o.a.h.c.h.i.c.ProtocolExec&amp#27;[0;39m - &amp#27;[32mex-00000020: proxy auth state: UNCHALLENGED
&amp#27;[0;39m2023-05-08 13:18:56,177 [main] &amp#27;[39mDEBUG&amp#27;[0;39m &amp#27;[36mc.g.d.z.s.o.a.h.c.h.i.c.ConnectExec&amp#27;[0;39m - &amp#27;[32mex-00000020: acquiring connection with route {}->unix://localhost:2375
&amp#27;[0;39m2023-05-08 13:18:56,177 [main] &amp#27;[39mDEBUG&amp#27;[0;39m &amp#27;[36mc.g.d.z.s.o.a.h.c.h.i.c.InternalHttpClient&amp#27;[0;39m - &amp#27;[32mex-00000020: acquiring endpoint (3 MINUTES)
&amp#27;[0;39m2023-05-08 13:18:56,177 [main] &amp#27;[39mDEBUG&amp#27;[0;39m &amp#27;[36mc.g.d.z.s.o.a.h.c.h.i.i.PoolingHttpClientConnectionManager&amp#27;[0;39m - &amp#27;[32mex-00000020: endpoint lease request (3 MINUTES) [route: {}->unix://localhost:2375][total available: 1; route allocated: 1 of 2147483647; total allocated: 1 of 2147483647]
&amp#27;[0;39m2023-05-08 13:18:56,177 [main] &amp#27;[39mDEBUG&amp#27;[0;39m &amp#27;[36mc.g.d.z.s.o.a.h.c.h.i.i.PoolingHttpClientConnectionManager&amp#27;[0;39m - &amp#27;[32mex-00000020: endpoint leased [route: {}->unix://localhost:2375][total available: 0; route allocated: 1 of 2147483647; total allocated: 1 of 2147483647]
&amp#27;[0;39m2023-05-08 13:18:56,177 [main] &amp#27;[39mDEBUG&amp#27;[0;39m &amp#27;[36mc.g.d.z.s.o.a.h.c.h.i.i.PoolingHttpClientConnectionManager&amp#27;[0;39m - &amp#27;[32mex-00000020: acquired ep-0000001F
&amp#27;[0;39m2023-05-08 13:18:56,177 [main] &amp#27;[39mDEBUG&amp#27;[0;39m &amp#27;[36mc.g.d.z.s.o.a.h.c.h.i.c.InternalHttpClient&amp#27;[0;39m - &amp#27;[32mex-00000020: acquired endpoint ep-0000001F
&amp#27;[0;39m2023-05-08 13:18:56,177 [main] &amp#27;[39mDEBUG&amp#27;[0;39m &amp#27;[36mc.g.d.z.s.o.a.h.c.h.i.c.MainClientExec&amp#27;[0;39m - &amp#27;[32mex-00000020: executing GET /v1.32/containers/cccfb0602d7e775562ae171a9fe0a7ec811b6906268008a84fea93151d2a7305/json HTTP/1.1
&amp#27;[0;39m2023-05-08 13:18:56,178 [main] &amp#27;[39mDEBUG&amp#27;[0;39m &amp#27;[36mc.g.d.z.s.o.a.h.c.h.i.c.InternalHttpClient&amp#27;[0;39m - &amp#27;[32mep-0000001F: start execution ex-00000020
&amp#27;[0;39m2023-05-08 13:18:56,178 [main] &amp#27;[39mDEBUG&amp#27;[0;39m &amp#27;[36mc.g.d.z.s.o.a.h.c.h.i.i.PoolingHttpClientConnectionManager&amp#27;[0;39m - &amp#27;[32mep-0000001F: executing exchange ex-00000020 over http-outgoing-1
&amp#27;[0;39m2023-05-08 13:18:56,178 [main] &amp#27;[39mDEBUG&amp#27;[0;39m &amp#27;[36mc.g.d.z.s.o.a.h.client5.http.headers&amp#27;[0;39m - &amp#27;[32mhttp-outgoing-1 >> GET /v1.32/containers/cccfb0602d7e775562ae171a9fe0a7ec811b6906268008a84fea93151d2a7305/json HTTP/1.1
&amp#27;[0;39m2023-05-08 13:18:56,178 [main] &amp#27;[39mDEBUG&amp#27;[0;39m &amp#27;[36mc.g.d.z.s.o.a.h.client5.http.headers&amp#27;[0;39m - &amp#27;[32mhttp-outgoing-1 >> accept: application/json
&amp#27;[0;39m2023-05-08 13:18:56,178 [main] &amp#27;[39mDEBUG&amp#27;[0;39m &amp#27;[36mc.g.d.z.s.o.a.h.client5.http.headers&amp#27;[0;39m - &amp#27;[32mhttp-outgoing-1 >> x-tc-sid: f1b696c1-ec3f-4f95-afa8-081853be7ccb
&amp#27;[0;39m2023-05-08 13:18:56,178 [main] &amp#27;[39mDEBUG&amp#27;[0;39m &amp#27;[36mc.g.d.z.s.o.a.h.client5.http.headers&amp#27;[0;39m - &amp#27;[32mhttp-outgoing-1 >> Accept-Encoding: gzip, x-gzip, deflate
&amp#27;[0;39m2023-05-08 13:18:56,178 [main] &amp#27;[39mDEBUG&amp#27;[0;39m &amp#27;[36mc.g.d.z.s.o.a.h.client5.http.headers&amp#27;[0;39m - &amp#27;[32mhttp-outgoing-1 >> Host: localhost:2375
&amp#27;[0;39m2023-05-08 13:18:56,178 [main] &amp#27;[39mDEBUG&amp#27;[0;39m &amp#27;[36mc.g.d.z.s.o.a.h.client5.http.headers&amp#27;[0;39m - &amp#27;[32mhttp-outgoing-1 >> Connection: keep-alive
&amp#27;[0;39m2023-05-08 13:18:56,178 [main] &amp#27;[39mDEBUG&amp#27;[0;39m &amp#27;[36mc.g.d.z.s.o.a.h.client5.http.headers&amp#27;[0;39m - &amp#27;[32mhttp-outgoing-1 >> User-Agent: Apache-HttpClient/5.0.3 (Java/17.0.6)
&amp#27;[0;39m2023-05-08 13:18:56,178 [main] &amp#27;[39mDEBUG&amp#27;[0;39m &amp#27;[36mc.g.d.z.s.o.a.hc.client5.http.wire&amp#27;[0;39m - &amp#27;[32mhttp-outgoing-1 >> "GET /v1.32/containers/cccfb0602d7e775562ae171a9fe0a7ec811b6906268008a84fea93151d2a7305/json HTTP/1.1[\r][\n]"
&amp#27;[0;39m2023-05-08 13:18:56,178 [main] &amp#27;[39mDEBUG&amp#27;[0;39m &amp#27;[36mc.g.d.z.s.o.a.hc.client5.http.wire&amp#27;[0;39m - &amp#27;[32mhttp-outgoing-1 >> "accept: application/json[\r][\n]"
&amp#27;[0;39m2023-05-08 13:18:56,178 [main] &amp#27;[39mDEBUG&amp#27;[0;39m &amp#27;[36mc.g.d.z.s.o.a.hc.client5.http.wire&amp#27;[0;39m - &amp#27;[32mhttp-outgoing-1 >> "x-tc-sid: f1b696c1-ec3f-4f95-afa8-081853be7ccb[\r][\n]"
&amp#27;[0;39m2023-05-08 13:18:56,178 [main] &amp#27;[39mDEBUG&amp#27;[0;39m &amp#27;[36mc.g.d.z.s.o.a.hc.client5.http.wire&amp#27;[0;39m - &amp#27;[32mhttp-outgoing-1 >> "Accept-Encoding: gzip, x-gzip, deflate[\r][\n]"
&amp#27;[0;39m2023-05-08 13:18:56,178 [main] &amp#27;[39mDEBUG&amp#27;[0;39m &amp#27;[36mc.g.d.z.s.o.a.hc.client5.http.wire&amp#27;[0;39m - &amp#27;[32mhttp-outgoing-1 >> "Host: localhost:2375[\r][\n]"
&amp#27;[0;39m2023-05-08 13:18:56,178 [main] &amp#27;[39mDEBUG&amp#27;[0;39m &amp#27;[36mc.g.d.z.s.o.a.hc.client5.http.wire&amp#27;[0;39m - &amp#27;[32mhttp-outgoing-1 >> "Connection: keep-alive[\r][\n]"
&amp#27;[0;39m2023-05-08 13:18:56,178 [main] &amp#27;[39mDEBUG&amp#27;[0;39m &amp#27;[36mc.g.d.z.s.o.a.hc.client5.http.wire&amp#27;[0;39m - &amp#27;[32mhttp-outgoing-1 >> "User-Agent: Apache-HttpClient/5.0.3 (Java/17.0.6)[\r][\n]"
&amp#27;[0;39m2023-05-08 13:18:56,178 [main] &amp#27;[39mDEBUG&amp#27;[0;39m &amp#27;[36mc.g.d.z.s.o.a.hc.client5.http.wire&amp#27;[0;39m - &amp#27;[32mhttp-outgoing-1 >> "[\r][\n]"
&amp#27;[0;39m2023-05-08 13:18:56,179 [main] &amp#27;[39mDEBUG&amp#27;[0;39m &amp#27;[36mc.g.d.z.s.o.a.hc.client5.http.wire&amp#27;[0;39m - &amp#27;[32mhttp-outgoing-1 << "HTTP/1.1 200 OK[\r][\n]"
&amp#27;[0;39m2023-05-08 13:18:56,179 [main] &amp#27;[39mDEBUG&amp#27;[0;39m &amp#27;[36mc.g.d.z.s.o.a.hc.client5.http.wire&amp#27;[0;39m - &amp#27;[32mhttp-outgoing-1 << "Api-Version: 1.42[\r][\n]"
&amp#27;[0;39m2023-05-08 13:18:56,179 [main] &amp#27;[39mDEBUG&amp#27;[0;39m &amp#27;[36mc.g.d.z.s.o.a.hc.client5.http.wire&amp#27;[0;39m - &amp#27;[32mhttp-outgoing-1 << "Content-Type: application/json[\r][\n]"
&amp#27;[0;39m2023-05-08 13:18:56,179 [main] &amp#27;[39mDEBUG&amp#27;[0;39m &amp#27;[36mc.g.d.z.s.o.a.hc.client5.http.wire&amp#27;[0;39m - &amp#27;[32mhttp-outgoing-1 << "Docker-Experimental: false[\r][\n]"
&amp#27;[0;39m2023-05-08 13:18:56,179 [main] &amp#27;[39mDEBUG&amp#27;[0;39m &amp#27;[36mc.g.d.z.s.o.a.hc.client5.http.wire&amp#27;[0;39m - &amp#27;[32mhttp-outgoing-1 << "Ostype: linux[\r][\n]"
&amp#27;[0;39m2023-05-08 13:18:56,179 [main] &amp#27;[39mDEBUG&amp#27;[0;39m &amp#27;[36mc.g.d.z.s.o.a.hc.client5.http.wire&amp#27;[0;39m - &amp#27;[32mhttp-outgoing-1 << "Server: Docker/23.0.5 (linux)[\r][\n]"
&amp#27;[0;39m2023-05-08 13:18:56,179 [main] &amp#27;[39mDEBUG&amp#27;[0;39m &amp#27;[36mc.g.d.z.s.o.a.hc.client5.http.wire&amp#27;[0;39m - &amp#27;[32mhttp-outgoing-1 << "Date: Mon, 08 May 2023 11:18:56 GMT[\r][\n]"
&amp#27;[0;39m2023-05-08 13:18:56,179 [main] &amp#27;[39mDEBUG&amp#27;[0;39m &amp#27;[36mc.g.d.z.s.o.a.hc.client5.http.wire&amp#27;[0;39m - &amp#27;[32mhttp-outgoing-1 << "Transfer-Encoding: chunked[\r][\n]"
&amp#27;[0;39m2023-05-08 13:18:56,179 [main] &amp#27;[39mDEBUG&amp#27;[0;39m &amp#27;[36mc.g.d.z.s.o.a.hc.client5.http.wire&amp#27;[0;39m - &amp#27;[32mhttp-outgoing-1 << "[\r][\n]"
&amp#27;[0;39m2023-05-08 13:18:56,179 [main] &amp#27;[39mDEBUG&amp#27;[0;39m &amp#27;[36mc.g.d.z.s.o.a.hc.client5.http.wire&amp#27;[0;39m - &amp#27;[32mhttp-outgoing-1 << "1890[\r][\n]"
&amp#27;[0;39m2023-05-08 13:18:56,179 [main] &amp#27;[39mDEBUG&amp#27;[0;39m &amp#27;[36mc.g.d.z.s.o.a.hc.client5.http.wire&amp#27;[0;39m - &amp#27;[32mhttp-outgoing-1 << "{"Id":"cccfb0602d7e775562ae171a9fe0a7ec811b6906268008a84fea93151d2a7305","Created":"2023-05-08T11:18:54.120535425Z","Path":"docker-entrypoint.sh","Args":["mysqld"],"State":{"Status":"running","Running":true,"Paused":false,"Restarting":false,"OOMKilled":false,"Dead":false,"Pid":59126,"ExitCode":0,"Error":"","StartedAt":"2023-05-08T11:18:54.468577716Z","FinishedAt":"0001-01-01T00:00:00Z"},"Image":"sha256:228d71078f8ce5ae9fd96b183f88c3a90e30544b4b7ce9d64a238d05fef2a681","ResolvConfPath":"/var/lib/docker/containers/cccfb0602d7e775562ae171a9fe0a7ec811b6906268008a84fea93151d2a7305/resolv.conf","HostnamePath":"/var/lib/docker/containers/cccfb0602d7e775562ae171a9fe0a7ec811b6906268008a84fea93151d2a7305/hostname","HostsPath":"/var/lib/docker/containers/cccfb0602d7e775562ae171a9fe0a7ec811b6906268008a84fea93151d2a7305/hosts","LogPath":"/var/lib/docker/containers/cccfb0602d7e775562ae171a9fe0a7ec811b6906268008a84fea93151d2a7305/cccfb0602d7e775562ae171a9fe0a7ec811b6906268008a84fea93151d2a7305-json.log","Name":"/charming_goodall","RestartCount":0,"Driver":"overlay2","Platform":"linux","MountLabel":"","ProcessLabel":"","AppArmorProfile":"docker-default","ExecIDs":null,"HostConfig":{"Binds":[],"ContainerIDFile":"","LogConfig":{"Type":"json-file","Config":{}},"NetworkMode":"default","PortBindings":{"3306/tcp":[{"HostIp":"","HostPort":""}]},"RestartPolicy":{"Name":"","MaximumRetryCount":0},"AutoRemove":false,"VolumeDriver":"","VolumesFrom":[],"ConsoleSize":[0,0],"CapAdd":null,"CapDrop":null,"CgroupnsMode":"private","Dns":null,"DnsOptions":null,"DnsSearch":null,"ExtraHosts":[],"GroupAdd":null,"IpcMode":"shareable","Cgroup":"","Links":null,"OomScoreAdj":0,"PidMode":"","Privileged":false,"PublishAllPorts":false,"ReadonlyRootfs":false,"SecurityOpt":null,"UTSMode":"","UsernsMode":"","ShmSize":67108864,"Runtime":"runc","Isolation":"","CpuShares":0,"Memory":0,"NanoCpus":0,"CgroupParent":"","BlkioWeight":0,"BlkioWeightDevice":null,"BlkioDeviceReadBps":null,"BlkioDeviceWriteBps":null,"BlkioDeviceReadIOps":null,"BlkioDeviceWriteIOps":null,"CpuPeriod":0,"CpuQuota":0,"CpuRealtimePeriod":0,"CpuRealtimeRuntime":0,"CpusetCpus":"","CpusetMems":"","Devices":null,"DeviceCgroupRules":null,"DeviceRequests":null,"MemoryReservation":0,"MemorySwap":0,"MemorySwappiness":null,"OomKillDisable":null,"PidsLimit":null,"Ulimits":null,"CpuCount":0,"CpuPercent":0,"IOMaximumIOps":0,"IOMaximumBandwidth":0,"MaskedPaths":["/proc/asound","/proc/acpi","/proc/kcore","/proc/keys","/proc/latency_stats","/proc/timer_list","/proc/timer_stats","/proc/sched_debug","/proc/scsi","/sys/firmware"],"ReadonlyPaths":["/proc/bus","/proc/fs","/proc/irq","/proc/sys","/proc/sysrq-trigger"]},"GraphDriver":{"Data":{"LowerDir":"/var/lib/docker/overlay2/0075f27ac39799b376a3e23bf05a650eb10c8a0f9ef49be1ab61e98fd3b93dc3-init/diff:/var/lib/docker/overlay2/4c6e20f032f02b27a9272f982861dc21998197aa90d94ed3bef95d449380247c/diff:/var/lib/docker/overlay2/0c75f828f603eff839bb3ca448163ab2a8017e86625ac255cd3dbf1673ddac26/diff:/var/lib/docker/overlay2/da128d897fda75829109844ce6cd9d73d0f54c682e735100af000ce899908729/diff:/var/lib/docker/overlay2/b678a1f261bf323afba6d76d91ab7428bdd6e1ef4a39b5224e4a1afd08c0423a/diff:/var/lib/docker/overlay2/1bec43b14875c5f9f814f146e8e31aa78566689c2c163da2ac60a32254988437/diff:/var/lib/docker/overlay2/28f4b1e6e1a7a2dbe30f1f94fb42bccd85a61faf8af1fe30a5bb0d442c525e41/diff:/var/lib/docker/overlay2/0f493124464c291d7c97d2633d5dff04b1dce5de904cb40a34dfbe7fe72e3fd4/diff:/var/lib/docker/overlay2/05befbee9e38cd670e1786b3310e99796dcc06abbed970007b4109a5424843fa/diff:/var/lib/docker/overlay2/582bcca9acfc4eef25109e1e1b9c9d104f355798455bc73e855c99283887a6e8/diff:/var/lib/docker/overlay2/153b3bf0b69e97e8f0e5533414a31ca33fa530e63d174c9617621abe46e7e9d1/diff:/var/lib/docker/overlay2/bf87a76c0a38875ee6e915fd0d2527eafa880ec6bf2c1cb294959428c18d10bd/diff","MergedDir":"/var/lib/docker/overlay2/0075f27ac39799b376a3e23bf05a650eb10c8a0f9ef49be1ab61e98fd3b93dc3/merged","UpperDir":"/var/lib/docker/overlay2/0075f27ac39799b376a3e23bf05a650eb10c8a0f9ef49be1ab61e98fd3b93dc3/diff","WorkDir":"/var/lib/docker/overlay2/0075f27ac39799b376a3e23bf05a650eb10c8a0f9ef49be1ab61e98fd3b93dc3/work"},"Name":"overlay2"},"Mounts":[{"Type":"volume","Name":"ffd30c8cc7ed7bf91bc1ebef46b0f06493ce1d3121e28c37d40240bd74b844a5","Source":"/var/lib/docker/volumes/ffd30c8cc7ed7bf91bc1ebef46b0f06493ce1d3121e28c37d40240bd74b844a5/_data","Destination":"/var/lib/mysql","Driver":"local","Mode":"","RW":true,"Propagation":""}],"Config":{"Hostname":"cccfb0602d7e","Domainname":"","User":"","AttachStdin":false,"AttachStdout":false,"AttachStderr":false,"ExposedPorts":{"3306/tcp":{}},"Tty":false,"OpenStdin":false,"StdinOnce":false,"Env":["MYSQL_DATABASE=test","MYSQL_PASSWORD=test","MYSQL_USER=test","MYSQL_ROOT_PASSWORD=test","PATH=/usr/local/sbin:/usr/local/bin:/usr/sbin:/usr/bin:/sbin:/bin","GOSU_VERSION=1.7","MYSQL_MAJOR=8.0","MYSQL_VERSION=8.0.0-dmr-1debian8"],"Cmd":["mysqld"],"Image":"mysql:8.0.0","Volumes":{"/var/lib/mysql":{}},"WorkingDir":"","Entrypoint":["docker-entrypoint.sh"],"OnBuild":null,"Labels":{"org.testcontainers":"true","org.testcontainers.lang":"java","org.testcontainers.sessionId":"f1b696c1-ec3f-4f95-afa8-081853be7ccb","org.testcontainers.version":"1.18.0"}},"NetworkSettings":{"Bridge":"","SandboxID":"75a4ef0436803615aa77c8b97de3cbbdd49519261fe2b3b6cdcae9bd2b1154aa","HairpinMode":false,"LinkLocalIPv6Address":"","LinkLocalIPv6PrefixLen":0,"Ports":{"3306/tcp":[{"HostIp":"0.0.0.0","HostPort":"32781"},{"HostIp":"::","HostPort":"32781"}]},"SandboxKey":"/var/run/docker/netns/75a4ef043680","SecondaryIPAddresses":null,"SecondaryIPv6Addresses":null,"EndpointID":"de3a5c9cc9471fdbec5943d78a8803fca61208fe4021ac9d3922ee2e8ec0d135","Gateway":"172.17.0.1","GlobalIPv6Address":"","GlobalIPv6PrefixLen":0,"IPAddress":"172.17.0.3","IPPrefixLen":16,"IPv6Gateway":"","MacAddress":"02:42:ac:11:00:03","Networks":{"bridge":{"IPAMConfig":null,"Links":null,"Aliases":null,"NetworkID":"e1a078e12eb8d77b497ed932f7fb43787eeb6ff6972febd7d03c9282b8b5cd45","EndpointID":"de3a5c9cc9471fdbec5943d78a8803fca61208fe4021ac9d3922ee2e8ec0d135","Gateway":"172.17.0.1","IPAddress":"172.17.0.3","IPPrefixLen":16,"IPv6Gateway":"","GlobalIPv6Address":"","GlobalIPv6PrefixLen":0,"MacAddress":"02:42:ac:11:00:03","DriverOpts":null}}}}[\n]"
&amp#27;[0;39m2023-05-08 13:18:56,180 [main] &amp#27;[39mDEBUG&amp#27;[0;39m &amp#27;[36mc.g.d.z.s.o.a.hc.client5.http.wire&amp#27;[0;39m - &amp#27;[32mhttp-outgoing-1 << "[\r][\n]"
&amp#27;[0;39m2023-05-08 13:18:56,180 [main] &amp#27;[39mDEBUG&amp#27;[0;39m &amp#27;[36mc.g.d.z.s.o.a.hc.client5.http.wire&amp#27;[0;39m - &amp#27;[32mhttp-outgoing-1 << "0[\r][\n]"
&amp#27;[0;39m2023-05-08 13:18:56,180 [main] &amp#27;[39mDEBUG&amp#27;[0;39m &amp#27;[36mc.g.d.z.s.o.a.hc.client5.http.wire&amp#27;[0;39m - &amp#27;[32mhttp-outgoing-1 << "[\r][\n]"
&amp#27;[0;39m2023-05-08 13:18:56,180 [main] &amp#27;[39mDEBUG&amp#27;[0;39m &amp#27;[36mc.g.d.z.s.o.a.h.client5.http.headers&amp#27;[0;39m - &amp#27;[32mhttp-outgoing-1 << HTTP/1.1 200 OK
&amp#27;[0;39m2023-05-08 13:18:56,180 [main] &amp#27;[39mDEBUG&amp#27;[0;39m &amp#27;[36mc.g.d.z.s.o.a.h.client5.http.headers&amp#27;[0;39m - &amp#27;[32mhttp-outgoing-1 << Api-Version: 1.42
&amp#27;[0;39m2023-05-08 13:18:56,180 [main] &amp#27;[39mDEBUG&amp#27;[0;39m &amp#27;[36mc.g.d.z.s.o.a.h.client5.http.headers&amp#27;[0;39m - &amp#27;[32mhttp-outgoing-1 << Content-Type: application/json
&amp#27;[0;39m2023-05-08 13:18:56,180 [main] &amp#27;[39mDEBUG&amp#27;[0;39m &amp#27;[36mc.g.d.z.s.o.a.h.client5.http.headers&amp#27;[0;39m - &amp#27;[32mhttp-outgoing-1 << Docker-Experimental: false
&amp#27;[0;39m2023-05-08 13:18:56,180 [main] &amp#27;[39mDEBUG&amp#27;[0;39m &amp#27;[36mc.g.d.z.s.o.a.h.client5.http.headers&amp#27;[0;39m - &amp#27;[32mhttp-outgoing-1 << Ostype: linux
&amp#27;[0;39m2023-05-08 13:18:56,180 [main] &amp#27;[39mDEBUG&amp#27;[0;39m &amp#27;[36mc.g.d.z.s.o.a.h.client5.http.headers&amp#27;[0;39m - &amp#27;[32mhttp-outgoing-1 << Server: Docker/23.0.5 (linux)
&amp#27;[0;39m2023-05-08 13:18:56,180 [main] &amp#27;[39mDEBUG&amp#27;[0;39m &amp#27;[36mc.g.d.z.s.o.a.h.client5.http.headers&amp#27;[0;39m - &amp#27;[32mhttp-outgoing-1 << Date: Mon, 08 May 2023 11:18:56 GMT
&amp#27;[0;39m2023-05-08 13:18:56,180 [main] &amp#27;[39mDEBUG&amp#27;[0;39m &amp#27;[36mc.g.d.z.s.o.a.h.client5.http.headers&amp#27;[0;39m - &amp#27;[32mhttp-outgoing-1 << Transfer-Encoding: chunked
&amp#27;[0;39m2023-05-08 13:18:56,180 [main] &amp#27;[39mDEBUG&amp#27;[0;39m &amp#27;[36mc.g.d.z.s.o.a.h.c.h.i.c.MainClientExec&amp#27;[0;39m - &amp#27;[32mex-00000020: connection can be kept alive for 3 MINUTES
&amp#27;[0;39m2023-05-08 13:18:56,182 [main] &amp#27;[39mDEBUG&amp#27;[0;39m &amp#27;[36mc.g.d.z.s.o.a.h.c.h.i.c.InternalHttpClient&amp#27;[0;39m - &amp#27;[32mep-0000001F: releasing valid endpoint
&amp#27;[0;39m2023-05-08 13:18:56,183 [main] &amp#27;[39mDEBUG&amp#27;[0;39m &amp#27;[36mc.g.d.z.s.o.a.h.c.h.i.i.PoolingHttpClientConnectionManager&amp#27;[0;39m - &amp#27;[32mep-0000001F: releasing endpoint
&amp#27;[0;39m2023-05-08 13:18:56,183 [main] &amp#27;[39mDEBUG&amp#27;[0;39m &amp#27;[36mc.g.d.z.s.o.a.h.c.h.i.i.PoolingHttpClientConnectionManager&amp#27;[0;39m - &amp#27;[32mep-0000001F: connection http-outgoing-1 can be kept alive for 3 MINUTES
&amp#27;[0;39m2023-05-08 13:18:56,183 [main] &amp#27;[39mDEBUG&amp#27;[0;39m &amp#27;[36mc.g.d.z.s.o.a.h.c.h.i.i.PoolingHttpClientConnectionManager&amp#27;[0;39m - &amp#27;[32mep-0000001F: connection released [route: {}->unix://localhost:2375][total available: 1; route allocated: 1 of 2147483647; total allocated: 1 of 2147483647]
&amp#27;[0;39m2023-05-08 13:18:56,183 [main] &amp#27;[39mDEBUG&amp#27;[0;39m &amp#27;[36mtc.mysql:8.0.0&amp#27;[0;39m - &amp#27;[32mTrying to create JDBC connection using com.mysql.cj.jdbc.Driver to jdbc:mysql://localhost:32781/test?useSSL=false&allowPublicKeyRetrieval=true with properties: {password=test, user=test}
&amp#27;[0;39m2023-05-08 13:18:56,285 [main] &amp#27;[39mDEBUG&amp#27;[0;39m &amp#27;[36mo.t.s.c.g.d.c.command.AbstrDockerCmd&amp#27;[0;39m - &amp#27;[32mCmd: cccfb0602d7e775562ae171a9fe0a7ec811b6906268008a84fea93151d2a7305,false
&amp#27;[0;39m2023-05-08 13:18:56,285 [main] &amp#27;[39mDEBUG&amp#27;[0;39m &amp#27;[36mo.t.s.c.g.d.c.e.InspectContainerCmdExec&amp#27;[0;39m - &amp#27;[32mGET: DefaultWebTarget{path=[/containers/cccfb0602d7e775562ae171a9fe0a7ec811b6906268008a84fea93151d2a7305/json], queryParams={}}
&amp#27;[0;39m2023-05-08 13:18:56,286 [main] &amp#27;[39mDEBUG&amp#27;[0;39m &amp#27;[36mc.g.d.z.s.o.a.h.c.h.i.c.InternalHttpClient&amp#27;[0;39m - &amp#27;[32mex-00000021: preparing request execution
&amp#27;[0;39m2023-05-08 13:18:56,286 [main] &amp#27;[39mDEBUG&amp#27;[0;39m &amp#27;[36mc.g.d.z.s.o.a.h.c.h.p.RequestAddCookies&amp#27;[0;39m - &amp#27;[32mCookie spec selected: strict
&amp#27;[0;39m2023-05-08 13:18:56,286 [main] &amp#27;[39mDEBUG&amp#27;[0;39m &amp#27;[36mc.g.d.z.s.o.a.h.c.h.p.RequestAuthCache&amp#27;[0;39m - &amp#27;[32mAuth cache not set in the context
&amp#27;[0;39m2023-05-08 13:18:56,286 [main] &amp#27;[39mDEBUG&amp#27;[0;39m &amp#27;[36mc.g.d.z.s.o.a.h.c.h.i.c.ProtocolExec&amp#27;[0;39m - &amp#27;[32mex-00000021: target auth state: UNCHALLENGED
&amp#27;[0;39m2023-05-08 13:18:56,286 [main] &amp#27;[39mDEBUG&amp#27;[0;39m &amp#27;[36mc.g.d.z.s.o.a.h.c.h.i.c.ProtocolExec&amp#27;[0;39m - &amp#27;[32mex-00000021: proxy auth state: UNCHALLENGED
&amp#27;[0;39m2023-05-08 13:18:56,286 [main] &amp#27;[39mDEBUG&amp#27;[0;39m &amp#27;[36mc.g.d.z.s.o.a.h.c.h.i.c.ConnectExec&amp#27;[0;39m - &amp#27;[32mex-00000021: acquiring connection with route {}->unix://localhost:2375
&amp#27;[0;39m2023-05-08 13:18:56,286 [main] &amp#27;[39mDEBUG&amp#27;[0;39m &amp#27;[36mc.g.d.z.s.o.a.h.c.h.i.c.InternalHttpClient&amp#27;[0;39m - &amp#27;[32mex-00000021: acquiring endpoint (3 MINUTES)
&amp#27;[0;39m2023-05-08 13:18:56,286 [main] &amp#27;[39mDEBUG&amp#27;[0;39m &amp#27;[36mc.g.d.z.s.o.a.h.c.h.i.i.PoolingHttpClientConnectionManager&amp#27;[0;39m - &amp#27;[32mex-00000021: endpoint lease request (3 MINUTES) [route: {}->unix://localhost:2375][total available: 1; route allocated: 1 of 2147483647; total allocated: 1 of 2147483647]
&amp#27;[0;39m2023-05-08 13:18:56,286 [main] &amp#27;[39mDEBUG&amp#27;[0;39m &amp#27;[36mc.g.d.z.s.o.a.h.c.h.i.i.PoolingHttpClientConnectionManager&amp#27;[0;39m - &amp#27;[32mex-00000021: endpoint leased [route: {}->unix://localhost:2375][total available: 0; route allocated: 1 of 2147483647; total allocated: 1 of 2147483647]
&amp#27;[0;39m2023-05-08 13:18:56,286 [main] &amp#27;[39mDEBUG&amp#27;[0;39m &amp#27;[36mc.g.d.z.s.o.a.h.c.h.i.i.PoolingHttpClientConnectionManager&amp#27;[0;39m - &amp#27;[32mex-00000021: acquired ep-00000020
&amp#27;[0;39m2023-05-08 13:18:56,286 [main] &amp#27;[39mDEBUG&amp#27;[0;39m &amp#27;[36mc.g.d.z.s.o.a.h.c.h.i.c.InternalHttpClient&amp#27;[0;39m - &amp#27;[32mex-00000021: acquired endpoint ep-00000020
&amp#27;[0;39m2023-05-08 13:18:56,286 [main] &amp#27;[39mDEBUG&amp#27;[0;39m &amp#27;[36mc.g.d.z.s.o.a.h.c.h.i.c.MainClientExec&amp#27;[0;39m - &amp#27;[32mex-00000021: executing GET /v1.32/containers/cccfb0602d7e775562ae171a9fe0a7ec811b6906268008a84fea93151d2a7305/json HTTP/1.1
&amp#27;[0;39m2023-05-08 13:18:56,286 [main] &amp#27;[39mDEBUG&amp#27;[0;39m &amp#27;[36mc.g.d.z.s.o.a.h.c.h.i.c.InternalHttpClient&amp#27;[0;39m - &amp#27;[32mep-00000020: start execution ex-00000021
&amp#27;[0;39m2023-05-08 13:18:56,286 [main] &amp#27;[39mDEBUG&amp#27;[0;39m &amp#27;[36mc.g.d.z.s.o.a.h.c.h.i.i.PoolingHttpClientConnectionManager&amp#27;[0;39m - &amp#27;[32mep-00000020: executing exchange ex-00000021 over http-outgoing-1
&amp#27;[0;39m2023-05-08 13:18:56,286 [main] &amp#27;[39mDEBUG&amp#27;[0;39m &amp#27;[36mc.g.d.z.s.o.a.h.client5.http.headers&amp#27;[0;39m - &amp#27;[32mhttp-outgoing-1 >> GET /v1.32/containers/cccfb0602d7e775562ae171a9fe0a7ec811b6906268008a84fea93151d2a7305/json HTTP/1.1
&amp#27;[0;39m2023-05-08 13:18:56,287 [main] &amp#27;[39mDEBUG&amp#27;[0;39m &amp#27;[36mc.g.d.z.s.o.a.h.client5.http.headers&amp#27;[0;39m - &amp#27;[32mhttp-outgoing-1 >> accept: application/json
&amp#27;[0;39m2023-05-08 13:18:56,287 [main] &amp#27;[39mDEBUG&amp#27;[0;39m &amp#27;[36mc.g.d.z.s.o.a.h.client5.http.headers&amp#27;[0;39m - &amp#27;[32mhttp-outgoing-1 >> x-tc-sid: f1b696c1-ec3f-4f95-afa8-081853be7ccb
&amp#27;[0;39m2023-05-08 13:18:56,287 [main] &amp#27;[39mDEBUG&amp#27;[0;39m &amp#27;[36mc.g.d.z.s.o.a.h.client5.http.headers&amp#27;[0;39m - &amp#27;[32mhttp-outgoing-1 >> Accept-Encoding: gzip, x-gzip, deflate
&amp#27;[0;39m2023-05-08 13:18:56,287 [main] &amp#27;[39mDEBUG&amp#27;[0;39m &amp#27;[36mc.g.d.z.s.o.a.h.client5.http.headers&amp#27;[0;39m - &amp#27;[32mhttp-outgoing-1 >> Host: localhost:2375
&amp#27;[0;39m2023-05-08 13:18:56,287 [main] &amp#27;[39mDEBUG&amp#27;[0;39m &amp#27;[36mc.g.d.z.s.o.a.h.client5.http.headers&amp#27;[0;39m - &amp#27;[32mhttp-outgoing-1 >> Connection: keep-alive
&amp#27;[0;39m2023-05-08 13:18:56,287 [main] &amp#27;[39mDEBUG&amp#27;[0;39m &amp#27;[36mc.g.d.z.s.o.a.h.client5.http.headers&amp#27;[0;39m - &amp#27;[32mhttp-outgoing-1 >> User-Agent: Apache-HttpClient/5.0.3 (Java/17.0.6)
&amp#27;[0;39m2023-05-08 13:18:56,287 [main] &amp#27;[39mDEBUG&amp#27;[0;39m &amp#27;[36mc.g.d.z.s.o.a.hc.client5.http.wire&amp#27;[0;39m - &amp#27;[32mhttp-outgoing-1 >> "GET /v1.32/containers/cccfb0602d7e775562ae171a9fe0a7ec811b6906268008a84fea93151d2a7305/json HTTP/1.1[\r][\n]"
&amp#27;[0;39m2023-05-08 13:18:56,287 [main] &amp#27;[39mDEBUG&amp#27;[0;39m &amp#27;[36mc.g.d.z.s.o.a.hc.client5.http.wire&amp#27;[0;39m - &amp#27;[32mhttp-outgoing-1 >> "accept: application/json[\r][\n]"
&amp#27;[0;39m2023-05-08 13:18:56,287 [main] &amp#27;[39mDEBUG&amp#27;[0;39m &amp#27;[36mc.g.d.z.s.o.a.hc.client5.http.wire&amp#27;[0;39m - &amp#27;[32mhttp-outgoing-1 >> "x-tc-sid: f1b696c1-ec3f-4f95-afa8-081853be7ccb[\r][\n]"
&amp#27;[0;39m2023-05-08 13:18:56,287 [main] &amp#27;[39mDEBUG&amp#27;[0;39m &amp#27;[36mc.g.d.z.s.o.a.hc.client5.http.wire&amp#27;[0;39m - &amp#27;[32mhttp-outgoing-1 >> "Accept-Encoding: gzip, x-gzip, deflate[\r][\n]"
&amp#27;[0;39m2023-05-08 13:18:56,287 [main] &amp#27;[39mDEBUG&amp#27;[0;39m &amp#27;[36mc.g.d.z.s.o.a.hc.client5.http.wire&amp#27;[0;39m - &amp#27;[32mhttp-outgoing-1 >> "Host: localhost:2375[\r][\n]"
&amp#27;[0;39m2023-05-08 13:18:56,287 [main] &amp#27;[39mDEBUG&amp#27;[0;39m &amp#27;[36mc.g.d.z.s.o.a.hc.client5.http.wire&amp#27;[0;39m - &amp#27;[32mhttp-outgoing-1 >> "Connection: keep-alive[\r][\n]"
&amp#27;[0;39m2023-05-08 13:18:56,287 [main] &amp#27;[39mDEBUG&amp#27;[0;39m &amp#27;[36mc.g.d.z.s.o.a.hc.client5.http.wire&amp#27;[0;39m - &amp#27;[32mhttp-outgoing-1 >> "User-Agent: Apache-HttpClient/5.0.3 (Java/17.0.6)[\r][\n]"
&amp#27;[0;39m2023-05-08 13:18:56,287 [main] &amp#27;[39mDEBUG&amp#27;[0;39m &amp#27;[36mc.g.d.z.s.o.a.hc.client5.http.wire&amp#27;[0;39m - &amp#27;[32mhttp-outgoing-1 >> "[\r][\n]"
&amp#27;[0;39m2023-05-08 13:18:56,287 [main] &amp#27;[39mDEBUG&amp#27;[0;39m &amp#27;[36mc.g.d.z.s.o.a.hc.client5.http.wire&amp#27;[0;39m - &amp#27;[32mhttp-outgoing-1 << "HTTP/1.1 200 OK[\r][\n]"
&amp#27;[0;39m2023-05-08 13:18:56,287 [main] &amp#27;[39mDEBUG&amp#27;[0;39m &amp#27;[36mc.g.d.z.s.o.a.hc.client5.http.wire&amp#27;[0;39m - &amp#27;[32mhttp-outgoing-1 << "Api-Version: 1.42[\r][\n]"
&amp#27;[0;39m2023-05-08 13:18:56,287 [main] &amp#27;[39mDEBUG&amp#27;[0;39m &amp#27;[36mc.g.d.z.s.o.a.hc.client5.http.wire&amp#27;[0;39m - &amp#27;[32mhttp-outgoing-1 << "Content-Type: application/json[\r][\n]"
&amp#27;[0;39m2023-05-08 13:18:56,287 [main] &amp#27;[39mDEBUG&amp#27;[0;39m &amp#27;[36mc.g.d.z.s.o.a.hc.client5.http.wire&amp#27;[0;39m - &amp#27;[32mhttp-outgoing-1 << "Docker-Experimental: false[\r][\n]"
&amp#27;[0;39m2023-05-08 13:18:56,287 [main] &amp#27;[39mDEBUG&amp#27;[0;39m &amp#27;[36mc.g.d.z.s.o.a.hc.client5.http.wire&amp#27;[0;39m - &amp#27;[32mhttp-outgoing-1 << "Ostype: linux[\r][\n]"
&amp#27;[0;39m2023-05-08 13:18:56,287 [main] &amp#27;[39mDEBUG&amp#27;[0;39m &amp#27;[36mc.g.d.z.s.o.a.hc.client5.http.wire&amp#27;[0;39m - &amp#27;[32mhttp-outgoing-1 << "Server: Docker/23.0.5 (linux)[\r][\n]"
&amp#27;[0;39m2023-05-08 13:18:56,287 [main] &amp#27;[39mDEBUG&amp#27;[0;39m &amp#27;[36mc.g.d.z.s.o.a.hc.client5.http.wire&amp#27;[0;39m - &amp#27;[32mhttp-outgoing-1 << "Date: Mon, 08 May 2023 11:18:56 GMT[\r][\n]"
&amp#27;[0;39m2023-05-08 13:18:56,287 [main] &amp#27;[39mDEBUG&amp#27;[0;39m &amp#27;[36mc.g.d.z.s.o.a.hc.client5.http.wire&amp#27;[0;39m - &amp#27;[32mhttp-outgoing-1 << "Transfer-Encoding: chunked[\r][\n]"
&amp#27;[0;39m2023-05-08 13:18:56,287 [main] &amp#27;[39mDEBUG&amp#27;[0;39m &amp#27;[36mc.g.d.z.s.o.a.hc.client5.http.wire&amp#27;[0;39m - &amp#27;[32mhttp-outgoing-1 << "[\r][\n]"
&amp#27;[0;39m2023-05-08 13:18:56,287 [main] &amp#27;[39mDEBUG&amp#27;[0;39m &amp#27;[36mc.g.d.z.s.o.a.hc.client5.http.wire&amp#27;[0;39m - &amp#27;[32mhttp-outgoing-1 << "1890[\r][\n]"
&amp#27;[0;39m2023-05-08 13:18:56,287 [main] &amp#27;[39mDEBUG&amp#27;[0;39m &amp#27;[36mc.g.d.z.s.o.a.hc.client5.http.wire&amp#27;[0;39m - &amp#27;[32mhttp-outgoing-1 << "{"Id":"cccfb0602d7e775562ae171a9fe0a7ec811b6906268008a84fea93151d2a7305","Created":"2023-05-08T11:18:54.120535425Z","Path":"docker-entrypoint.sh","Args":["mysqld"],"State":{"Status":"running","Running":true,"Paused":false,"Restarting":false,"OOMKilled":false,"Dead":false,"Pid":59126,"ExitCode":0,"Error":"","StartedAt":"2023-05-08T11:18:54.468577716Z","FinishedAt":"0001-01-01T00:00:00Z"},"Image":"sha256:228d71078f8ce5ae9fd96b183f88c3a90e30544b4b7ce9d64a238d05fef2a681","ResolvConfPath":"/var/lib/docker/containers/cccfb0602d7e775562ae171a9fe0a7ec811b6906268008a84fea93151d2a7305/resolv.conf","HostnamePath":"/var/lib/docker/containers/cccfb0602d7e775562ae171a9fe0a7ec811b6906268008a84fea93151d2a7305/hostname","HostsPath":"/var/lib/docker/containers/cccfb0602d7e775562ae171a9fe0a7ec811b6906268008a84fea93151d2a7305/hosts","LogPath":"/var/lib/docker/containers/cccfb0602d7e775562ae171a9fe0a7ec811b6906268008a84fea93151d2a7305/cccfb0602d7e775562ae171a9fe0a7ec811b6906268008a84fea93151d2a7305-json.log","Name":"/charming_goodall","RestartCount":0,"Driver":"overlay2","Platform":"linux","MountLabel":"","ProcessLabel":"","AppArmorProfile":"docker-default","ExecIDs":null,"HostConfig":{"Binds":[],"ContainerIDFile":"","LogConfig":{"Type":"json-file","Config":{}},"NetworkMode":"default","PortBindings":{"3306/tcp":[{"HostIp":"","HostPort":""}]},"RestartPolicy":{"Name":"","MaximumRetryCount":0},"AutoRemove":false,"VolumeDriver":"","VolumesFrom":[],"ConsoleSize":[0,0],"CapAdd":null,"CapDrop":null,"CgroupnsMode":"private","Dns":null,"DnsOptions":null,"DnsSearch":null,"ExtraHosts":[],"GroupAdd":null,"IpcMode":"shareable","Cgroup":"","Links":null,"OomScoreAdj":0,"PidMode":"","Privileged":false,"PublishAllPorts":false,"ReadonlyRootfs":false,"SecurityOpt":null,"UTSMode":"","UsernsMode":"","ShmSize":67108864,"Runtime":"runc","Isolation":"","CpuShares":0,"Memory":0,"NanoCpus":0,"CgroupParent":"","BlkioWeight":0,"BlkioWeightDevice":null,"BlkioDeviceReadBps":null,"BlkioDeviceWriteBps":null,"BlkioDeviceReadIOps":null,"BlkioDeviceWriteIOps":null,"CpuPeriod":0,"CpuQuota":0,"CpuRealtimePeriod":0,"CpuRealtimeRuntime":0,"CpusetCpus":"","CpusetMems":"","Devices":null,"DeviceCgroupRules":null,"DeviceRequests":null,"MemoryReservation":0,"MemorySwap":0,"MemorySwappiness":null,"OomKillDisable":null,"PidsLimit":null,"Ulimits":null,"CpuCount":0,"CpuPercent":0,"IOMaximumIOps":0,"IOMaximumBandwidth":0,"MaskedPaths":["/proc/asound","/proc/acpi","/proc/kcore","/proc/keys","/proc/latency_stats","/proc/timer_list","/proc/timer_stats","/proc/sched_debug","/proc/scsi","/sys/firmware"],"ReadonlyPaths":["/proc/bus","/proc/fs","/proc/irq","/proc/sys","/proc/sysrq-trigger"]},"GraphDriver":{"Data":{"LowerDir":"/var/lib/docker/overlay2/0075f27ac39799b376a3e23bf05a650eb10c8a0f9ef49be1ab61e98fd3b93dc3-init/diff:/var/lib/docker/overlay2/4c6e20f032f02b27a9272f982861dc21998197aa90d94ed3bef95d449380247c/diff:/var/lib/docker/overlay2/0c75f828f603eff839bb3ca448163ab2a8017e86625ac255cd3dbf1673ddac26/diff:/var/lib/docker/overlay2/da128d897fda75829109844ce6cd9d73d0f54c682e735100af000ce899908729/diff:/var/lib/docker/overlay2/b678a1f261bf323afba6d76d91ab7428bdd6e1ef4a39b5224e4a1afd08c0423a/diff:/var/lib/docker/overlay2/1bec43b14875c5f9f814f146e8e31aa78566689c2c163da2ac60a32254988437/diff:/var/lib/docker/overlay2/28f4b1e6e1a7a2dbe30f1f94fb42bccd85a61faf8af1fe30a5bb0d442c525e41/diff:/var/lib/docker/overlay2/0f493124464c291d7c97d2633d5dff04b1dce5de904cb40a34dfbe7fe72e3fd4/diff:/var/lib/docker/overlay2/05befbee9e38cd670e1786b3310e99796dcc06abbed970007b4109a5424843fa/diff:/var/lib/docker/overlay2/582bcca9acfc4eef25109e1e1b9c9d104f355798455bc73e855c99283887a6e8/diff:/var/lib/docker/overlay2/153b3bf0b69e97e8f0e5533414a31ca33fa530e63d174c9617621abe46e7e9d1/diff:/var/lib/docker/overlay2/bf87a76c0a38875ee6e915fd0d2527eafa880ec6bf2c1cb294959428c18d10bd/diff","MergedDir":"/var/lib/docker/overlay2/0075f27ac39799b376a3e23bf05a650eb10c8a0f9ef49be1ab61e98fd3b93dc3/merged","UpperDir":"/var/lib/docker/overlay2/0075f27ac39799b376a3e23bf05a650eb10c8a0f9ef49be1ab61e98fd3b93dc3/diff","WorkDir":"/var/lib/docker/overlay2/0075f27ac39799b376a3e23bf05a650eb10c8a0f9ef49be1ab61e98fd3b93dc3/work"},"Name":"overlay2"},"Mounts":[{"Type":"volume","Name":"ffd30c8cc7ed7bf91bc1ebef46b0f06493ce1d3121e28c37d40240bd74b844a5","Source":"/var/lib/docker/volumes/ffd30c8cc7ed7bf91bc1ebef46b0f06493ce1d3121e28c37d40240bd74b844a5/_data","Destination":"/var/lib/mysql","Driver":"local","Mode":"","RW":true,"Propagation":""}],"Config":{"Hostname":"cccfb0602d7e","Domainname":"","User":"","AttachStdin":false,"AttachStdout":false,"AttachStderr":false,"ExposedPorts":{"3306/tcp":{}},"Tty":false,"OpenStdin":false,"StdinOnce":false,"Env":["MYSQL_DATABASE=test","MYSQL_PASSWORD=test","MYSQL_USER=test","MYSQL_ROOT_PASSWORD=test","PATH=/usr/local/sbin:/usr/local/bin:/usr/sbin:/usr/bin:/sbin:/bin","GOSU_VERSION=1.7","MYSQL_MAJOR=8.0","MYSQL_VERSION=8.0.0-dmr-1debian8"],"Cmd":["mysqld"],"Image":"mysql:8.0.0","Volumes":{"/var/lib/mysql":{}},"WorkingDir":"","Entrypoint":["docker-entrypoint.sh"],"OnBuild":null,"Labels":{"org.testcontainers":"true","org.testcontainers.lang":"java","org.testcontainers.sessionId":"f1b696c1-ec3f-4f95-afa8-081853be7ccb","org.testcontainers.version":"1.18.0"}},"NetworkSettings":{"Bridge":"","SandboxID":"75a4ef0436803615aa77c8b97de3cbbdd49519261fe2b3b6cdcae9bd2b1154aa","HairpinMode":false,"LinkLocalIPv6Address":"","LinkLocalIPv6PrefixLen":0,"Ports":{"3306/tcp":[{"HostIp":"0.0.0.0","HostPort":"32781"},{"HostIp":"::","HostPort":"32781"}]},"SandboxKey":"/var/run/docker/netns/75a4ef043680","SecondaryIPAddresses":null,"SecondaryIPv6Addresses":null,"EndpointID":"de3a5c9cc9471fdbec5943d78a8803fca61208fe4021ac9d3922ee2e8ec0d135","Gateway":"172.17.0.1","GlobalIPv6Address":"","GlobalIPv6PrefixLen":0,"IPAddress":"172.17.0.3","IPPrefixLen":16,"IPv6Gateway":"","MacAddress":"02:42:ac:11:00:03","Networks":{"bridge":{"IPAMConfig":null,"Links":null,"Aliases":null,"NetworkID":"e1a078e12eb8d77b497ed932f7fb43787eeb6ff6972febd7d03c9282b8b5cd45","EndpointID":"de3a5c9cc9471fdbec5943d78a8803fca61208fe4021ac9d3922ee2e8ec0d135","Gateway":"172.17.0.1","IPAddress":"172.17.0.3","IPPrefixLen":16,"IPv6Gateway":"","GlobalIPv6Address":"","GlobalIPv6PrefixLen":0,"MacAddress":"02:42:ac:11:00:03","DriverOpts":null}}}}[\n]"
&amp#27;[0;39m2023-05-08 13:18:56,287 [main] &amp#27;[39mDEBUG&amp#27;[0;39m &amp#27;[36mc.g.d.z.s.o.a.hc.client5.http.wire&amp#27;[0;39m - &amp#27;[32mhttp-outgoing-1 << "[\r][\n]"
&amp#27;[0;39m2023-05-08 13:18:56,287 [main] &amp#27;[39mDEBUG&amp#27;[0;39m &amp#27;[36mc.g.d.z.s.o.a.hc.client5.http.wire&amp#27;[0;39m - &amp#27;[32mhttp-outgoing-1 << "0[\r][\n]"
&amp#27;[0;39m2023-05-08 13:18:56,287 [main] &amp#27;[39mDEBUG&amp#27;[0;39m &amp#27;[36mc.g.d.z.s.o.a.hc.client5.http.wire&amp#27;[0;39m - &amp#27;[32mhttp-outgoing-1 << "[\r][\n]"
&amp#27;[0;39m2023-05-08 13:18:56,287 [main] &amp#27;[39mDEBUG&amp#27;[0;39m &amp#27;[36mc.g.d.z.s.o.a.h.client5.http.headers&amp#27;[0;39m - &amp#27;[32mhttp-outgoing-1 << HTTP/1.1 200 OK
&amp#27;[0;39m2023-05-08 13:18:56,287 [main] &amp#27;[39mDEBUG&amp#27;[0;39m &amp#27;[36mc.g.d.z.s.o.a.h.client5.http.headers&amp#27;[0;39m - &amp#27;[32mhttp-outgoing-1 << Api-Version: 1.42
&amp#27;[0;39m2023-05-08 13:18:56,287 [main] &amp#27;[39mDEBUG&amp#27;[0;39m &amp#27;[36mc.g.d.z.s.o.a.h.client5.http.headers&amp#27;[0;39m - &amp#27;[32mhttp-outgoing-1 << Content-Type: application/json
&amp#27;[0;39m2023-05-08 13:18:56,287 [main] &amp#27;[39mDEBUG&amp#27;[0;39m &amp#27;[36mc.g.d.z.s.o.a.h.client5.http.headers&amp#27;[0;39m - &amp#27;[32mhttp-outgoing-1 << Docker-Experimental: false
&amp#27;[0;39m2023-05-08 13:18:56,287 [main] &amp#27;[39mDEBUG&amp#27;[0;39m &amp#27;[36mc.g.d.z.s.o.a.h.client5.http.headers&amp#27;[0;39m - &amp#27;[32mhttp-outgoing-1 << Ostype: linux
&amp#27;[0;39m2023-05-08 13:18:56,287 [main] &amp#27;[39mDEBUG&amp#27;[0;39m &amp#27;[36mc.g.d.z.s.o.a.h.client5.http.headers&amp#27;[0;39m - &amp#27;[32mhttp-outgoing-1 << Server: Docker/23.0.5 (linux)
&amp#27;[0;39m2023-05-08 13:18:56,287 [main] &amp#27;[39mDEBUG&amp#27;[0;39m &amp#27;[36mc.g.d.z.s.o.a.h.client5.http.headers&amp#27;[0;39m - &amp#27;[32mhttp-outgoing-1 << Date: Mon, 08 May 2023 11:18:56 GMT
&amp#27;[0;39m2023-05-08 13:18:56,287 [main] &amp#27;[39mDEBUG&amp#27;[0;39m &amp#27;[36mc.g.d.z.s.o.a.h.client5.http.headers&amp#27;[0;39m - &amp#27;[32mhttp-outgoing-1 << Transfer-Encoding: chunked
&amp#27;[0;39m2023-05-08 13:18:56,287 [main] &amp#27;[39mDEBUG&amp#27;[0;39m &amp#27;[36mc.g.d.z.s.o.a.h.c.h.i.c.MainClientExec&amp#27;[0;39m - &amp#27;[32mex-00000021: connection can be kept alive for 3 MINUTES
&amp#27;[0;39m2023-05-08 13:18:56,288 [main] &amp#27;[39mDEBUG&amp#27;[0;39m &amp#27;[36mc.g.d.z.s.o.a.h.c.h.i.c.InternalHttpClient&amp#27;[0;39m - &amp#27;[32mep-00000020: releasing valid endpoint
&amp#27;[0;39m2023-05-08 13:18:56,288 [main] &amp#27;[39mDEBUG&amp#27;[0;39m &amp#27;[36mc.g.d.z.s.o.a.h.c.h.i.i.PoolingHttpClientConnectionManager&amp#27;[0;39m - &amp#27;[32mep-00000020: releasing endpoint
&amp#27;[0;39m2023-05-08 13:18:56,288 [main] &amp#27;[39mDEBUG&amp#27;[0;39m &amp#27;[36mc.g.d.z.s.o.a.h.c.h.i.i.PoolingHttpClientConnectionManager&amp#27;[0;39m - &amp#27;[32mep-00000020: connection http-outgoing-1 can be kept alive for 3 MINUTES
&amp#27;[0;39m2023-05-08 13:18:56,288 [main] &amp#27;[39mDEBUG&amp#27;[0;39m &amp#27;[36mc.g.d.z.s.o.a.h.c.h.i.i.PoolingHttpClientConnectionManager&amp#27;[0;39m - &amp#27;[32mep-00000020: connection released [route: {}->unix://localhost:2375][total available: 1; route allocated: 1 of 2147483647; total allocated: 1 of 2147483647]
&amp#27;[0;39m2023-05-08 13:18:56,288 [main] &amp#27;[39mDEBUG&amp#27;[0;39m &amp#27;[36mtc.mysql:8.0.0&amp#27;[0;39m - &amp#27;[32mTrying to create JDBC connection using com.mysql.cj.jdbc.Driver to jdbc:mysql://localhost:32781/test?useSSL=false&allowPublicKeyRetrieval=true with properties: {password=test, user=test}
&amp#27;[0;39m2023-05-08 13:18:56,390 [main] &amp#27;[39mDEBUG&amp#27;[0;39m &amp#27;[36mo.t.s.c.g.d.c.command.AbstrDockerCmd&amp#27;[0;39m - &amp#27;[32mCmd: cccfb0602d7e775562ae171a9fe0a7ec811b6906268008a84fea93151d2a7305,false
&amp#27;[0;39m2023-05-08 13:18:56,390 [main] &amp#27;[39mDEBUG&amp#27;[0;39m &amp#27;[36mo.t.s.c.g.d.c.e.InspectContainerCmdExec&amp#27;[0;39m - &amp#27;[32mGET: DefaultWebTarget{path=[/containers/cccfb0602d7e775562ae171a9fe0a7ec811b6906268008a84fea93151d2a7305/json], queryParams={}}
&amp#27;[0;39m2023-05-08 13:18:56,391 [main] &amp#27;[39mDEBUG&amp#27;[0;39m &amp#27;[36mc.g.d.z.s.o.a.h.c.h.i.c.InternalHttpClient&amp#27;[0;39m - &amp#27;[32mex-00000022: preparing request execution
&amp#27;[0;39m2023-05-08 13:18:56,391 [main] &amp#27;[39mDEBUG&amp#27;[0;39m &amp#27;[36mc.g.d.z.s.o.a.h.c.h.p.RequestAddCookies&amp#27;[0;39m - &amp#27;[32mCookie spec selected: strict
&amp#27;[0;39m2023-05-08 13:18:56,391 [main] &amp#27;[39mDEBUG&amp#27;[0;39m &amp#27;[36mc.g.d.z.s.o.a.h.c.h.p.RequestAuthCache&amp#27;[0;39m - &amp#27;[32mAuth cache not set in the context
&amp#27;[0;39m2023-05-08 13:18:56,391 [main] &amp#27;[39mDEBUG&amp#27;[0;39m &amp#27;[36mc.g.d.z.s.o.a.h.c.h.i.c.ProtocolExec&amp#27;[0;39m - &amp#27;[32mex-00000022: target auth state: UNCHALLENGED
&amp#27;[0;39m2023-05-08 13:18:56,391 [main] &amp#27;[39mDEBUG&amp#27;[0;39m &amp#27;[36mc.g.d.z.s.o.a.h.c.h.i.c.ProtocolExec&amp#27;[0;39m - &amp#27;[32mex-00000022: proxy auth state: UNCHALLENGED
&amp#27;[0;39m2023-05-08 13:18:56,391 [main] &amp#27;[39mDEBUG&amp#27;[0;39m &amp#27;[36mc.g.d.z.s.o.a.h.c.h.i.c.ConnectExec&amp#27;[0;39m - &amp#27;[32mex-00000022: acquiring connection with route {}->unix://localhost:2375
&amp#27;[0;39m2023-05-08 13:18:56,391 [main] &amp#27;[39mDEBUG&amp#27;[0;39m &amp#27;[36mc.g.d.z.s.o.a.h.c.h.i.c.InternalHttpClient&amp#27;[0;39m - &amp#27;[32mex-00000022: acquiring endpoint (3 MINUTES)
&amp#27;[0;39m2023-05-08 13:18:56,391 [main] &amp#27;[39mDEBUG&amp#27;[0;39m &amp#27;[36mc.g.d.z.s.o.a.h.c.h.i.i.PoolingHttpClientConnectionManager&amp#27;[0;39m - &amp#27;[32mex-00000022: endpoint lease request (3 MINUTES) [route: {}->unix://localhost:2375][total available: 1; route allocated: 1 of 2147483647; total allocated: 1 of 2147483647]
&amp#27;[0;39m2023-05-08 13:18:56,391 [main] &amp#27;[39mDEBUG&amp#27;[0;39m &amp#27;[36mc.g.d.z.s.o.a.h.c.h.i.i.PoolingHttpClientConnectionManager&amp#27;[0;39m - &amp#27;[32mex-00000022: endpoint leased [route: {}->unix://localhost:2375][total available: 0; route allocated: 1 of 2147483647; total allocated: 1 of 2147483647]
&amp#27;[0;39m2023-05-08 13:18:56,391 [main] &amp#27;[39mDEBUG&amp#27;[0;39m &amp#27;[36mc.g.d.z.s.o.a.h.c.h.i.i.PoolingHttpClientConnectionManager&amp#27;[0;39m - &amp#27;[32mex-00000022: acquired ep-00000021
&amp#27;[0;39m2023-05-08 13:18:56,391 [main] &amp#27;[39mDEBUG&amp#27;[0;39m &amp#27;[36mc.g.d.z.s.o.a.h.c.h.i.c.InternalHttpClient&amp#27;[0;39m - &amp#27;[32mex-00000022: acquired endpoint ep-00000021
&amp#27;[0;39m2023-05-08 13:18:56,391 [main] &amp#27;[39mDEBUG&amp#27;[0;39m &amp#27;[36mc.g.d.z.s.o.a.h.c.h.i.c.MainClientExec&amp#27;[0;39m - &amp#27;[32mex-00000022: executing GET /v1.32/containers/cccfb0602d7e775562ae171a9fe0a7ec811b6906268008a84fea93151d2a7305/json HTTP/1.1
&amp#27;[0;39m2023-05-08 13:18:56,391 [main] &amp#27;[39mDEBUG&amp#27;[0;39m &amp#27;[36mc.g.d.z.s.o.a.h.c.h.i.c.InternalHttpClient&amp#27;[0;39m - &amp#27;[32mep-00000021: start execution ex-00000022
&amp#27;[0;39m2023-05-08 13:18:56,391 [main] &amp#27;[39mDEBUG&amp#27;[0;39m &amp#27;[36mc.g.d.z.s.o.a.h.c.h.i.i.PoolingHttpClientConnectionManager&amp#27;[0;39m - &amp#27;[32mep-00000021: executing exchange ex-00000022 over http-outgoing-1
&amp#27;[0;39m2023-05-08 13:18:56,391 [main] &amp#27;[39mDEBUG&amp#27;[0;39m &amp#27;[36mc.g.d.z.s.o.a.h.client5.http.headers&amp#27;[0;39m - &amp#27;[32mhttp-outgoing-1 >> GET /v1.32/containers/cccfb0602d7e775562ae171a9fe0a7ec811b6906268008a84fea93151d2a7305/json HTTP/1.1
&amp#27;[0;39m2023-05-08 13:18:56,391 [main] &amp#27;[39mDEBUG&amp#27;[0;39m &amp#27;[36mc.g.d.z.s.o.a.h.client5.http.headers&amp#27;[0;39m - &amp#27;[32mhttp-outgoing-1 >> accept: application/json
&amp#27;[0;39m2023-05-08 13:18:56,391 [main] &amp#27;[39mDEBUG&amp#27;[0;39m &amp#27;[36mc.g.d.z.s.o.a.h.client5.http.headers&amp#27;[0;39m - &amp#27;[32mhttp-outgoing-1 >> x-tc-sid: f1b696c1-ec3f-4f95-afa8-081853be7ccb
&amp#27;[0;39m2023-05-08 13:18:56,391 [main] &amp#27;[39mDEBUG&amp#27;[0;39m &amp#27;[36mc.g.d.z.s.o.a.h.client5.http.headers&amp#27;[0;39m - &amp#27;[32mhttp-outgoing-1 >> Accept-Encoding: gzip, x-gzip, deflate
&amp#27;[0;39m2023-05-08 13:18:56,391 [main] &amp#27;[39mDEBUG&amp#27;[0;39m &amp#27;[36mc.g.d.z.s.o.a.h.client5.http.headers&amp#27;[0;39m - &amp#27;[32mhttp-outgoing-1 >> Host: localhost:2375
&amp#27;[0;39m2023-05-08 13:18:56,391 [main] &amp#27;[39mDEBUG&amp#27;[0;39m &amp#27;[36mc.g.d.z.s.o.a.h.client5.http.headers&amp#27;[0;39m - &amp#27;[32mhttp-outgoing-1 >> Connection: keep-alive
&amp#27;[0;39m2023-05-08 13:18:56,391 [main] &amp#27;[39mDEBUG&amp#27;[0;39m &amp#27;[36mc.g.d.z.s.o.a.h.client5.http.headers&amp#27;[0;39m - &amp#27;[32mhttp-outgoing-1 >> User-Agent: Apache-HttpClient/5.0.3 (Java/17.0.6)
&amp#27;[0;39m2023-05-08 13:18:56,391 [main] &amp#27;[39mDEBUG&amp#27;[0;39m &amp#27;[36mc.g.d.z.s.o.a.hc.client5.http.wire&amp#27;[0;39m - &amp#27;[32mhttp-outgoing-1 >> "GET /v1.32/containers/cccfb0602d7e775562ae171a9fe0a7ec811b6906268008a84fea93151d2a7305/json HTTP/1.1[\r][\n]"
&amp#27;[0;39m2023-05-08 13:18:56,391 [main] &amp#27;[39mDEBUG&amp#27;[0;39m &amp#27;[36mc.g.d.z.s.o.a.hc.client5.http.wire&amp#27;[0;39m - &amp#27;[32mhttp-outgoing-1 >> "accept: application/json[\r][\n]"
&amp#27;[0;39m2023-05-08 13:18:56,391 [main] &amp#27;[39mDEBUG&amp#27;[0;39m &amp#27;[36mc.g.d.z.s.o.a.hc.client5.http.wire&amp#27;[0;39m - &amp#27;[32mhttp-outgoing-1 >> "x-tc-sid: f1b696c1-ec3f-4f95-afa8-081853be7ccb[\r][\n]"
&amp#27;[0;39m2023-05-08 13:18:56,391 [main] &amp#27;[39mDEBUG&amp#27;[0;39m &amp#27;[36mc.g.d.z.s.o.a.hc.client5.http.wire&amp#27;[0;39m - &amp#27;[32mhttp-outgoing-1 >> "Accept-Encoding: gzip, x-gzip, deflate[\r][\n]"
&amp#27;[0;39m2023-05-08 13:18:56,391 [main] &amp#27;[39mDEBUG&amp#27;[0;39m &amp#27;[36mc.g.d.z.s.o.a.hc.client5.http.wire&amp#27;[0;39m - &amp#27;[32mhttp-outgoing-1 >> "Host: localhost:2375[\r][\n]"
&amp#27;[0;39m2023-05-08 13:18:56,391 [main] &amp#27;[39mDEBUG&amp#27;[0;39m &amp#27;[36mc.g.d.z.s.o.a.hc.client5.http.wire&amp#27;[0;39m - &amp#27;[32mhttp-outgoing-1 >> "Connection: keep-alive[\r][\n]"
&amp#27;[0;39m2023-05-08 13:18:56,391 [main] &amp#27;[39mDEBUG&amp#27;[0;39m &amp#27;[36mc.g.d.z.s.o.a.hc.client5.http.wire&amp#27;[0;39m - &amp#27;[32mhttp-outgoing-1 >> "User-Agent: Apache-HttpClient/5.0.3 (Java/17.0.6)[\r][\n]"
&amp#27;[0;39m2023-05-08 13:18:56,391 [main] &amp#27;[39mDEBUG&amp#27;[0;39m &amp#27;[36mc.g.d.z.s.o.a.hc.client5.http.wire&amp#27;[0;39m - &amp#27;[32mhttp-outgoing-1 >> "[\r][\n]"
&amp#27;[0;39m2023-05-08 13:18:56,392 [main] &amp#27;[39mDEBUG&amp#27;[0;39m &amp#27;[36mc.g.d.z.s.o.a.hc.client5.http.wire&amp#27;[0;39m - &amp#27;[32mhttp-outgoing-1 << "HTTP/1.1 200 OK[\r][\n]"
&amp#27;[0;39m2023-05-08 13:18:56,392 [main] &amp#27;[39mDEBUG&amp#27;[0;39m &amp#27;[36mc.g.d.z.s.o.a.hc.client5.http.wire&amp#27;[0;39m - &amp#27;[32mhttp-outgoing-1 << "Api-Version: 1.42[\r][\n]"
&amp#27;[0;39m2023-05-08 13:18:56,392 [main] &amp#27;[39mDEBUG&amp#27;[0;39m &amp#27;[36mc.g.d.z.s.o.a.hc.client5.http.wire&amp#27;[0;39m - &amp#27;[32mhttp-outgoing-1 << "Content-Type: application/json[\r][\n]"
&amp#27;[0;39m2023-05-08 13:18:56,392 [main] &amp#27;[39mDEBUG&amp#27;[0;39m &amp#27;[36mc.g.d.z.s.o.a.hc.client5.http.wire&amp#27;[0;39m - &amp#27;[32mhttp-outgoing-1 << "Docker-Experimental: false[\r][\n]"
&amp#27;[0;39m2023-05-08 13:18:56,392 [main] &amp#27;[39mDEBUG&amp#27;[0;39m &amp#27;[36mc.g.d.z.s.o.a.hc.client5.http.wire&amp#27;[0;39m - &amp#27;[32mhttp-outgoing-1 << "Ostype: linux[\r][\n]"
&amp#27;[0;39m2023-05-08 13:18:56,392 [main] &amp#27;[39mDEBUG&amp#27;[0;39m &amp#27;[36mc.g.d.z.s.o.a.hc.client5.http.wire&amp#27;[0;39m - &amp#27;[32mhttp-outgoing-1 << "Server: Docker/23.0.5 (linux)[\r][\n]"
&amp#27;[0;39m2023-05-08 13:18:56,392 [main] &amp#27;[39mDEBUG&amp#27;[0;39m &amp#27;[36mc.g.d.z.s.o.a.hc.client5.http.wire&amp#27;[0;39m - &amp#27;[32mhttp-outgoing-1 << "Date: Mon, 08 May 2023 11:18:56 GMT[\r][\n]"
&amp#27;[0;39m2023-05-08 13:18:56,392 [main] &amp#27;[39mDEBUG&amp#27;[0;39m &amp#27;[36mc.g.d.z.s.o.a.hc.client5.http.wire&amp#27;[0;39m - &amp#27;[32mhttp-outgoing-1 << "Transfer-Encoding: chunked[\r][\n]"
&amp#27;[0;39m2023-05-08 13:18:56,392 [main] &amp#27;[39mDEBUG&amp#27;[0;39m &amp#27;[36mc.g.d.z.s.o.a.hc.client5.http.wire&amp#27;[0;39m - &amp#27;[32mhttp-outgoing-1 << "[\r][\n]"
&amp#27;[0;39m2023-05-08 13:18:56,392 [main] &amp#27;[39mDEBUG&amp#27;[0;39m &amp#27;[36mc.g.d.z.s.o.a.hc.client5.http.wire&amp#27;[0;39m - &amp#27;[32mhttp-outgoing-1 << "1890[\r][\n]"
&amp#27;[0;39m2023-05-08 13:18:56,392 [main] &amp#27;[39mDEBUG&amp#27;[0;39m &amp#27;[36mc.g.d.z.s.o.a.hc.client5.http.wire&amp#27;[0;39m - &amp#27;[32mhttp-outgoing-1 << "{"Id":"cccfb0602d7e775562ae171a9fe0a7ec811b6906268008a84fea93151d2a7305","Created":"2023-05-08T11:18:54.120535425Z","Path":"docker-entrypoint.sh","Args":["mysqld"],"State":{"Status":"running","Running":true,"Paused":false,"Restarting":false,"OOMKilled":false,"Dead":false,"Pid":59126,"ExitCode":0,"Error":"","StartedAt":"2023-05-08T11:18:54.468577716Z","FinishedAt":"0001-01-01T00:00:00Z"},"Image":"sha256:228d71078f8ce5ae9fd96b183f88c3a90e30544b4b7ce9d64a238d05fef2a681","ResolvConfPath":"/var/lib/docker/containers/cccfb0602d7e775562ae171a9fe0a7ec811b6906268008a84fea93151d2a7305/resolv.conf","HostnamePath":"/var/lib/docker/containers/cccfb0602d7e775562ae171a9fe0a7ec811b6906268008a84fea93151d2a7305/hostname","HostsPath":"/var/lib/docker/containers/cccfb0602d7e775562ae171a9fe0a7ec811b6906268008a84fea93151d2a7305/hosts","LogPath":"/var/lib/docker/containers/cccfb0602d7e775562ae171a9fe0a7ec811b6906268008a84fea93151d2a7305/cccfb0602d7e775562ae171a9fe0a7ec811b6906268008a84fea93151d2a7305-json.log","Name":"/charming_goodall","RestartCount":0,"Driver":"overlay2","Platform":"linux","MountLabel":"","ProcessLabel":"","AppArmorProfile":"docker-default","ExecIDs":null,"HostConfig":{"Binds":[],"ContainerIDFile":"","LogConfig":{"Type":"json-file","Config":{}},"NetworkMode":"default","PortBindings":{"3306/tcp":[{"HostIp":"","HostPort":""}]},"RestartPolicy":{"Name":"","MaximumRetryCount":0},"AutoRemove":false,"VolumeDriver":"","VolumesFrom":[],"ConsoleSize":[0,0],"CapAdd":null,"CapDrop":null,"CgroupnsMode":"private","Dns":null,"DnsOptions":null,"DnsSearch":null,"ExtraHosts":[],"GroupAdd":null,"IpcMode":"shareable","Cgroup":"","Links":null,"OomScoreAdj":0,"PidMode":"","Privileged":false,"PublishAllPorts":false,"ReadonlyRootfs":false,"SecurityOpt":null,"UTSMode":"","UsernsMode":"","ShmSize":67108864,"Runtime":"runc","Isolation":"","CpuShares":0,"Memory":0,"NanoCpus":0,"CgroupParent":"","BlkioWeight":0,"BlkioWeightDevice":null,"BlkioDeviceReadBps":null,"BlkioDeviceWriteBps":null,"BlkioDeviceReadIOps":null,"BlkioDeviceWriteIOps":null,"CpuPeriod":0,"CpuQuota":0,"CpuRealtimePeriod":0,"CpuRealtimeRuntime":0,"CpusetCpus":"","CpusetMems":"","Devices":null,"DeviceCgroupRules":null,"DeviceRequests":null,"MemoryReservation":0,"MemorySwap":0,"MemorySwappiness":null,"OomKillDisable":null,"PidsLimit":null,"Ulimits":null,"CpuCount":0,"CpuPercent":0,"IOMaximumIOps":0,"IOMaximumBandwidth":0,"MaskedPaths":["/proc/asound","/proc/acpi","/proc/kcore","/proc/keys","/proc/latency_stats","/proc/timer_list","/proc/timer_stats","/proc/sched_debug","/proc/scsi","/sys/firmware"],"ReadonlyPaths":["/proc/bus","/proc/fs","/proc/irq","/proc/sys","/proc/sysrq-trigger"]},"GraphDriver":{"Data":{"LowerDir":"/var/lib/docker/overlay2/0075f27ac39799b376a3e23bf05a650eb10c8a0f9ef49be1ab61e98fd3b93dc3-init/diff:/var/lib/docker/overlay2/4c6e20f032f02b27a9272f982861dc21998197aa90d94ed3bef95d449380247c/diff:/var/lib/docker/overlay2/0c75f828f603eff839bb3ca448163ab2a8017e86625ac255cd3dbf1673ddac26/diff:/var/lib/docker/overlay2/da128d897fda75829109844ce6cd9d73d0f54c682e735100af000ce899908729/diff:/var/lib/docker/overlay2/b678a1f261bf323afba6d76d91ab7428bdd6e1ef4a39b5224e4a1afd08c0423a/diff:/var/lib/docker/overlay2/1bec43b14875c5f9f814f146e8e31aa78566689c2c163da2ac60a32254988437/diff:/var/lib/docker/overlay2/28f4b1e6e1a7a2dbe30f1f94fb42bccd85a61faf8af1fe30a5bb0d442c525e41/diff:/var/lib/docker/overlay2/0f493124464c291d7c97d2633d5dff04b1dce5de904cb40a34dfbe7fe72e3fd4/diff:/var/lib/docker/overlay2/05befbee9e38cd670e1786b3310e99796dcc06abbed970007b4109a5424843fa/diff:/var/lib/docker/overlay2/582bcca9acfc4eef25109e1e1b9c9d104f355798455bc73e855c99283887a6e8/diff:/var/lib/docker/overlay2/153b3bf0b69e97e8f0e5533414a31ca33fa530e63d174c9617621abe46e7e9d1/diff:/var/lib/docker/overlay2/bf87a76c0a38875ee6e915fd0d2527eafa880ec6bf2c1cb294959428c18d10bd/diff","MergedDir":"/var/lib/docker/overlay2/0075f27ac39799b376a3e23bf05a650eb10c8a0f9ef49be1ab61e98fd3b93dc3/merged","UpperDir":"/var/lib/docker/overlay2/0075f27ac39799b376a3e23bf05a650eb10c8a0f9ef49be1ab61e98fd3b93dc3/diff","WorkDir":"/var/lib/docker/overlay2/0075f27ac39799b376a3e23bf05a650eb10c8a0f9ef49be1ab61e98fd3b93dc3/work"},"Name":"overlay2"},"Mounts":[{"Type":"volume","Name":"ffd30c8cc7ed7bf91bc1ebef46b0f06493ce1d3121e28c37d40240bd74b844a5","Source":"/var/lib/docker/volumes/ffd30c8cc7ed7bf91bc1ebef46b0f06493ce1d3121e28c37d40240bd74b844a5/_data","Destination":"/var/lib/mysql","Driver":"local","Mode":"","RW":true,"Propagation":""}],"Config":{"Hostname":"cccfb0602d7e","Domainname":"","User":"","AttachStdin":false,"AttachStdout":false,"AttachStderr":false,"ExposedPorts":{"3306/tcp":{}},"Tty":false,"OpenStdin":false,"StdinOnce":false,"Env":["MYSQL_DATABASE=test","MYSQL_PASSWORD=test","MYSQL_USER=test","MYSQL_ROOT_PASSWORD=test","PATH=/usr/local/sbin:/usr/local/bin:/usr/sbin:/usr/bin:/sbin:/bin","GOSU_VERSION=1.7","MYSQL_MAJOR=8.0","MYSQL_VERSION=8.0.0-dmr-1debian8"],"Cmd":["mysqld"],"Image":"mysql:8.0.0","Volumes":{"/var/lib/mysql":{}},"WorkingDir":"","Entrypoint":["docker-entrypoint.sh"],"OnBuild":null,"Labels":{"org.testcontainers":"true","org.testcontainers.lang":"java","org.testcontainers.sessionId":"f1b696c1-ec3f-4f95-afa8-081853be7ccb","org.testcontainers.version":"1.18.0"}},"NetworkSettings":{"Bridge":"","SandboxID":"75a4ef0436803615aa77c8b97de3cbbdd49519261fe2b3b6cdcae9bd2b1154aa","HairpinMode":false,"LinkLocalIPv6Address":"","LinkLocalIPv6PrefixLen":0,"Ports":{"3306/tcp":[{"HostIp":"0.0.0.0","HostPort":"32781"},{"HostIp":"::","HostPort":"32781"}]},"SandboxKey":"/var/run/docker/netns/75a4ef043680","SecondaryIPAddresses":null,"SecondaryIPv6Addresses":null,"EndpointID":"de3a5c9cc9471fdbec5943d78a8803fca61208fe4021ac9d3922ee2e8ec0d135","Gateway":"172.17.0.1","GlobalIPv6Address":"","GlobalIPv6PrefixLen":0,"IPAddress":"172.17.0.3","IPPrefixLen":16,"IPv6Gateway":"","MacAddress":"02:42:ac:11:00:03","Networks":{"bridge":{"IPAMConfig":null,"Links":null,"Aliases":null,"NetworkID":"e1a078e12eb8d77b497ed932f7fb43787eeb6ff6972febd7d03c9282b8b5cd45","EndpointID":"de3a5c9cc9471fdbec5943d78a8803fca61208fe4021ac9d3922ee2e8ec0d135","Gateway":"172.17.0.1","IPAddress":"172.17.0.3","IPPrefixLen":16,"IPv6Gateway":"","GlobalIPv6Address":"","GlobalIPv6PrefixLen":0,"MacAddress":"02:42:ac:11:00:03","DriverOpts":null}}}}[\n]"
&amp#27;[0;39m2023-05-08 13:18:56,392 [main] &amp#27;[39mDEBUG&amp#27;[0;39m &amp#27;[36mc.g.d.z.s.o.a.hc.client5.http.wire&amp#27;[0;39m - &amp#27;[32mhttp-outgoing-1 << "[\r][\n]"
&amp#27;[0;39m2023-05-08 13:18:56,392 [main] &amp#27;[39mDEBUG&amp#27;[0;39m &amp#27;[36mc.g.d.z.s.o.a.hc.client5.http.wire&amp#27;[0;39m - &amp#27;[32mhttp-outgoing-1 << "0[\r][\n]"
&amp#27;[0;39m2023-05-08 13:18:56,392 [main] &amp#27;[39mDEBUG&amp#27;[0;39m &amp#27;[36mc.g.d.z.s.o.a.hc.client5.http.wire&amp#27;[0;39m - &amp#27;[32mhttp-outgoing-1 << "[\r][\n]"
&amp#27;[0;39m2023-05-08 13:18:56,392 [main] &amp#27;[39mDEBUG&amp#27;[0;39m &amp#27;[36mc.g.d.z.s.o.a.h.client5.http.headers&amp#27;[0;39m - &amp#27;[32mhttp-outgoing-1 << HTTP/1.1 200 OK
&amp#27;[0;39m2023-05-08 13:18:56,392 [main] &amp#27;[39mDEBUG&amp#27;[0;39m &amp#27;[36mc.g.d.z.s.o.a.h.client5.http.headers&amp#27;[0;39m - &amp#27;[32mhttp-outgoing-1 << Api-Version: 1.42
&amp#27;[0;39m2023-05-08 13:18:56,392 [main] &amp#27;[39mDEBUG&amp#27;[0;39m &amp#27;[36mc.g.d.z.s.o.a.h.client5.http.headers&amp#27;[0;39m - &amp#27;[32mhttp-outgoing-1 << Content-Type: application/json
&amp#27;[0;39m2023-05-08 13:18:56,392 [main] &amp#27;[39mDEBUG&amp#27;[0;39m &amp#27;[36mc.g.d.z.s.o.a.h.client5.http.headers&amp#27;[0;39m - &amp#27;[32mhttp-outgoing-1 << Docker-Experimental: false
&amp#27;[0;39m2023-05-08 13:18:56,392 [main] &amp#27;[39mDEBUG&amp#27;[0;39m &amp#27;[36mc.g.d.z.s.o.a.h.client5.http.headers&amp#27;[0;39m - &amp#27;[32mhttp-outgoing-1 << Ostype: linux
&amp#27;[0;39m2023-05-08 13:18:56,392 [main] &amp#27;[39mDEBUG&amp#27;[0;39m &amp#27;[36mc.g.d.z.s.o.a.h.client5.http.headers&amp#27;[0;39m - &amp#27;[32mhttp-outgoing-1 << Server: Docker/23.0.5 (linux)
&amp#27;[0;39m2023-05-08 13:18:56,392 [main] &amp#27;[39mDEBUG&amp#27;[0;39m &amp#27;[36mc.g.d.z.s.o.a.h.client5.http.headers&amp#27;[0;39m - &amp#27;[32mhttp-outgoing-1 << Date: Mon, 08 May 2023 11:18:56 GMT
&amp#27;[0;39m2023-05-08 13:18:56,392 [main] &amp#27;[39mDEBUG&amp#27;[0;39m &amp#27;[36mc.g.d.z.s.o.a.h.client5.http.headers&amp#27;[0;39m - &amp#27;[32mhttp-outgoing-1 << Transfer-Encoding: chunked
&amp#27;[0;39m2023-05-08 13:18:56,392 [main] &amp#27;[39mDEBUG&amp#27;[0;39m &amp#27;[36mc.g.d.z.s.o.a.h.c.h.i.c.MainClientExec&amp#27;[0;39m - &amp#27;[32mex-00000022: connection can be kept alive for 3 MINUTES
&amp#27;[0;39m2023-05-08 13:18:56,393 [main] &amp#27;[39mDEBUG&amp#27;[0;39m &amp#27;[36mc.g.d.z.s.o.a.h.c.h.i.c.InternalHttpClient&amp#27;[0;39m - &amp#27;[32mep-00000021: releasing valid endpoint
&amp#27;[0;39m2023-05-08 13:18:56,393 [main] &amp#27;[39mDEBUG&amp#27;[0;39m &amp#27;[36mc.g.d.z.s.o.a.h.c.h.i.i.PoolingHttpClientConnectionManager&amp#27;[0;39m - &amp#27;[32mep-00000021: releasing endpoint
&amp#27;[0;39m2023-05-08 13:18:56,393 [main] &amp#27;[39mDEBUG&amp#27;[0;39m &amp#27;[36mc.g.d.z.s.o.a.h.c.h.i.i.PoolingHttpClientConnectionManager&amp#27;[0;39m - &amp#27;[32mep-00000021: connection http-outgoing-1 can be kept alive for 3 MINUTES
&amp#27;[0;39m2023-05-08 13:18:56,393 [main] &amp#27;[39mDEBUG&amp#27;[0;39m &amp#27;[36mc.g.d.z.s.o.a.h.c.h.i.i.PoolingHttpClientConnectionManager&amp#27;[0;39m - &amp#27;[32mep-00000021: connection released [route: {}->unix://localhost:2375][total available: 1; route allocated: 1 of 2147483647; total allocated: 1 of 2147483647]
&amp#27;[0;39m2023-05-08 13:18:56,393 [main] &amp#27;[39mDEBUG&amp#27;[0;39m &amp#27;[36mtc.mysql:8.0.0&amp#27;[0;39m - &amp#27;[32mTrying to create JDBC connection using com.mysql.cj.jdbc.Driver to jdbc:mysql://localhost:32781/test?useSSL=false&allowPublicKeyRetrieval=true with properties: {password=test, user=test}
&amp#27;[0;39m2023-05-08 13:18:56,495 [main] &amp#27;[39mDEBUG&amp#27;[0;39m &amp#27;[36mo.t.s.c.g.d.c.command.AbstrDockerCmd&amp#27;[0;39m - &amp#27;[32mCmd: cccfb0602d7e775562ae171a9fe0a7ec811b6906268008a84fea93151d2a7305,false
&amp#27;[0;39m2023-05-08 13:18:56,495 [main] &amp#27;[39mDEBUG&amp#27;[0;39m &amp#27;[36mo.t.s.c.g.d.c.e.InspectContainerCmdExec&amp#27;[0;39m - &amp#27;[32mGET: DefaultWebTarget{path=[/containers/cccfb0602d7e775562ae171a9fe0a7ec811b6906268008a84fea93151d2a7305/json], queryParams={}}
&amp#27;[0;39m2023-05-08 13:18:56,496 [main] &amp#27;[39mDEBUG&amp#27;[0;39m &amp#27;[36mc.g.d.z.s.o.a.h.c.h.i.c.InternalHttpClient&amp#27;[0;39m - &amp#27;[32mex-00000023: preparing request execution
&amp#27;[0;39m2023-05-08 13:18:56,496 [main] &amp#27;[39mDEBUG&amp#27;[0;39m &amp#27;[36mc.g.d.z.s.o.a.h.c.h.p.RequestAddCookies&amp#27;[0;39m - &amp#27;[32mCookie spec selected: strict
&amp#27;[0;39m2023-05-08 13:18:56,496 [main] &amp#27;[39mDEBUG&amp#27;[0;39m &amp#27;[36mc.g.d.z.s.o.a.h.c.h.p.RequestAuthCache&amp#27;[0;39m - &amp#27;[32mAuth cache not set in the context
&amp#27;[0;39m2023-05-08 13:18:56,496 [main] &amp#27;[39mDEBUG&amp#27;[0;39m &amp#27;[36mc.g.d.z.s.o.a.h.c.h.i.c.ProtocolExec&amp#27;[0;39m - &amp#27;[32mex-00000023: target auth state: UNCHALLENGED
&amp#27;[0;39m2023-05-08 13:18:56,496 [main] &amp#27;[39mDEBUG&amp#27;[0;39m &amp#27;[36mc.g.d.z.s.o.a.h.c.h.i.c.ProtocolExec&amp#27;[0;39m - &amp#27;[32mex-00000023: proxy auth state: UNCHALLENGED
&amp#27;[0;39m2023-05-08 13:18:56,496 [main] &amp#27;[39mDEBUG&amp#27;[0;39m &amp#27;[36mc.g.d.z.s.o.a.h.c.h.i.c.ConnectExec&amp#27;[0;39m - &amp#27;[32mex-00000023: acquiring connection with route {}->unix://localhost:2375
&amp#27;[0;39m2023-05-08 13:18:56,496 [main] &amp#27;[39mDEBUG&amp#27;[0;39m &amp#27;[36mc.g.d.z.s.o.a.h.c.h.i.c.InternalHttpClient&amp#27;[0;39m - &amp#27;[32mex-00000023: acquiring endpoint (3 MINUTES)
&amp#27;[0;39m2023-05-08 13:18:56,497 [main] &amp#27;[39mDEBUG&amp#27;[0;39m &amp#27;[36mc.g.d.z.s.o.a.h.c.h.i.i.PoolingHttpClientConnectionManager&amp#27;[0;39m - &amp#27;[32mex-00000023: endpoint lease request (3 MINUTES) [route: {}->unix://localhost:2375][total available: 1; route allocated: 1 of 2147483647; total allocated: 1 of 2147483647]
&amp#27;[0;39m2023-05-08 13:18:56,497 [main] &amp#27;[39mDEBUG&amp#27;[0;39m &amp#27;[36mc.g.d.z.s.o.a.h.c.h.i.i.PoolingHttpClientConnectionManager&amp#27;[0;39m - &amp#27;[32mex-00000023: endpoint leased [route: {}->unix://localhost:2375][total available: 0; route allocated: 1 of 2147483647; total allocated: 1 of 2147483647]
&amp#27;[0;39m2023-05-08 13:18:56,497 [main] &amp#27;[39mDEBUG&amp#27;[0;39m &amp#27;[36mc.g.d.z.s.o.a.h.c.h.i.i.PoolingHttpClientConnectionManager&amp#27;[0;39m - &amp#27;[32mex-00000023: acquired ep-00000022
&amp#27;[0;39m2023-05-08 13:18:56,497 [main] &amp#27;[39mDEBUG&amp#27;[0;39m &amp#27;[36mc.g.d.z.s.o.a.h.c.h.i.c.InternalHttpClient&amp#27;[0;39m - &amp#27;[32mex-00000023: acquired endpoint ep-00000022
&amp#27;[0;39m2023-05-08 13:18:56,497 [main] &amp#27;[39mDEBUG&amp#27;[0;39m &amp#27;[36mc.g.d.z.s.o.a.h.c.h.i.c.MainClientExec&amp#27;[0;39m - &amp#27;[32mex-00000023: executing GET /v1.32/containers/cccfb0602d7e775562ae171a9fe0a7ec811b6906268008a84fea93151d2a7305/json HTTP/1.1
&amp#27;[0;39m2023-05-08 13:18:56,497 [main] &amp#27;[39mDEBUG&amp#27;[0;39m &amp#27;[36mc.g.d.z.s.o.a.h.c.h.i.c.InternalHttpClient&amp#27;[0;39m - &amp#27;[32mep-00000022: start execution ex-00000023
&amp#27;[0;39m2023-05-08 13:18:56,497 [main] &amp#27;[39mDEBUG&amp#27;[0;39m &amp#27;[36mc.g.d.z.s.o.a.h.c.h.i.i.PoolingHttpClientConnectionManager&amp#27;[0;39m - &amp#27;[32mep-00000022: executing exchange ex-00000023 over http-outgoing-1
&amp#27;[0;39m2023-05-08 13:18:56,497 [main] &amp#27;[39mDEBUG&amp#27;[0;39m &amp#27;[36mc.g.d.z.s.o.a.h.client5.http.headers&amp#27;[0;39m - &amp#27;[32mhttp-outgoing-1 >> GET /v1.32/containers/cccfb0602d7e775562ae171a9fe0a7ec811b6906268008a84fea93151d2a7305/json HTTP/1.1
&amp#27;[0;39m2023-05-08 13:18:56,498 [main] &amp#27;[39mDEBUG&amp#27;[0;39m &amp#27;[36mc.g.d.z.s.o.a.h.client5.http.headers&amp#27;[0;39m - &amp#27;[32mhttp-outgoing-1 >> accept: application/json
&amp#27;[0;39m2023-05-08 13:18:56,498 [main] &amp#27;[39mDEBUG&amp#27;[0;39m &amp#27;[36mc.g.d.z.s.o.a.h.client5.http.headers&amp#27;[0;39m - &amp#27;[32mhttp-outgoing-1 >> x-tc-sid: f1b696c1-ec3f-4f95-afa8-081853be7ccb
&amp#27;[0;39m2023-05-08 13:18:56,498 [main] &amp#27;[39mDEBUG&amp#27;[0;39m &amp#27;[36mc.g.d.z.s.o.a.h.client5.http.headers&amp#27;[0;39m - &amp#27;[32mhttp-outgoing-1 >> Accept-Encoding: gzip, x-gzip, deflate
&amp#27;[0;39m2023-05-08 13:18:56,498 [main] &amp#27;[39mDEBUG&amp#27;[0;39m &amp#27;[36mc.g.d.z.s.o.a.h.client5.http.headers&amp#27;[0;39m - &amp#27;[32mhttp-outgoing-1 >> Host: localhost:2375
&amp#27;[0;39m2023-05-08 13:18:56,498 [main] &amp#27;[39mDEBUG&amp#27;[0;39m &amp#27;[36mc.g.d.z.s.o.a.h.client5.http.headers&amp#27;[0;39m - &amp#27;[32mhttp-outgoing-1 >> Connection: keep-alive
&amp#27;[0;39m2023-05-08 13:18:56,498 [main] &amp#27;[39mDEBUG&amp#27;[0;39m &amp#27;[36mc.g.d.z.s.o.a.h.client5.http.headers&amp#27;[0;39m - &amp#27;[32mhttp-outgoing-1 >> User-Agent: Apache-HttpClient/5.0.3 (Java/17.0.6)
&amp#27;[0;39m2023-05-08 13:18:56,498 [main] &amp#27;[39mDEBUG&amp#27;[0;39m &amp#27;[36mc.g.d.z.s.o.a.hc.client5.http.wire&amp#27;[0;39m - &amp#27;[32mhttp-outgoing-1 >> "GET /v1.32/containers/cccfb0602d7e775562ae171a9fe0a7ec811b6906268008a84fea93151d2a7305/json HTTP/1.1[\r][\n]"
&amp#27;[0;39m2023-05-08 13:18:56,498 [main] &amp#27;[39mDEBUG&amp#27;[0;39m &amp#27;[36mc.g.d.z.s.o.a.hc.client5.http.wire&amp#27;[0;39m - &amp#27;[32mhttp-outgoing-1 >> "accept: application/json[\r][\n]"
&amp#27;[0;39m2023-05-08 13:18:56,498 [main] &amp#27;[39mDEBUG&amp#27;[0;39m &amp#27;[36mc.g.d.z.s.o.a.hc.client5.http.wire&amp#27;[0;39m - &amp#27;[32mhttp-outgoing-1 >> "x-tc-sid: f1b696c1-ec3f-4f95-afa8-081853be7ccb[\r][\n]"
&amp#27;[0;39m2023-05-08 13:18:56,498 [main] &amp#27;[39mDEBUG&amp#27;[0;39m &amp#27;[36mc.g.d.z.s.o.a.hc.client5.http.wire&amp#27;[0;39m - &amp#27;[32mhttp-outgoing-1 >> "Accept-Encoding: gzip, x-gzip, deflate[\r][\n]"
&amp#27;[0;39m2023-05-08 13:18:56,498 [main] &amp#27;[39mDEBUG&amp#27;[0;39m &amp#27;[36mc.g.d.z.s.o.a.hc.client5.http.wire&amp#27;[0;39m - &amp#27;[32mhttp-outgoing-1 >> "Host: localhost:2375[\r][\n]"
&amp#27;[0;39m2023-05-08 13:18:56,498 [main] &amp#27;[39mDEBUG&amp#27;[0;39m &amp#27;[36mc.g.d.z.s.o.a.hc.client5.http.wire&amp#27;[0;39m - &amp#27;[32mhttp-outgoing-1 >> "Connection: keep-alive[\r][\n]"
&amp#27;[0;39m2023-05-08 13:18:56,498 [main] &amp#27;[39mDEBUG&amp#27;[0;39m &amp#27;[36mc.g.d.z.s.o.a.hc.client5.http.wire&amp#27;[0;39m - &amp#27;[32mhttp-outgoing-1 >> "User-Agent: Apache-HttpClient/5.0.3 (Java/17.0.6)[\r][\n]"
&amp#27;[0;39m2023-05-08 13:18:56,498 [main] &amp#27;[39mDEBUG&amp#27;[0;39m &amp#27;[36mc.g.d.z.s.o.a.hc.client5.http.wire&amp#27;[0;39m - &amp#27;[32mhttp-outgoing-1 >> "[\r][\n]"
&amp#27;[0;39m2023-05-08 13:18:56,498 [main] &amp#27;[39mDEBUG&amp#27;[0;39m &amp#27;[36mc.g.d.z.s.o.a.hc.client5.http.wire&amp#27;[0;39m - &amp#27;[32mhttp-outgoing-1 << "HTTP/1.1 200 OK[\r][\n]"
&amp#27;[0;39m2023-05-08 13:18:56,498 [main] &amp#27;[39mDEBUG&amp#27;[0;39m &amp#27;[36mc.g.d.z.s.o.a.hc.client5.http.wire&amp#27;[0;39m - &amp#27;[32mhttp-outgoing-1 << "Api-Version: 1.42[\r][\n]"
&amp#27;[0;39m2023-05-08 13:18:56,498 [main] &amp#27;[39mDEBUG&amp#27;[0;39m &amp#27;[36mc.g.d.z.s.o.a.hc.client5.http.wire&amp#27;[0;39m - &amp#27;[32mhttp-outgoing-1 << "Content-Type: application/json[\r][\n]"
&amp#27;[0;39m2023-05-08 13:18:56,498 [main] &amp#27;[39mDEBUG&amp#27;[0;39m &amp#27;[36mc.g.d.z.s.o.a.hc.client5.http.wire&amp#27;[0;39m - &amp#27;[32mhttp-outgoing-1 << "Docker-Experimental: false[\r][\n]"
&amp#27;[0;39m2023-05-08 13:18:56,498 [main] &amp#27;[39mDEBUG&amp#27;[0;39m &amp#27;[36mc.g.d.z.s.o.a.hc.client5.http.wire&amp#27;[0;39m - &amp#27;[32mhttp-outgoing-1 << "Ostype: linux[\r][\n]"
&amp#27;[0;39m2023-05-08 13:18:56,498 [main] &amp#27;[39mDEBUG&amp#27;[0;39m &amp#27;[36mc.g.d.z.s.o.a.hc.client5.http.wire&amp#27;[0;39m - &amp#27;[32mhttp-outgoing-1 << "Server: Docker/23.0.5 (linux)[\r][\n]"
&amp#27;[0;39m2023-05-08 13:18:56,498 [main] &amp#27;[39mDEBUG&amp#27;[0;39m &amp#27;[36mc.g.d.z.s.o.a.hc.client5.http.wire&amp#27;[0;39m - &amp#27;[32mhttp-outgoing-1 << "Date: Mon, 08 May 2023 11:18:56 GMT[\r][\n]"
&amp#27;[0;39m2023-05-08 13:18:56,498 [main] &amp#27;[39mDEBUG&amp#27;[0;39m &amp#27;[36mc.g.d.z.s.o.a.hc.client5.http.wire&amp#27;[0;39m - &amp#27;[32mhttp-outgoing-1 << "Transfer-Encoding: chunked[\r][\n]"
&amp#27;[0;39m2023-05-08 13:18:56,498 [main] &amp#27;[39mDEBUG&amp#27;[0;39m &amp#27;[36mc.g.d.z.s.o.a.hc.client5.http.wire&amp#27;[0;39m - &amp#27;[32mhttp-outgoing-1 << "[\r][\n]"
&amp#27;[0;39m2023-05-08 13:18:56,498 [main] &amp#27;[39mDEBUG&amp#27;[0;39m &amp#27;[36mc.g.d.z.s.o.a.hc.client5.http.wire&amp#27;[0;39m - &amp#27;[32mhttp-outgoing-1 << "1890[\r][\n]"
&amp#27;[0;39m2023-05-08 13:18:56,498 [main] &amp#27;[39mDEBUG&amp#27;[0;39m &amp#27;[36mc.g.d.z.s.o.a.hc.client5.http.wire&amp#27;[0;39m - &amp#27;[32mhttp-outgoing-1 << "{"Id":"cccfb0602d7e775562ae171a9fe0a7ec811b6906268008a84fea93151d2a7305","Created":"2023-05-08T11:18:54.120535425Z","Path":"docker-entrypoint.sh","Args":["mysqld"],"State":{"Status":"running","Running":true,"Paused":false,"Restarting":false,"OOMKilled":false,"Dead":false,"Pid":59126,"ExitCode":0,"Error":"","StartedAt":"2023-05-08T11:18:54.468577716Z","FinishedAt":"0001-01-01T00:00:00Z"},"Image":"sha256:228d71078f8ce5ae9fd96b183f88c3a90e30544b4b7ce9d64a238d05fef2a681","ResolvConfPath":"/var/lib/docker/containers/cccfb0602d7e775562ae171a9fe0a7ec811b6906268008a84fea93151d2a7305/resolv.conf","HostnamePath":"/var/lib/docker/containers/cccfb0602d7e775562ae171a9fe0a7ec811b6906268008a84fea93151d2a7305/hostname","HostsPath":"/var/lib/docker/containers/cccfb0602d7e775562ae171a9fe0a7ec811b6906268008a84fea93151d2a7305/hosts","LogPath":"/var/lib/docker/containers/cccfb0602d7e775562ae171a9fe0a7ec811b6906268008a84fea93151d2a7305/cccfb0602d7e775562ae171a9fe0a7ec811b6906268008a84fea93151d2a7305-json.log","Name":"/charming_goodall","RestartCount":0,"Driver":"overlay2","Platform":"linux","MountLabel":"","ProcessLabel":"","AppArmorProfile":"docker-default","ExecIDs":null,"HostConfig":{"Binds":[],"ContainerIDFile":"","LogConfig":{"Type":"json-file","Config":{}},"NetworkMode":"default","PortBindings":{"3306/tcp":[{"HostIp":"","HostPort":""}]},"RestartPolicy":{"Name":"","MaximumRetryCount":0},"AutoRemove":false,"VolumeDriver":"","VolumesFrom":[],"ConsoleSize":[0,0],"CapAdd":null,"CapDrop":null,"CgroupnsMode":"private","Dns":null,"DnsOptions":null,"DnsSearch":null,"ExtraHosts":[],"GroupAdd":null,"IpcMode":"shareable","Cgroup":"","Links":null,"OomScoreAdj":0,"PidMode":"","Privileged":false,"PublishAllPorts":false,"ReadonlyRootfs":false,"SecurityOpt":null,"UTSMode":"","UsernsMode":"","ShmSize":67108864,"Runtime":"runc","Isolation":"","CpuShares":0,"Memory":0,"NanoCpus":0,"CgroupParent":"","BlkioWeight":0,"BlkioWeightDevice":null,"BlkioDeviceReadBps":null,"BlkioDeviceWriteBps":null,"BlkioDeviceReadIOps":null,"BlkioDeviceWriteIOps":null,"CpuPeriod":0,"CpuQuota":0,"CpuRealtimePeriod":0,"CpuRealtimeRuntime":0,"CpusetCpus":"","CpusetMems":"","Devices":null,"DeviceCgroupRules":null,"DeviceRequests":null,"MemoryReservation":0,"MemorySwap":0,"MemorySwappiness":null,"OomKillDisable":null,"PidsLimit":null,"Ulimits":null,"CpuCount":0,"CpuPercent":0,"IOMaximumIOps":0,"IOMaximumBandwidth":0,"MaskedPaths":["/proc/asound","/proc/acpi","/proc/kcore","/proc/keys","/proc/latency_stats","/proc/timer_list","/proc/timer_stats","/proc/sched_debug","/proc/scsi","/sys/firmware"],"ReadonlyPaths":["/proc/bus","/proc/fs","/proc/irq","/proc/sys","/proc/sysrq-trigger"]},"GraphDriver":{"Data":{"LowerDir":"/var/lib/docker/overlay2/0075f27ac39799b376a3e23bf05a650eb10c8a0f9ef49be1ab61e98fd3b93dc3-init/diff:/var/lib/docker/overlay2/4c6e20f032f02b27a9272f982861dc21998197aa90d94ed3bef95d449380247c/diff:/var/lib/docker/overlay2/0c75f828f603eff839bb3ca448163ab2a8017e86625ac255cd3dbf1673ddac26/diff:/var/lib/docker/overlay2/da128d897fda75829109844ce6cd9d73d0f54c682e735100af000ce899908729/diff:/var/lib/docker/overlay2/b678a1f261bf323afba6d76d91ab7428bdd6e1ef4a39b5224e4a1afd08c0423a/diff:/var/lib/docker/overlay2/1bec43b14875c5f9f814f146e8e31aa78566689c2c163da2ac60a32254988437/diff:/var/lib/docker/overlay2/28f4b1e6e1a7a2dbe30f1f94fb42bccd85a61faf8af1fe30a5bb0d442c525e41/diff:/var/lib/docker/overlay2/0f493124464c291d7c97d2633d5dff04b1dce5de904cb40a34dfbe7fe72e3fd4/diff:/var/lib/docker/overlay2/05befbee9e38cd670e1786b3310e99796dcc06abbed970007b4109a5424843fa/diff:/var/lib/docker/overlay2/582bcca9acfc4eef25109e1e1b9c9d104f355798455bc73e855c99283887a6e8/diff:/var/lib/docker/overlay2/153b3bf0b69e97e8f0e5533414a31ca33fa530e63d174c9617621abe46e7e9d1/diff:/var/lib/docker/overlay2/bf87a76c0a38875ee6e915fd0d2527eafa880ec6bf2c1cb294959428c18d10bd/diff","MergedDir":"/var/lib/docker/overlay2/0075f27ac39799b376a3e23bf05a650eb10c8a0f9ef49be1ab61e98fd3b93dc3/merged","UpperDir":"/var/lib/docker/overlay2/0075f27ac39799b376a3e23bf05a650eb10c8a0f9ef49be1ab61e98fd3b93dc3/diff","WorkDir":"/var/lib/docker/overlay2/0075f27ac39799b376a3e23bf05a650eb10c8a0f9ef49be1ab61e98fd3b93dc3/work"},"Name":"overlay2"},"Mounts":[{"Type":"volume","Name":"ffd30c8cc7ed7bf91bc1ebef46b0f06493ce1d3121e28c37d40240bd74b844a5","Source":"/var/lib/docker/volumes/ffd30c8cc7ed7bf91bc1ebef46b0f06493ce1d3121e28c37d40240bd74b844a5/_data","Destination":"/var/lib/mysql","Driver":"local","Mode":"","RW":true,"Propagation":""}],"Config":{"Hostname":"cccfb0602d7e","Domainname":"","User":"","AttachStdin":false,"AttachStdout":false,"AttachStderr":false,"ExposedPorts":{"3306/tcp":{}},"Tty":false,"OpenStdin":false,"StdinOnce":false,"Env":["MYSQL_DATABASE=test","MYSQL_PASSWORD=test","MYSQL_USER=test","MYSQL_ROOT_PASSWORD=test","PATH=/usr/local/sbin:/usr/local/bin:/usr/sbin:/usr/bin:/sbin:/bin","GOSU_VERSION=1.7","MYSQL_MAJOR=8.0","MYSQL_VERSION=8.0.0-dmr-1debian8"],"Cmd":["mysqld"],"Image":"mysql:8.0.0","Volumes":{"/var/lib/mysql":{}},"WorkingDir":"","Entrypoint":["docker-entrypoint.sh"],"OnBuild":null,"Labels":{"org.testcontainers":"true","org.testcontainers.lang":"java","org.testcontainers.sessionId":"f1b696c1-ec3f-4f95-afa8-081853be7ccb","org.testcontainers.version":"1.18.0"}},"NetworkSettings":{"Bridge":"","SandboxID":"75a4ef0436803615aa77c8b97de3cbbdd49519261fe2b3b6cdcae9bd2b1154aa","HairpinMode":false,"LinkLocalIPv6Address":"","LinkLocalIPv6PrefixLen":0,"Ports":{"3306/tcp":[{"HostIp":"0.0.0.0","HostPort":"32781"},{"HostIp":"::","HostPort":"32781"}]},"SandboxKey":"/var/run/docker/netns/75a4ef043680","SecondaryIPAddresses":null,"SecondaryIPv6Addresses":null,"EndpointID":"de3a5c9cc9471fdbec5943d78a8803fca61208fe4021ac9d3922ee2e8ec0d135","Gateway":"172.17.0.1","GlobalIPv6Address":"","GlobalIPv6PrefixLen":0,"IPAddress":"172.17.0.3","IPPrefixLen":16,"IPv6Gateway":"","MacAddress":"02:42:ac:11:00:03","Networks":{"bridge":{"IPAMConfig":null,"Links":null,"Aliases":null,"NetworkID":"e1a078e12eb8d77b497ed932f7fb43787eeb6ff6972febd7d03c9282b8b5cd45","EndpointID":"de3a5c9cc9471fdbec5943d78a8803fca61208fe4021ac9d3922ee2e8ec0d135","Gateway":"172.17.0.1","IPAddress":"172.17.0.3","IPPrefixLen":16,"IPv6Gateway":"","GlobalIPv6Address":"","GlobalIPv6PrefixLen":0,"MacAddress":"02:42:ac:11:00:03","DriverOpts":null}}}}[\n]"
&amp#27;[0;39m2023-05-08 13:18:56,499 [main] &amp#27;[39mDEBUG&amp#27;[0;39m &amp#27;[36mc.g.d.z.s.o.a.hc.client5.http.wire&amp#27;[0;39m - &amp#27;[32mhttp-outgoing-1 << "[\r][\n]"
&amp#27;[0;39m2023-05-08 13:18:56,499 [main] &amp#27;[39mDEBUG&amp#27;[0;39m &amp#27;[36mc.g.d.z.s.o.a.hc.client5.http.wire&amp#27;[0;39m - &amp#27;[32mhttp-outgoing-1 << "0[\r][\n]"
&amp#27;[0;39m2023-05-08 13:18:56,499 [main] &amp#27;[39mDEBUG&amp#27;[0;39m &amp#27;[36mc.g.d.z.s.o.a.hc.client5.http.wire&amp#27;[0;39m - &amp#27;[32mhttp-outgoing-1 << "[\r][\n]"
&amp#27;[0;39m2023-05-08 13:18:56,499 [main] &amp#27;[39mDEBUG&amp#27;[0;39m &amp#27;[36mc.g.d.z.s.o.a.h.client5.http.headers&amp#27;[0;39m - &amp#27;[32mhttp-outgoing-1 << HTTP/1.1 200 OK
&amp#27;[0;39m2023-05-08 13:18:56,499 [main] &amp#27;[39mDEBUG&amp#27;[0;39m &amp#27;[36mc.g.d.z.s.o.a.h.client5.http.headers&amp#27;[0;39m - &amp#27;[32mhttp-outgoing-1 << Api-Version: 1.42
&amp#27;[0;39m2023-05-08 13:18:56,499 [main] &amp#27;[39mDEBUG&amp#27;[0;39m &amp#27;[36mc.g.d.z.s.o.a.h.client5.http.headers&amp#27;[0;39m - &amp#27;[32mhttp-outgoing-1 << Content-Type: application/json
&amp#27;[0;39m2023-05-08 13:18:56,499 [main] &amp#27;[39mDEBUG&amp#27;[0;39m &amp#27;[36mc.g.d.z.s.o.a.h.client5.http.headers&amp#27;[0;39m - &amp#27;[32mhttp-outgoing-1 << Docker-Experimental: false
&amp#27;[0;39m2023-05-08 13:18:56,499 [main] &amp#27;[39mDEBUG&amp#27;[0;39m &amp#27;[36mc.g.d.z.s.o.a.h.client5.http.headers&amp#27;[0;39m - &amp#27;[32mhttp-outgoing-1 << Ostype: linux
&amp#27;[0;39m2023-05-08 13:18:56,499 [main] &amp#27;[39mDEBUG&amp#27;[0;39m &amp#27;[36mc.g.d.z.s.o.a.h.client5.http.headers&amp#27;[0;39m - &amp#27;[32mhttp-outgoing-1 << Server: Docker/23.0.5 (linux)
&amp#27;[0;39m2023-05-08 13:18:56,499 [main] &amp#27;[39mDEBUG&amp#27;[0;39m &amp#27;[36mc.g.d.z.s.o.a.h.client5.http.headers&amp#27;[0;39m - &amp#27;[32mhttp-outgoing-1 << Date: Mon, 08 May 2023 11:18:56 GMT
&amp#27;[0;39m2023-05-08 13:18:56,499 [main] &amp#27;[39mDEBUG&amp#27;[0;39m &amp#27;[36mc.g.d.z.s.o.a.h.client5.http.headers&amp#27;[0;39m - &amp#27;[32mhttp-outgoing-1 << Transfer-Encoding: chunked
&amp#27;[0;39m2023-05-08 13:18:56,499 [main] &amp#27;[39mDEBUG&amp#27;[0;39m &amp#27;[36mc.g.d.z.s.o.a.h.c.h.i.c.MainClientExec&amp#27;[0;39m - &amp#27;[32mex-00000023: connection can be kept alive for 3 MINUTES
&amp#27;[0;39m2023-05-08 13:18:56,499 [main] &amp#27;[39mDEBUG&amp#27;[0;39m &amp#27;[36mc.g.d.z.s.o.a.h.c.h.i.c.InternalHttpClient&amp#27;[0;39m - &amp#27;[32mep-00000022: releasing valid endpoint
&amp#27;[0;39m2023-05-08 13:18:56,499 [main] &amp#27;[39mDEBUG&amp#27;[0;39m &amp#27;[36mc.g.d.z.s.o.a.h.c.h.i.i.PoolingHttpClientConnectionManager&amp#27;[0;39m - &amp#27;[32mep-00000022: releasing endpoint
&amp#27;[0;39m2023-05-08 13:18:56,500 [main] &amp#27;[39mDEBUG&amp#27;[0;39m &amp#27;[36mc.g.d.z.s.o.a.h.c.h.i.i.PoolingHttpClientConnectionManager&amp#27;[0;39m - &amp#27;[32mep-00000022: connection http-outgoing-1 can be kept alive for 3 MINUTES
&amp#27;[0;39m2023-05-08 13:18:56,500 [main] &amp#27;[39mDEBUG&amp#27;[0;39m &amp#27;[36mc.g.d.z.s.o.a.h.c.h.i.i.PoolingHttpClientConnectionManager&amp#27;[0;39m - &amp#27;[32mep-00000022: connection released [route: {}->unix://localhost:2375][total available: 1; route allocated: 1 of 2147483647; total allocated: 1 of 2147483647]
&amp#27;[0;39m2023-05-08 13:18:56,500 [main] &amp#27;[39mDEBUG&amp#27;[0;39m &amp#27;[36mtc.mysql:8.0.0&amp#27;[0;39m - &amp#27;[32mTrying to create JDBC connection using com.mysql.cj.jdbc.Driver to jdbc:mysql://localhost:32781/test?useSSL=false&allowPublicKeyRetrieval=true with properties: {password=test, user=test}
&amp#27;[0;39m2023-05-08 13:18:56,603 [main] &amp#27;[39mDEBUG&amp#27;[0;39m &amp#27;[36mo.t.s.c.g.d.c.command.AbstrDockerCmd&amp#27;[0;39m - &amp#27;[32mCmd: cccfb0602d7e775562ae171a9fe0a7ec811b6906268008a84fea93151d2a7305,false
&amp#27;[0;39m2023-05-08 13:18:56,603 [main] &amp#27;[39mDEBUG&amp#27;[0;39m &amp#27;[36mo.t.s.c.g.d.c.e.InspectContainerCmdExec&amp#27;[0;39m - &amp#27;[32mGET: DefaultWebTarget{path=[/containers/cccfb0602d7e775562ae171a9fe0a7ec811b6906268008a84fea93151d2a7305/json], queryParams={}}
&amp#27;[0;39m2023-05-08 13:18:56,603 [main] &amp#27;[39mDEBUG&amp#27;[0;39m &amp#27;[36mc.g.d.z.s.o.a.h.c.h.i.c.InternalHttpClient&amp#27;[0;39m - &amp#27;[32mex-00000024: preparing request execution
&amp#27;[0;39m2023-05-08 13:18:56,603 [main] &amp#27;[39mDEBUG&amp#27;[0;39m &amp#27;[36mc.g.d.z.s.o.a.h.c.h.p.RequestAddCookies&amp#27;[0;39m - &amp#27;[32mCookie spec selected: strict
&amp#27;[0;39m2023-05-08 13:18:56,603 [main] &amp#27;[39mDEBUG&amp#27;[0;39m &amp#27;[36mc.g.d.z.s.o.a.h.c.h.p.RequestAuthCache&amp#27;[0;39m - &amp#27;[32mAuth cache not set in the context
&amp#27;[0;39m2023-05-08 13:18:56,603 [main] &amp#27;[39mDEBUG&amp#27;[0;39m &amp#27;[36mc.g.d.z.s.o.a.h.c.h.i.c.ProtocolExec&amp#27;[0;39m - &amp#27;[32mex-00000024: target auth state: UNCHALLENGED
&amp#27;[0;39m2023-05-08 13:18:56,603 [main] &amp#27;[39mDEBUG&amp#27;[0;39m &amp#27;[36mc.g.d.z.s.o.a.h.c.h.i.c.ProtocolExec&amp#27;[0;39m - &amp#27;[32mex-00000024: proxy auth state: UNCHALLENGED
&amp#27;[0;39m2023-05-08 13:18:56,603 [main] &amp#27;[39mDEBUG&amp#27;[0;39m &amp#27;[36mc.g.d.z.s.o.a.h.c.h.i.c.ConnectExec&amp#27;[0;39m - &amp#27;[32mex-00000024: acquiring connection with route {}->unix://localhost:2375
&amp#27;[0;39m2023-05-08 13:18:56,603 [main] &amp#27;[39mDEBUG&amp#27;[0;39m &amp#27;[36mc.g.d.z.s.o.a.h.c.h.i.c.InternalHttpClient&amp#27;[0;39m - &amp#27;[32mex-00000024: acquiring endpoint (3 MINUTES)
&amp#27;[0;39m2023-05-08 13:18:56,604 [main] &amp#27;[39mDEBUG&amp#27;[0;39m &amp#27;[36mc.g.d.z.s.o.a.h.c.h.i.i.PoolingHttpClientConnectionManager&amp#27;[0;39m - &amp#27;[32mex-00000024: endpoint lease request (3 MINUTES) [route: {}->unix://localhost:2375][total available: 1; route allocated: 1 of 2147483647; total allocated: 1 of 2147483647]
&amp#27;[0;39m2023-05-08 13:18:56,604 [main] &amp#27;[39mDEBUG&amp#27;[0;39m &amp#27;[36mc.g.d.z.s.o.a.h.c.h.i.i.PoolingHttpClientConnectionManager&amp#27;[0;39m - &amp#27;[32mex-00000024: endpoint leased [route: {}->unix://localhost:2375][total available: 0; route allocated: 1 of 2147483647; total allocated: 1 of 2147483647]
&amp#27;[0;39m2023-05-08 13:18:56,604 [main] &amp#27;[39mDEBUG&amp#27;[0;39m &amp#27;[36mc.g.d.z.s.o.a.h.c.h.i.i.PoolingHttpClientConnectionManager&amp#27;[0;39m - &amp#27;[32mex-00000024: acquired ep-00000023
&amp#27;[0;39m2023-05-08 13:18:56,604 [main] &amp#27;[39mDEBUG&amp#27;[0;39m &amp#27;[36mc.g.d.z.s.o.a.h.c.h.i.c.InternalHttpClient&amp#27;[0;39m - &amp#27;[32mex-00000024: acquired endpoint ep-00000023
&amp#27;[0;39m2023-05-08 13:18:56,604 [main] &amp#27;[39mDEBUG&amp#27;[0;39m &amp#27;[36mc.g.d.z.s.o.a.h.c.h.i.c.MainClientExec&amp#27;[0;39m - &amp#27;[32mex-00000024: executing GET /v1.32/containers/cccfb0602d7e775562ae171a9fe0a7ec811b6906268008a84fea93151d2a7305/json HTTP/1.1
&amp#27;[0;39m2023-05-08 13:18:56,604 [main] &amp#27;[39mDEBUG&amp#27;[0;39m &amp#27;[36mc.g.d.z.s.o.a.h.c.h.i.c.InternalHttpClient&amp#27;[0;39m - &amp#27;[32mep-00000023: start execution ex-00000024
&amp#27;[0;39m2023-05-08 13:18:56,604 [main] &amp#27;[39mDEBUG&amp#27;[0;39m &amp#27;[36mc.g.d.z.s.o.a.h.c.h.i.i.PoolingHttpClientConnectionManager&amp#27;[0;39m - &amp#27;[32mep-00000023: executing exchange ex-00000024 over http-outgoing-1
&amp#27;[0;39m2023-05-08 13:18:56,604 [main] &amp#27;[39mDEBUG&amp#27;[0;39m &amp#27;[36mc.g.d.z.s.o.a.h.client5.http.headers&amp#27;[0;39m - &amp#27;[32mhttp-outgoing-1 >> GET /v1.32/containers/cccfb0602d7e775562ae171a9fe0a7ec811b6906268008a84fea93151d2a7305/json HTTP/1.1
&amp#27;[0;39m2023-05-08 13:18:56,604 [main] &amp#27;[39mDEBUG&amp#27;[0;39m &amp#27;[36mc.g.d.z.s.o.a.h.client5.http.headers&amp#27;[0;39m - &amp#27;[32mhttp-outgoing-1 >> accept: application/json
&amp#27;[0;39m2023-05-08 13:18:56,604 [main] &amp#27;[39mDEBUG&amp#27;[0;39m &amp#27;[36mc.g.d.z.s.o.a.h.client5.http.headers&amp#27;[0;39m - &amp#27;[32mhttp-outgoing-1 >> x-tc-sid: f1b696c1-ec3f-4f95-afa8-081853be7ccb
&amp#27;[0;39m2023-05-08 13:18:56,604 [main] &amp#27;[39mDEBUG&amp#27;[0;39m &amp#27;[36mc.g.d.z.s.o.a.h.client5.http.headers&amp#27;[0;39m - &amp#27;[32mhttp-outgoing-1 >> Accept-Encoding: gzip, x-gzip, deflate
&amp#27;[0;39m2023-05-08 13:18:56,604 [main] &amp#27;[39mDEBUG&amp#27;[0;39m &amp#27;[36mc.g.d.z.s.o.a.h.client5.http.headers&amp#27;[0;39m - &amp#27;[32mhttp-outgoing-1 >> Host: localhost:2375
&amp#27;[0;39m2023-05-08 13:18:56,604 [main] &amp#27;[39mDEBUG&amp#27;[0;39m &amp#27;[36mc.g.d.z.s.o.a.h.client5.http.headers&amp#27;[0;39m - &amp#27;[32mhttp-outgoing-1 >> Connection: keep-alive
&amp#27;[0;39m2023-05-08 13:18:56,604 [main] &amp#27;[39mDEBUG&amp#27;[0;39m &amp#27;[36mc.g.d.z.s.o.a.h.client5.http.headers&amp#27;[0;39m - &amp#27;[32mhttp-outgoing-1 >> User-Agent: Apache-HttpClient/5.0.3 (Java/17.0.6)
&amp#27;[0;39m2023-05-08 13:18:56,604 [main] &amp#27;[39mDEBUG&amp#27;[0;39m &amp#27;[36mc.g.d.z.s.o.a.hc.client5.http.wire&amp#27;[0;39m - &amp#27;[32mhttp-outgoing-1 >> "GET /v1.32/containers/cccfb0602d7e775562ae171a9fe0a7ec811b6906268008a84fea93151d2a7305/json HTTP/1.1[\r][\n]"
&amp#27;[0;39m2023-05-08 13:18:56,604 [main] &amp#27;[39mDEBUG&amp#27;[0;39m &amp#27;[36mc.g.d.z.s.o.a.hc.client5.http.wire&amp#27;[0;39m - &amp#27;[32mhttp-outgoing-1 >> "accept: application/json[\r][\n]"
&amp#27;[0;39m2023-05-08 13:18:56,604 [main] &amp#27;[39mDEBUG&amp#27;[0;39m &amp#27;[36mc.g.d.z.s.o.a.hc.client5.http.wire&amp#27;[0;39m - &amp#27;[32mhttp-outgoing-1 >> "x-tc-sid: f1b696c1-ec3f-4f95-afa8-081853be7ccb[\r][\n]"
&amp#27;[0;39m2023-05-08 13:18:56,604 [main] &amp#27;[39mDEBUG&amp#27;[0;39m &amp#27;[36mc.g.d.z.s.o.a.hc.client5.http.wire&amp#27;[0;39m - &amp#27;[32mhttp-outgoing-1 >> "Accept-Encoding: gzip, x-gzip, deflate[\r][\n]"
&amp#27;[0;39m2023-05-08 13:18:56,604 [main] &amp#27;[39mDEBUG&amp#27;[0;39m &amp#27;[36mc.g.d.z.s.o.a.hc.client5.http.wire&amp#27;[0;39m - &amp#27;[32mhttp-outgoing-1 >> "Host: localhost:2375[\r][\n]"
&amp#27;[0;39m2023-05-08 13:18:56,604 [main] &amp#27;[39mDEBUG&amp#27;[0;39m &amp#27;[36mc.g.d.z.s.o.a.hc.client5.http.wire&amp#27;[0;39m - &amp#27;[32mhttp-outgoing-1 >> "Connection: keep-alive[\r][\n]"
&amp#27;[0;39m2023-05-08 13:18:56,604 [main] &amp#27;[39mDEBUG&amp#27;[0;39m &amp#27;[36mc.g.d.z.s.o.a.hc.client5.http.wire&amp#27;[0;39m - &amp#27;[32mhttp-outgoing-1 >> "User-Agent: Apache-HttpClient/5.0.3 (Java/17.0.6)[\r][\n]"
&amp#27;[0;39m2023-05-08 13:18:56,604 [main] &amp#27;[39mDEBUG&amp#27;[0;39m &amp#27;[36mc.g.d.z.s.o.a.hc.client5.http.wire&amp#27;[0;39m - &amp#27;[32mhttp-outgoing-1 >> "[\r][\n]"
&amp#27;[0;39m2023-05-08 13:18:56,605 [main] &amp#27;[39mDEBUG&amp#27;[0;39m &amp#27;[36mc.g.d.z.s.o.a.hc.client5.http.wire&amp#27;[0;39m - &amp#27;[32mhttp-outgoing-1 << "HTTP/1.1 200 OK[\r][\n]"
&amp#27;[0;39m2023-05-08 13:18:56,605 [main] &amp#27;[39mDEBUG&amp#27;[0;39m &amp#27;[36mc.g.d.z.s.o.a.hc.client5.http.wire&amp#27;[0;39m - &amp#27;[32mhttp-outgoing-1 << "Api-Version: 1.42[\r][\n]"
&amp#27;[0;39m2023-05-08 13:18:56,605 [main] &amp#27;[39mDEBUG&amp#27;[0;39m &amp#27;[36mc.g.d.z.s.o.a.hc.client5.http.wire&amp#27;[0;39m - &amp#27;[32mhttp-outgoing-1 << "Content-Type: application/json[\r][\n]"
&amp#27;[0;39m2023-05-08 13:18:56,605 [main] &amp#27;[39mDEBUG&amp#27;[0;39m &amp#27;[36mc.g.d.z.s.o.a.hc.client5.http.wire&amp#27;[0;39m - &amp#27;[32mhttp-outgoing-1 << "Docker-Experimental: false[\r][\n]"
&amp#27;[0;39m2023-05-08 13:18:56,605 [main] &amp#27;[39mDEBUG&amp#27;[0;39m &amp#27;[36mc.g.d.z.s.o.a.hc.client5.http.wire&amp#27;[0;39m - &amp#27;[32mhttp-outgoing-1 << "Ostype: linux[\r][\n]"
&amp#27;[0;39m2023-05-08 13:18:56,605 [main] &amp#27;[39mDEBUG&amp#27;[0;39m &amp#27;[36mc.g.d.z.s.o.a.hc.client5.http.wire&amp#27;[0;39m - &amp#27;[32mhttp-outgoing-1 << "Server: Docker/23.0.5 (linux)[\r][\n]"
&amp#27;[0;39m2023-05-08 13:18:56,605 [main] &amp#27;[39mDEBUG&amp#27;[0;39m &amp#27;[36mc.g.d.z.s.o.a.hc.client5.http.wire&amp#27;[0;39m - &amp#27;[32mhttp-outgoing-1 << "Date: Mon, 08 May 2023 11:18:56 GMT[\r][\n]"
&amp#27;[0;39m2023-05-08 13:18:56,605 [main] &amp#27;[39mDEBUG&amp#27;[0;39m &amp#27;[36mc.g.d.z.s.o.a.hc.client5.http.wire&amp#27;[0;39m - &amp#27;[32mhttp-outgoing-1 << "Transfer-Encoding: chunked[\r][\n]"
&amp#27;[0;39m2023-05-08 13:18:56,605 [main] &amp#27;[39mDEBUG&amp#27;[0;39m &amp#27;[36mc.g.d.z.s.o.a.hc.client5.http.wire&amp#27;[0;39m - &amp#27;[32mhttp-outgoing-1 << "[\r][\n]"
&amp#27;[0;39m2023-05-08 13:18:56,605 [main] &amp#27;[39mDEBUG&amp#27;[0;39m &amp#27;[36mc.g.d.z.s.o.a.hc.client5.http.wire&amp#27;[0;39m - &amp#27;[32mhttp-outgoing-1 << "1890[\r][\n]"
&amp#27;[0;39m2023-05-08 13:18:56,605 [main] &amp#27;[39mDEBUG&amp#27;[0;39m &amp#27;[36mc.g.d.z.s.o.a.hc.client5.http.wire&amp#27;[0;39m - &amp#27;[32mhttp-outgoing-1 << "{"Id":"cccfb0602d7e775562ae171a9fe0a7ec811b6906268008a84fea93151d2a7305","Created":"2023-05-08T11:18:54.120535425Z","Path":"docker-entrypoint.sh","Args":["mysqld"],"State":{"Status":"running","Running":true,"Paused":false,"Restarting":false,"OOMKilled":false,"Dead":false,"Pid":59126,"ExitCode":0,"Error":"","StartedAt":"2023-05-08T11:18:54.468577716Z","FinishedAt":"0001-01-01T00:00:00Z"},"Image":"sha256:228d71078f8ce5ae9fd96b183f88c3a90e30544b4b7ce9d64a238d05fef2a681","ResolvConfPath":"/var/lib/docker/containers/cccfb0602d7e775562ae171a9fe0a7ec811b6906268008a84fea93151d2a7305/resolv.conf","HostnamePath":"/var/lib/docker/containers/cccfb0602d7e775562ae171a9fe0a7ec811b6906268008a84fea93151d2a7305/hostname","HostsPath":"/var/lib/docker/containers/cccfb0602d7e775562ae171a9fe0a7ec811b6906268008a84fea93151d2a7305/hosts","LogPath":"/var/lib/docker/containers/cccfb0602d7e775562ae171a9fe0a7ec811b6906268008a84fea93151d2a7305/cccfb0602d7e775562ae171a9fe0a7ec811b6906268008a84fea93151d2a7305-json.log","Name":"/charming_goodall","RestartCount":0,"Driver":"overlay2","Platform":"linux","MountLabel":"","ProcessLabel":"","AppArmorProfile":"docker-default","ExecIDs":null,"HostConfig":{"Binds":[],"ContainerIDFile":"","LogConfig":{"Type":"json-file","Config":{}},"NetworkMode":"default","PortBindings":{"3306/tcp":[{"HostIp":"","HostPort":""}]},"RestartPolicy":{"Name":"","MaximumRetryCount":0},"AutoRemove":false,"VolumeDriver":"","VolumesFrom":[],"ConsoleSize":[0,0],"CapAdd":null,"CapDrop":null,"CgroupnsMode":"private","Dns":null,"DnsOptions":null,"DnsSearch":null,"ExtraHosts":[],"GroupAdd":null,"IpcMode":"shareable","Cgroup":"","Links":null,"OomScoreAdj":0,"PidMode":"","Privileged":false,"PublishAllPorts":false,"ReadonlyRootfs":false,"SecurityOpt":null,"UTSMode":"","UsernsMode":"","ShmSize":67108864,"Runtime":"runc","Isolation":"","CpuShares":0,"Memory":0,"NanoCpus":0,"CgroupParent":"","BlkioWeight":0,"BlkioWeightDevice":null,"BlkioDeviceReadBps":null,"BlkioDeviceWriteBps":null,"BlkioDeviceReadIOps":null,"BlkioDeviceWriteIOps":null,"CpuPeriod":0,"CpuQuota":0,"CpuRealtimePeriod":0,"CpuRealtimeRuntime":0,"CpusetCpus":"","CpusetMems":"","Devices":null,"DeviceCgroupRules":null,"DeviceRequests":null,"MemoryReservation":0,"MemorySwap":0,"MemorySwappiness":null,"OomKillDisable":null,"PidsLimit":null,"Ulimits":null,"CpuCount":0,"CpuPercent":0,"IOMaximumIOps":0,"IOMaximumBandwidth":0,"MaskedPaths":["/proc/asound","/proc/acpi","/proc/kcore","/proc/keys","/proc/latency_stats","/proc/timer_list","/proc/timer_stats","/proc/sched_debug","/proc/scsi","/sys/firmware"],"ReadonlyPaths":["/proc/bus","/proc/fs","/proc/irq","/proc/sys","/proc/sysrq-trigger"]},"GraphDriver":{"Data":{"LowerDir":"/var/lib/docker/overlay2/0075f27ac39799b376a3e23bf05a650eb10c8a0f9ef49be1ab61e98fd3b93dc3-init/diff:/var/lib/docker/overlay2/4c6e20f032f02b27a9272f982861dc21998197aa90d94ed3bef95d449380247c/diff:/var/lib/docker/overlay2/0c75f828f603eff839bb3ca448163ab2a8017e86625ac255cd3dbf1673ddac26/diff:/var/lib/docker/overlay2/da128d897fda75829109844ce6cd9d73d0f54c682e735100af000ce899908729/diff:/var/lib/docker/overlay2/b678a1f261bf323afba6d76d91ab7428bdd6e1ef4a39b5224e4a1afd08c0423a/diff:/var/lib/docker/overlay2/1bec43b14875c5f9f814f146e8e31aa78566689c2c163da2ac60a32254988437/diff:/var/lib/docker/overlay2/28f4b1e6e1a7a2dbe30f1f94fb42bccd85a61faf8af1fe30a5bb0d442c525e41/diff:/var/lib/docker/overlay2/0f493124464c291d7c97d2633d5dff04b1dce5de904cb40a34dfbe7fe72e3fd4/diff:/var/lib/docker/overlay2/05befbee9e38cd670e1786b3310e99796dcc06abbed970007b4109a5424843fa/diff:/var/lib/docker/overlay2/582bcca9acfc4eef25109e1e1b9c9d104f355798455bc73e855c99283887a6e8/diff:/var/lib/docker/overlay2/153b3bf0b69e97e8f0e5533414a31ca33fa530e63d174c9617621abe46e7e9d1/diff:/var/lib/docker/overlay2/bf87a76c0a38875ee6e915fd0d2527eafa880ec6bf2c1cb294959428c18d10bd/diff","MergedDir":"/var/lib/docker/overlay2/0075f27ac39799b376a3e23bf05a650eb10c8a0f9ef49be1ab61e98fd3b93dc3/merged","UpperDir":"/var/lib/docker/overlay2/0075f27ac39799b376a3e23bf05a650eb10c8a0f9ef49be1ab61e98fd3b93dc3/diff","WorkDir":"/var/lib/docker/overlay2/0075f27ac39799b376a3e23bf05a650eb10c8a0f9ef49be1ab61e98fd3b93dc3/work"},"Name":"overlay2"},"Mounts":[{"Type":"volume","Name":"ffd30c8cc7ed7bf91bc1ebef46b0f06493ce1d3121e28c37d40240bd74b844a5","Source":"/var/lib/docker/volumes/ffd30c8cc7ed7bf91bc1ebef46b0f06493ce1d3121e28c37d40240bd74b844a5/_data","Destination":"/var/lib/mysql","Driver":"local","Mode":"","RW":true,"Propagation":""}],"Config":{"Hostname":"cccfb0602d7e","Domainname":"","User":"","AttachStdin":false,"AttachStdout":false,"AttachStderr":false,"ExposedPorts":{"3306/tcp":{}},"Tty":false,"OpenStdin":false,"StdinOnce":false,"Env":["MYSQL_DATABASE=test","MYSQL_PASSWORD=test","MYSQL_USER=test","MYSQL_ROOT_PASSWORD=test","PATH=/usr/local/sbin:/usr/local/bin:/usr/sbin:/usr/bin:/sbin:/bin","GOSU_VERSION=1.7","MYSQL_MAJOR=8.0","MYSQL_VERSION=8.0.0-dmr-1debian8"],"Cmd":["mysqld"],"Image":"mysql:8.0.0","Volumes":{"/var/lib/mysql":{}},"WorkingDir":"","Entrypoint":["docker-entrypoint.sh"],"OnBuild":null,"Labels":{"org.testcontainers":"true","org.testcontainers.lang":"java","org.testcontainers.sessionId":"f1b696c1-ec3f-4f95-afa8-081853be7ccb","org.testcontainers.version":"1.18.0"}},"NetworkSettings":{"Bridge":"","SandboxID":"75a4ef0436803615aa77c8b97de3cbbdd49519261fe2b3b6cdcae9bd2b1154aa","HairpinMode":false,"LinkLocalIPv6Address":"","LinkLocalIPv6PrefixLen":0,"Ports":{"3306/tcp":[{"HostIp":"0.0.0.0","HostPort":"32781"},{"HostIp":"::","HostPort":"32781"}]},"SandboxKey":"/var/run/docker/netns/75a4ef043680","SecondaryIPAddresses":null,"SecondaryIPv6Addresses":null,"EndpointID":"de3a5c9cc9471fdbec5943d78a8803fca61208fe4021ac9d3922ee2e8ec0d135","Gateway":"172.17.0.1","GlobalIPv6Address":"","GlobalIPv6PrefixLen":0,"IPAddress":"172.17.0.3","IPPrefixLen":16,"IPv6Gateway":"","MacAddress":"02:42:ac:11:00:03","Networks":{"bridge":{"IPAMConfig":null,"Links":null,"Aliases":null,"NetworkID":"e1a078e12eb8d77b497ed932f7fb43787eeb6ff6972febd7d03c9282b8b5cd45","EndpointID":"de3a5c9cc9471fdbec5943d78a8803fca61208fe4021ac9d3922ee2e8ec0d135","Gateway":"172.17.0.1","IPAddress":"172.17.0.3","IPPrefixLen":16,"IPv6Gateway":"","GlobalIPv6Address":"","GlobalIPv6PrefixLen":0,"MacAddress":"02:42:ac:11:00:03","DriverOpts":null}}}}[\n]"
&amp#27;[0;39m2023-05-08 13:18:56,605 [main] &amp#27;[39mDEBUG&amp#27;[0;39m &amp#27;[36mc.g.d.z.s.o.a.hc.client5.http.wire&amp#27;[0;39m - &amp#27;[32mhttp-outgoing-1 << "[\r][\n]"
&amp#27;[0;39m2023-05-08 13:18:56,605 [main] &amp#27;[39mDEBUG&amp#27;[0;39m &amp#27;[36mc.g.d.z.s.o.a.hc.client5.http.wire&amp#27;[0;39m - &amp#27;[32mhttp-outgoing-1 << "0[\r][\n]"
&amp#27;[0;39m2023-05-08 13:18:56,605 [main] &amp#27;[39mDEBUG&amp#27;[0;39m &amp#27;[36mc.g.d.z.s.o.a.hc.client5.http.wire&amp#27;[0;39m - &amp#27;[32mhttp-outgoing-1 << "[\r][\n]"
&amp#27;[0;39m2023-05-08 13:18:56,605 [main] &amp#27;[39mDEBUG&amp#27;[0;39m &amp#27;[36mc.g.d.z.s.o.a.h.client5.http.headers&amp#27;[0;39m - &amp#27;[32mhttp-outgoing-1 << HTTP/1.1 200 OK
&amp#27;[0;39m2023-05-08 13:18:56,605 [main] &amp#27;[39mDEBUG&amp#27;[0;39m &amp#27;[36mc.g.d.z.s.o.a.h.client5.http.headers&amp#27;[0;39m - &amp#27;[32mhttp-outgoing-1 << Api-Version: 1.42
&amp#27;[0;39m2023-05-08 13:18:56,605 [main] &amp#27;[39mDEBUG&amp#27;[0;39m &amp#27;[36mc.g.d.z.s.o.a.h.client5.http.headers&amp#27;[0;39m - &amp#27;[32mhttp-outgoing-1 << Content-Type: application/json
&amp#27;[0;39m2023-05-08 13:18:56,605 [main] &amp#27;[39mDEBUG&amp#27;[0;39m &amp#27;[36mc.g.d.z.s.o.a.h.client5.http.headers&amp#27;[0;39m - &amp#27;[32mhttp-outgoing-1 << Docker-Experimental: false
&amp#27;[0;39m2023-05-08 13:18:56,605 [main] &amp#27;[39mDEBUG&amp#27;[0;39m &amp#27;[36mc.g.d.z.s.o.a.h.client5.http.headers&amp#27;[0;39m - &amp#27;[32mhttp-outgoing-1 << Ostype: linux
&amp#27;[0;39m2023-05-08 13:18:56,605 [main] &amp#27;[39mDEBUG&amp#27;[0;39m &amp#27;[36mc.g.d.z.s.o.a.h.client5.http.headers&amp#27;[0;39m - &amp#27;[32mhttp-outgoing-1 << Server: Docker/23.0.5 (linux)
&amp#27;[0;39m2023-05-08 13:18:56,605 [main] &amp#27;[39mDEBUG&amp#27;[0;39m &amp#27;[36mc.g.d.z.s.o.a.h.client5.http.headers&amp#27;[0;39m - &amp#27;[32mhttp-outgoing-1 << Date: Mon, 08 May 2023 11:18:56 GMT
&amp#27;[0;39m2023-05-08 13:18:56,605 [main] &amp#27;[39mDEBUG&amp#27;[0;39m &amp#27;[36mc.g.d.z.s.o.a.h.client5.http.headers&amp#27;[0;39m - &amp#27;[32mhttp-outgoing-1 << Transfer-Encoding: chunked
&amp#27;[0;39m2023-05-08 13:18:56,605 [main] &amp#27;[39mDEBUG&amp#27;[0;39m &amp#27;[36mc.g.d.z.s.o.a.h.c.h.i.c.MainClientExec&amp#27;[0;39m - &amp#27;[32mex-00000024: connection can be kept alive for 3 MINUTES
&amp#27;[0;39m2023-05-08 13:18:56,606 [main] &amp#27;[39mDEBUG&amp#27;[0;39m &amp#27;[36mc.g.d.z.s.o.a.h.c.h.i.c.InternalHttpClient&amp#27;[0;39m - &amp#27;[32mep-00000023: releasing valid endpoint
&amp#27;[0;39m2023-05-08 13:18:56,606 [main] &amp#27;[39mDEBUG&amp#27;[0;39m &amp#27;[36mc.g.d.z.s.o.a.h.c.h.i.i.PoolingHttpClientConnectionManager&amp#27;[0;39m - &amp#27;[32mep-00000023: releasing endpoint
&amp#27;[0;39m2023-05-08 13:18:56,606 [main] &amp#27;[39mDEBUG&amp#27;[0;39m &amp#27;[36mc.g.d.z.s.o.a.h.c.h.i.i.PoolingHttpClientConnectionManager&amp#27;[0;39m - &amp#27;[32mep-00000023: connection http-outgoing-1 can be kept alive for 3 MINUTES
&amp#27;[0;39m2023-05-08 13:18:56,606 [main] &amp#27;[39mDEBUG&amp#27;[0;39m &amp#27;[36mc.g.d.z.s.o.a.h.c.h.i.i.PoolingHttpClientConnectionManager&amp#27;[0;39m - &amp#27;[32mep-00000023: connection released [route: {}->unix://localhost:2375][total available: 1; route allocated: 1 of 2147483647; total allocated: 1 of 2147483647]
&amp#27;[0;39m2023-05-08 13:18:56,606 [main] &amp#27;[39mDEBUG&amp#27;[0;39m &amp#27;[36mtc.mysql:8.0.0&amp#27;[0;39m - &amp#27;[32mTrying to create JDBC connection using com.mysql.cj.jdbc.Driver to jdbc:mysql://localhost:32781/test?useSSL=false&allowPublicKeyRetrieval=true with properties: {password=test, user=test}
&amp#27;[0;39m2023-05-08 13:18:56,707 [main] &amp#27;[39mDEBUG&amp#27;[0;39m &amp#27;[36mo.t.s.c.g.d.c.command.AbstrDockerCmd&amp#27;[0;39m - &amp#27;[32mCmd: cccfb0602d7e775562ae171a9fe0a7ec811b6906268008a84fea93151d2a7305,false
&amp#27;[0;39m2023-05-08 13:18:56,708 [main] &amp#27;[39mDEBUG&amp#27;[0;39m &amp#27;[36mo.t.s.c.g.d.c.e.InspectContainerCmdExec&amp#27;[0;39m - &amp#27;[32mGET: DefaultWebTarget{path=[/containers/cccfb0602d7e775562ae171a9fe0a7ec811b6906268008a84fea93151d2a7305/json], queryParams={}}
&amp#27;[0;39m2023-05-08 13:18:56,708 [main] &amp#27;[39mDEBUG&amp#27;[0;39m &amp#27;[36mc.g.d.z.s.o.a.h.c.h.i.c.InternalHttpClient&amp#27;[0;39m - &amp#27;[32mex-00000025: preparing request execution
&amp#27;[0;39m2023-05-08 13:18:56,708 [main] &amp#27;[39mDEBUG&amp#27;[0;39m &amp#27;[36mc.g.d.z.s.o.a.h.c.h.p.RequestAddCookies&amp#27;[0;39m - &amp#27;[32mCookie spec selected: strict
&amp#27;[0;39m2023-05-08 13:18:56,708 [main] &amp#27;[39mDEBUG&amp#27;[0;39m &amp#27;[36mc.g.d.z.s.o.a.h.c.h.p.RequestAuthCache&amp#27;[0;39m - &amp#27;[32mAuth cache not set in the context
&amp#27;[0;39m2023-05-08 13:18:56,708 [main] &amp#27;[39mDEBUG&amp#27;[0;39m &amp#27;[36mc.g.d.z.s.o.a.h.c.h.i.c.ProtocolExec&amp#27;[0;39m - &amp#27;[32mex-00000025: target auth state: UNCHALLENGED
&amp#27;[0;39m2023-05-08 13:18:56,708 [main] &amp#27;[39mDEBUG&amp#27;[0;39m &amp#27;[36mc.g.d.z.s.o.a.h.c.h.i.c.ProtocolExec&amp#27;[0;39m - &amp#27;[32mex-00000025: proxy auth state: UNCHALLENGED
&amp#27;[0;39m2023-05-08 13:18:56,708 [main] &amp#27;[39mDEBUG&amp#27;[0;39m &amp#27;[36mc.g.d.z.s.o.a.h.c.h.i.c.ConnectExec&amp#27;[0;39m - &amp#27;[32mex-00000025: acquiring connection with route {}->unix://localhost:2375
&amp#27;[0;39m2023-05-08 13:18:56,708 [main] &amp#27;[39mDEBUG&amp#27;[0;39m &amp#27;[36mc.g.d.z.s.o.a.h.c.h.i.c.InternalHttpClient&amp#27;[0;39m - &amp#27;[32mex-00000025: acquiring endpoint (3 MINUTES)
&amp#27;[0;39m2023-05-08 13:18:56,708 [main] &amp#27;[39mDEBUG&amp#27;[0;39m &amp#27;[36mc.g.d.z.s.o.a.h.c.h.i.i.PoolingHttpClientConnectionManager&amp#27;[0;39m - &amp#27;[32mex-00000025: endpoint lease request (3 MINUTES) [route: {}->unix://localhost:2375][total available: 1; route allocated: 1 of 2147483647; total allocated: 1 of 2147483647]
&amp#27;[0;39m2023-05-08 13:18:56,709 [main] &amp#27;[39mDEBUG&amp#27;[0;39m &amp#27;[36mc.g.d.z.s.o.a.h.c.h.i.i.PoolingHttpClientConnectionManager&amp#27;[0;39m - &amp#27;[32mex-00000025: endpoint leased [route: {}->unix://localhost:2375][total available: 0; route allocated: 1 of 2147483647; total allocated: 1 of 2147483647]
&amp#27;[0;39m2023-05-08 13:18:56,709 [main] &amp#27;[39mDEBUG&amp#27;[0;39m &amp#27;[36mc.g.d.z.s.o.a.h.c.h.i.i.PoolingHttpClientConnectionManager&amp#27;[0;39m - &amp#27;[32mex-00000025: acquired ep-00000024
&amp#27;[0;39m2023-05-08 13:18:56,709 [main] &amp#27;[39mDEBUG&amp#27;[0;39m &amp#27;[36mc.g.d.z.s.o.a.h.c.h.i.c.InternalHttpClient&amp#27;[0;39m - &amp#27;[32mex-00000025: acquired endpoint ep-00000024
&amp#27;[0;39m2023-05-08 13:18:56,709 [main] &amp#27;[39mDEBUG&amp#27;[0;39m &amp#27;[36mc.g.d.z.s.o.a.h.c.h.i.c.MainClientExec&amp#27;[0;39m - &amp#27;[32mex-00000025: executing GET /v1.32/containers/cccfb0602d7e775562ae171a9fe0a7ec811b6906268008a84fea93151d2a7305/json HTTP/1.1
&amp#27;[0;39m2023-05-08 13:18:56,709 [main] &amp#27;[39mDEBUG&amp#27;[0;39m &amp#27;[36mc.g.d.z.s.o.a.h.c.h.i.c.InternalHttpClient&amp#27;[0;39m - &amp#27;[32mep-00000024: start execution ex-00000025
&amp#27;[0;39m2023-05-08 13:18:56,709 [main] &amp#27;[39mDEBUG&amp#27;[0;39m &amp#27;[36mc.g.d.z.s.o.a.h.c.h.i.i.PoolingHttpClientConnectionManager&amp#27;[0;39m - &amp#27;[32mep-00000024: executing exchange ex-00000025 over http-outgoing-1
&amp#27;[0;39m2023-05-08 13:18:56,709 [main] &amp#27;[39mDEBUG&amp#27;[0;39m &amp#27;[36mc.g.d.z.s.o.a.h.client5.http.headers&amp#27;[0;39m - &amp#27;[32mhttp-outgoing-1 >> GET /v1.32/containers/cccfb0602d7e775562ae171a9fe0a7ec811b6906268008a84fea93151d2a7305/json HTTP/1.1
&amp#27;[0;39m2023-05-08 13:18:56,709 [main] &amp#27;[39mDEBUG&amp#27;[0;39m &amp#27;[36mc.g.d.z.s.o.a.h.client5.http.headers&amp#27;[0;39m - &amp#27;[32mhttp-outgoing-1 >> accept: application/json
&amp#27;[0;39m2023-05-08 13:18:56,709 [main] &amp#27;[39mDEBUG&amp#27;[0;39m &amp#27;[36mc.g.d.z.s.o.a.h.client5.http.headers&amp#27;[0;39m - &amp#27;[32mhttp-outgoing-1 >> x-tc-sid: f1b696c1-ec3f-4f95-afa8-081853be7ccb
&amp#27;[0;39m2023-05-08 13:18:56,709 [main] &amp#27;[39mDEBUG&amp#27;[0;39m &amp#27;[36mc.g.d.z.s.o.a.h.client5.http.headers&amp#27;[0;39m - &amp#27;[32mhttp-outgoing-1 >> Accept-Encoding: gzip, x-gzip, deflate
&amp#27;[0;39m2023-05-08 13:18:56,709 [main] &amp#27;[39mDEBUG&amp#27;[0;39m &amp#27;[36mc.g.d.z.s.o.a.h.client5.http.headers&amp#27;[0;39m - &amp#27;[32mhttp-outgoing-1 >> Host: localhost:2375
&amp#27;[0;39m2023-05-08 13:18:56,709 [main] &amp#27;[39mDEBUG&amp#27;[0;39m &amp#27;[36mc.g.d.z.s.o.a.h.client5.http.headers&amp#27;[0;39m - &amp#27;[32mhttp-outgoing-1 >> Connection: keep-alive
&amp#27;[0;39m2023-05-08 13:18:56,709 [main] &amp#27;[39mDEBUG&amp#27;[0;39m &amp#27;[36mc.g.d.z.s.o.a.h.client5.http.headers&amp#27;[0;39m - &amp#27;[32mhttp-outgoing-1 >> User-Agent: Apache-HttpClient/5.0.3 (Java/17.0.6)
&amp#27;[0;39m2023-05-08 13:18:56,709 [main] &amp#27;[39mDEBUG&amp#27;[0;39m &amp#27;[36mc.g.d.z.s.o.a.hc.client5.http.wire&amp#27;[0;39m - &amp#27;[32mhttp-outgoing-1 >> "GET /v1.32/containers/cccfb0602d7e775562ae171a9fe0a7ec811b6906268008a84fea93151d2a7305/json HTTP/1.1[\r][\n]"
&amp#27;[0;39m2023-05-08 13:18:56,709 [main] &amp#27;[39mDEBUG&amp#27;[0;39m &amp#27;[36mc.g.d.z.s.o.a.hc.client5.http.wire&amp#27;[0;39m - &amp#27;[32mhttp-outgoing-1 >> "accept: application/json[\r][\n]"
&amp#27;[0;39m2023-05-08 13:18:56,709 [main] &amp#27;[39mDEBUG&amp#27;[0;39m &amp#27;[36mc.g.d.z.s.o.a.hc.client5.http.wire&amp#27;[0;39m - &amp#27;[32mhttp-outgoing-1 >> "x-tc-sid: f1b696c1-ec3f-4f95-afa8-081853be7ccb[\r][\n]"
&amp#27;[0;39m2023-05-08 13:18:56,709 [main] &amp#27;[39mDEBUG&amp#27;[0;39m &amp#27;[36mc.g.d.z.s.o.a.hc.client5.http.wire&amp#27;[0;39m - &amp#27;[32mhttp-outgoing-1 >> "Accept-Encoding: gzip, x-gzip, deflate[\r][\n]"
&amp#27;[0;39m2023-05-08 13:18:56,709 [main] &amp#27;[39mDEBUG&amp#27;[0;39m &amp#27;[36mc.g.d.z.s.o.a.hc.client5.http.wire&amp#27;[0;39m - &amp#27;[32mhttp-outgoing-1 >> "Host: localhost:2375[\r][\n]"
&amp#27;[0;39m2023-05-08 13:18:56,709 [main] &amp#27;[39mDEBUG&amp#27;[0;39m &amp#27;[36mc.g.d.z.s.o.a.hc.client5.http.wire&amp#27;[0;39m - &amp#27;[32mhttp-outgoing-1 >> "Connection: keep-alive[\r][\n]"
&amp#27;[0;39m2023-05-08 13:18:56,709 [main] &amp#27;[39mDEBUG&amp#27;[0;39m &amp#27;[36mc.g.d.z.s.o.a.hc.client5.http.wire&amp#27;[0;39m - &amp#27;[32mhttp-outgoing-1 >> "User-Agent: Apache-HttpClient/5.0.3 (Java/17.0.6)[\r][\n]"
&amp#27;[0;39m2023-05-08 13:18:56,709 [main] &amp#27;[39mDEBUG&amp#27;[0;39m &amp#27;[36mc.g.d.z.s.o.a.hc.client5.http.wire&amp#27;[0;39m - &amp#27;[32mhttp-outgoing-1 >> "[\r][\n]"
&amp#27;[0;39m2023-05-08 13:18:56,709 [main] &amp#27;[39mDEBUG&amp#27;[0;39m &amp#27;[36mc.g.d.z.s.o.a.hc.client5.http.wire&amp#27;[0;39m - &amp#27;[32mhttp-outgoing-1 << "HTTP/1.1 200 OK[\r][\n]"
&amp#27;[0;39m2023-05-08 13:18:56,709 [main] &amp#27;[39mDEBUG&amp#27;[0;39m &amp#27;[36mc.g.d.z.s.o.a.hc.client5.http.wire&amp#27;[0;39m - &amp#27;[32mhttp-outgoing-1 << "Api-Version: 1.42[\r][\n]"
&amp#27;[0;39m2023-05-08 13:18:56,709 [main] &amp#27;[39mDEBUG&amp#27;[0;39m &amp#27;[36mc.g.d.z.s.o.a.hc.client5.http.wire&amp#27;[0;39m - &amp#27;[32mhttp-outgoing-1 << "Content-Type: application/json[\r][\n]"
&amp#27;[0;39m2023-05-08 13:18:56,709 [main] &amp#27;[39mDEBUG&amp#27;[0;39m &amp#27;[36mc.g.d.z.s.o.a.hc.client5.http.wire&amp#27;[0;39m - &amp#27;[32mhttp-outgoing-1 << "Docker-Experimental: false[\r][\n]"
&amp#27;[0;39m2023-05-08 13:18:56,709 [main] &amp#27;[39mDEBUG&amp#27;[0;39m &amp#27;[36mc.g.d.z.s.o.a.hc.client5.http.wire&amp#27;[0;39m - &amp#27;[32mhttp-outgoing-1 << "Ostype: linux[\r][\n]"
&amp#27;[0;39m2023-05-08 13:18:56,709 [main] &amp#27;[39mDEBUG&amp#27;[0;39m &amp#27;[36mc.g.d.z.s.o.a.hc.client5.http.wire&amp#27;[0;39m - &amp#27;[32mhttp-outgoing-1 << "Server: Docker/23.0.5 (linux)[\r][\n]"
&amp#27;[0;39m2023-05-08 13:18:56,709 [main] &amp#27;[39mDEBUG&amp#27;[0;39m &amp#27;[36mc.g.d.z.s.o.a.hc.client5.http.wire&amp#27;[0;39m - &amp#27;[32mhttp-outgoing-1 << "Date: Mon, 08 May 2023 11:18:56 GMT[\r][\n]"
&amp#27;[0;39m2023-05-08 13:18:56,709 [main] &amp#27;[39mDEBUG&amp#27;[0;39m &amp#27;[36mc.g.d.z.s.o.a.hc.client5.http.wire&amp#27;[0;39m - &amp#27;[32mhttp-outgoing-1 << "Transfer-Encoding: chunked[\r][\n]"
&amp#27;[0;39m2023-05-08 13:18:56,709 [main] &amp#27;[39mDEBUG&amp#27;[0;39m &amp#27;[36mc.g.d.z.s.o.a.hc.client5.http.wire&amp#27;[0;39m - &amp#27;[32mhttp-outgoing-1 << "[\r][\n]"
&amp#27;[0;39m2023-05-08 13:18:56,709 [main] &amp#27;[39mDEBUG&amp#27;[0;39m &amp#27;[36mc.g.d.z.s.o.a.hc.client5.http.wire&amp#27;[0;39m - &amp#27;[32mhttp-outgoing-1 << "1890[\r][\n]"
&amp#27;[0;39m2023-05-08 13:18:56,709 [main] &amp#27;[39mDEBUG&amp#27;[0;39m &amp#27;[36mc.g.d.z.s.o.a.hc.client5.http.wire&amp#27;[0;39m - &amp#27;[32mhttp-outgoing-1 << "{"Id":"cccfb0602d7e775562ae171a9fe0a7ec811b6906268008a84fea93151d2a7305","Created":"2023-05-08T11:18:54.120535425Z","Path":"docker-entrypoint.sh","Args":["mysqld"],"State":{"Status":"running","Running":true,"Paused":false,"Restarting":false,"OOMKilled":false,"Dead":false,"Pid":59126,"ExitCode":0,"Error":"","StartedAt":"2023-05-08T11:18:54.468577716Z","FinishedAt":"0001-01-01T00:00:00Z"},"Image":"sha256:228d71078f8ce5ae9fd96b183f88c3a90e30544b4b7ce9d64a238d05fef2a681","ResolvConfPath":"/var/lib/docker/containers/cccfb0602d7e775562ae171a9fe0a7ec811b6906268008a84fea93151d2a7305/resolv.conf","HostnamePath":"/var/lib/docker/containers/cccfb0602d7e775562ae171a9fe0a7ec811b6906268008a84fea93151d2a7305/hostname","HostsPath":"/var/lib/docker/containers/cccfb0602d7e775562ae171a9fe0a7ec811b6906268008a84fea93151d2a7305/hosts","LogPath":"/var/lib/docker/containers/cccfb0602d7e775562ae171a9fe0a7ec811b6906268008a84fea93151d2a7305/cccfb0602d7e775562ae171a9fe0a7ec811b6906268008a84fea93151d2a7305-json.log","Name":"/charming_goodall","RestartCount":0,"Driver":"overlay2","Platform":"linux","MountLabel":"","ProcessLabel":"","AppArmorProfile":"docker-default","ExecIDs":null,"HostConfig":{"Binds":[],"ContainerIDFile":"","LogConfig":{"Type":"json-file","Config":{}},"NetworkMode":"default","PortBindings":{"3306/tcp":[{"HostIp":"","HostPort":""}]},"RestartPolicy":{"Name":"","MaximumRetryCount":0},"AutoRemove":false,"VolumeDriver":"","VolumesFrom":[],"ConsoleSize":[0,0],"CapAdd":null,"CapDrop":null,"CgroupnsMode":"private","Dns":null,"DnsOptions":null,"DnsSearch":null,"ExtraHosts":[],"GroupAdd":null,"IpcMode":"shareable","Cgroup":"","Links":null,"OomScoreAdj":0,"PidMode":"","Privileged":false,"PublishAllPorts":false,"ReadonlyRootfs":false,"SecurityOpt":null,"UTSMode":"","UsernsMode":"","ShmSize":67108864,"Runtime":"runc","Isolation":"","CpuShares":0,"Memory":0,"NanoCpus":0,"CgroupParent":"","BlkioWeight":0,"BlkioWeightDevice":null,"BlkioDeviceReadBps":null,"BlkioDeviceWriteBps":null,"BlkioDeviceReadIOps":null,"BlkioDeviceWriteIOps":null,"CpuPeriod":0,"CpuQuota":0,"CpuRealtimePeriod":0,"CpuRealtimeRuntime":0,"CpusetCpus":"","CpusetMems":"","Devices":null,"DeviceCgroupRules":null,"DeviceRequests":null,"MemoryReservation":0,"MemorySwap":0,"MemorySwappiness":null,"OomKillDisable":null,"PidsLimit":null,"Ulimits":null,"CpuCount":0,"CpuPercent":0,"IOMaximumIOps":0,"IOMaximumBandwidth":0,"MaskedPaths":["/proc/asound","/proc/acpi","/proc/kcore","/proc/keys","/proc/latency_stats","/proc/timer_list","/proc/timer_stats","/proc/sched_debug","/proc/scsi","/sys/firmware"],"ReadonlyPaths":["/proc/bus","/proc/fs","/proc/irq","/proc/sys","/proc/sysrq-trigger"]},"GraphDriver":{"Data":{"LowerDir":"/var/lib/docker/overlay2/0075f27ac39799b376a3e23bf05a650eb10c8a0f9ef49be1ab61e98fd3b93dc3-init/diff:/var/lib/docker/overlay2/4c6e20f032f02b27a9272f982861dc21998197aa90d94ed3bef95d449380247c/diff:/var/lib/docker/overlay2/0c75f828f603eff839bb3ca448163ab2a8017e86625ac255cd3dbf1673ddac26/diff:/var/lib/docker/overlay2/da128d897fda75829109844ce6cd9d73d0f54c682e735100af000ce899908729/diff:/var/lib/docker/overlay2/b678a1f261bf323afba6d76d91ab7428bdd6e1ef4a39b5224e4a1afd08c0423a/diff:/var/lib/docker/overlay2/1bec43b14875c5f9f814f146e8e31aa78566689c2c163da2ac60a32254988437/diff:/var/lib/docker/overlay2/28f4b1e6e1a7a2dbe30f1f94fb42bccd85a61faf8af1fe30a5bb0d442c525e41/diff:/var/lib/docker/overlay2/0f493124464c291d7c97d2633d5dff04b1dce5de904cb40a34dfbe7fe72e3fd4/diff:/var/lib/docker/overlay2/05befbee9e38cd670e1786b3310e99796dcc06abbed970007b4109a5424843fa/diff:/var/lib/docker/overlay2/582bcca9acfc4eef25109e1e1b9c9d104f355798455bc73e855c99283887a6e8/diff:/var/lib/docker/overlay2/153b3bf0b69e97e8f0e5533414a31ca33fa530e63d174c9617621abe46e7e9d1/diff:/var/lib/docker/overlay2/bf87a76c0a38875ee6e915fd0d2527eafa880ec6bf2c1cb294959428c18d10bd/diff","MergedDir":"/var/lib/docker/overlay2/0075f27ac39799b376a3e23bf05a650eb10c8a0f9ef49be1ab61e98fd3b93dc3/merged","UpperDir":"/var/lib/docker/overlay2/0075f27ac39799b376a3e23bf05a650eb10c8a0f9ef49be1ab61e98fd3b93dc3/diff","WorkDir":"/var/lib/docker/overlay2/0075f27ac39799b376a3e23bf05a650eb10c8a0f9ef49be1ab61e98fd3b93dc3/work"},"Name":"overlay2"},"Mounts":[{"Type":"volume","Name":"ffd30c8cc7ed7bf91bc1ebef46b0f06493ce1d3121e28c37d40240bd74b844a5","Source":"/var/lib/docker/volumes/ffd30c8cc7ed7bf91bc1ebef46b0f06493ce1d3121e28c37d40240bd74b844a5/_data","Destination":"/var/lib/mysql","Driver":"local","Mode":"","RW":true,"Propagation":""}],"Config":{"Hostname":"cccfb0602d7e","Domainname":"","User":"","AttachStdin":false,"AttachStdout":false,"AttachStderr":false,"ExposedPorts":{"3306/tcp":{}},"Tty":false,"OpenStdin":false,"StdinOnce":false,"Env":["MYSQL_DATABASE=test","MYSQL_PASSWORD=test","MYSQL_USER=test","MYSQL_ROOT_PASSWORD=test","PATH=/usr/local/sbin:/usr/local/bin:/usr/sbin:/usr/bin:/sbin:/bin","GOSU_VERSION=1.7","MYSQL_MAJOR=8.0","MYSQL_VERSION=8.0.0-dmr-1debian8"],"Cmd":["mysqld"],"Image":"mysql:8.0.0","Volumes":{"/var/lib/mysql":{}},"WorkingDir":"","Entrypoint":["docker-entrypoint.sh"],"OnBuild":null,"Labels":{"org.testcontainers":"true","org.testcontainers.lang":"java","org.testcontainers.sessionId":"f1b696c1-ec3f-4f95-afa8-081853be7ccb","org.testcontainers.version":"1.18.0"}},"NetworkSettings":{"Bridge":"","SandboxID":"75a4ef0436803615aa77c8b97de3cbbdd49519261fe2b3b6cdcae9bd2b1154aa","HairpinMode":false,"LinkLocalIPv6Address":"","LinkLocalIPv6PrefixLen":0,"Ports":{"3306/tcp":[{"HostIp":"0.0.0.0","HostPort":"32781"},{"HostIp":"::","HostPort":"32781"}]},"SandboxKey":"/var/run/docker/netns/75a4ef043680","SecondaryIPAddresses":null,"SecondaryIPv6Addresses":null,"EndpointID":"de3a5c9cc9471fdbec5943d78a8803fca61208fe4021ac9d3922ee2e8ec0d135","Gateway":"172.17.0.1","GlobalIPv6Address":"","GlobalIPv6PrefixLen":0,"IPAddress":"172.17.0.3","IPPrefixLen":16,"IPv6Gateway":"","MacAddress":"02:42:ac:11:00:03","Networks":{"bridge":{"IPAMConfig":null,"Links":null,"Aliases":null,"NetworkID":"e1a078e12eb8d77b497ed932f7fb43787eeb6ff6972febd7d03c9282b8b5cd45","EndpointID":"de3a5c9cc9471fdbec5943d78a8803fca61208fe4021ac9d3922ee2e8ec0d135","Gateway":"172.17.0.1","IPAddress":"172.17.0.3","IPPrefixLen":16,"IPv6Gateway":"","GlobalIPv6Address":"","GlobalIPv6PrefixLen":0,"MacAddress":"02:42:ac:11:00:03","DriverOpts":null}}}}[\n]"
&amp#27;[0;39m2023-05-08 13:18:56,710 [main] &amp#27;[39mDEBUG&amp#27;[0;39m &amp#27;[36mc.g.d.z.s.o.a.hc.client5.http.wire&amp#27;[0;39m - &amp#27;[32mhttp-outgoing-1 << "[\r][\n]"
&amp#27;[0;39m2023-05-08 13:18:56,710 [main] &amp#27;[39mDEBUG&amp#27;[0;39m &amp#27;[36mc.g.d.z.s.o.a.hc.client5.http.wire&amp#27;[0;39m - &amp#27;[32mhttp-outgoing-1 << "0[\r][\n]"
&amp#27;[0;39m2023-05-08 13:18:56,710 [main] &amp#27;[39mDEBUG&amp#27;[0;39m &amp#27;[36mc.g.d.z.s.o.a.hc.client5.http.wire&amp#27;[0;39m - &amp#27;[32mhttp-outgoing-1 << "[\r][\n]"
&amp#27;[0;39m2023-05-08 13:18:56,710 [main] &amp#27;[39mDEBUG&amp#27;[0;39m &amp#27;[36mc.g.d.z.s.o.a.h.client5.http.headers&amp#27;[0;39m - &amp#27;[32mhttp-outgoing-1 << HTTP/1.1 200 OK
&amp#27;[0;39m2023-05-08 13:18:56,710 [main] &amp#27;[39mDEBUG&amp#27;[0;39m &amp#27;[36mc.g.d.z.s.o.a.h.client5.http.headers&amp#27;[0;39m - &amp#27;[32mhttp-outgoing-1 << Api-Version: 1.42
&amp#27;[0;39m2023-05-08 13:18:56,710 [main] &amp#27;[39mDEBUG&amp#27;[0;39m &amp#27;[36mc.g.d.z.s.o.a.h.client5.http.headers&amp#27;[0;39m - &amp#27;[32mhttp-outgoing-1 << Content-Type: application/json
&amp#27;[0;39m2023-05-08 13:18:56,710 [main] &amp#27;[39mDEBUG&amp#27;[0;39m &amp#27;[36mc.g.d.z.s.o.a.h.client5.http.headers&amp#27;[0;39m - &amp#27;[32mhttp-outgoing-1 << Docker-Experimental: false
&amp#27;[0;39m2023-05-08 13:18:56,710 [main] &amp#27;[39mDEBUG&amp#27;[0;39m &amp#27;[36mc.g.d.z.s.o.a.h.client5.http.headers&amp#27;[0;39m - &amp#27;[32mhttp-outgoing-1 << Ostype: linux
&amp#27;[0;39m2023-05-08 13:18:56,710 [main] &amp#27;[39mDEBUG&amp#27;[0;39m &amp#27;[36mc.g.d.z.s.o.a.h.client5.http.headers&amp#27;[0;39m - &amp#27;[32mhttp-outgoing-1 << Server: Docker/23.0.5 (linux)
&amp#27;[0;39m2023-05-08 13:18:56,710 [main] &amp#27;[39mDEBUG&amp#27;[0;39m &amp#27;[36mc.g.d.z.s.o.a.h.client5.http.headers&amp#27;[0;39m - &amp#27;[32mhttp-outgoing-1 << Date: Mon, 08 May 2023 11:18:56 GMT
&amp#27;[0;39m2023-05-08 13:18:56,710 [main] &amp#27;[39mDEBUG&amp#27;[0;39m &amp#27;[36mc.g.d.z.s.o.a.h.client5.http.headers&amp#27;[0;39m - &amp#27;[32mhttp-outgoing-1 << Transfer-Encoding: chunked
&amp#27;[0;39m2023-05-08 13:18:56,710 [main] &amp#27;[39mDEBUG&amp#27;[0;39m &amp#27;[36mc.g.d.z.s.o.a.h.c.h.i.c.MainClientExec&amp#27;[0;39m - &amp#27;[32mex-00000025: connection can be kept alive for 3 MINUTES
&amp#27;[0;39m2023-05-08 13:18:56,711 [main] &amp#27;[39mDEBUG&amp#27;[0;39m &amp#27;[36mc.g.d.z.s.o.a.h.c.h.i.c.InternalHttpClient&amp#27;[0;39m - &amp#27;[32mep-00000024: releasing valid endpoint
&amp#27;[0;39m2023-05-08 13:18:56,711 [main] &amp#27;[39mDEBUG&amp#27;[0;39m &amp#27;[36mc.g.d.z.s.o.a.h.c.h.i.i.PoolingHttpClientConnectionManager&amp#27;[0;39m - &amp#27;[32mep-00000024: releasing endpoint
&amp#27;[0;39m2023-05-08 13:18:56,711 [main] &amp#27;[39mDEBUG&amp#27;[0;39m &amp#27;[36mc.g.d.z.s.o.a.h.c.h.i.i.PoolingHttpClientConnectionManager&amp#27;[0;39m - &amp#27;[32mep-00000024: connection http-outgoing-1 can be kept alive for 3 MINUTES
&amp#27;[0;39m2023-05-08 13:18:56,711 [main] &amp#27;[39mDEBUG&amp#27;[0;39m &amp#27;[36mc.g.d.z.s.o.a.h.c.h.i.i.PoolingHttpClientConnectionManager&amp#27;[0;39m - &amp#27;[32mep-00000024: connection released [route: {}->unix://localhost:2375][total available: 1; route allocated: 1 of 2147483647; total allocated: 1 of 2147483647]
&amp#27;[0;39m2023-05-08 13:18:56,711 [main] &amp#27;[39mDEBUG&amp#27;[0;39m &amp#27;[36mtc.mysql:8.0.0&amp#27;[0;39m - &amp#27;[32mTrying to create JDBC connection using com.mysql.cj.jdbc.Driver to jdbc:mysql://localhost:32781/test?useSSL=false&allowPublicKeyRetrieval=true with properties: {password=test, user=test}
&amp#27;[0;39m2023-05-08 13:18:56,812 [main] &amp#27;[39mDEBUG&amp#27;[0;39m &amp#27;[36mo.t.s.c.g.d.c.command.AbstrDockerCmd&amp#27;[0;39m - &amp#27;[32mCmd: cccfb0602d7e775562ae171a9fe0a7ec811b6906268008a84fea93151d2a7305,false
&amp#27;[0;39m2023-05-08 13:18:56,813 [main] &amp#27;[39mDEBUG&amp#27;[0;39m &amp#27;[36mo.t.s.c.g.d.c.e.InspectContainerCmdExec&amp#27;[0;39m - &amp#27;[32mGET: DefaultWebTarget{path=[/containers/cccfb0602d7e775562ae171a9fe0a7ec811b6906268008a84fea93151d2a7305/json], queryParams={}}
&amp#27;[0;39m2023-05-08 13:18:56,814 [main] &amp#27;[39mDEBUG&amp#27;[0;39m &amp#27;[36mc.g.d.z.s.o.a.h.c.h.i.c.InternalHttpClient&amp#27;[0;39m - &amp#27;[32mex-00000026: preparing request execution
&amp#27;[0;39m2023-05-08 13:18:56,815 [main] &amp#27;[39mDEBUG&amp#27;[0;39m &amp#27;[36mc.g.d.z.s.o.a.h.c.h.p.RequestAddCookies&amp#27;[0;39m - &amp#27;[32mCookie spec selected: strict
&amp#27;[0;39m2023-05-08 13:18:56,815 [main] &amp#27;[39mDEBUG&amp#27;[0;39m &amp#27;[36mc.g.d.z.s.o.a.h.c.h.p.RequestAuthCache&amp#27;[0;39m - &amp#27;[32mAuth cache not set in the context
&amp#27;[0;39m2023-05-08 13:18:56,815 [main] &amp#27;[39mDEBUG&amp#27;[0;39m &amp#27;[36mc.g.d.z.s.o.a.h.c.h.i.c.ProtocolExec&amp#27;[0;39m - &amp#27;[32mex-00000026: target auth state: UNCHALLENGED
&amp#27;[0;39m2023-05-08 13:18:56,815 [main] &amp#27;[39mDEBUG&amp#27;[0;39m &amp#27;[36mc.g.d.z.s.o.a.h.c.h.i.c.ProtocolExec&amp#27;[0;39m - &amp#27;[32mex-00000026: proxy auth state: UNCHALLENGED
&amp#27;[0;39m2023-05-08 13:18:56,815 [main] &amp#27;[39mDEBUG&amp#27;[0;39m &amp#27;[36mc.g.d.z.s.o.a.h.c.h.i.c.ConnectExec&amp#27;[0;39m - &amp#27;[32mex-00000026: acquiring connection with route {}->unix://localhost:2375
&amp#27;[0;39m2023-05-08 13:18:56,815 [main] &amp#27;[39mDEBUG&amp#27;[0;39m &amp#27;[36mc.g.d.z.s.o.a.h.c.h.i.c.InternalHttpClient&amp#27;[0;39m - &amp#27;[32mex-00000026: acquiring endpoint (3 MINUTES)
&amp#27;[0;39m2023-05-08 13:18:56,815 [main] &amp#27;[39mDEBUG&amp#27;[0;39m &amp#27;[36mc.g.d.z.s.o.a.h.c.h.i.i.PoolingHttpClientConnectionManager&amp#27;[0;39m - &amp#27;[32mex-00000026: endpoint lease request (3 MINUTES) [route: {}->unix://localhost:2375][total available: 1; route allocated: 1 of 2147483647; total allocated: 1 of 2147483647]
&amp#27;[0;39m2023-05-08 13:18:56,815 [main] &amp#27;[39mDEBUG&amp#27;[0;39m &amp#27;[36mc.g.d.z.s.o.a.h.c.h.i.i.PoolingHttpClientConnectionManager&amp#27;[0;39m - &amp#27;[32mex-00000026: endpoint leased [route: {}->unix://localhost:2375][total available: 0; route allocated: 1 of 2147483647; total allocated: 1 of 2147483647]
&amp#27;[0;39m2023-05-08 13:18:56,815 [main] &amp#27;[39mDEBUG&amp#27;[0;39m &amp#27;[36mc.g.d.z.s.o.a.h.c.h.i.i.PoolingHttpClientConnectionManager&amp#27;[0;39m - &amp#27;[32mex-00000026: acquired ep-00000025
&amp#27;[0;39m2023-05-08 13:18:56,815 [main] &amp#27;[39mDEBUG&amp#27;[0;39m &amp#27;[36mc.g.d.z.s.o.a.h.c.h.i.c.InternalHttpClient&amp#27;[0;39m - &amp#27;[32mex-00000026: acquired endpoint ep-00000025
&amp#27;[0;39m2023-05-08 13:18:56,815 [main] &amp#27;[39mDEBUG&amp#27;[0;39m &amp#27;[36mc.g.d.z.s.o.a.h.c.h.i.c.MainClientExec&amp#27;[0;39m - &amp#27;[32mex-00000026: executing GET /v1.32/containers/cccfb0602d7e775562ae171a9fe0a7ec811b6906268008a84fea93151d2a7305/json HTTP/1.1
&amp#27;[0;39m2023-05-08 13:18:56,815 [main] &amp#27;[39mDEBUG&amp#27;[0;39m &amp#27;[36mc.g.d.z.s.o.a.h.c.h.i.c.InternalHttpClient&amp#27;[0;39m - &amp#27;[32mep-00000025: start execution ex-00000026
&amp#27;[0;39m2023-05-08 13:18:56,815 [main] &amp#27;[39mDEBUG&amp#27;[0;39m &amp#27;[36mc.g.d.z.s.o.a.h.c.h.i.i.PoolingHttpClientConnectionManager&amp#27;[0;39m - &amp#27;[32mep-00000025: executing exchange ex-00000026 over http-outgoing-1
&amp#27;[0;39m2023-05-08 13:18:56,815 [main] &amp#27;[39mDEBUG&amp#27;[0;39m &amp#27;[36mc.g.d.z.s.o.a.h.client5.http.headers&amp#27;[0;39m - &amp#27;[32mhttp-outgoing-1 >> GET /v1.32/containers/cccfb0602d7e775562ae171a9fe0a7ec811b6906268008a84fea93151d2a7305/json HTTP/1.1
&amp#27;[0;39m2023-05-08 13:18:56,815 [main] &amp#27;[39mDEBUG&amp#27;[0;39m &amp#27;[36mc.g.d.z.s.o.a.h.client5.http.headers&amp#27;[0;39m - &amp#27;[32mhttp-outgoing-1 >> accept: application/json
&amp#27;[0;39m2023-05-08 13:18:56,815 [main] &amp#27;[39mDEBUG&amp#27;[0;39m &amp#27;[36mc.g.d.z.s.o.a.h.client5.http.headers&amp#27;[0;39m - &amp#27;[32mhttp-outgoing-1 >> x-tc-sid: f1b696c1-ec3f-4f95-afa8-081853be7ccb
&amp#27;[0;39m2023-05-08 13:18:56,816 [main] &amp#27;[39mDEBUG&amp#27;[0;39m &amp#27;[36mc.g.d.z.s.o.a.h.client5.http.headers&amp#27;[0;39m - &amp#27;[32mhttp-outgoing-1 >> Accept-Encoding: gzip, x-gzip, deflate
&amp#27;[0;39m2023-05-08 13:18:56,816 [main] &amp#27;[39mDEBUG&amp#27;[0;39m &amp#27;[36mc.g.d.z.s.o.a.h.client5.http.headers&amp#27;[0;39m - &amp#27;[32mhttp-outgoing-1 >> Host: localhost:2375
&amp#27;[0;39m2023-05-08 13:18:56,816 [main] &amp#27;[39mDEBUG&amp#27;[0;39m &amp#27;[36mc.g.d.z.s.o.a.h.client5.http.headers&amp#27;[0;39m - &amp#27;[32mhttp-outgoing-1 >> Connection: keep-alive
&amp#27;[0;39m2023-05-08 13:18:56,816 [main] &amp#27;[39mDEBUG&amp#27;[0;39m &amp#27;[36mc.g.d.z.s.o.a.h.client5.http.headers&amp#27;[0;39m - &amp#27;[32mhttp-outgoing-1 >> User-Agent: Apache-HttpClient/5.0.3 (Java/17.0.6)
&amp#27;[0;39m2023-05-08 13:18:56,816 [main] &amp#27;[39mDEBUG&amp#27;[0;39m &amp#27;[36mc.g.d.z.s.o.a.hc.client5.http.wire&amp#27;[0;39m - &amp#27;[32mhttp-outgoing-1 >> "GET /v1.32/containers/cccfb0602d7e775562ae171a9fe0a7ec811b6906268008a84fea93151d2a7305/json HTTP/1.1[\r][\n]"
&amp#27;[0;39m2023-05-08 13:18:56,816 [main] &amp#27;[39mDEBUG&amp#27;[0;39m &amp#27;[36mc.g.d.z.s.o.a.hc.client5.http.wire&amp#27;[0;39m - &amp#27;[32mhttp-outgoing-1 >> "accept: application/json[\r][\n]"
&amp#27;[0;39m2023-05-08 13:18:56,816 [main] &amp#27;[39mDEBUG&amp#27;[0;39m &amp#27;[36mc.g.d.z.s.o.a.hc.client5.http.wire&amp#27;[0;39m - &amp#27;[32mhttp-outgoing-1 >> "x-tc-sid: f1b696c1-ec3f-4f95-afa8-081853be7ccb[\r][\n]"
&amp#27;[0;39m2023-05-08 13:18:56,816 [main] &amp#27;[39mDEBUG&amp#27;[0;39m &amp#27;[36mc.g.d.z.s.o.a.hc.client5.http.wire&amp#27;[0;39m - &amp#27;[32mhttp-outgoing-1 >> "Accept-Encoding: gzip, x-gzip, deflate[\r][\n]"
&amp#27;[0;39m2023-05-08 13:18:56,816 [main] &amp#27;[39mDEBUG&amp#27;[0;39m &amp#27;[36mc.g.d.z.s.o.a.hc.client5.http.wire&amp#27;[0;39m - &amp#27;[32mhttp-outgoing-1 >> "Host: localhost:2375[\r][\n]"
&amp#27;[0;39m2023-05-08 13:18:56,816 [main] &amp#27;[39mDEBUG&amp#27;[0;39m &amp#27;[36mc.g.d.z.s.o.a.hc.client5.http.wire&amp#27;[0;39m - &amp#27;[32mhttp-outgoing-1 >> "Connection: keep-alive[\r][\n]"
&amp#27;[0;39m2023-05-08 13:18:56,816 [main] &amp#27;[39mDEBUG&amp#27;[0;39m &amp#27;[36mc.g.d.z.s.o.a.hc.client5.http.wire&amp#27;[0;39m - &amp#27;[32mhttp-outgoing-1 >> "User-Agent: Apache-HttpClient/5.0.3 (Java/17.0.6)[\r][\n]"
&amp#27;[0;39m2023-05-08 13:18:56,816 [main] &amp#27;[39mDEBUG&amp#27;[0;39m &amp#27;[36mc.g.d.z.s.o.a.hc.client5.http.wire&amp#27;[0;39m - &amp#27;[32mhttp-outgoing-1 >> "[\r][\n]"
&amp#27;[0;39m2023-05-08 13:18:56,816 [main] &amp#27;[39mDEBUG&amp#27;[0;39m &amp#27;[36mc.g.d.z.s.o.a.hc.client5.http.wire&amp#27;[0;39m - &amp#27;[32mhttp-outgoing-1 << "HTTP/1.1 200 OK[\r][\n]"
&amp#27;[0;39m2023-05-08 13:18:56,816 [main] &amp#27;[39mDEBUG&amp#27;[0;39m &amp#27;[36mc.g.d.z.s.o.a.hc.client5.http.wire&amp#27;[0;39m - &amp#27;[32mhttp-outgoing-1 << "Api-Version: 1.42[\r][\n]"
&amp#27;[0;39m2023-05-08 13:18:56,816 [main] &amp#27;[39mDEBUG&amp#27;[0;39m &amp#27;[36mc.g.d.z.s.o.a.hc.client5.http.wire&amp#27;[0;39m - &amp#27;[32mhttp-outgoing-1 << "Content-Type: application/json[\r][\n]"
&amp#27;[0;39m2023-05-08 13:18:56,816 [main] &amp#27;[39mDEBUG&amp#27;[0;39m &amp#27;[36mc.g.d.z.s.o.a.hc.client5.http.wire&amp#27;[0;39m - &amp#27;[32mhttp-outgoing-1 << "Docker-Experimental: false[\r][\n]"
&amp#27;[0;39m2023-05-08 13:18:56,816 [main] &amp#27;[39mDEBUG&amp#27;[0;39m &amp#27;[36mc.g.d.z.s.o.a.hc.client5.http.wire&amp#27;[0;39m - &amp#27;[32mhttp-outgoing-1 << "Ostype: linux[\r][\n]"
&amp#27;[0;39m2023-05-08 13:18:56,816 [main] &amp#27;[39mDEBUG&amp#27;[0;39m &amp#27;[36mc.g.d.z.s.o.a.hc.client5.http.wire&amp#27;[0;39m - &amp#27;[32mhttp-outgoing-1 << "Server: Docker/23.0.5 (linux)[\r][\n]"
&amp#27;[0;39m2023-05-08 13:18:56,816 [main] &amp#27;[39mDEBUG&amp#27;[0;39m &amp#27;[36mc.g.d.z.s.o.a.hc.client5.http.wire&amp#27;[0;39m - &amp#27;[32mhttp-outgoing-1 << "Date: Mon, 08 May 2023 11:18:56 GMT[\r][\n]"
&amp#27;[0;39m2023-05-08 13:18:56,816 [main] &amp#27;[39mDEBUG&amp#27;[0;39m &amp#27;[36mc.g.d.z.s.o.a.hc.client5.http.wire&amp#27;[0;39m - &amp#27;[32mhttp-outgoing-1 << "Transfer-Encoding: chunked[\r][\n]"
&amp#27;[0;39m2023-05-08 13:18:56,816 [main] &amp#27;[39mDEBUG&amp#27;[0;39m &amp#27;[36mc.g.d.z.s.o.a.hc.client5.http.wire&amp#27;[0;39m - &amp#27;[32mhttp-outgoing-1 << "[\r][\n]"
&amp#27;[0;39m2023-05-08 13:18:56,816 [main] &amp#27;[39mDEBUG&amp#27;[0;39m &amp#27;[36mc.g.d.z.s.o.a.hc.client5.http.wire&amp#27;[0;39m - &amp#27;[32mhttp-outgoing-1 << "1890[\r][\n]"
&amp#27;[0;39m2023-05-08 13:18:56,816 [main] &amp#27;[39mDEBUG&amp#27;[0;39m &amp#27;[36mc.g.d.z.s.o.a.hc.client5.http.wire&amp#27;[0;39m - &amp#27;[32mhttp-outgoing-1 << "{"Id":"cccfb0602d7e775562ae171a9fe0a7ec811b6906268008a84fea93151d2a7305","Created":"2023-05-08T11:18:54.120535425Z","Path":"docker-entrypoint.sh","Args":["mysqld"],"State":{"Status":"running","Running":true,"Paused":false,"Restarting":false,"OOMKilled":false,"Dead":false,"Pid":59126,"ExitCode":0,"Error":"","StartedAt":"2023-05-08T11:18:54.468577716Z","FinishedAt":"0001-01-01T00:00:00Z"},"Image":"sha256:228d71078f8ce5ae9fd96b183f88c3a90e30544b4b7ce9d64a238d05fef2a681","ResolvConfPath":"/var/lib/docker/containers/cccfb0602d7e775562ae171a9fe0a7ec811b6906268008a84fea93151d2a7305/resolv.conf","HostnamePath":"/var/lib/docker/containers/cccfb0602d7e775562ae171a9fe0a7ec811b6906268008a84fea93151d2a7305/hostname","HostsPath":"/var/lib/docker/containers/cccfb0602d7e775562ae171a9fe0a7ec811b6906268008a84fea93151d2a7305/hosts","LogPath":"/var/lib/docker/containers/cccfb0602d7e775562ae171a9fe0a7ec811b6906268008a84fea93151d2a7305/cccfb0602d7e775562ae171a9fe0a7ec811b6906268008a84fea93151d2a7305-json.log","Name":"/charming_goodall","RestartCount":0,"Driver":"overlay2","Platform":"linux","MountLabel":"","ProcessLabel":"","AppArmorProfile":"docker-default","ExecIDs":null,"HostConfig":{"Binds":[],"ContainerIDFile":"","LogConfig":{"Type":"json-file","Config":{}},"NetworkMode":"default","PortBindings":{"3306/tcp":[{"HostIp":"","HostPort":""}]},"RestartPolicy":{"Name":"","MaximumRetryCount":0},"AutoRemove":false,"VolumeDriver":"","VolumesFrom":[],"ConsoleSize":[0,0],"CapAdd":null,"CapDrop":null,"CgroupnsMode":"private","Dns":null,"DnsOptions":null,"DnsSearch":null,"ExtraHosts":[],"GroupAdd":null,"IpcMode":"shareable","Cgroup":"","Links":null,"OomScoreAdj":0,"PidMode":"","Privileged":false,"PublishAllPorts":false,"ReadonlyRootfs":false,"SecurityOpt":null,"UTSMode":"","UsernsMode":"","ShmSize":67108864,"Runtime":"runc","Isolation":"","CpuShares":0,"Memory":0,"NanoCpus":0,"CgroupParent":"","BlkioWeight":0,"BlkioWeightDevice":null,"BlkioDeviceReadBps":null,"BlkioDeviceWriteBps":null,"BlkioDeviceReadIOps":null,"BlkioDeviceWriteIOps":null,"CpuPeriod":0,"CpuQuota":0,"CpuRealtimePeriod":0,"CpuRealtimeRuntime":0,"CpusetCpus":"","CpusetMems":"","Devices":null,"DeviceCgroupRules":null,"DeviceRequests":null,"MemoryReservation":0,"MemorySwap":0,"MemorySwappiness":null,"OomKillDisable":null,"PidsLimit":null,"Ulimits":null,"CpuCount":0,"CpuPercent":0,"IOMaximumIOps":0,"IOMaximumBandwidth":0,"MaskedPaths":["/proc/asound","/proc/acpi","/proc/kcore","/proc/keys","/proc/latency_stats","/proc/timer_list","/proc/timer_stats","/proc/sched_debug","/proc/scsi","/sys/firmware"],"ReadonlyPaths":["/proc/bus","/proc/fs","/proc/irq","/proc/sys","/proc/sysrq-trigger"]},"GraphDriver":{"Data":{"LowerDir":"/var/lib/docker/overlay2/0075f27ac39799b376a3e23bf05a650eb10c8a0f9ef49be1ab61e98fd3b93dc3-init/diff:/var/lib/docker/overlay2/4c6e20f032f02b27a9272f982861dc21998197aa90d94ed3bef95d449380247c/diff:/var/lib/docker/overlay2/0c75f828f603eff839bb3ca448163ab2a8017e86625ac255cd3dbf1673ddac26/diff:/var/lib/docker/overlay2/da128d897fda75829109844ce6cd9d73d0f54c682e735100af000ce899908729/diff:/var/lib/docker/overlay2/b678a1f261bf323afba6d76d91ab7428bdd6e1ef4a39b5224e4a1afd08c0423a/diff:/var/lib/docker/overlay2/1bec43b14875c5f9f814f146e8e31aa78566689c2c163da2ac60a32254988437/diff:/var/lib/docker/overlay2/28f4b1e6e1a7a2dbe30f1f94fb42bccd85a61faf8af1fe30a5bb0d442c525e41/diff:/var/lib/docker/overlay2/0f493124464c291d7c97d2633d5dff04b1dce5de904cb40a34dfbe7fe72e3fd4/diff:/var/lib/docker/overlay2/05befbee9e38cd670e1786b3310e99796dcc06abbed970007b4109a5424843fa/diff:/var/lib/docker/overlay2/582bcca9acfc4eef25109e1e1b9c9d104f355798455bc73e855c99283887a6e8/diff:/var/lib/docker/overlay2/153b3bf0b69e97e8f0e5533414a31ca33fa530e63d174c9617621abe46e7e9d1/diff:/var/lib/docker/overlay2/bf87a76c0a38875ee6e915fd0d2527eafa880ec6bf2c1cb294959428c18d10bd/diff","MergedDir":"/var/lib/docker/overlay2/0075f27ac39799b376a3e23bf05a650eb10c8a0f9ef49be1ab61e98fd3b93dc3/merged","UpperDir":"/var/lib/docker/overlay2/0075f27ac39799b376a3e23bf05a650eb10c8a0f9ef49be1ab61e98fd3b93dc3/diff","WorkDir":"/var/lib/docker/overlay2/0075f27ac39799b376a3e23bf05a650eb10c8a0f9ef49be1ab61e98fd3b93dc3/work"},"Name":"overlay2"},"Mounts":[{"Type":"volume","Name":"ffd30c8cc7ed7bf91bc1ebef46b0f06493ce1d3121e28c37d40240bd74b844a5","Source":"/var/lib/docker/volumes/ffd30c8cc7ed7bf91bc1ebef46b0f06493ce1d3121e28c37d40240bd74b844a5/_data","Destination":"/var/lib/mysql","Driver":"local","Mode":"","RW":true,"Propagation":""}],"Config":{"Hostname":"cccfb0602d7e","Domainname":"","User":"","AttachStdin":false,"AttachStdout":false,"AttachStderr":false,"ExposedPorts":{"3306/tcp":{}},"Tty":false,"OpenStdin":false,"StdinOnce":false,"Env":["MYSQL_DATABASE=test","MYSQL_PASSWORD=test","MYSQL_USER=test","MYSQL_ROOT_PASSWORD=test","PATH=/usr/local/sbin:/usr/local/bin:/usr/sbin:/usr/bin:/sbin:/bin","GOSU_VERSION=1.7","MYSQL_MAJOR=8.0","MYSQL_VERSION=8.0.0-dmr-1debian8"],"Cmd":["mysqld"],"Image":"mysql:8.0.0","Volumes":{"/var/lib/mysql":{}},"WorkingDir":"","Entrypoint":["docker-entrypoint.sh"],"OnBuild":null,"Labels":{"org.testcontainers":"true","org.testcontainers.lang":"java","org.testcontainers.sessionId":"f1b696c1-ec3f-4f95-afa8-081853be7ccb","org.testcontainers.version":"1.18.0"}},"NetworkSettings":{"Bridge":"","SandboxID":"75a4ef0436803615aa77c8b97de3cbbdd49519261fe2b3b6cdcae9bd2b1154aa","HairpinMode":false,"LinkLocalIPv6Address":"","LinkLocalIPv6PrefixLen":0,"Ports":{"3306/tcp":[{"HostIp":"0.0.0.0","HostPort":"32781"},{"HostIp":"::","HostPort":"32781"}]},"SandboxKey":"/var/run/docker/netns/75a4ef043680","SecondaryIPAddresses":null,"SecondaryIPv6Addresses":null,"EndpointID":"de3a5c9cc9471fdbec5943d78a8803fca61208fe4021ac9d3922ee2e8ec0d135","Gateway":"172.17.0.1","GlobalIPv6Address":"","GlobalIPv6PrefixLen":0,"IPAddress":"172.17.0.3","IPPrefixLen":16,"IPv6Gateway":"","MacAddress":"02:42:ac:11:00:03","Networks":{"bridge":{"IPAMConfig":null,"Links":null,"Aliases":null,"NetworkID":"e1a078e12eb8d77b497ed932f7fb43787eeb6ff6972febd7d03c9282b8b5cd45","EndpointID":"de3a5c9cc9471fdbec5943d78a8803fca61208fe4021ac9d3922ee2e8ec0d135","Gateway":"172.17.0.1","IPAddress":"172.17.0.3","IPPrefixLen":16,"IPv6Gateway":"","GlobalIPv6Address":"","GlobalIPv6PrefixLen":0,"MacAddress":"02:42:ac:11:00:03","DriverOpts":null}}}}[\n]"
&amp#27;[0;39m2023-05-08 13:18:56,817 [main] &amp#27;[39mDEBUG&amp#27;[0;39m &amp#27;[36mc.g.d.z.s.o.a.hc.client5.http.wire&amp#27;[0;39m - &amp#27;[32mhttp-outgoing-1 << "[\r][\n]"
&amp#27;[0;39m2023-05-08 13:18:56,817 [main] &amp#27;[39mDEBUG&amp#27;[0;39m &amp#27;[36mc.g.d.z.s.o.a.hc.client5.http.wire&amp#27;[0;39m - &amp#27;[32mhttp-outgoing-1 << "0[\r][\n]"
&amp#27;[0;39m2023-05-08 13:18:56,817 [main] &amp#27;[39mDEBUG&amp#27;[0;39m &amp#27;[36mc.g.d.z.s.o.a.hc.client5.http.wire&amp#27;[0;39m - &amp#27;[32mhttp-outgoing-1 << "[\r][\n]"
&amp#27;[0;39m2023-05-08 13:18:56,817 [main] &amp#27;[39mDEBUG&amp#27;[0;39m &amp#27;[36mc.g.d.z.s.o.a.h.client5.http.headers&amp#27;[0;39m - &amp#27;[32mhttp-outgoing-1 << HTTP/1.1 200 OK
&amp#27;[0;39m2023-05-08 13:18:56,817 [main] &amp#27;[39mDEBUG&amp#27;[0;39m &amp#27;[36mc.g.d.z.s.o.a.h.client5.http.headers&amp#27;[0;39m - &amp#27;[32mhttp-outgoing-1 << Api-Version: 1.42
&amp#27;[0;39m2023-05-08 13:18:56,817 [main] &amp#27;[39mDEBUG&amp#27;[0;39m &amp#27;[36mc.g.d.z.s.o.a.h.client5.http.headers&amp#27;[0;39m - &amp#27;[32mhttp-outgoing-1 << Content-Type: application/json
&amp#27;[0;39m2023-05-08 13:18:56,817 [main] &amp#27;[39mDEBUG&amp#27;[0;39m &amp#27;[36mc.g.d.z.s.o.a.h.client5.http.headers&amp#27;[0;39m - &amp#27;[32mhttp-outgoing-1 << Docker-Experimental: false
&amp#27;[0;39m2023-05-08 13:18:56,817 [main] &amp#27;[39mDEBUG&amp#27;[0;39m &amp#27;[36mc.g.d.z.s.o.a.h.client5.http.headers&amp#27;[0;39m - &amp#27;[32mhttp-outgoing-1 << Ostype: linux
&amp#27;[0;39m2023-05-08 13:18:56,817 [main] &amp#27;[39mDEBUG&amp#27;[0;39m &amp#27;[36mc.g.d.z.s.o.a.h.client5.http.headers&amp#27;[0;39m - &amp#27;[32mhttp-outgoing-1 << Server: Docker/23.0.5 (linux)
&amp#27;[0;39m2023-05-08 13:18:56,817 [main] &amp#27;[39mDEBUG&amp#27;[0;39m &amp#27;[36mc.g.d.z.s.o.a.h.client5.http.headers&amp#27;[0;39m - &amp#27;[32mhttp-outgoing-1 << Date: Mon, 08 May 2023 11:18:56 GMT
&amp#27;[0;39m2023-05-08 13:18:56,817 [main] &amp#27;[39mDEBUG&amp#27;[0;39m &amp#27;[36mc.g.d.z.s.o.a.h.client5.http.headers&amp#27;[0;39m - &amp#27;[32mhttp-outgoing-1 << Transfer-Encoding: chunked
&amp#27;[0;39m2023-05-08 13:18:56,817 [main] &amp#27;[39mDEBUG&amp#27;[0;39m &amp#27;[36mc.g.d.z.s.o.a.h.c.h.i.c.MainClientExec&amp#27;[0;39m - &amp#27;[32mex-00000026: connection can be kept alive for 3 MINUTES
&amp#27;[0;39m2023-05-08 13:18:56,819 [main] &amp#27;[39mDEBUG&amp#27;[0;39m &amp#27;[36mc.g.d.z.s.o.a.h.c.h.i.c.InternalHttpClient&amp#27;[0;39m - &amp#27;[32mep-00000025: releasing valid endpoint
&amp#27;[0;39m2023-05-08 13:18:56,819 [main] &amp#27;[39mDEBUG&amp#27;[0;39m &amp#27;[36mc.g.d.z.s.o.a.h.c.h.i.i.PoolingHttpClientConnectionManager&amp#27;[0;39m - &amp#27;[32mep-00000025: releasing endpoint
&amp#27;[0;39m2023-05-08 13:18:56,819 [main] &amp#27;[39mDEBUG&amp#27;[0;39m &amp#27;[36mc.g.d.z.s.o.a.h.c.h.i.i.PoolingHttpClientConnectionManager&amp#27;[0;39m - &amp#27;[32mep-00000025: connection http-outgoing-1 can be kept alive for 3 MINUTES
&amp#27;[0;39m2023-05-08 13:18:56,819 [main] &amp#27;[39mDEBUG&amp#27;[0;39m &amp#27;[36mc.g.d.z.s.o.a.h.c.h.i.i.PoolingHttpClientConnectionManager&amp#27;[0;39m - &amp#27;[32mep-00000025: connection released [route: {}->unix://localhost:2375][total available: 1; route allocated: 1 of 2147483647; total allocated: 1 of 2147483647]
&amp#27;[0;39m2023-05-08 13:18:56,819 [main] &amp#27;[39mDEBUG&amp#27;[0;39m &amp#27;[36mtc.mysql:8.0.0&amp#27;[0;39m - &amp#27;[32mTrying to create JDBC connection using com.mysql.cj.jdbc.Driver to jdbc:mysql://localhost:32781/test?useSSL=false&allowPublicKeyRetrieval=true with properties: {password=test, user=test}
&amp#27;[0;39m2023-05-08 13:18:56,921 [main] &amp#27;[39mDEBUG&amp#27;[0;39m &amp#27;[36mo.t.s.c.g.d.c.command.AbstrDockerCmd&amp#27;[0;39m - &amp#27;[32mCmd: cccfb0602d7e775562ae171a9fe0a7ec811b6906268008a84fea93151d2a7305,false
&amp#27;[0;39m2023-05-08 13:18:56,921 [main] &amp#27;[39mDEBUG&amp#27;[0;39m &amp#27;[36mo.t.s.c.g.d.c.e.InspectContainerCmdExec&amp#27;[0;39m - &amp#27;[32mGET: DefaultWebTarget{path=[/containers/cccfb0602d7e775562ae171a9fe0a7ec811b6906268008a84fea93151d2a7305/json], queryParams={}}
&amp#27;[0;39m2023-05-08 13:18:56,922 [main] &amp#27;[39mDEBUG&amp#27;[0;39m &amp#27;[36mc.g.d.z.s.o.a.h.c.h.i.c.InternalHttpClient&amp#27;[0;39m - &amp#27;[32mex-00000027: preparing request execution
&amp#27;[0;39m2023-05-08 13:18:56,922 [main] &amp#27;[39mDEBUG&amp#27;[0;39m &amp#27;[36mc.g.d.z.s.o.a.h.c.h.p.RequestAddCookies&amp#27;[0;39m - &amp#27;[32mCookie spec selected: strict
&amp#27;[0;39m2023-05-08 13:18:56,922 [main] &amp#27;[39mDEBUG&amp#27;[0;39m &amp#27;[36mc.g.d.z.s.o.a.h.c.h.p.RequestAuthCache&amp#27;[0;39m - &amp#27;[32mAuth cache not set in the context
&amp#27;[0;39m2023-05-08 13:18:56,922 [main] &amp#27;[39mDEBUG&amp#27;[0;39m &amp#27;[36mc.g.d.z.s.o.a.h.c.h.i.c.ProtocolExec&amp#27;[0;39m - &amp#27;[32mex-00000027: target auth state: UNCHALLENGED
&amp#27;[0;39m2023-05-08 13:18:56,922 [main] &amp#27;[39mDEBUG&amp#27;[0;39m &amp#27;[36mc.g.d.z.s.o.a.h.c.h.i.c.ProtocolExec&amp#27;[0;39m - &amp#27;[32mex-00000027: proxy auth state: UNCHALLENGED
&amp#27;[0;39m2023-05-08 13:18:56,922 [main] &amp#27;[39mDEBUG&amp#27;[0;39m &amp#27;[36mc.g.d.z.s.o.a.h.c.h.i.c.ConnectExec&amp#27;[0;39m - &amp#27;[32mex-00000027: acquiring connection with route {}->unix://localhost:2375
&amp#27;[0;39m2023-05-08 13:18:56,922 [main] &amp#27;[39mDEBUG&amp#27;[0;39m &amp#27;[36mc.g.d.z.s.o.a.h.c.h.i.c.InternalHttpClient&amp#27;[0;39m - &amp#27;[32mex-00000027: acquiring endpoint (3 MINUTES)
&amp#27;[0;39m2023-05-08 13:18:56,922 [main] &amp#27;[39mDEBUG&amp#27;[0;39m &amp#27;[36mc.g.d.z.s.o.a.h.c.h.i.i.PoolingHttpClientConnectionManager&amp#27;[0;39m - &amp#27;[32mex-00000027: endpoint lease request (3 MINUTES) [route: {}->unix://localhost:2375][total available: 1; route allocated: 1 of 2147483647; total allocated: 1 of 2147483647]
&amp#27;[0;39m2023-05-08 13:18:56,922 [main] &amp#27;[39mDEBUG&amp#27;[0;39m &amp#27;[36mc.g.d.z.s.o.a.h.c.h.i.i.PoolingHttpClientConnectionManager&amp#27;[0;39m - &amp#27;[32mex-00000027: endpoint leased [route: {}->unix://localhost:2375][total available: 0; route allocated: 1 of 2147483647; total allocated: 1 of 2147483647]
&amp#27;[0;39m2023-05-08 13:18:56,922 [main] &amp#27;[39mDEBUG&amp#27;[0;39m &amp#27;[36mc.g.d.z.s.o.a.h.c.h.i.i.PoolingHttpClientConnectionManager&amp#27;[0;39m - &amp#27;[32mex-00000027: acquired ep-00000026
&amp#27;[0;39m2023-05-08 13:18:56,922 [main] &amp#27;[39mDEBUG&amp#27;[0;39m &amp#27;[36mc.g.d.z.s.o.a.h.c.h.i.c.InternalHttpClient&amp#27;[0;39m - &amp#27;[32mex-00000027: acquired endpoint ep-00000026
&amp#27;[0;39m2023-05-08 13:18:56,922 [main] &amp#27;[39mDEBUG&amp#27;[0;39m &amp#27;[36mc.g.d.z.s.o.a.h.c.h.i.c.MainClientExec&amp#27;[0;39m - &amp#27;[32mex-00000027: executing GET /v1.32/containers/cccfb0602d7e775562ae171a9fe0a7ec811b6906268008a84fea93151d2a7305/json HTTP/1.1
&amp#27;[0;39m2023-05-08 13:18:56,922 [main] &amp#27;[39mDEBUG&amp#27;[0;39m &amp#27;[36mc.g.d.z.s.o.a.h.c.h.i.c.InternalHttpClient&amp#27;[0;39m - &amp#27;[32mep-00000026: start execution ex-00000027
&amp#27;[0;39m2023-05-08 13:18:56,922 [main] &amp#27;[39mDEBUG&amp#27;[0;39m &amp#27;[36mc.g.d.z.s.o.a.h.c.h.i.i.PoolingHttpClientConnectionManager&amp#27;[0;39m - &amp#27;[32mep-00000026: executing exchange ex-00000027 over http-outgoing-1
&amp#27;[0;39m2023-05-08 13:18:56,922 [main] &amp#27;[39mDEBUG&amp#27;[0;39m &amp#27;[36mc.g.d.z.s.o.a.h.client5.http.headers&amp#27;[0;39m - &amp#27;[32mhttp-outgoing-1 >> GET /v1.32/containers/cccfb0602d7e775562ae171a9fe0a7ec811b6906268008a84fea93151d2a7305/json HTTP/1.1
&amp#27;[0;39m2023-05-08 13:18:56,922 [main] &amp#27;[39mDEBUG&amp#27;[0;39m &amp#27;[36mc.g.d.z.s.o.a.h.client5.http.headers&amp#27;[0;39m - &amp#27;[32mhttp-outgoing-1 >> accept: application/json
&amp#27;[0;39m2023-05-08 13:18:56,922 [main] &amp#27;[39mDEBUG&amp#27;[0;39m &amp#27;[36mc.g.d.z.s.o.a.h.client5.http.headers&amp#27;[0;39m - &amp#27;[32mhttp-outgoing-1 >> x-tc-sid: f1b696c1-ec3f-4f95-afa8-081853be7ccb
&amp#27;[0;39m2023-05-08 13:18:56,922 [main] &amp#27;[39mDEBUG&amp#27;[0;39m &amp#27;[36mc.g.d.z.s.o.a.h.client5.http.headers&amp#27;[0;39m - &amp#27;[32mhttp-outgoing-1 >> Accept-Encoding: gzip, x-gzip, deflate
&amp#27;[0;39m2023-05-08 13:18:56,922 [main] &amp#27;[39mDEBUG&amp#27;[0;39m &amp#27;[36mc.g.d.z.s.o.a.h.client5.http.headers&amp#27;[0;39m - &amp#27;[32mhttp-outgoing-1 >> Host: localhost:2375
&amp#27;[0;39m2023-05-08 13:18:56,922 [main] &amp#27;[39mDEBUG&amp#27;[0;39m &amp#27;[36mc.g.d.z.s.o.a.h.client5.http.headers&amp#27;[0;39m - &amp#27;[32mhttp-outgoing-1 >> Connection: keep-alive
&amp#27;[0;39m2023-05-08 13:18:56,922 [main] &amp#27;[39mDEBUG&amp#27;[0;39m &amp#27;[36mc.g.d.z.s.o.a.h.client5.http.headers&amp#27;[0;39m - &amp#27;[32mhttp-outgoing-1 >> User-Agent: Apache-HttpClient/5.0.3 (Java/17.0.6)
&amp#27;[0;39m2023-05-08 13:18:56,922 [main] &amp#27;[39mDEBUG&amp#27;[0;39m &amp#27;[36mc.g.d.z.s.o.a.hc.client5.http.wire&amp#27;[0;39m - &amp#27;[32mhttp-outgoing-1 >> "GET /v1.32/containers/cccfb0602d7e775562ae171a9fe0a7ec811b6906268008a84fea93151d2a7305/json HTTP/1.1[\r][\n]"
&amp#27;[0;39m2023-05-08 13:18:56,922 [main] &amp#27;[39mDEBUG&amp#27;[0;39m &amp#27;[36mc.g.d.z.s.o.a.hc.client5.http.wire&amp#27;[0;39m - &amp#27;[32mhttp-outgoing-1 >> "accept: application/json[\r][\n]"
&amp#27;[0;39m2023-05-08 13:18:56,922 [main] &amp#27;[39mDEBUG&amp#27;[0;39m &amp#27;[36mc.g.d.z.s.o.a.hc.client5.http.wire&amp#27;[0;39m - &amp#27;[32mhttp-outgoing-1 >> "x-tc-sid: f1b696c1-ec3f-4f95-afa8-081853be7ccb[\r][\n]"
&amp#27;[0;39m2023-05-08 13:18:56,922 [main] &amp#27;[39mDEBUG&amp#27;[0;39m &amp#27;[36mc.g.d.z.s.o.a.hc.client5.http.wire&amp#27;[0;39m - &amp#27;[32mhttp-outgoing-1 >> "Accept-Encoding: gzip, x-gzip, deflate[\r][\n]"
&amp#27;[0;39m2023-05-08 13:18:56,922 [main] &amp#27;[39mDEBUG&amp#27;[0;39m &amp#27;[36mc.g.d.z.s.o.a.hc.client5.http.wire&amp#27;[0;39m - &amp#27;[32mhttp-outgoing-1 >> "Host: localhost:2375[\r][\n]"
&amp#27;[0;39m2023-05-08 13:18:56,922 [main] &amp#27;[39mDEBUG&amp#27;[0;39m &amp#27;[36mc.g.d.z.s.o.a.hc.client5.http.wire&amp#27;[0;39m - &amp#27;[32mhttp-outgoing-1 >> "Connection: keep-alive[\r][\n]"
&amp#27;[0;39m2023-05-08 13:18:56,922 [main] &amp#27;[39mDEBUG&amp#27;[0;39m &amp#27;[36mc.g.d.z.s.o.a.hc.client5.http.wire&amp#27;[0;39m - &amp#27;[32mhttp-outgoing-1 >> "User-Agent: Apache-HttpClient/5.0.3 (Java/17.0.6)[\r][\n]"
&amp#27;[0;39m2023-05-08 13:18:56,922 [main] &amp#27;[39mDEBUG&amp#27;[0;39m &amp#27;[36mc.g.d.z.s.o.a.hc.client5.http.wire&amp#27;[0;39m - &amp#27;[32mhttp-outgoing-1 >> "[\r][\n]"
&amp#27;[0;39m2023-05-08 13:18:56,923 [main] &amp#27;[39mDEBUG&amp#27;[0;39m &amp#27;[36mc.g.d.z.s.o.a.hc.client5.http.wire&amp#27;[0;39m - &amp#27;[32mhttp-outgoing-1 << "HTTP/1.1 200 OK[\r][\n]"
&amp#27;[0;39m2023-05-08 13:18:56,923 [main] &amp#27;[39mDEBUG&amp#27;[0;39m &amp#27;[36mc.g.d.z.s.o.a.hc.client5.http.wire&amp#27;[0;39m - &amp#27;[32mhttp-outgoing-1 << "Api-Version: 1.42[\r][\n]"
&amp#27;[0;39m2023-05-08 13:18:56,923 [main] &amp#27;[39mDEBUG&amp#27;[0;39m &amp#27;[36mc.g.d.z.s.o.a.hc.client5.http.wire&amp#27;[0;39m - &amp#27;[32mhttp-outgoing-1 << "Content-Type: application/json[\r][\n]"
&amp#27;[0;39m2023-05-08 13:18:56,923 [main] &amp#27;[39mDEBUG&amp#27;[0;39m &amp#27;[36mc.g.d.z.s.o.a.hc.client5.http.wire&amp#27;[0;39m - &amp#27;[32mhttp-outgoing-1 << "Docker-Experimental: false[\r][\n]"
&amp#27;[0;39m2023-05-08 13:18:56,923 [main] &amp#27;[39mDEBUG&amp#27;[0;39m &amp#27;[36mc.g.d.z.s.o.a.hc.client5.http.wire&amp#27;[0;39m - &amp#27;[32mhttp-outgoing-1 << "Ostype: linux[\r][\n]"
&amp#27;[0;39m2023-05-08 13:18:56,923 [main] &amp#27;[39mDEBUG&amp#27;[0;39m &amp#27;[36mc.g.d.z.s.o.a.hc.client5.http.wire&amp#27;[0;39m - &amp#27;[32mhttp-outgoing-1 << "Server: Docker/23.0.5 (linux)[\r][\n]"
&amp#27;[0;39m2023-05-08 13:18:56,923 [main] &amp#27;[39mDEBUG&amp#27;[0;39m &amp#27;[36mc.g.d.z.s.o.a.hc.client5.http.wire&amp#27;[0;39m - &amp#27;[32mhttp-outgoing-1 << "Date: Mon, 08 May 2023 11:18:56 GMT[\r][\n]"
&amp#27;[0;39m2023-05-08 13:18:56,923 [main] &amp#27;[39mDEBUG&amp#27;[0;39m &amp#27;[36mc.g.d.z.s.o.a.hc.client5.http.wire&amp#27;[0;39m - &amp#27;[32mhttp-outgoing-1 << "Transfer-Encoding: chunked[\r][\n]"
&amp#27;[0;39m2023-05-08 13:18:56,923 [main] &amp#27;[39mDEBUG&amp#27;[0;39m &amp#27;[36mc.g.d.z.s.o.a.hc.client5.http.wire&amp#27;[0;39m - &amp#27;[32mhttp-outgoing-1 << "[\r][\n]"
&amp#27;[0;39m2023-05-08 13:18:56,923 [main] &amp#27;[39mDEBUG&amp#27;[0;39m &amp#27;[36mc.g.d.z.s.o.a.hc.client5.http.wire&amp#27;[0;39m - &amp#27;[32mhttp-outgoing-1 << "1890[\r][\n]"
&amp#27;[0;39m2023-05-08 13:18:56,923 [main] &amp#27;[39mDEBUG&amp#27;[0;39m &amp#27;[36mc.g.d.z.s.o.a.hc.client5.http.wire&amp#27;[0;39m - &amp#27;[32mhttp-outgoing-1 << "{"Id":"cccfb0602d7e775562ae171a9fe0a7ec811b6906268008a84fea93151d2a7305","Created":"2023-05-08T11:18:54.120535425Z","Path":"docker-entrypoint.sh","Args":["mysqld"],"State":{"Status":"running","Running":true,"Paused":false,"Restarting":false,"OOMKilled":false,"Dead":false,"Pid":59126,"ExitCode":0,"Error":"","StartedAt":"2023-05-08T11:18:54.468577716Z","FinishedAt":"0001-01-01T00:00:00Z"},"Image":"sha256:228d71078f8ce5ae9fd96b183f88c3a90e30544b4b7ce9d64a238d05fef2a681","ResolvConfPath":"/var/lib/docker/containers/cccfb0602d7e775562ae171a9fe0a7ec811b6906268008a84fea93151d2a7305/resolv.conf","HostnamePath":"/var/lib/docker/containers/cccfb0602d7e775562ae171a9fe0a7ec811b6906268008a84fea93151d2a7305/hostname","HostsPath":"/var/lib/docker/containers/cccfb0602d7e775562ae171a9fe0a7ec811b6906268008a84fea93151d2a7305/hosts","LogPath":"/var/lib/docker/containers/cccfb0602d7e775562ae171a9fe0a7ec811b6906268008a84fea93151d2a7305/cccfb0602d7e775562ae171a9fe0a7ec811b6906268008a84fea93151d2a7305-json.log","Name":"/charming_goodall","RestartCount":0,"Driver":"overlay2","Platform":"linux","MountLabel":"","ProcessLabel":"","AppArmorProfile":"docker-default","ExecIDs":null,"HostConfig":{"Binds":[],"ContainerIDFile":"","LogConfig":{"Type":"json-file","Config":{}},"NetworkMode":"default","PortBindings":{"3306/tcp":[{"HostIp":"","HostPort":""}]},"RestartPolicy":{"Name":"","MaximumRetryCount":0},"AutoRemove":false,"VolumeDriver":"","VolumesFrom":[],"ConsoleSize":[0,0],"CapAdd":null,"CapDrop":null,"CgroupnsMode":"private","Dns":null,"DnsOptions":null,"DnsSearch":null,"ExtraHosts":[],"GroupAdd":null,"IpcMode":"shareable","Cgroup":"","Links":null,"OomScoreAdj":0,"PidMode":"","Privileged":false,"PublishAllPorts":false,"ReadonlyRootfs":false,"SecurityOpt":null,"UTSMode":"","UsernsMode":"","ShmSize":67108864,"Runtime":"runc","Isolation":"","CpuShares":0,"Memory":0,"NanoCpus":0,"CgroupParent":"","BlkioWeight":0,"BlkioWeightDevice":null,"BlkioDeviceReadBps":null,"BlkioDeviceWriteBps":null,"BlkioDeviceReadIOps":null,"BlkioDeviceWriteIOps":null,"CpuPeriod":0,"CpuQuota":0,"CpuRealtimePeriod":0,"CpuRealtimeRuntime":0,"CpusetCpus":"","CpusetMems":"","Devices":null,"DeviceCgroupRules":null,"DeviceRequests":null,"MemoryReservation":0,"MemorySwap":0,"MemorySwappiness":null,"OomKillDisable":null,"PidsLimit":null,"Ulimits":null,"CpuCount":0,"CpuPercent":0,"IOMaximumIOps":0,"IOMaximumBandwidth":0,"MaskedPaths":["/proc/asound","/proc/acpi","/proc/kcore","/proc/keys","/proc/latency_stats","/proc/timer_list","/proc/timer_stats","/proc/sched_debug","/proc/scsi","/sys/firmware"],"ReadonlyPaths":["/proc/bus","/proc/fs","/proc/irq","/proc/sys","/proc/sysrq-trigger"]},"GraphDriver":{"Data":{"LowerDir":"/var/lib/docker/overlay2/0075f27ac39799b376a3e23bf05a650eb10c8a0f9ef49be1ab61e98fd3b93dc3-init/diff:/var/lib/docker/overlay2/4c6e20f032f02b27a9272f982861dc21998197aa90d94ed3bef95d449380247c/diff:/var/lib/docker/overlay2/0c75f828f603eff839bb3ca448163ab2a8017e86625ac255cd3dbf1673ddac26/diff:/var/lib/docker/overlay2/da128d897fda75829109844ce6cd9d73d0f54c682e735100af000ce899908729/diff:/var/lib/docker/overlay2/b678a1f261bf323afba6d76d91ab7428bdd6e1ef4a39b5224e4a1afd08c0423a/diff:/var/lib/docker/overlay2/1bec43b14875c5f9f814f146e8e31aa78566689c2c163da2ac60a32254988437/diff:/var/lib/docker/overlay2/28f4b1e6e1a7a2dbe30f1f94fb42bccd85a61faf8af1fe30a5bb0d442c525e41/diff:/var/lib/docker/overlay2/0f493124464c291d7c97d2633d5dff04b1dce5de904cb40a34dfbe7fe72e3fd4/diff:/var/lib/docker/overlay2/05befbee9e38cd670e1786b3310e99796dcc06abbed970007b4109a5424843fa/diff:/var/lib/docker/overlay2/582bcca9acfc4eef25109e1e1b9c9d104f355798455bc73e855c99283887a6e8/diff:/var/lib/docker/overlay2/153b3bf0b69e97e8f0e5533414a31ca33fa530e63d174c9617621abe46e7e9d1/diff:/var/lib/docker/overlay2/bf87a76c0a38875ee6e915fd0d2527eafa880ec6bf2c1cb294959428c18d10bd/diff","MergedDir":"/var/lib/docker/overlay2/0075f27ac39799b376a3e23bf05a650eb10c8a0f9ef49be1ab61e98fd3b93dc3/merged","UpperDir":"/var/lib/docker/overlay2/0075f27ac39799b376a3e23bf05a650eb10c8a0f9ef49be1ab61e98fd3b93dc3/diff","WorkDir":"/var/lib/docker/overlay2/0075f27ac39799b376a3e23bf05a650eb10c8a0f9ef49be1ab61e98fd3b93dc3/work"},"Name":"overlay2"},"Mounts":[{"Type":"volume","Name":"ffd30c8cc7ed7bf91bc1ebef46b0f06493ce1d3121e28c37d40240bd74b844a5","Source":"/var/lib/docker/volumes/ffd30c8cc7ed7bf91bc1ebef46b0f06493ce1d3121e28c37d40240bd74b844a5/_data","Destination":"/var/lib/mysql","Driver":"local","Mode":"","RW":true,"Propagation":""}],"Config":{"Hostname":"cccfb0602d7e","Domainname":"","User":"","AttachStdin":false,"AttachStdout":false,"AttachStderr":false,"ExposedPorts":{"3306/tcp":{}},"Tty":false,"OpenStdin":false,"StdinOnce":false,"Env":["MYSQL_DATABASE=test","MYSQL_PASSWORD=test","MYSQL_USER=test","MYSQL_ROOT_PASSWORD=test","PATH=/usr/local/sbin:/usr/local/bin:/usr/sbin:/usr/bin:/sbin:/bin","GOSU_VERSION=1.7","MYSQL_MAJOR=8.0","MYSQL_VERSION=8.0.0-dmr-1debian8"],"Cmd":["mysqld"],"Image":"mysql:8.0.0","Volumes":{"/var/lib/mysql":{}},"WorkingDir":"","Entrypoint":["docker-entrypoint.sh"],"OnBuild":null,"Labels":{"org.testcontainers":"true","org.testcontainers.lang":"java","org.testcontainers.sessionId":"f1b696c1-ec3f-4f95-afa8-081853be7ccb","org.testcontainers.version":"1.18.0"}},"NetworkSettings":{"Bridge":"","SandboxID":"75a4ef0436803615aa77c8b97de3cbbdd49519261fe2b3b6cdcae9bd2b1154aa","HairpinMode":false,"LinkLocalIPv6Address":"","LinkLocalIPv6PrefixLen":0,"Ports":{"3306/tcp":[{"HostIp":"0.0.0.0","HostPort":"32781"},{"HostIp":"::","HostPort":"32781"}]},"SandboxKey":"/var/run/docker/netns/75a4ef043680","SecondaryIPAddresses":null,"SecondaryIPv6Addresses":null,"EndpointID":"de3a5c9cc9471fdbec5943d78a8803fca61208fe4021ac9d3922ee2e8ec0d135","Gateway":"172.17.0.1","GlobalIPv6Address":"","GlobalIPv6PrefixLen":0,"IPAddress":"172.17.0.3","IPPrefixLen":16,"IPv6Gateway":"","MacAddress":"02:42:ac:11:00:03","Networks":{"bridge":{"IPAMConfig":null,"Links":null,"Aliases":null,"NetworkID":"e1a078e12eb8d77b497ed932f7fb43787eeb6ff6972febd7d03c9282b8b5cd45","EndpointID":"de3a5c9cc9471fdbec5943d78a8803fca61208fe4021ac9d3922ee2e8ec0d135","Gateway":"172.17.0.1","IPAddress":"172.17.0.3","IPPrefixLen":16,"IPv6Gateway":"","GlobalIPv6Address":"","GlobalIPv6PrefixLen":0,"MacAddress":"02:42:ac:11:00:03","DriverOpts":null}}}}[\n]"
&amp#27;[0;39m2023-05-08 13:18:56,923 [main] &amp#27;[39mDEBUG&amp#27;[0;39m &amp#27;[36mc.g.d.z.s.o.a.hc.client5.http.wire&amp#27;[0;39m - &amp#27;[32mhttp-outgoing-1 << "[\r][\n]"
&amp#27;[0;39m2023-05-08 13:18:56,923 [main] &amp#27;[39mDEBUG&amp#27;[0;39m &amp#27;[36mc.g.d.z.s.o.a.hc.client5.http.wire&amp#27;[0;39m - &amp#27;[32mhttp-outgoing-1 << "0[\r][\n]"
&amp#27;[0;39m2023-05-08 13:18:56,923 [main] &amp#27;[39mDEBUG&amp#27;[0;39m &amp#27;[36mc.g.d.z.s.o.a.hc.client5.http.wire&amp#27;[0;39m - &amp#27;[32mhttp-outgoing-1 << "[\r][\n]"
&amp#27;[0;39m2023-05-08 13:18:56,923 [main] &amp#27;[39mDEBUG&amp#27;[0;39m &amp#27;[36mc.g.d.z.s.o.a.h.client5.http.headers&amp#27;[0;39m - &amp#27;[32mhttp-outgoing-1 << HTTP/1.1 200 OK
&amp#27;[0;39m2023-05-08 13:18:56,923 [main] &amp#27;[39mDEBUG&amp#27;[0;39m &amp#27;[36mc.g.d.z.s.o.a.h.client5.http.headers&amp#27;[0;39m - &amp#27;[32mhttp-outgoing-1 << Api-Version: 1.42
&amp#27;[0;39m2023-05-08 13:18:56,923 [main] &amp#27;[39mDEBUG&amp#27;[0;39m &amp#27;[36mc.g.d.z.s.o.a.h.client5.http.headers&amp#27;[0;39m - &amp#27;[32mhttp-outgoing-1 << Content-Type: application/json
&amp#27;[0;39m2023-05-08 13:18:56,923 [main] &amp#27;[39mDEBUG&amp#27;[0;39m &amp#27;[36mc.g.d.z.s.o.a.h.client5.http.headers&amp#27;[0;39m - &amp#27;[32mhttp-outgoing-1 << Docker-Experimental: false
&amp#27;[0;39m2023-05-08 13:18:56,923 [main] &amp#27;[39mDEBUG&amp#27;[0;39m &amp#27;[36mc.g.d.z.s.o.a.h.client5.http.headers&amp#27;[0;39m - &amp#27;[32mhttp-outgoing-1 << Ostype: linux
&amp#27;[0;39m2023-05-08 13:18:56,923 [main] &amp#27;[39mDEBUG&amp#27;[0;39m &amp#27;[36mc.g.d.z.s.o.a.h.client5.http.headers&amp#27;[0;39m - &amp#27;[32mhttp-outgoing-1 << Server: Docker/23.0.5 (linux)
&amp#27;[0;39m2023-05-08 13:18:56,923 [main] &amp#27;[39mDEBUG&amp#27;[0;39m &amp#27;[36mc.g.d.z.s.o.a.h.client5.http.headers&amp#27;[0;39m - &amp#27;[32mhttp-outgoing-1 << Date: Mon, 08 May 2023 11:18:56 GMT
&amp#27;[0;39m2023-05-08 13:18:56,923 [main] &amp#27;[39mDEBUG&amp#27;[0;39m &amp#27;[36mc.g.d.z.s.o.a.h.client5.http.headers&amp#27;[0;39m - &amp#27;[32mhttp-outgoing-1 << Transfer-Encoding: chunked
&amp#27;[0;39m2023-05-08 13:18:56,923 [main] &amp#27;[39mDEBUG&amp#27;[0;39m &amp#27;[36mc.g.d.z.s.o.a.h.c.h.i.c.MainClientExec&amp#27;[0;39m - &amp#27;[32mex-00000027: connection can be kept alive for 3 MINUTES
&amp#27;[0;39m2023-05-08 13:18:56,924 [main] &amp#27;[39mDEBUG&amp#27;[0;39m &amp#27;[36mc.g.d.z.s.o.a.h.c.h.i.c.InternalHttpClient&amp#27;[0;39m - &amp#27;[32mep-00000026: releasing valid endpoint
&amp#27;[0;39m2023-05-08 13:18:56,924 [main] &amp#27;[39mDEBUG&amp#27;[0;39m &amp#27;[36mc.g.d.z.s.o.a.h.c.h.i.i.PoolingHttpClientConnectionManager&amp#27;[0;39m - &amp#27;[32mep-00000026: releasing endpoint
&amp#27;[0;39m2023-05-08 13:18:56,924 [main] &amp#27;[39mDEBUG&amp#27;[0;39m &amp#27;[36mc.g.d.z.s.o.a.h.c.h.i.i.PoolingHttpClientConnectionManager&amp#27;[0;39m - &amp#27;[32mep-00000026: connection http-outgoing-1 can be kept alive for 3 MINUTES
&amp#27;[0;39m2023-05-08 13:18:56,924 [main] &amp#27;[39mDEBUG&amp#27;[0;39m &amp#27;[36mc.g.d.z.s.o.a.h.c.h.i.i.PoolingHttpClientConnectionManager&amp#27;[0;39m - &amp#27;[32mep-00000026: connection released [route: {}->unix://localhost:2375][total available: 1; route allocated: 1 of 2147483647; total allocated: 1 of 2147483647]
&amp#27;[0;39m2023-05-08 13:18:56,924 [main] &amp#27;[39mDEBUG&amp#27;[0;39m &amp#27;[36mtc.mysql:8.0.0&amp#27;[0;39m - &amp#27;[32mTrying to create JDBC connection using com.mysql.cj.jdbc.Driver to jdbc:mysql://localhost:32781/test?useSSL=false&allowPublicKeyRetrieval=true with properties: {password=test, user=test}
&amp#27;[0;39m2023-05-08 13:18:57,026 [main] &amp#27;[39mDEBUG&amp#27;[0;39m &amp#27;[36mo.t.s.c.g.d.c.command.AbstrDockerCmd&amp#27;[0;39m - &amp#27;[32mCmd: cccfb0602d7e775562ae171a9fe0a7ec811b6906268008a84fea93151d2a7305,false
&amp#27;[0;39m2023-05-08 13:18:57,026 [main] &amp#27;[39mDEBUG&amp#27;[0;39m &amp#27;[36mo.t.s.c.g.d.c.e.InspectContainerCmdExec&amp#27;[0;39m - &amp#27;[32mGET: DefaultWebTarget{path=[/containers/cccfb0602d7e775562ae171a9fe0a7ec811b6906268008a84fea93151d2a7305/json], queryParams={}}
&amp#27;[0;39m2023-05-08 13:18:57,026 [main] &amp#27;[39mDEBUG&amp#27;[0;39m &amp#27;[36mc.g.d.z.s.o.a.h.c.h.i.c.InternalHttpClient&amp#27;[0;39m - &amp#27;[32mex-00000028: preparing request execution
&amp#27;[0;39m2023-05-08 13:18:57,026 [main] &amp#27;[39mDEBUG&amp#27;[0;39m &amp#27;[36mc.g.d.z.s.o.a.h.c.h.p.RequestAddCookies&amp#27;[0;39m - &amp#27;[32mCookie spec selected: strict
&amp#27;[0;39m2023-05-08 13:18:57,026 [main] &amp#27;[39mDEBUG&amp#27;[0;39m &amp#27;[36mc.g.d.z.s.o.a.h.c.h.p.RequestAuthCache&amp#27;[0;39m - &amp#27;[32mAuth cache not set in the context
&amp#27;[0;39m2023-05-08 13:18:57,027 [main] &amp#27;[39mDEBUG&amp#27;[0;39m &amp#27;[36mc.g.d.z.s.o.a.h.c.h.i.c.ProtocolExec&amp#27;[0;39m - &amp#27;[32mex-00000028: target auth state: UNCHALLENGED
&amp#27;[0;39m2023-05-08 13:18:57,027 [main] &amp#27;[39mDEBUG&amp#27;[0;39m &amp#27;[36mc.g.d.z.s.o.a.h.c.h.i.c.ProtocolExec&amp#27;[0;39m - &amp#27;[32mex-00000028: proxy auth state: UNCHALLENGED
&amp#27;[0;39m2023-05-08 13:18:57,027 [main] &amp#27;[39mDEBUG&amp#27;[0;39m &amp#27;[36mc.g.d.z.s.o.a.h.c.h.i.c.ConnectExec&amp#27;[0;39m - &amp#27;[32mex-00000028: acquiring connection with route {}->unix://localhost:2375
&amp#27;[0;39m2023-05-08 13:18:57,027 [main] &amp#27;[39mDEBUG&amp#27;[0;39m &amp#27;[36mc.g.d.z.s.o.a.h.c.h.i.c.InternalHttpClient&amp#27;[0;39m - &amp#27;[32mex-00000028: acquiring endpoint (3 MINUTES)
&amp#27;[0;39m2023-05-08 13:18:57,027 [main] &amp#27;[39mDEBUG&amp#27;[0;39m &amp#27;[36mc.g.d.z.s.o.a.h.c.h.i.i.PoolingHttpClientConnectionManager&amp#27;[0;39m - &amp#27;[32mex-00000028: endpoint lease request (3 MINUTES) [route: {}->unix://localhost:2375][total available: 1; route allocated: 1 of 2147483647; total allocated: 1 of 2147483647]
&amp#27;[0;39m2023-05-08 13:18:57,027 [main] &amp#27;[39mDEBUG&amp#27;[0;39m &amp#27;[36mc.g.d.z.s.o.a.h.c.h.i.i.PoolingHttpClientConnectionManager&amp#27;[0;39m - &amp#27;[32mex-00000028: endpoint leased [route: {}->unix://localhost:2375][total available: 0; route allocated: 1 of 2147483647; total allocated: 1 of 2147483647]
&amp#27;[0;39m2023-05-08 13:18:57,027 [main] &amp#27;[39mDEBUG&amp#27;[0;39m &amp#27;[36mc.g.d.z.s.o.a.h.c.h.i.i.PoolingHttpClientConnectionManager&amp#27;[0;39m - &amp#27;[32mex-00000028: acquired ep-00000027
&amp#27;[0;39m2023-05-08 13:18:57,027 [main] &amp#27;[39mDEBUG&amp#27;[0;39m &amp#27;[36mc.g.d.z.s.o.a.h.c.h.i.c.InternalHttpClient&amp#27;[0;39m - &amp#27;[32mex-00000028: acquired endpoint ep-00000027
&amp#27;[0;39m2023-05-08 13:18:57,027 [main] &amp#27;[39mDEBUG&amp#27;[0;39m &amp#27;[36mc.g.d.z.s.o.a.h.c.h.i.c.MainClientExec&amp#27;[0;39m - &amp#27;[32mex-00000028: executing GET /v1.32/containers/cccfb0602d7e775562ae171a9fe0a7ec811b6906268008a84fea93151d2a7305/json HTTP/1.1
&amp#27;[0;39m2023-05-08 13:18:57,027 [main] &amp#27;[39mDEBUG&amp#27;[0;39m &amp#27;[36mc.g.d.z.s.o.a.h.c.h.i.c.InternalHttpClient&amp#27;[0;39m - &amp#27;[32mep-00000027: start execution ex-00000028
&amp#27;[0;39m2023-05-08 13:18:57,027 [main] &amp#27;[39mDEBUG&amp#27;[0;39m &amp#27;[36mc.g.d.z.s.o.a.h.c.h.i.i.PoolingHttpClientConnectionManager&amp#27;[0;39m - &amp#27;[32mep-00000027: executing exchange ex-00000028 over http-outgoing-1
&amp#27;[0;39m2023-05-08 13:18:57,027 [main] &amp#27;[39mDEBUG&amp#27;[0;39m &amp#27;[36mc.g.d.z.s.o.a.h.client5.http.headers&amp#27;[0;39m - &amp#27;[32mhttp-outgoing-1 >> GET /v1.32/containers/cccfb0602d7e775562ae171a9fe0a7ec811b6906268008a84fea93151d2a7305/json HTTP/1.1
&amp#27;[0;39m2023-05-08 13:18:57,027 [main] &amp#27;[39mDEBUG&amp#27;[0;39m &amp#27;[36mc.g.d.z.s.o.a.h.client5.http.headers&amp#27;[0;39m - &amp#27;[32mhttp-outgoing-1 >> accept: application/json
&amp#27;[0;39m2023-05-08 13:18:57,027 [main] &amp#27;[39mDEBUG&amp#27;[0;39m &amp#27;[36mc.g.d.z.s.o.a.h.client5.http.headers&amp#27;[0;39m - &amp#27;[32mhttp-outgoing-1 >> x-tc-sid: f1b696c1-ec3f-4f95-afa8-081853be7ccb
&amp#27;[0;39m2023-05-08 13:18:57,027 [main] &amp#27;[39mDEBUG&amp#27;[0;39m &amp#27;[36mc.g.d.z.s.o.a.h.client5.http.headers&amp#27;[0;39m - &amp#27;[32mhttp-outgoing-1 >> Accept-Encoding: gzip, x-gzip, deflate
&amp#27;[0;39m2023-05-08 13:18:57,027 [main] &amp#27;[39mDEBUG&amp#27;[0;39m &amp#27;[36mc.g.d.z.s.o.a.h.client5.http.headers&amp#27;[0;39m - &amp#27;[32mhttp-outgoing-1 >> Host: localhost:2375
&amp#27;[0;39m2023-05-08 13:18:57,027 [main] &amp#27;[39mDEBUG&amp#27;[0;39m &amp#27;[36mc.g.d.z.s.o.a.h.client5.http.headers&amp#27;[0;39m - &amp#27;[32mhttp-outgoing-1 >> Connection: keep-alive
&amp#27;[0;39m2023-05-08 13:18:57,027 [main] &amp#27;[39mDEBUG&amp#27;[0;39m &amp#27;[36mc.g.d.z.s.o.a.h.client5.http.headers&amp#27;[0;39m - &amp#27;[32mhttp-outgoing-1 >> User-Agent: Apache-HttpClient/5.0.3 (Java/17.0.6)
&amp#27;[0;39m2023-05-08 13:18:57,027 [main] &amp#27;[39mDEBUG&amp#27;[0;39m &amp#27;[36mc.g.d.z.s.o.a.hc.client5.http.wire&amp#27;[0;39m - &amp#27;[32mhttp-outgoing-1 >> "GET /v1.32/containers/cccfb0602d7e775562ae171a9fe0a7ec811b6906268008a84fea93151d2a7305/json HTTP/1.1[\r][\n]"
&amp#27;[0;39m2023-05-08 13:18:57,027 [main] &amp#27;[39mDEBUG&amp#27;[0;39m &amp#27;[36mc.g.d.z.s.o.a.hc.client5.http.wire&amp#27;[0;39m - &amp#27;[32mhttp-outgoing-1 >> "accept: application/json[\r][\n]"
&amp#27;[0;39m2023-05-08 13:18:57,027 [main] &amp#27;[39mDEBUG&amp#27;[0;39m &amp#27;[36mc.g.d.z.s.o.a.hc.client5.http.wire&amp#27;[0;39m - &amp#27;[32mhttp-outgoing-1 >> "x-tc-sid: f1b696c1-ec3f-4f95-afa8-081853be7ccb[\r][\n]"
&amp#27;[0;39m2023-05-08 13:18:57,027 [main] &amp#27;[39mDEBUG&amp#27;[0;39m &amp#27;[36mc.g.d.z.s.o.a.hc.client5.http.wire&amp#27;[0;39m - &amp#27;[32mhttp-outgoing-1 >> "Accept-Encoding: gzip, x-gzip, deflate[\r][\n]"
&amp#27;[0;39m2023-05-08 13:18:57,027 [main] &amp#27;[39mDEBUG&amp#27;[0;39m &amp#27;[36mc.g.d.z.s.o.a.hc.client5.http.wire&amp#27;[0;39m - &amp#27;[32mhttp-outgoing-1 >> "Host: localhost:2375[\r][\n]"
&amp#27;[0;39m2023-05-08 13:18:57,027 [main] &amp#27;[39mDEBUG&amp#27;[0;39m &amp#27;[36mc.g.d.z.s.o.a.hc.client5.http.wire&amp#27;[0;39m - &amp#27;[32mhttp-outgoing-1 >> "Connection: keep-alive[\r][\n]"
&amp#27;[0;39m2023-05-08 13:18:57,027 [main] &amp#27;[39mDEBUG&amp#27;[0;39m &amp#27;[36mc.g.d.z.s.o.a.hc.client5.http.wire&amp#27;[0;39m - &amp#27;[32mhttp-outgoing-1 >> "User-Agent: Apache-HttpClient/5.0.3 (Java/17.0.6)[\r][\n]"
&amp#27;[0;39m2023-05-08 13:18:57,027 [main] &amp#27;[39mDEBUG&amp#27;[0;39m &amp#27;[36mc.g.d.z.s.o.a.hc.client5.http.wire&amp#27;[0;39m - &amp#27;[32mhttp-outgoing-1 >> "[\r][\n]"
&amp#27;[0;39m2023-05-08 13:18:57,028 [main] &amp#27;[39mDEBUG&amp#27;[0;39m &amp#27;[36mc.g.d.z.s.o.a.hc.client5.http.wire&amp#27;[0;39m - &amp#27;[32mhttp-outgoing-1 << "HTTP/1.1 200 OK[\r][\n]"
&amp#27;[0;39m2023-05-08 13:18:57,028 [main] &amp#27;[39mDEBUG&amp#27;[0;39m &amp#27;[36mc.g.d.z.s.o.a.hc.client5.http.wire&amp#27;[0;39m - &amp#27;[32mhttp-outgoing-1 << "Api-Version: 1.42[\r][\n]"
&amp#27;[0;39m2023-05-08 13:18:57,028 [main] &amp#27;[39mDEBUG&amp#27;[0;39m &amp#27;[36mc.g.d.z.s.o.a.hc.client5.http.wire&amp#27;[0;39m - &amp#27;[32mhttp-outgoing-1 << "Content-Type: application/json[\r][\n]"
&amp#27;[0;39m2023-05-08 13:18:57,028 [main] &amp#27;[39mDEBUG&amp#27;[0;39m &amp#27;[36mc.g.d.z.s.o.a.hc.client5.http.wire&amp#27;[0;39m - &amp#27;[32mhttp-outgoing-1 << "Docker-Experimental: false[\r][\n]"
&amp#27;[0;39m2023-05-08 13:18:57,028 [main] &amp#27;[39mDEBUG&amp#27;[0;39m &amp#27;[36mc.g.d.z.s.o.a.hc.client5.http.wire&amp#27;[0;39m - &amp#27;[32mhttp-outgoing-1 << "Ostype: linux[\r][\n]"
&amp#27;[0;39m2023-05-08 13:18:57,028 [main] &amp#27;[39mDEBUG&amp#27;[0;39m &amp#27;[36mc.g.d.z.s.o.a.hc.client5.http.wire&amp#27;[0;39m - &amp#27;[32mhttp-outgoing-1 << "Server: Docker/23.0.5 (linux)[\r][\n]"
&amp#27;[0;39m2023-05-08 13:18:57,028 [main] &amp#27;[39mDEBUG&amp#27;[0;39m &amp#27;[36mc.g.d.z.s.o.a.hc.client5.http.wire&amp#27;[0;39m - &amp#27;[32mhttp-outgoing-1 << "Date: Mon, 08 May 2023 11:18:57 GMT[\r][\n]"
&amp#27;[0;39m2023-05-08 13:18:57,028 [main] &amp#27;[39mDEBUG&amp#27;[0;39m &amp#27;[36mc.g.d.z.s.o.a.hc.client5.http.wire&amp#27;[0;39m - &amp#27;[32mhttp-outgoing-1 << "Transfer-Encoding: chunked[\r][\n]"
&amp#27;[0;39m2023-05-08 13:18:57,028 [main] &amp#27;[39mDEBUG&amp#27;[0;39m &amp#27;[36mc.g.d.z.s.o.a.hc.client5.http.wire&amp#27;[0;39m - &amp#27;[32mhttp-outgoing-1 << "[\r][\n]"
&amp#27;[0;39m2023-05-08 13:18:57,028 [main] &amp#27;[39mDEBUG&amp#27;[0;39m &amp#27;[36mc.g.d.z.s.o.a.hc.client5.http.wire&amp#27;[0;39m - &amp#27;[32mhttp-outgoing-1 << "1890[\r][\n]"
&amp#27;[0;39m2023-05-08 13:18:57,028 [main] &amp#27;[39mDEBUG&amp#27;[0;39m &amp#27;[36mc.g.d.z.s.o.a.hc.client5.http.wire&amp#27;[0;39m - &amp#27;[32mhttp-outgoing-1 << "{"Id":"cccfb0602d7e775562ae171a9fe0a7ec811b6906268008a84fea93151d2a7305","Created":"2023-05-08T11:18:54.120535425Z","Path":"docker-entrypoint.sh","Args":["mysqld"],"State":{"Status":"running","Running":true,"Paused":false,"Restarting":false,"OOMKilled":false,"Dead":false,"Pid":59126,"ExitCode":0,"Error":"","StartedAt":"2023-05-08T11:18:54.468577716Z","FinishedAt":"0001-01-01T00:00:00Z"},"Image":"sha256:228d71078f8ce5ae9fd96b183f88c3a90e30544b4b7ce9d64a238d05fef2a681","ResolvConfPath":"/var/lib/docker/containers/cccfb0602d7e775562ae171a9fe0a7ec811b6906268008a84fea93151d2a7305/resolv.conf","HostnamePath":"/var/lib/docker/containers/cccfb0602d7e775562ae171a9fe0a7ec811b6906268008a84fea93151d2a7305/hostname","HostsPath":"/var/lib/docker/containers/cccfb0602d7e775562ae171a9fe0a7ec811b6906268008a84fea93151d2a7305/hosts","LogPath":"/var/lib/docker/containers/cccfb0602d7e775562ae171a9fe0a7ec811b6906268008a84fea93151d2a7305/cccfb0602d7e775562ae171a9fe0a7ec811b6906268008a84fea93151d2a7305-json.log","Name":"/charming_goodall","RestartCount":0,"Driver":"overlay2","Platform":"linux","MountLabel":"","ProcessLabel":"","AppArmorProfile":"docker-default","ExecIDs":null,"HostConfig":{"Binds":[],"ContainerIDFile":"","LogConfig":{"Type":"json-file","Config":{}},"NetworkMode":"default","PortBindings":{"3306/tcp":[{"HostIp":"","HostPort":""}]},"RestartPolicy":{"Name":"","MaximumRetryCount":0},"AutoRemove":false,"VolumeDriver":"","VolumesFrom":[],"ConsoleSize":[0,0],"CapAdd":null,"CapDrop":null,"CgroupnsMode":"private","Dns":null,"DnsOptions":null,"DnsSearch":null,"ExtraHosts":[],"GroupAdd":null,"IpcMode":"shareable","Cgroup":"","Links":null,"OomScoreAdj":0,"PidMode":"","Privileged":false,"PublishAllPorts":false,"ReadonlyRootfs":false,"SecurityOpt":null,"UTSMode":"","UsernsMode":"","ShmSize":67108864,"Runtime":"runc","Isolation":"","CpuShares":0,"Memory":0,"NanoCpus":0,"CgroupParent":"","BlkioWeight":0,"BlkioWeightDevice":null,"BlkioDeviceReadBps":null,"BlkioDeviceWriteBps":null,"BlkioDeviceReadIOps":null,"BlkioDeviceWriteIOps":null,"CpuPeriod":0,"CpuQuota":0,"CpuRealtimePeriod":0,"CpuRealtimeRuntime":0,"CpusetCpus":"","CpusetMems":"","Devices":null,"DeviceCgroupRules":null,"DeviceRequests":null,"MemoryReservation":0,"MemorySwap":0,"MemorySwappiness":null,"OomKillDisable":null,"PidsLimit":null,"Ulimits":null,"CpuCount":0,"CpuPercent":0,"IOMaximumIOps":0,"IOMaximumBandwidth":0,"MaskedPaths":["/proc/asound","/proc/acpi","/proc/kcore","/proc/keys","/proc/latency_stats","/proc/timer_list","/proc/timer_stats","/proc/sched_debug","/proc/scsi","/sys/firmware"],"ReadonlyPaths":["/proc/bus","/proc/fs","/proc/irq","/proc/sys","/proc/sysrq-trigger"]},"GraphDriver":{"Data":{"LowerDir":"/var/lib/docker/overlay2/0075f27ac39799b376a3e23bf05a650eb10c8a0f9ef49be1ab61e98fd3b93dc3-init/diff:/var/lib/docker/overlay2/4c6e20f032f02b27a9272f982861dc21998197aa90d94ed3bef95d449380247c/diff:/var/lib/docker/overlay2/0c75f828f603eff839bb3ca448163ab2a8017e86625ac255cd3dbf1673ddac26/diff:/var/lib/docker/overlay2/da128d897fda75829109844ce6cd9d73d0f54c682e735100af000ce899908729/diff:/var/lib/docker/overlay2/b678a1f261bf323afba6d76d91ab7428bdd6e1ef4a39b5224e4a1afd08c0423a/diff:/var/lib/docker/overlay2/1bec43b14875c5f9f814f146e8e31aa78566689c2c163da2ac60a32254988437/diff:/var/lib/docker/overlay2/28f4b1e6e1a7a2dbe30f1f94fb42bccd85a61faf8af1fe30a5bb0d442c525e41/diff:/var/lib/docker/overlay2/0f493124464c291d7c97d2633d5dff04b1dce5de904cb40a34dfbe7fe72e3fd4/diff:/var/lib/docker/overlay2/05befbee9e38cd670e1786b3310e99796dcc06abbed970007b4109a5424843fa/diff:/var/lib/docker/overlay2/582bcca9acfc4eef25109e1e1b9c9d104f355798455bc73e855c99283887a6e8/diff:/var/lib/docker/overlay2/153b3bf0b69e97e8f0e5533414a31ca33fa530e63d174c9617621abe46e7e9d1/diff:/var/lib/docker/overlay2/bf87a76c0a38875ee6e915fd0d2527eafa880ec6bf2c1cb294959428c18d10bd/diff","MergedDir":"/var/lib/docker/overlay2/0075f27ac39799b376a3e23bf05a650eb10c8a0f9ef49be1ab61e98fd3b93dc3/merged","UpperDir":"/var/lib/docker/overlay2/0075f27ac39799b376a3e23bf05a650eb10c8a0f9ef49be1ab61e98fd3b93dc3/diff","WorkDir":"/var/lib/docker/overlay2/0075f27ac39799b376a3e23bf05a650eb10c8a0f9ef49be1ab61e98fd3b93dc3/work"},"Name":"overlay2"},"Mounts":[{"Type":"volume","Name":"ffd30c8cc7ed7bf91bc1ebef46b0f06493ce1d3121e28c37d40240bd74b844a5","Source":"/var/lib/docker/volumes/ffd30c8cc7ed7bf91bc1ebef46b0f06493ce1d3121e28c37d40240bd74b844a5/_data","Destination":"/var/lib/mysql","Driver":"local","Mode":"","RW":true,"Propagation":""}],"Config":{"Hostname":"cccfb0602d7e","Domainname":"","User":"","AttachStdin":false,"AttachStdout":false,"AttachStderr":false,"ExposedPorts":{"3306/tcp":{}},"Tty":false,"OpenStdin":false,"StdinOnce":false,"Env":["MYSQL_DATABASE=test","MYSQL_PASSWORD=test","MYSQL_USER=test","MYSQL_ROOT_PASSWORD=test","PATH=/usr/local/sbin:/usr/local/bin:/usr/sbin:/usr/bin:/sbin:/bin","GOSU_VERSION=1.7","MYSQL_MAJOR=8.0","MYSQL_VERSION=8.0.0-dmr-1debian8"],"Cmd":["mysqld"],"Image":"mysql:8.0.0","Volumes":{"/var/lib/mysql":{}},"WorkingDir":"","Entrypoint":["docker-entrypoint.sh"],"OnBuild":null,"Labels":{"org.testcontainers":"true","org.testcontainers.lang":"java","org.testcontainers.sessionId":"f1b696c1-ec3f-4f95-afa8-081853be7ccb","org.testcontainers.version":"1.18.0"}},"NetworkSettings":{"Bridge":"","SandboxID":"75a4ef0436803615aa77c8b97de3cbbdd49519261fe2b3b6cdcae9bd2b1154aa","HairpinMode":false,"LinkLocalIPv6Address":"","LinkLocalIPv6PrefixLen":0,"Ports":{"3306/tcp":[{"HostIp":"0.0.0.0","HostPort":"32781"},{"HostIp":"::","HostPort":"32781"}]},"SandboxKey":"/var/run/docker/netns/75a4ef043680","SecondaryIPAddresses":null,"SecondaryIPv6Addresses":null,"EndpointID":"de3a5c9cc9471fdbec5943d78a8803fca61208fe4021ac9d3922ee2e8ec0d135","Gateway":"172.17.0.1","GlobalIPv6Address":"","GlobalIPv6PrefixLen":0,"IPAddress":"172.17.0.3","IPPrefixLen":16,"IPv6Gateway":"","MacAddress":"02:42:ac:11:00:03","Networks":{"bridge":{"IPAMConfig":null,"Links":null,"Aliases":null,"NetworkID":"e1a078e12eb8d77b497ed932f7fb43787eeb6ff6972febd7d03c9282b8b5cd45","EndpointID":"de3a5c9cc9471fdbec5943d78a8803fca61208fe4021ac9d3922ee2e8ec0d135","Gateway":"172.17.0.1","IPAddress":"172.17.0.3","IPPrefixLen":16,"IPv6Gateway":"","GlobalIPv6Address":"","GlobalIPv6PrefixLen":0,"MacAddress":"02:42:ac:11:00:03","DriverOpts":null}}}}[\n]"
&amp#27;[0;39m2023-05-08 13:18:57,028 [main] &amp#27;[39mDEBUG&amp#27;[0;39m &amp#27;[36mc.g.d.z.s.o.a.hc.client5.http.wire&amp#27;[0;39m - &amp#27;[32mhttp-outgoing-1 << "[\r][\n]"
&amp#27;[0;39m2023-05-08 13:18:57,028 [main] &amp#27;[39mDEBUG&amp#27;[0;39m &amp#27;[36mc.g.d.z.s.o.a.hc.client5.http.wire&amp#27;[0;39m - &amp#27;[32mhttp-outgoing-1 << "0[\r][\n]"
&amp#27;[0;39m2023-05-08 13:18:57,028 [main] &amp#27;[39mDEBUG&amp#27;[0;39m &amp#27;[36mc.g.d.z.s.o.a.hc.client5.http.wire&amp#27;[0;39m - &amp#27;[32mhttp-outgoing-1 << "[\r][\n]"
&amp#27;[0;39m2023-05-08 13:18:57,028 [main] &amp#27;[39mDEBUG&amp#27;[0;39m &amp#27;[36mc.g.d.z.s.o.a.h.client5.http.headers&amp#27;[0;39m - &amp#27;[32mhttp-outgoing-1 << HTTP/1.1 200 OK
&amp#27;[0;39m2023-05-08 13:18:57,028 [main] &amp#27;[39mDEBUG&amp#27;[0;39m &amp#27;[36mc.g.d.z.s.o.a.h.client5.http.headers&amp#27;[0;39m - &amp#27;[32mhttp-outgoing-1 << Api-Version: 1.42
&amp#27;[0;39m2023-05-08 13:18:57,028 [main] &amp#27;[39mDEBUG&amp#27;[0;39m &amp#27;[36mc.g.d.z.s.o.a.h.client5.http.headers&amp#27;[0;39m - &amp#27;[32mhttp-outgoing-1 << Content-Type: application/json
&amp#27;[0;39m2023-05-08 13:18:57,028 [main] &amp#27;[39mDEBUG&amp#27;[0;39m &amp#27;[36mc.g.d.z.s.o.a.h.client5.http.headers&amp#27;[0;39m - &amp#27;[32mhttp-outgoing-1 << Docker-Experimental: false
&amp#27;[0;39m2023-05-08 13:18:57,028 [main] &amp#27;[39mDEBUG&amp#27;[0;39m &amp#27;[36mc.g.d.z.s.o.a.h.client5.http.headers&amp#27;[0;39m - &amp#27;[32mhttp-outgoing-1 << Ostype: linux
&amp#27;[0;39m2023-05-08 13:18:57,028 [main] &amp#27;[39mDEBUG&amp#27;[0;39m &amp#27;[36mc.g.d.z.s.o.a.h.client5.http.headers&amp#27;[0;39m - &amp#27;[32mhttp-outgoing-1 << Server: Docker/23.0.5 (linux)
&amp#27;[0;39m2023-05-08 13:18:57,028 [main] &amp#27;[39mDEBUG&amp#27;[0;39m &amp#27;[36mc.g.d.z.s.o.a.h.client5.http.headers&amp#27;[0;39m - &amp#27;[32mhttp-outgoing-1 << Date: Mon, 08 May 2023 11:18:57 GMT
&amp#27;[0;39m2023-05-08 13:18:57,028 [main] &amp#27;[39mDEBUG&amp#27;[0;39m &amp#27;[36mc.g.d.z.s.o.a.h.client5.http.headers&amp#27;[0;39m - &amp#27;[32mhttp-outgoing-1 << Transfer-Encoding: chunked
&amp#27;[0;39m2023-05-08 13:18:57,028 [main] &amp#27;[39mDEBUG&amp#27;[0;39m &amp#27;[36mc.g.d.z.s.o.a.h.c.h.i.c.MainClientExec&amp#27;[0;39m - &amp#27;[32mex-00000028: connection can be kept alive for 3 MINUTES
&amp#27;[0;39m2023-05-08 13:18:57,029 [main] &amp#27;[39mDEBUG&amp#27;[0;39m &amp#27;[36mc.g.d.z.s.o.a.h.c.h.i.c.InternalHttpClient&amp#27;[0;39m - &amp#27;[32mep-00000027: releasing valid endpoint
&amp#27;[0;39m2023-05-08 13:18:57,029 [main] &amp#27;[39mDEBUG&amp#27;[0;39m &amp#27;[36mc.g.d.z.s.o.a.h.c.h.i.i.PoolingHttpClientConnectionManager&amp#27;[0;39m - &amp#27;[32mep-00000027: releasing endpoint
&amp#27;[0;39m2023-05-08 13:18:57,029 [main] &amp#27;[39mDEBUG&amp#27;[0;39m &amp#27;[36mc.g.d.z.s.o.a.h.c.h.i.i.PoolingHttpClientConnectionManager&amp#27;[0;39m - &amp#27;[32mep-00000027: connection http-outgoing-1 can be kept alive for 3 MINUTES
&amp#27;[0;39m2023-05-08 13:18:57,029 [main] &amp#27;[39mDEBUG&amp#27;[0;39m &amp#27;[36mc.g.d.z.s.o.a.h.c.h.i.i.PoolingHttpClientConnectionManager&amp#27;[0;39m - &amp#27;[32mep-00000027: connection released [route: {}->unix://localhost:2375][total available: 1; route allocated: 1 of 2147483647; total allocated: 1 of 2147483647]
&amp#27;[0;39m2023-05-08 13:18:57,029 [main] &amp#27;[39mDEBUG&amp#27;[0;39m &amp#27;[36mtc.mysql:8.0.0&amp#27;[0;39m - &amp#27;[32mTrying to create JDBC connection using com.mysql.cj.jdbc.Driver to jdbc:mysql://localhost:32781/test?useSSL=false&allowPublicKeyRetrieval=true with properties: {password=test, user=test}
&amp#27;[0;39m2023-05-08 13:18:57,130 [main] &amp#27;[39mDEBUG&amp#27;[0;39m &amp#27;[36mo.t.s.c.g.d.c.command.AbstrDockerCmd&amp#27;[0;39m - &amp#27;[32mCmd: cccfb0602d7e775562ae171a9fe0a7ec811b6906268008a84fea93151d2a7305,false
&amp#27;[0;39m2023-05-08 13:18:57,131 [main] &amp#27;[39mDEBUG&amp#27;[0;39m &amp#27;[36mo.t.s.c.g.d.c.e.InspectContainerCmdExec&amp#27;[0;39m - &amp#27;[32mGET: DefaultWebTarget{path=[/containers/cccfb0602d7e775562ae171a9fe0a7ec811b6906268008a84fea93151d2a7305/json], queryParams={}}
&amp#27;[0;39m2023-05-08 13:18:57,131 [main] &amp#27;[39mDEBUG&amp#27;[0;39m &amp#27;[36mc.g.d.z.s.o.a.h.c.h.i.c.InternalHttpClient&amp#27;[0;39m - &amp#27;[32mex-00000029: preparing request execution
&amp#27;[0;39m2023-05-08 13:18:57,131 [main] &amp#27;[39mDEBUG&amp#27;[0;39m &amp#27;[36mc.g.d.z.s.o.a.h.c.h.p.RequestAddCookies&amp#27;[0;39m - &amp#27;[32mCookie spec selected: strict
&amp#27;[0;39m2023-05-08 13:18:57,132 [main] &amp#27;[39mDEBUG&amp#27;[0;39m &amp#27;[36mc.g.d.z.s.o.a.h.c.h.p.RequestAuthCache&amp#27;[0;39m - &amp#27;[32mAuth cache not set in the context
&amp#27;[0;39m2023-05-08 13:18:57,132 [main] &amp#27;[39mDEBUG&amp#27;[0;39m &amp#27;[36mc.g.d.z.s.o.a.h.c.h.i.c.ProtocolExec&amp#27;[0;39m - &amp#27;[32mex-00000029: target auth state: UNCHALLENGED
&amp#27;[0;39m2023-05-08 13:18:57,132 [main] &amp#27;[39mDEBUG&amp#27;[0;39m &amp#27;[36mc.g.d.z.s.o.a.h.c.h.i.c.ProtocolExec&amp#27;[0;39m - &amp#27;[32mex-00000029: proxy auth state: UNCHALLENGED
&amp#27;[0;39m2023-05-08 13:18:57,132 [main] &amp#27;[39mDEBUG&amp#27;[0;39m &amp#27;[36mc.g.d.z.s.o.a.h.c.h.i.c.ConnectExec&amp#27;[0;39m - &amp#27;[32mex-00000029: acquiring connection with route {}->unix://localhost:2375
&amp#27;[0;39m2023-05-08 13:18:57,132 [main] &amp#27;[39mDEBUG&amp#27;[0;39m &amp#27;[36mc.g.d.z.s.o.a.h.c.h.i.c.InternalHttpClient&amp#27;[0;39m - &amp#27;[32mex-00000029: acquiring endpoint (3 MINUTES)
&amp#27;[0;39m2023-05-08 13:18:57,132 [main] &amp#27;[39mDEBUG&amp#27;[0;39m &amp#27;[36mc.g.d.z.s.o.a.h.c.h.i.i.PoolingHttpClientConnectionManager&amp#27;[0;39m - &amp#27;[32mex-00000029: endpoint lease request (3 MINUTES) [route: {}->unix://localhost:2375][total available: 1; route allocated: 1 of 2147483647; total allocated: 1 of 2147483647]
&amp#27;[0;39m2023-05-08 13:18:57,132 [main] &amp#27;[39mDEBUG&amp#27;[0;39m &amp#27;[36mc.g.d.z.s.o.a.h.c.h.i.i.PoolingHttpClientConnectionManager&amp#27;[0;39m - &amp#27;[32mex-00000029: endpoint leased [route: {}->unix://localhost:2375][total available: 0; route allocated: 1 of 2147483647; total allocated: 1 of 2147483647]
&amp#27;[0;39m2023-05-08 13:18:57,132 [main] &amp#27;[39mDEBUG&amp#27;[0;39m &amp#27;[36mc.g.d.z.s.o.a.h.c.h.i.i.PoolingHttpClientConnectionManager&amp#27;[0;39m - &amp#27;[32mex-00000029: acquired ep-00000028
&amp#27;[0;39m2023-05-08 13:18:57,132 [main] &amp#27;[39mDEBUG&amp#27;[0;39m &amp#27;[36mc.g.d.z.s.o.a.h.c.h.i.c.InternalHttpClient&amp#27;[0;39m - &amp#27;[32mex-00000029: acquired endpoint ep-00000028
&amp#27;[0;39m2023-05-08 13:18:57,132 [main] &amp#27;[39mDEBUG&amp#27;[0;39m &amp#27;[36mc.g.d.z.s.o.a.h.c.h.i.c.MainClientExec&amp#27;[0;39m - &amp#27;[32mex-00000029: executing GET /v1.32/containers/cccfb0602d7e775562ae171a9fe0a7ec811b6906268008a84fea93151d2a7305/json HTTP/1.1
&amp#27;[0;39m2023-05-08 13:18:57,132 [main] &amp#27;[39mDEBUG&amp#27;[0;39m &amp#27;[36mc.g.d.z.s.o.a.h.c.h.i.c.InternalHttpClient&amp#27;[0;39m - &amp#27;[32mep-00000028: start execution ex-00000029
&amp#27;[0;39m2023-05-08 13:18:57,132 [main] &amp#27;[39mDEBUG&amp#27;[0;39m &amp#27;[36mc.g.d.z.s.o.a.h.c.h.i.i.PoolingHttpClientConnectionManager&amp#27;[0;39m - &amp#27;[32mep-00000028: executing exchange ex-00000029 over http-outgoing-1
&amp#27;[0;39m2023-05-08 13:18:57,132 [main] &amp#27;[39mDEBUG&amp#27;[0;39m &amp#27;[36mc.g.d.z.s.o.a.h.client5.http.headers&amp#27;[0;39m - &amp#27;[32mhttp-outgoing-1 >> GET /v1.32/containers/cccfb0602d7e775562ae171a9fe0a7ec811b6906268008a84fea93151d2a7305/json HTTP/1.1
&amp#27;[0;39m2023-05-08 13:18:57,132 [main] &amp#27;[39mDEBUG&amp#27;[0;39m &amp#27;[36mc.g.d.z.s.o.a.h.client5.http.headers&amp#27;[0;39m - &amp#27;[32mhttp-outgoing-1 >> accept: application/json
&amp#27;[0;39m2023-05-08 13:18:57,132 [main] &amp#27;[39mDEBUG&amp#27;[0;39m &amp#27;[36mc.g.d.z.s.o.a.h.client5.http.headers&amp#27;[0;39m - &amp#27;[32mhttp-outgoing-1 >> x-tc-sid: f1b696c1-ec3f-4f95-afa8-081853be7ccb
&amp#27;[0;39m2023-05-08 13:18:57,132 [main] &amp#27;[39mDEBUG&amp#27;[0;39m &amp#27;[36mc.g.d.z.s.o.a.h.client5.http.headers&amp#27;[0;39m - &amp#27;[32mhttp-outgoing-1 >> Accept-Encoding: gzip, x-gzip, deflate
&amp#27;[0;39m2023-05-08 13:18:57,132 [main] &amp#27;[39mDEBUG&amp#27;[0;39m &amp#27;[36mc.g.d.z.s.o.a.h.client5.http.headers&amp#27;[0;39m - &amp#27;[32mhttp-outgoing-1 >> Host: localhost:2375
&amp#27;[0;39m2023-05-08 13:18:57,132 [main] &amp#27;[39mDEBUG&amp#27;[0;39m &amp#27;[36mc.g.d.z.s.o.a.h.client5.http.headers&amp#27;[0;39m - &amp#27;[32mhttp-outgoing-1 >> Connection: keep-alive
&amp#27;[0;39m2023-05-08 13:18:57,132 [main] &amp#27;[39mDEBUG&amp#27;[0;39m &amp#27;[36mc.g.d.z.s.o.a.h.client5.http.headers&amp#27;[0;39m - &amp#27;[32mhttp-outgoing-1 >> User-Agent: Apache-HttpClient/5.0.3 (Java/17.0.6)
&amp#27;[0;39m2023-05-08 13:18:57,132 [main] &amp#27;[39mDEBUG&amp#27;[0;39m &amp#27;[36mc.g.d.z.s.o.a.hc.client5.http.wire&amp#27;[0;39m - &amp#27;[32mhttp-outgoing-1 >> "GET /v1.32/containers/cccfb0602d7e775562ae171a9fe0a7ec811b6906268008a84fea93151d2a7305/json HTTP/1.1[\r][\n]"
&amp#27;[0;39m2023-05-08 13:18:57,132 [main] &amp#27;[39mDEBUG&amp#27;[0;39m &amp#27;[36mc.g.d.z.s.o.a.hc.client5.http.wire&amp#27;[0;39m - &amp#27;[32mhttp-outgoing-1 >> "accept: application/json[\r][\n]"
&amp#27;[0;39m2023-05-08 13:18:57,132 [main] &amp#27;[39mDEBUG&amp#27;[0;39m &amp#27;[36mc.g.d.z.s.o.a.hc.client5.http.wire&amp#27;[0;39m - &amp#27;[32mhttp-outgoing-1 >> "x-tc-sid: f1b696c1-ec3f-4f95-afa8-081853be7ccb[\r][\n]"
&amp#27;[0;39m2023-05-08 13:18:57,132 [main] &amp#27;[39mDEBUG&amp#27;[0;39m &amp#27;[36mc.g.d.z.s.o.a.hc.client5.http.wire&amp#27;[0;39m - &amp#27;[32mhttp-outgoing-1 >> "Accept-Encoding: gzip, x-gzip, deflate[\r][\n]"
&amp#27;[0;39m2023-05-08 13:18:57,132 [main] &amp#27;[39mDEBUG&amp#27;[0;39m &amp#27;[36mc.g.d.z.s.o.a.hc.client5.http.wire&amp#27;[0;39m - &amp#27;[32mhttp-outgoing-1 >> "Host: localhost:2375[\r][\n]"
&amp#27;[0;39m2023-05-08 13:18:57,132 [main] &amp#27;[39mDEBUG&amp#27;[0;39m &amp#27;[36mc.g.d.z.s.o.a.hc.client5.http.wire&amp#27;[0;39m - &amp#27;[32mhttp-outgoing-1 >> "Connection: keep-alive[\r][\n]"
&amp#27;[0;39m2023-05-08 13:18:57,132 [main] &amp#27;[39mDEBUG&amp#27;[0;39m &amp#27;[36mc.g.d.z.s.o.a.hc.client5.http.wire&amp#27;[0;39m - &amp#27;[32mhttp-outgoing-1 >> "User-Agent: Apache-HttpClient/5.0.3 (Java/17.0.6)[\r][\n]"
&amp#27;[0;39m2023-05-08 13:18:57,132 [main] &amp#27;[39mDEBUG&amp#27;[0;39m &amp#27;[36mc.g.d.z.s.o.a.hc.client5.http.wire&amp#27;[0;39m - &amp#27;[32mhttp-outgoing-1 >> "[\r][\n]"
&amp#27;[0;39m2023-05-08 13:18:57,133 [main] &amp#27;[39mDEBUG&amp#27;[0;39m &amp#27;[36mc.g.d.z.s.o.a.hc.client5.http.wire&amp#27;[0;39m - &amp#27;[32mhttp-outgoing-1 << "HTTP/1.1 200 OK[\r][\n]"
&amp#27;[0;39m2023-05-08 13:18:57,133 [main] &amp#27;[39mDEBUG&amp#27;[0;39m &amp#27;[36mc.g.d.z.s.o.a.hc.client5.http.wire&amp#27;[0;39m - &amp#27;[32mhttp-outgoing-1 << "Api-Version: 1.42[\r][\n]"
&amp#27;[0;39m2023-05-08 13:18:57,133 [main] &amp#27;[39mDEBUG&amp#27;[0;39m &amp#27;[36mc.g.d.z.s.o.a.hc.client5.http.wire&amp#27;[0;39m - &amp#27;[32mhttp-outgoing-1 << "Content-Type: application/json[\r][\n]"
&amp#27;[0;39m2023-05-08 13:18:57,133 [main] &amp#27;[39mDEBUG&amp#27;[0;39m &amp#27;[36mc.g.d.z.s.o.a.hc.client5.http.wire&amp#27;[0;39m - &amp#27;[32mhttp-outgoing-1 << "Docker-Experimental: false[\r][\n]"
&amp#27;[0;39m2023-05-08 13:18:57,133 [main] &amp#27;[39mDEBUG&amp#27;[0;39m &amp#27;[36mc.g.d.z.s.o.a.hc.client5.http.wire&amp#27;[0;39m - &amp#27;[32mhttp-outgoing-1 << "Ostype: linux[\r][\n]"
&amp#27;[0;39m2023-05-08 13:18:57,133 [main] &amp#27;[39mDEBUG&amp#27;[0;39m &amp#27;[36mc.g.d.z.s.o.a.hc.client5.http.wire&amp#27;[0;39m - &amp#27;[32mhttp-outgoing-1 << "Server: Docker/23.0.5 (linux)[\r][\n]"
&amp#27;[0;39m2023-05-08 13:18:57,133 [main] &amp#27;[39mDEBUG&amp#27;[0;39m &amp#27;[36mc.g.d.z.s.o.a.hc.client5.http.wire&amp#27;[0;39m - &amp#27;[32mhttp-outgoing-1 << "Date: Mon, 08 May 2023 11:18:57 GMT[\r][\n]"
&amp#27;[0;39m2023-05-08 13:18:57,133 [main] &amp#27;[39mDEBUG&amp#27;[0;39m &amp#27;[36mc.g.d.z.s.o.a.hc.client5.http.wire&amp#27;[0;39m - &amp#27;[32mhttp-outgoing-1 << "Transfer-Encoding: chunked[\r][\n]"
&amp#27;[0;39m2023-05-08 13:18:57,133 [main] &amp#27;[39mDEBUG&amp#27;[0;39m &amp#27;[36mc.g.d.z.s.o.a.hc.client5.http.wire&amp#27;[0;39m - &amp#27;[32mhttp-outgoing-1 << "[\r][\n]"
&amp#27;[0;39m2023-05-08 13:18:57,133 [main] &amp#27;[39mDEBUG&amp#27;[0;39m &amp#27;[36mc.g.d.z.s.o.a.hc.client5.http.wire&amp#27;[0;39m - &amp#27;[32mhttp-outgoing-1 << "1890[\r][\n]"
&amp#27;[0;39m2023-05-08 13:18:57,133 [main] &amp#27;[39mDEBUG&amp#27;[0;39m &amp#27;[36mc.g.d.z.s.o.a.hc.client5.http.wire&amp#27;[0;39m - &amp#27;[32mhttp-outgoing-1 << "{"Id":"cccfb0602d7e775562ae171a9fe0a7ec811b6906268008a84fea93151d2a7305","Created":"2023-05-08T11:18:54.120535425Z","Path":"docker-entrypoint.sh","Args":["mysqld"],"State":{"Status":"running","Running":true,"Paused":false,"Restarting":false,"OOMKilled":false,"Dead":false,"Pid":59126,"ExitCode":0,"Error":"","StartedAt":"2023-05-08T11:18:54.468577716Z","FinishedAt":"0001-01-01T00:00:00Z"},"Image":"sha256:228d71078f8ce5ae9fd96b183f88c3a90e30544b4b7ce9d64a238d05fef2a681","ResolvConfPath":"/var/lib/docker/containers/cccfb0602d7e775562ae171a9fe0a7ec811b6906268008a84fea93151d2a7305/resolv.conf","HostnamePath":"/var/lib/docker/containers/cccfb0602d7e775562ae171a9fe0a7ec811b6906268008a84fea93151d2a7305/hostname","HostsPath":"/var/lib/docker/containers/cccfb0602d7e775562ae171a9fe0a7ec811b6906268008a84fea93151d2a7305/hosts","LogPath":"/var/lib/docker/containers/cccfb0602d7e775562ae171a9fe0a7ec811b6906268008a84fea93151d2a7305/cccfb0602d7e775562ae171a9fe0a7ec811b6906268008a84fea93151d2a7305-json.log","Name":"/charming_goodall","RestartCount":0,"Driver":"overlay2","Platform":"linux","MountLabel":"","ProcessLabel":"","AppArmorProfile":"docker-default","ExecIDs":null,"HostConfig":{"Binds":[],"ContainerIDFile":"","LogConfig":{"Type":"json-file","Config":{}},"NetworkMode":"default","PortBindings":{"3306/tcp":[{"HostIp":"","HostPort":""}]},"RestartPolicy":{"Name":"","MaximumRetryCount":0},"AutoRemove":false,"VolumeDriver":"","VolumesFrom":[],"ConsoleSize":[0,0],"CapAdd":null,"CapDrop":null,"CgroupnsMode":"private","Dns":null,"DnsOptions":null,"DnsSearch":null,"ExtraHosts":[],"GroupAdd":null,"IpcMode":"shareable","Cgroup":"","Links":null,"OomScoreAdj":0,"PidMode":"","Privileged":false,"PublishAllPorts":false,"ReadonlyRootfs":false,"SecurityOpt":null,"UTSMode":"","UsernsMode":"","ShmSize":67108864,"Runtime":"runc","Isolation":"","CpuShares":0,"Memory":0,"NanoCpus":0,"CgroupParent":"","BlkioWeight":0,"BlkioWeightDevice":null,"BlkioDeviceReadBps":null,"BlkioDeviceWriteBps":null,"BlkioDeviceReadIOps":null,"BlkioDeviceWriteIOps":null,"CpuPeriod":0,"CpuQuota":0,"CpuRealtimePeriod":0,"CpuRealtimeRuntime":0,"CpusetCpus":"","CpusetMems":"","Devices":null,"DeviceCgroupRules":null,"DeviceRequests":null,"MemoryReservation":0,"MemorySwap":0,"MemorySwappiness":null,"OomKillDisable":null,"PidsLimit":null,"Ulimits":null,"CpuCount":0,"CpuPercent":0,"IOMaximumIOps":0,"IOMaximumBandwidth":0,"MaskedPaths":["/proc/asound","/proc/acpi","/proc/kcore","/proc/keys","/proc/latency_stats","/proc/timer_list","/proc/timer_stats","/proc/sched_debug","/proc/scsi","/sys/firmware"],"ReadonlyPaths":["/proc/bus","/proc/fs","/proc/irq","/proc/sys","/proc/sysrq-trigger"]},"GraphDriver":{"Data":{"LowerDir":"/var/lib/docker/overlay2/0075f27ac39799b376a3e23bf05a650eb10c8a0f9ef49be1ab61e98fd3b93dc3-init/diff:/var/lib/docker/overlay2/4c6e20f032f02b27a9272f982861dc21998197aa90d94ed3bef95d449380247c/diff:/var/lib/docker/overlay2/0c75f828f603eff839bb3ca448163ab2a8017e86625ac255cd3dbf1673ddac26/diff:/var/lib/docker/overlay2/da128d897fda75829109844ce6cd9d73d0f54c682e735100af000ce899908729/diff:/var/lib/docker/overlay2/b678a1f261bf323afba6d76d91ab7428bdd6e1ef4a39b5224e4a1afd08c0423a/diff:/var/lib/docker/overlay2/1bec43b14875c5f9f814f146e8e31aa78566689c2c163da2ac60a32254988437/diff:/var/lib/docker/overlay2/28f4b1e6e1a7a2dbe30f1f94fb42bccd85a61faf8af1fe30a5bb0d442c525e41/diff:/var/lib/docker/overlay2/0f493124464c291d7c97d2633d5dff04b1dce5de904cb40a34dfbe7fe72e3fd4/diff:/var/lib/docker/overlay2/05befbee9e38cd670e1786b3310e99796dcc06abbed970007b4109a5424843fa/diff:/var/lib/docker/overlay2/582bcca9acfc4eef25109e1e1b9c9d104f355798455bc73e855c99283887a6e8/diff:/var/lib/docker/overlay2/153b3bf0b69e97e8f0e5533414a31ca33fa530e63d174c9617621abe46e7e9d1/diff:/var/lib/docker/overlay2/bf87a76c0a38875ee6e915fd0d2527eafa880ec6bf2c1cb294959428c18d10bd/diff","MergedDir":"/var/lib/docker/overlay2/0075f27ac39799b376a3e23bf05a650eb10c8a0f9ef49be1ab61e98fd3b93dc3/merged","UpperDir":"/var/lib/docker/overlay2/0075f27ac39799b376a3e23bf05a650eb10c8a0f9ef49be1ab61e98fd3b93dc3/diff","WorkDir":"/var/lib/docker/overlay2/0075f27ac39799b376a3e23bf05a650eb10c8a0f9ef49be1ab61e98fd3b93dc3/work"},"Name":"overlay2"},"Mounts":[{"Type":"volume","Name":"ffd30c8cc7ed7bf91bc1ebef46b0f06493ce1d3121e28c37d40240bd74b844a5","Source":"/var/lib/docker/volumes/ffd30c8cc7ed7bf91bc1ebef46b0f06493ce1d3121e28c37d40240bd74b844a5/_data","Destination":"/var/lib/mysql","Driver":"local","Mode":"","RW":true,"Propagation":""}],"Config":{"Hostname":"cccfb0602d7e","Domainname":"","User":"","AttachStdin":false,"AttachStdout":false,"AttachStderr":false,"ExposedPorts":{"3306/tcp":{}},"Tty":false,"OpenStdin":false,"StdinOnce":false,"Env":["MYSQL_DATABASE=test","MYSQL_PASSWORD=test","MYSQL_USER=test","MYSQL_ROOT_PASSWORD=test","PATH=/usr/local/sbin:/usr/local/bin:/usr/sbin:/usr/bin:/sbin:/bin","GOSU_VERSION=1.7","MYSQL_MAJOR=8.0","MYSQL_VERSION=8.0.0-dmr-1debian8"],"Cmd":["mysqld"],"Image":"mysql:8.0.0","Volumes":{"/var/lib/mysql":{}},"WorkingDir":"","Entrypoint":["docker-entrypoint.sh"],"OnBuild":null,"Labels":{"org.testcontainers":"true","org.testcontainers.lang":"java","org.testcontainers.sessionId":"f1b696c1-ec3f-4f95-afa8-081853be7ccb","org.testcontainers.version":"1.18.0"}},"NetworkSettings":{"Bridge":"","SandboxID":"75a4ef0436803615aa77c8b97de3cbbdd49519261fe2b3b6cdcae9bd2b1154aa","HairpinMode":false,"LinkLocalIPv6Address":"","LinkLocalIPv6PrefixLen":0,"Ports":{"3306/tcp":[{"HostIp":"0.0.0.0","HostPort":"32781"},{"HostIp":"::","HostPort":"32781"}]},"SandboxKey":"/var/run/docker/netns/75a4ef043680","SecondaryIPAddresses":null,"SecondaryIPv6Addresses":null,"EndpointID":"de3a5c9cc9471fdbec5943d78a8803fca61208fe4021ac9d3922ee2e8ec0d135","Gateway":"172.17.0.1","GlobalIPv6Address":"","GlobalIPv6PrefixLen":0,"IPAddress":"172.17.0.3","IPPrefixLen":16,"IPv6Gateway":"","MacAddress":"02:42:ac:11:00:03","Networks":{"bridge":{"IPAMConfig":null,"Links":null,"Aliases":null,"NetworkID":"e1a078e12eb8d77b497ed932f7fb43787eeb6ff6972febd7d03c9282b8b5cd45","EndpointID":"de3a5c9cc9471fdbec5943d78a8803fca61208fe4021ac9d3922ee2e8ec0d135","Gateway":"172.17.0.1","IPAddress":"172.17.0.3","IPPrefixLen":16,"IPv6Gateway":"","GlobalIPv6Address":"","GlobalIPv6PrefixLen":0,"MacAddress":"02:42:ac:11:00:03","DriverOpts":null}}}}[\n]"
&amp#27;[0;39m2023-05-08 13:18:57,133 [main] &amp#27;[39mDEBUG&amp#27;[0;39m &amp#27;[36mc.g.d.z.s.o.a.hc.client5.http.wire&amp#27;[0;39m - &amp#27;[32mhttp-outgoing-1 << "[\r][\n]"
&amp#27;[0;39m2023-05-08 13:18:57,133 [main] &amp#27;[39mDEBUG&amp#27;[0;39m &amp#27;[36mc.g.d.z.s.o.a.hc.client5.http.wire&amp#27;[0;39m - &amp#27;[32mhttp-outgoing-1 << "0[\r][\n]"
&amp#27;[0;39m2023-05-08 13:18:57,133 [main] &amp#27;[39mDEBUG&amp#27;[0;39m &amp#27;[36mc.g.d.z.s.o.a.hc.client5.http.wire&amp#27;[0;39m - &amp#27;[32mhttp-outgoing-1 << "[\r][\n]"
&amp#27;[0;39m2023-05-08 13:18:57,133 [main] &amp#27;[39mDEBUG&amp#27;[0;39m &amp#27;[36mc.g.d.z.s.o.a.h.client5.http.headers&amp#27;[0;39m - &amp#27;[32mhttp-outgoing-1 << HTTP/1.1 200 OK
&amp#27;[0;39m2023-05-08 13:18:57,133 [main] &amp#27;[39mDEBUG&amp#27;[0;39m &amp#27;[36mc.g.d.z.s.o.a.h.client5.http.headers&amp#27;[0;39m - &amp#27;[32mhttp-outgoing-1 << Api-Version: 1.42
&amp#27;[0;39m2023-05-08 13:18:57,133 [main] &amp#27;[39mDEBUG&amp#27;[0;39m &amp#27;[36mc.g.d.z.s.o.a.h.client5.http.headers&amp#27;[0;39m - &amp#27;[32mhttp-outgoing-1 << Content-Type: application/json
&amp#27;[0;39m2023-05-08 13:18:57,133 [main] &amp#27;[39mDEBUG&amp#27;[0;39m &amp#27;[36mc.g.d.z.s.o.a.h.client5.http.headers&amp#27;[0;39m - &amp#27;[32mhttp-outgoing-1 << Docker-Experimental: false
&amp#27;[0;39m2023-05-08 13:18:57,133 [main] &amp#27;[39mDEBUG&amp#27;[0;39m &amp#27;[36mc.g.d.z.s.o.a.h.client5.http.headers&amp#27;[0;39m - &amp#27;[32mhttp-outgoing-1 << Ostype: linux
&amp#27;[0;39m2023-05-08 13:18:57,133 [main] &amp#27;[39mDEBUG&amp#27;[0;39m &amp#27;[36mc.g.d.z.s.o.a.h.client5.http.headers&amp#27;[0;39m - &amp#27;[32mhttp-outgoing-1 << Server: Docker/23.0.5 (linux)
&amp#27;[0;39m2023-05-08 13:18:57,133 [main] &amp#27;[39mDEBUG&amp#27;[0;39m &amp#27;[36mc.g.d.z.s.o.a.h.client5.http.headers&amp#27;[0;39m - &amp#27;[32mhttp-outgoing-1 << Date: Mon, 08 May 2023 11:18:57 GMT
&amp#27;[0;39m2023-05-08 13:18:57,133 [main] &amp#27;[39mDEBUG&amp#27;[0;39m &amp#27;[36mc.g.d.z.s.o.a.h.client5.http.headers&amp#27;[0;39m - &amp#27;[32mhttp-outgoing-1 << Transfer-Encoding: chunked
&amp#27;[0;39m2023-05-08 13:18:57,133 [main] &amp#27;[39mDEBUG&amp#27;[0;39m &amp#27;[36mc.g.d.z.s.o.a.h.c.h.i.c.MainClientExec&amp#27;[0;39m - &amp#27;[32mex-00000029: connection can be kept alive for 3 MINUTES
&amp#27;[0;39m2023-05-08 13:18:57,135 [main] &amp#27;[39mDEBUG&amp#27;[0;39m &amp#27;[36mc.g.d.z.s.o.a.h.c.h.i.c.InternalHttpClient&amp#27;[0;39m - &amp#27;[32mep-00000028: releasing valid endpoint
&amp#27;[0;39m2023-05-08 13:18:57,135 [main] &amp#27;[39mDEBUG&amp#27;[0;39m &amp#27;[36mc.g.d.z.s.o.a.h.c.h.i.i.PoolingHttpClientConnectionManager&amp#27;[0;39m - &amp#27;[32mep-00000028: releasing endpoint
&amp#27;[0;39m2023-05-08 13:18:57,136 [main] &amp#27;[39mDEBUG&amp#27;[0;39m &amp#27;[36mc.g.d.z.s.o.a.h.c.h.i.i.PoolingHttpClientConnectionManager&amp#27;[0;39m - &amp#27;[32mep-00000028: connection http-outgoing-1 can be kept alive for 3 MINUTES
&amp#27;[0;39m2023-05-08 13:18:57,136 [main] &amp#27;[39mDEBUG&amp#27;[0;39m &amp#27;[36mc.g.d.z.s.o.a.h.c.h.i.i.PoolingHttpClientConnectionManager&amp#27;[0;39m - &amp#27;[32mep-00000028: connection released [route: {}->unix://localhost:2375][total available: 1; route allocated: 1 of 2147483647; total allocated: 1 of 2147483647]
&amp#27;[0;39m2023-05-08 13:18:57,136 [main] &amp#27;[39mDEBUG&amp#27;[0;39m &amp#27;[36mtc.mysql:8.0.0&amp#27;[0;39m - &amp#27;[32mTrying to create JDBC connection using com.mysql.cj.jdbc.Driver to jdbc:mysql://localhost:32781/test?useSSL=false&allowPublicKeyRetrieval=true with properties: {password=test, user=test}
&amp#27;[0;39m2023-05-08 13:18:57,238 [main] &amp#27;[39mDEBUG&amp#27;[0;39m &amp#27;[36mo.t.s.c.g.d.c.command.AbstrDockerCmd&amp#27;[0;39m - &amp#27;[32mCmd: cccfb0602d7e775562ae171a9fe0a7ec811b6906268008a84fea93151d2a7305,false
&amp#27;[0;39m2023-05-08 13:18:57,238 [main] &amp#27;[39mDEBUG&amp#27;[0;39m &amp#27;[36mo.t.s.c.g.d.c.e.InspectContainerCmdExec&amp#27;[0;39m - &amp#27;[32mGET: DefaultWebTarget{path=[/containers/cccfb0602d7e775562ae171a9fe0a7ec811b6906268008a84fea93151d2a7305/json], queryParams={}}
&amp#27;[0;39m2023-05-08 13:18:57,239 [main] &amp#27;[39mDEBUG&amp#27;[0;39m &amp#27;[36mc.g.d.z.s.o.a.h.c.h.i.c.InternalHttpClient&amp#27;[0;39m - &amp#27;[32mex-0000002A: preparing request execution
&amp#27;[0;39m2023-05-08 13:18:57,239 [main] &amp#27;[39mDEBUG&amp#27;[0;39m &amp#27;[36mc.g.d.z.s.o.a.h.c.h.p.RequestAddCookies&amp#27;[0;39m - &amp#27;[32mCookie spec selected: strict
&amp#27;[0;39m2023-05-08 13:18:57,239 [main] &amp#27;[39mDEBUG&amp#27;[0;39m &amp#27;[36mc.g.d.z.s.o.a.h.c.h.p.RequestAuthCache&amp#27;[0;39m - &amp#27;[32mAuth cache not set in the context
&amp#27;[0;39m2023-05-08 13:18:57,239 [main] &amp#27;[39mDEBUG&amp#27;[0;39m &amp#27;[36mc.g.d.z.s.o.a.h.c.h.i.c.ProtocolExec&amp#27;[0;39m - &amp#27;[32mex-0000002A: target auth state: UNCHALLENGED
&amp#27;[0;39m2023-05-08 13:18:57,239 [main] &amp#27;[39mDEBUG&amp#27;[0;39m &amp#27;[36mc.g.d.z.s.o.a.h.c.h.i.c.ProtocolExec&amp#27;[0;39m - &amp#27;[32mex-0000002A: proxy auth state: UNCHALLENGED
&amp#27;[0;39m2023-05-08 13:18:57,239 [main] &amp#27;[39mDEBUG&amp#27;[0;39m &amp#27;[36mc.g.d.z.s.o.a.h.c.h.i.c.ConnectExec&amp#27;[0;39m - &amp#27;[32mex-0000002A: acquiring connection with route {}->unix://localhost:2375
&amp#27;[0;39m2023-05-08 13:18:57,239 [main] &amp#27;[39mDEBUG&amp#27;[0;39m &amp#27;[36mc.g.d.z.s.o.a.h.c.h.i.c.InternalHttpClient&amp#27;[0;39m - &amp#27;[32mex-0000002A: acquiring endpoint (3 MINUTES)
&amp#27;[0;39m2023-05-08 13:18:57,239 [main] &amp#27;[39mDEBUG&amp#27;[0;39m &amp#27;[36mc.g.d.z.s.o.a.h.c.h.i.i.PoolingHttpClientConnectionManager&amp#27;[0;39m - &amp#27;[32mex-0000002A: endpoint lease request (3 MINUTES) [route: {}->unix://localhost:2375][total available: 1; route allocated: 1 of 2147483647; total allocated: 1 of 2147483647]
&amp#27;[0;39m2023-05-08 13:18:57,240 [main] &amp#27;[39mDEBUG&amp#27;[0;39m &amp#27;[36mc.g.d.z.s.o.a.h.c.h.i.i.PoolingHttpClientConnectionManager&amp#27;[0;39m - &amp#27;[32mex-0000002A: endpoint leased [route: {}->unix://localhost:2375][total available: 0; route allocated: 1 of 2147483647; total allocated: 1 of 2147483647]
&amp#27;[0;39m2023-05-08 13:18:57,240 [main] &amp#27;[39mDEBUG&amp#27;[0;39m &amp#27;[36mc.g.d.z.s.o.a.h.c.h.i.i.PoolingHttpClientConnectionManager&amp#27;[0;39m - &amp#27;[32mex-0000002A: acquired ep-00000029
&amp#27;[0;39m2023-05-08 13:18:57,240 [main] &amp#27;[39mDEBUG&amp#27;[0;39m &amp#27;[36mc.g.d.z.s.o.a.h.c.h.i.c.InternalHttpClient&amp#27;[0;39m - &amp#27;[32mex-0000002A: acquired endpoint ep-00000029
&amp#27;[0;39m2023-05-08 13:18:57,240 [main] &amp#27;[39mDEBUG&amp#27;[0;39m &amp#27;[36mc.g.d.z.s.o.a.h.c.h.i.c.MainClientExec&amp#27;[0;39m - &amp#27;[32mex-0000002A: executing GET /v1.32/containers/cccfb0602d7e775562ae171a9fe0a7ec811b6906268008a84fea93151d2a7305/json HTTP/1.1
&amp#27;[0;39m2023-05-08 13:18:57,240 [main] &amp#27;[39mDEBUG&amp#27;[0;39m &amp#27;[36mc.g.d.z.s.o.a.h.c.h.i.c.InternalHttpClient&amp#27;[0;39m - &amp#27;[32mep-00000029: start execution ex-0000002A
&amp#27;[0;39m2023-05-08 13:18:57,240 [main] &amp#27;[39mDEBUG&amp#27;[0;39m &amp#27;[36mc.g.d.z.s.o.a.h.c.h.i.i.PoolingHttpClientConnectionManager&amp#27;[0;39m - &amp#27;[32mep-00000029: executing exchange ex-0000002A over http-outgoing-1
&amp#27;[0;39m2023-05-08 13:18:57,240 [main] &amp#27;[39mDEBUG&amp#27;[0;39m &amp#27;[36mc.g.d.z.s.o.a.h.client5.http.headers&amp#27;[0;39m - &amp#27;[32mhttp-outgoing-1 >> GET /v1.32/containers/cccfb0602d7e775562ae171a9fe0a7ec811b6906268008a84fea93151d2a7305/json HTTP/1.1
&amp#27;[0;39m2023-05-08 13:18:57,240 [main] &amp#27;[39mDEBUG&amp#27;[0;39m &amp#27;[36mc.g.d.z.s.o.a.h.client5.http.headers&amp#27;[0;39m - &amp#27;[32mhttp-outgoing-1 >> accept: application/json
&amp#27;[0;39m2023-05-08 13:18:57,240 [main] &amp#27;[39mDEBUG&amp#27;[0;39m &amp#27;[36mc.g.d.z.s.o.a.h.client5.http.headers&amp#27;[0;39m - &amp#27;[32mhttp-outgoing-1 >> x-tc-sid: f1b696c1-ec3f-4f95-afa8-081853be7ccb
&amp#27;[0;39m2023-05-08 13:18:57,240 [main] &amp#27;[39mDEBUG&amp#27;[0;39m &amp#27;[36mc.g.d.z.s.o.a.h.client5.http.headers&amp#27;[0;39m - &amp#27;[32mhttp-outgoing-1 >> Accept-Encoding: gzip, x-gzip, deflate
&amp#27;[0;39m2023-05-08 13:18:57,240 [main] &amp#27;[39mDEBUG&amp#27;[0;39m &amp#27;[36mc.g.d.z.s.o.a.h.client5.http.headers&amp#27;[0;39m - &amp#27;[32mhttp-outgoing-1 >> Host: localhost:2375
&amp#27;[0;39m2023-05-08 13:18:57,240 [main] &amp#27;[39mDEBUG&amp#27;[0;39m &amp#27;[36mc.g.d.z.s.o.a.h.client5.http.headers&amp#27;[0;39m - &amp#27;[32mhttp-outgoing-1 >> Connection: keep-alive
&amp#27;[0;39m2023-05-08 13:18:57,240 [main] &amp#27;[39mDEBUG&amp#27;[0;39m &amp#27;[36mc.g.d.z.s.o.a.h.client5.http.headers&amp#27;[0;39m - &amp#27;[32mhttp-outgoing-1 >> User-Agent: Apache-HttpClient/5.0.3 (Java/17.0.6)
&amp#27;[0;39m2023-05-08 13:18:57,240 [main] &amp#27;[39mDEBUG&amp#27;[0;39m &amp#27;[36mc.g.d.z.s.o.a.hc.client5.http.wire&amp#27;[0;39m - &amp#27;[32mhttp-outgoing-1 >> "GET /v1.32/containers/cccfb0602d7e775562ae171a9fe0a7ec811b6906268008a84fea93151d2a7305/json HTTP/1.1[\r][\n]"
&amp#27;[0;39m2023-05-08 13:18:57,240 [main] &amp#27;[39mDEBUG&amp#27;[0;39m &amp#27;[36mc.g.d.z.s.o.a.hc.client5.http.wire&amp#27;[0;39m - &amp#27;[32mhttp-outgoing-1 >> "accept: application/json[\r][\n]"
&amp#27;[0;39m2023-05-08 13:18:57,240 [main] &amp#27;[39mDEBUG&amp#27;[0;39m &amp#27;[36mc.g.d.z.s.o.a.hc.client5.http.wire&amp#27;[0;39m - &amp#27;[32mhttp-outgoing-1 >> "x-tc-sid: f1b696c1-ec3f-4f95-afa8-081853be7ccb[\r][\n]"
&amp#27;[0;39m2023-05-08 13:18:57,240 [main] &amp#27;[39mDEBUG&amp#27;[0;39m &amp#27;[36mc.g.d.z.s.o.a.hc.client5.http.wire&amp#27;[0;39m - &amp#27;[32mhttp-outgoing-1 >> "Accept-Encoding: gzip, x-gzip, deflate[\r][\n]"
&amp#27;[0;39m2023-05-08 13:18:57,240 [main] &amp#27;[39mDEBUG&amp#27;[0;39m &amp#27;[36mc.g.d.z.s.o.a.hc.client5.http.wire&amp#27;[0;39m - &amp#27;[32mhttp-outgoing-1 >> "Host: localhost:2375[\r][\n]"
&amp#27;[0;39m2023-05-08 13:18:57,240 [main] &amp#27;[39mDEBUG&amp#27;[0;39m &amp#27;[36mc.g.d.z.s.o.a.hc.client5.http.wire&amp#27;[0;39m - &amp#27;[32mhttp-outgoing-1 >> "Connection: keep-alive[\r][\n]"
&amp#27;[0;39m2023-05-08 13:18:57,240 [main] &amp#27;[39mDEBUG&amp#27;[0;39m &amp#27;[36mc.g.d.z.s.o.a.hc.client5.http.wire&amp#27;[0;39m - &amp#27;[32mhttp-outgoing-1 >> "User-Agent: Apache-HttpClient/5.0.3 (Java/17.0.6)[\r][\n]"
&amp#27;[0;39m2023-05-08 13:18:57,240 [main] &amp#27;[39mDEBUG&amp#27;[0;39m &amp#27;[36mc.g.d.z.s.o.a.hc.client5.http.wire&amp#27;[0;39m - &amp#27;[32mhttp-outgoing-1 >> "[\r][\n]"
&amp#27;[0;39m2023-05-08 13:18:57,241 [main] &amp#27;[39mDEBUG&amp#27;[0;39m &amp#27;[36mc.g.d.z.s.o.a.hc.client5.http.wire&amp#27;[0;39m - &amp#27;[32mhttp-outgoing-1 << "HTTP/1.1 200 OK[\r][\n]"
&amp#27;[0;39m2023-05-08 13:18:57,241 [main] &amp#27;[39mDEBUG&amp#27;[0;39m &amp#27;[36mc.g.d.z.s.o.a.hc.client5.http.wire&amp#27;[0;39m - &amp#27;[32mhttp-outgoing-1 << "Api-Version: 1.42[\r][\n]"
&amp#27;[0;39m2023-05-08 13:18:57,241 [main] &amp#27;[39mDEBUG&amp#27;[0;39m &amp#27;[36mc.g.d.z.s.o.a.hc.client5.http.wire&amp#27;[0;39m - &amp#27;[32mhttp-outgoing-1 << "Content-Type: application/json[\r][\n]"
&amp#27;[0;39m2023-05-08 13:18:57,241 [main] &amp#27;[39mDEBUG&amp#27;[0;39m &amp#27;[36mc.g.d.z.s.o.a.hc.client5.http.wire&amp#27;[0;39m - &amp#27;[32mhttp-outgoing-1 << "Docker-Experimental: false[\r][\n]"
&amp#27;[0;39m2023-05-08 13:18:57,241 [main] &amp#27;[39mDEBUG&amp#27;[0;39m &amp#27;[36mc.g.d.z.s.o.a.hc.client5.http.wire&amp#27;[0;39m - &amp#27;[32mhttp-outgoing-1 << "Ostype: linux[\r][\n]"
&amp#27;[0;39m2023-05-08 13:18:57,241 [main] &amp#27;[39mDEBUG&amp#27;[0;39m &amp#27;[36mc.g.d.z.s.o.a.hc.client5.http.wire&amp#27;[0;39m - &amp#27;[32mhttp-outgoing-1 << "Server: Docker/23.0.5 (linux)[\r][\n]"
&amp#27;[0;39m2023-05-08 13:18:57,241 [main] &amp#27;[39mDEBUG&amp#27;[0;39m &amp#27;[36mc.g.d.z.s.o.a.hc.client5.http.wire&amp#27;[0;39m - &amp#27;[32mhttp-outgoing-1 << "Date: Mon, 08 May 2023 11:18:57 GMT[\r][\n]"
&amp#27;[0;39m2023-05-08 13:18:57,241 [main] &amp#27;[39mDEBUG&amp#27;[0;39m &amp#27;[36mc.g.d.z.s.o.a.hc.client5.http.wire&amp#27;[0;39m - &amp#27;[32mhttp-outgoing-1 << "Transfer-Encoding: chunked[\r][\n]"
&amp#27;[0;39m2023-05-08 13:18:57,241 [main] &amp#27;[39mDEBUG&amp#27;[0;39m &amp#27;[36mc.g.d.z.s.o.a.hc.client5.http.wire&amp#27;[0;39m - &amp#27;[32mhttp-outgoing-1 << "[\r][\n]"
&amp#27;[0;39m2023-05-08 13:18:57,241 [main] &amp#27;[39mDEBUG&amp#27;[0;39m &amp#27;[36mc.g.d.z.s.o.a.hc.client5.http.wire&amp#27;[0;39m - &amp#27;[32mhttp-outgoing-1 << "1890[\r][\n]"
&amp#27;[0;39m2023-05-08 13:18:57,241 [main] &amp#27;[39mDEBUG&amp#27;[0;39m &amp#27;[36mc.g.d.z.s.o.a.hc.client5.http.wire&amp#27;[0;39m - &amp#27;[32mhttp-outgoing-1 << "{"Id":"cccfb0602d7e775562ae171a9fe0a7ec811b6906268008a84fea93151d2a7305","Created":"2023-05-08T11:18:54.120535425Z","Path":"docker-entrypoint.sh","Args":["mysqld"],"State":{"Status":"running","Running":true,"Paused":false,"Restarting":false,"OOMKilled":false,"Dead":false,"Pid":59126,"ExitCode":0,"Error":"","StartedAt":"2023-05-08T11:18:54.468577716Z","FinishedAt":"0001-01-01T00:00:00Z"},"Image":"sha256:228d71078f8ce5ae9fd96b183f88c3a90e30544b4b7ce9d64a238d05fef2a681","ResolvConfPath":"/var/lib/docker/containers/cccfb0602d7e775562ae171a9fe0a7ec811b6906268008a84fea93151d2a7305/resolv.conf","HostnamePath":"/var/lib/docker/containers/cccfb0602d7e775562ae171a9fe0a7ec811b6906268008a84fea93151d2a7305/hostname","HostsPath":"/var/lib/docker/containers/cccfb0602d7e775562ae171a9fe0a7ec811b6906268008a84fea93151d2a7305/hosts","LogPath":"/var/lib/docker/containers/cccfb0602d7e775562ae171a9fe0a7ec811b6906268008a84fea93151d2a7305/cccfb0602d7e775562ae171a9fe0a7ec811b6906268008a84fea93151d2a7305-json.log","Name":"/charming_goodall","RestartCount":0,"Driver":"overlay2","Platform":"linux","MountLabel":"","ProcessLabel":"","AppArmorProfile":"docker-default","ExecIDs":null,"HostConfig":{"Binds":[],"ContainerIDFile":"","LogConfig":{"Type":"json-file","Config":{}},"NetworkMode":"default","PortBindings":{"3306/tcp":[{"HostIp":"","HostPort":""}]},"RestartPolicy":{"Name":"","MaximumRetryCount":0},"AutoRemove":false,"VolumeDriver":"","VolumesFrom":[],"ConsoleSize":[0,0],"CapAdd":null,"CapDrop":null,"CgroupnsMode":"private","Dns":null,"DnsOptions":null,"DnsSearch":null,"ExtraHosts":[],"GroupAdd":null,"IpcMode":"shareable","Cgroup":"","Links":null,"OomScoreAdj":0,"PidMode":"","Privileged":false,"PublishAllPorts":false,"ReadonlyRootfs":false,"SecurityOpt":null,"UTSMode":"","UsernsMode":"","ShmSize":67108864,"Runtime":"runc","Isolation":"","CpuShares":0,"Memory":0,"NanoCpus":0,"CgroupParent":"","BlkioWeight":0,"BlkioWeightDevice":null,"BlkioDeviceReadBps":null,"BlkioDeviceWriteBps":null,"BlkioDeviceReadIOps":null,"BlkioDeviceWriteIOps":null,"CpuPeriod":0,"CpuQuota":0,"CpuRealtimePeriod":0,"CpuRealtimeRuntime":0,"CpusetCpus":"","CpusetMems":"","Devices":null,"DeviceCgroupRules":null,"DeviceRequests":null,"MemoryReservation":0,"MemorySwap":0,"MemorySwappiness":null,"OomKillDisable":null,"PidsLimit":null,"Ulimits":null,"CpuCount":0,"CpuPercent":0,"IOMaximumIOps":0,"IOMaximumBandwidth":0,"MaskedPaths":["/proc/asound","/proc/acpi","/proc/kcore","/proc/keys","/proc/latency_stats","/proc/timer_list","/proc/timer_stats","/proc/sched_debug","/proc/scsi","/sys/firmware"],"ReadonlyPaths":["/proc/bus","/proc/fs","/proc/irq","/proc/sys","/proc/sysrq-trigger"]},"GraphDriver":{"Data":{"LowerDir":"/var/lib/docker/overlay2/0075f27ac39799b376a3e23bf05a650eb10c8a0f9ef49be1ab61e98fd3b93dc3-init/diff:/var/lib/docker/overlay2/4c6e20f032f02b27a9272f982861dc21998197aa90d94ed3bef95d449380247c/diff:/var/lib/docker/overlay2/0c75f828f603eff839bb3ca448163ab2a8017e86625ac255cd3dbf1673ddac26/diff:/var/lib/docker/overlay2/da128d897fda75829109844ce6cd9d73d0f54c682e735100af000ce899908729/diff:/var/lib/docker/overlay2/b678a1f261bf323afba6d76d91ab7428bdd6e1ef4a39b5224e4a1afd08c0423a/diff:/var/lib/docker/overlay2/1bec43b14875c5f9f814f146e8e31aa78566689c2c163da2ac60a32254988437/diff:/var/lib/docker/overlay2/28f4b1e6e1a7a2dbe30f1f94fb42bccd85a61faf8af1fe30a5bb0d442c525e41/diff:/var/lib/docker/overlay2/0f493124464c291d7c97d2633d5dff04b1dce5de904cb40a34dfbe7fe72e3fd4/diff:/var/lib/docker/overlay2/05befbee9e38cd670e1786b3310e99796dcc06abbed970007b4109a5424843fa/diff:/var/lib/docker/overlay2/582bcca9acfc4eef25109e1e1b9c9d104f355798455bc73e855c99283887a6e8/diff:/var/lib/docker/overlay2/153b3bf0b69e97e8f0e5533414a31ca33fa530e63d174c9617621abe46e7e9d1/diff:/var/lib/docker/overlay2/bf87a76c0a38875ee6e915fd0d2527eafa880ec6bf2c1cb294959428c18d10bd/diff","MergedDir":"/var/lib/docker/overlay2/0075f27ac39799b376a3e23bf05a650eb10c8a0f9ef49be1ab61e98fd3b93dc3/merged","UpperDir":"/var/lib/docker/overlay2/0075f27ac39799b376a3e23bf05a650eb10c8a0f9ef49be1ab61e98fd3b93dc3/diff","WorkDir":"/var/lib/docker/overlay2/0075f27ac39799b376a3e23bf05a650eb10c8a0f9ef49be1ab61e98fd3b93dc3/work"},"Name":"overlay2"},"Mounts":[{"Type":"volume","Name":"ffd30c8cc7ed7bf91bc1ebef46b0f06493ce1d3121e28c37d40240bd74b844a5","Source":"/var/lib/docker/volumes/ffd30c8cc7ed7bf91bc1ebef46b0f06493ce1d3121e28c37d40240bd74b844a5/_data","Destination":"/var/lib/mysql","Driver":"local","Mode":"","RW":true,"Propagation":""}],"Config":{"Hostname":"cccfb0602d7e","Domainname":"","User":"","AttachStdin":false,"AttachStdout":false,"AttachStderr":false,"ExposedPorts":{"3306/tcp":{}},"Tty":false,"OpenStdin":false,"StdinOnce":false,"Env":["MYSQL_DATABASE=test","MYSQL_PASSWORD=test","MYSQL_USER=test","MYSQL_ROOT_PASSWORD=test","PATH=/usr/local/sbin:/usr/local/bin:/usr/sbin:/usr/bin:/sbin:/bin","GOSU_VERSION=1.7","MYSQL_MAJOR=8.0","MYSQL_VERSION=8.0.0-dmr-1debian8"],"Cmd":["mysqld"],"Image":"mysql:8.0.0","Volumes":{"/var/lib/mysql":{}},"WorkingDir":"","Entrypoint":["docker-entrypoint.sh"],"OnBuild":null,"Labels":{"org.testcontainers":"true","org.testcontainers.lang":"java","org.testcontainers.sessionId":"f1b696c1-ec3f-4f95-afa8-081853be7ccb","org.testcontainers.version":"1.18.0"}},"NetworkSettings":{"Bridge":"","SandboxID":"75a4ef0436803615aa77c8b97de3cbbdd49519261fe2b3b6cdcae9bd2b1154aa","HairpinMode":false,"LinkLocalIPv6Address":"","LinkLocalIPv6PrefixLen":0,"Ports":{"3306/tcp":[{"HostIp":"0.0.0.0","HostPort":"32781"},{"HostIp":"::","HostPort":"32781"}]},"SandboxKey":"/var/run/docker/netns/75a4ef043680","SecondaryIPAddresses":null,"SecondaryIPv6Addresses":null,"EndpointID":"de3a5c9cc9471fdbec5943d78a8803fca61208fe4021ac9d3922ee2e8ec0d135","Gateway":"172.17.0.1","GlobalIPv6Address":"","GlobalIPv6PrefixLen":0,"IPAddress":"172.17.0.3","IPPrefixLen":16,"IPv6Gateway":"","MacAddress":"02:42:ac:11:00:03","Networks":{"bridge":{"IPAMConfig":null,"Links":null,"Aliases":null,"NetworkID":"e1a078e12eb8d77b497ed932f7fb43787eeb6ff6972febd7d03c9282b8b5cd45","EndpointID":"de3a5c9cc9471fdbec5943d78a8803fca61208fe4021ac9d3922ee2e8ec0d135","Gateway":"172.17.0.1","IPAddress":"172.17.0.3","IPPrefixLen":16,"IPv6Gateway":"","GlobalIPv6Address":"","GlobalIPv6PrefixLen":0,"MacAddress":"02:42:ac:11:00:03","DriverOpts":null}}}}[\n]"
&amp#27;[0;39m2023-05-08 13:18:57,241 [main] &amp#27;[39mDEBUG&amp#27;[0;39m &amp#27;[36mc.g.d.z.s.o.a.hc.client5.http.wire&amp#27;[0;39m - &amp#27;[32mhttp-outgoing-1 << "[\r][\n]"
&amp#27;[0;39m2023-05-08 13:18:57,241 [main] &amp#27;[39mDEBUG&amp#27;[0;39m &amp#27;[36mc.g.d.z.s.o.a.hc.client5.http.wire&amp#27;[0;39m - &amp#27;[32mhttp-outgoing-1 << "0[\r][\n]"
&amp#27;[0;39m2023-05-08 13:18:57,241 [main] &amp#27;[39mDEBUG&amp#27;[0;39m &amp#27;[36mc.g.d.z.s.o.a.hc.client5.http.wire&amp#27;[0;39m - &amp#27;[32mhttp-outgoing-1 << "[\r][\n]"
&amp#27;[0;39m2023-05-08 13:18:57,241 [main] &amp#27;[39mDEBUG&amp#27;[0;39m &amp#27;[36mc.g.d.z.s.o.a.h.client5.http.headers&amp#27;[0;39m - &amp#27;[32mhttp-outgoing-1 << HTTP/1.1 200 OK
&amp#27;[0;39m2023-05-08 13:18:57,241 [main] &amp#27;[39mDEBUG&amp#27;[0;39m &amp#27;[36mc.g.d.z.s.o.a.h.client5.http.headers&amp#27;[0;39m - &amp#27;[32mhttp-outgoing-1 << Api-Version: 1.42
&amp#27;[0;39m2023-05-08 13:18:57,241 [main] &amp#27;[39mDEBUG&amp#27;[0;39m &amp#27;[36mc.g.d.z.s.o.a.h.client5.http.headers&amp#27;[0;39m - &amp#27;[32mhttp-outgoing-1 << Content-Type: application/json
&amp#27;[0;39m2023-05-08 13:18:57,241 [main] &amp#27;[39mDEBUG&amp#27;[0;39m &amp#27;[36mc.g.d.z.s.o.a.h.client5.http.headers&amp#27;[0;39m - &amp#27;[32mhttp-outgoing-1 << Docker-Experimental: false
&amp#27;[0;39m2023-05-08 13:18:57,241 [main] &amp#27;[39mDEBUG&amp#27;[0;39m &amp#27;[36mc.g.d.z.s.o.a.h.client5.http.headers&amp#27;[0;39m - &amp#27;[32mhttp-outgoing-1 << Ostype: linux
&amp#27;[0;39m2023-05-08 13:18:57,241 [main] &amp#27;[39mDEBUG&amp#27;[0;39m &amp#27;[36mc.g.d.z.s.o.a.h.client5.http.headers&amp#27;[0;39m - &amp#27;[32mhttp-outgoing-1 << Server: Docker/23.0.5 (linux)
&amp#27;[0;39m2023-05-08 13:18:57,241 [main] &amp#27;[39mDEBUG&amp#27;[0;39m &amp#27;[36mc.g.d.z.s.o.a.h.client5.http.headers&amp#27;[0;39m - &amp#27;[32mhttp-outgoing-1 << Date: Mon, 08 May 2023 11:18:57 GMT
&amp#27;[0;39m2023-05-08 13:18:57,241 [main] &amp#27;[39mDEBUG&amp#27;[0;39m &amp#27;[36mc.g.d.z.s.o.a.h.client5.http.headers&amp#27;[0;39m - &amp#27;[32mhttp-outgoing-1 << Transfer-Encoding: chunked
&amp#27;[0;39m2023-05-08 13:18:57,241 [main] &amp#27;[39mDEBUG&amp#27;[0;39m &amp#27;[36mc.g.d.z.s.o.a.h.c.h.i.c.MainClientExec&amp#27;[0;39m - &amp#27;[32mex-0000002A: connection can be kept alive for 3 MINUTES
&amp#27;[0;39m2023-05-08 13:18:57,242 [main] &amp#27;[39mDEBUG&amp#27;[0;39m &amp#27;[36mc.g.d.z.s.o.a.h.c.h.i.c.InternalHttpClient&amp#27;[0;39m - &amp#27;[32mep-00000029: releasing valid endpoint
&amp#27;[0;39m2023-05-08 13:18:57,242 [main] &amp#27;[39mDEBUG&amp#27;[0;39m &amp#27;[36mc.g.d.z.s.o.a.h.c.h.i.i.PoolingHttpClientConnectionManager&amp#27;[0;39m - &amp#27;[32mep-00000029: releasing endpoint
&amp#27;[0;39m2023-05-08 13:18:57,242 [main] &amp#27;[39mDEBUG&amp#27;[0;39m &amp#27;[36mc.g.d.z.s.o.a.h.c.h.i.i.PoolingHttpClientConnectionManager&amp#27;[0;39m - &amp#27;[32mep-00000029: connection http-outgoing-1 can be kept alive for 3 MINUTES
&amp#27;[0;39m2023-05-08 13:18:57,242 [main] &amp#27;[39mDEBUG&amp#27;[0;39m &amp#27;[36mc.g.d.z.s.o.a.h.c.h.i.i.PoolingHttpClientConnectionManager&amp#27;[0;39m - &amp#27;[32mep-00000029: connection released [route: {}->unix://localhost:2375][total available: 1; route allocated: 1 of 2147483647; total allocated: 1 of 2147483647]
&amp#27;[0;39m2023-05-08 13:18:57,242 [main] &amp#27;[39mDEBUG&amp#27;[0;39m &amp#27;[36mtc.mysql:8.0.0&amp#27;[0;39m - &amp#27;[32mTrying to create JDBC connection using com.mysql.cj.jdbc.Driver to jdbc:mysql://localhost:32781/test?useSSL=false&allowPublicKeyRetrieval=true with properties: {password=test, user=test}
&amp#27;[0;39m2023-05-08 13:18:57,343 [main] &amp#27;[39mDEBUG&amp#27;[0;39m &amp#27;[36mo.t.s.c.g.d.c.command.AbstrDockerCmd&amp#27;[0;39m - &amp#27;[32mCmd: cccfb0602d7e775562ae171a9fe0a7ec811b6906268008a84fea93151d2a7305,false
&amp#27;[0;39m2023-05-08 13:18:57,343 [main] &amp#27;[39mDEBUG&amp#27;[0;39m &amp#27;[36mo.t.s.c.g.d.c.e.InspectContainerCmdExec&amp#27;[0;39m - &amp#27;[32mGET: DefaultWebTarget{path=[/containers/cccfb0602d7e775562ae171a9fe0a7ec811b6906268008a84fea93151d2a7305/json], queryParams={}}
&amp#27;[0;39m2023-05-08 13:18:57,344 [main] &amp#27;[39mDEBUG&amp#27;[0;39m &amp#27;[36mc.g.d.z.s.o.a.h.c.h.i.c.InternalHttpClient&amp#27;[0;39m - &amp#27;[32mex-0000002B: preparing request execution
&amp#27;[0;39m2023-05-08 13:18:57,344 [main] &amp#27;[39mDEBUG&amp#27;[0;39m &amp#27;[36mc.g.d.z.s.o.a.h.c.h.p.RequestAddCookies&amp#27;[0;39m - &amp#27;[32mCookie spec selected: strict
&amp#27;[0;39m2023-05-08 13:18:57,344 [main] &amp#27;[39mDEBUG&amp#27;[0;39m &amp#27;[36mc.g.d.z.s.o.a.h.c.h.p.RequestAuthCache&amp#27;[0;39m - &amp#27;[32mAuth cache not set in the context
&amp#27;[0;39m2023-05-08 13:18:57,344 [main] &amp#27;[39mDEBUG&amp#27;[0;39m &amp#27;[36mc.g.d.z.s.o.a.h.c.h.i.c.ProtocolExec&amp#27;[0;39m - &amp#27;[32mex-0000002B: target auth state: UNCHALLENGED
&amp#27;[0;39m2023-05-08 13:18:57,344 [main] &amp#27;[39mDEBUG&amp#27;[0;39m &amp#27;[36mc.g.d.z.s.o.a.h.c.h.i.c.ProtocolExec&amp#27;[0;39m - &amp#27;[32mex-0000002B: proxy auth state: UNCHALLENGED
&amp#27;[0;39m2023-05-08 13:18:57,344 [main] &amp#27;[39mDEBUG&amp#27;[0;39m &amp#27;[36mc.g.d.z.s.o.a.h.c.h.i.c.ConnectExec&amp#27;[0;39m - &amp#27;[32mex-0000002B: acquiring connection with route {}->unix://localhost:2375
&amp#27;[0;39m2023-05-08 13:18:57,344 [main] &amp#27;[39mDEBUG&amp#27;[0;39m &amp#27;[36mc.g.d.z.s.o.a.h.c.h.i.c.InternalHttpClient&amp#27;[0;39m - &amp#27;[32mex-0000002B: acquiring endpoint (3 MINUTES)
&amp#27;[0;39m2023-05-08 13:18:57,344 [main] &amp#27;[39mDEBUG&amp#27;[0;39m &amp#27;[36mc.g.d.z.s.o.a.h.c.h.i.i.PoolingHttpClientConnectionManager&amp#27;[0;39m - &amp#27;[32mex-0000002B: endpoint lease request (3 MINUTES) [route: {}->unix://localhost:2375][total available: 1; route allocated: 1 of 2147483647; total allocated: 1 of 2147483647]
&amp#27;[0;39m2023-05-08 13:18:57,344 [main] &amp#27;[39mDEBUG&amp#27;[0;39m &amp#27;[36mc.g.d.z.s.o.a.h.c.h.i.i.PoolingHttpClientConnectionManager&amp#27;[0;39m - &amp#27;[32mex-0000002B: endpoint leased [route: {}->unix://localhost:2375][total available: 0; route allocated: 1 of 2147483647; total allocated: 1 of 2147483647]
&amp#27;[0;39m2023-05-08 13:18:57,344 [main] &amp#27;[39mDEBUG&amp#27;[0;39m &amp#27;[36mc.g.d.z.s.o.a.h.c.h.i.i.PoolingHttpClientConnectionManager&amp#27;[0;39m - &amp#27;[32mex-0000002B: acquired ep-0000002A
&amp#27;[0;39m2023-05-08 13:18:57,344 [main] &amp#27;[39mDEBUG&amp#27;[0;39m &amp#27;[36mc.g.d.z.s.o.a.h.c.h.i.c.InternalHttpClient&amp#27;[0;39m - &amp#27;[32mex-0000002B: acquired endpoint ep-0000002A
&amp#27;[0;39m2023-05-08 13:18:57,344 [main] &amp#27;[39mDEBUG&amp#27;[0;39m &amp#27;[36mc.g.d.z.s.o.a.h.c.h.i.c.MainClientExec&amp#27;[0;39m - &amp#27;[32mex-0000002B: executing GET /v1.32/containers/cccfb0602d7e775562ae171a9fe0a7ec811b6906268008a84fea93151d2a7305/json HTTP/1.1
&amp#27;[0;39m2023-05-08 13:18:57,344 [main] &amp#27;[39mDEBUG&amp#27;[0;39m &amp#27;[36mc.g.d.z.s.o.a.h.c.h.i.c.InternalHttpClient&amp#27;[0;39m - &amp#27;[32mep-0000002A: start execution ex-0000002B
&amp#27;[0;39m2023-05-08 13:18:57,344 [main] &amp#27;[39mDEBUG&amp#27;[0;39m &amp#27;[36mc.g.d.z.s.o.a.h.c.h.i.i.PoolingHttpClientConnectionManager&amp#27;[0;39m - &amp#27;[32mep-0000002A: executing exchange ex-0000002B over http-outgoing-1
&amp#27;[0;39m2023-05-08 13:18:57,344 [main] &amp#27;[39mDEBUG&amp#27;[0;39m &amp#27;[36mc.g.d.z.s.o.a.h.client5.http.headers&amp#27;[0;39m - &amp#27;[32mhttp-outgoing-1 >> GET /v1.32/containers/cccfb0602d7e775562ae171a9fe0a7ec811b6906268008a84fea93151d2a7305/json HTTP/1.1
&amp#27;[0;39m2023-05-08 13:18:57,344 [main] &amp#27;[39mDEBUG&amp#27;[0;39m &amp#27;[36mc.g.d.z.s.o.a.h.client5.http.headers&amp#27;[0;39m - &amp#27;[32mhttp-outgoing-1 >> accept: application/json
&amp#27;[0;39m2023-05-08 13:18:57,344 [main] &amp#27;[39mDEBUG&amp#27;[0;39m &amp#27;[36mc.g.d.z.s.o.a.h.client5.http.headers&amp#27;[0;39m - &amp#27;[32mhttp-outgoing-1 >> x-tc-sid: f1b696c1-ec3f-4f95-afa8-081853be7ccb
&amp#27;[0;39m2023-05-08 13:18:57,344 [main] &amp#27;[39mDEBUG&amp#27;[0;39m &amp#27;[36mc.g.d.z.s.o.a.h.client5.http.headers&amp#27;[0;39m - &amp#27;[32mhttp-outgoing-1 >> Accept-Encoding: gzip, x-gzip, deflate
&amp#27;[0;39m2023-05-08 13:18:57,344 [main] &amp#27;[39mDEBUG&amp#27;[0;39m &amp#27;[36mc.g.d.z.s.o.a.h.client5.http.headers&amp#27;[0;39m - &amp#27;[32mhttp-outgoing-1 >> Host: localhost:2375
&amp#27;[0;39m2023-05-08 13:18:57,344 [main] &amp#27;[39mDEBUG&amp#27;[0;39m &amp#27;[36mc.g.d.z.s.o.a.h.client5.http.headers&amp#27;[0;39m - &amp#27;[32mhttp-outgoing-1 >> Connection: keep-alive
&amp#27;[0;39m2023-05-08 13:18:57,344 [main] &amp#27;[39mDEBUG&amp#27;[0;39m &amp#27;[36mc.g.d.z.s.o.a.h.client5.http.headers&amp#27;[0;39m - &amp#27;[32mhttp-outgoing-1 >> User-Agent: Apache-HttpClient/5.0.3 (Java/17.0.6)
&amp#27;[0;39m2023-05-08 13:18:57,344 [main] &amp#27;[39mDEBUG&amp#27;[0;39m &amp#27;[36mc.g.d.z.s.o.a.hc.client5.http.wire&amp#27;[0;39m - &amp#27;[32mhttp-outgoing-1 >> "GET /v1.32/containers/cccfb0602d7e775562ae171a9fe0a7ec811b6906268008a84fea93151d2a7305/json HTTP/1.1[\r][\n]"
&amp#27;[0;39m2023-05-08 13:18:57,344 [main] &amp#27;[39mDEBUG&amp#27;[0;39m &amp#27;[36mc.g.d.z.s.o.a.hc.client5.http.wire&amp#27;[0;39m - &amp#27;[32mhttp-outgoing-1 >> "accept: application/json[\r][\n]"
&amp#27;[0;39m2023-05-08 13:18:57,344 [main] &amp#27;[39mDEBUG&amp#27;[0;39m &amp#27;[36mc.g.d.z.s.o.a.hc.client5.http.wire&amp#27;[0;39m - &amp#27;[32mhttp-outgoing-1 >> "x-tc-sid: f1b696c1-ec3f-4f95-afa8-081853be7ccb[\r][\n]"
&amp#27;[0;39m2023-05-08 13:18:57,344 [main] &amp#27;[39mDEBUG&amp#27;[0;39m &amp#27;[36mc.g.d.z.s.o.a.hc.client5.http.wire&amp#27;[0;39m - &amp#27;[32mhttp-outgoing-1 >> "Accept-Encoding: gzip, x-gzip, deflate[\r][\n]"
&amp#27;[0;39m2023-05-08 13:18:57,344 [main] &amp#27;[39mDEBUG&amp#27;[0;39m &amp#27;[36mc.g.d.z.s.o.a.hc.client5.http.wire&amp#27;[0;39m - &amp#27;[32mhttp-outgoing-1 >> "Host: localhost:2375[\r][\n]"
&amp#27;[0;39m2023-05-08 13:18:57,344 [main] &amp#27;[39mDEBUG&amp#27;[0;39m &amp#27;[36mc.g.d.z.s.o.a.hc.client5.http.wire&amp#27;[0;39m - &amp#27;[32mhttp-outgoing-1 >> "Connection: keep-alive[\r][\n]"
&amp#27;[0;39m2023-05-08 13:18:57,344 [main] &amp#27;[39mDEBUG&amp#27;[0;39m &amp#27;[36mc.g.d.z.s.o.a.hc.client5.http.wire&amp#27;[0;39m - &amp#27;[32mhttp-outgoing-1 >> "User-Agent: Apache-HttpClient/5.0.3 (Java/17.0.6)[\r][\n]"
&amp#27;[0;39m2023-05-08 13:18:57,345 [main] &amp#27;[39mDEBUG&amp#27;[0;39m &amp#27;[36mc.g.d.z.s.o.a.hc.client5.http.wire&amp#27;[0;39m - &amp#27;[32mhttp-outgoing-1 >> "[\r][\n]"
&amp#27;[0;39m2023-05-08 13:18:57,345 [main] &amp#27;[39mDEBUG&amp#27;[0;39m &amp#27;[36mc.g.d.z.s.o.a.hc.client5.http.wire&amp#27;[0;39m - &amp#27;[32mhttp-outgoing-1 << "HTTP/1.1 200 OK[\r][\n]"
&amp#27;[0;39m2023-05-08 13:18:57,345 [main] &amp#27;[39mDEBUG&amp#27;[0;39m &amp#27;[36mc.g.d.z.s.o.a.hc.client5.http.wire&amp#27;[0;39m - &amp#27;[32mhttp-outgoing-1 << "Api-Version: 1.42[\r][\n]"
&amp#27;[0;39m2023-05-08 13:18:57,345 [main] &amp#27;[39mDEBUG&amp#27;[0;39m &amp#27;[36mc.g.d.z.s.o.a.hc.client5.http.wire&amp#27;[0;39m - &amp#27;[32mhttp-outgoing-1 << "Content-Type: application/json[\r][\n]"
&amp#27;[0;39m2023-05-08 13:18:57,345 [main] &amp#27;[39mDEBUG&amp#27;[0;39m &amp#27;[36mc.g.d.z.s.o.a.hc.client5.http.wire&amp#27;[0;39m - &amp#27;[32mhttp-outgoing-1 << "Docker-Experimental: false[\r][\n]"
&amp#27;[0;39m2023-05-08 13:18:57,345 [main] &amp#27;[39mDEBUG&amp#27;[0;39m &amp#27;[36mc.g.d.z.s.o.a.hc.client5.http.wire&amp#27;[0;39m - &amp#27;[32mhttp-outgoing-1 << "Ostype: linux[\r][\n]"
&amp#27;[0;39m2023-05-08 13:18:57,345 [main] &amp#27;[39mDEBUG&amp#27;[0;39m &amp#27;[36mc.g.d.z.s.o.a.hc.client5.http.wire&amp#27;[0;39m - &amp#27;[32mhttp-outgoing-1 << "Server: Docker/23.0.5 (linux)[\r][\n]"
&amp#27;[0;39m2023-05-08 13:18:57,345 [main] &amp#27;[39mDEBUG&amp#27;[0;39m &amp#27;[36mc.g.d.z.s.o.a.hc.client5.http.wire&amp#27;[0;39m - &amp#27;[32mhttp-outgoing-1 << "Date: Mon, 08 May 2023 11:18:57 GMT[\r][\n]"
&amp#27;[0;39m2023-05-08 13:18:57,345 [main] &amp#27;[39mDEBUG&amp#27;[0;39m &amp#27;[36mc.g.d.z.s.o.a.hc.client5.http.wire&amp#27;[0;39m - &amp#27;[32mhttp-outgoing-1 << "Transfer-Encoding: chunked[\r][\n]"
&amp#27;[0;39m2023-05-08 13:18:57,345 [main] &amp#27;[39mDEBUG&amp#27;[0;39m &amp#27;[36mc.g.d.z.s.o.a.hc.client5.http.wire&amp#27;[0;39m - &amp#27;[32mhttp-outgoing-1 << "[\r][\n]"
&amp#27;[0;39m2023-05-08 13:18:57,345 [main] &amp#27;[39mDEBUG&amp#27;[0;39m &amp#27;[36mc.g.d.z.s.o.a.hc.client5.http.wire&amp#27;[0;39m - &amp#27;[32mhttp-outgoing-1 << "1890[\r][\n]"
&amp#27;[0;39m2023-05-08 13:18:57,345 [main] &amp#27;[39mDEBUG&amp#27;[0;39m &amp#27;[36mc.g.d.z.s.o.a.hc.client5.http.wire&amp#27;[0;39m - &amp#27;[32mhttp-outgoing-1 << "{"Id":"cccfb0602d7e775562ae171a9fe0a7ec811b6906268008a84fea93151d2a7305","Created":"2023-05-08T11:18:54.120535425Z","Path":"docker-entrypoint.sh","Args":["mysqld"],"State":{"Status":"running","Running":true,"Paused":false,"Restarting":false,"OOMKilled":false,"Dead":false,"Pid":59126,"ExitCode":0,"Error":"","StartedAt":"2023-05-08T11:18:54.468577716Z","FinishedAt":"0001-01-01T00:00:00Z"},"Image":"sha256:228d71078f8ce5ae9fd96b183f88c3a90e30544b4b7ce9d64a238d05fef2a681","ResolvConfPath":"/var/lib/docker/containers/cccfb0602d7e775562ae171a9fe0a7ec811b6906268008a84fea93151d2a7305/resolv.conf","HostnamePath":"/var/lib/docker/containers/cccfb0602d7e775562ae171a9fe0a7ec811b6906268008a84fea93151d2a7305/hostname","HostsPath":"/var/lib/docker/containers/cccfb0602d7e775562ae171a9fe0a7ec811b6906268008a84fea93151d2a7305/hosts","LogPath":"/var/lib/docker/containers/cccfb0602d7e775562ae171a9fe0a7ec811b6906268008a84fea93151d2a7305/cccfb0602d7e775562ae171a9fe0a7ec811b6906268008a84fea93151d2a7305-json.log","Name":"/charming_goodall","RestartCount":0,"Driver":"overlay2","Platform":"linux","MountLabel":"","ProcessLabel":"","AppArmorProfile":"docker-default","ExecIDs":null,"HostConfig":{"Binds":[],"ContainerIDFile":"","LogConfig":{"Type":"json-file","Config":{}},"NetworkMode":"default","PortBindings":{"3306/tcp":[{"HostIp":"","HostPort":""}]},"RestartPolicy":{"Name":"","MaximumRetryCount":0},"AutoRemove":false,"VolumeDriver":"","VolumesFrom":[],"ConsoleSize":[0,0],"CapAdd":null,"CapDrop":null,"CgroupnsMode":"private","Dns":null,"DnsOptions":null,"DnsSearch":null,"ExtraHosts":[],"GroupAdd":null,"IpcMode":"shareable","Cgroup":"","Links":null,"OomScoreAdj":0,"PidMode":"","Privileged":false,"PublishAllPorts":false,"ReadonlyRootfs":false,"SecurityOpt":null,"UTSMode":"","UsernsMode":"","ShmSize":67108864,"Runtime":"runc","Isolation":"","CpuShares":0,"Memory":0,"NanoCpus":0,"CgroupParent":"","BlkioWeight":0,"BlkioWeightDevice":null,"BlkioDeviceReadBps":null,"BlkioDeviceWriteBps":null,"BlkioDeviceReadIOps":null,"BlkioDeviceWriteIOps":null,"CpuPeriod":0,"CpuQuota":0,"CpuRealtimePeriod":0,"CpuRealtimeRuntime":0,"CpusetCpus":"","CpusetMems":"","Devices":null,"DeviceCgroupRules":null,"DeviceRequests":null,"MemoryReservation":0,"MemorySwap":0,"MemorySwappiness":null,"OomKillDisable":null,"PidsLimit":null,"Ulimits":null,"CpuCount":0,"CpuPercent":0,"IOMaximumIOps":0,"IOMaximumBandwidth":0,"MaskedPaths":["/proc/asound","/proc/acpi","/proc/kcore","/proc/keys","/proc/latency_stats","/proc/timer_list","/proc/timer_stats","/proc/sched_debug","/proc/scsi","/sys/firmware"],"ReadonlyPaths":["/proc/bus","/proc/fs","/proc/irq","/proc/sys","/proc/sysrq-trigger"]},"GraphDriver":{"Data":{"LowerDir":"/var/lib/docker/overlay2/0075f27ac39799b376a3e23bf05a650eb10c8a0f9ef49be1ab61e98fd3b93dc3-init/diff:/var/lib/docker/overlay2/4c6e20f032f02b27a9272f982861dc21998197aa90d94ed3bef95d449380247c/diff:/var/lib/docker/overlay2/0c75f828f603eff839bb3ca448163ab2a8017e86625ac255cd3dbf1673ddac26/diff:/var/lib/docker/overlay2/da128d897fda75829109844ce6cd9d73d0f54c682e735100af000ce899908729/diff:/var/lib/docker/overlay2/b678a1f261bf323afba6d76d91ab7428bdd6e1ef4a39b5224e4a1afd08c0423a/diff:/var/lib/docker/overlay2/1bec43b14875c5f9f814f146e8e31aa78566689c2c163da2ac60a32254988437/diff:/var/lib/docker/overlay2/28f4b1e6e1a7a2dbe30f1f94fb42bccd85a61faf8af1fe30a5bb0d442c525e41/diff:/var/lib/docker/overlay2/0f493124464c291d7c97d2633d5dff04b1dce5de904cb40a34dfbe7fe72e3fd4/diff:/var/lib/docker/overlay2/05befbee9e38cd670e1786b3310e99796dcc06abbed970007b4109a5424843fa/diff:/var/lib/docker/overlay2/582bcca9acfc4eef25109e1e1b9c9d104f355798455bc73e855c99283887a6e8/diff:/var/lib/docker/overlay2/153b3bf0b69e97e8f0e5533414a31ca33fa530e63d174c9617621abe46e7e9d1/diff:/var/lib/docker/overlay2/bf87a76c0a38875ee6e915fd0d2527eafa880ec6bf2c1cb294959428c18d10bd/diff","MergedDir":"/var/lib/docker/overlay2/0075f27ac39799b376a3e23bf05a650eb10c8a0f9ef49be1ab61e98fd3b93dc3/merged","UpperDir":"/var/lib/docker/overlay2/0075f27ac39799b376a3e23bf05a650eb10c8a0f9ef49be1ab61e98fd3b93dc3/diff","WorkDir":"/var/lib/docker/overlay2/0075f27ac39799b376a3e23bf05a650eb10c8a0f9ef49be1ab61e98fd3b93dc3/work"},"Name":"overlay2"},"Mounts":[{"Type":"volume","Name":"ffd30c8cc7ed7bf91bc1ebef46b0f06493ce1d3121e28c37d40240bd74b844a5","Source":"/var/lib/docker/volumes/ffd30c8cc7ed7bf91bc1ebef46b0f06493ce1d3121e28c37d40240bd74b844a5/_data","Destination":"/var/lib/mysql","Driver":"local","Mode":"","RW":true,"Propagation":""}],"Config":{"Hostname":"cccfb0602d7e","Domainname":"","User":"","AttachStdin":false,"AttachStdout":false,"AttachStderr":false,"ExposedPorts":{"3306/tcp":{}},"Tty":false,"OpenStdin":false,"StdinOnce":false,"Env":["MYSQL_DATABASE=test","MYSQL_PASSWORD=test","MYSQL_USER=test","MYSQL_ROOT_PASSWORD=test","PATH=/usr/local/sbin:/usr/local/bin:/usr/sbin:/usr/bin:/sbin:/bin","GOSU_VERSION=1.7","MYSQL_MAJOR=8.0","MYSQL_VERSION=8.0.0-dmr-1debian8"],"Cmd":["mysqld"],"Image":"mysql:8.0.0","Volumes":{"/var/lib/mysql":{}},"WorkingDir":"","Entrypoint":["docker-entrypoint.sh"],"OnBuild":null,"Labels":{"org.testcontainers":"true","org.testcontainers.lang":"java","org.testcontainers.sessionId":"f1b696c1-ec3f-4f95-afa8-081853be7ccb","org.testcontainers.version":"1.18.0"}},"NetworkSettings":{"Bridge":"","SandboxID":"75a4ef0436803615aa77c8b97de3cbbdd49519261fe2b3b6cdcae9bd2b1154aa","HairpinMode":false,"LinkLocalIPv6Address":"","LinkLocalIPv6PrefixLen":0,"Ports":{"3306/tcp":[{"HostIp":"0.0.0.0","HostPort":"32781"},{"HostIp":"::","HostPort":"32781"}]},"SandboxKey":"/var/run/docker/netns/75a4ef043680","SecondaryIPAddresses":null,"SecondaryIPv6Addresses":null,"EndpointID":"de3a5c9cc9471fdbec5943d78a8803fca61208fe4021ac9d3922ee2e8ec0d135","Gateway":"172.17.0.1","GlobalIPv6Address":"","GlobalIPv6PrefixLen":0,"IPAddress":"172.17.0.3","IPPrefixLen":16,"IPv6Gateway":"","MacAddress":"02:42:ac:11:00:03","Networks":{"bridge":{"IPAMConfig":null,"Links":null,"Aliases":null,"NetworkID":"e1a078e12eb8d77b497ed932f7fb43787eeb6ff6972febd7d03c9282b8b5cd45","EndpointID":"de3a5c9cc9471fdbec5943d78a8803fca61208fe4021ac9d3922ee2e8ec0d135","Gateway":"172.17.0.1","IPAddress":"172.17.0.3","IPPrefixLen":16,"IPv6Gateway":"","GlobalIPv6Address":"","GlobalIPv6PrefixLen":0,"MacAddress":"02:42:ac:11:00:03","DriverOpts":null}}}}[\n]"
&amp#27;[0;39m2023-05-08 13:18:57,345 [main] &amp#27;[39mDEBUG&amp#27;[0;39m &amp#27;[36mc.g.d.z.s.o.a.hc.client5.http.wire&amp#27;[0;39m - &amp#27;[32mhttp-outgoing-1 << "[\r][\n]"
&amp#27;[0;39m2023-05-08 13:18:57,345 [main] &amp#27;[39mDEBUG&amp#27;[0;39m &amp#27;[36mc.g.d.z.s.o.a.hc.client5.http.wire&amp#27;[0;39m - &amp#27;[32mhttp-outgoing-1 << "0[\r][\n]"
&amp#27;[0;39m2023-05-08 13:18:57,345 [main] &amp#27;[39mDEBUG&amp#27;[0;39m &amp#27;[36mc.g.d.z.s.o.a.hc.client5.http.wire&amp#27;[0;39m - &amp#27;[32mhttp-outgoing-1 << "[\r][\n]"
&amp#27;[0;39m2023-05-08 13:18:57,345 [main] &amp#27;[39mDEBUG&amp#27;[0;39m &amp#27;[36mc.g.d.z.s.o.a.h.client5.http.headers&amp#27;[0;39m - &amp#27;[32mhttp-outgoing-1 << HTTP/1.1 200 OK
&amp#27;[0;39m2023-05-08 13:18:57,345 [main] &amp#27;[39mDEBUG&amp#27;[0;39m &amp#27;[36mc.g.d.z.s.o.a.h.client5.http.headers&amp#27;[0;39m - &amp#27;[32mhttp-outgoing-1 << Api-Version: 1.42
&amp#27;[0;39m2023-05-08 13:18:57,345 [main] &amp#27;[39mDEBUG&amp#27;[0;39m &amp#27;[36mc.g.d.z.s.o.a.h.client5.http.headers&amp#27;[0;39m - &amp#27;[32mhttp-outgoing-1 << Content-Type: application/json
&amp#27;[0;39m2023-05-08 13:18:57,345 [main] &amp#27;[39mDEBUG&amp#27;[0;39m &amp#27;[36mc.g.d.z.s.o.a.h.client5.http.headers&amp#27;[0;39m - &amp#27;[32mhttp-outgoing-1 << Docker-Experimental: false
&amp#27;[0;39m2023-05-08 13:18:57,345 [main] &amp#27;[39mDEBUG&amp#27;[0;39m &amp#27;[36mc.g.d.z.s.o.a.h.client5.http.headers&amp#27;[0;39m - &amp#27;[32mhttp-outgoing-1 << Ostype: linux
&amp#27;[0;39m2023-05-08 13:18:57,345 [main] &amp#27;[39mDEBUG&amp#27;[0;39m &amp#27;[36mc.g.d.z.s.o.a.h.client5.http.headers&amp#27;[0;39m - &amp#27;[32mhttp-outgoing-1 << Server: Docker/23.0.5 (linux)
&amp#27;[0;39m2023-05-08 13:18:57,345 [main] &amp#27;[39mDEBUG&amp#27;[0;39m &amp#27;[36mc.g.d.z.s.o.a.h.client5.http.headers&amp#27;[0;39m - &amp#27;[32mhttp-outgoing-1 << Date: Mon, 08 May 2023 11:18:57 GMT
&amp#27;[0;39m2023-05-08 13:18:57,345 [main] &amp#27;[39mDEBUG&amp#27;[0;39m &amp#27;[36mc.g.d.z.s.o.a.h.client5.http.headers&amp#27;[0;39m - &amp#27;[32mhttp-outgoing-1 << Transfer-Encoding: chunked
&amp#27;[0;39m2023-05-08 13:18:57,346 [main] &amp#27;[39mDEBUG&amp#27;[0;39m &amp#27;[36mc.g.d.z.s.o.a.h.c.h.i.c.MainClientExec&amp#27;[0;39m - &amp#27;[32mex-0000002B: connection can be kept alive for 3 MINUTES
&amp#27;[0;39m2023-05-08 13:18:57,346 [main] &amp#27;[39mDEBUG&amp#27;[0;39m &amp#27;[36mc.g.d.z.s.o.a.h.c.h.i.c.InternalHttpClient&amp#27;[0;39m - &amp#27;[32mep-0000002A: releasing valid endpoint
&amp#27;[0;39m2023-05-08 13:18:57,346 [main] &amp#27;[39mDEBUG&amp#27;[0;39m &amp#27;[36mc.g.d.z.s.o.a.h.c.h.i.i.PoolingHttpClientConnectionManager&amp#27;[0;39m - &amp#27;[32mep-0000002A: releasing endpoint
&amp#27;[0;39m2023-05-08 13:18:57,346 [main] &amp#27;[39mDEBUG&amp#27;[0;39m &amp#27;[36mc.g.d.z.s.o.a.h.c.h.i.i.PoolingHttpClientConnectionManager&amp#27;[0;39m - &amp#27;[32mep-0000002A: connection http-outgoing-1 can be kept alive for 3 MINUTES
&amp#27;[0;39m2023-05-08 13:18:57,346 [main] &amp#27;[39mDEBUG&amp#27;[0;39m &amp#27;[36mc.g.d.z.s.o.a.h.c.h.i.i.PoolingHttpClientConnectionManager&amp#27;[0;39m - &amp#27;[32mep-0000002A: connection released [route: {}->unix://localhost:2375][total available: 1; route allocated: 1 of 2147483647; total allocated: 1 of 2147483647]
&amp#27;[0;39m2023-05-08 13:18:57,346 [main] &amp#27;[39mDEBUG&amp#27;[0;39m &amp#27;[36mtc.mysql:8.0.0&amp#27;[0;39m - &amp#27;[32mTrying to create JDBC connection using com.mysql.cj.jdbc.Driver to jdbc:mysql://localhost:32781/test?useSSL=false&allowPublicKeyRetrieval=true with properties: {password=test, user=test}
&amp#27;[0;39m2023-05-08 13:18:57,448 [main] &amp#27;[39mDEBUG&amp#27;[0;39m &amp#27;[36mo.t.s.c.g.d.c.command.AbstrDockerCmd&amp#27;[0;39m - &amp#27;[32mCmd: cccfb0602d7e775562ae171a9fe0a7ec811b6906268008a84fea93151d2a7305,false
&amp#27;[0;39m2023-05-08 13:18:57,448 [main] &amp#27;[39mDEBUG&amp#27;[0;39m &amp#27;[36mo.t.s.c.g.d.c.e.InspectContainerCmdExec&amp#27;[0;39m - &amp#27;[32mGET: DefaultWebTarget{path=[/containers/cccfb0602d7e775562ae171a9fe0a7ec811b6906268008a84fea93151d2a7305/json], queryParams={}}
&amp#27;[0;39m2023-05-08 13:18:57,449 [main] &amp#27;[39mDEBUG&amp#27;[0;39m &amp#27;[36mc.g.d.z.s.o.a.h.c.h.i.c.InternalHttpClient&amp#27;[0;39m - &amp#27;[32mex-0000002C: preparing request execution
&amp#27;[0;39m2023-05-08 13:18:57,449 [main] &amp#27;[39mDEBUG&amp#27;[0;39m &amp#27;[36mc.g.d.z.s.o.a.h.c.h.p.RequestAddCookies&amp#27;[0;39m - &amp#27;[32mCookie spec selected: strict
&amp#27;[0;39m2023-05-08 13:18:57,449 [main] &amp#27;[39mDEBUG&amp#27;[0;39m &amp#27;[36mc.g.d.z.s.o.a.h.c.h.p.RequestAuthCache&amp#27;[0;39m - &amp#27;[32mAuth cache not set in the context
&amp#27;[0;39m2023-05-08 13:18:57,449 [main] &amp#27;[39mDEBUG&amp#27;[0;39m &amp#27;[36mc.g.d.z.s.o.a.h.c.h.i.c.ProtocolExec&amp#27;[0;39m - &amp#27;[32mex-0000002C: target auth state: UNCHALLENGED
&amp#27;[0;39m2023-05-08 13:18:57,449 [main] &amp#27;[39mDEBUG&amp#27;[0;39m &amp#27;[36mc.g.d.z.s.o.a.h.c.h.i.c.ProtocolExec&amp#27;[0;39m - &amp#27;[32mex-0000002C: proxy auth state: UNCHALLENGED
&amp#27;[0;39m2023-05-08 13:18:57,449 [main] &amp#27;[39mDEBUG&amp#27;[0;39m &amp#27;[36mc.g.d.z.s.o.a.h.c.h.i.c.ConnectExec&amp#27;[0;39m - &amp#27;[32mex-0000002C: acquiring connection with route {}->unix://localhost:2375
&amp#27;[0;39m2023-05-08 13:18:57,449 [main] &amp#27;[39mDEBUG&amp#27;[0;39m &amp#27;[36mc.g.d.z.s.o.a.h.c.h.i.c.InternalHttpClient&amp#27;[0;39m - &amp#27;[32mex-0000002C: acquiring endpoint (3 MINUTES)
&amp#27;[0;39m2023-05-08 13:18:57,449 [main] &amp#27;[39mDEBUG&amp#27;[0;39m &amp#27;[36mc.g.d.z.s.o.a.h.c.h.i.i.PoolingHttpClientConnectionManager&amp#27;[0;39m - &amp#27;[32mex-0000002C: endpoint lease request (3 MINUTES) [route: {}->unix://localhost:2375][total available: 1; route allocated: 1 of 2147483647; total allocated: 1 of 2147483647]
&amp#27;[0;39m2023-05-08 13:18:57,449 [main] &amp#27;[39mDEBUG&amp#27;[0;39m &amp#27;[36mc.g.d.z.s.o.a.h.c.h.i.i.PoolingHttpClientConnectionManager&amp#27;[0;39m - &amp#27;[32mex-0000002C: endpoint leased [route: {}->unix://localhost:2375][total available: 0; route allocated: 1 of 2147483647; total allocated: 1 of 2147483647]
&amp#27;[0;39m2023-05-08 13:18:57,449 [main] &amp#27;[39mDEBUG&amp#27;[0;39m &amp#27;[36mc.g.d.z.s.o.a.h.c.h.i.i.PoolingHttpClientConnectionManager&amp#27;[0;39m - &amp#27;[32mex-0000002C: acquired ep-0000002B
&amp#27;[0;39m2023-05-08 13:18:57,449 [main] &amp#27;[39mDEBUG&amp#27;[0;39m &amp#27;[36mc.g.d.z.s.o.a.h.c.h.i.c.InternalHttpClient&amp#27;[0;39m - &amp#27;[32mex-0000002C: acquired endpoint ep-0000002B
&amp#27;[0;39m2023-05-08 13:18:57,449 [main] &amp#27;[39mDEBUG&amp#27;[0;39m &amp#27;[36mc.g.d.z.s.o.a.h.c.h.i.c.MainClientExec&amp#27;[0;39m - &amp#27;[32mex-0000002C: executing GET /v1.32/containers/cccfb0602d7e775562ae171a9fe0a7ec811b6906268008a84fea93151d2a7305/json HTTP/1.1
&amp#27;[0;39m2023-05-08 13:18:57,449 [main] &amp#27;[39mDEBUG&amp#27;[0;39m &amp#27;[36mc.g.d.z.s.o.a.h.c.h.i.c.InternalHttpClient&amp#27;[0;39m - &amp#27;[32mep-0000002B: start execution ex-0000002C
&amp#27;[0;39m2023-05-08 13:18:57,449 [main] &amp#27;[39mDEBUG&amp#27;[0;39m &amp#27;[36mc.g.d.z.s.o.a.h.c.h.i.i.PoolingHttpClientConnectionManager&amp#27;[0;39m - &amp#27;[32mep-0000002B: executing exchange ex-0000002C over http-outgoing-1
&amp#27;[0;39m2023-05-08 13:18:57,449 [main] &amp#27;[39mDEBUG&amp#27;[0;39m &amp#27;[36mc.g.d.z.s.o.a.h.client5.http.headers&amp#27;[0;39m - &amp#27;[32mhttp-outgoing-1 >> GET /v1.32/containers/cccfb0602d7e775562ae171a9fe0a7ec811b6906268008a84fea93151d2a7305/json HTTP/1.1
&amp#27;[0;39m2023-05-08 13:18:57,449 [main] &amp#27;[39mDEBUG&amp#27;[0;39m &amp#27;[36mc.g.d.z.s.o.a.h.client5.http.headers&amp#27;[0;39m - &amp#27;[32mhttp-outgoing-1 >> accept: application/json
&amp#27;[0;39m2023-05-08 13:18:57,449 [main] &amp#27;[39mDEBUG&amp#27;[0;39m &amp#27;[36mc.g.d.z.s.o.a.h.client5.http.headers&amp#27;[0;39m - &amp#27;[32mhttp-outgoing-1 >> x-tc-sid: f1b696c1-ec3f-4f95-afa8-081853be7ccb
&amp#27;[0;39m2023-05-08 13:18:57,449 [main] &amp#27;[39mDEBUG&amp#27;[0;39m &amp#27;[36mc.g.d.z.s.o.a.h.client5.http.headers&amp#27;[0;39m - &amp#27;[32mhttp-outgoing-1 >> Accept-Encoding: gzip, x-gzip, deflate
&amp#27;[0;39m2023-05-08 13:18:57,449 [main] &amp#27;[39mDEBUG&amp#27;[0;39m &amp#27;[36mc.g.d.z.s.o.a.h.client5.http.headers&amp#27;[0;39m - &amp#27;[32mhttp-outgoing-1 >> Host: localhost:2375
&amp#27;[0;39m2023-05-08 13:18:57,449 [main] &amp#27;[39mDEBUG&amp#27;[0;39m &amp#27;[36mc.g.d.z.s.o.a.h.client5.http.headers&amp#27;[0;39m - &amp#27;[32mhttp-outgoing-1 >> Connection: keep-alive
&amp#27;[0;39m2023-05-08 13:18:57,449 [main] &amp#27;[39mDEBUG&amp#27;[0;39m &amp#27;[36mc.g.d.z.s.o.a.h.client5.http.headers&amp#27;[0;39m - &amp#27;[32mhttp-outgoing-1 >> User-Agent: Apache-HttpClient/5.0.3 (Java/17.0.6)
&amp#27;[0;39m2023-05-08 13:18:57,450 [main] &amp#27;[39mDEBUG&amp#27;[0;39m &amp#27;[36mc.g.d.z.s.o.a.hc.client5.http.wire&amp#27;[0;39m - &amp#27;[32mhttp-outgoing-1 >> "GET /v1.32/containers/cccfb0602d7e775562ae171a9fe0a7ec811b6906268008a84fea93151d2a7305/json HTTP/1.1[\r][\n]"
&amp#27;[0;39m2023-05-08 13:18:57,450 [main] &amp#27;[39mDEBUG&amp#27;[0;39m &amp#27;[36mc.g.d.z.s.o.a.hc.client5.http.wire&amp#27;[0;39m - &amp#27;[32mhttp-outgoing-1 >> "accept: application/json[\r][\n]"
&amp#27;[0;39m2023-05-08 13:18:57,450 [main] &amp#27;[39mDEBUG&amp#27;[0;39m &amp#27;[36mc.g.d.z.s.o.a.hc.client5.http.wire&amp#27;[0;39m - &amp#27;[32mhttp-outgoing-1 >> "x-tc-sid: f1b696c1-ec3f-4f95-afa8-081853be7ccb[\r][\n]"
&amp#27;[0;39m2023-05-08 13:18:57,450 [main] &amp#27;[39mDEBUG&amp#27;[0;39m &amp#27;[36mc.g.d.z.s.o.a.hc.client5.http.wire&amp#27;[0;39m - &amp#27;[32mhttp-outgoing-1 >> "Accept-Encoding: gzip, x-gzip, deflate[\r][\n]"
&amp#27;[0;39m2023-05-08 13:18:57,450 [main] &amp#27;[39mDEBUG&amp#27;[0;39m &amp#27;[36mc.g.d.z.s.o.a.hc.client5.http.wire&amp#27;[0;39m - &amp#27;[32mhttp-outgoing-1 >> "Host: localhost:2375[\r][\n]"
&amp#27;[0;39m2023-05-08 13:18:57,450 [main] &amp#27;[39mDEBUG&amp#27;[0;39m &amp#27;[36mc.g.d.z.s.o.a.hc.client5.http.wire&amp#27;[0;39m - &amp#27;[32mhttp-outgoing-1 >> "Connection: keep-alive[\r][\n]"
&amp#27;[0;39m2023-05-08 13:18:57,450 [main] &amp#27;[39mDEBUG&amp#27;[0;39m &amp#27;[36mc.g.d.z.s.o.a.hc.client5.http.wire&amp#27;[0;39m - &amp#27;[32mhttp-outgoing-1 >> "User-Agent: Apache-HttpClient/5.0.3 (Java/17.0.6)[\r][\n]"
&amp#27;[0;39m2023-05-08 13:18:57,450 [main] &amp#27;[39mDEBUG&amp#27;[0;39m &amp#27;[36mc.g.d.z.s.o.a.hc.client5.http.wire&amp#27;[0;39m - &amp#27;[32mhttp-outgoing-1 >> "[\r][\n]"
&amp#27;[0;39m2023-05-08 13:18:57,451 [main] &amp#27;[39mDEBUG&amp#27;[0;39m &amp#27;[36mc.g.d.z.s.o.a.hc.client5.http.wire&amp#27;[0;39m - &amp#27;[32mhttp-outgoing-1 << "HTTP/1.1 200 OK[\r][\n]"
&amp#27;[0;39m2023-05-08 13:18:57,451 [main] &amp#27;[39mDEBUG&amp#27;[0;39m &amp#27;[36mc.g.d.z.s.o.a.hc.client5.http.wire&amp#27;[0;39m - &amp#27;[32mhttp-outgoing-1 << "Api-Version: 1.42[\r][\n]"
&amp#27;[0;39m2023-05-08 13:18:57,451 [main] &amp#27;[39mDEBUG&amp#27;[0;39m &amp#27;[36mc.g.d.z.s.o.a.hc.client5.http.wire&amp#27;[0;39m - &amp#27;[32mhttp-outgoing-1 << "Content-Type: application/json[\r][\n]"
&amp#27;[0;39m2023-05-08 13:18:57,451 [main] &amp#27;[39mDEBUG&amp#27;[0;39m &amp#27;[36mc.g.d.z.s.o.a.hc.client5.http.wire&amp#27;[0;39m - &amp#27;[32mhttp-outgoing-1 << "Docker-Experimental: false[\r][\n]"
&amp#27;[0;39m2023-05-08 13:18:57,451 [main] &amp#27;[39mDEBUG&amp#27;[0;39m &amp#27;[36mc.g.d.z.s.o.a.hc.client5.http.wire&amp#27;[0;39m - &amp#27;[32mhttp-outgoing-1 << "Ostype: linux[\r][\n]"
&amp#27;[0;39m2023-05-08 13:18:57,451 [main] &amp#27;[39mDEBUG&amp#27;[0;39m &amp#27;[36mc.g.d.z.s.o.a.hc.client5.http.wire&amp#27;[0;39m - &amp#27;[32mhttp-outgoing-1 << "Server: Docker/23.0.5 (linux)[\r][\n]"
&amp#27;[0;39m2023-05-08 13:18:57,451 [main] &amp#27;[39mDEBUG&amp#27;[0;39m &amp#27;[36mc.g.d.z.s.o.a.hc.client5.http.wire&amp#27;[0;39m - &amp#27;[32mhttp-outgoing-1 << "Date: Mon, 08 May 2023 11:18:57 GMT[\r][\n]"
&amp#27;[0;39m2023-05-08 13:18:57,451 [main] &amp#27;[39mDEBUG&amp#27;[0;39m &amp#27;[36mc.g.d.z.s.o.a.hc.client5.http.wire&amp#27;[0;39m - &amp#27;[32mhttp-outgoing-1 << "Transfer-Encoding: chunked[\r][\n]"
&amp#27;[0;39m2023-05-08 13:18:57,451 [main] &amp#27;[39mDEBUG&amp#27;[0;39m &amp#27;[36mc.g.d.z.s.o.a.hc.client5.http.wire&amp#27;[0;39m - &amp#27;[32mhttp-outgoing-1 << "[\r][\n]"
&amp#27;[0;39m2023-05-08 13:18:57,451 [main] &amp#27;[39mDEBUG&amp#27;[0;39m &amp#27;[36mc.g.d.z.s.o.a.hc.client5.http.wire&amp#27;[0;39m - &amp#27;[32mhttp-outgoing-1 << "1890[\r][\n]"
&amp#27;[0;39m2023-05-08 13:18:57,451 [main] &amp#27;[39mDEBUG&amp#27;[0;39m &amp#27;[36mc.g.d.z.s.o.a.hc.client5.http.wire&amp#27;[0;39m - &amp#27;[32mhttp-outgoing-1 << "{"Id":"cccfb0602d7e775562ae171a9fe0a7ec811b6906268008a84fea93151d2a7305","Created":"2023-05-08T11:18:54.120535425Z","Path":"docker-entrypoint.sh","Args":["mysqld"],"State":{"Status":"running","Running":true,"Paused":false,"Restarting":false,"OOMKilled":false,"Dead":false,"Pid":59126,"ExitCode":0,"Error":"","StartedAt":"2023-05-08T11:18:54.468577716Z","FinishedAt":"0001-01-01T00:00:00Z"},"Image":"sha256:228d71078f8ce5ae9fd96b183f88c3a90e30544b4b7ce9d64a238d05fef2a681","ResolvConfPath":"/var/lib/docker/containers/cccfb0602d7e775562ae171a9fe0a7ec811b6906268008a84fea93151d2a7305/resolv.conf","HostnamePath":"/var/lib/docker/containers/cccfb0602d7e775562ae171a9fe0a7ec811b6906268008a84fea93151d2a7305/hostname","HostsPath":"/var/lib/docker/containers/cccfb0602d7e775562ae171a9fe0a7ec811b6906268008a84fea93151d2a7305/hosts","LogPath":"/var/lib/docker/containers/cccfb0602d7e775562ae171a9fe0a7ec811b6906268008a84fea93151d2a7305/cccfb0602d7e775562ae171a9fe0a7ec811b6906268008a84fea93151d2a7305-json.log","Name":"/charming_goodall","RestartCount":0,"Driver":"overlay2","Platform":"linux","MountLabel":"","ProcessLabel":"","AppArmorProfile":"docker-default","ExecIDs":null,"HostConfig":{"Binds":[],"ContainerIDFile":"","LogConfig":{"Type":"json-file","Config":{}},"NetworkMode":"default","PortBindings":{"3306/tcp":[{"HostIp":"","HostPort":""}]},"RestartPolicy":{"Name":"","MaximumRetryCount":0},"AutoRemove":false,"VolumeDriver":"","VolumesFrom":[],"ConsoleSize":[0,0],"CapAdd":null,"CapDrop":null,"CgroupnsMode":"private","Dns":null,"DnsOptions":null,"DnsSearch":null,"ExtraHosts":[],"GroupAdd":null,"IpcMode":"shareable","Cgroup":"","Links":null,"OomScoreAdj":0,"PidMode":"","Privileged":false,"PublishAllPorts":false,"ReadonlyRootfs":false,"SecurityOpt":null,"UTSMode":"","UsernsMode":"","ShmSize":67108864,"Runtime":"runc","Isolation":"","CpuShares":0,"Memory":0,"NanoCpus":0,"CgroupParent":"","BlkioWeight":0,"BlkioWeightDevice":null,"BlkioDeviceReadBps":null,"BlkioDeviceWriteBps":null,"BlkioDeviceReadIOps":null,"BlkioDeviceWriteIOps":null,"CpuPeriod":0,"CpuQuota":0,"CpuRealtimePeriod":0,"CpuRealtimeRuntime":0,"CpusetCpus":"","CpusetMems":"","Devices":null,"DeviceCgroupRules":null,"DeviceRequests":null,"MemoryReservation":0,"MemorySwap":0,"MemorySwappiness":null,"OomKillDisable":null,"PidsLimit":null,"Ulimits":null,"CpuCount":0,"CpuPercent":0,"IOMaximumIOps":0,"IOMaximumBandwidth":0,"MaskedPaths":["/proc/asound","/proc/acpi","/proc/kcore","/proc/keys","/proc/latency_stats","/proc/timer_list","/proc/timer_stats","/proc/sched_debug","/proc/scsi","/sys/firmware"],"ReadonlyPaths":["/proc/bus","/proc/fs","/proc/irq","/proc/sys","/proc/sysrq-trigger"]},"GraphDriver":{"Data":{"LowerDir":"/var/lib/docker/overlay2/0075f27ac39799b376a3e23bf05a650eb10c8a0f9ef49be1ab61e98fd3b93dc3-init/diff:/var/lib/docker/overlay2/4c6e20f032f02b27a9272f982861dc21998197aa90d94ed3bef95d449380247c/diff:/var/lib/docker/overlay2/0c75f828f603eff839bb3ca448163ab2a8017e86625ac255cd3dbf1673ddac26/diff:/var/lib/docker/overlay2/da128d897fda75829109844ce6cd9d73d0f54c682e735100af000ce899908729/diff:/var/lib/docker/overlay2/b678a1f261bf323afba6d76d91ab7428bdd6e1ef4a39b5224e4a1afd08c0423a/diff:/var/lib/docker/overlay2/1bec43b14875c5f9f814f146e8e31aa78566689c2c163da2ac60a32254988437/diff:/var/lib/docker/overlay2/28f4b1e6e1a7a2dbe30f1f94fb42bccd85a61faf8af1fe30a5bb0d442c525e41/diff:/var/lib/docker/overlay2/0f493124464c291d7c97d2633d5dff04b1dce5de904cb40a34dfbe7fe72e3fd4/diff:/var/lib/docker/overlay2/05befbee9e38cd670e1786b3310e99796dcc06abbed970007b4109a5424843fa/diff:/var/lib/docker/overlay2/582bcca9acfc4eef25109e1e1b9c9d104f355798455bc73e855c99283887a6e8/diff:/var/lib/docker/overlay2/153b3bf0b69e97e8f0e5533414a31ca33fa530e63d174c9617621abe46e7e9d1/diff:/var/lib/docker/overlay2/bf87a76c0a38875ee6e915fd0d2527eafa880ec6bf2c1cb294959428c18d10bd/diff","MergedDir":"/var/lib/docker/overlay2/0075f27ac39799b376a3e23bf05a650eb10c8a0f9ef49be1ab61e98fd3b93dc3/merged","UpperDir":"/var/lib/docker/overlay2/0075f27ac39799b376a3e23bf05a650eb10c8a0f9ef49be1ab61e98fd3b93dc3/diff","WorkDir":"/var/lib/docker/overlay2/0075f27ac39799b376a3e23bf05a650eb10c8a0f9ef49be1ab61e98fd3b93dc3/work"},"Name":"overlay2"},"Mounts":[{"Type":"volume","Name":"ffd30c8cc7ed7bf91bc1ebef46b0f06493ce1d3121e28c37d40240bd74b844a5","Source":"/var/lib/docker/volumes/ffd30c8cc7ed7bf91bc1ebef46b0f06493ce1d3121e28c37d40240bd74b844a5/_data","Destination":"/var/lib/mysql","Driver":"local","Mode":"","RW":true,"Propagation":""}],"Config":{"Hostname":"cccfb0602d7e","Domainname":"","User":"","AttachStdin":false,"AttachStdout":false,"AttachStderr":false,"ExposedPorts":{"3306/tcp":{}},"Tty":false,"OpenStdin":false,"StdinOnce":false,"Env":["MYSQL_DATABASE=test","MYSQL_PASSWORD=test","MYSQL_USER=test","MYSQL_ROOT_PASSWORD=test","PATH=/usr/local/sbin:/usr/local/bin:/usr/sbin:/usr/bin:/sbin:/bin","GOSU_VERSION=1.7","MYSQL_MAJOR=8.0","MYSQL_VERSION=8.0.0-dmr-1debian8"],"Cmd":["mysqld"],"Image":"mysql:8.0.0","Volumes":{"/var/lib/mysql":{}},"WorkingDir":"","Entrypoint":["docker-entrypoint.sh"],"OnBuild":null,"Labels":{"org.testcontainers":"true","org.testcontainers.lang":"java","org.testcontainers.sessionId":"f1b696c1-ec3f-4f95-afa8-081853be7ccb","org.testcontainers.version":"1.18.0"}},"NetworkSettings":{"Bridge":"","SandboxID":"75a4ef0436803615aa77c8b97de3cbbdd49519261fe2b3b6cdcae9bd2b1154aa","HairpinMode":false,"LinkLocalIPv6Address":"","LinkLocalIPv6PrefixLen":0,"Ports":{"3306/tcp":[{"HostIp":"0.0.0.0","HostPort":"32781"},{"HostIp":"::","HostPort":"32781"}]},"SandboxKey":"/var/run/docker/netns/75a4ef043680","SecondaryIPAddresses":null,"SecondaryIPv6Addresses":null,"EndpointID":"de3a5c9cc9471fdbec5943d78a8803fca61208fe4021ac9d3922ee2e8ec0d135","Gateway":"172.17.0.1","GlobalIPv6Address":"","GlobalIPv6PrefixLen":0,"IPAddress":"172.17.0.3","IPPrefixLen":16,"IPv6Gateway":"","MacAddress":"02:42:ac:11:00:03","Networks":{"bridge":{"IPAMConfig":null,"Links":null,"Aliases":null,"NetworkID":"e1a078e12eb8d77b497ed932f7fb43787eeb6ff6972febd7d03c9282b8b5cd45","EndpointID":"de3a5c9cc9471fdbec5943d78a8803fca61208fe4021ac9d3922ee2e8ec0d135","Gateway":"172.17.0.1","IPAddress":"172.17.0.3","IPPrefixLen":16,"IPv6Gateway":"","GlobalIPv6Address":"","GlobalIPv6PrefixLen":0,"MacAddress":"02:42:ac:11:00:03","DriverOpts":null}}}}[\n]"
&amp#27;[0;39m2023-05-08 13:18:57,451 [main] &amp#27;[39mDEBUG&amp#27;[0;39m &amp#27;[36mc.g.d.z.s.o.a.hc.client5.http.wire&amp#27;[0;39m - &amp#27;[32mhttp-outgoing-1 << "[\r][\n]"
&amp#27;[0;39m2023-05-08 13:18:57,451 [main] &amp#27;[39mDEBUG&amp#27;[0;39m &amp#27;[36mc.g.d.z.s.o.a.hc.client5.http.wire&amp#27;[0;39m - &amp#27;[32mhttp-outgoing-1 << "0[\r][\n]"
&amp#27;[0;39m2023-05-08 13:18:57,451 [main] &amp#27;[39mDEBUG&amp#27;[0;39m &amp#27;[36mc.g.d.z.s.o.a.hc.client5.http.wire&amp#27;[0;39m - &amp#27;[32mhttp-outgoing-1 << "[\r][\n]"
&amp#27;[0;39m2023-05-08 13:18:57,451 [main] &amp#27;[39mDEBUG&amp#27;[0;39m &amp#27;[36mc.g.d.z.s.o.a.h.client5.http.headers&amp#27;[0;39m - &amp#27;[32mhttp-outgoing-1 << HTTP/1.1 200 OK
&amp#27;[0;39m2023-05-08 13:18:57,451 [main] &amp#27;[39mDEBUG&amp#27;[0;39m &amp#27;[36mc.g.d.z.s.o.a.h.client5.http.headers&amp#27;[0;39m - &amp#27;[32mhttp-outgoing-1 << Api-Version: 1.42
&amp#27;[0;39m2023-05-08 13:18:57,451 [main] &amp#27;[39mDEBUG&amp#27;[0;39m &amp#27;[36mc.g.d.z.s.o.a.h.client5.http.headers&amp#27;[0;39m - &amp#27;[32mhttp-outgoing-1 << Content-Type: application/json
&amp#27;[0;39m2023-05-08 13:18:57,451 [main] &amp#27;[39mDEBUG&amp#27;[0;39m &amp#27;[36mc.g.d.z.s.o.a.h.client5.http.headers&amp#27;[0;39m - &amp#27;[32mhttp-outgoing-1 << Docker-Experimental: false
&amp#27;[0;39m2023-05-08 13:18:57,451 [main] &amp#27;[39mDEBUG&amp#27;[0;39m &amp#27;[36mc.g.d.z.s.o.a.h.client5.http.headers&amp#27;[0;39m - &amp#27;[32mhttp-outgoing-1 << Ostype: linux
&amp#27;[0;39m2023-05-08 13:18:57,451 [main] &amp#27;[39mDEBUG&amp#27;[0;39m &amp#27;[36mc.g.d.z.s.o.a.h.client5.http.headers&amp#27;[0;39m - &amp#27;[32mhttp-outgoing-1 << Server: Docker/23.0.5 (linux)
&amp#27;[0;39m2023-05-08 13:18:57,451 [main] &amp#27;[39mDEBUG&amp#27;[0;39m &amp#27;[36mc.g.d.z.s.o.a.h.client5.http.headers&amp#27;[0;39m - &amp#27;[32mhttp-outgoing-1 << Date: Mon, 08 May 2023 11:18:57 GMT
&amp#27;[0;39m2023-05-08 13:18:57,451 [main] &amp#27;[39mDEBUG&amp#27;[0;39m &amp#27;[36mc.g.d.z.s.o.a.h.client5.http.headers&amp#27;[0;39m - &amp#27;[32mhttp-outgoing-1 << Transfer-Encoding: chunked
&amp#27;[0;39m2023-05-08 13:18:57,451 [main] &amp#27;[39mDEBUG&amp#27;[0;39m &amp#27;[36mc.g.d.z.s.o.a.h.c.h.i.c.MainClientExec&amp#27;[0;39m - &amp#27;[32mex-0000002C: connection can be kept alive for 3 MINUTES
&amp#27;[0;39m2023-05-08 13:18:57,452 [main] &amp#27;[39mDEBUG&amp#27;[0;39m &amp#27;[36mc.g.d.z.s.o.a.h.c.h.i.c.InternalHttpClient&amp#27;[0;39m - &amp#27;[32mep-0000002B: releasing valid endpoint
&amp#27;[0;39m2023-05-08 13:18:57,452 [main] &amp#27;[39mDEBUG&amp#27;[0;39m &amp#27;[36mc.g.d.z.s.o.a.h.c.h.i.i.PoolingHttpClientConnectionManager&amp#27;[0;39m - &amp#27;[32mep-0000002B: releasing endpoint
&amp#27;[0;39m2023-05-08 13:18:57,452 [main] &amp#27;[39mDEBUG&amp#27;[0;39m &amp#27;[36mc.g.d.z.s.o.a.h.c.h.i.i.PoolingHttpClientConnectionManager&amp#27;[0;39m - &amp#27;[32mep-0000002B: connection http-outgoing-1 can be kept alive for 3 MINUTES
&amp#27;[0;39m2023-05-08 13:18:57,452 [main] &amp#27;[39mDEBUG&amp#27;[0;39m &amp#27;[36mc.g.d.z.s.o.a.h.c.h.i.i.PoolingHttpClientConnectionManager&amp#27;[0;39m - &amp#27;[32mep-0000002B: connection released [route: {}->unix://localhost:2375][total available: 1; route allocated: 1 of 2147483647; total allocated: 1 of 2147483647]
&amp#27;[0;39m2023-05-08 13:18:57,452 [main] &amp#27;[39mDEBUG&amp#27;[0;39m &amp#27;[36mtc.mysql:8.0.0&amp#27;[0;39m - &amp#27;[32mTrying to create JDBC connection using com.mysql.cj.jdbc.Driver to jdbc:mysql://localhost:32781/test?useSSL=false&allowPublicKeyRetrieval=true with properties: {password=test, user=test}
&amp#27;[0;39m2023-05-08 13:18:57,553 [main] &amp#27;[39mDEBUG&amp#27;[0;39m &amp#27;[36mo.t.s.c.g.d.c.command.AbstrDockerCmd&amp#27;[0;39m - &amp#27;[32mCmd: cccfb0602d7e775562ae171a9fe0a7ec811b6906268008a84fea93151d2a7305,false
&amp#27;[0;39m2023-05-08 13:18:57,554 [main] &amp#27;[39mDEBUG&amp#27;[0;39m &amp#27;[36mo.t.s.c.g.d.c.e.InspectContainerCmdExec&amp#27;[0;39m - &amp#27;[32mGET: DefaultWebTarget{path=[/containers/cccfb0602d7e775562ae171a9fe0a7ec811b6906268008a84fea93151d2a7305/json], queryParams={}}
&amp#27;[0;39m2023-05-08 13:18:57,554 [main] &amp#27;[39mDEBUG&amp#27;[0;39m &amp#27;[36mc.g.d.z.s.o.a.h.c.h.i.c.InternalHttpClient&amp#27;[0;39m - &amp#27;[32mex-0000002D: preparing request execution
&amp#27;[0;39m2023-05-08 13:18:57,554 [main] &amp#27;[39mDEBUG&amp#27;[0;39m &amp#27;[36mc.g.d.z.s.o.a.h.c.h.p.RequestAddCookies&amp#27;[0;39m - &amp#27;[32mCookie spec selected: strict
&amp#27;[0;39m2023-05-08 13:18:57,554 [main] &amp#27;[39mDEBUG&amp#27;[0;39m &amp#27;[36mc.g.d.z.s.o.a.h.c.h.p.RequestAuthCache&amp#27;[0;39m - &amp#27;[32mAuth cache not set in the context
&amp#27;[0;39m2023-05-08 13:18:57,554 [main] &amp#27;[39mDEBUG&amp#27;[0;39m &amp#27;[36mc.g.d.z.s.o.a.h.c.h.i.c.ProtocolExec&amp#27;[0;39m - &amp#27;[32mex-0000002D: target auth state: UNCHALLENGED
&amp#27;[0;39m2023-05-08 13:18:57,554 [main] &amp#27;[39mDEBUG&amp#27;[0;39m &amp#27;[36mc.g.d.z.s.o.a.h.c.h.i.c.ProtocolExec&amp#27;[0;39m - &amp#27;[32mex-0000002D: proxy auth state: UNCHALLENGED
&amp#27;[0;39m2023-05-08 13:18:57,554 [main] &amp#27;[39mDEBUG&amp#27;[0;39m &amp#27;[36mc.g.d.z.s.o.a.h.c.h.i.c.ConnectExec&amp#27;[0;39m - &amp#27;[32mex-0000002D: acquiring connection with route {}->unix://localhost:2375
&amp#27;[0;39m2023-05-08 13:18:57,554 [main] &amp#27;[39mDEBUG&amp#27;[0;39m &amp#27;[36mc.g.d.z.s.o.a.h.c.h.i.c.InternalHttpClient&amp#27;[0;39m - &amp#27;[32mex-0000002D: acquiring endpoint (3 MINUTES)
&amp#27;[0;39m2023-05-08 13:18:57,554 [main] &amp#27;[39mDEBUG&amp#27;[0;39m &amp#27;[36mc.g.d.z.s.o.a.h.c.h.i.i.PoolingHttpClientConnectionManager&amp#27;[0;39m - &amp#27;[32mex-0000002D: endpoint lease request (3 MINUTES) [route: {}->unix://localhost:2375][total available: 1; route allocated: 1 of 2147483647; total allocated: 1 of 2147483647]
&amp#27;[0;39m2023-05-08 13:18:57,555 [main] &amp#27;[39mDEBUG&amp#27;[0;39m &amp#27;[36mc.g.d.z.s.o.a.h.c.h.i.i.PoolingHttpClientConnectionManager&amp#27;[0;39m - &amp#27;[32mex-0000002D: endpoint leased [route: {}->unix://localhost:2375][total available: 0; route allocated: 1 of 2147483647; total allocated: 1 of 2147483647]
&amp#27;[0;39m2023-05-08 13:18:57,555 [main] &amp#27;[39mDEBUG&amp#27;[0;39m &amp#27;[36mc.g.d.z.s.o.a.h.c.h.i.i.PoolingHttpClientConnectionManager&amp#27;[0;39m - &amp#27;[32mex-0000002D: acquired ep-0000002C
&amp#27;[0;39m2023-05-08 13:18:57,555 [main] &amp#27;[39mDEBUG&amp#27;[0;39m &amp#27;[36mc.g.d.z.s.o.a.h.c.h.i.c.InternalHttpClient&amp#27;[0;39m - &amp#27;[32mex-0000002D: acquired endpoint ep-0000002C
&amp#27;[0;39m2023-05-08 13:18:57,555 [main] &amp#27;[39mDEBUG&amp#27;[0;39m &amp#27;[36mc.g.d.z.s.o.a.h.c.h.i.c.MainClientExec&amp#27;[0;39m - &amp#27;[32mex-0000002D: executing GET /v1.32/containers/cccfb0602d7e775562ae171a9fe0a7ec811b6906268008a84fea93151d2a7305/json HTTP/1.1
&amp#27;[0;39m2023-05-08 13:18:57,555 [main] &amp#27;[39mDEBUG&amp#27;[0;39m &amp#27;[36mc.g.d.z.s.o.a.h.c.h.i.c.InternalHttpClient&amp#27;[0;39m - &amp#27;[32mep-0000002C: start execution ex-0000002D
&amp#27;[0;39m2023-05-08 13:18:57,555 [main] &amp#27;[39mDEBUG&amp#27;[0;39m &amp#27;[36mc.g.d.z.s.o.a.h.c.h.i.i.PoolingHttpClientConnectionManager&amp#27;[0;39m - &amp#27;[32mep-0000002C: executing exchange ex-0000002D over http-outgoing-1
&amp#27;[0;39m2023-05-08 13:18:57,555 [main] &amp#27;[39mDEBUG&amp#27;[0;39m &amp#27;[36mc.g.d.z.s.o.a.h.client5.http.headers&amp#27;[0;39m - &amp#27;[32mhttp-outgoing-1 >> GET /v1.32/containers/cccfb0602d7e775562ae171a9fe0a7ec811b6906268008a84fea93151d2a7305/json HTTP/1.1
&amp#27;[0;39m2023-05-08 13:18:57,555 [main] &amp#27;[39mDEBUG&amp#27;[0;39m &amp#27;[36mc.g.d.z.s.o.a.h.client5.http.headers&amp#27;[0;39m - &amp#27;[32mhttp-outgoing-1 >> accept: application/json
&amp#27;[0;39m2023-05-08 13:18:57,555 [main] &amp#27;[39mDEBUG&amp#27;[0;39m &amp#27;[36mc.g.d.z.s.o.a.h.client5.http.headers&amp#27;[0;39m - &amp#27;[32mhttp-outgoing-1 >> x-tc-sid: f1b696c1-ec3f-4f95-afa8-081853be7ccb
&amp#27;[0;39m2023-05-08 13:18:57,555 [main] &amp#27;[39mDEBUG&amp#27;[0;39m &amp#27;[36mc.g.d.z.s.o.a.h.client5.http.headers&amp#27;[0;39m - &amp#27;[32mhttp-outgoing-1 >> Accept-Encoding: gzip, x-gzip, deflate
&amp#27;[0;39m2023-05-08 13:18:57,555 [main] &amp#27;[39mDEBUG&amp#27;[0;39m &amp#27;[36mc.g.d.z.s.o.a.h.client5.http.headers&amp#27;[0;39m - &amp#27;[32mhttp-outgoing-1 >> Host: localhost:2375
&amp#27;[0;39m2023-05-08 13:18:57,555 [main] &amp#27;[39mDEBUG&amp#27;[0;39m &amp#27;[36mc.g.d.z.s.o.a.h.client5.http.headers&amp#27;[0;39m - &amp#27;[32mhttp-outgoing-1 >> Connection: keep-alive
&amp#27;[0;39m2023-05-08 13:18:57,555 [main] &amp#27;[39mDEBUG&amp#27;[0;39m &amp#27;[36mc.g.d.z.s.o.a.h.client5.http.headers&amp#27;[0;39m - &amp#27;[32mhttp-outgoing-1 >> User-Agent: Apache-HttpClient/5.0.3 (Java/17.0.6)
&amp#27;[0;39m2023-05-08 13:18:57,555 [main] &amp#27;[39mDEBUG&amp#27;[0;39m &amp#27;[36mc.g.d.z.s.o.a.hc.client5.http.wire&amp#27;[0;39m - &amp#27;[32mhttp-outgoing-1 >> "GET /v1.32/containers/cccfb0602d7e775562ae171a9fe0a7ec811b6906268008a84fea93151d2a7305/json HTTP/1.1[\r][\n]"
&amp#27;[0;39m2023-05-08 13:18:57,555 [main] &amp#27;[39mDEBUG&amp#27;[0;39m &amp#27;[36mc.g.d.z.s.o.a.hc.client5.http.wire&amp#27;[0;39m - &amp#27;[32mhttp-outgoing-1 >> "accept: application/json[\r][\n]"
&amp#27;[0;39m2023-05-08 13:18:57,555 [main] &amp#27;[39mDEBUG&amp#27;[0;39m &amp#27;[36mc.g.d.z.s.o.a.hc.client5.http.wire&amp#27;[0;39m - &amp#27;[32mhttp-outgoing-1 >> "x-tc-sid: f1b696c1-ec3f-4f95-afa8-081853be7ccb[\r][\n]"
&amp#27;[0;39m2023-05-08 13:18:57,555 [main] &amp#27;[39mDEBUG&amp#27;[0;39m &amp#27;[36mc.g.d.z.s.o.a.hc.client5.http.wire&amp#27;[0;39m - &amp#27;[32mhttp-outgoing-1 >> "Accept-Encoding: gzip, x-gzip, deflate[\r][\n]"
&amp#27;[0;39m2023-05-08 13:18:57,555 [main] &amp#27;[39mDEBUG&amp#27;[0;39m &amp#27;[36mc.g.d.z.s.o.a.hc.client5.http.wire&amp#27;[0;39m - &amp#27;[32mhttp-outgoing-1 >> "Host: localhost:2375[\r][\n]"
&amp#27;[0;39m2023-05-08 13:18:57,555 [main] &amp#27;[39mDEBUG&amp#27;[0;39m &amp#27;[36mc.g.d.z.s.o.a.hc.client5.http.wire&amp#27;[0;39m - &amp#27;[32mhttp-outgoing-1 >> "Connection: keep-alive[\r][\n]"
&amp#27;[0;39m2023-05-08 13:18:57,555 [main] &amp#27;[39mDEBUG&amp#27;[0;39m &amp#27;[36mc.g.d.z.s.o.a.hc.client5.http.wire&amp#27;[0;39m - &amp#27;[32mhttp-outgoing-1 >> "User-Agent: Apache-HttpClient/5.0.3 (Java/17.0.6)[\r][\n]"
&amp#27;[0;39m2023-05-08 13:18:57,555 [main] &amp#27;[39mDEBUG&amp#27;[0;39m &amp#27;[36mc.g.d.z.s.o.a.hc.client5.http.wire&amp#27;[0;39m - &amp#27;[32mhttp-outgoing-1 >> "[\r][\n]"
&amp#27;[0;39m2023-05-08 13:18:57,555 [main] &amp#27;[39mDEBUG&amp#27;[0;39m &amp#27;[36mc.g.d.z.s.o.a.hc.client5.http.wire&amp#27;[0;39m - &amp#27;[32mhttp-outgoing-1 << "HTTP/1.1 200 OK[\r][\n]"
&amp#27;[0;39m2023-05-08 13:18:57,555 [main] &amp#27;[39mDEBUG&amp#27;[0;39m &amp#27;[36mc.g.d.z.s.o.a.hc.client5.http.wire&amp#27;[0;39m - &amp#27;[32mhttp-outgoing-1 << "Api-Version: 1.42[\r][\n]"
&amp#27;[0;39m2023-05-08 13:18:57,555 [main] &amp#27;[39mDEBUG&amp#27;[0;39m &amp#27;[36mc.g.d.z.s.o.a.hc.client5.http.wire&amp#27;[0;39m - &amp#27;[32mhttp-outgoing-1 << "Content-Type: application/json[\r][\n]"
&amp#27;[0;39m2023-05-08 13:18:57,555 [main] &amp#27;[39mDEBUG&amp#27;[0;39m &amp#27;[36mc.g.d.z.s.o.a.hc.client5.http.wire&amp#27;[0;39m - &amp#27;[32mhttp-outgoing-1 << "Docker-Experimental: false[\r][\n]"
&amp#27;[0;39m2023-05-08 13:18:57,555 [main] &amp#27;[39mDEBUG&amp#27;[0;39m &amp#27;[36mc.g.d.z.s.o.a.hc.client5.http.wire&amp#27;[0;39m - &amp#27;[32mhttp-outgoing-1 << "Ostype: linux[\r][\n]"
&amp#27;[0;39m2023-05-08 13:18:57,555 [main] &amp#27;[39mDEBUG&amp#27;[0;39m &amp#27;[36mc.g.d.z.s.o.a.hc.client5.http.wire&amp#27;[0;39m - &amp#27;[32mhttp-outgoing-1 << "Server: Docker/23.0.5 (linux)[\r][\n]"
&amp#27;[0;39m2023-05-08 13:18:57,555 [main] &amp#27;[39mDEBUG&amp#27;[0;39m &amp#27;[36mc.g.d.z.s.o.a.hc.client5.http.wire&amp#27;[0;39m - &amp#27;[32mhttp-outgoing-1 << "Date: Mon, 08 May 2023 11:18:57 GMT[\r][\n]"
&amp#27;[0;39m2023-05-08 13:18:57,555 [main] &amp#27;[39mDEBUG&amp#27;[0;39m &amp#27;[36mc.g.d.z.s.o.a.hc.client5.http.wire&amp#27;[0;39m - &amp#27;[32mhttp-outgoing-1 << "Transfer-Encoding: chunked[\r][\n]"
&amp#27;[0;39m2023-05-08 13:18:57,555 [main] &amp#27;[39mDEBUG&amp#27;[0;39m &amp#27;[36mc.g.d.z.s.o.a.hc.client5.http.wire&amp#27;[0;39m - &amp#27;[32mhttp-outgoing-1 << "[\r][\n]"
&amp#27;[0;39m2023-05-08 13:18:57,555 [main] &amp#27;[39mDEBUG&amp#27;[0;39m &amp#27;[36mc.g.d.z.s.o.a.hc.client5.http.wire&amp#27;[0;39m - &amp#27;[32mhttp-outgoing-1 << "1890[\r][\n]"
&amp#27;[0;39m2023-05-08 13:18:57,555 [main] &amp#27;[39mDEBUG&amp#27;[0;39m &amp#27;[36mc.g.d.z.s.o.a.hc.client5.http.wire&amp#27;[0;39m - &amp#27;[32mhttp-outgoing-1 << "{"Id":"cccfb0602d7e775562ae171a9fe0a7ec811b6906268008a84fea93151d2a7305","Created":"2023-05-08T11:18:54.120535425Z","Path":"docker-entrypoint.sh","Args":["mysqld"],"State":{"Status":"running","Running":true,"Paused":false,"Restarting":false,"OOMKilled":false,"Dead":false,"Pid":59126,"ExitCode":0,"Error":"","StartedAt":"2023-05-08T11:18:54.468577716Z","FinishedAt":"0001-01-01T00:00:00Z"},"Image":"sha256:228d71078f8ce5ae9fd96b183f88c3a90e30544b4b7ce9d64a238d05fef2a681","ResolvConfPath":"/var/lib/docker/containers/cccfb0602d7e775562ae171a9fe0a7ec811b6906268008a84fea93151d2a7305/resolv.conf","HostnamePath":"/var/lib/docker/containers/cccfb0602d7e775562ae171a9fe0a7ec811b6906268008a84fea93151d2a7305/hostname","HostsPath":"/var/lib/docker/containers/cccfb0602d7e775562ae171a9fe0a7ec811b6906268008a84fea93151d2a7305/hosts","LogPath":"/var/lib/docker/containers/cccfb0602d7e775562ae171a9fe0a7ec811b6906268008a84fea93151d2a7305/cccfb0602d7e775562ae171a9fe0a7ec811b6906268008a84fea93151d2a7305-json.log","Name":"/charming_goodall","RestartCount":0,"Driver":"overlay2","Platform":"linux","MountLabel":"","ProcessLabel":"","AppArmorProfile":"docker-default","ExecIDs":null,"HostConfig":{"Binds":[],"ContainerIDFile":"","LogConfig":{"Type":"json-file","Config":{}},"NetworkMode":"default","PortBindings":{"3306/tcp":[{"HostIp":"","HostPort":""}]},"RestartPolicy":{"Name":"","MaximumRetryCount":0},"AutoRemove":false,"VolumeDriver":"","VolumesFrom":[],"ConsoleSize":[0,0],"CapAdd":null,"CapDrop":null,"CgroupnsMode":"private","Dns":null,"DnsOptions":null,"DnsSearch":null,"ExtraHosts":[],"GroupAdd":null,"IpcMode":"shareable","Cgroup":"","Links":null,"OomScoreAdj":0,"PidMode":"","Privileged":false,"PublishAllPorts":false,"ReadonlyRootfs":false,"SecurityOpt":null,"UTSMode":"","UsernsMode":"","ShmSize":67108864,"Runtime":"runc","Isolation":"","CpuShares":0,"Memory":0,"NanoCpus":0,"CgroupParent":"","BlkioWeight":0,"BlkioWeightDevice":null,"BlkioDeviceReadBps":null,"BlkioDeviceWriteBps":null,"BlkioDeviceReadIOps":null,"BlkioDeviceWriteIOps":null,"CpuPeriod":0,"CpuQuota":0,"CpuRealtimePeriod":0,"CpuRealtimeRuntime":0,"CpusetCpus":"","CpusetMems":"","Devices":null,"DeviceCgroupRules":null,"DeviceRequests":null,"MemoryReservation":0,"MemorySwap":0,"MemorySwappiness":null,"OomKillDisable":null,"PidsLimit":null,"Ulimits":null,"CpuCount":0,"CpuPercent":0,"IOMaximumIOps":0,"IOMaximumBandwidth":0,"MaskedPaths":["/proc/asound","/proc/acpi","/proc/kcore","/proc/keys","/proc/latency_stats","/proc/timer_list","/proc/timer_stats","/proc/sched_debug","/proc/scsi","/sys/firmware"],"ReadonlyPaths":["/proc/bus","/proc/fs","/proc/irq","/proc/sys","/proc/sysrq-trigger"]},"GraphDriver":{"Data":{"LowerDir":"/var/lib/docker/overlay2/0075f27ac39799b376a3e23bf05a650eb10c8a0f9ef49be1ab61e98fd3b93dc3-init/diff:/var/lib/docker/overlay2/4c6e20f032f02b27a9272f982861dc21998197aa90d94ed3bef95d449380247c/diff:/var/lib/docker/overlay2/0c75f828f603eff839bb3ca448163ab2a8017e86625ac255cd3dbf1673ddac26/diff:/var/lib/docker/overlay2/da128d897fda75829109844ce6cd9d73d0f54c682e735100af000ce899908729/diff:/var/lib/docker/overlay2/b678a1f261bf323afba6d76d91ab7428bdd6e1ef4a39b5224e4a1afd08c0423a/diff:/var/lib/docker/overlay2/1bec43b14875c5f9f814f146e8e31aa78566689c2c163da2ac60a32254988437/diff:/var/lib/docker/overlay2/28f4b1e6e1a7a2dbe30f1f94fb42bccd85a61faf8af1fe30a5bb0d442c525e41/diff:/var/lib/docker/overlay2/0f493124464c291d7c97d2633d5dff04b1dce5de904cb40a34dfbe7fe72e3fd4/diff:/var/lib/docker/overlay2/05befbee9e38cd670e1786b3310e99796dcc06abbed970007b4109a5424843fa/diff:/var/lib/docker/overlay2/582bcca9acfc4eef25109e1e1b9c9d104f355798455bc73e855c99283887a6e8/diff:/var/lib/docker/overlay2/153b3bf0b69e97e8f0e5533414a31ca33fa530e63d174c9617621abe46e7e9d1/diff:/var/lib/docker/overlay2/bf87a76c0a38875ee6e915fd0d2527eafa880ec6bf2c1cb294959428c18d10bd/diff","MergedDir":"/var/lib/docker/overlay2/0075f27ac39799b376a3e23bf05a650eb10c8a0f9ef49be1ab61e98fd3b93dc3/merged","UpperDir":"/var/lib/docker/overlay2/0075f27ac39799b376a3e23bf05a650eb10c8a0f9ef49be1ab61e98fd3b93dc3/diff","WorkDir":"/var/lib/docker/overlay2/0075f27ac39799b376a3e23bf05a650eb10c8a0f9ef49be1ab61e98fd3b93dc3/work"},"Name":"overlay2"},"Mounts":[{"Type":"volume","Name":"ffd30c8cc7ed7bf91bc1ebef46b0f06493ce1d3121e28c37d40240bd74b844a5","Source":"/var/lib/docker/volumes/ffd30c8cc7ed7bf91bc1ebef46b0f06493ce1d3121e28c37d40240bd74b844a5/_data","Destination":"/var/lib/mysql","Driver":"local","Mode":"","RW":true,"Propagation":""}],"Config":{"Hostname":"cccfb0602d7e","Domainname":"","User":"","AttachStdin":false,"AttachStdout":false,"AttachStderr":false,"ExposedPorts":{"3306/tcp":{}},"Tty":false,"OpenStdin":false,"StdinOnce":false,"Env":["MYSQL_DATABASE=test","MYSQL_PASSWORD=test","MYSQL_USER=test","MYSQL_ROOT_PASSWORD=test","PATH=/usr/local/sbin:/usr/local/bin:/usr/sbin:/usr/bin:/sbin:/bin","GOSU_VERSION=1.7","MYSQL_MAJOR=8.0","MYSQL_VERSION=8.0.0-dmr-1debian8"],"Cmd":["mysqld"],"Image":"mysql:8.0.0","Volumes":{"/var/lib/mysql":{}},"WorkingDir":"","Entrypoint":["docker-entrypoint.sh"],"OnBuild":null,"Labels":{"org.testcontainers":"true","org.testcontainers.lang":"java","org.testcontainers.sessionId":"f1b696c1-ec3f-4f95-afa8-081853be7ccb","org.testcontainers.version":"1.18.0"}},"NetworkSettings":{"Bridge":"","SandboxID":"75a4ef0436803615aa77c8b97de3cbbdd49519261fe2b3b6cdcae9bd2b1154aa","HairpinMode":false,"LinkLocalIPv6Address":"","LinkLocalIPv6PrefixLen":0,"Ports":{"3306/tcp":[{"HostIp":"0.0.0.0","HostPort":"32781"},{"HostIp":"::","HostPort":"32781"}]},"SandboxKey":"/var/run/docker/netns/75a4ef043680","SecondaryIPAddresses":null,"SecondaryIPv6Addresses":null,"EndpointID":"de3a5c9cc9471fdbec5943d78a8803fca61208fe4021ac9d3922ee2e8ec0d135","Gateway":"172.17.0.1","GlobalIPv6Address":"","GlobalIPv6PrefixLen":0,"IPAddress":"172.17.0.3","IPPrefixLen":16,"IPv6Gateway":"","MacAddress":"02:42:ac:11:00:03","Networks":{"bridge":{"IPAMConfig":null,"Links":null,"Aliases":null,"NetworkID":"e1a078e12eb8d77b497ed932f7fb43787eeb6ff6972febd7d03c9282b8b5cd45","EndpointID":"de3a5c9cc9471fdbec5943d78a8803fca61208fe4021ac9d3922ee2e8ec0d135","Gateway":"172.17.0.1","IPAddress":"172.17.0.3","IPPrefixLen":16,"IPv6Gateway":"","GlobalIPv6Address":"","GlobalIPv6PrefixLen":0,"MacAddress":"02:42:ac:11:00:03","DriverOpts":null}}}}[\n]"
&amp#27;[0;39m2023-05-08 13:18:57,555 [main] &amp#27;[39mDEBUG&amp#27;[0;39m &amp#27;[36mc.g.d.z.s.o.a.hc.client5.http.wire&amp#27;[0;39m - &amp#27;[32mhttp-outgoing-1 << "[\r][\n]"
&amp#27;[0;39m2023-05-08 13:18:57,555 [main] &amp#27;[39mDEBUG&amp#27;[0;39m &amp#27;[36mc.g.d.z.s.o.a.hc.client5.http.wire&amp#27;[0;39m - &amp#27;[32mhttp-outgoing-1 << "0[\r][\n]"
&amp#27;[0;39m2023-05-08 13:18:57,555 [main] &amp#27;[39mDEBUG&amp#27;[0;39m &amp#27;[36mc.g.d.z.s.o.a.hc.client5.http.wire&amp#27;[0;39m - &amp#27;[32mhttp-outgoing-1 << "[\r][\n]"
&amp#27;[0;39m2023-05-08 13:18:57,555 [main] &amp#27;[39mDEBUG&amp#27;[0;39m &amp#27;[36mc.g.d.z.s.o.a.h.client5.http.headers&amp#27;[0;39m - &amp#27;[32mhttp-outgoing-1 << HTTP/1.1 200 OK
&amp#27;[0;39m2023-05-08 13:18:57,555 [main] &amp#27;[39mDEBUG&amp#27;[0;39m &amp#27;[36mc.g.d.z.s.o.a.h.client5.http.headers&amp#27;[0;39m - &amp#27;[32mhttp-outgoing-1 << Api-Version: 1.42
&amp#27;[0;39m2023-05-08 13:18:57,555 [main] &amp#27;[39mDEBUG&amp#27;[0;39m &amp#27;[36mc.g.d.z.s.o.a.h.client5.http.headers&amp#27;[0;39m - &amp#27;[32mhttp-outgoing-1 << Content-Type: application/json
&amp#27;[0;39m2023-05-08 13:18:57,555 [main] &amp#27;[39mDEBUG&amp#27;[0;39m &amp#27;[36mc.g.d.z.s.o.a.h.client5.http.headers&amp#27;[0;39m - &amp#27;[32mhttp-outgoing-1 << Docker-Experimental: false
&amp#27;[0;39m2023-05-08 13:18:57,556 [main] &amp#27;[39mDEBUG&amp#27;[0;39m &amp#27;[36mc.g.d.z.s.o.a.h.client5.http.headers&amp#27;[0;39m - &amp#27;[32mhttp-outgoing-1 << Ostype: linux
&amp#27;[0;39m2023-05-08 13:18:57,556 [main] &amp#27;[39mDEBUG&amp#27;[0;39m &amp#27;[36mc.g.d.z.s.o.a.h.client5.http.headers&amp#27;[0;39m - &amp#27;[32mhttp-outgoing-1 << Server: Docker/23.0.5 (linux)
&amp#27;[0;39m2023-05-08 13:18:57,556 [main] &amp#27;[39mDEBUG&amp#27;[0;39m &amp#27;[36mc.g.d.z.s.o.a.h.client5.http.headers&amp#27;[0;39m - &amp#27;[32mhttp-outgoing-1 << Date: Mon, 08 May 2023 11:18:57 GMT
&amp#27;[0;39m2023-05-08 13:18:57,556 [main] &amp#27;[39mDEBUG&amp#27;[0;39m &amp#27;[36mc.g.d.z.s.o.a.h.client5.http.headers&amp#27;[0;39m - &amp#27;[32mhttp-outgoing-1 << Transfer-Encoding: chunked
&amp#27;[0;39m2023-05-08 13:18:57,556 [main] &amp#27;[39mDEBUG&amp#27;[0;39m &amp#27;[36mc.g.d.z.s.o.a.h.c.h.i.c.MainClientExec&amp#27;[0;39m - &amp#27;[32mex-0000002D: connection can be kept alive for 3 MINUTES
&amp#27;[0;39m2023-05-08 13:18:57,556 [main] &amp#27;[39mDEBUG&amp#27;[0;39m &amp#27;[36mc.g.d.z.s.o.a.h.c.h.i.c.InternalHttpClient&amp#27;[0;39m - &amp#27;[32mep-0000002C: releasing valid endpoint
&amp#27;[0;39m2023-05-08 13:18:57,556 [main] &amp#27;[39mDEBUG&amp#27;[0;39m &amp#27;[36mc.g.d.z.s.o.a.h.c.h.i.i.PoolingHttpClientConnectionManager&amp#27;[0;39m - &amp#27;[32mep-0000002C: releasing endpoint
&amp#27;[0;39m2023-05-08 13:18:57,556 [main] &amp#27;[39mDEBUG&amp#27;[0;39m &amp#27;[36mc.g.d.z.s.o.a.h.c.h.i.i.PoolingHttpClientConnectionManager&amp#27;[0;39m - &amp#27;[32mep-0000002C: connection http-outgoing-1 can be kept alive for 3 MINUTES
&amp#27;[0;39m2023-05-08 13:18:57,556 [main] &amp#27;[39mDEBUG&amp#27;[0;39m &amp#27;[36mc.g.d.z.s.o.a.h.c.h.i.i.PoolingHttpClientConnectionManager&amp#27;[0;39m - &amp#27;[32mep-0000002C: connection released [route: {}->unix://localhost:2375][total available: 1; route allocated: 1 of 2147483647; total allocated: 1 of 2147483647]
&amp#27;[0;39m2023-05-08 13:18:57,556 [main] &amp#27;[39mDEBUG&amp#27;[0;39m &amp#27;[36mtc.mysql:8.0.0&amp#27;[0;39m - &amp#27;[32mTrying to create JDBC connection using com.mysql.cj.jdbc.Driver to jdbc:mysql://localhost:32781/test?useSSL=false&allowPublicKeyRetrieval=true with properties: {password=test, user=test}
&amp#27;[0;39m2023-05-08 13:18:57,658 [main] &amp#27;[39mDEBUG&amp#27;[0;39m &amp#27;[36mo.t.s.c.g.d.c.command.AbstrDockerCmd&amp#27;[0;39m - &amp#27;[32mCmd: cccfb0602d7e775562ae171a9fe0a7ec811b6906268008a84fea93151d2a7305,false
&amp#27;[0;39m2023-05-08 13:18:57,658 [main] &amp#27;[39mDEBUG&amp#27;[0;39m &amp#27;[36mo.t.s.c.g.d.c.e.InspectContainerCmdExec&amp#27;[0;39m - &amp#27;[32mGET: DefaultWebTarget{path=[/containers/cccfb0602d7e775562ae171a9fe0a7ec811b6906268008a84fea93151d2a7305/json], queryParams={}}
&amp#27;[0;39m2023-05-08 13:18:57,658 [main] &amp#27;[39mDEBUG&amp#27;[0;39m &amp#27;[36mc.g.d.z.s.o.a.h.c.h.i.c.InternalHttpClient&amp#27;[0;39m - &amp#27;[32mex-0000002E: preparing request execution
&amp#27;[0;39m2023-05-08 13:18:57,658 [main] &amp#27;[39mDEBUG&amp#27;[0;39m &amp#27;[36mc.g.d.z.s.o.a.h.c.h.p.RequestAddCookies&amp#27;[0;39m - &amp#27;[32mCookie spec selected: strict
&amp#27;[0;39m2023-05-08 13:18:57,658 [main] &amp#27;[39mDEBUG&amp#27;[0;39m &amp#27;[36mc.g.d.z.s.o.a.h.c.h.p.RequestAuthCache&amp#27;[0;39m - &amp#27;[32mAuth cache not set in the context
&amp#27;[0;39m2023-05-08 13:18:57,658 [main] &amp#27;[39mDEBUG&amp#27;[0;39m &amp#27;[36mc.g.d.z.s.o.a.h.c.h.i.c.ProtocolExec&amp#27;[0;39m - &amp#27;[32mex-0000002E: target auth state: UNCHALLENGED
&amp#27;[0;39m2023-05-08 13:18:57,658 [main] &amp#27;[39mDEBUG&amp#27;[0;39m &amp#27;[36mc.g.d.z.s.o.a.h.c.h.i.c.ProtocolExec&amp#27;[0;39m - &amp#27;[32mex-0000002E: proxy auth state: UNCHALLENGED
&amp#27;[0;39m2023-05-08 13:18:57,658 [main] &amp#27;[39mDEBUG&amp#27;[0;39m &amp#27;[36mc.g.d.z.s.o.a.h.c.h.i.c.ConnectExec&amp#27;[0;39m - &amp#27;[32mex-0000002E: acquiring connection with route {}->unix://localhost:2375
&amp#27;[0;39m2023-05-08 13:18:57,658 [main] &amp#27;[39mDEBUG&amp#27;[0;39m &amp#27;[36mc.g.d.z.s.o.a.h.c.h.i.c.InternalHttpClient&amp#27;[0;39m - &amp#27;[32mex-0000002E: acquiring endpoint (3 MINUTES)
&amp#27;[0;39m2023-05-08 13:18:57,658 [main] &amp#27;[39mDEBUG&amp#27;[0;39m &amp#27;[36mc.g.d.z.s.o.a.h.c.h.i.i.PoolingHttpClientConnectionManager&amp#27;[0;39m - &amp#27;[32mex-0000002E: endpoint lease request (3 MINUTES) [route: {}->unix://localhost:2375][total available: 1; route allocated: 1 of 2147483647; total allocated: 1 of 2147483647]
&amp#27;[0;39m2023-05-08 13:18:57,658 [main] &amp#27;[39mDEBUG&amp#27;[0;39m &amp#27;[36mc.g.d.z.s.o.a.h.c.h.i.i.PoolingHttpClientConnectionManager&amp#27;[0;39m - &amp#27;[32mex-0000002E: endpoint leased [route: {}->unix://localhost:2375][total available: 0; route allocated: 1 of 2147483647; total allocated: 1 of 2147483647]
&amp#27;[0;39m2023-05-08 13:18:57,658 [main] &amp#27;[39mDEBUG&amp#27;[0;39m &amp#27;[36mc.g.d.z.s.o.a.h.c.h.i.i.PoolingHttpClientConnectionManager&amp#27;[0;39m - &amp#27;[32mex-0000002E: acquired ep-0000002D
&amp#27;[0;39m2023-05-08 13:18:57,658 [main] &amp#27;[39mDEBUG&amp#27;[0;39m &amp#27;[36mc.g.d.z.s.o.a.h.c.h.i.c.InternalHttpClient&amp#27;[0;39m - &amp#27;[32mex-0000002E: acquired endpoint ep-0000002D
&amp#27;[0;39m2023-05-08 13:18:57,658 [main] &amp#27;[39mDEBUG&amp#27;[0;39m &amp#27;[36mc.g.d.z.s.o.a.h.c.h.i.c.MainClientExec&amp#27;[0;39m - &amp#27;[32mex-0000002E: executing GET /v1.32/containers/cccfb0602d7e775562ae171a9fe0a7ec811b6906268008a84fea93151d2a7305/json HTTP/1.1
&amp#27;[0;39m2023-05-08 13:18:57,658 [main] &amp#27;[39mDEBUG&amp#27;[0;39m &amp#27;[36mc.g.d.z.s.o.a.h.c.h.i.c.InternalHttpClient&amp#27;[0;39m - &amp#27;[32mep-0000002D: start execution ex-0000002E
&amp#27;[0;39m2023-05-08 13:18:57,658 [main] &amp#27;[39mDEBUG&amp#27;[0;39m &amp#27;[36mc.g.d.z.s.o.a.h.c.h.i.i.PoolingHttpClientConnectionManager&amp#27;[0;39m - &amp#27;[32mep-0000002D: executing exchange ex-0000002E over http-outgoing-1
&amp#27;[0;39m2023-05-08 13:18:57,658 [main] &amp#27;[39mDEBUG&amp#27;[0;39m &amp#27;[36mc.g.d.z.s.o.a.h.client5.http.headers&amp#27;[0;39m - &amp#27;[32mhttp-outgoing-1 >> GET /v1.32/containers/cccfb0602d7e775562ae171a9fe0a7ec811b6906268008a84fea93151d2a7305/json HTTP/1.1
&amp#27;[0;39m2023-05-08 13:18:57,658 [main] &amp#27;[39mDEBUG&amp#27;[0;39m &amp#27;[36mc.g.d.z.s.o.a.h.client5.http.headers&amp#27;[0;39m - &amp#27;[32mhttp-outgoing-1 >> accept: application/json
&amp#27;[0;39m2023-05-08 13:18:57,658 [main] &amp#27;[39mDEBUG&amp#27;[0;39m &amp#27;[36mc.g.d.z.s.o.a.h.client5.http.headers&amp#27;[0;39m - &amp#27;[32mhttp-outgoing-1 >> x-tc-sid: f1b696c1-ec3f-4f95-afa8-081853be7ccb
&amp#27;[0;39m2023-05-08 13:18:57,658 [main] &amp#27;[39mDEBUG&amp#27;[0;39m &amp#27;[36mc.g.d.z.s.o.a.h.client5.http.headers&amp#27;[0;39m - &amp#27;[32mhttp-outgoing-1 >> Accept-Encoding: gzip, x-gzip, deflate
&amp#27;[0;39m2023-05-08 13:18:57,658 [main] &amp#27;[39mDEBUG&amp#27;[0;39m &amp#27;[36mc.g.d.z.s.o.a.h.client5.http.headers&amp#27;[0;39m - &amp#27;[32mhttp-outgoing-1 >> Host: localhost:2375
&amp#27;[0;39m2023-05-08 13:18:57,658 [main] &amp#27;[39mDEBUG&amp#27;[0;39m &amp#27;[36mc.g.d.z.s.o.a.h.client5.http.headers&amp#27;[0;39m - &amp#27;[32mhttp-outgoing-1 >> Connection: keep-alive
&amp#27;[0;39m2023-05-08 13:18:57,658 [main] &amp#27;[39mDEBUG&amp#27;[0;39m &amp#27;[36mc.g.d.z.s.o.a.h.client5.http.headers&amp#27;[0;39m - &amp#27;[32mhttp-outgoing-1 >> User-Agent: Apache-HttpClient/5.0.3 (Java/17.0.6)
&amp#27;[0;39m2023-05-08 13:18:57,658 [main] &amp#27;[39mDEBUG&amp#27;[0;39m &amp#27;[36mc.g.d.z.s.o.a.hc.client5.http.wire&amp#27;[0;39m - &amp#27;[32mhttp-outgoing-1 >> "GET /v1.32/containers/cccfb0602d7e775562ae171a9fe0a7ec811b6906268008a84fea93151d2a7305/json HTTP/1.1[\r][\n]"
&amp#27;[0;39m2023-05-08 13:18:57,658 [main] &amp#27;[39mDEBUG&amp#27;[0;39m &amp#27;[36mc.g.d.z.s.o.a.hc.client5.http.wire&amp#27;[0;39m - &amp#27;[32mhttp-outgoing-1 >> "accept: application/json[\r][\n]"
&amp#27;[0;39m2023-05-08 13:18:57,658 [main] &amp#27;[39mDEBUG&amp#27;[0;39m &amp#27;[36mc.g.d.z.s.o.a.hc.client5.http.wire&amp#27;[0;39m - &amp#27;[32mhttp-outgoing-1 >> "x-tc-sid: f1b696c1-ec3f-4f95-afa8-081853be7ccb[\r][\n]"
&amp#27;[0;39m2023-05-08 13:18:57,658 [main] &amp#27;[39mDEBUG&amp#27;[0;39m &amp#27;[36mc.g.d.z.s.o.a.hc.client5.http.wire&amp#27;[0;39m - &amp#27;[32mhttp-outgoing-1 >> "Accept-Encoding: gzip, x-gzip, deflate[\r][\n]"
&amp#27;[0;39m2023-05-08 13:18:57,659 [main] &amp#27;[39mDEBUG&amp#27;[0;39m &amp#27;[36mc.g.d.z.s.o.a.hc.client5.http.wire&amp#27;[0;39m - &amp#27;[32mhttp-outgoing-1 >> "Host: localhost:2375[\r][\n]"
&amp#27;[0;39m2023-05-08 13:18:57,659 [main] &amp#27;[39mDEBUG&amp#27;[0;39m &amp#27;[36mc.g.d.z.s.o.a.hc.client5.http.wire&amp#27;[0;39m - &amp#27;[32mhttp-outgoing-1 >> "Connection: keep-alive[\r][\n]"
&amp#27;[0;39m2023-05-08 13:18:57,659 [main] &amp#27;[39mDEBUG&amp#27;[0;39m &amp#27;[36mc.g.d.z.s.o.a.hc.client5.http.wire&amp#27;[0;39m - &amp#27;[32mhttp-outgoing-1 >> "User-Agent: Apache-HttpClient/5.0.3 (Java/17.0.6)[\r][\n]"
&amp#27;[0;39m2023-05-08 13:18:57,659 [main] &amp#27;[39mDEBUG&amp#27;[0;39m &amp#27;[36mc.g.d.z.s.o.a.hc.client5.http.wire&amp#27;[0;39m - &amp#27;[32mhttp-outgoing-1 >> "[\r][\n]"
&amp#27;[0;39m2023-05-08 13:18:57,659 [main] &amp#27;[39mDEBUG&amp#27;[0;39m &amp#27;[36mc.g.d.z.s.o.a.hc.client5.http.wire&amp#27;[0;39m - &amp#27;[32mhttp-outgoing-1 << "HTTP/1.1 200 OK[\r][\n]"
&amp#27;[0;39m2023-05-08 13:18:57,659 [main] &amp#27;[39mDEBUG&amp#27;[0;39m &amp#27;[36mc.g.d.z.s.o.a.hc.client5.http.wire&amp#27;[0;39m - &amp#27;[32mhttp-outgoing-1 << "Api-Version: 1.42[\r][\n]"
&amp#27;[0;39m2023-05-08 13:18:57,659 [main] &amp#27;[39mDEBUG&amp#27;[0;39m &amp#27;[36mc.g.d.z.s.o.a.hc.client5.http.wire&amp#27;[0;39m - &amp#27;[32mhttp-outgoing-1 << "Content-Type: application/json[\r][\n]"
&amp#27;[0;39m2023-05-08 13:18:57,659 [main] &amp#27;[39mDEBUG&amp#27;[0;39m &amp#27;[36mc.g.d.z.s.o.a.hc.client5.http.wire&amp#27;[0;39m - &amp#27;[32mhttp-outgoing-1 << "Docker-Experimental: false[\r][\n]"
&amp#27;[0;39m2023-05-08 13:18:57,659 [main] &amp#27;[39mDEBUG&amp#27;[0;39m &amp#27;[36mc.g.d.z.s.o.a.hc.client5.http.wire&amp#27;[0;39m - &amp#27;[32mhttp-outgoing-1 << "Ostype: linux[\r][\n]"
&amp#27;[0;39m2023-05-08 13:18:57,659 [main] &amp#27;[39mDEBUG&amp#27;[0;39m &amp#27;[36mc.g.d.z.s.o.a.hc.client5.http.wire&amp#27;[0;39m - &amp#27;[32mhttp-outgoing-1 << "Server: Docker/23.0.5 (linux)[\r][\n]"
&amp#27;[0;39m2023-05-08 13:18:57,659 [main] &amp#27;[39mDEBUG&amp#27;[0;39m &amp#27;[36mc.g.d.z.s.o.a.hc.client5.http.wire&amp#27;[0;39m - &amp#27;[32mhttp-outgoing-1 << "Date: Mon, 08 May 2023 11:18:57 GMT[\r][\n]"
&amp#27;[0;39m2023-05-08 13:18:57,659 [main] &amp#27;[39mDEBUG&amp#27;[0;39m &amp#27;[36mc.g.d.z.s.o.a.hc.client5.http.wire&amp#27;[0;39m - &amp#27;[32mhttp-outgoing-1 << "Transfer-Encoding: chunked[\r][\n]"
&amp#27;[0;39m2023-05-08 13:18:57,659 [main] &amp#27;[39mDEBUG&amp#27;[0;39m &amp#27;[36mc.g.d.z.s.o.a.hc.client5.http.wire&amp#27;[0;39m - &amp#27;[32mhttp-outgoing-1 << "[\r][\n]"
&amp#27;[0;39m2023-05-08 13:18:57,659 [main] &amp#27;[39mDEBUG&amp#27;[0;39m &amp#27;[36mc.g.d.z.s.o.a.hc.client5.http.wire&amp#27;[0;39m - &amp#27;[32mhttp-outgoing-1 << "1890[\r][\n]"
&amp#27;[0;39m2023-05-08 13:18:57,659 [main] &amp#27;[39mDEBUG&amp#27;[0;39m &amp#27;[36mc.g.d.z.s.o.a.hc.client5.http.wire&amp#27;[0;39m - &amp#27;[32mhttp-outgoing-1 << "{"Id":"cccfb0602d7e775562ae171a9fe0a7ec811b6906268008a84fea93151d2a7305","Created":"2023-05-08T11:18:54.120535425Z","Path":"docker-entrypoint.sh","Args":["mysqld"],"State":{"Status":"running","Running":true,"Paused":false,"Restarting":false,"OOMKilled":false,"Dead":false,"Pid":59126,"ExitCode":0,"Error":"","StartedAt":"2023-05-08T11:18:54.468577716Z","FinishedAt":"0001-01-01T00:00:00Z"},"Image":"sha256:228d71078f8ce5ae9fd96b183f88c3a90e30544b4b7ce9d64a238d05fef2a681","ResolvConfPath":"/var/lib/docker/containers/cccfb0602d7e775562ae171a9fe0a7ec811b6906268008a84fea93151d2a7305/resolv.conf","HostnamePath":"/var/lib/docker/containers/cccfb0602d7e775562ae171a9fe0a7ec811b6906268008a84fea93151d2a7305/hostname","HostsPath":"/var/lib/docker/containers/cccfb0602d7e775562ae171a9fe0a7ec811b6906268008a84fea93151d2a7305/hosts","LogPath":"/var/lib/docker/containers/cccfb0602d7e775562ae171a9fe0a7ec811b6906268008a84fea93151d2a7305/cccfb0602d7e775562ae171a9fe0a7ec811b6906268008a84fea93151d2a7305-json.log","Name":"/charming_goodall","RestartCount":0,"Driver":"overlay2","Platform":"linux","MountLabel":"","ProcessLabel":"","AppArmorProfile":"docker-default","ExecIDs":null,"HostConfig":{"Binds":[],"ContainerIDFile":"","LogConfig":{"Type":"json-file","Config":{}},"NetworkMode":"default","PortBindings":{"3306/tcp":[{"HostIp":"","HostPort":""}]},"RestartPolicy":{"Name":"","MaximumRetryCount":0},"AutoRemove":false,"VolumeDriver":"","VolumesFrom":[],"ConsoleSize":[0,0],"CapAdd":null,"CapDrop":null,"CgroupnsMode":"private","Dns":null,"DnsOptions":null,"DnsSearch":null,"ExtraHosts":[],"GroupAdd":null,"IpcMode":"shareable","Cgroup":"","Links":null,"OomScoreAdj":0,"PidMode":"","Privileged":false,"PublishAllPorts":false,"ReadonlyRootfs":false,"SecurityOpt":null,"UTSMode":"","UsernsMode":"","ShmSize":67108864,"Runtime":"runc","Isolation":"","CpuShares":0,"Memory":0,"NanoCpus":0,"CgroupParent":"","BlkioWeight":0,"BlkioWeightDevice":null,"BlkioDeviceReadBps":null,"BlkioDeviceWriteBps":null,"BlkioDeviceReadIOps":null,"BlkioDeviceWriteIOps":null,"CpuPeriod":0,"CpuQuota":0,"CpuRealtimePeriod":0,"CpuRealtimeRuntime":0,"CpusetCpus":"","CpusetMems":"","Devices":null,"DeviceCgroupRules":null,"DeviceRequests":null,"MemoryReservation":0,"MemorySwap":0,"MemorySwappiness":null,"OomKillDisable":null,"PidsLimit":null,"Ulimits":null,"CpuCount":0,"CpuPercent":0,"IOMaximumIOps":0,"IOMaximumBandwidth":0,"MaskedPaths":["/proc/asound","/proc/acpi","/proc/kcore","/proc/keys","/proc/latency_stats","/proc/timer_list","/proc/timer_stats","/proc/sched_debug","/proc/scsi","/sys/firmware"],"ReadonlyPaths":["/proc/bus","/proc/fs","/proc/irq","/proc/sys","/proc/sysrq-trigger"]},"GraphDriver":{"Data":{"LowerDir":"/var/lib/docker/overlay2/0075f27ac39799b376a3e23bf05a650eb10c8a0f9ef49be1ab61e98fd3b93dc3-init/diff:/var/lib/docker/overlay2/4c6e20f032f02b27a9272f982861dc21998197aa90d94ed3bef95d449380247c/diff:/var/lib/docker/overlay2/0c75f828f603eff839bb3ca448163ab2a8017e86625ac255cd3dbf1673ddac26/diff:/var/lib/docker/overlay2/da128d897fda75829109844ce6cd9d73d0f54c682e735100af000ce899908729/diff:/var/lib/docker/overlay2/b678a1f261bf323afba6d76d91ab7428bdd6e1ef4a39b5224e4a1afd08c0423a/diff:/var/lib/docker/overlay2/1bec43b14875c5f9f814f146e8e31aa78566689c2c163da2ac60a32254988437/diff:/var/lib/docker/overlay2/28f4b1e6e1a7a2dbe30f1f94fb42bccd85a61faf8af1fe30a5bb0d442c525e41/diff:/var/lib/docker/overlay2/0f493124464c291d7c97d2633d5dff04b1dce5de904cb40a34dfbe7fe72e3fd4/diff:/var/lib/docker/overlay2/05befbee9e38cd670e1786b3310e99796dcc06abbed970007b4109a5424843fa/diff:/var/lib/docker/overlay2/582bcca9acfc4eef25109e1e1b9c9d104f355798455bc73e855c99283887a6e8/diff:/var/lib/docker/overlay2/153b3bf0b69e97e8f0e5533414a31ca33fa530e63d174c9617621abe46e7e9d1/diff:/var/lib/docker/overlay2/bf87a76c0a38875ee6e915fd0d2527eafa880ec6bf2c1cb294959428c18d10bd/diff","MergedDir":"/var/lib/docker/overlay2/0075f27ac39799b376a3e23bf05a650eb10c8a0f9ef49be1ab61e98fd3b93dc3/merged","UpperDir":"/var/lib/docker/overlay2/0075f27ac39799b376a3e23bf05a650eb10c8a0f9ef49be1ab61e98fd3b93dc3/diff","WorkDir":"/var/lib/docker/overlay2/0075f27ac39799b376a3e23bf05a650eb10c8a0f9ef49be1ab61e98fd3b93dc3/work"},"Name":"overlay2"},"Mounts":[{"Type":"volume","Name":"ffd30c8cc7ed7bf91bc1ebef46b0f06493ce1d3121e28c37d40240bd74b844a5","Source":"/var/lib/docker/volumes/ffd30c8cc7ed7bf91bc1ebef46b0f06493ce1d3121e28c37d40240bd74b844a5/_data","Destination":"/var/lib/mysql","Driver":"local","Mode":"","RW":true,"Propagation":""}],"Config":{"Hostname":"cccfb0602d7e","Domainname":"","User":"","AttachStdin":false,"AttachStdout":false,"AttachStderr":false,"ExposedPorts":{"3306/tcp":{}},"Tty":false,"OpenStdin":false,"StdinOnce":false,"Env":["MYSQL_DATABASE=test","MYSQL_PASSWORD=test","MYSQL_USER=test","MYSQL_ROOT_PASSWORD=test","PATH=/usr/local/sbin:/usr/local/bin:/usr/sbin:/usr/bin:/sbin:/bin","GOSU_VERSION=1.7","MYSQL_MAJOR=8.0","MYSQL_VERSION=8.0.0-dmr-1debian8"],"Cmd":["mysqld"],"Image":"mysql:8.0.0","Volumes":{"/var/lib/mysql":{}},"WorkingDir":"","Entrypoint":["docker-entrypoint.sh"],"OnBuild":null,"Labels":{"org.testcontainers":"true","org.testcontainers.lang":"java","org.testcontainers.sessionId":"f1b696c1-ec3f-4f95-afa8-081853be7ccb","org.testcontainers.version":"1.18.0"}},"NetworkSettings":{"Bridge":"","SandboxID":"75a4ef0436803615aa77c8b97de3cbbdd49519261fe2b3b6cdcae9bd2b1154aa","HairpinMode":false,"LinkLocalIPv6Address":"","LinkLocalIPv6PrefixLen":0,"Ports":{"3306/tcp":[{"HostIp":"0.0.0.0","HostPort":"32781"},{"HostIp":"::","HostPort":"32781"}]},"SandboxKey":"/var/run/docker/netns/75a4ef043680","SecondaryIPAddresses":null,"SecondaryIPv6Addresses":null,"EndpointID":"de3a5c9cc9471fdbec5943d78a8803fca61208fe4021ac9d3922ee2e8ec0d135","Gateway":"172.17.0.1","GlobalIPv6Address":"","GlobalIPv6PrefixLen":0,"IPAddress":"172.17.0.3","IPPrefixLen":16,"IPv6Gateway":"","MacAddress":"02:42:ac:11:00:03","Networks":{"bridge":{"IPAMConfig":null,"Links":null,"Aliases":null,"NetworkID":"e1a078e12eb8d77b497ed932f7fb43787eeb6ff6972febd7d03c9282b8b5cd45","EndpointID":"de3a5c9cc9471fdbec5943d78a8803fca61208fe4021ac9d3922ee2e8ec0d135","Gateway":"172.17.0.1","IPAddress":"172.17.0.3","IPPrefixLen":16,"IPv6Gateway":"","GlobalIPv6Address":"","GlobalIPv6PrefixLen":0,"MacAddress":"02:42:ac:11:00:03","DriverOpts":null}}}}[\n]"
&amp#27;[0;39m2023-05-08 13:18:57,659 [main] &amp#27;[39mDEBUG&amp#27;[0;39m &amp#27;[36mc.g.d.z.s.o.a.hc.client5.http.wire&amp#27;[0;39m - &amp#27;[32mhttp-outgoing-1 << "[\r][\n]"
&amp#27;[0;39m2023-05-08 13:18:57,659 [main] &amp#27;[39mDEBUG&amp#27;[0;39m &amp#27;[36mc.g.d.z.s.o.a.hc.client5.http.wire&amp#27;[0;39m - &amp#27;[32mhttp-outgoing-1 << "0[\r][\n]"
&amp#27;[0;39m2023-05-08 13:18:57,659 [main] &amp#27;[39mDEBUG&amp#27;[0;39m &amp#27;[36mc.g.d.z.s.o.a.hc.client5.http.wire&amp#27;[0;39m - &amp#27;[32mhttp-outgoing-1 << "[\r][\n]"
&amp#27;[0;39m2023-05-08 13:18:57,659 [main] &amp#27;[39mDEBUG&amp#27;[0;39m &amp#27;[36mc.g.d.z.s.o.a.h.client5.http.headers&amp#27;[0;39m - &amp#27;[32mhttp-outgoing-1 << HTTP/1.1 200 OK
&amp#27;[0;39m2023-05-08 13:18:57,659 [main] &amp#27;[39mDEBUG&amp#27;[0;39m &amp#27;[36mc.g.d.z.s.o.a.h.client5.http.headers&amp#27;[0;39m - &amp#27;[32mhttp-outgoing-1 << Api-Version: 1.42
&amp#27;[0;39m2023-05-08 13:18:57,659 [main] &amp#27;[39mDEBUG&amp#27;[0;39m &amp#27;[36mc.g.d.z.s.o.a.h.client5.http.headers&amp#27;[0;39m - &amp#27;[32mhttp-outgoing-1 << Content-Type: application/json
&amp#27;[0;39m2023-05-08 13:18:57,659 [main] &amp#27;[39mDEBUG&amp#27;[0;39m &amp#27;[36mc.g.d.z.s.o.a.h.client5.http.headers&amp#27;[0;39m - &amp#27;[32mhttp-outgoing-1 << Docker-Experimental: false
&amp#27;[0;39m2023-05-08 13:18:57,659 [main] &amp#27;[39mDEBUG&amp#27;[0;39m &amp#27;[36mc.g.d.z.s.o.a.h.client5.http.headers&amp#27;[0;39m - &amp#27;[32mhttp-outgoing-1 << Ostype: linux
&amp#27;[0;39m2023-05-08 13:18:57,659 [main] &amp#27;[39mDEBUG&amp#27;[0;39m &amp#27;[36mc.g.d.z.s.o.a.h.client5.http.headers&amp#27;[0;39m - &amp#27;[32mhttp-outgoing-1 << Server: Docker/23.0.5 (linux)
&amp#27;[0;39m2023-05-08 13:18:57,659 [main] &amp#27;[39mDEBUG&amp#27;[0;39m &amp#27;[36mc.g.d.z.s.o.a.h.client5.http.headers&amp#27;[0;39m - &amp#27;[32mhttp-outgoing-1 << Date: Mon, 08 May 2023 11:18:57 GMT
&amp#27;[0;39m2023-05-08 13:18:57,659 [main] &amp#27;[39mDEBUG&amp#27;[0;39m &amp#27;[36mc.g.d.z.s.o.a.h.client5.http.headers&amp#27;[0;39m - &amp#27;[32mhttp-outgoing-1 << Transfer-Encoding: chunked
&amp#27;[0;39m2023-05-08 13:18:57,659 [main] &amp#27;[39mDEBUG&amp#27;[0;39m &amp#27;[36mc.g.d.z.s.o.a.h.c.h.i.c.MainClientExec&amp#27;[0;39m - &amp#27;[32mex-0000002E: connection can be kept alive for 3 MINUTES
&amp#27;[0;39m2023-05-08 13:18:57,660 [main] &amp#27;[39mDEBUG&amp#27;[0;39m &amp#27;[36mc.g.d.z.s.o.a.h.c.h.i.c.InternalHttpClient&amp#27;[0;39m - &amp#27;[32mep-0000002D: releasing valid endpoint
&amp#27;[0;39m2023-05-08 13:18:57,660 [main] &amp#27;[39mDEBUG&amp#27;[0;39m &amp#27;[36mc.g.d.z.s.o.a.h.c.h.i.i.PoolingHttpClientConnectionManager&amp#27;[0;39m - &amp#27;[32mep-0000002D: releasing endpoint
&amp#27;[0;39m2023-05-08 13:18:57,660 [main] &amp#27;[39mDEBUG&amp#27;[0;39m &amp#27;[36mc.g.d.z.s.o.a.h.c.h.i.i.PoolingHttpClientConnectionManager&amp#27;[0;39m - &amp#27;[32mep-0000002D: connection http-outgoing-1 can be kept alive for 3 MINUTES
&amp#27;[0;39m2023-05-08 13:18:57,660 [main] &amp#27;[39mDEBUG&amp#27;[0;39m &amp#27;[36mc.g.d.z.s.o.a.h.c.h.i.i.PoolingHttpClientConnectionManager&amp#27;[0;39m - &amp#27;[32mep-0000002D: connection released [route: {}->unix://localhost:2375][total available: 1; route allocated: 1 of 2147483647; total allocated: 1 of 2147483647]
&amp#27;[0;39m2023-05-08 13:18:57,660 [main] &amp#27;[39mDEBUG&amp#27;[0;39m &amp#27;[36mtc.mysql:8.0.0&amp#27;[0;39m - &amp#27;[32mTrying to create JDBC connection using com.mysql.cj.jdbc.Driver to jdbc:mysql://localhost:32781/test?useSSL=false&allowPublicKeyRetrieval=true with properties: {password=test, user=test}
&amp#27;[0;39m2023-05-08 13:18:57,761 [main] &amp#27;[39mDEBUG&amp#27;[0;39m &amp#27;[36mo.t.s.c.g.d.c.command.AbstrDockerCmd&amp#27;[0;39m - &amp#27;[32mCmd: cccfb0602d7e775562ae171a9fe0a7ec811b6906268008a84fea93151d2a7305,false
&amp#27;[0;39m2023-05-08 13:18:57,762 [main] &amp#27;[39mDEBUG&amp#27;[0;39m &amp#27;[36mo.t.s.c.g.d.c.e.InspectContainerCmdExec&amp#27;[0;39m - &amp#27;[32mGET: DefaultWebTarget{path=[/containers/cccfb0602d7e775562ae171a9fe0a7ec811b6906268008a84fea93151d2a7305/json], queryParams={}}
&amp#27;[0;39m2023-05-08 13:18:57,762 [main] &amp#27;[39mDEBUG&amp#27;[0;39m &amp#27;[36mc.g.d.z.s.o.a.h.c.h.i.c.InternalHttpClient&amp#27;[0;39m - &amp#27;[32mex-0000002F: preparing request execution
&amp#27;[0;39m2023-05-08 13:18:57,762 [main] &amp#27;[39mDEBUG&amp#27;[0;39m &amp#27;[36mc.g.d.z.s.o.a.h.c.h.p.RequestAddCookies&amp#27;[0;39m - &amp#27;[32mCookie spec selected: strict
&amp#27;[0;39m2023-05-08 13:18:57,762 [main] &amp#27;[39mDEBUG&amp#27;[0;39m &amp#27;[36mc.g.d.z.s.o.a.h.c.h.p.RequestAuthCache&amp#27;[0;39m - &amp#27;[32mAuth cache not set in the context
&amp#27;[0;39m2023-05-08 13:18:57,762 [main] &amp#27;[39mDEBUG&amp#27;[0;39m &amp#27;[36mc.g.d.z.s.o.a.h.c.h.i.c.ProtocolExec&amp#27;[0;39m - &amp#27;[32mex-0000002F: target auth state: UNCHALLENGED
&amp#27;[0;39m2023-05-08 13:18:57,762 [main] &amp#27;[39mDEBUG&amp#27;[0;39m &amp#27;[36mc.g.d.z.s.o.a.h.c.h.i.c.ProtocolExec&amp#27;[0;39m - &amp#27;[32mex-0000002F: proxy auth state: UNCHALLENGED
&amp#27;[0;39m2023-05-08 13:18:57,762 [main] &amp#27;[39mDEBUG&amp#27;[0;39m &amp#27;[36mc.g.d.z.s.o.a.h.c.h.i.c.ConnectExec&amp#27;[0;39m - &amp#27;[32mex-0000002F: acquiring connection with route {}->unix://localhost:2375
&amp#27;[0;39m2023-05-08 13:18:57,762 [main] &amp#27;[39mDEBUG&amp#27;[0;39m &amp#27;[36mc.g.d.z.s.o.a.h.c.h.i.c.InternalHttpClient&amp#27;[0;39m - &amp#27;[32mex-0000002F: acquiring endpoint (3 MINUTES)
&amp#27;[0;39m2023-05-08 13:18:57,763 [main] &amp#27;[39mDEBUG&amp#27;[0;39m &amp#27;[36mc.g.d.z.s.o.a.h.c.h.i.i.PoolingHttpClientConnectionManager&amp#27;[0;39m - &amp#27;[32mex-0000002F: endpoint lease request (3 MINUTES) [route: {}->unix://localhost:2375][total available: 1; route allocated: 1 of 2147483647; total allocated: 1 of 2147483647]
&amp#27;[0;39m2023-05-08 13:18:57,763 [main] &amp#27;[39mDEBUG&amp#27;[0;39m &amp#27;[36mc.g.d.z.s.o.a.h.c.h.i.i.PoolingHttpClientConnectionManager&amp#27;[0;39m - &amp#27;[32mex-0000002F: endpoint leased [route: {}->unix://localhost:2375][total available: 0; route allocated: 1 of 2147483647; total allocated: 1 of 2147483647]
&amp#27;[0;39m2023-05-08 13:18:57,763 [main] &amp#27;[39mDEBUG&amp#27;[0;39m &amp#27;[36mc.g.d.z.s.o.a.h.c.h.i.i.PoolingHttpClientConnectionManager&amp#27;[0;39m - &amp#27;[32mex-0000002F: acquired ep-0000002E
&amp#27;[0;39m2023-05-08 13:18:57,763 [main] &amp#27;[39mDEBUG&amp#27;[0;39m &amp#27;[36mc.g.d.z.s.o.a.h.c.h.i.c.InternalHttpClient&amp#27;[0;39m - &amp#27;[32mex-0000002F: acquired endpoint ep-0000002E
&amp#27;[0;39m2023-05-08 13:18:57,763 [main] &amp#27;[39mDEBUG&amp#27;[0;39m &amp#27;[36mc.g.d.z.s.o.a.h.c.h.i.c.MainClientExec&amp#27;[0;39m - &amp#27;[32mex-0000002F: executing GET /v1.32/containers/cccfb0602d7e775562ae171a9fe0a7ec811b6906268008a84fea93151d2a7305/json HTTP/1.1
&amp#27;[0;39m2023-05-08 13:18:57,763 [main] &amp#27;[39mDEBUG&amp#27;[0;39m &amp#27;[36mc.g.d.z.s.o.a.h.c.h.i.c.InternalHttpClient&amp#27;[0;39m - &amp#27;[32mep-0000002E: start execution ex-0000002F
&amp#27;[0;39m2023-05-08 13:18:57,763 [main] &amp#27;[39mDEBUG&amp#27;[0;39m &amp#27;[36mc.g.d.z.s.o.a.h.c.h.i.i.PoolingHttpClientConnectionManager&amp#27;[0;39m - &amp#27;[32mep-0000002E: executing exchange ex-0000002F over http-outgoing-1
&amp#27;[0;39m2023-05-08 13:18:57,763 [main] &amp#27;[39mDEBUG&amp#27;[0;39m &amp#27;[36mc.g.d.z.s.o.a.h.client5.http.headers&amp#27;[0;39m - &amp#27;[32mhttp-outgoing-1 >> GET /v1.32/containers/cccfb0602d7e775562ae171a9fe0a7ec811b6906268008a84fea93151d2a7305/json HTTP/1.1
&amp#27;[0;39m2023-05-08 13:18:57,763 [main] &amp#27;[39mDEBUG&amp#27;[0;39m &amp#27;[36mc.g.d.z.s.o.a.h.client5.http.headers&amp#27;[0;39m - &amp#27;[32mhttp-outgoing-1 >> accept: application/json
&amp#27;[0;39m2023-05-08 13:18:57,763 [main] &amp#27;[39mDEBUG&amp#27;[0;39m &amp#27;[36mc.g.d.z.s.o.a.h.client5.http.headers&amp#27;[0;39m - &amp#27;[32mhttp-outgoing-1 >> x-tc-sid: f1b696c1-ec3f-4f95-afa8-081853be7ccb
&amp#27;[0;39m2023-05-08 13:18:57,763 [main] &amp#27;[39mDEBUG&amp#27;[0;39m &amp#27;[36mc.g.d.z.s.o.a.h.client5.http.headers&amp#27;[0;39m - &amp#27;[32mhttp-outgoing-1 >> Accept-Encoding: gzip, x-gzip, deflate
&amp#27;[0;39m2023-05-08 13:18:57,763 [main] &amp#27;[39mDEBUG&amp#27;[0;39m &amp#27;[36mc.g.d.z.s.o.a.h.client5.http.headers&amp#27;[0;39m - &amp#27;[32mhttp-outgoing-1 >> Host: localhost:2375
&amp#27;[0;39m2023-05-08 13:18:57,763 [main] &amp#27;[39mDEBUG&amp#27;[0;39m &amp#27;[36mc.g.d.z.s.o.a.h.client5.http.headers&amp#27;[0;39m - &amp#27;[32mhttp-outgoing-1 >> Connection: keep-alive
&amp#27;[0;39m2023-05-08 13:18:57,763 [main] &amp#27;[39mDEBUG&amp#27;[0;39m &amp#27;[36mc.g.d.z.s.o.a.h.client5.http.headers&amp#27;[0;39m - &amp#27;[32mhttp-outgoing-1 >> User-Agent: Apache-HttpClient/5.0.3 (Java/17.0.6)
&amp#27;[0;39m2023-05-08 13:18:57,763 [main] &amp#27;[39mDEBUG&amp#27;[0;39m &amp#27;[36mc.g.d.z.s.o.a.hc.client5.http.wire&amp#27;[0;39m - &amp#27;[32mhttp-outgoing-1 >> "GET /v1.32/containers/cccfb0602d7e775562ae171a9fe0a7ec811b6906268008a84fea93151d2a7305/json HTTP/1.1[\r][\n]"
&amp#27;[0;39m2023-05-08 13:18:57,763 [main] &amp#27;[39mDEBUG&amp#27;[0;39m &amp#27;[36mc.g.d.z.s.o.a.hc.client5.http.wire&amp#27;[0;39m - &amp#27;[32mhttp-outgoing-1 >> "accept: application/json[\r][\n]"
&amp#27;[0;39m2023-05-08 13:18:57,763 [main] &amp#27;[39mDEBUG&amp#27;[0;39m &amp#27;[36mc.g.d.z.s.o.a.hc.client5.http.wire&amp#27;[0;39m - &amp#27;[32mhttp-outgoing-1 >> "x-tc-sid: f1b696c1-ec3f-4f95-afa8-081853be7ccb[\r][\n]"
&amp#27;[0;39m2023-05-08 13:18:57,763 [main] &amp#27;[39mDEBUG&amp#27;[0;39m &amp#27;[36mc.g.d.z.s.o.a.hc.client5.http.wire&amp#27;[0;39m - &amp#27;[32mhttp-outgoing-1 >> "Accept-Encoding: gzip, x-gzip, deflate[\r][\n]"
&amp#27;[0;39m2023-05-08 13:18:57,763 [main] &amp#27;[39mDEBUG&amp#27;[0;39m &amp#27;[36mc.g.d.z.s.o.a.hc.client5.http.wire&amp#27;[0;39m - &amp#27;[32mhttp-outgoing-1 >> "Host: localhost:2375[\r][\n]"
&amp#27;[0;39m2023-05-08 13:18:57,763 [main] &amp#27;[39mDEBUG&amp#27;[0;39m &amp#27;[36mc.g.d.z.s.o.a.hc.client5.http.wire&amp#27;[0;39m - &amp#27;[32mhttp-outgoing-1 >> "Connection: keep-alive[\r][\n]"
&amp#27;[0;39m2023-05-08 13:18:57,763 [main] &amp#27;[39mDEBUG&amp#27;[0;39m &amp#27;[36mc.g.d.z.s.o.a.hc.client5.http.wire&amp#27;[0;39m - &amp#27;[32mhttp-outgoing-1 >> "User-Agent: Apache-HttpClient/5.0.3 (Java/17.0.6)[\r][\n]"
&amp#27;[0;39m2023-05-08 13:18:57,763 [main] &amp#27;[39mDEBUG&amp#27;[0;39m &amp#27;[36mc.g.d.z.s.o.a.hc.client5.http.wire&amp#27;[0;39m - &amp#27;[32mhttp-outgoing-1 >> "[\r][\n]"
&amp#27;[0;39m2023-05-08 13:18:57,763 [main] &amp#27;[39mDEBUG&amp#27;[0;39m &amp#27;[36mc.g.d.z.s.o.a.hc.client5.http.wire&amp#27;[0;39m - &amp#27;[32mhttp-outgoing-1 << "HTTP/1.1 200 OK[\r][\n]"
&amp#27;[0;39m2023-05-08 13:18:57,763 [main] &amp#27;[39mDEBUG&amp#27;[0;39m &amp#27;[36mc.g.d.z.s.o.a.hc.client5.http.wire&amp#27;[0;39m - &amp#27;[32mhttp-outgoing-1 << "Api-Version: 1.42[\r][\n]"
&amp#27;[0;39m2023-05-08 13:18:57,763 [main] &amp#27;[39mDEBUG&amp#27;[0;39m &amp#27;[36mc.g.d.z.s.o.a.hc.client5.http.wire&amp#27;[0;39m - &amp#27;[32mhttp-outgoing-1 << "Content-Type: application/json[\r][\n]"
&amp#27;[0;39m2023-05-08 13:18:57,763 [main] &amp#27;[39mDEBUG&amp#27;[0;39m &amp#27;[36mc.g.d.z.s.o.a.hc.client5.http.wire&amp#27;[0;39m - &amp#27;[32mhttp-outgoing-1 << "Docker-Experimental: false[\r][\n]"
&amp#27;[0;39m2023-05-08 13:18:57,763 [main] &amp#27;[39mDEBUG&amp#27;[0;39m &amp#27;[36mc.g.d.z.s.o.a.hc.client5.http.wire&amp#27;[0;39m - &amp#27;[32mhttp-outgoing-1 << "Ostype: linux[\r][\n]"
&amp#27;[0;39m2023-05-08 13:18:57,763 [main] &amp#27;[39mDEBUG&amp#27;[0;39m &amp#27;[36mc.g.d.z.s.o.a.hc.client5.http.wire&amp#27;[0;39m - &amp#27;[32mhttp-outgoing-1 << "Server: Docker/23.0.5 (linux)[\r][\n]"
&amp#27;[0;39m2023-05-08 13:18:57,763 [main] &amp#27;[39mDEBUG&amp#27;[0;39m &amp#27;[36mc.g.d.z.s.o.a.hc.client5.http.wire&amp#27;[0;39m - &amp#27;[32mhttp-outgoing-1 << "Date: Mon, 08 May 2023 11:18:57 GMT[\r][\n]"
&amp#27;[0;39m2023-05-08 13:18:57,763 [main] &amp#27;[39mDEBUG&amp#27;[0;39m &amp#27;[36mc.g.d.z.s.o.a.hc.client5.http.wire&amp#27;[0;39m - &amp#27;[32mhttp-outgoing-1 << "Transfer-Encoding: chunked[\r][\n]"
&amp#27;[0;39m2023-05-08 13:18:57,763 [main] &amp#27;[39mDEBUG&amp#27;[0;39m &amp#27;[36mc.g.d.z.s.o.a.hc.client5.http.wire&amp#27;[0;39m - &amp#27;[32mhttp-outgoing-1 << "[\r][\n]"
&amp#27;[0;39m2023-05-08 13:18:57,763 [main] &amp#27;[39mDEBUG&amp#27;[0;39m &amp#27;[36mc.g.d.z.s.o.a.hc.client5.http.wire&amp#27;[0;39m - &amp#27;[32mhttp-outgoing-1 << "1890[\r][\n]"
&amp#27;[0;39m2023-05-08 13:18:57,763 [main] &amp#27;[39mDEBUG&amp#27;[0;39m &amp#27;[36mc.g.d.z.s.o.a.hc.client5.http.wire&amp#27;[0;39m - &amp#27;[32mhttp-outgoing-1 << "{"Id":"cccfb0602d7e775562ae171a9fe0a7ec811b6906268008a84fea93151d2a7305","Created":"2023-05-08T11:18:54.120535425Z","Path":"docker-entrypoint.sh","Args":["mysqld"],"State":{"Status":"running","Running":true,"Paused":false,"Restarting":false,"OOMKilled":false,"Dead":false,"Pid":59126,"ExitCode":0,"Error":"","StartedAt":"2023-05-08T11:18:54.468577716Z","FinishedAt":"0001-01-01T00:00:00Z"},"Image":"sha256:228d71078f8ce5ae9fd96b183f88c3a90e30544b4b7ce9d64a238d05fef2a681","ResolvConfPath":"/var/lib/docker/containers/cccfb0602d7e775562ae171a9fe0a7ec811b6906268008a84fea93151d2a7305/resolv.conf","HostnamePath":"/var/lib/docker/containers/cccfb0602d7e775562ae171a9fe0a7ec811b6906268008a84fea93151d2a7305/hostname","HostsPath":"/var/lib/docker/containers/cccfb0602d7e775562ae171a9fe0a7ec811b6906268008a84fea93151d2a7305/hosts","LogPath":"/var/lib/docker/containers/cccfb0602d7e775562ae171a9fe0a7ec811b6906268008a84fea93151d2a7305/cccfb0602d7e775562ae171a9fe0a7ec811b6906268008a84fea93151d2a7305-json.log","Name":"/charming_goodall","RestartCount":0,"Driver":"overlay2","Platform":"linux","MountLabel":"","ProcessLabel":"","AppArmorProfile":"docker-default","ExecIDs":null,"HostConfig":{"Binds":[],"ContainerIDFile":"","LogConfig":{"Type":"json-file","Config":{}},"NetworkMode":"default","PortBindings":{"3306/tcp":[{"HostIp":"","HostPort":""}]},"RestartPolicy":{"Name":"","MaximumRetryCount":0},"AutoRemove":false,"VolumeDriver":"","VolumesFrom":[],"ConsoleSize":[0,0],"CapAdd":null,"CapDrop":null,"CgroupnsMode":"private","Dns":null,"DnsOptions":null,"DnsSearch":null,"ExtraHosts":[],"GroupAdd":null,"IpcMode":"shareable","Cgroup":"","Links":null,"OomScoreAdj":0,"PidMode":"","Privileged":false,"PublishAllPorts":false,"ReadonlyRootfs":false,"SecurityOpt":null,"UTSMode":"","UsernsMode":"","ShmSize":67108864,"Runtime":"runc","Isolation":"","CpuShares":0,"Memory":0,"NanoCpus":0,"CgroupParent":"","BlkioWeight":0,"BlkioWeightDevice":null,"BlkioDeviceReadBps":null,"BlkioDeviceWriteBps":null,"BlkioDeviceReadIOps":null,"BlkioDeviceWriteIOps":null,"CpuPeriod":0,"CpuQuota":0,"CpuRealtimePeriod":0,"CpuRealtimeRuntime":0,"CpusetCpus":"","CpusetMems":"","Devices":null,"DeviceCgroupRules":null,"DeviceRequests":null,"MemoryReservation":0,"MemorySwap":0,"MemorySwappiness":null,"OomKillDisable":null,"PidsLimit":null,"Ulimits":null,"CpuCount":0,"CpuPercent":0,"IOMaximumIOps":0,"IOMaximumBandwidth":0,"MaskedPaths":["/proc/asound","/proc/acpi","/proc/kcore","/proc/keys","/proc/latency_stats","/proc/timer_list","/proc/timer_stats","/proc/sched_debug","/proc/scsi","/sys/firmware"],"ReadonlyPaths":["/proc/bus","/proc/fs","/proc/irq","/proc/sys","/proc/sysrq-trigger"]},"GraphDriver":{"Data":{"LowerDir":"/var/lib/docker/overlay2/0075f27ac39799b376a3e23bf05a650eb10c8a0f9ef49be1ab61e98fd3b93dc3-init/diff:/var/lib/docker/overlay2/4c6e20f032f02b27a9272f982861dc21998197aa90d94ed3bef95d449380247c/diff:/var/lib/docker/overlay2/0c75f828f603eff839bb3ca448163ab2a8017e86625ac255cd3dbf1673ddac26/diff:/var/lib/docker/overlay2/da128d897fda75829109844ce6cd9d73d0f54c682e735100af000ce899908729/diff:/var/lib/docker/overlay2/b678a1f261bf323afba6d76d91ab7428bdd6e1ef4a39b5224e4a1afd08c0423a/diff:/var/lib/docker/overlay2/1bec43b14875c5f9f814f146e8e31aa78566689c2c163da2ac60a32254988437/diff:/var/lib/docker/overlay2/28f4b1e6e1a7a2dbe30f1f94fb42bccd85a61faf8af1fe30a5bb0d442c525e41/diff:/var/lib/docker/overlay2/0f493124464c291d7c97d2633d5dff04b1dce5de904cb40a34dfbe7fe72e3fd4/diff:/var/lib/docker/overlay2/05befbee9e38cd670e1786b3310e99796dcc06abbed970007b4109a5424843fa/diff:/var/lib/docker/overlay2/582bcca9acfc4eef25109e1e1b9c9d104f355798455bc73e855c99283887a6e8/diff:/var/lib/docker/overlay2/153b3bf0b69e97e8f0e5533414a31ca33fa530e63d174c9617621abe46e7e9d1/diff:/var/lib/docker/overlay2/bf87a76c0a38875ee6e915fd0d2527eafa880ec6bf2c1cb294959428c18d10bd/diff","MergedDir":"/var/lib/docker/overlay2/0075f27ac39799b376a3e23bf05a650eb10c8a0f9ef49be1ab61e98fd3b93dc3/merged","UpperDir":"/var/lib/docker/overlay2/0075f27ac39799b376a3e23bf05a650eb10c8a0f9ef49be1ab61e98fd3b93dc3/diff","WorkDir":"/var/lib/docker/overlay2/0075f27ac39799b376a3e23bf05a650eb10c8a0f9ef49be1ab61e98fd3b93dc3/work"},"Name":"overlay2"},"Mounts":[{"Type":"volume","Name":"ffd30c8cc7ed7bf91bc1ebef46b0f06493ce1d3121e28c37d40240bd74b844a5","Source":"/var/lib/docker/volumes/ffd30c8cc7ed7bf91bc1ebef46b0f06493ce1d3121e28c37d40240bd74b844a5/_data","Destination":"/var/lib/mysql","Driver":"local","Mode":"","RW":true,"Propagation":""}],"Config":{"Hostname":"cccfb0602d7e","Domainname":"","User":"","AttachStdin":false,"AttachStdout":false,"AttachStderr":false,"ExposedPorts":{"3306/tcp":{}},"Tty":false,"OpenStdin":false,"StdinOnce":false,"Env":["MYSQL_DATABASE=test","MYSQL_PASSWORD=test","MYSQL_USER=test","MYSQL_ROOT_PASSWORD=test","PATH=/usr/local/sbin:/usr/local/bin:/usr/sbin:/usr/bin:/sbin:/bin","GOSU_VERSION=1.7","MYSQL_MAJOR=8.0","MYSQL_VERSION=8.0.0-dmr-1debian8"],"Cmd":["mysqld"],"Image":"mysql:8.0.0","Volumes":{"/var/lib/mysql":{}},"WorkingDir":"","Entrypoint":["docker-entrypoint.sh"],"OnBuild":null,"Labels":{"org.testcontainers":"true","org.testcontainers.lang":"java","org.testcontainers.sessionId":"f1b696c1-ec3f-4f95-afa8-081853be7ccb","org.testcontainers.version":"1.18.0"}},"NetworkSettings":{"Bridge":"","SandboxID":"75a4ef0436803615aa77c8b97de3cbbdd49519261fe2b3b6cdcae9bd2b1154aa","HairpinMode":false,"LinkLocalIPv6Address":"","LinkLocalIPv6PrefixLen":0,"Ports":{"3306/tcp":[{"HostIp":"0.0.0.0","HostPort":"32781"},{"HostIp":"::","HostPort":"32781"}]},"SandboxKey":"/var/run/docker/netns/75a4ef043680","SecondaryIPAddresses":null,"SecondaryIPv6Addresses":null,"EndpointID":"de3a5c9cc9471fdbec5943d78a8803fca61208fe4021ac9d3922ee2e8ec0d135","Gateway":"172.17.0.1","GlobalIPv6Address":"","GlobalIPv6PrefixLen":0,"IPAddress":"172.17.0.3","IPPrefixLen":16,"IPv6Gateway":"","MacAddress":"02:42:ac:11:00:03","Networks":{"bridge":{"IPAMConfig":null,"Links":null,"Aliases":null,"NetworkID":"e1a078e12eb8d77b497ed932f7fb43787eeb6ff6972febd7d03c9282b8b5cd45","EndpointID":"de3a5c9cc9471fdbec5943d78a8803fca61208fe4021ac9d3922ee2e8ec0d135","Gateway":"172.17.0.1","IPAddress":"172.17.0.3","IPPrefixLen":16,"IPv6Gateway":"","GlobalIPv6Address":"","GlobalIPv6PrefixLen":0,"MacAddress":"02:42:ac:11:00:03","DriverOpts":null}}}}[\n]"
&amp#27;[0;39m2023-05-08 13:18:57,763 [main] &amp#27;[39mDEBUG&amp#27;[0;39m &amp#27;[36mc.g.d.z.s.o.a.hc.client5.http.wire&amp#27;[0;39m - &amp#27;[32mhttp-outgoing-1 << "[\r][\n]"
&amp#27;[0;39m2023-05-08 13:18:57,763 [main] &amp#27;[39mDEBUG&amp#27;[0;39m &amp#27;[36mc.g.d.z.s.o.a.hc.client5.http.wire&amp#27;[0;39m - &amp#27;[32mhttp-outgoing-1 << "0[\r][\n]"
&amp#27;[0;39m2023-05-08 13:18:57,763 [main] &amp#27;[39mDEBUG&amp#27;[0;39m &amp#27;[36mc.g.d.z.s.o.a.hc.client5.http.wire&amp#27;[0;39m - &amp#27;[32mhttp-outgoing-1 << "[\r][\n]"
&amp#27;[0;39m2023-05-08 13:18:57,763 [main] &amp#27;[39mDEBUG&amp#27;[0;39m &amp#27;[36mc.g.d.z.s.o.a.h.client5.http.headers&amp#27;[0;39m - &amp#27;[32mhttp-outgoing-1 << HTTP/1.1 200 OK
&amp#27;[0;39m2023-05-08 13:18:57,763 [main] &amp#27;[39mDEBUG&amp#27;[0;39m &amp#27;[36mc.g.d.z.s.o.a.h.client5.http.headers&amp#27;[0;39m - &amp#27;[32mhttp-outgoing-1 << Api-Version: 1.42
&amp#27;[0;39m2023-05-08 13:18:57,763 [main] &amp#27;[39mDEBUG&amp#27;[0;39m &amp#27;[36mc.g.d.z.s.o.a.h.client5.http.headers&amp#27;[0;39m - &amp#27;[32mhttp-outgoing-1 << Content-Type: application/json
&amp#27;[0;39m2023-05-08 13:18:57,763 [main] &amp#27;[39mDEBUG&amp#27;[0;39m &amp#27;[36mc.g.d.z.s.o.a.h.client5.http.headers&amp#27;[0;39m - &amp#27;[32mhttp-outgoing-1 << Docker-Experimental: false
&amp#27;[0;39m2023-05-08 13:18:57,763 [main] &amp#27;[39mDEBUG&amp#27;[0;39m &amp#27;[36mc.g.d.z.s.o.a.h.client5.http.headers&amp#27;[0;39m - &amp#27;[32mhttp-outgoing-1 << Ostype: linux
&amp#27;[0;39m2023-05-08 13:18:57,763 [main] &amp#27;[39mDEBUG&amp#27;[0;39m &amp#27;[36mc.g.d.z.s.o.a.h.client5.http.headers&amp#27;[0;39m - &amp#27;[32mhttp-outgoing-1 << Server: Docker/23.0.5 (linux)
&amp#27;[0;39m2023-05-08 13:18:57,763 [main] &amp#27;[39mDEBUG&amp#27;[0;39m &amp#27;[36mc.g.d.z.s.o.a.h.client5.http.headers&amp#27;[0;39m - &amp#27;[32mhttp-outgoing-1 << Date: Mon, 08 May 2023 11:18:57 GMT
&amp#27;[0;39m2023-05-08 13:18:57,763 [main] &amp#27;[39mDEBUG&amp#27;[0;39m &amp#27;[36mc.g.d.z.s.o.a.h.client5.http.headers&amp#27;[0;39m - &amp#27;[32mhttp-outgoing-1 << Transfer-Encoding: chunked
&amp#27;[0;39m2023-05-08 13:18:57,763 [main] &amp#27;[39mDEBUG&amp#27;[0;39m &amp#27;[36mc.g.d.z.s.o.a.h.c.h.i.c.MainClientExec&amp#27;[0;39m - &amp#27;[32mex-0000002F: connection can be kept alive for 3 MINUTES
&amp#27;[0;39m2023-05-08 13:18:57,764 [main] &amp#27;[39mDEBUG&amp#27;[0;39m &amp#27;[36mc.g.d.z.s.o.a.h.c.h.i.c.InternalHttpClient&amp#27;[0;39m - &amp#27;[32mep-0000002E: releasing valid endpoint
&amp#27;[0;39m2023-05-08 13:18:57,764 [main] &amp#27;[39mDEBUG&amp#27;[0;39m &amp#27;[36mc.g.d.z.s.o.a.h.c.h.i.i.PoolingHttpClientConnectionManager&amp#27;[0;39m - &amp#27;[32mep-0000002E: releasing endpoint
&amp#27;[0;39m2023-05-08 13:18:57,764 [main] &amp#27;[39mDEBUG&amp#27;[0;39m &amp#27;[36mc.g.d.z.s.o.a.h.c.h.i.i.PoolingHttpClientConnectionManager&amp#27;[0;39m - &amp#27;[32mep-0000002E: connection http-outgoing-1 can be kept alive for 3 MINUTES
&amp#27;[0;39m2023-05-08 13:18:57,764 [main] &amp#27;[39mDEBUG&amp#27;[0;39m &amp#27;[36mc.g.d.z.s.o.a.h.c.h.i.i.PoolingHttpClientConnectionManager&amp#27;[0;39m - &amp#27;[32mep-0000002E: connection released [route: {}->unix://localhost:2375][total available: 1; route allocated: 1 of 2147483647; total allocated: 1 of 2147483647]
&amp#27;[0;39m2023-05-08 13:18:57,764 [main] &amp#27;[39mDEBUG&amp#27;[0;39m &amp#27;[36mtc.mysql:8.0.0&amp#27;[0;39m - &amp#27;[32mTrying to create JDBC connection using com.mysql.cj.jdbc.Driver to jdbc:mysql://localhost:32781/test?useSSL=false&allowPublicKeyRetrieval=true with properties: {password=test, user=test}
&amp#27;[0;39m2023-05-08 13:18:57,866 [main] &amp#27;[39mDEBUG&amp#27;[0;39m &amp#27;[36mo.t.s.c.g.d.c.command.AbstrDockerCmd&amp#27;[0;39m - &amp#27;[32mCmd: cccfb0602d7e775562ae171a9fe0a7ec811b6906268008a84fea93151d2a7305,false
&amp#27;[0;39m2023-05-08 13:18:57,867 [main] &amp#27;[39mDEBUG&amp#27;[0;39m &amp#27;[36mo.t.s.c.g.d.c.e.InspectContainerCmdExec&amp#27;[0;39m - &amp#27;[32mGET: DefaultWebTarget{path=[/containers/cccfb0602d7e775562ae171a9fe0a7ec811b6906268008a84fea93151d2a7305/json], queryParams={}}
&amp#27;[0;39m2023-05-08 13:18:57,867 [main] &amp#27;[39mDEBUG&amp#27;[0;39m &amp#27;[36mc.g.d.z.s.o.a.h.c.h.i.c.InternalHttpClient&amp#27;[0;39m - &amp#27;[32mex-00000030: preparing request execution
&amp#27;[0;39m2023-05-08 13:18:57,867 [main] &amp#27;[39mDEBUG&amp#27;[0;39m &amp#27;[36mc.g.d.z.s.o.a.h.c.h.p.RequestAddCookies&amp#27;[0;39m - &amp#27;[32mCookie spec selected: strict
&amp#27;[0;39m2023-05-08 13:18:57,867 [main] &amp#27;[39mDEBUG&amp#27;[0;39m &amp#27;[36mc.g.d.z.s.o.a.h.c.h.p.RequestAuthCache&amp#27;[0;39m - &amp#27;[32mAuth cache not set in the context
&amp#27;[0;39m2023-05-08 13:18:57,867 [main] &amp#27;[39mDEBUG&amp#27;[0;39m &amp#27;[36mc.g.d.z.s.o.a.h.c.h.i.c.ProtocolExec&amp#27;[0;39m - &amp#27;[32mex-00000030: target auth state: UNCHALLENGED
&amp#27;[0;39m2023-05-08 13:18:57,867 [main] &amp#27;[39mDEBUG&amp#27;[0;39m &amp#27;[36mc.g.d.z.s.o.a.h.c.h.i.c.ProtocolExec&amp#27;[0;39m - &amp#27;[32mex-00000030: proxy auth state: UNCHALLENGED
&amp#27;[0;39m2023-05-08 13:18:57,867 [main] &amp#27;[39mDEBUG&amp#27;[0;39m &amp#27;[36mc.g.d.z.s.o.a.h.c.h.i.c.ConnectExec&amp#27;[0;39m - &amp#27;[32mex-00000030: acquiring connection with route {}->unix://localhost:2375
&amp#27;[0;39m2023-05-08 13:18:57,867 [main] &amp#27;[39mDEBUG&amp#27;[0;39m &amp#27;[36mc.g.d.z.s.o.a.h.c.h.i.c.InternalHttpClient&amp#27;[0;39m - &amp#27;[32mex-00000030: acquiring endpoint (3 MINUTES)
&amp#27;[0;39m2023-05-08 13:18:57,867 [main] &amp#27;[39mDEBUG&amp#27;[0;39m &amp#27;[36mc.g.d.z.s.o.a.h.c.h.i.i.PoolingHttpClientConnectionManager&amp#27;[0;39m - &amp#27;[32mex-00000030: endpoint lease request (3 MINUTES) [route: {}->unix://localhost:2375][total available: 1; route allocated: 1 of 2147483647; total allocated: 1 of 2147483647]
&amp#27;[0;39m2023-05-08 13:18:57,867 [main] &amp#27;[39mDEBUG&amp#27;[0;39m &amp#27;[36mc.g.d.z.s.o.a.h.c.h.i.i.PoolingHttpClientConnectionManager&amp#27;[0;39m - &amp#27;[32mex-00000030: endpoint leased [route: {}->unix://localhost:2375][total available: 0; route allocated: 1 of 2147483647; total allocated: 1 of 2147483647]
&amp#27;[0;39m2023-05-08 13:18:57,867 [main] &amp#27;[39mDEBUG&amp#27;[0;39m &amp#27;[36mc.g.d.z.s.o.a.h.c.h.i.i.PoolingHttpClientConnectionManager&amp#27;[0;39m - &amp#27;[32mex-00000030: acquired ep-0000002F
&amp#27;[0;39m2023-05-08 13:18:57,867 [main] &amp#27;[39mDEBUG&amp#27;[0;39m &amp#27;[36mc.g.d.z.s.o.a.h.c.h.i.c.InternalHttpClient&amp#27;[0;39m - &amp#27;[32mex-00000030: acquired endpoint ep-0000002F
&amp#27;[0;39m2023-05-08 13:18:57,867 [main] &amp#27;[39mDEBUG&amp#27;[0;39m &amp#27;[36mc.g.d.z.s.o.a.h.c.h.i.c.MainClientExec&amp#27;[0;39m - &amp#27;[32mex-00000030: executing GET /v1.32/containers/cccfb0602d7e775562ae171a9fe0a7ec811b6906268008a84fea93151d2a7305/json HTTP/1.1
&amp#27;[0;39m2023-05-08 13:18:57,867 [main] &amp#27;[39mDEBUG&amp#27;[0;39m &amp#27;[36mc.g.d.z.s.o.a.h.c.h.i.c.InternalHttpClient&amp#27;[0;39m - &amp#27;[32mep-0000002F: start execution ex-00000030
&amp#27;[0;39m2023-05-08 13:18:57,867 [main] &amp#27;[39mDEBUG&amp#27;[0;39m &amp#27;[36mc.g.d.z.s.o.a.h.c.h.i.i.PoolingHttpClientConnectionManager&amp#27;[0;39m - &amp#27;[32mep-0000002F: executing exchange ex-00000030 over http-outgoing-1
&amp#27;[0;39m2023-05-08 13:18:57,867 [main] &amp#27;[39mDEBUG&amp#27;[0;39m &amp#27;[36mc.g.d.z.s.o.a.h.client5.http.headers&amp#27;[0;39m - &amp#27;[32mhttp-outgoing-1 >> GET /v1.32/containers/cccfb0602d7e775562ae171a9fe0a7ec811b6906268008a84fea93151d2a7305/json HTTP/1.1
&amp#27;[0;39m2023-05-08 13:18:57,867 [main] &amp#27;[39mDEBUG&amp#27;[0;39m &amp#27;[36mc.g.d.z.s.o.a.h.client5.http.headers&amp#27;[0;39m - &amp#27;[32mhttp-outgoing-1 >> accept: application/json
&amp#27;[0;39m2023-05-08 13:18:57,867 [main] &amp#27;[39mDEBUG&amp#27;[0;39m &amp#27;[36mc.g.d.z.s.o.a.h.client5.http.headers&amp#27;[0;39m - &amp#27;[32mhttp-outgoing-1 >> x-tc-sid: f1b696c1-ec3f-4f95-afa8-081853be7ccb
&amp#27;[0;39m2023-05-08 13:18:57,867 [main] &amp#27;[39mDEBUG&amp#27;[0;39m &amp#27;[36mc.g.d.z.s.o.a.h.client5.http.headers&amp#27;[0;39m - &amp#27;[32mhttp-outgoing-1 >> Accept-Encoding: gzip, x-gzip, deflate
&amp#27;[0;39m2023-05-08 13:18:57,867 [main] &amp#27;[39mDEBUG&amp#27;[0;39m &amp#27;[36mc.g.d.z.s.o.a.h.client5.http.headers&amp#27;[0;39m - &amp#27;[32mhttp-outgoing-1 >> Host: localhost:2375
&amp#27;[0;39m2023-05-08 13:18:57,867 [main] &amp#27;[39mDEBUG&amp#27;[0;39m &amp#27;[36mc.g.d.z.s.o.a.h.client5.http.headers&amp#27;[0;39m - &amp#27;[32mhttp-outgoing-1 >> Connection: keep-alive
&amp#27;[0;39m2023-05-08 13:18:57,867 [main] &amp#27;[39mDEBUG&amp#27;[0;39m &amp#27;[36mc.g.d.z.s.o.a.h.client5.http.headers&amp#27;[0;39m - &amp#27;[32mhttp-outgoing-1 >> User-Agent: Apache-HttpClient/5.0.3 (Java/17.0.6)
&amp#27;[0;39m2023-05-08 13:18:57,867 [main] &amp#27;[39mDEBUG&amp#27;[0;39m &amp#27;[36mc.g.d.z.s.o.a.hc.client5.http.wire&amp#27;[0;39m - &amp#27;[32mhttp-outgoing-1 >> "GET /v1.32/containers/cccfb0602d7e775562ae171a9fe0a7ec811b6906268008a84fea93151d2a7305/json HTTP/1.1[\r][\n]"
&amp#27;[0;39m2023-05-08 13:18:57,867 [main] &amp#27;[39mDEBUG&amp#27;[0;39m &amp#27;[36mc.g.d.z.s.o.a.hc.client5.http.wire&amp#27;[0;39m - &amp#27;[32mhttp-outgoing-1 >> "accept: application/json[\r][\n]"
&amp#27;[0;39m2023-05-08 13:18:57,867 [main] &amp#27;[39mDEBUG&amp#27;[0;39m &amp#27;[36mc.g.d.z.s.o.a.hc.client5.http.wire&amp#27;[0;39m - &amp#27;[32mhttp-outgoing-1 >> "x-tc-sid: f1b696c1-ec3f-4f95-afa8-081853be7ccb[\r][\n]"
&amp#27;[0;39m2023-05-08 13:18:57,867 [main] &amp#27;[39mDEBUG&amp#27;[0;39m &amp#27;[36mc.g.d.z.s.o.a.hc.client5.http.wire&amp#27;[0;39m - &amp#27;[32mhttp-outgoing-1 >> "Accept-Encoding: gzip, x-gzip, deflate[\r][\n]"
&amp#27;[0;39m2023-05-08 13:18:57,867 [main] &amp#27;[39mDEBUG&amp#27;[0;39m &amp#27;[36mc.g.d.z.s.o.a.hc.client5.http.wire&amp#27;[0;39m - &amp#27;[32mhttp-outgoing-1 >> "Host: localhost:2375[\r][\n]"
&amp#27;[0;39m2023-05-08 13:18:57,867 [main] &amp#27;[39mDEBUG&amp#27;[0;39m &amp#27;[36mc.g.d.z.s.o.a.hc.client5.http.wire&amp#27;[0;39m - &amp#27;[32mhttp-outgoing-1 >> "Connection: keep-alive[\r][\n]"
&amp#27;[0;39m2023-05-08 13:18:57,867 [main] &amp#27;[39mDEBUG&amp#27;[0;39m &amp#27;[36mc.g.d.z.s.o.a.hc.client5.http.wire&amp#27;[0;39m - &amp#27;[32mhttp-outgoing-1 >> "User-Agent: Apache-HttpClient/5.0.3 (Java/17.0.6)[\r][\n]"
&amp#27;[0;39m2023-05-08 13:18:57,867 [main] &amp#27;[39mDEBUG&amp#27;[0;39m &amp#27;[36mc.g.d.z.s.o.a.hc.client5.http.wire&amp#27;[0;39m - &amp#27;[32mhttp-outgoing-1 >> "[\r][\n]"
&amp#27;[0;39m2023-05-08 13:18:57,868 [main] &amp#27;[39mDEBUG&amp#27;[0;39m &amp#27;[36mc.g.d.z.s.o.a.hc.client5.http.wire&amp#27;[0;39m - &amp#27;[32mhttp-outgoing-1 << "HTTP/1.1 200 OK[\r][\n]"
&amp#27;[0;39m2023-05-08 13:18:57,868 [main] &amp#27;[39mDEBUG&amp#27;[0;39m &amp#27;[36mc.g.d.z.s.o.a.hc.client5.http.wire&amp#27;[0;39m - &amp#27;[32mhttp-outgoing-1 << "Api-Version: 1.42[\r][\n]"
&amp#27;[0;39m2023-05-08 13:18:57,868 [main] &amp#27;[39mDEBUG&amp#27;[0;39m &amp#27;[36mc.g.d.z.s.o.a.hc.client5.http.wire&amp#27;[0;39m - &amp#27;[32mhttp-outgoing-1 << "Content-Type: application/json[\r][\n]"
&amp#27;[0;39m2023-05-08 13:18:57,868 [main] &amp#27;[39mDEBUG&amp#27;[0;39m &amp#27;[36mc.g.d.z.s.o.a.hc.client5.http.wire&amp#27;[0;39m - &amp#27;[32mhttp-outgoing-1 << "Docker-Experimental: false[\r][\n]"
&amp#27;[0;39m2023-05-08 13:18:57,868 [main] &amp#27;[39mDEBUG&amp#27;[0;39m &amp#27;[36mc.g.d.z.s.o.a.hc.client5.http.wire&amp#27;[0;39m - &amp#27;[32mhttp-outgoing-1 << "Ostype: linux[\r][\n]"
&amp#27;[0;39m2023-05-08 13:18:57,868 [main] &amp#27;[39mDEBUG&amp#27;[0;39m &amp#27;[36mc.g.d.z.s.o.a.hc.client5.http.wire&amp#27;[0;39m - &amp#27;[32mhttp-outgoing-1 << "Server: Docker/23.0.5 (linux)[\r][\n]"
&amp#27;[0;39m2023-05-08 13:18:57,868 [main] &amp#27;[39mDEBUG&amp#27;[0;39m &amp#27;[36mc.g.d.z.s.o.a.hc.client5.http.wire&amp#27;[0;39m - &amp#27;[32mhttp-outgoing-1 << "Date: Mon, 08 May 2023 11:18:57 GMT[\r][\n]"
&amp#27;[0;39m2023-05-08 13:18:57,868 [main] &amp#27;[39mDEBUG&amp#27;[0;39m &amp#27;[36mc.g.d.z.s.o.a.hc.client5.http.wire&amp#27;[0;39m - &amp#27;[32mhttp-outgoing-1 << "Transfer-Encoding: chunked[\r][\n]"
&amp#27;[0;39m2023-05-08 13:18:57,868 [main] &amp#27;[39mDEBUG&amp#27;[0;39m &amp#27;[36mc.g.d.z.s.o.a.hc.client5.http.wire&amp#27;[0;39m - &amp#27;[32mhttp-outgoing-1 << "[\r][\n]"
&amp#27;[0;39m2023-05-08 13:18:57,868 [main] &amp#27;[39mDEBUG&amp#27;[0;39m &amp#27;[36mc.g.d.z.s.o.a.hc.client5.http.wire&amp#27;[0;39m - &amp#27;[32mhttp-outgoing-1 << "1890[\r][\n]"
&amp#27;[0;39m2023-05-08 13:18:57,868 [main] &amp#27;[39mDEBUG&amp#27;[0;39m &amp#27;[36mc.g.d.z.s.o.a.hc.client5.http.wire&amp#27;[0;39m - &amp#27;[32mhttp-outgoing-1 << "{"Id":"cccfb0602d7e775562ae171a9fe0a7ec811b6906268008a84fea93151d2a7305","Created":"2023-05-08T11:18:54.120535425Z","Path":"docker-entrypoint.sh","Args":["mysqld"],"State":{"Status":"running","Running":true,"Paused":false,"Restarting":false,"OOMKilled":false,"Dead":false,"Pid":59126,"ExitCode":0,"Error":"","StartedAt":"2023-05-08T11:18:54.468577716Z","FinishedAt":"0001-01-01T00:00:00Z"},"Image":"sha256:228d71078f8ce5ae9fd96b183f88c3a90e30544b4b7ce9d64a238d05fef2a681","ResolvConfPath":"/var/lib/docker/containers/cccfb0602d7e775562ae171a9fe0a7ec811b6906268008a84fea93151d2a7305/resolv.conf","HostnamePath":"/var/lib/docker/containers/cccfb0602d7e775562ae171a9fe0a7ec811b6906268008a84fea93151d2a7305/hostname","HostsPath":"/var/lib/docker/containers/cccfb0602d7e775562ae171a9fe0a7ec811b6906268008a84fea93151d2a7305/hosts","LogPath":"/var/lib/docker/containers/cccfb0602d7e775562ae171a9fe0a7ec811b6906268008a84fea93151d2a7305/cccfb0602d7e775562ae171a9fe0a7ec811b6906268008a84fea93151d2a7305-json.log","Name":"/charming_goodall","RestartCount":0,"Driver":"overlay2","Platform":"linux","MountLabel":"","ProcessLabel":"","AppArmorProfile":"docker-default","ExecIDs":null,"HostConfig":{"Binds":[],"ContainerIDFile":"","LogConfig":{"Type":"json-file","Config":{}},"NetworkMode":"default","PortBindings":{"3306/tcp":[{"HostIp":"","HostPort":""}]},"RestartPolicy":{"Name":"","MaximumRetryCount":0},"AutoRemove":false,"VolumeDriver":"","VolumesFrom":[],"ConsoleSize":[0,0],"CapAdd":null,"CapDrop":null,"CgroupnsMode":"private","Dns":null,"DnsOptions":null,"DnsSearch":null,"ExtraHosts":[],"GroupAdd":null,"IpcMode":"shareable","Cgroup":"","Links":null,"OomScoreAdj":0,"PidMode":"","Privileged":false,"PublishAllPorts":false,"ReadonlyRootfs":false,"SecurityOpt":null,"UTSMode":"","UsernsMode":"","ShmSize":67108864,"Runtime":"runc","Isolation":"","CpuShares":0,"Memory":0,"NanoCpus":0,"CgroupParent":"","BlkioWeight":0,"BlkioWeightDevice":null,"BlkioDeviceReadBps":null,"BlkioDeviceWriteBps":null,"BlkioDeviceReadIOps":null,"BlkioDeviceWriteIOps":null,"CpuPeriod":0,"CpuQuota":0,"CpuRealtimePeriod":0,"CpuRealtimeRuntime":0,"CpusetCpus":"","CpusetMems":"","Devices":null,"DeviceCgroupRules":null,"DeviceRequests":null,"MemoryReservation":0,"MemorySwap":0,"MemorySwappiness":null,"OomKillDisable":null,"PidsLimit":null,"Ulimits":null,"CpuCount":0,"CpuPercent":0,"IOMaximumIOps":0,"IOMaximumBandwidth":0,"MaskedPaths":["/proc/asound","/proc/acpi","/proc/kcore","/proc/keys","/proc/latency_stats","/proc/timer_list","/proc/timer_stats","/proc/sched_debug","/proc/scsi","/sys/firmware"],"ReadonlyPaths":["/proc/bus","/proc/fs","/proc/irq","/proc/sys","/proc/sysrq-trigger"]},"GraphDriver":{"Data":{"LowerDir":"/var/lib/docker/overlay2/0075f27ac39799b376a3e23bf05a650eb10c8a0f9ef49be1ab61e98fd3b93dc3-init/diff:/var/lib/docker/overlay2/4c6e20f032f02b27a9272f982861dc21998197aa90d94ed3bef95d449380247c/diff:/var/lib/docker/overlay2/0c75f828f603eff839bb3ca448163ab2a8017e86625ac255cd3dbf1673ddac26/diff:/var/lib/docker/overlay2/da128d897fda75829109844ce6cd9d73d0f54c682e735100af000ce899908729/diff:/var/lib/docker/overlay2/b678a1f261bf323afba6d76d91ab7428bdd6e1ef4a39b5224e4a1afd08c0423a/diff:/var/lib/docker/overlay2/1bec43b14875c5f9f814f146e8e31aa78566689c2c163da2ac60a32254988437/diff:/var/lib/docker/overlay2/28f4b1e6e1a7a2dbe30f1f94fb42bccd85a61faf8af1fe30a5bb0d442c525e41/diff:/var/lib/docker/overlay2/0f493124464c291d7c97d2633d5dff04b1dce5de904cb40a34dfbe7fe72e3fd4/diff:/var/lib/docker/overlay2/05befbee9e38cd670e1786b3310e99796dcc06abbed970007b4109a5424843fa/diff:/var/lib/docker/overlay2/582bcca9acfc4eef25109e1e1b9c9d104f355798455bc73e855c99283887a6e8/diff:/var/lib/docker/overlay2/153b3bf0b69e97e8f0e5533414a31ca33fa530e63d174c9617621abe46e7e9d1/diff:/var/lib/docker/overlay2/bf87a76c0a38875ee6e915fd0d2527eafa880ec6bf2c1cb294959428c18d10bd/diff","MergedDir":"/var/lib/docker/overlay2/0075f27ac39799b376a3e23bf05a650eb10c8a0f9ef49be1ab61e98fd3b93dc3/merged","UpperDir":"/var/lib/docker/overlay2/0075f27ac39799b376a3e23bf05a650eb10c8a0f9ef49be1ab61e98fd3b93dc3/diff","WorkDir":"/var/lib/docker/overlay2/0075f27ac39799b376a3e23bf05a650eb10c8a0f9ef49be1ab61e98fd3b93dc3/work"},"Name":"overlay2"},"Mounts":[{"Type":"volume","Name":"ffd30c8cc7ed7bf91bc1ebef46b0f06493ce1d3121e28c37d40240bd74b844a5","Source":"/var/lib/docker/volumes/ffd30c8cc7ed7bf91bc1ebef46b0f06493ce1d3121e28c37d40240bd74b844a5/_data","Destination":"/var/lib/mysql","Driver":"local","Mode":"","RW":true,"Propagation":""}],"Config":{"Hostname":"cccfb0602d7e","Domainname":"","User":"","AttachStdin":false,"AttachStdout":false,"AttachStderr":false,"ExposedPorts":{"3306/tcp":{}},"Tty":false,"OpenStdin":false,"StdinOnce":false,"Env":["MYSQL_DATABASE=test","MYSQL_PASSWORD=test","MYSQL_USER=test","MYSQL_ROOT_PASSWORD=test","PATH=/usr/local/sbin:/usr/local/bin:/usr/sbin:/usr/bin:/sbin:/bin","GOSU_VERSION=1.7","MYSQL_MAJOR=8.0","MYSQL_VERSION=8.0.0-dmr-1debian8"],"Cmd":["mysqld"],"Image":"mysql:8.0.0","Volumes":{"/var/lib/mysql":{}},"WorkingDir":"","Entrypoint":["docker-entrypoint.sh"],"OnBuild":null,"Labels":{"org.testcontainers":"true","org.testcontainers.lang":"java","org.testcontainers.sessionId":"f1b696c1-ec3f-4f95-afa8-081853be7ccb","org.testcontainers.version":"1.18.0"}},"NetworkSettings":{"Bridge":"","SandboxID":"75a4ef0436803615aa77c8b97de3cbbdd49519261fe2b3b6cdcae9bd2b1154aa","HairpinMode":false,"LinkLocalIPv6Address":"","LinkLocalIPv6PrefixLen":0,"Ports":{"3306/tcp":[{"HostIp":"0.0.0.0","HostPort":"32781"},{"HostIp":"::","HostPort":"32781"}]},"SandboxKey":"/var/run/docker/netns/75a4ef043680","SecondaryIPAddresses":null,"SecondaryIPv6Addresses":null,"EndpointID":"de3a5c9cc9471fdbec5943d78a8803fca61208fe4021ac9d3922ee2e8ec0d135","Gateway":"172.17.0.1","GlobalIPv6Address":"","GlobalIPv6PrefixLen":0,"IPAddress":"172.17.0.3","IPPrefixLen":16,"IPv6Gateway":"","MacAddress":"02:42:ac:11:00:03","Networks":{"bridge":{"IPAMConfig":null,"Links":null,"Aliases":null,"NetworkID":"e1a078e12eb8d77b497ed932f7fb43787eeb6ff6972febd7d03c9282b8b5cd45","EndpointID":"de3a5c9cc9471fdbec5943d78a8803fca61208fe4021ac9d3922ee2e8ec0d135","Gateway":"172.17.0.1","IPAddress":"172.17.0.3","IPPrefixLen":16,"IPv6Gateway":"","GlobalIPv6Address":"","GlobalIPv6PrefixLen":0,"MacAddress":"02:42:ac:11:00:03","DriverOpts":null}}}}[\n]"
&amp#27;[0;39m2023-05-08 13:18:57,868 [main] &amp#27;[39mDEBUG&amp#27;[0;39m &amp#27;[36mc.g.d.z.s.o.a.hc.client5.http.wire&amp#27;[0;39m - &amp#27;[32mhttp-outgoing-1 << "[\r][\n]"
&amp#27;[0;39m2023-05-08 13:18:57,868 [main] &amp#27;[39mDEBUG&amp#27;[0;39m &amp#27;[36mc.g.d.z.s.o.a.hc.client5.http.wire&amp#27;[0;39m - &amp#27;[32mhttp-outgoing-1 << "0[\r][\n]"
&amp#27;[0;39m2023-05-08 13:18:57,868 [main] &amp#27;[39mDEBUG&amp#27;[0;39m &amp#27;[36mc.g.d.z.s.o.a.hc.client5.http.wire&amp#27;[0;39m - &amp#27;[32mhttp-outgoing-1 << "[\r][\n]"
&amp#27;[0;39m2023-05-08 13:18:57,868 [main] &amp#27;[39mDEBUG&amp#27;[0;39m &amp#27;[36mc.g.d.z.s.o.a.h.client5.http.headers&amp#27;[0;39m - &amp#27;[32mhttp-outgoing-1 << HTTP/1.1 200 OK
&amp#27;[0;39m2023-05-08 13:18:57,868 [main] &amp#27;[39mDEBUG&amp#27;[0;39m &amp#27;[36mc.g.d.z.s.o.a.h.client5.http.headers&amp#27;[0;39m - &amp#27;[32mhttp-outgoing-1 << Api-Version: 1.42
&amp#27;[0;39m2023-05-08 13:18:57,868 [main] &amp#27;[39mDEBUG&amp#27;[0;39m &amp#27;[36mc.g.d.z.s.o.a.h.client5.http.headers&amp#27;[0;39m - &amp#27;[32mhttp-outgoing-1 << Content-Type: application/json
&amp#27;[0;39m2023-05-08 13:18:57,868 [main] &amp#27;[39mDEBUG&amp#27;[0;39m &amp#27;[36mc.g.d.z.s.o.a.h.client5.http.headers&amp#27;[0;39m - &amp#27;[32mhttp-outgoing-1 << Docker-Experimental: false
&amp#27;[0;39m2023-05-08 13:18:57,868 [main] &amp#27;[39mDEBUG&amp#27;[0;39m &amp#27;[36mc.g.d.z.s.o.a.h.client5.http.headers&amp#27;[0;39m - &amp#27;[32mhttp-outgoing-1 << Ostype: linux
&amp#27;[0;39m2023-05-08 13:18:57,868 [main] &amp#27;[39mDEBUG&amp#27;[0;39m &amp#27;[36mc.g.d.z.s.o.a.h.client5.http.headers&amp#27;[0;39m - &amp#27;[32mhttp-outgoing-1 << Server: Docker/23.0.5 (linux)
&amp#27;[0;39m2023-05-08 13:18:57,868 [main] &amp#27;[39mDEBUG&amp#27;[0;39m &amp#27;[36mc.g.d.z.s.o.a.h.client5.http.headers&amp#27;[0;39m - &amp#27;[32mhttp-outgoing-1 << Date: Mon, 08 May 2023 11:18:57 GMT
&amp#27;[0;39m2023-05-08 13:18:57,868 [main] &amp#27;[39mDEBUG&amp#27;[0;39m &amp#27;[36mc.g.d.z.s.o.a.h.client5.http.headers&amp#27;[0;39m - &amp#27;[32mhttp-outgoing-1 << Transfer-Encoding: chunked
&amp#27;[0;39m2023-05-08 13:18:57,868 [main] &amp#27;[39mDEBUG&amp#27;[0;39m &amp#27;[36mc.g.d.z.s.o.a.h.c.h.i.c.MainClientExec&amp#27;[0;39m - &amp#27;[32mex-00000030: connection can be kept alive for 3 MINUTES
&amp#27;[0;39m2023-05-08 13:18:57,869 [main] &amp#27;[39mDEBUG&amp#27;[0;39m &amp#27;[36mc.g.d.z.s.o.a.h.c.h.i.c.InternalHttpClient&amp#27;[0;39m - &amp#27;[32mep-0000002F: releasing valid endpoint
&amp#27;[0;39m2023-05-08 13:18:57,869 [main] &amp#27;[39mDEBUG&amp#27;[0;39m &amp#27;[36mc.g.d.z.s.o.a.h.c.h.i.i.PoolingHttpClientConnectionManager&amp#27;[0;39m - &amp#27;[32mep-0000002F: releasing endpoint
&amp#27;[0;39m2023-05-08 13:18:57,869 [main] &amp#27;[39mDEBUG&amp#27;[0;39m &amp#27;[36mc.g.d.z.s.o.a.h.c.h.i.i.PoolingHttpClientConnectionManager&amp#27;[0;39m - &amp#27;[32mep-0000002F: connection http-outgoing-1 can be kept alive for 3 MINUTES
&amp#27;[0;39m2023-05-08 13:18:57,869 [main] &amp#27;[39mDEBUG&amp#27;[0;39m &amp#27;[36mc.g.d.z.s.o.a.h.c.h.i.i.PoolingHttpClientConnectionManager&amp#27;[0;39m - &amp#27;[32mep-0000002F: connection released [route: {}->unix://localhost:2375][total available: 1; route allocated: 1 of 2147483647; total allocated: 1 of 2147483647]
&amp#27;[0;39m2023-05-08 13:18:57,869 [main] &amp#27;[39mDEBUG&amp#27;[0;39m &amp#27;[36mtc.mysql:8.0.0&amp#27;[0;39m - &amp#27;[32mTrying to create JDBC connection using com.mysql.cj.jdbc.Driver to jdbc:mysql://localhost:32781/test?useSSL=false&allowPublicKeyRetrieval=true with properties: {password=test, user=test}
&amp#27;[0;39m2023-05-08 13:18:57,970 [main] &amp#27;[39mDEBUG&amp#27;[0;39m &amp#27;[36mo.t.s.c.g.d.c.command.AbstrDockerCmd&amp#27;[0;39m - &amp#27;[32mCmd: cccfb0602d7e775562ae171a9fe0a7ec811b6906268008a84fea93151d2a7305,false
&amp#27;[0;39m2023-05-08 13:18:57,970 [main] &amp#27;[39mDEBUG&amp#27;[0;39m &amp#27;[36mo.t.s.c.g.d.c.e.InspectContainerCmdExec&amp#27;[0;39m - &amp#27;[32mGET: DefaultWebTarget{path=[/containers/cccfb0602d7e775562ae171a9fe0a7ec811b6906268008a84fea93151d2a7305/json], queryParams={}}
&amp#27;[0;39m2023-05-08 13:18:57,970 [main] &amp#27;[39mDEBUG&amp#27;[0;39m &amp#27;[36mc.g.d.z.s.o.a.h.c.h.i.c.InternalHttpClient&amp#27;[0;39m - &amp#27;[32mex-00000031: preparing request execution
&amp#27;[0;39m2023-05-08 13:18:57,970 [main] &amp#27;[39mDEBUG&amp#27;[0;39m &amp#27;[36mc.g.d.z.s.o.a.h.c.h.p.RequestAddCookies&amp#27;[0;39m - &amp#27;[32mCookie spec selected: strict
&amp#27;[0;39m2023-05-08 13:18:57,970 [main] &amp#27;[39mDEBUG&amp#27;[0;39m &amp#27;[36mc.g.d.z.s.o.a.h.c.h.p.RequestAuthCache&amp#27;[0;39m - &amp#27;[32mAuth cache not set in the context
&amp#27;[0;39m2023-05-08 13:18:57,970 [main] &amp#27;[39mDEBUG&amp#27;[0;39m &amp#27;[36mc.g.d.z.s.o.a.h.c.h.i.c.ProtocolExec&amp#27;[0;39m - &amp#27;[32mex-00000031: target auth state: UNCHALLENGED
&amp#27;[0;39m2023-05-08 13:18:57,970 [main] &amp#27;[39mDEBUG&amp#27;[0;39m &amp#27;[36mc.g.d.z.s.o.a.h.c.h.i.c.ProtocolExec&amp#27;[0;39m - &amp#27;[32mex-00000031: proxy auth state: UNCHALLENGED
&amp#27;[0;39m2023-05-08 13:18:57,970 [main] &amp#27;[39mDEBUG&amp#27;[0;39m &amp#27;[36mc.g.d.z.s.o.a.h.c.h.i.c.ConnectExec&amp#27;[0;39m - &amp#27;[32mex-00000031: acquiring connection with route {}->unix://localhost:2375
&amp#27;[0;39m2023-05-08 13:18:57,970 [main] &amp#27;[39mDEBUG&amp#27;[0;39m &amp#27;[36mc.g.d.z.s.o.a.h.c.h.i.c.InternalHttpClient&amp#27;[0;39m - &amp#27;[32mex-00000031: acquiring endpoint (3 MINUTES)
&amp#27;[0;39m2023-05-08 13:18:57,970 [main] &amp#27;[39mDEBUG&amp#27;[0;39m &amp#27;[36mc.g.d.z.s.o.a.h.c.h.i.i.PoolingHttpClientConnectionManager&amp#27;[0;39m - &amp#27;[32mex-00000031: endpoint lease request (3 MINUTES) [route: {}->unix://localhost:2375][total available: 1; route allocated: 1 of 2147483647; total allocated: 1 of 2147483647]
&amp#27;[0;39m2023-05-08 13:18:57,971 [main] &amp#27;[39mDEBUG&amp#27;[0;39m &amp#27;[36mc.g.d.z.s.o.a.h.c.h.i.i.PoolingHttpClientConnectionManager&amp#27;[0;39m - &amp#27;[32mex-00000031: endpoint leased [route: {}->unix://localhost:2375][total available: 0; route allocated: 1 of 2147483647; total allocated: 1 of 2147483647]
&amp#27;[0;39m2023-05-08 13:18:57,971 [main] &amp#27;[39mDEBUG&amp#27;[0;39m &amp#27;[36mc.g.d.z.s.o.a.h.c.h.i.i.PoolingHttpClientConnectionManager&amp#27;[0;39m - &amp#27;[32mex-00000031: acquired ep-00000030
&amp#27;[0;39m2023-05-08 13:18:57,971 [main] &amp#27;[39mDEBUG&amp#27;[0;39m &amp#27;[36mc.g.d.z.s.o.a.h.c.h.i.c.InternalHttpClient&amp#27;[0;39m - &amp#27;[32mex-00000031: acquired endpoint ep-00000030
&amp#27;[0;39m2023-05-08 13:18:57,971 [main] &amp#27;[39mDEBUG&amp#27;[0;39m &amp#27;[36mc.g.d.z.s.o.a.h.c.h.i.c.MainClientExec&amp#27;[0;39m - &amp#27;[32mex-00000031: executing GET /v1.32/containers/cccfb0602d7e775562ae171a9fe0a7ec811b6906268008a84fea93151d2a7305/json HTTP/1.1
&amp#27;[0;39m2023-05-08 13:18:57,971 [main] &amp#27;[39mDEBUG&amp#27;[0;39m &amp#27;[36mc.g.d.z.s.o.a.h.c.h.i.c.InternalHttpClient&amp#27;[0;39m - &amp#27;[32mep-00000030: start execution ex-00000031
&amp#27;[0;39m2023-05-08 13:18:57,971 [main] &amp#27;[39mDEBUG&amp#27;[0;39m &amp#27;[36mc.g.d.z.s.o.a.h.c.h.i.i.PoolingHttpClientConnectionManager&amp#27;[0;39m - &amp#27;[32mep-00000030: executing exchange ex-00000031 over http-outgoing-1
&amp#27;[0;39m2023-05-08 13:18:57,971 [main] &amp#27;[39mDEBUG&amp#27;[0;39m &amp#27;[36mc.g.d.z.s.o.a.h.client5.http.headers&amp#27;[0;39m - &amp#27;[32mhttp-outgoing-1 >> GET /v1.32/containers/cccfb0602d7e775562ae171a9fe0a7ec811b6906268008a84fea93151d2a7305/json HTTP/1.1
&amp#27;[0;39m2023-05-08 13:18:57,971 [main] &amp#27;[39mDEBUG&amp#27;[0;39m &amp#27;[36mc.g.d.z.s.o.a.h.client5.http.headers&amp#27;[0;39m - &amp#27;[32mhttp-outgoing-1 >> accept: application/json
&amp#27;[0;39m2023-05-08 13:18:57,971 [main] &amp#27;[39mDEBUG&amp#27;[0;39m &amp#27;[36mc.g.d.z.s.o.a.h.client5.http.headers&amp#27;[0;39m - &amp#27;[32mhttp-outgoing-1 >> x-tc-sid: f1b696c1-ec3f-4f95-afa8-081853be7ccb
&amp#27;[0;39m2023-05-08 13:18:57,971 [main] &amp#27;[39mDEBUG&amp#27;[0;39m &amp#27;[36mc.g.d.z.s.o.a.h.client5.http.headers&amp#27;[0;39m - &amp#27;[32mhttp-outgoing-1 >> Accept-Encoding: gzip, x-gzip, deflate
&amp#27;[0;39m2023-05-08 13:18:57,971 [main] &amp#27;[39mDEBUG&amp#27;[0;39m &amp#27;[36mc.g.d.z.s.o.a.h.client5.http.headers&amp#27;[0;39m - &amp#27;[32mhttp-outgoing-1 >> Host: localhost:2375
&amp#27;[0;39m2023-05-08 13:18:57,971 [main] &amp#27;[39mDEBUG&amp#27;[0;39m &amp#27;[36mc.g.d.z.s.o.a.h.client5.http.headers&amp#27;[0;39m - &amp#27;[32mhttp-outgoing-1 >> Connection: keep-alive
&amp#27;[0;39m2023-05-08 13:18:57,971 [main] &amp#27;[39mDEBUG&amp#27;[0;39m &amp#27;[36mc.g.d.z.s.o.a.h.client5.http.headers&amp#27;[0;39m - &amp#27;[32mhttp-outgoing-1 >> User-Agent: Apache-HttpClient/5.0.3 (Java/17.0.6)
&amp#27;[0;39m2023-05-08 13:18:57,971 [main] &amp#27;[39mDEBUG&amp#27;[0;39m &amp#27;[36mc.g.d.z.s.o.a.hc.client5.http.wire&amp#27;[0;39m - &amp#27;[32mhttp-outgoing-1 >> "GET /v1.32/containers/cccfb0602d7e775562ae171a9fe0a7ec811b6906268008a84fea93151d2a7305/json HTTP/1.1[\r][\n]"
&amp#27;[0;39m2023-05-08 13:18:57,971 [main] &amp#27;[39mDEBUG&amp#27;[0;39m &amp#27;[36mc.g.d.z.s.o.a.hc.client5.http.wire&amp#27;[0;39m - &amp#27;[32mhttp-outgoing-1 >> "accept: application/json[\r][\n]"
&amp#27;[0;39m2023-05-08 13:18:57,971 [main] &amp#27;[39mDEBUG&amp#27;[0;39m &amp#27;[36mc.g.d.z.s.o.a.hc.client5.http.wire&amp#27;[0;39m - &amp#27;[32mhttp-outgoing-1 >> "x-tc-sid: f1b696c1-ec3f-4f95-afa8-081853be7ccb[\r][\n]"
&amp#27;[0;39m2023-05-08 13:18:57,971 [main] &amp#27;[39mDEBUG&amp#27;[0;39m &amp#27;[36mc.g.d.z.s.o.a.hc.client5.http.wire&amp#27;[0;39m - &amp#27;[32mhttp-outgoing-1 >> "Accept-Encoding: gzip, x-gzip, deflate[\r][\n]"
&amp#27;[0;39m2023-05-08 13:18:57,971 [main] &amp#27;[39mDEBUG&amp#27;[0;39m &amp#27;[36mc.g.d.z.s.o.a.hc.client5.http.wire&amp#27;[0;39m - &amp#27;[32mhttp-outgoing-1 >> "Host: localhost:2375[\r][\n]"
&amp#27;[0;39m2023-05-08 13:18:57,971 [main] &amp#27;[39mDEBUG&amp#27;[0;39m &amp#27;[36mc.g.d.z.s.o.a.hc.client5.http.wire&amp#27;[0;39m - &amp#27;[32mhttp-outgoing-1 >> "Connection: keep-alive[\r][\n]"
&amp#27;[0;39m2023-05-08 13:18:57,971 [main] &amp#27;[39mDEBUG&amp#27;[0;39m &amp#27;[36mc.g.d.z.s.o.a.hc.client5.http.wire&amp#27;[0;39m - &amp#27;[32mhttp-outgoing-1 >> "User-Agent: Apache-HttpClient/5.0.3 (Java/17.0.6)[\r][\n]"
&amp#27;[0;39m2023-05-08 13:18:57,971 [main] &amp#27;[39mDEBUG&amp#27;[0;39m &amp#27;[36mc.g.d.z.s.o.a.hc.client5.http.wire&amp#27;[0;39m - &amp#27;[32mhttp-outgoing-1 >> "[\r][\n]"
&amp#27;[0;39m2023-05-08 13:18:57,971 [main] &amp#27;[39mDEBUG&amp#27;[0;39m &amp#27;[36mc.g.d.z.s.o.a.hc.client5.http.wire&amp#27;[0;39m - &amp#27;[32mhttp-outgoing-1 << "HTTP/1.1 200 OK[\r][\n]"
&amp#27;[0;39m2023-05-08 13:18:57,971 [main] &amp#27;[39mDEBUG&amp#27;[0;39m &amp#27;[36mc.g.d.z.s.o.a.hc.client5.http.wire&amp#27;[0;39m - &amp#27;[32mhttp-outgoing-1 << "Api-Version: 1.42[\r][\n]"
&amp#27;[0;39m2023-05-08 13:18:57,971 [main] &amp#27;[39mDEBUG&amp#27;[0;39m &amp#27;[36mc.g.d.z.s.o.a.hc.client5.http.wire&amp#27;[0;39m - &amp#27;[32mhttp-outgoing-1 << "Content-Type: application/json[\r][\n]"
&amp#27;[0;39m2023-05-08 13:18:57,971 [main] &amp#27;[39mDEBUG&amp#27;[0;39m &amp#27;[36mc.g.d.z.s.o.a.hc.client5.http.wire&amp#27;[0;39m - &amp#27;[32mhttp-outgoing-1 << "Docker-Experimental: false[\r][\n]"
&amp#27;[0;39m2023-05-08 13:18:57,971 [main] &amp#27;[39mDEBUG&amp#27;[0;39m &amp#27;[36mc.g.d.z.s.o.a.hc.client5.http.wire&amp#27;[0;39m - &amp#27;[32mhttp-outgoing-1 << "Ostype: linux[\r][\n]"
&amp#27;[0;39m2023-05-08 13:18:57,971 [main] &amp#27;[39mDEBUG&amp#27;[0;39m &amp#27;[36mc.g.d.z.s.o.a.hc.client5.http.wire&amp#27;[0;39m - &amp#27;[32mhttp-outgoing-1 << "Server: Docker/23.0.5 (linux)[\r][\n]"
&amp#27;[0;39m2023-05-08 13:18:57,971 [main] &amp#27;[39mDEBUG&amp#27;[0;39m &amp#27;[36mc.g.d.z.s.o.a.hc.client5.http.wire&amp#27;[0;39m - &amp#27;[32mhttp-outgoing-1 << "Date: Mon, 08 May 2023 11:18:57 GMT[\r][\n]"
&amp#27;[0;39m2023-05-08 13:18:57,971 [main] &amp#27;[39mDEBUG&amp#27;[0;39m &amp#27;[36mc.g.d.z.s.o.a.hc.client5.http.wire&amp#27;[0;39m - &amp#27;[32mhttp-outgoing-1 << "Transfer-Encoding: chunked[\r][\n]"
&amp#27;[0;39m2023-05-08 13:18:57,971 [main] &amp#27;[39mDEBUG&amp#27;[0;39m &amp#27;[36mc.g.d.z.s.o.a.hc.client5.http.wire&amp#27;[0;39m - &amp#27;[32mhttp-outgoing-1 << "[\r][\n]"
&amp#27;[0;39m2023-05-08 13:18:57,971 [main] &amp#27;[39mDEBUG&amp#27;[0;39m &amp#27;[36mc.g.d.z.s.o.a.hc.client5.http.wire&amp#27;[0;39m - &amp#27;[32mhttp-outgoing-1 << "1890[\r][\n]"
&amp#27;[0;39m2023-05-08 13:18:57,971 [main] &amp#27;[39mDEBUG&amp#27;[0;39m &amp#27;[36mc.g.d.z.s.o.a.hc.client5.http.wire&amp#27;[0;39m - &amp#27;[32mhttp-outgoing-1 << "{"Id":"cccfb0602d7e775562ae171a9fe0a7ec811b6906268008a84fea93151d2a7305","Created":"2023-05-08T11:18:54.120535425Z","Path":"docker-entrypoint.sh","Args":["mysqld"],"State":{"Status":"running","Running":true,"Paused":false,"Restarting":false,"OOMKilled":false,"Dead":false,"Pid":59126,"ExitCode":0,"Error":"","StartedAt":"2023-05-08T11:18:54.468577716Z","FinishedAt":"0001-01-01T00:00:00Z"},"Image":"sha256:228d71078f8ce5ae9fd96b183f88c3a90e30544b4b7ce9d64a238d05fef2a681","ResolvConfPath":"/var/lib/docker/containers/cccfb0602d7e775562ae171a9fe0a7ec811b6906268008a84fea93151d2a7305/resolv.conf","HostnamePath":"/var/lib/docker/containers/cccfb0602d7e775562ae171a9fe0a7ec811b6906268008a84fea93151d2a7305/hostname","HostsPath":"/var/lib/docker/containers/cccfb0602d7e775562ae171a9fe0a7ec811b6906268008a84fea93151d2a7305/hosts","LogPath":"/var/lib/docker/containers/cccfb0602d7e775562ae171a9fe0a7ec811b6906268008a84fea93151d2a7305/cccfb0602d7e775562ae171a9fe0a7ec811b6906268008a84fea93151d2a7305-json.log","Name":"/charming_goodall","RestartCount":0,"Driver":"overlay2","Platform":"linux","MountLabel":"","ProcessLabel":"","AppArmorProfile":"docker-default","ExecIDs":null,"HostConfig":{"Binds":[],"ContainerIDFile":"","LogConfig":{"Type":"json-file","Config":{}},"NetworkMode":"default","PortBindings":{"3306/tcp":[{"HostIp":"","HostPort":""}]},"RestartPolicy":{"Name":"","MaximumRetryCount":0},"AutoRemove":false,"VolumeDriver":"","VolumesFrom":[],"ConsoleSize":[0,0],"CapAdd":null,"CapDrop":null,"CgroupnsMode":"private","Dns":null,"DnsOptions":null,"DnsSearch":null,"ExtraHosts":[],"GroupAdd":null,"IpcMode":"shareable","Cgroup":"","Links":null,"OomScoreAdj":0,"PidMode":"","Privileged":false,"PublishAllPorts":false,"ReadonlyRootfs":false,"SecurityOpt":null,"UTSMode":"","UsernsMode":"","ShmSize":67108864,"Runtime":"runc","Isolation":"","CpuShares":0,"Memory":0,"NanoCpus":0,"CgroupParent":"","BlkioWeight":0,"BlkioWeightDevice":null,"BlkioDeviceReadBps":null,"BlkioDeviceWriteBps":null,"BlkioDeviceReadIOps":null,"BlkioDeviceWriteIOps":null,"CpuPeriod":0,"CpuQuota":0,"CpuRealtimePeriod":0,"CpuRealtimeRuntime":0,"CpusetCpus":"","CpusetMems":"","Devices":null,"DeviceCgroupRules":null,"DeviceRequests":null,"MemoryReservation":0,"MemorySwap":0,"MemorySwappiness":null,"OomKillDisable":null,"PidsLimit":null,"Ulimits":null,"CpuCount":0,"CpuPercent":0,"IOMaximumIOps":0,"IOMaximumBandwidth":0,"MaskedPaths":["/proc/asound","/proc/acpi","/proc/kcore","/proc/keys","/proc/latency_stats","/proc/timer_list","/proc/timer_stats","/proc/sched_debug","/proc/scsi","/sys/firmware"],"ReadonlyPaths":["/proc/bus","/proc/fs","/proc/irq","/proc/sys","/proc/sysrq-trigger"]},"GraphDriver":{"Data":{"LowerDir":"/var/lib/docker/overlay2/0075f27ac39799b376a3e23bf05a650eb10c8a0f9ef49be1ab61e98fd3b93dc3-init/diff:/var/lib/docker/overlay2/4c6e20f032f02b27a9272f982861dc21998197aa90d94ed3bef95d449380247c/diff:/var/lib/docker/overlay2/0c75f828f603eff839bb3ca448163ab2a8017e86625ac255cd3dbf1673ddac26/diff:/var/lib/docker/overlay2/da128d897fda75829109844ce6cd9d73d0f54c682e735100af000ce899908729/diff:/var/lib/docker/overlay2/b678a1f261bf323afba6d76d91ab7428bdd6e1ef4a39b5224e4a1afd08c0423a/diff:/var/lib/docker/overlay2/1bec43b14875c5f9f814f146e8e31aa78566689c2c163da2ac60a32254988437/diff:/var/lib/docker/overlay2/28f4b1e6e1a7a2dbe30f1f94fb42bccd85a61faf8af1fe30a5bb0d442c525e41/diff:/var/lib/docker/overlay2/0f493124464c291d7c97d2633d5dff04b1dce5de904cb40a34dfbe7fe72e3fd4/diff:/var/lib/docker/overlay2/05befbee9e38cd670e1786b3310e99796dcc06abbed970007b4109a5424843fa/diff:/var/lib/docker/overlay2/582bcca9acfc4eef25109e1e1b9c9d104f355798455bc73e855c99283887a6e8/diff:/var/lib/docker/overlay2/153b3bf0b69e97e8f0e5533414a31ca33fa530e63d174c9617621abe46e7e9d1/diff:/var/lib/docker/overlay2/bf87a76c0a38875ee6e915fd0d2527eafa880ec6bf2c1cb294959428c18d10bd/diff","MergedDir":"/var/lib/docker/overlay2/0075f27ac39799b376a3e23bf05a650eb10c8a0f9ef49be1ab61e98fd3b93dc3/merged","UpperDir":"/var/lib/docker/overlay2/0075f27ac39799b376a3e23bf05a650eb10c8a0f9ef49be1ab61e98fd3b93dc3/diff","WorkDir":"/var/lib/docker/overlay2/0075f27ac39799b376a3e23bf05a650eb10c8a0f9ef49be1ab61e98fd3b93dc3/work"},"Name":"overlay2"},"Mounts":[{"Type":"volume","Name":"ffd30c8cc7ed7bf91bc1ebef46b0f06493ce1d3121e28c37d40240bd74b844a5","Source":"/var/lib/docker/volumes/ffd30c8cc7ed7bf91bc1ebef46b0f06493ce1d3121e28c37d40240bd74b844a5/_data","Destination":"/var/lib/mysql","Driver":"local","Mode":"","RW":true,"Propagation":""}],"Config":{"Hostname":"cccfb0602d7e","Domainname":"","User":"","AttachStdin":false,"AttachStdout":false,"AttachStderr":false,"ExposedPorts":{"3306/tcp":{}},"Tty":false,"OpenStdin":false,"StdinOnce":false,"Env":["MYSQL_DATABASE=test","MYSQL_PASSWORD=test","MYSQL_USER=test","MYSQL_ROOT_PASSWORD=test","PATH=/usr/local/sbin:/usr/local/bin:/usr/sbin:/usr/bin:/sbin:/bin","GOSU_VERSION=1.7","MYSQL_MAJOR=8.0","MYSQL_VERSION=8.0.0-dmr-1debian8"],"Cmd":["mysqld"],"Image":"mysql:8.0.0","Volumes":{"/var/lib/mysql":{}},"WorkingDir":"","Entrypoint":["docker-entrypoint.sh"],"OnBuild":null,"Labels":{"org.testcontainers":"true","org.testcontainers.lang":"java","org.testcontainers.sessionId":"f1b696c1-ec3f-4f95-afa8-081853be7ccb","org.testcontainers.version":"1.18.0"}},"NetworkSettings":{"Bridge":"","SandboxID":"75a4ef0436803615aa77c8b97de3cbbdd49519261fe2b3b6cdcae9bd2b1154aa","HairpinMode":false,"LinkLocalIPv6Address":"","LinkLocalIPv6PrefixLen":0,"Ports":{"3306/tcp":[{"HostIp":"0.0.0.0","HostPort":"32781"},{"HostIp":"::","HostPort":"32781"}]},"SandboxKey":"/var/run/docker/netns/75a4ef043680","SecondaryIPAddresses":null,"SecondaryIPv6Addresses":null,"EndpointID":"de3a5c9cc9471fdbec5943d78a8803fca61208fe4021ac9d3922ee2e8ec0d135","Gateway":"172.17.0.1","GlobalIPv6Address":"","GlobalIPv6PrefixLen":0,"IPAddress":"172.17.0.3","IPPrefixLen":16,"IPv6Gateway":"","MacAddress":"02:42:ac:11:00:03","Networks":{"bridge":{"IPAMConfig":null,"Links":null,"Aliases":null,"NetworkID":"e1a078e12eb8d77b497ed932f7fb43787eeb6ff6972febd7d03c9282b8b5cd45","EndpointID":"de3a5c9cc9471fdbec5943d78a8803fca61208fe4021ac9d3922ee2e8ec0d135","Gateway":"172.17.0.1","IPAddress":"172.17.0.3","IPPrefixLen":16,"IPv6Gateway":"","GlobalIPv6Address":"","GlobalIPv6PrefixLen":0,"MacAddress":"02:42:ac:11:00:03","DriverOpts":null}}}}[\n]"
&amp#27;[0;39m2023-05-08 13:18:57,971 [main] &amp#27;[39mDEBUG&amp#27;[0;39m &amp#27;[36mc.g.d.z.s.o.a.hc.client5.http.wire&amp#27;[0;39m - &amp#27;[32mhttp-outgoing-1 << "[\r][\n]"
&amp#27;[0;39m2023-05-08 13:18:57,971 [main] &amp#27;[39mDEBUG&amp#27;[0;39m &amp#27;[36mc.g.d.z.s.o.a.hc.client5.http.wire&amp#27;[0;39m - &amp#27;[32mhttp-outgoing-1 << "0[\r][\n]"
&amp#27;[0;39m2023-05-08 13:18:57,971 [main] &amp#27;[39mDEBUG&amp#27;[0;39m &amp#27;[36mc.g.d.z.s.o.a.hc.client5.http.wire&amp#27;[0;39m - &amp#27;[32mhttp-outgoing-1 << "[\r][\n]"
&amp#27;[0;39m2023-05-08 13:18:57,972 [main] &amp#27;[39mDEBUG&amp#27;[0;39m &amp#27;[36mc.g.d.z.s.o.a.h.client5.http.headers&amp#27;[0;39m - &amp#27;[32mhttp-outgoing-1 << HTTP/1.1 200 OK
&amp#27;[0;39m2023-05-08 13:18:57,972 [main] &amp#27;[39mDEBUG&amp#27;[0;39m &amp#27;[36mc.g.d.z.s.o.a.h.client5.http.headers&amp#27;[0;39m - &amp#27;[32mhttp-outgoing-1 << Api-Version: 1.42
&amp#27;[0;39m2023-05-08 13:18:57,972 [main] &amp#27;[39mDEBUG&amp#27;[0;39m &amp#27;[36mc.g.d.z.s.o.a.h.client5.http.headers&amp#27;[0;39m - &amp#27;[32mhttp-outgoing-1 << Content-Type: application/json
&amp#27;[0;39m2023-05-08 13:18:57,972 [main] &amp#27;[39mDEBUG&amp#27;[0;39m &amp#27;[36mc.g.d.z.s.o.a.h.client5.http.headers&amp#27;[0;39m - &amp#27;[32mhttp-outgoing-1 << Docker-Experimental: false
&amp#27;[0;39m2023-05-08 13:18:57,972 [main] &amp#27;[39mDEBUG&amp#27;[0;39m &amp#27;[36mc.g.d.z.s.o.a.h.client5.http.headers&amp#27;[0;39m - &amp#27;[32mhttp-outgoing-1 << Ostype: linux
&amp#27;[0;39m2023-05-08 13:18:57,972 [main] &amp#27;[39mDEBUG&amp#27;[0;39m &amp#27;[36mc.g.d.z.s.o.a.h.client5.http.headers&amp#27;[0;39m - &amp#27;[32mhttp-outgoing-1 << Server: Docker/23.0.5 (linux)
&amp#27;[0;39m2023-05-08 13:18:57,972 [main] &amp#27;[39mDEBUG&amp#27;[0;39m &amp#27;[36mc.g.d.z.s.o.a.h.client5.http.headers&amp#27;[0;39m - &amp#27;[32mhttp-outgoing-1 << Date: Mon, 08 May 2023 11:18:57 GMT
&amp#27;[0;39m2023-05-08 13:18:57,972 [main] &amp#27;[39mDEBUG&amp#27;[0;39m &amp#27;[36mc.g.d.z.s.o.a.h.client5.http.headers&amp#27;[0;39m - &amp#27;[32mhttp-outgoing-1 << Transfer-Encoding: chunked
&amp#27;[0;39m2023-05-08 13:18:57,972 [main] &amp#27;[39mDEBUG&amp#27;[0;39m &amp#27;[36mc.g.d.z.s.o.a.h.c.h.i.c.MainClientExec&amp#27;[0;39m - &amp#27;[32mex-00000031: connection can be kept alive for 3 MINUTES
&amp#27;[0;39m2023-05-08 13:18:57,972 [main] &amp#27;[39mDEBUG&amp#27;[0;39m &amp#27;[36mc.g.d.z.s.o.a.h.c.h.i.c.InternalHttpClient&amp#27;[0;39m - &amp#27;[32mep-00000030: releasing valid endpoint
&amp#27;[0;39m2023-05-08 13:18:57,972 [main] &amp#27;[39mDEBUG&amp#27;[0;39m &amp#27;[36mc.g.d.z.s.o.a.h.c.h.i.i.PoolingHttpClientConnectionManager&amp#27;[0;39m - &amp#27;[32mep-00000030: releasing endpoint
&amp#27;[0;39m2023-05-08 13:18:57,972 [main] &amp#27;[39mDEBUG&amp#27;[0;39m &amp#27;[36mc.g.d.z.s.o.a.h.c.h.i.i.PoolingHttpClientConnectionManager&amp#27;[0;39m - &amp#27;[32mep-00000030: connection http-outgoing-1 can be kept alive for 3 MINUTES
&amp#27;[0;39m2023-05-08 13:18:57,972 [main] &amp#27;[39mDEBUG&amp#27;[0;39m &amp#27;[36mc.g.d.z.s.o.a.h.c.h.i.i.PoolingHttpClientConnectionManager&amp#27;[0;39m - &amp#27;[32mep-00000030: connection released [route: {}->unix://localhost:2375][total available: 1; route allocated: 1 of 2147483647; total allocated: 1 of 2147483647]
&amp#27;[0;39m2023-05-08 13:18:57,972 [main] &amp#27;[39mDEBUG&amp#27;[0;39m &amp#27;[36mtc.mysql:8.0.0&amp#27;[0;39m - &amp#27;[32mTrying to create JDBC connection using com.mysql.cj.jdbc.Driver to jdbc:mysql://localhost:32781/test?useSSL=false&allowPublicKeyRetrieval=true with properties: {password=test, user=test}
&amp#27;[0;39m2023-05-08 13:18:58,074 [main] &amp#27;[39mDEBUG&amp#27;[0;39m &amp#27;[36mo.t.s.c.g.d.c.command.AbstrDockerCmd&amp#27;[0;39m - &amp#27;[32mCmd: cccfb0602d7e775562ae171a9fe0a7ec811b6906268008a84fea93151d2a7305,false
&amp#27;[0;39m2023-05-08 13:18:58,074 [main] &amp#27;[39mDEBUG&amp#27;[0;39m &amp#27;[36mo.t.s.c.g.d.c.e.InspectContainerCmdExec&amp#27;[0;39m - &amp#27;[32mGET: DefaultWebTarget{path=[/containers/cccfb0602d7e775562ae171a9fe0a7ec811b6906268008a84fea93151d2a7305/json], queryParams={}}
&amp#27;[0;39m2023-05-08 13:18:58,074 [main] &amp#27;[39mDEBUG&amp#27;[0;39m &amp#27;[36mc.g.d.z.s.o.a.h.c.h.i.c.InternalHttpClient&amp#27;[0;39m - &amp#27;[32mex-00000032: preparing request execution
&amp#27;[0;39m2023-05-08 13:18:58,074 [main] &amp#27;[39mDEBUG&amp#27;[0;39m &amp#27;[36mc.g.d.z.s.o.a.h.c.h.p.RequestAddCookies&amp#27;[0;39m - &amp#27;[32mCookie spec selected: strict
&amp#27;[0;39m2023-05-08 13:18:58,074 [main] &amp#27;[39mDEBUG&amp#27;[0;39m &amp#27;[36mc.g.d.z.s.o.a.h.c.h.p.RequestAuthCache&amp#27;[0;39m - &amp#27;[32mAuth cache not set in the context
&amp#27;[0;39m2023-05-08 13:18:58,074 [main] &amp#27;[39mDEBUG&amp#27;[0;39m &amp#27;[36mc.g.d.z.s.o.a.h.c.h.i.c.ProtocolExec&amp#27;[0;39m - &amp#27;[32mex-00000032: target auth state: UNCHALLENGED
&amp#27;[0;39m2023-05-08 13:18:58,074 [main] &amp#27;[39mDEBUG&amp#27;[0;39m &amp#27;[36mc.g.d.z.s.o.a.h.c.h.i.c.ProtocolExec&amp#27;[0;39m - &amp#27;[32mex-00000032: proxy auth state: UNCHALLENGED
&amp#27;[0;39m2023-05-08 13:18:58,074 [main] &amp#27;[39mDEBUG&amp#27;[0;39m &amp#27;[36mc.g.d.z.s.o.a.h.c.h.i.c.ConnectExec&amp#27;[0;39m - &amp#27;[32mex-00000032: acquiring connection with route {}->unix://localhost:2375
&amp#27;[0;39m2023-05-08 13:18:58,074 [main] &amp#27;[39mDEBUG&amp#27;[0;39m &amp#27;[36mc.g.d.z.s.o.a.h.c.h.i.c.InternalHttpClient&amp#27;[0;39m - &amp#27;[32mex-00000032: acquiring endpoint (3 MINUTES)
&amp#27;[0;39m2023-05-08 13:18:58,074 [main] &amp#27;[39mDEBUG&amp#27;[0;39m &amp#27;[36mc.g.d.z.s.o.a.h.c.h.i.i.PoolingHttpClientConnectionManager&amp#27;[0;39m - &amp#27;[32mex-00000032: endpoint lease request (3 MINUTES) [route: {}->unix://localhost:2375][total available: 1; route allocated: 1 of 2147483647; total allocated: 1 of 2147483647]
&amp#27;[0;39m2023-05-08 13:18:58,075 [main] &amp#27;[39mDEBUG&amp#27;[0;39m &amp#27;[36mc.g.d.z.s.o.a.h.c.h.i.i.PoolingHttpClientConnectionManager&amp#27;[0;39m - &amp#27;[32mex-00000032: endpoint leased [route: {}->unix://localhost:2375][total available: 0; route allocated: 1 of 2147483647; total allocated: 1 of 2147483647]
&amp#27;[0;39m2023-05-08 13:18:58,075 [main] &amp#27;[39mDEBUG&amp#27;[0;39m &amp#27;[36mc.g.d.z.s.o.a.h.c.h.i.i.PoolingHttpClientConnectionManager&amp#27;[0;39m - &amp#27;[32mex-00000032: acquired ep-00000031
&amp#27;[0;39m2023-05-08 13:18:58,075 [main] &amp#27;[39mDEBUG&amp#27;[0;39m &amp#27;[36mc.g.d.z.s.o.a.h.c.h.i.c.InternalHttpClient&amp#27;[0;39m - &amp#27;[32mex-00000032: acquired endpoint ep-00000031
&amp#27;[0;39m2023-05-08 13:18:58,075 [main] &amp#27;[39mDEBUG&amp#27;[0;39m &amp#27;[36mc.g.d.z.s.o.a.h.c.h.i.c.MainClientExec&amp#27;[0;39m - &amp#27;[32mex-00000032: executing GET /v1.32/containers/cccfb0602d7e775562ae171a9fe0a7ec811b6906268008a84fea93151d2a7305/json HTTP/1.1
&amp#27;[0;39m2023-05-08 13:18:58,075 [main] &amp#27;[39mDEBUG&amp#27;[0;39m &amp#27;[36mc.g.d.z.s.o.a.h.c.h.i.c.InternalHttpClient&amp#27;[0;39m - &amp#27;[32mep-00000031: start execution ex-00000032
&amp#27;[0;39m2023-05-08 13:18:58,075 [main] &amp#27;[39mDEBUG&amp#27;[0;39m &amp#27;[36mc.g.d.z.s.o.a.h.c.h.i.i.PoolingHttpClientConnectionManager&amp#27;[0;39m - &amp#27;[32mep-00000031: executing exchange ex-00000032 over http-outgoing-1
&amp#27;[0;39m2023-05-08 13:18:58,075 [main] &amp#27;[39mDEBUG&amp#27;[0;39m &amp#27;[36mc.g.d.z.s.o.a.h.client5.http.headers&amp#27;[0;39m - &amp#27;[32mhttp-outgoing-1 >> GET /v1.32/containers/cccfb0602d7e775562ae171a9fe0a7ec811b6906268008a84fea93151d2a7305/json HTTP/1.1
&amp#27;[0;39m2023-05-08 13:18:58,075 [main] &amp#27;[39mDEBUG&amp#27;[0;39m &amp#27;[36mc.g.d.z.s.o.a.h.client5.http.headers&amp#27;[0;39m - &amp#27;[32mhttp-outgoing-1 >> accept: application/json
&amp#27;[0;39m2023-05-08 13:18:58,075 [main] &amp#27;[39mDEBUG&amp#27;[0;39m &amp#27;[36mc.g.d.z.s.o.a.h.client5.http.headers&amp#27;[0;39m - &amp#27;[32mhttp-outgoing-1 >> x-tc-sid: f1b696c1-ec3f-4f95-afa8-081853be7ccb
&amp#27;[0;39m2023-05-08 13:18:58,075 [main] &amp#27;[39mDEBUG&amp#27;[0;39m &amp#27;[36mc.g.d.z.s.o.a.h.client5.http.headers&amp#27;[0;39m - &amp#27;[32mhttp-outgoing-1 >> Accept-Encoding: gzip, x-gzip, deflate
&amp#27;[0;39m2023-05-08 13:18:58,075 [main] &amp#27;[39mDEBUG&amp#27;[0;39m &amp#27;[36mc.g.d.z.s.o.a.h.client5.http.headers&amp#27;[0;39m - &amp#27;[32mhttp-outgoing-1 >> Host: localhost:2375
&amp#27;[0;39m2023-05-08 13:18:58,075 [main] &amp#27;[39mDEBUG&amp#27;[0;39m &amp#27;[36mc.g.d.z.s.o.a.h.client5.http.headers&amp#27;[0;39m - &amp#27;[32mhttp-outgoing-1 >> Connection: keep-alive
&amp#27;[0;39m2023-05-08 13:18:58,075 [main] &amp#27;[39mDEBUG&amp#27;[0;39m &amp#27;[36mc.g.d.z.s.o.a.h.client5.http.headers&amp#27;[0;39m - &amp#27;[32mhttp-outgoing-1 >> User-Agent: Apache-HttpClient/5.0.3 (Java/17.0.6)
&amp#27;[0;39m2023-05-08 13:18:58,075 [main] &amp#27;[39mDEBUG&amp#27;[0;39m &amp#27;[36mc.g.d.z.s.o.a.hc.client5.http.wire&amp#27;[0;39m - &amp#27;[32mhttp-outgoing-1 >> "GET /v1.32/containers/cccfb0602d7e775562ae171a9fe0a7ec811b6906268008a84fea93151d2a7305/json HTTP/1.1[\r][\n]"
&amp#27;[0;39m2023-05-08 13:18:58,075 [main] &amp#27;[39mDEBUG&amp#27;[0;39m &amp#27;[36mc.g.d.z.s.o.a.hc.client5.http.wire&amp#27;[0;39m - &amp#27;[32mhttp-outgoing-1 >> "accept: application/json[\r][\n]"
&amp#27;[0;39m2023-05-08 13:18:58,075 [main] &amp#27;[39mDEBUG&amp#27;[0;39m &amp#27;[36mc.g.d.z.s.o.a.hc.client5.http.wire&amp#27;[0;39m - &amp#27;[32mhttp-outgoing-1 >> "x-tc-sid: f1b696c1-ec3f-4f95-afa8-081853be7ccb[\r][\n]"
&amp#27;[0;39m2023-05-08 13:18:58,075 [main] &amp#27;[39mDEBUG&amp#27;[0;39m &amp#27;[36mc.g.d.z.s.o.a.hc.client5.http.wire&amp#27;[0;39m - &amp#27;[32mhttp-outgoing-1 >> "Accept-Encoding: gzip, x-gzip, deflate[\r][\n]"
&amp#27;[0;39m2023-05-08 13:18:58,075 [main] &amp#27;[39mDEBUG&amp#27;[0;39m &amp#27;[36mc.g.d.z.s.o.a.hc.client5.http.wire&amp#27;[0;39m - &amp#27;[32mhttp-outgoing-1 >> "Host: localhost:2375[\r][\n]"
&amp#27;[0;39m2023-05-08 13:18:58,075 [main] &amp#27;[39mDEBUG&amp#27;[0;39m &amp#27;[36mc.g.d.z.s.o.a.hc.client5.http.wire&amp#27;[0;39m - &amp#27;[32mhttp-outgoing-1 >> "Connection: keep-alive[\r][\n]"
&amp#27;[0;39m2023-05-08 13:18:58,075 [main] &amp#27;[39mDEBUG&amp#27;[0;39m &amp#27;[36mc.g.d.z.s.o.a.hc.client5.http.wire&amp#27;[0;39m - &amp#27;[32mhttp-outgoing-1 >> "User-Agent: Apache-HttpClient/5.0.3 (Java/17.0.6)[\r][\n]"
&amp#27;[0;39m2023-05-08 13:18:58,075 [main] &amp#27;[39mDEBUG&amp#27;[0;39m &amp#27;[36mc.g.d.z.s.o.a.hc.client5.http.wire&amp#27;[0;39m - &amp#27;[32mhttp-outgoing-1 >> "[\r][\n]"
&amp#27;[0;39m2023-05-08 13:18:58,075 [main] &amp#27;[39mDEBUG&amp#27;[0;39m &amp#27;[36mc.g.d.z.s.o.a.hc.client5.http.wire&amp#27;[0;39m - &amp#27;[32mhttp-outgoing-1 << "HTTP/1.1 200 OK[\r][\n]"
&amp#27;[0;39m2023-05-08 13:18:58,075 [main] &amp#27;[39mDEBUG&amp#27;[0;39m &amp#27;[36mc.g.d.z.s.o.a.hc.client5.http.wire&amp#27;[0;39m - &amp#27;[32mhttp-outgoing-1 << "Api-Version: 1.42[\r][\n]"
&amp#27;[0;39m2023-05-08 13:18:58,075 [main] &amp#27;[39mDEBUG&amp#27;[0;39m &amp#27;[36mc.g.d.z.s.o.a.hc.client5.http.wire&amp#27;[0;39m - &amp#27;[32mhttp-outgoing-1 << "Content-Type: application/json[\r][\n]"
&amp#27;[0;39m2023-05-08 13:18:58,075 [main] &amp#27;[39mDEBUG&amp#27;[0;39m &amp#27;[36mc.g.d.z.s.o.a.hc.client5.http.wire&amp#27;[0;39m - &amp#27;[32mhttp-outgoing-1 << "Docker-Experimental: false[\r][\n]"
&amp#27;[0;39m2023-05-08 13:18:58,075 [main] &amp#27;[39mDEBUG&amp#27;[0;39m &amp#27;[36mc.g.d.z.s.o.a.hc.client5.http.wire&amp#27;[0;39m - &amp#27;[32mhttp-outgoing-1 << "Ostype: linux[\r][\n]"
&amp#27;[0;39m2023-05-08 13:18:58,075 [main] &amp#27;[39mDEBUG&amp#27;[0;39m &amp#27;[36mc.g.d.z.s.o.a.hc.client5.http.wire&amp#27;[0;39m - &amp#27;[32mhttp-outgoing-1 << "Server: Docker/23.0.5 (linux)[\r][\n]"
&amp#27;[0;39m2023-05-08 13:18:58,075 [main] &amp#27;[39mDEBUG&amp#27;[0;39m &amp#27;[36mc.g.d.z.s.o.a.hc.client5.http.wire&amp#27;[0;39m - &amp#27;[32mhttp-outgoing-1 << "Date: Mon, 08 May 2023 11:18:58 GMT[\r][\n]"
&amp#27;[0;39m2023-05-08 13:18:58,075 [main] &amp#27;[39mDEBUG&amp#27;[0;39m &amp#27;[36mc.g.d.z.s.o.a.hc.client5.http.wire&amp#27;[0;39m - &amp#27;[32mhttp-outgoing-1 << "Transfer-Encoding: chunked[\r][\n]"
&amp#27;[0;39m2023-05-08 13:18:58,075 [main] &amp#27;[39mDEBUG&amp#27;[0;39m &amp#27;[36mc.g.d.z.s.o.a.hc.client5.http.wire&amp#27;[0;39m - &amp#27;[32mhttp-outgoing-1 << "[\r][\n]"
&amp#27;[0;39m2023-05-08 13:18:58,075 [main] &amp#27;[39mDEBUG&amp#27;[0;39m &amp#27;[36mc.g.d.z.s.o.a.hc.client5.http.wire&amp#27;[0;39m - &amp#27;[32mhttp-outgoing-1 << "1890[\r][\n]"
&amp#27;[0;39m2023-05-08 13:18:58,075 [main] &amp#27;[39mDEBUG&amp#27;[0;39m &amp#27;[36mc.g.d.z.s.o.a.hc.client5.http.wire&amp#27;[0;39m - &amp#27;[32mhttp-outgoing-1 << "{"Id":"cccfb0602d7e775562ae171a9fe0a7ec811b6906268008a84fea93151d2a7305","Created":"2023-05-08T11:18:54.120535425Z","Path":"docker-entrypoint.sh","Args":["mysqld"],"State":{"Status":"running","Running":true,"Paused":false,"Restarting":false,"OOMKilled":false,"Dead":false,"Pid":59126,"ExitCode":0,"Error":"","StartedAt":"2023-05-08T11:18:54.468577716Z","FinishedAt":"0001-01-01T00:00:00Z"},"Image":"sha256:228d71078f8ce5ae9fd96b183f88c3a90e30544b4b7ce9d64a238d05fef2a681","ResolvConfPath":"/var/lib/docker/containers/cccfb0602d7e775562ae171a9fe0a7ec811b6906268008a84fea93151d2a7305/resolv.conf","HostnamePath":"/var/lib/docker/containers/cccfb0602d7e775562ae171a9fe0a7ec811b6906268008a84fea93151d2a7305/hostname","HostsPath":"/var/lib/docker/containers/cccfb0602d7e775562ae171a9fe0a7ec811b6906268008a84fea93151d2a7305/hosts","LogPath":"/var/lib/docker/containers/cccfb0602d7e775562ae171a9fe0a7ec811b6906268008a84fea93151d2a7305/cccfb0602d7e775562ae171a9fe0a7ec811b6906268008a84fea93151d2a7305-json.log","Name":"/charming_goodall","RestartCount":0,"Driver":"overlay2","Platform":"linux","MountLabel":"","ProcessLabel":"","AppArmorProfile":"docker-default","ExecIDs":null,"HostConfig":{"Binds":[],"ContainerIDFile":"","LogConfig":{"Type":"json-file","Config":{}},"NetworkMode":"default","PortBindings":{"3306/tcp":[{"HostIp":"","HostPort":""}]},"RestartPolicy":{"Name":"","MaximumRetryCount":0},"AutoRemove":false,"VolumeDriver":"","VolumesFrom":[],"ConsoleSize":[0,0],"CapAdd":null,"CapDrop":null,"CgroupnsMode":"private","Dns":null,"DnsOptions":null,"DnsSearch":null,"ExtraHosts":[],"GroupAdd":null,"IpcMode":"shareable","Cgroup":"","Links":null,"OomScoreAdj":0,"PidMode":"","Privileged":false,"PublishAllPorts":false,"ReadonlyRootfs":false,"SecurityOpt":null,"UTSMode":"","UsernsMode":"","ShmSize":67108864,"Runtime":"runc","Isolation":"","CpuShares":0,"Memory":0,"NanoCpus":0,"CgroupParent":"","BlkioWeight":0,"BlkioWeightDevice":null,"BlkioDeviceReadBps":null,"BlkioDeviceWriteBps":null,"BlkioDeviceReadIOps":null,"BlkioDeviceWriteIOps":null,"CpuPeriod":0,"CpuQuota":0,"CpuRealtimePeriod":0,"CpuRealtimeRuntime":0,"CpusetCpus":"","CpusetMems":"","Devices":null,"DeviceCgroupRules":null,"DeviceRequests":null,"MemoryReservation":0,"MemorySwap":0,"MemorySwappiness":null,"OomKillDisable":null,"PidsLimit":null,"Ulimits":null,"CpuCount":0,"CpuPercent":0,"IOMaximumIOps":0,"IOMaximumBandwidth":0,"MaskedPaths":["/proc/asound","/proc/acpi","/proc/kcore","/proc/keys","/proc/latency_stats","/proc/timer_list","/proc/timer_stats","/proc/sched_debug","/proc/scsi","/sys/firmware"],"ReadonlyPaths":["/proc/bus","/proc/fs","/proc/irq","/proc/sys","/proc/sysrq-trigger"]},"GraphDriver":{"Data":{"LowerDir":"/var/lib/docker/overlay2/0075f27ac39799b376a3e23bf05a650eb10c8a0f9ef49be1ab61e98fd3b93dc3-init/diff:/var/lib/docker/overlay2/4c6e20f032f02b27a9272f982861dc21998197aa90d94ed3bef95d449380247c/diff:/var/lib/docker/overlay2/0c75f828f603eff839bb3ca448163ab2a8017e86625ac255cd3dbf1673ddac26/diff:/var/lib/docker/overlay2/da128d897fda75829109844ce6cd9d73d0f54c682e735100af000ce899908729/diff:/var/lib/docker/overlay2/b678a1f261bf323afba6d76d91ab7428bdd6e1ef4a39b5224e4a1afd08c0423a/diff:/var/lib/docker/overlay2/1bec43b14875c5f9f814f146e8e31aa78566689c2c163da2ac60a32254988437/diff:/var/lib/docker/overlay2/28f4b1e6e1a7a2dbe30f1f94fb42bccd85a61faf8af1fe30a5bb0d442c525e41/diff:/var/lib/docker/overlay2/0f493124464c291d7c97d2633d5dff04b1dce5de904cb40a34dfbe7fe72e3fd4/diff:/var/lib/docker/overlay2/05befbee9e38cd670e1786b3310e99796dcc06abbed970007b4109a5424843fa/diff:/var/lib/docker/overlay2/582bcca9acfc4eef25109e1e1b9c9d104f355798455bc73e855c99283887a6e8/diff:/var/lib/docker/overlay2/153b3bf0b69e97e8f0e5533414a31ca33fa530e63d174c9617621abe46e7e9d1/diff:/var/lib/docker/overlay2/bf87a76c0a38875ee6e915fd0d2527eafa880ec6bf2c1cb294959428c18d10bd/diff","MergedDir":"/var/lib/docker/overlay2/0075f27ac39799b376a3e23bf05a650eb10c8a0f9ef49be1ab61e98fd3b93dc3/merged","UpperDir":"/var/lib/docker/overlay2/0075f27ac39799b376a3e23bf05a650eb10c8a0f9ef49be1ab61e98fd3b93dc3/diff","WorkDir":"/var/lib/docker/overlay2/0075f27ac39799b376a3e23bf05a650eb10c8a0f9ef49be1ab61e98fd3b93dc3/work"},"Name":"overlay2"},"Mounts":[{"Type":"volume","Name":"ffd30c8cc7ed7bf91bc1ebef46b0f06493ce1d3121e28c37d40240bd74b844a5","Source":"/var/lib/docker/volumes/ffd30c8cc7ed7bf91bc1ebef46b0f06493ce1d3121e28c37d40240bd74b844a5/_data","Destination":"/var/lib/mysql","Driver":"local","Mode":"","RW":true,"Propagation":""}],"Config":{"Hostname":"cccfb0602d7e","Domainname":"","User":"","AttachStdin":false,"AttachStdout":false,"AttachStderr":false,"ExposedPorts":{"3306/tcp":{}},"Tty":false,"OpenStdin":false,"StdinOnce":false,"Env":["MYSQL_DATABASE=test","MYSQL_PASSWORD=test","MYSQL_USER=test","MYSQL_ROOT_PASSWORD=test","PATH=/usr/local/sbin:/usr/local/bin:/usr/sbin:/usr/bin:/sbin:/bin","GOSU_VERSION=1.7","MYSQL_MAJOR=8.0","MYSQL_VERSION=8.0.0-dmr-1debian8"],"Cmd":["mysqld"],"Image":"mysql:8.0.0","Volumes":{"/var/lib/mysql":{}},"WorkingDir":"","Entrypoint":["docker-entrypoint.sh"],"OnBuild":null,"Labels":{"org.testcontainers":"true","org.testcontainers.lang":"java","org.testcontainers.sessionId":"f1b696c1-ec3f-4f95-afa8-081853be7ccb","org.testcontainers.version":"1.18.0"}},"NetworkSettings":{"Bridge":"","SandboxID":"75a4ef0436803615aa77c8b97de3cbbdd49519261fe2b3b6cdcae9bd2b1154aa","HairpinMode":false,"LinkLocalIPv6Address":"","LinkLocalIPv6PrefixLen":0,"Ports":{"3306/tcp":[{"HostIp":"0.0.0.0","HostPort":"32781"},{"HostIp":"::","HostPort":"32781"}]},"SandboxKey":"/var/run/docker/netns/75a4ef043680","SecondaryIPAddresses":null,"SecondaryIPv6Addresses":null,"EndpointID":"de3a5c9cc9471fdbec5943d78a8803fca61208fe4021ac9d3922ee2e8ec0d135","Gateway":"172.17.0.1","GlobalIPv6Address":"","GlobalIPv6PrefixLen":0,"IPAddress":"172.17.0.3","IPPrefixLen":16,"IPv6Gateway":"","MacAddress":"02:42:ac:11:00:03","Networks":{"bridge":{"IPAMConfig":null,"Links":null,"Aliases":null,"NetworkID":"e1a078e12eb8d77b497ed932f7fb43787eeb6ff6972febd7d03c9282b8b5cd45","EndpointID":"de3a5c9cc9471fdbec5943d78a8803fca61208fe4021ac9d3922ee2e8ec0d135","Gateway":"172.17.0.1","IPAddress":"172.17.0.3","IPPrefixLen":16,"IPv6Gateway":"","GlobalIPv6Address":"","GlobalIPv6PrefixLen":0,"MacAddress":"02:42:ac:11:00:03","DriverOpts":null}}}}[\n]"
&amp#27;[0;39m2023-05-08 13:18:58,075 [main] &amp#27;[39mDEBUG&amp#27;[0;39m &amp#27;[36mc.g.d.z.s.o.a.hc.client5.http.wire&amp#27;[0;39m - &amp#27;[32mhttp-outgoing-1 << "[\r][\n]"
&amp#27;[0;39m2023-05-08 13:18:58,075 [main] &amp#27;[39mDEBUG&amp#27;[0;39m &amp#27;[36mc.g.d.z.s.o.a.hc.client5.http.wire&amp#27;[0;39m - &amp#27;[32mhttp-outgoing-1 << "0[\r][\n]"
&amp#27;[0;39m2023-05-08 13:18:58,075 [main] &amp#27;[39mDEBUG&amp#27;[0;39m &amp#27;[36mc.g.d.z.s.o.a.hc.client5.http.wire&amp#27;[0;39m - &amp#27;[32mhttp-outgoing-1 << "[\r][\n]"
&amp#27;[0;39m2023-05-08 13:18:58,075 [main] &amp#27;[39mDEBUG&amp#27;[0;39m &amp#27;[36mc.g.d.z.s.o.a.h.client5.http.headers&amp#27;[0;39m - &amp#27;[32mhttp-outgoing-1 << HTTP/1.1 200 OK
&amp#27;[0;39m2023-05-08 13:18:58,075 [main] &amp#27;[39mDEBUG&amp#27;[0;39m &amp#27;[36mc.g.d.z.s.o.a.h.client5.http.headers&amp#27;[0;39m - &amp#27;[32mhttp-outgoing-1 << Api-Version: 1.42
&amp#27;[0;39m2023-05-08 13:18:58,075 [main] &amp#27;[39mDEBUG&amp#27;[0;39m &amp#27;[36mc.g.d.z.s.o.a.h.client5.http.headers&amp#27;[0;39m - &amp#27;[32mhttp-outgoing-1 << Content-Type: application/json
&amp#27;[0;39m2023-05-08 13:18:58,075 [main] &amp#27;[39mDEBUG&amp#27;[0;39m &amp#27;[36mc.g.d.z.s.o.a.h.client5.http.headers&amp#27;[0;39m - &amp#27;[32mhttp-outgoing-1 << Docker-Experimental: false
&amp#27;[0;39m2023-05-08 13:18:58,075 [main] &amp#27;[39mDEBUG&amp#27;[0;39m &amp#27;[36mc.g.d.z.s.o.a.h.client5.http.headers&amp#27;[0;39m - &amp#27;[32mhttp-outgoing-1 << Ostype: linux
&amp#27;[0;39m2023-05-08 13:18:58,075 [main] &amp#27;[39mDEBUG&amp#27;[0;39m &amp#27;[36mc.g.d.z.s.o.a.h.client5.http.headers&amp#27;[0;39m - &amp#27;[32mhttp-outgoing-1 << Server: Docker/23.0.5 (linux)
&amp#27;[0;39m2023-05-08 13:18:58,075 [main] &amp#27;[39mDEBUG&amp#27;[0;39m &amp#27;[36mc.g.d.z.s.o.a.h.client5.http.headers&amp#27;[0;39m - &amp#27;[32mhttp-outgoing-1 << Date: Mon, 08 May 2023 11:18:58 GMT
&amp#27;[0;39m2023-05-08 13:18:58,075 [main] &amp#27;[39mDEBUG&amp#27;[0;39m &amp#27;[36mc.g.d.z.s.o.a.h.client5.http.headers&amp#27;[0;39m - &amp#27;[32mhttp-outgoing-1 << Transfer-Encoding: chunked
&amp#27;[0;39m2023-05-08 13:18:58,075 [main] &amp#27;[39mDEBUG&amp#27;[0;39m &amp#27;[36mc.g.d.z.s.o.a.h.c.h.i.c.MainClientExec&amp#27;[0;39m - &amp#27;[32mex-00000032: connection can be kept alive for 3 MINUTES
&amp#27;[0;39m2023-05-08 13:18:58,076 [main] &amp#27;[39mDEBUG&amp#27;[0;39m &amp#27;[36mc.g.d.z.s.o.a.h.c.h.i.c.InternalHttpClient&amp#27;[0;39m - &amp#27;[32mep-00000031: releasing valid endpoint
&amp#27;[0;39m2023-05-08 13:18:58,076 [main] &amp#27;[39mDEBUG&amp#27;[0;39m &amp#27;[36mc.g.d.z.s.o.a.h.c.h.i.i.PoolingHttpClientConnectionManager&amp#27;[0;39m - &amp#27;[32mep-00000031: releasing endpoint
&amp#27;[0;39m2023-05-08 13:18:58,076 [main] &amp#27;[39mDEBUG&amp#27;[0;39m &amp#27;[36mc.g.d.z.s.o.a.h.c.h.i.i.PoolingHttpClientConnectionManager&amp#27;[0;39m - &amp#27;[32mep-00000031: connection http-outgoing-1 can be kept alive for 3 MINUTES
&amp#27;[0;39m2023-05-08 13:18:58,076 [main] &amp#27;[39mDEBUG&amp#27;[0;39m &amp#27;[36mc.g.d.z.s.o.a.h.c.h.i.i.PoolingHttpClientConnectionManager&amp#27;[0;39m - &amp#27;[32mep-00000031: connection released [route: {}->unix://localhost:2375][total available: 1; route allocated: 1 of 2147483647; total allocated: 1 of 2147483647]
&amp#27;[0;39m2023-05-08 13:18:58,076 [main] &amp#27;[39mDEBUG&amp#27;[0;39m &amp#27;[36mtc.mysql:8.0.0&amp#27;[0;39m - &amp#27;[32mTrying to create JDBC connection using com.mysql.cj.jdbc.Driver to jdbc:mysql://localhost:32781/test?useSSL=false&allowPublicKeyRetrieval=true with properties: {password=test, user=test}
&amp#27;[0;39m2023-05-08 13:18:58,177 [main] &amp#27;[39mDEBUG&amp#27;[0;39m &amp#27;[36mo.t.s.c.g.d.c.command.AbstrDockerCmd&amp#27;[0;39m - &amp#27;[32mCmd: cccfb0602d7e775562ae171a9fe0a7ec811b6906268008a84fea93151d2a7305,false
&amp#27;[0;39m2023-05-08 13:18:58,177 [main] &amp#27;[39mDEBUG&amp#27;[0;39m &amp#27;[36mo.t.s.c.g.d.c.e.InspectContainerCmdExec&amp#27;[0;39m - &amp#27;[32mGET: DefaultWebTarget{path=[/containers/cccfb0602d7e775562ae171a9fe0a7ec811b6906268008a84fea93151d2a7305/json], queryParams={}}
&amp#27;[0;39m2023-05-08 13:18:58,178 [main] &amp#27;[39mDEBUG&amp#27;[0;39m &amp#27;[36mc.g.d.z.s.o.a.h.c.h.i.c.InternalHttpClient&amp#27;[0;39m - &amp#27;[32mex-00000033: preparing request execution
&amp#27;[0;39m2023-05-08 13:18:58,178 [main] &amp#27;[39mDEBUG&amp#27;[0;39m &amp#27;[36mc.g.d.z.s.o.a.h.c.h.p.RequestAddCookies&amp#27;[0;39m - &amp#27;[32mCookie spec selected: strict
&amp#27;[0;39m2023-05-08 13:18:58,178 [main] &amp#27;[39mDEBUG&amp#27;[0;39m &amp#27;[36mc.g.d.z.s.o.a.h.c.h.p.RequestAuthCache&amp#27;[0;39m - &amp#27;[32mAuth cache not set in the context
&amp#27;[0;39m2023-05-08 13:18:58,178 [main] &amp#27;[39mDEBUG&amp#27;[0;39m &amp#27;[36mc.g.d.z.s.o.a.h.c.h.i.c.ProtocolExec&amp#27;[0;39m - &amp#27;[32mex-00000033: target auth state: UNCHALLENGED
&amp#27;[0;39m2023-05-08 13:18:58,178 [main] &amp#27;[39mDEBUG&amp#27;[0;39m &amp#27;[36mc.g.d.z.s.o.a.h.c.h.i.c.ProtocolExec&amp#27;[0;39m - &amp#27;[32mex-00000033: proxy auth state: UNCHALLENGED
&amp#27;[0;39m2023-05-08 13:18:58,178 [main] &amp#27;[39mDEBUG&amp#27;[0;39m &amp#27;[36mc.g.d.z.s.o.a.h.c.h.i.c.ConnectExec&amp#27;[0;39m - &amp#27;[32mex-00000033: acquiring connection with route {}->unix://localhost:2375
&amp#27;[0;39m2023-05-08 13:18:58,178 [main] &amp#27;[39mDEBUG&amp#27;[0;39m &amp#27;[36mc.g.d.z.s.o.a.h.c.h.i.c.InternalHttpClient&amp#27;[0;39m - &amp#27;[32mex-00000033: acquiring endpoint (3 MINUTES)
&amp#27;[0;39m2023-05-08 13:18:58,178 [main] &amp#27;[39mDEBUG&amp#27;[0;39m &amp#27;[36mc.g.d.z.s.o.a.h.c.h.i.i.PoolingHttpClientConnectionManager&amp#27;[0;39m - &amp#27;[32mex-00000033: endpoint lease request (3 MINUTES) [route: {}->unix://localhost:2375][total available: 1; route allocated: 1 of 2147483647; total allocated: 1 of 2147483647]
&amp#27;[0;39m2023-05-08 13:18:58,178 [main] &amp#27;[39mDEBUG&amp#27;[0;39m &amp#27;[36mc.g.d.z.s.o.a.h.c.h.i.i.PoolingHttpClientConnectionManager&amp#27;[0;39m - &amp#27;[32mex-00000033: endpoint leased [route: {}->unix://localhost:2375][total available: 0; route allocated: 1 of 2147483647; total allocated: 1 of 2147483647]
&amp#27;[0;39m2023-05-08 13:18:58,178 [main] &amp#27;[39mDEBUG&amp#27;[0;39m &amp#27;[36mc.g.d.z.s.o.a.h.c.h.i.i.PoolingHttpClientConnectionManager&amp#27;[0;39m - &amp#27;[32mex-00000033: acquired ep-00000032
&amp#27;[0;39m2023-05-08 13:18:58,178 [main] &amp#27;[39mDEBUG&amp#27;[0;39m &amp#27;[36mc.g.d.z.s.o.a.h.c.h.i.c.InternalHttpClient&amp#27;[0;39m - &amp#27;[32mex-00000033: acquired endpoint ep-00000032
&amp#27;[0;39m2023-05-08 13:18:58,178 [main] &amp#27;[39mDEBUG&amp#27;[0;39m &amp#27;[36mc.g.d.z.s.o.a.h.c.h.i.c.MainClientExec&amp#27;[0;39m - &amp#27;[32mex-00000033: executing GET /v1.32/containers/cccfb0602d7e775562ae171a9fe0a7ec811b6906268008a84fea93151d2a7305/json HTTP/1.1
&amp#27;[0;39m2023-05-08 13:18:58,178 [main] &amp#27;[39mDEBUG&amp#27;[0;39m &amp#27;[36mc.g.d.z.s.o.a.h.c.h.i.c.InternalHttpClient&amp#27;[0;39m - &amp#27;[32mep-00000032: start execution ex-00000033
&amp#27;[0;39m2023-05-08 13:18:58,178 [main] &amp#27;[39mDEBUG&amp#27;[0;39m &amp#27;[36mc.g.d.z.s.o.a.h.c.h.i.i.PoolingHttpClientConnectionManager&amp#27;[0;39m - &amp#27;[32mep-00000032: executing exchange ex-00000033 over http-outgoing-1
&amp#27;[0;39m2023-05-08 13:18:58,178 [main] &amp#27;[39mDEBUG&amp#27;[0;39m &amp#27;[36mc.g.d.z.s.o.a.h.client5.http.headers&amp#27;[0;39m - &amp#27;[32mhttp-outgoing-1 >> GET /v1.32/containers/cccfb0602d7e775562ae171a9fe0a7ec811b6906268008a84fea93151d2a7305/json HTTP/1.1
&amp#27;[0;39m2023-05-08 13:18:58,178 [main] &amp#27;[39mDEBUG&amp#27;[0;39m &amp#27;[36mc.g.d.z.s.o.a.h.client5.http.headers&amp#27;[0;39m - &amp#27;[32mhttp-outgoing-1 >> accept: application/json
&amp#27;[0;39m2023-05-08 13:18:58,178 [main] &amp#27;[39mDEBUG&amp#27;[0;39m &amp#27;[36mc.g.d.z.s.o.a.h.client5.http.headers&amp#27;[0;39m - &amp#27;[32mhttp-outgoing-1 >> x-tc-sid: f1b696c1-ec3f-4f95-afa8-081853be7ccb
&amp#27;[0;39m2023-05-08 13:18:58,178 [main] &amp#27;[39mDEBUG&amp#27;[0;39m &amp#27;[36mc.g.d.z.s.o.a.h.client5.http.headers&amp#27;[0;39m - &amp#27;[32mhttp-outgoing-1 >> Accept-Encoding: gzip, x-gzip, deflate
&amp#27;[0;39m2023-05-08 13:18:58,178 [main] &amp#27;[39mDEBUG&amp#27;[0;39m &amp#27;[36mc.g.d.z.s.o.a.h.client5.http.headers&amp#27;[0;39m - &amp#27;[32mhttp-outgoing-1 >> Host: localhost:2375
&amp#27;[0;39m2023-05-08 13:18:58,178 [main] &amp#27;[39mDEBUG&amp#27;[0;39m &amp#27;[36mc.g.d.z.s.o.a.h.client5.http.headers&amp#27;[0;39m - &amp#27;[32mhttp-outgoing-1 >> Connection: keep-alive
&amp#27;[0;39m2023-05-08 13:18:58,178 [main] &amp#27;[39mDEBUG&amp#27;[0;39m &amp#27;[36mc.g.d.z.s.o.a.h.client5.http.headers&amp#27;[0;39m - &amp#27;[32mhttp-outgoing-1 >> User-Agent: Apache-HttpClient/5.0.3 (Java/17.0.6)
&amp#27;[0;39m2023-05-08 13:18:58,178 [main] &amp#27;[39mDEBUG&amp#27;[0;39m &amp#27;[36mc.g.d.z.s.o.a.hc.client5.http.wire&amp#27;[0;39m - &amp#27;[32mhttp-outgoing-1 >> "GET /v1.32/containers/cccfb0602d7e775562ae171a9fe0a7ec811b6906268008a84fea93151d2a7305/json HTTP/1.1[\r][\n]"
&amp#27;[0;39m2023-05-08 13:18:58,178 [main] &amp#27;[39mDEBUG&amp#27;[0;39m &amp#27;[36mc.g.d.z.s.o.a.hc.client5.http.wire&amp#27;[0;39m - &amp#27;[32mhttp-outgoing-1 >> "accept: application/json[\r][\n]"
&amp#27;[0;39m2023-05-08 13:18:58,178 [main] &amp#27;[39mDEBUG&amp#27;[0;39m &amp#27;[36mc.g.d.z.s.o.a.hc.client5.http.wire&amp#27;[0;39m - &amp#27;[32mhttp-outgoing-1 >> "x-tc-sid: f1b696c1-ec3f-4f95-afa8-081853be7ccb[\r][\n]"
&amp#27;[0;39m2023-05-08 13:18:58,178 [main] &amp#27;[39mDEBUG&amp#27;[0;39m &amp#27;[36mc.g.d.z.s.o.a.hc.client5.http.wire&amp#27;[0;39m - &amp#27;[32mhttp-outgoing-1 >> "Accept-Encoding: gzip, x-gzip, deflate[\r][\n]"
&amp#27;[0;39m2023-05-08 13:18:58,178 [main] &amp#27;[39mDEBUG&amp#27;[0;39m &amp#27;[36mc.g.d.z.s.o.a.hc.client5.http.wire&amp#27;[0;39m - &amp#27;[32mhttp-outgoing-1 >> "Host: localhost:2375[\r][\n]"
&amp#27;[0;39m2023-05-08 13:18:58,178 [main] &amp#27;[39mDEBUG&amp#27;[0;39m &amp#27;[36mc.g.d.z.s.o.a.hc.client5.http.wire&amp#27;[0;39m - &amp#27;[32mhttp-outgoing-1 >> "Connection: keep-alive[\r][\n]"
&amp#27;[0;39m2023-05-08 13:18:58,178 [main] &amp#27;[39mDEBUG&amp#27;[0;39m &amp#27;[36mc.g.d.z.s.o.a.hc.client5.http.wire&amp#27;[0;39m - &amp#27;[32mhttp-outgoing-1 >> "User-Agent: Apache-HttpClient/5.0.3 (Java/17.0.6)[\r][\n]"
&amp#27;[0;39m2023-05-08 13:18:58,178 [main] &amp#27;[39mDEBUG&amp#27;[0;39m &amp#27;[36mc.g.d.z.s.o.a.hc.client5.http.wire&amp#27;[0;39m - &amp#27;[32mhttp-outgoing-1 >> "[\r][\n]"
&amp#27;[0;39m2023-05-08 13:18:58,179 [main] &amp#27;[39mDEBUG&amp#27;[0;39m &amp#27;[36mc.g.d.z.s.o.a.hc.client5.http.wire&amp#27;[0;39m - &amp#27;[32mhttp-outgoing-1 << "HTTP/1.1 200 OK[\r][\n]"
&amp#27;[0;39m2023-05-08 13:18:58,179 [main] &amp#27;[39mDEBUG&amp#27;[0;39m &amp#27;[36mc.g.d.z.s.o.a.hc.client5.http.wire&amp#27;[0;39m - &amp#27;[32mhttp-outgoing-1 << "Api-Version: 1.42[\r][\n]"
&amp#27;[0;39m2023-05-08 13:18:58,179 [main] &amp#27;[39mDEBUG&amp#27;[0;39m &amp#27;[36mc.g.d.z.s.o.a.hc.client5.http.wire&amp#27;[0;39m - &amp#27;[32mhttp-outgoing-1 << "Content-Type: application/json[\r][\n]"
&amp#27;[0;39m2023-05-08 13:18:58,179 [main] &amp#27;[39mDEBUG&amp#27;[0;39m &amp#27;[36mc.g.d.z.s.o.a.hc.client5.http.wire&amp#27;[0;39m - &amp#27;[32mhttp-outgoing-1 << "Docker-Experimental: false[\r][\n]"
&amp#27;[0;39m2023-05-08 13:18:58,179 [main] &amp#27;[39mDEBUG&amp#27;[0;39m &amp#27;[36mc.g.d.z.s.o.a.hc.client5.http.wire&amp#27;[0;39m - &amp#27;[32mhttp-outgoing-1 << "Ostype: linux[\r][\n]"
&amp#27;[0;39m2023-05-08 13:18:58,179 [main] &amp#27;[39mDEBUG&amp#27;[0;39m &amp#27;[36mc.g.d.z.s.o.a.hc.client5.http.wire&amp#27;[0;39m - &amp#27;[32mhttp-outgoing-1 << "Server: Docker/23.0.5 (linux)[\r][\n]"
&amp#27;[0;39m2023-05-08 13:18:58,179 [main] &amp#27;[39mDEBUG&amp#27;[0;39m &amp#27;[36mc.g.d.z.s.o.a.hc.client5.http.wire&amp#27;[0;39m - &amp#27;[32mhttp-outgoing-1 << "Date: Mon, 08 May 2023 11:18:58 GMT[\r][\n]"
&amp#27;[0;39m2023-05-08 13:18:58,179 [main] &amp#27;[39mDEBUG&amp#27;[0;39m &amp#27;[36mc.g.d.z.s.o.a.hc.client5.http.wire&amp#27;[0;39m - &amp#27;[32mhttp-outgoing-1 << "Transfer-Encoding: chunked[\r][\n]"
&amp#27;[0;39m2023-05-08 13:18:58,179 [main] &amp#27;[39mDEBUG&amp#27;[0;39m &amp#27;[36mc.g.d.z.s.o.a.hc.client5.http.wire&amp#27;[0;39m - &amp#27;[32mhttp-outgoing-1 << "[\r][\n]"
&amp#27;[0;39m2023-05-08 13:18:58,179 [main] &amp#27;[39mDEBUG&amp#27;[0;39m &amp#27;[36mc.g.d.z.s.o.a.hc.client5.http.wire&amp#27;[0;39m - &amp#27;[32mhttp-outgoing-1 << "1890[\r][\n]"
&amp#27;[0;39m2023-05-08 13:18:58,179 [main] &amp#27;[39mDEBUG&amp#27;[0;39m &amp#27;[36mc.g.d.z.s.o.a.hc.client5.http.wire&amp#27;[0;39m - &amp#27;[32mhttp-outgoing-1 << "{"Id":"cccfb0602d7e775562ae171a9fe0a7ec811b6906268008a84fea93151d2a7305","Created":"2023-05-08T11:18:54.120535425Z","Path":"docker-entrypoint.sh","Args":["mysqld"],"State":{"Status":"running","Running":true,"Paused":false,"Restarting":false,"OOMKilled":false,"Dead":false,"Pid":59126,"ExitCode":0,"Error":"","StartedAt":"2023-05-08T11:18:54.468577716Z","FinishedAt":"0001-01-01T00:00:00Z"},"Image":"sha256:228d71078f8ce5ae9fd96b183f88c3a90e30544b4b7ce9d64a238d05fef2a681","ResolvConfPath":"/var/lib/docker/containers/cccfb0602d7e775562ae171a9fe0a7ec811b6906268008a84fea93151d2a7305/resolv.conf","HostnamePath":"/var/lib/docker/containers/cccfb0602d7e775562ae171a9fe0a7ec811b6906268008a84fea93151d2a7305/hostname","HostsPath":"/var/lib/docker/containers/cccfb0602d7e775562ae171a9fe0a7ec811b6906268008a84fea93151d2a7305/hosts","LogPath":"/var/lib/docker/containers/cccfb0602d7e775562ae171a9fe0a7ec811b6906268008a84fea93151d2a7305/cccfb0602d7e775562ae171a9fe0a7ec811b6906268008a84fea93151d2a7305-json.log","Name":"/charming_goodall","RestartCount":0,"Driver":"overlay2","Platform":"linux","MountLabel":"","ProcessLabel":"","AppArmorProfile":"docker-default","ExecIDs":null,"HostConfig":{"Binds":[],"ContainerIDFile":"","LogConfig":{"Type":"json-file","Config":{}},"NetworkMode":"default","PortBindings":{"3306/tcp":[{"HostIp":"","HostPort":""}]},"RestartPolicy":{"Name":"","MaximumRetryCount":0},"AutoRemove":false,"VolumeDriver":"","VolumesFrom":[],"ConsoleSize":[0,0],"CapAdd":null,"CapDrop":null,"CgroupnsMode":"private","Dns":null,"DnsOptions":null,"DnsSearch":null,"ExtraHosts":[],"GroupAdd":null,"IpcMode":"shareable","Cgroup":"","Links":null,"OomScoreAdj":0,"PidMode":"","Privileged":false,"PublishAllPorts":false,"ReadonlyRootfs":false,"SecurityOpt":null,"UTSMode":"","UsernsMode":"","ShmSize":67108864,"Runtime":"runc","Isolation":"","CpuShares":0,"Memory":0,"NanoCpus":0,"CgroupParent":"","BlkioWeight":0,"BlkioWeightDevice":null,"BlkioDeviceReadBps":null,"BlkioDeviceWriteBps":null,"BlkioDeviceReadIOps":null,"BlkioDeviceWriteIOps":null,"CpuPeriod":0,"CpuQuota":0,"CpuRealtimePeriod":0,"CpuRealtimeRuntime":0,"CpusetCpus":"","CpusetMems":"","Devices":null,"DeviceCgroupRules":null,"DeviceRequests":null,"MemoryReservation":0,"MemorySwap":0,"MemorySwappiness":null,"OomKillDisable":null,"PidsLimit":null,"Ulimits":null,"CpuCount":0,"CpuPercent":0,"IOMaximumIOps":0,"IOMaximumBandwidth":0,"MaskedPaths":["/proc/asound","/proc/acpi","/proc/kcore","/proc/keys","/proc/latency_stats","/proc/timer_list","/proc/timer_stats","/proc/sched_debug","/proc/scsi","/sys/firmware"],"ReadonlyPaths":["/proc/bus","/proc/fs","/proc/irq","/proc/sys","/proc/sysrq-trigger"]},"GraphDriver":{"Data":{"LowerDir":"/var/lib/docker/overlay2/0075f27ac39799b376a3e23bf05a650eb10c8a0f9ef49be1ab61e98fd3b93dc3-init/diff:/var/lib/docker/overlay2/4c6e20f032f02b27a9272f982861dc21998197aa90d94ed3bef95d449380247c/diff:/var/lib/docker/overlay2/0c75f828f603eff839bb3ca448163ab2a8017e86625ac255cd3dbf1673ddac26/diff:/var/lib/docker/overlay2/da128d897fda75829109844ce6cd9d73d0f54c682e735100af000ce899908729/diff:/var/lib/docker/overlay2/b678a1f261bf323afba6d76d91ab7428bdd6e1ef4a39b5224e4a1afd08c0423a/diff:/var/lib/docker/overlay2/1bec43b14875c5f9f814f146e8e31aa78566689c2c163da2ac60a32254988437/diff:/var/lib/docker/overlay2/28f4b1e6e1a7a2dbe30f1f94fb42bccd85a61faf8af1fe30a5bb0d442c525e41/diff:/var/lib/docker/overlay2/0f493124464c291d7c97d2633d5dff04b1dce5de904cb40a34dfbe7fe72e3fd4/diff:/var/lib/docker/overlay2/05befbee9e38cd670e1786b3310e99796dcc06abbed970007b4109a5424843fa/diff:/var/lib/docker/overlay2/582bcca9acfc4eef25109e1e1b9c9d104f355798455bc73e855c99283887a6e8/diff:/var/lib/docker/overlay2/153b3bf0b69e97e8f0e5533414a31ca33fa530e63d174c9617621abe46e7e9d1/diff:/var/lib/docker/overlay2/bf87a76c0a38875ee6e915fd0d2527eafa880ec6bf2c1cb294959428c18d10bd/diff","MergedDir":"/var/lib/docker/overlay2/0075f27ac39799b376a3e23bf05a650eb10c8a0f9ef49be1ab61e98fd3b93dc3/merged","UpperDir":"/var/lib/docker/overlay2/0075f27ac39799b376a3e23bf05a650eb10c8a0f9ef49be1ab61e98fd3b93dc3/diff","WorkDir":"/var/lib/docker/overlay2/0075f27ac39799b376a3e23bf05a650eb10c8a0f9ef49be1ab61e98fd3b93dc3/work"},"Name":"overlay2"},"Mounts":[{"Type":"volume","Name":"ffd30c8cc7ed7bf91bc1ebef46b0f06493ce1d3121e28c37d40240bd74b844a5","Source":"/var/lib/docker/volumes/ffd30c8cc7ed7bf91bc1ebef46b0f06493ce1d3121e28c37d40240bd74b844a5/_data","Destination":"/var/lib/mysql","Driver":"local","Mode":"","RW":true,"Propagation":""}],"Config":{"Hostname":"cccfb0602d7e","Domainname":"","User":"","AttachStdin":false,"AttachStdout":false,"AttachStderr":false,"ExposedPorts":{"3306/tcp":{}},"Tty":false,"OpenStdin":false,"StdinOnce":false,"Env":["MYSQL_DATABASE=test","MYSQL_PASSWORD=test","MYSQL_USER=test","MYSQL_ROOT_PASSWORD=test","PATH=/usr/local/sbin:/usr/local/bin:/usr/sbin:/usr/bin:/sbin:/bin","GOSU_VERSION=1.7","MYSQL_MAJOR=8.0","MYSQL_VERSION=8.0.0-dmr-1debian8"],"Cmd":["mysqld"],"Image":"mysql:8.0.0","Volumes":{"/var/lib/mysql":{}},"WorkingDir":"","Entrypoint":["docker-entrypoint.sh"],"OnBuild":null,"Labels":{"org.testcontainers":"true","org.testcontainers.lang":"java","org.testcontainers.sessionId":"f1b696c1-ec3f-4f95-afa8-081853be7ccb","org.testcontainers.version":"1.18.0"}},"NetworkSettings":{"Bridge":"","SandboxID":"75a4ef0436803615aa77c8b97de3cbbdd49519261fe2b3b6cdcae9bd2b1154aa","HairpinMode":false,"LinkLocalIPv6Address":"","LinkLocalIPv6PrefixLen":0,"Ports":{"3306/tcp":[{"HostIp":"0.0.0.0","HostPort":"32781"},{"HostIp":"::","HostPort":"32781"}]},"SandboxKey":"/var/run/docker/netns/75a4ef043680","SecondaryIPAddresses":null,"SecondaryIPv6Addresses":null,"EndpointID":"de3a5c9cc9471fdbec5943d78a8803fca61208fe4021ac9d3922ee2e8ec0d135","Gateway":"172.17.0.1","GlobalIPv6Address":"","GlobalIPv6PrefixLen":0,"IPAddress":"172.17.0.3","IPPrefixLen":16,"IPv6Gateway":"","MacAddress":"02:42:ac:11:00:03","Networks":{"bridge":{"IPAMConfig":null,"Links":null,"Aliases":null,"NetworkID":"e1a078e12eb8d77b497ed932f7fb43787eeb6ff6972febd7d03c9282b8b5cd45","EndpointID":"de3a5c9cc9471fdbec5943d78a8803fca61208fe4021ac9d3922ee2e8ec0d135","Gateway":"172.17.0.1","IPAddress":"172.17.0.3","IPPrefixLen":16,"IPv6Gateway":"","GlobalIPv6Address":"","GlobalIPv6PrefixLen":0,"MacAddress":"02:42:ac:11:00:03","DriverOpts":null}}}}[\n]"
&amp#27;[0;39m2023-05-08 13:18:58,179 [main] &amp#27;[39mDEBUG&amp#27;[0;39m &amp#27;[36mc.g.d.z.s.o.a.hc.client5.http.wire&amp#27;[0;39m - &amp#27;[32mhttp-outgoing-1 << "[\r][\n]"
&amp#27;[0;39m2023-05-08 13:18:58,179 [main] &amp#27;[39mDEBUG&amp#27;[0;39m &amp#27;[36mc.g.d.z.s.o.a.hc.client5.http.wire&amp#27;[0;39m - &amp#27;[32mhttp-outgoing-1 << "0[\r][\n]"
&amp#27;[0;39m2023-05-08 13:18:58,179 [main] &amp#27;[39mDEBUG&amp#27;[0;39m &amp#27;[36mc.g.d.z.s.o.a.hc.client5.http.wire&amp#27;[0;39m - &amp#27;[32mhttp-outgoing-1 << "[\r][\n]"
&amp#27;[0;39m2023-05-08 13:18:58,179 [main] &amp#27;[39mDEBUG&amp#27;[0;39m &amp#27;[36mc.g.d.z.s.o.a.h.client5.http.headers&amp#27;[0;39m - &amp#27;[32mhttp-outgoing-1 << HTTP/1.1 200 OK
&amp#27;[0;39m2023-05-08 13:18:58,179 [main] &amp#27;[39mDEBUG&amp#27;[0;39m &amp#27;[36mc.g.d.z.s.o.a.h.client5.http.headers&amp#27;[0;39m - &amp#27;[32mhttp-outgoing-1 << Api-Version: 1.42
&amp#27;[0;39m2023-05-08 13:18:58,179 [main] &amp#27;[39mDEBUG&amp#27;[0;39m &amp#27;[36mc.g.d.z.s.o.a.h.client5.http.headers&amp#27;[0;39m - &amp#27;[32mhttp-outgoing-1 << Content-Type: application/json
&amp#27;[0;39m2023-05-08 13:18:58,179 [main] &amp#27;[39mDEBUG&amp#27;[0;39m &amp#27;[36mc.g.d.z.s.o.a.h.client5.http.headers&amp#27;[0;39m - &amp#27;[32mhttp-outgoing-1 << Docker-Experimental: false
&amp#27;[0;39m2023-05-08 13:18:58,179 [main] &amp#27;[39mDEBUG&amp#27;[0;39m &amp#27;[36mc.g.d.z.s.o.a.h.client5.http.headers&amp#27;[0;39m - &amp#27;[32mhttp-outgoing-1 << Ostype: linux
&amp#27;[0;39m2023-05-08 13:18:58,179 [main] &amp#27;[39mDEBUG&amp#27;[0;39m &amp#27;[36mc.g.d.z.s.o.a.h.client5.http.headers&amp#27;[0;39m - &amp#27;[32mhttp-outgoing-1 << Server: Docker/23.0.5 (linux)
&amp#27;[0;39m2023-05-08 13:18:58,179 [main] &amp#27;[39mDEBUG&amp#27;[0;39m &amp#27;[36mc.g.d.z.s.o.a.h.client5.http.headers&amp#27;[0;39m - &amp#27;[32mhttp-outgoing-1 << Date: Mon, 08 May 2023 11:18:58 GMT
&amp#27;[0;39m2023-05-08 13:18:58,179 [main] &amp#27;[39mDEBUG&amp#27;[0;39m &amp#27;[36mc.g.d.z.s.o.a.h.client5.http.headers&amp#27;[0;39m - &amp#27;[32mhttp-outgoing-1 << Transfer-Encoding: chunked
&amp#27;[0;39m2023-05-08 13:18:58,179 [main] &amp#27;[39mDEBUG&amp#27;[0;39m &amp#27;[36mc.g.d.z.s.o.a.h.c.h.i.c.MainClientExec&amp#27;[0;39m - &amp#27;[32mex-00000033: connection can be kept alive for 3 MINUTES
&amp#27;[0;39m2023-05-08 13:18:58,179 [main] &amp#27;[39mDEBUG&amp#27;[0;39m &amp#27;[36mc.g.d.z.s.o.a.h.c.h.i.c.InternalHttpClient&amp#27;[0;39m - &amp#27;[32mep-00000032: releasing valid endpoint
&amp#27;[0;39m2023-05-08 13:18:58,179 [main] &amp#27;[39mDEBUG&amp#27;[0;39m &amp#27;[36mc.g.d.z.s.o.a.h.c.h.i.i.PoolingHttpClientConnectionManager&amp#27;[0;39m - &amp#27;[32mep-00000032: releasing endpoint
&amp#27;[0;39m2023-05-08 13:18:58,179 [main] &amp#27;[39mDEBUG&amp#27;[0;39m &amp#27;[36mc.g.d.z.s.o.a.h.c.h.i.i.PoolingHttpClientConnectionManager&amp#27;[0;39m - &amp#27;[32mep-00000032: connection http-outgoing-1 can be kept alive for 3 MINUTES
&amp#27;[0;39m2023-05-08 13:18:58,179 [main] &amp#27;[39mDEBUG&amp#27;[0;39m &amp#27;[36mc.g.d.z.s.o.a.h.c.h.i.i.PoolingHttpClientConnectionManager&amp#27;[0;39m - &amp#27;[32mep-00000032: connection released [route: {}->unix://localhost:2375][total available: 1; route allocated: 1 of 2147483647; total allocated: 1 of 2147483647]
&amp#27;[0;39m2023-05-08 13:18:58,179 [main] &amp#27;[39mDEBUG&amp#27;[0;39m &amp#27;[36mtc.mysql:8.0.0&amp#27;[0;39m - &amp#27;[32mTrying to create JDBC connection using com.mysql.cj.jdbc.Driver to jdbc:mysql://localhost:32781/test?useSSL=false&allowPublicKeyRetrieval=true with properties: {password=test, user=test}
&amp#27;[0;39m2023-05-08 13:18:58,281 [main] &amp#27;[39mDEBUG&amp#27;[0;39m &amp#27;[36mo.t.s.c.g.d.c.command.AbstrDockerCmd&amp#27;[0;39m - &amp#27;[32mCmd: cccfb0602d7e775562ae171a9fe0a7ec811b6906268008a84fea93151d2a7305,false
&amp#27;[0;39m2023-05-08 13:18:58,281 [main] &amp#27;[39mDEBUG&amp#27;[0;39m &amp#27;[36mo.t.s.c.g.d.c.e.InspectContainerCmdExec&amp#27;[0;39m - &amp#27;[32mGET: DefaultWebTarget{path=[/containers/cccfb0602d7e775562ae171a9fe0a7ec811b6906268008a84fea93151d2a7305/json], queryParams={}}
&amp#27;[0;39m2023-05-08 13:18:58,281 [main] &amp#27;[39mDEBUG&amp#27;[0;39m &amp#27;[36mc.g.d.z.s.o.a.h.c.h.i.c.InternalHttpClient&amp#27;[0;39m - &amp#27;[32mex-00000034: preparing request execution
&amp#27;[0;39m2023-05-08 13:18:58,281 [main] &amp#27;[39mDEBUG&amp#27;[0;39m &amp#27;[36mc.g.d.z.s.o.a.h.c.h.p.RequestAddCookies&amp#27;[0;39m - &amp#27;[32mCookie spec selected: strict
&amp#27;[0;39m2023-05-08 13:18:58,281 [main] &amp#27;[39mDEBUG&amp#27;[0;39m &amp#27;[36mc.g.d.z.s.o.a.h.c.h.p.RequestAuthCache&amp#27;[0;39m - &amp#27;[32mAuth cache not set in the context
&amp#27;[0;39m2023-05-08 13:18:58,281 [main] &amp#27;[39mDEBUG&amp#27;[0;39m &amp#27;[36mc.g.d.z.s.o.a.h.c.h.i.c.ProtocolExec&amp#27;[0;39m - &amp#27;[32mex-00000034: target auth state: UNCHALLENGED
&amp#27;[0;39m2023-05-08 13:18:58,281 [main] &amp#27;[39mDEBUG&amp#27;[0;39m &amp#27;[36mc.g.d.z.s.o.a.h.c.h.i.c.ProtocolExec&amp#27;[0;39m - &amp#27;[32mex-00000034: proxy auth state: UNCHALLENGED
&amp#27;[0;39m2023-05-08 13:18:58,281 [main] &amp#27;[39mDEBUG&amp#27;[0;39m &amp#27;[36mc.g.d.z.s.o.a.h.c.h.i.c.ConnectExec&amp#27;[0;39m - &amp#27;[32mex-00000034: acquiring connection with route {}->unix://localhost:2375
&amp#27;[0;39m2023-05-08 13:18:58,281 [main] &amp#27;[39mDEBUG&amp#27;[0;39m &amp#27;[36mc.g.d.z.s.o.a.h.c.h.i.c.InternalHttpClient&amp#27;[0;39m - &amp#27;[32mex-00000034: acquiring endpoint (3 MINUTES)
&amp#27;[0;39m2023-05-08 13:18:58,281 [main] &amp#27;[39mDEBUG&amp#27;[0;39m &amp#27;[36mc.g.d.z.s.o.a.h.c.h.i.i.PoolingHttpClientConnectionManager&amp#27;[0;39m - &amp#27;[32mex-00000034: endpoint lease request (3 MINUTES) [route: {}->unix://localhost:2375][total available: 1; route allocated: 1 of 2147483647; total allocated: 1 of 2147483647]
&amp#27;[0;39m2023-05-08 13:18:58,281 [main] &amp#27;[39mDEBUG&amp#27;[0;39m &amp#27;[36mc.g.d.z.s.o.a.h.c.h.i.i.PoolingHttpClientConnectionManager&amp#27;[0;39m - &amp#27;[32mex-00000034: endpoint leased [route: {}->unix://localhost:2375][total available: 0; route allocated: 1 of 2147483647; total allocated: 1 of 2147483647]
&amp#27;[0;39m2023-05-08 13:18:58,281 [main] &amp#27;[39mDEBUG&amp#27;[0;39m &amp#27;[36mc.g.d.z.s.o.a.h.c.h.i.i.PoolingHttpClientConnectionManager&amp#27;[0;39m - &amp#27;[32mex-00000034: acquired ep-00000033
&amp#27;[0;39m2023-05-08 13:18:58,281 [main] &amp#27;[39mDEBUG&amp#27;[0;39m &amp#27;[36mc.g.d.z.s.o.a.h.c.h.i.c.InternalHttpClient&amp#27;[0;39m - &amp#27;[32mex-00000034: acquired endpoint ep-00000033
&amp#27;[0;39m2023-05-08 13:18:58,281 [main] &amp#27;[39mDEBUG&amp#27;[0;39m &amp#27;[36mc.g.d.z.s.o.a.h.c.h.i.c.MainClientExec&amp#27;[0;39m - &amp#27;[32mex-00000034: executing GET /v1.32/containers/cccfb0602d7e775562ae171a9fe0a7ec811b6906268008a84fea93151d2a7305/json HTTP/1.1
&amp#27;[0;39m2023-05-08 13:18:58,281 [main] &amp#27;[39mDEBUG&amp#27;[0;39m &amp#27;[36mc.g.d.z.s.o.a.h.c.h.i.c.InternalHttpClient&amp#27;[0;39m - &amp#27;[32mep-00000033: start execution ex-00000034
&amp#27;[0;39m2023-05-08 13:18:58,281 [main] &amp#27;[39mDEBUG&amp#27;[0;39m &amp#27;[36mc.g.d.z.s.o.a.h.c.h.i.i.PoolingHttpClientConnectionManager&amp#27;[0;39m - &amp#27;[32mep-00000033: executing exchange ex-00000034 over http-outgoing-1
&amp#27;[0;39m2023-05-08 13:18:58,281 [main] &amp#27;[39mDEBUG&amp#27;[0;39m &amp#27;[36mc.g.d.z.s.o.a.h.client5.http.headers&amp#27;[0;39m - &amp#27;[32mhttp-outgoing-1 >> GET /v1.32/containers/cccfb0602d7e775562ae171a9fe0a7ec811b6906268008a84fea93151d2a7305/json HTTP/1.1
&amp#27;[0;39m2023-05-08 13:18:58,282 [main] &amp#27;[39mDEBUG&amp#27;[0;39m &amp#27;[36mc.g.d.z.s.o.a.h.client5.http.headers&amp#27;[0;39m - &amp#27;[32mhttp-outgoing-1 >> accept: application/json
&amp#27;[0;39m2023-05-08 13:18:58,282 [main] &amp#27;[39mDEBUG&amp#27;[0;39m &amp#27;[36mc.g.d.z.s.o.a.h.client5.http.headers&amp#27;[0;39m - &amp#27;[32mhttp-outgoing-1 >> x-tc-sid: f1b696c1-ec3f-4f95-afa8-081853be7ccb
&amp#27;[0;39m2023-05-08 13:18:58,282 [main] &amp#27;[39mDEBUG&amp#27;[0;39m &amp#27;[36mc.g.d.z.s.o.a.h.client5.http.headers&amp#27;[0;39m - &amp#27;[32mhttp-outgoing-1 >> Accept-Encoding: gzip, x-gzip, deflate
&amp#27;[0;39m2023-05-08 13:18:58,282 [main] &amp#27;[39mDEBUG&amp#27;[0;39m &amp#27;[36mc.g.d.z.s.o.a.h.client5.http.headers&amp#27;[0;39m - &amp#27;[32mhttp-outgoing-1 >> Host: localhost:2375
&amp#27;[0;39m2023-05-08 13:18:58,282 [main] &amp#27;[39mDEBUG&amp#27;[0;39m &amp#27;[36mc.g.d.z.s.o.a.h.client5.http.headers&amp#27;[0;39m - &amp#27;[32mhttp-outgoing-1 >> Connection: keep-alive
&amp#27;[0;39m2023-05-08 13:18:58,282 [main] &amp#27;[39mDEBUG&amp#27;[0;39m &amp#27;[36mc.g.d.z.s.o.a.h.client5.http.headers&amp#27;[0;39m - &amp#27;[32mhttp-outgoing-1 >> User-Agent: Apache-HttpClient/5.0.3 (Java/17.0.6)
&amp#27;[0;39m2023-05-08 13:18:58,282 [main] &amp#27;[39mDEBUG&amp#27;[0;39m &amp#27;[36mc.g.d.z.s.o.a.hc.client5.http.wire&amp#27;[0;39m - &amp#27;[32mhttp-outgoing-1 >> "GET /v1.32/containers/cccfb0602d7e775562ae171a9fe0a7ec811b6906268008a84fea93151d2a7305/json HTTP/1.1[\r][\n]"
&amp#27;[0;39m2023-05-08 13:18:58,282 [main] &amp#27;[39mDEBUG&amp#27;[0;39m &amp#27;[36mc.g.d.z.s.o.a.hc.client5.http.wire&amp#27;[0;39m - &amp#27;[32mhttp-outgoing-1 >> "accept: application/json[\r][\n]"
&amp#27;[0;39m2023-05-08 13:18:58,282 [main] &amp#27;[39mDEBUG&amp#27;[0;39m &amp#27;[36mc.g.d.z.s.o.a.hc.client5.http.wire&amp#27;[0;39m - &amp#27;[32mhttp-outgoing-1 >> "x-tc-sid: f1b696c1-ec3f-4f95-afa8-081853be7ccb[\r][\n]"
&amp#27;[0;39m2023-05-08 13:18:58,282 [main] &amp#27;[39mDEBUG&amp#27;[0;39m &amp#27;[36mc.g.d.z.s.o.a.hc.client5.http.wire&amp#27;[0;39m - &amp#27;[32mhttp-outgoing-1 >> "Accept-Encoding: gzip, x-gzip, deflate[\r][\n]"
&amp#27;[0;39m2023-05-08 13:18:58,282 [main] &amp#27;[39mDEBUG&amp#27;[0;39m &amp#27;[36mc.g.d.z.s.o.a.hc.client5.http.wire&amp#27;[0;39m - &amp#27;[32mhttp-outgoing-1 >> "Host: localhost:2375[\r][\n]"
&amp#27;[0;39m2023-05-08 13:18:58,282 [main] &amp#27;[39mDEBUG&amp#27;[0;39m &amp#27;[36mc.g.d.z.s.o.a.hc.client5.http.wire&amp#27;[0;39m - &amp#27;[32mhttp-outgoing-1 >> "Connection: keep-alive[\r][\n]"
&amp#27;[0;39m2023-05-08 13:18:58,282 [main] &amp#27;[39mDEBUG&amp#27;[0;39m &amp#27;[36mc.g.d.z.s.o.a.hc.client5.http.wire&amp#27;[0;39m - &amp#27;[32mhttp-outgoing-1 >> "User-Agent: Apache-HttpClient/5.0.3 (Java/17.0.6)[\r][\n]"
&amp#27;[0;39m2023-05-08 13:18:58,282 [main] &amp#27;[39mDEBUG&amp#27;[0;39m &amp#27;[36mc.g.d.z.s.o.a.hc.client5.http.wire&amp#27;[0;39m - &amp#27;[32mhttp-outgoing-1 >> "[\r][\n]"
&amp#27;[0;39m2023-05-08 13:18:58,282 [main] &amp#27;[39mDEBUG&amp#27;[0;39m &amp#27;[36mc.g.d.z.s.o.a.hc.client5.http.wire&amp#27;[0;39m - &amp#27;[32mhttp-outgoing-1 << "HTTP/1.1 200 OK[\r][\n]"
&amp#27;[0;39m2023-05-08 13:18:58,282 [main] &amp#27;[39mDEBUG&amp#27;[0;39m &amp#27;[36mc.g.d.z.s.o.a.hc.client5.http.wire&amp#27;[0;39m - &amp#27;[32mhttp-outgoing-1 << "Api-Version: 1.42[\r][\n]"
&amp#27;[0;39m2023-05-08 13:18:58,282 [main] &amp#27;[39mDEBUG&amp#27;[0;39m &amp#27;[36mc.g.d.z.s.o.a.hc.client5.http.wire&amp#27;[0;39m - &amp#27;[32mhttp-outgoing-1 << "Content-Type: application/json[\r][\n]"
&amp#27;[0;39m2023-05-08 13:18:58,282 [main] &amp#27;[39mDEBUG&amp#27;[0;39m &amp#27;[36mc.g.d.z.s.o.a.hc.client5.http.wire&amp#27;[0;39m - &amp#27;[32mhttp-outgoing-1 << "Docker-Experimental: false[\r][\n]"
&amp#27;[0;39m2023-05-08 13:18:58,282 [main] &amp#27;[39mDEBUG&amp#27;[0;39m &amp#27;[36mc.g.d.z.s.o.a.hc.client5.http.wire&amp#27;[0;39m - &amp#27;[32mhttp-outgoing-1 << "Ostype: linux[\r][\n]"
&amp#27;[0;39m2023-05-08 13:18:58,282 [main] &amp#27;[39mDEBUG&amp#27;[0;39m &amp#27;[36mc.g.d.z.s.o.a.hc.client5.http.wire&amp#27;[0;39m - &amp#27;[32mhttp-outgoing-1 << "Server: Docker/23.0.5 (linux)[\r][\n]"
&amp#27;[0;39m2023-05-08 13:18:58,282 [main] &amp#27;[39mDEBUG&amp#27;[0;39m &amp#27;[36mc.g.d.z.s.o.a.hc.client5.http.wire&amp#27;[0;39m - &amp#27;[32mhttp-outgoing-1 << "Date: Mon, 08 May 2023 11:18:58 GMT[\r][\n]"
&amp#27;[0;39m2023-05-08 13:18:58,282 [main] &amp#27;[39mDEBUG&amp#27;[0;39m &amp#27;[36mc.g.d.z.s.o.a.hc.client5.http.wire&amp#27;[0;39m - &amp#27;[32mhttp-outgoing-1 << "Transfer-Encoding: chunked[\r][\n]"
&amp#27;[0;39m2023-05-08 13:18:58,282 [main] &amp#27;[39mDEBUG&amp#27;[0;39m &amp#27;[36mc.g.d.z.s.o.a.hc.client5.http.wire&amp#27;[0;39m - &amp#27;[32mhttp-outgoing-1 << "[\r][\n]"
&amp#27;[0;39m2023-05-08 13:18:58,282 [main] &amp#27;[39mDEBUG&amp#27;[0;39m &amp#27;[36mc.g.d.z.s.o.a.hc.client5.http.wire&amp#27;[0;39m - &amp#27;[32mhttp-outgoing-1 << "1890[\r][\n]"
&amp#27;[0;39m2023-05-08 13:18:58,282 [main] &amp#27;[39mDEBUG&amp#27;[0;39m &amp#27;[36mc.g.d.z.s.o.a.hc.client5.http.wire&amp#27;[0;39m - &amp#27;[32mhttp-outgoing-1 << "{"Id":"cccfb0602d7e775562ae171a9fe0a7ec811b6906268008a84fea93151d2a7305","Created":"2023-05-08T11:18:54.120535425Z","Path":"docker-entrypoint.sh","Args":["mysqld"],"State":{"Status":"running","Running":true,"Paused":false,"Restarting":false,"OOMKilled":false,"Dead":false,"Pid":59126,"ExitCode":0,"Error":"","StartedAt":"2023-05-08T11:18:54.468577716Z","FinishedAt":"0001-01-01T00:00:00Z"},"Image":"sha256:228d71078f8ce5ae9fd96b183f88c3a90e30544b4b7ce9d64a238d05fef2a681","ResolvConfPath":"/var/lib/docker/containers/cccfb0602d7e775562ae171a9fe0a7ec811b6906268008a84fea93151d2a7305/resolv.conf","HostnamePath":"/var/lib/docker/containers/cccfb0602d7e775562ae171a9fe0a7ec811b6906268008a84fea93151d2a7305/hostname","HostsPath":"/var/lib/docker/containers/cccfb0602d7e775562ae171a9fe0a7ec811b6906268008a84fea93151d2a7305/hosts","LogPath":"/var/lib/docker/containers/cccfb0602d7e775562ae171a9fe0a7ec811b6906268008a84fea93151d2a7305/cccfb0602d7e775562ae171a9fe0a7ec811b6906268008a84fea93151d2a7305-json.log","Name":"/charming_goodall","RestartCount":0,"Driver":"overlay2","Platform":"linux","MountLabel":"","ProcessLabel":"","AppArmorProfile":"docker-default","ExecIDs":null,"HostConfig":{"Binds":[],"ContainerIDFile":"","LogConfig":{"Type":"json-file","Config":{}},"NetworkMode":"default","PortBindings":{"3306/tcp":[{"HostIp":"","HostPort":""}]},"RestartPolicy":{"Name":"","MaximumRetryCount":0},"AutoRemove":false,"VolumeDriver":"","VolumesFrom":[],"ConsoleSize":[0,0],"CapAdd":null,"CapDrop":null,"CgroupnsMode":"private","Dns":null,"DnsOptions":null,"DnsSearch":null,"ExtraHosts":[],"GroupAdd":null,"IpcMode":"shareable","Cgroup":"","Links":null,"OomScoreAdj":0,"PidMode":"","Privileged":false,"PublishAllPorts":false,"ReadonlyRootfs":false,"SecurityOpt":null,"UTSMode":"","UsernsMode":"","ShmSize":67108864,"Runtime":"runc","Isolation":"","CpuShares":0,"Memory":0,"NanoCpus":0,"CgroupParent":"","BlkioWeight":0,"BlkioWeightDevice":null,"BlkioDeviceReadBps":null,"BlkioDeviceWriteBps":null,"BlkioDeviceReadIOps":null,"BlkioDeviceWriteIOps":null,"CpuPeriod":0,"CpuQuota":0,"CpuRealtimePeriod":0,"CpuRealtimeRuntime":0,"CpusetCpus":"","CpusetMems":"","Devices":null,"DeviceCgroupRules":null,"DeviceRequests":null,"MemoryReservation":0,"MemorySwap":0,"MemorySwappiness":null,"OomKillDisable":null,"PidsLimit":null,"Ulimits":null,"CpuCount":0,"CpuPercent":0,"IOMaximumIOps":0,"IOMaximumBandwidth":0,"MaskedPaths":["/proc/asound","/proc/acpi","/proc/kcore","/proc/keys","/proc/latency_stats","/proc/timer_list","/proc/timer_stats","/proc/sched_debug","/proc/scsi","/sys/firmware"],"ReadonlyPaths":["/proc/bus","/proc/fs","/proc/irq","/proc/sys","/proc/sysrq-trigger"]},"GraphDriver":{"Data":{"LowerDir":"/var/lib/docker/overlay2/0075f27ac39799b376a3e23bf05a650eb10c8a0f9ef49be1ab61e98fd3b93dc3-init/diff:/var/lib/docker/overlay2/4c6e20f032f02b27a9272f982861dc21998197aa90d94ed3bef95d449380247c/diff:/var/lib/docker/overlay2/0c75f828f603eff839bb3ca448163ab2a8017e86625ac255cd3dbf1673ddac26/diff:/var/lib/docker/overlay2/da128d897fda75829109844ce6cd9d73d0f54c682e735100af000ce899908729/diff:/var/lib/docker/overlay2/b678a1f261bf323afba6d76d91ab7428bdd6e1ef4a39b5224e4a1afd08c0423a/diff:/var/lib/docker/overlay2/1bec43b14875c5f9f814f146e8e31aa78566689c2c163da2ac60a32254988437/diff:/var/lib/docker/overlay2/28f4b1e6e1a7a2dbe30f1f94fb42bccd85a61faf8af1fe30a5bb0d442c525e41/diff:/var/lib/docker/overlay2/0f493124464c291d7c97d2633d5dff04b1dce5de904cb40a34dfbe7fe72e3fd4/diff:/var/lib/docker/overlay2/05befbee9e38cd670e1786b3310e99796dcc06abbed970007b4109a5424843fa/diff:/var/lib/docker/overlay2/582bcca9acfc4eef25109e1e1b9c9d104f355798455bc73e855c99283887a6e8/diff:/var/lib/docker/overlay2/153b3bf0b69e97e8f0e5533414a31ca33fa530e63d174c9617621abe46e7e9d1/diff:/var/lib/docker/overlay2/bf87a76c0a38875ee6e915fd0d2527eafa880ec6bf2c1cb294959428c18d10bd/diff","MergedDir":"/var/lib/docker/overlay2/0075f27ac39799b376a3e23bf05a650eb10c8a0f9ef49be1ab61e98fd3b93dc3/merged","UpperDir":"/var/lib/docker/overlay2/0075f27ac39799b376a3e23bf05a650eb10c8a0f9ef49be1ab61e98fd3b93dc3/diff","WorkDir":"/var/lib/docker/overlay2/0075f27ac39799b376a3e23bf05a650eb10c8a0f9ef49be1ab61e98fd3b93dc3/work"},"Name":"overlay2"},"Mounts":[{"Type":"volume","Name":"ffd30c8cc7ed7bf91bc1ebef46b0f06493ce1d3121e28c37d40240bd74b844a5","Source":"/var/lib/docker/volumes/ffd30c8cc7ed7bf91bc1ebef46b0f06493ce1d3121e28c37d40240bd74b844a5/_data","Destination":"/var/lib/mysql","Driver":"local","Mode":"","RW":true,"Propagation":""}],"Config":{"Hostname":"cccfb0602d7e","Domainname":"","User":"","AttachStdin":false,"AttachStdout":false,"AttachStderr":false,"ExposedPorts":{"3306/tcp":{}},"Tty":false,"OpenStdin":false,"StdinOnce":false,"Env":["MYSQL_DATABASE=test","MYSQL_PASSWORD=test","MYSQL_USER=test","MYSQL_ROOT_PASSWORD=test","PATH=/usr/local/sbin:/usr/local/bin:/usr/sbin:/usr/bin:/sbin:/bin","GOSU_VERSION=1.7","MYSQL_MAJOR=8.0","MYSQL_VERSION=8.0.0-dmr-1debian8"],"Cmd":["mysqld"],"Image":"mysql:8.0.0","Volumes":{"/var/lib/mysql":{}},"WorkingDir":"","Entrypoint":["docker-entrypoint.sh"],"OnBuild":null,"Labels":{"org.testcontainers":"true","org.testcontainers.lang":"java","org.testcontainers.sessionId":"f1b696c1-ec3f-4f95-afa8-081853be7ccb","org.testcontainers.version":"1.18.0"}},"NetworkSettings":{"Bridge":"","SandboxID":"75a4ef0436803615aa77c8b97de3cbbdd49519261fe2b3b6cdcae9bd2b1154aa","HairpinMode":false,"LinkLocalIPv6Address":"","LinkLocalIPv6PrefixLen":0,"Ports":{"3306/tcp":[{"HostIp":"0.0.0.0","HostPort":"32781"},{"HostIp":"::","HostPort":"32781"}]},"SandboxKey":"/var/run/docker/netns/75a4ef043680","SecondaryIPAddresses":null,"SecondaryIPv6Addresses":null,"EndpointID":"de3a5c9cc9471fdbec5943d78a8803fca61208fe4021ac9d3922ee2e8ec0d135","Gateway":"172.17.0.1","GlobalIPv6Address":"","GlobalIPv6PrefixLen":0,"IPAddress":"172.17.0.3","IPPrefixLen":16,"IPv6Gateway":"","MacAddress":"02:42:ac:11:00:03","Networks":{"bridge":{"IPAMConfig":null,"Links":null,"Aliases":null,"NetworkID":"e1a078e12eb8d77b497ed932f7fb43787eeb6ff6972febd7d03c9282b8b5cd45","EndpointID":"de3a5c9cc9471fdbec5943d78a8803fca61208fe4021ac9d3922ee2e8ec0d135","Gateway":"172.17.0.1","IPAddress":"172.17.0.3","IPPrefixLen":16,"IPv6Gateway":"","GlobalIPv6Address":"","GlobalIPv6PrefixLen":0,"MacAddress":"02:42:ac:11:00:03","DriverOpts":null}}}}[\n]"
&amp#27;[0;39m2023-05-08 13:18:58,282 [main] &amp#27;[39mDEBUG&amp#27;[0;39m &amp#27;[36mc.g.d.z.s.o.a.hc.client5.http.wire&amp#27;[0;39m - &amp#27;[32mhttp-outgoing-1 << "[\r][\n]"
&amp#27;[0;39m2023-05-08 13:18:58,282 [main] &amp#27;[39mDEBUG&amp#27;[0;39m &amp#27;[36mc.g.d.z.s.o.a.hc.client5.http.wire&amp#27;[0;39m - &amp#27;[32mhttp-outgoing-1 << "0[\r][\n]"
&amp#27;[0;39m2023-05-08 13:18:58,282 [main] &amp#27;[39mDEBUG&amp#27;[0;39m &amp#27;[36mc.g.d.z.s.o.a.hc.client5.http.wire&amp#27;[0;39m - &amp#27;[32mhttp-outgoing-1 << "[\r][\n]"
&amp#27;[0;39m2023-05-08 13:18:58,282 [main] &amp#27;[39mDEBUG&amp#27;[0;39m &amp#27;[36mc.g.d.z.s.o.a.h.client5.http.headers&amp#27;[0;39m - &amp#27;[32mhttp-outgoing-1 << HTTP/1.1 200 OK
&amp#27;[0;39m2023-05-08 13:18:58,282 [main] &amp#27;[39mDEBUG&amp#27;[0;39m &amp#27;[36mc.g.d.z.s.o.a.h.client5.http.headers&amp#27;[0;39m - &amp#27;[32mhttp-outgoing-1 << Api-Version: 1.42
&amp#27;[0;39m2023-05-08 13:18:58,282 [main] &amp#27;[39mDEBUG&amp#27;[0;39m &amp#27;[36mc.g.d.z.s.o.a.h.client5.http.headers&amp#27;[0;39m - &amp#27;[32mhttp-outgoing-1 << Content-Type: application/json
&amp#27;[0;39m2023-05-08 13:18:58,282 [main] &amp#27;[39mDEBUG&amp#27;[0;39m &amp#27;[36mc.g.d.z.s.o.a.h.client5.http.headers&amp#27;[0;39m - &amp#27;[32mhttp-outgoing-1 << Docker-Experimental: false
&amp#27;[0;39m2023-05-08 13:18:58,282 [main] &amp#27;[39mDEBUG&amp#27;[0;39m &amp#27;[36mc.g.d.z.s.o.a.h.client5.http.headers&amp#27;[0;39m - &amp#27;[32mhttp-outgoing-1 << Ostype: linux
&amp#27;[0;39m2023-05-08 13:18:58,282 [main] &amp#27;[39mDEBUG&amp#27;[0;39m &amp#27;[36mc.g.d.z.s.o.a.h.client5.http.headers&amp#27;[0;39m - &amp#27;[32mhttp-outgoing-1 << Server: Docker/23.0.5 (linux)
&amp#27;[0;39m2023-05-08 13:18:58,282 [main] &amp#27;[39mDEBUG&amp#27;[0;39m &amp#27;[36mc.g.d.z.s.o.a.h.client5.http.headers&amp#27;[0;39m - &amp#27;[32mhttp-outgoing-1 << Date: Mon, 08 May 2023 11:18:58 GMT
&amp#27;[0;39m2023-05-08 13:18:58,282 [main] &amp#27;[39mDEBUG&amp#27;[0;39m &amp#27;[36mc.g.d.z.s.o.a.h.client5.http.headers&amp#27;[0;39m - &amp#27;[32mhttp-outgoing-1 << Transfer-Encoding: chunked
&amp#27;[0;39m2023-05-08 13:18:58,282 [main] &amp#27;[39mDEBUG&amp#27;[0;39m &amp#27;[36mc.g.d.z.s.o.a.h.c.h.i.c.MainClientExec&amp#27;[0;39m - &amp#27;[32mex-00000034: connection can be kept alive for 3 MINUTES
&amp#27;[0;39m2023-05-08 13:18:58,283 [main] &amp#27;[39mDEBUG&amp#27;[0;39m &amp#27;[36mc.g.d.z.s.o.a.h.c.h.i.c.InternalHttpClient&amp#27;[0;39m - &amp#27;[32mep-00000033: releasing valid endpoint
&amp#27;[0;39m2023-05-08 13:18:58,283 [main] &amp#27;[39mDEBUG&amp#27;[0;39m &amp#27;[36mc.g.d.z.s.o.a.h.c.h.i.i.PoolingHttpClientConnectionManager&amp#27;[0;39m - &amp#27;[32mep-00000033: releasing endpoint
&amp#27;[0;39m2023-05-08 13:18:58,283 [main] &amp#27;[39mDEBUG&amp#27;[0;39m &amp#27;[36mc.g.d.z.s.o.a.h.c.h.i.i.PoolingHttpClientConnectionManager&amp#27;[0;39m - &amp#27;[32mep-00000033: connection http-outgoing-1 can be kept alive for 3 MINUTES
&amp#27;[0;39m2023-05-08 13:18:58,283 [main] &amp#27;[39mDEBUG&amp#27;[0;39m &amp#27;[36mc.g.d.z.s.o.a.h.c.h.i.i.PoolingHttpClientConnectionManager&amp#27;[0;39m - &amp#27;[32mep-00000033: connection released [route: {}->unix://localhost:2375][total available: 1; route allocated: 1 of 2147483647; total allocated: 1 of 2147483647]
&amp#27;[0;39m2023-05-08 13:18:58,283 [main] &amp#27;[39mDEBUG&amp#27;[0;39m &amp#27;[36mtc.mysql:8.0.0&amp#27;[0;39m - &amp#27;[32mTrying to create JDBC connection using com.mysql.cj.jdbc.Driver to jdbc:mysql://localhost:32781/test?useSSL=false&allowPublicKeyRetrieval=true with properties: {password=test, user=test}
&amp#27;[0;39m2023-05-08 13:18:58,385 [main] &amp#27;[39mDEBUG&amp#27;[0;39m &amp#27;[36mo.t.s.c.g.d.c.command.AbstrDockerCmd&amp#27;[0;39m - &amp#27;[32mCmd: cccfb0602d7e775562ae171a9fe0a7ec811b6906268008a84fea93151d2a7305,false
&amp#27;[0;39m2023-05-08 13:18:58,386 [main] &amp#27;[39mDEBUG&amp#27;[0;39m &amp#27;[36mo.t.s.c.g.d.c.e.InspectContainerCmdExec&amp#27;[0;39m - &amp#27;[32mGET: DefaultWebTarget{path=[/containers/cccfb0602d7e775562ae171a9fe0a7ec811b6906268008a84fea93151d2a7305/json], queryParams={}}
&amp#27;[0;39m2023-05-08 13:18:58,387 [main] &amp#27;[39mDEBUG&amp#27;[0;39m &amp#27;[36mc.g.d.z.s.o.a.h.c.h.i.c.InternalHttpClient&amp#27;[0;39m - &amp#27;[32mex-00000035: preparing request execution
&amp#27;[0;39m2023-05-08 13:18:58,387 [main] &amp#27;[39mDEBUG&amp#27;[0;39m &amp#27;[36mc.g.d.z.s.o.a.h.c.h.p.RequestAddCookies&amp#27;[0;39m - &amp#27;[32mCookie spec selected: strict
&amp#27;[0;39m2023-05-08 13:18:58,387 [main] &amp#27;[39mDEBUG&amp#27;[0;39m &amp#27;[36mc.g.d.z.s.o.a.h.c.h.p.RequestAuthCache&amp#27;[0;39m - &amp#27;[32mAuth cache not set in the context
&amp#27;[0;39m2023-05-08 13:18:58,387 [main] &amp#27;[39mDEBUG&amp#27;[0;39m &amp#27;[36mc.g.d.z.s.o.a.h.c.h.i.c.ProtocolExec&amp#27;[0;39m - &amp#27;[32mex-00000035: target auth state: UNCHALLENGED
&amp#27;[0;39m2023-05-08 13:18:58,387 [main] &amp#27;[39mDEBUG&amp#27;[0;39m &amp#27;[36mc.g.d.z.s.o.a.h.c.h.i.c.ProtocolExec&amp#27;[0;39m - &amp#27;[32mex-00000035: proxy auth state: UNCHALLENGED
&amp#27;[0;39m2023-05-08 13:18:58,387 [main] &amp#27;[39mDEBUG&amp#27;[0;39m &amp#27;[36mc.g.d.z.s.o.a.h.c.h.i.c.ConnectExec&amp#27;[0;39m - &amp#27;[32mex-00000035: acquiring connection with route {}->unix://localhost:2375
&amp#27;[0;39m2023-05-08 13:18:58,387 [main] &amp#27;[39mDEBUG&amp#27;[0;39m &amp#27;[36mc.g.d.z.s.o.a.h.c.h.i.c.InternalHttpClient&amp#27;[0;39m - &amp#27;[32mex-00000035: acquiring endpoint (3 MINUTES)
&amp#27;[0;39m2023-05-08 13:18:58,387 [main] &amp#27;[39mDEBUG&amp#27;[0;39m &amp#27;[36mc.g.d.z.s.o.a.h.c.h.i.i.PoolingHttpClientConnectionManager&amp#27;[0;39m - &amp#27;[32mex-00000035: endpoint lease request (3 MINUTES) [route: {}->unix://localhost:2375][total available: 1; route allocated: 1 of 2147483647; total allocated: 1 of 2147483647]
&amp#27;[0;39m2023-05-08 13:18:58,387 [main] &amp#27;[39mDEBUG&amp#27;[0;39m &amp#27;[36mc.g.d.z.s.o.a.h.c.h.i.i.PoolingHttpClientConnectionManager&amp#27;[0;39m - &amp#27;[32mex-00000035: endpoint leased [route: {}->unix://localhost:2375][total available: 0; route allocated: 1 of 2147483647; total allocated: 1 of 2147483647]
&amp#27;[0;39m2023-05-08 13:18:58,387 [main] &amp#27;[39mDEBUG&amp#27;[0;39m &amp#27;[36mc.g.d.z.s.o.a.h.c.h.i.i.PoolingHttpClientConnectionManager&amp#27;[0;39m - &amp#27;[32mex-00000035: acquired ep-00000034
&amp#27;[0;39m2023-05-08 13:18:58,387 [main] &amp#27;[39mDEBUG&amp#27;[0;39m &amp#27;[36mc.g.d.z.s.o.a.h.c.h.i.c.InternalHttpClient&amp#27;[0;39m - &amp#27;[32mex-00000035: acquired endpoint ep-00000034
&amp#27;[0;39m2023-05-08 13:18:58,387 [main] &amp#27;[39mDEBUG&amp#27;[0;39m &amp#27;[36mc.g.d.z.s.o.a.h.c.h.i.c.MainClientExec&amp#27;[0;39m - &amp#27;[32mex-00000035: executing GET /v1.32/containers/cccfb0602d7e775562ae171a9fe0a7ec811b6906268008a84fea93151d2a7305/json HTTP/1.1
&amp#27;[0;39m2023-05-08 13:18:58,387 [main] &amp#27;[39mDEBUG&amp#27;[0;39m &amp#27;[36mc.g.d.z.s.o.a.h.c.h.i.c.InternalHttpClient&amp#27;[0;39m - &amp#27;[32mep-00000034: start execution ex-00000035
&amp#27;[0;39m2023-05-08 13:18:58,387 [main] &amp#27;[39mDEBUG&amp#27;[0;39m &amp#27;[36mc.g.d.z.s.o.a.h.c.h.i.i.PoolingHttpClientConnectionManager&amp#27;[0;39m - &amp#27;[32mep-00000034: executing exchange ex-00000035 over http-outgoing-1
&amp#27;[0;39m2023-05-08 13:18:58,387 [main] &amp#27;[39mDEBUG&amp#27;[0;39m &amp#27;[36mc.g.d.z.s.o.a.h.client5.http.headers&amp#27;[0;39m - &amp#27;[32mhttp-outgoing-1 >> GET /v1.32/containers/cccfb0602d7e775562ae171a9fe0a7ec811b6906268008a84fea93151d2a7305/json HTTP/1.1
&amp#27;[0;39m2023-05-08 13:18:58,387 [main] &amp#27;[39mDEBUG&amp#27;[0;39m &amp#27;[36mc.g.d.z.s.o.a.h.client5.http.headers&amp#27;[0;39m - &amp#27;[32mhttp-outgoing-1 >> accept: application/json
&amp#27;[0;39m2023-05-08 13:18:58,387 [main] &amp#27;[39mDEBUG&amp#27;[0;39m &amp#27;[36mc.g.d.z.s.o.a.h.client5.http.headers&amp#27;[0;39m - &amp#27;[32mhttp-outgoing-1 >> x-tc-sid: f1b696c1-ec3f-4f95-afa8-081853be7ccb
&amp#27;[0;39m2023-05-08 13:18:58,387 [main] &amp#27;[39mDEBUG&amp#27;[0;39m &amp#27;[36mc.g.d.z.s.o.a.h.client5.http.headers&amp#27;[0;39m - &amp#27;[32mhttp-outgoing-1 >> Accept-Encoding: gzip, x-gzip, deflate
&amp#27;[0;39m2023-05-08 13:18:58,387 [main] &amp#27;[39mDEBUG&amp#27;[0;39m &amp#27;[36mc.g.d.z.s.o.a.h.client5.http.headers&amp#27;[0;39m - &amp#27;[32mhttp-outgoing-1 >> Host: localhost:2375
&amp#27;[0;39m2023-05-08 13:18:58,387 [main] &amp#27;[39mDEBUG&amp#27;[0;39m &amp#27;[36mc.g.d.z.s.o.a.h.client5.http.headers&amp#27;[0;39m - &amp#27;[32mhttp-outgoing-1 >> Connection: keep-alive
&amp#27;[0;39m2023-05-08 13:18:58,387 [main] &amp#27;[39mDEBUG&amp#27;[0;39m &amp#27;[36mc.g.d.z.s.o.a.h.client5.http.headers&amp#27;[0;39m - &amp#27;[32mhttp-outgoing-1 >> User-Agent: Apache-HttpClient/5.0.3 (Java/17.0.6)
&amp#27;[0;39m2023-05-08 13:18:58,387 [main] &amp#27;[39mDEBUG&amp#27;[0;39m &amp#27;[36mc.g.d.z.s.o.a.hc.client5.http.wire&amp#27;[0;39m - &amp#27;[32mhttp-outgoing-1 >> "GET /v1.32/containers/cccfb0602d7e775562ae171a9fe0a7ec811b6906268008a84fea93151d2a7305/json HTTP/1.1[\r][\n]"
&amp#27;[0;39m2023-05-08 13:18:58,387 [main] &amp#27;[39mDEBUG&amp#27;[0;39m &amp#27;[36mc.g.d.z.s.o.a.hc.client5.http.wire&amp#27;[0;39m - &amp#27;[32mhttp-outgoing-1 >> "accept: application/json[\r][\n]"
&amp#27;[0;39m2023-05-08 13:18:58,387 [main] &amp#27;[39mDEBUG&amp#27;[0;39m &amp#27;[36mc.g.d.z.s.o.a.hc.client5.http.wire&amp#27;[0;39m - &amp#27;[32mhttp-outgoing-1 >> "x-tc-sid: f1b696c1-ec3f-4f95-afa8-081853be7ccb[\r][\n]"
&amp#27;[0;39m2023-05-08 13:18:58,387 [main] &amp#27;[39mDEBUG&amp#27;[0;39m &amp#27;[36mc.g.d.z.s.o.a.hc.client5.http.wire&amp#27;[0;39m - &amp#27;[32mhttp-outgoing-1 >> "Accept-Encoding: gzip, x-gzip, deflate[\r][\n]"
&amp#27;[0;39m2023-05-08 13:18:58,387 [main] &amp#27;[39mDEBUG&amp#27;[0;39m &amp#27;[36mc.g.d.z.s.o.a.hc.client5.http.wire&amp#27;[0;39m - &amp#27;[32mhttp-outgoing-1 >> "Host: localhost:2375[\r][\n]"
&amp#27;[0;39m2023-05-08 13:18:58,387 [main] &amp#27;[39mDEBUG&amp#27;[0;39m &amp#27;[36mc.g.d.z.s.o.a.hc.client5.http.wire&amp#27;[0;39m - &amp#27;[32mhttp-outgoing-1 >> "Connection: keep-alive[\r][\n]"
&amp#27;[0;39m2023-05-08 13:18:58,387 [main] &amp#27;[39mDEBUG&amp#27;[0;39m &amp#27;[36mc.g.d.z.s.o.a.hc.client5.http.wire&amp#27;[0;39m - &amp#27;[32mhttp-outgoing-1 >> "User-Agent: Apache-HttpClient/5.0.3 (Java/17.0.6)[\r][\n]"
&amp#27;[0;39m2023-05-08 13:18:58,387 [main] &amp#27;[39mDEBUG&amp#27;[0;39m &amp#27;[36mc.g.d.z.s.o.a.hc.client5.http.wire&amp#27;[0;39m - &amp#27;[32mhttp-outgoing-1 >> "[\r][\n]"
&amp#27;[0;39m2023-05-08 13:18:58,388 [main] &amp#27;[39mDEBUG&amp#27;[0;39m &amp#27;[36mc.g.d.z.s.o.a.hc.client5.http.wire&amp#27;[0;39m - &amp#27;[32mhttp-outgoing-1 << "HTTP/1.1 200 OK[\r][\n]"
&amp#27;[0;39m2023-05-08 13:18:58,388 [main] &amp#27;[39mDEBUG&amp#27;[0;39m &amp#27;[36mc.g.d.z.s.o.a.hc.client5.http.wire&amp#27;[0;39m - &amp#27;[32mhttp-outgoing-1 << "Api-Version: 1.42[\r][\n]"
&amp#27;[0;39m2023-05-08 13:18:58,388 [main] &amp#27;[39mDEBUG&amp#27;[0;39m &amp#27;[36mc.g.d.z.s.o.a.hc.client5.http.wire&amp#27;[0;39m - &amp#27;[32mhttp-outgoing-1 << "Content-Type: application/json[\r][\n]"
&amp#27;[0;39m2023-05-08 13:18:58,388 [main] &amp#27;[39mDEBUG&amp#27;[0;39m &amp#27;[36mc.g.d.z.s.o.a.hc.client5.http.wire&amp#27;[0;39m - &amp#27;[32mhttp-outgoing-1 << "Docker-Experimental: false[\r][\n]"
&amp#27;[0;39m2023-05-08 13:18:58,388 [main] &amp#27;[39mDEBUG&amp#27;[0;39m &amp#27;[36mc.g.d.z.s.o.a.hc.client5.http.wire&amp#27;[0;39m - &amp#27;[32mhttp-outgoing-1 << "Ostype: linux[\r][\n]"
&amp#27;[0;39m2023-05-08 13:18:58,388 [main] &amp#27;[39mDEBUG&amp#27;[0;39m &amp#27;[36mc.g.d.z.s.o.a.hc.client5.http.wire&amp#27;[0;39m - &amp#27;[32mhttp-outgoing-1 << "Server: Docker/23.0.5 (linux)[\r][\n]"
&amp#27;[0;39m2023-05-08 13:18:58,388 [main] &amp#27;[39mDEBUG&amp#27;[0;39m &amp#27;[36mc.g.d.z.s.o.a.hc.client5.http.wire&amp#27;[0;39m - &amp#27;[32mhttp-outgoing-1 << "Date: Mon, 08 May 2023 11:18:58 GMT[\r][\n]"
&amp#27;[0;39m2023-05-08 13:18:58,388 [main] &amp#27;[39mDEBUG&amp#27;[0;39m &amp#27;[36mc.g.d.z.s.o.a.hc.client5.http.wire&amp#27;[0;39m - &amp#27;[32mhttp-outgoing-1 << "Transfer-Encoding: chunked[\r][\n]"
&amp#27;[0;39m2023-05-08 13:18:58,388 [main] &amp#27;[39mDEBUG&amp#27;[0;39m &amp#27;[36mc.g.d.z.s.o.a.hc.client5.http.wire&amp#27;[0;39m - &amp#27;[32mhttp-outgoing-1 << "[\r][\n]"
&amp#27;[0;39m2023-05-08 13:18:58,388 [main] &amp#27;[39mDEBUG&amp#27;[0;39m &amp#27;[36mc.g.d.z.s.o.a.hc.client5.http.wire&amp#27;[0;39m - &amp#27;[32mhttp-outgoing-1 << "1890[\r][\n]"
&amp#27;[0;39m2023-05-08 13:18:58,388 [main] &amp#27;[39mDEBUG&amp#27;[0;39m &amp#27;[36mc.g.d.z.s.o.a.hc.client5.http.wire&amp#27;[0;39m - &amp#27;[32mhttp-outgoing-1 << "{"Id":"cccfb0602d7e775562ae171a9fe0a7ec811b6906268008a84fea93151d2a7305","Created":"2023-05-08T11:18:54.120535425Z","Path":"docker-entrypoint.sh","Args":["mysqld"],"State":{"Status":"running","Running":true,"Paused":false,"Restarting":false,"OOMKilled":false,"Dead":false,"Pid":59126,"ExitCode":0,"Error":"","StartedAt":"2023-05-08T11:18:54.468577716Z","FinishedAt":"0001-01-01T00:00:00Z"},"Image":"sha256:228d71078f8ce5ae9fd96b183f88c3a90e30544b4b7ce9d64a238d05fef2a681","ResolvConfPath":"/var/lib/docker/containers/cccfb0602d7e775562ae171a9fe0a7ec811b6906268008a84fea93151d2a7305/resolv.conf","HostnamePath":"/var/lib/docker/containers/cccfb0602d7e775562ae171a9fe0a7ec811b6906268008a84fea93151d2a7305/hostname","HostsPath":"/var/lib/docker/containers/cccfb0602d7e775562ae171a9fe0a7ec811b6906268008a84fea93151d2a7305/hosts","LogPath":"/var/lib/docker/containers/cccfb0602d7e775562ae171a9fe0a7ec811b6906268008a84fea93151d2a7305/cccfb0602d7e775562ae171a9fe0a7ec811b6906268008a84fea93151d2a7305-json.log","Name":"/charming_goodall","RestartCount":0,"Driver":"overlay2","Platform":"linux","MountLabel":"","ProcessLabel":"","AppArmorProfile":"docker-default","ExecIDs":null,"HostConfig":{"Binds":[],"ContainerIDFile":"","LogConfig":{"Type":"json-file","Config":{}},"NetworkMode":"default","PortBindings":{"3306/tcp":[{"HostIp":"","HostPort":""}]},"RestartPolicy":{"Name":"","MaximumRetryCount":0},"AutoRemove":false,"VolumeDriver":"","VolumesFrom":[],"ConsoleSize":[0,0],"CapAdd":null,"CapDrop":null,"CgroupnsMode":"private","Dns":null,"DnsOptions":null,"DnsSearch":null,"ExtraHosts":[],"GroupAdd":null,"IpcMode":"shareable","Cgroup":"","Links":null,"OomScoreAdj":0,"PidMode":"","Privileged":false,"PublishAllPorts":false,"ReadonlyRootfs":false,"SecurityOpt":null,"UTSMode":"","UsernsMode":"","ShmSize":67108864,"Runtime":"runc","Isolation":"","CpuShares":0,"Memory":0,"NanoCpus":0,"CgroupParent":"","BlkioWeight":0,"BlkioWeightDevice":null,"BlkioDeviceReadBps":null,"BlkioDeviceWriteBps":null,"BlkioDeviceReadIOps":null,"BlkioDeviceWriteIOps":null,"CpuPeriod":0,"CpuQuota":0,"CpuRealtimePeriod":0,"CpuRealtimeRuntime":0,"CpusetCpus":"","CpusetMems":"","Devices":null,"DeviceCgroupRules":null,"DeviceRequests":null,"MemoryReservation":0,"MemorySwap":0,"MemorySwappiness":null,"OomKillDisable":null,"PidsLimit":null,"Ulimits":null,"CpuCount":0,"CpuPercent":0,"IOMaximumIOps":0,"IOMaximumBandwidth":0,"MaskedPaths":["/proc/asound","/proc/acpi","/proc/kcore","/proc/keys","/proc/latency_stats","/proc/timer_list","/proc/timer_stats","/proc/sched_debug","/proc/scsi","/sys/firmware"],"ReadonlyPaths":["/proc/bus","/proc/fs","/proc/irq","/proc/sys","/proc/sysrq-trigger"]},"GraphDriver":{"Data":{"LowerDir":"/var/lib/docker/overlay2/0075f27ac39799b376a3e23bf05a650eb10c8a0f9ef49be1ab61e98fd3b93dc3-init/diff:/var/lib/docker/overlay2/4c6e20f032f02b27a9272f982861dc21998197aa90d94ed3bef95d449380247c/diff:/var/lib/docker/overlay2/0c75f828f603eff839bb3ca448163ab2a8017e86625ac255cd3dbf1673ddac26/diff:/var/lib/docker/overlay2/da128d897fda75829109844ce6cd9d73d0f54c682e735100af000ce899908729/diff:/var/lib/docker/overlay2/b678a1f261bf323afba6d76d91ab7428bdd6e1ef4a39b5224e4a1afd08c0423a/diff:/var/lib/docker/overlay2/1bec43b14875c5f9f814f146e8e31aa78566689c2c163da2ac60a32254988437/diff:/var/lib/docker/overlay2/28f4b1e6e1a7a2dbe30f1f94fb42bccd85a61faf8af1fe30a5bb0d442c525e41/diff:/var/lib/docker/overlay2/0f493124464c291d7c97d2633d5dff04b1dce5de904cb40a34dfbe7fe72e3fd4/diff:/var/lib/docker/overlay2/05befbee9e38cd670e1786b3310e99796dcc06abbed970007b4109a5424843fa/diff:/var/lib/docker/overlay2/582bcca9acfc4eef25109e1e1b9c9d104f355798455bc73e855c99283887a6e8/diff:/var/lib/docker/overlay2/153b3bf0b69e97e8f0e5533414a31ca33fa530e63d174c9617621abe46e7e9d1/diff:/var/lib/docker/overlay2/bf87a76c0a38875ee6e915fd0d2527eafa880ec6bf2c1cb294959428c18d10bd/diff","MergedDir":"/var/lib/docker/overlay2/0075f27ac39799b376a3e23bf05a650eb10c8a0f9ef49be1ab61e98fd3b93dc3/merged","UpperDir":"/var/lib/docker/overlay2/0075f27ac39799b376a3e23bf05a650eb10c8a0f9ef49be1ab61e98fd3b93dc3/diff","WorkDir":"/var/lib/docker/overlay2/0075f27ac39799b376a3e23bf05a650eb10c8a0f9ef49be1ab61e98fd3b93dc3/work"},"Name":"overlay2"},"Mounts":[{"Type":"volume","Name":"ffd30c8cc7ed7bf91bc1ebef46b0f06493ce1d3121e28c37d40240bd74b844a5","Source":"/var/lib/docker/volumes/ffd30c8cc7ed7bf91bc1ebef46b0f06493ce1d3121e28c37d40240bd74b844a5/_data","Destination":"/var/lib/mysql","Driver":"local","Mode":"","RW":true,"Propagation":""}],"Config":{"Hostname":"cccfb0602d7e","Domainname":"","User":"","AttachStdin":false,"AttachStdout":false,"AttachStderr":false,"ExposedPorts":{"3306/tcp":{}},"Tty":false,"OpenStdin":false,"StdinOnce":false,"Env":["MYSQL_DATABASE=test","MYSQL_PASSWORD=test","MYSQL_USER=test","MYSQL_ROOT_PASSWORD=test","PATH=/usr/local/sbin:/usr/local/bin:/usr/sbin:/usr/bin:/sbin:/bin","GOSU_VERSION=1.7","MYSQL_MAJOR=8.0","MYSQL_VERSION=8.0.0-dmr-1debian8"],"Cmd":["mysqld"],"Image":"mysql:8.0.0","Volumes":{"/var/lib/mysql":{}},"WorkingDir":"","Entrypoint":["docker-entrypoint.sh"],"OnBuild":null,"Labels":{"org.testcontainers":"true","org.testcontainers.lang":"java","org.testcontainers.sessionId":"f1b696c1-ec3f-4f95-afa8-081853be7ccb","org.testcontainers.version":"1.18.0"}},"NetworkSettings":{"Bridge":"","SandboxID":"75a4ef0436803615aa77c8b97de3cbbdd49519261fe2b3b6cdcae9bd2b1154aa","HairpinMode":false,"LinkLocalIPv6Address":"","LinkLocalIPv6PrefixLen":0,"Ports":{"3306/tcp":[{"HostIp":"0.0.0.0","HostPort":"32781"},{"HostIp":"::","HostPort":"32781"}]},"SandboxKey":"/var/run/docker/netns/75a4ef043680","SecondaryIPAddresses":null,"SecondaryIPv6Addresses":null,"EndpointID":"de3a5c9cc9471fdbec5943d78a8803fca61208fe4021ac9d3922ee2e8ec0d135","Gateway":"172.17.0.1","GlobalIPv6Address":"","GlobalIPv6PrefixLen":0,"IPAddress":"172.17.0.3","IPPrefixLen":16,"IPv6Gateway":"","MacAddress":"02:42:ac:11:00:03","Networks":{"bridge":{"IPAMConfig":null,"Links":null,"Aliases":null,"NetworkID":"e1a078e12eb8d77b497ed932f7fb43787eeb6ff6972febd7d03c9282b8b5cd45","EndpointID":"de3a5c9cc9471fdbec5943d78a8803fca61208fe4021ac9d3922ee2e8ec0d135","Gateway":"172.17.0.1","IPAddress":"172.17.0.3","IPPrefixLen":16,"IPv6Gateway":"","GlobalIPv6Address":"","GlobalIPv6PrefixLen":0,"MacAddress":"02:42:ac:11:00:03","DriverOpts":null}}}}[\n]"
&amp#27;[0;39m2023-05-08 13:18:58,388 [main] &amp#27;[39mDEBUG&amp#27;[0;39m &amp#27;[36mc.g.d.z.s.o.a.hc.client5.http.wire&amp#27;[0;39m - &amp#27;[32mhttp-outgoing-1 << "[\r][\n]"
&amp#27;[0;39m2023-05-08 13:18:58,388 [main] &amp#27;[39mDEBUG&amp#27;[0;39m &amp#27;[36mc.g.d.z.s.o.a.hc.client5.http.wire&amp#27;[0;39m - &amp#27;[32mhttp-outgoing-1 << "0[\r][\n]"
&amp#27;[0;39m2023-05-08 13:18:58,388 [main] &amp#27;[39mDEBUG&amp#27;[0;39m &amp#27;[36mc.g.d.z.s.o.a.hc.client5.http.wire&amp#27;[0;39m - &amp#27;[32mhttp-outgoing-1 << "[\r][\n]"
&amp#27;[0;39m2023-05-08 13:18:58,388 [main] &amp#27;[39mDEBUG&amp#27;[0;39m &amp#27;[36mc.g.d.z.s.o.a.h.client5.http.headers&amp#27;[0;39m - &amp#27;[32mhttp-outgoing-1 << HTTP/1.1 200 OK
&amp#27;[0;39m2023-05-08 13:18:58,388 [main] &amp#27;[39mDEBUG&amp#27;[0;39m &amp#27;[36mc.g.d.z.s.o.a.h.client5.http.headers&amp#27;[0;39m - &amp#27;[32mhttp-outgoing-1 << Api-Version: 1.42
&amp#27;[0;39m2023-05-08 13:18:58,388 [main] &amp#27;[39mDEBUG&amp#27;[0;39m &amp#27;[36mc.g.d.z.s.o.a.h.client5.http.headers&amp#27;[0;39m - &amp#27;[32mhttp-outgoing-1 << Content-Type: application/json
&amp#27;[0;39m2023-05-08 13:18:58,388 [main] &amp#27;[39mDEBUG&amp#27;[0;39m &amp#27;[36mc.g.d.z.s.o.a.h.client5.http.headers&amp#27;[0;39m - &amp#27;[32mhttp-outgoing-1 << Docker-Experimental: false
&amp#27;[0;39m2023-05-08 13:18:58,388 [main] &amp#27;[39mDEBUG&amp#27;[0;39m &amp#27;[36mc.g.d.z.s.o.a.h.client5.http.headers&amp#27;[0;39m - &amp#27;[32mhttp-outgoing-1 << Ostype: linux
&amp#27;[0;39m2023-05-08 13:18:58,388 [main] &amp#27;[39mDEBUG&amp#27;[0;39m &amp#27;[36mc.g.d.z.s.o.a.h.client5.http.headers&amp#27;[0;39m - &amp#27;[32mhttp-outgoing-1 << Server: Docker/23.0.5 (linux)
&amp#27;[0;39m2023-05-08 13:18:58,388 [main] &amp#27;[39mDEBUG&amp#27;[0;39m &amp#27;[36mc.g.d.z.s.o.a.h.client5.http.headers&amp#27;[0;39m - &amp#27;[32mhttp-outgoing-1 << Date: Mon, 08 May 2023 11:18:58 GMT
&amp#27;[0;39m2023-05-08 13:18:58,388 [main] &amp#27;[39mDEBUG&amp#27;[0;39m &amp#27;[36mc.g.d.z.s.o.a.h.client5.http.headers&amp#27;[0;39m - &amp#27;[32mhttp-outgoing-1 << Transfer-Encoding: chunked
&amp#27;[0;39m2023-05-08 13:18:58,388 [main] &amp#27;[39mDEBUG&amp#27;[0;39m &amp#27;[36mc.g.d.z.s.o.a.h.c.h.i.c.MainClientExec&amp#27;[0;39m - &amp#27;[32mex-00000035: connection can be kept alive for 3 MINUTES
&amp#27;[0;39m2023-05-08 13:18:58,389 [main] &amp#27;[39mDEBUG&amp#27;[0;39m &amp#27;[36mc.g.d.z.s.o.a.h.c.h.i.c.InternalHttpClient&amp#27;[0;39m - &amp#27;[32mep-00000034: releasing valid endpoint
&amp#27;[0;39m2023-05-08 13:18:58,389 [main] &amp#27;[39mDEBUG&amp#27;[0;39m &amp#27;[36mc.g.d.z.s.o.a.h.c.h.i.i.PoolingHttpClientConnectionManager&amp#27;[0;39m - &amp#27;[32mep-00000034: releasing endpoint
&amp#27;[0;39m2023-05-08 13:18:58,389 [main] &amp#27;[39mDEBUG&amp#27;[0;39m &amp#27;[36mc.g.d.z.s.o.a.h.c.h.i.i.PoolingHttpClientConnectionManager&amp#27;[0;39m - &amp#27;[32mep-00000034: connection http-outgoing-1 can be kept alive for 3 MINUTES
&amp#27;[0;39m2023-05-08 13:18:58,389 [main] &amp#27;[39mDEBUG&amp#27;[0;39m &amp#27;[36mc.g.d.z.s.o.a.h.c.h.i.i.PoolingHttpClientConnectionManager&amp#27;[0;39m - &amp#27;[32mep-00000034: connection released [route: {}->unix://localhost:2375][total available: 1; route allocated: 1 of 2147483647; total allocated: 1 of 2147483647]
&amp#27;[0;39m2023-05-08 13:18:58,389 [main] &amp#27;[39mDEBUG&amp#27;[0;39m &amp#27;[36mtc.mysql:8.0.0&amp#27;[0;39m - &amp#27;[32mTrying to create JDBC connection using com.mysql.cj.jdbc.Driver to jdbc:mysql://localhost:32781/test?useSSL=false&allowPublicKeyRetrieval=true with properties: {password=test, user=test}
&amp#27;[0;39m2023-05-08 13:18:58,492 [main] &amp#27;[39mDEBUG&amp#27;[0;39m &amp#27;[36mo.t.s.c.g.d.c.command.AbstrDockerCmd&amp#27;[0;39m - &amp#27;[32mCmd: cccfb0602d7e775562ae171a9fe0a7ec811b6906268008a84fea93151d2a7305,false
&amp#27;[0;39m2023-05-08 13:18:58,493 [main] &amp#27;[39mDEBUG&amp#27;[0;39m &amp#27;[36mo.t.s.c.g.d.c.e.InspectContainerCmdExec&amp#27;[0;39m - &amp#27;[32mGET: DefaultWebTarget{path=[/containers/cccfb0602d7e775562ae171a9fe0a7ec811b6906268008a84fea93151d2a7305/json], queryParams={}}
&amp#27;[0;39m2023-05-08 13:18:58,493 [main] &amp#27;[39mDEBUG&amp#27;[0;39m &amp#27;[36mc.g.d.z.s.o.a.h.c.h.i.c.InternalHttpClient&amp#27;[0;39m - &amp#27;[32mex-00000036: preparing request execution
&amp#27;[0;39m2023-05-08 13:18:58,494 [main] &amp#27;[39mDEBUG&amp#27;[0;39m &amp#27;[36mc.g.d.z.s.o.a.h.c.h.p.RequestAddCookies&amp#27;[0;39m - &amp#27;[32mCookie spec selected: strict
&amp#27;[0;39m2023-05-08 13:18:58,494 [main] &amp#27;[39mDEBUG&amp#27;[0;39m &amp#27;[36mc.g.d.z.s.o.a.h.c.h.p.RequestAuthCache&amp#27;[0;39m - &amp#27;[32mAuth cache not set in the context
&amp#27;[0;39m2023-05-08 13:18:58,494 [main] &amp#27;[39mDEBUG&amp#27;[0;39m &amp#27;[36mc.g.d.z.s.o.a.h.c.h.i.c.ProtocolExec&amp#27;[0;39m - &amp#27;[32mex-00000036: target auth state: UNCHALLENGED
&amp#27;[0;39m2023-05-08 13:18:58,494 [main] &amp#27;[39mDEBUG&amp#27;[0;39m &amp#27;[36mc.g.d.z.s.o.a.h.c.h.i.c.ProtocolExec&amp#27;[0;39m - &amp#27;[32mex-00000036: proxy auth state: UNCHALLENGED
&amp#27;[0;39m2023-05-08 13:18:58,494 [main] &amp#27;[39mDEBUG&amp#27;[0;39m &amp#27;[36mc.g.d.z.s.o.a.h.c.h.i.c.ConnectExec&amp#27;[0;39m - &amp#27;[32mex-00000036: acquiring connection with route {}->unix://localhost:2375
&amp#27;[0;39m2023-05-08 13:18:58,494 [main] &amp#27;[39mDEBUG&amp#27;[0;39m &amp#27;[36mc.g.d.z.s.o.a.h.c.h.i.c.InternalHttpClient&amp#27;[0;39m - &amp#27;[32mex-00000036: acquiring endpoint (3 MINUTES)
&amp#27;[0;39m2023-05-08 13:18:58,494 [main] &amp#27;[39mDEBUG&amp#27;[0;39m &amp#27;[36mc.g.d.z.s.o.a.h.c.h.i.i.PoolingHttpClientConnectionManager&amp#27;[0;39m - &amp#27;[32mex-00000036: endpoint lease request (3 MINUTES) [route: {}->unix://localhost:2375][total available: 1; route allocated: 1 of 2147483647; total allocated: 1 of 2147483647]
&amp#27;[0;39m2023-05-08 13:18:58,494 [main] &amp#27;[39mDEBUG&amp#27;[0;39m &amp#27;[36mc.g.d.z.s.o.a.h.c.h.i.i.PoolingHttpClientConnectionManager&amp#27;[0;39m - &amp#27;[32mex-00000036: endpoint leased [route: {}->unix://localhost:2375][total available: 0; route allocated: 1 of 2147483647; total allocated: 1 of 2147483647]
&amp#27;[0;39m2023-05-08 13:18:58,494 [main] &amp#27;[39mDEBUG&amp#27;[0;39m &amp#27;[36mc.g.d.z.s.o.a.h.c.h.i.i.PoolingHttpClientConnectionManager&amp#27;[0;39m - &amp#27;[32mex-00000036: acquired ep-00000035
&amp#27;[0;39m2023-05-08 13:18:58,494 [main] &amp#27;[39mDEBUG&amp#27;[0;39m &amp#27;[36mc.g.d.z.s.o.a.h.c.h.i.c.InternalHttpClient&amp#27;[0;39m - &amp#27;[32mex-00000036: acquired endpoint ep-00000035
&amp#27;[0;39m2023-05-08 13:18:58,494 [main] &amp#27;[39mDEBUG&amp#27;[0;39m &amp#27;[36mc.g.d.z.s.o.a.h.c.h.i.c.MainClientExec&amp#27;[0;39m - &amp#27;[32mex-00000036: executing GET /v1.32/containers/cccfb0602d7e775562ae171a9fe0a7ec811b6906268008a84fea93151d2a7305/json HTTP/1.1
&amp#27;[0;39m2023-05-08 13:18:58,494 [main] &amp#27;[39mDEBUG&amp#27;[0;39m &amp#27;[36mc.g.d.z.s.o.a.h.c.h.i.c.InternalHttpClient&amp#27;[0;39m - &amp#27;[32mep-00000035: start execution ex-00000036
&amp#27;[0;39m2023-05-08 13:18:58,494 [main] &amp#27;[39mDEBUG&amp#27;[0;39m &amp#27;[36mc.g.d.z.s.o.a.h.c.h.i.i.PoolingHttpClientConnectionManager&amp#27;[0;39m - &amp#27;[32mep-00000035: executing exchange ex-00000036 over http-outgoing-1
&amp#27;[0;39m2023-05-08 13:18:58,494 [main] &amp#27;[39mDEBUG&amp#27;[0;39m &amp#27;[36mc.g.d.z.s.o.a.h.client5.http.headers&amp#27;[0;39m - &amp#27;[32mhttp-outgoing-1 >> GET /v1.32/containers/cccfb0602d7e775562ae171a9fe0a7ec811b6906268008a84fea93151d2a7305/json HTTP/1.1
&amp#27;[0;39m2023-05-08 13:18:58,494 [main] &amp#27;[39mDEBUG&amp#27;[0;39m &amp#27;[36mc.g.d.z.s.o.a.h.client5.http.headers&amp#27;[0;39m - &amp#27;[32mhttp-outgoing-1 >> accept: application/json
&amp#27;[0;39m2023-05-08 13:18:58,494 [main] &amp#27;[39mDEBUG&amp#27;[0;39m &amp#27;[36mc.g.d.z.s.o.a.h.client5.http.headers&amp#27;[0;39m - &amp#27;[32mhttp-outgoing-1 >> x-tc-sid: f1b696c1-ec3f-4f95-afa8-081853be7ccb
&amp#27;[0;39m2023-05-08 13:18:58,494 [main] &amp#27;[39mDEBUG&amp#27;[0;39m &amp#27;[36mc.g.d.z.s.o.a.h.client5.http.headers&amp#27;[0;39m - &amp#27;[32mhttp-outgoing-1 >> Accept-Encoding: gzip, x-gzip, deflate
&amp#27;[0;39m2023-05-08 13:18:58,494 [main] &amp#27;[39mDEBUG&amp#27;[0;39m &amp#27;[36mc.g.d.z.s.o.a.h.client5.http.headers&amp#27;[0;39m - &amp#27;[32mhttp-outgoing-1 >> Host: localhost:2375
&amp#27;[0;39m2023-05-08 13:18:58,494 [main] &amp#27;[39mDEBUG&amp#27;[0;39m &amp#27;[36mc.g.d.z.s.o.a.h.client5.http.headers&amp#27;[0;39m - &amp#27;[32mhttp-outgoing-1 >> Connection: keep-alive
&amp#27;[0;39m2023-05-08 13:18:58,494 [main] &amp#27;[39mDEBUG&amp#27;[0;39m &amp#27;[36mc.g.d.z.s.o.a.h.client5.http.headers&amp#27;[0;39m - &amp#27;[32mhttp-outgoing-1 >> User-Agent: Apache-HttpClient/5.0.3 (Java/17.0.6)
&amp#27;[0;39m2023-05-08 13:18:58,494 [main] &amp#27;[39mDEBUG&amp#27;[0;39m &amp#27;[36mc.g.d.z.s.o.a.hc.client5.http.wire&amp#27;[0;39m - &amp#27;[32mhttp-outgoing-1 >> "GET /v1.32/containers/cccfb0602d7e775562ae171a9fe0a7ec811b6906268008a84fea93151d2a7305/json HTTP/1.1[\r][\n]"
&amp#27;[0;39m2023-05-08 13:18:58,494 [main] &amp#27;[39mDEBUG&amp#27;[0;39m &amp#27;[36mc.g.d.z.s.o.a.hc.client5.http.wire&amp#27;[0;39m - &amp#27;[32mhttp-outgoing-1 >> "accept: application/json[\r][\n]"
&amp#27;[0;39m2023-05-08 13:18:58,495 [main] &amp#27;[39mDEBUG&amp#27;[0;39m &amp#27;[36mc.g.d.z.s.o.a.hc.client5.http.wire&amp#27;[0;39m - &amp#27;[32mhttp-outgoing-1 >> "x-tc-sid: f1b696c1-ec3f-4f95-afa8-081853be7ccb[\r][\n]"
&amp#27;[0;39m2023-05-08 13:18:58,495 [main] &amp#27;[39mDEBUG&amp#27;[0;39m &amp#27;[36mc.g.d.z.s.o.a.hc.client5.http.wire&amp#27;[0;39m - &amp#27;[32mhttp-outgoing-1 >> "Accept-Encoding: gzip, x-gzip, deflate[\r][\n]"
&amp#27;[0;39m2023-05-08 13:18:58,495 [main] &amp#27;[39mDEBUG&amp#27;[0;39m &amp#27;[36mc.g.d.z.s.o.a.hc.client5.http.wire&amp#27;[0;39m - &amp#27;[32mhttp-outgoing-1 >> "Host: localhost:2375[\r][\n]"
&amp#27;[0;39m2023-05-08 13:18:58,495 [main] &amp#27;[39mDEBUG&amp#27;[0;39m &amp#27;[36mc.g.d.z.s.o.a.hc.client5.http.wire&amp#27;[0;39m - &amp#27;[32mhttp-outgoing-1 >> "Connection: keep-alive[\r][\n]"
&amp#27;[0;39m2023-05-08 13:18:58,495 [main] &amp#27;[39mDEBUG&amp#27;[0;39m &amp#27;[36mc.g.d.z.s.o.a.hc.client5.http.wire&amp#27;[0;39m - &amp#27;[32mhttp-outgoing-1 >> "User-Agent: Apache-HttpClient/5.0.3 (Java/17.0.6)[\r][\n]"
&amp#27;[0;39m2023-05-08 13:18:58,495 [main] &amp#27;[39mDEBUG&amp#27;[0;39m &amp#27;[36mc.g.d.z.s.o.a.hc.client5.http.wire&amp#27;[0;39m - &amp#27;[32mhttp-outgoing-1 >> "[\r][\n]"
&amp#27;[0;39m2023-05-08 13:18:58,496 [main] &amp#27;[39mDEBUG&amp#27;[0;39m &amp#27;[36mc.g.d.z.s.o.a.hc.client5.http.wire&amp#27;[0;39m - &amp#27;[32mhttp-outgoing-1 << "HTTP/1.1 200 OK[\r][\n]"
&amp#27;[0;39m2023-05-08 13:18:58,496 [main] &amp#27;[39mDEBUG&amp#27;[0;39m &amp#27;[36mc.g.d.z.s.o.a.hc.client5.http.wire&amp#27;[0;39m - &amp#27;[32mhttp-outgoing-1 << "Api-Version: 1.42[\r][\n]"
&amp#27;[0;39m2023-05-08 13:18:58,496 [main] &amp#27;[39mDEBUG&amp#27;[0;39m &amp#27;[36mc.g.d.z.s.o.a.hc.client5.http.wire&amp#27;[0;39m - &amp#27;[32mhttp-outgoing-1 << "Content-Type: application/json[\r][\n]"
&amp#27;[0;39m2023-05-08 13:18:58,496 [main] &amp#27;[39mDEBUG&amp#27;[0;39m &amp#27;[36mc.g.d.z.s.o.a.hc.client5.http.wire&amp#27;[0;39m - &amp#27;[32mhttp-outgoing-1 << "Docker-Experimental: false[\r][\n]"
&amp#27;[0;39m2023-05-08 13:18:58,496 [main] &amp#27;[39mDEBUG&amp#27;[0;39m &amp#27;[36mc.g.d.z.s.o.a.hc.client5.http.wire&amp#27;[0;39m - &amp#27;[32mhttp-outgoing-1 << "Ostype: linux[\r][\n]"
&amp#27;[0;39m2023-05-08 13:18:58,496 [main] &amp#27;[39mDEBUG&amp#27;[0;39m &amp#27;[36mc.g.d.z.s.o.a.hc.client5.http.wire&amp#27;[0;39m - &amp#27;[32mhttp-outgoing-1 << "Server: Docker/23.0.5 (linux)[\r][\n]"
&amp#27;[0;39m2023-05-08 13:18:58,496 [main] &amp#27;[39mDEBUG&amp#27;[0;39m &amp#27;[36mc.g.d.z.s.o.a.hc.client5.http.wire&amp#27;[0;39m - &amp#27;[32mhttp-outgoing-1 << "Date: Mon, 08 May 2023 11:18:58 GMT[\r][\n]"
&amp#27;[0;39m2023-05-08 13:18:58,496 [main] &amp#27;[39mDEBUG&amp#27;[0;39m &amp#27;[36mc.g.d.z.s.o.a.hc.client5.http.wire&amp#27;[0;39m - &amp#27;[32mhttp-outgoing-1 << "Transfer-Encoding: chunked[\r][\n]"
&amp#27;[0;39m2023-05-08 13:18:58,496 [main] &amp#27;[39mDEBUG&amp#27;[0;39m &amp#27;[36mc.g.d.z.s.o.a.hc.client5.http.wire&amp#27;[0;39m - &amp#27;[32mhttp-outgoing-1 << "[\r][\n]"
&amp#27;[0;39m2023-05-08 13:18:58,496 [main] &amp#27;[39mDEBUG&amp#27;[0;39m &amp#27;[36mc.g.d.z.s.o.a.hc.client5.http.wire&amp#27;[0;39m - &amp#27;[32mhttp-outgoing-1 << "1890[\r][\n]"
&amp#27;[0;39m2023-05-08 13:18:58,496 [main] &amp#27;[39mDEBUG&amp#27;[0;39m &amp#27;[36mc.g.d.z.s.o.a.hc.client5.http.wire&amp#27;[0;39m - &amp#27;[32mhttp-outgoing-1 << "{"Id":"cccfb0602d7e775562ae171a9fe0a7ec811b6906268008a84fea93151d2a7305","Created":"2023-05-08T11:18:54.120535425Z","Path":"docker-entrypoint.sh","Args":["mysqld"],"State":{"Status":"running","Running":true,"Paused":false,"Restarting":false,"OOMKilled":false,"Dead":false,"Pid":59126,"ExitCode":0,"Error":"","StartedAt":"2023-05-08T11:18:54.468577716Z","FinishedAt":"0001-01-01T00:00:00Z"},"Image":"sha256:228d71078f8ce5ae9fd96b183f88c3a90e30544b4b7ce9d64a238d05fef2a681","ResolvConfPath":"/var/lib/docker/containers/cccfb0602d7e775562ae171a9fe0a7ec811b6906268008a84fea93151d2a7305/resolv.conf","HostnamePath":"/var/lib/docker/containers/cccfb0602d7e775562ae171a9fe0a7ec811b6906268008a84fea93151d2a7305/hostname","HostsPath":"/var/lib/docker/containers/cccfb0602d7e775562ae171a9fe0a7ec811b6906268008a84fea93151d2a7305/hosts","LogPath":"/var/lib/docker/containers/cccfb0602d7e775562ae171a9fe0a7ec811b6906268008a84fea93151d2a7305/cccfb0602d7e775562ae171a9fe0a7ec811b6906268008a84fea93151d2a7305-json.log","Name":"/charming_goodall","RestartCount":0,"Driver":"overlay2","Platform":"linux","MountLabel":"","ProcessLabel":"","AppArmorProfile":"docker-default","ExecIDs":null,"HostConfig":{"Binds":[],"ContainerIDFile":"","LogConfig":{"Type":"json-file","Config":{}},"NetworkMode":"default","PortBindings":{"3306/tcp":[{"HostIp":"","HostPort":""}]},"RestartPolicy":{"Name":"","MaximumRetryCount":0},"AutoRemove":false,"VolumeDriver":"","VolumesFrom":[],"ConsoleSize":[0,0],"CapAdd":null,"CapDrop":null,"CgroupnsMode":"private","Dns":null,"DnsOptions":null,"DnsSearch":null,"ExtraHosts":[],"GroupAdd":null,"IpcMode":"shareable","Cgroup":"","Links":null,"OomScoreAdj":0,"PidMode":"","Privileged":false,"PublishAllPorts":false,"ReadonlyRootfs":false,"SecurityOpt":null,"UTSMode":"","UsernsMode":"","ShmSize":67108864,"Runtime":"runc","Isolation":"","CpuShares":0,"Memory":0,"NanoCpus":0,"CgroupParent":"","BlkioWeight":0,"BlkioWeightDevice":null,"BlkioDeviceReadBps":null,"BlkioDeviceWriteBps":null,"BlkioDeviceReadIOps":null,"BlkioDeviceWriteIOps":null,"CpuPeriod":0,"CpuQuota":0,"CpuRealtimePeriod":0,"CpuRealtimeRuntime":0,"CpusetCpus":"","CpusetMems":"","Devices":null,"DeviceCgroupRules":null,"DeviceRequests":null,"MemoryReservation":0,"MemorySwap":0,"MemorySwappiness":null,"OomKillDisable":null,"PidsLimit":null,"Ulimits":null,"CpuCount":0,"CpuPercent":0,"IOMaximumIOps":0,"IOMaximumBandwidth":0,"MaskedPaths":["/proc/asound","/proc/acpi","/proc/kcore","/proc/keys","/proc/latency_stats","/proc/timer_list","/proc/timer_stats","/proc/sched_debug","/proc/scsi","/sys/firmware"],"ReadonlyPaths":["/proc/bus","/proc/fs","/proc/irq","/proc/sys","/proc/sysrq-trigger"]},"GraphDriver":{"Data":{"LowerDir":"/var/lib/docker/overlay2/0075f27ac39799b376a3e23bf05a650eb10c8a0f9ef49be1ab61e98fd3b93dc3-init/diff:/var/lib/docker/overlay2/4c6e20f032f02b27a9272f982861dc21998197aa90d94ed3bef95d449380247c/diff:/var/lib/docker/overlay2/0c75f828f603eff839bb3ca448163ab2a8017e86625ac255cd3dbf1673ddac26/diff:/var/lib/docker/overlay2/da128d897fda75829109844ce6cd9d73d0f54c682e735100af000ce899908729/diff:/var/lib/docker/overlay2/b678a1f261bf323afba6d76d91ab7428bdd6e1ef4a39b5224e4a1afd08c0423a/diff:/var/lib/docker/overlay2/1bec43b14875c5f9f814f146e8e31aa78566689c2c163da2ac60a32254988437/diff:/var/lib/docker/overlay2/28f4b1e6e1a7a2dbe30f1f94fb42bccd85a61faf8af1fe30a5bb0d442c525e41/diff:/var/lib/docker/overlay2/0f493124464c291d7c97d2633d5dff04b1dce5de904cb40a34dfbe7fe72e3fd4/diff:/var/lib/docker/overlay2/05befbee9e38cd670e1786b3310e99796dcc06abbed970007b4109a5424843fa/diff:/var/lib/docker/overlay2/582bcca9acfc4eef25109e1e1b9c9d104f355798455bc73e855c99283887a6e8/diff:/var/lib/docker/overlay2/153b3bf0b69e97e8f0e5533414a31ca33fa530e63d174c9617621abe46e7e9d1/diff:/var/lib/docker/overlay2/bf87a76c0a38875ee6e915fd0d2527eafa880ec6bf2c1cb294959428c18d10bd/diff","MergedDir":"/var/lib/docker/overlay2/0075f27ac39799b376a3e23bf05a650eb10c8a0f9ef49be1ab61e98fd3b93dc3/merged","UpperDir":"/var/lib/docker/overlay2/0075f27ac39799b376a3e23bf05a650eb10c8a0f9ef49be1ab61e98fd3b93dc3/diff","WorkDir":"/var/lib/docker/overlay2/0075f27ac39799b376a3e23bf05a650eb10c8a0f9ef49be1ab61e98fd3b93dc3/work"},"Name":"overlay2"},"Mounts":[{"Type":"volume","Name":"ffd30c8cc7ed7bf91bc1ebef46b0f06493ce1d3121e28c37d40240bd74b844a5","Source":"/var/lib/docker/volumes/ffd30c8cc7ed7bf91bc1ebef46b0f06493ce1d3121e28c37d40240bd74b844a5/_data","Destination":"/var/lib/mysql","Driver":"local","Mode":"","RW":true,"Propagation":""}],"Config":{"Hostname":"cccfb0602d7e","Domainname":"","User":"","AttachStdin":false,"AttachStdout":false,"AttachStderr":false,"ExposedPorts":{"3306/tcp":{}},"Tty":false,"OpenStdin":false,"StdinOnce":false,"Env":["MYSQL_DATABASE=test","MYSQL_PASSWORD=test","MYSQL_USER=test","MYSQL_ROOT_PASSWORD=test","PATH=/usr/local/sbin:/usr/local/bin:/usr/sbin:/usr/bin:/sbin:/bin","GOSU_VERSION=1.7","MYSQL_MAJOR=8.0","MYSQL_VERSION=8.0.0-dmr-1debian8"],"Cmd":["mysqld"],"Image":"mysql:8.0.0","Volumes":{"/var/lib/mysql":{}},"WorkingDir":"","Entrypoint":["docker-entrypoint.sh"],"OnBuild":null,"Labels":{"org.testcontainers":"true","org.testcontainers.lang":"java","org.testcontainers.sessionId":"f1b696c1-ec3f-4f95-afa8-081853be7ccb","org.testcontainers.version":"1.18.0"}},"NetworkSettings":{"Bridge":"","SandboxID":"75a4ef0436803615aa77c8b97de3cbbdd49519261fe2b3b6cdcae9bd2b1154aa","HairpinMode":false,"LinkLocalIPv6Address":"","LinkLocalIPv6PrefixLen":0,"Ports":{"3306/tcp":[{"HostIp":"0.0.0.0","HostPort":"32781"},{"HostIp":"::","HostPort":"32781"}]},"SandboxKey":"/var/run/docker/netns/75a4ef043680","SecondaryIPAddresses":null,"SecondaryIPv6Addresses":null,"EndpointID":"de3a5c9cc9471fdbec5943d78a8803fca61208fe4021ac9d3922ee2e8ec0d135","Gateway":"172.17.0.1","GlobalIPv6Address":"","GlobalIPv6PrefixLen":0,"IPAddress":"172.17.0.3","IPPrefixLen":16,"IPv6Gateway":"","MacAddress":"02:42:ac:11:00:03","Networks":{"bridge":{"IPAMConfig":null,"Links":null,"Aliases":null,"NetworkID":"e1a078e12eb8d77b497ed932f7fb43787eeb6ff6972febd7d03c9282b8b5cd45","EndpointID":"de3a5c9cc9471fdbec5943d78a8803fca61208fe4021ac9d3922ee2e8ec0d135","Gateway":"172.17.0.1","IPAddress":"172.17.0.3","IPPrefixLen":16,"IPv6Gateway":"","GlobalIPv6Address":"","GlobalIPv6PrefixLen":0,"MacAddress":"02:42:ac:11:00:03","DriverOpts":null}}}}[\n]"
&amp#27;[0;39m2023-05-08 13:18:58,496 [main] &amp#27;[39mDEBUG&amp#27;[0;39m &amp#27;[36mc.g.d.z.s.o.a.hc.client5.http.wire&amp#27;[0;39m - &amp#27;[32mhttp-outgoing-1 << "[\r][\n]"
&amp#27;[0;39m2023-05-08 13:18:58,496 [main] &amp#27;[39mDEBUG&amp#27;[0;39m &amp#27;[36mc.g.d.z.s.o.a.hc.client5.http.wire&amp#27;[0;39m - &amp#27;[32mhttp-outgoing-1 << "0[\r][\n]"
&amp#27;[0;39m2023-05-08 13:18:58,496 [main] &amp#27;[39mDEBUG&amp#27;[0;39m &amp#27;[36mc.g.d.z.s.o.a.hc.client5.http.wire&amp#27;[0;39m - &amp#27;[32mhttp-outgoing-1 << "[\r][\n]"
&amp#27;[0;39m2023-05-08 13:18:58,496 [main] &amp#27;[39mDEBUG&amp#27;[0;39m &amp#27;[36mc.g.d.z.s.o.a.h.client5.http.headers&amp#27;[0;39m - &amp#27;[32mhttp-outgoing-1 << HTTP/1.1 200 OK
&amp#27;[0;39m2023-05-08 13:18:58,496 [main] &amp#27;[39mDEBUG&amp#27;[0;39m &amp#27;[36mc.g.d.z.s.o.a.h.client5.http.headers&amp#27;[0;39m - &amp#27;[32mhttp-outgoing-1 << Api-Version: 1.42
&amp#27;[0;39m2023-05-08 13:18:58,496 [main] &amp#27;[39mDEBUG&amp#27;[0;39m &amp#27;[36mc.g.d.z.s.o.a.h.client5.http.headers&amp#27;[0;39m - &amp#27;[32mhttp-outgoing-1 << Content-Type: application/json
&amp#27;[0;39m2023-05-08 13:18:58,496 [main] &amp#27;[39mDEBUG&amp#27;[0;39m &amp#27;[36mc.g.d.z.s.o.a.h.client5.http.headers&amp#27;[0;39m - &amp#27;[32mhttp-outgoing-1 << Docker-Experimental: false
&amp#27;[0;39m2023-05-08 13:18:58,496 [main] &amp#27;[39mDEBUG&amp#27;[0;39m &amp#27;[36mc.g.d.z.s.o.a.h.client5.http.headers&amp#27;[0;39m - &amp#27;[32mhttp-outgoing-1 << Ostype: linux
&amp#27;[0;39m2023-05-08 13:18:58,496 [main] &amp#27;[39mDEBUG&amp#27;[0;39m &amp#27;[36mc.g.d.z.s.o.a.h.client5.http.headers&amp#27;[0;39m - &amp#27;[32mhttp-outgoing-1 << Server: Docker/23.0.5 (linux)
&amp#27;[0;39m2023-05-08 13:18:58,496 [main] &amp#27;[39mDEBUG&amp#27;[0;39m &amp#27;[36mc.g.d.z.s.o.a.h.client5.http.headers&amp#27;[0;39m - &amp#27;[32mhttp-outgoing-1 << Date: Mon, 08 May 2023 11:18:58 GMT
&amp#27;[0;39m2023-05-08 13:18:58,496 [main] &amp#27;[39mDEBUG&amp#27;[0;39m &amp#27;[36mc.g.d.z.s.o.a.h.client5.http.headers&amp#27;[0;39m - &amp#27;[32mhttp-outgoing-1 << Transfer-Encoding: chunked
&amp#27;[0;39m2023-05-08 13:18:58,496 [main] &amp#27;[39mDEBUG&amp#27;[0;39m &amp#27;[36mc.g.d.z.s.o.a.h.c.h.i.c.MainClientExec&amp#27;[0;39m - &amp#27;[32mex-00000036: connection can be kept alive for 3 MINUTES
&amp#27;[0;39m2023-05-08 13:18:58,497 [main] &amp#27;[39mDEBUG&amp#27;[0;39m &amp#27;[36mc.g.d.z.s.o.a.h.c.h.i.c.InternalHttpClient&amp#27;[0;39m - &amp#27;[32mep-00000035: releasing valid endpoint
&amp#27;[0;39m2023-05-08 13:18:58,498 [main] &amp#27;[39mDEBUG&amp#27;[0;39m &amp#27;[36mc.g.d.z.s.o.a.h.c.h.i.i.PoolingHttpClientConnectionManager&amp#27;[0;39m - &amp#27;[32mep-00000035: releasing endpoint
&amp#27;[0;39m2023-05-08 13:18:58,498 [main] &amp#27;[39mDEBUG&amp#27;[0;39m &amp#27;[36mc.g.d.z.s.o.a.h.c.h.i.i.PoolingHttpClientConnectionManager&amp#27;[0;39m - &amp#27;[32mep-00000035: connection http-outgoing-1 can be kept alive for 3 MINUTES
&amp#27;[0;39m2023-05-08 13:18:58,498 [main] &amp#27;[39mDEBUG&amp#27;[0;39m &amp#27;[36mc.g.d.z.s.o.a.h.c.h.i.i.PoolingHttpClientConnectionManager&amp#27;[0;39m - &amp#27;[32mep-00000035: connection released [route: {}->unix://localhost:2375][total available: 1; route allocated: 1 of 2147483647; total allocated: 1 of 2147483647]
&amp#27;[0;39m2023-05-08 13:18:58,498 [main] &amp#27;[39mDEBUG&amp#27;[0;39m &amp#27;[36mtc.mysql:8.0.0&amp#27;[0;39m - &amp#27;[32mTrying to create JDBC connection using com.mysql.cj.jdbc.Driver to jdbc:mysql://localhost:32781/test?useSSL=false&allowPublicKeyRetrieval=true with properties: {password=test, user=test}
&amp#27;[0;39m2023-05-08 13:18:58,600 [main] &amp#27;[39mDEBUG&amp#27;[0;39m &amp#27;[36mo.t.s.c.g.d.c.command.AbstrDockerCmd&amp#27;[0;39m - &amp#27;[32mCmd: cccfb0602d7e775562ae171a9fe0a7ec811b6906268008a84fea93151d2a7305,false
&amp#27;[0;39m2023-05-08 13:18:58,601 [main] &amp#27;[39mDEBUG&amp#27;[0;39m &amp#27;[36mo.t.s.c.g.d.c.e.InspectContainerCmdExec&amp#27;[0;39m - &amp#27;[32mGET: DefaultWebTarget{path=[/containers/cccfb0602d7e775562ae171a9fe0a7ec811b6906268008a84fea93151d2a7305/json], queryParams={}}
&amp#27;[0;39m2023-05-08 13:18:58,601 [main] &amp#27;[39mDEBUG&amp#27;[0;39m &amp#27;[36mc.g.d.z.s.o.a.h.c.h.i.c.InternalHttpClient&amp#27;[0;39m - &amp#27;[32mex-00000037: preparing request execution
&amp#27;[0;39m2023-05-08 13:18:58,601 [main] &amp#27;[39mDEBUG&amp#27;[0;39m &amp#27;[36mc.g.d.z.s.o.a.h.c.h.p.RequestAddCookies&amp#27;[0;39m - &amp#27;[32mCookie spec selected: strict
&amp#27;[0;39m2023-05-08 13:18:58,601 [main] &amp#27;[39mDEBUG&amp#27;[0;39m &amp#27;[36mc.g.d.z.s.o.a.h.c.h.p.RequestAuthCache&amp#27;[0;39m - &amp#27;[32mAuth cache not set in the context
&amp#27;[0;39m2023-05-08 13:18:58,601 [main] &amp#27;[39mDEBUG&amp#27;[0;39m &amp#27;[36mc.g.d.z.s.o.a.h.c.h.i.c.ProtocolExec&amp#27;[0;39m - &amp#27;[32mex-00000037: target auth state: UNCHALLENGED
&amp#27;[0;39m2023-05-08 13:18:58,601 [main] &amp#27;[39mDEBUG&amp#27;[0;39m &amp#27;[36mc.g.d.z.s.o.a.h.c.h.i.c.ProtocolExec&amp#27;[0;39m - &amp#27;[32mex-00000037: proxy auth state: UNCHALLENGED
&amp#27;[0;39m2023-05-08 13:18:58,601 [main] &amp#27;[39mDEBUG&amp#27;[0;39m &amp#27;[36mc.g.d.z.s.o.a.h.c.h.i.c.ConnectExec&amp#27;[0;39m - &amp#27;[32mex-00000037: acquiring connection with route {}->unix://localhost:2375
&amp#27;[0;39m2023-05-08 13:18:58,601 [main] &amp#27;[39mDEBUG&amp#27;[0;39m &amp#27;[36mc.g.d.z.s.o.a.h.c.h.i.c.InternalHttpClient&amp#27;[0;39m - &amp#27;[32mex-00000037: acquiring endpoint (3 MINUTES)
&amp#27;[0;39m2023-05-08 13:18:58,602 [main] &amp#27;[39mDEBUG&amp#27;[0;39m &amp#27;[36mc.g.d.z.s.o.a.h.c.h.i.i.PoolingHttpClientConnectionManager&amp#27;[0;39m - &amp#27;[32mex-00000037: endpoint lease request (3 MINUTES) [route: {}->unix://localhost:2375][total available: 1; route allocated: 1 of 2147483647; total allocated: 1 of 2147483647]
&amp#27;[0;39m2023-05-08 13:18:58,602 [main] &amp#27;[39mDEBUG&amp#27;[0;39m &amp#27;[36mc.g.d.z.s.o.a.h.c.h.i.i.PoolingHttpClientConnectionManager&amp#27;[0;39m - &amp#27;[32mex-00000037: endpoint leased [route: {}->unix://localhost:2375][total available: 0; route allocated: 1 of 2147483647; total allocated: 1 of 2147483647]
&amp#27;[0;39m2023-05-08 13:18:58,602 [main] &amp#27;[39mDEBUG&amp#27;[0;39m &amp#27;[36mc.g.d.z.s.o.a.h.c.h.i.i.PoolingHttpClientConnectionManager&amp#27;[0;39m - &amp#27;[32mex-00000037: acquired ep-00000036
&amp#27;[0;39m2023-05-08 13:18:58,602 [main] &amp#27;[39mDEBUG&amp#27;[0;39m &amp#27;[36mc.g.d.z.s.o.a.h.c.h.i.c.InternalHttpClient&amp#27;[0;39m - &amp#27;[32mex-00000037: acquired endpoint ep-00000036
&amp#27;[0;39m2023-05-08 13:18:58,602 [main] &amp#27;[39mDEBUG&amp#27;[0;39m &amp#27;[36mc.g.d.z.s.o.a.h.c.h.i.c.MainClientExec&amp#27;[0;39m - &amp#27;[32mex-00000037: executing GET /v1.32/containers/cccfb0602d7e775562ae171a9fe0a7ec811b6906268008a84fea93151d2a7305/json HTTP/1.1
&amp#27;[0;39m2023-05-08 13:18:58,602 [main] &amp#27;[39mDEBUG&amp#27;[0;39m &amp#27;[36mc.g.d.z.s.o.a.h.c.h.i.c.InternalHttpClient&amp#27;[0;39m - &amp#27;[32mep-00000036: start execution ex-00000037
&amp#27;[0;39m2023-05-08 13:18:58,602 [main] &amp#27;[39mDEBUG&amp#27;[0;39m &amp#27;[36mc.g.d.z.s.o.a.h.c.h.i.i.PoolingHttpClientConnectionManager&amp#27;[0;39m - &amp#27;[32mep-00000036: executing exchange ex-00000037 over http-outgoing-1
&amp#27;[0;39m2023-05-08 13:18:58,602 [main] &amp#27;[39mDEBUG&amp#27;[0;39m &amp#27;[36mc.g.d.z.s.o.a.h.client5.http.headers&amp#27;[0;39m - &amp#27;[32mhttp-outgoing-1 >> GET /v1.32/containers/cccfb0602d7e775562ae171a9fe0a7ec811b6906268008a84fea93151d2a7305/json HTTP/1.1
&amp#27;[0;39m2023-05-08 13:18:58,602 [main] &amp#27;[39mDEBUG&amp#27;[0;39m &amp#27;[36mc.g.d.z.s.o.a.h.client5.http.headers&amp#27;[0;39m - &amp#27;[32mhttp-outgoing-1 >> accept: application/json
&amp#27;[0;39m2023-05-08 13:18:58,602 [main] &amp#27;[39mDEBUG&amp#27;[0;39m &amp#27;[36mc.g.d.z.s.o.a.h.client5.http.headers&amp#27;[0;39m - &amp#27;[32mhttp-outgoing-1 >> x-tc-sid: f1b696c1-ec3f-4f95-afa8-081853be7ccb
&amp#27;[0;39m2023-05-08 13:18:58,602 [main] &amp#27;[39mDEBUG&amp#27;[0;39m &amp#27;[36mc.g.d.z.s.o.a.h.client5.http.headers&amp#27;[0;39m - &amp#27;[32mhttp-outgoing-1 >> Accept-Encoding: gzip, x-gzip, deflate
&amp#27;[0;39m2023-05-08 13:18:58,602 [main] &amp#27;[39mDEBUG&amp#27;[0;39m &amp#27;[36mc.g.d.z.s.o.a.h.client5.http.headers&amp#27;[0;39m - &amp#27;[32mhttp-outgoing-1 >> Host: localhost:2375
&amp#27;[0;39m2023-05-08 13:18:58,602 [main] &amp#27;[39mDEBUG&amp#27;[0;39m &amp#27;[36mc.g.d.z.s.o.a.h.client5.http.headers&amp#27;[0;39m - &amp#27;[32mhttp-outgoing-1 >> Connection: keep-alive
&amp#27;[0;39m2023-05-08 13:18:58,602 [main] &amp#27;[39mDEBUG&amp#27;[0;39m &amp#27;[36mc.g.d.z.s.o.a.h.client5.http.headers&amp#27;[0;39m - &amp#27;[32mhttp-outgoing-1 >> User-Agent: Apache-HttpClient/5.0.3 (Java/17.0.6)
&amp#27;[0;39m2023-05-08 13:18:58,602 [main] &amp#27;[39mDEBUG&amp#27;[0;39m &amp#27;[36mc.g.d.z.s.o.a.hc.client5.http.wire&amp#27;[0;39m - &amp#27;[32mhttp-outgoing-1 >> "GET /v1.32/containers/cccfb0602d7e775562ae171a9fe0a7ec811b6906268008a84fea93151d2a7305/json HTTP/1.1[\r][\n]"
&amp#27;[0;39m2023-05-08 13:18:58,602 [main] &amp#27;[39mDEBUG&amp#27;[0;39m &amp#27;[36mc.g.d.z.s.o.a.hc.client5.http.wire&amp#27;[0;39m - &amp#27;[32mhttp-outgoing-1 >> "accept: application/json[\r][\n]"
&amp#27;[0;39m2023-05-08 13:18:58,602 [main] &amp#27;[39mDEBUG&amp#27;[0;39m &amp#27;[36mc.g.d.z.s.o.a.hc.client5.http.wire&amp#27;[0;39m - &amp#27;[32mhttp-outgoing-1 >> "x-tc-sid: f1b696c1-ec3f-4f95-afa8-081853be7ccb[\r][\n]"
&amp#27;[0;39m2023-05-08 13:18:58,602 [main] &amp#27;[39mDEBUG&amp#27;[0;39m &amp#27;[36mc.g.d.z.s.o.a.hc.client5.http.wire&amp#27;[0;39m - &amp#27;[32mhttp-outgoing-1 >> "Accept-Encoding: gzip, x-gzip, deflate[\r][\n]"
&amp#27;[0;39m2023-05-08 13:18:58,602 [main] &amp#27;[39mDEBUG&amp#27;[0;39m &amp#27;[36mc.g.d.z.s.o.a.hc.client5.http.wire&amp#27;[0;39m - &amp#27;[32mhttp-outgoing-1 >> "Host: localhost:2375[\r][\n]"
&amp#27;[0;39m2023-05-08 13:18:58,602 [main] &amp#27;[39mDEBUG&amp#27;[0;39m &amp#27;[36mc.g.d.z.s.o.a.hc.client5.http.wire&amp#27;[0;39m - &amp#27;[32mhttp-outgoing-1 >> "Connection: keep-alive[\r][\n]"
&amp#27;[0;39m2023-05-08 13:18:58,602 [main] &amp#27;[39mDEBUG&amp#27;[0;39m &amp#27;[36mc.g.d.z.s.o.a.hc.client5.http.wire&amp#27;[0;39m - &amp#27;[32mhttp-outgoing-1 >> "User-Agent: Apache-HttpClient/5.0.3 (Java/17.0.6)[\r][\n]"
&amp#27;[0;39m2023-05-08 13:18:58,602 [main] &amp#27;[39mDEBUG&amp#27;[0;39m &amp#27;[36mc.g.d.z.s.o.a.hc.client5.http.wire&amp#27;[0;39m - &amp#27;[32mhttp-outgoing-1 >> "[\r][\n]"
&amp#27;[0;39m2023-05-08 13:18:58,603 [main] &amp#27;[39mDEBUG&amp#27;[0;39m &amp#27;[36mc.g.d.z.s.o.a.hc.client5.http.wire&amp#27;[0;39m - &amp#27;[32mhttp-outgoing-1 << "HTTP/1.1 200 OK[\r][\n]"
&amp#27;[0;39m2023-05-08 13:18:58,603 [main] &amp#27;[39mDEBUG&amp#27;[0;39m &amp#27;[36mc.g.d.z.s.o.a.hc.client5.http.wire&amp#27;[0;39m - &amp#27;[32mhttp-outgoing-1 << "Api-Version: 1.42[\r][\n]"
&amp#27;[0;39m2023-05-08 13:18:58,603 [main] &amp#27;[39mDEBUG&amp#27;[0;39m &amp#27;[36mc.g.d.z.s.o.a.hc.client5.http.wire&amp#27;[0;39m - &amp#27;[32mhttp-outgoing-1 << "Content-Type: application/json[\r][\n]"
&amp#27;[0;39m2023-05-08 13:18:58,603 [main] &amp#27;[39mDEBUG&amp#27;[0;39m &amp#27;[36mc.g.d.z.s.o.a.hc.client5.http.wire&amp#27;[0;39m - &amp#27;[32mhttp-outgoing-1 << "Docker-Experimental: false[\r][\n]"
&amp#27;[0;39m2023-05-08 13:18:58,603 [main] &amp#27;[39mDEBUG&amp#27;[0;39m &amp#27;[36mc.g.d.z.s.o.a.hc.client5.http.wire&amp#27;[0;39m - &amp#27;[32mhttp-outgoing-1 << "Ostype: linux[\r][\n]"
&amp#27;[0;39m2023-05-08 13:18:58,603 [main] &amp#27;[39mDEBUG&amp#27;[0;39m &amp#27;[36mc.g.d.z.s.o.a.hc.client5.http.wire&amp#27;[0;39m - &amp#27;[32mhttp-outgoing-1 << "Server: Docker/23.0.5 (linux)[\r][\n]"
&amp#27;[0;39m2023-05-08 13:18:58,603 [main] &amp#27;[39mDEBUG&amp#27;[0;39m &amp#27;[36mc.g.d.z.s.o.a.hc.client5.http.wire&amp#27;[0;39m - &amp#27;[32mhttp-outgoing-1 << "Date: Mon, 08 May 2023 11:18:58 GMT[\r][\n]"
&amp#27;[0;39m2023-05-08 13:18:58,603 [main] &amp#27;[39mDEBUG&amp#27;[0;39m &amp#27;[36mc.g.d.z.s.o.a.hc.client5.http.wire&amp#27;[0;39m - &amp#27;[32mhttp-outgoing-1 << "Transfer-Encoding: chunked[\r][\n]"
&amp#27;[0;39m2023-05-08 13:18:58,603 [main] &amp#27;[39mDEBUG&amp#27;[0;39m &amp#27;[36mc.g.d.z.s.o.a.hc.client5.http.wire&amp#27;[0;39m - &amp#27;[32mhttp-outgoing-1 << "[\r][\n]"
&amp#27;[0;39m2023-05-08 13:18:58,603 [main] &amp#27;[39mDEBUG&amp#27;[0;39m &amp#27;[36mc.g.d.z.s.o.a.hc.client5.http.wire&amp#27;[0;39m - &amp#27;[32mhttp-outgoing-1 << "1890[\r][\n]"
&amp#27;[0;39m2023-05-08 13:18:58,603 [main] &amp#27;[39mDEBUG&amp#27;[0;39m &amp#27;[36mc.g.d.z.s.o.a.hc.client5.http.wire&amp#27;[0;39m - &amp#27;[32mhttp-outgoing-1 << "{"Id":"cccfb0602d7e775562ae171a9fe0a7ec811b6906268008a84fea93151d2a7305","Created":"2023-05-08T11:18:54.120535425Z","Path":"docker-entrypoint.sh","Args":["mysqld"],"State":{"Status":"running","Running":true,"Paused":false,"Restarting":false,"OOMKilled":false,"Dead":false,"Pid":59126,"ExitCode":0,"Error":"","StartedAt":"2023-05-08T11:18:54.468577716Z","FinishedAt":"0001-01-01T00:00:00Z"},"Image":"sha256:228d71078f8ce5ae9fd96b183f88c3a90e30544b4b7ce9d64a238d05fef2a681","ResolvConfPath":"/var/lib/docker/containers/cccfb0602d7e775562ae171a9fe0a7ec811b6906268008a84fea93151d2a7305/resolv.conf","HostnamePath":"/var/lib/docker/containers/cccfb0602d7e775562ae171a9fe0a7ec811b6906268008a84fea93151d2a7305/hostname","HostsPath":"/var/lib/docker/containers/cccfb0602d7e775562ae171a9fe0a7ec811b6906268008a84fea93151d2a7305/hosts","LogPath":"/var/lib/docker/containers/cccfb0602d7e775562ae171a9fe0a7ec811b6906268008a84fea93151d2a7305/cccfb0602d7e775562ae171a9fe0a7ec811b6906268008a84fea93151d2a7305-json.log","Name":"/charming_goodall","RestartCount":0,"Driver":"overlay2","Platform":"linux","MountLabel":"","ProcessLabel":"","AppArmorProfile":"docker-default","ExecIDs":null,"HostConfig":{"Binds":[],"ContainerIDFile":"","LogConfig":{"Type":"json-file","Config":{}},"NetworkMode":"default","PortBindings":{"3306/tcp":[{"HostIp":"","HostPort":""}]},"RestartPolicy":{"Name":"","MaximumRetryCount":0},"AutoRemove":false,"VolumeDriver":"","VolumesFrom":[],"ConsoleSize":[0,0],"CapAdd":null,"CapDrop":null,"CgroupnsMode":"private","Dns":null,"DnsOptions":null,"DnsSearch":null,"ExtraHosts":[],"GroupAdd":null,"IpcMode":"shareable","Cgroup":"","Links":null,"OomScoreAdj":0,"PidMode":"","Privileged":false,"PublishAllPorts":false,"ReadonlyRootfs":false,"SecurityOpt":null,"UTSMode":"","UsernsMode":"","ShmSize":67108864,"Runtime":"runc","Isolation":"","CpuShares":0,"Memory":0,"NanoCpus":0,"CgroupParent":"","BlkioWeight":0,"BlkioWeightDevice":null,"BlkioDeviceReadBps":null,"BlkioDeviceWriteBps":null,"BlkioDeviceReadIOps":null,"BlkioDeviceWriteIOps":null,"CpuPeriod":0,"CpuQuota":0,"CpuRealtimePeriod":0,"CpuRealtimeRuntime":0,"CpusetCpus":"","CpusetMems":"","Devices":null,"DeviceCgroupRules":null,"DeviceRequests":null,"MemoryReservation":0,"MemorySwap":0,"MemorySwappiness":null,"OomKillDisable":null,"PidsLimit":null,"Ulimits":null,"CpuCount":0,"CpuPercent":0,"IOMaximumIOps":0,"IOMaximumBandwidth":0,"MaskedPaths":["/proc/asound","/proc/acpi","/proc/kcore","/proc/keys","/proc/latency_stats","/proc/timer_list","/proc/timer_stats","/proc/sched_debug","/proc/scsi","/sys/firmware"],"ReadonlyPaths":["/proc/bus","/proc/fs","/proc/irq","/proc/sys","/proc/sysrq-trigger"]},"GraphDriver":{"Data":{"LowerDir":"/var/lib/docker/overlay2/0075f27ac39799b376a3e23bf05a650eb10c8a0f9ef49be1ab61e98fd3b93dc3-init/diff:/var/lib/docker/overlay2/4c6e20f032f02b27a9272f982861dc21998197aa90d94ed3bef95d449380247c/diff:/var/lib/docker/overlay2/0c75f828f603eff839bb3ca448163ab2a8017e86625ac255cd3dbf1673ddac26/diff:/var/lib/docker/overlay2/da128d897fda75829109844ce6cd9d73d0f54c682e735100af000ce899908729/diff:/var/lib/docker/overlay2/b678a1f261bf323afba6d76d91ab7428bdd6e1ef4a39b5224e4a1afd08c0423a/diff:/var/lib/docker/overlay2/1bec43b14875c5f9f814f146e8e31aa78566689c2c163da2ac60a32254988437/diff:/var/lib/docker/overlay2/28f4b1e6e1a7a2dbe30f1f94fb42bccd85a61faf8af1fe30a5bb0d442c525e41/diff:/var/lib/docker/overlay2/0f493124464c291d7c97d2633d5dff04b1dce5de904cb40a34dfbe7fe72e3fd4/diff:/var/lib/docker/overlay2/05befbee9e38cd670e1786b3310e99796dcc06abbed970007b4109a5424843fa/diff:/var/lib/docker/overlay2/582bcca9acfc4eef25109e1e1b9c9d104f355798455bc73e855c99283887a6e8/diff:/var/lib/docker/overlay2/153b3bf0b69e97e8f0e5533414a31ca33fa530e63d174c9617621abe46e7e9d1/diff:/var/lib/docker/overlay2/bf87a76c0a38875ee6e915fd0d2527eafa880ec6bf2c1cb294959428c18d10bd/diff","MergedDir":"/var/lib/docker/overlay2/0075f27ac39799b376a3e23bf05a650eb10c8a0f9ef49be1ab61e98fd3b93dc3/merged","UpperDir":"/var/lib/docker/overlay2/0075f27ac39799b376a3e23bf05a650eb10c8a0f9ef49be1ab61e98fd3b93dc3/diff","WorkDir":"/var/lib/docker/overlay2/0075f27ac39799b376a3e23bf05a650eb10c8a0f9ef49be1ab61e98fd3b93dc3/work"},"Name":"overlay2"},"Mounts":[{"Type":"volume","Name":"ffd30c8cc7ed7bf91bc1ebef46b0f06493ce1d3121e28c37d40240bd74b844a5","Source":"/var/lib/docker/volumes/ffd30c8cc7ed7bf91bc1ebef46b0f06493ce1d3121e28c37d40240bd74b844a5/_data","Destination":"/var/lib/mysql","Driver":"local","Mode":"","RW":true,"Propagation":""}],"Config":{"Hostname":"cccfb0602d7e","Domainname":"","User":"","AttachStdin":false,"AttachStdout":false,"AttachStderr":false,"ExposedPorts":{"3306/tcp":{}},"Tty":false,"OpenStdin":false,"StdinOnce":false,"Env":["MYSQL_DATABASE=test","MYSQL_PASSWORD=test","MYSQL_USER=test","MYSQL_ROOT_PASSWORD=test","PATH=/usr/local/sbin:/usr/local/bin:/usr/sbin:/usr/bin:/sbin:/bin","GOSU_VERSION=1.7","MYSQL_MAJOR=8.0","MYSQL_VERSION=8.0.0-dmr-1debian8"],"Cmd":["mysqld"],"Image":"mysql:8.0.0","Volumes":{"/var/lib/mysql":{}},"WorkingDir":"","Entrypoint":["docker-entrypoint.sh"],"OnBuild":null,"Labels":{"org.testcontainers":"true","org.testcontainers.lang":"java","org.testcontainers.sessionId":"f1b696c1-ec3f-4f95-afa8-081853be7ccb","org.testcontainers.version":"1.18.0"}},"NetworkSettings":{"Bridge":"","SandboxID":"75a4ef0436803615aa77c8b97de3cbbdd49519261fe2b3b6cdcae9bd2b1154aa","HairpinMode":false,"LinkLocalIPv6Address":"","LinkLocalIPv6PrefixLen":0,"Ports":{"3306/tcp":[{"HostIp":"0.0.0.0","HostPort":"32781"},{"HostIp":"::","HostPort":"32781"}]},"SandboxKey":"/var/run/docker/netns/75a4ef043680","SecondaryIPAddresses":null,"SecondaryIPv6Addresses":null,"EndpointID":"de3a5c9cc9471fdbec5943d78a8803fca61208fe4021ac9d3922ee2e8ec0d135","Gateway":"172.17.0.1","GlobalIPv6Address":"","GlobalIPv6PrefixLen":0,"IPAddress":"172.17.0.3","IPPrefixLen":16,"IPv6Gateway":"","MacAddress":"02:42:ac:11:00:03","Networks":{"bridge":{"IPAMConfig":null,"Links":null,"Aliases":null,"NetworkID":"e1a078e12eb8d77b497ed932f7fb43787eeb6ff6972febd7d03c9282b8b5cd45","EndpointID":"de3a5c9cc9471fdbec5943d78a8803fca61208fe4021ac9d3922ee2e8ec0d135","Gateway":"172.17.0.1","IPAddress":"172.17.0.3","IPPrefixLen":16,"IPv6Gateway":"","GlobalIPv6Address":"","GlobalIPv6PrefixLen":0,"MacAddress":"02:42:ac:11:00:03","DriverOpts":null}}}}[\n]"
&amp#27;[0;39m2023-05-08 13:18:58,603 [main] &amp#27;[39mDEBUG&amp#27;[0;39m &amp#27;[36mc.g.d.z.s.o.a.hc.client5.http.wire&amp#27;[0;39m - &amp#27;[32mhttp-outgoing-1 << "[\r][\n]"
&amp#27;[0;39m2023-05-08 13:18:58,603 [main] &amp#27;[39mDEBUG&amp#27;[0;39m &amp#27;[36mc.g.d.z.s.o.a.hc.client5.http.wire&amp#27;[0;39m - &amp#27;[32mhttp-outgoing-1 << "0[\r][\n]"
&amp#27;[0;39m2023-05-08 13:18:58,603 [main] &amp#27;[39mDEBUG&amp#27;[0;39m &amp#27;[36mc.g.d.z.s.o.a.hc.client5.http.wire&amp#27;[0;39m - &amp#27;[32mhttp-outgoing-1 << "[\r][\n]"
&amp#27;[0;39m2023-05-08 13:18:58,603 [main] &amp#27;[39mDEBUG&amp#27;[0;39m &amp#27;[36mc.g.d.z.s.o.a.h.client5.http.headers&amp#27;[0;39m - &amp#27;[32mhttp-outgoing-1 << HTTP/1.1 200 OK
&amp#27;[0;39m2023-05-08 13:18:58,603 [main] &amp#27;[39mDEBUG&amp#27;[0;39m &amp#27;[36mc.g.d.z.s.o.a.h.client5.http.headers&amp#27;[0;39m - &amp#27;[32mhttp-outgoing-1 << Api-Version: 1.42
&amp#27;[0;39m2023-05-08 13:18:58,603 [main] &amp#27;[39mDEBUG&amp#27;[0;39m &amp#27;[36mc.g.d.z.s.o.a.h.client5.http.headers&amp#27;[0;39m - &amp#27;[32mhttp-outgoing-1 << Content-Type: application/json
&amp#27;[0;39m2023-05-08 13:18:58,603 [main] &amp#27;[39mDEBUG&amp#27;[0;39m &amp#27;[36mc.g.d.z.s.o.a.h.client5.http.headers&amp#27;[0;39m - &amp#27;[32mhttp-outgoing-1 << Docker-Experimental: false
&amp#27;[0;39m2023-05-08 13:18:58,603 [main] &amp#27;[39mDEBUG&amp#27;[0;39m &amp#27;[36mc.g.d.z.s.o.a.h.client5.http.headers&amp#27;[0;39m - &amp#27;[32mhttp-outgoing-1 << Ostype: linux
&amp#27;[0;39m2023-05-08 13:18:58,603 [main] &amp#27;[39mDEBUG&amp#27;[0;39m &amp#27;[36mc.g.d.z.s.o.a.h.client5.http.headers&amp#27;[0;39m - &amp#27;[32mhttp-outgoing-1 << Server: Docker/23.0.5 (linux)
&amp#27;[0;39m2023-05-08 13:18:58,603 [main] &amp#27;[39mDEBUG&amp#27;[0;39m &amp#27;[36mc.g.d.z.s.o.a.h.client5.http.headers&amp#27;[0;39m - &amp#27;[32mhttp-outgoing-1 << Date: Mon, 08 May 2023 11:18:58 GMT
&amp#27;[0;39m2023-05-08 13:18:58,603 [main] &amp#27;[39mDEBUG&amp#27;[0;39m &amp#27;[36mc.g.d.z.s.o.a.h.client5.http.headers&amp#27;[0;39m - &amp#27;[32mhttp-outgoing-1 << Transfer-Encoding: chunked
&amp#27;[0;39m2023-05-08 13:18:58,603 [main] &amp#27;[39mDEBUG&amp#27;[0;39m &amp#27;[36mc.g.d.z.s.o.a.h.c.h.i.c.MainClientExec&amp#27;[0;39m - &amp#27;[32mex-00000037: connection can be kept alive for 3 MINUTES
&amp#27;[0;39m2023-05-08 13:18:58,603 [main] &amp#27;[39mDEBUG&amp#27;[0;39m &amp#27;[36mc.g.d.z.s.o.a.h.c.h.i.c.InternalHttpClient&amp#27;[0;39m - &amp#27;[32mep-00000036: releasing valid endpoint
&amp#27;[0;39m2023-05-08 13:18:58,603 [main] &amp#27;[39mDEBUG&amp#27;[0;39m &amp#27;[36mc.g.d.z.s.o.a.h.c.h.i.i.PoolingHttpClientConnectionManager&amp#27;[0;39m - &amp#27;[32mep-00000036: releasing endpoint
&amp#27;[0;39m2023-05-08 13:18:58,603 [main] &amp#27;[39mDEBUG&amp#27;[0;39m &amp#27;[36mc.g.d.z.s.o.a.h.c.h.i.i.PoolingHttpClientConnectionManager&amp#27;[0;39m - &amp#27;[32mep-00000036: connection http-outgoing-1 can be kept alive for 3 MINUTES
&amp#27;[0;39m2023-05-08 13:18:58,604 [main] &amp#27;[39mDEBUG&amp#27;[0;39m &amp#27;[36mc.g.d.z.s.o.a.h.c.h.i.i.PoolingHttpClientConnectionManager&amp#27;[0;39m - &amp#27;[32mep-00000036: connection released [route: {}->unix://localhost:2375][total available: 1; route allocated: 1 of 2147483647; total allocated: 1 of 2147483647]
&amp#27;[0;39m2023-05-08 13:18:58,604 [main] &amp#27;[39mDEBUG&amp#27;[0;39m &amp#27;[36mtc.mysql:8.0.0&amp#27;[0;39m - &amp#27;[32mTrying to create JDBC connection using com.mysql.cj.jdbc.Driver to jdbc:mysql://localhost:32781/test?useSSL=false&allowPublicKeyRetrieval=true with properties: {password=test, user=test}
&amp#27;[0;39m2023-05-08 13:18:58,705 [main] &amp#27;[39mDEBUG&amp#27;[0;39m &amp#27;[36mo.t.s.c.g.d.c.command.AbstrDockerCmd&amp#27;[0;39m - &amp#27;[32mCmd: cccfb0602d7e775562ae171a9fe0a7ec811b6906268008a84fea93151d2a7305,false
&amp#27;[0;39m2023-05-08 13:18:58,705 [main] &amp#27;[39mDEBUG&amp#27;[0;39m &amp#27;[36mo.t.s.c.g.d.c.e.InspectContainerCmdExec&amp#27;[0;39m - &amp#27;[32mGET: DefaultWebTarget{path=[/containers/cccfb0602d7e775562ae171a9fe0a7ec811b6906268008a84fea93151d2a7305/json], queryParams={}}
&amp#27;[0;39m2023-05-08 13:18:58,706 [main] &amp#27;[39mDEBUG&amp#27;[0;39m &amp#27;[36mc.g.d.z.s.o.a.h.c.h.i.c.InternalHttpClient&amp#27;[0;39m - &amp#27;[32mex-00000038: preparing request execution
&amp#27;[0;39m2023-05-08 13:18:58,706 [main] &amp#27;[39mDEBUG&amp#27;[0;39m &amp#27;[36mc.g.d.z.s.o.a.h.c.h.p.RequestAddCookies&amp#27;[0;39m - &amp#27;[32mCookie spec selected: strict
&amp#27;[0;39m2023-05-08 13:18:58,706 [main] &amp#27;[39mDEBUG&amp#27;[0;39m &amp#27;[36mc.g.d.z.s.o.a.h.c.h.p.RequestAuthCache&amp#27;[0;39m - &amp#27;[32mAuth cache not set in the context
&amp#27;[0;39m2023-05-08 13:18:58,706 [main] &amp#27;[39mDEBUG&amp#27;[0;39m &amp#27;[36mc.g.d.z.s.o.a.h.c.h.i.c.ProtocolExec&amp#27;[0;39m - &amp#27;[32mex-00000038: target auth state: UNCHALLENGED
&amp#27;[0;39m2023-05-08 13:18:58,706 [main] &amp#27;[39mDEBUG&amp#27;[0;39m &amp#27;[36mc.g.d.z.s.o.a.h.c.h.i.c.ProtocolExec&amp#27;[0;39m - &amp#27;[32mex-00000038: proxy auth state: UNCHALLENGED
&amp#27;[0;39m2023-05-08 13:18:58,706 [main] &amp#27;[39mDEBUG&amp#27;[0;39m &amp#27;[36mc.g.d.z.s.o.a.h.c.h.i.c.ConnectExec&amp#27;[0;39m - &amp#27;[32mex-00000038: acquiring connection with route {}->unix://localhost:2375
&amp#27;[0;39m2023-05-08 13:18:58,706 [main] &amp#27;[39mDEBUG&amp#27;[0;39m &amp#27;[36mc.g.d.z.s.o.a.h.c.h.i.c.InternalHttpClient&amp#27;[0;39m - &amp#27;[32mex-00000038: acquiring endpoint (3 MINUTES)
&amp#27;[0;39m2023-05-08 13:18:58,706 [main] &amp#27;[39mDEBUG&amp#27;[0;39m &amp#27;[36mc.g.d.z.s.o.a.h.c.h.i.i.PoolingHttpClientConnectionManager&amp#27;[0;39m - &amp#27;[32mex-00000038: endpoint lease request (3 MINUTES) [route: {}->unix://localhost:2375][total available: 1; route allocated: 1 of 2147483647; total allocated: 1 of 2147483647]
&amp#27;[0;39m2023-05-08 13:18:58,706 [main] &amp#27;[39mDEBUG&amp#27;[0;39m &amp#27;[36mc.g.d.z.s.o.a.h.c.h.i.i.PoolingHttpClientConnectionManager&amp#27;[0;39m - &amp#27;[32mex-00000038: endpoint leased [route: {}->unix://localhost:2375][total available: 0; route allocated: 1 of 2147483647; total allocated: 1 of 2147483647]
&amp#27;[0;39m2023-05-08 13:18:58,706 [main] &amp#27;[39mDEBUG&amp#27;[0;39m &amp#27;[36mc.g.d.z.s.o.a.h.c.h.i.i.PoolingHttpClientConnectionManager&amp#27;[0;39m - &amp#27;[32mex-00000038: acquired ep-00000037
&amp#27;[0;39m2023-05-08 13:18:58,706 [main] &amp#27;[39mDEBUG&amp#27;[0;39m &amp#27;[36mc.g.d.z.s.o.a.h.c.h.i.c.InternalHttpClient&amp#27;[0;39m - &amp#27;[32mex-00000038: acquired endpoint ep-00000037
&amp#27;[0;39m2023-05-08 13:18:58,706 [main] &amp#27;[39mDEBUG&amp#27;[0;39m &amp#27;[36mc.g.d.z.s.o.a.h.c.h.i.c.MainClientExec&amp#27;[0;39m - &amp#27;[32mex-00000038: executing GET /v1.32/containers/cccfb0602d7e775562ae171a9fe0a7ec811b6906268008a84fea93151d2a7305/json HTTP/1.1
&amp#27;[0;39m2023-05-08 13:18:58,706 [main] &amp#27;[39mDEBUG&amp#27;[0;39m &amp#27;[36mc.g.d.z.s.o.a.h.c.h.i.c.InternalHttpClient&amp#27;[0;39m - &amp#27;[32mep-00000037: start execution ex-00000038
&amp#27;[0;39m2023-05-08 13:18:58,706 [main] &amp#27;[39mDEBUG&amp#27;[0;39m &amp#27;[36mc.g.d.z.s.o.a.h.c.h.i.i.PoolingHttpClientConnectionManager&amp#27;[0;39m - &amp#27;[32mep-00000037: executing exchange ex-00000038 over http-outgoing-1
&amp#27;[0;39m2023-05-08 13:18:58,706 [main] &amp#27;[39mDEBUG&amp#27;[0;39m &amp#27;[36mc.g.d.z.s.o.a.h.client5.http.headers&amp#27;[0;39m - &amp#27;[32mhttp-outgoing-1 >> GET /v1.32/containers/cccfb0602d7e775562ae171a9fe0a7ec811b6906268008a84fea93151d2a7305/json HTTP/1.1
&amp#27;[0;39m2023-05-08 13:18:58,706 [main] &amp#27;[39mDEBUG&amp#27;[0;39m &amp#27;[36mc.g.d.z.s.o.a.h.client5.http.headers&amp#27;[0;39m - &amp#27;[32mhttp-outgoing-1 >> accept: application/json
&amp#27;[0;39m2023-05-08 13:18:58,706 [main] &amp#27;[39mDEBUG&amp#27;[0;39m &amp#27;[36mc.g.d.z.s.o.a.h.client5.http.headers&amp#27;[0;39m - &amp#27;[32mhttp-outgoing-1 >> x-tc-sid: f1b696c1-ec3f-4f95-afa8-081853be7ccb
&amp#27;[0;39m2023-05-08 13:18:58,706 [main] &amp#27;[39mDEBUG&amp#27;[0;39m &amp#27;[36mc.g.d.z.s.o.a.h.client5.http.headers&amp#27;[0;39m - &amp#27;[32mhttp-outgoing-1 >> Accept-Encoding: gzip, x-gzip, deflate
&amp#27;[0;39m2023-05-08 13:18:58,706 [main] &amp#27;[39mDEBUG&amp#27;[0;39m &amp#27;[36mc.g.d.z.s.o.a.h.client5.http.headers&amp#27;[0;39m - &amp#27;[32mhttp-outgoing-1 >> Host: localhost:2375
&amp#27;[0;39m2023-05-08 13:18:58,706 [main] &amp#27;[39mDEBUG&amp#27;[0;39m &amp#27;[36mc.g.d.z.s.o.a.h.client5.http.headers&amp#27;[0;39m - &amp#27;[32mhttp-outgoing-1 >> Connection: keep-alive
&amp#27;[0;39m2023-05-08 13:18:58,706 [main] &amp#27;[39mDEBUG&amp#27;[0;39m &amp#27;[36mc.g.d.z.s.o.a.h.client5.http.headers&amp#27;[0;39m - &amp#27;[32mhttp-outgoing-1 >> User-Agent: Apache-HttpClient/5.0.3 (Java/17.0.6)
&amp#27;[0;39m2023-05-08 13:18:58,706 [main] &amp#27;[39mDEBUG&amp#27;[0;39m &amp#27;[36mc.g.d.z.s.o.a.hc.client5.http.wire&amp#27;[0;39m - &amp#27;[32mhttp-outgoing-1 >> "GET /v1.32/containers/cccfb0602d7e775562ae171a9fe0a7ec811b6906268008a84fea93151d2a7305/json HTTP/1.1[\r][\n]"
&amp#27;[0;39m2023-05-08 13:18:58,706 [main] &amp#27;[39mDEBUG&amp#27;[0;39m &amp#27;[36mc.g.d.z.s.o.a.hc.client5.http.wire&amp#27;[0;39m - &amp#27;[32mhttp-outgoing-1 >> "accept: application/json[\r][\n]"
&amp#27;[0;39m2023-05-08 13:18:58,706 [main] &amp#27;[39mDEBUG&amp#27;[0;39m &amp#27;[36mc.g.d.z.s.o.a.hc.client5.http.wire&amp#27;[0;39m - &amp#27;[32mhttp-outgoing-1 >> "x-tc-sid: f1b696c1-ec3f-4f95-afa8-081853be7ccb[\r][\n]"
&amp#27;[0;39m2023-05-08 13:18:58,706 [main] &amp#27;[39mDEBUG&amp#27;[0;39m &amp#27;[36mc.g.d.z.s.o.a.hc.client5.http.wire&amp#27;[0;39m - &amp#27;[32mhttp-outgoing-1 >> "Accept-Encoding: gzip, x-gzip, deflate[\r][\n]"
&amp#27;[0;39m2023-05-08 13:18:58,706 [main] &amp#27;[39mDEBUG&amp#27;[0;39m &amp#27;[36mc.g.d.z.s.o.a.hc.client5.http.wire&amp#27;[0;39m - &amp#27;[32mhttp-outgoing-1 >> "Host: localhost:2375[\r][\n]"
&amp#27;[0;39m2023-05-08 13:18:58,706 [main] &amp#27;[39mDEBUG&amp#27;[0;39m &amp#27;[36mc.g.d.z.s.o.a.hc.client5.http.wire&amp#27;[0;39m - &amp#27;[32mhttp-outgoing-1 >> "Connection: keep-alive[\r][\n]"
&amp#27;[0;39m2023-05-08 13:18:58,706 [main] &amp#27;[39mDEBUG&amp#27;[0;39m &amp#27;[36mc.g.d.z.s.o.a.hc.client5.http.wire&amp#27;[0;39m - &amp#27;[32mhttp-outgoing-1 >> "User-Agent: Apache-HttpClient/5.0.3 (Java/17.0.6)[\r][\n]"
&amp#27;[0;39m2023-05-08 13:18:58,706 [main] &amp#27;[39mDEBUG&amp#27;[0;39m &amp#27;[36mc.g.d.z.s.o.a.hc.client5.http.wire&amp#27;[0;39m - &amp#27;[32mhttp-outgoing-1 >> "[\r][\n]"
&amp#27;[0;39m2023-05-08 13:18:58,707 [main] &amp#27;[39mDEBUG&amp#27;[0;39m &amp#27;[36mc.g.d.z.s.o.a.hc.client5.http.wire&amp#27;[0;39m - &amp#27;[32mhttp-outgoing-1 << "HTTP/1.1 200 OK[\r][\n]"
&amp#27;[0;39m2023-05-08 13:18:58,707 [main] &amp#27;[39mDEBUG&amp#27;[0;39m &amp#27;[36mc.g.d.z.s.o.a.hc.client5.http.wire&amp#27;[0;39m - &amp#27;[32mhttp-outgoing-1 << "Api-Version: 1.42[\r][\n]"
&amp#27;[0;39m2023-05-08 13:18:58,707 [main] &amp#27;[39mDEBUG&amp#27;[0;39m &amp#27;[36mc.g.d.z.s.o.a.hc.client5.http.wire&amp#27;[0;39m - &amp#27;[32mhttp-outgoing-1 << "Content-Type: application/json[\r][\n]"
&amp#27;[0;39m2023-05-08 13:18:58,707 [main] &amp#27;[39mDEBUG&amp#27;[0;39m &amp#27;[36mc.g.d.z.s.o.a.hc.client5.http.wire&amp#27;[0;39m - &amp#27;[32mhttp-outgoing-1 << "Docker-Experimental: false[\r][\n]"
&amp#27;[0;39m2023-05-08 13:18:58,707 [main] &amp#27;[39mDEBUG&amp#27;[0;39m &amp#27;[36mc.g.d.z.s.o.a.hc.client5.http.wire&amp#27;[0;39m - &amp#27;[32mhttp-outgoing-1 << "Ostype: linux[\r][\n]"
&amp#27;[0;39m2023-05-08 13:18:58,707 [main] &amp#27;[39mDEBUG&amp#27;[0;39m &amp#27;[36mc.g.d.z.s.o.a.hc.client5.http.wire&amp#27;[0;39m - &amp#27;[32mhttp-outgoing-1 << "Server: Docker/23.0.5 (linux)[\r][\n]"
&amp#27;[0;39m2023-05-08 13:18:58,707 [main] &amp#27;[39mDEBUG&amp#27;[0;39m &amp#27;[36mc.g.d.z.s.o.a.hc.client5.http.wire&amp#27;[0;39m - &amp#27;[32mhttp-outgoing-1 << "Date: Mon, 08 May 2023 11:18:58 GMT[\r][\n]"
&amp#27;[0;39m2023-05-08 13:18:58,707 [main] &amp#27;[39mDEBUG&amp#27;[0;39m &amp#27;[36mc.g.d.z.s.o.a.hc.client5.http.wire&amp#27;[0;39m - &amp#27;[32mhttp-outgoing-1 << "Transfer-Encoding: chunked[\r][\n]"
&amp#27;[0;39m2023-05-08 13:18:58,707 [main] &amp#27;[39mDEBUG&amp#27;[0;39m &amp#27;[36mc.g.d.z.s.o.a.hc.client5.http.wire&amp#27;[0;39m - &amp#27;[32mhttp-outgoing-1 << "[\r][\n]"
&amp#27;[0;39m2023-05-08 13:18:58,707 [main] &amp#27;[39mDEBUG&amp#27;[0;39m &amp#27;[36mc.g.d.z.s.o.a.hc.client5.http.wire&amp#27;[0;39m - &amp#27;[32mhttp-outgoing-1 << "1890[\r][\n]"
&amp#27;[0;39m2023-05-08 13:18:58,707 [main] &amp#27;[39mDEBUG&amp#27;[0;39m &amp#27;[36mc.g.d.z.s.o.a.hc.client5.http.wire&amp#27;[0;39m - &amp#27;[32mhttp-outgoing-1 << "{"Id":"cccfb0602d7e775562ae171a9fe0a7ec811b6906268008a84fea93151d2a7305","Created":"2023-05-08T11:18:54.120535425Z","Path":"docker-entrypoint.sh","Args":["mysqld"],"State":{"Status":"running","Running":true,"Paused":false,"Restarting":false,"OOMKilled":false,"Dead":false,"Pid":59126,"ExitCode":0,"Error":"","StartedAt":"2023-05-08T11:18:54.468577716Z","FinishedAt":"0001-01-01T00:00:00Z"},"Image":"sha256:228d71078f8ce5ae9fd96b183f88c3a90e30544b4b7ce9d64a238d05fef2a681","ResolvConfPath":"/var/lib/docker/containers/cccfb0602d7e775562ae171a9fe0a7ec811b6906268008a84fea93151d2a7305/resolv.conf","HostnamePath":"/var/lib/docker/containers/cccfb0602d7e775562ae171a9fe0a7ec811b6906268008a84fea93151d2a7305/hostname","HostsPath":"/var/lib/docker/containers/cccfb0602d7e775562ae171a9fe0a7ec811b6906268008a84fea93151d2a7305/hosts","LogPath":"/var/lib/docker/containers/cccfb0602d7e775562ae171a9fe0a7ec811b6906268008a84fea93151d2a7305/cccfb0602d7e775562ae171a9fe0a7ec811b6906268008a84fea93151d2a7305-json.log","Name":"/charming_goodall","RestartCount":0,"Driver":"overlay2","Platform":"linux","MountLabel":"","ProcessLabel":"","AppArmorProfile":"docker-default","ExecIDs":null,"HostConfig":{"Binds":[],"ContainerIDFile":"","LogConfig":{"Type":"json-file","Config":{}},"NetworkMode":"default","PortBindings":{"3306/tcp":[{"HostIp":"","HostPort":""}]},"RestartPolicy":{"Name":"","MaximumRetryCount":0},"AutoRemove":false,"VolumeDriver":"","VolumesFrom":[],"ConsoleSize":[0,0],"CapAdd":null,"CapDrop":null,"CgroupnsMode":"private","Dns":null,"DnsOptions":null,"DnsSearch":null,"ExtraHosts":[],"GroupAdd":null,"IpcMode":"shareable","Cgroup":"","Links":null,"OomScoreAdj":0,"PidMode":"","Privileged":false,"PublishAllPorts":false,"ReadonlyRootfs":false,"SecurityOpt":null,"UTSMode":"","UsernsMode":"","ShmSize":67108864,"Runtime":"runc","Isolation":"","CpuShares":0,"Memory":0,"NanoCpus":0,"CgroupParent":"","BlkioWeight":0,"BlkioWeightDevice":null,"BlkioDeviceReadBps":null,"BlkioDeviceWriteBps":null,"BlkioDeviceReadIOps":null,"BlkioDeviceWriteIOps":null,"CpuPeriod":0,"CpuQuota":0,"CpuRealtimePeriod":0,"CpuRealtimeRuntime":0,"CpusetCpus":"","CpusetMems":"","Devices":null,"DeviceCgroupRules":null,"DeviceRequests":null,"MemoryReservation":0,"MemorySwap":0,"MemorySwappiness":null,"OomKillDisable":null,"PidsLimit":null,"Ulimits":null,"CpuCount":0,"CpuPercent":0,"IOMaximumIOps":0,"IOMaximumBandwidth":0,"MaskedPaths":["/proc/asound","/proc/acpi","/proc/kcore","/proc/keys","/proc/latency_stats","/proc/timer_list","/proc/timer_stats","/proc/sched_debug","/proc/scsi","/sys/firmware"],"ReadonlyPaths":["/proc/bus","/proc/fs","/proc/irq","/proc/sys","/proc/sysrq-trigger"]},"GraphDriver":{"Data":{"LowerDir":"/var/lib/docker/overlay2/0075f27ac39799b376a3e23bf05a650eb10c8a0f9ef49be1ab61e98fd3b93dc3-init/diff:/var/lib/docker/overlay2/4c6e20f032f02b27a9272f982861dc21998197aa90d94ed3bef95d449380247c/diff:/var/lib/docker/overlay2/0c75f828f603eff839bb3ca448163ab2a8017e86625ac255cd3dbf1673ddac26/diff:/var/lib/docker/overlay2/da128d897fda75829109844ce6cd9d73d0f54c682e735100af000ce899908729/diff:/var/lib/docker/overlay2/b678a1f261bf323afba6d76d91ab7428bdd6e1ef4a39b5224e4a1afd08c0423a/diff:/var/lib/docker/overlay2/1bec43b14875c5f9f814f146e8e31aa78566689c2c163da2ac60a32254988437/diff:/var/lib/docker/overlay2/28f4b1e6e1a7a2dbe30f1f94fb42bccd85a61faf8af1fe30a5bb0d442c525e41/diff:/var/lib/docker/overlay2/0f493124464c291d7c97d2633d5dff04b1dce5de904cb40a34dfbe7fe72e3fd4/diff:/var/lib/docker/overlay2/05befbee9e38cd670e1786b3310e99796dcc06abbed970007b4109a5424843fa/diff:/var/lib/docker/overlay2/582bcca9acfc4eef25109e1e1b9c9d104f355798455bc73e855c99283887a6e8/diff:/var/lib/docker/overlay2/153b3bf0b69e97e8f0e5533414a31ca33fa530e63d174c9617621abe46e7e9d1/diff:/var/lib/docker/overlay2/bf87a76c0a38875ee6e915fd0d2527eafa880ec6bf2c1cb294959428c18d10bd/diff","MergedDir":"/var/lib/docker/overlay2/0075f27ac39799b376a3e23bf05a650eb10c8a0f9ef49be1ab61e98fd3b93dc3/merged","UpperDir":"/var/lib/docker/overlay2/0075f27ac39799b376a3e23bf05a650eb10c8a0f9ef49be1ab61e98fd3b93dc3/diff","WorkDir":"/var/lib/docker/overlay2/0075f27ac39799b376a3e23bf05a650eb10c8a0f9ef49be1ab61e98fd3b93dc3/work"},"Name":"overlay2"},"Mounts":[{"Type":"volume","Name":"ffd30c8cc7ed7bf91bc1ebef46b0f06493ce1d3121e28c37d40240bd74b844a5","Source":"/var/lib/docker/volumes/ffd30c8cc7ed7bf91bc1ebef46b0f06493ce1d3121e28c37d40240bd74b844a5/_data","Destination":"/var/lib/mysql","Driver":"local","Mode":"","RW":true,"Propagation":""}],"Config":{"Hostname":"cccfb0602d7e","Domainname":"","User":"","AttachStdin":false,"AttachStdout":false,"AttachStderr":false,"ExposedPorts":{"3306/tcp":{}},"Tty":false,"OpenStdin":false,"StdinOnce":false,"Env":["MYSQL_DATABASE=test","MYSQL_PASSWORD=test","MYSQL_USER=test","MYSQL_ROOT_PASSWORD=test","PATH=/usr/local/sbin:/usr/local/bin:/usr/sbin:/usr/bin:/sbin:/bin","GOSU_VERSION=1.7","MYSQL_MAJOR=8.0","MYSQL_VERSION=8.0.0-dmr-1debian8"],"Cmd":["mysqld"],"Image":"mysql:8.0.0","Volumes":{"/var/lib/mysql":{}},"WorkingDir":"","Entrypoint":["docker-entrypoint.sh"],"OnBuild":null,"Labels":{"org.testcontainers":"true","org.testcontainers.lang":"java","org.testcontainers.sessionId":"f1b696c1-ec3f-4f95-afa8-081853be7ccb","org.testcontainers.version":"1.18.0"}},"NetworkSettings":{"Bridge":"","SandboxID":"75a4ef0436803615aa77c8b97de3cbbdd49519261fe2b3b6cdcae9bd2b1154aa","HairpinMode":false,"LinkLocalIPv6Address":"","LinkLocalIPv6PrefixLen":0,"Ports":{"3306/tcp":[{"HostIp":"0.0.0.0","HostPort":"32781"},{"HostIp":"::","HostPort":"32781"}]},"SandboxKey":"/var/run/docker/netns/75a4ef043680","SecondaryIPAddresses":null,"SecondaryIPv6Addresses":null,"EndpointID":"de3a5c9cc9471fdbec5943d78a8803fca61208fe4021ac9d3922ee2e8ec0d135","Gateway":"172.17.0.1","GlobalIPv6Address":"","GlobalIPv6PrefixLen":0,"IPAddress":"172.17.0.3","IPPrefixLen":16,"IPv6Gateway":"","MacAddress":"02:42:ac:11:00:03","Networks":{"bridge":{"IPAMConfig":null,"Links":null,"Aliases":null,"NetworkID":"e1a078e12eb8d77b497ed932f7fb43787eeb6ff6972febd7d03c9282b8b5cd45","EndpointID":"de3a5c9cc9471fdbec5943d78a8803fca61208fe4021ac9d3922ee2e8ec0d135","Gateway":"172.17.0.1","IPAddress":"172.17.0.3","IPPrefixLen":16,"IPv6Gateway":"","GlobalIPv6Address":"","GlobalIPv6PrefixLen":0,"MacAddress":"02:42:ac:11:00:03","DriverOpts":null}}}}[\n]"
&amp#27;[0;39m2023-05-08 13:18:58,707 [main] &amp#27;[39mDEBUG&amp#27;[0;39m &amp#27;[36mc.g.d.z.s.o.a.hc.client5.http.wire&amp#27;[0;39m - &amp#27;[32mhttp-outgoing-1 << "[\r][\n]"
&amp#27;[0;39m2023-05-08 13:18:58,707 [main] &amp#27;[39mDEBUG&amp#27;[0;39m &amp#27;[36mc.g.d.z.s.o.a.hc.client5.http.wire&amp#27;[0;39m - &amp#27;[32mhttp-outgoing-1 << "0[\r][\n]"
&amp#27;[0;39m2023-05-08 13:18:58,707 [main] &amp#27;[39mDEBUG&amp#27;[0;39m &amp#27;[36mc.g.d.z.s.o.a.hc.client5.http.wire&amp#27;[0;39m - &amp#27;[32mhttp-outgoing-1 << "[\r][\n]"
&amp#27;[0;39m2023-05-08 13:18:58,707 [main] &amp#27;[39mDEBUG&amp#27;[0;39m &amp#27;[36mc.g.d.z.s.o.a.h.client5.http.headers&amp#27;[0;39m - &amp#27;[32mhttp-outgoing-1 << HTTP/1.1 200 OK
&amp#27;[0;39m2023-05-08 13:18:58,707 [main] &amp#27;[39mDEBUG&amp#27;[0;39m &amp#27;[36mc.g.d.z.s.o.a.h.client5.http.headers&amp#27;[0;39m - &amp#27;[32mhttp-outgoing-1 << Api-Version: 1.42
&amp#27;[0;39m2023-05-08 13:18:58,707 [main] &amp#27;[39mDEBUG&amp#27;[0;39m &amp#27;[36mc.g.d.z.s.o.a.h.client5.http.headers&amp#27;[0;39m - &amp#27;[32mhttp-outgoing-1 << Content-Type: application/json
&amp#27;[0;39m2023-05-08 13:18:58,707 [main] &amp#27;[39mDEBUG&amp#27;[0;39m &amp#27;[36mc.g.d.z.s.o.a.h.client5.http.headers&amp#27;[0;39m - &amp#27;[32mhttp-outgoing-1 << Docker-Experimental: false
&amp#27;[0;39m2023-05-08 13:18:58,707 [main] &amp#27;[39mDEBUG&amp#27;[0;39m &amp#27;[36mc.g.d.z.s.o.a.h.client5.http.headers&amp#27;[0;39m - &amp#27;[32mhttp-outgoing-1 << Ostype: linux
&amp#27;[0;39m2023-05-08 13:18:58,707 [main] &amp#27;[39mDEBUG&amp#27;[0;39m &amp#27;[36mc.g.d.z.s.o.a.h.client5.http.headers&amp#27;[0;39m - &amp#27;[32mhttp-outgoing-1 << Server: Docker/23.0.5 (linux)
&amp#27;[0;39m2023-05-08 13:18:58,707 [main] &amp#27;[39mDEBUG&amp#27;[0;39m &amp#27;[36mc.g.d.z.s.o.a.h.client5.http.headers&amp#27;[0;39m - &amp#27;[32mhttp-outgoing-1 << Date: Mon, 08 May 2023 11:18:58 GMT
&amp#27;[0;39m2023-05-08 13:18:58,707 [main] &amp#27;[39mDEBUG&amp#27;[0;39m &amp#27;[36mc.g.d.z.s.o.a.h.client5.http.headers&amp#27;[0;39m - &amp#27;[32mhttp-outgoing-1 << Transfer-Encoding: chunked
&amp#27;[0;39m2023-05-08 13:18:58,707 [main] &amp#27;[39mDEBUG&amp#27;[0;39m &amp#27;[36mc.g.d.z.s.o.a.h.c.h.i.c.MainClientExec&amp#27;[0;39m - &amp#27;[32mex-00000038: connection can be kept alive for 3 MINUTES
&amp#27;[0;39m2023-05-08 13:18:58,708 [main] &amp#27;[39mDEBUG&amp#27;[0;39m &amp#27;[36mc.g.d.z.s.o.a.h.c.h.i.c.InternalHttpClient&amp#27;[0;39m - &amp#27;[32mep-00000037: releasing valid endpoint
&amp#27;[0;39m2023-05-08 13:18:58,708 [main] &amp#27;[39mDEBUG&amp#27;[0;39m &amp#27;[36mc.g.d.z.s.o.a.h.c.h.i.i.PoolingHttpClientConnectionManager&amp#27;[0;39m - &amp#27;[32mep-00000037: releasing endpoint
&amp#27;[0;39m2023-05-08 13:18:58,708 [main] &amp#27;[39mDEBUG&amp#27;[0;39m &amp#27;[36mc.g.d.z.s.o.a.h.c.h.i.i.PoolingHttpClientConnectionManager&amp#27;[0;39m - &amp#27;[32mep-00000037: connection http-outgoing-1 can be kept alive for 3 MINUTES
&amp#27;[0;39m2023-05-08 13:18:58,708 [main] &amp#27;[39mDEBUG&amp#27;[0;39m &amp#27;[36mc.g.d.z.s.o.a.h.c.h.i.i.PoolingHttpClientConnectionManager&amp#27;[0;39m - &amp#27;[32mep-00000037: connection released [route: {}->unix://localhost:2375][total available: 1; route allocated: 1 of 2147483647; total allocated: 1 of 2147483647]
&amp#27;[0;39m2023-05-08 13:18:58,708 [main] &amp#27;[39mDEBUG&amp#27;[0;39m &amp#27;[36mtc.mysql:8.0.0&amp#27;[0;39m - &amp#27;[32mTrying to create JDBC connection using com.mysql.cj.jdbc.Driver to jdbc:mysql://localhost:32781/test?useSSL=false&allowPublicKeyRetrieval=true with properties: {password=test, user=test}
&amp#27;[0;39m2023-05-08 13:18:58,810 [main] &amp#27;[39mDEBUG&amp#27;[0;39m &amp#27;[36mo.t.s.c.g.d.c.command.AbstrDockerCmd&amp#27;[0;39m - &amp#27;[32mCmd: cccfb0602d7e775562ae171a9fe0a7ec811b6906268008a84fea93151d2a7305,false
&amp#27;[0;39m2023-05-08 13:18:58,810 [main] &amp#27;[39mDEBUG&amp#27;[0;39m &amp#27;[36mo.t.s.c.g.d.c.e.InspectContainerCmdExec&amp#27;[0;39m - &amp#27;[32mGET: DefaultWebTarget{path=[/containers/cccfb0602d7e775562ae171a9fe0a7ec811b6906268008a84fea93151d2a7305/json], queryParams={}}
&amp#27;[0;39m2023-05-08 13:18:58,810 [main] &amp#27;[39mDEBUG&amp#27;[0;39m &amp#27;[36mc.g.d.z.s.o.a.h.c.h.i.c.InternalHttpClient&amp#27;[0;39m - &amp#27;[32mex-00000039: preparing request execution
&amp#27;[0;39m2023-05-08 13:18:58,811 [main] &amp#27;[39mDEBUG&amp#27;[0;39m &amp#27;[36mc.g.d.z.s.o.a.h.c.h.p.RequestAddCookies&amp#27;[0;39m - &amp#27;[32mCookie spec selected: strict
&amp#27;[0;39m2023-05-08 13:18:58,811 [main] &amp#27;[39mDEBUG&amp#27;[0;39m &amp#27;[36mc.g.d.z.s.o.a.h.c.h.p.RequestAuthCache&amp#27;[0;39m - &amp#27;[32mAuth cache not set in the context
&amp#27;[0;39m2023-05-08 13:18:58,811 [main] &amp#27;[39mDEBUG&amp#27;[0;39m &amp#27;[36mc.g.d.z.s.o.a.h.c.h.i.c.ProtocolExec&amp#27;[0;39m - &amp#27;[32mex-00000039: target auth state: UNCHALLENGED
&amp#27;[0;39m2023-05-08 13:18:58,811 [main] &amp#27;[39mDEBUG&amp#27;[0;39m &amp#27;[36mc.g.d.z.s.o.a.h.c.h.i.c.ProtocolExec&amp#27;[0;39m - &amp#27;[32mex-00000039: proxy auth state: UNCHALLENGED
&amp#27;[0;39m2023-05-08 13:18:58,811 [main] &amp#27;[39mDEBUG&amp#27;[0;39m &amp#27;[36mc.g.d.z.s.o.a.h.c.h.i.c.ConnectExec&amp#27;[0;39m - &amp#27;[32mex-00000039: acquiring connection with route {}->unix://localhost:2375
&amp#27;[0;39m2023-05-08 13:18:58,811 [main] &amp#27;[39mDEBUG&amp#27;[0;39m &amp#27;[36mc.g.d.z.s.o.a.h.c.h.i.c.InternalHttpClient&amp#27;[0;39m - &amp#27;[32mex-00000039: acquiring endpoint (3 MINUTES)
&amp#27;[0;39m2023-05-08 13:18:58,811 [main] &amp#27;[39mDEBUG&amp#27;[0;39m &amp#27;[36mc.g.d.z.s.o.a.h.c.h.i.i.PoolingHttpClientConnectionManager&amp#27;[0;39m - &amp#27;[32mex-00000039: endpoint lease request (3 MINUTES) [route: {}->unix://localhost:2375][total available: 1; route allocated: 1 of 2147483647; total allocated: 1 of 2147483647]
&amp#27;[0;39m2023-05-08 13:18:58,811 [main] &amp#27;[39mDEBUG&amp#27;[0;39m &amp#27;[36mc.g.d.z.s.o.a.h.c.h.i.i.PoolingHttpClientConnectionManager&amp#27;[0;39m - &amp#27;[32mex-00000039: endpoint leased [route: {}->unix://localhost:2375][total available: 0; route allocated: 1 of 2147483647; total allocated: 1 of 2147483647]
&amp#27;[0;39m2023-05-08 13:18:58,811 [main] &amp#27;[39mDEBUG&amp#27;[0;39m &amp#27;[36mc.g.d.z.s.o.a.h.c.h.i.i.PoolingHttpClientConnectionManager&amp#27;[0;39m - &amp#27;[32mex-00000039: acquired ep-00000038
&amp#27;[0;39m2023-05-08 13:18:58,811 [main] &amp#27;[39mDEBUG&amp#27;[0;39m &amp#27;[36mc.g.d.z.s.o.a.h.c.h.i.c.InternalHttpClient&amp#27;[0;39m - &amp#27;[32mex-00000039: acquired endpoint ep-00000038
&amp#27;[0;39m2023-05-08 13:18:58,811 [main] &amp#27;[39mDEBUG&amp#27;[0;39m &amp#27;[36mc.g.d.z.s.o.a.h.c.h.i.c.MainClientExec&amp#27;[0;39m - &amp#27;[32mex-00000039: executing GET /v1.32/containers/cccfb0602d7e775562ae171a9fe0a7ec811b6906268008a84fea93151d2a7305/json HTTP/1.1
&amp#27;[0;39m2023-05-08 13:18:58,811 [main] &amp#27;[39mDEBUG&amp#27;[0;39m &amp#27;[36mc.g.d.z.s.o.a.h.c.h.i.c.InternalHttpClient&amp#27;[0;39m - &amp#27;[32mep-00000038: start execution ex-00000039
&amp#27;[0;39m2023-05-08 13:18:58,811 [main] &amp#27;[39mDEBUG&amp#27;[0;39m &amp#27;[36mc.g.d.z.s.o.a.h.c.h.i.i.PoolingHttpClientConnectionManager&amp#27;[0;39m - &amp#27;[32mep-00000038: executing exchange ex-00000039 over http-outgoing-1
&amp#27;[0;39m2023-05-08 13:18:58,811 [main] &amp#27;[39mDEBUG&amp#27;[0;39m &amp#27;[36mc.g.d.z.s.o.a.h.client5.http.headers&amp#27;[0;39m - &amp#27;[32mhttp-outgoing-1 >> GET /v1.32/containers/cccfb0602d7e775562ae171a9fe0a7ec811b6906268008a84fea93151d2a7305/json HTTP/1.1
&amp#27;[0;39m2023-05-08 13:18:58,811 [main] &amp#27;[39mDEBUG&amp#27;[0;39m &amp#27;[36mc.g.d.z.s.o.a.h.client5.http.headers&amp#27;[0;39m - &amp#27;[32mhttp-outgoing-1 >> accept: application/json
&amp#27;[0;39m2023-05-08 13:18:58,811 [main] &amp#27;[39mDEBUG&amp#27;[0;39m &amp#27;[36mc.g.d.z.s.o.a.h.client5.http.headers&amp#27;[0;39m - &amp#27;[32mhttp-outgoing-1 >> x-tc-sid: f1b696c1-ec3f-4f95-afa8-081853be7ccb
&amp#27;[0;39m2023-05-08 13:18:58,811 [main] &amp#27;[39mDEBUG&amp#27;[0;39m &amp#27;[36mc.g.d.z.s.o.a.h.client5.http.headers&amp#27;[0;39m - &amp#27;[32mhttp-outgoing-1 >> Accept-Encoding: gzip, x-gzip, deflate
&amp#27;[0;39m2023-05-08 13:18:58,811 [main] &amp#27;[39mDEBUG&amp#27;[0;39m &amp#27;[36mc.g.d.z.s.o.a.h.client5.http.headers&amp#27;[0;39m - &amp#27;[32mhttp-outgoing-1 >> Host: localhost:2375
&amp#27;[0;39m2023-05-08 13:18:58,811 [main] &amp#27;[39mDEBUG&amp#27;[0;39m &amp#27;[36mc.g.d.z.s.o.a.h.client5.http.headers&amp#27;[0;39m - &amp#27;[32mhttp-outgoing-1 >> Connection: keep-alive
&amp#27;[0;39m2023-05-08 13:18:58,811 [main] &amp#27;[39mDEBUG&amp#27;[0;39m &amp#27;[36mc.g.d.z.s.o.a.h.client5.http.headers&amp#27;[0;39m - &amp#27;[32mhttp-outgoing-1 >> User-Agent: Apache-HttpClient/5.0.3 (Java/17.0.6)
&amp#27;[0;39m2023-05-08 13:18:58,811 [main] &amp#27;[39mDEBUG&amp#27;[0;39m &amp#27;[36mc.g.d.z.s.o.a.hc.client5.http.wire&amp#27;[0;39m - &amp#27;[32mhttp-outgoing-1 >> "GET /v1.32/containers/cccfb0602d7e775562ae171a9fe0a7ec811b6906268008a84fea93151d2a7305/json HTTP/1.1[\r][\n]"
&amp#27;[0;39m2023-05-08 13:18:58,811 [main] &amp#27;[39mDEBUG&amp#27;[0;39m &amp#27;[36mc.g.d.z.s.o.a.hc.client5.http.wire&amp#27;[0;39m - &amp#27;[32mhttp-outgoing-1 >> "accept: application/json[\r][\n]"
&amp#27;[0;39m2023-05-08 13:18:58,811 [main] &amp#27;[39mDEBUG&amp#27;[0;39m &amp#27;[36mc.g.d.z.s.o.a.hc.client5.http.wire&amp#27;[0;39m - &amp#27;[32mhttp-outgoing-1 >> "x-tc-sid: f1b696c1-ec3f-4f95-afa8-081853be7ccb[\r][\n]"
&amp#27;[0;39m2023-05-08 13:18:58,811 [main] &amp#27;[39mDEBUG&amp#27;[0;39m &amp#27;[36mc.g.d.z.s.o.a.hc.client5.http.wire&amp#27;[0;39m - &amp#27;[32mhttp-outgoing-1 >> "Accept-Encoding: gzip, x-gzip, deflate[\r][\n]"
&amp#27;[0;39m2023-05-08 13:18:58,811 [main] &amp#27;[39mDEBUG&amp#27;[0;39m &amp#27;[36mc.g.d.z.s.o.a.hc.client5.http.wire&amp#27;[0;39m - &amp#27;[32mhttp-outgoing-1 >> "Host: localhost:2375[\r][\n]"
&amp#27;[0;39m2023-05-08 13:18:58,811 [main] &amp#27;[39mDEBUG&amp#27;[0;39m &amp#27;[36mc.g.d.z.s.o.a.hc.client5.http.wire&amp#27;[0;39m - &amp#27;[32mhttp-outgoing-1 >> "Connection: keep-alive[\r][\n]"
&amp#27;[0;39m2023-05-08 13:18:58,811 [main] &amp#27;[39mDEBUG&amp#27;[0;39m &amp#27;[36mc.g.d.z.s.o.a.hc.client5.http.wire&amp#27;[0;39m - &amp#27;[32mhttp-outgoing-1 >> "User-Agent: Apache-HttpClient/5.0.3 (Java/17.0.6)[\r][\n]"
&amp#27;[0;39m2023-05-08 13:18:58,811 [main] &amp#27;[39mDEBUG&amp#27;[0;39m &amp#27;[36mc.g.d.z.s.o.a.hc.client5.http.wire&amp#27;[0;39m - &amp#27;[32mhttp-outgoing-1 >> "[\r][\n]"
&amp#27;[0;39m2023-05-08 13:18:58,812 [main] &amp#27;[39mDEBUG&amp#27;[0;39m &amp#27;[36mc.g.d.z.s.o.a.hc.client5.http.wire&amp#27;[0;39m - &amp#27;[32mhttp-outgoing-1 << "HTTP/1.1 200 OK[\r][\n]"
&amp#27;[0;39m2023-05-08 13:18:58,812 [main] &amp#27;[39mDEBUG&amp#27;[0;39m &amp#27;[36mc.g.d.z.s.o.a.hc.client5.http.wire&amp#27;[0;39m - &amp#27;[32mhttp-outgoing-1 << "Api-Version: 1.42[\r][\n]"
&amp#27;[0;39m2023-05-08 13:18:58,812 [main] &amp#27;[39mDEBUG&amp#27;[0;39m &amp#27;[36mc.g.d.z.s.o.a.hc.client5.http.wire&amp#27;[0;39m - &amp#27;[32mhttp-outgoing-1 << "Content-Type: application/json[\r][\n]"
&amp#27;[0;39m2023-05-08 13:18:58,812 [main] &amp#27;[39mDEBUG&amp#27;[0;39m &amp#27;[36mc.g.d.z.s.o.a.hc.client5.http.wire&amp#27;[0;39m - &amp#27;[32mhttp-outgoing-1 << "Docker-Experimental: false[\r][\n]"
&amp#27;[0;39m2023-05-08 13:18:58,812 [main] &amp#27;[39mDEBUG&amp#27;[0;39m &amp#27;[36mc.g.d.z.s.o.a.hc.client5.http.wire&amp#27;[0;39m - &amp#27;[32mhttp-outgoing-1 << "Ostype: linux[\r][\n]"
&amp#27;[0;39m2023-05-08 13:18:58,812 [main] &amp#27;[39mDEBUG&amp#27;[0;39m &amp#27;[36mc.g.d.z.s.o.a.hc.client5.http.wire&amp#27;[0;39m - &amp#27;[32mhttp-outgoing-1 << "Server: Docker/23.0.5 (linux)[\r][\n]"
&amp#27;[0;39m2023-05-08 13:18:58,812 [main] &amp#27;[39mDEBUG&amp#27;[0;39m &amp#27;[36mc.g.d.z.s.o.a.hc.client5.http.wire&amp#27;[0;39m - &amp#27;[32mhttp-outgoing-1 << "Date: Mon, 08 May 2023 11:18:58 GMT[\r][\n]"
&amp#27;[0;39m2023-05-08 13:18:58,812 [main] &amp#27;[39mDEBUG&amp#27;[0;39m &amp#27;[36mc.g.d.z.s.o.a.hc.client5.http.wire&amp#27;[0;39m - &amp#27;[32mhttp-outgoing-1 << "Transfer-Encoding: chunked[\r][\n]"
&amp#27;[0;39m2023-05-08 13:18:58,812 [main] &amp#27;[39mDEBUG&amp#27;[0;39m &amp#27;[36mc.g.d.z.s.o.a.hc.client5.http.wire&amp#27;[0;39m - &amp#27;[32mhttp-outgoing-1 << "[\r][\n]"
&amp#27;[0;39m2023-05-08 13:18:58,812 [main] &amp#27;[39mDEBUG&amp#27;[0;39m &amp#27;[36mc.g.d.z.s.o.a.hc.client5.http.wire&amp#27;[0;39m - &amp#27;[32mhttp-outgoing-1 << "1890[\r][\n]"
&amp#27;[0;39m2023-05-08 13:18:58,812 [main] &amp#27;[39mDEBUG&amp#27;[0;39m &amp#27;[36mc.g.d.z.s.o.a.hc.client5.http.wire&amp#27;[0;39m - &amp#27;[32mhttp-outgoing-1 << "{"Id":"cccfb0602d7e775562ae171a9fe0a7ec811b6906268008a84fea93151d2a7305","Created":"2023-05-08T11:18:54.120535425Z","Path":"docker-entrypoint.sh","Args":["mysqld"],"State":{"Status":"running","Running":true,"Paused":false,"Restarting":false,"OOMKilled":false,"Dead":false,"Pid":59126,"ExitCode":0,"Error":"","StartedAt":"2023-05-08T11:18:54.468577716Z","FinishedAt":"0001-01-01T00:00:00Z"},"Image":"sha256:228d71078f8ce5ae9fd96b183f88c3a90e30544b4b7ce9d64a238d05fef2a681","ResolvConfPath":"/var/lib/docker/containers/cccfb0602d7e775562ae171a9fe0a7ec811b6906268008a84fea93151d2a7305/resolv.conf","HostnamePath":"/var/lib/docker/containers/cccfb0602d7e775562ae171a9fe0a7ec811b6906268008a84fea93151d2a7305/hostname","HostsPath":"/var/lib/docker/containers/cccfb0602d7e775562ae171a9fe0a7ec811b6906268008a84fea93151d2a7305/hosts","LogPath":"/var/lib/docker/containers/cccfb0602d7e775562ae171a9fe0a7ec811b6906268008a84fea93151d2a7305/cccfb0602d7e775562ae171a9fe0a7ec811b6906268008a84fea93151d2a7305-json.log","Name":"/charming_goodall","RestartCount":0,"Driver":"overlay2","Platform":"linux","MountLabel":"","ProcessLabel":"","AppArmorProfile":"docker-default","ExecIDs":null,"HostConfig":{"Binds":[],"ContainerIDFile":"","LogConfig":{"Type":"json-file","Config":{}},"NetworkMode":"default","PortBindings":{"3306/tcp":[{"HostIp":"","HostPort":""}]},"RestartPolicy":{"Name":"","MaximumRetryCount":0},"AutoRemove":false,"VolumeDriver":"","VolumesFrom":[],"ConsoleSize":[0,0],"CapAdd":null,"CapDrop":null,"CgroupnsMode":"private","Dns":null,"DnsOptions":null,"DnsSearch":null,"ExtraHosts":[],"GroupAdd":null,"IpcMode":"shareable","Cgroup":"","Links":null,"OomScoreAdj":0,"PidMode":"","Privileged":false,"PublishAllPorts":false,"ReadonlyRootfs":false,"SecurityOpt":null,"UTSMode":"","UsernsMode":"","ShmSize":67108864,"Runtime":"runc","Isolation":"","CpuShares":0,"Memory":0,"NanoCpus":0,"CgroupParent":"","BlkioWeight":0,"BlkioWeightDevice":null,"BlkioDeviceReadBps":null,"BlkioDeviceWriteBps":null,"BlkioDeviceReadIOps":null,"BlkioDeviceWriteIOps":null,"CpuPeriod":0,"CpuQuota":0,"CpuRealtimePeriod":0,"CpuRealtimeRuntime":0,"CpusetCpus":"","CpusetMems":"","Devices":null,"DeviceCgroupRules":null,"DeviceRequests":null,"MemoryReservation":0,"MemorySwap":0,"MemorySwappiness":null,"OomKillDisable":null,"PidsLimit":null,"Ulimits":null,"CpuCount":0,"CpuPercent":0,"IOMaximumIOps":0,"IOMaximumBandwidth":0,"MaskedPaths":["/proc/asound","/proc/acpi","/proc/kcore","/proc/keys","/proc/latency_stats","/proc/timer_list","/proc/timer_stats","/proc/sched_debug","/proc/scsi","/sys/firmware"],"ReadonlyPaths":["/proc/bus","/proc/fs","/proc/irq","/proc/sys","/proc/sysrq-trigger"]},"GraphDriver":{"Data":{"LowerDir":"/var/lib/docker/overlay2/0075f27ac39799b376a3e23bf05a650eb10c8a0f9ef49be1ab61e98fd3b93dc3-init/diff:/var/lib/docker/overlay2/4c6e20f032f02b27a9272f982861dc21998197aa90d94ed3bef95d449380247c/diff:/var/lib/docker/overlay2/0c75f828f603eff839bb3ca448163ab2a8017e86625ac255cd3dbf1673ddac26/diff:/var/lib/docker/overlay2/da128d897fda75829109844ce6cd9d73d0f54c682e735100af000ce899908729/diff:/var/lib/docker/overlay2/b678a1f261bf323afba6d76d91ab7428bdd6e1ef4a39b5224e4a1afd08c0423a/diff:/var/lib/docker/overlay2/1bec43b14875c5f9f814f146e8e31aa78566689c2c163da2ac60a32254988437/diff:/var/lib/docker/overlay2/28f4b1e6e1a7a2dbe30f1f94fb42bccd85a61faf8af1fe30a5bb0d442c525e41/diff:/var/lib/docker/overlay2/0f493124464c291d7c97d2633d5dff04b1dce5de904cb40a34dfbe7fe72e3fd4/diff:/var/lib/docker/overlay2/05befbee9e38cd670e1786b3310e99796dcc06abbed970007b4109a5424843fa/diff:/var/lib/docker/overlay2/582bcca9acfc4eef25109e1e1b9c9d104f355798455bc73e855c99283887a6e8/diff:/var/lib/docker/overlay2/153b3bf0b69e97e8f0e5533414a31ca33fa530e63d174c9617621abe46e7e9d1/diff:/var/lib/docker/overlay2/bf87a76c0a38875ee6e915fd0d2527eafa880ec6bf2c1cb294959428c18d10bd/diff","MergedDir":"/var/lib/docker/overlay2/0075f27ac39799b376a3e23bf05a650eb10c8a0f9ef49be1ab61e98fd3b93dc3/merged","UpperDir":"/var/lib/docker/overlay2/0075f27ac39799b376a3e23bf05a650eb10c8a0f9ef49be1ab61e98fd3b93dc3/diff","WorkDir":"/var/lib/docker/overlay2/0075f27ac39799b376a3e23bf05a650eb10c8a0f9ef49be1ab61e98fd3b93dc3/work"},"Name":"overlay2"},"Mounts":[{"Type":"volume","Name":"ffd30c8cc7ed7bf91bc1ebef46b0f06493ce1d3121e28c37d40240bd74b844a5","Source":"/var/lib/docker/volumes/ffd30c8cc7ed7bf91bc1ebef46b0f06493ce1d3121e28c37d40240bd74b844a5/_data","Destination":"/var/lib/mysql","Driver":"local","Mode":"","RW":true,"Propagation":""}],"Config":{"Hostname":"cccfb0602d7e","Domainname":"","User":"","AttachStdin":false,"AttachStdout":false,"AttachStderr":false,"ExposedPorts":{"3306/tcp":{}},"Tty":false,"OpenStdin":false,"StdinOnce":false,"Env":["MYSQL_DATABASE=test","MYSQL_PASSWORD=test","MYSQL_USER=test","MYSQL_ROOT_PASSWORD=test","PATH=/usr/local/sbin:/usr/local/bin:/usr/sbin:/usr/bin:/sbin:/bin","GOSU_VERSION=1.7","MYSQL_MAJOR=8.0","MYSQL_VERSION=8.0.0-dmr-1debian8"],"Cmd":["mysqld"],"Image":"mysql:8.0.0","Volumes":{"/var/lib/mysql":{}},"WorkingDir":"","Entrypoint":["docker-entrypoint.sh"],"OnBuild":null,"Labels":{"org.testcontainers":"true","org.testcontainers.lang":"java","org.testcontainers.sessionId":"f1b696c1-ec3f-4f95-afa8-081853be7ccb","org.testcontainers.version":"1.18.0"}},"NetworkSettings":{"Bridge":"","SandboxID":"75a4ef0436803615aa77c8b97de3cbbdd49519261fe2b3b6cdcae9bd2b1154aa","HairpinMode":false,"LinkLocalIPv6Address":"","LinkLocalIPv6PrefixLen":0,"Ports":{"3306/tcp":[{"HostIp":"0.0.0.0","HostPort":"32781"},{"HostIp":"::","HostPort":"32781"}]},"SandboxKey":"/var/run/docker/netns/75a4ef043680","SecondaryIPAddresses":null,"SecondaryIPv6Addresses":null,"EndpointID":"de3a5c9cc9471fdbec5943d78a8803fca61208fe4021ac9d3922ee2e8ec0d135","Gateway":"172.17.0.1","GlobalIPv6Address":"","GlobalIPv6PrefixLen":0,"IPAddress":"172.17.0.3","IPPrefixLen":16,"IPv6Gateway":"","MacAddress":"02:42:ac:11:00:03","Networks":{"bridge":{"IPAMConfig":null,"Links":null,"Aliases":null,"NetworkID":"e1a078e12eb8d77b497ed932f7fb43787eeb6ff6972febd7d03c9282b8b5cd45","EndpointID":"de3a5c9cc9471fdbec5943d78a8803fca61208fe4021ac9d3922ee2e8ec0d135","Gateway":"172.17.0.1","IPAddress":"172.17.0.3","IPPrefixLen":16,"IPv6Gateway":"","GlobalIPv6Address":"","GlobalIPv6PrefixLen":0,"MacAddress":"02:42:ac:11:00:03","DriverOpts":null}}}}[\n]"
&amp#27;[0;39m2023-05-08 13:18:58,812 [main] &amp#27;[39mDEBUG&amp#27;[0;39m &amp#27;[36mc.g.d.z.s.o.a.hc.client5.http.wire&amp#27;[0;39m - &amp#27;[32mhttp-outgoing-1 << "[\r][\n]"
&amp#27;[0;39m2023-05-08 13:18:58,812 [main] &amp#27;[39mDEBUG&amp#27;[0;39m &amp#27;[36mc.g.d.z.s.o.a.hc.client5.http.wire&amp#27;[0;39m - &amp#27;[32mhttp-outgoing-1 << "0[\r][\n]"
&amp#27;[0;39m2023-05-08 13:18:58,812 [main] &amp#27;[39mDEBUG&amp#27;[0;39m &amp#27;[36mc.g.d.z.s.o.a.hc.client5.http.wire&amp#27;[0;39m - &amp#27;[32mhttp-outgoing-1 << "[\r][\n]"
&amp#27;[0;39m2023-05-08 13:18:58,813 [main] &amp#27;[39mDEBUG&amp#27;[0;39m &amp#27;[36mc.g.d.z.s.o.a.h.client5.http.headers&amp#27;[0;39m - &amp#27;[32mhttp-outgoing-1 << HTTP/1.1 200 OK
&amp#27;[0;39m2023-05-08 13:18:58,813 [main] &amp#27;[39mDEBUG&amp#27;[0;39m &amp#27;[36mc.g.d.z.s.o.a.h.client5.http.headers&amp#27;[0;39m - &amp#27;[32mhttp-outgoing-1 << Api-Version: 1.42
&amp#27;[0;39m2023-05-08 13:18:58,813 [main] &amp#27;[39mDEBUG&amp#27;[0;39m &amp#27;[36mc.g.d.z.s.o.a.h.client5.http.headers&amp#27;[0;39m - &amp#27;[32mhttp-outgoing-1 << Content-Type: application/json
&amp#27;[0;39m2023-05-08 13:18:58,813 [main] &amp#27;[39mDEBUG&amp#27;[0;39m &amp#27;[36mc.g.d.z.s.o.a.h.client5.http.headers&amp#27;[0;39m - &amp#27;[32mhttp-outgoing-1 << Docker-Experimental: false
&amp#27;[0;39m2023-05-08 13:18:58,813 [main] &amp#27;[39mDEBUG&amp#27;[0;39m &amp#27;[36mc.g.d.z.s.o.a.h.client5.http.headers&amp#27;[0;39m - &amp#27;[32mhttp-outgoing-1 << Ostype: linux
&amp#27;[0;39m2023-05-08 13:18:58,813 [main] &amp#27;[39mDEBUG&amp#27;[0;39m &amp#27;[36mc.g.d.z.s.o.a.h.client5.http.headers&amp#27;[0;39m - &amp#27;[32mhttp-outgoing-1 << Server: Docker/23.0.5 (linux)
&amp#27;[0;39m2023-05-08 13:18:58,813 [main] &amp#27;[39mDEBUG&amp#27;[0;39m &amp#27;[36mc.g.d.z.s.o.a.h.client5.http.headers&amp#27;[0;39m - &amp#27;[32mhttp-outgoing-1 << Date: Mon, 08 May 2023 11:18:58 GMT
&amp#27;[0;39m2023-05-08 13:18:58,813 [main] &amp#27;[39mDEBUG&amp#27;[0;39m &amp#27;[36mc.g.d.z.s.o.a.h.client5.http.headers&amp#27;[0;39m - &amp#27;[32mhttp-outgoing-1 << Transfer-Encoding: chunked
&amp#27;[0;39m2023-05-08 13:18:58,813 [main] &amp#27;[39mDEBUG&amp#27;[0;39m &amp#27;[36mc.g.d.z.s.o.a.h.c.h.i.c.MainClientExec&amp#27;[0;39m - &amp#27;[32mex-00000039: connection can be kept alive for 3 MINUTES
&amp#27;[0;39m2023-05-08 13:18:58,814 [main] &amp#27;[39mDEBUG&amp#27;[0;39m &amp#27;[36mc.g.d.z.s.o.a.h.c.h.i.c.InternalHttpClient&amp#27;[0;39m - &amp#27;[32mep-00000038: releasing valid endpoint
&amp#27;[0;39m2023-05-08 13:18:58,814 [main] &amp#27;[39mDEBUG&amp#27;[0;39m &amp#27;[36mc.g.d.z.s.o.a.h.c.h.i.i.PoolingHttpClientConnectionManager&amp#27;[0;39m - &amp#27;[32mep-00000038: releasing endpoint
&amp#27;[0;39m2023-05-08 13:18:58,814 [main] &amp#27;[39mDEBUG&amp#27;[0;39m &amp#27;[36mc.g.d.z.s.o.a.h.c.h.i.i.PoolingHttpClientConnectionManager&amp#27;[0;39m - &amp#27;[32mep-00000038: connection http-outgoing-1 can be kept alive for 3 MINUTES
&amp#27;[0;39m2023-05-08 13:18:58,814 [main] &amp#27;[39mDEBUG&amp#27;[0;39m &amp#27;[36mc.g.d.z.s.o.a.h.c.h.i.i.PoolingHttpClientConnectionManager&amp#27;[0;39m - &amp#27;[32mep-00000038: connection released [route: {}->unix://localhost:2375][total available: 1; route allocated: 1 of 2147483647; total allocated: 1 of 2147483647]
&amp#27;[0;39m2023-05-08 13:18:58,814 [main] &amp#27;[39mDEBUG&amp#27;[0;39m &amp#27;[36mtc.mysql:8.0.0&amp#27;[0;39m - &amp#27;[32mTrying to create JDBC connection using com.mysql.cj.jdbc.Driver to jdbc:mysql://localhost:32781/test?useSSL=false&allowPublicKeyRetrieval=true with properties: {password=test, user=test}
&amp#27;[0;39m2023-05-08 13:18:58,916 [main] &amp#27;[39mDEBUG&amp#27;[0;39m &amp#27;[36mo.t.s.c.g.d.c.command.AbstrDockerCmd&amp#27;[0;39m - &amp#27;[32mCmd: cccfb0602d7e775562ae171a9fe0a7ec811b6906268008a84fea93151d2a7305,false
&amp#27;[0;39m2023-05-08 13:18:58,917 [main] &amp#27;[39mDEBUG&amp#27;[0;39m &amp#27;[36mo.t.s.c.g.d.c.e.InspectContainerCmdExec&amp#27;[0;39m - &amp#27;[32mGET: DefaultWebTarget{path=[/containers/cccfb0602d7e775562ae171a9fe0a7ec811b6906268008a84fea93151d2a7305/json], queryParams={}}
&amp#27;[0;39m2023-05-08 13:18:58,917 [main] &amp#27;[39mDEBUG&amp#27;[0;39m &amp#27;[36mc.g.d.z.s.o.a.h.c.h.i.c.InternalHttpClient&amp#27;[0;39m - &amp#27;[32mex-0000003A: preparing request execution
&amp#27;[0;39m2023-05-08 13:18:58,917 [main] &amp#27;[39mDEBUG&amp#27;[0;39m &amp#27;[36mc.g.d.z.s.o.a.h.c.h.p.RequestAddCookies&amp#27;[0;39m - &amp#27;[32mCookie spec selected: strict
&amp#27;[0;39m2023-05-08 13:18:58,917 [main] &amp#27;[39mDEBUG&amp#27;[0;39m &amp#27;[36mc.g.d.z.s.o.a.h.c.h.p.RequestAuthCache&amp#27;[0;39m - &amp#27;[32mAuth cache not set in the context
&amp#27;[0;39m2023-05-08 13:18:58,917 [main] &amp#27;[39mDEBUG&amp#27;[0;39m &amp#27;[36mc.g.d.z.s.o.a.h.c.h.i.c.ProtocolExec&amp#27;[0;39m - &amp#27;[32mex-0000003A: target auth state: UNCHALLENGED
&amp#27;[0;39m2023-05-08 13:18:58,917 [main] &amp#27;[39mDEBUG&amp#27;[0;39m &amp#27;[36mc.g.d.z.s.o.a.h.c.h.i.c.ProtocolExec&amp#27;[0;39m - &amp#27;[32mex-0000003A: proxy auth state: UNCHALLENGED
&amp#27;[0;39m2023-05-08 13:18:58,917 [main] &amp#27;[39mDEBUG&amp#27;[0;39m &amp#27;[36mc.g.d.z.s.o.a.h.c.h.i.c.ConnectExec&amp#27;[0;39m - &amp#27;[32mex-0000003A: acquiring connection with route {}->unix://localhost:2375
&amp#27;[0;39m2023-05-08 13:18:58,917 [main] &amp#27;[39mDEBUG&amp#27;[0;39m &amp#27;[36mc.g.d.z.s.o.a.h.c.h.i.c.InternalHttpClient&amp#27;[0;39m - &amp#27;[32mex-0000003A: acquiring endpoint (3 MINUTES)
&amp#27;[0;39m2023-05-08 13:18:58,917 [main] &amp#27;[39mDEBUG&amp#27;[0;39m &amp#27;[36mc.g.d.z.s.o.a.h.c.h.i.i.PoolingHttpClientConnectionManager&amp#27;[0;39m - &amp#27;[32mex-0000003A: endpoint lease request (3 MINUTES) [route: {}->unix://localhost:2375][total available: 1; route allocated: 1 of 2147483647; total allocated: 1 of 2147483647]
&amp#27;[0;39m2023-05-08 13:18:58,917 [main] &amp#27;[39mDEBUG&amp#27;[0;39m &amp#27;[36mc.g.d.z.s.o.a.h.c.h.i.i.PoolingHttpClientConnectionManager&amp#27;[0;39m - &amp#27;[32mex-0000003A: endpoint leased [route: {}->unix://localhost:2375][total available: 0; route allocated: 1 of 2147483647; total allocated: 1 of 2147483647]
&amp#27;[0;39m2023-05-08 13:18:58,917 [main] &amp#27;[39mDEBUG&amp#27;[0;39m &amp#27;[36mc.g.d.z.s.o.a.h.c.h.i.i.PoolingHttpClientConnectionManager&amp#27;[0;39m - &amp#27;[32mex-0000003A: acquired ep-00000039
&amp#27;[0;39m2023-05-08 13:18:58,917 [main] &amp#27;[39mDEBUG&amp#27;[0;39m &amp#27;[36mc.g.d.z.s.o.a.h.c.h.i.c.InternalHttpClient&amp#27;[0;39m - &amp#27;[32mex-0000003A: acquired endpoint ep-00000039
&amp#27;[0;39m2023-05-08 13:18:58,917 [main] &amp#27;[39mDEBUG&amp#27;[0;39m &amp#27;[36mc.g.d.z.s.o.a.h.c.h.i.c.MainClientExec&amp#27;[0;39m - &amp#27;[32mex-0000003A: executing GET /v1.32/containers/cccfb0602d7e775562ae171a9fe0a7ec811b6906268008a84fea93151d2a7305/json HTTP/1.1
&amp#27;[0;39m2023-05-08 13:18:58,918 [main] &amp#27;[39mDEBUG&amp#27;[0;39m &amp#27;[36mc.g.d.z.s.o.a.h.c.h.i.c.InternalHttpClient&amp#27;[0;39m - &amp#27;[32mep-00000039: start execution ex-0000003A
&amp#27;[0;39m2023-05-08 13:18:58,918 [main] &amp#27;[39mDEBUG&amp#27;[0;39m &amp#27;[36mc.g.d.z.s.o.a.h.c.h.i.i.PoolingHttpClientConnectionManager&amp#27;[0;39m - &amp#27;[32mep-00000039: executing exchange ex-0000003A over http-outgoing-1
&amp#27;[0;39m2023-05-08 13:18:58,918 [main] &amp#27;[39mDEBUG&amp#27;[0;39m &amp#27;[36mc.g.d.z.s.o.a.h.client5.http.headers&amp#27;[0;39m - &amp#27;[32mhttp-outgoing-1 >> GET /v1.32/containers/cccfb0602d7e775562ae171a9fe0a7ec811b6906268008a84fea93151d2a7305/json HTTP/1.1
&amp#27;[0;39m2023-05-08 13:18:58,918 [main] &amp#27;[39mDEBUG&amp#27;[0;39m &amp#27;[36mc.g.d.z.s.o.a.h.client5.http.headers&amp#27;[0;39m - &amp#27;[32mhttp-outgoing-1 >> accept: application/json
&amp#27;[0;39m2023-05-08 13:18:58,918 [main] &amp#27;[39mDEBUG&amp#27;[0;39m &amp#27;[36mc.g.d.z.s.o.a.h.client5.http.headers&amp#27;[0;39m - &amp#27;[32mhttp-outgoing-1 >> x-tc-sid: f1b696c1-ec3f-4f95-afa8-081853be7ccb
&amp#27;[0;39m2023-05-08 13:18:58,918 [main] &amp#27;[39mDEBUG&amp#27;[0;39m &amp#27;[36mc.g.d.z.s.o.a.h.client5.http.headers&amp#27;[0;39m - &amp#27;[32mhttp-outgoing-1 >> Accept-Encoding: gzip, x-gzip, deflate
&amp#27;[0;39m2023-05-08 13:18:58,918 [main] &amp#27;[39mDEBUG&amp#27;[0;39m &amp#27;[36mc.g.d.z.s.o.a.h.client5.http.headers&amp#27;[0;39m - &amp#27;[32mhttp-outgoing-1 >> Host: localhost:2375
&amp#27;[0;39m2023-05-08 13:18:58,918 [main] &amp#27;[39mDEBUG&amp#27;[0;39m &amp#27;[36mc.g.d.z.s.o.a.h.client5.http.headers&amp#27;[0;39m - &amp#27;[32mhttp-outgoing-1 >> Connection: keep-alive
&amp#27;[0;39m2023-05-08 13:18:58,918 [main] &amp#27;[39mDEBUG&amp#27;[0;39m &amp#27;[36mc.g.d.z.s.o.a.h.client5.http.headers&amp#27;[0;39m - &amp#27;[32mhttp-outgoing-1 >> User-Agent: Apache-HttpClient/5.0.3 (Java/17.0.6)
&amp#27;[0;39m2023-05-08 13:18:58,918 [main] &amp#27;[39mDEBUG&amp#27;[0;39m &amp#27;[36mc.g.d.z.s.o.a.hc.client5.http.wire&amp#27;[0;39m - &amp#27;[32mhttp-outgoing-1 >> "GET /v1.32/containers/cccfb0602d7e775562ae171a9fe0a7ec811b6906268008a84fea93151d2a7305/json HTTP/1.1[\r][\n]"
&amp#27;[0;39m2023-05-08 13:18:58,918 [main] &amp#27;[39mDEBUG&amp#27;[0;39m &amp#27;[36mc.g.d.z.s.o.a.hc.client5.http.wire&amp#27;[0;39m - &amp#27;[32mhttp-outgoing-1 >> "accept: application/json[\r][\n]"
&amp#27;[0;39m2023-05-08 13:18:58,918 [main] &amp#27;[39mDEBUG&amp#27;[0;39m &amp#27;[36mc.g.d.z.s.o.a.hc.client5.http.wire&amp#27;[0;39m - &amp#27;[32mhttp-outgoing-1 >> "x-tc-sid: f1b696c1-ec3f-4f95-afa8-081853be7ccb[\r][\n]"
&amp#27;[0;39m2023-05-08 13:18:58,918 [main] &amp#27;[39mDEBUG&amp#27;[0;39m &amp#27;[36mc.g.d.z.s.o.a.hc.client5.http.wire&amp#27;[0;39m - &amp#27;[32mhttp-outgoing-1 >> "Accept-Encoding: gzip, x-gzip, deflate[\r][\n]"
&amp#27;[0;39m2023-05-08 13:18:58,918 [main] &amp#27;[39mDEBUG&amp#27;[0;39m &amp#27;[36mc.g.d.z.s.o.a.hc.client5.http.wire&amp#27;[0;39m - &amp#27;[32mhttp-outgoing-1 >> "Host: localhost:2375[\r][\n]"
&amp#27;[0;39m2023-05-08 13:18:58,918 [main] &amp#27;[39mDEBUG&amp#27;[0;39m &amp#27;[36mc.g.d.z.s.o.a.hc.client5.http.wire&amp#27;[0;39m - &amp#27;[32mhttp-outgoing-1 >> "Connection: keep-alive[\r][\n]"
&amp#27;[0;39m2023-05-08 13:18:58,918 [main] &amp#27;[39mDEBUG&amp#27;[0;39m &amp#27;[36mc.g.d.z.s.o.a.hc.client5.http.wire&amp#27;[0;39m - &amp#27;[32mhttp-outgoing-1 >> "User-Agent: Apache-HttpClient/5.0.3 (Java/17.0.6)[\r][\n]"
&amp#27;[0;39m2023-05-08 13:18:58,918 [main] &amp#27;[39mDEBUG&amp#27;[0;39m &amp#27;[36mc.g.d.z.s.o.a.hc.client5.http.wire&amp#27;[0;39m - &amp#27;[32mhttp-outgoing-1 >> "[\r][\n]"
&amp#27;[0;39m2023-05-08 13:18:58,918 [main] &amp#27;[39mDEBUG&amp#27;[0;39m &amp#27;[36mc.g.d.z.s.o.a.hc.client5.http.wire&amp#27;[0;39m - &amp#27;[32mhttp-outgoing-1 << "HTTP/1.1 200 OK[\r][\n]"
&amp#27;[0;39m2023-05-08 13:18:58,918 [main] &amp#27;[39mDEBUG&amp#27;[0;39m &amp#27;[36mc.g.d.z.s.o.a.hc.client5.http.wire&amp#27;[0;39m - &amp#27;[32mhttp-outgoing-1 << "Api-Version: 1.42[\r][\n]"
&amp#27;[0;39m2023-05-08 13:18:58,918 [main] &amp#27;[39mDEBUG&amp#27;[0;39m &amp#27;[36mc.g.d.z.s.o.a.hc.client5.http.wire&amp#27;[0;39m - &amp#27;[32mhttp-outgoing-1 << "Content-Type: application/json[\r][\n]"
&amp#27;[0;39m2023-05-08 13:18:58,918 [main] &amp#27;[39mDEBUG&amp#27;[0;39m &amp#27;[36mc.g.d.z.s.o.a.hc.client5.http.wire&amp#27;[0;39m - &amp#27;[32mhttp-outgoing-1 << "Docker-Experimental: false[\r][\n]"
&amp#27;[0;39m2023-05-08 13:18:58,918 [main] &amp#27;[39mDEBUG&amp#27;[0;39m &amp#27;[36mc.g.d.z.s.o.a.hc.client5.http.wire&amp#27;[0;39m - &amp#27;[32mhttp-outgoing-1 << "Ostype: linux[\r][\n]"
&amp#27;[0;39m2023-05-08 13:18:58,918 [main] &amp#27;[39mDEBUG&amp#27;[0;39m &amp#27;[36mc.g.d.z.s.o.a.hc.client5.http.wire&amp#27;[0;39m - &amp#27;[32mhttp-outgoing-1 << "Server: Docker/23.0.5 (linux)[\r][\n]"
&amp#27;[0;39m2023-05-08 13:18:58,918 [main] &amp#27;[39mDEBUG&amp#27;[0;39m &amp#27;[36mc.g.d.z.s.o.a.hc.client5.http.wire&amp#27;[0;39m - &amp#27;[32mhttp-outgoing-1 << "Date: Mon, 08 May 2023 11:18:58 GMT[\r][\n]"
&amp#27;[0;39m2023-05-08 13:18:58,918 [main] &amp#27;[39mDEBUG&amp#27;[0;39m &amp#27;[36mc.g.d.z.s.o.a.hc.client5.http.wire&amp#27;[0;39m - &amp#27;[32mhttp-outgoing-1 << "Transfer-Encoding: chunked[\r][\n]"
&amp#27;[0;39m2023-05-08 13:18:58,918 [main] &amp#27;[39mDEBUG&amp#27;[0;39m &amp#27;[36mc.g.d.z.s.o.a.hc.client5.http.wire&amp#27;[0;39m - &amp#27;[32mhttp-outgoing-1 << "[\r][\n]"
&amp#27;[0;39m2023-05-08 13:18:58,918 [main] &amp#27;[39mDEBUG&amp#27;[0;39m &amp#27;[36mc.g.d.z.s.o.a.hc.client5.http.wire&amp#27;[0;39m - &amp#27;[32mhttp-outgoing-1 << "1890[\r][\n]"
&amp#27;[0;39m2023-05-08 13:18:58,919 [main] &amp#27;[39mDEBUG&amp#27;[0;39m &amp#27;[36mc.g.d.z.s.o.a.hc.client5.http.wire&amp#27;[0;39m - &amp#27;[32mhttp-outgoing-1 << "{"Id":"cccfb0602d7e775562ae171a9fe0a7ec811b6906268008a84fea93151d2a7305","Created":"2023-05-08T11:18:54.120535425Z","Path":"docker-entrypoint.sh","Args":["mysqld"],"State":{"Status":"running","Running":true,"Paused":false,"Restarting":false,"OOMKilled":false,"Dead":false,"Pid":59126,"ExitCode":0,"Error":"","StartedAt":"2023-05-08T11:18:54.468577716Z","FinishedAt":"0001-01-01T00:00:00Z"},"Image":"sha256:228d71078f8ce5ae9fd96b183f88c3a90e30544b4b7ce9d64a238d05fef2a681","ResolvConfPath":"/var/lib/docker/containers/cccfb0602d7e775562ae171a9fe0a7ec811b6906268008a84fea93151d2a7305/resolv.conf","HostnamePath":"/var/lib/docker/containers/cccfb0602d7e775562ae171a9fe0a7ec811b6906268008a84fea93151d2a7305/hostname","HostsPath":"/var/lib/docker/containers/cccfb0602d7e775562ae171a9fe0a7ec811b6906268008a84fea93151d2a7305/hosts","LogPath":"/var/lib/docker/containers/cccfb0602d7e775562ae171a9fe0a7ec811b6906268008a84fea93151d2a7305/cccfb0602d7e775562ae171a9fe0a7ec811b6906268008a84fea93151d2a7305-json.log","Name":"/charming_goodall","RestartCount":0,"Driver":"overlay2","Platform":"linux","MountLabel":"","ProcessLabel":"","AppArmorProfile":"docker-default","ExecIDs":null,"HostConfig":{"Binds":[],"ContainerIDFile":"","LogConfig":{"Type":"json-file","Config":{}},"NetworkMode":"default","PortBindings":{"3306/tcp":[{"HostIp":"","HostPort":""}]},"RestartPolicy":{"Name":"","MaximumRetryCount":0},"AutoRemove":false,"VolumeDriver":"","VolumesFrom":[],"ConsoleSize":[0,0],"CapAdd":null,"CapDrop":null,"CgroupnsMode":"private","Dns":null,"DnsOptions":null,"DnsSearch":null,"ExtraHosts":[],"GroupAdd":null,"IpcMode":"shareable","Cgroup":"","Links":null,"OomScoreAdj":0,"PidMode":"","Privileged":false,"PublishAllPorts":false,"ReadonlyRootfs":false,"SecurityOpt":null,"UTSMode":"","UsernsMode":"","ShmSize":67108864,"Runtime":"runc","Isolation":"","CpuShares":0,"Memory":0,"NanoCpus":0,"CgroupParent":"","BlkioWeight":0,"BlkioWeightDevice":null,"BlkioDeviceReadBps":null,"BlkioDeviceWriteBps":null,"BlkioDeviceReadIOps":null,"BlkioDeviceWriteIOps":null,"CpuPeriod":0,"CpuQuota":0,"CpuRealtimePeriod":0,"CpuRealtimeRuntime":0,"CpusetCpus":"","CpusetMems":"","Devices":null,"DeviceCgroupRules":null,"DeviceRequests":null,"MemoryReservation":0,"MemorySwap":0,"MemorySwappiness":null,"OomKillDisable":null,"PidsLimit":null,"Ulimits":null,"CpuCount":0,"CpuPercent":0,"IOMaximumIOps":0,"IOMaximumBandwidth":0,"MaskedPaths":["/proc/asound","/proc/acpi","/proc/kcore","/proc/keys","/proc/latency_stats","/proc/timer_list","/proc/timer_stats","/proc/sched_debug","/proc/scsi","/sys/firmware"],"ReadonlyPaths":["/proc/bus","/proc/fs","/proc/irq","/proc/sys","/proc/sysrq-trigger"]},"GraphDriver":{"Data":{"LowerDir":"/var/lib/docker/overlay2/0075f27ac39799b376a3e23bf05a650eb10c8a0f9ef49be1ab61e98fd3b93dc3-init/diff:/var/lib/docker/overlay2/4c6e20f032f02b27a9272f982861dc21998197aa90d94ed3bef95d449380247c/diff:/var/lib/docker/overlay2/0c75f828f603eff839bb3ca448163ab2a8017e86625ac255cd3dbf1673ddac26/diff:/var/lib/docker/overlay2/da128d897fda75829109844ce6cd9d73d0f54c682e735100af000ce899908729/diff:/var/lib/docker/overlay2/b678a1f261bf323afba6d76d91ab7428bdd6e1ef4a39b5224e4a1afd08c0423a/diff:/var/lib/docker/overlay2/1bec43b14875c5f9f814f146e8e31aa78566689c2c163da2ac60a32254988437/diff:/var/lib/docker/overlay2/28f4b1e6e1a7a2dbe30f1f94fb42bccd85a61faf8af1fe30a5bb0d442c525e41/diff:/var/lib/docker/overlay2/0f493124464c291d7c97d2633d5dff04b1dce5de904cb40a34dfbe7fe72e3fd4/diff:/var/lib/docker/overlay2/05befbee9e38cd670e1786b3310e99796dcc06abbed970007b4109a5424843fa/diff:/var/lib/docker/overlay2/582bcca9acfc4eef25109e1e1b9c9d104f355798455bc73e855c99283887a6e8/diff:/var/lib/docker/overlay2/153b3bf0b69e97e8f0e5533414a31ca33fa530e63d174c9617621abe46e7e9d1/diff:/var/lib/docker/overlay2/bf87a76c0a38875ee6e915fd0d2527eafa880ec6bf2c1cb294959428c18d10bd/diff","MergedDir":"/var/lib/docker/overlay2/0075f27ac39799b376a3e23bf05a650eb10c8a0f9ef49be1ab61e98fd3b93dc3/merged","UpperDir":"/var/lib/docker/overlay2/0075f27ac39799b376a3e23bf05a650eb10c8a0f9ef49be1ab61e98fd3b93dc3/diff","WorkDir":"/var/lib/docker/overlay2/0075f27ac39799b376a3e23bf05a650eb10c8a0f9ef49be1ab61e98fd3b93dc3/work"},"Name":"overlay2"},"Mounts":[{"Type":"volume","Name":"ffd30c8cc7ed7bf91bc1ebef46b0f06493ce1d3121e28c37d40240bd74b844a5","Source":"/var/lib/docker/volumes/ffd30c8cc7ed7bf91bc1ebef46b0f06493ce1d3121e28c37d40240bd74b844a5/_data","Destination":"/var/lib/mysql","Driver":"local","Mode":"","RW":true,"Propagation":""}],"Config":{"Hostname":"cccfb0602d7e","Domainname":"","User":"","AttachStdin":false,"AttachStdout":false,"AttachStderr":false,"ExposedPorts":{"3306/tcp":{}},"Tty":false,"OpenStdin":false,"StdinOnce":false,"Env":["MYSQL_DATABASE=test","MYSQL_PASSWORD=test","MYSQL_USER=test","MYSQL_ROOT_PASSWORD=test","PATH=/usr/local/sbin:/usr/local/bin:/usr/sbin:/usr/bin:/sbin:/bin","GOSU_VERSION=1.7","MYSQL_MAJOR=8.0","MYSQL_VERSION=8.0.0-dmr-1debian8"],"Cmd":["mysqld"],"Image":"mysql:8.0.0","Volumes":{"/var/lib/mysql":{}},"WorkingDir":"","Entrypoint":["docker-entrypoint.sh"],"OnBuild":null,"Labels":{"org.testcontainers":"true","org.testcontainers.lang":"java","org.testcontainers.sessionId":"f1b696c1-ec3f-4f95-afa8-081853be7ccb","org.testcontainers.version":"1.18.0"}},"NetworkSettings":{"Bridge":"","SandboxID":"75a4ef0436803615aa77c8b97de3cbbdd49519261fe2b3b6cdcae9bd2b1154aa","HairpinMode":false,"LinkLocalIPv6Address":"","LinkLocalIPv6PrefixLen":0,"Ports":{"3306/tcp":[{"HostIp":"0.0.0.0","HostPort":"32781"},{"HostIp":"::","HostPort":"32781"}]},"SandboxKey":"/var/run/docker/netns/75a4ef043680","SecondaryIPAddresses":null,"SecondaryIPv6Addresses":null,"EndpointID":"de3a5c9cc9471fdbec5943d78a8803fca61208fe4021ac9d3922ee2e8ec0d135","Gateway":"172.17.0.1","GlobalIPv6Address":"","GlobalIPv6PrefixLen":0,"IPAddress":"172.17.0.3","IPPrefixLen":16,"IPv6Gateway":"","MacAddress":"02:42:ac:11:00:03","Networks":{"bridge":{"IPAMConfig":null,"Links":null,"Aliases":null,"NetworkID":"e1a078e12eb8d77b497ed932f7fb43787eeb6ff6972febd7d03c9282b8b5cd45","EndpointID":"de3a5c9cc9471fdbec5943d78a8803fca61208fe4021ac9d3922ee2e8ec0d135","Gateway":"172.17.0.1","IPAddress":"172.17.0.3","IPPrefixLen":16,"IPv6Gateway":"","GlobalIPv6Address":"","GlobalIPv6PrefixLen":0,"MacAddress":"02:42:ac:11:00:03","DriverOpts":null}}}}[\n]"
&amp#27;[0;39m2023-05-08 13:18:58,919 [main] &amp#27;[39mDEBUG&amp#27;[0;39m &amp#27;[36mc.g.d.z.s.o.a.hc.client5.http.wire&amp#27;[0;39m - &amp#27;[32mhttp-outgoing-1 << "[\r][\n]"
&amp#27;[0;39m2023-05-08 13:18:58,919 [main] &amp#27;[39mDEBUG&amp#27;[0;39m &amp#27;[36mc.g.d.z.s.o.a.hc.client5.http.wire&amp#27;[0;39m - &amp#27;[32mhttp-outgoing-1 << "0[\r][\n]"
&amp#27;[0;39m2023-05-08 13:18:58,919 [main] &amp#27;[39mDEBUG&amp#27;[0;39m &amp#27;[36mc.g.d.z.s.o.a.hc.client5.http.wire&amp#27;[0;39m - &amp#27;[32mhttp-outgoing-1 << "[\r][\n]"
&amp#27;[0;39m2023-05-08 13:18:58,919 [main] &amp#27;[39mDEBUG&amp#27;[0;39m &amp#27;[36mc.g.d.z.s.o.a.h.client5.http.headers&amp#27;[0;39m - &amp#27;[32mhttp-outgoing-1 << HTTP/1.1 200 OK
&amp#27;[0;39m2023-05-08 13:18:58,919 [main] &amp#27;[39mDEBUG&amp#27;[0;39m &amp#27;[36mc.g.d.z.s.o.a.h.client5.http.headers&amp#27;[0;39m - &amp#27;[32mhttp-outgoing-1 << Api-Version: 1.42
&amp#27;[0;39m2023-05-08 13:18:58,919 [main] &amp#27;[39mDEBUG&amp#27;[0;39m &amp#27;[36mc.g.d.z.s.o.a.h.client5.http.headers&amp#27;[0;39m - &amp#27;[32mhttp-outgoing-1 << Content-Type: application/json
&amp#27;[0;39m2023-05-08 13:18:58,919 [main] &amp#27;[39mDEBUG&amp#27;[0;39m &amp#27;[36mc.g.d.z.s.o.a.h.client5.http.headers&amp#27;[0;39m - &amp#27;[32mhttp-outgoing-1 << Docker-Experimental: false
&amp#27;[0;39m2023-05-08 13:18:58,919 [main] &amp#27;[39mDEBUG&amp#27;[0;39m &amp#27;[36mc.g.d.z.s.o.a.h.client5.http.headers&amp#27;[0;39m - &amp#27;[32mhttp-outgoing-1 << Ostype: linux
&amp#27;[0;39m2023-05-08 13:18:58,919 [main] &amp#27;[39mDEBUG&amp#27;[0;39m &amp#27;[36mc.g.d.z.s.o.a.h.client5.http.headers&amp#27;[0;39m - &amp#27;[32mhttp-outgoing-1 << Server: Docker/23.0.5 (linux)
&amp#27;[0;39m2023-05-08 13:18:58,919 [main] &amp#27;[39mDEBUG&amp#27;[0;39m &amp#27;[36mc.g.d.z.s.o.a.h.client5.http.headers&amp#27;[0;39m - &amp#27;[32mhttp-outgoing-1 << Date: Mon, 08 May 2023 11:18:58 GMT
&amp#27;[0;39m2023-05-08 13:18:58,919 [main] &amp#27;[39mDEBUG&amp#27;[0;39m &amp#27;[36mc.g.d.z.s.o.a.h.client5.http.headers&amp#27;[0;39m - &amp#27;[32mhttp-outgoing-1 << Transfer-Encoding: chunked
&amp#27;[0;39m2023-05-08 13:18:58,919 [main] &amp#27;[39mDEBUG&amp#27;[0;39m &amp#27;[36mc.g.d.z.s.o.a.h.c.h.i.c.MainClientExec&amp#27;[0;39m - &amp#27;[32mex-0000003A: connection can be kept alive for 3 MINUTES
&amp#27;[0;39m2023-05-08 13:18:58,920 [main] &amp#27;[39mDEBUG&amp#27;[0;39m &amp#27;[36mc.g.d.z.s.o.a.h.c.h.i.c.InternalHttpClient&amp#27;[0;39m - &amp#27;[32mep-00000039: releasing valid endpoint
&amp#27;[0;39m2023-05-08 13:18:58,920 [main] &amp#27;[39mDEBUG&amp#27;[0;39m &amp#27;[36mc.g.d.z.s.o.a.h.c.h.i.i.PoolingHttpClientConnectionManager&amp#27;[0;39m - &amp#27;[32mep-00000039: releasing endpoint
&amp#27;[0;39m2023-05-08 13:18:58,920 [main] &amp#27;[39mDEBUG&amp#27;[0;39m &amp#27;[36mc.g.d.z.s.o.a.h.c.h.i.i.PoolingHttpClientConnectionManager&amp#27;[0;39m - &amp#27;[32mep-00000039: connection http-outgoing-1 can be kept alive for 3 MINUTES
&amp#27;[0;39m2023-05-08 13:18:58,920 [main] &amp#27;[39mDEBUG&amp#27;[0;39m &amp#27;[36mc.g.d.z.s.o.a.h.c.h.i.i.PoolingHttpClientConnectionManager&amp#27;[0;39m - &amp#27;[32mep-00000039: connection released [route: {}->unix://localhost:2375][total available: 1; route allocated: 1 of 2147483647; total allocated: 1 of 2147483647]
&amp#27;[0;39m2023-05-08 13:18:58,920 [main] &amp#27;[39mDEBUG&amp#27;[0;39m &amp#27;[36mtc.mysql:8.0.0&amp#27;[0;39m - &amp#27;[32mTrying to create JDBC connection using com.mysql.cj.jdbc.Driver to jdbc:mysql://localhost:32781/test?useSSL=false&allowPublicKeyRetrieval=true with properties: {password=test, user=test}
&amp#27;[0;39m2023-05-08 13:18:59,022 [main] &amp#27;[39mDEBUG&amp#27;[0;39m &amp#27;[36mo.t.s.c.g.d.c.command.AbstrDockerCmd&amp#27;[0;39m - &amp#27;[32mCmd: cccfb0602d7e775562ae171a9fe0a7ec811b6906268008a84fea93151d2a7305,false
&amp#27;[0;39m2023-05-08 13:18:59,022 [main] &amp#27;[39mDEBUG&amp#27;[0;39m &amp#27;[36mo.t.s.c.g.d.c.e.InspectContainerCmdExec&amp#27;[0;39m - &amp#27;[32mGET: DefaultWebTarget{path=[/containers/cccfb0602d7e775562ae171a9fe0a7ec811b6906268008a84fea93151d2a7305/json], queryParams={}}
&amp#27;[0;39m2023-05-08 13:18:59,022 [main] &amp#27;[39mDEBUG&amp#27;[0;39m &amp#27;[36mc.g.d.z.s.o.a.h.c.h.i.c.InternalHttpClient&amp#27;[0;39m - &amp#27;[32mex-0000003B: preparing request execution
&amp#27;[0;39m2023-05-08 13:18:59,022 [main] &amp#27;[39mDEBUG&amp#27;[0;39m &amp#27;[36mc.g.d.z.s.o.a.h.c.h.p.RequestAddCookies&amp#27;[0;39m - &amp#27;[32mCookie spec selected: strict
&amp#27;[0;39m2023-05-08 13:18:59,022 [main] &amp#27;[39mDEBUG&amp#27;[0;39m &amp#27;[36mc.g.d.z.s.o.a.h.c.h.p.RequestAuthCache&amp#27;[0;39m - &amp#27;[32mAuth cache not set in the context
&amp#27;[0;39m2023-05-08 13:18:59,022 [main] &amp#27;[39mDEBUG&amp#27;[0;39m &amp#27;[36mc.g.d.z.s.o.a.h.c.h.i.c.ProtocolExec&amp#27;[0;39m - &amp#27;[32mex-0000003B: target auth state: UNCHALLENGED
&amp#27;[0;39m2023-05-08 13:18:59,022 [main] &amp#27;[39mDEBUG&amp#27;[0;39m &amp#27;[36mc.g.d.z.s.o.a.h.c.h.i.c.ProtocolExec&amp#27;[0;39m - &amp#27;[32mex-0000003B: proxy auth state: UNCHALLENGED
&amp#27;[0;39m2023-05-08 13:18:59,022 [main] &amp#27;[39mDEBUG&amp#27;[0;39m &amp#27;[36mc.g.d.z.s.o.a.h.c.h.i.c.ConnectExec&amp#27;[0;39m - &amp#27;[32mex-0000003B: acquiring connection with route {}->unix://localhost:2375
&amp#27;[0;39m2023-05-08 13:18:59,022 [main] &amp#27;[39mDEBUG&amp#27;[0;39m &amp#27;[36mc.g.d.z.s.o.a.h.c.h.i.c.InternalHttpClient&amp#27;[0;39m - &amp#27;[32mex-0000003B: acquiring endpoint (3 MINUTES)
&amp#27;[0;39m2023-05-08 13:18:59,022 [main] &amp#27;[39mDEBUG&amp#27;[0;39m &amp#27;[36mc.g.d.z.s.o.a.h.c.h.i.i.PoolingHttpClientConnectionManager&amp#27;[0;39m - &amp#27;[32mex-0000003B: endpoint lease request (3 MINUTES) [route: {}->unix://localhost:2375][total available: 1; route allocated: 1 of 2147483647; total allocated: 1 of 2147483647]
&amp#27;[0;39m2023-05-08 13:18:59,022 [main] &amp#27;[39mDEBUG&amp#27;[0;39m &amp#27;[36mc.g.d.z.s.o.a.h.c.h.i.i.PoolingHttpClientConnectionManager&amp#27;[0;39m - &amp#27;[32mex-0000003B: endpoint leased [route: {}->unix://localhost:2375][total available: 0; route allocated: 1 of 2147483647; total allocated: 1 of 2147483647]
&amp#27;[0;39m2023-05-08 13:18:59,022 [main] &amp#27;[39mDEBUG&amp#27;[0;39m &amp#27;[36mc.g.d.z.s.o.a.h.c.h.i.i.PoolingHttpClientConnectionManager&amp#27;[0;39m - &amp#27;[32mex-0000003B: acquired ep-0000003A
&amp#27;[0;39m2023-05-08 13:18:59,022 [main] &amp#27;[39mDEBUG&amp#27;[0;39m &amp#27;[36mc.g.d.z.s.o.a.h.c.h.i.c.InternalHttpClient&amp#27;[0;39m - &amp#27;[32mex-0000003B: acquired endpoint ep-0000003A
&amp#27;[0;39m2023-05-08 13:18:59,022 [main] &amp#27;[39mDEBUG&amp#27;[0;39m &amp#27;[36mc.g.d.z.s.o.a.h.c.h.i.c.MainClientExec&amp#27;[0;39m - &amp#27;[32mex-0000003B: executing GET /v1.32/containers/cccfb0602d7e775562ae171a9fe0a7ec811b6906268008a84fea93151d2a7305/json HTTP/1.1
&amp#27;[0;39m2023-05-08 13:18:59,022 [main] &amp#27;[39mDEBUG&amp#27;[0;39m &amp#27;[36mc.g.d.z.s.o.a.h.c.h.i.c.InternalHttpClient&amp#27;[0;39m - &amp#27;[32mep-0000003A: start execution ex-0000003B
&amp#27;[0;39m2023-05-08 13:18:59,022 [main] &amp#27;[39mDEBUG&amp#27;[0;39m &amp#27;[36mc.g.d.z.s.o.a.h.c.h.i.i.PoolingHttpClientConnectionManager&amp#27;[0;39m - &amp#27;[32mep-0000003A: executing exchange ex-0000003B over http-outgoing-1
&amp#27;[0;39m2023-05-08 13:18:59,022 [main] &amp#27;[39mDEBUG&amp#27;[0;39m &amp#27;[36mc.g.d.z.s.o.a.h.client5.http.headers&amp#27;[0;39m - &amp#27;[32mhttp-outgoing-1 >> GET /v1.32/containers/cccfb0602d7e775562ae171a9fe0a7ec811b6906268008a84fea93151d2a7305/json HTTP/1.1
&amp#27;[0;39m2023-05-08 13:18:59,022 [main] &amp#27;[39mDEBUG&amp#27;[0;39m &amp#27;[36mc.g.d.z.s.o.a.h.client5.http.headers&amp#27;[0;39m - &amp#27;[32mhttp-outgoing-1 >> accept: application/json
&amp#27;[0;39m2023-05-08 13:18:59,022 [main] &amp#27;[39mDEBUG&amp#27;[0;39m &amp#27;[36mc.g.d.z.s.o.a.h.client5.http.headers&amp#27;[0;39m - &amp#27;[32mhttp-outgoing-1 >> x-tc-sid: f1b696c1-ec3f-4f95-afa8-081853be7ccb
&amp#27;[0;39m2023-05-08 13:18:59,022 [main] &amp#27;[39mDEBUG&amp#27;[0;39m &amp#27;[36mc.g.d.z.s.o.a.h.client5.http.headers&amp#27;[0;39m - &amp#27;[32mhttp-outgoing-1 >> Accept-Encoding: gzip, x-gzip, deflate
&amp#27;[0;39m2023-05-08 13:18:59,022 [main] &amp#27;[39mDEBUG&amp#27;[0;39m &amp#27;[36mc.g.d.z.s.o.a.h.client5.http.headers&amp#27;[0;39m - &amp#27;[32mhttp-outgoing-1 >> Host: localhost:2375
&amp#27;[0;39m2023-05-08 13:18:59,023 [main] &amp#27;[39mDEBUG&amp#27;[0;39m &amp#27;[36mc.g.d.z.s.o.a.h.client5.http.headers&amp#27;[0;39m - &amp#27;[32mhttp-outgoing-1 >> Connection: keep-alive
&amp#27;[0;39m2023-05-08 13:18:59,023 [main] &amp#27;[39mDEBUG&amp#27;[0;39m &amp#27;[36mc.g.d.z.s.o.a.h.client5.http.headers&amp#27;[0;39m - &amp#27;[32mhttp-outgoing-1 >> User-Agent: Apache-HttpClient/5.0.3 (Java/17.0.6)
&amp#27;[0;39m2023-05-08 13:18:59,023 [main] &amp#27;[39mDEBUG&amp#27;[0;39m &amp#27;[36mc.g.d.z.s.o.a.hc.client5.http.wire&amp#27;[0;39m - &amp#27;[32mhttp-outgoing-1 >> "GET /v1.32/containers/cccfb0602d7e775562ae171a9fe0a7ec811b6906268008a84fea93151d2a7305/json HTTP/1.1[\r][\n]"
&amp#27;[0;39m2023-05-08 13:18:59,023 [main] &amp#27;[39mDEBUG&amp#27;[0;39m &amp#27;[36mc.g.d.z.s.o.a.hc.client5.http.wire&amp#27;[0;39m - &amp#27;[32mhttp-outgoing-1 >> "accept: application/json[\r][\n]"
&amp#27;[0;39m2023-05-08 13:18:59,023 [main] &amp#27;[39mDEBUG&amp#27;[0;39m &amp#27;[36mc.g.d.z.s.o.a.hc.client5.http.wire&amp#27;[0;39m - &amp#27;[32mhttp-outgoing-1 >> "x-tc-sid: f1b696c1-ec3f-4f95-afa8-081853be7ccb[\r][\n]"
&amp#27;[0;39m2023-05-08 13:18:59,023 [main] &amp#27;[39mDEBUG&amp#27;[0;39m &amp#27;[36mc.g.d.z.s.o.a.hc.client5.http.wire&amp#27;[0;39m - &amp#27;[32mhttp-outgoing-1 >> "Accept-Encoding: gzip, x-gzip, deflate[\r][\n]"
&amp#27;[0;39m2023-05-08 13:18:59,023 [main] &amp#27;[39mDEBUG&amp#27;[0;39m &amp#27;[36mc.g.d.z.s.o.a.hc.client5.http.wire&amp#27;[0;39m - &amp#27;[32mhttp-outgoing-1 >> "Host: localhost:2375[\r][\n]"
&amp#27;[0;39m2023-05-08 13:18:59,023 [main] &amp#27;[39mDEBUG&amp#27;[0;39m &amp#27;[36mc.g.d.z.s.o.a.hc.client5.http.wire&amp#27;[0;39m - &amp#27;[32mhttp-outgoing-1 >> "Connection: keep-alive[\r][\n]"
&amp#27;[0;39m2023-05-08 13:18:59,023 [main] &amp#27;[39mDEBUG&amp#27;[0;39m &amp#27;[36mc.g.d.z.s.o.a.hc.client5.http.wire&amp#27;[0;39m - &amp#27;[32mhttp-outgoing-1 >> "User-Agent: Apache-HttpClient/5.0.3 (Java/17.0.6)[\r][\n]"
&amp#27;[0;39m2023-05-08 13:18:59,023 [main] &amp#27;[39mDEBUG&amp#27;[0;39m &amp#27;[36mc.g.d.z.s.o.a.hc.client5.http.wire&amp#27;[0;39m - &amp#27;[32mhttp-outgoing-1 >> "[\r][\n]"
&amp#27;[0;39m2023-05-08 13:18:59,023 [main] &amp#27;[39mDEBUG&amp#27;[0;39m &amp#27;[36mc.g.d.z.s.o.a.hc.client5.http.wire&amp#27;[0;39m - &amp#27;[32mhttp-outgoing-1 << "HTTP/1.1 200 OK[\r][\n]"
&amp#27;[0;39m2023-05-08 13:18:59,023 [main] &amp#27;[39mDEBUG&amp#27;[0;39m &amp#27;[36mc.g.d.z.s.o.a.hc.client5.http.wire&amp#27;[0;39m - &amp#27;[32mhttp-outgoing-1 << "Api-Version: 1.42[\r][\n]"
&amp#27;[0;39m2023-05-08 13:18:59,023 [main] &amp#27;[39mDEBUG&amp#27;[0;39m &amp#27;[36mc.g.d.z.s.o.a.hc.client5.http.wire&amp#27;[0;39m - &amp#27;[32mhttp-outgoing-1 << "Content-Type: application/json[\r][\n]"
&amp#27;[0;39m2023-05-08 13:18:59,023 [main] &amp#27;[39mDEBUG&amp#27;[0;39m &amp#27;[36mc.g.d.z.s.o.a.hc.client5.http.wire&amp#27;[0;39m - &amp#27;[32mhttp-outgoing-1 << "Docker-Experimental: false[\r][\n]"
&amp#27;[0;39m2023-05-08 13:18:59,023 [main] &amp#27;[39mDEBUG&amp#27;[0;39m &amp#27;[36mc.g.d.z.s.o.a.hc.client5.http.wire&amp#27;[0;39m - &amp#27;[32mhttp-outgoing-1 << "Ostype: linux[\r][\n]"
&amp#27;[0;39m2023-05-08 13:18:59,023 [main] &amp#27;[39mDEBUG&amp#27;[0;39m &amp#27;[36mc.g.d.z.s.o.a.hc.client5.http.wire&amp#27;[0;39m - &amp#27;[32mhttp-outgoing-1 << "Server: Docker/23.0.5 (linux)[\r][\n]"
&amp#27;[0;39m2023-05-08 13:18:59,023 [main] &amp#27;[39mDEBUG&amp#27;[0;39m &amp#27;[36mc.g.d.z.s.o.a.hc.client5.http.wire&amp#27;[0;39m - &amp#27;[32mhttp-outgoing-1 << "Date: Mon, 08 May 2023 11:18:59 GMT[\r][\n]"
&amp#27;[0;39m2023-05-08 13:18:59,023 [main] &amp#27;[39mDEBUG&amp#27;[0;39m &amp#27;[36mc.g.d.z.s.o.a.hc.client5.http.wire&amp#27;[0;39m - &amp#27;[32mhttp-outgoing-1 << "Transfer-Encoding: chunked[\r][\n]"
&amp#27;[0;39m2023-05-08 13:18:59,023 [main] &amp#27;[39mDEBUG&amp#27;[0;39m &amp#27;[36mc.g.d.z.s.o.a.hc.client5.http.wire&amp#27;[0;39m - &amp#27;[32mhttp-outgoing-1 << "[\r][\n]"
&amp#27;[0;39m2023-05-08 13:18:59,023 [main] &amp#27;[39mDEBUG&amp#27;[0;39m &amp#27;[36mc.g.d.z.s.o.a.hc.client5.http.wire&amp#27;[0;39m - &amp#27;[32mhttp-outgoing-1 << "1890[\r][\n]"
&amp#27;[0;39m2023-05-08 13:18:59,023 [main] &amp#27;[39mDEBUG&amp#27;[0;39m &amp#27;[36mc.g.d.z.s.o.a.hc.client5.http.wire&amp#27;[0;39m - &amp#27;[32mhttp-outgoing-1 << "{"Id":"cccfb0602d7e775562ae171a9fe0a7ec811b6906268008a84fea93151d2a7305","Created":"2023-05-08T11:18:54.120535425Z","Path":"docker-entrypoint.sh","Args":["mysqld"],"State":{"Status":"running","Running":true,"Paused":false,"Restarting":false,"OOMKilled":false,"Dead":false,"Pid":59126,"ExitCode":0,"Error":"","StartedAt":"2023-05-08T11:18:54.468577716Z","FinishedAt":"0001-01-01T00:00:00Z"},"Image":"sha256:228d71078f8ce5ae9fd96b183f88c3a90e30544b4b7ce9d64a238d05fef2a681","ResolvConfPath":"/var/lib/docker/containers/cccfb0602d7e775562ae171a9fe0a7ec811b6906268008a84fea93151d2a7305/resolv.conf","HostnamePath":"/var/lib/docker/containers/cccfb0602d7e775562ae171a9fe0a7ec811b6906268008a84fea93151d2a7305/hostname","HostsPath":"/var/lib/docker/containers/cccfb0602d7e775562ae171a9fe0a7ec811b6906268008a84fea93151d2a7305/hosts","LogPath":"/var/lib/docker/containers/cccfb0602d7e775562ae171a9fe0a7ec811b6906268008a84fea93151d2a7305/cccfb0602d7e775562ae171a9fe0a7ec811b6906268008a84fea93151d2a7305-json.log","Name":"/charming_goodall","RestartCount":0,"Driver":"overlay2","Platform":"linux","MountLabel":"","ProcessLabel":"","AppArmorProfile":"docker-default","ExecIDs":null,"HostConfig":{"Binds":[],"ContainerIDFile":"","LogConfig":{"Type":"json-file","Config":{}},"NetworkMode":"default","PortBindings":{"3306/tcp":[{"HostIp":"","HostPort":""}]},"RestartPolicy":{"Name":"","MaximumRetryCount":0},"AutoRemove":false,"VolumeDriver":"","VolumesFrom":[],"ConsoleSize":[0,0],"CapAdd":null,"CapDrop":null,"CgroupnsMode":"private","Dns":null,"DnsOptions":null,"DnsSearch":null,"ExtraHosts":[],"GroupAdd":null,"IpcMode":"shareable","Cgroup":"","Links":null,"OomScoreAdj":0,"PidMode":"","Privileged":false,"PublishAllPorts":false,"ReadonlyRootfs":false,"SecurityOpt":null,"UTSMode":"","UsernsMode":"","ShmSize":67108864,"Runtime":"runc","Isolation":"","CpuShares":0,"Memory":0,"NanoCpus":0,"CgroupParent":"","BlkioWeight":0,"BlkioWeightDevice":null,"BlkioDeviceReadBps":null,"BlkioDeviceWriteBps":null,"BlkioDeviceReadIOps":null,"BlkioDeviceWriteIOps":null,"CpuPeriod":0,"CpuQuota":0,"CpuRealtimePeriod":0,"CpuRealtimeRuntime":0,"CpusetCpus":"","CpusetMems":"","Devices":null,"DeviceCgroupRules":null,"DeviceRequests":null,"MemoryReservation":0,"MemorySwap":0,"MemorySwappiness":null,"OomKillDisable":null,"PidsLimit":null,"Ulimits":null,"CpuCount":0,"CpuPercent":0,"IOMaximumIOps":0,"IOMaximumBandwidth":0,"MaskedPaths":["/proc/asound","/proc/acpi","/proc/kcore","/proc/keys","/proc/latency_stats","/proc/timer_list","/proc/timer_stats","/proc/sched_debug","/proc/scsi","/sys/firmware"],"ReadonlyPaths":["/proc/bus","/proc/fs","/proc/irq","/proc/sys","/proc/sysrq-trigger"]},"GraphDriver":{"Data":{"LowerDir":"/var/lib/docker/overlay2/0075f27ac39799b376a3e23bf05a650eb10c8a0f9ef49be1ab61e98fd3b93dc3-init/diff:/var/lib/docker/overlay2/4c6e20f032f02b27a9272f982861dc21998197aa90d94ed3bef95d449380247c/diff:/var/lib/docker/overlay2/0c75f828f603eff839bb3ca448163ab2a8017e86625ac255cd3dbf1673ddac26/diff:/var/lib/docker/overlay2/da128d897fda75829109844ce6cd9d73d0f54c682e735100af000ce899908729/diff:/var/lib/docker/overlay2/b678a1f261bf323afba6d76d91ab7428bdd6e1ef4a39b5224e4a1afd08c0423a/diff:/var/lib/docker/overlay2/1bec43b14875c5f9f814f146e8e31aa78566689c2c163da2ac60a32254988437/diff:/var/lib/docker/overlay2/28f4b1e6e1a7a2dbe30f1f94fb42bccd85a61faf8af1fe30a5bb0d442c525e41/diff:/var/lib/docker/overlay2/0f493124464c291d7c97d2633d5dff04b1dce5de904cb40a34dfbe7fe72e3fd4/diff:/var/lib/docker/overlay2/05befbee9e38cd670e1786b3310e99796dcc06abbed970007b4109a5424843fa/diff:/var/lib/docker/overlay2/582bcca9acfc4eef25109e1e1b9c9d104f355798455bc73e855c99283887a6e8/diff:/var/lib/docker/overlay2/153b3bf0b69e97e8f0e5533414a31ca33fa530e63d174c9617621abe46e7e9d1/diff:/var/lib/docker/overlay2/bf87a76c0a38875ee6e915fd0d2527eafa880ec6bf2c1cb294959428c18d10bd/diff","MergedDir":"/var/lib/docker/overlay2/0075f27ac39799b376a3e23bf05a650eb10c8a0f9ef49be1ab61e98fd3b93dc3/merged","UpperDir":"/var/lib/docker/overlay2/0075f27ac39799b376a3e23bf05a650eb10c8a0f9ef49be1ab61e98fd3b93dc3/diff","WorkDir":"/var/lib/docker/overlay2/0075f27ac39799b376a3e23bf05a650eb10c8a0f9ef49be1ab61e98fd3b93dc3/work"},"Name":"overlay2"},"Mounts":[{"Type":"volume","Name":"ffd30c8cc7ed7bf91bc1ebef46b0f06493ce1d3121e28c37d40240bd74b844a5","Source":"/var/lib/docker/volumes/ffd30c8cc7ed7bf91bc1ebef46b0f06493ce1d3121e28c37d40240bd74b844a5/_data","Destination":"/var/lib/mysql","Driver":"local","Mode":"","RW":true,"Propagation":""}],"Config":{"Hostname":"cccfb0602d7e","Domainname":"","User":"","AttachStdin":false,"AttachStdout":false,"AttachStderr":false,"ExposedPorts":{"3306/tcp":{}},"Tty":false,"OpenStdin":false,"StdinOnce":false,"Env":["MYSQL_DATABASE=test","MYSQL_PASSWORD=test","MYSQL_USER=test","MYSQL_ROOT_PASSWORD=test","PATH=/usr/local/sbin:/usr/local/bin:/usr/sbin:/usr/bin:/sbin:/bin","GOSU_VERSION=1.7","MYSQL_MAJOR=8.0","MYSQL_VERSION=8.0.0-dmr-1debian8"],"Cmd":["mysqld"],"Image":"mysql:8.0.0","Volumes":{"/var/lib/mysql":{}},"WorkingDir":"","Entrypoint":["docker-entrypoint.sh"],"OnBuild":null,"Labels":{"org.testcontainers":"true","org.testcontainers.lang":"java","org.testcontainers.sessionId":"f1b696c1-ec3f-4f95-afa8-081853be7ccb","org.testcontainers.version":"1.18.0"}},"NetworkSettings":{"Bridge":"","SandboxID":"75a4ef0436803615aa77c8b97de3cbbdd49519261fe2b3b6cdcae9bd2b1154aa","HairpinMode":false,"LinkLocalIPv6Address":"","LinkLocalIPv6PrefixLen":0,"Ports":{"3306/tcp":[{"HostIp":"0.0.0.0","HostPort":"32781"},{"HostIp":"::","HostPort":"32781"}]},"SandboxKey":"/var/run/docker/netns/75a4ef043680","SecondaryIPAddresses":null,"SecondaryIPv6Addresses":null,"EndpointID":"de3a5c9cc9471fdbec5943d78a8803fca61208fe4021ac9d3922ee2e8ec0d135","Gateway":"172.17.0.1","GlobalIPv6Address":"","GlobalIPv6PrefixLen":0,"IPAddress":"172.17.0.3","IPPrefixLen":16,"IPv6Gateway":"","MacAddress":"02:42:ac:11:00:03","Networks":{"bridge":{"IPAMConfig":null,"Links":null,"Aliases":null,"NetworkID":"e1a078e12eb8d77b497ed932f7fb43787eeb6ff6972febd7d03c9282b8b5cd45","EndpointID":"de3a5c9cc9471fdbec5943d78a8803fca61208fe4021ac9d3922ee2e8ec0d135","Gateway":"172.17.0.1","IPAddress":"172.17.0.3","IPPrefixLen":16,"IPv6Gateway":"","GlobalIPv6Address":"","GlobalIPv6PrefixLen":0,"MacAddress":"02:42:ac:11:00:03","DriverOpts":null}}}}[\n]"
&amp#27;[0;39m2023-05-08 13:18:59,023 [main] &amp#27;[39mDEBUG&amp#27;[0;39m &amp#27;[36mc.g.d.z.s.o.a.hc.client5.http.wire&amp#27;[0;39m - &amp#27;[32mhttp-outgoing-1 << "[\r][\n]"
&amp#27;[0;39m2023-05-08 13:18:59,023 [main] &amp#27;[39mDEBUG&amp#27;[0;39m &amp#27;[36mc.g.d.z.s.o.a.hc.client5.http.wire&amp#27;[0;39m - &amp#27;[32mhttp-outgoing-1 << "0[\r][\n]"
&amp#27;[0;39m2023-05-08 13:18:59,023 [main] &amp#27;[39mDEBUG&amp#27;[0;39m &amp#27;[36mc.g.d.z.s.o.a.hc.client5.http.wire&amp#27;[0;39m - &amp#27;[32mhttp-outgoing-1 << "[\r][\n]"
&amp#27;[0;39m2023-05-08 13:18:59,023 [main] &amp#27;[39mDEBUG&amp#27;[0;39m &amp#27;[36mc.g.d.z.s.o.a.h.client5.http.headers&amp#27;[0;39m - &amp#27;[32mhttp-outgoing-1 << HTTP/1.1 200 OK
&amp#27;[0;39m2023-05-08 13:18:59,023 [main] &amp#27;[39mDEBUG&amp#27;[0;39m &amp#27;[36mc.g.d.z.s.o.a.h.client5.http.headers&amp#27;[0;39m - &amp#27;[32mhttp-outgoing-1 << Api-Version: 1.42
&amp#27;[0;39m2023-05-08 13:18:59,023 [main] &amp#27;[39mDEBUG&amp#27;[0;39m &amp#27;[36mc.g.d.z.s.o.a.h.client5.http.headers&amp#27;[0;39m - &amp#27;[32mhttp-outgoing-1 << Content-Type: application/json
&amp#27;[0;39m2023-05-08 13:18:59,023 [main] &amp#27;[39mDEBUG&amp#27;[0;39m &amp#27;[36mc.g.d.z.s.o.a.h.client5.http.headers&amp#27;[0;39m - &amp#27;[32mhttp-outgoing-1 << Docker-Experimental: false
&amp#27;[0;39m2023-05-08 13:18:59,023 [main] &amp#27;[39mDEBUG&amp#27;[0;39m &amp#27;[36mc.g.d.z.s.o.a.h.client5.http.headers&amp#27;[0;39m - &amp#27;[32mhttp-outgoing-1 << Ostype: linux
&amp#27;[0;39m2023-05-08 13:18:59,023 [main] &amp#27;[39mDEBUG&amp#27;[0;39m &amp#27;[36mc.g.d.z.s.o.a.h.client5.http.headers&amp#27;[0;39m - &amp#27;[32mhttp-outgoing-1 << Server: Docker/23.0.5 (linux)
&amp#27;[0;39m2023-05-08 13:18:59,023 [main] &amp#27;[39mDEBUG&amp#27;[0;39m &amp#27;[36mc.g.d.z.s.o.a.h.client5.http.headers&amp#27;[0;39m - &amp#27;[32mhttp-outgoing-1 << Date: Mon, 08 May 2023 11:18:59 GMT
&amp#27;[0;39m2023-05-08 13:18:59,023 [main] &amp#27;[39mDEBUG&amp#27;[0;39m &amp#27;[36mc.g.d.z.s.o.a.h.client5.http.headers&amp#27;[0;39m - &amp#27;[32mhttp-outgoing-1 << Transfer-Encoding: chunked
&amp#27;[0;39m2023-05-08 13:18:59,023 [main] &amp#27;[39mDEBUG&amp#27;[0;39m &amp#27;[36mc.g.d.z.s.o.a.h.c.h.i.c.MainClientExec&amp#27;[0;39m - &amp#27;[32mex-0000003B: connection can be kept alive for 3 MINUTES
&amp#27;[0;39m2023-05-08 13:18:59,024 [main] &amp#27;[39mDEBUG&amp#27;[0;39m &amp#27;[36mc.g.d.z.s.o.a.h.c.h.i.c.InternalHttpClient&amp#27;[0;39m - &amp#27;[32mep-0000003A: releasing valid endpoint
&amp#27;[0;39m2023-05-08 13:18:59,024 [main] &amp#27;[39mDEBUG&amp#27;[0;39m &amp#27;[36mc.g.d.z.s.o.a.h.c.h.i.i.PoolingHttpClientConnectionManager&amp#27;[0;39m - &amp#27;[32mep-0000003A: releasing endpoint
&amp#27;[0;39m2023-05-08 13:18:59,024 [main] &amp#27;[39mDEBUG&amp#27;[0;39m &amp#27;[36mc.g.d.z.s.o.a.h.c.h.i.i.PoolingHttpClientConnectionManager&amp#27;[0;39m - &amp#27;[32mep-0000003A: connection http-outgoing-1 can be kept alive for 3 MINUTES
&amp#27;[0;39m2023-05-08 13:18:59,024 [main] &amp#27;[39mDEBUG&amp#27;[0;39m &amp#27;[36mc.g.d.z.s.o.a.h.c.h.i.i.PoolingHttpClientConnectionManager&amp#27;[0;39m - &amp#27;[32mep-0000003A: connection released [route: {}->unix://localhost:2375][total available: 1; route allocated: 1 of 2147483647; total allocated: 1 of 2147483647]
&amp#27;[0;39m2023-05-08 13:18:59,024 [main] &amp#27;[39mDEBUG&amp#27;[0;39m &amp#27;[36mtc.mysql:8.0.0&amp#27;[0;39m - &amp#27;[32mTrying to create JDBC connection using com.mysql.cj.jdbc.Driver to jdbc:mysql://localhost:32781/test?useSSL=false&allowPublicKeyRetrieval=true with properties: {password=test, user=test}
&amp#27;[0;39m2023-05-08 13:18:59,125 [main] &amp#27;[39mDEBUG&amp#27;[0;39m &amp#27;[36mo.t.s.c.g.d.c.command.AbstrDockerCmd&amp#27;[0;39m - &amp#27;[32mCmd: cccfb0602d7e775562ae171a9fe0a7ec811b6906268008a84fea93151d2a7305,false
&amp#27;[0;39m2023-05-08 13:18:59,126 [main] &amp#27;[39mDEBUG&amp#27;[0;39m &amp#27;[36mo.t.s.c.g.d.c.e.InspectContainerCmdExec&amp#27;[0;39m - &amp#27;[32mGET: DefaultWebTarget{path=[/containers/cccfb0602d7e775562ae171a9fe0a7ec811b6906268008a84fea93151d2a7305/json], queryParams={}}
&amp#27;[0;39m2023-05-08 13:18:59,126 [main] &amp#27;[39mDEBUG&amp#27;[0;39m &amp#27;[36mc.g.d.z.s.o.a.h.c.h.i.c.InternalHttpClient&amp#27;[0;39m - &amp#27;[32mex-0000003C: preparing request execution
&amp#27;[0;39m2023-05-08 13:18:59,126 [main] &amp#27;[39mDEBUG&amp#27;[0;39m &amp#27;[36mc.g.d.z.s.o.a.h.c.h.p.RequestAddCookies&amp#27;[0;39m - &amp#27;[32mCookie spec selected: strict
&amp#27;[0;39m2023-05-08 13:18:59,126 [main] &amp#27;[39mDEBUG&amp#27;[0;39m &amp#27;[36mc.g.d.z.s.o.a.h.c.h.p.RequestAuthCache&amp#27;[0;39m - &amp#27;[32mAuth cache not set in the context
&amp#27;[0;39m2023-05-08 13:18:59,126 [main] &amp#27;[39mDEBUG&amp#27;[0;39m &amp#27;[36mc.g.d.z.s.o.a.h.c.h.i.c.ProtocolExec&amp#27;[0;39m - &amp#27;[32mex-0000003C: target auth state: UNCHALLENGED
&amp#27;[0;39m2023-05-08 13:18:59,126 [main] &amp#27;[39mDEBUG&amp#27;[0;39m &amp#27;[36mc.g.d.z.s.o.a.h.c.h.i.c.ProtocolExec&amp#27;[0;39m - &amp#27;[32mex-0000003C: proxy auth state: UNCHALLENGED
&amp#27;[0;39m2023-05-08 13:18:59,126 [main] &amp#27;[39mDEBUG&amp#27;[0;39m &amp#27;[36mc.g.d.z.s.o.a.h.c.h.i.c.ConnectExec&amp#27;[0;39m - &amp#27;[32mex-0000003C: acquiring connection with route {}->unix://localhost:2375
&amp#27;[0;39m2023-05-08 13:18:59,126 [main] &amp#27;[39mDEBUG&amp#27;[0;39m &amp#27;[36mc.g.d.z.s.o.a.h.c.h.i.c.InternalHttpClient&amp#27;[0;39m - &amp#27;[32mex-0000003C: acquiring endpoint (3 MINUTES)
&amp#27;[0;39m2023-05-08 13:18:59,126 [main] &amp#27;[39mDEBUG&amp#27;[0;39m &amp#27;[36mc.g.d.z.s.o.a.h.c.h.i.i.PoolingHttpClientConnectionManager&amp#27;[0;39m - &amp#27;[32mex-0000003C: endpoint lease request (3 MINUTES) [route: {}->unix://localhost:2375][total available: 1; route allocated: 1 of 2147483647; total allocated: 1 of 2147483647]
&amp#27;[0;39m2023-05-08 13:18:59,126 [main] &amp#27;[39mDEBUG&amp#27;[0;39m &amp#27;[36mc.g.d.z.s.o.a.h.c.h.i.i.PoolingHttpClientConnectionManager&amp#27;[0;39m - &amp#27;[32mex-0000003C: endpoint leased [route: {}->unix://localhost:2375][total available: 0; route allocated: 1 of 2147483647; total allocated: 1 of 2147483647]
&amp#27;[0;39m2023-05-08 13:18:59,126 [main] &amp#27;[39mDEBUG&amp#27;[0;39m &amp#27;[36mc.g.d.z.s.o.a.h.c.h.i.i.PoolingHttpClientConnectionManager&amp#27;[0;39m - &amp#27;[32mex-0000003C: acquired ep-0000003B
&amp#27;[0;39m2023-05-08 13:18:59,126 [main] &amp#27;[39mDEBUG&amp#27;[0;39m &amp#27;[36mc.g.d.z.s.o.a.h.c.h.i.c.InternalHttpClient&amp#27;[0;39m - &amp#27;[32mex-0000003C: acquired endpoint ep-0000003B
&amp#27;[0;39m2023-05-08 13:18:59,126 [main] &amp#27;[39mDEBUG&amp#27;[0;39m &amp#27;[36mc.g.d.z.s.o.a.h.c.h.i.c.MainClientExec&amp#27;[0;39m - &amp#27;[32mex-0000003C: executing GET /v1.32/containers/cccfb0602d7e775562ae171a9fe0a7ec811b6906268008a84fea93151d2a7305/json HTTP/1.1
&amp#27;[0;39m2023-05-08 13:18:59,126 [main] &amp#27;[39mDEBUG&amp#27;[0;39m &amp#27;[36mc.g.d.z.s.o.a.h.c.h.i.c.InternalHttpClient&amp#27;[0;39m - &amp#27;[32mep-0000003B: start execution ex-0000003C
&amp#27;[0;39m2023-05-08 13:18:59,126 [main] &amp#27;[39mDEBUG&amp#27;[0;39m &amp#27;[36mc.g.d.z.s.o.a.h.c.h.i.i.PoolingHttpClientConnectionManager&amp#27;[0;39m - &amp#27;[32mep-0000003B: executing exchange ex-0000003C over http-outgoing-1
&amp#27;[0;39m2023-05-08 13:18:59,126 [main] &amp#27;[39mDEBUG&amp#27;[0;39m &amp#27;[36mc.g.d.z.s.o.a.h.client5.http.headers&amp#27;[0;39m - &amp#27;[32mhttp-outgoing-1 >> GET /v1.32/containers/cccfb0602d7e775562ae171a9fe0a7ec811b6906268008a84fea93151d2a7305/json HTTP/1.1
&amp#27;[0;39m2023-05-08 13:18:59,126 [main] &amp#27;[39mDEBUG&amp#27;[0;39m &amp#27;[36mc.g.d.z.s.o.a.h.client5.http.headers&amp#27;[0;39m - &amp#27;[32mhttp-outgoing-1 >> accept: application/json
&amp#27;[0;39m2023-05-08 13:18:59,126 [main] &amp#27;[39mDEBUG&amp#27;[0;39m &amp#27;[36mc.g.d.z.s.o.a.h.client5.http.headers&amp#27;[0;39m - &amp#27;[32mhttp-outgoing-1 >> x-tc-sid: f1b696c1-ec3f-4f95-afa8-081853be7ccb
&amp#27;[0;39m2023-05-08 13:18:59,126 [main] &amp#27;[39mDEBUG&amp#27;[0;39m &amp#27;[36mc.g.d.z.s.o.a.h.client5.http.headers&amp#27;[0;39m - &amp#27;[32mhttp-outgoing-1 >> Accept-Encoding: gzip, x-gzip, deflate
&amp#27;[0;39m2023-05-08 13:18:59,126 [main] &amp#27;[39mDEBUG&amp#27;[0;39m &amp#27;[36mc.g.d.z.s.o.a.h.client5.http.headers&amp#27;[0;39m - &amp#27;[32mhttp-outgoing-1 >> Host: localhost:2375
&amp#27;[0;39m2023-05-08 13:18:59,126 [main] &amp#27;[39mDEBUG&amp#27;[0;39m &amp#27;[36mc.g.d.z.s.o.a.h.client5.http.headers&amp#27;[0;39m - &amp#27;[32mhttp-outgoing-1 >> Connection: keep-alive
&amp#27;[0;39m2023-05-08 13:18:59,126 [main] &amp#27;[39mDEBUG&amp#27;[0;39m &amp#27;[36mc.g.d.z.s.o.a.h.client5.http.headers&amp#27;[0;39m - &amp#27;[32mhttp-outgoing-1 >> User-Agent: Apache-HttpClient/5.0.3 (Java/17.0.6)
&amp#27;[0;39m2023-05-08 13:18:59,126 [main] &amp#27;[39mDEBUG&amp#27;[0;39m &amp#27;[36mc.g.d.z.s.o.a.hc.client5.http.wire&amp#27;[0;39m - &amp#27;[32mhttp-outgoing-1 >> "GET /v1.32/containers/cccfb0602d7e775562ae171a9fe0a7ec811b6906268008a84fea93151d2a7305/json HTTP/1.1[\r][\n]"
&amp#27;[0;39m2023-05-08 13:18:59,126 [main] &amp#27;[39mDEBUG&amp#27;[0;39m &amp#27;[36mc.g.d.z.s.o.a.hc.client5.http.wire&amp#27;[0;39m - &amp#27;[32mhttp-outgoing-1 >> "accept: application/json[\r][\n]"
&amp#27;[0;39m2023-05-08 13:18:59,126 [main] &amp#27;[39mDEBUG&amp#27;[0;39m &amp#27;[36mc.g.d.z.s.o.a.hc.client5.http.wire&amp#27;[0;39m - &amp#27;[32mhttp-outgoing-1 >> "x-tc-sid: f1b696c1-ec3f-4f95-afa8-081853be7ccb[\r][\n]"
&amp#27;[0;39m2023-05-08 13:18:59,126 [main] &amp#27;[39mDEBUG&amp#27;[0;39m &amp#27;[36mc.g.d.z.s.o.a.hc.client5.http.wire&amp#27;[0;39m - &amp#27;[32mhttp-outgoing-1 >> "Accept-Encoding: gzip, x-gzip, deflate[\r][\n]"
&amp#27;[0;39m2023-05-08 13:18:59,126 [main] &amp#27;[39mDEBUG&amp#27;[0;39m &amp#27;[36mc.g.d.z.s.o.a.hc.client5.http.wire&amp#27;[0;39m - &amp#27;[32mhttp-outgoing-1 >> "Host: localhost:2375[\r][\n]"
&amp#27;[0;39m2023-05-08 13:18:59,126 [main] &amp#27;[39mDEBUG&amp#27;[0;39m &amp#27;[36mc.g.d.z.s.o.a.hc.client5.http.wire&amp#27;[0;39m - &amp#27;[32mhttp-outgoing-1 >> "Connection: keep-alive[\r][\n]"
&amp#27;[0;39m2023-05-08 13:18:59,126 [main] &amp#27;[39mDEBUG&amp#27;[0;39m &amp#27;[36mc.g.d.z.s.o.a.hc.client5.http.wire&amp#27;[0;39m - &amp#27;[32mhttp-outgoing-1 >> "User-Agent: Apache-HttpClient/5.0.3 (Java/17.0.6)[\r][\n]"
&amp#27;[0;39m2023-05-08 13:18:59,127 [main] &amp#27;[39mDEBUG&amp#27;[0;39m &amp#27;[36mc.g.d.z.s.o.a.hc.client5.http.wire&amp#27;[0;39m - &amp#27;[32mhttp-outgoing-1 >> "[\r][\n]"
&amp#27;[0;39m2023-05-08 13:18:59,127 [main] &amp#27;[39mDEBUG&amp#27;[0;39m &amp#27;[36mc.g.d.z.s.o.a.hc.client5.http.wire&amp#27;[0;39m - &amp#27;[32mhttp-outgoing-1 << "HTTP/1.1 200 OK[\r][\n]"
&amp#27;[0;39m2023-05-08 13:18:59,127 [main] &amp#27;[39mDEBUG&amp#27;[0;39m &amp#27;[36mc.g.d.z.s.o.a.hc.client5.http.wire&amp#27;[0;39m - &amp#27;[32mhttp-outgoing-1 << "Api-Version: 1.42[\r][\n]"
&amp#27;[0;39m2023-05-08 13:18:59,127 [main] &amp#27;[39mDEBUG&amp#27;[0;39m &amp#27;[36mc.g.d.z.s.o.a.hc.client5.http.wire&amp#27;[0;39m - &amp#27;[32mhttp-outgoing-1 << "Content-Type: application/json[\r][\n]"
&amp#27;[0;39m2023-05-08 13:18:59,127 [main] &amp#27;[39mDEBUG&amp#27;[0;39m &amp#27;[36mc.g.d.z.s.o.a.hc.client5.http.wire&amp#27;[0;39m - &amp#27;[32mhttp-outgoing-1 << "Docker-Experimental: false[\r][\n]"
&amp#27;[0;39m2023-05-08 13:18:59,127 [main] &amp#27;[39mDEBUG&amp#27;[0;39m &amp#27;[36mc.g.d.z.s.o.a.hc.client5.http.wire&amp#27;[0;39m - &amp#27;[32mhttp-outgoing-1 << "Ostype: linux[\r][\n]"
&amp#27;[0;39m2023-05-08 13:18:59,127 [main] &amp#27;[39mDEBUG&amp#27;[0;39m &amp#27;[36mc.g.d.z.s.o.a.hc.client5.http.wire&amp#27;[0;39m - &amp#27;[32mhttp-outgoing-1 << "Server: Docker/23.0.5 (linux)[\r][\n]"
&amp#27;[0;39m2023-05-08 13:18:59,127 [main] &amp#27;[39mDEBUG&amp#27;[0;39m &amp#27;[36mc.g.d.z.s.o.a.hc.client5.http.wire&amp#27;[0;39m - &amp#27;[32mhttp-outgoing-1 << "Date: Mon, 08 May 2023 11:18:59 GMT[\r][\n]"
&amp#27;[0;39m2023-05-08 13:18:59,127 [main] &amp#27;[39mDEBUG&amp#27;[0;39m &amp#27;[36mc.g.d.z.s.o.a.hc.client5.http.wire&amp#27;[0;39m - &amp#27;[32mhttp-outgoing-1 << "Transfer-Encoding: chunked[\r][\n]"
&amp#27;[0;39m2023-05-08 13:18:59,127 [main] &amp#27;[39mDEBUG&amp#27;[0;39m &amp#27;[36mc.g.d.z.s.o.a.hc.client5.http.wire&amp#27;[0;39m - &amp#27;[32mhttp-outgoing-1 << "[\r][\n]"
&amp#27;[0;39m2023-05-08 13:18:59,127 [main] &amp#27;[39mDEBUG&amp#27;[0;39m &amp#27;[36mc.g.d.z.s.o.a.hc.client5.http.wire&amp#27;[0;39m - &amp#27;[32mhttp-outgoing-1 << "1890[\r][\n]"
&amp#27;[0;39m2023-05-08 13:18:59,127 [main] &amp#27;[39mDEBUG&amp#27;[0;39m &amp#27;[36mc.g.d.z.s.o.a.hc.client5.http.wire&amp#27;[0;39m - &amp#27;[32mhttp-outgoing-1 << "{"Id":"cccfb0602d7e775562ae171a9fe0a7ec811b6906268008a84fea93151d2a7305","Created":"2023-05-08T11:18:54.120535425Z","Path":"docker-entrypoint.sh","Args":["mysqld"],"State":{"Status":"running","Running":true,"Paused":false,"Restarting":false,"OOMKilled":false,"Dead":false,"Pid":59126,"ExitCode":0,"Error":"","StartedAt":"2023-05-08T11:18:54.468577716Z","FinishedAt":"0001-01-01T00:00:00Z"},"Image":"sha256:228d71078f8ce5ae9fd96b183f88c3a90e30544b4b7ce9d64a238d05fef2a681","ResolvConfPath":"/var/lib/docker/containers/cccfb0602d7e775562ae171a9fe0a7ec811b6906268008a84fea93151d2a7305/resolv.conf","HostnamePath":"/var/lib/docker/containers/cccfb0602d7e775562ae171a9fe0a7ec811b6906268008a84fea93151d2a7305/hostname","HostsPath":"/var/lib/docker/containers/cccfb0602d7e775562ae171a9fe0a7ec811b6906268008a84fea93151d2a7305/hosts","LogPath":"/var/lib/docker/containers/cccfb0602d7e775562ae171a9fe0a7ec811b6906268008a84fea93151d2a7305/cccfb0602d7e775562ae171a9fe0a7ec811b6906268008a84fea93151d2a7305-json.log","Name":"/charming_goodall","RestartCount":0,"Driver":"overlay2","Platform":"linux","MountLabel":"","ProcessLabel":"","AppArmorProfile":"docker-default","ExecIDs":null,"HostConfig":{"Binds":[],"ContainerIDFile":"","LogConfig":{"Type":"json-file","Config":{}},"NetworkMode":"default","PortBindings":{"3306/tcp":[{"HostIp":"","HostPort":""}]},"RestartPolicy":{"Name":"","MaximumRetryCount":0},"AutoRemove":false,"VolumeDriver":"","VolumesFrom":[],"ConsoleSize":[0,0],"CapAdd":null,"CapDrop":null,"CgroupnsMode":"private","Dns":null,"DnsOptions":null,"DnsSearch":null,"ExtraHosts":[],"GroupAdd":null,"IpcMode":"shareable","Cgroup":"","Links":null,"OomScoreAdj":0,"PidMode":"","Privileged":false,"PublishAllPorts":false,"ReadonlyRootfs":false,"SecurityOpt":null,"UTSMode":"","UsernsMode":"","ShmSize":67108864,"Runtime":"runc","Isolation":"","CpuShares":0,"Memory":0,"NanoCpus":0,"CgroupParent":"","BlkioWeight":0,"BlkioWeightDevice":null,"BlkioDeviceReadBps":null,"BlkioDeviceWriteBps":null,"BlkioDeviceReadIOps":null,"BlkioDeviceWriteIOps":null,"CpuPeriod":0,"CpuQuota":0,"CpuRealtimePeriod":0,"CpuRealtimeRuntime":0,"CpusetCpus":"","CpusetMems":"","Devices":null,"DeviceCgroupRules":null,"DeviceRequests":null,"MemoryReservation":0,"MemorySwap":0,"MemorySwappiness":null,"OomKillDisable":null,"PidsLimit":null,"Ulimits":null,"CpuCount":0,"CpuPercent":0,"IOMaximumIOps":0,"IOMaximumBandwidth":0,"MaskedPaths":["/proc/asound","/proc/acpi","/proc/kcore","/proc/keys","/proc/latency_stats","/proc/timer_list","/proc/timer_stats","/proc/sched_debug","/proc/scsi","/sys/firmware"],"ReadonlyPaths":["/proc/bus","/proc/fs","/proc/irq","/proc/sys","/proc/sysrq-trigger"]},"GraphDriver":{"Data":{"LowerDir":"/var/lib/docker/overlay2/0075f27ac39799b376a3e23bf05a650eb10c8a0f9ef49be1ab61e98fd3b93dc3-init/diff:/var/lib/docker/overlay2/4c6e20f032f02b27a9272f982861dc21998197aa90d94ed3bef95d449380247c/diff:/var/lib/docker/overlay2/0c75f828f603eff839bb3ca448163ab2a8017e86625ac255cd3dbf1673ddac26/diff:/var/lib/docker/overlay2/da128d897fda75829109844ce6cd9d73d0f54c682e735100af000ce899908729/diff:/var/lib/docker/overlay2/b678a1f261bf323afba6d76d91ab7428bdd6e1ef4a39b5224e4a1afd08c0423a/diff:/var/lib/docker/overlay2/1bec43b14875c5f9f814f146e8e31aa78566689c2c163da2ac60a32254988437/diff:/var/lib/docker/overlay2/28f4b1e6e1a7a2dbe30f1f94fb42bccd85a61faf8af1fe30a5bb0d442c525e41/diff:/var/lib/docker/overlay2/0f493124464c291d7c97d2633d5dff04b1dce5de904cb40a34dfbe7fe72e3fd4/diff:/var/lib/docker/overlay2/05befbee9e38cd670e1786b3310e99796dcc06abbed970007b4109a5424843fa/diff:/var/lib/docker/overlay2/582bcca9acfc4eef25109e1e1b9c9d104f355798455bc73e855c99283887a6e8/diff:/var/lib/docker/overlay2/153b3bf0b69e97e8f0e5533414a31ca33fa530e63d174c9617621abe46e7e9d1/diff:/var/lib/docker/overlay2/bf87a76c0a38875ee6e915fd0d2527eafa880ec6bf2c1cb294959428c18d10bd/diff","MergedDir":"/var/lib/docker/overlay2/0075f27ac39799b376a3e23bf05a650eb10c8a0f9ef49be1ab61e98fd3b93dc3/merged","UpperDir":"/var/lib/docker/overlay2/0075f27ac39799b376a3e23bf05a650eb10c8a0f9ef49be1ab61e98fd3b93dc3/diff","WorkDir":"/var/lib/docker/overlay2/0075f27ac39799b376a3e23bf05a650eb10c8a0f9ef49be1ab61e98fd3b93dc3/work"},"Name":"overlay2"},"Mounts":[{"Type":"volume","Name":"ffd30c8cc7ed7bf91bc1ebef46b0f06493ce1d3121e28c37d40240bd74b844a5","Source":"/var/lib/docker/volumes/ffd30c8cc7ed7bf91bc1ebef46b0f06493ce1d3121e28c37d40240bd74b844a5/_data","Destination":"/var/lib/mysql","Driver":"local","Mode":"","RW":true,"Propagation":""}],"Config":{"Hostname":"cccfb0602d7e","Domainname":"","User":"","AttachStdin":false,"AttachStdout":false,"AttachStderr":false,"ExposedPorts":{"3306/tcp":{}},"Tty":false,"OpenStdin":false,"StdinOnce":false,"Env":["MYSQL_DATABASE=test","MYSQL_PASSWORD=test","MYSQL_USER=test","MYSQL_ROOT_PASSWORD=test","PATH=/usr/local/sbin:/usr/local/bin:/usr/sbin:/usr/bin:/sbin:/bin","GOSU_VERSION=1.7","MYSQL_MAJOR=8.0","MYSQL_VERSION=8.0.0-dmr-1debian8"],"Cmd":["mysqld"],"Image":"mysql:8.0.0","Volumes":{"/var/lib/mysql":{}},"WorkingDir":"","Entrypoint":["docker-entrypoint.sh"],"OnBuild":null,"Labels":{"org.testcontainers":"true","org.testcontainers.lang":"java","org.testcontainers.sessionId":"f1b696c1-ec3f-4f95-afa8-081853be7ccb","org.testcontainers.version":"1.18.0"}},"NetworkSettings":{"Bridge":"","SandboxID":"75a4ef0436803615aa77c8b97de3cbbdd49519261fe2b3b6cdcae9bd2b1154aa","HairpinMode":false,"LinkLocalIPv6Address":"","LinkLocalIPv6PrefixLen":0,"Ports":{"3306/tcp":[{"HostIp":"0.0.0.0","HostPort":"32781"},{"HostIp":"::","HostPort":"32781"}]},"SandboxKey":"/var/run/docker/netns/75a4ef043680","SecondaryIPAddresses":null,"SecondaryIPv6Addresses":null,"EndpointID":"de3a5c9cc9471fdbec5943d78a8803fca61208fe4021ac9d3922ee2e8ec0d135","Gateway":"172.17.0.1","GlobalIPv6Address":"","GlobalIPv6PrefixLen":0,"IPAddress":"172.17.0.3","IPPrefixLen":16,"IPv6Gateway":"","MacAddress":"02:42:ac:11:00:03","Networks":{"bridge":{"IPAMConfig":null,"Links":null,"Aliases":null,"NetworkID":"e1a078e12eb8d77b497ed932f7fb43787eeb6ff6972febd7d03c9282b8b5cd45","EndpointID":"de3a5c9cc9471fdbec5943d78a8803fca61208fe4021ac9d3922ee2e8ec0d135","Gateway":"172.17.0.1","IPAddress":"172.17.0.3","IPPrefixLen":16,"IPv6Gateway":"","GlobalIPv6Address":"","GlobalIPv6PrefixLen":0,"MacAddress":"02:42:ac:11:00:03","DriverOpts":null}}}}[\n]"
&amp#27;[0;39m2023-05-08 13:18:59,127 [main] &amp#27;[39mDEBUG&amp#27;[0;39m &amp#27;[36mc.g.d.z.s.o.a.hc.client5.http.wire&amp#27;[0;39m - &amp#27;[32mhttp-outgoing-1 << "[\r][\n]"
&amp#27;[0;39m2023-05-08 13:18:59,127 [main] &amp#27;[39mDEBUG&amp#27;[0;39m &amp#27;[36mc.g.d.z.s.o.a.hc.client5.http.wire&amp#27;[0;39m - &amp#27;[32mhttp-outgoing-1 << "0[\r][\n]"
&amp#27;[0;39m2023-05-08 13:18:59,127 [main] &amp#27;[39mDEBUG&amp#27;[0;39m &amp#27;[36mc.g.d.z.s.o.a.hc.client5.http.wire&amp#27;[0;39m - &amp#27;[32mhttp-outgoing-1 << "[\r][\n]"
&amp#27;[0;39m2023-05-08 13:18:59,127 [main] &amp#27;[39mDEBUG&amp#27;[0;39m &amp#27;[36mc.g.d.z.s.o.a.h.client5.http.headers&amp#27;[0;39m - &amp#27;[32mhttp-outgoing-1 << HTTP/1.1 200 OK
&amp#27;[0;39m2023-05-08 13:18:59,127 [main] &amp#27;[39mDEBUG&amp#27;[0;39m &amp#27;[36mc.g.d.z.s.o.a.h.client5.http.headers&amp#27;[0;39m - &amp#27;[32mhttp-outgoing-1 << Api-Version: 1.42
&amp#27;[0;39m2023-05-08 13:18:59,127 [main] &amp#27;[39mDEBUG&amp#27;[0;39m &amp#27;[36mc.g.d.z.s.o.a.h.client5.http.headers&amp#27;[0;39m - &amp#27;[32mhttp-outgoing-1 << Content-Type: application/json
&amp#27;[0;39m2023-05-08 13:18:59,127 [main] &amp#27;[39mDEBUG&amp#27;[0;39m &amp#27;[36mc.g.d.z.s.o.a.h.client5.http.headers&amp#27;[0;39m - &amp#27;[32mhttp-outgoing-1 << Docker-Experimental: false
&amp#27;[0;39m2023-05-08 13:18:59,127 [main] &amp#27;[39mDEBUG&amp#27;[0;39m &amp#27;[36mc.g.d.z.s.o.a.h.client5.http.headers&amp#27;[0;39m - &amp#27;[32mhttp-outgoing-1 << Ostype: linux
&amp#27;[0;39m2023-05-08 13:18:59,127 [main] &amp#27;[39mDEBUG&amp#27;[0;39m &amp#27;[36mc.g.d.z.s.o.a.h.client5.http.headers&amp#27;[0;39m - &amp#27;[32mhttp-outgoing-1 << Server: Docker/23.0.5 (linux)
&amp#27;[0;39m2023-05-08 13:18:59,127 [main] &amp#27;[39mDEBUG&amp#27;[0;39m &amp#27;[36mc.g.d.z.s.o.a.h.client5.http.headers&amp#27;[0;39m - &amp#27;[32mhttp-outgoing-1 << Date: Mon, 08 May 2023 11:18:59 GMT
&amp#27;[0;39m2023-05-08 13:18:59,127 [main] &amp#27;[39mDEBUG&amp#27;[0;39m &amp#27;[36mc.g.d.z.s.o.a.h.client5.http.headers&amp#27;[0;39m - &amp#27;[32mhttp-outgoing-1 << Transfer-Encoding: chunked
&amp#27;[0;39m2023-05-08 13:18:59,127 [main] &amp#27;[39mDEBUG&amp#27;[0;39m &amp#27;[36mc.g.d.z.s.o.a.h.c.h.i.c.MainClientExec&amp#27;[0;39m - &amp#27;[32mex-0000003C: connection can be kept alive for 3 MINUTES
&amp#27;[0;39m2023-05-08 13:18:59,128 [main] &amp#27;[39mDEBUG&amp#27;[0;39m &amp#27;[36mc.g.d.z.s.o.a.h.c.h.i.c.InternalHttpClient&amp#27;[0;39m - &amp#27;[32mep-0000003B: releasing valid endpoint
&amp#27;[0;39m2023-05-08 13:18:59,128 [main] &amp#27;[39mDEBUG&amp#27;[0;39m &amp#27;[36mc.g.d.z.s.o.a.h.c.h.i.i.PoolingHttpClientConnectionManager&amp#27;[0;39m - &amp#27;[32mep-0000003B: releasing endpoint
&amp#27;[0;39m2023-05-08 13:18:59,128 [main] &amp#27;[39mDEBUG&amp#27;[0;39m &amp#27;[36mc.g.d.z.s.o.a.h.c.h.i.i.PoolingHttpClientConnectionManager&amp#27;[0;39m - &amp#27;[32mep-0000003B: connection http-outgoing-1 can be kept alive for 3 MINUTES
&amp#27;[0;39m2023-05-08 13:18:59,128 [main] &amp#27;[39mDEBUG&amp#27;[0;39m &amp#27;[36mc.g.d.z.s.o.a.h.c.h.i.i.PoolingHttpClientConnectionManager&amp#27;[0;39m - &amp#27;[32mep-0000003B: connection released [route: {}->unix://localhost:2375][total available: 1; route allocated: 1 of 2147483647; total allocated: 1 of 2147483647]
&amp#27;[0;39m2023-05-08 13:18:59,128 [main] &amp#27;[39mDEBUG&amp#27;[0;39m &amp#27;[36mtc.mysql:8.0.0&amp#27;[0;39m - &amp#27;[32mTrying to create JDBC connection using com.mysql.cj.jdbc.Driver to jdbc:mysql://localhost:32781/test?useSSL=false&allowPublicKeyRetrieval=true with properties: {password=test, user=test}
&amp#27;[0;39m2023-05-08 13:18:59,229 [main] &amp#27;[39mDEBUG&amp#27;[0;39m &amp#27;[36mo.t.s.c.g.d.c.command.AbstrDockerCmd&amp#27;[0;39m - &amp#27;[32mCmd: cccfb0602d7e775562ae171a9fe0a7ec811b6906268008a84fea93151d2a7305,false
&amp#27;[0;39m2023-05-08 13:18:59,230 [main] &amp#27;[39mDEBUG&amp#27;[0;39m &amp#27;[36mo.t.s.c.g.d.c.e.InspectContainerCmdExec&amp#27;[0;39m - &amp#27;[32mGET: DefaultWebTarget{path=[/containers/cccfb0602d7e775562ae171a9fe0a7ec811b6906268008a84fea93151d2a7305/json], queryParams={}}
&amp#27;[0;39m2023-05-08 13:18:59,230 [main] &amp#27;[39mDEBUG&amp#27;[0;39m &amp#27;[36mc.g.d.z.s.o.a.h.c.h.i.c.InternalHttpClient&amp#27;[0;39m - &amp#27;[32mex-0000003D: preparing request execution
&amp#27;[0;39m2023-05-08 13:18:59,230 [main] &amp#27;[39mDEBUG&amp#27;[0;39m &amp#27;[36mc.g.d.z.s.o.a.h.c.h.p.RequestAddCookies&amp#27;[0;39m - &amp#27;[32mCookie spec selected: strict
&amp#27;[0;39m2023-05-08 13:18:59,230 [main] &amp#27;[39mDEBUG&amp#27;[0;39m &amp#27;[36mc.g.d.z.s.o.a.h.c.h.p.RequestAuthCache&amp#27;[0;39m - &amp#27;[32mAuth cache not set in the context
&amp#27;[0;39m2023-05-08 13:18:59,230 [main] &amp#27;[39mDEBUG&amp#27;[0;39m &amp#27;[36mc.g.d.z.s.o.a.h.c.h.i.c.ProtocolExec&amp#27;[0;39m - &amp#27;[32mex-0000003D: target auth state: UNCHALLENGED
&amp#27;[0;39m2023-05-08 13:18:59,230 [main] &amp#27;[39mDEBUG&amp#27;[0;39m &amp#27;[36mc.g.d.z.s.o.a.h.c.h.i.c.ProtocolExec&amp#27;[0;39m - &amp#27;[32mex-0000003D: proxy auth state: UNCHALLENGED
&amp#27;[0;39m2023-05-08 13:18:59,230 [main] &amp#27;[39mDEBUG&amp#27;[0;39m &amp#27;[36mc.g.d.z.s.o.a.h.c.h.i.c.ConnectExec&amp#27;[0;39m - &amp#27;[32mex-0000003D: acquiring connection with route {}->unix://localhost:2375
&amp#27;[0;39m2023-05-08 13:18:59,230 [main] &amp#27;[39mDEBUG&amp#27;[0;39m &amp#27;[36mc.g.d.z.s.o.a.h.c.h.i.c.InternalHttpClient&amp#27;[0;39m - &amp#27;[32mex-0000003D: acquiring endpoint (3 MINUTES)
&amp#27;[0;39m2023-05-08 13:18:59,230 [main] &amp#27;[39mDEBUG&amp#27;[0;39m &amp#27;[36mc.g.d.z.s.o.a.h.c.h.i.i.PoolingHttpClientConnectionManager&amp#27;[0;39m - &amp#27;[32mex-0000003D: endpoint lease request (3 MINUTES) [route: {}->unix://localhost:2375][total available: 1; route allocated: 1 of 2147483647; total allocated: 1 of 2147483647]
&amp#27;[0;39m2023-05-08 13:18:59,230 [main] &amp#27;[39mDEBUG&amp#27;[0;39m &amp#27;[36mc.g.d.z.s.o.a.h.c.h.i.i.PoolingHttpClientConnectionManager&amp#27;[0;39m - &amp#27;[32mex-0000003D: endpoint leased [route: {}->unix://localhost:2375][total available: 0; route allocated: 1 of 2147483647; total allocated: 1 of 2147483647]
&amp#27;[0;39m2023-05-08 13:18:59,230 [main] &amp#27;[39mDEBUG&amp#27;[0;39m &amp#27;[36mc.g.d.z.s.o.a.h.c.h.i.i.PoolingHttpClientConnectionManager&amp#27;[0;39m - &amp#27;[32mex-0000003D: acquired ep-0000003C
&amp#27;[0;39m2023-05-08 13:18:59,230 [main] &amp#27;[39mDEBUG&amp#27;[0;39m &amp#27;[36mc.g.d.z.s.o.a.h.c.h.i.c.InternalHttpClient&amp#27;[0;39m - &amp#27;[32mex-0000003D: acquired endpoint ep-0000003C
&amp#27;[0;39m2023-05-08 13:18:59,230 [main] &amp#27;[39mDEBUG&amp#27;[0;39m &amp#27;[36mc.g.d.z.s.o.a.h.c.h.i.c.MainClientExec&amp#27;[0;39m - &amp#27;[32mex-0000003D: executing GET /v1.32/containers/cccfb0602d7e775562ae171a9fe0a7ec811b6906268008a84fea93151d2a7305/json HTTP/1.1
&amp#27;[0;39m2023-05-08 13:18:59,230 [main] &amp#27;[39mDEBUG&amp#27;[0;39m &amp#27;[36mc.g.d.z.s.o.a.h.c.h.i.c.InternalHttpClient&amp#27;[0;39m - &amp#27;[32mep-0000003C: start execution ex-0000003D
&amp#27;[0;39m2023-05-08 13:18:59,230 [main] &amp#27;[39mDEBUG&amp#27;[0;39m &amp#27;[36mc.g.d.z.s.o.a.h.c.h.i.i.PoolingHttpClientConnectionManager&amp#27;[0;39m - &amp#27;[32mep-0000003C: executing exchange ex-0000003D over http-outgoing-1
&amp#27;[0;39m2023-05-08 13:18:59,230 [main] &amp#27;[39mDEBUG&amp#27;[0;39m &amp#27;[36mc.g.d.z.s.o.a.h.client5.http.headers&amp#27;[0;39m - &amp#27;[32mhttp-outgoing-1 >> GET /v1.32/containers/cccfb0602d7e775562ae171a9fe0a7ec811b6906268008a84fea93151d2a7305/json HTTP/1.1
&amp#27;[0;39m2023-05-08 13:18:59,230 [main] &amp#27;[39mDEBUG&amp#27;[0;39m &amp#27;[36mc.g.d.z.s.o.a.h.client5.http.headers&amp#27;[0;39m - &amp#27;[32mhttp-outgoing-1 >> accept: application/json
&amp#27;[0;39m2023-05-08 13:18:59,230 [main] &amp#27;[39mDEBUG&amp#27;[0;39m &amp#27;[36mc.g.d.z.s.o.a.h.client5.http.headers&amp#27;[0;39m - &amp#27;[32mhttp-outgoing-1 >> x-tc-sid: f1b696c1-ec3f-4f95-afa8-081853be7ccb
&amp#27;[0;39m2023-05-08 13:18:59,230 [main] &amp#27;[39mDEBUG&amp#27;[0;39m &amp#27;[36mc.g.d.z.s.o.a.h.client5.http.headers&amp#27;[0;39m - &amp#27;[32mhttp-outgoing-1 >> Accept-Encoding: gzip, x-gzip, deflate
&amp#27;[0;39m2023-05-08 13:18:59,230 [main] &amp#27;[39mDEBUG&amp#27;[0;39m &amp#27;[36mc.g.d.z.s.o.a.h.client5.http.headers&amp#27;[0;39m - &amp#27;[32mhttp-outgoing-1 >> Host: localhost:2375
&amp#27;[0;39m2023-05-08 13:18:59,230 [main] &amp#27;[39mDEBUG&amp#27;[0;39m &amp#27;[36mc.g.d.z.s.o.a.h.client5.http.headers&amp#27;[0;39m - &amp#27;[32mhttp-outgoing-1 >> Connection: keep-alive
&amp#27;[0;39m2023-05-08 13:18:59,230 [main] &amp#27;[39mDEBUG&amp#27;[0;39m &amp#27;[36mc.g.d.z.s.o.a.h.client5.http.headers&amp#27;[0;39m - &amp#27;[32mhttp-outgoing-1 >> User-Agent: Apache-HttpClient/5.0.3 (Java/17.0.6)
&amp#27;[0;39m2023-05-08 13:18:59,230 [main] &amp#27;[39mDEBUG&amp#27;[0;39m &amp#27;[36mc.g.d.z.s.o.a.hc.client5.http.wire&amp#27;[0;39m - &amp#27;[32mhttp-outgoing-1 >> "GET /v1.32/containers/cccfb0602d7e775562ae171a9fe0a7ec811b6906268008a84fea93151d2a7305/json HTTP/1.1[\r][\n]"
&amp#27;[0;39m2023-05-08 13:18:59,230 [main] &amp#27;[39mDEBUG&amp#27;[0;39m &amp#27;[36mc.g.d.z.s.o.a.hc.client5.http.wire&amp#27;[0;39m - &amp#27;[32mhttp-outgoing-1 >> "accept: application/json[\r][\n]"
&amp#27;[0;39m2023-05-08 13:18:59,230 [main] &amp#27;[39mDEBUG&amp#27;[0;39m &amp#27;[36mc.g.d.z.s.o.a.hc.client5.http.wire&amp#27;[0;39m - &amp#27;[32mhttp-outgoing-1 >> "x-tc-sid: f1b696c1-ec3f-4f95-afa8-081853be7ccb[\r][\n]"
&amp#27;[0;39m2023-05-08 13:18:59,230 [main] &amp#27;[39mDEBUG&amp#27;[0;39m &amp#27;[36mc.g.d.z.s.o.a.hc.client5.http.wire&amp#27;[0;39m - &amp#27;[32mhttp-outgoing-1 >> "Accept-Encoding: gzip, x-gzip, deflate[\r][\n]"
&amp#27;[0;39m2023-05-08 13:18:59,230 [main] &amp#27;[39mDEBUG&amp#27;[0;39m &amp#27;[36mc.g.d.z.s.o.a.hc.client5.http.wire&amp#27;[0;39m - &amp#27;[32mhttp-outgoing-1 >> "Host: localhost:2375[\r][\n]"
&amp#27;[0;39m2023-05-08 13:18:59,230 [main] &amp#27;[39mDEBUG&amp#27;[0;39m &amp#27;[36mc.g.d.z.s.o.a.hc.client5.http.wire&amp#27;[0;39m - &amp#27;[32mhttp-outgoing-1 >> "Connection: keep-alive[\r][\n]"
&amp#27;[0;39m2023-05-08 13:18:59,230 [main] &amp#27;[39mDEBUG&amp#27;[0;39m &amp#27;[36mc.g.d.z.s.o.a.hc.client5.http.wire&amp#27;[0;39m - &amp#27;[32mhttp-outgoing-1 >> "User-Agent: Apache-HttpClient/5.0.3 (Java/17.0.6)[\r][\n]"
&amp#27;[0;39m2023-05-08 13:18:59,230 [main] &amp#27;[39mDEBUG&amp#27;[0;39m &amp#27;[36mc.g.d.z.s.o.a.hc.client5.http.wire&amp#27;[0;39m - &amp#27;[32mhttp-outgoing-1 >> "[\r][\n]"
&amp#27;[0;39m2023-05-08 13:18:59,231 [main] &amp#27;[39mDEBUG&amp#27;[0;39m &amp#27;[36mc.g.d.z.s.o.a.hc.client5.http.wire&amp#27;[0;39m - &amp#27;[32mhttp-outgoing-1 << "HTTP/1.1 200 OK[\r][\n]"
&amp#27;[0;39m2023-05-08 13:18:59,231 [main] &amp#27;[39mDEBUG&amp#27;[0;39m &amp#27;[36mc.g.d.z.s.o.a.hc.client5.http.wire&amp#27;[0;39m - &amp#27;[32mhttp-outgoing-1 << "Api-Version: 1.42[\r][\n]"
&amp#27;[0;39m2023-05-08 13:18:59,231 [main] &amp#27;[39mDEBUG&amp#27;[0;39m &amp#27;[36mc.g.d.z.s.o.a.hc.client5.http.wire&amp#27;[0;39m - &amp#27;[32mhttp-outgoing-1 << "Content-Type: application/json[\r][\n]"
&amp#27;[0;39m2023-05-08 13:18:59,231 [main] &amp#27;[39mDEBUG&amp#27;[0;39m &amp#27;[36mc.g.d.z.s.o.a.hc.client5.http.wire&amp#27;[0;39m - &amp#27;[32mhttp-outgoing-1 << "Docker-Experimental: false[\r][\n]"
&amp#27;[0;39m2023-05-08 13:18:59,231 [main] &amp#27;[39mDEBUG&amp#27;[0;39m &amp#27;[36mc.g.d.z.s.o.a.hc.client5.http.wire&amp#27;[0;39m - &amp#27;[32mhttp-outgoing-1 << "Ostype: linux[\r][\n]"
&amp#27;[0;39m2023-05-08 13:18:59,231 [main] &amp#27;[39mDEBUG&amp#27;[0;39m &amp#27;[36mc.g.d.z.s.o.a.hc.client5.http.wire&amp#27;[0;39m - &amp#27;[32mhttp-outgoing-1 << "Server: Docker/23.0.5 (linux)[\r][\n]"
&amp#27;[0;39m2023-05-08 13:18:59,231 [main] &amp#27;[39mDEBUG&amp#27;[0;39m &amp#27;[36mc.g.d.z.s.o.a.hc.client5.http.wire&amp#27;[0;39m - &amp#27;[32mhttp-outgoing-1 << "Date: Mon, 08 May 2023 11:18:59 GMT[\r][\n]"
&amp#27;[0;39m2023-05-08 13:18:59,231 [main] &amp#27;[39mDEBUG&amp#27;[0;39m &amp#27;[36mc.g.d.z.s.o.a.hc.client5.http.wire&amp#27;[0;39m - &amp#27;[32mhttp-outgoing-1 << "Transfer-Encoding: chunked[\r][\n]"
&amp#27;[0;39m2023-05-08 13:18:59,231 [main] &amp#27;[39mDEBUG&amp#27;[0;39m &amp#27;[36mc.g.d.z.s.o.a.hc.client5.http.wire&amp#27;[0;39m - &amp#27;[32mhttp-outgoing-1 << "[\r][\n]"
&amp#27;[0;39m2023-05-08 13:18:59,231 [main] &amp#27;[39mDEBUG&amp#27;[0;39m &amp#27;[36mc.g.d.z.s.o.a.hc.client5.http.wire&amp#27;[0;39m - &amp#27;[32mhttp-outgoing-1 << "1890[\r][\n]"
&amp#27;[0;39m2023-05-08 13:18:59,231 [main] &amp#27;[39mDEBUG&amp#27;[0;39m &amp#27;[36mc.g.d.z.s.o.a.hc.client5.http.wire&amp#27;[0;39m - &amp#27;[32mhttp-outgoing-1 << "{"Id":"cccfb0602d7e775562ae171a9fe0a7ec811b6906268008a84fea93151d2a7305","Created":"2023-05-08T11:18:54.120535425Z","Path":"docker-entrypoint.sh","Args":["mysqld"],"State":{"Status":"running","Running":true,"Paused":false,"Restarting":false,"OOMKilled":false,"Dead":false,"Pid":59126,"ExitCode":0,"Error":"","StartedAt":"2023-05-08T11:18:54.468577716Z","FinishedAt":"0001-01-01T00:00:00Z"},"Image":"sha256:228d71078f8ce5ae9fd96b183f88c3a90e30544b4b7ce9d64a238d05fef2a681","ResolvConfPath":"/var/lib/docker/containers/cccfb0602d7e775562ae171a9fe0a7ec811b6906268008a84fea93151d2a7305/resolv.conf","HostnamePath":"/var/lib/docker/containers/cccfb0602d7e775562ae171a9fe0a7ec811b6906268008a84fea93151d2a7305/hostname","HostsPath":"/var/lib/docker/containers/cccfb0602d7e775562ae171a9fe0a7ec811b6906268008a84fea93151d2a7305/hosts","LogPath":"/var/lib/docker/containers/cccfb0602d7e775562ae171a9fe0a7ec811b6906268008a84fea93151d2a7305/cccfb0602d7e775562ae171a9fe0a7ec811b6906268008a84fea93151d2a7305-json.log","Name":"/charming_goodall","RestartCount":0,"Driver":"overlay2","Platform":"linux","MountLabel":"","ProcessLabel":"","AppArmorProfile":"docker-default","ExecIDs":null,"HostConfig":{"Binds":[],"ContainerIDFile":"","LogConfig":{"Type":"json-file","Config":{}},"NetworkMode":"default","PortBindings":{"3306/tcp":[{"HostIp":"","HostPort":""}]},"RestartPolicy":{"Name":"","MaximumRetryCount":0},"AutoRemove":false,"VolumeDriver":"","VolumesFrom":[],"ConsoleSize":[0,0],"CapAdd":null,"CapDrop":null,"CgroupnsMode":"private","Dns":null,"DnsOptions":null,"DnsSearch":null,"ExtraHosts":[],"GroupAdd":null,"IpcMode":"shareable","Cgroup":"","Links":null,"OomScoreAdj":0,"PidMode":"","Privileged":false,"PublishAllPorts":false,"ReadonlyRootfs":false,"SecurityOpt":null,"UTSMode":"","UsernsMode":"","ShmSize":67108864,"Runtime":"runc","Isolation":"","CpuShares":0,"Memory":0,"NanoCpus":0,"CgroupParent":"","BlkioWeight":0,"BlkioWeightDevice":null,"BlkioDeviceReadBps":null,"BlkioDeviceWriteBps":null,"BlkioDeviceReadIOps":null,"BlkioDeviceWriteIOps":null,"CpuPeriod":0,"CpuQuota":0,"CpuRealtimePeriod":0,"CpuRealtimeRuntime":0,"CpusetCpus":"","CpusetMems":"","Devices":null,"DeviceCgroupRules":null,"DeviceRequests":null,"MemoryReservation":0,"MemorySwap":0,"MemorySwappiness":null,"OomKillDisable":null,"PidsLimit":null,"Ulimits":null,"CpuCount":0,"CpuPercent":0,"IOMaximumIOps":0,"IOMaximumBandwidth":0,"MaskedPaths":["/proc/asound","/proc/acpi","/proc/kcore","/proc/keys","/proc/latency_stats","/proc/timer_list","/proc/timer_stats","/proc/sched_debug","/proc/scsi","/sys/firmware"],"ReadonlyPaths":["/proc/bus","/proc/fs","/proc/irq","/proc/sys","/proc/sysrq-trigger"]},"GraphDriver":{"Data":{"LowerDir":"/var/lib/docker/overlay2/0075f27ac39799b376a3e23bf05a650eb10c8a0f9ef49be1ab61e98fd3b93dc3-init/diff:/var/lib/docker/overlay2/4c6e20f032f02b27a9272f982861dc21998197aa90d94ed3bef95d449380247c/diff:/var/lib/docker/overlay2/0c75f828f603eff839bb3ca448163ab2a8017e86625ac255cd3dbf1673ddac26/diff:/var/lib/docker/overlay2/da128d897fda75829109844ce6cd9d73d0f54c682e735100af000ce899908729/diff:/var/lib/docker/overlay2/b678a1f261bf323afba6d76d91ab7428bdd6e1ef4a39b5224e4a1afd08c0423a/diff:/var/lib/docker/overlay2/1bec43b14875c5f9f814f146e8e31aa78566689c2c163da2ac60a32254988437/diff:/var/lib/docker/overlay2/28f4b1e6e1a7a2dbe30f1f94fb42bccd85a61faf8af1fe30a5bb0d442c525e41/diff:/var/lib/docker/overlay2/0f493124464c291d7c97d2633d5dff04b1dce5de904cb40a34dfbe7fe72e3fd4/diff:/var/lib/docker/overlay2/05befbee9e38cd670e1786b3310e99796dcc06abbed970007b4109a5424843fa/diff:/var/lib/docker/overlay2/582bcca9acfc4eef25109e1e1b9c9d104f355798455bc73e855c99283887a6e8/diff:/var/lib/docker/overlay2/153b3bf0b69e97e8f0e5533414a31ca33fa530e63d174c9617621abe46e7e9d1/diff:/var/lib/docker/overlay2/bf87a76c0a38875ee6e915fd0d2527eafa880ec6bf2c1cb294959428c18d10bd/diff","MergedDir":"/var/lib/docker/overlay2/0075f27ac39799b376a3e23bf05a650eb10c8a0f9ef49be1ab61e98fd3b93dc3/merged","UpperDir":"/var/lib/docker/overlay2/0075f27ac39799b376a3e23bf05a650eb10c8a0f9ef49be1ab61e98fd3b93dc3/diff","WorkDir":"/var/lib/docker/overlay2/0075f27ac39799b376a3e23bf05a650eb10c8a0f9ef49be1ab61e98fd3b93dc3/work"},"Name":"overlay2"},"Mounts":[{"Type":"volume","Name":"ffd30c8cc7ed7bf91bc1ebef46b0f06493ce1d3121e28c37d40240bd74b844a5","Source":"/var/lib/docker/volumes/ffd30c8cc7ed7bf91bc1ebef46b0f06493ce1d3121e28c37d40240bd74b844a5/_data","Destination":"/var/lib/mysql","Driver":"local","Mode":"","RW":true,"Propagation":""}],"Config":{"Hostname":"cccfb0602d7e","Domainname":"","User":"","AttachStdin":false,"AttachStdout":false,"AttachStderr":false,"ExposedPorts":{"3306/tcp":{}},"Tty":false,"OpenStdin":false,"StdinOnce":false,"Env":["MYSQL_DATABASE=test","MYSQL_PASSWORD=test","MYSQL_USER=test","MYSQL_ROOT_PASSWORD=test","PATH=/usr/local/sbin:/usr/local/bin:/usr/sbin:/usr/bin:/sbin:/bin","GOSU_VERSION=1.7","MYSQL_MAJOR=8.0","MYSQL_VERSION=8.0.0-dmr-1debian8"],"Cmd":["mysqld"],"Image":"mysql:8.0.0","Volumes":{"/var/lib/mysql":{}},"WorkingDir":"","Entrypoint":["docker-entrypoint.sh"],"OnBuild":null,"Labels":{"org.testcontainers":"true","org.testcontainers.lang":"java","org.testcontainers.sessionId":"f1b696c1-ec3f-4f95-afa8-081853be7ccb","org.testcontainers.version":"1.18.0"}},"NetworkSettings":{"Bridge":"","SandboxID":"75a4ef0436803615aa77c8b97de3cbbdd49519261fe2b3b6cdcae9bd2b1154aa","HairpinMode":false,"LinkLocalIPv6Address":"","LinkLocalIPv6PrefixLen":0,"Ports":{"3306/tcp":[{"HostIp":"0.0.0.0","HostPort":"32781"},{"HostIp":"::","HostPort":"32781"}]},"SandboxKey":"/var/run/docker/netns/75a4ef043680","SecondaryIPAddresses":null,"SecondaryIPv6Addresses":null,"EndpointID":"de3a5c9cc9471fdbec5943d78a8803fca61208fe4021ac9d3922ee2e8ec0d135","Gateway":"172.17.0.1","GlobalIPv6Address":"","GlobalIPv6PrefixLen":0,"IPAddress":"172.17.0.3","IPPrefixLen":16,"IPv6Gateway":"","MacAddress":"02:42:ac:11:00:03","Networks":{"bridge":{"IPAMConfig":null,"Links":null,"Aliases":null,"NetworkID":"e1a078e12eb8d77b497ed932f7fb43787eeb6ff6972febd7d03c9282b8b5cd45","EndpointID":"de3a5c9cc9471fdbec5943d78a8803fca61208fe4021ac9d3922ee2e8ec0d135","Gateway":"172.17.0.1","IPAddress":"172.17.0.3","IPPrefixLen":16,"IPv6Gateway":"","GlobalIPv6Address":"","GlobalIPv6PrefixLen":0,"MacAddress":"02:42:ac:11:00:03","DriverOpts":null}}}}[\n]"
&amp#27;[0;39m2023-05-08 13:18:59,231 [main] &amp#27;[39mDEBUG&amp#27;[0;39m &amp#27;[36mc.g.d.z.s.o.a.hc.client5.http.wire&amp#27;[0;39m - &amp#27;[32mhttp-outgoing-1 << "[\r][\n]"
&amp#27;[0;39m2023-05-08 13:18:59,231 [main] &amp#27;[39mDEBUG&amp#27;[0;39m &amp#27;[36mc.g.d.z.s.o.a.hc.client5.http.wire&amp#27;[0;39m - &amp#27;[32mhttp-outgoing-1 << "0[\r][\n]"
&amp#27;[0;39m2023-05-08 13:18:59,231 [main] &amp#27;[39mDEBUG&amp#27;[0;39m &amp#27;[36mc.g.d.z.s.o.a.hc.client5.http.wire&amp#27;[0;39m - &amp#27;[32mhttp-outgoing-1 << "[\r][\n]"
&amp#27;[0;39m2023-05-08 13:18:59,231 [main] &amp#27;[39mDEBUG&amp#27;[0;39m &amp#27;[36mc.g.d.z.s.o.a.h.client5.http.headers&amp#27;[0;39m - &amp#27;[32mhttp-outgoing-1 << HTTP/1.1 200 OK
&amp#27;[0;39m2023-05-08 13:18:59,231 [main] &amp#27;[39mDEBUG&amp#27;[0;39m &amp#27;[36mc.g.d.z.s.o.a.h.client5.http.headers&amp#27;[0;39m - &amp#27;[32mhttp-outgoing-1 << Api-Version: 1.42
&amp#27;[0;39m2023-05-08 13:18:59,231 [main] &amp#27;[39mDEBUG&amp#27;[0;39m &amp#27;[36mc.g.d.z.s.o.a.h.client5.http.headers&amp#27;[0;39m - &amp#27;[32mhttp-outgoing-1 << Content-Type: application/json
&amp#27;[0;39m2023-05-08 13:18:59,231 [main] &amp#27;[39mDEBUG&amp#27;[0;39m &amp#27;[36mc.g.d.z.s.o.a.h.client5.http.headers&amp#27;[0;39m - &amp#27;[32mhttp-outgoing-1 << Docker-Experimental: false
&amp#27;[0;39m2023-05-08 13:18:59,231 [main] &amp#27;[39mDEBUG&amp#27;[0;39m &amp#27;[36mc.g.d.z.s.o.a.h.client5.http.headers&amp#27;[0;39m - &amp#27;[32mhttp-outgoing-1 << Ostype: linux
&amp#27;[0;39m2023-05-08 13:18:59,231 [main] &amp#27;[39mDEBUG&amp#27;[0;39m &amp#27;[36mc.g.d.z.s.o.a.h.client5.http.headers&amp#27;[0;39m - &amp#27;[32mhttp-outgoing-1 << Server: Docker/23.0.5 (linux)
&amp#27;[0;39m2023-05-08 13:18:59,231 [main] &amp#27;[39mDEBUG&amp#27;[0;39m &amp#27;[36mc.g.d.z.s.o.a.h.client5.http.headers&amp#27;[0;39m - &amp#27;[32mhttp-outgoing-1 << Date: Mon, 08 May 2023 11:18:59 GMT
&amp#27;[0;39m2023-05-08 13:18:59,231 [main] &amp#27;[39mDEBUG&amp#27;[0;39m &amp#27;[36mc.g.d.z.s.o.a.h.client5.http.headers&amp#27;[0;39m - &amp#27;[32mhttp-outgoing-1 << Transfer-Encoding: chunked
&amp#27;[0;39m2023-05-08 13:18:59,231 [main] &amp#27;[39mDEBUG&amp#27;[0;39m &amp#27;[36mc.g.d.z.s.o.a.h.c.h.i.c.MainClientExec&amp#27;[0;39m - &amp#27;[32mex-0000003D: connection can be kept alive for 3 MINUTES
&amp#27;[0;39m2023-05-08 13:18:59,232 [main] &amp#27;[39mDEBUG&amp#27;[0;39m &amp#27;[36mc.g.d.z.s.o.a.h.c.h.i.c.InternalHttpClient&amp#27;[0;39m - &amp#27;[32mep-0000003C: releasing valid endpoint
&amp#27;[0;39m2023-05-08 13:18:59,232 [main] &amp#27;[39mDEBUG&amp#27;[0;39m &amp#27;[36mc.g.d.z.s.o.a.h.c.h.i.i.PoolingHttpClientConnectionManager&amp#27;[0;39m - &amp#27;[32mep-0000003C: releasing endpoint
&amp#27;[0;39m2023-05-08 13:18:59,232 [main] &amp#27;[39mDEBUG&amp#27;[0;39m &amp#27;[36mc.g.d.z.s.o.a.h.c.h.i.i.PoolingHttpClientConnectionManager&amp#27;[0;39m - &amp#27;[32mep-0000003C: connection http-outgoing-1 can be kept alive for 3 MINUTES
&amp#27;[0;39m2023-05-08 13:18:59,232 [main] &amp#27;[39mDEBUG&amp#27;[0;39m &amp#27;[36mc.g.d.z.s.o.a.h.c.h.i.i.PoolingHttpClientConnectionManager&amp#27;[0;39m - &amp#27;[32mep-0000003C: connection released [route: {}->unix://localhost:2375][total available: 1; route allocated: 1 of 2147483647; total allocated: 1 of 2147483647]
&amp#27;[0;39m2023-05-08 13:18:59,232 [main] &amp#27;[39mDEBUG&amp#27;[0;39m &amp#27;[36mtc.mysql:8.0.0&amp#27;[0;39m - &amp#27;[32mTrying to create JDBC connection using com.mysql.cj.jdbc.Driver to jdbc:mysql://localhost:32781/test?useSSL=false&allowPublicKeyRetrieval=true with properties: {password=test, user=test}
&amp#27;[0;39m2023-05-08 13:18:59,333 [main] &amp#27;[39mDEBUG&amp#27;[0;39m &amp#27;[36mo.t.s.c.g.d.c.command.AbstrDockerCmd&amp#27;[0;39m - &amp#27;[32mCmd: cccfb0602d7e775562ae171a9fe0a7ec811b6906268008a84fea93151d2a7305,false
&amp#27;[0;39m2023-05-08 13:18:59,334 [main] &amp#27;[39mDEBUG&amp#27;[0;39m &amp#27;[36mo.t.s.c.g.d.c.e.InspectContainerCmdExec&amp#27;[0;39m - &amp#27;[32mGET: DefaultWebTarget{path=[/containers/cccfb0602d7e775562ae171a9fe0a7ec811b6906268008a84fea93151d2a7305/json], queryParams={}}
&amp#27;[0;39m2023-05-08 13:18:59,334 [main] &amp#27;[39mDEBUG&amp#27;[0;39m &amp#27;[36mc.g.d.z.s.o.a.h.c.h.i.c.InternalHttpClient&amp#27;[0;39m - &amp#27;[32mex-0000003E: preparing request execution
&amp#27;[0;39m2023-05-08 13:18:59,334 [main] &amp#27;[39mDEBUG&amp#27;[0;39m &amp#27;[36mc.g.d.z.s.o.a.h.c.h.p.RequestAddCookies&amp#27;[0;39m - &amp#27;[32mCookie spec selected: strict
&amp#27;[0;39m2023-05-08 13:18:59,334 [main] &amp#27;[39mDEBUG&amp#27;[0;39m &amp#27;[36mc.g.d.z.s.o.a.h.c.h.p.RequestAuthCache&amp#27;[0;39m - &amp#27;[32mAuth cache not set in the context
&amp#27;[0;39m2023-05-08 13:18:59,334 [main] &amp#27;[39mDEBUG&amp#27;[0;39m &amp#27;[36mc.g.d.z.s.o.a.h.c.h.i.c.ProtocolExec&amp#27;[0;39m - &amp#27;[32mex-0000003E: target auth state: UNCHALLENGED
&amp#27;[0;39m2023-05-08 13:18:59,334 [main] &amp#27;[39mDEBUG&amp#27;[0;39m &amp#27;[36mc.g.d.z.s.o.a.h.c.h.i.c.ProtocolExec&amp#27;[0;39m - &amp#27;[32mex-0000003E: proxy auth state: UNCHALLENGED
&amp#27;[0;39m2023-05-08 13:18:59,334 [main] &amp#27;[39mDEBUG&amp#27;[0;39m &amp#27;[36mc.g.d.z.s.o.a.h.c.h.i.c.ConnectExec&amp#27;[0;39m - &amp#27;[32mex-0000003E: acquiring connection with route {}->unix://localhost:2375
&amp#27;[0;39m2023-05-08 13:18:59,334 [main] &amp#27;[39mDEBUG&amp#27;[0;39m &amp#27;[36mc.g.d.z.s.o.a.h.c.h.i.c.InternalHttpClient&amp#27;[0;39m - &amp#27;[32mex-0000003E: acquiring endpoint (3 MINUTES)
&amp#27;[0;39m2023-05-08 13:18:59,334 [main] &amp#27;[39mDEBUG&amp#27;[0;39m &amp#27;[36mc.g.d.z.s.o.a.h.c.h.i.i.PoolingHttpClientConnectionManager&amp#27;[0;39m - &amp#27;[32mex-0000003E: endpoint lease request (3 MINUTES) [route: {}->unix://localhost:2375][total available: 1; route allocated: 1 of 2147483647; total allocated: 1 of 2147483647]
&amp#27;[0;39m2023-05-08 13:18:59,334 [main] &amp#27;[39mDEBUG&amp#27;[0;39m &amp#27;[36mc.g.d.z.s.o.a.h.c.h.i.i.PoolingHttpClientConnectionManager&amp#27;[0;39m - &amp#27;[32mex-0000003E: endpoint leased [route: {}->unix://localhost:2375][total available: 0; route allocated: 1 of 2147483647; total allocated: 1 of 2147483647]
&amp#27;[0;39m2023-05-08 13:18:59,335 [main] &amp#27;[39mDEBUG&amp#27;[0;39m &amp#27;[36mc.g.d.z.s.o.a.h.c.h.i.i.PoolingHttpClientConnectionManager&amp#27;[0;39m - &amp#27;[32mex-0000003E: acquired ep-0000003D
&amp#27;[0;39m2023-05-08 13:18:59,335 [main] &amp#27;[39mDEBUG&amp#27;[0;39m &amp#27;[36mc.g.d.z.s.o.a.h.c.h.i.c.InternalHttpClient&amp#27;[0;39m - &amp#27;[32mex-0000003E: acquired endpoint ep-0000003D
&amp#27;[0;39m2023-05-08 13:18:59,335 [main] &amp#27;[39mDEBUG&amp#27;[0;39m &amp#27;[36mc.g.d.z.s.o.a.h.c.h.i.c.MainClientExec&amp#27;[0;39m - &amp#27;[32mex-0000003E: executing GET /v1.32/containers/cccfb0602d7e775562ae171a9fe0a7ec811b6906268008a84fea93151d2a7305/json HTTP/1.1
&amp#27;[0;39m2023-05-08 13:18:59,335 [main] &amp#27;[39mDEBUG&amp#27;[0;39m &amp#27;[36mc.g.d.z.s.o.a.h.c.h.i.c.InternalHttpClient&amp#27;[0;39m - &amp#27;[32mep-0000003D: start execution ex-0000003E
&amp#27;[0;39m2023-05-08 13:18:59,335 [main] &amp#27;[39mDEBUG&amp#27;[0;39m &amp#27;[36mc.g.d.z.s.o.a.h.c.h.i.i.PoolingHttpClientConnectionManager&amp#27;[0;39m - &amp#27;[32mep-0000003D: executing exchange ex-0000003E over http-outgoing-1
&amp#27;[0;39m2023-05-08 13:18:59,335 [main] &amp#27;[39mDEBUG&amp#27;[0;39m &amp#27;[36mc.g.d.z.s.o.a.h.client5.http.headers&amp#27;[0;39m - &amp#27;[32mhttp-outgoing-1 >> GET /v1.32/containers/cccfb0602d7e775562ae171a9fe0a7ec811b6906268008a84fea93151d2a7305/json HTTP/1.1
&amp#27;[0;39m2023-05-08 13:18:59,335 [main] &amp#27;[39mDEBUG&amp#27;[0;39m &amp#27;[36mc.g.d.z.s.o.a.h.client5.http.headers&amp#27;[0;39m - &amp#27;[32mhttp-outgoing-1 >> accept: application/json
&amp#27;[0;39m2023-05-08 13:18:59,335 [main] &amp#27;[39mDEBUG&amp#27;[0;39m &amp#27;[36mc.g.d.z.s.o.a.h.client5.http.headers&amp#27;[0;39m - &amp#27;[32mhttp-outgoing-1 >> x-tc-sid: f1b696c1-ec3f-4f95-afa8-081853be7ccb
&amp#27;[0;39m2023-05-08 13:18:59,335 [main] &amp#27;[39mDEBUG&amp#27;[0;39m &amp#27;[36mc.g.d.z.s.o.a.h.client5.http.headers&amp#27;[0;39m - &amp#27;[32mhttp-outgoing-1 >> Accept-Encoding: gzip, x-gzip, deflate
&amp#27;[0;39m2023-05-08 13:18:59,335 [main] &amp#27;[39mDEBUG&amp#27;[0;39m &amp#27;[36mc.g.d.z.s.o.a.h.client5.http.headers&amp#27;[0;39m - &amp#27;[32mhttp-outgoing-1 >> Host: localhost:2375
&amp#27;[0;39m2023-05-08 13:18:59,335 [main] &amp#27;[39mDEBUG&amp#27;[0;39m &amp#27;[36mc.g.d.z.s.o.a.h.client5.http.headers&amp#27;[0;39m - &amp#27;[32mhttp-outgoing-1 >> Connection: keep-alive
&amp#27;[0;39m2023-05-08 13:18:59,335 [main] &amp#27;[39mDEBUG&amp#27;[0;39m &amp#27;[36mc.g.d.z.s.o.a.h.client5.http.headers&amp#27;[0;39m - &amp#27;[32mhttp-outgoing-1 >> User-Agent: Apache-HttpClient/5.0.3 (Java/17.0.6)
&amp#27;[0;39m2023-05-08 13:18:59,335 [main] &amp#27;[39mDEBUG&amp#27;[0;39m &amp#27;[36mc.g.d.z.s.o.a.hc.client5.http.wire&amp#27;[0;39m - &amp#27;[32mhttp-outgoing-1 >> "GET /v1.32/containers/cccfb0602d7e775562ae171a9fe0a7ec811b6906268008a84fea93151d2a7305/json HTTP/1.1[\r][\n]"
&amp#27;[0;39m2023-05-08 13:18:59,335 [main] &amp#27;[39mDEBUG&amp#27;[0;39m &amp#27;[36mc.g.d.z.s.o.a.hc.client5.http.wire&amp#27;[0;39m - &amp#27;[32mhttp-outgoing-1 >> "accept: application/json[\r][\n]"
&amp#27;[0;39m2023-05-08 13:18:59,335 [main] &amp#27;[39mDEBUG&amp#27;[0;39m &amp#27;[36mc.g.d.z.s.o.a.hc.client5.http.wire&amp#27;[0;39m - &amp#27;[32mhttp-outgoing-1 >> "x-tc-sid: f1b696c1-ec3f-4f95-afa8-081853be7ccb[\r][\n]"
&amp#27;[0;39m2023-05-08 13:18:59,335 [main] &amp#27;[39mDEBUG&amp#27;[0;39m &amp#27;[36mc.g.d.z.s.o.a.hc.client5.http.wire&amp#27;[0;39m - &amp#27;[32mhttp-outgoing-1 >> "Accept-Encoding: gzip, x-gzip, deflate[\r][\n]"
&amp#27;[0;39m2023-05-08 13:18:59,335 [main] &amp#27;[39mDEBUG&amp#27;[0;39m &amp#27;[36mc.g.d.z.s.o.a.hc.client5.http.wire&amp#27;[0;39m - &amp#27;[32mhttp-outgoing-1 >> "Host: localhost:2375[\r][\n]"
&amp#27;[0;39m2023-05-08 13:18:59,335 [main] &amp#27;[39mDEBUG&amp#27;[0;39m &amp#27;[36mc.g.d.z.s.o.a.hc.client5.http.wire&amp#27;[0;39m - &amp#27;[32mhttp-outgoing-1 >> "Connection: keep-alive[\r][\n]"
&amp#27;[0;39m2023-05-08 13:18:59,335 [main] &amp#27;[39mDEBUG&amp#27;[0;39m &amp#27;[36mc.g.d.z.s.o.a.hc.client5.http.wire&amp#27;[0;39m - &amp#27;[32mhttp-outgoing-1 >> "User-Agent: Apache-HttpClient/5.0.3 (Java/17.0.6)[\r][\n]"
&amp#27;[0;39m2023-05-08 13:18:59,335 [main] &amp#27;[39mDEBUG&amp#27;[0;39m &amp#27;[36mc.g.d.z.s.o.a.hc.client5.http.wire&amp#27;[0;39m - &amp#27;[32mhttp-outgoing-1 >> "[\r][\n]"
&amp#27;[0;39m2023-05-08 13:18:59,335 [main] &amp#27;[39mDEBUG&amp#27;[0;39m &amp#27;[36mc.g.d.z.s.o.a.hc.client5.http.wire&amp#27;[0;39m - &amp#27;[32mhttp-outgoing-1 << "HTTP/1.1 200 OK[\r][\n]"
&amp#27;[0;39m2023-05-08 13:18:59,335 [main] &amp#27;[39mDEBUG&amp#27;[0;39m &amp#27;[36mc.g.d.z.s.o.a.hc.client5.http.wire&amp#27;[0;39m - &amp#27;[32mhttp-outgoing-1 << "Api-Version: 1.42[\r][\n]"
&amp#27;[0;39m2023-05-08 13:18:59,335 [main] &amp#27;[39mDEBUG&amp#27;[0;39m &amp#27;[36mc.g.d.z.s.o.a.hc.client5.http.wire&amp#27;[0;39m - &amp#27;[32mhttp-outgoing-1 << "Content-Type: application/json[\r][\n]"
&amp#27;[0;39m2023-05-08 13:18:59,335 [main] &amp#27;[39mDEBUG&amp#27;[0;39m &amp#27;[36mc.g.d.z.s.o.a.hc.client5.http.wire&amp#27;[0;39m - &amp#27;[32mhttp-outgoing-1 << "Docker-Experimental: false[\r][\n]"
&amp#27;[0;39m2023-05-08 13:18:59,335 [main] &amp#27;[39mDEBUG&amp#27;[0;39m &amp#27;[36mc.g.d.z.s.o.a.hc.client5.http.wire&amp#27;[0;39m - &amp#27;[32mhttp-outgoing-1 << "Ostype: linux[\r][\n]"
&amp#27;[0;39m2023-05-08 13:18:59,335 [main] &amp#27;[39mDEBUG&amp#27;[0;39m &amp#27;[36mc.g.d.z.s.o.a.hc.client5.http.wire&amp#27;[0;39m - &amp#27;[32mhttp-outgoing-1 << "Server: Docker/23.0.5 (linux)[\r][\n]"
&amp#27;[0;39m2023-05-08 13:18:59,335 [main] &amp#27;[39mDEBUG&amp#27;[0;39m &amp#27;[36mc.g.d.z.s.o.a.hc.client5.http.wire&amp#27;[0;39m - &amp#27;[32mhttp-outgoing-1 << "Date: Mon, 08 May 2023 11:18:59 GMT[\r][\n]"
&amp#27;[0;39m2023-05-08 13:18:59,335 [main] &amp#27;[39mDEBUG&amp#27;[0;39m &amp#27;[36mc.g.d.z.s.o.a.hc.client5.http.wire&amp#27;[0;39m - &amp#27;[32mhttp-outgoing-1 << "Transfer-Encoding: chunked[\r][\n]"
&amp#27;[0;39m2023-05-08 13:18:59,335 [main] &amp#27;[39mDEBUG&amp#27;[0;39m &amp#27;[36mc.g.d.z.s.o.a.hc.client5.http.wire&amp#27;[0;39m - &amp#27;[32mhttp-outgoing-1 << "[\r][\n]"
&amp#27;[0;39m2023-05-08 13:18:59,335 [main] &amp#27;[39mDEBUG&amp#27;[0;39m &amp#27;[36mc.g.d.z.s.o.a.hc.client5.http.wire&amp#27;[0;39m - &amp#27;[32mhttp-outgoing-1 << "1890[\r][\n]"
&amp#27;[0;39m2023-05-08 13:18:59,336 [main] &amp#27;[39mDEBUG&amp#27;[0;39m &amp#27;[36mc.g.d.z.s.o.a.hc.client5.http.wire&amp#27;[0;39m - &amp#27;[32mhttp-outgoing-1 << "{"Id":"cccfb0602d7e775562ae171a9fe0a7ec811b6906268008a84fea93151d2a7305","Created":"2023-05-08T11:18:54.120535425Z","Path":"docker-entrypoint.sh","Args":["mysqld"],"State":{"Status":"running","Running":true,"Paused":false,"Restarting":false,"OOMKilled":false,"Dead":false,"Pid":59126,"ExitCode":0,"Error":"","StartedAt":"2023-05-08T11:18:54.468577716Z","FinishedAt":"0001-01-01T00:00:00Z"},"Image":"sha256:228d71078f8ce5ae9fd96b183f88c3a90e30544b4b7ce9d64a238d05fef2a681","ResolvConfPath":"/var/lib/docker/containers/cccfb0602d7e775562ae171a9fe0a7ec811b6906268008a84fea93151d2a7305/resolv.conf","HostnamePath":"/var/lib/docker/containers/cccfb0602d7e775562ae171a9fe0a7ec811b6906268008a84fea93151d2a7305/hostname","HostsPath":"/var/lib/docker/containers/cccfb0602d7e775562ae171a9fe0a7ec811b6906268008a84fea93151d2a7305/hosts","LogPath":"/var/lib/docker/containers/cccfb0602d7e775562ae171a9fe0a7ec811b6906268008a84fea93151d2a7305/cccfb0602d7e775562ae171a9fe0a7ec811b6906268008a84fea93151d2a7305-json.log","Name":"/charming_goodall","RestartCount":0,"Driver":"overlay2","Platform":"linux","MountLabel":"","ProcessLabel":"","AppArmorProfile":"docker-default","ExecIDs":null,"HostConfig":{"Binds":[],"ContainerIDFile":"","LogConfig":{"Type":"json-file","Config":{}},"NetworkMode":"default","PortBindings":{"3306/tcp":[{"HostIp":"","HostPort":""}]},"RestartPolicy":{"Name":"","MaximumRetryCount":0},"AutoRemove":false,"VolumeDriver":"","VolumesFrom":[],"ConsoleSize":[0,0],"CapAdd":null,"CapDrop":null,"CgroupnsMode":"private","Dns":null,"DnsOptions":null,"DnsSearch":null,"ExtraHosts":[],"GroupAdd":null,"IpcMode":"shareable","Cgroup":"","Links":null,"OomScoreAdj":0,"PidMode":"","Privileged":false,"PublishAllPorts":false,"ReadonlyRootfs":false,"SecurityOpt":null,"UTSMode":"","UsernsMode":"","ShmSize":67108864,"Runtime":"runc","Isolation":"","CpuShares":0,"Memory":0,"NanoCpus":0,"CgroupParent":"","BlkioWeight":0,"BlkioWeightDevice":null,"BlkioDeviceReadBps":null,"BlkioDeviceWriteBps":null,"BlkioDeviceReadIOps":null,"BlkioDeviceWriteIOps":null,"CpuPeriod":0,"CpuQuota":0,"CpuRealtimePeriod":0,"CpuRealtimeRuntime":0,"CpusetCpus":"","CpusetMems":"","Devices":null,"DeviceCgroupRules":null,"DeviceRequests":null,"MemoryReservation":0,"MemorySwap":0,"MemorySwappiness":null,"OomKillDisable":null,"PidsLimit":null,"Ulimits":null,"CpuCount":0,"CpuPercent":0,"IOMaximumIOps":0,"IOMaximumBandwidth":0,"MaskedPaths":["/proc/asound","/proc/acpi","/proc/kcore","/proc/keys","/proc/latency_stats","/proc/timer_list","/proc/timer_stats","/proc/sched_debug","/proc/scsi","/sys/firmware"],"ReadonlyPaths":["/proc/bus","/proc/fs","/proc/irq","/proc/sys","/proc/sysrq-trigger"]},"GraphDriver":{"Data":{"LowerDir":"/var/lib/docker/overlay2/0075f27ac39799b376a3e23bf05a650eb10c8a0f9ef49be1ab61e98fd3b93dc3-init/diff:/var/lib/docker/overlay2/4c6e20f032f02b27a9272f982861dc21998197aa90d94ed3bef95d449380247c/diff:/var/lib/docker/overlay2/0c75f828f603eff839bb3ca448163ab2a8017e86625ac255cd3dbf1673ddac26/diff:/var/lib/docker/overlay2/da128d897fda75829109844ce6cd9d73d0f54c682e735100af000ce899908729/diff:/var/lib/docker/overlay2/b678a1f261bf323afba6d76d91ab7428bdd6e1ef4a39b5224e4a1afd08c0423a/diff:/var/lib/docker/overlay2/1bec43b14875c5f9f814f146e8e31aa78566689c2c163da2ac60a32254988437/diff:/var/lib/docker/overlay2/28f4b1e6e1a7a2dbe30f1f94fb42bccd85a61faf8af1fe30a5bb0d442c525e41/diff:/var/lib/docker/overlay2/0f493124464c291d7c97d2633d5dff04b1dce5de904cb40a34dfbe7fe72e3fd4/diff:/var/lib/docker/overlay2/05befbee9e38cd670e1786b3310e99796dcc06abbed970007b4109a5424843fa/diff:/var/lib/docker/overlay2/582bcca9acfc4eef25109e1e1b9c9d104f355798455bc73e855c99283887a6e8/diff:/var/lib/docker/overlay2/153b3bf0b69e97e8f0e5533414a31ca33fa530e63d174c9617621abe46e7e9d1/diff:/var/lib/docker/overlay2/bf87a76c0a38875ee6e915fd0d2527eafa880ec6bf2c1cb294959428c18d10bd/diff","MergedDir":"/var/lib/docker/overlay2/0075f27ac39799b376a3e23bf05a650eb10c8a0f9ef49be1ab61e98fd3b93dc3/merged","UpperDir":"/var/lib/docker/overlay2/0075f27ac39799b376a3e23bf05a650eb10c8a0f9ef49be1ab61e98fd3b93dc3/diff","WorkDir":"/var/lib/docker/overlay2/0075f27ac39799b376a3e23bf05a650eb10c8a0f9ef49be1ab61e98fd3b93dc3/work"},"Name":"overlay2"},"Mounts":[{"Type":"volume","Name":"ffd30c8cc7ed7bf91bc1ebef46b0f06493ce1d3121e28c37d40240bd74b844a5","Source":"/var/lib/docker/volumes/ffd30c8cc7ed7bf91bc1ebef46b0f06493ce1d3121e28c37d40240bd74b844a5/_data","Destination":"/var/lib/mysql","Driver":"local","Mode":"","RW":true,"Propagation":""}],"Config":{"Hostname":"cccfb0602d7e","Domainname":"","User":"","AttachStdin":false,"AttachStdout":false,"AttachStderr":false,"ExposedPorts":{"3306/tcp":{}},"Tty":false,"OpenStdin":false,"StdinOnce":false,"Env":["MYSQL_DATABASE=test","MYSQL_PASSWORD=test","MYSQL_USER=test","MYSQL_ROOT_PASSWORD=test","PATH=/usr/local/sbin:/usr/local/bin:/usr/sbin:/usr/bin:/sbin:/bin","GOSU_VERSION=1.7","MYSQL_MAJOR=8.0","MYSQL_VERSION=8.0.0-dmr-1debian8"],"Cmd":["mysqld"],"Image":"mysql:8.0.0","Volumes":{"/var/lib/mysql":{}},"WorkingDir":"","Entrypoint":["docker-entrypoint.sh"],"OnBuild":null,"Labels":{"org.testcontainers":"true","org.testcontainers.lang":"java","org.testcontainers.sessionId":"f1b696c1-ec3f-4f95-afa8-081853be7ccb","org.testcontainers.version":"1.18.0"}},"NetworkSettings":{"Bridge":"","SandboxID":"75a4ef0436803615aa77c8b97de3cbbdd49519261fe2b3b6cdcae9bd2b1154aa","HairpinMode":false,"LinkLocalIPv6Address":"","LinkLocalIPv6PrefixLen":0,"Ports":{"3306/tcp":[{"HostIp":"0.0.0.0","HostPort":"32781"},{"HostIp":"::","HostPort":"32781"}]},"SandboxKey":"/var/run/docker/netns/75a4ef043680","SecondaryIPAddresses":null,"SecondaryIPv6Addresses":null,"EndpointID":"de3a5c9cc9471fdbec5943d78a8803fca61208fe4021ac9d3922ee2e8ec0d135","Gateway":"172.17.0.1","GlobalIPv6Address":"","GlobalIPv6PrefixLen":0,"IPAddress":"172.17.0.3","IPPrefixLen":16,"IPv6Gateway":"","MacAddress":"02:42:ac:11:00:03","Networks":{"bridge":{"IPAMConfig":null,"Links":null,"Aliases":null,"NetworkID":"e1a078e12eb8d77b497ed932f7fb43787eeb6ff6972febd7d03c9282b8b5cd45","EndpointID":"de3a5c9cc9471fdbec5943d78a8803fca61208fe4021ac9d3922ee2e8ec0d135","Gateway":"172.17.0.1","IPAddress":"172.17.0.3","IPPrefixLen":16,"IPv6Gateway":"","GlobalIPv6Address":"","GlobalIPv6PrefixLen":0,"MacAddress":"02:42:ac:11:00:03","DriverOpts":null}}}}[\n]"
&amp#27;[0;39m2023-05-08 13:18:59,336 [main] &amp#27;[39mDEBUG&amp#27;[0;39m &amp#27;[36mc.g.d.z.s.o.a.hc.client5.http.wire&amp#27;[0;39m - &amp#27;[32mhttp-outgoing-1 << "[\r][\n]"
&amp#27;[0;39m2023-05-08 13:18:59,336 [main] &amp#27;[39mDEBUG&amp#27;[0;39m &amp#27;[36mc.g.d.z.s.o.a.hc.client5.http.wire&amp#27;[0;39m - &amp#27;[32mhttp-outgoing-1 << "0[\r][\n]"
&amp#27;[0;39m2023-05-08 13:18:59,336 [main] &amp#27;[39mDEBUG&amp#27;[0;39m &amp#27;[36mc.g.d.z.s.o.a.hc.client5.http.wire&amp#27;[0;39m - &amp#27;[32mhttp-outgoing-1 << "[\r][\n]"
&amp#27;[0;39m2023-05-08 13:18:59,336 [main] &amp#27;[39mDEBUG&amp#27;[0;39m &amp#27;[36mc.g.d.z.s.o.a.h.client5.http.headers&amp#27;[0;39m - &amp#27;[32mhttp-outgoing-1 << HTTP/1.1 200 OK
&amp#27;[0;39m2023-05-08 13:18:59,336 [main] &amp#27;[39mDEBUG&amp#27;[0;39m &amp#27;[36mc.g.d.z.s.o.a.h.client5.http.headers&amp#27;[0;39m - &amp#27;[32mhttp-outgoing-1 << Api-Version: 1.42
&amp#27;[0;39m2023-05-08 13:18:59,336 [main] &amp#27;[39mDEBUG&amp#27;[0;39m &amp#27;[36mc.g.d.z.s.o.a.h.client5.http.headers&amp#27;[0;39m - &amp#27;[32mhttp-outgoing-1 << Content-Type: application/json
&amp#27;[0;39m2023-05-08 13:18:59,336 [main] &amp#27;[39mDEBUG&amp#27;[0;39m &amp#27;[36mc.g.d.z.s.o.a.h.client5.http.headers&amp#27;[0;39m - &amp#27;[32mhttp-outgoing-1 << Docker-Experimental: false
&amp#27;[0;39m2023-05-08 13:18:59,336 [main] &amp#27;[39mDEBUG&amp#27;[0;39m &amp#27;[36mc.g.d.z.s.o.a.h.client5.http.headers&amp#27;[0;39m - &amp#27;[32mhttp-outgoing-1 << Ostype: linux
&amp#27;[0;39m2023-05-08 13:18:59,336 [main] &amp#27;[39mDEBUG&amp#27;[0;39m &amp#27;[36mc.g.d.z.s.o.a.h.client5.http.headers&amp#27;[0;39m - &amp#27;[32mhttp-outgoing-1 << Server: Docker/23.0.5 (linux)
&amp#27;[0;39m2023-05-08 13:18:59,336 [main] &amp#27;[39mDEBUG&amp#27;[0;39m &amp#27;[36mc.g.d.z.s.o.a.h.client5.http.headers&amp#27;[0;39m - &amp#27;[32mhttp-outgoing-1 << Date: Mon, 08 May 2023 11:18:59 GMT
&amp#27;[0;39m2023-05-08 13:18:59,336 [main] &amp#27;[39mDEBUG&amp#27;[0;39m &amp#27;[36mc.g.d.z.s.o.a.h.client5.http.headers&amp#27;[0;39m - &amp#27;[32mhttp-outgoing-1 << Transfer-Encoding: chunked
&amp#27;[0;39m2023-05-08 13:18:59,336 [main] &amp#27;[39mDEBUG&amp#27;[0;39m &amp#27;[36mc.g.d.z.s.o.a.h.c.h.i.c.MainClientExec&amp#27;[0;39m - &amp#27;[32mex-0000003E: connection can be kept alive for 3 MINUTES
&amp#27;[0;39m2023-05-08 13:18:59,337 [main] &amp#27;[39mDEBUG&amp#27;[0;39m &amp#27;[36mc.g.d.z.s.o.a.h.c.h.i.c.InternalHttpClient&amp#27;[0;39m - &amp#27;[32mep-0000003D: releasing valid endpoint
&amp#27;[0;39m2023-05-08 13:18:59,337 [main] &amp#27;[39mDEBUG&amp#27;[0;39m &amp#27;[36mc.g.d.z.s.o.a.h.c.h.i.i.PoolingHttpClientConnectionManager&amp#27;[0;39m - &amp#27;[32mep-0000003D: releasing endpoint
&amp#27;[0;39m2023-05-08 13:18:59,337 [main] &amp#27;[39mDEBUG&amp#27;[0;39m &amp#27;[36mc.g.d.z.s.o.a.h.c.h.i.i.PoolingHttpClientConnectionManager&amp#27;[0;39m - &amp#27;[32mep-0000003D: connection http-outgoing-1 can be kept alive for 3 MINUTES
&amp#27;[0;39m2023-05-08 13:18:59,337 [main] &amp#27;[39mDEBUG&amp#27;[0;39m &amp#27;[36mc.g.d.z.s.o.a.h.c.h.i.i.PoolingHttpClientConnectionManager&amp#27;[0;39m - &amp#27;[32mep-0000003D: connection released [route: {}->unix://localhost:2375][total available: 1; route allocated: 1 of 2147483647; total allocated: 1 of 2147483647]
&amp#27;[0;39m2023-05-08 13:18:59,337 [main] &amp#27;[39mDEBUG&amp#27;[0;39m &amp#27;[36mtc.mysql:8.0.0&amp#27;[0;39m - &amp#27;[32mTrying to create JDBC connection using com.mysql.cj.jdbc.Driver to jdbc:mysql://localhost:32781/test?useSSL=false&allowPublicKeyRetrieval=true with properties: {password=test, user=test}
&amp#27;[0;39m2023-05-08 13:18:59,438 [main] &amp#27;[39mDEBUG&amp#27;[0;39m &amp#27;[36mo.t.s.c.g.d.c.command.AbstrDockerCmd&amp#27;[0;39m - &amp#27;[32mCmd: cccfb0602d7e775562ae171a9fe0a7ec811b6906268008a84fea93151d2a7305,false
&amp#27;[0;39m2023-05-08 13:18:59,439 [main] &amp#27;[39mDEBUG&amp#27;[0;39m &amp#27;[36mo.t.s.c.g.d.c.e.InspectContainerCmdExec&amp#27;[0;39m - &amp#27;[32mGET: DefaultWebTarget{path=[/containers/cccfb0602d7e775562ae171a9fe0a7ec811b6906268008a84fea93151d2a7305/json], queryParams={}}
&amp#27;[0;39m2023-05-08 13:18:59,439 [main] &amp#27;[39mDEBUG&amp#27;[0;39m &amp#27;[36mc.g.d.z.s.o.a.h.c.h.i.c.InternalHttpClient&amp#27;[0;39m - &amp#27;[32mex-0000003F: preparing request execution
&amp#27;[0;39m2023-05-08 13:18:59,439 [main] &amp#27;[39mDEBUG&amp#27;[0;39m &amp#27;[36mc.g.d.z.s.o.a.h.c.h.p.RequestAddCookies&amp#27;[0;39m - &amp#27;[32mCookie spec selected: strict
&amp#27;[0;39m2023-05-08 13:18:59,439 [main] &amp#27;[39mDEBUG&amp#27;[0;39m &amp#27;[36mc.g.d.z.s.o.a.h.c.h.p.RequestAuthCache&amp#27;[0;39m - &amp#27;[32mAuth cache not set in the context
&amp#27;[0;39m2023-05-08 13:18:59,439 [main] &amp#27;[39mDEBUG&amp#27;[0;39m &amp#27;[36mc.g.d.z.s.o.a.h.c.h.i.c.ProtocolExec&amp#27;[0;39m - &amp#27;[32mex-0000003F: target auth state: UNCHALLENGED
&amp#27;[0;39m2023-05-08 13:18:59,439 [main] &amp#27;[39mDEBUG&amp#27;[0;39m &amp#27;[36mc.g.d.z.s.o.a.h.c.h.i.c.ProtocolExec&amp#27;[0;39m - &amp#27;[32mex-0000003F: proxy auth state: UNCHALLENGED
&amp#27;[0;39m2023-05-08 13:18:59,439 [main] &amp#27;[39mDEBUG&amp#27;[0;39m &amp#27;[36mc.g.d.z.s.o.a.h.c.h.i.c.ConnectExec&amp#27;[0;39m - &amp#27;[32mex-0000003F: acquiring connection with route {}->unix://localhost:2375
&amp#27;[0;39m2023-05-08 13:18:59,439 [main] &amp#27;[39mDEBUG&amp#27;[0;39m &amp#27;[36mc.g.d.z.s.o.a.h.c.h.i.c.InternalHttpClient&amp#27;[0;39m - &amp#27;[32mex-0000003F: acquiring endpoint (3 MINUTES)
&amp#27;[0;39m2023-05-08 13:18:59,439 [main] &amp#27;[39mDEBUG&amp#27;[0;39m &amp#27;[36mc.g.d.z.s.o.a.h.c.h.i.i.PoolingHttpClientConnectionManager&amp#27;[0;39m - &amp#27;[32mex-0000003F: endpoint lease request (3 MINUTES) [route: {}->unix://localhost:2375][total available: 1; route allocated: 1 of 2147483647; total allocated: 1 of 2147483647]
&amp#27;[0;39m2023-05-08 13:18:59,439 [main] &amp#27;[39mDEBUG&amp#27;[0;39m &amp#27;[36mc.g.d.z.s.o.a.h.c.h.i.i.PoolingHttpClientConnectionManager&amp#27;[0;39m - &amp#27;[32mex-0000003F: endpoint leased [route: {}->unix://localhost:2375][total available: 0; route allocated: 1 of 2147483647; total allocated: 1 of 2147483647]
&amp#27;[0;39m2023-05-08 13:18:59,439 [main] &amp#27;[39mDEBUG&amp#27;[0;39m &amp#27;[36mc.g.d.z.s.o.a.h.c.h.i.i.PoolingHttpClientConnectionManager&amp#27;[0;39m - &amp#27;[32mex-0000003F: acquired ep-0000003E
&amp#27;[0;39m2023-05-08 13:18:59,439 [main] &amp#27;[39mDEBUG&amp#27;[0;39m &amp#27;[36mc.g.d.z.s.o.a.h.c.h.i.c.InternalHttpClient&amp#27;[0;39m - &amp#27;[32mex-0000003F: acquired endpoint ep-0000003E
&amp#27;[0;39m2023-05-08 13:18:59,439 [main] &amp#27;[39mDEBUG&amp#27;[0;39m &amp#27;[36mc.g.d.z.s.o.a.h.c.h.i.c.MainClientExec&amp#27;[0;39m - &amp#27;[32mex-0000003F: executing GET /v1.32/containers/cccfb0602d7e775562ae171a9fe0a7ec811b6906268008a84fea93151d2a7305/json HTTP/1.1
&amp#27;[0;39m2023-05-08 13:18:59,439 [main] &amp#27;[39mDEBUG&amp#27;[0;39m &amp#27;[36mc.g.d.z.s.o.a.h.c.h.i.c.InternalHttpClient&amp#27;[0;39m - &amp#27;[32mep-0000003E: start execution ex-0000003F
&amp#27;[0;39m2023-05-08 13:18:59,439 [main] &amp#27;[39mDEBUG&amp#27;[0;39m &amp#27;[36mc.g.d.z.s.o.a.h.c.h.i.i.PoolingHttpClientConnectionManager&amp#27;[0;39m - &amp#27;[32mep-0000003E: executing exchange ex-0000003F over http-outgoing-1
&amp#27;[0;39m2023-05-08 13:18:59,439 [main] &amp#27;[39mDEBUG&amp#27;[0;39m &amp#27;[36mc.g.d.z.s.o.a.h.client5.http.headers&amp#27;[0;39m - &amp#27;[32mhttp-outgoing-1 >> GET /v1.32/containers/cccfb0602d7e775562ae171a9fe0a7ec811b6906268008a84fea93151d2a7305/json HTTP/1.1
&amp#27;[0;39m2023-05-08 13:18:59,439 [main] &amp#27;[39mDEBUG&amp#27;[0;39m &amp#27;[36mc.g.d.z.s.o.a.h.client5.http.headers&amp#27;[0;39m - &amp#27;[32mhttp-outgoing-1 >> accept: application/json
&amp#27;[0;39m2023-05-08 13:18:59,439 [main] &amp#27;[39mDEBUG&amp#27;[0;39m &amp#27;[36mc.g.d.z.s.o.a.h.client5.http.headers&amp#27;[0;39m - &amp#27;[32mhttp-outgoing-1 >> x-tc-sid: f1b696c1-ec3f-4f95-afa8-081853be7ccb
&amp#27;[0;39m2023-05-08 13:18:59,439 [main] &amp#27;[39mDEBUG&amp#27;[0;39m &amp#27;[36mc.g.d.z.s.o.a.h.client5.http.headers&amp#27;[0;39m - &amp#27;[32mhttp-outgoing-1 >> Accept-Encoding: gzip, x-gzip, deflate
&amp#27;[0;39m2023-05-08 13:18:59,439 [main] &amp#27;[39mDEBUG&amp#27;[0;39m &amp#27;[36mc.g.d.z.s.o.a.h.client5.http.headers&amp#27;[0;39m - &amp#27;[32mhttp-outgoing-1 >> Host: localhost:2375
&amp#27;[0;39m2023-05-08 13:18:59,439 [main] &amp#27;[39mDEBUG&amp#27;[0;39m &amp#27;[36mc.g.d.z.s.o.a.h.client5.http.headers&amp#27;[0;39m - &amp#27;[32mhttp-outgoing-1 >> Connection: keep-alive
&amp#27;[0;39m2023-05-08 13:18:59,439 [main] &amp#27;[39mDEBUG&amp#27;[0;39m &amp#27;[36mc.g.d.z.s.o.a.h.client5.http.headers&amp#27;[0;39m - &amp#27;[32mhttp-outgoing-1 >> User-Agent: Apache-HttpClient/5.0.3 (Java/17.0.6)
&amp#27;[0;39m2023-05-08 13:18:59,439 [main] &amp#27;[39mDEBUG&amp#27;[0;39m &amp#27;[36mc.g.d.z.s.o.a.hc.client5.http.wire&amp#27;[0;39m - &amp#27;[32mhttp-outgoing-1 >> "GET /v1.32/containers/cccfb0602d7e775562ae171a9fe0a7ec811b6906268008a84fea93151d2a7305/json HTTP/1.1[\r][\n]"
&amp#27;[0;39m2023-05-08 13:18:59,439 [main] &amp#27;[39mDEBUG&amp#27;[0;39m &amp#27;[36mc.g.d.z.s.o.a.hc.client5.http.wire&amp#27;[0;39m - &amp#27;[32mhttp-outgoing-1 >> "accept: application/json[\r][\n]"
&amp#27;[0;39m2023-05-08 13:18:59,439 [main] &amp#27;[39mDEBUG&amp#27;[0;39m &amp#27;[36mc.g.d.z.s.o.a.hc.client5.http.wire&amp#27;[0;39m - &amp#27;[32mhttp-outgoing-1 >> "x-tc-sid: f1b696c1-ec3f-4f95-afa8-081853be7ccb[\r][\n]"
&amp#27;[0;39m2023-05-08 13:18:59,439 [main] &amp#27;[39mDEBUG&amp#27;[0;39m &amp#27;[36mc.g.d.z.s.o.a.hc.client5.http.wire&amp#27;[0;39m - &amp#27;[32mhttp-outgoing-1 >> "Accept-Encoding: gzip, x-gzip, deflate[\r][\n]"
&amp#27;[0;39m2023-05-08 13:18:59,439 [main] &amp#27;[39mDEBUG&amp#27;[0;39m &amp#27;[36mc.g.d.z.s.o.a.hc.client5.http.wire&amp#27;[0;39m - &amp#27;[32mhttp-outgoing-1 >> "Host: localhost:2375[\r][\n]"
&amp#27;[0;39m2023-05-08 13:18:59,439 [main] &amp#27;[39mDEBUG&amp#27;[0;39m &amp#27;[36mc.g.d.z.s.o.a.hc.client5.http.wire&amp#27;[0;39m - &amp#27;[32mhttp-outgoing-1 >> "Connection: keep-alive[\r][\n]"
&amp#27;[0;39m2023-05-08 13:18:59,439 [main] &amp#27;[39mDEBUG&amp#27;[0;39m &amp#27;[36mc.g.d.z.s.o.a.hc.client5.http.wire&amp#27;[0;39m - &amp#27;[32mhttp-outgoing-1 >> "User-Agent: Apache-HttpClient/5.0.3 (Java/17.0.6)[\r][\n]"
&amp#27;[0;39m2023-05-08 13:18:59,439 [main] &amp#27;[39mDEBUG&amp#27;[0;39m &amp#27;[36mc.g.d.z.s.o.a.hc.client5.http.wire&amp#27;[0;39m - &amp#27;[32mhttp-outgoing-1 >> "[\r][\n]"
&amp#27;[0;39m2023-05-08 13:18:59,440 [main] &amp#27;[39mDEBUG&amp#27;[0;39m &amp#27;[36mc.g.d.z.s.o.a.hc.client5.http.wire&amp#27;[0;39m - &amp#27;[32mhttp-outgoing-1 << "HTTP/1.1 200 OK[\r][\n]"
&amp#27;[0;39m2023-05-08 13:18:59,440 [main] &amp#27;[39mDEBUG&amp#27;[0;39m &amp#27;[36mc.g.d.z.s.o.a.hc.client5.http.wire&amp#27;[0;39m - &amp#27;[32mhttp-outgoing-1 << "Api-Version: 1.42[\r][\n]"
&amp#27;[0;39m2023-05-08 13:18:59,440 [main] &amp#27;[39mDEBUG&amp#27;[0;39m &amp#27;[36mc.g.d.z.s.o.a.hc.client5.http.wire&amp#27;[0;39m - &amp#27;[32mhttp-outgoing-1 << "Content-Type: application/json[\r][\n]"
&amp#27;[0;39m2023-05-08 13:18:59,440 [main] &amp#27;[39mDEBUG&amp#27;[0;39m &amp#27;[36mc.g.d.z.s.o.a.hc.client5.http.wire&amp#27;[0;39m - &amp#27;[32mhttp-outgoing-1 << "Docker-Experimental: false[\r][\n]"
&amp#27;[0;39m2023-05-08 13:18:59,440 [main] &amp#27;[39mDEBUG&amp#27;[0;39m &amp#27;[36mc.g.d.z.s.o.a.hc.client5.http.wire&amp#27;[0;39m - &amp#27;[32mhttp-outgoing-1 << "Ostype: linux[\r][\n]"
&amp#27;[0;39m2023-05-08 13:18:59,440 [main] &amp#27;[39mDEBUG&amp#27;[0;39m &amp#27;[36mc.g.d.z.s.o.a.hc.client5.http.wire&amp#27;[0;39m - &amp#27;[32mhttp-outgoing-1 << "Server: Docker/23.0.5 (linux)[\r][\n]"
&amp#27;[0;39m2023-05-08 13:18:59,440 [main] &amp#27;[39mDEBUG&amp#27;[0;39m &amp#27;[36mc.g.d.z.s.o.a.hc.client5.http.wire&amp#27;[0;39m - &amp#27;[32mhttp-outgoing-1 << "Date: Mon, 08 May 2023 11:18:59 GMT[\r][\n]"
&amp#27;[0;39m2023-05-08 13:18:59,440 [main] &amp#27;[39mDEBUG&amp#27;[0;39m &amp#27;[36mc.g.d.z.s.o.a.hc.client5.http.wire&amp#27;[0;39m - &amp#27;[32mhttp-outgoing-1 << "Transfer-Encoding: chunked[\r][\n]"
&amp#27;[0;39m2023-05-08 13:18:59,440 [main] &amp#27;[39mDEBUG&amp#27;[0;39m &amp#27;[36mc.g.d.z.s.o.a.hc.client5.http.wire&amp#27;[0;39m - &amp#27;[32mhttp-outgoing-1 << "[\r][\n]"
&amp#27;[0;39m2023-05-08 13:18:59,440 [main] &amp#27;[39mDEBUG&amp#27;[0;39m &amp#27;[36mc.g.d.z.s.o.a.hc.client5.http.wire&amp#27;[0;39m - &amp#27;[32mhttp-outgoing-1 << "1890[\r][\n]"
&amp#27;[0;39m2023-05-08 13:18:59,440 [main] &amp#27;[39mDEBUG&amp#27;[0;39m &amp#27;[36mc.g.d.z.s.o.a.hc.client5.http.wire&amp#27;[0;39m - &amp#27;[32mhttp-outgoing-1 << "{"Id":"cccfb0602d7e775562ae171a9fe0a7ec811b6906268008a84fea93151d2a7305","Created":"2023-05-08T11:18:54.120535425Z","Path":"docker-entrypoint.sh","Args":["mysqld"],"State":{"Status":"running","Running":true,"Paused":false,"Restarting":false,"OOMKilled":false,"Dead":false,"Pid":59126,"ExitCode":0,"Error":"","StartedAt":"2023-05-08T11:18:54.468577716Z","FinishedAt":"0001-01-01T00:00:00Z"},"Image":"sha256:228d71078f8ce5ae9fd96b183f88c3a90e30544b4b7ce9d64a238d05fef2a681","ResolvConfPath":"/var/lib/docker/containers/cccfb0602d7e775562ae171a9fe0a7ec811b6906268008a84fea93151d2a7305/resolv.conf","HostnamePath":"/var/lib/docker/containers/cccfb0602d7e775562ae171a9fe0a7ec811b6906268008a84fea93151d2a7305/hostname","HostsPath":"/var/lib/docker/containers/cccfb0602d7e775562ae171a9fe0a7ec811b6906268008a84fea93151d2a7305/hosts","LogPath":"/var/lib/docker/containers/cccfb0602d7e775562ae171a9fe0a7ec811b6906268008a84fea93151d2a7305/cccfb0602d7e775562ae171a9fe0a7ec811b6906268008a84fea93151d2a7305-json.log","Name":"/charming_goodall","RestartCount":0,"Driver":"overlay2","Platform":"linux","MountLabel":"","ProcessLabel":"","AppArmorProfile":"docker-default","ExecIDs":null,"HostConfig":{"Binds":[],"ContainerIDFile":"","LogConfig":{"Type":"json-file","Config":{}},"NetworkMode":"default","PortBindings":{"3306/tcp":[{"HostIp":"","HostPort":""}]},"RestartPolicy":{"Name":"","MaximumRetryCount":0},"AutoRemove":false,"VolumeDriver":"","VolumesFrom":[],"ConsoleSize":[0,0],"CapAdd":null,"CapDrop":null,"CgroupnsMode":"private","Dns":null,"DnsOptions":null,"DnsSearch":null,"ExtraHosts":[],"GroupAdd":null,"IpcMode":"shareable","Cgroup":"","Links":null,"OomScoreAdj":0,"PidMode":"","Privileged":false,"PublishAllPorts":false,"ReadonlyRootfs":false,"SecurityOpt":null,"UTSMode":"","UsernsMode":"","ShmSize":67108864,"Runtime":"runc","Isolation":"","CpuShares":0,"Memory":0,"NanoCpus":0,"CgroupParent":"","BlkioWeight":0,"BlkioWeightDevice":null,"BlkioDeviceReadBps":null,"BlkioDeviceWriteBps":null,"BlkioDeviceReadIOps":null,"BlkioDeviceWriteIOps":null,"CpuPeriod":0,"CpuQuota":0,"CpuRealtimePeriod":0,"CpuRealtimeRuntime":0,"CpusetCpus":"","CpusetMems":"","Devices":null,"DeviceCgroupRules":null,"DeviceRequests":null,"MemoryReservation":0,"MemorySwap":0,"MemorySwappiness":null,"OomKillDisable":null,"PidsLimit":null,"Ulimits":null,"CpuCount":0,"CpuPercent":0,"IOMaximumIOps":0,"IOMaximumBandwidth":0,"MaskedPaths":["/proc/asound","/proc/acpi","/proc/kcore","/proc/keys","/proc/latency_stats","/proc/timer_list","/proc/timer_stats","/proc/sched_debug","/proc/scsi","/sys/firmware"],"ReadonlyPaths":["/proc/bus","/proc/fs","/proc/irq","/proc/sys","/proc/sysrq-trigger"]},"GraphDriver":{"Data":{"LowerDir":"/var/lib/docker/overlay2/0075f27ac39799b376a3e23bf05a650eb10c8a0f9ef49be1ab61e98fd3b93dc3-init/diff:/var/lib/docker/overlay2/4c6e20f032f02b27a9272f982861dc21998197aa90d94ed3bef95d449380247c/diff:/var/lib/docker/overlay2/0c75f828f603eff839bb3ca448163ab2a8017e86625ac255cd3dbf1673ddac26/diff:/var/lib/docker/overlay2/da128d897fda75829109844ce6cd9d73d0f54c682e735100af000ce899908729/diff:/var/lib/docker/overlay2/b678a1f261bf323afba6d76d91ab7428bdd6e1ef4a39b5224e4a1afd08c0423a/diff:/var/lib/docker/overlay2/1bec43b14875c5f9f814f146e8e31aa78566689c2c163da2ac60a32254988437/diff:/var/lib/docker/overlay2/28f4b1e6e1a7a2dbe30f1f94fb42bccd85a61faf8af1fe30a5bb0d442c525e41/diff:/var/lib/docker/overlay2/0f493124464c291d7c97d2633d5dff04b1dce5de904cb40a34dfbe7fe72e3fd4/diff:/var/lib/docker/overlay2/05befbee9e38cd670e1786b3310e99796dcc06abbed970007b4109a5424843fa/diff:/var/lib/docker/overlay2/582bcca9acfc4eef25109e1e1b9c9d104f355798455bc73e855c99283887a6e8/diff:/var/lib/docker/overlay2/153b3bf0b69e97e8f0e5533414a31ca33fa530e63d174c9617621abe46e7e9d1/diff:/var/lib/docker/overlay2/bf87a76c0a38875ee6e915fd0d2527eafa880ec6bf2c1cb294959428c18d10bd/diff","MergedDir":"/var/lib/docker/overlay2/0075f27ac39799b376a3e23bf05a650eb10c8a0f9ef49be1ab61e98fd3b93dc3/merged","UpperDir":"/var/lib/docker/overlay2/0075f27ac39799b376a3e23bf05a650eb10c8a0f9ef49be1ab61e98fd3b93dc3/diff","WorkDir":"/var/lib/docker/overlay2/0075f27ac39799b376a3e23bf05a650eb10c8a0f9ef49be1ab61e98fd3b93dc3/work"},"Name":"overlay2"},"Mounts":[{"Type":"volume","Name":"ffd30c8cc7ed7bf91bc1ebef46b0f06493ce1d3121e28c37d40240bd74b844a5","Source":"/var/lib/docker/volumes/ffd30c8cc7ed7bf91bc1ebef46b0f06493ce1d3121e28c37d40240bd74b844a5/_data","Destination":"/var/lib/mysql","Driver":"local","Mode":"","RW":true,"Propagation":""}],"Config":{"Hostname":"cccfb0602d7e","Domainname":"","User":"","AttachStdin":false,"AttachStdout":false,"AttachStderr":false,"ExposedPorts":{"3306/tcp":{}},"Tty":false,"OpenStdin":false,"StdinOnce":false,"Env":["MYSQL_DATABASE=test","MYSQL_PASSWORD=test","MYSQL_USER=test","MYSQL_ROOT_PASSWORD=test","PATH=/usr/local/sbin:/usr/local/bin:/usr/sbin:/usr/bin:/sbin:/bin","GOSU_VERSION=1.7","MYSQL_MAJOR=8.0","MYSQL_VERSION=8.0.0-dmr-1debian8"],"Cmd":["mysqld"],"Image":"mysql:8.0.0","Volumes":{"/var/lib/mysql":{}},"WorkingDir":"","Entrypoint":["docker-entrypoint.sh"],"OnBuild":null,"Labels":{"org.testcontainers":"true","org.testcontainers.lang":"java","org.testcontainers.sessionId":"f1b696c1-ec3f-4f95-afa8-081853be7ccb","org.testcontainers.version":"1.18.0"}},"NetworkSettings":{"Bridge":"","SandboxID":"75a4ef0436803615aa77c8b97de3cbbdd49519261fe2b3b6cdcae9bd2b1154aa","HairpinMode":false,"LinkLocalIPv6Address":"","LinkLocalIPv6PrefixLen":0,"Ports":{"3306/tcp":[{"HostIp":"0.0.0.0","HostPort":"32781"},{"HostIp":"::","HostPort":"32781"}]},"SandboxKey":"/var/run/docker/netns/75a4ef043680","SecondaryIPAddresses":null,"SecondaryIPv6Addresses":null,"EndpointID":"de3a5c9cc9471fdbec5943d78a8803fca61208fe4021ac9d3922ee2e8ec0d135","Gateway":"172.17.0.1","GlobalIPv6Address":"","GlobalIPv6PrefixLen":0,"IPAddress":"172.17.0.3","IPPrefixLen":16,"IPv6Gateway":"","MacAddress":"02:42:ac:11:00:03","Networks":{"bridge":{"IPAMConfig":null,"Links":null,"Aliases":null,"NetworkID":"e1a078e12eb8d77b497ed932f7fb43787eeb6ff6972febd7d03c9282b8b5cd45","EndpointID":"de3a5c9cc9471fdbec5943d78a8803fca61208fe4021ac9d3922ee2e8ec0d135","Gateway":"172.17.0.1","IPAddress":"172.17.0.3","IPPrefixLen":16,"IPv6Gateway":"","GlobalIPv6Address":"","GlobalIPv6PrefixLen":0,"MacAddress":"02:42:ac:11:00:03","DriverOpts":null}}}}[\n]"
&amp#27;[0;39m2023-05-08 13:18:59,440 [main] &amp#27;[39mDEBUG&amp#27;[0;39m &amp#27;[36mc.g.d.z.s.o.a.hc.client5.http.wire&amp#27;[0;39m - &amp#27;[32mhttp-outgoing-1 << "[\r][\n]"
&amp#27;[0;39m2023-05-08 13:18:59,440 [main] &amp#27;[39mDEBUG&amp#27;[0;39m &amp#27;[36mc.g.d.z.s.o.a.hc.client5.http.wire&amp#27;[0;39m - &amp#27;[32mhttp-outgoing-1 << "0[\r][\n]"
&amp#27;[0;39m2023-05-08 13:18:59,440 [main] &amp#27;[39mDEBUG&amp#27;[0;39m &amp#27;[36mc.g.d.z.s.o.a.hc.client5.http.wire&amp#27;[0;39m - &amp#27;[32mhttp-outgoing-1 << "[\r][\n]"
&amp#27;[0;39m2023-05-08 13:18:59,440 [main] &amp#27;[39mDEBUG&amp#27;[0;39m &amp#27;[36mc.g.d.z.s.o.a.h.client5.http.headers&amp#27;[0;39m - &amp#27;[32mhttp-outgoing-1 << HTTP/1.1 200 OK
&amp#27;[0;39m2023-05-08 13:18:59,440 [main] &amp#27;[39mDEBUG&amp#27;[0;39m &amp#27;[36mc.g.d.z.s.o.a.h.client5.http.headers&amp#27;[0;39m - &amp#27;[32mhttp-outgoing-1 << Api-Version: 1.42
&amp#27;[0;39m2023-05-08 13:18:59,440 [main] &amp#27;[39mDEBUG&amp#27;[0;39m &amp#27;[36mc.g.d.z.s.o.a.h.client5.http.headers&amp#27;[0;39m - &amp#27;[32mhttp-outgoing-1 << Content-Type: application/json
&amp#27;[0;39m2023-05-08 13:18:59,440 [main] &amp#27;[39mDEBUG&amp#27;[0;39m &amp#27;[36mc.g.d.z.s.o.a.h.client5.http.headers&amp#27;[0;39m - &amp#27;[32mhttp-outgoing-1 << Docker-Experimental: false
&amp#27;[0;39m2023-05-08 13:18:59,440 [main] &amp#27;[39mDEBUG&amp#27;[0;39m &amp#27;[36mc.g.d.z.s.o.a.h.client5.http.headers&amp#27;[0;39m - &amp#27;[32mhttp-outgoing-1 << Ostype: linux
&amp#27;[0;39m2023-05-08 13:18:59,440 [main] &amp#27;[39mDEBUG&amp#27;[0;39m &amp#27;[36mc.g.d.z.s.o.a.h.client5.http.headers&amp#27;[0;39m - &amp#27;[32mhttp-outgoing-1 << Server: Docker/23.0.5 (linux)
&amp#27;[0;39m2023-05-08 13:18:59,440 [main] &amp#27;[39mDEBUG&amp#27;[0;39m &amp#27;[36mc.g.d.z.s.o.a.h.client5.http.headers&amp#27;[0;39m - &amp#27;[32mhttp-outgoing-1 << Date: Mon, 08 May 2023 11:18:59 GMT
&amp#27;[0;39m2023-05-08 13:18:59,440 [main] &amp#27;[39mDEBUG&amp#27;[0;39m &amp#27;[36mc.g.d.z.s.o.a.h.client5.http.headers&amp#27;[0;39m - &amp#27;[32mhttp-outgoing-1 << Transfer-Encoding: chunked
&amp#27;[0;39m2023-05-08 13:18:59,440 [main] &amp#27;[39mDEBUG&amp#27;[0;39m &amp#27;[36mc.g.d.z.s.o.a.h.c.h.i.c.MainClientExec&amp#27;[0;39m - &amp#27;[32mex-0000003F: connection can be kept alive for 3 MINUTES
&amp#27;[0;39m2023-05-08 13:18:59,440 [main] &amp#27;[39mDEBUG&amp#27;[0;39m &amp#27;[36mc.g.d.z.s.o.a.h.c.h.i.c.InternalHttpClient&amp#27;[0;39m - &amp#27;[32mep-0000003E: releasing valid endpoint
&amp#27;[0;39m2023-05-08 13:18:59,440 [main] &amp#27;[39mDEBUG&amp#27;[0;39m &amp#27;[36mc.g.d.z.s.o.a.h.c.h.i.i.PoolingHttpClientConnectionManager&amp#27;[0;39m - &amp#27;[32mep-0000003E: releasing endpoint
&amp#27;[0;39m2023-05-08 13:18:59,440 [main] &amp#27;[39mDEBUG&amp#27;[0;39m &amp#27;[36mc.g.d.z.s.o.a.h.c.h.i.i.PoolingHttpClientConnectionManager&amp#27;[0;39m - &amp#27;[32mep-0000003E: connection http-outgoing-1 can be kept alive for 3 MINUTES
&amp#27;[0;39m2023-05-08 13:18:59,441 [main] &amp#27;[39mDEBUG&amp#27;[0;39m &amp#27;[36mc.g.d.z.s.o.a.h.c.h.i.i.PoolingHttpClientConnectionManager&amp#27;[0;39m - &amp#27;[32mep-0000003E: connection released [route: {}->unix://localhost:2375][total available: 1; route allocated: 1 of 2147483647; total allocated: 1 of 2147483647]
&amp#27;[0;39m2023-05-08 13:18:59,441 [main] &amp#27;[39mDEBUG&amp#27;[0;39m &amp#27;[36mtc.mysql:8.0.0&amp#27;[0;39m - &amp#27;[32mTrying to create JDBC connection using com.mysql.cj.jdbc.Driver to jdbc:mysql://localhost:32781/test?useSSL=false&allowPublicKeyRetrieval=true with properties: {password=test, user=test}
&amp#27;[0;39m2023-05-08 13:18:59,542 [main] &amp#27;[39mDEBUG&amp#27;[0;39m &amp#27;[36mo.t.s.c.g.d.c.command.AbstrDockerCmd&amp#27;[0;39m - &amp#27;[32mCmd: cccfb0602d7e775562ae171a9fe0a7ec811b6906268008a84fea93151d2a7305,false
&amp#27;[0;39m2023-05-08 13:18:59,542 [main] &amp#27;[39mDEBUG&amp#27;[0;39m &amp#27;[36mo.t.s.c.g.d.c.e.InspectContainerCmdExec&amp#27;[0;39m - &amp#27;[32mGET: DefaultWebTarget{path=[/containers/cccfb0602d7e775562ae171a9fe0a7ec811b6906268008a84fea93151d2a7305/json], queryParams={}}
&amp#27;[0;39m2023-05-08 13:18:59,542 [main] &amp#27;[39mDEBUG&amp#27;[0;39m &amp#27;[36mc.g.d.z.s.o.a.h.c.h.i.c.InternalHttpClient&amp#27;[0;39m - &amp#27;[32mex-00000040: preparing request execution
&amp#27;[0;39m2023-05-08 13:18:59,542 [main] &amp#27;[39mDEBUG&amp#27;[0;39m &amp#27;[36mc.g.d.z.s.o.a.h.c.h.p.RequestAddCookies&amp#27;[0;39m - &amp#27;[32mCookie spec selected: strict
&amp#27;[0;39m2023-05-08 13:18:59,542 [main] &amp#27;[39mDEBUG&amp#27;[0;39m &amp#27;[36mc.g.d.z.s.o.a.h.c.h.p.RequestAuthCache&amp#27;[0;39m - &amp#27;[32mAuth cache not set in the context
&amp#27;[0;39m2023-05-08 13:18:59,542 [main] &amp#27;[39mDEBUG&amp#27;[0;39m &amp#27;[36mc.g.d.z.s.o.a.h.c.h.i.c.ProtocolExec&amp#27;[0;39m - &amp#27;[32mex-00000040: target auth state: UNCHALLENGED
&amp#27;[0;39m2023-05-08 13:18:59,542 [main] &amp#27;[39mDEBUG&amp#27;[0;39m &amp#27;[36mc.g.d.z.s.o.a.h.c.h.i.c.ProtocolExec&amp#27;[0;39m - &amp#27;[32mex-00000040: proxy auth state: UNCHALLENGED
&amp#27;[0;39m2023-05-08 13:18:59,542 [main] &amp#27;[39mDEBUG&amp#27;[0;39m &amp#27;[36mc.g.d.z.s.o.a.h.c.h.i.c.ConnectExec&amp#27;[0;39m - &amp#27;[32mex-00000040: acquiring connection with route {}->unix://localhost:2375
&amp#27;[0;39m2023-05-08 13:18:59,543 [main] &amp#27;[39mDEBUG&amp#27;[0;39m &amp#27;[36mc.g.d.z.s.o.a.h.c.h.i.c.InternalHttpClient&amp#27;[0;39m - &amp#27;[32mex-00000040: acquiring endpoint (3 MINUTES)
&amp#27;[0;39m2023-05-08 13:18:59,543 [main] &amp#27;[39mDEBUG&amp#27;[0;39m &amp#27;[36mc.g.d.z.s.o.a.h.c.h.i.i.PoolingHttpClientConnectionManager&amp#27;[0;39m - &amp#27;[32mex-00000040: endpoint lease request (3 MINUTES) [route: {}->unix://localhost:2375][total available: 1; route allocated: 1 of 2147483647; total allocated: 1 of 2147483647]
&amp#27;[0;39m2023-05-08 13:18:59,543 [main] &amp#27;[39mDEBUG&amp#27;[0;39m &amp#27;[36mc.g.d.z.s.o.a.h.c.h.i.i.PoolingHttpClientConnectionManager&amp#27;[0;39m - &amp#27;[32mex-00000040: endpoint leased [route: {}->unix://localhost:2375][total available: 0; route allocated: 1 of 2147483647; total allocated: 1 of 2147483647]
&amp#27;[0;39m2023-05-08 13:18:59,543 [main] &amp#27;[39mDEBUG&amp#27;[0;39m &amp#27;[36mc.g.d.z.s.o.a.h.c.h.i.i.PoolingHttpClientConnectionManager&amp#27;[0;39m - &amp#27;[32mex-00000040: acquired ep-0000003F
&amp#27;[0;39m2023-05-08 13:18:59,543 [main] &amp#27;[39mDEBUG&amp#27;[0;39m &amp#27;[36mc.g.d.z.s.o.a.h.c.h.i.c.InternalHttpClient&amp#27;[0;39m - &amp#27;[32mex-00000040: acquired endpoint ep-0000003F
&amp#27;[0;39m2023-05-08 13:18:59,543 [main] &amp#27;[39mDEBUG&amp#27;[0;39m &amp#27;[36mc.g.d.z.s.o.a.h.c.h.i.c.MainClientExec&amp#27;[0;39m - &amp#27;[32mex-00000040: executing GET /v1.32/containers/cccfb0602d7e775562ae171a9fe0a7ec811b6906268008a84fea93151d2a7305/json HTTP/1.1
&amp#27;[0;39m2023-05-08 13:18:59,543 [main] &amp#27;[39mDEBUG&amp#27;[0;39m &amp#27;[36mc.g.d.z.s.o.a.h.c.h.i.c.InternalHttpClient&amp#27;[0;39m - &amp#27;[32mep-0000003F: start execution ex-00000040
&amp#27;[0;39m2023-05-08 13:18:59,543 [main] &amp#27;[39mDEBUG&amp#27;[0;39m &amp#27;[36mc.g.d.z.s.o.a.h.c.h.i.i.PoolingHttpClientConnectionManager&amp#27;[0;39m - &amp#27;[32mep-0000003F: executing exchange ex-00000040 over http-outgoing-1
&amp#27;[0;39m2023-05-08 13:18:59,543 [main] &amp#27;[39mDEBUG&amp#27;[0;39m &amp#27;[36mc.g.d.z.s.o.a.h.client5.http.headers&amp#27;[0;39m - &amp#27;[32mhttp-outgoing-1 >> GET /v1.32/containers/cccfb0602d7e775562ae171a9fe0a7ec811b6906268008a84fea93151d2a7305/json HTTP/1.1
&amp#27;[0;39m2023-05-08 13:18:59,543 [main] &amp#27;[39mDEBUG&amp#27;[0;39m &amp#27;[36mc.g.d.z.s.o.a.h.client5.http.headers&amp#27;[0;39m - &amp#27;[32mhttp-outgoing-1 >> accept: application/json
&amp#27;[0;39m2023-05-08 13:18:59,543 [main] &amp#27;[39mDEBUG&amp#27;[0;39m &amp#27;[36mc.g.d.z.s.o.a.h.client5.http.headers&amp#27;[0;39m - &amp#27;[32mhttp-outgoing-1 >> x-tc-sid: f1b696c1-ec3f-4f95-afa8-081853be7ccb
&amp#27;[0;39m2023-05-08 13:18:59,543 [main] &amp#27;[39mDEBUG&amp#27;[0;39m &amp#27;[36mc.g.d.z.s.o.a.h.client5.http.headers&amp#27;[0;39m - &amp#27;[32mhttp-outgoing-1 >> Accept-Encoding: gzip, x-gzip, deflate
&amp#27;[0;39m2023-05-08 13:18:59,543 [main] &amp#27;[39mDEBUG&amp#27;[0;39m &amp#27;[36mc.g.d.z.s.o.a.h.client5.http.headers&amp#27;[0;39m - &amp#27;[32mhttp-outgoing-1 >> Host: localhost:2375
&amp#27;[0;39m2023-05-08 13:18:59,543 [main] &amp#27;[39mDEBUG&amp#27;[0;39m &amp#27;[36mc.g.d.z.s.o.a.h.client5.http.headers&amp#27;[0;39m - &amp#27;[32mhttp-outgoing-1 >> Connection: keep-alive
&amp#27;[0;39m2023-05-08 13:18:59,543 [main] &amp#27;[39mDEBUG&amp#27;[0;39m &amp#27;[36mc.g.d.z.s.o.a.h.client5.http.headers&amp#27;[0;39m - &amp#27;[32mhttp-outgoing-1 >> User-Agent: Apache-HttpClient/5.0.3 (Java/17.0.6)
&amp#27;[0;39m2023-05-08 13:18:59,543 [main] &amp#27;[39mDEBUG&amp#27;[0;39m &amp#27;[36mc.g.d.z.s.o.a.hc.client5.http.wire&amp#27;[0;39m - &amp#27;[32mhttp-outgoing-1 >> "GET /v1.32/containers/cccfb0602d7e775562ae171a9fe0a7ec811b6906268008a84fea93151d2a7305/json HTTP/1.1[\r][\n]"
&amp#27;[0;39m2023-05-08 13:18:59,543 [main] &amp#27;[39mDEBUG&amp#27;[0;39m &amp#27;[36mc.g.d.z.s.o.a.hc.client5.http.wire&amp#27;[0;39m - &amp#27;[32mhttp-outgoing-1 >> "accept: application/json[\r][\n]"
&amp#27;[0;39m2023-05-08 13:18:59,543 [main] &amp#27;[39mDEBUG&amp#27;[0;39m &amp#27;[36mc.g.d.z.s.o.a.hc.client5.http.wire&amp#27;[0;39m - &amp#27;[32mhttp-outgoing-1 >> "x-tc-sid: f1b696c1-ec3f-4f95-afa8-081853be7ccb[\r][\n]"
&amp#27;[0;39m2023-05-08 13:18:59,543 [main] &amp#27;[39mDEBUG&amp#27;[0;39m &amp#27;[36mc.g.d.z.s.o.a.hc.client5.http.wire&amp#27;[0;39m - &amp#27;[32mhttp-outgoing-1 >> "Accept-Encoding: gzip, x-gzip, deflate[\r][\n]"
&amp#27;[0;39m2023-05-08 13:18:59,543 [main] &amp#27;[39mDEBUG&amp#27;[0;39m &amp#27;[36mc.g.d.z.s.o.a.hc.client5.http.wire&amp#27;[0;39m - &amp#27;[32mhttp-outgoing-1 >> "Host: localhost:2375[\r][\n]"
&amp#27;[0;39m2023-05-08 13:18:59,543 [main] &amp#27;[39mDEBUG&amp#27;[0;39m &amp#27;[36mc.g.d.z.s.o.a.hc.client5.http.wire&amp#27;[0;39m - &amp#27;[32mhttp-outgoing-1 >> "Connection: keep-alive[\r][\n]"
&amp#27;[0;39m2023-05-08 13:18:59,543 [main] &amp#27;[39mDEBUG&amp#27;[0;39m &amp#27;[36mc.g.d.z.s.o.a.hc.client5.http.wire&amp#27;[0;39m - &amp#27;[32mhttp-outgoing-1 >> "User-Agent: Apache-HttpClient/5.0.3 (Java/17.0.6)[\r][\n]"
&amp#27;[0;39m2023-05-08 13:18:59,543 [main] &amp#27;[39mDEBUG&amp#27;[0;39m &amp#27;[36mc.g.d.z.s.o.a.hc.client5.http.wire&amp#27;[0;39m - &amp#27;[32mhttp-outgoing-1 >> "[\r][\n]"
&amp#27;[0;39m2023-05-08 13:18:59,544 [main] &amp#27;[39mDEBUG&amp#27;[0;39m &amp#27;[36mc.g.d.z.s.o.a.hc.client5.http.wire&amp#27;[0;39m - &amp#27;[32mhttp-outgoing-1 << "HTTP/1.1 200 OK[\r][\n]"
&amp#27;[0;39m2023-05-08 13:18:59,544 [main] &amp#27;[39mDEBUG&amp#27;[0;39m &amp#27;[36mc.g.d.z.s.o.a.hc.client5.http.wire&amp#27;[0;39m - &amp#27;[32mhttp-outgoing-1 << "Api-Version: 1.42[\r][\n]"
&amp#27;[0;39m2023-05-08 13:18:59,544 [main] &amp#27;[39mDEBUG&amp#27;[0;39m &amp#27;[36mc.g.d.z.s.o.a.hc.client5.http.wire&amp#27;[0;39m - &amp#27;[32mhttp-outgoing-1 << "Content-Type: application/json[\r][\n]"
&amp#27;[0;39m2023-05-08 13:18:59,544 [main] &amp#27;[39mDEBUG&amp#27;[0;39m &amp#27;[36mc.g.d.z.s.o.a.hc.client5.http.wire&amp#27;[0;39m - &amp#27;[32mhttp-outgoing-1 << "Docker-Experimental: false[\r][\n]"
&amp#27;[0;39m2023-05-08 13:18:59,544 [main] &amp#27;[39mDEBUG&amp#27;[0;39m &amp#27;[36mc.g.d.z.s.o.a.hc.client5.http.wire&amp#27;[0;39m - &amp#27;[32mhttp-outgoing-1 << "Ostype: linux[\r][\n]"
&amp#27;[0;39m2023-05-08 13:18:59,544 [main] &amp#27;[39mDEBUG&amp#27;[0;39m &amp#27;[36mc.g.d.z.s.o.a.hc.client5.http.wire&amp#27;[0;39m - &amp#27;[32mhttp-outgoing-1 << "Server: Docker/23.0.5 (linux)[\r][\n]"
&amp#27;[0;39m2023-05-08 13:18:59,544 [main] &amp#27;[39mDEBUG&amp#27;[0;39m &amp#27;[36mc.g.d.z.s.o.a.hc.client5.http.wire&amp#27;[0;39m - &amp#27;[32mhttp-outgoing-1 << "Date: Mon, 08 May 2023 11:18:59 GMT[\r][\n]"
&amp#27;[0;39m2023-05-08 13:18:59,544 [main] &amp#27;[39mDEBUG&amp#27;[0;39m &amp#27;[36mc.g.d.z.s.o.a.hc.client5.http.wire&amp#27;[0;39m - &amp#27;[32mhttp-outgoing-1 << "Transfer-Encoding: chunked[\r][\n]"
&amp#27;[0;39m2023-05-08 13:18:59,544 [main] &amp#27;[39mDEBUG&amp#27;[0;39m &amp#27;[36mc.g.d.z.s.o.a.hc.client5.http.wire&amp#27;[0;39m - &amp#27;[32mhttp-outgoing-1 << "[\r][\n]"
&amp#27;[0;39m2023-05-08 13:18:59,544 [main] &amp#27;[39mDEBUG&amp#27;[0;39m &amp#27;[36mc.g.d.z.s.o.a.hc.client5.http.wire&amp#27;[0;39m - &amp#27;[32mhttp-outgoing-1 << "1890[\r][\n]"
&amp#27;[0;39m2023-05-08 13:18:59,544 [main] &amp#27;[39mDEBUG&amp#27;[0;39m &amp#27;[36mc.g.d.z.s.o.a.hc.client5.http.wire&amp#27;[0;39m - &amp#27;[32mhttp-outgoing-1 << "{"Id":"cccfb0602d7e775562ae171a9fe0a7ec811b6906268008a84fea93151d2a7305","Created":"2023-05-08T11:18:54.120535425Z","Path":"docker-entrypoint.sh","Args":["mysqld"],"State":{"Status":"running","Running":true,"Paused":false,"Restarting":false,"OOMKilled":false,"Dead":false,"Pid":59126,"ExitCode":0,"Error":"","StartedAt":"2023-05-08T11:18:54.468577716Z","FinishedAt":"0001-01-01T00:00:00Z"},"Image":"sha256:228d71078f8ce5ae9fd96b183f88c3a90e30544b4b7ce9d64a238d05fef2a681","ResolvConfPath":"/var/lib/docker/containers/cccfb0602d7e775562ae171a9fe0a7ec811b6906268008a84fea93151d2a7305/resolv.conf","HostnamePath":"/var/lib/docker/containers/cccfb0602d7e775562ae171a9fe0a7ec811b6906268008a84fea93151d2a7305/hostname","HostsPath":"/var/lib/docker/containers/cccfb0602d7e775562ae171a9fe0a7ec811b6906268008a84fea93151d2a7305/hosts","LogPath":"/var/lib/docker/containers/cccfb0602d7e775562ae171a9fe0a7ec811b6906268008a84fea93151d2a7305/cccfb0602d7e775562ae171a9fe0a7ec811b6906268008a84fea93151d2a7305-json.log","Name":"/charming_goodall","RestartCount":0,"Driver":"overlay2","Platform":"linux","MountLabel":"","ProcessLabel":"","AppArmorProfile":"docker-default","ExecIDs":null,"HostConfig":{"Binds":[],"ContainerIDFile":"","LogConfig":{"Type":"json-file","Config":{}},"NetworkMode":"default","PortBindings":{"3306/tcp":[{"HostIp":"","HostPort":""}]},"RestartPolicy":{"Name":"","MaximumRetryCount":0},"AutoRemove":false,"VolumeDriver":"","VolumesFrom":[],"ConsoleSize":[0,0],"CapAdd":null,"CapDrop":null,"CgroupnsMode":"private","Dns":null,"DnsOptions":null,"DnsSearch":null,"ExtraHosts":[],"GroupAdd":null,"IpcMode":"shareable","Cgroup":"","Links":null,"OomScoreAdj":0,"PidMode":"","Privileged":false,"PublishAllPorts":false,"ReadonlyRootfs":false,"SecurityOpt":null,"UTSMode":"","UsernsMode":"","ShmSize":67108864,"Runtime":"runc","Isolation":"","CpuShares":0,"Memory":0,"NanoCpus":0,"CgroupParent":"","BlkioWeight":0,"BlkioWeightDevice":null,"BlkioDeviceReadBps":null,"BlkioDeviceWriteBps":null,"BlkioDeviceReadIOps":null,"BlkioDeviceWriteIOps":null,"CpuPeriod":0,"CpuQuota":0,"CpuRealtimePeriod":0,"CpuRealtimeRuntime":0,"CpusetCpus":"","CpusetMems":"","Devices":null,"DeviceCgroupRules":null,"DeviceRequests":null,"MemoryReservation":0,"MemorySwap":0,"MemorySwappiness":null,"OomKillDisable":null,"PidsLimit":null,"Ulimits":null,"CpuCount":0,"CpuPercent":0,"IOMaximumIOps":0,"IOMaximumBandwidth":0,"MaskedPaths":["/proc/asound","/proc/acpi","/proc/kcore","/proc/keys","/proc/latency_stats","/proc/timer_list","/proc/timer_stats","/proc/sched_debug","/proc/scsi","/sys/firmware"],"ReadonlyPaths":["/proc/bus","/proc/fs","/proc/irq","/proc/sys","/proc/sysrq-trigger"]},"GraphDriver":{"Data":{"LowerDir":"/var/lib/docker/overlay2/0075f27ac39799b376a3e23bf05a650eb10c8a0f9ef49be1ab61e98fd3b93dc3-init/diff:/var/lib/docker/overlay2/4c6e20f032f02b27a9272f982861dc21998197aa90d94ed3bef95d449380247c/diff:/var/lib/docker/overlay2/0c75f828f603eff839bb3ca448163ab2a8017e86625ac255cd3dbf1673ddac26/diff:/var/lib/docker/overlay2/da128d897fda75829109844ce6cd9d73d0f54c682e735100af000ce899908729/diff:/var/lib/docker/overlay2/b678a1f261bf323afba6d76d91ab7428bdd6e1ef4a39b5224e4a1afd08c0423a/diff:/var/lib/docker/overlay2/1bec43b14875c5f9f814f146e8e31aa78566689c2c163da2ac60a32254988437/diff:/var/lib/docker/overlay2/28f4b1e6e1a7a2dbe30f1f94fb42bccd85a61faf8af1fe30a5bb0d442c525e41/diff:/var/lib/docker/overlay2/0f493124464c291d7c97d2633d5dff04b1dce5de904cb40a34dfbe7fe72e3fd4/diff:/var/lib/docker/overlay2/05befbee9e38cd670e1786b3310e99796dcc06abbed970007b4109a5424843fa/diff:/var/lib/docker/overlay2/582bcca9acfc4eef25109e1e1b9c9d104f355798455bc73e855c99283887a6e8/diff:/var/lib/docker/overlay2/153b3bf0b69e97e8f0e5533414a31ca33fa530e63d174c9617621abe46e7e9d1/diff:/var/lib/docker/overlay2/bf87a76c0a38875ee6e915fd0d2527eafa880ec6bf2c1cb294959428c18d10bd/diff","MergedDir":"/var/lib/docker/overlay2/0075f27ac39799b376a3e23bf05a650eb10c8a0f9ef49be1ab61e98fd3b93dc3/merged","UpperDir":"/var/lib/docker/overlay2/0075f27ac39799b376a3e23bf05a650eb10c8a0f9ef49be1ab61e98fd3b93dc3/diff","WorkDir":"/var/lib/docker/overlay2/0075f27ac39799b376a3e23bf05a650eb10c8a0f9ef49be1ab61e98fd3b93dc3/work"},"Name":"overlay2"},"Mounts":[{"Type":"volume","Name":"ffd30c8cc7ed7bf91bc1ebef46b0f06493ce1d3121e28c37d40240bd74b844a5","Source":"/var/lib/docker/volumes/ffd30c8cc7ed7bf91bc1ebef46b0f06493ce1d3121e28c37d40240bd74b844a5/_data","Destination":"/var/lib/mysql","Driver":"local","Mode":"","RW":true,"Propagation":""}],"Config":{"Hostname":"cccfb0602d7e","Domainname":"","User":"","AttachStdin":false,"AttachStdout":false,"AttachStderr":false,"ExposedPorts":{"3306/tcp":{}},"Tty":false,"OpenStdin":false,"StdinOnce":false,"Env":["MYSQL_DATABASE=test","MYSQL_PASSWORD=test","MYSQL_USER=test","MYSQL_ROOT_PASSWORD=test","PATH=/usr/local/sbin:/usr/local/bin:/usr/sbin:/usr/bin:/sbin:/bin","GOSU_VERSION=1.7","MYSQL_MAJOR=8.0","MYSQL_VERSION=8.0.0-dmr-1debian8"],"Cmd":["mysqld"],"Image":"mysql:8.0.0","Volumes":{"/var/lib/mysql":{}},"WorkingDir":"","Entrypoint":["docker-entrypoint.sh"],"OnBuild":null,"Labels":{"org.testcontainers":"true","org.testcontainers.lang":"java","org.testcontainers.sessionId":"f1b696c1-ec3f-4f95-afa8-081853be7ccb","org.testcontainers.version":"1.18.0"}},"NetworkSettings":{"Bridge":"","SandboxID":"75a4ef0436803615aa77c8b97de3cbbdd49519261fe2b3b6cdcae9bd2b1154aa","HairpinMode":false,"LinkLocalIPv6Address":"","LinkLocalIPv6PrefixLen":0,"Ports":{"3306/tcp":[{"HostIp":"0.0.0.0","HostPort":"32781"},{"HostIp":"::","HostPort":"32781"}]},"SandboxKey":"/var/run/docker/netns/75a4ef043680","SecondaryIPAddresses":null,"SecondaryIPv6Addresses":null,"EndpointID":"de3a5c9cc9471fdbec5943d78a8803fca61208fe4021ac9d3922ee2e8ec0d135","Gateway":"172.17.0.1","GlobalIPv6Address":"","GlobalIPv6PrefixLen":0,"IPAddress":"172.17.0.3","IPPrefixLen":16,"IPv6Gateway":"","MacAddress":"02:42:ac:11:00:03","Networks":{"bridge":{"IPAMConfig":null,"Links":null,"Aliases":null,"NetworkID":"e1a078e12eb8d77b497ed932f7fb43787eeb6ff6972febd7d03c9282b8b5cd45","EndpointID":"de3a5c9cc9471fdbec5943d78a8803fca61208fe4021ac9d3922ee2e8ec0d135","Gateway":"172.17.0.1","IPAddress":"172.17.0.3","IPPrefixLen":16,"IPv6Gateway":"","GlobalIPv6Address":"","GlobalIPv6PrefixLen":0,"MacAddress":"02:42:ac:11:00:03","DriverOpts":null}}}}[\n]"
&amp#27;[0;39m2023-05-08 13:18:59,544 [main] &amp#27;[39mDEBUG&amp#27;[0;39m &amp#27;[36mc.g.d.z.s.o.a.hc.client5.http.wire&amp#27;[0;39m - &amp#27;[32mhttp-outgoing-1 << "[\r][\n]"
&amp#27;[0;39m2023-05-08 13:18:59,544 [main] &amp#27;[39mDEBUG&amp#27;[0;39m &amp#27;[36mc.g.d.z.s.o.a.hc.client5.http.wire&amp#27;[0;39m - &amp#27;[32mhttp-outgoing-1 << "0[\r][\n]"
&amp#27;[0;39m2023-05-08 13:18:59,544 [main] &amp#27;[39mDEBUG&amp#27;[0;39m &amp#27;[36mc.g.d.z.s.o.a.hc.client5.http.wire&amp#27;[0;39m - &amp#27;[32mhttp-outgoing-1 << "[\r][\n]"
&amp#27;[0;39m2023-05-08 13:18:59,544 [main] &amp#27;[39mDEBUG&amp#27;[0;39m &amp#27;[36mc.g.d.z.s.o.a.h.client5.http.headers&amp#27;[0;39m - &amp#27;[32mhttp-outgoing-1 << HTTP/1.1 200 OK
&amp#27;[0;39m2023-05-08 13:18:59,544 [main] &amp#27;[39mDEBUG&amp#27;[0;39m &amp#27;[36mc.g.d.z.s.o.a.h.client5.http.headers&amp#27;[0;39m - &amp#27;[32mhttp-outgoing-1 << Api-Version: 1.42
&amp#27;[0;39m2023-05-08 13:18:59,544 [main] &amp#27;[39mDEBUG&amp#27;[0;39m &amp#27;[36mc.g.d.z.s.o.a.h.client5.http.headers&amp#27;[0;39m - &amp#27;[32mhttp-outgoing-1 << Content-Type: application/json
&amp#27;[0;39m2023-05-08 13:18:59,544 [main] &amp#27;[39mDEBUG&amp#27;[0;39m &amp#27;[36mc.g.d.z.s.o.a.h.client5.http.headers&amp#27;[0;39m - &amp#27;[32mhttp-outgoing-1 << Docker-Experimental: false
&amp#27;[0;39m2023-05-08 13:18:59,544 [main] &amp#27;[39mDEBUG&amp#27;[0;39m &amp#27;[36mc.g.d.z.s.o.a.h.client5.http.headers&amp#27;[0;39m - &amp#27;[32mhttp-outgoing-1 << Ostype: linux
&amp#27;[0;39m2023-05-08 13:18:59,544 [main] &amp#27;[39mDEBUG&amp#27;[0;39m &amp#27;[36mc.g.d.z.s.o.a.h.client5.http.headers&amp#27;[0;39m - &amp#27;[32mhttp-outgoing-1 << Server: Docker/23.0.5 (linux)
&amp#27;[0;39m2023-05-08 13:18:59,544 [main] &amp#27;[39mDEBUG&amp#27;[0;39m &amp#27;[36mc.g.d.z.s.o.a.h.client5.http.headers&amp#27;[0;39m - &amp#27;[32mhttp-outgoing-1 << Date: Mon, 08 May 2023 11:18:59 GMT
&amp#27;[0;39m2023-05-08 13:18:59,544 [main] &amp#27;[39mDEBUG&amp#27;[0;39m &amp#27;[36mc.g.d.z.s.o.a.h.client5.http.headers&amp#27;[0;39m - &amp#27;[32mhttp-outgoing-1 << Transfer-Encoding: chunked
&amp#27;[0;39m2023-05-08 13:18:59,544 [main] &amp#27;[39mDEBUG&amp#27;[0;39m &amp#27;[36mc.g.d.z.s.o.a.h.c.h.i.c.MainClientExec&amp#27;[0;39m - &amp#27;[32mex-00000040: connection can be kept alive for 3 MINUTES
&amp#27;[0;39m2023-05-08 13:18:59,545 [main] &amp#27;[39mDEBUG&amp#27;[0;39m &amp#27;[36mc.g.d.z.s.o.a.h.c.h.i.c.InternalHttpClient&amp#27;[0;39m - &amp#27;[32mep-0000003F: releasing valid endpoint
&amp#27;[0;39m2023-05-08 13:18:59,545 [main] &amp#27;[39mDEBUG&amp#27;[0;39m &amp#27;[36mc.g.d.z.s.o.a.h.c.h.i.i.PoolingHttpClientConnectionManager&amp#27;[0;39m - &amp#27;[32mep-0000003F: releasing endpoint
&amp#27;[0;39m2023-05-08 13:18:59,545 [main] &amp#27;[39mDEBUG&amp#27;[0;39m &amp#27;[36mc.g.d.z.s.o.a.h.c.h.i.i.PoolingHttpClientConnectionManager&amp#27;[0;39m - &amp#27;[32mep-0000003F: connection http-outgoing-1 can be kept alive for 3 MINUTES
&amp#27;[0;39m2023-05-08 13:18:59,545 [main] &amp#27;[39mDEBUG&amp#27;[0;39m &amp#27;[36mc.g.d.z.s.o.a.h.c.h.i.i.PoolingHttpClientConnectionManager&amp#27;[0;39m - &amp#27;[32mep-0000003F: connection released [route: {}->unix://localhost:2375][total available: 1; route allocated: 1 of 2147483647; total allocated: 1 of 2147483647]
&amp#27;[0;39m2023-05-08 13:18:59,545 [main] &amp#27;[39mDEBUG&amp#27;[0;39m &amp#27;[36mtc.mysql:8.0.0&amp#27;[0;39m - &amp#27;[32mTrying to create JDBC connection using com.mysql.cj.jdbc.Driver to jdbc:mysql://localhost:32781/test?useSSL=false&allowPublicKeyRetrieval=true with properties: {password=test, user=test}
&amp#27;[0;39m2023-05-08 13:18:59,646 [main] &amp#27;[39mDEBUG&amp#27;[0;39m &amp#27;[36mo.t.s.c.g.d.c.command.AbstrDockerCmd&amp#27;[0;39m - &amp#27;[32mCmd: cccfb0602d7e775562ae171a9fe0a7ec811b6906268008a84fea93151d2a7305,false
&amp#27;[0;39m2023-05-08 13:18:59,647 [main] &amp#27;[39mDEBUG&amp#27;[0;39m &amp#27;[36mo.t.s.c.g.d.c.e.InspectContainerCmdExec&amp#27;[0;39m - &amp#27;[32mGET: DefaultWebTarget{path=[/containers/cccfb0602d7e775562ae171a9fe0a7ec811b6906268008a84fea93151d2a7305/json], queryParams={}}
&amp#27;[0;39m2023-05-08 13:18:59,647 [main] &amp#27;[39mDEBUG&amp#27;[0;39m &amp#27;[36mc.g.d.z.s.o.a.h.c.h.i.c.InternalHttpClient&amp#27;[0;39m - &amp#27;[32mex-00000041: preparing request execution
&amp#27;[0;39m2023-05-08 13:18:59,647 [main] &amp#27;[39mDEBUG&amp#27;[0;39m &amp#27;[36mc.g.d.z.s.o.a.h.c.h.p.RequestAddCookies&amp#27;[0;39m - &amp#27;[32mCookie spec selected: strict
&amp#27;[0;39m2023-05-08 13:18:59,647 [main] &amp#27;[39mDEBUG&amp#27;[0;39m &amp#27;[36mc.g.d.z.s.o.a.h.c.h.p.RequestAuthCache&amp#27;[0;39m - &amp#27;[32mAuth cache not set in the context
&amp#27;[0;39m2023-05-08 13:18:59,647 [main] &amp#27;[39mDEBUG&amp#27;[0;39m &amp#27;[36mc.g.d.z.s.o.a.h.c.h.i.c.ProtocolExec&amp#27;[0;39m - &amp#27;[32mex-00000041: target auth state: UNCHALLENGED
&amp#27;[0;39m2023-05-08 13:18:59,647 [main] &amp#27;[39mDEBUG&amp#27;[0;39m &amp#27;[36mc.g.d.z.s.o.a.h.c.h.i.c.ProtocolExec&amp#27;[0;39m - &amp#27;[32mex-00000041: proxy auth state: UNCHALLENGED
&amp#27;[0;39m2023-05-08 13:18:59,647 [main] &amp#27;[39mDEBUG&amp#27;[0;39m &amp#27;[36mc.g.d.z.s.o.a.h.c.h.i.c.ConnectExec&amp#27;[0;39m - &amp#27;[32mex-00000041: acquiring connection with route {}->unix://localhost:2375
&amp#27;[0;39m2023-05-08 13:18:59,647 [main] &amp#27;[39mDEBUG&amp#27;[0;39m &amp#27;[36mc.g.d.z.s.o.a.h.c.h.i.c.InternalHttpClient&amp#27;[0;39m - &amp#27;[32mex-00000041: acquiring endpoint (3 MINUTES)
&amp#27;[0;39m2023-05-08 13:18:59,647 [main] &amp#27;[39mDEBUG&amp#27;[0;39m &amp#27;[36mc.g.d.z.s.o.a.h.c.h.i.i.PoolingHttpClientConnectionManager&amp#27;[0;39m - &amp#27;[32mex-00000041: endpoint lease request (3 MINUTES) [route: {}->unix://localhost:2375][total available: 1; route allocated: 1 of 2147483647; total allocated: 1 of 2147483647]
&amp#27;[0;39m2023-05-08 13:18:59,647 [main] &amp#27;[39mDEBUG&amp#27;[0;39m &amp#27;[36mc.g.d.z.s.o.a.h.c.h.i.i.PoolingHttpClientConnectionManager&amp#27;[0;39m - &amp#27;[32mex-00000041: endpoint leased [route: {}->unix://localhost:2375][total available: 0; route allocated: 1 of 2147483647; total allocated: 1 of 2147483647]
&amp#27;[0;39m2023-05-08 13:18:59,647 [main] &amp#27;[39mDEBUG&amp#27;[0;39m &amp#27;[36mc.g.d.z.s.o.a.h.c.h.i.i.PoolingHttpClientConnectionManager&amp#27;[0;39m - &amp#27;[32mex-00000041: acquired ep-00000040
&amp#27;[0;39m2023-05-08 13:18:59,647 [main] &amp#27;[39mDEBUG&amp#27;[0;39m &amp#27;[36mc.g.d.z.s.o.a.h.c.h.i.c.InternalHttpClient&amp#27;[0;39m - &amp#27;[32mex-00000041: acquired endpoint ep-00000040
&amp#27;[0;39m2023-05-08 13:18:59,647 [main] &amp#27;[39mDEBUG&amp#27;[0;39m &amp#27;[36mc.g.d.z.s.o.a.h.c.h.i.c.MainClientExec&amp#27;[0;39m - &amp#27;[32mex-00000041: executing GET /v1.32/containers/cccfb0602d7e775562ae171a9fe0a7ec811b6906268008a84fea93151d2a7305/json HTTP/1.1
&amp#27;[0;39m2023-05-08 13:18:59,647 [main] &amp#27;[39mDEBUG&amp#27;[0;39m &amp#27;[36mc.g.d.z.s.o.a.h.c.h.i.c.InternalHttpClient&amp#27;[0;39m - &amp#27;[32mep-00000040: start execution ex-00000041
&amp#27;[0;39m2023-05-08 13:18:59,647 [main] &amp#27;[39mDEBUG&amp#27;[0;39m &amp#27;[36mc.g.d.z.s.o.a.h.c.h.i.i.PoolingHttpClientConnectionManager&amp#27;[0;39m - &amp#27;[32mep-00000040: executing exchange ex-00000041 over http-outgoing-1
&amp#27;[0;39m2023-05-08 13:18:59,647 [main] &amp#27;[39mDEBUG&amp#27;[0;39m &amp#27;[36mc.g.d.z.s.o.a.h.client5.http.headers&amp#27;[0;39m - &amp#27;[32mhttp-outgoing-1 >> GET /v1.32/containers/cccfb0602d7e775562ae171a9fe0a7ec811b6906268008a84fea93151d2a7305/json HTTP/1.1
&amp#27;[0;39m2023-05-08 13:18:59,647 [main] &amp#27;[39mDEBUG&amp#27;[0;39m &amp#27;[36mc.g.d.z.s.o.a.h.client5.http.headers&amp#27;[0;39m - &amp#27;[32mhttp-outgoing-1 >> accept: application/json
&amp#27;[0;39m2023-05-08 13:18:59,647 [main] &amp#27;[39mDEBUG&amp#27;[0;39m &amp#27;[36mc.g.d.z.s.o.a.h.client5.http.headers&amp#27;[0;39m - &amp#27;[32mhttp-outgoing-1 >> x-tc-sid: f1b696c1-ec3f-4f95-afa8-081853be7ccb
&amp#27;[0;39m2023-05-08 13:18:59,647 [main] &amp#27;[39mDEBUG&amp#27;[0;39m &amp#27;[36mc.g.d.z.s.o.a.h.client5.http.headers&amp#27;[0;39m - &amp#27;[32mhttp-outgoing-1 >> Accept-Encoding: gzip, x-gzip, deflate
&amp#27;[0;39m2023-05-08 13:18:59,647 [main] &amp#27;[39mDEBUG&amp#27;[0;39m &amp#27;[36mc.g.d.z.s.o.a.h.client5.http.headers&amp#27;[0;39m - &amp#27;[32mhttp-outgoing-1 >> Host: localhost:2375
&amp#27;[0;39m2023-05-08 13:18:59,647 [main] &amp#27;[39mDEBUG&amp#27;[0;39m &amp#27;[36mc.g.d.z.s.o.a.h.client5.http.headers&amp#27;[0;39m - &amp#27;[32mhttp-outgoing-1 >> Connection: keep-alive
&amp#27;[0;39m2023-05-08 13:18:59,647 [main] &amp#27;[39mDEBUG&amp#27;[0;39m &amp#27;[36mc.g.d.z.s.o.a.h.client5.http.headers&amp#27;[0;39m - &amp#27;[32mhttp-outgoing-1 >> User-Agent: Apache-HttpClient/5.0.3 (Java/17.0.6)
&amp#27;[0;39m2023-05-08 13:18:59,647 [main] &amp#27;[39mDEBUG&amp#27;[0;39m &amp#27;[36mc.g.d.z.s.o.a.hc.client5.http.wire&amp#27;[0;39m - &amp#27;[32mhttp-outgoing-1 >> "GET /v1.32/containers/cccfb0602d7e775562ae171a9fe0a7ec811b6906268008a84fea93151d2a7305/json HTTP/1.1[\r][\n]"
&amp#27;[0;39m2023-05-08 13:18:59,647 [main] &amp#27;[39mDEBUG&amp#27;[0;39m &amp#27;[36mc.g.d.z.s.o.a.hc.client5.http.wire&amp#27;[0;39m - &amp#27;[32mhttp-outgoing-1 >> "accept: application/json[\r][\n]"
&amp#27;[0;39m2023-05-08 13:18:59,647 [main] &amp#27;[39mDEBUG&amp#27;[0;39m &amp#27;[36mc.g.d.z.s.o.a.hc.client5.http.wire&amp#27;[0;39m - &amp#27;[32mhttp-outgoing-1 >> "x-tc-sid: f1b696c1-ec3f-4f95-afa8-081853be7ccb[\r][\n]"
&amp#27;[0;39m2023-05-08 13:18:59,647 [main] &amp#27;[39mDEBUG&amp#27;[0;39m &amp#27;[36mc.g.d.z.s.o.a.hc.client5.http.wire&amp#27;[0;39m - &amp#27;[32mhttp-outgoing-1 >> "Accept-Encoding: gzip, x-gzip, deflate[\r][\n]"
&amp#27;[0;39m2023-05-08 13:18:59,647 [main] &amp#27;[39mDEBUG&amp#27;[0;39m &amp#27;[36mc.g.d.z.s.o.a.hc.client5.http.wire&amp#27;[0;39m - &amp#27;[32mhttp-outgoing-1 >> "Host: localhost:2375[\r][\n]"
&amp#27;[0;39m2023-05-08 13:18:59,647 [main] &amp#27;[39mDEBUG&amp#27;[0;39m &amp#27;[36mc.g.d.z.s.o.a.hc.client5.http.wire&amp#27;[0;39m - &amp#27;[32mhttp-outgoing-1 >> "Connection: keep-alive[\r][\n]"
&amp#27;[0;39m2023-05-08 13:18:59,647 [main] &amp#27;[39mDEBUG&amp#27;[0;39m &amp#27;[36mc.g.d.z.s.o.a.hc.client5.http.wire&amp#27;[0;39m - &amp#27;[32mhttp-outgoing-1 >> "User-Agent: Apache-HttpClient/5.0.3 (Java/17.0.6)[\r][\n]"
&amp#27;[0;39m2023-05-08 13:18:59,647 [main] &amp#27;[39mDEBUG&amp#27;[0;39m &amp#27;[36mc.g.d.z.s.o.a.hc.client5.http.wire&amp#27;[0;39m - &amp#27;[32mhttp-outgoing-1 >> "[\r][\n]"
&amp#27;[0;39m2023-05-08 13:18:59,648 [main] &amp#27;[39mDEBUG&amp#27;[0;39m &amp#27;[36mc.g.d.z.s.o.a.hc.client5.http.wire&amp#27;[0;39m - &amp#27;[32mhttp-outgoing-1 << "HTTP/1.1 200 OK[\r][\n]"
&amp#27;[0;39m2023-05-08 13:18:59,648 [main] &amp#27;[39mDEBUG&amp#27;[0;39m &amp#27;[36mc.g.d.z.s.o.a.hc.client5.http.wire&amp#27;[0;39m - &amp#27;[32mhttp-outgoing-1 << "Api-Version: 1.42[\r][\n]"
&amp#27;[0;39m2023-05-08 13:18:59,648 [main] &amp#27;[39mDEBUG&amp#27;[0;39m &amp#27;[36mc.g.d.z.s.o.a.hc.client5.http.wire&amp#27;[0;39m - &amp#27;[32mhttp-outgoing-1 << "Content-Type: application/json[\r][\n]"
&amp#27;[0;39m2023-05-08 13:18:59,648 [main] &amp#27;[39mDEBUG&amp#27;[0;39m &amp#27;[36mc.g.d.z.s.o.a.hc.client5.http.wire&amp#27;[0;39m - &amp#27;[32mhttp-outgoing-1 << "Docker-Experimental: false[\r][\n]"
&amp#27;[0;39m2023-05-08 13:18:59,648 [main] &amp#27;[39mDEBUG&amp#27;[0;39m &amp#27;[36mc.g.d.z.s.o.a.hc.client5.http.wire&amp#27;[0;39m - &amp#27;[32mhttp-outgoing-1 << "Ostype: linux[\r][\n]"
&amp#27;[0;39m2023-05-08 13:18:59,648 [main] &amp#27;[39mDEBUG&amp#27;[0;39m &amp#27;[36mc.g.d.z.s.o.a.hc.client5.http.wire&amp#27;[0;39m - &amp#27;[32mhttp-outgoing-1 << "Server: Docker/23.0.5 (linux)[\r][\n]"
&amp#27;[0;39m2023-05-08 13:18:59,648 [main] &amp#27;[39mDEBUG&amp#27;[0;39m &amp#27;[36mc.g.d.z.s.o.a.hc.client5.http.wire&amp#27;[0;39m - &amp#27;[32mhttp-outgoing-1 << "Date: Mon, 08 May 2023 11:18:59 GMT[\r][\n]"
&amp#27;[0;39m2023-05-08 13:18:59,648 [main] &amp#27;[39mDEBUG&amp#27;[0;39m &amp#27;[36mc.g.d.z.s.o.a.hc.client5.http.wire&amp#27;[0;39m - &amp#27;[32mhttp-outgoing-1 << "Transfer-Encoding: chunked[\r][\n]"
&amp#27;[0;39m2023-05-08 13:18:59,648 [main] &amp#27;[39mDEBUG&amp#27;[0;39m &amp#27;[36mc.g.d.z.s.o.a.hc.client5.http.wire&amp#27;[0;39m - &amp#27;[32mhttp-outgoing-1 << "[\r][\n]"
&amp#27;[0;39m2023-05-08 13:18:59,648 [main] &amp#27;[39mDEBUG&amp#27;[0;39m &amp#27;[36mc.g.d.z.s.o.a.hc.client5.http.wire&amp#27;[0;39m - &amp#27;[32mhttp-outgoing-1 << "1890[\r][\n]"
&amp#27;[0;39m2023-05-08 13:18:59,648 [main] &amp#27;[39mDEBUG&amp#27;[0;39m &amp#27;[36mc.g.d.z.s.o.a.hc.client5.http.wire&amp#27;[0;39m - &amp#27;[32mhttp-outgoing-1 << "{"Id":"cccfb0602d7e775562ae171a9fe0a7ec811b6906268008a84fea93151d2a7305","Created":"2023-05-08T11:18:54.120535425Z","Path":"docker-entrypoint.sh","Args":["mysqld"],"State":{"Status":"running","Running":true,"Paused":false,"Restarting":false,"OOMKilled":false,"Dead":false,"Pid":59126,"ExitCode":0,"Error":"","StartedAt":"2023-05-08T11:18:54.468577716Z","FinishedAt":"0001-01-01T00:00:00Z"},"Image":"sha256:228d71078f8ce5ae9fd96b183f88c3a90e30544b4b7ce9d64a238d05fef2a681","ResolvConfPath":"/var/lib/docker/containers/cccfb0602d7e775562ae171a9fe0a7ec811b6906268008a84fea93151d2a7305/resolv.conf","HostnamePath":"/var/lib/docker/containers/cccfb0602d7e775562ae171a9fe0a7ec811b6906268008a84fea93151d2a7305/hostname","HostsPath":"/var/lib/docker/containers/cccfb0602d7e775562ae171a9fe0a7ec811b6906268008a84fea93151d2a7305/hosts","LogPath":"/var/lib/docker/containers/cccfb0602d7e775562ae171a9fe0a7ec811b6906268008a84fea93151d2a7305/cccfb0602d7e775562ae171a9fe0a7ec811b6906268008a84fea93151d2a7305-json.log","Name":"/charming_goodall","RestartCount":0,"Driver":"overlay2","Platform":"linux","MountLabel":"","ProcessLabel":"","AppArmorProfile":"docker-default","ExecIDs":null,"HostConfig":{"Binds":[],"ContainerIDFile":"","LogConfig":{"Type":"json-file","Config":{}},"NetworkMode":"default","PortBindings":{"3306/tcp":[{"HostIp":"","HostPort":""}]},"RestartPolicy":{"Name":"","MaximumRetryCount":0},"AutoRemove":false,"VolumeDriver":"","VolumesFrom":[],"ConsoleSize":[0,0],"CapAdd":null,"CapDrop":null,"CgroupnsMode":"private","Dns":null,"DnsOptions":null,"DnsSearch":null,"ExtraHosts":[],"GroupAdd":null,"IpcMode":"shareable","Cgroup":"","Links":null,"OomScoreAdj":0,"PidMode":"","Privileged":false,"PublishAllPorts":false,"ReadonlyRootfs":false,"SecurityOpt":null,"UTSMode":"","UsernsMode":"","ShmSize":67108864,"Runtime":"runc","Isolation":"","CpuShares":0,"Memory":0,"NanoCpus":0,"CgroupParent":"","BlkioWeight":0,"BlkioWeightDevice":null,"BlkioDeviceReadBps":null,"BlkioDeviceWriteBps":null,"BlkioDeviceReadIOps":null,"BlkioDeviceWriteIOps":null,"CpuPeriod":0,"CpuQuota":0,"CpuRealtimePeriod":0,"CpuRealtimeRuntime":0,"CpusetCpus":"","CpusetMems":"","Devices":null,"DeviceCgroupRules":null,"DeviceRequests":null,"MemoryReservation":0,"MemorySwap":0,"MemorySwappiness":null,"OomKillDisable":null,"PidsLimit":null,"Ulimits":null,"CpuCount":0,"CpuPercent":0,"IOMaximumIOps":0,"IOMaximumBandwidth":0,"MaskedPaths":["/proc/asound","/proc/acpi","/proc/kcore","/proc/keys","/proc/latency_stats","/proc/timer_list","/proc/timer_stats","/proc/sched_debug","/proc/scsi","/sys/firmware"],"ReadonlyPaths":["/proc/bus","/proc/fs","/proc/irq","/proc/sys","/proc/sysrq-trigger"]},"GraphDriver":{"Data":{"LowerDir":"/var/lib/docker/overlay2/0075f27ac39799b376a3e23bf05a650eb10c8a0f9ef49be1ab61e98fd3b93dc3-init/diff:/var/lib/docker/overlay2/4c6e20f032f02b27a9272f982861dc21998197aa90d94ed3bef95d449380247c/diff:/var/lib/docker/overlay2/0c75f828f603eff839bb3ca448163ab2a8017e86625ac255cd3dbf1673ddac26/diff:/var/lib/docker/overlay2/da128d897fda75829109844ce6cd9d73d0f54c682e735100af000ce899908729/diff:/var/lib/docker/overlay2/b678a1f261bf323afba6d76d91ab7428bdd6e1ef4a39b5224e4a1afd08c0423a/diff:/var/lib/docker/overlay2/1bec43b14875c5f9f814f146e8e31aa78566689c2c163da2ac60a32254988437/diff:/var/lib/docker/overlay2/28f4b1e6e1a7a2dbe30f1f94fb42bccd85a61faf8af1fe30a5bb0d442c525e41/diff:/var/lib/docker/overlay2/0f493124464c291d7c97d2633d5dff04b1dce5de904cb40a34dfbe7fe72e3fd4/diff:/var/lib/docker/overlay2/05befbee9e38cd670e1786b3310e99796dcc06abbed970007b4109a5424843fa/diff:/var/lib/docker/overlay2/582bcca9acfc4eef25109e1e1b9c9d104f355798455bc73e855c99283887a6e8/diff:/var/lib/docker/overlay2/153b3bf0b69e97e8f0e5533414a31ca33fa530e63d174c9617621abe46e7e9d1/diff:/var/lib/docker/overlay2/bf87a76c0a38875ee6e915fd0d2527eafa880ec6bf2c1cb294959428c18d10bd/diff","MergedDir":"/var/lib/docker/overlay2/0075f27ac39799b376a3e23bf05a650eb10c8a0f9ef49be1ab61e98fd3b93dc3/merged","UpperDir":"/var/lib/docker/overlay2/0075f27ac39799b376a3e23bf05a650eb10c8a0f9ef49be1ab61e98fd3b93dc3/diff","WorkDir":"/var/lib/docker/overlay2/0075f27ac39799b376a3e23bf05a650eb10c8a0f9ef49be1ab61e98fd3b93dc3/work"},"Name":"overlay2"},"Mounts":[{"Type":"volume","Name":"ffd30c8cc7ed7bf91bc1ebef46b0f06493ce1d3121e28c37d40240bd74b844a5","Source":"/var/lib/docker/volumes/ffd30c8cc7ed7bf91bc1ebef46b0f06493ce1d3121e28c37d40240bd74b844a5/_data","Destination":"/var/lib/mysql","Driver":"local","Mode":"","RW":true,"Propagation":""}],"Config":{"Hostname":"cccfb0602d7e","Domainname":"","User":"","AttachStdin":false,"AttachStdout":false,"AttachStderr":false,"ExposedPorts":{"3306/tcp":{}},"Tty":false,"OpenStdin":false,"StdinOnce":false,"Env":["MYSQL_DATABASE=test","MYSQL_PASSWORD=test","MYSQL_USER=test","MYSQL_ROOT_PASSWORD=test","PATH=/usr/local/sbin:/usr/local/bin:/usr/sbin:/usr/bin:/sbin:/bin","GOSU_VERSION=1.7","MYSQL_MAJOR=8.0","MYSQL_VERSION=8.0.0-dmr-1debian8"],"Cmd":["mysqld"],"Image":"mysql:8.0.0","Volumes":{"/var/lib/mysql":{}},"WorkingDir":"","Entrypoint":["docker-entrypoint.sh"],"OnBuild":null,"Labels":{"org.testcontainers":"true","org.testcontainers.lang":"java","org.testcontainers.sessionId":"f1b696c1-ec3f-4f95-afa8-081853be7ccb","org.testcontainers.version":"1.18.0"}},"NetworkSettings":{"Bridge":"","SandboxID":"75a4ef0436803615aa77c8b97de3cbbdd49519261fe2b3b6cdcae9bd2b1154aa","HairpinMode":false,"LinkLocalIPv6Address":"","LinkLocalIPv6PrefixLen":0,"Ports":{"3306/tcp":[{"HostIp":"0.0.0.0","HostPort":"32781"},{"HostIp":"::","HostPort":"32781"}]},"SandboxKey":"/var/run/docker/netns/75a4ef043680","SecondaryIPAddresses":null,"SecondaryIPv6Addresses":null,"EndpointID":"de3a5c9cc9471fdbec5943d78a8803fca61208fe4021ac9d3922ee2e8ec0d135","Gateway":"172.17.0.1","GlobalIPv6Address":"","GlobalIPv6PrefixLen":0,"IPAddress":"172.17.0.3","IPPrefixLen":16,"IPv6Gateway":"","MacAddress":"02:42:ac:11:00:03","Networks":{"bridge":{"IPAMConfig":null,"Links":null,"Aliases":null,"NetworkID":"e1a078e12eb8d77b497ed932f7fb43787eeb6ff6972febd7d03c9282b8b5cd45","EndpointID":"de3a5c9cc9471fdbec5943d78a8803fca61208fe4021ac9d3922ee2e8ec0d135","Gateway":"172.17.0.1","IPAddress":"172.17.0.3","IPPrefixLen":16,"IPv6Gateway":"","GlobalIPv6Address":"","GlobalIPv6PrefixLen":0,"MacAddress":"02:42:ac:11:00:03","DriverOpts":null}}}}[\n]"
&amp#27;[0;39m2023-05-08 13:18:59,648 [main] &amp#27;[39mDEBUG&amp#27;[0;39m &amp#27;[36mc.g.d.z.s.o.a.hc.client5.http.wire&amp#27;[0;39m - &amp#27;[32mhttp-outgoing-1 << "[\r][\n]"
&amp#27;[0;39m2023-05-08 13:18:59,648 [main] &amp#27;[39mDEBUG&amp#27;[0;39m &amp#27;[36mc.g.d.z.s.o.a.hc.client5.http.wire&amp#27;[0;39m - &amp#27;[32mhttp-outgoing-1 << "0[\r][\n]"
&amp#27;[0;39m2023-05-08 13:18:59,648 [main] &amp#27;[39mDEBUG&amp#27;[0;39m &amp#27;[36mc.g.d.z.s.o.a.hc.client5.http.wire&amp#27;[0;39m - &amp#27;[32mhttp-outgoing-1 << "[\r][\n]"
&amp#27;[0;39m2023-05-08 13:18:59,648 [main] &amp#27;[39mDEBUG&amp#27;[0;39m &amp#27;[36mc.g.d.z.s.o.a.h.client5.http.headers&amp#27;[0;39m - &amp#27;[32mhttp-outgoing-1 << HTTP/1.1 200 OK
&amp#27;[0;39m2023-05-08 13:18:59,648 [main] &amp#27;[39mDEBUG&amp#27;[0;39m &amp#27;[36mc.g.d.z.s.o.a.h.client5.http.headers&amp#27;[0;39m - &amp#27;[32mhttp-outgoing-1 << Api-Version: 1.42
&amp#27;[0;39m2023-05-08 13:18:59,648 [main] &amp#27;[39mDEBUG&amp#27;[0;39m &amp#27;[36mc.g.d.z.s.o.a.h.client5.http.headers&amp#27;[0;39m - &amp#27;[32mhttp-outgoing-1 << Content-Type: application/json
&amp#27;[0;39m2023-05-08 13:18:59,648 [main] &amp#27;[39mDEBUG&amp#27;[0;39m &amp#27;[36mc.g.d.z.s.o.a.h.client5.http.headers&amp#27;[0;39m - &amp#27;[32mhttp-outgoing-1 << Docker-Experimental: false
&amp#27;[0;39m2023-05-08 13:18:59,648 [main] &amp#27;[39mDEBUG&amp#27;[0;39m &amp#27;[36mc.g.d.z.s.o.a.h.client5.http.headers&amp#27;[0;39m - &amp#27;[32mhttp-outgoing-1 << Ostype: linux
&amp#27;[0;39m2023-05-08 13:18:59,648 [main] &amp#27;[39mDEBUG&amp#27;[0;39m &amp#27;[36mc.g.d.z.s.o.a.h.client5.http.headers&amp#27;[0;39m - &amp#27;[32mhttp-outgoing-1 << Server: Docker/23.0.5 (linux)
&amp#27;[0;39m2023-05-08 13:18:59,648 [main] &amp#27;[39mDEBUG&amp#27;[0;39m &amp#27;[36mc.g.d.z.s.o.a.h.client5.http.headers&amp#27;[0;39m - &amp#27;[32mhttp-outgoing-1 << Date: Mon, 08 May 2023 11:18:59 GMT
&amp#27;[0;39m2023-05-08 13:18:59,648 [main] &amp#27;[39mDEBUG&amp#27;[0;39m &amp#27;[36mc.g.d.z.s.o.a.h.client5.http.headers&amp#27;[0;39m - &amp#27;[32mhttp-outgoing-1 << Transfer-Encoding: chunked
&amp#27;[0;39m2023-05-08 13:18:59,648 [main] &amp#27;[39mDEBUG&amp#27;[0;39m &amp#27;[36mc.g.d.z.s.o.a.h.c.h.i.c.MainClientExec&amp#27;[0;39m - &amp#27;[32mex-00000041: connection can be kept alive for 3 MINUTES
&amp#27;[0;39m2023-05-08 13:18:59,649 [main] &amp#27;[39mDEBUG&amp#27;[0;39m &amp#27;[36mc.g.d.z.s.o.a.h.c.h.i.c.InternalHttpClient&amp#27;[0;39m - &amp#27;[32mep-00000040: releasing valid endpoint
&amp#27;[0;39m2023-05-08 13:18:59,649 [main] &amp#27;[39mDEBUG&amp#27;[0;39m &amp#27;[36mc.g.d.z.s.o.a.h.c.h.i.i.PoolingHttpClientConnectionManager&amp#27;[0;39m - &amp#27;[32mep-00000040: releasing endpoint
&amp#27;[0;39m2023-05-08 13:18:59,649 [main] &amp#27;[39mDEBUG&amp#27;[0;39m &amp#27;[36mc.g.d.z.s.o.a.h.c.h.i.i.PoolingHttpClientConnectionManager&amp#27;[0;39m - &amp#27;[32mep-00000040: connection http-outgoing-1 can be kept alive for 3 MINUTES
&amp#27;[0;39m2023-05-08 13:18:59,649 [main] &amp#27;[39mDEBUG&amp#27;[0;39m &amp#27;[36mc.g.d.z.s.o.a.h.c.h.i.i.PoolingHttpClientConnectionManager&amp#27;[0;39m - &amp#27;[32mep-00000040: connection released [route: {}->unix://localhost:2375][total available: 1; route allocated: 1 of 2147483647; total allocated: 1 of 2147483647]
&amp#27;[0;39m2023-05-08 13:18:59,649 [main] &amp#27;[39mDEBUG&amp#27;[0;39m &amp#27;[36mtc.mysql:8.0.0&amp#27;[0;39m - &amp#27;[32mTrying to create JDBC connection using com.mysql.cj.jdbc.Driver to jdbc:mysql://localhost:32781/test?useSSL=false&allowPublicKeyRetrieval=true with properties: {password=test, user=test}
&amp#27;[0;39m2023-05-08 13:18:59,750 [main] &amp#27;[39mDEBUG&amp#27;[0;39m &amp#27;[36mo.t.s.c.g.d.c.command.AbstrDockerCmd&amp#27;[0;39m - &amp#27;[32mCmd: cccfb0602d7e775562ae171a9fe0a7ec811b6906268008a84fea93151d2a7305,false
&amp#27;[0;39m2023-05-08 13:18:59,750 [main] &amp#27;[39mDEBUG&amp#27;[0;39m &amp#27;[36mo.t.s.c.g.d.c.e.InspectContainerCmdExec&amp#27;[0;39m - &amp#27;[32mGET: DefaultWebTarget{path=[/containers/cccfb0602d7e775562ae171a9fe0a7ec811b6906268008a84fea93151d2a7305/json], queryParams={}}
&amp#27;[0;39m2023-05-08 13:18:59,751 [main] &amp#27;[39mDEBUG&amp#27;[0;39m &amp#27;[36mc.g.d.z.s.o.a.h.c.h.i.c.InternalHttpClient&amp#27;[0;39m - &amp#27;[32mex-00000042: preparing request execution
&amp#27;[0;39m2023-05-08 13:18:59,751 [main] &amp#27;[39mDEBUG&amp#27;[0;39m &amp#27;[36mc.g.d.z.s.o.a.h.c.h.p.RequestAddCookies&amp#27;[0;39m - &amp#27;[32mCookie spec selected: strict
&amp#27;[0;39m2023-05-08 13:18:59,751 [main] &amp#27;[39mDEBUG&amp#27;[0;39m &amp#27;[36mc.g.d.z.s.o.a.h.c.h.p.RequestAuthCache&amp#27;[0;39m - &amp#27;[32mAuth cache not set in the context
&amp#27;[0;39m2023-05-08 13:18:59,751 [main] &amp#27;[39mDEBUG&amp#27;[0;39m &amp#27;[36mc.g.d.z.s.o.a.h.c.h.i.c.ProtocolExec&amp#27;[0;39m - &amp#27;[32mex-00000042: target auth state: UNCHALLENGED
&amp#27;[0;39m2023-05-08 13:18:59,751 [main] &amp#27;[39mDEBUG&amp#27;[0;39m &amp#27;[36mc.g.d.z.s.o.a.h.c.h.i.c.ProtocolExec&amp#27;[0;39m - &amp#27;[32mex-00000042: proxy auth state: UNCHALLENGED
&amp#27;[0;39m2023-05-08 13:18:59,751 [main] &amp#27;[39mDEBUG&amp#27;[0;39m &amp#27;[36mc.g.d.z.s.o.a.h.c.h.i.c.ConnectExec&amp#27;[0;39m - &amp#27;[32mex-00000042: acquiring connection with route {}->unix://localhost:2375
&amp#27;[0;39m2023-05-08 13:18:59,751 [main] &amp#27;[39mDEBUG&amp#27;[0;39m &amp#27;[36mc.g.d.z.s.o.a.h.c.h.i.c.InternalHttpClient&amp#27;[0;39m - &amp#27;[32mex-00000042: acquiring endpoint (3 MINUTES)
&amp#27;[0;39m2023-05-08 13:18:59,751 [main] &amp#27;[39mDEBUG&amp#27;[0;39m &amp#27;[36mc.g.d.z.s.o.a.h.c.h.i.i.PoolingHttpClientConnectionManager&amp#27;[0;39m - &amp#27;[32mex-00000042: endpoint lease request (3 MINUTES) [route: {}->unix://localhost:2375][total available: 1; route allocated: 1 of 2147483647; total allocated: 1 of 2147483647]
&amp#27;[0;39m2023-05-08 13:18:59,751 [main] &amp#27;[39mDEBUG&amp#27;[0;39m &amp#27;[36mc.g.d.z.s.o.a.h.c.h.i.i.PoolingHttpClientConnectionManager&amp#27;[0;39m - &amp#27;[32mex-00000042: endpoint leased [route: {}->unix://localhost:2375][total available: 0; route allocated: 1 of 2147483647; total allocated: 1 of 2147483647]
&amp#27;[0;39m2023-05-08 13:18:59,751 [main] &amp#27;[39mDEBUG&amp#27;[0;39m &amp#27;[36mc.g.d.z.s.o.a.h.c.h.i.i.PoolingHttpClientConnectionManager&amp#27;[0;39m - &amp#27;[32mex-00000042: acquired ep-00000041
&amp#27;[0;39m2023-05-08 13:18:59,751 [main] &amp#27;[39mDEBUG&amp#27;[0;39m &amp#27;[36mc.g.d.z.s.o.a.h.c.h.i.c.InternalHttpClient&amp#27;[0;39m - &amp#27;[32mex-00000042: acquired endpoint ep-00000041
&amp#27;[0;39m2023-05-08 13:18:59,751 [main] &amp#27;[39mDEBUG&amp#27;[0;39m &amp#27;[36mc.g.d.z.s.o.a.h.c.h.i.c.MainClientExec&amp#27;[0;39m - &amp#27;[32mex-00000042: executing GET /v1.32/containers/cccfb0602d7e775562ae171a9fe0a7ec811b6906268008a84fea93151d2a7305/json HTTP/1.1
&amp#27;[0;39m2023-05-08 13:18:59,751 [main] &amp#27;[39mDEBUG&amp#27;[0;39m &amp#27;[36mc.g.d.z.s.o.a.h.c.h.i.c.InternalHttpClient&amp#27;[0;39m - &amp#27;[32mep-00000041: start execution ex-00000042
&amp#27;[0;39m2023-05-08 13:18:59,751 [main] &amp#27;[39mDEBUG&amp#27;[0;39m &amp#27;[36mc.g.d.z.s.o.a.h.c.h.i.i.PoolingHttpClientConnectionManager&amp#27;[0;39m - &amp#27;[32mep-00000041: executing exchange ex-00000042 over http-outgoing-1
&amp#27;[0;39m2023-05-08 13:18:59,751 [main] &amp#27;[39mDEBUG&amp#27;[0;39m &amp#27;[36mc.g.d.z.s.o.a.h.client5.http.headers&amp#27;[0;39m - &amp#27;[32mhttp-outgoing-1 >> GET /v1.32/containers/cccfb0602d7e775562ae171a9fe0a7ec811b6906268008a84fea93151d2a7305/json HTTP/1.1
&amp#27;[0;39m2023-05-08 13:18:59,751 [main] &amp#27;[39mDEBUG&amp#27;[0;39m &amp#27;[36mc.g.d.z.s.o.a.h.client5.http.headers&amp#27;[0;39m - &amp#27;[32mhttp-outgoing-1 >> accept: application/json
&amp#27;[0;39m2023-05-08 13:18:59,751 [main] &amp#27;[39mDEBUG&amp#27;[0;39m &amp#27;[36mc.g.d.z.s.o.a.h.client5.http.headers&amp#27;[0;39m - &amp#27;[32mhttp-outgoing-1 >> x-tc-sid: f1b696c1-ec3f-4f95-afa8-081853be7ccb
&amp#27;[0;39m2023-05-08 13:18:59,751 [main] &amp#27;[39mDEBUG&amp#27;[0;39m &amp#27;[36mc.g.d.z.s.o.a.h.client5.http.headers&amp#27;[0;39m - &amp#27;[32mhttp-outgoing-1 >> Accept-Encoding: gzip, x-gzip, deflate
&amp#27;[0;39m2023-05-08 13:18:59,751 [main] &amp#27;[39mDEBUG&amp#27;[0;39m &amp#27;[36mc.g.d.z.s.o.a.h.client5.http.headers&amp#27;[0;39m - &amp#27;[32mhttp-outgoing-1 >> Host: localhost:2375
&amp#27;[0;39m2023-05-08 13:18:59,751 [main] &amp#27;[39mDEBUG&amp#27;[0;39m &amp#27;[36mc.g.d.z.s.o.a.h.client5.http.headers&amp#27;[0;39m - &amp#27;[32mhttp-outgoing-1 >> Connection: keep-alive
&amp#27;[0;39m2023-05-08 13:18:59,751 [main] &amp#27;[39mDEBUG&amp#27;[0;39m &amp#27;[36mc.g.d.z.s.o.a.h.client5.http.headers&amp#27;[0;39m - &amp#27;[32mhttp-outgoing-1 >> User-Agent: Apache-HttpClient/5.0.3 (Java/17.0.6)
&amp#27;[0;39m2023-05-08 13:18:59,751 [main] &amp#27;[39mDEBUG&amp#27;[0;39m &amp#27;[36mc.g.d.z.s.o.a.hc.client5.http.wire&amp#27;[0;39m - &amp#27;[32mhttp-outgoing-1 >> "GET /v1.32/containers/cccfb0602d7e775562ae171a9fe0a7ec811b6906268008a84fea93151d2a7305/json HTTP/1.1[\r][\n]"
&amp#27;[0;39m2023-05-08 13:18:59,751 [main] &amp#27;[39mDEBUG&amp#27;[0;39m &amp#27;[36mc.g.d.z.s.o.a.hc.client5.http.wire&amp#27;[0;39m - &amp#27;[32mhttp-outgoing-1 >> "accept: application/json[\r][\n]"
&amp#27;[0;39m2023-05-08 13:18:59,751 [main] &amp#27;[39mDEBUG&amp#27;[0;39m &amp#27;[36mc.g.d.z.s.o.a.hc.client5.http.wire&amp#27;[0;39m - &amp#27;[32mhttp-outgoing-1 >> "x-tc-sid: f1b696c1-ec3f-4f95-afa8-081853be7ccb[\r][\n]"
&amp#27;[0;39m2023-05-08 13:18:59,751 [main] &amp#27;[39mDEBUG&amp#27;[0;39m &amp#27;[36mc.g.d.z.s.o.a.hc.client5.http.wire&amp#27;[0;39m - &amp#27;[32mhttp-outgoing-1 >> "Accept-Encoding: gzip, x-gzip, deflate[\r][\n]"
&amp#27;[0;39m2023-05-08 13:18:59,751 [main] &amp#27;[39mDEBUG&amp#27;[0;39m &amp#27;[36mc.g.d.z.s.o.a.hc.client5.http.wire&amp#27;[0;39m - &amp#27;[32mhttp-outgoing-1 >> "Host: localhost:2375[\r][\n]"
&amp#27;[0;39m2023-05-08 13:18:59,751 [main] &amp#27;[39mDEBUG&amp#27;[0;39m &amp#27;[36mc.g.d.z.s.o.a.hc.client5.http.wire&amp#27;[0;39m - &amp#27;[32mhttp-outgoing-1 >> "Connection: keep-alive[\r][\n]"
&amp#27;[0;39m2023-05-08 13:18:59,751 [main] &amp#27;[39mDEBUG&amp#27;[0;39m &amp#27;[36mc.g.d.z.s.o.a.hc.client5.http.wire&amp#27;[0;39m - &amp#27;[32mhttp-outgoing-1 >> "User-Agent: Apache-HttpClient/5.0.3 (Java/17.0.6)[\r][\n]"
&amp#27;[0;39m2023-05-08 13:18:59,751 [main] &amp#27;[39mDEBUG&amp#27;[0;39m &amp#27;[36mc.g.d.z.s.o.a.hc.client5.http.wire&amp#27;[0;39m - &amp#27;[32mhttp-outgoing-1 >> "[\r][\n]"
&amp#27;[0;39m2023-05-08 13:18:59,752 [main] &amp#27;[39mDEBUG&amp#27;[0;39m &amp#27;[36mc.g.d.z.s.o.a.hc.client5.http.wire&amp#27;[0;39m - &amp#27;[32mhttp-outgoing-1 << "HTTP/1.1 200 OK[\r][\n]"
&amp#27;[0;39m2023-05-08 13:18:59,752 [main] &amp#27;[39mDEBUG&amp#27;[0;39m &amp#27;[36mc.g.d.z.s.o.a.hc.client5.http.wire&amp#27;[0;39m - &amp#27;[32mhttp-outgoing-1 << "Api-Version: 1.42[\r][\n]"
&amp#27;[0;39m2023-05-08 13:18:59,752 [main] &amp#27;[39mDEBUG&amp#27;[0;39m &amp#27;[36mc.g.d.z.s.o.a.hc.client5.http.wire&amp#27;[0;39m - &amp#27;[32mhttp-outgoing-1 << "Content-Type: application/json[\r][\n]"
&amp#27;[0;39m2023-05-08 13:18:59,752 [main] &amp#27;[39mDEBUG&amp#27;[0;39m &amp#27;[36mc.g.d.z.s.o.a.hc.client5.http.wire&amp#27;[0;39m - &amp#27;[32mhttp-outgoing-1 << "Docker-Experimental: false[\r][\n]"
&amp#27;[0;39m2023-05-08 13:18:59,752 [main] &amp#27;[39mDEBUG&amp#27;[0;39m &amp#27;[36mc.g.d.z.s.o.a.hc.client5.http.wire&amp#27;[0;39m - &amp#27;[32mhttp-outgoing-1 << "Ostype: linux[\r][\n]"
&amp#27;[0;39m2023-05-08 13:18:59,752 [main] &amp#27;[39mDEBUG&amp#27;[0;39m &amp#27;[36mc.g.d.z.s.o.a.hc.client5.http.wire&amp#27;[0;39m - &amp#27;[32mhttp-outgoing-1 << "Server: Docker/23.0.5 (linux)[\r][\n]"
&amp#27;[0;39m2023-05-08 13:18:59,752 [main] &amp#27;[39mDEBUG&amp#27;[0;39m &amp#27;[36mc.g.d.z.s.o.a.hc.client5.http.wire&amp#27;[0;39m - &amp#27;[32mhttp-outgoing-1 << "Date: Mon, 08 May 2023 11:18:59 GMT[\r][\n]"
&amp#27;[0;39m2023-05-08 13:18:59,752 [main] &amp#27;[39mDEBUG&amp#27;[0;39m &amp#27;[36mc.g.d.z.s.o.a.hc.client5.http.wire&amp#27;[0;39m - &amp#27;[32mhttp-outgoing-1 << "Transfer-Encoding: chunked[\r][\n]"
&amp#27;[0;39m2023-05-08 13:18:59,752 [main] &amp#27;[39mDEBUG&amp#27;[0;39m &amp#27;[36mc.g.d.z.s.o.a.hc.client5.http.wire&amp#27;[0;39m - &amp#27;[32mhttp-outgoing-1 << "[\r][\n]"
&amp#27;[0;39m2023-05-08 13:18:59,752 [main] &amp#27;[39mDEBUG&amp#27;[0;39m &amp#27;[36mc.g.d.z.s.o.a.hc.client5.http.wire&amp#27;[0;39m - &amp#27;[32mhttp-outgoing-1 << "1890[\r][\n]"
&amp#27;[0;39m2023-05-08 13:18:59,752 [main] &amp#27;[39mDEBUG&amp#27;[0;39m &amp#27;[36mc.g.d.z.s.o.a.hc.client5.http.wire&amp#27;[0;39m - &amp#27;[32mhttp-outgoing-1 << "{"Id":"cccfb0602d7e775562ae171a9fe0a7ec811b6906268008a84fea93151d2a7305","Created":"2023-05-08T11:18:54.120535425Z","Path":"docker-entrypoint.sh","Args":["mysqld"],"State":{"Status":"running","Running":true,"Paused":false,"Restarting":false,"OOMKilled":false,"Dead":false,"Pid":59126,"ExitCode":0,"Error":"","StartedAt":"2023-05-08T11:18:54.468577716Z","FinishedAt":"0001-01-01T00:00:00Z"},"Image":"sha256:228d71078f8ce5ae9fd96b183f88c3a90e30544b4b7ce9d64a238d05fef2a681","ResolvConfPath":"/var/lib/docker/containers/cccfb0602d7e775562ae171a9fe0a7ec811b6906268008a84fea93151d2a7305/resolv.conf","HostnamePath":"/var/lib/docker/containers/cccfb0602d7e775562ae171a9fe0a7ec811b6906268008a84fea93151d2a7305/hostname","HostsPath":"/var/lib/docker/containers/cccfb0602d7e775562ae171a9fe0a7ec811b6906268008a84fea93151d2a7305/hosts","LogPath":"/var/lib/docker/containers/cccfb0602d7e775562ae171a9fe0a7ec811b6906268008a84fea93151d2a7305/cccfb0602d7e775562ae171a9fe0a7ec811b6906268008a84fea93151d2a7305-json.log","Name":"/charming_goodall","RestartCount":0,"Driver":"overlay2","Platform":"linux","MountLabel":"","ProcessLabel":"","AppArmorProfile":"docker-default","ExecIDs":null,"HostConfig":{"Binds":[],"ContainerIDFile":"","LogConfig":{"Type":"json-file","Config":{}},"NetworkMode":"default","PortBindings":{"3306/tcp":[{"HostIp":"","HostPort":""}]},"RestartPolicy":{"Name":"","MaximumRetryCount":0},"AutoRemove":false,"VolumeDriver":"","VolumesFrom":[],"ConsoleSize":[0,0],"CapAdd":null,"CapDrop":null,"CgroupnsMode":"private","Dns":null,"DnsOptions":null,"DnsSearch":null,"ExtraHosts":[],"GroupAdd":null,"IpcMode":"shareable","Cgroup":"","Links":null,"OomScoreAdj":0,"PidMode":"","Privileged":false,"PublishAllPorts":false,"ReadonlyRootfs":false,"SecurityOpt":null,"UTSMode":"","UsernsMode":"","ShmSize":67108864,"Runtime":"runc","Isolation":"","CpuShares":0,"Memory":0,"NanoCpus":0,"CgroupParent":"","BlkioWeight":0,"BlkioWeightDevice":null,"BlkioDeviceReadBps":null,"BlkioDeviceWriteBps":null,"BlkioDeviceReadIOps":null,"BlkioDeviceWriteIOps":null,"CpuPeriod":0,"CpuQuota":0,"CpuRealtimePeriod":0,"CpuRealtimeRuntime":0,"CpusetCpus":"","CpusetMems":"","Devices":null,"DeviceCgroupRules":null,"DeviceRequests":null,"MemoryReservation":0,"MemorySwap":0,"MemorySwappiness":null,"OomKillDisable":null,"PidsLimit":null,"Ulimits":null,"CpuCount":0,"CpuPercent":0,"IOMaximumIOps":0,"IOMaximumBandwidth":0,"MaskedPaths":["/proc/asound","/proc/acpi","/proc/kcore","/proc/keys","/proc/latency_stats","/proc/timer_list","/proc/timer_stats","/proc/sched_debug","/proc/scsi","/sys/firmware"],"ReadonlyPaths":["/proc/bus","/proc/fs","/proc/irq","/proc/sys","/proc/sysrq-trigger"]},"GraphDriver":{"Data":{"LowerDir":"/var/lib/docker/overlay2/0075f27ac39799b376a3e23bf05a650eb10c8a0f9ef49be1ab61e98fd3b93dc3-init/diff:/var/lib/docker/overlay2/4c6e20f032f02b27a9272f982861dc21998197aa90d94ed3bef95d449380247c/diff:/var/lib/docker/overlay2/0c75f828f603eff839bb3ca448163ab2a8017e86625ac255cd3dbf1673ddac26/diff:/var/lib/docker/overlay2/da128d897fda75829109844ce6cd9d73d0f54c682e735100af000ce899908729/diff:/var/lib/docker/overlay2/b678a1f261bf323afba6d76d91ab7428bdd6e1ef4a39b5224e4a1afd08c0423a/diff:/var/lib/docker/overlay2/1bec43b14875c5f9f814f146e8e31aa78566689c2c163da2ac60a32254988437/diff:/var/lib/docker/overlay2/28f4b1e6e1a7a2dbe30f1f94fb42bccd85a61faf8af1fe30a5bb0d442c525e41/diff:/var/lib/docker/overlay2/0f493124464c291d7c97d2633d5dff04b1dce5de904cb40a34dfbe7fe72e3fd4/diff:/var/lib/docker/overlay2/05befbee9e38cd670e1786b3310e99796dcc06abbed970007b4109a5424843fa/diff:/var/lib/docker/overlay2/582bcca9acfc4eef25109e1e1b9c9d104f355798455bc73e855c99283887a6e8/diff:/var/lib/docker/overlay2/153b3bf0b69e97e8f0e5533414a31ca33fa530e63d174c9617621abe46e7e9d1/diff:/var/lib/docker/overlay2/bf87a76c0a38875ee6e915fd0d2527eafa880ec6bf2c1cb294959428c18d10bd/diff","MergedDir":"/var/lib/docker/overlay2/0075f27ac39799b376a3e23bf05a650eb10c8a0f9ef49be1ab61e98fd3b93dc3/merged","UpperDir":"/var/lib/docker/overlay2/0075f27ac39799b376a3e23bf05a650eb10c8a0f9ef49be1ab61e98fd3b93dc3/diff","WorkDir":"/var/lib/docker/overlay2/0075f27ac39799b376a3e23bf05a650eb10c8a0f9ef49be1ab61e98fd3b93dc3/work"},"Name":"overlay2"},"Mounts":[{"Type":"volume","Name":"ffd30c8cc7ed7bf91bc1ebef46b0f06493ce1d3121e28c37d40240bd74b844a5","Source":"/var/lib/docker/volumes/ffd30c8cc7ed7bf91bc1ebef46b0f06493ce1d3121e28c37d40240bd74b844a5/_data","Destination":"/var/lib/mysql","Driver":"local","Mode":"","RW":true,"Propagation":""}],"Config":{"Hostname":"cccfb0602d7e","Domainname":"","User":"","AttachStdin":false,"AttachStdout":false,"AttachStderr":false,"ExposedPorts":{"3306/tcp":{}},"Tty":false,"OpenStdin":false,"StdinOnce":false,"Env":["MYSQL_DATABASE=test","MYSQL_PASSWORD=test","MYSQL_USER=test","MYSQL_ROOT_PASSWORD=test","PATH=/usr/local/sbin:/usr/local/bin:/usr/sbin:/usr/bin:/sbin:/bin","GOSU_VERSION=1.7","MYSQL_MAJOR=8.0","MYSQL_VERSION=8.0.0-dmr-1debian8"],"Cmd":["mysqld"],"Image":"mysql:8.0.0","Volumes":{"/var/lib/mysql":{}},"WorkingDir":"","Entrypoint":["docker-entrypoint.sh"],"OnBuild":null,"Labels":{"org.testcontainers":"true","org.testcontainers.lang":"java","org.testcontainers.sessionId":"f1b696c1-ec3f-4f95-afa8-081853be7ccb","org.testcontainers.version":"1.18.0"}},"NetworkSettings":{"Bridge":"","SandboxID":"75a4ef0436803615aa77c8b97de3cbbdd49519261fe2b3b6cdcae9bd2b1154aa","HairpinMode":false,"LinkLocalIPv6Address":"","LinkLocalIPv6PrefixLen":0,"Ports":{"3306/tcp":[{"HostIp":"0.0.0.0","HostPort":"32781"},{"HostIp":"::","HostPort":"32781"}]},"SandboxKey":"/var/run/docker/netns/75a4ef043680","SecondaryIPAddresses":null,"SecondaryIPv6Addresses":null,"EndpointID":"de3a5c9cc9471fdbec5943d78a8803fca61208fe4021ac9d3922ee2e8ec0d135","Gateway":"172.17.0.1","GlobalIPv6Address":"","GlobalIPv6PrefixLen":0,"IPAddress":"172.17.0.3","IPPrefixLen":16,"IPv6Gateway":"","MacAddress":"02:42:ac:11:00:03","Networks":{"bridge":{"IPAMConfig":null,"Links":null,"Aliases":null,"NetworkID":"e1a078e12eb8d77b497ed932f7fb43787eeb6ff6972febd7d03c9282b8b5cd45","EndpointID":"de3a5c9cc9471fdbec5943d78a8803fca61208fe4021ac9d3922ee2e8ec0d135","Gateway":"172.17.0.1","IPAddress":"172.17.0.3","IPPrefixLen":16,"IPv6Gateway":"","GlobalIPv6Address":"","GlobalIPv6PrefixLen":0,"MacAddress":"02:42:ac:11:00:03","DriverOpts":null}}}}[\n]"
&amp#27;[0;39m2023-05-08 13:18:59,752 [main] &amp#27;[39mDEBUG&amp#27;[0;39m &amp#27;[36mc.g.d.z.s.o.a.hc.client5.http.wire&amp#27;[0;39m - &amp#27;[32mhttp-outgoing-1 << "[\r][\n]"
&amp#27;[0;39m2023-05-08 13:18:59,752 [main] &amp#27;[39mDEBUG&amp#27;[0;39m &amp#27;[36mc.g.d.z.s.o.a.hc.client5.http.wire&amp#27;[0;39m - &amp#27;[32mhttp-outgoing-1 << "0[\r][\n]"
&amp#27;[0;39m2023-05-08 13:18:59,752 [main] &amp#27;[39mDEBUG&amp#27;[0;39m &amp#27;[36mc.g.d.z.s.o.a.hc.client5.http.wire&amp#27;[0;39m - &amp#27;[32mhttp-outgoing-1 << "[\r][\n]"
&amp#27;[0;39m2023-05-08 13:18:59,753 [main] &amp#27;[39mDEBUG&amp#27;[0;39m &amp#27;[36mc.g.d.z.s.o.a.h.client5.http.headers&amp#27;[0;39m - &amp#27;[32mhttp-outgoing-1 << HTTP/1.1 200 OK
&amp#27;[0;39m2023-05-08 13:18:59,753 [main] &amp#27;[39mDEBUG&amp#27;[0;39m &amp#27;[36mc.g.d.z.s.o.a.h.client5.http.headers&amp#27;[0;39m - &amp#27;[32mhttp-outgoing-1 << Api-Version: 1.42
&amp#27;[0;39m2023-05-08 13:18:59,753 [main] &amp#27;[39mDEBUG&amp#27;[0;39m &amp#27;[36mc.g.d.z.s.o.a.h.client5.http.headers&amp#27;[0;39m - &amp#27;[32mhttp-outgoing-1 << Content-Type: application/json
&amp#27;[0;39m2023-05-08 13:18:59,753 [main] &amp#27;[39mDEBUG&amp#27;[0;39m &amp#27;[36mc.g.d.z.s.o.a.h.client5.http.headers&amp#27;[0;39m - &amp#27;[32mhttp-outgoing-1 << Docker-Experimental: false
&amp#27;[0;39m2023-05-08 13:18:59,753 [main] &amp#27;[39mDEBUG&amp#27;[0;39m &amp#27;[36mc.g.d.z.s.o.a.h.client5.http.headers&amp#27;[0;39m - &amp#27;[32mhttp-outgoing-1 << Ostype: linux
&amp#27;[0;39m2023-05-08 13:18:59,753 [main] &amp#27;[39mDEBUG&amp#27;[0;39m &amp#27;[36mc.g.d.z.s.o.a.h.client5.http.headers&amp#27;[0;39m - &amp#27;[32mhttp-outgoing-1 << Server: Docker/23.0.5 (linux)
&amp#27;[0;39m2023-05-08 13:18:59,753 [main] &amp#27;[39mDEBUG&amp#27;[0;39m &amp#27;[36mc.g.d.z.s.o.a.h.client5.http.headers&amp#27;[0;39m - &amp#27;[32mhttp-outgoing-1 << Date: Mon, 08 May 2023 11:18:59 GMT
&amp#27;[0;39m2023-05-08 13:18:59,753 [main] &amp#27;[39mDEBUG&amp#27;[0;39m &amp#27;[36mc.g.d.z.s.o.a.h.client5.http.headers&amp#27;[0;39m - &amp#27;[32mhttp-outgoing-1 << Transfer-Encoding: chunked
&amp#27;[0;39m2023-05-08 13:18:59,753 [main] &amp#27;[39mDEBUG&amp#27;[0;39m &amp#27;[36mc.g.d.z.s.o.a.h.c.h.i.c.MainClientExec&amp#27;[0;39m - &amp#27;[32mex-00000042: connection can be kept alive for 3 MINUTES
&amp#27;[0;39m2023-05-08 13:18:59,753 [main] &amp#27;[39mDEBUG&amp#27;[0;39m &amp#27;[36mc.g.d.z.s.o.a.h.c.h.i.c.InternalHttpClient&amp#27;[0;39m - &amp#27;[32mep-00000041: releasing valid endpoint
&amp#27;[0;39m2023-05-08 13:18:59,753 [main] &amp#27;[39mDEBUG&amp#27;[0;39m &amp#27;[36mc.g.d.z.s.o.a.h.c.h.i.i.PoolingHttpClientConnectionManager&amp#27;[0;39m - &amp#27;[32mep-00000041: releasing endpoint
&amp#27;[0;39m2023-05-08 13:18:59,753 [main] &amp#27;[39mDEBUG&amp#27;[0;39m &amp#27;[36mc.g.d.z.s.o.a.h.c.h.i.i.PoolingHttpClientConnectionManager&amp#27;[0;39m - &amp#27;[32mep-00000041: connection http-outgoing-1 can be kept alive for 3 MINUTES
&amp#27;[0;39m2023-05-08 13:18:59,753 [main] &amp#27;[39mDEBUG&amp#27;[0;39m &amp#27;[36mc.g.d.z.s.o.a.h.c.h.i.i.PoolingHttpClientConnectionManager&amp#27;[0;39m - &amp#27;[32mep-00000041: connection released [route: {}->unix://localhost:2375][total available: 1; route allocated: 1 of 2147483647; total allocated: 1 of 2147483647]
&amp#27;[0;39m2023-05-08 13:18:59,753 [main] &amp#27;[39mDEBUG&amp#27;[0;39m &amp#27;[36mtc.mysql:8.0.0&amp#27;[0;39m - &amp#27;[32mTrying to create JDBC connection using com.mysql.cj.jdbc.Driver to jdbc:mysql://localhost:32781/test?useSSL=false&allowPublicKeyRetrieval=true with properties: {password=test, user=test}
&amp#27;[0;39m2023-05-08 13:18:59,854 [main] &amp#27;[39mDEBUG&amp#27;[0;39m &amp#27;[36mo.t.s.c.g.d.c.command.AbstrDockerCmd&amp#27;[0;39m - &amp#27;[32mCmd: cccfb0602d7e775562ae171a9fe0a7ec811b6906268008a84fea93151d2a7305,false
&amp#27;[0;39m2023-05-08 13:18:59,855 [main] &amp#27;[39mDEBUG&amp#27;[0;39m &amp#27;[36mo.t.s.c.g.d.c.e.InspectContainerCmdExec&amp#27;[0;39m - &amp#27;[32mGET: DefaultWebTarget{path=[/containers/cccfb0602d7e775562ae171a9fe0a7ec811b6906268008a84fea93151d2a7305/json], queryParams={}}
&amp#27;[0;39m2023-05-08 13:18:59,855 [main] &amp#27;[39mDEBUG&amp#27;[0;39m &amp#27;[36mc.g.d.z.s.o.a.h.c.h.i.c.InternalHttpClient&amp#27;[0;39m - &amp#27;[32mex-00000043: preparing request execution
&amp#27;[0;39m2023-05-08 13:18:59,855 [main] &amp#27;[39mDEBUG&amp#27;[0;39m &amp#27;[36mc.g.d.z.s.o.a.h.c.h.p.RequestAddCookies&amp#27;[0;39m - &amp#27;[32mCookie spec selected: strict
&amp#27;[0;39m2023-05-08 13:18:59,855 [main] &amp#27;[39mDEBUG&amp#27;[0;39m &amp#27;[36mc.g.d.z.s.o.a.h.c.h.p.RequestAuthCache&amp#27;[0;39m - &amp#27;[32mAuth cache not set in the context
&amp#27;[0;39m2023-05-08 13:18:59,855 [main] &amp#27;[39mDEBUG&amp#27;[0;39m &amp#27;[36mc.g.d.z.s.o.a.h.c.h.i.c.ProtocolExec&amp#27;[0;39m - &amp#27;[32mex-00000043: target auth state: UNCHALLENGED
&amp#27;[0;39m2023-05-08 13:18:59,855 [main] &amp#27;[39mDEBUG&amp#27;[0;39m &amp#27;[36mc.g.d.z.s.o.a.h.c.h.i.c.ProtocolExec&amp#27;[0;39m - &amp#27;[32mex-00000043: proxy auth state: UNCHALLENGED
&amp#27;[0;39m2023-05-08 13:18:59,855 [main] &amp#27;[39mDEBUG&amp#27;[0;39m &amp#27;[36mc.g.d.z.s.o.a.h.c.h.i.c.ConnectExec&amp#27;[0;39m - &amp#27;[32mex-00000043: acquiring connection with route {}->unix://localhost:2375
&amp#27;[0;39m2023-05-08 13:18:59,855 [main] &amp#27;[39mDEBUG&amp#27;[0;39m &amp#27;[36mc.g.d.z.s.o.a.h.c.h.i.c.InternalHttpClient&amp#27;[0;39m - &amp#27;[32mex-00000043: acquiring endpoint (3 MINUTES)
&amp#27;[0;39m2023-05-08 13:18:59,855 [main] &amp#27;[39mDEBUG&amp#27;[0;39m &amp#27;[36mc.g.d.z.s.o.a.h.c.h.i.i.PoolingHttpClientConnectionManager&amp#27;[0;39m - &amp#27;[32mex-00000043: endpoint lease request (3 MINUTES) [route: {}->unix://localhost:2375][total available: 1; route allocated: 1 of 2147483647; total allocated: 1 of 2147483647]
&amp#27;[0;39m2023-05-08 13:18:59,855 [main] &amp#27;[39mDEBUG&amp#27;[0;39m &amp#27;[36mc.g.d.z.s.o.a.h.c.h.i.i.PoolingHttpClientConnectionManager&amp#27;[0;39m - &amp#27;[32mex-00000043: endpoint leased [route: {}->unix://localhost:2375][total available: 0; route allocated: 1 of 2147483647; total allocated: 1 of 2147483647]
&amp#27;[0;39m2023-05-08 13:18:59,855 [main] &amp#27;[39mDEBUG&amp#27;[0;39m &amp#27;[36mc.g.d.z.s.o.a.h.c.h.i.i.PoolingHttpClientConnectionManager&amp#27;[0;39m - &amp#27;[32mex-00000043: acquired ep-00000042
&amp#27;[0;39m2023-05-08 13:18:59,855 [main] &amp#27;[39mDEBUG&amp#27;[0;39m &amp#27;[36mc.g.d.z.s.o.a.h.c.h.i.c.InternalHttpClient&amp#27;[0;39m - &amp#27;[32mex-00000043: acquired endpoint ep-00000042
&amp#27;[0;39m2023-05-08 13:18:59,855 [main] &amp#27;[39mDEBUG&amp#27;[0;39m &amp#27;[36mc.g.d.z.s.o.a.h.c.h.i.c.MainClientExec&amp#27;[0;39m - &amp#27;[32mex-00000043: executing GET /v1.32/containers/cccfb0602d7e775562ae171a9fe0a7ec811b6906268008a84fea93151d2a7305/json HTTP/1.1
&amp#27;[0;39m2023-05-08 13:18:59,855 [main] &amp#27;[39mDEBUG&amp#27;[0;39m &amp#27;[36mc.g.d.z.s.o.a.h.c.h.i.c.InternalHttpClient&amp#27;[0;39m - &amp#27;[32mep-00000042: start execution ex-00000043
&amp#27;[0;39m2023-05-08 13:18:59,855 [main] &amp#27;[39mDEBUG&amp#27;[0;39m &amp#27;[36mc.g.d.z.s.o.a.h.c.h.i.i.PoolingHttpClientConnectionManager&amp#27;[0;39m - &amp#27;[32mep-00000042: executing exchange ex-00000043 over http-outgoing-1
&amp#27;[0;39m2023-05-08 13:18:59,855 [main] &amp#27;[39mDEBUG&amp#27;[0;39m &amp#27;[36mc.g.d.z.s.o.a.h.client5.http.headers&amp#27;[0;39m - &amp#27;[32mhttp-outgoing-1 >> GET /v1.32/containers/cccfb0602d7e775562ae171a9fe0a7ec811b6906268008a84fea93151d2a7305/json HTTP/1.1
&amp#27;[0;39m2023-05-08 13:18:59,855 [main] &amp#27;[39mDEBUG&amp#27;[0;39m &amp#27;[36mc.g.d.z.s.o.a.h.client5.http.headers&amp#27;[0;39m - &amp#27;[32mhttp-outgoing-1 >> accept: application/json
&amp#27;[0;39m2023-05-08 13:18:59,855 [main] &amp#27;[39mDEBUG&amp#27;[0;39m &amp#27;[36mc.g.d.z.s.o.a.h.client5.http.headers&amp#27;[0;39m - &amp#27;[32mhttp-outgoing-1 >> x-tc-sid: f1b696c1-ec3f-4f95-afa8-081853be7ccb
&amp#27;[0;39m2023-05-08 13:18:59,855 [main] &amp#27;[39mDEBUG&amp#27;[0;39m &amp#27;[36mc.g.d.z.s.o.a.h.client5.http.headers&amp#27;[0;39m - &amp#27;[32mhttp-outgoing-1 >> Accept-Encoding: gzip, x-gzip, deflate
&amp#27;[0;39m2023-05-08 13:18:59,855 [main] &amp#27;[39mDEBUG&amp#27;[0;39m &amp#27;[36mc.g.d.z.s.o.a.h.client5.http.headers&amp#27;[0;39m - &amp#27;[32mhttp-outgoing-1 >> Host: localhost:2375
&amp#27;[0;39m2023-05-08 13:18:59,855 [main] &amp#27;[39mDEBUG&amp#27;[0;39m &amp#27;[36mc.g.d.z.s.o.a.h.client5.http.headers&amp#27;[0;39m - &amp#27;[32mhttp-outgoing-1 >> Connection: keep-alive
&amp#27;[0;39m2023-05-08 13:18:59,855 [main] &amp#27;[39mDEBUG&amp#27;[0;39m &amp#27;[36mc.g.d.z.s.o.a.h.client5.http.headers&amp#27;[0;39m - &amp#27;[32mhttp-outgoing-1 >> User-Agent: Apache-HttpClient/5.0.3 (Java/17.0.6)
&amp#27;[0;39m2023-05-08 13:18:59,855 [main] &amp#27;[39mDEBUG&amp#27;[0;39m &amp#27;[36mc.g.d.z.s.o.a.hc.client5.http.wire&amp#27;[0;39m - &amp#27;[32mhttp-outgoing-1 >> "GET /v1.32/containers/cccfb0602d7e775562ae171a9fe0a7ec811b6906268008a84fea93151d2a7305/json HTTP/1.1[\r][\n]"
&amp#27;[0;39m2023-05-08 13:18:59,855 [main] &amp#27;[39mDEBUG&amp#27;[0;39m &amp#27;[36mc.g.d.z.s.o.a.hc.client5.http.wire&amp#27;[0;39m - &amp#27;[32mhttp-outgoing-1 >> "accept: application/json[\r][\n]"
&amp#27;[0;39m2023-05-08 13:18:59,855 [main] &amp#27;[39mDEBUG&amp#27;[0;39m &amp#27;[36mc.g.d.z.s.o.a.hc.client5.http.wire&amp#27;[0;39m - &amp#27;[32mhttp-outgoing-1 >> "x-tc-sid: f1b696c1-ec3f-4f95-afa8-081853be7ccb[\r][\n]"
&amp#27;[0;39m2023-05-08 13:18:59,855 [main] &amp#27;[39mDEBUG&amp#27;[0;39m &amp#27;[36mc.g.d.z.s.o.a.hc.client5.http.wire&amp#27;[0;39m - &amp#27;[32mhttp-outgoing-1 >> "Accept-Encoding: gzip, x-gzip, deflate[\r][\n]"
&amp#27;[0;39m2023-05-08 13:18:59,855 [main] &amp#27;[39mDEBUG&amp#27;[0;39m &amp#27;[36mc.g.d.z.s.o.a.hc.client5.http.wire&amp#27;[0;39m - &amp#27;[32mhttp-outgoing-1 >> "Host: localhost:2375[\r][\n]"
&amp#27;[0;39m2023-05-08 13:18:59,855 [main] &amp#27;[39mDEBUG&amp#27;[0;39m &amp#27;[36mc.g.d.z.s.o.a.hc.client5.http.wire&amp#27;[0;39m - &amp#27;[32mhttp-outgoing-1 >> "Connection: keep-alive[\r][\n]"
&amp#27;[0;39m2023-05-08 13:18:59,855 [main] &amp#27;[39mDEBUG&amp#27;[0;39m &amp#27;[36mc.g.d.z.s.o.a.hc.client5.http.wire&amp#27;[0;39m - &amp#27;[32mhttp-outgoing-1 >> "User-Agent: Apache-HttpClient/5.0.3 (Java/17.0.6)[\r][\n]"
&amp#27;[0;39m2023-05-08 13:18:59,856 [main] &amp#27;[39mDEBUG&amp#27;[0;39m &amp#27;[36mc.g.d.z.s.o.a.hc.client5.http.wire&amp#27;[0;39m - &amp#27;[32mhttp-outgoing-1 >> "[\r][\n]"
&amp#27;[0;39m2023-05-08 13:18:59,856 [main] &amp#27;[39mDEBUG&amp#27;[0;39m &amp#27;[36mc.g.d.z.s.o.a.hc.client5.http.wire&amp#27;[0;39m - &amp#27;[32mhttp-outgoing-1 << "HTTP/1.1 200 OK[\r][\n]"
&amp#27;[0;39m2023-05-08 13:18:59,856 [main] &amp#27;[39mDEBUG&amp#27;[0;39m &amp#27;[36mc.g.d.z.s.o.a.hc.client5.http.wire&amp#27;[0;39m - &amp#27;[32mhttp-outgoing-1 << "Api-Version: 1.42[\r][\n]"
&amp#27;[0;39m2023-05-08 13:18:59,856 [main] &amp#27;[39mDEBUG&amp#27;[0;39m &amp#27;[36mc.g.d.z.s.o.a.hc.client5.http.wire&amp#27;[0;39m - &amp#27;[32mhttp-outgoing-1 << "Content-Type: application/json[\r][\n]"
&amp#27;[0;39m2023-05-08 13:18:59,856 [main] &amp#27;[39mDEBUG&amp#27;[0;39m &amp#27;[36mc.g.d.z.s.o.a.hc.client5.http.wire&amp#27;[0;39m - &amp#27;[32mhttp-outgoing-1 << "Docker-Experimental: false[\r][\n]"
&amp#27;[0;39m2023-05-08 13:18:59,856 [main] &amp#27;[39mDEBUG&amp#27;[0;39m &amp#27;[36mc.g.d.z.s.o.a.hc.client5.http.wire&amp#27;[0;39m - &amp#27;[32mhttp-outgoing-1 << "Ostype: linux[\r][\n]"
&amp#27;[0;39m2023-05-08 13:18:59,856 [main] &amp#27;[39mDEBUG&amp#27;[0;39m &amp#27;[36mc.g.d.z.s.o.a.hc.client5.http.wire&amp#27;[0;39m - &amp#27;[32mhttp-outgoing-1 << "Server: Docker/23.0.5 (linux)[\r][\n]"
&amp#27;[0;39m2023-05-08 13:18:59,856 [main] &amp#27;[39mDEBUG&amp#27;[0;39m &amp#27;[36mc.g.d.z.s.o.a.hc.client5.http.wire&amp#27;[0;39m - &amp#27;[32mhttp-outgoing-1 << "Date: Mon, 08 May 2023 11:18:59 GMT[\r][\n]"
&amp#27;[0;39m2023-05-08 13:18:59,856 [main] &amp#27;[39mDEBUG&amp#27;[0;39m &amp#27;[36mc.g.d.z.s.o.a.hc.client5.http.wire&amp#27;[0;39m - &amp#27;[32mhttp-outgoing-1 << "Transfer-Encoding: chunked[\r][\n]"
&amp#27;[0;39m2023-05-08 13:18:59,856 [main] &amp#27;[39mDEBUG&amp#27;[0;39m &amp#27;[36mc.g.d.z.s.o.a.hc.client5.http.wire&amp#27;[0;39m - &amp#27;[32mhttp-outgoing-1 << "[\r][\n]"
&amp#27;[0;39m2023-05-08 13:18:59,856 [main] &amp#27;[39mDEBUG&amp#27;[0;39m &amp#27;[36mc.g.d.z.s.o.a.hc.client5.http.wire&amp#27;[0;39m - &amp#27;[32mhttp-outgoing-1 << "1890[\r][\n]"
&amp#27;[0;39m2023-05-08 13:18:59,856 [main] &amp#27;[39mDEBUG&amp#27;[0;39m &amp#27;[36mc.g.d.z.s.o.a.hc.client5.http.wire&amp#27;[0;39m - &amp#27;[32mhttp-outgoing-1 << "{"Id":"cccfb0602d7e775562ae171a9fe0a7ec811b6906268008a84fea93151d2a7305","Created":"2023-05-08T11:18:54.120535425Z","Path":"docker-entrypoint.sh","Args":["mysqld"],"State":{"Status":"running","Running":true,"Paused":false,"Restarting":false,"OOMKilled":false,"Dead":false,"Pid":59126,"ExitCode":0,"Error":"","StartedAt":"2023-05-08T11:18:54.468577716Z","FinishedAt":"0001-01-01T00:00:00Z"},"Image":"sha256:228d71078f8ce5ae9fd96b183f88c3a90e30544b4b7ce9d64a238d05fef2a681","ResolvConfPath":"/var/lib/docker/containers/cccfb0602d7e775562ae171a9fe0a7ec811b6906268008a84fea93151d2a7305/resolv.conf","HostnamePath":"/var/lib/docker/containers/cccfb0602d7e775562ae171a9fe0a7ec811b6906268008a84fea93151d2a7305/hostname","HostsPath":"/var/lib/docker/containers/cccfb0602d7e775562ae171a9fe0a7ec811b6906268008a84fea93151d2a7305/hosts","LogPath":"/var/lib/docker/containers/cccfb0602d7e775562ae171a9fe0a7ec811b6906268008a84fea93151d2a7305/cccfb0602d7e775562ae171a9fe0a7ec811b6906268008a84fea93151d2a7305-json.log","Name":"/charming_goodall","RestartCount":0,"Driver":"overlay2","Platform":"linux","MountLabel":"","ProcessLabel":"","AppArmorProfile":"docker-default","ExecIDs":null,"HostConfig":{"Binds":[],"ContainerIDFile":"","LogConfig":{"Type":"json-file","Config":{}},"NetworkMode":"default","PortBindings":{"3306/tcp":[{"HostIp":"","HostPort":""}]},"RestartPolicy":{"Name":"","MaximumRetryCount":0},"AutoRemove":false,"VolumeDriver":"","VolumesFrom":[],"ConsoleSize":[0,0],"CapAdd":null,"CapDrop":null,"CgroupnsMode":"private","Dns":null,"DnsOptions":null,"DnsSearch":null,"ExtraHosts":[],"GroupAdd":null,"IpcMode":"shareable","Cgroup":"","Links":null,"OomScoreAdj":0,"PidMode":"","Privileged":false,"PublishAllPorts":false,"ReadonlyRootfs":false,"SecurityOpt":null,"UTSMode":"","UsernsMode":"","ShmSize":67108864,"Runtime":"runc","Isolation":"","CpuShares":0,"Memory":0,"NanoCpus":0,"CgroupParent":"","BlkioWeight":0,"BlkioWeightDevice":null,"BlkioDeviceReadBps":null,"BlkioDeviceWriteBps":null,"BlkioDeviceReadIOps":null,"BlkioDeviceWriteIOps":null,"CpuPeriod":0,"CpuQuota":0,"CpuRealtimePeriod":0,"CpuRealtimeRuntime":0,"CpusetCpus":"","CpusetMems":"","Devices":null,"DeviceCgroupRules":null,"DeviceRequests":null,"MemoryReservation":0,"MemorySwap":0,"MemorySwappiness":null,"OomKillDisable":null,"PidsLimit":null,"Ulimits":null,"CpuCount":0,"CpuPercent":0,"IOMaximumIOps":0,"IOMaximumBandwidth":0,"MaskedPaths":["/proc/asound","/proc/acpi","/proc/kcore","/proc/keys","/proc/latency_stats","/proc/timer_list","/proc/timer_stats","/proc/sched_debug","/proc/scsi","/sys/firmware"],"ReadonlyPaths":["/proc/bus","/proc/fs","/proc/irq","/proc/sys","/proc/sysrq-trigger"]},"GraphDriver":{"Data":{"LowerDir":"/var/lib/docker/overlay2/0075f27ac39799b376a3e23bf05a650eb10c8a0f9ef49be1ab61e98fd3b93dc3-init/diff:/var/lib/docker/overlay2/4c6e20f032f02b27a9272f982861dc21998197aa90d94ed3bef95d449380247c/diff:/var/lib/docker/overlay2/0c75f828f603eff839bb3ca448163ab2a8017e86625ac255cd3dbf1673ddac26/diff:/var/lib/docker/overlay2/da128d897fda75829109844ce6cd9d73d0f54c682e735100af000ce899908729/diff:/var/lib/docker/overlay2/b678a1f261bf323afba6d76d91ab7428bdd6e1ef4a39b5224e4a1afd08c0423a/diff:/var/lib/docker/overlay2/1bec43b14875c5f9f814f146e8e31aa78566689c2c163da2ac60a32254988437/diff:/var/lib/docker/overlay2/28f4b1e6e1a7a2dbe30f1f94fb42bccd85a61faf8af1fe30a5bb0d442c525e41/diff:/var/lib/docker/overlay2/0f493124464c291d7c97d2633d5dff04b1dce5de904cb40a34dfbe7fe72e3fd4/diff:/var/lib/docker/overlay2/05befbee9e38cd670e1786b3310e99796dcc06abbed970007b4109a5424843fa/diff:/var/lib/docker/overlay2/582bcca9acfc4eef25109e1e1b9c9d104f355798455bc73e855c99283887a6e8/diff:/var/lib/docker/overlay2/153b3bf0b69e97e8f0e5533414a31ca33fa530e63d174c9617621abe46e7e9d1/diff:/var/lib/docker/overlay2/bf87a76c0a38875ee6e915fd0d2527eafa880ec6bf2c1cb294959428c18d10bd/diff","MergedDir":"/var/lib/docker/overlay2/0075f27ac39799b376a3e23bf05a650eb10c8a0f9ef49be1ab61e98fd3b93dc3/merged","UpperDir":"/var/lib/docker/overlay2/0075f27ac39799b376a3e23bf05a650eb10c8a0f9ef49be1ab61e98fd3b93dc3/diff","WorkDir":"/var/lib/docker/overlay2/0075f27ac39799b376a3e23bf05a650eb10c8a0f9ef49be1ab61e98fd3b93dc3/work"},"Name":"overlay2"},"Mounts":[{"Type":"volume","Name":"ffd30c8cc7ed7bf91bc1ebef46b0f06493ce1d3121e28c37d40240bd74b844a5","Source":"/var/lib/docker/volumes/ffd30c8cc7ed7bf91bc1ebef46b0f06493ce1d3121e28c37d40240bd74b844a5/_data","Destination":"/var/lib/mysql","Driver":"local","Mode":"","RW":true,"Propagation":""}],"Config":{"Hostname":"cccfb0602d7e","Domainname":"","User":"","AttachStdin":false,"AttachStdout":false,"AttachStderr":false,"ExposedPorts":{"3306/tcp":{}},"Tty":false,"OpenStdin":false,"StdinOnce":false,"Env":["MYSQL_DATABASE=test","MYSQL_PASSWORD=test","MYSQL_USER=test","MYSQL_ROOT_PASSWORD=test","PATH=/usr/local/sbin:/usr/local/bin:/usr/sbin:/usr/bin:/sbin:/bin","GOSU_VERSION=1.7","MYSQL_MAJOR=8.0","MYSQL_VERSION=8.0.0-dmr-1debian8"],"Cmd":["mysqld"],"Image":"mysql:8.0.0","Volumes":{"/var/lib/mysql":{}},"WorkingDir":"","Entrypoint":["docker-entrypoint.sh"],"OnBuild":null,"Labels":{"org.testcontainers":"true","org.testcontainers.lang":"java","org.testcontainers.sessionId":"f1b696c1-ec3f-4f95-afa8-081853be7ccb","org.testcontainers.version":"1.18.0"}},"NetworkSettings":{"Bridge":"","SandboxID":"75a4ef0436803615aa77c8b97de3cbbdd49519261fe2b3b6cdcae9bd2b1154aa","HairpinMode":false,"LinkLocalIPv6Address":"","LinkLocalIPv6PrefixLen":0,"Ports":{"3306/tcp":[{"HostIp":"0.0.0.0","HostPort":"32781"},{"HostIp":"::","HostPort":"32781"}]},"SandboxKey":"/var/run/docker/netns/75a4ef043680","SecondaryIPAddresses":null,"SecondaryIPv6Addresses":null,"EndpointID":"de3a5c9cc9471fdbec5943d78a8803fca61208fe4021ac9d3922ee2e8ec0d135","Gateway":"172.17.0.1","GlobalIPv6Address":"","GlobalIPv6PrefixLen":0,"IPAddress":"172.17.0.3","IPPrefixLen":16,"IPv6Gateway":"","MacAddress":"02:42:ac:11:00:03","Networks":{"bridge":{"IPAMConfig":null,"Links":null,"Aliases":null,"NetworkID":"e1a078e12eb8d77b497ed932f7fb43787eeb6ff6972febd7d03c9282b8b5cd45","EndpointID":"de3a5c9cc9471fdbec5943d78a8803fca61208fe4021ac9d3922ee2e8ec0d135","Gateway":"172.17.0.1","IPAddress":"172.17.0.3","IPPrefixLen":16,"IPv6Gateway":"","GlobalIPv6Address":"","GlobalIPv6PrefixLen":0,"MacAddress":"02:42:ac:11:00:03","DriverOpts":null}}}}[\n]"
&amp#27;[0;39m2023-05-08 13:18:59,856 [main] &amp#27;[39mDEBUG&amp#27;[0;39m &amp#27;[36mc.g.d.z.s.o.a.hc.client5.http.wire&amp#27;[0;39m - &amp#27;[32mhttp-outgoing-1 << "[\r][\n]"
&amp#27;[0;39m2023-05-08 13:18:59,856 [main] &amp#27;[39mDEBUG&amp#27;[0;39m &amp#27;[36mc.g.d.z.s.o.a.hc.client5.http.wire&amp#27;[0;39m - &amp#27;[32mhttp-outgoing-1 << "0[\r][\n]"
&amp#27;[0;39m2023-05-08 13:18:59,856 [main] &amp#27;[39mDEBUG&amp#27;[0;39m &amp#27;[36mc.g.d.z.s.o.a.hc.client5.http.wire&amp#27;[0;39m - &amp#27;[32mhttp-outgoing-1 << "[\r][\n]"
&amp#27;[0;39m2023-05-08 13:18:59,856 [main] &amp#27;[39mDEBUG&amp#27;[0;39m &amp#27;[36mc.g.d.z.s.o.a.h.client5.http.headers&amp#27;[0;39m - &amp#27;[32mhttp-outgoing-1 << HTTP/1.1 200 OK
&amp#27;[0;39m2023-05-08 13:18:59,856 [main] &amp#27;[39mDEBUG&amp#27;[0;39m &amp#27;[36mc.g.d.z.s.o.a.h.client5.http.headers&amp#27;[0;39m - &amp#27;[32mhttp-outgoing-1 << Api-Version: 1.42
&amp#27;[0;39m2023-05-08 13:18:59,856 [main] &amp#27;[39mDEBUG&amp#27;[0;39m &amp#27;[36mc.g.d.z.s.o.a.h.client5.http.headers&amp#27;[0;39m - &amp#27;[32mhttp-outgoing-1 << Content-Type: application/json
&amp#27;[0;39m2023-05-08 13:18:59,856 [main] &amp#27;[39mDEBUG&amp#27;[0;39m &amp#27;[36mc.g.d.z.s.o.a.h.client5.http.headers&amp#27;[0;39m - &amp#27;[32mhttp-outgoing-1 << Docker-Experimental: false
&amp#27;[0;39m2023-05-08 13:18:59,856 [main] &amp#27;[39mDEBUG&amp#27;[0;39m &amp#27;[36mc.g.d.z.s.o.a.h.client5.http.headers&amp#27;[0;39m - &amp#27;[32mhttp-outgoing-1 << Ostype: linux
&amp#27;[0;39m2023-05-08 13:18:59,856 [main] &amp#27;[39mDEBUG&amp#27;[0;39m &amp#27;[36mc.g.d.z.s.o.a.h.client5.http.headers&amp#27;[0;39m - &amp#27;[32mhttp-outgoing-1 << Server: Docker/23.0.5 (linux)
&amp#27;[0;39m2023-05-08 13:18:59,856 [main] &amp#27;[39mDEBUG&amp#27;[0;39m &amp#27;[36mc.g.d.z.s.o.a.h.client5.http.headers&amp#27;[0;39m - &amp#27;[32mhttp-outgoing-1 << Date: Mon, 08 May 2023 11:18:59 GMT
&amp#27;[0;39m2023-05-08 13:18:59,856 [main] &amp#27;[39mDEBUG&amp#27;[0;39m &amp#27;[36mc.g.d.z.s.o.a.h.client5.http.headers&amp#27;[0;39m - &amp#27;[32mhttp-outgoing-1 << Transfer-Encoding: chunked
&amp#27;[0;39m2023-05-08 13:18:59,856 [main] &amp#27;[39mDEBUG&amp#27;[0;39m &amp#27;[36mc.g.d.z.s.o.a.h.c.h.i.c.MainClientExec&amp#27;[0;39m - &amp#27;[32mex-00000043: connection can be kept alive for 3 MINUTES
&amp#27;[0;39m2023-05-08 13:18:59,857 [main] &amp#27;[39mDEBUG&amp#27;[0;39m &amp#27;[36mc.g.d.z.s.o.a.h.c.h.i.c.InternalHttpClient&amp#27;[0;39m - &amp#27;[32mep-00000042: releasing valid endpoint
&amp#27;[0;39m2023-05-08 13:18:59,857 [main] &amp#27;[39mDEBUG&amp#27;[0;39m &amp#27;[36mc.g.d.z.s.o.a.h.c.h.i.i.PoolingHttpClientConnectionManager&amp#27;[0;39m - &amp#27;[32mep-00000042: releasing endpoint
&amp#27;[0;39m2023-05-08 13:18:59,857 [main] &amp#27;[39mDEBUG&amp#27;[0;39m &amp#27;[36mc.g.d.z.s.o.a.h.c.h.i.i.PoolingHttpClientConnectionManager&amp#27;[0;39m - &amp#27;[32mep-00000042: connection http-outgoing-1 can be kept alive for 3 MINUTES
&amp#27;[0;39m2023-05-08 13:18:59,857 [main] &amp#27;[39mDEBUG&amp#27;[0;39m &amp#27;[36mc.g.d.z.s.o.a.h.c.h.i.i.PoolingHttpClientConnectionManager&amp#27;[0;39m - &amp#27;[32mep-00000042: connection released [route: {}->unix://localhost:2375][total available: 1; route allocated: 1 of 2147483647; total allocated: 1 of 2147483647]
&amp#27;[0;39m2023-05-08 13:18:59,857 [main] &amp#27;[39mDEBUG&amp#27;[0;39m &amp#27;[36mtc.mysql:8.0.0&amp#27;[0;39m - &amp#27;[32mTrying to create JDBC connection using com.mysql.cj.jdbc.Driver to jdbc:mysql://localhost:32781/test?useSSL=false&allowPublicKeyRetrieval=true with properties: {password=test, user=test}
&amp#27;[0;39m2023-05-08 13:18:59,958 [main] &amp#27;[39mDEBUG&amp#27;[0;39m &amp#27;[36mo.t.s.c.g.d.c.command.AbstrDockerCmd&amp#27;[0;39m - &amp#27;[32mCmd: cccfb0602d7e775562ae171a9fe0a7ec811b6906268008a84fea93151d2a7305,false
&amp#27;[0;39m2023-05-08 13:18:59,958 [main] &amp#27;[39mDEBUG&amp#27;[0;39m &amp#27;[36mo.t.s.c.g.d.c.e.InspectContainerCmdExec&amp#27;[0;39m - &amp#27;[32mGET: DefaultWebTarget{path=[/containers/cccfb0602d7e775562ae171a9fe0a7ec811b6906268008a84fea93151d2a7305/json], queryParams={}}
&amp#27;[0;39m2023-05-08 13:18:59,959 [main] &amp#27;[39mDEBUG&amp#27;[0;39m &amp#27;[36mc.g.d.z.s.o.a.h.c.h.i.c.InternalHttpClient&amp#27;[0;39m - &amp#27;[32mex-00000044: preparing request execution
&amp#27;[0;39m2023-05-08 13:18:59,959 [main] &amp#27;[39mDEBUG&amp#27;[0;39m &amp#27;[36mc.g.d.z.s.o.a.h.c.h.p.RequestAddCookies&amp#27;[0;39m - &amp#27;[32mCookie spec selected: strict
&amp#27;[0;39m2023-05-08 13:18:59,959 [main] &amp#27;[39mDEBUG&amp#27;[0;39m &amp#27;[36mc.g.d.z.s.o.a.h.c.h.p.RequestAuthCache&amp#27;[0;39m - &amp#27;[32mAuth cache not set in the context
&amp#27;[0;39m2023-05-08 13:18:59,959 [main] &amp#27;[39mDEBUG&amp#27;[0;39m &amp#27;[36mc.g.d.z.s.o.a.h.c.h.i.c.ProtocolExec&amp#27;[0;39m - &amp#27;[32mex-00000044: target auth state: UNCHALLENGED
&amp#27;[0;39m2023-05-08 13:18:59,959 [main] &amp#27;[39mDEBUG&amp#27;[0;39m &amp#27;[36mc.g.d.z.s.o.a.h.c.h.i.c.ProtocolExec&amp#27;[0;39m - &amp#27;[32mex-00000044: proxy auth state: UNCHALLENGED
&amp#27;[0;39m2023-05-08 13:18:59,959 [main] &amp#27;[39mDEBUG&amp#27;[0;39m &amp#27;[36mc.g.d.z.s.o.a.h.c.h.i.c.ConnectExec&amp#27;[0;39m - &amp#27;[32mex-00000044: acquiring connection with route {}->unix://localhost:2375
&amp#27;[0;39m2023-05-08 13:18:59,959 [main] &amp#27;[39mDEBUG&amp#27;[0;39m &amp#27;[36mc.g.d.z.s.o.a.h.c.h.i.c.InternalHttpClient&amp#27;[0;39m - &amp#27;[32mex-00000044: acquiring endpoint (3 MINUTES)
&amp#27;[0;39m2023-05-08 13:18:59,959 [main] &amp#27;[39mDEBUG&amp#27;[0;39m &amp#27;[36mc.g.d.z.s.o.a.h.c.h.i.i.PoolingHttpClientConnectionManager&amp#27;[0;39m - &amp#27;[32mex-00000044: endpoint lease request (3 MINUTES) [route: {}->unix://localhost:2375][total available: 1; route allocated: 1 of 2147483647; total allocated: 1 of 2147483647]
&amp#27;[0;39m2023-05-08 13:18:59,959 [main] &amp#27;[39mDEBUG&amp#27;[0;39m &amp#27;[36mc.g.d.z.s.o.a.h.c.h.i.i.PoolingHttpClientConnectionManager&amp#27;[0;39m - &amp#27;[32mex-00000044: endpoint leased [route: {}->unix://localhost:2375][total available: 0; route allocated: 1 of 2147483647; total allocated: 1 of 2147483647]
&amp#27;[0;39m2023-05-08 13:18:59,959 [main] &amp#27;[39mDEBUG&amp#27;[0;39m &amp#27;[36mc.g.d.z.s.o.a.h.c.h.i.i.PoolingHttpClientConnectionManager&amp#27;[0;39m - &amp#27;[32mex-00000044: acquired ep-00000043
&amp#27;[0;39m2023-05-08 13:18:59,959 [main] &amp#27;[39mDEBUG&amp#27;[0;39m &amp#27;[36mc.g.d.z.s.o.a.h.c.h.i.c.InternalHttpClient&amp#27;[0;39m - &amp#27;[32mex-00000044: acquired endpoint ep-00000043
&amp#27;[0;39m2023-05-08 13:18:59,959 [main] &amp#27;[39mDEBUG&amp#27;[0;39m &amp#27;[36mc.g.d.z.s.o.a.h.c.h.i.c.MainClientExec&amp#27;[0;39m - &amp#27;[32mex-00000044: executing GET /v1.32/containers/cccfb0602d7e775562ae171a9fe0a7ec811b6906268008a84fea93151d2a7305/json HTTP/1.1
&amp#27;[0;39m2023-05-08 13:18:59,959 [main] &amp#27;[39mDEBUG&amp#27;[0;39m &amp#27;[36mc.g.d.z.s.o.a.h.c.h.i.c.InternalHttpClient&amp#27;[0;39m - &amp#27;[32mep-00000043: start execution ex-00000044
&amp#27;[0;39m2023-05-08 13:18:59,959 [main] &amp#27;[39mDEBUG&amp#27;[0;39m &amp#27;[36mc.g.d.z.s.o.a.h.c.h.i.i.PoolingHttpClientConnectionManager&amp#27;[0;39m - &amp#27;[32mep-00000043: executing exchange ex-00000044 over http-outgoing-1
&amp#27;[0;39m2023-05-08 13:18:59,959 [main] &amp#27;[39mDEBUG&amp#27;[0;39m &amp#27;[36mc.g.d.z.s.o.a.h.client5.http.headers&amp#27;[0;39m - &amp#27;[32mhttp-outgoing-1 >> GET /v1.32/containers/cccfb0602d7e775562ae171a9fe0a7ec811b6906268008a84fea93151d2a7305/json HTTP/1.1
&amp#27;[0;39m2023-05-08 13:18:59,959 [main] &amp#27;[39mDEBUG&amp#27;[0;39m &amp#27;[36mc.g.d.z.s.o.a.h.client5.http.headers&amp#27;[0;39m - &amp#27;[32mhttp-outgoing-1 >> accept: application/json
&amp#27;[0;39m2023-05-08 13:18:59,959 [main] &amp#27;[39mDEBUG&amp#27;[0;39m &amp#27;[36mc.g.d.z.s.o.a.h.client5.http.headers&amp#27;[0;39m - &amp#27;[32mhttp-outgoing-1 >> x-tc-sid: f1b696c1-ec3f-4f95-afa8-081853be7ccb
&amp#27;[0;39m2023-05-08 13:18:59,959 [main] &amp#27;[39mDEBUG&amp#27;[0;39m &amp#27;[36mc.g.d.z.s.o.a.h.client5.http.headers&amp#27;[0;39m - &amp#27;[32mhttp-outgoing-1 >> Accept-Encoding: gzip, x-gzip, deflate
&amp#27;[0;39m2023-05-08 13:18:59,959 [main] &amp#27;[39mDEBUG&amp#27;[0;39m &amp#27;[36mc.g.d.z.s.o.a.h.client5.http.headers&amp#27;[0;39m - &amp#27;[32mhttp-outgoing-1 >> Host: localhost:2375
&amp#27;[0;39m2023-05-08 13:18:59,959 [main] &amp#27;[39mDEBUG&amp#27;[0;39m &amp#27;[36mc.g.d.z.s.o.a.h.client5.http.headers&amp#27;[0;39m - &amp#27;[32mhttp-outgoing-1 >> Connection: keep-alive
&amp#27;[0;39m2023-05-08 13:18:59,959 [main] &amp#27;[39mDEBUG&amp#27;[0;39m &amp#27;[36mc.g.d.z.s.o.a.h.client5.http.headers&amp#27;[0;39m - &amp#27;[32mhttp-outgoing-1 >> User-Agent: Apache-HttpClient/5.0.3 (Java/17.0.6)
&amp#27;[0;39m2023-05-08 13:18:59,959 [main] &amp#27;[39mDEBUG&amp#27;[0;39m &amp#27;[36mc.g.d.z.s.o.a.hc.client5.http.wire&amp#27;[0;39m - &amp#27;[32mhttp-outgoing-1 >> "GET /v1.32/containers/cccfb0602d7e775562ae171a9fe0a7ec811b6906268008a84fea93151d2a7305/json HTTP/1.1[\r][\n]"
&amp#27;[0;39m2023-05-08 13:18:59,959 [main] &amp#27;[39mDEBUG&amp#27;[0;39m &amp#27;[36mc.g.d.z.s.o.a.hc.client5.http.wire&amp#27;[0;39m - &amp#27;[32mhttp-outgoing-1 >> "accept: application/json[\r][\n]"
&amp#27;[0;39m2023-05-08 13:18:59,959 [main] &amp#27;[39mDEBUG&amp#27;[0;39m &amp#27;[36mc.g.d.z.s.o.a.hc.client5.http.wire&amp#27;[0;39m - &amp#27;[32mhttp-outgoing-1 >> "x-tc-sid: f1b696c1-ec3f-4f95-afa8-081853be7ccb[\r][\n]"
&amp#27;[0;39m2023-05-08 13:18:59,959 [main] &amp#27;[39mDEBUG&amp#27;[0;39m &amp#27;[36mc.g.d.z.s.o.a.hc.client5.http.wire&amp#27;[0;39m - &amp#27;[32mhttp-outgoing-1 >> "Accept-Encoding: gzip, x-gzip, deflate[\r][\n]"
&amp#27;[0;39m2023-05-08 13:18:59,959 [main] &amp#27;[39mDEBUG&amp#27;[0;39m &amp#27;[36mc.g.d.z.s.o.a.hc.client5.http.wire&amp#27;[0;39m - &amp#27;[32mhttp-outgoing-1 >> "Host: localhost:2375[\r][\n]"
&amp#27;[0;39m2023-05-08 13:18:59,959 [main] &amp#27;[39mDEBUG&amp#27;[0;39m &amp#27;[36mc.g.d.z.s.o.a.hc.client5.http.wire&amp#27;[0;39m - &amp#27;[32mhttp-outgoing-1 >> "Connection: keep-alive[\r][\n]"
&amp#27;[0;39m2023-05-08 13:18:59,959 [main] &amp#27;[39mDEBUG&amp#27;[0;39m &amp#27;[36mc.g.d.z.s.o.a.hc.client5.http.wire&amp#27;[0;39m - &amp#27;[32mhttp-outgoing-1 >> "User-Agent: Apache-HttpClient/5.0.3 (Java/17.0.6)[\r][\n]"
&amp#27;[0;39m2023-05-08 13:18:59,959 [main] &amp#27;[39mDEBUG&amp#27;[0;39m &amp#27;[36mc.g.d.z.s.o.a.hc.client5.http.wire&amp#27;[0;39m - &amp#27;[32mhttp-outgoing-1 >> "[\r][\n]"
&amp#27;[0;39m2023-05-08 13:18:59,959 [main] &amp#27;[39mDEBUG&amp#27;[0;39m &amp#27;[36mc.g.d.z.s.o.a.hc.client5.http.wire&amp#27;[0;39m - &amp#27;[32mhttp-outgoing-1 << "HTTP/1.1 200 OK[\r][\n]"
&amp#27;[0;39m2023-05-08 13:18:59,959 [main] &amp#27;[39mDEBUG&amp#27;[0;39m &amp#27;[36mc.g.d.z.s.o.a.hc.client5.http.wire&amp#27;[0;39m - &amp#27;[32mhttp-outgoing-1 << "Api-Version: 1.42[\r][\n]"
&amp#27;[0;39m2023-05-08 13:18:59,959 [main] &amp#27;[39mDEBUG&amp#27;[0;39m &amp#27;[36mc.g.d.z.s.o.a.hc.client5.http.wire&amp#27;[0;39m - &amp#27;[32mhttp-outgoing-1 << "Content-Type: application/json[\r][\n]"
&amp#27;[0;39m2023-05-08 13:18:59,959 [main] &amp#27;[39mDEBUG&amp#27;[0;39m &amp#27;[36mc.g.d.z.s.o.a.hc.client5.http.wire&amp#27;[0;39m - &amp#27;[32mhttp-outgoing-1 << "Docker-Experimental: false[\r][\n]"
&amp#27;[0;39m2023-05-08 13:18:59,959 [main] &amp#27;[39mDEBUG&amp#27;[0;39m &amp#27;[36mc.g.d.z.s.o.a.hc.client5.http.wire&amp#27;[0;39m - &amp#27;[32mhttp-outgoing-1 << "Ostype: linux[\r][\n]"
&amp#27;[0;39m2023-05-08 13:18:59,959 [main] &amp#27;[39mDEBUG&amp#27;[0;39m &amp#27;[36mc.g.d.z.s.o.a.hc.client5.http.wire&amp#27;[0;39m - &amp#27;[32mhttp-outgoing-1 << "Server: Docker/23.0.5 (linux)[\r][\n]"
&amp#27;[0;39m2023-05-08 13:18:59,959 [main] &amp#27;[39mDEBUG&amp#27;[0;39m &amp#27;[36mc.g.d.z.s.o.a.hc.client5.http.wire&amp#27;[0;39m - &amp#27;[32mhttp-outgoing-1 << "Date: Mon, 08 May 2023 11:18:59 GMT[\r][\n]"
&amp#27;[0;39m2023-05-08 13:18:59,959 [main] &amp#27;[39mDEBUG&amp#27;[0;39m &amp#27;[36mc.g.d.z.s.o.a.hc.client5.http.wire&amp#27;[0;39m - &amp#27;[32mhttp-outgoing-1 << "Transfer-Encoding: chunked[\r][\n]"
&amp#27;[0;39m2023-05-08 13:18:59,959 [main] &amp#27;[39mDEBUG&amp#27;[0;39m &amp#27;[36mc.g.d.z.s.o.a.hc.client5.http.wire&amp#27;[0;39m - &amp#27;[32mhttp-outgoing-1 << "[\r][\n]"
&amp#27;[0;39m2023-05-08 13:18:59,959 [main] &amp#27;[39mDEBUG&amp#27;[0;39m &amp#27;[36mc.g.d.z.s.o.a.hc.client5.http.wire&amp#27;[0;39m - &amp#27;[32mhttp-outgoing-1 << "1890[\r][\n]"
&amp#27;[0;39m2023-05-08 13:18:59,959 [main] &amp#27;[39mDEBUG&amp#27;[0;39m &amp#27;[36mc.g.d.z.s.o.a.hc.client5.http.wire&amp#27;[0;39m - &amp#27;[32mhttp-outgoing-1 << "{"Id":"cccfb0602d7e775562ae171a9fe0a7ec811b6906268008a84fea93151d2a7305","Created":"2023-05-08T11:18:54.120535425Z","Path":"docker-entrypoint.sh","Args":["mysqld"],"State":{"Status":"running","Running":true,"Paused":false,"Restarting":false,"OOMKilled":false,"Dead":false,"Pid":59126,"ExitCode":0,"Error":"","StartedAt":"2023-05-08T11:18:54.468577716Z","FinishedAt":"0001-01-01T00:00:00Z"},"Image":"sha256:228d71078f8ce5ae9fd96b183f88c3a90e30544b4b7ce9d64a238d05fef2a681","ResolvConfPath":"/var/lib/docker/containers/cccfb0602d7e775562ae171a9fe0a7ec811b6906268008a84fea93151d2a7305/resolv.conf","HostnamePath":"/var/lib/docker/containers/cccfb0602d7e775562ae171a9fe0a7ec811b6906268008a84fea93151d2a7305/hostname","HostsPath":"/var/lib/docker/containers/cccfb0602d7e775562ae171a9fe0a7ec811b6906268008a84fea93151d2a7305/hosts","LogPath":"/var/lib/docker/containers/cccfb0602d7e775562ae171a9fe0a7ec811b6906268008a84fea93151d2a7305/cccfb0602d7e775562ae171a9fe0a7ec811b6906268008a84fea93151d2a7305-json.log","Name":"/charming_goodall","RestartCount":0,"Driver":"overlay2","Platform":"linux","MountLabel":"","ProcessLabel":"","AppArmorProfile":"docker-default","ExecIDs":null,"HostConfig":{"Binds":[],"ContainerIDFile":"","LogConfig":{"Type":"json-file","Config":{}},"NetworkMode":"default","PortBindings":{"3306/tcp":[{"HostIp":"","HostPort":""}]},"RestartPolicy":{"Name":"","MaximumRetryCount":0},"AutoRemove":false,"VolumeDriver":"","VolumesFrom":[],"ConsoleSize":[0,0],"CapAdd":null,"CapDrop":null,"CgroupnsMode":"private","Dns":null,"DnsOptions":null,"DnsSearch":null,"ExtraHosts":[],"GroupAdd":null,"IpcMode":"shareable","Cgroup":"","Links":null,"OomScoreAdj":0,"PidMode":"","Privileged":false,"PublishAllPorts":false,"ReadonlyRootfs":false,"SecurityOpt":null,"UTSMode":"","UsernsMode":"","ShmSize":67108864,"Runtime":"runc","Isolation":"","CpuShares":0,"Memory":0,"NanoCpus":0,"CgroupParent":"","BlkioWeight":0,"BlkioWeightDevice":null,"BlkioDeviceReadBps":null,"BlkioDeviceWriteBps":null,"BlkioDeviceReadIOps":null,"BlkioDeviceWriteIOps":null,"CpuPeriod":0,"CpuQuota":0,"CpuRealtimePeriod":0,"CpuRealtimeRuntime":0,"CpusetCpus":"","CpusetMems":"","Devices":null,"DeviceCgroupRules":null,"DeviceRequests":null,"MemoryReservation":0,"MemorySwap":0,"MemorySwappiness":null,"OomKillDisable":null,"PidsLimit":null,"Ulimits":null,"CpuCount":0,"CpuPercent":0,"IOMaximumIOps":0,"IOMaximumBandwidth":0,"MaskedPaths":["/proc/asound","/proc/acpi","/proc/kcore","/proc/keys","/proc/latency_stats","/proc/timer_list","/proc/timer_stats","/proc/sched_debug","/proc/scsi","/sys/firmware"],"ReadonlyPaths":["/proc/bus","/proc/fs","/proc/irq","/proc/sys","/proc/sysrq-trigger"]},"GraphDriver":{"Data":{"LowerDir":"/var/lib/docker/overlay2/0075f27ac39799b376a3e23bf05a650eb10c8a0f9ef49be1ab61e98fd3b93dc3-init/diff:/var/lib/docker/overlay2/4c6e20f032f02b27a9272f982861dc21998197aa90d94ed3bef95d449380247c/diff:/var/lib/docker/overlay2/0c75f828f603eff839bb3ca448163ab2a8017e86625ac255cd3dbf1673ddac26/diff:/var/lib/docker/overlay2/da128d897fda75829109844ce6cd9d73d0f54c682e735100af000ce899908729/diff:/var/lib/docker/overlay2/b678a1f261bf323afba6d76d91ab7428bdd6e1ef4a39b5224e4a1afd08c0423a/diff:/var/lib/docker/overlay2/1bec43b14875c5f9f814f146e8e31aa78566689c2c163da2ac60a32254988437/diff:/var/lib/docker/overlay2/28f4b1e6e1a7a2dbe30f1f94fb42bccd85a61faf8af1fe30a5bb0d442c525e41/diff:/var/lib/docker/overlay2/0f493124464c291d7c97d2633d5dff04b1dce5de904cb40a34dfbe7fe72e3fd4/diff:/var/lib/docker/overlay2/05befbee9e38cd670e1786b3310e99796dcc06abbed970007b4109a5424843fa/diff:/var/lib/docker/overlay2/582bcca9acfc4eef25109e1e1b9c9d104f355798455bc73e855c99283887a6e8/diff:/var/lib/docker/overlay2/153b3bf0b69e97e8f0e5533414a31ca33fa530e63d174c9617621abe46e7e9d1/diff:/var/lib/docker/overlay2/bf87a76c0a38875ee6e915fd0d2527eafa880ec6bf2c1cb294959428c18d10bd/diff","MergedDir":"/var/lib/docker/overlay2/0075f27ac39799b376a3e23bf05a650eb10c8a0f9ef49be1ab61e98fd3b93dc3/merged","UpperDir":"/var/lib/docker/overlay2/0075f27ac39799b376a3e23bf05a650eb10c8a0f9ef49be1ab61e98fd3b93dc3/diff","WorkDir":"/var/lib/docker/overlay2/0075f27ac39799b376a3e23bf05a650eb10c8a0f9ef49be1ab61e98fd3b93dc3/work"},"Name":"overlay2"},"Mounts":[{"Type":"volume","Name":"ffd30c8cc7ed7bf91bc1ebef46b0f06493ce1d3121e28c37d40240bd74b844a5","Source":"/var/lib/docker/volumes/ffd30c8cc7ed7bf91bc1ebef46b0f06493ce1d3121e28c37d40240bd74b844a5/_data","Destination":"/var/lib/mysql","Driver":"local","Mode":"","RW":true,"Propagation":""}],"Config":{"Hostname":"cccfb0602d7e","Domainname":"","User":"","AttachStdin":false,"AttachStdout":false,"AttachStderr":false,"ExposedPorts":{"3306/tcp":{}},"Tty":false,"OpenStdin":false,"StdinOnce":false,"Env":["MYSQL_DATABASE=test","MYSQL_PASSWORD=test","MYSQL_USER=test","MYSQL_ROOT_PASSWORD=test","PATH=/usr/local/sbin:/usr/local/bin:/usr/sbin:/usr/bin:/sbin:/bin","GOSU_VERSION=1.7","MYSQL_MAJOR=8.0","MYSQL_VERSION=8.0.0-dmr-1debian8"],"Cmd":["mysqld"],"Image":"mysql:8.0.0","Volumes":{"/var/lib/mysql":{}},"WorkingDir":"","Entrypoint":["docker-entrypoint.sh"],"OnBuild":null,"Labels":{"org.testcontainers":"true","org.testcontainers.lang":"java","org.testcontainers.sessionId":"f1b696c1-ec3f-4f95-afa8-081853be7ccb","org.testcontainers.version":"1.18.0"}},"NetworkSettings":{"Bridge":"","SandboxID":"75a4ef0436803615aa77c8b97de3cbbdd49519261fe2b3b6cdcae9bd2b1154aa","HairpinMode":false,"LinkLocalIPv6Address":"","LinkLocalIPv6PrefixLen":0,"Ports":{"3306/tcp":[{"HostIp":"0.0.0.0","HostPort":"32781"},{"HostIp":"::","HostPort":"32781"}]},"SandboxKey":"/var/run/docker/netns/75a4ef043680","SecondaryIPAddresses":null,"SecondaryIPv6Addresses":null,"EndpointID":"de3a5c9cc9471fdbec5943d78a8803fca61208fe4021ac9d3922ee2e8ec0d135","Gateway":"172.17.0.1","GlobalIPv6Address":"","GlobalIPv6PrefixLen":0,"IPAddress":"172.17.0.3","IPPrefixLen":16,"IPv6Gateway":"","MacAddress":"02:42:ac:11:00:03","Networks":{"bridge":{"IPAMConfig":null,"Links":null,"Aliases":null,"NetworkID":"e1a078e12eb8d77b497ed932f7fb43787eeb6ff6972febd7d03c9282b8b5cd45","EndpointID":"de3a5c9cc9471fdbec5943d78a8803fca61208fe4021ac9d3922ee2e8ec0d135","Gateway":"172.17.0.1","IPAddress":"172.17.0.3","IPPrefixLen":16,"IPv6Gateway":"","GlobalIPv6Address":"","GlobalIPv6PrefixLen":0,"MacAddress":"02:42:ac:11:00:03","DriverOpts":null}}}}[\n]"
&amp#27;[0;39m2023-05-08 13:18:59,960 [main] &amp#27;[39mDEBUG&amp#27;[0;39m &amp#27;[36mc.g.d.z.s.o.a.hc.client5.http.wire&amp#27;[0;39m - &amp#27;[32mhttp-outgoing-1 << "[\r][\n]"
&amp#27;[0;39m2023-05-08 13:18:59,960 [main] &amp#27;[39mDEBUG&amp#27;[0;39m &amp#27;[36mc.g.d.z.s.o.a.hc.client5.http.wire&amp#27;[0;39m - &amp#27;[32mhttp-outgoing-1 << "0[\r][\n]"
&amp#27;[0;39m2023-05-08 13:18:59,960 [main] &amp#27;[39mDEBUG&amp#27;[0;39m &amp#27;[36mc.g.d.z.s.o.a.hc.client5.http.wire&amp#27;[0;39m - &amp#27;[32mhttp-outgoing-1 << "[\r][\n]"
&amp#27;[0;39m2023-05-08 13:18:59,960 [main] &amp#27;[39mDEBUG&amp#27;[0;39m &amp#27;[36mc.g.d.z.s.o.a.h.client5.http.headers&amp#27;[0;39m - &amp#27;[32mhttp-outgoing-1 << HTTP/1.1 200 OK
&amp#27;[0;39m2023-05-08 13:18:59,960 [main] &amp#27;[39mDEBUG&amp#27;[0;39m &amp#27;[36mc.g.d.z.s.o.a.h.client5.http.headers&amp#27;[0;39m - &amp#27;[32mhttp-outgoing-1 << Api-Version: 1.42
&amp#27;[0;39m2023-05-08 13:18:59,960 [main] &amp#27;[39mDEBUG&amp#27;[0;39m &amp#27;[36mc.g.d.z.s.o.a.h.client5.http.headers&amp#27;[0;39m - &amp#27;[32mhttp-outgoing-1 << Content-Type: application/json
&amp#27;[0;39m2023-05-08 13:18:59,960 [main] &amp#27;[39mDEBUG&amp#27;[0;39m &amp#27;[36mc.g.d.z.s.o.a.h.client5.http.headers&amp#27;[0;39m - &amp#27;[32mhttp-outgoing-1 << Docker-Experimental: false
&amp#27;[0;39m2023-05-08 13:18:59,960 [main] &amp#27;[39mDEBUG&amp#27;[0;39m &amp#27;[36mc.g.d.z.s.o.a.h.client5.http.headers&amp#27;[0;39m - &amp#27;[32mhttp-outgoing-1 << Ostype: linux
&amp#27;[0;39m2023-05-08 13:18:59,960 [main] &amp#27;[39mDEBUG&amp#27;[0;39m &amp#27;[36mc.g.d.z.s.o.a.h.client5.http.headers&amp#27;[0;39m - &amp#27;[32mhttp-outgoing-1 << Server: Docker/23.0.5 (linux)
&amp#27;[0;39m2023-05-08 13:18:59,960 [main] &amp#27;[39mDEBUG&amp#27;[0;39m &amp#27;[36mc.g.d.z.s.o.a.h.client5.http.headers&amp#27;[0;39m - &amp#27;[32mhttp-outgoing-1 << Date: Mon, 08 May 2023 11:18:59 GMT
&amp#27;[0;39m2023-05-08 13:18:59,960 [main] &amp#27;[39mDEBUG&amp#27;[0;39m &amp#27;[36mc.g.d.z.s.o.a.h.client5.http.headers&amp#27;[0;39m - &amp#27;[32mhttp-outgoing-1 << Transfer-Encoding: chunked
&amp#27;[0;39m2023-05-08 13:18:59,960 [main] &amp#27;[39mDEBUG&amp#27;[0;39m &amp#27;[36mc.g.d.z.s.o.a.h.c.h.i.c.MainClientExec&amp#27;[0;39m - &amp#27;[32mex-00000044: connection can be kept alive for 3 MINUTES
&amp#27;[0;39m2023-05-08 13:18:59,960 [main] &amp#27;[39mDEBUG&amp#27;[0;39m &amp#27;[36mc.g.d.z.s.o.a.h.c.h.i.c.InternalHttpClient&amp#27;[0;39m - &amp#27;[32mep-00000043: releasing valid endpoint
&amp#27;[0;39m2023-05-08 13:18:59,960 [main] &amp#27;[39mDEBUG&amp#27;[0;39m &amp#27;[36mc.g.d.z.s.o.a.h.c.h.i.i.PoolingHttpClientConnectionManager&amp#27;[0;39m - &amp#27;[32mep-00000043: releasing endpoint
&amp#27;[0;39m2023-05-08 13:18:59,960 [main] &amp#27;[39mDEBUG&amp#27;[0;39m &amp#27;[36mc.g.d.z.s.o.a.h.c.h.i.i.PoolingHttpClientConnectionManager&amp#27;[0;39m - &amp#27;[32mep-00000043: connection http-outgoing-1 can be kept alive for 3 MINUTES
&amp#27;[0;39m2023-05-08 13:18:59,960 [main] &amp#27;[39mDEBUG&amp#27;[0;39m &amp#27;[36mc.g.d.z.s.o.a.h.c.h.i.i.PoolingHttpClientConnectionManager&amp#27;[0;39m - &amp#27;[32mep-00000043: connection released [route: {}->unix://localhost:2375][total available: 1; route allocated: 1 of 2147483647; total allocated: 1 of 2147483647]
&amp#27;[0;39m2023-05-08 13:18:59,960 [main] &amp#27;[39mDEBUG&amp#27;[0;39m &amp#27;[36mtc.mysql:8.0.0&amp#27;[0;39m - &amp#27;[32mTrying to create JDBC connection using com.mysql.cj.jdbc.Driver to jdbc:mysql://localhost:32781/test?useSSL=false&allowPublicKeyRetrieval=true with properties: {password=test, user=test}
&amp#27;[0;39m2023-05-08 13:19:00,061 [main] &amp#27;[39mDEBUG&amp#27;[0;39m &amp#27;[36mo.t.s.c.g.d.c.command.AbstrDockerCmd&amp#27;[0;39m - &amp#27;[32mCmd: cccfb0602d7e775562ae171a9fe0a7ec811b6906268008a84fea93151d2a7305,false
&amp#27;[0;39m2023-05-08 13:19:00,062 [main] &amp#27;[39mDEBUG&amp#27;[0;39m &amp#27;[36mo.t.s.c.g.d.c.e.InspectContainerCmdExec&amp#27;[0;39m - &amp#27;[32mGET: DefaultWebTarget{path=[/containers/cccfb0602d7e775562ae171a9fe0a7ec811b6906268008a84fea93151d2a7305/json], queryParams={}}
&amp#27;[0;39m2023-05-08 13:19:00,062 [main] &amp#27;[39mDEBUG&amp#27;[0;39m &amp#27;[36mc.g.d.z.s.o.a.h.c.h.i.c.InternalHttpClient&amp#27;[0;39m - &amp#27;[32mex-00000045: preparing request execution
&amp#27;[0;39m2023-05-08 13:19:00,062 [main] &amp#27;[39mDEBUG&amp#27;[0;39m &amp#27;[36mc.g.d.z.s.o.a.h.c.h.p.RequestAddCookies&amp#27;[0;39m - &amp#27;[32mCookie spec selected: strict
&amp#27;[0;39m2023-05-08 13:19:00,062 [main] &amp#27;[39mDEBUG&amp#27;[0;39m &amp#27;[36mc.g.d.z.s.o.a.h.c.h.p.RequestAuthCache&amp#27;[0;39m - &amp#27;[32mAuth cache not set in the context
&amp#27;[0;39m2023-05-08 13:19:00,062 [main] &amp#27;[39mDEBUG&amp#27;[0;39m &amp#27;[36mc.g.d.z.s.o.a.h.c.h.i.c.ProtocolExec&amp#27;[0;39m - &amp#27;[32mex-00000045: target auth state: UNCHALLENGED
&amp#27;[0;39m2023-05-08 13:19:00,062 [main] &amp#27;[39mDEBUG&amp#27;[0;39m &amp#27;[36mc.g.d.z.s.o.a.h.c.h.i.c.ProtocolExec&amp#27;[0;39m - &amp#27;[32mex-00000045: proxy auth state: UNCHALLENGED
&amp#27;[0;39m2023-05-08 13:19:00,062 [main] &amp#27;[39mDEBUG&amp#27;[0;39m &amp#27;[36mc.g.d.z.s.o.a.h.c.h.i.c.ConnectExec&amp#27;[0;39m - &amp#27;[32mex-00000045: acquiring connection with route {}->unix://localhost:2375
&amp#27;[0;39m2023-05-08 13:19:00,062 [main] &amp#27;[39mDEBUG&amp#27;[0;39m &amp#27;[36mc.g.d.z.s.o.a.h.c.h.i.c.InternalHttpClient&amp#27;[0;39m - &amp#27;[32mex-00000045: acquiring endpoint (3 MINUTES)
&amp#27;[0;39m2023-05-08 13:19:00,063 [main] &amp#27;[39mDEBUG&amp#27;[0;39m &amp#27;[36mc.g.d.z.s.o.a.h.c.h.i.i.PoolingHttpClientConnectionManager&amp#27;[0;39m - &amp#27;[32mex-00000045: endpoint lease request (3 MINUTES) [route: {}->unix://localhost:2375][total available: 1; route allocated: 1 of 2147483647; total allocated: 1 of 2147483647]
&amp#27;[0;39m2023-05-08 13:19:00,063 [main] &amp#27;[39mDEBUG&amp#27;[0;39m &amp#27;[36mc.g.d.z.s.o.a.h.c.h.i.i.PoolingHttpClientConnectionManager&amp#27;[0;39m - &amp#27;[32mex-00000045: endpoint leased [route: {}->unix://localhost:2375][total available: 0; route allocated: 1 of 2147483647; total allocated: 1 of 2147483647]
&amp#27;[0;39m2023-05-08 13:19:00,063 [main] &amp#27;[39mDEBUG&amp#27;[0;39m &amp#27;[36mc.g.d.z.s.o.a.h.c.h.i.i.PoolingHttpClientConnectionManager&amp#27;[0;39m - &amp#27;[32mex-00000045: acquired ep-00000044
&amp#27;[0;39m2023-05-08 13:19:00,063 [main] &amp#27;[39mDEBUG&amp#27;[0;39m &amp#27;[36mc.g.d.z.s.o.a.h.c.h.i.c.InternalHttpClient&amp#27;[0;39m - &amp#27;[32mex-00000045: acquired endpoint ep-00000044
&amp#27;[0;39m2023-05-08 13:19:00,063 [main] &amp#27;[39mDEBUG&amp#27;[0;39m &amp#27;[36mc.g.d.z.s.o.a.h.c.h.i.c.MainClientExec&amp#27;[0;39m - &amp#27;[32mex-00000045: executing GET /v1.32/containers/cccfb0602d7e775562ae171a9fe0a7ec811b6906268008a84fea93151d2a7305/json HTTP/1.1
&amp#27;[0;39m2023-05-08 13:19:00,063 [main] &amp#27;[39mDEBUG&amp#27;[0;39m &amp#27;[36mc.g.d.z.s.o.a.h.c.h.i.c.InternalHttpClient&amp#27;[0;39m - &amp#27;[32mep-00000044: start execution ex-00000045
&amp#27;[0;39m2023-05-08 13:19:00,063 [main] &amp#27;[39mDEBUG&amp#27;[0;39m &amp#27;[36mc.g.d.z.s.o.a.h.c.h.i.i.PoolingHttpClientConnectionManager&amp#27;[0;39m - &amp#27;[32mep-00000044: executing exchange ex-00000045 over http-outgoing-1
&amp#27;[0;39m2023-05-08 13:19:00,063 [main] &amp#27;[39mDEBUG&amp#27;[0;39m &amp#27;[36mc.g.d.z.s.o.a.h.client5.http.headers&amp#27;[0;39m - &amp#27;[32mhttp-outgoing-1 >> GET /v1.32/containers/cccfb0602d7e775562ae171a9fe0a7ec811b6906268008a84fea93151d2a7305/json HTTP/1.1
&amp#27;[0;39m2023-05-08 13:19:00,063 [main] &amp#27;[39mDEBUG&amp#27;[0;39m &amp#27;[36mc.g.d.z.s.o.a.h.client5.http.headers&amp#27;[0;39m - &amp#27;[32mhttp-outgoing-1 >> accept: application/json
&amp#27;[0;39m2023-05-08 13:19:00,063 [main] &amp#27;[39mDEBUG&amp#27;[0;39m &amp#27;[36mc.g.d.z.s.o.a.h.client5.http.headers&amp#27;[0;39m - &amp#27;[32mhttp-outgoing-1 >> x-tc-sid: f1b696c1-ec3f-4f95-afa8-081853be7ccb
&amp#27;[0;39m2023-05-08 13:19:00,063 [main] &amp#27;[39mDEBUG&amp#27;[0;39m &amp#27;[36mc.g.d.z.s.o.a.h.client5.http.headers&amp#27;[0;39m - &amp#27;[32mhttp-outgoing-1 >> Accept-Encoding: gzip, x-gzip, deflate
&amp#27;[0;39m2023-05-08 13:19:00,063 [main] &amp#27;[39mDEBUG&amp#27;[0;39m &amp#27;[36mc.g.d.z.s.o.a.h.client5.http.headers&amp#27;[0;39m - &amp#27;[32mhttp-outgoing-1 >> Host: localhost:2375
&amp#27;[0;39m2023-05-08 13:19:00,063 [main] &amp#27;[39mDEBUG&amp#27;[0;39m &amp#27;[36mc.g.d.z.s.o.a.h.client5.http.headers&amp#27;[0;39m - &amp#27;[32mhttp-outgoing-1 >> Connection: keep-alive
&amp#27;[0;39m2023-05-08 13:19:00,063 [main] &amp#27;[39mDEBUG&amp#27;[0;39m &amp#27;[36mc.g.d.z.s.o.a.h.client5.http.headers&amp#27;[0;39m - &amp#27;[32mhttp-outgoing-1 >> User-Agent: Apache-HttpClient/5.0.3 (Java/17.0.6)
&amp#27;[0;39m2023-05-08 13:19:00,063 [main] &amp#27;[39mDEBUG&amp#27;[0;39m &amp#27;[36mc.g.d.z.s.o.a.hc.client5.http.wire&amp#27;[0;39m - &amp#27;[32mhttp-outgoing-1 >> "GET /v1.32/containers/cccfb0602d7e775562ae171a9fe0a7ec811b6906268008a84fea93151d2a7305/json HTTP/1.1[\r][\n]"
&amp#27;[0;39m2023-05-08 13:19:00,063 [main] &amp#27;[39mDEBUG&amp#27;[0;39m &amp#27;[36mc.g.d.z.s.o.a.hc.client5.http.wire&amp#27;[0;39m - &amp#27;[32mhttp-outgoing-1 >> "accept: application/json[\r][\n]"
&amp#27;[0;39m2023-05-08 13:19:00,063 [main] &amp#27;[39mDEBUG&amp#27;[0;39m &amp#27;[36mc.g.d.z.s.o.a.hc.client5.http.wire&amp#27;[0;39m - &amp#27;[32mhttp-outgoing-1 >> "x-tc-sid: f1b696c1-ec3f-4f95-afa8-081853be7ccb[\r][\n]"
&amp#27;[0;39m2023-05-08 13:19:00,063 [main] &amp#27;[39mDEBUG&amp#27;[0;39m &amp#27;[36mc.g.d.z.s.o.a.hc.client5.http.wire&amp#27;[0;39m - &amp#27;[32mhttp-outgoing-1 >> "Accept-Encoding: gzip, x-gzip, deflate[\r][\n]"
&amp#27;[0;39m2023-05-08 13:19:00,063 [main] &amp#27;[39mDEBUG&amp#27;[0;39m &amp#27;[36mc.g.d.z.s.o.a.hc.client5.http.wire&amp#27;[0;39m - &amp#27;[32mhttp-outgoing-1 >> "Host: localhost:2375[\r][\n]"
&amp#27;[0;39m2023-05-08 13:19:00,063 [main] &amp#27;[39mDEBUG&amp#27;[0;39m &amp#27;[36mc.g.d.z.s.o.a.hc.client5.http.wire&amp#27;[0;39m - &amp#27;[32mhttp-outgoing-1 >> "Connection: keep-alive[\r][\n]"
&amp#27;[0;39m2023-05-08 13:19:00,063 [main] &amp#27;[39mDEBUG&amp#27;[0;39m &amp#27;[36mc.g.d.z.s.o.a.hc.client5.http.wire&amp#27;[0;39m - &amp#27;[32mhttp-outgoing-1 >> "User-Agent: Apache-HttpClient/5.0.3 (Java/17.0.6)[\r][\n]"
&amp#27;[0;39m2023-05-08 13:19:00,063 [main] &amp#27;[39mDEBUG&amp#27;[0;39m &amp#27;[36mc.g.d.z.s.o.a.hc.client5.http.wire&amp#27;[0;39m - &amp#27;[32mhttp-outgoing-1 >> "[\r][\n]"
&amp#27;[0;39m2023-05-08 13:19:00,064 [main] &amp#27;[39mDEBUG&amp#27;[0;39m &amp#27;[36mc.g.d.z.s.o.a.hc.client5.http.wire&amp#27;[0;39m - &amp#27;[32mhttp-outgoing-1 << "HTTP/1.1 200 OK[\r][\n]"
&amp#27;[0;39m2023-05-08 13:19:00,064 [main] &amp#27;[39mDEBUG&amp#27;[0;39m &amp#27;[36mc.g.d.z.s.o.a.hc.client5.http.wire&amp#27;[0;39m - &amp#27;[32mhttp-outgoing-1 << "Api-Version: 1.42[\r][\n]"
&amp#27;[0;39m2023-05-08 13:19:00,064 [main] &amp#27;[39mDEBUG&amp#27;[0;39m &amp#27;[36mc.g.d.z.s.o.a.hc.client5.http.wire&amp#27;[0;39m - &amp#27;[32mhttp-outgoing-1 << "Content-Type: application/json[\r][\n]"
&amp#27;[0;39m2023-05-08 13:19:00,064 [main] &amp#27;[39mDEBUG&amp#27;[0;39m &amp#27;[36mc.g.d.z.s.o.a.hc.client5.http.wire&amp#27;[0;39m - &amp#27;[32mhttp-outgoing-1 << "Docker-Experimental: false[\r][\n]"
&amp#27;[0;39m2023-05-08 13:19:00,064 [main] &amp#27;[39mDEBUG&amp#27;[0;39m &amp#27;[36mc.g.d.z.s.o.a.hc.client5.http.wire&amp#27;[0;39m - &amp#27;[32mhttp-outgoing-1 << "Ostype: linux[\r][\n]"
&amp#27;[0;39m2023-05-08 13:19:00,064 [main] &amp#27;[39mDEBUG&amp#27;[0;39m &amp#27;[36mc.g.d.z.s.o.a.hc.client5.http.wire&amp#27;[0;39m - &amp#27;[32mhttp-outgoing-1 << "Server: Docker/23.0.5 (linux)[\r][\n]"
&amp#27;[0;39m2023-05-08 13:19:00,064 [main] &amp#27;[39mDEBUG&amp#27;[0;39m &amp#27;[36mc.g.d.z.s.o.a.hc.client5.http.wire&amp#27;[0;39m - &amp#27;[32mhttp-outgoing-1 << "Date: Mon, 08 May 2023 11:19:00 GMT[\r][\n]"
&amp#27;[0;39m2023-05-08 13:19:00,064 [main] &amp#27;[39mDEBUG&amp#27;[0;39m &amp#27;[36mc.g.d.z.s.o.a.hc.client5.http.wire&amp#27;[0;39m - &amp#27;[32mhttp-outgoing-1 << "Transfer-Encoding: chunked[\r][\n]"
&amp#27;[0;39m2023-05-08 13:19:00,064 [main] &amp#27;[39mDEBUG&amp#27;[0;39m &amp#27;[36mc.g.d.z.s.o.a.hc.client5.http.wire&amp#27;[0;39m - &amp#27;[32mhttp-outgoing-1 << "[\r][\n]"
&amp#27;[0;39m2023-05-08 13:19:00,064 [main] &amp#27;[39mDEBUG&amp#27;[0;39m &amp#27;[36mc.g.d.z.s.o.a.hc.client5.http.wire&amp#27;[0;39m - &amp#27;[32mhttp-outgoing-1 << "1890[\r][\n]"
&amp#27;[0;39m2023-05-08 13:19:00,064 [main] &amp#27;[39mDEBUG&amp#27;[0;39m &amp#27;[36mc.g.d.z.s.o.a.hc.client5.http.wire&amp#27;[0;39m - &amp#27;[32mhttp-outgoing-1 << "{"Id":"cccfb0602d7e775562ae171a9fe0a7ec811b6906268008a84fea93151d2a7305","Created":"2023-05-08T11:18:54.120535425Z","Path":"docker-entrypoint.sh","Args":["mysqld"],"State":{"Status":"running","Running":true,"Paused":false,"Restarting":false,"OOMKilled":false,"Dead":false,"Pid":59126,"ExitCode":0,"Error":"","StartedAt":"2023-05-08T11:18:54.468577716Z","FinishedAt":"0001-01-01T00:00:00Z"},"Image":"sha256:228d71078f8ce5ae9fd96b183f88c3a90e30544b4b7ce9d64a238d05fef2a681","ResolvConfPath":"/var/lib/docker/containers/cccfb0602d7e775562ae171a9fe0a7ec811b6906268008a84fea93151d2a7305/resolv.conf","HostnamePath":"/var/lib/docker/containers/cccfb0602d7e775562ae171a9fe0a7ec811b6906268008a84fea93151d2a7305/hostname","HostsPath":"/var/lib/docker/containers/cccfb0602d7e775562ae171a9fe0a7ec811b6906268008a84fea93151d2a7305/hosts","LogPath":"/var/lib/docker/containers/cccfb0602d7e775562ae171a9fe0a7ec811b6906268008a84fea93151d2a7305/cccfb0602d7e775562ae171a9fe0a7ec811b6906268008a84fea93151d2a7305-json.log","Name":"/charming_goodall","RestartCount":0,"Driver":"overlay2","Platform":"linux","MountLabel":"","ProcessLabel":"","AppArmorProfile":"docker-default","ExecIDs":null,"HostConfig":{"Binds":[],"ContainerIDFile":"","LogConfig":{"Type":"json-file","Config":{}},"NetworkMode":"default","PortBindings":{"3306/tcp":[{"HostIp":"","HostPort":""}]},"RestartPolicy":{"Name":"","MaximumRetryCount":0},"AutoRemove":false,"VolumeDriver":"","VolumesFrom":[],"ConsoleSize":[0,0],"CapAdd":null,"CapDrop":null,"CgroupnsMode":"private","Dns":null,"DnsOptions":null,"DnsSearch":null,"ExtraHosts":[],"GroupAdd":null,"IpcMode":"shareable","Cgroup":"","Links":null,"OomScoreAdj":0,"PidMode":"","Privileged":false,"PublishAllPorts":false,"ReadonlyRootfs":false,"SecurityOpt":null,"UTSMode":"","UsernsMode":"","ShmSize":67108864,"Runtime":"runc","Isolation":"","CpuShares":0,"Memory":0,"NanoCpus":0,"CgroupParent":"","BlkioWeight":0,"BlkioWeightDevice":null,"BlkioDeviceReadBps":null,"BlkioDeviceWriteBps":null,"BlkioDeviceReadIOps":null,"BlkioDeviceWriteIOps":null,"CpuPeriod":0,"CpuQuota":0,"CpuRealtimePeriod":0,"CpuRealtimeRuntime":0,"CpusetCpus":"","CpusetMems":"","Devices":null,"DeviceCgroupRules":null,"DeviceRequests":null,"MemoryReservation":0,"MemorySwap":0,"MemorySwappiness":null,"OomKillDisable":null,"PidsLimit":null,"Ulimits":null,"CpuCount":0,"CpuPercent":0,"IOMaximumIOps":0,"IOMaximumBandwidth":0,"MaskedPaths":["/proc/asound","/proc/acpi","/proc/kcore","/proc/keys","/proc/latency_stats","/proc/timer_list","/proc/timer_stats","/proc/sched_debug","/proc/scsi","/sys/firmware"],"ReadonlyPaths":["/proc/bus","/proc/fs","/proc/irq","/proc/sys","/proc/sysrq-trigger"]},"GraphDriver":{"Data":{"LowerDir":"/var/lib/docker/overlay2/0075f27ac39799b376a3e23bf05a650eb10c8a0f9ef49be1ab61e98fd3b93dc3-init/diff:/var/lib/docker/overlay2/4c6e20f032f02b27a9272f982861dc21998197aa90d94ed3bef95d449380247c/diff:/var/lib/docker/overlay2/0c75f828f603eff839bb3ca448163ab2a8017e86625ac255cd3dbf1673ddac26/diff:/var/lib/docker/overlay2/da128d897fda75829109844ce6cd9d73d0f54c682e735100af000ce899908729/diff:/var/lib/docker/overlay2/b678a1f261bf323afba6d76d91ab7428bdd6e1ef4a39b5224e4a1afd08c0423a/diff:/var/lib/docker/overlay2/1bec43b14875c5f9f814f146e8e31aa78566689c2c163da2ac60a32254988437/diff:/var/lib/docker/overlay2/28f4b1e6e1a7a2dbe30f1f94fb42bccd85a61faf8af1fe30a5bb0d442c525e41/diff:/var/lib/docker/overlay2/0f493124464c291d7c97d2633d5dff04b1dce5de904cb40a34dfbe7fe72e3fd4/diff:/var/lib/docker/overlay2/05befbee9e38cd670e1786b3310e99796dcc06abbed970007b4109a5424843fa/diff:/var/lib/docker/overlay2/582bcca9acfc4eef25109e1e1b9c9d104f355798455bc73e855c99283887a6e8/diff:/var/lib/docker/overlay2/153b3bf0b69e97e8f0e5533414a31ca33fa530e63d174c9617621abe46e7e9d1/diff:/var/lib/docker/overlay2/bf87a76c0a38875ee6e915fd0d2527eafa880ec6bf2c1cb294959428c18d10bd/diff","MergedDir":"/var/lib/docker/overlay2/0075f27ac39799b376a3e23bf05a650eb10c8a0f9ef49be1ab61e98fd3b93dc3/merged","UpperDir":"/var/lib/docker/overlay2/0075f27ac39799b376a3e23bf05a650eb10c8a0f9ef49be1ab61e98fd3b93dc3/diff","WorkDir":"/var/lib/docker/overlay2/0075f27ac39799b376a3e23bf05a650eb10c8a0f9ef49be1ab61e98fd3b93dc3/work"},"Name":"overlay2"},"Mounts":[{"Type":"volume","Name":"ffd30c8cc7ed7bf91bc1ebef46b0f06493ce1d3121e28c37d40240bd74b844a5","Source":"/var/lib/docker/volumes/ffd30c8cc7ed7bf91bc1ebef46b0f06493ce1d3121e28c37d40240bd74b844a5/_data","Destination":"/var/lib/mysql","Driver":"local","Mode":"","RW":true,"Propagation":""}],"Config":{"Hostname":"cccfb0602d7e","Domainname":"","User":"","AttachStdin":false,"AttachStdout":false,"AttachStderr":false,"ExposedPorts":{"3306/tcp":{}},"Tty":false,"OpenStdin":false,"StdinOnce":false,"Env":["MYSQL_DATABASE=test","MYSQL_PASSWORD=test","MYSQL_USER=test","MYSQL_ROOT_PASSWORD=test","PATH=/usr/local/sbin:/usr/local/bin:/usr/sbin:/usr/bin:/sbin:/bin","GOSU_VERSION=1.7","MYSQL_MAJOR=8.0","MYSQL_VERSION=8.0.0-dmr-1debian8"],"Cmd":["mysqld"],"Image":"mysql:8.0.0","Volumes":{"/var/lib/mysql":{}},"WorkingDir":"","Entrypoint":["docker-entrypoint.sh"],"OnBuild":null,"Labels":{"org.testcontainers":"true","org.testcontainers.lang":"java","org.testcontainers.sessionId":"f1b696c1-ec3f-4f95-afa8-081853be7ccb","org.testcontainers.version":"1.18.0"}},"NetworkSettings":{"Bridge":"","SandboxID":"75a4ef0436803615aa77c8b97de3cbbdd49519261fe2b3b6cdcae9bd2b1154aa","HairpinMode":false,"LinkLocalIPv6Address":"","LinkLocalIPv6PrefixLen":0,"Ports":{"3306/tcp":[{"HostIp":"0.0.0.0","HostPort":"32781"},{"HostIp":"::","HostPort":"32781"}]},"SandboxKey":"/var/run/docker/netns/75a4ef043680","SecondaryIPAddresses":null,"SecondaryIPv6Addresses":null,"EndpointID":"de3a5c9cc9471fdbec5943d78a8803fca61208fe4021ac9d3922ee2e8ec0d135","Gateway":"172.17.0.1","GlobalIPv6Address":"","GlobalIPv6PrefixLen":0,"IPAddress":"172.17.0.3","IPPrefixLen":16,"IPv6Gateway":"","MacAddress":"02:42:ac:11:00:03","Networks":{"bridge":{"IPAMConfig":null,"Links":null,"Aliases":null,"NetworkID":"e1a078e12eb8d77b497ed932f7fb43787eeb6ff6972febd7d03c9282b8b5cd45","EndpointID":"de3a5c9cc9471fdbec5943d78a8803fca61208fe4021ac9d3922ee2e8ec0d135","Gateway":"172.17.0.1","IPAddress":"172.17.0.3","IPPrefixLen":16,"IPv6Gateway":"","GlobalIPv6Address":"","GlobalIPv6PrefixLen":0,"MacAddress":"02:42:ac:11:00:03","DriverOpts":null}}}}[\n]"
&amp#27;[0;39m2023-05-08 13:19:00,064 [main] &amp#27;[39mDEBUG&amp#27;[0;39m &amp#27;[36mc.g.d.z.s.o.a.hc.client5.http.wire&amp#27;[0;39m - &amp#27;[32mhttp-outgoing-1 << "[\r][\n]"
&amp#27;[0;39m2023-05-08 13:19:00,064 [main] &amp#27;[39mDEBUG&amp#27;[0;39m &amp#27;[36mc.g.d.z.s.o.a.hc.client5.http.wire&amp#27;[0;39m - &amp#27;[32mhttp-outgoing-1 << "0[\r][\n]"
&amp#27;[0;39m2023-05-08 13:19:00,064 [main] &amp#27;[39mDEBUG&amp#27;[0;39m &amp#27;[36mc.g.d.z.s.o.a.hc.client5.http.wire&amp#27;[0;39m - &amp#27;[32mhttp-outgoing-1 << "[\r][\n]"
&amp#27;[0;39m2023-05-08 13:19:00,064 [main] &amp#27;[39mDEBUG&amp#27;[0;39m &amp#27;[36mc.g.d.z.s.o.a.h.client5.http.headers&amp#27;[0;39m - &amp#27;[32mhttp-outgoing-1 << HTTP/1.1 200 OK
&amp#27;[0;39m2023-05-08 13:19:00,064 [main] &amp#27;[39mDEBUG&amp#27;[0;39m &amp#27;[36mc.g.d.z.s.o.a.h.client5.http.headers&amp#27;[0;39m - &amp#27;[32mhttp-outgoing-1 << Api-Version: 1.42
&amp#27;[0;39m2023-05-08 13:19:00,064 [main] &amp#27;[39mDEBUG&amp#27;[0;39m &amp#27;[36mc.g.d.z.s.o.a.h.client5.http.headers&amp#27;[0;39m - &amp#27;[32mhttp-outgoing-1 << Content-Type: application/json
&amp#27;[0;39m2023-05-08 13:19:00,064 [main] &amp#27;[39mDEBUG&amp#27;[0;39m &amp#27;[36mc.g.d.z.s.o.a.h.client5.http.headers&amp#27;[0;39m - &amp#27;[32mhttp-outgoing-1 << Docker-Experimental: false
&amp#27;[0;39m2023-05-08 13:19:00,064 [main] &amp#27;[39mDEBUG&amp#27;[0;39m &amp#27;[36mc.g.d.z.s.o.a.h.client5.http.headers&amp#27;[0;39m - &amp#27;[32mhttp-outgoing-1 << Ostype: linux
&amp#27;[0;39m2023-05-08 13:19:00,064 [main] &amp#27;[39mDEBUG&amp#27;[0;39m &amp#27;[36mc.g.d.z.s.o.a.h.client5.http.headers&amp#27;[0;39m - &amp#27;[32mhttp-outgoing-1 << Server: Docker/23.0.5 (linux)
&amp#27;[0;39m2023-05-08 13:19:00,064 [main] &amp#27;[39mDEBUG&amp#27;[0;39m &amp#27;[36mc.g.d.z.s.o.a.h.client5.http.headers&amp#27;[0;39m - &amp#27;[32mhttp-outgoing-1 << Date: Mon, 08 May 2023 11:19:00 GMT
&amp#27;[0;39m2023-05-08 13:19:00,064 [main] &amp#27;[39mDEBUG&amp#27;[0;39m &amp#27;[36mc.g.d.z.s.o.a.h.client5.http.headers&amp#27;[0;39m - &amp#27;[32mhttp-outgoing-1 << Transfer-Encoding: chunked
&amp#27;[0;39m2023-05-08 13:19:00,064 [main] &amp#27;[39mDEBUG&amp#27;[0;39m &amp#27;[36mc.g.d.z.s.o.a.h.c.h.i.c.MainClientExec&amp#27;[0;39m - &amp#27;[32mex-00000045: connection can be kept alive for 3 MINUTES
&amp#27;[0;39m2023-05-08 13:19:00,065 [main] &amp#27;[39mDEBUG&amp#27;[0;39m &amp#27;[36mc.g.d.z.s.o.a.h.c.h.i.c.InternalHttpClient&amp#27;[0;39m - &amp#27;[32mep-00000044: releasing valid endpoint
&amp#27;[0;39m2023-05-08 13:19:00,065 [main] &amp#27;[39mDEBUG&amp#27;[0;39m &amp#27;[36mc.g.d.z.s.o.a.h.c.h.i.i.PoolingHttpClientConnectionManager&amp#27;[0;39m - &amp#27;[32mep-00000044: releasing endpoint
&amp#27;[0;39m2023-05-08 13:19:00,065 [main] &amp#27;[39mDEBUG&amp#27;[0;39m &amp#27;[36mc.g.d.z.s.o.a.h.c.h.i.i.PoolingHttpClientConnectionManager&amp#27;[0;39m - &amp#27;[32mep-00000044: connection http-outgoing-1 can be kept alive for 3 MINUTES
&amp#27;[0;39m2023-05-08 13:19:00,065 [main] &amp#27;[39mDEBUG&amp#27;[0;39m &amp#27;[36mc.g.d.z.s.o.a.h.c.h.i.i.PoolingHttpClientConnectionManager&amp#27;[0;39m - &amp#27;[32mep-00000044: connection released [route: {}->unix://localhost:2375][total available: 1; route allocated: 1 of 2147483647; total allocated: 1 of 2147483647]
&amp#27;[0;39m2023-05-08 13:19:00,065 [main] &amp#27;[39mDEBUG&amp#27;[0;39m &amp#27;[36mtc.mysql:8.0.0&amp#27;[0;39m - &amp#27;[32mTrying to create JDBC connection using com.mysql.cj.jdbc.Driver to jdbc:mysql://localhost:32781/test?useSSL=false&allowPublicKeyRetrieval=true with properties: {password=test, user=test}
&amp#27;[0;39m2023-05-08 13:19:00,166 [main] &amp#27;[39mDEBUG&amp#27;[0;39m &amp#27;[36mo.t.s.c.g.d.c.command.AbstrDockerCmd&amp#27;[0;39m - &amp#27;[32mCmd: cccfb0602d7e775562ae171a9fe0a7ec811b6906268008a84fea93151d2a7305,false
&amp#27;[0;39m2023-05-08 13:19:00,167 [main] &amp#27;[39mDEBUG&amp#27;[0;39m &amp#27;[36mo.t.s.c.g.d.c.e.InspectContainerCmdExec&amp#27;[0;39m - &amp#27;[32mGET: DefaultWebTarget{path=[/containers/cccfb0602d7e775562ae171a9fe0a7ec811b6906268008a84fea93151d2a7305/json], queryParams={}}
&amp#27;[0;39m2023-05-08 13:19:00,167 [main] &amp#27;[39mDEBUG&amp#27;[0;39m &amp#27;[36mc.g.d.z.s.o.a.h.c.h.i.c.InternalHttpClient&amp#27;[0;39m - &amp#27;[32mex-00000046: preparing request execution
&amp#27;[0;39m2023-05-08 13:19:00,167 [main] &amp#27;[39mDEBUG&amp#27;[0;39m &amp#27;[36mc.g.d.z.s.o.a.h.c.h.p.RequestAddCookies&amp#27;[0;39m - &amp#27;[32mCookie spec selected: strict
&amp#27;[0;39m2023-05-08 13:19:00,167 [main] &amp#27;[39mDEBUG&amp#27;[0;39m &amp#27;[36mc.g.d.z.s.o.a.h.c.h.p.RequestAuthCache&amp#27;[0;39m - &amp#27;[32mAuth cache not set in the context
&amp#27;[0;39m2023-05-08 13:19:00,167 [main] &amp#27;[39mDEBUG&amp#27;[0;39m &amp#27;[36mc.g.d.z.s.o.a.h.c.h.i.c.ProtocolExec&amp#27;[0;39m - &amp#27;[32mex-00000046: target auth state: UNCHALLENGED
&amp#27;[0;39m2023-05-08 13:19:00,167 [main] &amp#27;[39mDEBUG&amp#27;[0;39m &amp#27;[36mc.g.d.z.s.o.a.h.c.h.i.c.ProtocolExec&amp#27;[0;39m - &amp#27;[32mex-00000046: proxy auth state: UNCHALLENGED
&amp#27;[0;39m2023-05-08 13:19:00,167 [main] &amp#27;[39mDEBUG&amp#27;[0;39m &amp#27;[36mc.g.d.z.s.o.a.h.c.h.i.c.ConnectExec&amp#27;[0;39m - &amp#27;[32mex-00000046: acquiring connection with route {}->unix://localhost:2375
&amp#27;[0;39m2023-05-08 13:19:00,167 [main] &amp#27;[39mDEBUG&amp#27;[0;39m &amp#27;[36mc.g.d.z.s.o.a.h.c.h.i.c.InternalHttpClient&amp#27;[0;39m - &amp#27;[32mex-00000046: acquiring endpoint (3 MINUTES)
&amp#27;[0;39m2023-05-08 13:19:00,167 [main] &amp#27;[39mDEBUG&amp#27;[0;39m &amp#27;[36mc.g.d.z.s.o.a.h.c.h.i.i.PoolingHttpClientConnectionManager&amp#27;[0;39m - &amp#27;[32mex-00000046: endpoint lease request (3 MINUTES) [route: {}->unix://localhost:2375][total available: 1; route allocated: 1 of 2147483647; total allocated: 1 of 2147483647]
&amp#27;[0;39m2023-05-08 13:19:00,168 [main] &amp#27;[39mDEBUG&amp#27;[0;39m &amp#27;[36mc.g.d.z.s.o.a.h.c.h.i.i.PoolingHttpClientConnectionManager&amp#27;[0;39m - &amp#27;[32mex-00000046: endpoint leased [route: {}->unix://localhost:2375][total available: 0; route allocated: 1 of 2147483647; total allocated: 1 of 2147483647]
&amp#27;[0;39m2023-05-08 13:19:00,168 [main] &amp#27;[39mDEBUG&amp#27;[0;39m &amp#27;[36mc.g.d.z.s.o.a.h.c.h.i.i.PoolingHttpClientConnectionManager&amp#27;[0;39m - &amp#27;[32mex-00000046: acquired ep-00000045
&amp#27;[0;39m2023-05-08 13:19:00,168 [main] &amp#27;[39mDEBUG&amp#27;[0;39m &amp#27;[36mc.g.d.z.s.o.a.h.c.h.i.c.InternalHttpClient&amp#27;[0;39m - &amp#27;[32mex-00000046: acquired endpoint ep-00000045
&amp#27;[0;39m2023-05-08 13:19:00,168 [main] &amp#27;[39mDEBUG&amp#27;[0;39m &amp#27;[36mc.g.d.z.s.o.a.h.c.h.i.c.MainClientExec&amp#27;[0;39m - &amp#27;[32mex-00000046: executing GET /v1.32/containers/cccfb0602d7e775562ae171a9fe0a7ec811b6906268008a84fea93151d2a7305/json HTTP/1.1
&amp#27;[0;39m2023-05-08 13:19:00,168 [main] &amp#27;[39mDEBUG&amp#27;[0;39m &amp#27;[36mc.g.d.z.s.o.a.h.c.h.i.c.InternalHttpClient&amp#27;[0;39m - &amp#27;[32mep-00000045: start execution ex-00000046
&amp#27;[0;39m2023-05-08 13:19:00,168 [main] &amp#27;[39mDEBUG&amp#27;[0;39m &amp#27;[36mc.g.d.z.s.o.a.h.c.h.i.i.PoolingHttpClientConnectionManager&amp#27;[0;39m - &amp#27;[32mep-00000045: executing exchange ex-00000046 over http-outgoing-1
&amp#27;[0;39m2023-05-08 13:19:00,168 [main] &amp#27;[39mDEBUG&amp#27;[0;39m &amp#27;[36mc.g.d.z.s.o.a.h.client5.http.headers&amp#27;[0;39m - &amp#27;[32mhttp-outgoing-1 >> GET /v1.32/containers/cccfb0602d7e775562ae171a9fe0a7ec811b6906268008a84fea93151d2a7305/json HTTP/1.1
&amp#27;[0;39m2023-05-08 13:19:00,168 [main] &amp#27;[39mDEBUG&amp#27;[0;39m &amp#27;[36mc.g.d.z.s.o.a.h.client5.http.headers&amp#27;[0;39m - &amp#27;[32mhttp-outgoing-1 >> accept: application/json
&amp#27;[0;39m2023-05-08 13:19:00,168 [main] &amp#27;[39mDEBUG&amp#27;[0;39m &amp#27;[36mc.g.d.z.s.o.a.h.client5.http.headers&amp#27;[0;39m - &amp#27;[32mhttp-outgoing-1 >> x-tc-sid: f1b696c1-ec3f-4f95-afa8-081853be7ccb
&amp#27;[0;39m2023-05-08 13:19:00,168 [main] &amp#27;[39mDEBUG&amp#27;[0;39m &amp#27;[36mc.g.d.z.s.o.a.h.client5.http.headers&amp#27;[0;39m - &amp#27;[32mhttp-outgoing-1 >> Accept-Encoding: gzip, x-gzip, deflate
&amp#27;[0;39m2023-05-08 13:19:00,168 [main] &amp#27;[39mDEBUG&amp#27;[0;39m &amp#27;[36mc.g.d.z.s.o.a.h.client5.http.headers&amp#27;[0;39m - &amp#27;[32mhttp-outgoing-1 >> Host: localhost:2375
&amp#27;[0;39m2023-05-08 13:19:00,168 [main] &amp#27;[39mDEBUG&amp#27;[0;39m &amp#27;[36mc.g.d.z.s.o.a.h.client5.http.headers&amp#27;[0;39m - &amp#27;[32mhttp-outgoing-1 >> Connection: keep-alive
&amp#27;[0;39m2023-05-08 13:19:00,168 [main] &amp#27;[39mDEBUG&amp#27;[0;39m &amp#27;[36mc.g.d.z.s.o.a.h.client5.http.headers&amp#27;[0;39m - &amp#27;[32mhttp-outgoing-1 >> User-Agent: Apache-HttpClient/5.0.3 (Java/17.0.6)
&amp#27;[0;39m2023-05-08 13:19:00,168 [main] &amp#27;[39mDEBUG&amp#27;[0;39m &amp#27;[36mc.g.d.z.s.o.a.hc.client5.http.wire&amp#27;[0;39m - &amp#27;[32mhttp-outgoing-1 >> "GET /v1.32/containers/cccfb0602d7e775562ae171a9fe0a7ec811b6906268008a84fea93151d2a7305/json HTTP/1.1[\r][\n]"
&amp#27;[0;39m2023-05-08 13:19:00,168 [main] &amp#27;[39mDEBUG&amp#27;[0;39m &amp#27;[36mc.g.d.z.s.o.a.hc.client5.http.wire&amp#27;[0;39m - &amp#27;[32mhttp-outgoing-1 >> "accept: application/json[\r][\n]"
&amp#27;[0;39m2023-05-08 13:19:00,168 [main] &amp#27;[39mDEBUG&amp#27;[0;39m &amp#27;[36mc.g.d.z.s.o.a.hc.client5.http.wire&amp#27;[0;39m - &amp#27;[32mhttp-outgoing-1 >> "x-tc-sid: f1b696c1-ec3f-4f95-afa8-081853be7ccb[\r][\n]"
&amp#27;[0;39m2023-05-08 13:19:00,168 [main] &amp#27;[39mDEBUG&amp#27;[0;39m &amp#27;[36mc.g.d.z.s.o.a.hc.client5.http.wire&amp#27;[0;39m - &amp#27;[32mhttp-outgoing-1 >> "Accept-Encoding: gzip, x-gzip, deflate[\r][\n]"
&amp#27;[0;39m2023-05-08 13:19:00,168 [main] &amp#27;[39mDEBUG&amp#27;[0;39m &amp#27;[36mc.g.d.z.s.o.a.hc.client5.http.wire&amp#27;[0;39m - &amp#27;[32mhttp-outgoing-1 >> "Host: localhost:2375[\r][\n]"
&amp#27;[0;39m2023-05-08 13:19:00,168 [main] &amp#27;[39mDEBUG&amp#27;[0;39m &amp#27;[36mc.g.d.z.s.o.a.hc.client5.http.wire&amp#27;[0;39m - &amp#27;[32mhttp-outgoing-1 >> "Connection: keep-alive[\r][\n]"
&amp#27;[0;39m2023-05-08 13:19:00,168 [main] &amp#27;[39mDEBUG&amp#27;[0;39m &amp#27;[36mc.g.d.z.s.o.a.hc.client5.http.wire&amp#27;[0;39m - &amp#27;[32mhttp-outgoing-1 >> "User-Agent: Apache-HttpClient/5.0.3 (Java/17.0.6)[\r][\n]"
&amp#27;[0;39m2023-05-08 13:19:00,168 [main] &amp#27;[39mDEBUG&amp#27;[0;39m &amp#27;[36mc.g.d.z.s.o.a.hc.client5.http.wire&amp#27;[0;39m - &amp#27;[32mhttp-outgoing-1 >> "[\r][\n]"
&amp#27;[0;39m2023-05-08 13:19:00,169 [main] &amp#27;[39mDEBUG&amp#27;[0;39m &amp#27;[36mc.g.d.z.s.o.a.hc.client5.http.wire&amp#27;[0;39m - &amp#27;[32mhttp-outgoing-1 << "HTTP/1.1 200 OK[\r][\n]"
&amp#27;[0;39m2023-05-08 13:19:00,169 [main] &amp#27;[39mDEBUG&amp#27;[0;39m &amp#27;[36mc.g.d.z.s.o.a.hc.client5.http.wire&amp#27;[0;39m - &amp#27;[32mhttp-outgoing-1 << "Api-Version: 1.42[\r][\n]"
&amp#27;[0;39m2023-05-08 13:19:00,169 [main] &amp#27;[39mDEBUG&amp#27;[0;39m &amp#27;[36mc.g.d.z.s.o.a.hc.client5.http.wire&amp#27;[0;39m - &amp#27;[32mhttp-outgoing-1 << "Content-Type: application/json[\r][\n]"
&amp#27;[0;39m2023-05-08 13:19:00,169 [main] &amp#27;[39mDEBUG&amp#27;[0;39m &amp#27;[36mc.g.d.z.s.o.a.hc.client5.http.wire&amp#27;[0;39m - &amp#27;[32mhttp-outgoing-1 << "Docker-Experimental: false[\r][\n]"
&amp#27;[0;39m2023-05-08 13:19:00,169 [main] &amp#27;[39mDEBUG&amp#27;[0;39m &amp#27;[36mc.g.d.z.s.o.a.hc.client5.http.wire&amp#27;[0;39m - &amp#27;[32mhttp-outgoing-1 << "Ostype: linux[\r][\n]"
&amp#27;[0;39m2023-05-08 13:19:00,169 [main] &amp#27;[39mDEBUG&amp#27;[0;39m &amp#27;[36mc.g.d.z.s.o.a.hc.client5.http.wire&amp#27;[0;39m - &amp#27;[32mhttp-outgoing-1 << "Server: Docker/23.0.5 (linux)[\r][\n]"
&amp#27;[0;39m2023-05-08 13:19:00,169 [main] &amp#27;[39mDEBUG&amp#27;[0;39m &amp#27;[36mc.g.d.z.s.o.a.hc.client5.http.wire&amp#27;[0;39m - &amp#27;[32mhttp-outgoing-1 << "Date: Mon, 08 May 2023 11:19:00 GMT[\r][\n]"
&amp#27;[0;39m2023-05-08 13:19:00,169 [main] &amp#27;[39mDEBUG&amp#27;[0;39m &amp#27;[36mc.g.d.z.s.o.a.hc.client5.http.wire&amp#27;[0;39m - &amp#27;[32mhttp-outgoing-1 << "Transfer-Encoding: chunked[\r][\n]"
&amp#27;[0;39m2023-05-08 13:19:00,169 [main] &amp#27;[39mDEBUG&amp#27;[0;39m &amp#27;[36mc.g.d.z.s.o.a.hc.client5.http.wire&amp#27;[0;39m - &amp#27;[32mhttp-outgoing-1 << "[\r][\n]"
&amp#27;[0;39m2023-05-08 13:19:00,169 [main] &amp#27;[39mDEBUG&amp#27;[0;39m &amp#27;[36mc.g.d.z.s.o.a.hc.client5.http.wire&amp#27;[0;39m - &amp#27;[32mhttp-outgoing-1 << "1890[\r][\n]"
&amp#27;[0;39m2023-05-08 13:19:00,169 [main] &amp#27;[39mDEBUG&amp#27;[0;39m &amp#27;[36mc.g.d.z.s.o.a.hc.client5.http.wire&amp#27;[0;39m - &amp#27;[32mhttp-outgoing-1 << "{"Id":"cccfb0602d7e775562ae171a9fe0a7ec811b6906268008a84fea93151d2a7305","Created":"2023-05-08T11:18:54.120535425Z","Path":"docker-entrypoint.sh","Args":["mysqld"],"State":{"Status":"running","Running":true,"Paused":false,"Restarting":false,"OOMKilled":false,"Dead":false,"Pid":59126,"ExitCode":0,"Error":"","StartedAt":"2023-05-08T11:18:54.468577716Z","FinishedAt":"0001-01-01T00:00:00Z"},"Image":"sha256:228d71078f8ce5ae9fd96b183f88c3a90e30544b4b7ce9d64a238d05fef2a681","ResolvConfPath":"/var/lib/docker/containers/cccfb0602d7e775562ae171a9fe0a7ec811b6906268008a84fea93151d2a7305/resolv.conf","HostnamePath":"/var/lib/docker/containers/cccfb0602d7e775562ae171a9fe0a7ec811b6906268008a84fea93151d2a7305/hostname","HostsPath":"/var/lib/docker/containers/cccfb0602d7e775562ae171a9fe0a7ec811b6906268008a84fea93151d2a7305/hosts","LogPath":"/var/lib/docker/containers/cccfb0602d7e775562ae171a9fe0a7ec811b6906268008a84fea93151d2a7305/cccfb0602d7e775562ae171a9fe0a7ec811b6906268008a84fea93151d2a7305-json.log","Name":"/charming_goodall","RestartCount":0,"Driver":"overlay2","Platform":"linux","MountLabel":"","ProcessLabel":"","AppArmorProfile":"docker-default","ExecIDs":null,"HostConfig":{"Binds":[],"ContainerIDFile":"","LogConfig":{"Type":"json-file","Config":{}},"NetworkMode":"default","PortBindings":{"3306/tcp":[{"HostIp":"","HostPort":""}]},"RestartPolicy":{"Name":"","MaximumRetryCount":0},"AutoRemove":false,"VolumeDriver":"","VolumesFrom":[],"ConsoleSize":[0,0],"CapAdd":null,"CapDrop":null,"CgroupnsMode":"private","Dns":null,"DnsOptions":null,"DnsSearch":null,"ExtraHosts":[],"GroupAdd":null,"IpcMode":"shareable","Cgroup":"","Links":null,"OomScoreAdj":0,"PidMode":"","Privileged":false,"PublishAllPorts":false,"ReadonlyRootfs":false,"SecurityOpt":null,"UTSMode":"","UsernsMode":"","ShmSize":67108864,"Runtime":"runc","Isolation":"","CpuShares":0,"Memory":0,"NanoCpus":0,"CgroupParent":"","BlkioWeight":0,"BlkioWeightDevice":null,"BlkioDeviceReadBps":null,"BlkioDeviceWriteBps":null,"BlkioDeviceReadIOps":null,"BlkioDeviceWriteIOps":null,"CpuPeriod":0,"CpuQuota":0,"CpuRealtimePeriod":0,"CpuRealtimeRuntime":0,"CpusetCpus":"","CpusetMems":"","Devices":null,"DeviceCgroupRules":null,"DeviceRequests":null,"MemoryReservation":0,"MemorySwap":0,"MemorySwappiness":null,"OomKillDisable":null,"PidsLimit":null,"Ulimits":null,"CpuCount":0,"CpuPercent":0,"IOMaximumIOps":0,"IOMaximumBandwidth":0,"MaskedPaths":["/proc/asound","/proc/acpi","/proc/kcore","/proc/keys","/proc/latency_stats","/proc/timer_list","/proc/timer_stats","/proc/sched_debug","/proc/scsi","/sys/firmware"],"ReadonlyPaths":["/proc/bus","/proc/fs","/proc/irq","/proc/sys","/proc/sysrq-trigger"]},"GraphDriver":{"Data":{"LowerDir":"/var/lib/docker/overlay2/0075f27ac39799b376a3e23bf05a650eb10c8a0f9ef49be1ab61e98fd3b93dc3-init/diff:/var/lib/docker/overlay2/4c6e20f032f02b27a9272f982861dc21998197aa90d94ed3bef95d449380247c/diff:/var/lib/docker/overlay2/0c75f828f603eff839bb3ca448163ab2a8017e86625ac255cd3dbf1673ddac26/diff:/var/lib/docker/overlay2/da128d897fda75829109844ce6cd9d73d0f54c682e735100af000ce899908729/diff:/var/lib/docker/overlay2/b678a1f261bf323afba6d76d91ab7428bdd6e1ef4a39b5224e4a1afd08c0423a/diff:/var/lib/docker/overlay2/1bec43b14875c5f9f814f146e8e31aa78566689c2c163da2ac60a32254988437/diff:/var/lib/docker/overlay2/28f4b1e6e1a7a2dbe30f1f94fb42bccd85a61faf8af1fe30a5bb0d442c525e41/diff:/var/lib/docker/overlay2/0f493124464c291d7c97d2633d5dff04b1dce5de904cb40a34dfbe7fe72e3fd4/diff:/var/lib/docker/overlay2/05befbee9e38cd670e1786b3310e99796dcc06abbed970007b4109a5424843fa/diff:/var/lib/docker/overlay2/582bcca9acfc4eef25109e1e1b9c9d104f355798455bc73e855c99283887a6e8/diff:/var/lib/docker/overlay2/153b3bf0b69e97e8f0e5533414a31ca33fa530e63d174c9617621abe46e7e9d1/diff:/var/lib/docker/overlay2/bf87a76c0a38875ee6e915fd0d2527eafa880ec6bf2c1cb294959428c18d10bd/diff","MergedDir":"/var/lib/docker/overlay2/0075f27ac39799b376a3e23bf05a650eb10c8a0f9ef49be1ab61e98fd3b93dc3/merged","UpperDir":"/var/lib/docker/overlay2/0075f27ac39799b376a3e23bf05a650eb10c8a0f9ef49be1ab61e98fd3b93dc3/diff","WorkDir":"/var/lib/docker/overlay2/0075f27ac39799b376a3e23bf05a650eb10c8a0f9ef49be1ab61e98fd3b93dc3/work"},"Name":"overlay2"},"Mounts":[{"Type":"volume","Name":"ffd30c8cc7ed7bf91bc1ebef46b0f06493ce1d3121e28c37d40240bd74b844a5","Source":"/var/lib/docker/volumes/ffd30c8cc7ed7bf91bc1ebef46b0f06493ce1d3121e28c37d40240bd74b844a5/_data","Destination":"/var/lib/mysql","Driver":"local","Mode":"","RW":true,"Propagation":""}],"Config":{"Hostname":"cccfb0602d7e","Domainname":"","User":"","AttachStdin":false,"AttachStdout":false,"AttachStderr":false,"ExposedPorts":{"3306/tcp":{}},"Tty":false,"OpenStdin":false,"StdinOnce":false,"Env":["MYSQL_DATABASE=test","MYSQL_PASSWORD=test","MYSQL_USER=test","MYSQL_ROOT_PASSWORD=test","PATH=/usr/local/sbin:/usr/local/bin:/usr/sbin:/usr/bin:/sbin:/bin","GOSU_VERSION=1.7","MYSQL_MAJOR=8.0","MYSQL_VERSION=8.0.0-dmr-1debian8"],"Cmd":["mysqld"],"Image":"mysql:8.0.0","Volumes":{"/var/lib/mysql":{}},"WorkingDir":"","Entrypoint":["docker-entrypoint.sh"],"OnBuild":null,"Labels":{"org.testcontainers":"true","org.testcontainers.lang":"java","org.testcontainers.sessionId":"f1b696c1-ec3f-4f95-afa8-081853be7ccb","org.testcontainers.version":"1.18.0"}},"NetworkSettings":{"Bridge":"","SandboxID":"75a4ef0436803615aa77c8b97de3cbbdd49519261fe2b3b6cdcae9bd2b1154aa","HairpinMode":false,"LinkLocalIPv6Address":"","LinkLocalIPv6PrefixLen":0,"Ports":{"3306/tcp":[{"HostIp":"0.0.0.0","HostPort":"32781"},{"HostIp":"::","HostPort":"32781"}]},"SandboxKey":"/var/run/docker/netns/75a4ef043680","SecondaryIPAddresses":null,"SecondaryIPv6Addresses":null,"EndpointID":"de3a5c9cc9471fdbec5943d78a8803fca61208fe4021ac9d3922ee2e8ec0d135","Gateway":"172.17.0.1","GlobalIPv6Address":"","GlobalIPv6PrefixLen":0,"IPAddress":"172.17.0.3","IPPrefixLen":16,"IPv6Gateway":"","MacAddress":"02:42:ac:11:00:03","Networks":{"bridge":{"IPAMConfig":null,"Links":null,"Aliases":null,"NetworkID":"e1a078e12eb8d77b497ed932f7fb43787eeb6ff6972febd7d03c9282b8b5cd45","EndpointID":"de3a5c9cc9471fdbec5943d78a8803fca61208fe4021ac9d3922ee2e8ec0d135","Gateway":"172.17.0.1","IPAddress":"172.17.0.3","IPPrefixLen":16,"IPv6Gateway":"","GlobalIPv6Address":"","GlobalIPv6PrefixLen":0,"MacAddress":"02:42:ac:11:00:03","DriverOpts":null}}}}[\n]"
&amp#27;[0;39m2023-05-08 13:19:00,169 [main] &amp#27;[39mDEBUG&amp#27;[0;39m &amp#27;[36mc.g.d.z.s.o.a.hc.client5.http.wire&amp#27;[0;39m - &amp#27;[32mhttp-outgoing-1 << "[\r][\n]"
&amp#27;[0;39m2023-05-08 13:19:00,169 [main] &amp#27;[39mDEBUG&amp#27;[0;39m &amp#27;[36mc.g.d.z.s.o.a.hc.client5.http.wire&amp#27;[0;39m - &amp#27;[32mhttp-outgoing-1 << "0[\r][\n]"
&amp#27;[0;39m2023-05-08 13:19:00,169 [main] &amp#27;[39mDEBUG&amp#27;[0;39m &amp#27;[36mc.g.d.z.s.o.a.hc.client5.http.wire&amp#27;[0;39m - &amp#27;[32mhttp-outgoing-1 << "[\r][\n]"
&amp#27;[0;39m2023-05-08 13:19:00,169 [main] &amp#27;[39mDEBUG&amp#27;[0;39m &amp#27;[36mc.g.d.z.s.o.a.h.client5.http.headers&amp#27;[0;39m - &amp#27;[32mhttp-outgoing-1 << HTTP/1.1 200 OK
&amp#27;[0;39m2023-05-08 13:19:00,169 [main] &amp#27;[39mDEBUG&amp#27;[0;39m &amp#27;[36mc.g.d.z.s.o.a.h.client5.http.headers&amp#27;[0;39m - &amp#27;[32mhttp-outgoing-1 << Api-Version: 1.42
&amp#27;[0;39m2023-05-08 13:19:00,169 [main] &amp#27;[39mDEBUG&amp#27;[0;39m &amp#27;[36mc.g.d.z.s.o.a.h.client5.http.headers&amp#27;[0;39m - &amp#27;[32mhttp-outgoing-1 << Content-Type: application/json
&amp#27;[0;39m2023-05-08 13:19:00,169 [main] &amp#27;[39mDEBUG&amp#27;[0;39m &amp#27;[36mc.g.d.z.s.o.a.h.client5.http.headers&amp#27;[0;39m - &amp#27;[32mhttp-outgoing-1 << Docker-Experimental: false
&amp#27;[0;39m2023-05-08 13:19:00,169 [main] &amp#27;[39mDEBUG&amp#27;[0;39m &amp#27;[36mc.g.d.z.s.o.a.h.client5.http.headers&amp#27;[0;39m - &amp#27;[32mhttp-outgoing-1 << Ostype: linux
&amp#27;[0;39m2023-05-08 13:19:00,169 [main] &amp#27;[39mDEBUG&amp#27;[0;39m &amp#27;[36mc.g.d.z.s.o.a.h.client5.http.headers&amp#27;[0;39m - &amp#27;[32mhttp-outgoing-1 << Server: Docker/23.0.5 (linux)
&amp#27;[0;39m2023-05-08 13:19:00,169 [main] &amp#27;[39mDEBUG&amp#27;[0;39m &amp#27;[36mc.g.d.z.s.o.a.h.client5.http.headers&amp#27;[0;39m - &amp#27;[32mhttp-outgoing-1 << Date: Mon, 08 May 2023 11:19:00 GMT
&amp#27;[0;39m2023-05-08 13:19:00,169 [main] &amp#27;[39mDEBUG&amp#27;[0;39m &amp#27;[36mc.g.d.z.s.o.a.h.client5.http.headers&amp#27;[0;39m - &amp#27;[32mhttp-outgoing-1 << Transfer-Encoding: chunked
&amp#27;[0;39m2023-05-08 13:19:00,169 [main] &amp#27;[39mDEBUG&amp#27;[0;39m &amp#27;[36mc.g.d.z.s.o.a.h.c.h.i.c.MainClientExec&amp#27;[0;39m - &amp#27;[32mex-00000046: connection can be kept alive for 3 MINUTES
&amp#27;[0;39m2023-05-08 13:19:00,170 [main] &amp#27;[39mDEBUG&amp#27;[0;39m &amp#27;[36mc.g.d.z.s.o.a.h.c.h.i.c.InternalHttpClient&amp#27;[0;39m - &amp#27;[32mep-00000045: releasing valid endpoint
&amp#27;[0;39m2023-05-08 13:19:00,170 [main] &amp#27;[39mDEBUG&amp#27;[0;39m &amp#27;[36mc.g.d.z.s.o.a.h.c.h.i.i.PoolingHttpClientConnectionManager&amp#27;[0;39m - &amp#27;[32mep-00000045: releasing endpoint
&amp#27;[0;39m2023-05-08 13:19:00,170 [main] &amp#27;[39mDEBUG&amp#27;[0;39m &amp#27;[36mc.g.d.z.s.o.a.h.c.h.i.i.PoolingHttpClientConnectionManager&amp#27;[0;39m - &amp#27;[32mep-00000045: connection http-outgoing-1 can be kept alive for 3 MINUTES
&amp#27;[0;39m2023-05-08 13:19:00,170 [main] &amp#27;[39mDEBUG&amp#27;[0;39m &amp#27;[36mc.g.d.z.s.o.a.h.c.h.i.i.PoolingHttpClientConnectionManager&amp#27;[0;39m - &amp#27;[32mep-00000045: connection released [route: {}->unix://localhost:2375][total available: 1; route allocated: 1 of 2147483647; total allocated: 1 of 2147483647]
&amp#27;[0;39m2023-05-08 13:19:00,170 [main] &amp#27;[39mDEBUG&amp#27;[0;39m &amp#27;[36mtc.mysql:8.0.0&amp#27;[0;39m - &amp#27;[32mTrying to create JDBC connection using com.mysql.cj.jdbc.Driver to jdbc:mysql://localhost:32781/test?useSSL=false&allowPublicKeyRetrieval=true with properties: {password=test, user=test}
&amp#27;[0;39m2023-05-08 13:19:00,272 [main] &amp#27;[39mDEBUG&amp#27;[0;39m &amp#27;[36mo.t.s.c.g.d.c.command.AbstrDockerCmd&amp#27;[0;39m - &amp#27;[32mCmd: cccfb0602d7e775562ae171a9fe0a7ec811b6906268008a84fea93151d2a7305,false
&amp#27;[0;39m2023-05-08 13:19:00,272 [main] &amp#27;[39mDEBUG&amp#27;[0;39m &amp#27;[36mo.t.s.c.g.d.c.e.InspectContainerCmdExec&amp#27;[0;39m - &amp#27;[32mGET: DefaultWebTarget{path=[/containers/cccfb0602d7e775562ae171a9fe0a7ec811b6906268008a84fea93151d2a7305/json], queryParams={}}
&amp#27;[0;39m2023-05-08 13:19:00,273 [main] &amp#27;[39mDEBUG&amp#27;[0;39m &amp#27;[36mc.g.d.z.s.o.a.h.c.h.i.c.InternalHttpClient&amp#27;[0;39m - &amp#27;[32mex-00000047: preparing request execution
&amp#27;[0;39m2023-05-08 13:19:00,273 [main] &amp#27;[39mDEBUG&amp#27;[0;39m &amp#27;[36mc.g.d.z.s.o.a.h.c.h.p.RequestAddCookies&amp#27;[0;39m - &amp#27;[32mCookie spec selected: strict
&amp#27;[0;39m2023-05-08 13:19:00,273 [main] &amp#27;[39mDEBUG&amp#27;[0;39m &amp#27;[36mc.g.d.z.s.o.a.h.c.h.p.RequestAuthCache&amp#27;[0;39m - &amp#27;[32mAuth cache not set in the context
&amp#27;[0;39m2023-05-08 13:19:00,273 [main] &amp#27;[39mDEBUG&amp#27;[0;39m &amp#27;[36mc.g.d.z.s.o.a.h.c.h.i.c.ProtocolExec&amp#27;[0;39m - &amp#27;[32mex-00000047: target auth state: UNCHALLENGED
&amp#27;[0;39m2023-05-08 13:19:00,273 [main] &amp#27;[39mDEBUG&amp#27;[0;39m &amp#27;[36mc.g.d.z.s.o.a.h.c.h.i.c.ProtocolExec&amp#27;[0;39m - &amp#27;[32mex-00000047: proxy auth state: UNCHALLENGED
&amp#27;[0;39m2023-05-08 13:19:00,273 [main] &amp#27;[39mDEBUG&amp#27;[0;39m &amp#27;[36mc.g.d.z.s.o.a.h.c.h.i.c.ConnectExec&amp#27;[0;39m - &amp#27;[32mex-00000047: acquiring connection with route {}->unix://localhost:2375
&amp#27;[0;39m2023-05-08 13:19:00,273 [main] &amp#27;[39mDEBUG&amp#27;[0;39m &amp#27;[36mc.g.d.z.s.o.a.h.c.h.i.c.InternalHttpClient&amp#27;[0;39m - &amp#27;[32mex-00000047: acquiring endpoint (3 MINUTES)
&amp#27;[0;39m2023-05-08 13:19:00,273 [main] &amp#27;[39mDEBUG&amp#27;[0;39m &amp#27;[36mc.g.d.z.s.o.a.h.c.h.i.i.PoolingHttpClientConnectionManager&amp#27;[0;39m - &amp#27;[32mex-00000047: endpoint lease request (3 MINUTES) [route: {}->unix://localhost:2375][total available: 1; route allocated: 1 of 2147483647; total allocated: 1 of 2147483647]
&amp#27;[0;39m2023-05-08 13:19:00,273 [main] &amp#27;[39mDEBUG&amp#27;[0;39m &amp#27;[36mc.g.d.z.s.o.a.h.c.h.i.i.PoolingHttpClientConnectionManager&amp#27;[0;39m - &amp#27;[32mex-00000047: endpoint leased [route: {}->unix://localhost:2375][total available: 0; route allocated: 1 of 2147483647; total allocated: 1 of 2147483647]
&amp#27;[0;39m2023-05-08 13:19:00,273 [main] &amp#27;[39mDEBUG&amp#27;[0;39m &amp#27;[36mc.g.d.z.s.o.a.h.c.h.i.i.PoolingHttpClientConnectionManager&amp#27;[0;39m - &amp#27;[32mex-00000047: acquired ep-00000046
&amp#27;[0;39m2023-05-08 13:19:00,273 [main] &amp#27;[39mDEBUG&amp#27;[0;39m &amp#27;[36mc.g.d.z.s.o.a.h.c.h.i.c.InternalHttpClient&amp#27;[0;39m - &amp#27;[32mex-00000047: acquired endpoint ep-00000046
&amp#27;[0;39m2023-05-08 13:19:00,273 [main] &amp#27;[39mDEBUG&amp#27;[0;39m &amp#27;[36mc.g.d.z.s.o.a.h.c.h.i.c.MainClientExec&amp#27;[0;39m - &amp#27;[32mex-00000047: executing GET /v1.32/containers/cccfb0602d7e775562ae171a9fe0a7ec811b6906268008a84fea93151d2a7305/json HTTP/1.1
&amp#27;[0;39m2023-05-08 13:19:00,273 [main] &amp#27;[39mDEBUG&amp#27;[0;39m &amp#27;[36mc.g.d.z.s.o.a.h.c.h.i.c.InternalHttpClient&amp#27;[0;39m - &amp#27;[32mep-00000046: start execution ex-00000047
&amp#27;[0;39m2023-05-08 13:19:00,273 [main] &amp#27;[39mDEBUG&amp#27;[0;39m &amp#27;[36mc.g.d.z.s.o.a.h.c.h.i.i.PoolingHttpClientConnectionManager&amp#27;[0;39m - &amp#27;[32mep-00000046: executing exchange ex-00000047 over http-outgoing-1
&amp#27;[0;39m2023-05-08 13:19:00,273 [main] &amp#27;[39mDEBUG&amp#27;[0;39m &amp#27;[36mc.g.d.z.s.o.a.h.client5.http.headers&amp#27;[0;39m - &amp#27;[32mhttp-outgoing-1 >> GET /v1.32/containers/cccfb0602d7e775562ae171a9fe0a7ec811b6906268008a84fea93151d2a7305/json HTTP/1.1
&amp#27;[0;39m2023-05-08 13:19:00,273 [main] &amp#27;[39mDEBUG&amp#27;[0;39m &amp#27;[36mc.g.d.z.s.o.a.h.client5.http.headers&amp#27;[0;39m - &amp#27;[32mhttp-outgoing-1 >> accept: application/json
&amp#27;[0;39m2023-05-08 13:19:00,273 [main] &amp#27;[39mDEBUG&amp#27;[0;39m &amp#27;[36mc.g.d.z.s.o.a.h.client5.http.headers&amp#27;[0;39m - &amp#27;[32mhttp-outgoing-1 >> x-tc-sid: f1b696c1-ec3f-4f95-afa8-081853be7ccb
&amp#27;[0;39m2023-05-08 13:19:00,273 [main] &amp#27;[39mDEBUG&amp#27;[0;39m &amp#27;[36mc.g.d.z.s.o.a.h.client5.http.headers&amp#27;[0;39m - &amp#27;[32mhttp-outgoing-1 >> Accept-Encoding: gzip, x-gzip, deflate
&amp#27;[0;39m2023-05-08 13:19:00,273 [main] &amp#27;[39mDEBUG&amp#27;[0;39m &amp#27;[36mc.g.d.z.s.o.a.h.client5.http.headers&amp#27;[0;39m - &amp#27;[32mhttp-outgoing-1 >> Host: localhost:2375
&amp#27;[0;39m2023-05-08 13:19:00,273 [main] &amp#27;[39mDEBUG&amp#27;[0;39m &amp#27;[36mc.g.d.z.s.o.a.h.client5.http.headers&amp#27;[0;39m - &amp#27;[32mhttp-outgoing-1 >> Connection: keep-alive
&amp#27;[0;39m2023-05-08 13:19:00,273 [main] &amp#27;[39mDEBUG&amp#27;[0;39m &amp#27;[36mc.g.d.z.s.o.a.h.client5.http.headers&amp#27;[0;39m - &amp#27;[32mhttp-outgoing-1 >> User-Agent: Apache-HttpClient/5.0.3 (Java/17.0.6)
&amp#27;[0;39m2023-05-08 13:19:00,274 [main] &amp#27;[39mDEBUG&amp#27;[0;39m &amp#27;[36mc.g.d.z.s.o.a.hc.client5.http.wire&amp#27;[0;39m - &amp#27;[32mhttp-outgoing-1 >> "GET /v1.32/containers/cccfb0602d7e775562ae171a9fe0a7ec811b6906268008a84fea93151d2a7305/json HTTP/1.1[\r][\n]"
&amp#27;[0;39m2023-05-08 13:19:00,274 [main] &amp#27;[39mDEBUG&amp#27;[0;39m &amp#27;[36mc.g.d.z.s.o.a.hc.client5.http.wire&amp#27;[0;39m - &amp#27;[32mhttp-outgoing-1 >> "accept: application/json[\r][\n]"
&amp#27;[0;39m2023-05-08 13:19:00,274 [main] &amp#27;[39mDEBUG&amp#27;[0;39m &amp#27;[36mc.g.d.z.s.o.a.hc.client5.http.wire&amp#27;[0;39m - &amp#27;[32mhttp-outgoing-1 >> "x-tc-sid: f1b696c1-ec3f-4f95-afa8-081853be7ccb[\r][\n]"
&amp#27;[0;39m2023-05-08 13:19:00,274 [main] &amp#27;[39mDEBUG&amp#27;[0;39m &amp#27;[36mc.g.d.z.s.o.a.hc.client5.http.wire&amp#27;[0;39m - &amp#27;[32mhttp-outgoing-1 >> "Accept-Encoding: gzip, x-gzip, deflate[\r][\n]"
&amp#27;[0;39m2023-05-08 13:19:00,274 [main] &amp#27;[39mDEBUG&amp#27;[0;39m &amp#27;[36mc.g.d.z.s.o.a.hc.client5.http.wire&amp#27;[0;39m - &amp#27;[32mhttp-outgoing-1 >> "Host: localhost:2375[\r][\n]"
&amp#27;[0;39m2023-05-08 13:19:00,274 [main] &amp#27;[39mDEBUG&amp#27;[0;39m &amp#27;[36mc.g.d.z.s.o.a.hc.client5.http.wire&amp#27;[0;39m - &amp#27;[32mhttp-outgoing-1 >> "Connection: keep-alive[\r][\n]"
&amp#27;[0;39m2023-05-08 13:19:00,274 [main] &amp#27;[39mDEBUG&amp#27;[0;39m &amp#27;[36mc.g.d.z.s.o.a.hc.client5.http.wire&amp#27;[0;39m - &amp#27;[32mhttp-outgoing-1 >> "User-Agent: Apache-HttpClient/5.0.3 (Java/17.0.6)[\r][\n]"
&amp#27;[0;39m2023-05-08 13:19:00,274 [main] &amp#27;[39mDEBUG&amp#27;[0;39m &amp#27;[36mc.g.d.z.s.o.a.hc.client5.http.wire&amp#27;[0;39m - &amp#27;[32mhttp-outgoing-1 >> "[\r][\n]"
&amp#27;[0;39m2023-05-08 13:19:00,274 [main] &amp#27;[39mDEBUG&amp#27;[0;39m &amp#27;[36mc.g.d.z.s.o.a.hc.client5.http.wire&amp#27;[0;39m - &amp#27;[32mhttp-outgoing-1 << "HTTP/1.1 200 OK[\r][\n]"
&amp#27;[0;39m2023-05-08 13:19:00,274 [main] &amp#27;[39mDEBUG&amp#27;[0;39m &amp#27;[36mc.g.d.z.s.o.a.hc.client5.http.wire&amp#27;[0;39m - &amp#27;[32mhttp-outgoing-1 << "Api-Version: 1.42[\r][\n]"
&amp#27;[0;39m2023-05-08 13:19:00,274 [main] &amp#27;[39mDEBUG&amp#27;[0;39m &amp#27;[36mc.g.d.z.s.o.a.hc.client5.http.wire&amp#27;[0;39m - &amp#27;[32mhttp-outgoing-1 << "Content-Type: application/json[\r][\n]"
&amp#27;[0;39m2023-05-08 13:19:00,274 [main] &amp#27;[39mDEBUG&amp#27;[0;39m &amp#27;[36mc.g.d.z.s.o.a.hc.client5.http.wire&amp#27;[0;39m - &amp#27;[32mhttp-outgoing-1 << "Docker-Experimental: false[\r][\n]"
&amp#27;[0;39m2023-05-08 13:19:00,274 [main] &amp#27;[39mDEBUG&amp#27;[0;39m &amp#27;[36mc.g.d.z.s.o.a.hc.client5.http.wire&amp#27;[0;39m - &amp#27;[32mhttp-outgoing-1 << "Ostype: linux[\r][\n]"
&amp#27;[0;39m2023-05-08 13:19:00,274 [main] &amp#27;[39mDEBUG&amp#27;[0;39m &amp#27;[36mc.g.d.z.s.o.a.hc.client5.http.wire&amp#27;[0;39m - &amp#27;[32mhttp-outgoing-1 << "Server: Docker/23.0.5 (linux)[\r][\n]"
&amp#27;[0;39m2023-05-08 13:19:00,274 [main] &amp#27;[39mDEBUG&amp#27;[0;39m &amp#27;[36mc.g.d.z.s.o.a.hc.client5.http.wire&amp#27;[0;39m - &amp#27;[32mhttp-outgoing-1 << "Date: Mon, 08 May 2023 11:19:00 GMT[\r][\n]"
&amp#27;[0;39m2023-05-08 13:19:00,274 [main] &amp#27;[39mDEBUG&amp#27;[0;39m &amp#27;[36mc.g.d.z.s.o.a.hc.client5.http.wire&amp#27;[0;39m - &amp#27;[32mhttp-outgoing-1 << "Transfer-Encoding: chunked[\r][\n]"
&amp#27;[0;39m2023-05-08 13:19:00,274 [main] &amp#27;[39mDEBUG&amp#27;[0;39m &amp#27;[36mc.g.d.z.s.o.a.hc.client5.http.wire&amp#27;[0;39m - &amp#27;[32mhttp-outgoing-1 << "[\r][\n]"
&amp#27;[0;39m2023-05-08 13:19:00,274 [main] &amp#27;[39mDEBUG&amp#27;[0;39m &amp#27;[36mc.g.d.z.s.o.a.hc.client5.http.wire&amp#27;[0;39m - &amp#27;[32mhttp-outgoing-1 << "1890[\r][\n]"
&amp#27;[0;39m2023-05-08 13:19:00,274 [main] &amp#27;[39mDEBUG&amp#27;[0;39m &amp#27;[36mc.g.d.z.s.o.a.hc.client5.http.wire&amp#27;[0;39m - &amp#27;[32mhttp-outgoing-1 << "{"Id":"cccfb0602d7e775562ae171a9fe0a7ec811b6906268008a84fea93151d2a7305","Created":"2023-05-08T11:18:54.120535425Z","Path":"docker-entrypoint.sh","Args":["mysqld"],"State":{"Status":"running","Running":true,"Paused":false,"Restarting":false,"OOMKilled":false,"Dead":false,"Pid":59126,"ExitCode":0,"Error":"","StartedAt":"2023-05-08T11:18:54.468577716Z","FinishedAt":"0001-01-01T00:00:00Z"},"Image":"sha256:228d71078f8ce5ae9fd96b183f88c3a90e30544b4b7ce9d64a238d05fef2a681","ResolvConfPath":"/var/lib/docker/containers/cccfb0602d7e775562ae171a9fe0a7ec811b6906268008a84fea93151d2a7305/resolv.conf","HostnamePath":"/var/lib/docker/containers/cccfb0602d7e775562ae171a9fe0a7ec811b6906268008a84fea93151d2a7305/hostname","HostsPath":"/var/lib/docker/containers/cccfb0602d7e775562ae171a9fe0a7ec811b6906268008a84fea93151d2a7305/hosts","LogPath":"/var/lib/docker/containers/cccfb0602d7e775562ae171a9fe0a7ec811b6906268008a84fea93151d2a7305/cccfb0602d7e775562ae171a9fe0a7ec811b6906268008a84fea93151d2a7305-json.log","Name":"/charming_goodall","RestartCount":0,"Driver":"overlay2","Platform":"linux","MountLabel":"","ProcessLabel":"","AppArmorProfile":"docker-default","ExecIDs":null,"HostConfig":{"Binds":[],"ContainerIDFile":"","LogConfig":{"Type":"json-file","Config":{}},"NetworkMode":"default","PortBindings":{"3306/tcp":[{"HostIp":"","HostPort":""}]},"RestartPolicy":{"Name":"","MaximumRetryCount":0},"AutoRemove":false,"VolumeDriver":"","VolumesFrom":[],"ConsoleSize":[0,0],"CapAdd":null,"CapDrop":null,"CgroupnsMode":"private","Dns":null,"DnsOptions":null,"DnsSearch":null,"ExtraHosts":[],"GroupAdd":null,"IpcMode":"shareable","Cgroup":"","Links":null,"OomScoreAdj":0,"PidMode":"","Privileged":false,"PublishAllPorts":false,"ReadonlyRootfs":false,"SecurityOpt":null,"UTSMode":"","UsernsMode":"","ShmSize":67108864,"Runtime":"runc","Isolation":"","CpuShares":0,"Memory":0,"NanoCpus":0,"CgroupParent":"","BlkioWeight":0,"BlkioWeightDevice":null,"BlkioDeviceReadBps":null,"BlkioDeviceWriteBps":null,"BlkioDeviceReadIOps":null,"BlkioDeviceWriteIOps":null,"CpuPeriod":0,"CpuQuota":0,"CpuRealtimePeriod":0,"CpuRealtimeRuntime":0,"CpusetCpus":"","CpusetMems":"","Devices":null,"DeviceCgroupRules":null,"DeviceRequests":null,"MemoryReservation":0,"MemorySwap":0,"MemorySwappiness":null,"OomKillDisable":null,"PidsLimit":null,"Ulimits":null,"CpuCount":0,"CpuPercent":0,"IOMaximumIOps":0,"IOMaximumBandwidth":0,"MaskedPaths":["/proc/asound","/proc/acpi","/proc/kcore","/proc/keys","/proc/latency_stats","/proc/timer_list","/proc/timer_stats","/proc/sched_debug","/proc/scsi","/sys/firmware"],"ReadonlyPaths":["/proc/bus","/proc/fs","/proc/irq","/proc/sys","/proc/sysrq-trigger"]},"GraphDriver":{"Data":{"LowerDir":"/var/lib/docker/overlay2/0075f27ac39799b376a3e23bf05a650eb10c8a0f9ef49be1ab61e98fd3b93dc3-init/diff:/var/lib/docker/overlay2/4c6e20f032f02b27a9272f982861dc21998197aa90d94ed3bef95d449380247c/diff:/var/lib/docker/overlay2/0c75f828f603eff839bb3ca448163ab2a8017e86625ac255cd3dbf1673ddac26/diff:/var/lib/docker/overlay2/da128d897fda75829109844ce6cd9d73d0f54c682e735100af000ce899908729/diff:/var/lib/docker/overlay2/b678a1f261bf323afba6d76d91ab7428bdd6e1ef4a39b5224e4a1afd08c0423a/diff:/var/lib/docker/overlay2/1bec43b14875c5f9f814f146e8e31aa78566689c2c163da2ac60a32254988437/diff:/var/lib/docker/overlay2/28f4b1e6e1a7a2dbe30f1f94fb42bccd85a61faf8af1fe30a5bb0d442c525e41/diff:/var/lib/docker/overlay2/0f493124464c291d7c97d2633d5dff04b1dce5de904cb40a34dfbe7fe72e3fd4/diff:/var/lib/docker/overlay2/05befbee9e38cd670e1786b3310e99796dcc06abbed970007b4109a5424843fa/diff:/var/lib/docker/overlay2/582bcca9acfc4eef25109e1e1b9c9d104f355798455bc73e855c99283887a6e8/diff:/var/lib/docker/overlay2/153b3bf0b69e97e8f0e5533414a31ca33fa530e63d174c9617621abe46e7e9d1/diff:/var/lib/docker/overlay2/bf87a76c0a38875ee6e915fd0d2527eafa880ec6bf2c1cb294959428c18d10bd/diff","MergedDir":"/var/lib/docker/overlay2/0075f27ac39799b376a3e23bf05a650eb10c8a0f9ef49be1ab61e98fd3b93dc3/merged","UpperDir":"/var/lib/docker/overlay2/0075f27ac39799b376a3e23bf05a650eb10c8a0f9ef49be1ab61e98fd3b93dc3/diff","WorkDir":"/var/lib/docker/overlay2/0075f27ac39799b376a3e23bf05a650eb10c8a0f9ef49be1ab61e98fd3b93dc3/work"},"Name":"overlay2"},"Mounts":[{"Type":"volume","Name":"ffd30c8cc7ed7bf91bc1ebef46b0f06493ce1d3121e28c37d40240bd74b844a5","Source":"/var/lib/docker/volumes/ffd30c8cc7ed7bf91bc1ebef46b0f06493ce1d3121e28c37d40240bd74b844a5/_data","Destination":"/var/lib/mysql","Driver":"local","Mode":"","RW":true,"Propagation":""}],"Config":{"Hostname":"cccfb0602d7e","Domainname":"","User":"","AttachStdin":false,"AttachStdout":false,"AttachStderr":false,"ExposedPorts":{"3306/tcp":{}},"Tty":false,"OpenStdin":false,"StdinOnce":false,"Env":["MYSQL_DATABASE=test","MYSQL_PASSWORD=test","MYSQL_USER=test","MYSQL_ROOT_PASSWORD=test","PATH=/usr/local/sbin:/usr/local/bin:/usr/sbin:/usr/bin:/sbin:/bin","GOSU_VERSION=1.7","MYSQL_MAJOR=8.0","MYSQL_VERSION=8.0.0-dmr-1debian8"],"Cmd":["mysqld"],"Image":"mysql:8.0.0","Volumes":{"/var/lib/mysql":{}},"WorkingDir":"","Entrypoint":["docker-entrypoint.sh"],"OnBuild":null,"Labels":{"org.testcontainers":"true","org.testcontainers.lang":"java","org.testcontainers.sessionId":"f1b696c1-ec3f-4f95-afa8-081853be7ccb","org.testcontainers.version":"1.18.0"}},"NetworkSettings":{"Bridge":"","SandboxID":"75a4ef0436803615aa77c8b97de3cbbdd49519261fe2b3b6cdcae9bd2b1154aa","HairpinMode":false,"LinkLocalIPv6Address":"","LinkLocalIPv6PrefixLen":0,"Ports":{"3306/tcp":[{"HostIp":"0.0.0.0","HostPort":"32781"},{"HostIp":"::","HostPort":"32781"}]},"SandboxKey":"/var/run/docker/netns/75a4ef043680","SecondaryIPAddresses":null,"SecondaryIPv6Addresses":null,"EndpointID":"de3a5c9cc9471fdbec5943d78a8803fca61208fe4021ac9d3922ee2e8ec0d135","Gateway":"172.17.0.1","GlobalIPv6Address":"","GlobalIPv6PrefixLen":0,"IPAddress":"172.17.0.3","IPPrefixLen":16,"IPv6Gateway":"","MacAddress":"02:42:ac:11:00:03","Networks":{"bridge":{"IPAMConfig":null,"Links":null,"Aliases":null,"NetworkID":"e1a078e12eb8d77b497ed932f7fb43787eeb6ff6972febd7d03c9282b8b5cd45","EndpointID":"de3a5c9cc9471fdbec5943d78a8803fca61208fe4021ac9d3922ee2e8ec0d135","Gateway":"172.17.0.1","IPAddress":"172.17.0.3","IPPrefixLen":16,"IPv6Gateway":"","GlobalIPv6Address":"","GlobalIPv6PrefixLen":0,"MacAddress":"02:42:ac:11:00:03","DriverOpts":null}}}}[\n]"
&amp#27;[0;39m2023-05-08 13:19:00,274 [main] &amp#27;[39mDEBUG&amp#27;[0;39m &amp#27;[36mc.g.d.z.s.o.a.hc.client5.http.wire&amp#27;[0;39m - &amp#27;[32mhttp-outgoing-1 << "[\r][\n]"
&amp#27;[0;39m2023-05-08 13:19:00,274 [main] &amp#27;[39mDEBUG&amp#27;[0;39m &amp#27;[36mc.g.d.z.s.o.a.hc.client5.http.wire&amp#27;[0;39m - &amp#27;[32mhttp-outgoing-1 << "0[\r][\n]"
&amp#27;[0;39m2023-05-08 13:19:00,274 [main] &amp#27;[39mDEBUG&amp#27;[0;39m &amp#27;[36mc.g.d.z.s.o.a.hc.client5.http.wire&amp#27;[0;39m - &amp#27;[32mhttp-outgoing-1 << "[\r][\n]"
&amp#27;[0;39m2023-05-08 13:19:00,274 [main] &amp#27;[39mDEBUG&amp#27;[0;39m &amp#27;[36mc.g.d.z.s.o.a.h.client5.http.headers&amp#27;[0;39m - &amp#27;[32mhttp-outgoing-1 << HTTP/1.1 200 OK
&amp#27;[0;39m2023-05-08 13:19:00,274 [main] &amp#27;[39mDEBUG&amp#27;[0;39m &amp#27;[36mc.g.d.z.s.o.a.h.client5.http.headers&amp#27;[0;39m - &amp#27;[32mhttp-outgoing-1 << Api-Version: 1.42
&amp#27;[0;39m2023-05-08 13:19:00,274 [main] &amp#27;[39mDEBUG&amp#27;[0;39m &amp#27;[36mc.g.d.z.s.o.a.h.client5.http.headers&amp#27;[0;39m - &amp#27;[32mhttp-outgoing-1 << Content-Type: application/json
&amp#27;[0;39m2023-05-08 13:19:00,274 [main] &amp#27;[39mDEBUG&amp#27;[0;39m &amp#27;[36mc.g.d.z.s.o.a.h.client5.http.headers&amp#27;[0;39m - &amp#27;[32mhttp-outgoing-1 << Docker-Experimental: false
&amp#27;[0;39m2023-05-08 13:19:00,274 [main] &amp#27;[39mDEBUG&amp#27;[0;39m &amp#27;[36mc.g.d.z.s.o.a.h.client5.http.headers&amp#27;[0;39m - &amp#27;[32mhttp-outgoing-1 << Ostype: linux
&amp#27;[0;39m2023-05-08 13:19:00,274 [main] &amp#27;[39mDEBUG&amp#27;[0;39m &amp#27;[36mc.g.d.z.s.o.a.h.client5.http.headers&amp#27;[0;39m - &amp#27;[32mhttp-outgoing-1 << Server: Docker/23.0.5 (linux)
&amp#27;[0;39m2023-05-08 13:19:00,274 [main] &amp#27;[39mDEBUG&amp#27;[0;39m &amp#27;[36mc.g.d.z.s.o.a.h.client5.http.headers&amp#27;[0;39m - &amp#27;[32mhttp-outgoing-1 << Date: Mon, 08 May 2023 11:19:00 GMT
&amp#27;[0;39m2023-05-08 13:19:00,274 [main] &amp#27;[39mDEBUG&amp#27;[0;39m &amp#27;[36mc.g.d.z.s.o.a.h.client5.http.headers&amp#27;[0;39m - &amp#27;[32mhttp-outgoing-1 << Transfer-Encoding: chunked
&amp#27;[0;39m2023-05-08 13:19:00,274 [main] &amp#27;[39mDEBUG&amp#27;[0;39m &amp#27;[36mc.g.d.z.s.o.a.h.c.h.i.c.MainClientExec&amp#27;[0;39m - &amp#27;[32mex-00000047: connection can be kept alive for 3 MINUTES
&amp#27;[0;39m2023-05-08 13:19:00,275 [main] &amp#27;[39mDEBUG&amp#27;[0;39m &amp#27;[36mc.g.d.z.s.o.a.h.c.h.i.c.InternalHttpClient&amp#27;[0;39m - &amp#27;[32mep-00000046: releasing valid endpoint
&amp#27;[0;39m2023-05-08 13:19:00,275 [main] &amp#27;[39mDEBUG&amp#27;[0;39m &amp#27;[36mc.g.d.z.s.o.a.h.c.h.i.i.PoolingHttpClientConnectionManager&amp#27;[0;39m - &amp#27;[32mep-00000046: releasing endpoint
&amp#27;[0;39m2023-05-08 13:19:00,275 [main] &amp#27;[39mDEBUG&amp#27;[0;39m &amp#27;[36mc.g.d.z.s.o.a.h.c.h.i.i.PoolingHttpClientConnectionManager&amp#27;[0;39m - &amp#27;[32mep-00000046: connection http-outgoing-1 can be kept alive for 3 MINUTES
&amp#27;[0;39m2023-05-08 13:19:00,275 [main] &amp#27;[39mDEBUG&amp#27;[0;39m &amp#27;[36mc.g.d.z.s.o.a.h.c.h.i.i.PoolingHttpClientConnectionManager&amp#27;[0;39m - &amp#27;[32mep-00000046: connection released [route: {}->unix://localhost:2375][total available: 1; route allocated: 1 of 2147483647; total allocated: 1 of 2147483647]
&amp#27;[0;39m2023-05-08 13:19:00,275 [main] &amp#27;[39mDEBUG&amp#27;[0;39m &amp#27;[36mtc.mysql:8.0.0&amp#27;[0;39m - &amp#27;[32mTrying to create JDBC connection using com.mysql.cj.jdbc.Driver to jdbc:mysql://localhost:32781/test?useSSL=false&allowPublicKeyRetrieval=true with properties: {password=test, user=test}
&amp#27;[0;39m2023-05-08 13:19:00,377 [main] &amp#27;[39mDEBUG&amp#27;[0;39m &amp#27;[36mo.t.s.c.g.d.c.command.AbstrDockerCmd&amp#27;[0;39m - &amp#27;[32mCmd: cccfb0602d7e775562ae171a9fe0a7ec811b6906268008a84fea93151d2a7305,false
&amp#27;[0;39m2023-05-08 13:19:00,377 [main] &amp#27;[39mDEBUG&amp#27;[0;39m &amp#27;[36mo.t.s.c.g.d.c.e.InspectContainerCmdExec&amp#27;[0;39m - &amp#27;[32mGET: DefaultWebTarget{path=[/containers/cccfb0602d7e775562ae171a9fe0a7ec811b6906268008a84fea93151d2a7305/json], queryParams={}}
&amp#27;[0;39m2023-05-08 13:19:00,377 [main] &amp#27;[39mDEBUG&amp#27;[0;39m &amp#27;[36mc.g.d.z.s.o.a.h.c.h.i.c.InternalHttpClient&amp#27;[0;39m - &amp#27;[32mex-00000048: preparing request execution
&amp#27;[0;39m2023-05-08 13:19:00,378 [main] &amp#27;[39mDEBUG&amp#27;[0;39m &amp#27;[36mc.g.d.z.s.o.a.h.c.h.p.RequestAddCookies&amp#27;[0;39m - &amp#27;[32mCookie spec selected: strict
&amp#27;[0;39m2023-05-08 13:19:00,378 [main] &amp#27;[39mDEBUG&amp#27;[0;39m &amp#27;[36mc.g.d.z.s.o.a.h.c.h.p.RequestAuthCache&amp#27;[0;39m - &amp#27;[32mAuth cache not set in the context
&amp#27;[0;39m2023-05-08 13:19:00,378 [main] &amp#27;[39mDEBUG&amp#27;[0;39m &amp#27;[36mc.g.d.z.s.o.a.h.c.h.i.c.ProtocolExec&amp#27;[0;39m - &amp#27;[32mex-00000048: target auth state: UNCHALLENGED
&amp#27;[0;39m2023-05-08 13:19:00,378 [main] &amp#27;[39mDEBUG&amp#27;[0;39m &amp#27;[36mc.g.d.z.s.o.a.h.c.h.i.c.ProtocolExec&amp#27;[0;39m - &amp#27;[32mex-00000048: proxy auth state: UNCHALLENGED
&amp#27;[0;39m2023-05-08 13:19:00,378 [main] &amp#27;[39mDEBUG&amp#27;[0;39m &amp#27;[36mc.g.d.z.s.o.a.h.c.h.i.c.ConnectExec&amp#27;[0;39m - &amp#27;[32mex-00000048: acquiring connection with route {}->unix://localhost:2375
&amp#27;[0;39m2023-05-08 13:19:00,378 [main] &amp#27;[39mDEBUG&amp#27;[0;39m &amp#27;[36mc.g.d.z.s.o.a.h.c.h.i.c.InternalHttpClient&amp#27;[0;39m - &amp#27;[32mex-00000048: acquiring endpoint (3 MINUTES)
&amp#27;[0;39m2023-05-08 13:19:00,378 [main] &amp#27;[39mDEBUG&amp#27;[0;39m &amp#27;[36mc.g.d.z.s.o.a.h.c.h.i.i.PoolingHttpClientConnectionManager&amp#27;[0;39m - &amp#27;[32mex-00000048: endpoint lease request (3 MINUTES) [route: {}->unix://localhost:2375][total available: 1; route allocated: 1 of 2147483647; total allocated: 1 of 2147483647]
&amp#27;[0;39m2023-05-08 13:19:00,378 [main] &amp#27;[39mDEBUG&amp#27;[0;39m &amp#27;[36mc.g.d.z.s.o.a.h.c.h.i.i.PoolingHttpClientConnectionManager&amp#27;[0;39m - &amp#27;[32mex-00000048: endpoint leased [route: {}->unix://localhost:2375][total available: 0; route allocated: 1 of 2147483647; total allocated: 1 of 2147483647]
&amp#27;[0;39m2023-05-08 13:19:00,378 [main] &amp#27;[39mDEBUG&amp#27;[0;39m &amp#27;[36mc.g.d.z.s.o.a.h.c.h.i.i.PoolingHttpClientConnectionManager&amp#27;[0;39m - &amp#27;[32mex-00000048: acquired ep-00000047
&amp#27;[0;39m2023-05-08 13:19:00,378 [main] &amp#27;[39mDEBUG&amp#27;[0;39m &amp#27;[36mc.g.d.z.s.o.a.h.c.h.i.c.InternalHttpClient&amp#27;[0;39m - &amp#27;[32mex-00000048: acquired endpoint ep-00000047
&amp#27;[0;39m2023-05-08 13:19:00,378 [main] &amp#27;[39mDEBUG&amp#27;[0;39m &amp#27;[36mc.g.d.z.s.o.a.h.c.h.i.c.MainClientExec&amp#27;[0;39m - &amp#27;[32mex-00000048: executing GET /v1.32/containers/cccfb0602d7e775562ae171a9fe0a7ec811b6906268008a84fea93151d2a7305/json HTTP/1.1
&amp#27;[0;39m2023-05-08 13:19:00,379 [main] &amp#27;[39mDEBUG&amp#27;[0;39m &amp#27;[36mc.g.d.z.s.o.a.h.c.h.i.c.InternalHttpClient&amp#27;[0;39m - &amp#27;[32mep-00000047: start execution ex-00000048
&amp#27;[0;39m2023-05-08 13:19:00,379 [main] &amp#27;[39mDEBUG&amp#27;[0;39m &amp#27;[36mc.g.d.z.s.o.a.h.c.h.i.i.PoolingHttpClientConnectionManager&amp#27;[0;39m - &amp#27;[32mep-00000047: executing exchange ex-00000048 over http-outgoing-1
&amp#27;[0;39m2023-05-08 13:19:00,379 [main] &amp#27;[39mDEBUG&amp#27;[0;39m &amp#27;[36mc.g.d.z.s.o.a.h.client5.http.headers&amp#27;[0;39m - &amp#27;[32mhttp-outgoing-1 >> GET /v1.32/containers/cccfb0602d7e775562ae171a9fe0a7ec811b6906268008a84fea93151d2a7305/json HTTP/1.1
&amp#27;[0;39m2023-05-08 13:19:00,379 [main] &amp#27;[39mDEBUG&amp#27;[0;39m &amp#27;[36mc.g.d.z.s.o.a.h.client5.http.headers&amp#27;[0;39m - &amp#27;[32mhttp-outgoing-1 >> accept: application/json
&amp#27;[0;39m2023-05-08 13:19:00,379 [main] &amp#27;[39mDEBUG&amp#27;[0;39m &amp#27;[36mc.g.d.z.s.o.a.h.client5.http.headers&amp#27;[0;39m - &amp#27;[32mhttp-outgoing-1 >> x-tc-sid: f1b696c1-ec3f-4f95-afa8-081853be7ccb
&amp#27;[0;39m2023-05-08 13:19:00,379 [main] &amp#27;[39mDEBUG&amp#27;[0;39m &amp#27;[36mc.g.d.z.s.o.a.h.client5.http.headers&amp#27;[0;39m - &amp#27;[32mhttp-outgoing-1 >> Accept-Encoding: gzip, x-gzip, deflate
&amp#27;[0;39m2023-05-08 13:19:00,379 [main] &amp#27;[39mDEBUG&amp#27;[0;39m &amp#27;[36mc.g.d.z.s.o.a.h.client5.http.headers&amp#27;[0;39m - &amp#27;[32mhttp-outgoing-1 >> Host: localhost:2375
&amp#27;[0;39m2023-05-08 13:19:00,379 [main] &amp#27;[39mDEBUG&amp#27;[0;39m &amp#27;[36mc.g.d.z.s.o.a.h.client5.http.headers&amp#27;[0;39m - &amp#27;[32mhttp-outgoing-1 >> Connection: keep-alive
&amp#27;[0;39m2023-05-08 13:19:00,379 [main] &amp#27;[39mDEBUG&amp#27;[0;39m &amp#27;[36mc.g.d.z.s.o.a.h.client5.http.headers&amp#27;[0;39m - &amp#27;[32mhttp-outgoing-1 >> User-Agent: Apache-HttpClient/5.0.3 (Java/17.0.6)
&amp#27;[0;39m2023-05-08 13:19:00,379 [main] &amp#27;[39mDEBUG&amp#27;[0;39m &amp#27;[36mc.g.d.z.s.o.a.hc.client5.http.wire&amp#27;[0;39m - &amp#27;[32mhttp-outgoing-1 >> "GET /v1.32/containers/cccfb0602d7e775562ae171a9fe0a7ec811b6906268008a84fea93151d2a7305/json HTTP/1.1[\r][\n]"
&amp#27;[0;39m2023-05-08 13:19:00,379 [main] &amp#27;[39mDEBUG&amp#27;[0;39m &amp#27;[36mc.g.d.z.s.o.a.hc.client5.http.wire&amp#27;[0;39m - &amp#27;[32mhttp-outgoing-1 >> "accept: application/json[\r][\n]"
&amp#27;[0;39m2023-05-08 13:19:00,379 [main] &amp#27;[39mDEBUG&amp#27;[0;39m &amp#27;[36mc.g.d.z.s.o.a.hc.client5.http.wire&amp#27;[0;39m - &amp#27;[32mhttp-outgoing-1 >> "x-tc-sid: f1b696c1-ec3f-4f95-afa8-081853be7ccb[\r][\n]"
&amp#27;[0;39m2023-05-08 13:19:00,379 [main] &amp#27;[39mDEBUG&amp#27;[0;39m &amp#27;[36mc.g.d.z.s.o.a.hc.client5.http.wire&amp#27;[0;39m - &amp#27;[32mhttp-outgoing-1 >> "Accept-Encoding: gzip, x-gzip, deflate[\r][\n]"
&amp#27;[0;39m2023-05-08 13:19:00,379 [main] &amp#27;[39mDEBUG&amp#27;[0;39m &amp#27;[36mc.g.d.z.s.o.a.hc.client5.http.wire&amp#27;[0;39m - &amp#27;[32mhttp-outgoing-1 >> "Host: localhost:2375[\r][\n]"
&amp#27;[0;39m2023-05-08 13:19:00,379 [main] &amp#27;[39mDEBUG&amp#27;[0;39m &amp#27;[36mc.g.d.z.s.o.a.hc.client5.http.wire&amp#27;[0;39m - &amp#27;[32mhttp-outgoing-1 >> "Connection: keep-alive[\r][\n]"
&amp#27;[0;39m2023-05-08 13:19:00,379 [main] &amp#27;[39mDEBUG&amp#27;[0;39m &amp#27;[36mc.g.d.z.s.o.a.hc.client5.http.wire&amp#27;[0;39m - &amp#27;[32mhttp-outgoing-1 >> "User-Agent: Apache-HttpClient/5.0.3 (Java/17.0.6)[\r][\n]"
&amp#27;[0;39m2023-05-08 13:19:00,379 [main] &amp#27;[39mDEBUG&amp#27;[0;39m &amp#27;[36mc.g.d.z.s.o.a.hc.client5.http.wire&amp#27;[0;39m - &amp#27;[32mhttp-outgoing-1 >> "[\r][\n]"
&amp#27;[0;39m2023-05-08 13:19:00,380 [main] &amp#27;[39mDEBUG&amp#27;[0;39m &amp#27;[36mc.g.d.z.s.o.a.hc.client5.http.wire&amp#27;[0;39m - &amp#27;[32mhttp-outgoing-1 << "HTTP/1.1 200 OK[\r][\n]"
&amp#27;[0;39m2023-05-08 13:19:00,380 [main] &amp#27;[39mDEBUG&amp#27;[0;39m &amp#27;[36mc.g.d.z.s.o.a.hc.client5.http.wire&amp#27;[0;39m - &amp#27;[32mhttp-outgoing-1 << "Api-Version: 1.42[\r][\n]"
&amp#27;[0;39m2023-05-08 13:19:00,380 [main] &amp#27;[39mDEBUG&amp#27;[0;39m &amp#27;[36mc.g.d.z.s.o.a.hc.client5.http.wire&amp#27;[0;39m - &amp#27;[32mhttp-outgoing-1 << "Content-Type: application/json[\r][\n]"
&amp#27;[0;39m2023-05-08 13:19:00,380 [main] &amp#27;[39mDEBUG&amp#27;[0;39m &amp#27;[36mc.g.d.z.s.o.a.hc.client5.http.wire&amp#27;[0;39m - &amp#27;[32mhttp-outgoing-1 << "Docker-Experimental: false[\r][\n]"
&amp#27;[0;39m2023-05-08 13:19:00,380 [main] &amp#27;[39mDEBUG&amp#27;[0;39m &amp#27;[36mc.g.d.z.s.o.a.hc.client5.http.wire&amp#27;[0;39m - &amp#27;[32mhttp-outgoing-1 << "Ostype: linux[\r][\n]"
&amp#27;[0;39m2023-05-08 13:19:00,380 [main] &amp#27;[39mDEBUG&amp#27;[0;39m &amp#27;[36mc.g.d.z.s.o.a.hc.client5.http.wire&amp#27;[0;39m - &amp#27;[32mhttp-outgoing-1 << "Server: Docker/23.0.5 (linux)[\r][\n]"
&amp#27;[0;39m2023-05-08 13:19:00,380 [main] &amp#27;[39mDEBUG&amp#27;[0;39m &amp#27;[36mc.g.d.z.s.o.a.hc.client5.http.wire&amp#27;[0;39m - &amp#27;[32mhttp-outgoing-1 << "Date: Mon, 08 May 2023 11:19:00 GMT[\r][\n]"
&amp#27;[0;39m2023-05-08 13:19:00,380 [main] &amp#27;[39mDEBUG&amp#27;[0;39m &amp#27;[36mc.g.d.z.s.o.a.hc.client5.http.wire&amp#27;[0;39m - &amp#27;[32mhttp-outgoing-1 << "Transfer-Encoding: chunked[\r][\n]"
&amp#27;[0;39m2023-05-08 13:19:00,380 [main] &amp#27;[39mDEBUG&amp#27;[0;39m &amp#27;[36mc.g.d.z.s.o.a.hc.client5.http.wire&amp#27;[0;39m - &amp#27;[32mhttp-outgoing-1 << "[\r][\n]"
&amp#27;[0;39m2023-05-08 13:19:00,380 [main] &amp#27;[39mDEBUG&amp#27;[0;39m &amp#27;[36mc.g.d.z.s.o.a.hc.client5.http.wire&amp#27;[0;39m - &amp#27;[32mhttp-outgoing-1 << "1890[\r][\n]"
&amp#27;[0;39m2023-05-08 13:19:00,380 [main] &amp#27;[39mDEBUG&amp#27;[0;39m &amp#27;[36mc.g.d.z.s.o.a.hc.client5.http.wire&amp#27;[0;39m - &amp#27;[32mhttp-outgoing-1 << "{"Id":"cccfb0602d7e775562ae171a9fe0a7ec811b6906268008a84fea93151d2a7305","Created":"2023-05-08T11:18:54.120535425Z","Path":"docker-entrypoint.sh","Args":["mysqld"],"State":{"Status":"running","Running":true,"Paused":false,"Restarting":false,"OOMKilled":false,"Dead":false,"Pid":59126,"ExitCode":0,"Error":"","StartedAt":"2023-05-08T11:18:54.468577716Z","FinishedAt":"0001-01-01T00:00:00Z"},"Image":"sha256:228d71078f8ce5ae9fd96b183f88c3a90e30544b4b7ce9d64a238d05fef2a681","ResolvConfPath":"/var/lib/docker/containers/cccfb0602d7e775562ae171a9fe0a7ec811b6906268008a84fea93151d2a7305/resolv.conf","HostnamePath":"/var/lib/docker/containers/cccfb0602d7e775562ae171a9fe0a7ec811b6906268008a84fea93151d2a7305/hostname","HostsPath":"/var/lib/docker/containers/cccfb0602d7e775562ae171a9fe0a7ec811b6906268008a84fea93151d2a7305/hosts","LogPath":"/var/lib/docker/containers/cccfb0602d7e775562ae171a9fe0a7ec811b6906268008a84fea93151d2a7305/cccfb0602d7e775562ae171a9fe0a7ec811b6906268008a84fea93151d2a7305-json.log","Name":"/charming_goodall","RestartCount":0,"Driver":"overlay2","Platform":"linux","MountLabel":"","ProcessLabel":"","AppArmorProfile":"docker-default","ExecIDs":null,"HostConfig":{"Binds":[],"ContainerIDFile":"","LogConfig":{"Type":"json-file","Config":{}},"NetworkMode":"default","PortBindings":{"3306/tcp":[{"HostIp":"","HostPort":""}]},"RestartPolicy":{"Name":"","MaximumRetryCount":0},"AutoRemove":false,"VolumeDriver":"","VolumesFrom":[],"ConsoleSize":[0,0],"CapAdd":null,"CapDrop":null,"CgroupnsMode":"private","Dns":null,"DnsOptions":null,"DnsSearch":null,"ExtraHosts":[],"GroupAdd":null,"IpcMode":"shareable","Cgroup":"","Links":null,"OomScoreAdj":0,"PidMode":"","Privileged":false,"PublishAllPorts":false,"ReadonlyRootfs":false,"SecurityOpt":null,"UTSMode":"","UsernsMode":"","ShmSize":67108864,"Runtime":"runc","Isolation":"","CpuShares":0,"Memory":0,"NanoCpus":0,"CgroupParent":"","BlkioWeight":0,"BlkioWeightDevice":null,"BlkioDeviceReadBps":null,"BlkioDeviceWriteBps":null,"BlkioDeviceReadIOps":null,"BlkioDeviceWriteIOps":null,"CpuPeriod":0,"CpuQuota":0,"CpuRealtimePeriod":0,"CpuRealtimeRuntime":0,"CpusetCpus":"","CpusetMems":"","Devices":null,"DeviceCgroupRules":null,"DeviceRequests":null,"MemoryReservation":0,"MemorySwap":0,"MemorySwappiness":null,"OomKillDisable":null,"PidsLimit":null,"Ulimits":null,"CpuCount":0,"CpuPercent":0,"IOMaximumIOps":0,"IOMaximumBandwidth":0,"MaskedPaths":["/proc/asound","/proc/acpi","/proc/kcore","/proc/keys","/proc/latency_stats","/proc/timer_list","/proc/timer_stats","/proc/sched_debug","/proc/scsi","/sys/firmware"],"ReadonlyPaths":["/proc/bus","/proc/fs","/proc/irq","/proc/sys","/proc/sysrq-trigger"]},"GraphDriver":{"Data":{"LowerDir":"/var/lib/docker/overlay2/0075f27ac39799b376a3e23bf05a650eb10c8a0f9ef49be1ab61e98fd3b93dc3-init/diff:/var/lib/docker/overlay2/4c6e20f032f02b27a9272f982861dc21998197aa90d94ed3bef95d449380247c/diff:/var/lib/docker/overlay2/0c75f828f603eff839bb3ca448163ab2a8017e86625ac255cd3dbf1673ddac26/diff:/var/lib/docker/overlay2/da128d897fda75829109844ce6cd9d73d0f54c682e735100af000ce899908729/diff:/var/lib/docker/overlay2/b678a1f261bf323afba6d76d91ab7428bdd6e1ef4a39b5224e4a1afd08c0423a/diff:/var/lib/docker/overlay2/1bec43b14875c5f9f814f146e8e31aa78566689c2c163da2ac60a32254988437/diff:/var/lib/docker/overlay2/28f4b1e6e1a7a2dbe30f1f94fb42bccd85a61faf8af1fe30a5bb0d442c525e41/diff:/var/lib/docker/overlay2/0f493124464c291d7c97d2633d5dff04b1dce5de904cb40a34dfbe7fe72e3fd4/diff:/var/lib/docker/overlay2/05befbee9e38cd670e1786b3310e99796dcc06abbed970007b4109a5424843fa/diff:/var/lib/docker/overlay2/582bcca9acfc4eef25109e1e1b9c9d104f355798455bc73e855c99283887a6e8/diff:/var/lib/docker/overlay2/153b3bf0b69e97e8f0e5533414a31ca33fa530e63d174c9617621abe46e7e9d1/diff:/var/lib/docker/overlay2/bf87a76c0a38875ee6e915fd0d2527eafa880ec6bf2c1cb294959428c18d10bd/diff","MergedDir":"/var/lib/docker/overlay2/0075f27ac39799b376a3e23bf05a650eb10c8a0f9ef49be1ab61e98fd3b93dc3/merged","UpperDir":"/var/lib/docker/overlay2/0075f27ac39799b376a3e23bf05a650eb10c8a0f9ef49be1ab61e98fd3b93dc3/diff","WorkDir":"/var/lib/docker/overlay2/0075f27ac39799b376a3e23bf05a650eb10c8a0f9ef49be1ab61e98fd3b93dc3/work"},"Name":"overlay2"},"Mounts":[{"Type":"volume","Name":"ffd30c8cc7ed7bf91bc1ebef46b0f06493ce1d3121e28c37d40240bd74b844a5","Source":"/var/lib/docker/volumes/ffd30c8cc7ed7bf91bc1ebef46b0f06493ce1d3121e28c37d40240bd74b844a5/_data","Destination":"/var/lib/mysql","Driver":"local","Mode":"","RW":true,"Propagation":""}],"Config":{"Hostname":"cccfb0602d7e","Domainname":"","User":"","AttachStdin":false,"AttachStdout":false,"AttachStderr":false,"ExposedPorts":{"3306/tcp":{}},"Tty":false,"OpenStdin":false,"StdinOnce":false,"Env":["MYSQL_DATABASE=test","MYSQL_PASSWORD=test","MYSQL_USER=test","MYSQL_ROOT_PASSWORD=test","PATH=/usr/local/sbin:/usr/local/bin:/usr/sbin:/usr/bin:/sbin:/bin","GOSU_VERSION=1.7","MYSQL_MAJOR=8.0","MYSQL_VERSION=8.0.0-dmr-1debian8"],"Cmd":["mysqld"],"Image":"mysql:8.0.0","Volumes":{"/var/lib/mysql":{}},"WorkingDir":"","Entrypoint":["docker-entrypoint.sh"],"OnBuild":null,"Labels":{"org.testcontainers":"true","org.testcontainers.lang":"java","org.testcontainers.sessionId":"f1b696c1-ec3f-4f95-afa8-081853be7ccb","org.testcontainers.version":"1.18.0"}},"NetworkSettings":{"Bridge":"","SandboxID":"75a4ef0436803615aa77c8b97de3cbbdd49519261fe2b3b6cdcae9bd2b1154aa","HairpinMode":false,"LinkLocalIPv6Address":"","LinkLocalIPv6PrefixLen":0,"Ports":{"3306/tcp":[{"HostIp":"0.0.0.0","HostPort":"32781"},{"HostIp":"::","HostPort":"32781"}]},"SandboxKey":"/var/run/docker/netns/75a4ef043680","SecondaryIPAddresses":null,"SecondaryIPv6Addresses":null,"EndpointID":"de3a5c9cc9471fdbec5943d78a8803fca61208fe4021ac9d3922ee2e8ec0d135","Gateway":"172.17.0.1","GlobalIPv6Address":"","GlobalIPv6PrefixLen":0,"IPAddress":"172.17.0.3","IPPrefixLen":16,"IPv6Gateway":"","MacAddress":"02:42:ac:11:00:03","Networks":{"bridge":{"IPAMConfig":null,"Links":null,"Aliases":null,"NetworkID":"e1a078e12eb8d77b497ed932f7fb43787eeb6ff6972febd7d03c9282b8b5cd45","EndpointID":"de3a5c9cc9471fdbec5943d78a8803fca61208fe4021ac9d3922ee2e8ec0d135","Gateway":"172.17.0.1","IPAddress":"172.17.0.3","IPPrefixLen":16,"IPv6Gateway":"","GlobalIPv6Address":"","GlobalIPv6PrefixLen":0,"MacAddress":"02:42:ac:11:00:03","DriverOpts":null}}}}[\n]"
&amp#27;[0;39m2023-05-08 13:19:00,381 [main] &amp#27;[39mDEBUG&amp#27;[0;39m &amp#27;[36mc.g.d.z.s.o.a.hc.client5.http.wire&amp#27;[0;39m - &amp#27;[32mhttp-outgoing-1 << "[\r][\n]"
&amp#27;[0;39m2023-05-08 13:19:00,381 [main] &amp#27;[39mDEBUG&amp#27;[0;39m &amp#27;[36mc.g.d.z.s.o.a.hc.client5.http.wire&amp#27;[0;39m - &amp#27;[32mhttp-outgoing-1 << "0[\r][\n]"
&amp#27;[0;39m2023-05-08 13:19:00,381 [main] &amp#27;[39mDEBUG&amp#27;[0;39m &amp#27;[36mc.g.d.z.s.o.a.hc.client5.http.wire&amp#27;[0;39m - &amp#27;[32mhttp-outgoing-1 << "[\r][\n]"
&amp#27;[0;39m2023-05-08 13:19:00,381 [main] &amp#27;[39mDEBUG&amp#27;[0;39m &amp#27;[36mc.g.d.z.s.o.a.h.client5.http.headers&amp#27;[0;39m - &amp#27;[32mhttp-outgoing-1 << HTTP/1.1 200 OK
&amp#27;[0;39m2023-05-08 13:19:00,381 [main] &amp#27;[39mDEBUG&amp#27;[0;39m &amp#27;[36mc.g.d.z.s.o.a.h.client5.http.headers&amp#27;[0;39m - &amp#27;[32mhttp-outgoing-1 << Api-Version: 1.42
&amp#27;[0;39m2023-05-08 13:19:00,381 [main] &amp#27;[39mDEBUG&amp#27;[0;39m &amp#27;[36mc.g.d.z.s.o.a.h.client5.http.headers&amp#27;[0;39m - &amp#27;[32mhttp-outgoing-1 << Content-Type: application/json
&amp#27;[0;39m2023-05-08 13:19:00,381 [main] &amp#27;[39mDEBUG&amp#27;[0;39m &amp#27;[36mc.g.d.z.s.o.a.h.client5.http.headers&amp#27;[0;39m - &amp#27;[32mhttp-outgoing-1 << Docker-Experimental: false
&amp#27;[0;39m2023-05-08 13:19:00,381 [main] &amp#27;[39mDEBUG&amp#27;[0;39m &amp#27;[36mc.g.d.z.s.o.a.h.client5.http.headers&amp#27;[0;39m - &amp#27;[32mhttp-outgoing-1 << Ostype: linux
&amp#27;[0;39m2023-05-08 13:19:00,381 [main] &amp#27;[39mDEBUG&amp#27;[0;39m &amp#27;[36mc.g.d.z.s.o.a.h.client5.http.headers&amp#27;[0;39m - &amp#27;[32mhttp-outgoing-1 << Server: Docker/23.0.5 (linux)
&amp#27;[0;39m2023-05-08 13:19:00,381 [main] &amp#27;[39mDEBUG&amp#27;[0;39m &amp#27;[36mc.g.d.z.s.o.a.h.client5.http.headers&amp#27;[0;39m - &amp#27;[32mhttp-outgoing-1 << Date: Mon, 08 May 2023 11:19:00 GMT
&amp#27;[0;39m2023-05-08 13:19:00,381 [main] &amp#27;[39mDEBUG&amp#27;[0;39m &amp#27;[36mc.g.d.z.s.o.a.h.client5.http.headers&amp#27;[0;39m - &amp#27;[32mhttp-outgoing-1 << Transfer-Encoding: chunked
&amp#27;[0;39m2023-05-08 13:19:00,381 [main] &amp#27;[39mDEBUG&amp#27;[0;39m &amp#27;[36mc.g.d.z.s.o.a.h.c.h.i.c.MainClientExec&amp#27;[0;39m - &amp#27;[32mex-00000048: connection can be kept alive for 3 MINUTES
&amp#27;[0;39m2023-05-08 13:19:00,383 [main] &amp#27;[39mDEBUG&amp#27;[0;39m &amp#27;[36mc.g.d.z.s.o.a.h.c.h.i.c.InternalHttpClient&amp#27;[0;39m - &amp#27;[32mep-00000047: releasing valid endpoint
&amp#27;[0;39m2023-05-08 13:19:00,383 [main] &amp#27;[39mDEBUG&amp#27;[0;39m &amp#27;[36mc.g.d.z.s.o.a.h.c.h.i.i.PoolingHttpClientConnectionManager&amp#27;[0;39m - &amp#27;[32mep-00000047: releasing endpoint
&amp#27;[0;39m2023-05-08 13:19:00,383 [main] &amp#27;[39mDEBUG&amp#27;[0;39m &amp#27;[36mc.g.d.z.s.o.a.h.c.h.i.i.PoolingHttpClientConnectionManager&amp#27;[0;39m - &amp#27;[32mep-00000047: connection http-outgoing-1 can be kept alive for 3 MINUTES
&amp#27;[0;39m2023-05-08 13:19:00,383 [main] &amp#27;[39mDEBUG&amp#27;[0;39m &amp#27;[36mc.g.d.z.s.o.a.h.c.h.i.i.PoolingHttpClientConnectionManager&amp#27;[0;39m - &amp#27;[32mep-00000047: connection released [route: {}->unix://localhost:2375][total available: 1; route allocated: 1 of 2147483647; total allocated: 1 of 2147483647]
&amp#27;[0;39m2023-05-08 13:19:00,383 [main] &amp#27;[39mDEBUG&amp#27;[0;39m &amp#27;[36mtc.mysql:8.0.0&amp#27;[0;39m - &amp#27;[32mTrying to create JDBC connection using com.mysql.cj.jdbc.Driver to jdbc:mysql://localhost:32781/test?useSSL=false&allowPublicKeyRetrieval=true with properties: {password=test, user=test}
&amp#27;[0;39m2023-05-08 13:19:00,485 [main] &amp#27;[39mDEBUG&amp#27;[0;39m &amp#27;[36mo.t.s.c.g.d.c.command.AbstrDockerCmd&amp#27;[0;39m - &amp#27;[32mCmd: cccfb0602d7e775562ae171a9fe0a7ec811b6906268008a84fea93151d2a7305,false
&amp#27;[0;39m2023-05-08 13:19:00,485 [main] &amp#27;[39mDEBUG&amp#27;[0;39m &amp#27;[36mo.t.s.c.g.d.c.e.InspectContainerCmdExec&amp#27;[0;39m - &amp#27;[32mGET: DefaultWebTarget{path=[/containers/cccfb0602d7e775562ae171a9fe0a7ec811b6906268008a84fea93151d2a7305/json], queryParams={}}
&amp#27;[0;39m2023-05-08 13:19:00,486 [main] &amp#27;[39mDEBUG&amp#27;[0;39m &amp#27;[36mc.g.d.z.s.o.a.h.c.h.i.c.InternalHttpClient&amp#27;[0;39m - &amp#27;[32mex-00000049: preparing request execution
&amp#27;[0;39m2023-05-08 13:19:00,486 [main] &amp#27;[39mDEBUG&amp#27;[0;39m &amp#27;[36mc.g.d.z.s.o.a.h.c.h.p.RequestAddCookies&amp#27;[0;39m - &amp#27;[32mCookie spec selected: strict
&amp#27;[0;39m2023-05-08 13:19:00,486 [main] &amp#27;[39mDEBUG&amp#27;[0;39m &amp#27;[36mc.g.d.z.s.o.a.h.c.h.p.RequestAuthCache&amp#27;[0;39m - &amp#27;[32mAuth cache not set in the context
&amp#27;[0;39m2023-05-08 13:19:00,486 [main] &amp#27;[39mDEBUG&amp#27;[0;39m &amp#27;[36mc.g.d.z.s.o.a.h.c.h.i.c.ProtocolExec&amp#27;[0;39m - &amp#27;[32mex-00000049: target auth state: UNCHALLENGED
&amp#27;[0;39m2023-05-08 13:19:00,486 [main] &amp#27;[39mDEBUG&amp#27;[0;39m &amp#27;[36mc.g.d.z.s.o.a.h.c.h.i.c.ProtocolExec&amp#27;[0;39m - &amp#27;[32mex-00000049: proxy auth state: UNCHALLENGED
&amp#27;[0;39m2023-05-08 13:19:00,486 [main] &amp#27;[39mDEBUG&amp#27;[0;39m &amp#27;[36mc.g.d.z.s.o.a.h.c.h.i.c.ConnectExec&amp#27;[0;39m - &amp#27;[32mex-00000049: acquiring connection with route {}->unix://localhost:2375
&amp#27;[0;39m2023-05-08 13:19:00,486 [main] &amp#27;[39mDEBUG&amp#27;[0;39m &amp#27;[36mc.g.d.z.s.o.a.h.c.h.i.c.InternalHttpClient&amp#27;[0;39m - &amp#27;[32mex-00000049: acquiring endpoint (3 MINUTES)
&amp#27;[0;39m2023-05-08 13:19:00,486 [main] &amp#27;[39mDEBUG&amp#27;[0;39m &amp#27;[36mc.g.d.z.s.o.a.h.c.h.i.i.PoolingHttpClientConnectionManager&amp#27;[0;39m - &amp#27;[32mex-00000049: endpoint lease request (3 MINUTES) [route: {}->unix://localhost:2375][total available: 1; route allocated: 1 of 2147483647; total allocated: 1 of 2147483647]
&amp#27;[0;39m2023-05-08 13:19:00,486 [main] &amp#27;[39mDEBUG&amp#27;[0;39m &amp#27;[36mc.g.d.z.s.o.a.h.c.h.i.i.PoolingHttpClientConnectionManager&amp#27;[0;39m - &amp#27;[32mex-00000049: endpoint leased [route: {}->unix://localhost:2375][total available: 0; route allocated: 1 of 2147483647; total allocated: 1 of 2147483647]
&amp#27;[0;39m2023-05-08 13:19:00,486 [main] &amp#27;[39mDEBUG&amp#27;[0;39m &amp#27;[36mc.g.d.z.s.o.a.h.c.h.i.i.PoolingHttpClientConnectionManager&amp#27;[0;39m - &amp#27;[32mex-00000049: acquired ep-00000048
&amp#27;[0;39m2023-05-08 13:19:00,486 [main] &amp#27;[39mDEBUG&amp#27;[0;39m &amp#27;[36mc.g.d.z.s.o.a.h.c.h.i.c.InternalHttpClient&amp#27;[0;39m - &amp#27;[32mex-00000049: acquired endpoint ep-00000048
&amp#27;[0;39m2023-05-08 13:19:00,486 [main] &amp#27;[39mDEBUG&amp#27;[0;39m &amp#27;[36mc.g.d.z.s.o.a.h.c.h.i.c.MainClientExec&amp#27;[0;39m - &amp#27;[32mex-00000049: executing GET /v1.32/containers/cccfb0602d7e775562ae171a9fe0a7ec811b6906268008a84fea93151d2a7305/json HTTP/1.1
&amp#27;[0;39m2023-05-08 13:19:00,486 [main] &amp#27;[39mDEBUG&amp#27;[0;39m &amp#27;[36mc.g.d.z.s.o.a.h.c.h.i.c.InternalHttpClient&amp#27;[0;39m - &amp#27;[32mep-00000048: start execution ex-00000049
&amp#27;[0;39m2023-05-08 13:19:00,486 [main] &amp#27;[39mDEBUG&amp#27;[0;39m &amp#27;[36mc.g.d.z.s.o.a.h.c.h.i.i.PoolingHttpClientConnectionManager&amp#27;[0;39m - &amp#27;[32mep-00000048: executing exchange ex-00000049 over http-outgoing-1
&amp#27;[0;39m2023-05-08 13:19:00,486 [main] &amp#27;[39mDEBUG&amp#27;[0;39m &amp#27;[36mc.g.d.z.s.o.a.h.client5.http.headers&amp#27;[0;39m - &amp#27;[32mhttp-outgoing-1 >> GET /v1.32/containers/cccfb0602d7e775562ae171a9fe0a7ec811b6906268008a84fea93151d2a7305/json HTTP/1.1
&amp#27;[0;39m2023-05-08 13:19:00,486 [main] &amp#27;[39mDEBUG&amp#27;[0;39m &amp#27;[36mc.g.d.z.s.o.a.h.client5.http.headers&amp#27;[0;39m - &amp#27;[32mhttp-outgoing-1 >> accept: application/json
&amp#27;[0;39m2023-05-08 13:19:00,486 [main] &amp#27;[39mDEBUG&amp#27;[0;39m &amp#27;[36mc.g.d.z.s.o.a.h.client5.http.headers&amp#27;[0;39m - &amp#27;[32mhttp-outgoing-1 >> x-tc-sid: f1b696c1-ec3f-4f95-afa8-081853be7ccb
&amp#27;[0;39m2023-05-08 13:19:00,487 [main] &amp#27;[39mDEBUG&amp#27;[0;39m &amp#27;[36mc.g.d.z.s.o.a.h.client5.http.headers&amp#27;[0;39m - &amp#27;[32mhttp-outgoing-1 >> Accept-Encoding: gzip, x-gzip, deflate
&amp#27;[0;39m2023-05-08 13:19:00,487 [main] &amp#27;[39mDEBUG&amp#27;[0;39m &amp#27;[36mc.g.d.z.s.o.a.h.client5.http.headers&amp#27;[0;39m - &amp#27;[32mhttp-outgoing-1 >> Host: localhost:2375
&amp#27;[0;39m2023-05-08 13:19:00,487 [main] &amp#27;[39mDEBUG&amp#27;[0;39m &amp#27;[36mc.g.d.z.s.o.a.h.client5.http.headers&amp#27;[0;39m - &amp#27;[32mhttp-outgoing-1 >> Connection: keep-alive
&amp#27;[0;39m2023-05-08 13:19:00,487 [main] &amp#27;[39mDEBUG&amp#27;[0;39m &amp#27;[36mc.g.d.z.s.o.a.h.client5.http.headers&amp#27;[0;39m - &amp#27;[32mhttp-outgoing-1 >> User-Agent: Apache-HttpClient/5.0.3 (Java/17.0.6)
&amp#27;[0;39m2023-05-08 13:19:00,487 [main] &amp#27;[39mDEBUG&amp#27;[0;39m &amp#27;[36mc.g.d.z.s.o.a.hc.client5.http.wire&amp#27;[0;39m - &amp#27;[32mhttp-outgoing-1 >> "GET /v1.32/containers/cccfb0602d7e775562ae171a9fe0a7ec811b6906268008a84fea93151d2a7305/json HTTP/1.1[\r][\n]"
&amp#27;[0;39m2023-05-08 13:19:00,487 [main] &amp#27;[39mDEBUG&amp#27;[0;39m &amp#27;[36mc.g.d.z.s.o.a.hc.client5.http.wire&amp#27;[0;39m - &amp#27;[32mhttp-outgoing-1 >> "accept: application/json[\r][\n]"
&amp#27;[0;39m2023-05-08 13:19:00,487 [main] &amp#27;[39mDEBUG&amp#27;[0;39m &amp#27;[36mc.g.d.z.s.o.a.hc.client5.http.wire&amp#27;[0;39m - &amp#27;[32mhttp-outgoing-1 >> "x-tc-sid: f1b696c1-ec3f-4f95-afa8-081853be7ccb[\r][\n]"
&amp#27;[0;39m2023-05-08 13:19:00,487 [main] &amp#27;[39mDEBUG&amp#27;[0;39m &amp#27;[36mc.g.d.z.s.o.a.hc.client5.http.wire&amp#27;[0;39m - &amp#27;[32mhttp-outgoing-1 >> "Accept-Encoding: gzip, x-gzip, deflate[\r][\n]"
&amp#27;[0;39m2023-05-08 13:19:00,487 [main] &amp#27;[39mDEBUG&amp#27;[0;39m &amp#27;[36mc.g.d.z.s.o.a.hc.client5.http.wire&amp#27;[0;39m - &amp#27;[32mhttp-outgoing-1 >> "Host: localhost:2375[\r][\n]"
&amp#27;[0;39m2023-05-08 13:19:00,487 [main] &amp#27;[39mDEBUG&amp#27;[0;39m &amp#27;[36mc.g.d.z.s.o.a.hc.client5.http.wire&amp#27;[0;39m - &amp#27;[32mhttp-outgoing-1 >> "Connection: keep-alive[\r][\n]"
&amp#27;[0;39m2023-05-08 13:19:00,487 [main] &amp#27;[39mDEBUG&amp#27;[0;39m &amp#27;[36mc.g.d.z.s.o.a.hc.client5.http.wire&amp#27;[0;39m - &amp#27;[32mhttp-outgoing-1 >> "User-Agent: Apache-HttpClient/5.0.3 (Java/17.0.6)[\r][\n]"
&amp#27;[0;39m2023-05-08 13:19:00,487 [main] &amp#27;[39mDEBUG&amp#27;[0;39m &amp#27;[36mc.g.d.z.s.o.a.hc.client5.http.wire&amp#27;[0;39m - &amp#27;[32mhttp-outgoing-1 >> "[\r][\n]"
&amp#27;[0;39m2023-05-08 13:19:00,487 [main] &amp#27;[39mDEBUG&amp#27;[0;39m &amp#27;[36mc.g.d.z.s.o.a.hc.client5.http.wire&amp#27;[0;39m - &amp#27;[32mhttp-outgoing-1 << "HTTP/1.1 200 OK[\r][\n]"
&amp#27;[0;39m2023-05-08 13:19:00,487 [main] &amp#27;[39mDEBUG&amp#27;[0;39m &amp#27;[36mc.g.d.z.s.o.a.hc.client5.http.wire&amp#27;[0;39m - &amp#27;[32mhttp-outgoing-1 << "Api-Version: 1.42[\r][\n]"
&amp#27;[0;39m2023-05-08 13:19:00,487 [main] &amp#27;[39mDEBUG&amp#27;[0;39m &amp#27;[36mc.g.d.z.s.o.a.hc.client5.http.wire&amp#27;[0;39m - &amp#27;[32mhttp-outgoing-1 << "Content-Type: application/json[\r][\n]"
&amp#27;[0;39m2023-05-08 13:19:00,487 [main] &amp#27;[39mDEBUG&amp#27;[0;39m &amp#27;[36mc.g.d.z.s.o.a.hc.client5.http.wire&amp#27;[0;39m - &amp#27;[32mhttp-outgoing-1 << "Docker-Experimental: false[\r][\n]"
&amp#27;[0;39m2023-05-08 13:19:00,487 [main] &amp#27;[39mDEBUG&amp#27;[0;39m &amp#27;[36mc.g.d.z.s.o.a.hc.client5.http.wire&amp#27;[0;39m - &amp#27;[32mhttp-outgoing-1 << "Ostype: linux[\r][\n]"
&amp#27;[0;39m2023-05-08 13:19:00,487 [main] &amp#27;[39mDEBUG&amp#27;[0;39m &amp#27;[36mc.g.d.z.s.o.a.hc.client5.http.wire&amp#27;[0;39m - &amp#27;[32mhttp-outgoing-1 << "Server: Docker/23.0.5 (linux)[\r][\n]"
&amp#27;[0;39m2023-05-08 13:19:00,487 [main] &amp#27;[39mDEBUG&amp#27;[0;39m &amp#27;[36mc.g.d.z.s.o.a.hc.client5.http.wire&amp#27;[0;39m - &amp#27;[32mhttp-outgoing-1 << "Date: Mon, 08 May 2023 11:19:00 GMT[\r][\n]"
&amp#27;[0;39m2023-05-08 13:19:00,487 [main] &amp#27;[39mDEBUG&amp#27;[0;39m &amp#27;[36mc.g.d.z.s.o.a.hc.client5.http.wire&amp#27;[0;39m - &amp#27;[32mhttp-outgoing-1 << "Transfer-Encoding: chunked[\r][\n]"
&amp#27;[0;39m2023-05-08 13:19:00,487 [main] &amp#27;[39mDEBUG&amp#27;[0;39m &amp#27;[36mc.g.d.z.s.o.a.hc.client5.http.wire&amp#27;[0;39m - &amp#27;[32mhttp-outgoing-1 << "[\r][\n]"
&amp#27;[0;39m2023-05-08 13:19:00,487 [main] &amp#27;[39mDEBUG&amp#27;[0;39m &amp#27;[36mc.g.d.z.s.o.a.hc.client5.http.wire&amp#27;[0;39m - &amp#27;[32mhttp-outgoing-1 << "1890[\r][\n]"
&amp#27;[0;39m2023-05-08 13:19:00,488 [main] &amp#27;[39mDEBUG&amp#27;[0;39m &amp#27;[36mc.g.d.z.s.o.a.hc.client5.http.wire&amp#27;[0;39m - &amp#27;[32mhttp-outgoing-1 << "{"Id":"cccfb0602d7e775562ae171a9fe0a7ec811b6906268008a84fea93151d2a7305","Created":"2023-05-08T11:18:54.120535425Z","Path":"docker-entrypoint.sh","Args":["mysqld"],"State":{"Status":"running","Running":true,"Paused":false,"Restarting":false,"OOMKilled":false,"Dead":false,"Pid":59126,"ExitCode":0,"Error":"","StartedAt":"2023-05-08T11:18:54.468577716Z","FinishedAt":"0001-01-01T00:00:00Z"},"Image":"sha256:228d71078f8ce5ae9fd96b183f88c3a90e30544b4b7ce9d64a238d05fef2a681","ResolvConfPath":"/var/lib/docker/containers/cccfb0602d7e775562ae171a9fe0a7ec811b6906268008a84fea93151d2a7305/resolv.conf","HostnamePath":"/var/lib/docker/containers/cccfb0602d7e775562ae171a9fe0a7ec811b6906268008a84fea93151d2a7305/hostname","HostsPath":"/var/lib/docker/containers/cccfb0602d7e775562ae171a9fe0a7ec811b6906268008a84fea93151d2a7305/hosts","LogPath":"/var/lib/docker/containers/cccfb0602d7e775562ae171a9fe0a7ec811b6906268008a84fea93151d2a7305/cccfb0602d7e775562ae171a9fe0a7ec811b6906268008a84fea93151d2a7305-json.log","Name":"/charming_goodall","RestartCount":0,"Driver":"overlay2","Platform":"linux","MountLabel":"","ProcessLabel":"","AppArmorProfile":"docker-default","ExecIDs":null,"HostConfig":{"Binds":[],"ContainerIDFile":"","LogConfig":{"Type":"json-file","Config":{}},"NetworkMode":"default","PortBindings":{"3306/tcp":[{"HostIp":"","HostPort":""}]},"RestartPolicy":{"Name":"","MaximumRetryCount":0},"AutoRemove":false,"VolumeDriver":"","VolumesFrom":[],"ConsoleSize":[0,0],"CapAdd":null,"CapDrop":null,"CgroupnsMode":"private","Dns":null,"DnsOptions":null,"DnsSearch":null,"ExtraHosts":[],"GroupAdd":null,"IpcMode":"shareable","Cgroup":"","Links":null,"OomScoreAdj":0,"PidMode":"","Privileged":false,"PublishAllPorts":false,"ReadonlyRootfs":false,"SecurityOpt":null,"UTSMode":"","UsernsMode":"","ShmSize":67108864,"Runtime":"runc","Isolation":"","CpuShares":0,"Memory":0,"NanoCpus":0,"CgroupParent":"","BlkioWeight":0,"BlkioWeightDevice":null,"BlkioDeviceReadBps":null,"BlkioDeviceWriteBps":null,"BlkioDeviceReadIOps":null,"BlkioDeviceWriteIOps":null,"CpuPeriod":0,"CpuQuota":0,"CpuRealtimePeriod":0,"CpuRealtimeRuntime":0,"CpusetCpus":"","CpusetMems":"","Devices":null,"DeviceCgroupRules":null,"DeviceRequests":null,"MemoryReservation":0,"MemorySwap":0,"MemorySwappiness":null,"OomKillDisable":null,"PidsLimit":null,"Ulimits":null,"CpuCount":0,"CpuPercent":0,"IOMaximumIOps":0,"IOMaximumBandwidth":0,"MaskedPaths":["/proc/asound","/proc/acpi","/proc/kcore","/proc/keys","/proc/latency_stats","/proc/timer_list","/proc/timer_stats","/proc/sched_debug","/proc/scsi","/sys/firmware"],"ReadonlyPaths":["/proc/bus","/proc/fs","/proc/irq","/proc/sys","/proc/sysrq-trigger"]},"GraphDriver":{"Data":{"LowerDir":"/var/lib/docker/overlay2/0075f27ac39799b376a3e23bf05a650eb10c8a0f9ef49be1ab61e98fd3b93dc3-init/diff:/var/lib/docker/overlay2/4c6e20f032f02b27a9272f982861dc21998197aa90d94ed3bef95d449380247c/diff:/var/lib/docker/overlay2/0c75f828f603eff839bb3ca448163ab2a8017e86625ac255cd3dbf1673ddac26/diff:/var/lib/docker/overlay2/da128d897fda75829109844ce6cd9d73d0f54c682e735100af000ce899908729/diff:/var/lib/docker/overlay2/b678a1f261bf323afba6d76d91ab7428bdd6e1ef4a39b5224e4a1afd08c0423a/diff:/var/lib/docker/overlay2/1bec43b14875c5f9f814f146e8e31aa78566689c2c163da2ac60a32254988437/diff:/var/lib/docker/overlay2/28f4b1e6e1a7a2dbe30f1f94fb42bccd85a61faf8af1fe30a5bb0d442c525e41/diff:/var/lib/docker/overlay2/0f493124464c291d7c97d2633d5dff04b1dce5de904cb40a34dfbe7fe72e3fd4/diff:/var/lib/docker/overlay2/05befbee9e38cd670e1786b3310e99796dcc06abbed970007b4109a5424843fa/diff:/var/lib/docker/overlay2/582bcca9acfc4eef25109e1e1b9c9d104f355798455bc73e855c99283887a6e8/diff:/var/lib/docker/overlay2/153b3bf0b69e97e8f0e5533414a31ca33fa530e63d174c9617621abe46e7e9d1/diff:/var/lib/docker/overlay2/bf87a76c0a38875ee6e915fd0d2527eafa880ec6bf2c1cb294959428c18d10bd/diff","MergedDir":"/var/lib/docker/overlay2/0075f27ac39799b376a3e23bf05a650eb10c8a0f9ef49be1ab61e98fd3b93dc3/merged","UpperDir":"/var/lib/docker/overlay2/0075f27ac39799b376a3e23bf05a650eb10c8a0f9ef49be1ab61e98fd3b93dc3/diff","WorkDir":"/var/lib/docker/overlay2/0075f27ac39799b376a3e23bf05a650eb10c8a0f9ef49be1ab61e98fd3b93dc3/work"},"Name":"overlay2"},"Mounts":[{"Type":"volume","Name":"ffd30c8cc7ed7bf91bc1ebef46b0f06493ce1d3121e28c37d40240bd74b844a5","Source":"/var/lib/docker/volumes/ffd30c8cc7ed7bf91bc1ebef46b0f06493ce1d3121e28c37d40240bd74b844a5/_data","Destination":"/var/lib/mysql","Driver":"local","Mode":"","RW":true,"Propagation":""}],"Config":{"Hostname":"cccfb0602d7e","Domainname":"","User":"","AttachStdin":false,"AttachStdout":false,"AttachStderr":false,"ExposedPorts":{"3306/tcp":{}},"Tty":false,"OpenStdin":false,"StdinOnce":false,"Env":["MYSQL_DATABASE=test","MYSQL_PASSWORD=test","MYSQL_USER=test","MYSQL_ROOT_PASSWORD=test","PATH=/usr/local/sbin:/usr/local/bin:/usr/sbin:/usr/bin:/sbin:/bin","GOSU_VERSION=1.7","MYSQL_MAJOR=8.0","MYSQL_VERSION=8.0.0-dmr-1debian8"],"Cmd":["mysqld"],"Image":"mysql:8.0.0","Volumes":{"/var/lib/mysql":{}},"WorkingDir":"","Entrypoint":["docker-entrypoint.sh"],"OnBuild":null,"Labels":{"org.testcontainers":"true","org.testcontainers.lang":"java","org.testcontainers.sessionId":"f1b696c1-ec3f-4f95-afa8-081853be7ccb","org.testcontainers.version":"1.18.0"}},"NetworkSettings":{"Bridge":"","SandboxID":"75a4ef0436803615aa77c8b97de3cbbdd49519261fe2b3b6cdcae9bd2b1154aa","HairpinMode":false,"LinkLocalIPv6Address":"","LinkLocalIPv6PrefixLen":0,"Ports":{"3306/tcp":[{"HostIp":"0.0.0.0","HostPort":"32781"},{"HostIp":"::","HostPort":"32781"}]},"SandboxKey":"/var/run/docker/netns/75a4ef043680","SecondaryIPAddresses":null,"SecondaryIPv6Addresses":null,"EndpointID":"de3a5c9cc9471fdbec5943d78a8803fca61208fe4021ac9d3922ee2e8ec0d135","Gateway":"172.17.0.1","GlobalIPv6Address":"","GlobalIPv6PrefixLen":0,"IPAddress":"172.17.0.3","IPPrefixLen":16,"IPv6Gateway":"","MacAddress":"02:42:ac:11:00:03","Networks":{"bridge":{"IPAMConfig":null,"Links":null,"Aliases":null,"NetworkID":"e1a078e12eb8d77b497ed932f7fb43787eeb6ff6972febd7d03c9282b8b5cd45","EndpointID":"de3a5c9cc9471fdbec5943d78a8803fca61208fe4021ac9d3922ee2e8ec0d135","Gateway":"172.17.0.1","IPAddress":"172.17.0.3","IPPrefixLen":16,"IPv6Gateway":"","GlobalIPv6Address":"","GlobalIPv6PrefixLen":0,"MacAddress":"02:42:ac:11:00:03","DriverOpts":null}}}}[\n]"
&amp#27;[0;39m2023-05-08 13:19:00,488 [main] &amp#27;[39mDEBUG&amp#27;[0;39m &amp#27;[36mc.g.d.z.s.o.a.hc.client5.http.wire&amp#27;[0;39m - &amp#27;[32mhttp-outgoing-1 << "[\r][\n]"
&amp#27;[0;39m2023-05-08 13:19:00,488 [main] &amp#27;[39mDEBUG&amp#27;[0;39m &amp#27;[36mc.g.d.z.s.o.a.hc.client5.http.wire&amp#27;[0;39m - &amp#27;[32mhttp-outgoing-1 << "0[\r][\n]"
&amp#27;[0;39m2023-05-08 13:19:00,488 [main] &amp#27;[39mDEBUG&amp#27;[0;39m &amp#27;[36mc.g.d.z.s.o.a.hc.client5.http.wire&amp#27;[0;39m - &amp#27;[32mhttp-outgoing-1 << "[\r][\n]"
&amp#27;[0;39m2023-05-08 13:19:00,488 [main] &amp#27;[39mDEBUG&amp#27;[0;39m &amp#27;[36mc.g.d.z.s.o.a.h.client5.http.headers&amp#27;[0;39m - &amp#27;[32mhttp-outgoing-1 << HTTP/1.1 200 OK
&amp#27;[0;39m2023-05-08 13:19:00,488 [main] &amp#27;[39mDEBUG&amp#27;[0;39m &amp#27;[36mc.g.d.z.s.o.a.h.client5.http.headers&amp#27;[0;39m - &amp#27;[32mhttp-outgoing-1 << Api-Version: 1.42
&amp#27;[0;39m2023-05-08 13:19:00,488 [main] &amp#27;[39mDEBUG&amp#27;[0;39m &amp#27;[36mc.g.d.z.s.o.a.h.client5.http.headers&amp#27;[0;39m - &amp#27;[32mhttp-outgoing-1 << Content-Type: application/json
&amp#27;[0;39m2023-05-08 13:19:00,488 [main] &amp#27;[39mDEBUG&amp#27;[0;39m &amp#27;[36mc.g.d.z.s.o.a.h.client5.http.headers&amp#27;[0;39m - &amp#27;[32mhttp-outgoing-1 << Docker-Experimental: false
&amp#27;[0;39m2023-05-08 13:19:00,488 [main] &amp#27;[39mDEBUG&amp#27;[0;39m &amp#27;[36mc.g.d.z.s.o.a.h.client5.http.headers&amp#27;[0;39m - &amp#27;[32mhttp-outgoing-1 << Ostype: linux
&amp#27;[0;39m2023-05-08 13:19:00,488 [main] &amp#27;[39mDEBUG&amp#27;[0;39m &amp#27;[36mc.g.d.z.s.o.a.h.client5.http.headers&amp#27;[0;39m - &amp#27;[32mhttp-outgoing-1 << Server: Docker/23.0.5 (linux)
&amp#27;[0;39m2023-05-08 13:19:00,488 [main] &amp#27;[39mDEBUG&amp#27;[0;39m &amp#27;[36mc.g.d.z.s.o.a.h.client5.http.headers&amp#27;[0;39m - &amp#27;[32mhttp-outgoing-1 << Date: Mon, 08 May 2023 11:19:00 GMT
&amp#27;[0;39m2023-05-08 13:19:00,488 [main] &amp#27;[39mDEBUG&amp#27;[0;39m &amp#27;[36mc.g.d.z.s.o.a.h.client5.http.headers&amp#27;[0;39m - &amp#27;[32mhttp-outgoing-1 << Transfer-Encoding: chunked
&amp#27;[0;39m2023-05-08 13:19:00,488 [main] &amp#27;[39mDEBUG&amp#27;[0;39m &amp#27;[36mc.g.d.z.s.o.a.h.c.h.i.c.MainClientExec&amp#27;[0;39m - &amp#27;[32mex-00000049: connection can be kept alive for 3 MINUTES
&amp#27;[0;39m2023-05-08 13:19:00,488 [main] &amp#27;[39mDEBUG&amp#27;[0;39m &amp#27;[36mc.g.d.z.s.o.a.h.c.h.i.c.InternalHttpClient&amp#27;[0;39m - &amp#27;[32mep-00000048: releasing valid endpoint
&amp#27;[0;39m2023-05-08 13:19:00,488 [main] &amp#27;[39mDEBUG&amp#27;[0;39m &amp#27;[36mc.g.d.z.s.o.a.h.c.h.i.i.PoolingHttpClientConnectionManager&amp#27;[0;39m - &amp#27;[32mep-00000048: releasing endpoint
&amp#27;[0;39m2023-05-08 13:19:00,488 [main] &amp#27;[39mDEBUG&amp#27;[0;39m &amp#27;[36mc.g.d.z.s.o.a.h.c.h.i.i.PoolingHttpClientConnectionManager&amp#27;[0;39m - &amp#27;[32mep-00000048: connection http-outgoing-1 can be kept alive for 3 MINUTES
&amp#27;[0;39m2023-05-08 13:19:00,488 [main] &amp#27;[39mDEBUG&amp#27;[0;39m &amp#27;[36mc.g.d.z.s.o.a.h.c.h.i.i.PoolingHttpClientConnectionManager&amp#27;[0;39m - &amp#27;[32mep-00000048: connection released [route: {}->unix://localhost:2375][total available: 1; route allocated: 1 of 2147483647; total allocated: 1 of 2147483647]
&amp#27;[0;39m2023-05-08 13:19:00,489 [main] &amp#27;[39mDEBUG&amp#27;[0;39m &amp#27;[36mtc.mysql:8.0.0&amp#27;[0;39m - &amp#27;[32mTrying to create JDBC connection using com.mysql.cj.jdbc.Driver to jdbc:mysql://localhost:32781/test?useSSL=false&allowPublicKeyRetrieval=true with properties: {password=test, user=test}
&amp#27;[0;39m2023-05-08 13:19:00,590 [main] &amp#27;[39mDEBUG&amp#27;[0;39m &amp#27;[36mo.t.s.c.g.d.c.command.AbstrDockerCmd&amp#27;[0;39m - &amp#27;[32mCmd: cccfb0602d7e775562ae171a9fe0a7ec811b6906268008a84fea93151d2a7305,false
&amp#27;[0;39m2023-05-08 13:19:00,591 [main] &amp#27;[39mDEBUG&amp#27;[0;39m &amp#27;[36mo.t.s.c.g.d.c.e.InspectContainerCmdExec&amp#27;[0;39m - &amp#27;[32mGET: DefaultWebTarget{path=[/containers/cccfb0602d7e775562ae171a9fe0a7ec811b6906268008a84fea93151d2a7305/json], queryParams={}}
&amp#27;[0;39m2023-05-08 13:19:00,591 [main] &amp#27;[39mDEBUG&amp#27;[0;39m &amp#27;[36mc.g.d.z.s.o.a.h.c.h.i.c.InternalHttpClient&amp#27;[0;39m - &amp#27;[32mex-0000004A: preparing request execution
&amp#27;[0;39m2023-05-08 13:19:00,591 [main] &amp#27;[39mDEBUG&amp#27;[0;39m &amp#27;[36mc.g.d.z.s.o.a.h.c.h.p.RequestAddCookies&amp#27;[0;39m - &amp#27;[32mCookie spec selected: strict
&amp#27;[0;39m2023-05-08 13:19:00,591 [main] &amp#27;[39mDEBUG&amp#27;[0;39m &amp#27;[36mc.g.d.z.s.o.a.h.c.h.p.RequestAuthCache&amp#27;[0;39m - &amp#27;[32mAuth cache not set in the context
&amp#27;[0;39m2023-05-08 13:19:00,591 [main] &amp#27;[39mDEBUG&amp#27;[0;39m &amp#27;[36mc.g.d.z.s.o.a.h.c.h.i.c.ProtocolExec&amp#27;[0;39m - &amp#27;[32mex-0000004A: target auth state: UNCHALLENGED
&amp#27;[0;39m2023-05-08 13:19:00,591 [main] &amp#27;[39mDEBUG&amp#27;[0;39m &amp#27;[36mc.g.d.z.s.o.a.h.c.h.i.c.ProtocolExec&amp#27;[0;39m - &amp#27;[32mex-0000004A: proxy auth state: UNCHALLENGED
&amp#27;[0;39m2023-05-08 13:19:00,591 [main] &amp#27;[39mDEBUG&amp#27;[0;39m &amp#27;[36mc.g.d.z.s.o.a.h.c.h.i.c.ConnectExec&amp#27;[0;39m - &amp#27;[32mex-0000004A: acquiring connection with route {}->unix://localhost:2375
&amp#27;[0;39m2023-05-08 13:19:00,591 [main] &amp#27;[39mDEBUG&amp#27;[0;39m &amp#27;[36mc.g.d.z.s.o.a.h.c.h.i.c.InternalHttpClient&amp#27;[0;39m - &amp#27;[32mex-0000004A: acquiring endpoint (3 MINUTES)
&amp#27;[0;39m2023-05-08 13:19:00,591 [main] &amp#27;[39mDEBUG&amp#27;[0;39m &amp#27;[36mc.g.d.z.s.o.a.h.c.h.i.i.PoolingHttpClientConnectionManager&amp#27;[0;39m - &amp#27;[32mex-0000004A: endpoint lease request (3 MINUTES) [route: {}->unix://localhost:2375][total available: 1; route allocated: 1 of 2147483647; total allocated: 1 of 2147483647]
&amp#27;[0;39m2023-05-08 13:19:00,592 [main] &amp#27;[39mDEBUG&amp#27;[0;39m &amp#27;[36mc.g.d.z.s.o.a.h.c.h.i.i.PoolingHttpClientConnectionManager&amp#27;[0;39m - &amp#27;[32mex-0000004A: endpoint leased [route: {}->unix://localhost:2375][total available: 0; route allocated: 1 of 2147483647; total allocated: 1 of 2147483647]
&amp#27;[0;39m2023-05-08 13:19:00,592 [main] &amp#27;[39mDEBUG&amp#27;[0;39m &amp#27;[36mc.g.d.z.s.o.a.h.c.h.i.i.PoolingHttpClientConnectionManager&amp#27;[0;39m - &amp#27;[32mex-0000004A: acquired ep-00000049
&amp#27;[0;39m2023-05-08 13:19:00,592 [main] &amp#27;[39mDEBUG&amp#27;[0;39m &amp#27;[36mc.g.d.z.s.o.a.h.c.h.i.c.InternalHttpClient&amp#27;[0;39m - &amp#27;[32mex-0000004A: acquired endpoint ep-00000049
&amp#27;[0;39m2023-05-08 13:19:00,592 [main] &amp#27;[39mDEBUG&amp#27;[0;39m &amp#27;[36mc.g.d.z.s.o.a.h.c.h.i.c.MainClientExec&amp#27;[0;39m - &amp#27;[32mex-0000004A: executing GET /v1.32/containers/cccfb0602d7e775562ae171a9fe0a7ec811b6906268008a84fea93151d2a7305/json HTTP/1.1
&amp#27;[0;39m2023-05-08 13:19:00,592 [main] &amp#27;[39mDEBUG&amp#27;[0;39m &amp#27;[36mc.g.d.z.s.o.a.h.c.h.i.c.InternalHttpClient&amp#27;[0;39m - &amp#27;[32mep-00000049: start execution ex-0000004A
&amp#27;[0;39m2023-05-08 13:19:00,592 [main] &amp#27;[39mDEBUG&amp#27;[0;39m &amp#27;[36mc.g.d.z.s.o.a.h.c.h.i.i.PoolingHttpClientConnectionManager&amp#27;[0;39m - &amp#27;[32mep-00000049: executing exchange ex-0000004A over http-outgoing-1
&amp#27;[0;39m2023-05-08 13:19:00,592 [main] &amp#27;[39mDEBUG&amp#27;[0;39m &amp#27;[36mc.g.d.z.s.o.a.h.client5.http.headers&amp#27;[0;39m - &amp#27;[32mhttp-outgoing-1 >> GET /v1.32/containers/cccfb0602d7e775562ae171a9fe0a7ec811b6906268008a84fea93151d2a7305/json HTTP/1.1
&amp#27;[0;39m2023-05-08 13:19:00,592 [main] &amp#27;[39mDEBUG&amp#27;[0;39m &amp#27;[36mc.g.d.z.s.o.a.h.client5.http.headers&amp#27;[0;39m - &amp#27;[32mhttp-outgoing-1 >> accept: application/json
&amp#27;[0;39m2023-05-08 13:19:00,592 [main] &amp#27;[39mDEBUG&amp#27;[0;39m &amp#27;[36mc.g.d.z.s.o.a.h.client5.http.headers&amp#27;[0;39m - &amp#27;[32mhttp-outgoing-1 >> x-tc-sid: f1b696c1-ec3f-4f95-afa8-081853be7ccb
&amp#27;[0;39m2023-05-08 13:19:00,592 [main] &amp#27;[39mDEBUG&amp#27;[0;39m &amp#27;[36mc.g.d.z.s.o.a.h.client5.http.headers&amp#27;[0;39m - &amp#27;[32mhttp-outgoing-1 >> Accept-Encoding: gzip, x-gzip, deflate
&amp#27;[0;39m2023-05-08 13:19:00,592 [main] &amp#27;[39mDEBUG&amp#27;[0;39m &amp#27;[36mc.g.d.z.s.o.a.h.client5.http.headers&amp#27;[0;39m - &amp#27;[32mhttp-outgoing-1 >> Host: localhost:2375
&amp#27;[0;39m2023-05-08 13:19:00,592 [main] &amp#27;[39mDEBUG&amp#27;[0;39m &amp#27;[36mc.g.d.z.s.o.a.h.client5.http.headers&amp#27;[0;39m - &amp#27;[32mhttp-outgoing-1 >> Connection: keep-alive
&amp#27;[0;39m2023-05-08 13:19:00,592 [main] &amp#27;[39mDEBUG&amp#27;[0;39m &amp#27;[36mc.g.d.z.s.o.a.h.client5.http.headers&amp#27;[0;39m - &amp#27;[32mhttp-outgoing-1 >> User-Agent: Apache-HttpClient/5.0.3 (Java/17.0.6)
&amp#27;[0;39m2023-05-08 13:19:00,592 [main] &amp#27;[39mDEBUG&amp#27;[0;39m &amp#27;[36mc.g.d.z.s.o.a.hc.client5.http.wire&amp#27;[0;39m - &amp#27;[32mhttp-outgoing-1 >> "GET /v1.32/containers/cccfb0602d7e775562ae171a9fe0a7ec811b6906268008a84fea93151d2a7305/json HTTP/1.1[\r][\n]"
&amp#27;[0;39m2023-05-08 13:19:00,592 [main] &amp#27;[39mDEBUG&amp#27;[0;39m &amp#27;[36mc.g.d.z.s.o.a.hc.client5.http.wire&amp#27;[0;39m - &amp#27;[32mhttp-outgoing-1 >> "accept: application/json[\r][\n]"
&amp#27;[0;39m2023-05-08 13:19:00,592 [main] &amp#27;[39mDEBUG&amp#27;[0;39m &amp#27;[36mc.g.d.z.s.o.a.hc.client5.http.wire&amp#27;[0;39m - &amp#27;[32mhttp-outgoing-1 >> "x-tc-sid: f1b696c1-ec3f-4f95-afa8-081853be7ccb[\r][\n]"
&amp#27;[0;39m2023-05-08 13:19:00,592 [main] &amp#27;[39mDEBUG&amp#27;[0;39m &amp#27;[36mc.g.d.z.s.o.a.hc.client5.http.wire&amp#27;[0;39m - &amp#27;[32mhttp-outgoing-1 >> "Accept-Encoding: gzip, x-gzip, deflate[\r][\n]"
&amp#27;[0;39m2023-05-08 13:19:00,592 [main] &amp#27;[39mDEBUG&amp#27;[0;39m &amp#27;[36mc.g.d.z.s.o.a.hc.client5.http.wire&amp#27;[0;39m - &amp#27;[32mhttp-outgoing-1 >> "Host: localhost:2375[\r][\n]"
&amp#27;[0;39m2023-05-08 13:19:00,592 [main] &amp#27;[39mDEBUG&amp#27;[0;39m &amp#27;[36mc.g.d.z.s.o.a.hc.client5.http.wire&amp#27;[0;39m - &amp#27;[32mhttp-outgoing-1 >> "Connection: keep-alive[\r][\n]"
&amp#27;[0;39m2023-05-08 13:19:00,592 [main] &amp#27;[39mDEBUG&amp#27;[0;39m &amp#27;[36mc.g.d.z.s.o.a.hc.client5.http.wire&amp#27;[0;39m - &amp#27;[32mhttp-outgoing-1 >> "User-Agent: Apache-HttpClient/5.0.3 (Java/17.0.6)[\r][\n]"
&amp#27;[0;39m2023-05-08 13:19:00,592 [main] &amp#27;[39mDEBUG&amp#27;[0;39m &amp#27;[36mc.g.d.z.s.o.a.hc.client5.http.wire&amp#27;[0;39m - &amp#27;[32mhttp-outgoing-1 >> "[\r][\n]"
&amp#27;[0;39m2023-05-08 13:19:00,593 [main] &amp#27;[39mDEBUG&amp#27;[0;39m &amp#27;[36mc.g.d.z.s.o.a.hc.client5.http.wire&amp#27;[0;39m - &amp#27;[32mhttp-outgoing-1 << "HTTP/1.1 200 OK[\r][\n]"
&amp#27;[0;39m2023-05-08 13:19:00,593 [main] &amp#27;[39mDEBUG&amp#27;[0;39m &amp#27;[36mc.g.d.z.s.o.a.hc.client5.http.wire&amp#27;[0;39m - &amp#27;[32mhttp-outgoing-1 << "Api-Version: 1.42[\r][\n]"
&amp#27;[0;39m2023-05-08 13:19:00,593 [main] &amp#27;[39mDEBUG&amp#27;[0;39m &amp#27;[36mc.g.d.z.s.o.a.hc.client5.http.wire&amp#27;[0;39m - &amp#27;[32mhttp-outgoing-1 << "Content-Type: application/json[\r][\n]"
&amp#27;[0;39m2023-05-08 13:19:00,593 [main] &amp#27;[39mDEBUG&amp#27;[0;39m &amp#27;[36mc.g.d.z.s.o.a.hc.client5.http.wire&amp#27;[0;39m - &amp#27;[32mhttp-outgoing-1 << "Docker-Experimental: false[\r][\n]"
&amp#27;[0;39m2023-05-08 13:19:00,593 [main] &amp#27;[39mDEBUG&amp#27;[0;39m &amp#27;[36mc.g.d.z.s.o.a.hc.client5.http.wire&amp#27;[0;39m - &amp#27;[32mhttp-outgoing-1 << "Ostype: linux[\r][\n]"
&amp#27;[0;39m2023-05-08 13:19:00,593 [main] &amp#27;[39mDEBUG&amp#27;[0;39m &amp#27;[36mc.g.d.z.s.o.a.hc.client5.http.wire&amp#27;[0;39m - &amp#27;[32mhttp-outgoing-1 << "Server: Docker/23.0.5 (linux)[\r][\n]"
&amp#27;[0;39m2023-05-08 13:19:00,593 [main] &amp#27;[39mDEBUG&amp#27;[0;39m &amp#27;[36mc.g.d.z.s.o.a.hc.client5.http.wire&amp#27;[0;39m - &amp#27;[32mhttp-outgoing-1 << "Date: Mon, 08 May 2023 11:19:00 GMT[\r][\n]"
&amp#27;[0;39m2023-05-08 13:19:00,593 [main] &amp#27;[39mDEBUG&amp#27;[0;39m &amp#27;[36mc.g.d.z.s.o.a.hc.client5.http.wire&amp#27;[0;39m - &amp#27;[32mhttp-outgoing-1 << "Transfer-Encoding: chunked[\r][\n]"
&amp#27;[0;39m2023-05-08 13:19:00,593 [main] &amp#27;[39mDEBUG&amp#27;[0;39m &amp#27;[36mc.g.d.z.s.o.a.hc.client5.http.wire&amp#27;[0;39m - &amp#27;[32mhttp-outgoing-1 << "[\r][\n]"
&amp#27;[0;39m2023-05-08 13:19:00,593 [main] &amp#27;[39mDEBUG&amp#27;[0;39m &amp#27;[36mc.g.d.z.s.o.a.hc.client5.http.wire&amp#27;[0;39m - &amp#27;[32mhttp-outgoing-1 << "1890[\r][\n]"
&amp#27;[0;39m2023-05-08 13:19:00,593 [main] &amp#27;[39mDEBUG&amp#27;[0;39m &amp#27;[36mc.g.d.z.s.o.a.hc.client5.http.wire&amp#27;[0;39m - &amp#27;[32mhttp-outgoing-1 << "{"Id":"cccfb0602d7e775562ae171a9fe0a7ec811b6906268008a84fea93151d2a7305","Created":"2023-05-08T11:18:54.120535425Z","Path":"docker-entrypoint.sh","Args":["mysqld"],"State":{"Status":"running","Running":true,"Paused":false,"Restarting":false,"OOMKilled":false,"Dead":false,"Pid":59126,"ExitCode":0,"Error":"","StartedAt":"2023-05-08T11:18:54.468577716Z","FinishedAt":"0001-01-01T00:00:00Z"},"Image":"sha256:228d71078f8ce5ae9fd96b183f88c3a90e30544b4b7ce9d64a238d05fef2a681","ResolvConfPath":"/var/lib/docker/containers/cccfb0602d7e775562ae171a9fe0a7ec811b6906268008a84fea93151d2a7305/resolv.conf","HostnamePath":"/var/lib/docker/containers/cccfb0602d7e775562ae171a9fe0a7ec811b6906268008a84fea93151d2a7305/hostname","HostsPath":"/var/lib/docker/containers/cccfb0602d7e775562ae171a9fe0a7ec811b6906268008a84fea93151d2a7305/hosts","LogPath":"/var/lib/docker/containers/cccfb0602d7e775562ae171a9fe0a7ec811b6906268008a84fea93151d2a7305/cccfb0602d7e775562ae171a9fe0a7ec811b6906268008a84fea93151d2a7305-json.log","Name":"/charming_goodall","RestartCount":0,"Driver":"overlay2","Platform":"linux","MountLabel":"","ProcessLabel":"","AppArmorProfile":"docker-default","ExecIDs":null,"HostConfig":{"Binds":[],"ContainerIDFile":"","LogConfig":{"Type":"json-file","Config":{}},"NetworkMode":"default","PortBindings":{"3306/tcp":[{"HostIp":"","HostPort":""}]},"RestartPolicy":{"Name":"","MaximumRetryCount":0},"AutoRemove":false,"VolumeDriver":"","VolumesFrom":[],"ConsoleSize":[0,0],"CapAdd":null,"CapDrop":null,"CgroupnsMode":"private","Dns":null,"DnsOptions":null,"DnsSearch":null,"ExtraHosts":[],"GroupAdd":null,"IpcMode":"shareable","Cgroup":"","Links":null,"OomScoreAdj":0,"PidMode":"","Privileged":false,"PublishAllPorts":false,"ReadonlyRootfs":false,"SecurityOpt":null,"UTSMode":"","UsernsMode":"","ShmSize":67108864,"Runtime":"runc","Isolation":"","CpuShares":0,"Memory":0,"NanoCpus":0,"CgroupParent":"","BlkioWeight":0,"BlkioWeightDevice":null,"BlkioDeviceReadBps":null,"BlkioDeviceWriteBps":null,"BlkioDeviceReadIOps":null,"BlkioDeviceWriteIOps":null,"CpuPeriod":0,"CpuQuota":0,"CpuRealtimePeriod":0,"CpuRealtimeRuntime":0,"CpusetCpus":"","CpusetMems":"","Devices":null,"DeviceCgroupRules":null,"DeviceRequests":null,"MemoryReservation":0,"MemorySwap":0,"MemorySwappiness":null,"OomKillDisable":null,"PidsLimit":null,"Ulimits":null,"CpuCount":0,"CpuPercent":0,"IOMaximumIOps":0,"IOMaximumBandwidth":0,"MaskedPaths":["/proc/asound","/proc/acpi","/proc/kcore","/proc/keys","/proc/latency_stats","/proc/timer_list","/proc/timer_stats","/proc/sched_debug","/proc/scsi","/sys/firmware"],"ReadonlyPaths":["/proc/bus","/proc/fs","/proc/irq","/proc/sys","/proc/sysrq-trigger"]},"GraphDriver":{"Data":{"LowerDir":"/var/lib/docker/overlay2/0075f27ac39799b376a3e23bf05a650eb10c8a0f9ef49be1ab61e98fd3b93dc3-init/diff:/var/lib/docker/overlay2/4c6e20f032f02b27a9272f982861dc21998197aa90d94ed3bef95d449380247c/diff:/var/lib/docker/overlay2/0c75f828f603eff839bb3ca448163ab2a8017e86625ac255cd3dbf1673ddac26/diff:/var/lib/docker/overlay2/da128d897fda75829109844ce6cd9d73d0f54c682e735100af000ce899908729/diff:/var/lib/docker/overlay2/b678a1f261bf323afba6d76d91ab7428bdd6e1ef4a39b5224e4a1afd08c0423a/diff:/var/lib/docker/overlay2/1bec43b14875c5f9f814f146e8e31aa78566689c2c163da2ac60a32254988437/diff:/var/lib/docker/overlay2/28f4b1e6e1a7a2dbe30f1f94fb42bccd85a61faf8af1fe30a5bb0d442c525e41/diff:/var/lib/docker/overlay2/0f493124464c291d7c97d2633d5dff04b1dce5de904cb40a34dfbe7fe72e3fd4/diff:/var/lib/docker/overlay2/05befbee9e38cd670e1786b3310e99796dcc06abbed970007b4109a5424843fa/diff:/var/lib/docker/overlay2/582bcca9acfc4eef25109e1e1b9c9d104f355798455bc73e855c99283887a6e8/diff:/var/lib/docker/overlay2/153b3bf0b69e97e8f0e5533414a31ca33fa530e63d174c9617621abe46e7e9d1/diff:/var/lib/docker/overlay2/bf87a76c0a38875ee6e915fd0d2527eafa880ec6bf2c1cb294959428c18d10bd/diff","MergedDir":"/var/lib/docker/overlay2/0075f27ac39799b376a3e23bf05a650eb10c8a0f9ef49be1ab61e98fd3b93dc3/merged","UpperDir":"/var/lib/docker/overlay2/0075f27ac39799b376a3e23bf05a650eb10c8a0f9ef49be1ab61e98fd3b93dc3/diff","WorkDir":"/var/lib/docker/overlay2/0075f27ac39799b376a3e23bf05a650eb10c8a0f9ef49be1ab61e98fd3b93dc3/work"},"Name":"overlay2"},"Mounts":[{"Type":"volume","Name":"ffd30c8cc7ed7bf91bc1ebef46b0f06493ce1d3121e28c37d40240bd74b844a5","Source":"/var/lib/docker/volumes/ffd30c8cc7ed7bf91bc1ebef46b0f06493ce1d3121e28c37d40240bd74b844a5/_data","Destination":"/var/lib/mysql","Driver":"local","Mode":"","RW":true,"Propagation":""}],"Config":{"Hostname":"cccfb0602d7e","Domainname":"","User":"","AttachStdin":false,"AttachStdout":false,"AttachStderr":false,"ExposedPorts":{"3306/tcp":{}},"Tty":false,"OpenStdin":false,"StdinOnce":false,"Env":["MYSQL_DATABASE=test","MYSQL_PASSWORD=test","MYSQL_USER=test","MYSQL_ROOT_PASSWORD=test","PATH=/usr/local/sbin:/usr/local/bin:/usr/sbin:/usr/bin:/sbin:/bin","GOSU_VERSION=1.7","MYSQL_MAJOR=8.0","MYSQL_VERSION=8.0.0-dmr-1debian8"],"Cmd":["mysqld"],"Image":"mysql:8.0.0","Volumes":{"/var/lib/mysql":{}},"WorkingDir":"","Entrypoint":["docker-entrypoint.sh"],"OnBuild":null,"Labels":{"org.testcontainers":"true","org.testcontainers.lang":"java","org.testcontainers.sessionId":"f1b696c1-ec3f-4f95-afa8-081853be7ccb","org.testcontainers.version":"1.18.0"}},"NetworkSettings":{"Bridge":"","SandboxID":"75a4ef0436803615aa77c8b97de3cbbdd49519261fe2b3b6cdcae9bd2b1154aa","HairpinMode":false,"LinkLocalIPv6Address":"","LinkLocalIPv6PrefixLen":0,"Ports":{"3306/tcp":[{"HostIp":"0.0.0.0","HostPort":"32781"},{"HostIp":"::","HostPort":"32781"}]},"SandboxKey":"/var/run/docker/netns/75a4ef043680","SecondaryIPAddresses":null,"SecondaryIPv6Addresses":null,"EndpointID":"de3a5c9cc9471fdbec5943d78a8803fca61208fe4021ac9d3922ee2e8ec0d135","Gateway":"172.17.0.1","GlobalIPv6Address":"","GlobalIPv6PrefixLen":0,"IPAddress":"172.17.0.3","IPPrefixLen":16,"IPv6Gateway":"","MacAddress":"02:42:ac:11:00:03","Networks":{"bridge":{"IPAMConfig":null,"Links":null,"Aliases":null,"NetworkID":"e1a078e12eb8d77b497ed932f7fb43787eeb6ff6972febd7d03c9282b8b5cd45","EndpointID":"de3a5c9cc9471fdbec5943d78a8803fca61208fe4021ac9d3922ee2e8ec0d135","Gateway":"172.17.0.1","IPAddress":"172.17.0.3","IPPrefixLen":16,"IPv6Gateway":"","GlobalIPv6Address":"","GlobalIPv6PrefixLen":0,"MacAddress":"02:42:ac:11:00:03","DriverOpts":null}}}}[\n]"
&amp#27;[0;39m2023-05-08 13:19:00,593 [main] &amp#27;[39mDEBUG&amp#27;[0;39m &amp#27;[36mc.g.d.z.s.o.a.hc.client5.http.wire&amp#27;[0;39m - &amp#27;[32mhttp-outgoing-1 << "[\r][\n]"
&amp#27;[0;39m2023-05-08 13:19:00,593 [main] &amp#27;[39mDEBUG&amp#27;[0;39m &amp#27;[36mc.g.d.z.s.o.a.hc.client5.http.wire&amp#27;[0;39m - &amp#27;[32mhttp-outgoing-1 << "0[\r][\n]"
&amp#27;[0;39m2023-05-08 13:19:00,593 [main] &amp#27;[39mDEBUG&amp#27;[0;39m &amp#27;[36mc.g.d.z.s.o.a.hc.client5.http.wire&amp#27;[0;39m - &amp#27;[32mhttp-outgoing-1 << "[\r][\n]"
&amp#27;[0;39m2023-05-08 13:19:00,593 [main] &amp#27;[39mDEBUG&amp#27;[0;39m &amp#27;[36mc.g.d.z.s.o.a.h.client5.http.headers&amp#27;[0;39m - &amp#27;[32mhttp-outgoing-1 << HTTP/1.1 200 OK
&amp#27;[0;39m2023-05-08 13:19:00,593 [main] &amp#27;[39mDEBUG&amp#27;[0;39m &amp#27;[36mc.g.d.z.s.o.a.h.client5.http.headers&amp#27;[0;39m - &amp#27;[32mhttp-outgoing-1 << Api-Version: 1.42
&amp#27;[0;39m2023-05-08 13:19:00,593 [main] &amp#27;[39mDEBUG&amp#27;[0;39m &amp#27;[36mc.g.d.z.s.o.a.h.client5.http.headers&amp#27;[0;39m - &amp#27;[32mhttp-outgoing-1 << Content-Type: application/json
&amp#27;[0;39m2023-05-08 13:19:00,593 [main] &amp#27;[39mDEBUG&amp#27;[0;39m &amp#27;[36mc.g.d.z.s.o.a.h.client5.http.headers&amp#27;[0;39m - &amp#27;[32mhttp-outgoing-1 << Docker-Experimental: false
&amp#27;[0;39m2023-05-08 13:19:00,593 [main] &amp#27;[39mDEBUG&amp#27;[0;39m &amp#27;[36mc.g.d.z.s.o.a.h.client5.http.headers&amp#27;[0;39m - &amp#27;[32mhttp-outgoing-1 << Ostype: linux
&amp#27;[0;39m2023-05-08 13:19:00,593 [main] &amp#27;[39mDEBUG&amp#27;[0;39m &amp#27;[36mc.g.d.z.s.o.a.h.client5.http.headers&amp#27;[0;39m - &amp#27;[32mhttp-outgoing-1 << Server: Docker/23.0.5 (linux)
&amp#27;[0;39m2023-05-08 13:19:00,593 [main] &amp#27;[39mDEBUG&amp#27;[0;39m &amp#27;[36mc.g.d.z.s.o.a.h.client5.http.headers&amp#27;[0;39m - &amp#27;[32mhttp-outgoing-1 << Date: Mon, 08 May 2023 11:19:00 GMT
&amp#27;[0;39m2023-05-08 13:19:00,593 [main] &amp#27;[39mDEBUG&amp#27;[0;39m &amp#27;[36mc.g.d.z.s.o.a.h.client5.http.headers&amp#27;[0;39m - &amp#27;[32mhttp-outgoing-1 << Transfer-Encoding: chunked
&amp#27;[0;39m2023-05-08 13:19:00,594 [main] &amp#27;[39mDEBUG&amp#27;[0;39m &amp#27;[36mc.g.d.z.s.o.a.h.c.h.i.c.MainClientExec&amp#27;[0;39m - &amp#27;[32mex-0000004A: connection can be kept alive for 3 MINUTES
&amp#27;[0;39m2023-05-08 13:19:00,594 [main] &amp#27;[39mDEBUG&amp#27;[0;39m &amp#27;[36mc.g.d.z.s.o.a.h.c.h.i.c.InternalHttpClient&amp#27;[0;39m - &amp#27;[32mep-00000049: releasing valid endpoint
&amp#27;[0;39m2023-05-08 13:19:00,594 [main] &amp#27;[39mDEBUG&amp#27;[0;39m &amp#27;[36mc.g.d.z.s.o.a.h.c.h.i.i.PoolingHttpClientConnectionManager&amp#27;[0;39m - &amp#27;[32mep-00000049: releasing endpoint
&amp#27;[0;39m2023-05-08 13:19:00,594 [main] &amp#27;[39mDEBUG&amp#27;[0;39m &amp#27;[36mc.g.d.z.s.o.a.h.c.h.i.i.PoolingHttpClientConnectionManager&amp#27;[0;39m - &amp#27;[32mep-00000049: connection http-outgoing-1 can be kept alive for 3 MINUTES
&amp#27;[0;39m2023-05-08 13:19:00,594 [main] &amp#27;[39mDEBUG&amp#27;[0;39m &amp#27;[36mc.g.d.z.s.o.a.h.c.h.i.i.PoolingHttpClientConnectionManager&amp#27;[0;39m - &amp#27;[32mep-00000049: connection released [route: {}->unix://localhost:2375][total available: 1; route allocated: 1 of 2147483647; total allocated: 1 of 2147483647]
&amp#27;[0;39m2023-05-08 13:19:00,594 [main] &amp#27;[39mDEBUG&amp#27;[0;39m &amp#27;[36mtc.mysql:8.0.0&amp#27;[0;39m - &amp#27;[32mTrying to create JDBC connection using com.mysql.cj.jdbc.Driver to jdbc:mysql://localhost:32781/test?useSSL=false&allowPublicKeyRetrieval=true with properties: {password=test, user=test}
&amp#27;[0;39m2023-05-08 13:19:00,697 [main] &amp#27;[39mDEBUG&amp#27;[0;39m &amp#27;[36mo.t.s.c.g.d.c.command.AbstrDockerCmd&amp#27;[0;39m - &amp#27;[32mCmd: cccfb0602d7e775562ae171a9fe0a7ec811b6906268008a84fea93151d2a7305,false
&amp#27;[0;39m2023-05-08 13:19:00,697 [main] &amp#27;[39mDEBUG&amp#27;[0;39m &amp#27;[36mo.t.s.c.g.d.c.e.InspectContainerCmdExec&amp#27;[0;39m - &amp#27;[32mGET: DefaultWebTarget{path=[/containers/cccfb0602d7e775562ae171a9fe0a7ec811b6906268008a84fea93151d2a7305/json], queryParams={}}
&amp#27;[0;39m2023-05-08 13:19:00,697 [main] &amp#27;[39mDEBUG&amp#27;[0;39m &amp#27;[36mc.g.d.z.s.o.a.h.c.h.i.c.InternalHttpClient&amp#27;[0;39m - &amp#27;[32mex-0000004B: preparing request execution
&amp#27;[0;39m2023-05-08 13:19:00,697 [main] &amp#27;[39mDEBUG&amp#27;[0;39m &amp#27;[36mc.g.d.z.s.o.a.h.c.h.p.RequestAddCookies&amp#27;[0;39m - &amp#27;[32mCookie spec selected: strict
&amp#27;[0;39m2023-05-08 13:19:00,697 [main] &amp#27;[39mDEBUG&amp#27;[0;39m &amp#27;[36mc.g.d.z.s.o.a.h.c.h.p.RequestAuthCache&amp#27;[0;39m - &amp#27;[32mAuth cache not set in the context
&amp#27;[0;39m2023-05-08 13:19:00,697 [main] &amp#27;[39mDEBUG&amp#27;[0;39m &amp#27;[36mc.g.d.z.s.o.a.h.c.h.i.c.ProtocolExec&amp#27;[0;39m - &amp#27;[32mex-0000004B: target auth state: UNCHALLENGED
&amp#27;[0;39m2023-05-08 13:19:00,697 [main] &amp#27;[39mDEBUG&amp#27;[0;39m &amp#27;[36mc.g.d.z.s.o.a.h.c.h.i.c.ProtocolExec&amp#27;[0;39m - &amp#27;[32mex-0000004B: proxy auth state: UNCHALLENGED
&amp#27;[0;39m2023-05-08 13:19:00,698 [main] &amp#27;[39mDEBUG&amp#27;[0;39m &amp#27;[36mc.g.d.z.s.o.a.h.c.h.i.c.ConnectExec&amp#27;[0;39m - &amp#27;[32mex-0000004B: acquiring connection with route {}->unix://localhost:2375
&amp#27;[0;39m2023-05-08 13:19:00,698 [main] &amp#27;[39mDEBUG&amp#27;[0;39m &amp#27;[36mc.g.d.z.s.o.a.h.c.h.i.c.InternalHttpClient&amp#27;[0;39m - &amp#27;[32mex-0000004B: acquiring endpoint (3 MINUTES)
&amp#27;[0;39m2023-05-08 13:19:00,698 [main] &amp#27;[39mDEBUG&amp#27;[0;39m &amp#27;[36mc.g.d.z.s.o.a.h.c.h.i.i.PoolingHttpClientConnectionManager&amp#27;[0;39m - &amp#27;[32mex-0000004B: endpoint lease request (3 MINUTES) [route: {}->unix://localhost:2375][total available: 1; route allocated: 1 of 2147483647; total allocated: 1 of 2147483647]
&amp#27;[0;39m2023-05-08 13:19:00,698 [main] &amp#27;[39mDEBUG&amp#27;[0;39m &amp#27;[36mc.g.d.z.s.o.a.h.c.h.i.i.PoolingHttpClientConnectionManager&amp#27;[0;39m - &amp#27;[32mex-0000004B: endpoint leased [route: {}->unix://localhost:2375][total available: 0; route allocated: 1 of 2147483647; total allocated: 1 of 2147483647]
&amp#27;[0;39m2023-05-08 13:19:00,698 [main] &amp#27;[39mDEBUG&amp#27;[0;39m &amp#27;[36mc.g.d.z.s.o.a.h.c.h.i.i.PoolingHttpClientConnectionManager&amp#27;[0;39m - &amp#27;[32mex-0000004B: acquired ep-0000004A
&amp#27;[0;39m2023-05-08 13:19:00,698 [main] &amp#27;[39mDEBUG&amp#27;[0;39m &amp#27;[36mc.g.d.z.s.o.a.h.c.h.i.c.InternalHttpClient&amp#27;[0;39m - &amp#27;[32mex-0000004B: acquired endpoint ep-0000004A
&amp#27;[0;39m2023-05-08 13:19:00,698 [main] &amp#27;[39mDEBUG&amp#27;[0;39m &amp#27;[36mc.g.d.z.s.o.a.h.c.h.i.c.MainClientExec&amp#27;[0;39m - &amp#27;[32mex-0000004B: executing GET /v1.32/containers/cccfb0602d7e775562ae171a9fe0a7ec811b6906268008a84fea93151d2a7305/json HTTP/1.1
&amp#27;[0;39m2023-05-08 13:19:00,698 [main] &amp#27;[39mDEBUG&amp#27;[0;39m &amp#27;[36mc.g.d.z.s.o.a.h.c.h.i.c.InternalHttpClient&amp#27;[0;39m - &amp#27;[32mep-0000004A: start execution ex-0000004B
&amp#27;[0;39m2023-05-08 13:19:00,698 [main] &amp#27;[39mDEBUG&amp#27;[0;39m &amp#27;[36mc.g.d.z.s.o.a.h.c.h.i.i.PoolingHttpClientConnectionManager&amp#27;[0;39m - &amp#27;[32mep-0000004A: executing exchange ex-0000004B over http-outgoing-1
&amp#27;[0;39m2023-05-08 13:19:00,698 [main] &amp#27;[39mDEBUG&amp#27;[0;39m &amp#27;[36mc.g.d.z.s.o.a.h.client5.http.headers&amp#27;[0;39m - &amp#27;[32mhttp-outgoing-1 >> GET /v1.32/containers/cccfb0602d7e775562ae171a9fe0a7ec811b6906268008a84fea93151d2a7305/json HTTP/1.1
&amp#27;[0;39m2023-05-08 13:19:00,698 [main] &amp#27;[39mDEBUG&amp#27;[0;39m &amp#27;[36mc.g.d.z.s.o.a.h.client5.http.headers&amp#27;[0;39m - &amp#27;[32mhttp-outgoing-1 >> accept: application/json
&amp#27;[0;39m2023-05-08 13:19:00,698 [main] &amp#27;[39mDEBUG&amp#27;[0;39m &amp#27;[36mc.g.d.z.s.o.a.h.client5.http.headers&amp#27;[0;39m - &amp#27;[32mhttp-outgoing-1 >> x-tc-sid: f1b696c1-ec3f-4f95-afa8-081853be7ccb
&amp#27;[0;39m2023-05-08 13:19:00,698 [main] &amp#27;[39mDEBUG&amp#27;[0;39m &amp#27;[36mc.g.d.z.s.o.a.h.client5.http.headers&amp#27;[0;39m - &amp#27;[32mhttp-outgoing-1 >> Accept-Encoding: gzip, x-gzip, deflate
&amp#27;[0;39m2023-05-08 13:19:00,698 [main] &amp#27;[39mDEBUG&amp#27;[0;39m &amp#27;[36mc.g.d.z.s.o.a.h.client5.http.headers&amp#27;[0;39m - &amp#27;[32mhttp-outgoing-1 >> Host: localhost:2375
&amp#27;[0;39m2023-05-08 13:19:00,698 [main] &amp#27;[39mDEBUG&amp#27;[0;39m &amp#27;[36mc.g.d.z.s.o.a.h.client5.http.headers&amp#27;[0;39m - &amp#27;[32mhttp-outgoing-1 >> Connection: keep-alive
&amp#27;[0;39m2023-05-08 13:19:00,698 [main] &amp#27;[39mDEBUG&amp#27;[0;39m &amp#27;[36mc.g.d.z.s.o.a.h.client5.http.headers&amp#27;[0;39m - &amp#27;[32mhttp-outgoing-1 >> User-Agent: Apache-HttpClient/5.0.3 (Java/17.0.6)
&amp#27;[0;39m2023-05-08 13:19:00,698 [main] &amp#27;[39mDEBUG&amp#27;[0;39m &amp#27;[36mc.g.d.z.s.o.a.hc.client5.http.wire&amp#27;[0;39m - &amp#27;[32mhttp-outgoing-1 >> "GET /v1.32/containers/cccfb0602d7e775562ae171a9fe0a7ec811b6906268008a84fea93151d2a7305/json HTTP/1.1[\r][\n]"
&amp#27;[0;39m2023-05-08 13:19:00,698 [main] &amp#27;[39mDEBUG&amp#27;[0;39m &amp#27;[36mc.g.d.z.s.o.a.hc.client5.http.wire&amp#27;[0;39m - &amp#27;[32mhttp-outgoing-1 >> "accept: application/json[\r][\n]"
&amp#27;[0;39m2023-05-08 13:19:00,698 [main] &amp#27;[39mDEBUG&amp#27;[0;39m &amp#27;[36mc.g.d.z.s.o.a.hc.client5.http.wire&amp#27;[0;39m - &amp#27;[32mhttp-outgoing-1 >> "x-tc-sid: f1b696c1-ec3f-4f95-afa8-081853be7ccb[\r][\n]"
&amp#27;[0;39m2023-05-08 13:19:00,698 [main] &amp#27;[39mDEBUG&amp#27;[0;39m &amp#27;[36mc.g.d.z.s.o.a.hc.client5.http.wire&amp#27;[0;39m - &amp#27;[32mhttp-outgoing-1 >> "Accept-Encoding: gzip, x-gzip, deflate[\r][\n]"
&amp#27;[0;39m2023-05-08 13:19:00,698 [main] &amp#27;[39mDEBUG&amp#27;[0;39m &amp#27;[36mc.g.d.z.s.o.a.hc.client5.http.wire&amp#27;[0;39m - &amp#27;[32mhttp-outgoing-1 >> "Host: localhost:2375[\r][\n]"
&amp#27;[0;39m2023-05-08 13:19:00,698 [main] &amp#27;[39mDEBUG&amp#27;[0;39m &amp#27;[36mc.g.d.z.s.o.a.hc.client5.http.wire&amp#27;[0;39m - &amp#27;[32mhttp-outgoing-1 >> "Connection: keep-alive[\r][\n]"
&amp#27;[0;39m2023-05-08 13:19:00,698 [main] &amp#27;[39mDEBUG&amp#27;[0;39m &amp#27;[36mc.g.d.z.s.o.a.hc.client5.http.wire&amp#27;[0;39m - &amp#27;[32mhttp-outgoing-1 >> "User-Agent: Apache-HttpClient/5.0.3 (Java/17.0.6)[\r][\n]"
&amp#27;[0;39m2023-05-08 13:19:00,698 [main] &amp#27;[39mDEBUG&amp#27;[0;39m &amp#27;[36mc.g.d.z.s.o.a.hc.client5.http.wire&amp#27;[0;39m - &amp#27;[32mhttp-outgoing-1 >> "[\r][\n]"
&amp#27;[0;39m2023-05-08 13:19:00,699 [main] &amp#27;[39mDEBUG&amp#27;[0;39m &amp#27;[36mc.g.d.z.s.o.a.hc.client5.http.wire&amp#27;[0;39m - &amp#27;[32mhttp-outgoing-1 << "HTTP/1.1 200 OK[\r][\n]"
&amp#27;[0;39m2023-05-08 13:19:00,699 [main] &amp#27;[39mDEBUG&amp#27;[0;39m &amp#27;[36mc.g.d.z.s.o.a.hc.client5.http.wire&amp#27;[0;39m - &amp#27;[32mhttp-outgoing-1 << "Api-Version: 1.42[\r][\n]"
&amp#27;[0;39m2023-05-08 13:19:00,699 [main] &amp#27;[39mDEBUG&amp#27;[0;39m &amp#27;[36mc.g.d.z.s.o.a.hc.client5.http.wire&amp#27;[0;39m - &amp#27;[32mhttp-outgoing-1 << "Content-Type: application/json[\r][\n]"
&amp#27;[0;39m2023-05-08 13:19:00,699 [main] &amp#27;[39mDEBUG&amp#27;[0;39m &amp#27;[36mc.g.d.z.s.o.a.hc.client5.http.wire&amp#27;[0;39m - &amp#27;[32mhttp-outgoing-1 << "Docker-Experimental: false[\r][\n]"
&amp#27;[0;39m2023-05-08 13:19:00,699 [main] &amp#27;[39mDEBUG&amp#27;[0;39m &amp#27;[36mc.g.d.z.s.o.a.hc.client5.http.wire&amp#27;[0;39m - &amp#27;[32mhttp-outgoing-1 << "Ostype: linux[\r][\n]"
&amp#27;[0;39m2023-05-08 13:19:00,699 [main] &amp#27;[39mDEBUG&amp#27;[0;39m &amp#27;[36mc.g.d.z.s.o.a.hc.client5.http.wire&amp#27;[0;39m - &amp#27;[32mhttp-outgoing-1 << "Server: Docker/23.0.5 (linux)[\r][\n]"
&amp#27;[0;39m2023-05-08 13:19:00,699 [main] &amp#27;[39mDEBUG&amp#27;[0;39m &amp#27;[36mc.g.d.z.s.o.a.hc.client5.http.wire&amp#27;[0;39m - &amp#27;[32mhttp-outgoing-1 << "Date: Mon, 08 May 2023 11:19:00 GMT[\r][\n]"
&amp#27;[0;39m2023-05-08 13:19:00,699 [main] &amp#27;[39mDEBUG&amp#27;[0;39m &amp#27;[36mc.g.d.z.s.o.a.hc.client5.http.wire&amp#27;[0;39m - &amp#27;[32mhttp-outgoing-1 << "Transfer-Encoding: chunked[\r][\n]"
&amp#27;[0;39m2023-05-08 13:19:00,699 [main] &amp#27;[39mDEBUG&amp#27;[0;39m &amp#27;[36mc.g.d.z.s.o.a.hc.client5.http.wire&amp#27;[0;39m - &amp#27;[32mhttp-outgoing-1 << "[\r][\n]"
&amp#27;[0;39m2023-05-08 13:19:00,699 [main] &amp#27;[39mDEBUG&amp#27;[0;39m &amp#27;[36mc.g.d.z.s.o.a.hc.client5.http.wire&amp#27;[0;39m - &amp#27;[32mhttp-outgoing-1 << "1890[\r][\n]"
&amp#27;[0;39m2023-05-08 13:19:00,699 [main] &amp#27;[39mDEBUG&amp#27;[0;39m &amp#27;[36mc.g.d.z.s.o.a.hc.client5.http.wire&amp#27;[0;39m - &amp#27;[32mhttp-outgoing-1 << "{"Id":"cccfb0602d7e775562ae171a9fe0a7ec811b6906268008a84fea93151d2a7305","Created":"2023-05-08T11:18:54.120535425Z","Path":"docker-entrypoint.sh","Args":["mysqld"],"State":{"Status":"running","Running":true,"Paused":false,"Restarting":false,"OOMKilled":false,"Dead":false,"Pid":59126,"ExitCode":0,"Error":"","StartedAt":"2023-05-08T11:18:54.468577716Z","FinishedAt":"0001-01-01T00:00:00Z"},"Image":"sha256:228d71078f8ce5ae9fd96b183f88c3a90e30544b4b7ce9d64a238d05fef2a681","ResolvConfPath":"/var/lib/docker/containers/cccfb0602d7e775562ae171a9fe0a7ec811b6906268008a84fea93151d2a7305/resolv.conf","HostnamePath":"/var/lib/docker/containers/cccfb0602d7e775562ae171a9fe0a7ec811b6906268008a84fea93151d2a7305/hostname","HostsPath":"/var/lib/docker/containers/cccfb0602d7e775562ae171a9fe0a7ec811b6906268008a84fea93151d2a7305/hosts","LogPath":"/var/lib/docker/containers/cccfb0602d7e775562ae171a9fe0a7ec811b6906268008a84fea93151d2a7305/cccfb0602d7e775562ae171a9fe0a7ec811b6906268008a84fea93151d2a7305-json.log","Name":"/charming_goodall","RestartCount":0,"Driver":"overlay2","Platform":"linux","MountLabel":"","ProcessLabel":"","AppArmorProfile":"docker-default","ExecIDs":null,"HostConfig":{"Binds":[],"ContainerIDFile":"","LogConfig":{"Type":"json-file","Config":{}},"NetworkMode":"default","PortBindings":{"3306/tcp":[{"HostIp":"","HostPort":""}]},"RestartPolicy":{"Name":"","MaximumRetryCount":0},"AutoRemove":false,"VolumeDriver":"","VolumesFrom":[],"ConsoleSize":[0,0],"CapAdd":null,"CapDrop":null,"CgroupnsMode":"private","Dns":null,"DnsOptions":null,"DnsSearch":null,"ExtraHosts":[],"GroupAdd":null,"IpcMode":"shareable","Cgroup":"","Links":null,"OomScoreAdj":0,"PidMode":"","Privileged":false,"PublishAllPorts":false,"ReadonlyRootfs":false,"SecurityOpt":null,"UTSMode":"","UsernsMode":"","ShmSize":67108864,"Runtime":"runc","Isolation":"","CpuShares":0,"Memory":0,"NanoCpus":0,"CgroupParent":"","BlkioWeight":0,"BlkioWeightDevice":null,"BlkioDeviceReadBps":null,"BlkioDeviceWriteBps":null,"BlkioDeviceReadIOps":null,"BlkioDeviceWriteIOps":null,"CpuPeriod":0,"CpuQuota":0,"CpuRealtimePeriod":0,"CpuRealtimeRuntime":0,"CpusetCpus":"","CpusetMems":"","Devices":null,"DeviceCgroupRules":null,"DeviceRequests":null,"MemoryReservation":0,"MemorySwap":0,"MemorySwappiness":null,"OomKillDisable":null,"PidsLimit":null,"Ulimits":null,"CpuCount":0,"CpuPercent":0,"IOMaximumIOps":0,"IOMaximumBandwidth":0,"MaskedPaths":["/proc/asound","/proc/acpi","/proc/kcore","/proc/keys","/proc/latency_stats","/proc/timer_list","/proc/timer_stats","/proc/sched_debug","/proc/scsi","/sys/firmware"],"ReadonlyPaths":["/proc/bus","/proc/fs","/proc/irq","/proc/sys","/proc/sysrq-trigger"]},"GraphDriver":{"Data":{"LowerDir":"/var/lib/docker/overlay2/0075f27ac39799b376a3e23bf05a650eb10c8a0f9ef49be1ab61e98fd3b93dc3-init/diff:/var/lib/docker/overlay2/4c6e20f032f02b27a9272f982861dc21998197aa90d94ed3bef95d449380247c/diff:/var/lib/docker/overlay2/0c75f828f603eff839bb3ca448163ab2a8017e86625ac255cd3dbf1673ddac26/diff:/var/lib/docker/overlay2/da128d897fda75829109844ce6cd9d73d0f54c682e735100af000ce899908729/diff:/var/lib/docker/overlay2/b678a1f261bf323afba6d76d91ab7428bdd6e1ef4a39b5224e4a1afd08c0423a/diff:/var/lib/docker/overlay2/1bec43b14875c5f9f814f146e8e31aa78566689c2c163da2ac60a32254988437/diff:/var/lib/docker/overlay2/28f4b1e6e1a7a2dbe30f1f94fb42bccd85a61faf8af1fe30a5bb0d442c525e41/diff:/var/lib/docker/overlay2/0f493124464c291d7c97d2633d5dff04b1dce5de904cb40a34dfbe7fe72e3fd4/diff:/var/lib/docker/overlay2/05befbee9e38cd670e1786b3310e99796dcc06abbed970007b4109a5424843fa/diff:/var/lib/docker/overlay2/582bcca9acfc4eef25109e1e1b9c9d104f355798455bc73e855c99283887a6e8/diff:/var/lib/docker/overlay2/153b3bf0b69e97e8f0e5533414a31ca33fa530e63d174c9617621abe46e7e9d1/diff:/var/lib/docker/overlay2/bf87a76c0a38875ee6e915fd0d2527eafa880ec6bf2c1cb294959428c18d10bd/diff","MergedDir":"/var/lib/docker/overlay2/0075f27ac39799b376a3e23bf05a650eb10c8a0f9ef49be1ab61e98fd3b93dc3/merged","UpperDir":"/var/lib/docker/overlay2/0075f27ac39799b376a3e23bf05a650eb10c8a0f9ef49be1ab61e98fd3b93dc3/diff","WorkDir":"/var/lib/docker/overlay2/0075f27ac39799b376a3e23bf05a650eb10c8a0f9ef49be1ab61e98fd3b93dc3/work"},"Name":"overlay2"},"Mounts":[{"Type":"volume","Name":"ffd30c8cc7ed7bf91bc1ebef46b0f06493ce1d3121e28c37d40240bd74b844a5","Source":"/var/lib/docker/volumes/ffd30c8cc7ed7bf91bc1ebef46b0f06493ce1d3121e28c37d40240bd74b844a5/_data","Destination":"/var/lib/mysql","Driver":"local","Mode":"","RW":true,"Propagation":""}],"Config":{"Hostname":"cccfb0602d7e","Domainname":"","User":"","AttachStdin":false,"AttachStdout":false,"AttachStderr":false,"ExposedPorts":{"3306/tcp":{}},"Tty":false,"OpenStdin":false,"StdinOnce":false,"Env":["MYSQL_DATABASE=test","MYSQL_PASSWORD=test","MYSQL_USER=test","MYSQL_ROOT_PASSWORD=test","PATH=/usr/local/sbin:/usr/local/bin:/usr/sbin:/usr/bin:/sbin:/bin","GOSU_VERSION=1.7","MYSQL_MAJOR=8.0","MYSQL_VERSION=8.0.0-dmr-1debian8"],"Cmd":["mysqld"],"Image":"mysql:8.0.0","Volumes":{"/var/lib/mysql":{}},"WorkingDir":"","Entrypoint":["docker-entrypoint.sh"],"OnBuild":null,"Labels":{"org.testcontainers":"true","org.testcontainers.lang":"java","org.testcontainers.sessionId":"f1b696c1-ec3f-4f95-afa8-081853be7ccb","org.testcontainers.version":"1.18.0"}},"NetworkSettings":{"Bridge":"","SandboxID":"75a4ef0436803615aa77c8b97de3cbbdd49519261fe2b3b6cdcae9bd2b1154aa","HairpinMode":false,"LinkLocalIPv6Address":"","LinkLocalIPv6PrefixLen":0,"Ports":{"3306/tcp":[{"HostIp":"0.0.0.0","HostPort":"32781"},{"HostIp":"::","HostPort":"32781"}]},"SandboxKey":"/var/run/docker/netns/75a4ef043680","SecondaryIPAddresses":null,"SecondaryIPv6Addresses":null,"EndpointID":"de3a5c9cc9471fdbec5943d78a8803fca61208fe4021ac9d3922ee2e8ec0d135","Gateway":"172.17.0.1","GlobalIPv6Address":"","GlobalIPv6PrefixLen":0,"IPAddress":"172.17.0.3","IPPrefixLen":16,"IPv6Gateway":"","MacAddress":"02:42:ac:11:00:03","Networks":{"bridge":{"IPAMConfig":null,"Links":null,"Aliases":null,"NetworkID":"e1a078e12eb8d77b497ed932f7fb43787eeb6ff6972febd7d03c9282b8b5cd45","EndpointID":"de3a5c9cc9471fdbec5943d78a8803fca61208fe4021ac9d3922ee2e8ec0d135","Gateway":"172.17.0.1","IPAddress":"172.17.0.3","IPPrefixLen":16,"IPv6Gateway":"","GlobalIPv6Address":"","GlobalIPv6PrefixLen":0,"MacAddress":"02:42:ac:11:00:03","DriverOpts":null}}}}[\n]"
&amp#27;[0;39m2023-05-08 13:19:00,699 [main] &amp#27;[39mDEBUG&amp#27;[0;39m &amp#27;[36mc.g.d.z.s.o.a.hc.client5.http.wire&amp#27;[0;39m - &amp#27;[32mhttp-outgoing-1 << "[\r][\n]"
&amp#27;[0;39m2023-05-08 13:19:00,699 [main] &amp#27;[39mDEBUG&amp#27;[0;39m &amp#27;[36mc.g.d.z.s.o.a.hc.client5.http.wire&amp#27;[0;39m - &amp#27;[32mhttp-outgoing-1 << "0[\r][\n]"
&amp#27;[0;39m2023-05-08 13:19:00,699 [main] &amp#27;[39mDEBUG&amp#27;[0;39m &amp#27;[36mc.g.d.z.s.o.a.hc.client5.http.wire&amp#27;[0;39m - &amp#27;[32mhttp-outgoing-1 << "[\r][\n]"
&amp#27;[0;39m2023-05-08 13:19:00,699 [main] &amp#27;[39mDEBUG&amp#27;[0;39m &amp#27;[36mc.g.d.z.s.o.a.h.client5.http.headers&amp#27;[0;39m - &amp#27;[32mhttp-outgoing-1 << HTTP/1.1 200 OK
&amp#27;[0;39m2023-05-08 13:19:00,699 [main] &amp#27;[39mDEBUG&amp#27;[0;39m &amp#27;[36mc.g.d.z.s.o.a.h.client5.http.headers&amp#27;[0;39m - &amp#27;[32mhttp-outgoing-1 << Api-Version: 1.42
&amp#27;[0;39m2023-05-08 13:19:00,699 [main] &amp#27;[39mDEBUG&amp#27;[0;39m &amp#27;[36mc.g.d.z.s.o.a.h.client5.http.headers&amp#27;[0;39m - &amp#27;[32mhttp-outgoing-1 << Content-Type: application/json
&amp#27;[0;39m2023-05-08 13:19:00,699 [main] &amp#27;[39mDEBUG&amp#27;[0;39m &amp#27;[36mc.g.d.z.s.o.a.h.client5.http.headers&amp#27;[0;39m - &amp#27;[32mhttp-outgoing-1 << Docker-Experimental: false
&amp#27;[0;39m2023-05-08 13:19:00,699 [main] &amp#27;[39mDEBUG&amp#27;[0;39m &amp#27;[36mc.g.d.z.s.o.a.h.client5.http.headers&amp#27;[0;39m - &amp#27;[32mhttp-outgoing-1 << Ostype: linux
&amp#27;[0;39m2023-05-08 13:19:00,699 [main] &amp#27;[39mDEBUG&amp#27;[0;39m &amp#27;[36mc.g.d.z.s.o.a.h.client5.http.headers&amp#27;[0;39m - &amp#27;[32mhttp-outgoing-1 << Server: Docker/23.0.5 (linux)
&amp#27;[0;39m2023-05-08 13:19:00,699 [main] &amp#27;[39mDEBUG&amp#27;[0;39m &amp#27;[36mc.g.d.z.s.o.a.h.client5.http.headers&amp#27;[0;39m - &amp#27;[32mhttp-outgoing-1 << Date: Mon, 08 May 2023 11:19:00 GMT
&amp#27;[0;39m2023-05-08 13:19:00,699 [main] &amp#27;[39mDEBUG&amp#27;[0;39m &amp#27;[36mc.g.d.z.s.o.a.h.client5.http.headers&amp#27;[0;39m - &amp#27;[32mhttp-outgoing-1 << Transfer-Encoding: chunked
&amp#27;[0;39m2023-05-08 13:19:00,699 [main] &amp#27;[39mDEBUG&amp#27;[0;39m &amp#27;[36mc.g.d.z.s.o.a.h.c.h.i.c.MainClientExec&amp#27;[0;39m - &amp#27;[32mex-0000004B: connection can be kept alive for 3 MINUTES
&amp#27;[0;39m2023-05-08 13:19:00,700 [main] &amp#27;[39mDEBUG&amp#27;[0;39m &amp#27;[36mc.g.d.z.s.o.a.h.c.h.i.c.InternalHttpClient&amp#27;[0;39m - &amp#27;[32mep-0000004A: releasing valid endpoint
&amp#27;[0;39m2023-05-08 13:19:00,700 [main] &amp#27;[39mDEBUG&amp#27;[0;39m &amp#27;[36mc.g.d.z.s.o.a.h.c.h.i.i.PoolingHttpClientConnectionManager&amp#27;[0;39m - &amp#27;[32mep-0000004A: releasing endpoint
&amp#27;[0;39m2023-05-08 13:19:00,700 [main] &amp#27;[39mDEBUG&amp#27;[0;39m &amp#27;[36mc.g.d.z.s.o.a.h.c.h.i.i.PoolingHttpClientConnectionManager&amp#27;[0;39m - &amp#27;[32mep-0000004A: connection http-outgoing-1 can be kept alive for 3 MINUTES
&amp#27;[0;39m2023-05-08 13:19:00,700 [main] &amp#27;[39mDEBUG&amp#27;[0;39m &amp#27;[36mc.g.d.z.s.o.a.h.c.h.i.i.PoolingHttpClientConnectionManager&amp#27;[0;39m - &amp#27;[32mep-0000004A: connection released [route: {}->unix://localhost:2375][total available: 1; route allocated: 1 of 2147483647; total allocated: 1 of 2147483647]
&amp#27;[0;39m2023-05-08 13:19:00,700 [main] &amp#27;[39mDEBUG&amp#27;[0;39m &amp#27;[36mtc.mysql:8.0.0&amp#27;[0;39m - &amp#27;[32mTrying to create JDBC connection using com.mysql.cj.jdbc.Driver to jdbc:mysql://localhost:32781/test?useSSL=false&allowPublicKeyRetrieval=true with properties: {password=test, user=test}
&amp#27;[0;39m2023-05-08 13:19:00,801 [main] &amp#27;[39mDEBUG&amp#27;[0;39m &amp#27;[36mo.t.s.c.g.d.c.command.AbstrDockerCmd&amp#27;[0;39m - &amp#27;[32mCmd: cccfb0602d7e775562ae171a9fe0a7ec811b6906268008a84fea93151d2a7305,false
&amp#27;[0;39m2023-05-08 13:19:00,801 [main] &amp#27;[39mDEBUG&amp#27;[0;39m &amp#27;[36mo.t.s.c.g.d.c.e.InspectContainerCmdExec&amp#27;[0;39m - &amp#27;[32mGET: DefaultWebTarget{path=[/containers/cccfb0602d7e775562ae171a9fe0a7ec811b6906268008a84fea93151d2a7305/json], queryParams={}}
&amp#27;[0;39m2023-05-08 13:19:00,802 [main] &amp#27;[39mDEBUG&amp#27;[0;39m &amp#27;[36mc.g.d.z.s.o.a.h.c.h.i.c.InternalHttpClient&amp#27;[0;39m - &amp#27;[32mex-0000004C: preparing request execution
&amp#27;[0;39m2023-05-08 13:19:00,802 [main] &amp#27;[39mDEBUG&amp#27;[0;39m &amp#27;[36mc.g.d.z.s.o.a.h.c.h.p.RequestAddCookies&amp#27;[0;39m - &amp#27;[32mCookie spec selected: strict
&amp#27;[0;39m2023-05-08 13:19:00,802 [main] &amp#27;[39mDEBUG&amp#27;[0;39m &amp#27;[36mc.g.d.z.s.o.a.h.c.h.p.RequestAuthCache&amp#27;[0;39m - &amp#27;[32mAuth cache not set in the context
&amp#27;[0;39m2023-05-08 13:19:00,802 [main] &amp#27;[39mDEBUG&amp#27;[0;39m &amp#27;[36mc.g.d.z.s.o.a.h.c.h.i.c.ProtocolExec&amp#27;[0;39m - &amp#27;[32mex-0000004C: target auth state: UNCHALLENGED
&amp#27;[0;39m2023-05-08 13:19:00,802 [main] &amp#27;[39mDEBUG&amp#27;[0;39m &amp#27;[36mc.g.d.z.s.o.a.h.c.h.i.c.ProtocolExec&amp#27;[0;39m - &amp#27;[32mex-0000004C: proxy auth state: UNCHALLENGED
&amp#27;[0;39m2023-05-08 13:19:00,802 [main] &amp#27;[39mDEBUG&amp#27;[0;39m &amp#27;[36mc.g.d.z.s.o.a.h.c.h.i.c.ConnectExec&amp#27;[0;39m - &amp#27;[32mex-0000004C: acquiring connection with route {}->unix://localhost:2375
&amp#27;[0;39m2023-05-08 13:19:00,802 [main] &amp#27;[39mDEBUG&amp#27;[0;39m &amp#27;[36mc.g.d.z.s.o.a.h.c.h.i.c.InternalHttpClient&amp#27;[0;39m - &amp#27;[32mex-0000004C: acquiring endpoint (3 MINUTES)
&amp#27;[0;39m2023-05-08 13:19:00,802 [main] &amp#27;[39mDEBUG&amp#27;[0;39m &amp#27;[36mc.g.d.z.s.o.a.h.c.h.i.i.PoolingHttpClientConnectionManager&amp#27;[0;39m - &amp#27;[32mex-0000004C: endpoint lease request (3 MINUTES) [route: {}->unix://localhost:2375][total available: 1; route allocated: 1 of 2147483647; total allocated: 1 of 2147483647]
&amp#27;[0;39m2023-05-08 13:19:00,802 [main] &amp#27;[39mDEBUG&amp#27;[0;39m &amp#27;[36mc.g.d.z.s.o.a.h.c.h.i.i.PoolingHttpClientConnectionManager&amp#27;[0;39m - &amp#27;[32mex-0000004C: endpoint leased [route: {}->unix://localhost:2375][total available: 0; route allocated: 1 of 2147483647; total allocated: 1 of 2147483647]
&amp#27;[0;39m2023-05-08 13:19:00,802 [main] &amp#27;[39mDEBUG&amp#27;[0;39m &amp#27;[36mc.g.d.z.s.o.a.h.c.h.i.i.PoolingHttpClientConnectionManager&amp#27;[0;39m - &amp#27;[32mex-0000004C: acquired ep-0000004B
&amp#27;[0;39m2023-05-08 13:19:00,802 [main] &amp#27;[39mDEBUG&amp#27;[0;39m &amp#27;[36mc.g.d.z.s.o.a.h.c.h.i.c.InternalHttpClient&amp#27;[0;39m - &amp#27;[32mex-0000004C: acquired endpoint ep-0000004B
&amp#27;[0;39m2023-05-08 13:19:00,802 [main] &amp#27;[39mDEBUG&amp#27;[0;39m &amp#27;[36mc.g.d.z.s.o.a.h.c.h.i.c.MainClientExec&amp#27;[0;39m - &amp#27;[32mex-0000004C: executing GET /v1.32/containers/cccfb0602d7e775562ae171a9fe0a7ec811b6906268008a84fea93151d2a7305/json HTTP/1.1
&amp#27;[0;39m2023-05-08 13:19:00,802 [main] &amp#27;[39mDEBUG&amp#27;[0;39m &amp#27;[36mc.g.d.z.s.o.a.h.c.h.i.c.InternalHttpClient&amp#27;[0;39m - &amp#27;[32mep-0000004B: start execution ex-0000004C
&amp#27;[0;39m2023-05-08 13:19:00,802 [main] &amp#27;[39mDEBUG&amp#27;[0;39m &amp#27;[36mc.g.d.z.s.o.a.h.c.h.i.i.PoolingHttpClientConnectionManager&amp#27;[0;39m - &amp#27;[32mep-0000004B: executing exchange ex-0000004C over http-outgoing-1
&amp#27;[0;39m2023-05-08 13:19:00,802 [main] &amp#27;[39mDEBUG&amp#27;[0;39m &amp#27;[36mc.g.d.z.s.o.a.h.client5.http.headers&amp#27;[0;39m - &amp#27;[32mhttp-outgoing-1 >> GET /v1.32/containers/cccfb0602d7e775562ae171a9fe0a7ec811b6906268008a84fea93151d2a7305/json HTTP/1.1
&amp#27;[0;39m2023-05-08 13:19:00,802 [main] &amp#27;[39mDEBUG&amp#27;[0;39m &amp#27;[36mc.g.d.z.s.o.a.h.client5.http.headers&amp#27;[0;39m - &amp#27;[32mhttp-outgoing-1 >> accept: application/json
&amp#27;[0;39m2023-05-08 13:19:00,802 [main] &amp#27;[39mDEBUG&amp#27;[0;39m &amp#27;[36mc.g.d.z.s.o.a.h.client5.http.headers&amp#27;[0;39m - &amp#27;[32mhttp-outgoing-1 >> x-tc-sid: f1b696c1-ec3f-4f95-afa8-081853be7ccb
&amp#27;[0;39m2023-05-08 13:19:00,802 [main] &amp#27;[39mDEBUG&amp#27;[0;39m &amp#27;[36mc.g.d.z.s.o.a.h.client5.http.headers&amp#27;[0;39m - &amp#27;[32mhttp-outgoing-1 >> Accept-Encoding: gzip, x-gzip, deflate
&amp#27;[0;39m2023-05-08 13:19:00,802 [main] &amp#27;[39mDEBUG&amp#27;[0;39m &amp#27;[36mc.g.d.z.s.o.a.h.client5.http.headers&amp#27;[0;39m - &amp#27;[32mhttp-outgoing-1 >> Host: localhost:2375
&amp#27;[0;39m2023-05-08 13:19:00,802 [main] &amp#27;[39mDEBUG&amp#27;[0;39m &amp#27;[36mc.g.d.z.s.o.a.h.client5.http.headers&amp#27;[0;39m - &amp#27;[32mhttp-outgoing-1 >> Connection: keep-alive
&amp#27;[0;39m2023-05-08 13:19:00,802 [main] &amp#27;[39mDEBUG&amp#27;[0;39m &amp#27;[36mc.g.d.z.s.o.a.h.client5.http.headers&amp#27;[0;39m - &amp#27;[32mhttp-outgoing-1 >> User-Agent: Apache-HttpClient/5.0.3 (Java/17.0.6)
&amp#27;[0;39m2023-05-08 13:19:00,802 [main] &amp#27;[39mDEBUG&amp#27;[0;39m &amp#27;[36mc.g.d.z.s.o.a.hc.client5.http.wire&amp#27;[0;39m - &amp#27;[32mhttp-outgoing-1 >> "GET /v1.32/containers/cccfb0602d7e775562ae171a9fe0a7ec811b6906268008a84fea93151d2a7305/json HTTP/1.1[\r][\n]"
&amp#27;[0;39m2023-05-08 13:19:00,802 [main] &amp#27;[39mDEBUG&amp#27;[0;39m &amp#27;[36mc.g.d.z.s.o.a.hc.client5.http.wire&amp#27;[0;39m - &amp#27;[32mhttp-outgoing-1 >> "accept: application/json[\r][\n]"
&amp#27;[0;39m2023-05-08 13:19:00,802 [main] &amp#27;[39mDEBUG&amp#27;[0;39m &amp#27;[36mc.g.d.z.s.o.a.hc.client5.http.wire&amp#27;[0;39m - &amp#27;[32mhttp-outgoing-1 >> "x-tc-sid: f1b696c1-ec3f-4f95-afa8-081853be7ccb[\r][\n]"
&amp#27;[0;39m2023-05-08 13:19:00,802 [main] &amp#27;[39mDEBUG&amp#27;[0;39m &amp#27;[36mc.g.d.z.s.o.a.hc.client5.http.wire&amp#27;[0;39m - &amp#27;[32mhttp-outgoing-1 >> "Accept-Encoding: gzip, x-gzip, deflate[\r][\n]"
&amp#27;[0;39m2023-05-08 13:19:00,802 [main] &amp#27;[39mDEBUG&amp#27;[0;39m &amp#27;[36mc.g.d.z.s.o.a.hc.client5.http.wire&amp#27;[0;39m - &amp#27;[32mhttp-outgoing-1 >> "Host: localhost:2375[\r][\n]"
&amp#27;[0;39m2023-05-08 13:19:00,802 [main] &amp#27;[39mDEBUG&amp#27;[0;39m &amp#27;[36mc.g.d.z.s.o.a.hc.client5.http.wire&amp#27;[0;39m - &amp#27;[32mhttp-outgoing-1 >> "Connection: keep-alive[\r][\n]"
&amp#27;[0;39m2023-05-08 13:19:00,802 [main] &amp#27;[39mDEBUG&amp#27;[0;39m &amp#27;[36mc.g.d.z.s.o.a.hc.client5.http.wire&amp#27;[0;39m - &amp#27;[32mhttp-outgoing-1 >> "User-Agent: Apache-HttpClient/5.0.3 (Java/17.0.6)[\r][\n]"
&amp#27;[0;39m2023-05-08 13:19:00,802 [main] &amp#27;[39mDEBUG&amp#27;[0;39m &amp#27;[36mc.g.d.z.s.o.a.hc.client5.http.wire&amp#27;[0;39m - &amp#27;[32mhttp-outgoing-1 >> "[\r][\n]"
&amp#27;[0;39m2023-05-08 13:19:00,803 [main] &amp#27;[39mDEBUG&amp#27;[0;39m &amp#27;[36mc.g.d.z.s.o.a.hc.client5.http.wire&amp#27;[0;39m - &amp#27;[32mhttp-outgoing-1 << "HTTP/1.1 200 OK[\r][\n]"
&amp#27;[0;39m2023-05-08 13:19:00,803 [main] &amp#27;[39mDEBUG&amp#27;[0;39m &amp#27;[36mc.g.d.z.s.o.a.hc.client5.http.wire&amp#27;[0;39m - &amp#27;[32mhttp-outgoing-1 << "Api-Version: 1.42[\r][\n]"
&amp#27;[0;39m2023-05-08 13:19:00,803 [main] &amp#27;[39mDEBUG&amp#27;[0;39m &amp#27;[36mc.g.d.z.s.o.a.hc.client5.http.wire&amp#27;[0;39m - &amp#27;[32mhttp-outgoing-1 << "Content-Type: application/json[\r][\n]"
&amp#27;[0;39m2023-05-08 13:19:00,803 [main] &amp#27;[39mDEBUG&amp#27;[0;39m &amp#27;[36mc.g.d.z.s.o.a.hc.client5.http.wire&amp#27;[0;39m - &amp#27;[32mhttp-outgoing-1 << "Docker-Experimental: false[\r][\n]"
&amp#27;[0;39m2023-05-08 13:19:00,803 [main] &amp#27;[39mDEBUG&amp#27;[0;39m &amp#27;[36mc.g.d.z.s.o.a.hc.client5.http.wire&amp#27;[0;39m - &amp#27;[32mhttp-outgoing-1 << "Ostype: linux[\r][\n]"
&amp#27;[0;39m2023-05-08 13:19:00,803 [main] &amp#27;[39mDEBUG&amp#27;[0;39m &amp#27;[36mc.g.d.z.s.o.a.hc.client5.http.wire&amp#27;[0;39m - &amp#27;[32mhttp-outgoing-1 << "Server: Docker/23.0.5 (linux)[\r][\n]"
&amp#27;[0;39m2023-05-08 13:19:00,803 [main] &amp#27;[39mDEBUG&amp#27;[0;39m &amp#27;[36mc.g.d.z.s.o.a.hc.client5.http.wire&amp#27;[0;39m - &amp#27;[32mhttp-outgoing-1 << "Date: Mon, 08 May 2023 11:19:00 GMT[\r][\n]"
&amp#27;[0;39m2023-05-08 13:19:00,803 [main] &amp#27;[39mDEBUG&amp#27;[0;39m &amp#27;[36mc.g.d.z.s.o.a.hc.client5.http.wire&amp#27;[0;39m - &amp#27;[32mhttp-outgoing-1 << "Transfer-Encoding: chunked[\r][\n]"
&amp#27;[0;39m2023-05-08 13:19:00,803 [main] &amp#27;[39mDEBUG&amp#27;[0;39m &amp#27;[36mc.g.d.z.s.o.a.hc.client5.http.wire&amp#27;[0;39m - &amp#27;[32mhttp-outgoing-1 << "[\r][\n]"
&amp#27;[0;39m2023-05-08 13:19:00,803 [main] &amp#27;[39mDEBUG&amp#27;[0;39m &amp#27;[36mc.g.d.z.s.o.a.hc.client5.http.wire&amp#27;[0;39m - &amp#27;[32mhttp-outgoing-1 << "1890[\r][\n]"
&amp#27;[0;39m2023-05-08 13:19:00,803 [main] &amp#27;[39mDEBUG&amp#27;[0;39m &amp#27;[36mc.g.d.z.s.o.a.hc.client5.http.wire&amp#27;[0;39m - &amp#27;[32mhttp-outgoing-1 << "{"Id":"cccfb0602d7e775562ae171a9fe0a7ec811b6906268008a84fea93151d2a7305","Created":"2023-05-08T11:18:54.120535425Z","Path":"docker-entrypoint.sh","Args":["mysqld"],"State":{"Status":"running","Running":true,"Paused":false,"Restarting":false,"OOMKilled":false,"Dead":false,"Pid":59126,"ExitCode":0,"Error":"","StartedAt":"2023-05-08T11:18:54.468577716Z","FinishedAt":"0001-01-01T00:00:00Z"},"Image":"sha256:228d71078f8ce5ae9fd96b183f88c3a90e30544b4b7ce9d64a238d05fef2a681","ResolvConfPath":"/var/lib/docker/containers/cccfb0602d7e775562ae171a9fe0a7ec811b6906268008a84fea93151d2a7305/resolv.conf","HostnamePath":"/var/lib/docker/containers/cccfb0602d7e775562ae171a9fe0a7ec811b6906268008a84fea93151d2a7305/hostname","HostsPath":"/var/lib/docker/containers/cccfb0602d7e775562ae171a9fe0a7ec811b6906268008a84fea93151d2a7305/hosts","LogPath":"/var/lib/docker/containers/cccfb0602d7e775562ae171a9fe0a7ec811b6906268008a84fea93151d2a7305/cccfb0602d7e775562ae171a9fe0a7ec811b6906268008a84fea93151d2a7305-json.log","Name":"/charming_goodall","RestartCount":0,"Driver":"overlay2","Platform":"linux","MountLabel":"","ProcessLabel":"","AppArmorProfile":"docker-default","ExecIDs":null,"HostConfig":{"Binds":[],"ContainerIDFile":"","LogConfig":{"Type":"json-file","Config":{}},"NetworkMode":"default","PortBindings":{"3306/tcp":[{"HostIp":"","HostPort":""}]},"RestartPolicy":{"Name":"","MaximumRetryCount":0},"AutoRemove":false,"VolumeDriver":"","VolumesFrom":[],"ConsoleSize":[0,0],"CapAdd":null,"CapDrop":null,"CgroupnsMode":"private","Dns":null,"DnsOptions":null,"DnsSearch":null,"ExtraHosts":[],"GroupAdd":null,"IpcMode":"shareable","Cgroup":"","Links":null,"OomScoreAdj":0,"PidMode":"","Privileged":false,"PublishAllPorts":false,"ReadonlyRootfs":false,"SecurityOpt":null,"UTSMode":"","UsernsMode":"","ShmSize":67108864,"Runtime":"runc","Isolation":"","CpuShares":0,"Memory":0,"NanoCpus":0,"CgroupParent":"","BlkioWeight":0,"BlkioWeightDevice":null,"BlkioDeviceReadBps":null,"BlkioDeviceWriteBps":null,"BlkioDeviceReadIOps":null,"BlkioDeviceWriteIOps":null,"CpuPeriod":0,"CpuQuota":0,"CpuRealtimePeriod":0,"CpuRealtimeRuntime":0,"CpusetCpus":"","CpusetMems":"","Devices":null,"DeviceCgroupRules":null,"DeviceRequests":null,"MemoryReservation":0,"MemorySwap":0,"MemorySwappiness":null,"OomKillDisable":null,"PidsLimit":null,"Ulimits":null,"CpuCount":0,"CpuPercent":0,"IOMaximumIOps":0,"IOMaximumBandwidth":0,"MaskedPaths":["/proc/asound","/proc/acpi","/proc/kcore","/proc/keys","/proc/latency_stats","/proc/timer_list","/proc/timer_stats","/proc/sched_debug","/proc/scsi","/sys/firmware"],"ReadonlyPaths":["/proc/bus","/proc/fs","/proc/irq","/proc/sys","/proc/sysrq-trigger"]},"GraphDriver":{"Data":{"LowerDir":"/var/lib/docker/overlay2/0075f27ac39799b376a3e23bf05a650eb10c8a0f9ef49be1ab61e98fd3b93dc3-init/diff:/var/lib/docker/overlay2/4c6e20f032f02b27a9272f982861dc21998197aa90d94ed3bef95d449380247c/diff:/var/lib/docker/overlay2/0c75f828f603eff839bb3ca448163ab2a8017e86625ac255cd3dbf1673ddac26/diff:/var/lib/docker/overlay2/da128d897fda75829109844ce6cd9d73d0f54c682e735100af000ce899908729/diff:/var/lib/docker/overlay2/b678a1f261bf323afba6d76d91ab7428bdd6e1ef4a39b5224e4a1afd08c0423a/diff:/var/lib/docker/overlay2/1bec43b14875c5f9f814f146e8e31aa78566689c2c163da2ac60a32254988437/diff:/var/lib/docker/overlay2/28f4b1e6e1a7a2dbe30f1f94fb42bccd85a61faf8af1fe30a5bb0d442c525e41/diff:/var/lib/docker/overlay2/0f493124464c291d7c97d2633d5dff04b1dce5de904cb40a34dfbe7fe72e3fd4/diff:/var/lib/docker/overlay2/05befbee9e38cd670e1786b3310e99796dcc06abbed970007b4109a5424843fa/diff:/var/lib/docker/overlay2/582bcca9acfc4eef25109e1e1b9c9d104f355798455bc73e855c99283887a6e8/diff:/var/lib/docker/overlay2/153b3bf0b69e97e8f0e5533414a31ca33fa530e63d174c9617621abe46e7e9d1/diff:/var/lib/docker/overlay2/bf87a76c0a38875ee6e915fd0d2527eafa880ec6bf2c1cb294959428c18d10bd/diff","MergedDir":"/var/lib/docker/overlay2/0075f27ac39799b376a3e23bf05a650eb10c8a0f9ef49be1ab61e98fd3b93dc3/merged","UpperDir":"/var/lib/docker/overlay2/0075f27ac39799b376a3e23bf05a650eb10c8a0f9ef49be1ab61e98fd3b93dc3/diff","WorkDir":"/var/lib/docker/overlay2/0075f27ac39799b376a3e23bf05a650eb10c8a0f9ef49be1ab61e98fd3b93dc3/work"},"Name":"overlay2"},"Mounts":[{"Type":"volume","Name":"ffd30c8cc7ed7bf91bc1ebef46b0f06493ce1d3121e28c37d40240bd74b844a5","Source":"/var/lib/docker/volumes/ffd30c8cc7ed7bf91bc1ebef46b0f06493ce1d3121e28c37d40240bd74b844a5/_data","Destination":"/var/lib/mysql","Driver":"local","Mode":"","RW":true,"Propagation":""}],"Config":{"Hostname":"cccfb0602d7e","Domainname":"","User":"","AttachStdin":false,"AttachStdout":false,"AttachStderr":false,"ExposedPorts":{"3306/tcp":{}},"Tty":false,"OpenStdin":false,"StdinOnce":false,"Env":["MYSQL_DATABASE=test","MYSQL_PASSWORD=test","MYSQL_USER=test","MYSQL_ROOT_PASSWORD=test","PATH=/usr/local/sbin:/usr/local/bin:/usr/sbin:/usr/bin:/sbin:/bin","GOSU_VERSION=1.7","MYSQL_MAJOR=8.0","MYSQL_VERSION=8.0.0-dmr-1debian8"],"Cmd":["mysqld"],"Image":"mysql:8.0.0","Volumes":{"/var/lib/mysql":{}},"WorkingDir":"","Entrypoint":["docker-entrypoint.sh"],"OnBuild":null,"Labels":{"org.testcontainers":"true","org.testcontainers.lang":"java","org.testcontainers.sessionId":"f1b696c1-ec3f-4f95-afa8-081853be7ccb","org.testcontainers.version":"1.18.0"}},"NetworkSettings":{"Bridge":"","SandboxID":"75a4ef0436803615aa77c8b97de3cbbdd49519261fe2b3b6cdcae9bd2b1154aa","HairpinMode":false,"LinkLocalIPv6Address":"","LinkLocalIPv6PrefixLen":0,"Ports":{"3306/tcp":[{"HostIp":"0.0.0.0","HostPort":"32781"},{"HostIp":"::","HostPort":"32781"}]},"SandboxKey":"/var/run/docker/netns/75a4ef043680","SecondaryIPAddresses":null,"SecondaryIPv6Addresses":null,"EndpointID":"de3a5c9cc9471fdbec5943d78a8803fca61208fe4021ac9d3922ee2e8ec0d135","Gateway":"172.17.0.1","GlobalIPv6Address":"","GlobalIPv6PrefixLen":0,"IPAddress":"172.17.0.3","IPPrefixLen":16,"IPv6Gateway":"","MacAddress":"02:42:ac:11:00:03","Networks":{"bridge":{"IPAMConfig":null,"Links":null,"Aliases":null,"NetworkID":"e1a078e12eb8d77b497ed932f7fb43787eeb6ff6972febd7d03c9282b8b5cd45","EndpointID":"de3a5c9cc9471fdbec5943d78a8803fca61208fe4021ac9d3922ee2e8ec0d135","Gateway":"172.17.0.1","IPAddress":"172.17.0.3","IPPrefixLen":16,"IPv6Gateway":"","GlobalIPv6Address":"","GlobalIPv6PrefixLen":0,"MacAddress":"02:42:ac:11:00:03","DriverOpts":null}}}}[\n]"
&amp#27;[0;39m2023-05-08 13:19:00,803 [main] &amp#27;[39mDEBUG&amp#27;[0;39m &amp#27;[36mc.g.d.z.s.o.a.hc.client5.http.wire&amp#27;[0;39m - &amp#27;[32mhttp-outgoing-1 << "[\r][\n]"
&amp#27;[0;39m2023-05-08 13:19:00,803 [main] &amp#27;[39mDEBUG&amp#27;[0;39m &amp#27;[36mc.g.d.z.s.o.a.hc.client5.http.wire&amp#27;[0;39m - &amp#27;[32mhttp-outgoing-1 << "0[\r][\n]"
&amp#27;[0;39m2023-05-08 13:19:00,803 [main] &amp#27;[39mDEBUG&amp#27;[0;39m &amp#27;[36mc.g.d.z.s.o.a.hc.client5.http.wire&amp#27;[0;39m - &amp#27;[32mhttp-outgoing-1 << "[\r][\n]"
&amp#27;[0;39m2023-05-08 13:19:00,803 [main] &amp#27;[39mDEBUG&amp#27;[0;39m &amp#27;[36mc.g.d.z.s.o.a.h.client5.http.headers&amp#27;[0;39m - &amp#27;[32mhttp-outgoing-1 << HTTP/1.1 200 OK
&amp#27;[0;39m2023-05-08 13:19:00,803 [main] &amp#27;[39mDEBUG&amp#27;[0;39m &amp#27;[36mc.g.d.z.s.o.a.h.client5.http.headers&amp#27;[0;39m - &amp#27;[32mhttp-outgoing-1 << Api-Version: 1.42
&amp#27;[0;39m2023-05-08 13:19:00,803 [main] &amp#27;[39mDEBUG&amp#27;[0;39m &amp#27;[36mc.g.d.z.s.o.a.h.client5.http.headers&amp#27;[0;39m - &amp#27;[32mhttp-outgoing-1 << Content-Type: application/json
&amp#27;[0;39m2023-05-08 13:19:00,803 [main] &amp#27;[39mDEBUG&amp#27;[0;39m &amp#27;[36mc.g.d.z.s.o.a.h.client5.http.headers&amp#27;[0;39m - &amp#27;[32mhttp-outgoing-1 << Docker-Experimental: false
&amp#27;[0;39m2023-05-08 13:19:00,803 [main] &amp#27;[39mDEBUG&amp#27;[0;39m &amp#27;[36mc.g.d.z.s.o.a.h.client5.http.headers&amp#27;[0;39m - &amp#27;[32mhttp-outgoing-1 << Ostype: linux
&amp#27;[0;39m2023-05-08 13:19:00,803 [main] &amp#27;[39mDEBUG&amp#27;[0;39m &amp#27;[36mc.g.d.z.s.o.a.h.client5.http.headers&amp#27;[0;39m - &amp#27;[32mhttp-outgoing-1 << Server: Docker/23.0.5 (linux)
&amp#27;[0;39m2023-05-08 13:19:00,803 [main] &amp#27;[39mDEBUG&amp#27;[0;39m &amp#27;[36mc.g.d.z.s.o.a.h.client5.http.headers&amp#27;[0;39m - &amp#27;[32mhttp-outgoing-1 << Date: Mon, 08 May 2023 11:19:00 GMT
&amp#27;[0;39m2023-05-08 13:19:00,803 [main] &amp#27;[39mDEBUG&amp#27;[0;39m &amp#27;[36mc.g.d.z.s.o.a.h.client5.http.headers&amp#27;[0;39m - &amp#27;[32mhttp-outgoing-1 << Transfer-Encoding: chunked
&amp#27;[0;39m2023-05-08 13:19:00,803 [main] &amp#27;[39mDEBUG&amp#27;[0;39m &amp#27;[36mc.g.d.z.s.o.a.h.c.h.i.c.MainClientExec&amp#27;[0;39m - &amp#27;[32mex-0000004C: connection can be kept alive for 3 MINUTES
&amp#27;[0;39m2023-05-08 13:19:00,803 [main] &amp#27;[39mDEBUG&amp#27;[0;39m &amp#27;[36mc.g.d.z.s.o.a.h.c.h.i.c.InternalHttpClient&amp#27;[0;39m - &amp#27;[32mep-0000004B: releasing valid endpoint
&amp#27;[0;39m2023-05-08 13:19:00,803 [main] &amp#27;[39mDEBUG&amp#27;[0;39m &amp#27;[36mc.g.d.z.s.o.a.h.c.h.i.i.PoolingHttpClientConnectionManager&amp#27;[0;39m - &amp#27;[32mep-0000004B: releasing endpoint
&amp#27;[0;39m2023-05-08 13:19:00,803 [main] &amp#27;[39mDEBUG&amp#27;[0;39m &amp#27;[36mc.g.d.z.s.o.a.h.c.h.i.i.PoolingHttpClientConnectionManager&amp#27;[0;39m - &amp#27;[32mep-0000004B: connection http-outgoing-1 can be kept alive for 3 MINUTES
&amp#27;[0;39m2023-05-08 13:19:00,803 [main] &amp#27;[39mDEBUG&amp#27;[0;39m &amp#27;[36mc.g.d.z.s.o.a.h.c.h.i.i.PoolingHttpClientConnectionManager&amp#27;[0;39m - &amp#27;[32mep-0000004B: connection released [route: {}->unix://localhost:2375][total available: 1; route allocated: 1 of 2147483647; total allocated: 1 of 2147483647]
&amp#27;[0;39m2023-05-08 13:19:00,803 [main] &amp#27;[39mDEBUG&amp#27;[0;39m &amp#27;[36mtc.mysql:8.0.0&amp#27;[0;39m - &amp#27;[32mTrying to create JDBC connection using com.mysql.cj.jdbc.Driver to jdbc:mysql://localhost:32781/test?useSSL=false&allowPublicKeyRetrieval=true with properties: {password=test, user=test}
&amp#27;[0;39m2023-05-08 13:19:00,906 [main] &amp#27;[39mDEBUG&amp#27;[0;39m &amp#27;[36mo.t.s.c.g.d.c.command.AbstrDockerCmd&amp#27;[0;39m - &amp#27;[32mCmd: cccfb0602d7e775562ae171a9fe0a7ec811b6906268008a84fea93151d2a7305,false
&amp#27;[0;39m2023-05-08 13:19:00,906 [main] &amp#27;[39mDEBUG&amp#27;[0;39m &amp#27;[36mo.t.s.c.g.d.c.e.InspectContainerCmdExec&amp#27;[0;39m - &amp#27;[32mGET: DefaultWebTarget{path=[/containers/cccfb0602d7e775562ae171a9fe0a7ec811b6906268008a84fea93151d2a7305/json], queryParams={}}
&amp#27;[0;39m2023-05-08 13:19:00,906 [main] &amp#27;[39mDEBUG&amp#27;[0;39m &amp#27;[36mc.g.d.z.s.o.a.h.c.h.i.c.InternalHttpClient&amp#27;[0;39m - &amp#27;[32mex-0000004D: preparing request execution
&amp#27;[0;39m2023-05-08 13:19:00,906 [main] &amp#27;[39mDEBUG&amp#27;[0;39m &amp#27;[36mc.g.d.z.s.o.a.h.c.h.p.RequestAddCookies&amp#27;[0;39m - &amp#27;[32mCookie spec selected: strict
&amp#27;[0;39m2023-05-08 13:19:00,906 [main] &amp#27;[39mDEBUG&amp#27;[0;39m &amp#27;[36mc.g.d.z.s.o.a.h.c.h.p.RequestAuthCache&amp#27;[0;39m - &amp#27;[32mAuth cache not set in the context
&amp#27;[0;39m2023-05-08 13:19:00,906 [main] &amp#27;[39mDEBUG&amp#27;[0;39m &amp#27;[36mc.g.d.z.s.o.a.h.c.h.i.c.ProtocolExec&amp#27;[0;39m - &amp#27;[32mex-0000004D: target auth state: UNCHALLENGED
&amp#27;[0;39m2023-05-08 13:19:00,906 [main] &amp#27;[39mDEBUG&amp#27;[0;39m &amp#27;[36mc.g.d.z.s.o.a.h.c.h.i.c.ProtocolExec&amp#27;[0;39m - &amp#27;[32mex-0000004D: proxy auth state: UNCHALLENGED
&amp#27;[0;39m2023-05-08 13:19:00,906 [main] &amp#27;[39mDEBUG&amp#27;[0;39m &amp#27;[36mc.g.d.z.s.o.a.h.c.h.i.c.ConnectExec&amp#27;[0;39m - &amp#27;[32mex-0000004D: acquiring connection with route {}->unix://localhost:2375
&amp#27;[0;39m2023-05-08 13:19:00,906 [main] &amp#27;[39mDEBUG&amp#27;[0;39m &amp#27;[36mc.g.d.z.s.o.a.h.c.h.i.c.InternalHttpClient&amp#27;[0;39m - &amp#27;[32mex-0000004D: acquiring endpoint (3 MINUTES)
&amp#27;[0;39m2023-05-08 13:19:00,906 [main] &amp#27;[39mDEBUG&amp#27;[0;39m &amp#27;[36mc.g.d.z.s.o.a.h.c.h.i.i.PoolingHttpClientConnectionManager&amp#27;[0;39m - &amp#27;[32mex-0000004D: endpoint lease request (3 MINUTES) [route: {}->unix://localhost:2375][total available: 1; route allocated: 1 of 2147483647; total allocated: 1 of 2147483647]
&amp#27;[0;39m2023-05-08 13:19:00,906 [main] &amp#27;[39mDEBUG&amp#27;[0;39m &amp#27;[36mc.g.d.z.s.o.a.h.c.h.i.i.PoolingHttpClientConnectionManager&amp#27;[0;39m - &amp#27;[32mex-0000004D: endpoint leased [route: {}->unix://localhost:2375][total available: 0; route allocated: 1 of 2147483647; total allocated: 1 of 2147483647]
&amp#27;[0;39m2023-05-08 13:19:00,906 [main] &amp#27;[39mDEBUG&amp#27;[0;39m &amp#27;[36mc.g.d.z.s.o.a.h.c.h.i.i.PoolingHttpClientConnectionManager&amp#27;[0;39m - &amp#27;[32mex-0000004D: acquired ep-0000004C
&amp#27;[0;39m2023-05-08 13:19:00,906 [main] &amp#27;[39mDEBUG&amp#27;[0;39m &amp#27;[36mc.g.d.z.s.o.a.h.c.h.i.c.InternalHttpClient&amp#27;[0;39m - &amp#27;[32mex-0000004D: acquired endpoint ep-0000004C
&amp#27;[0;39m2023-05-08 13:19:00,906 [main] &amp#27;[39mDEBUG&amp#27;[0;39m &amp#27;[36mc.g.d.z.s.o.a.h.c.h.i.c.MainClientExec&amp#27;[0;39m - &amp#27;[32mex-0000004D: executing GET /v1.32/containers/cccfb0602d7e775562ae171a9fe0a7ec811b6906268008a84fea93151d2a7305/json HTTP/1.1
&amp#27;[0;39m2023-05-08 13:19:00,906 [main] &amp#27;[39mDEBUG&amp#27;[0;39m &amp#27;[36mc.g.d.z.s.o.a.h.c.h.i.c.InternalHttpClient&amp#27;[0;39m - &amp#27;[32mep-0000004C: start execution ex-0000004D
&amp#27;[0;39m2023-05-08 13:19:00,906 [main] &amp#27;[39mDEBUG&amp#27;[0;39m &amp#27;[36mc.g.d.z.s.o.a.h.c.h.i.i.PoolingHttpClientConnectionManager&amp#27;[0;39m - &amp#27;[32mep-0000004C: executing exchange ex-0000004D over http-outgoing-1
&amp#27;[0;39m2023-05-08 13:19:00,906 [main] &amp#27;[39mDEBUG&amp#27;[0;39m &amp#27;[36mc.g.d.z.s.o.a.h.client5.http.headers&amp#27;[0;39m - &amp#27;[32mhttp-outgoing-1 >> GET /v1.32/containers/cccfb0602d7e775562ae171a9fe0a7ec811b6906268008a84fea93151d2a7305/json HTTP/1.1
&amp#27;[0;39m2023-05-08 13:19:00,906 [main] &amp#27;[39mDEBUG&amp#27;[0;39m &amp#27;[36mc.g.d.z.s.o.a.h.client5.http.headers&amp#27;[0;39m - &amp#27;[32mhttp-outgoing-1 >> accept: application/json
&amp#27;[0;39m2023-05-08 13:19:00,906 [main] &amp#27;[39mDEBUG&amp#27;[0;39m &amp#27;[36mc.g.d.z.s.o.a.h.client5.http.headers&amp#27;[0;39m - &amp#27;[32mhttp-outgoing-1 >> x-tc-sid: f1b696c1-ec3f-4f95-afa8-081853be7ccb
&amp#27;[0;39m2023-05-08 13:19:00,906 [main] &amp#27;[39mDEBUG&amp#27;[0;39m &amp#27;[36mc.g.d.z.s.o.a.h.client5.http.headers&amp#27;[0;39m - &amp#27;[32mhttp-outgoing-1 >> Accept-Encoding: gzip, x-gzip, deflate
&amp#27;[0;39m2023-05-08 13:19:00,906 [main] &amp#27;[39mDEBUG&amp#27;[0;39m &amp#27;[36mc.g.d.z.s.o.a.h.client5.http.headers&amp#27;[0;39m - &amp#27;[32mhttp-outgoing-1 >> Host: localhost:2375
&amp#27;[0;39m2023-05-08 13:19:00,906 [main] &amp#27;[39mDEBUG&amp#27;[0;39m &amp#27;[36mc.g.d.z.s.o.a.h.client5.http.headers&amp#27;[0;39m - &amp#27;[32mhttp-outgoing-1 >> Connection: keep-alive
&amp#27;[0;39m2023-05-08 13:19:00,906 [main] &amp#27;[39mDEBUG&amp#27;[0;39m &amp#27;[36mc.g.d.z.s.o.a.h.client5.http.headers&amp#27;[0;39m - &amp#27;[32mhttp-outgoing-1 >> User-Agent: Apache-HttpClient/5.0.3 (Java/17.0.6)
&amp#27;[0;39m2023-05-08 13:19:00,906 [main] &amp#27;[39mDEBUG&amp#27;[0;39m &amp#27;[36mc.g.d.z.s.o.a.hc.client5.http.wire&amp#27;[0;39m - &amp#27;[32mhttp-outgoing-1 >> "GET /v1.32/containers/cccfb0602d7e775562ae171a9fe0a7ec811b6906268008a84fea93151d2a7305/json HTTP/1.1[\r][\n]"
&amp#27;[0;39m2023-05-08 13:19:00,906 [main] &amp#27;[39mDEBUG&amp#27;[0;39m &amp#27;[36mc.g.d.z.s.o.a.hc.client5.http.wire&amp#27;[0;39m - &amp#27;[32mhttp-outgoing-1 >> "accept: application/json[\r][\n]"
&amp#27;[0;39m2023-05-08 13:19:00,906 [main] &amp#27;[39mDEBUG&amp#27;[0;39m &amp#27;[36mc.g.d.z.s.o.a.hc.client5.http.wire&amp#27;[0;39m - &amp#27;[32mhttp-outgoing-1 >> "x-tc-sid: f1b696c1-ec3f-4f95-afa8-081853be7ccb[\r][\n]"
&amp#27;[0;39m2023-05-08 13:19:00,906 [main] &amp#27;[39mDEBUG&amp#27;[0;39m &amp#27;[36mc.g.d.z.s.o.a.hc.client5.http.wire&amp#27;[0;39m - &amp#27;[32mhttp-outgoing-1 >> "Accept-Encoding: gzip, x-gzip, deflate[\r][\n]"
&amp#27;[0;39m2023-05-08 13:19:00,906 [main] &amp#27;[39mDEBUG&amp#27;[0;39m &amp#27;[36mc.g.d.z.s.o.a.hc.client5.http.wire&amp#27;[0;39m - &amp#27;[32mhttp-outgoing-1 >> "Host: localhost:2375[\r][\n]"
&amp#27;[0;39m2023-05-08 13:19:00,906 [main] &amp#27;[39mDEBUG&amp#27;[0;39m &amp#27;[36mc.g.d.z.s.o.a.hc.client5.http.wire&amp#27;[0;39m - &amp#27;[32mhttp-outgoing-1 >> "Connection: keep-alive[\r][\n]"
&amp#27;[0;39m2023-05-08 13:19:00,906 [main] &amp#27;[39mDEBUG&amp#27;[0;39m &amp#27;[36mc.g.d.z.s.o.a.hc.client5.http.wire&amp#27;[0;39m - &amp#27;[32mhttp-outgoing-1 >> "User-Agent: Apache-HttpClient/5.0.3 (Java/17.0.6)[\r][\n]"
&amp#27;[0;39m2023-05-08 13:19:00,906 [main] &amp#27;[39mDEBUG&amp#27;[0;39m &amp#27;[36mc.g.d.z.s.o.a.hc.client5.http.wire&amp#27;[0;39m - &amp#27;[32mhttp-outgoing-1 >> "[\r][\n]"
&amp#27;[0;39m2023-05-08 13:19:00,907 [main] &amp#27;[39mDEBUG&amp#27;[0;39m &amp#27;[36mc.g.d.z.s.o.a.hc.client5.http.wire&amp#27;[0;39m - &amp#27;[32mhttp-outgoing-1 << "HTTP/1.1 200 OK[\r][\n]"
&amp#27;[0;39m2023-05-08 13:19:00,907 [main] &amp#27;[39mDEBUG&amp#27;[0;39m &amp#27;[36mc.g.d.z.s.o.a.hc.client5.http.wire&amp#27;[0;39m - &amp#27;[32mhttp-outgoing-1 << "Api-Version: 1.42[\r][\n]"
&amp#27;[0;39m2023-05-08 13:19:00,907 [main] &amp#27;[39mDEBUG&amp#27;[0;39m &amp#27;[36mc.g.d.z.s.o.a.hc.client5.http.wire&amp#27;[0;39m - &amp#27;[32mhttp-outgoing-1 << "Content-Type: application/json[\r][\n]"
&amp#27;[0;39m2023-05-08 13:19:00,907 [main] &amp#27;[39mDEBUG&amp#27;[0;39m &amp#27;[36mc.g.d.z.s.o.a.hc.client5.http.wire&amp#27;[0;39m - &amp#27;[32mhttp-outgoing-1 << "Docker-Experimental: false[\r][\n]"
&amp#27;[0;39m2023-05-08 13:19:00,907 [main] &amp#27;[39mDEBUG&amp#27;[0;39m &amp#27;[36mc.g.d.z.s.o.a.hc.client5.http.wire&amp#27;[0;39m - &amp#27;[32mhttp-outgoing-1 << "Ostype: linux[\r][\n]"
&amp#27;[0;39m2023-05-08 13:19:00,907 [main] &amp#27;[39mDEBUG&amp#27;[0;39m &amp#27;[36mc.g.d.z.s.o.a.hc.client5.http.wire&amp#27;[0;39m - &amp#27;[32mhttp-outgoing-1 << "Server: Docker/23.0.5 (linux)[\r][\n]"
&amp#27;[0;39m2023-05-08 13:19:00,907 [main] &amp#27;[39mDEBUG&amp#27;[0;39m &amp#27;[36mc.g.d.z.s.o.a.hc.client5.http.wire&amp#27;[0;39m - &amp#27;[32mhttp-outgoing-1 << "Date: Mon, 08 May 2023 11:19:00 GMT[\r][\n]"
&amp#27;[0;39m2023-05-08 13:19:00,907 [main] &amp#27;[39mDEBUG&amp#27;[0;39m &amp#27;[36mc.g.d.z.s.o.a.hc.client5.http.wire&amp#27;[0;39m - &amp#27;[32mhttp-outgoing-1 << "Transfer-Encoding: chunked[\r][\n]"
&amp#27;[0;39m2023-05-08 13:19:00,907 [main] &amp#27;[39mDEBUG&amp#27;[0;39m &amp#27;[36mc.g.d.z.s.o.a.hc.client5.http.wire&amp#27;[0;39m - &amp#27;[32mhttp-outgoing-1 << "[\r][\n]"
&amp#27;[0;39m2023-05-08 13:19:00,907 [main] &amp#27;[39mDEBUG&amp#27;[0;39m &amp#27;[36mc.g.d.z.s.o.a.hc.client5.http.wire&amp#27;[0;39m - &amp#27;[32mhttp-outgoing-1 << "1890[\r][\n]"
&amp#27;[0;39m2023-05-08 13:19:00,907 [main] &amp#27;[39mDEBUG&amp#27;[0;39m &amp#27;[36mc.g.d.z.s.o.a.hc.client5.http.wire&amp#27;[0;39m - &amp#27;[32mhttp-outgoing-1 << "{"Id":"cccfb0602d7e775562ae171a9fe0a7ec811b6906268008a84fea93151d2a7305","Created":"2023-05-08T11:18:54.120535425Z","Path":"docker-entrypoint.sh","Args":["mysqld"],"State":{"Status":"running","Running":true,"Paused":false,"Restarting":false,"OOMKilled":false,"Dead":false,"Pid":59126,"ExitCode":0,"Error":"","StartedAt":"2023-05-08T11:18:54.468577716Z","FinishedAt":"0001-01-01T00:00:00Z"},"Image":"sha256:228d71078f8ce5ae9fd96b183f88c3a90e30544b4b7ce9d64a238d05fef2a681","ResolvConfPath":"/var/lib/docker/containers/cccfb0602d7e775562ae171a9fe0a7ec811b6906268008a84fea93151d2a7305/resolv.conf","HostnamePath":"/var/lib/docker/containers/cccfb0602d7e775562ae171a9fe0a7ec811b6906268008a84fea93151d2a7305/hostname","HostsPath":"/var/lib/docker/containers/cccfb0602d7e775562ae171a9fe0a7ec811b6906268008a84fea93151d2a7305/hosts","LogPath":"/var/lib/docker/containers/cccfb0602d7e775562ae171a9fe0a7ec811b6906268008a84fea93151d2a7305/cccfb0602d7e775562ae171a9fe0a7ec811b6906268008a84fea93151d2a7305-json.log","Name":"/charming_goodall","RestartCount":0,"Driver":"overlay2","Platform":"linux","MountLabel":"","ProcessLabel":"","AppArmorProfile":"docker-default","ExecIDs":null,"HostConfig":{"Binds":[],"ContainerIDFile":"","LogConfig":{"Type":"json-file","Config":{}},"NetworkMode":"default","PortBindings":{"3306/tcp":[{"HostIp":"","HostPort":""}]},"RestartPolicy":{"Name":"","MaximumRetryCount":0},"AutoRemove":false,"VolumeDriver":"","VolumesFrom":[],"ConsoleSize":[0,0],"CapAdd":null,"CapDrop":null,"CgroupnsMode":"private","Dns":null,"DnsOptions":null,"DnsSearch":null,"ExtraHosts":[],"GroupAdd":null,"IpcMode":"shareable","Cgroup":"","Links":null,"OomScoreAdj":0,"PidMode":"","Privileged":false,"PublishAllPorts":false,"ReadonlyRootfs":false,"SecurityOpt":null,"UTSMode":"","UsernsMode":"","ShmSize":67108864,"Runtime":"runc","Isolation":"","CpuShares":0,"Memory":0,"NanoCpus":0,"CgroupParent":"","BlkioWeight":0,"BlkioWeightDevice":null,"BlkioDeviceReadBps":null,"BlkioDeviceWriteBps":null,"BlkioDeviceReadIOps":null,"BlkioDeviceWriteIOps":null,"CpuPeriod":0,"CpuQuota":0,"CpuRealtimePeriod":0,"CpuRealtimeRuntime":0,"CpusetCpus":"","CpusetMems":"","Devices":null,"DeviceCgroupRules":null,"DeviceRequests":null,"MemoryReservation":0,"MemorySwap":0,"MemorySwappiness":null,"OomKillDisable":null,"PidsLimit":null,"Ulimits":null,"CpuCount":0,"CpuPercent":0,"IOMaximumIOps":0,"IOMaximumBandwidth":0,"MaskedPaths":["/proc/asound","/proc/acpi","/proc/kcore","/proc/keys","/proc/latency_stats","/proc/timer_list","/proc/timer_stats","/proc/sched_debug","/proc/scsi","/sys/firmware"],"ReadonlyPaths":["/proc/bus","/proc/fs","/proc/irq","/proc/sys","/proc/sysrq-trigger"]},"GraphDriver":{"Data":{"LowerDir":"/var/lib/docker/overlay2/0075f27ac39799b376a3e23bf05a650eb10c8a0f9ef49be1ab61e98fd3b93dc3-init/diff:/var/lib/docker/overlay2/4c6e20f032f02b27a9272f982861dc21998197aa90d94ed3bef95d449380247c/diff:/var/lib/docker/overlay2/0c75f828f603eff839bb3ca448163ab2a8017e86625ac255cd3dbf1673ddac26/diff:/var/lib/docker/overlay2/da128d897fda75829109844ce6cd9d73d0f54c682e735100af000ce899908729/diff:/var/lib/docker/overlay2/b678a1f261bf323afba6d76d91ab7428bdd6e1ef4a39b5224e4a1afd08c0423a/diff:/var/lib/docker/overlay2/1bec43b14875c5f9f814f146e8e31aa78566689c2c163da2ac60a32254988437/diff:/var/lib/docker/overlay2/28f4b1e6e1a7a2dbe30f1f94fb42bccd85a61faf8af1fe30a5bb0d442c525e41/diff:/var/lib/docker/overlay2/0f493124464c291d7c97d2633d5dff04b1dce5de904cb40a34dfbe7fe72e3fd4/diff:/var/lib/docker/overlay2/05befbee9e38cd670e1786b3310e99796dcc06abbed970007b4109a5424843fa/diff:/var/lib/docker/overlay2/582bcca9acfc4eef25109e1e1b9c9d104f355798455bc73e855c99283887a6e8/diff:/var/lib/docker/overlay2/153b3bf0b69e97e8f0e5533414a31ca33fa530e63d174c9617621abe46e7e9d1/diff:/var/lib/docker/overlay2/bf87a76c0a38875ee6e915fd0d2527eafa880ec6bf2c1cb294959428c18d10bd/diff","MergedDir":"/var/lib/docker/overlay2/0075f27ac39799b376a3e23bf05a650eb10c8a0f9ef49be1ab61e98fd3b93dc3/merged","UpperDir":"/var/lib/docker/overlay2/0075f27ac39799b376a3e23bf05a650eb10c8a0f9ef49be1ab61e98fd3b93dc3/diff","WorkDir":"/var/lib/docker/overlay2/0075f27ac39799b376a3e23bf05a650eb10c8a0f9ef49be1ab61e98fd3b93dc3/work"},"Name":"overlay2"},"Mounts":[{"Type":"volume","Name":"ffd30c8cc7ed7bf91bc1ebef46b0f06493ce1d3121e28c37d40240bd74b844a5","Source":"/var/lib/docker/volumes/ffd30c8cc7ed7bf91bc1ebef46b0f06493ce1d3121e28c37d40240bd74b844a5/_data","Destination":"/var/lib/mysql","Driver":"local","Mode":"","RW":true,"Propagation":""}],"Config":{"Hostname":"cccfb0602d7e","Domainname":"","User":"","AttachStdin":false,"AttachStdout":false,"AttachStderr":false,"ExposedPorts":{"3306/tcp":{}},"Tty":false,"OpenStdin":false,"StdinOnce":false,"Env":["MYSQL_DATABASE=test","MYSQL_PASSWORD=test","MYSQL_USER=test","MYSQL_ROOT_PASSWORD=test","PATH=/usr/local/sbin:/usr/local/bin:/usr/sbin:/usr/bin:/sbin:/bin","GOSU_VERSION=1.7","MYSQL_MAJOR=8.0","MYSQL_VERSION=8.0.0-dmr-1debian8"],"Cmd":["mysqld"],"Image":"mysql:8.0.0","Volumes":{"/var/lib/mysql":{}},"WorkingDir":"","Entrypoint":["docker-entrypoint.sh"],"OnBuild":null,"Labels":{"org.testcontainers":"true","org.testcontainers.lang":"java","org.testcontainers.sessionId":"f1b696c1-ec3f-4f95-afa8-081853be7ccb","org.testcontainers.version":"1.18.0"}},"NetworkSettings":{"Bridge":"","SandboxID":"75a4ef0436803615aa77c8b97de3cbbdd49519261fe2b3b6cdcae9bd2b1154aa","HairpinMode":false,"LinkLocalIPv6Address":"","LinkLocalIPv6PrefixLen":0,"Ports":{"3306/tcp":[{"HostIp":"0.0.0.0","HostPort":"32781"},{"HostIp":"::","HostPort":"32781"}]},"SandboxKey":"/var/run/docker/netns/75a4ef043680","SecondaryIPAddresses":null,"SecondaryIPv6Addresses":null,"EndpointID":"de3a5c9cc9471fdbec5943d78a8803fca61208fe4021ac9d3922ee2e8ec0d135","Gateway":"172.17.0.1","GlobalIPv6Address":"","GlobalIPv6PrefixLen":0,"IPAddress":"172.17.0.3","IPPrefixLen":16,"IPv6Gateway":"","MacAddress":"02:42:ac:11:00:03","Networks":{"bridge":{"IPAMConfig":null,"Links":null,"Aliases":null,"NetworkID":"e1a078e12eb8d77b497ed932f7fb43787eeb6ff6972febd7d03c9282b8b5cd45","EndpointID":"de3a5c9cc9471fdbec5943d78a8803fca61208fe4021ac9d3922ee2e8ec0d135","Gateway":"172.17.0.1","IPAddress":"172.17.0.3","IPPrefixLen":16,"IPv6Gateway":"","GlobalIPv6Address":"","GlobalIPv6PrefixLen":0,"MacAddress":"02:42:ac:11:00:03","DriverOpts":null}}}}[\n]"
&amp#27;[0;39m2023-05-08 13:19:00,907 [main] &amp#27;[39mDEBUG&amp#27;[0;39m &amp#27;[36mc.g.d.z.s.o.a.hc.client5.http.wire&amp#27;[0;39m - &amp#27;[32mhttp-outgoing-1 << "[\r][\n]"
&amp#27;[0;39m2023-05-08 13:19:00,907 [main] &amp#27;[39mDEBUG&amp#27;[0;39m &amp#27;[36mc.g.d.z.s.o.a.hc.client5.http.wire&amp#27;[0;39m - &amp#27;[32mhttp-outgoing-1 << "0[\r][\n]"
&amp#27;[0;39m2023-05-08 13:19:00,907 [main] &amp#27;[39mDEBUG&amp#27;[0;39m &amp#27;[36mc.g.d.z.s.o.a.hc.client5.http.wire&amp#27;[0;39m - &amp#27;[32mhttp-outgoing-1 << "[\r][\n]"
&amp#27;[0;39m2023-05-08 13:19:00,907 [main] &amp#27;[39mDEBUG&amp#27;[0;39m &amp#27;[36mc.g.d.z.s.o.a.h.client5.http.headers&amp#27;[0;39m - &amp#27;[32mhttp-outgoing-1 << HTTP/1.1 200 OK
&amp#27;[0;39m2023-05-08 13:19:00,907 [main] &amp#27;[39mDEBUG&amp#27;[0;39m &amp#27;[36mc.g.d.z.s.o.a.h.client5.http.headers&amp#27;[0;39m - &amp#27;[32mhttp-outgoing-1 << Api-Version: 1.42
&amp#27;[0;39m2023-05-08 13:19:00,907 [main] &amp#27;[39mDEBUG&amp#27;[0;39m &amp#27;[36mc.g.d.z.s.o.a.h.client5.http.headers&amp#27;[0;39m - &amp#27;[32mhttp-outgoing-1 << Content-Type: application/json
&amp#27;[0;39m2023-05-08 13:19:00,907 [main] &amp#27;[39mDEBUG&amp#27;[0;39m &amp#27;[36mc.g.d.z.s.o.a.h.client5.http.headers&amp#27;[0;39m - &amp#27;[32mhttp-outgoing-1 << Docker-Experimental: false
&amp#27;[0;39m2023-05-08 13:19:00,907 [main] &amp#27;[39mDEBUG&amp#27;[0;39m &amp#27;[36mc.g.d.z.s.o.a.h.client5.http.headers&amp#27;[0;39m - &amp#27;[32mhttp-outgoing-1 << Ostype: linux
&amp#27;[0;39m2023-05-08 13:19:00,907 [main] &amp#27;[39mDEBUG&amp#27;[0;39m &amp#27;[36mc.g.d.z.s.o.a.h.client5.http.headers&amp#27;[0;39m - &amp#27;[32mhttp-outgoing-1 << Server: Docker/23.0.5 (linux)
&amp#27;[0;39m2023-05-08 13:19:00,907 [main] &amp#27;[39mDEBUG&amp#27;[0;39m &amp#27;[36mc.g.d.z.s.o.a.h.client5.http.headers&amp#27;[0;39m - &amp#27;[32mhttp-outgoing-1 << Date: Mon, 08 May 2023 11:19:00 GMT
&amp#27;[0;39m2023-05-08 13:19:00,907 [main] &amp#27;[39mDEBUG&amp#27;[0;39m &amp#27;[36mc.g.d.z.s.o.a.h.client5.http.headers&amp#27;[0;39m - &amp#27;[32mhttp-outgoing-1 << Transfer-Encoding: chunked
&amp#27;[0;39m2023-05-08 13:19:00,907 [main] &amp#27;[39mDEBUG&amp#27;[0;39m &amp#27;[36mc.g.d.z.s.o.a.h.c.h.i.c.MainClientExec&amp#27;[0;39m - &amp#27;[32mex-0000004D: connection can be kept alive for 3 MINUTES
&amp#27;[0;39m2023-05-08 13:19:00,908 [main] &amp#27;[39mDEBUG&amp#27;[0;39m &amp#27;[36mc.g.d.z.s.o.a.h.c.h.i.c.InternalHttpClient&amp#27;[0;39m - &amp#27;[32mep-0000004C: releasing valid endpoint
&amp#27;[0;39m2023-05-08 13:19:00,908 [main] &amp#27;[39mDEBUG&amp#27;[0;39m &amp#27;[36mc.g.d.z.s.o.a.h.c.h.i.i.PoolingHttpClientConnectionManager&amp#27;[0;39m - &amp#27;[32mep-0000004C: releasing endpoint
&amp#27;[0;39m2023-05-08 13:19:00,908 [main] &amp#27;[39mDEBUG&amp#27;[0;39m &amp#27;[36mc.g.d.z.s.o.a.h.c.h.i.i.PoolingHttpClientConnectionManager&amp#27;[0;39m - &amp#27;[32mep-0000004C: connection http-outgoing-1 can be kept alive for 3 MINUTES
&amp#27;[0;39m2023-05-08 13:19:00,908 [main] &amp#27;[39mDEBUG&amp#27;[0;39m &amp#27;[36mc.g.d.z.s.o.a.h.c.h.i.i.PoolingHttpClientConnectionManager&amp#27;[0;39m - &amp#27;[32mep-0000004C: connection released [route: {}->unix://localhost:2375][total available: 1; route allocated: 1 of 2147483647; total allocated: 1 of 2147483647]
&amp#27;[0;39m2023-05-08 13:19:00,908 [main] &amp#27;[39mDEBUG&amp#27;[0;39m &amp#27;[36mtc.mysql:8.0.0&amp#27;[0;39m - &amp#27;[32mTrying to create JDBC connection using com.mysql.cj.jdbc.Driver to jdbc:mysql://localhost:32781/test?useSSL=false&allowPublicKeyRetrieval=true with properties: {password=test, user=test}
&amp#27;[0;39m2023-05-08 13:19:01,009 [main] &amp#27;[39mDEBUG&amp#27;[0;39m &amp#27;[36mo.t.s.c.g.d.c.command.AbstrDockerCmd&amp#27;[0;39m - &amp#27;[32mCmd: cccfb0602d7e775562ae171a9fe0a7ec811b6906268008a84fea93151d2a7305,false
&amp#27;[0;39m2023-05-08 13:19:01,010 [main] &amp#27;[39mDEBUG&amp#27;[0;39m &amp#27;[36mo.t.s.c.g.d.c.e.InspectContainerCmdExec&amp#27;[0;39m - &amp#27;[32mGET: DefaultWebTarget{path=[/containers/cccfb0602d7e775562ae171a9fe0a7ec811b6906268008a84fea93151d2a7305/json], queryParams={}}
&amp#27;[0;39m2023-05-08 13:19:01,010 [main] &amp#27;[39mDEBUG&amp#27;[0;39m &amp#27;[36mc.g.d.z.s.o.a.h.c.h.i.c.InternalHttpClient&amp#27;[0;39m - &amp#27;[32mex-0000004E: preparing request execution
&amp#27;[0;39m2023-05-08 13:19:01,011 [main] &amp#27;[39mDEBUG&amp#27;[0;39m &amp#27;[36mc.g.d.z.s.o.a.h.c.h.p.RequestAddCookies&amp#27;[0;39m - &amp#27;[32mCookie spec selected: strict
&amp#27;[0;39m2023-05-08 13:19:01,011 [main] &amp#27;[39mDEBUG&amp#27;[0;39m &amp#27;[36mc.g.d.z.s.o.a.h.c.h.p.RequestAuthCache&amp#27;[0;39m - &amp#27;[32mAuth cache not set in the context
&amp#27;[0;39m2023-05-08 13:19:01,011 [main] &amp#27;[39mDEBUG&amp#27;[0;39m &amp#27;[36mc.g.d.z.s.o.a.h.c.h.i.c.ProtocolExec&amp#27;[0;39m - &amp#27;[32mex-0000004E: target auth state: UNCHALLENGED
&amp#27;[0;39m2023-05-08 13:19:01,011 [main] &amp#27;[39mDEBUG&amp#27;[0;39m &amp#27;[36mc.g.d.z.s.o.a.h.c.h.i.c.ProtocolExec&amp#27;[0;39m - &amp#27;[32mex-0000004E: proxy auth state: UNCHALLENGED
&amp#27;[0;39m2023-05-08 13:19:01,011 [main] &amp#27;[39mDEBUG&amp#27;[0;39m &amp#27;[36mc.g.d.z.s.o.a.h.c.h.i.c.ConnectExec&amp#27;[0;39m - &amp#27;[32mex-0000004E: acquiring connection with route {}->unix://localhost:2375
&amp#27;[0;39m2023-05-08 13:19:01,011 [main] &amp#27;[39mDEBUG&amp#27;[0;39m &amp#27;[36mc.g.d.z.s.o.a.h.c.h.i.c.InternalHttpClient&amp#27;[0;39m - &amp#27;[32mex-0000004E: acquiring endpoint (3 MINUTES)
&amp#27;[0;39m2023-05-08 13:19:01,011 [main] &amp#27;[39mDEBUG&amp#27;[0;39m &amp#27;[36mc.g.d.z.s.o.a.h.c.h.i.i.PoolingHttpClientConnectionManager&amp#27;[0;39m - &amp#27;[32mex-0000004E: endpoint lease request (3 MINUTES) [route: {}->unix://localhost:2375][total available: 1; route allocated: 1 of 2147483647; total allocated: 1 of 2147483647]
&amp#27;[0;39m2023-05-08 13:19:01,011 [main] &amp#27;[39mDEBUG&amp#27;[0;39m &amp#27;[36mc.g.d.z.s.o.a.h.c.h.i.i.PoolingHttpClientConnectionManager&amp#27;[0;39m - &amp#27;[32mex-0000004E: endpoint leased [route: {}->unix://localhost:2375][total available: 0; route allocated: 1 of 2147483647; total allocated: 1 of 2147483647]
&amp#27;[0;39m2023-05-08 13:19:01,011 [main] &amp#27;[39mDEBUG&amp#27;[0;39m &amp#27;[36mc.g.d.z.s.o.a.h.c.h.i.i.PoolingHttpClientConnectionManager&amp#27;[0;39m - &amp#27;[32mex-0000004E: acquired ep-0000004D
&amp#27;[0;39m2023-05-08 13:19:01,011 [main] &amp#27;[39mDEBUG&amp#27;[0;39m &amp#27;[36mc.g.d.z.s.o.a.h.c.h.i.c.InternalHttpClient&amp#27;[0;39m - &amp#27;[32mex-0000004E: acquired endpoint ep-0000004D
&amp#27;[0;39m2023-05-08 13:19:01,011 [main] &amp#27;[39mDEBUG&amp#27;[0;39m &amp#27;[36mc.g.d.z.s.o.a.h.c.h.i.c.MainClientExec&amp#27;[0;39m - &amp#27;[32mex-0000004E: executing GET /v1.32/containers/cccfb0602d7e775562ae171a9fe0a7ec811b6906268008a84fea93151d2a7305/json HTTP/1.1
&amp#27;[0;39m2023-05-08 13:19:01,011 [main] &amp#27;[39mDEBUG&amp#27;[0;39m &amp#27;[36mc.g.d.z.s.o.a.h.c.h.i.c.InternalHttpClient&amp#27;[0;39m - &amp#27;[32mep-0000004D: start execution ex-0000004E
&amp#27;[0;39m2023-05-08 13:19:01,011 [main] &amp#27;[39mDEBUG&amp#27;[0;39m &amp#27;[36mc.g.d.z.s.o.a.h.c.h.i.i.PoolingHttpClientConnectionManager&amp#27;[0;39m - &amp#27;[32mep-0000004D: executing exchange ex-0000004E over http-outgoing-1
&amp#27;[0;39m2023-05-08 13:19:01,011 [main] &amp#27;[39mDEBUG&amp#27;[0;39m &amp#27;[36mc.g.d.z.s.o.a.h.client5.http.headers&amp#27;[0;39m - &amp#27;[32mhttp-outgoing-1 >> GET /v1.32/containers/cccfb0602d7e775562ae171a9fe0a7ec811b6906268008a84fea93151d2a7305/json HTTP/1.1
&amp#27;[0;39m2023-05-08 13:19:01,011 [main] &amp#27;[39mDEBUG&amp#27;[0;39m &amp#27;[36mc.g.d.z.s.o.a.h.client5.http.headers&amp#27;[0;39m - &amp#27;[32mhttp-outgoing-1 >> accept: application/json
&amp#27;[0;39m2023-05-08 13:19:01,011 [main] &amp#27;[39mDEBUG&amp#27;[0;39m &amp#27;[36mc.g.d.z.s.o.a.h.client5.http.headers&amp#27;[0;39m - &amp#27;[32mhttp-outgoing-1 >> x-tc-sid: f1b696c1-ec3f-4f95-afa8-081853be7ccb
&amp#27;[0;39m2023-05-08 13:19:01,011 [main] &amp#27;[39mDEBUG&amp#27;[0;39m &amp#27;[36mc.g.d.z.s.o.a.h.client5.http.headers&amp#27;[0;39m - &amp#27;[32mhttp-outgoing-1 >> Accept-Encoding: gzip, x-gzip, deflate
&amp#27;[0;39m2023-05-08 13:19:01,011 [main] &amp#27;[39mDEBUG&amp#27;[0;39m &amp#27;[36mc.g.d.z.s.o.a.h.client5.http.headers&amp#27;[0;39m - &amp#27;[32mhttp-outgoing-1 >> Host: localhost:2375
&amp#27;[0;39m2023-05-08 13:19:01,011 [main] &amp#27;[39mDEBUG&amp#27;[0;39m &amp#27;[36mc.g.d.z.s.o.a.h.client5.http.headers&amp#27;[0;39m - &amp#27;[32mhttp-outgoing-1 >> Connection: keep-alive
&amp#27;[0;39m2023-05-08 13:19:01,011 [main] &amp#27;[39mDEBUG&amp#27;[0;39m &amp#27;[36mc.g.d.z.s.o.a.h.client5.http.headers&amp#27;[0;39m - &amp#27;[32mhttp-outgoing-1 >> User-Agent: Apache-HttpClient/5.0.3 (Java/17.0.6)
&amp#27;[0;39m2023-05-08 13:19:01,011 [main] &amp#27;[39mDEBUG&amp#27;[0;39m &amp#27;[36mc.g.d.z.s.o.a.hc.client5.http.wire&amp#27;[0;39m - &amp#27;[32mhttp-outgoing-1 >> "GET /v1.32/containers/cccfb0602d7e775562ae171a9fe0a7ec811b6906268008a84fea93151d2a7305/json HTTP/1.1[\r][\n]"
&amp#27;[0;39m2023-05-08 13:19:01,011 [main] &amp#27;[39mDEBUG&amp#27;[0;39m &amp#27;[36mc.g.d.z.s.o.a.hc.client5.http.wire&amp#27;[0;39m - &amp#27;[32mhttp-outgoing-1 >> "accept: application/json[\r][\n]"
&amp#27;[0;39m2023-05-08 13:19:01,011 [main] &amp#27;[39mDEBUG&amp#27;[0;39m &amp#27;[36mc.g.d.z.s.o.a.hc.client5.http.wire&amp#27;[0;39m - &amp#27;[32mhttp-outgoing-1 >> "x-tc-sid: f1b696c1-ec3f-4f95-afa8-081853be7ccb[\r][\n]"
&amp#27;[0;39m2023-05-08 13:19:01,011 [main] &amp#27;[39mDEBUG&amp#27;[0;39m &amp#27;[36mc.g.d.z.s.o.a.hc.client5.http.wire&amp#27;[0;39m - &amp#27;[32mhttp-outgoing-1 >> "Accept-Encoding: gzip, x-gzip, deflate[\r][\n]"
&amp#27;[0;39m2023-05-08 13:19:01,011 [main] &amp#27;[39mDEBUG&amp#27;[0;39m &amp#27;[36mc.g.d.z.s.o.a.hc.client5.http.wire&amp#27;[0;39m - &amp#27;[32mhttp-outgoing-1 >> "Host: localhost:2375[\r][\n]"
&amp#27;[0;39m2023-05-08 13:19:01,011 [main] &amp#27;[39mDEBUG&amp#27;[0;39m &amp#27;[36mc.g.d.z.s.o.a.hc.client5.http.wire&amp#27;[0;39m - &amp#27;[32mhttp-outgoing-1 >> "Connection: keep-alive[\r][\n]"
&amp#27;[0;39m2023-05-08 13:19:01,011 [main] &amp#27;[39mDEBUG&amp#27;[0;39m &amp#27;[36mc.g.d.z.s.o.a.hc.client5.http.wire&amp#27;[0;39m - &amp#27;[32mhttp-outgoing-1 >> "User-Agent: Apache-HttpClient/5.0.3 (Java/17.0.6)[\r][\n]"
&amp#27;[0;39m2023-05-08 13:19:01,011 [main] &amp#27;[39mDEBUG&amp#27;[0;39m &amp#27;[36mc.g.d.z.s.o.a.hc.client5.http.wire&amp#27;[0;39m - &amp#27;[32mhttp-outgoing-1 >> "[\r][\n]"
&amp#27;[0;39m2023-05-08 13:19:01,012 [main] &amp#27;[39mDEBUG&amp#27;[0;39m &amp#27;[36mc.g.d.z.s.o.a.hc.client5.http.wire&amp#27;[0;39m - &amp#27;[32mhttp-outgoing-1 << "HTTP/1.1 200 OK[\r][\n]"
&amp#27;[0;39m2023-05-08 13:19:01,012 [main] &amp#27;[39mDEBUG&amp#27;[0;39m &amp#27;[36mc.g.d.z.s.o.a.hc.client5.http.wire&amp#27;[0;39m - &amp#27;[32mhttp-outgoing-1 << "Api-Version: 1.42[\r][\n]"
&amp#27;[0;39m2023-05-08 13:19:01,012 [main] &amp#27;[39mDEBUG&amp#27;[0;39m &amp#27;[36mc.g.d.z.s.o.a.hc.client5.http.wire&amp#27;[0;39m - &amp#27;[32mhttp-outgoing-1 << "Content-Type: application/json[\r][\n]"
&amp#27;[0;39m2023-05-08 13:19:01,012 [main] &amp#27;[39mDEBUG&amp#27;[0;39m &amp#27;[36mc.g.d.z.s.o.a.hc.client5.http.wire&amp#27;[0;39m - &amp#27;[32mhttp-outgoing-1 << "Docker-Experimental: false[\r][\n]"
&amp#27;[0;39m2023-05-08 13:19:01,012 [main] &amp#27;[39mDEBUG&amp#27;[0;39m &amp#27;[36mc.g.d.z.s.o.a.hc.client5.http.wire&amp#27;[0;39m - &amp#27;[32mhttp-outgoing-1 << "Ostype: linux[\r][\n]"
&amp#27;[0;39m2023-05-08 13:19:01,012 [main] &amp#27;[39mDEBUG&amp#27;[0;39m &amp#27;[36mc.g.d.z.s.o.a.hc.client5.http.wire&amp#27;[0;39m - &amp#27;[32mhttp-outgoing-1 << "Server: Docker/23.0.5 (linux)[\r][\n]"
&amp#27;[0;39m2023-05-08 13:19:01,012 [main] &amp#27;[39mDEBUG&amp#27;[0;39m &amp#27;[36mc.g.d.z.s.o.a.hc.client5.http.wire&amp#27;[0;39m - &amp#27;[32mhttp-outgoing-1 << "Date: Mon, 08 May 2023 11:19:01 GMT[\r][\n]"
&amp#27;[0;39m2023-05-08 13:19:01,012 [main] &amp#27;[39mDEBUG&amp#27;[0;39m &amp#27;[36mc.g.d.z.s.o.a.hc.client5.http.wire&amp#27;[0;39m - &amp#27;[32mhttp-outgoing-1 << "Transfer-Encoding: chunked[\r][\n]"
&amp#27;[0;39m2023-05-08 13:19:01,012 [main] &amp#27;[39mDEBUG&amp#27;[0;39m &amp#27;[36mc.g.d.z.s.o.a.hc.client5.http.wire&amp#27;[0;39m - &amp#27;[32mhttp-outgoing-1 << "[\r][\n]"
&amp#27;[0;39m2023-05-08 13:19:01,012 [main] &amp#27;[39mDEBUG&amp#27;[0;39m &amp#27;[36mc.g.d.z.s.o.a.hc.client5.http.wire&amp#27;[0;39m - &amp#27;[32mhttp-outgoing-1 << "1890[\r][\n]"
&amp#27;[0;39m2023-05-08 13:19:01,012 [main] &amp#27;[39mDEBUG&amp#27;[0;39m &amp#27;[36mc.g.d.z.s.o.a.hc.client5.http.wire&amp#27;[0;39m - &amp#27;[32mhttp-outgoing-1 << "{"Id":"cccfb0602d7e775562ae171a9fe0a7ec811b6906268008a84fea93151d2a7305","Created":"2023-05-08T11:18:54.120535425Z","Path":"docker-entrypoint.sh","Args":["mysqld"],"State":{"Status":"running","Running":true,"Paused":false,"Restarting":false,"OOMKilled":false,"Dead":false,"Pid":59126,"ExitCode":0,"Error":"","StartedAt":"2023-05-08T11:18:54.468577716Z","FinishedAt":"0001-01-01T00:00:00Z"},"Image":"sha256:228d71078f8ce5ae9fd96b183f88c3a90e30544b4b7ce9d64a238d05fef2a681","ResolvConfPath":"/var/lib/docker/containers/cccfb0602d7e775562ae171a9fe0a7ec811b6906268008a84fea93151d2a7305/resolv.conf","HostnamePath":"/var/lib/docker/containers/cccfb0602d7e775562ae171a9fe0a7ec811b6906268008a84fea93151d2a7305/hostname","HostsPath":"/var/lib/docker/containers/cccfb0602d7e775562ae171a9fe0a7ec811b6906268008a84fea93151d2a7305/hosts","LogPath":"/var/lib/docker/containers/cccfb0602d7e775562ae171a9fe0a7ec811b6906268008a84fea93151d2a7305/cccfb0602d7e775562ae171a9fe0a7ec811b6906268008a84fea93151d2a7305-json.log","Name":"/charming_goodall","RestartCount":0,"Driver":"overlay2","Platform":"linux","MountLabel":"","ProcessLabel":"","AppArmorProfile":"docker-default","ExecIDs":null,"HostConfig":{"Binds":[],"ContainerIDFile":"","LogConfig":{"Type":"json-file","Config":{}},"NetworkMode":"default","PortBindings":{"3306/tcp":[{"HostIp":"","HostPort":""}]},"RestartPolicy":{"Name":"","MaximumRetryCount":0},"AutoRemove":false,"VolumeDriver":"","VolumesFrom":[],"ConsoleSize":[0,0],"CapAdd":null,"CapDrop":null,"CgroupnsMode":"private","Dns":null,"DnsOptions":null,"DnsSearch":null,"ExtraHosts":[],"GroupAdd":null,"IpcMode":"shareable","Cgroup":"","Links":null,"OomScoreAdj":0,"PidMode":"","Privileged":false,"PublishAllPorts":false,"ReadonlyRootfs":false,"SecurityOpt":null,"UTSMode":"","UsernsMode":"","ShmSize":67108864,"Runtime":"runc","Isolation":"","CpuShares":0,"Memory":0,"NanoCpus":0,"CgroupParent":"","BlkioWeight":0,"BlkioWeightDevice":null,"BlkioDeviceReadBps":null,"BlkioDeviceWriteBps":null,"BlkioDeviceReadIOps":null,"BlkioDeviceWriteIOps":null,"CpuPeriod":0,"CpuQuota":0,"CpuRealtimePeriod":0,"CpuRealtimeRuntime":0,"CpusetCpus":"","CpusetMems":"","Devices":null,"DeviceCgroupRules":null,"DeviceRequests":null,"MemoryReservation":0,"MemorySwap":0,"MemorySwappiness":null,"OomKillDisable":null,"PidsLimit":null,"Ulimits":null,"CpuCount":0,"CpuPercent":0,"IOMaximumIOps":0,"IOMaximumBandwidth":0,"MaskedPaths":["/proc/asound","/proc/acpi","/proc/kcore","/proc/keys","/proc/latency_stats","/proc/timer_list","/proc/timer_stats","/proc/sched_debug","/proc/scsi","/sys/firmware"],"ReadonlyPaths":["/proc/bus","/proc/fs","/proc/irq","/proc/sys","/proc/sysrq-trigger"]},"GraphDriver":{"Data":{"LowerDir":"/var/lib/docker/overlay2/0075f27ac39799b376a3e23bf05a650eb10c8a0f9ef49be1ab61e98fd3b93dc3-init/diff:/var/lib/docker/overlay2/4c6e20f032f02b27a9272f982861dc21998197aa90d94ed3bef95d449380247c/diff:/var/lib/docker/overlay2/0c75f828f603eff839bb3ca448163ab2a8017e86625ac255cd3dbf1673ddac26/diff:/var/lib/docker/overlay2/da128d897fda75829109844ce6cd9d73d0f54c682e735100af000ce899908729/diff:/var/lib/docker/overlay2/b678a1f261bf323afba6d76d91ab7428bdd6e1ef4a39b5224e4a1afd08c0423a/diff:/var/lib/docker/overlay2/1bec43b14875c5f9f814f146e8e31aa78566689c2c163da2ac60a32254988437/diff:/var/lib/docker/overlay2/28f4b1e6e1a7a2dbe30f1f94fb42bccd85a61faf8af1fe30a5bb0d442c525e41/diff:/var/lib/docker/overlay2/0f493124464c291d7c97d2633d5dff04b1dce5de904cb40a34dfbe7fe72e3fd4/diff:/var/lib/docker/overlay2/05befbee9e38cd670e1786b3310e99796dcc06abbed970007b4109a5424843fa/diff:/var/lib/docker/overlay2/582bcca9acfc4eef25109e1e1b9c9d104f355798455bc73e855c99283887a6e8/diff:/var/lib/docker/overlay2/153b3bf0b69e97e8f0e5533414a31ca33fa530e63d174c9617621abe46e7e9d1/diff:/var/lib/docker/overlay2/bf87a76c0a38875ee6e915fd0d2527eafa880ec6bf2c1cb294959428c18d10bd/diff","MergedDir":"/var/lib/docker/overlay2/0075f27ac39799b376a3e23bf05a650eb10c8a0f9ef49be1ab61e98fd3b93dc3/merged","UpperDir":"/var/lib/docker/overlay2/0075f27ac39799b376a3e23bf05a650eb10c8a0f9ef49be1ab61e98fd3b93dc3/diff","WorkDir":"/var/lib/docker/overlay2/0075f27ac39799b376a3e23bf05a650eb10c8a0f9ef49be1ab61e98fd3b93dc3/work"},"Name":"overlay2"},"Mounts":[{"Type":"volume","Name":"ffd30c8cc7ed7bf91bc1ebef46b0f06493ce1d3121e28c37d40240bd74b844a5","Source":"/var/lib/docker/volumes/ffd30c8cc7ed7bf91bc1ebef46b0f06493ce1d3121e28c37d40240bd74b844a5/_data","Destination":"/var/lib/mysql","Driver":"local","Mode":"","RW":true,"Propagation":""}],"Config":{"Hostname":"cccfb0602d7e","Domainname":"","User":"","AttachStdin":false,"AttachStdout":false,"AttachStderr":false,"ExposedPorts":{"3306/tcp":{}},"Tty":false,"OpenStdin":false,"StdinOnce":false,"Env":["MYSQL_DATABASE=test","MYSQL_PASSWORD=test","MYSQL_USER=test","MYSQL_ROOT_PASSWORD=test","PATH=/usr/local/sbin:/usr/local/bin:/usr/sbin:/usr/bin:/sbin:/bin","GOSU_VERSION=1.7","MYSQL_MAJOR=8.0","MYSQL_VERSION=8.0.0-dmr-1debian8"],"Cmd":["mysqld"],"Image":"mysql:8.0.0","Volumes":{"/var/lib/mysql":{}},"WorkingDir":"","Entrypoint":["docker-entrypoint.sh"],"OnBuild":null,"Labels":{"org.testcontainers":"true","org.testcontainers.lang":"java","org.testcontainers.sessionId":"f1b696c1-ec3f-4f95-afa8-081853be7ccb","org.testcontainers.version":"1.18.0"}},"NetworkSettings":{"Bridge":"","SandboxID":"75a4ef0436803615aa77c8b97de3cbbdd49519261fe2b3b6cdcae9bd2b1154aa","HairpinMode":false,"LinkLocalIPv6Address":"","LinkLocalIPv6PrefixLen":0,"Ports":{"3306/tcp":[{"HostIp":"0.0.0.0","HostPort":"32781"},{"HostIp":"::","HostPort":"32781"}]},"SandboxKey":"/var/run/docker/netns/75a4ef043680","SecondaryIPAddresses":null,"SecondaryIPv6Addresses":null,"EndpointID":"de3a5c9cc9471fdbec5943d78a8803fca61208fe4021ac9d3922ee2e8ec0d135","Gateway":"172.17.0.1","GlobalIPv6Address":"","GlobalIPv6PrefixLen":0,"IPAddress":"172.17.0.3","IPPrefixLen":16,"IPv6Gateway":"","MacAddress":"02:42:ac:11:00:03","Networks":{"bridge":{"IPAMConfig":null,"Links":null,"Aliases":null,"NetworkID":"e1a078e12eb8d77b497ed932f7fb43787eeb6ff6972febd7d03c9282b8b5cd45","EndpointID":"de3a5c9cc9471fdbec5943d78a8803fca61208fe4021ac9d3922ee2e8ec0d135","Gateway":"172.17.0.1","IPAddress":"172.17.0.3","IPPrefixLen":16,"IPv6Gateway":"","GlobalIPv6Address":"","GlobalIPv6PrefixLen":0,"MacAddress":"02:42:ac:11:00:03","DriverOpts":null}}}}[\n]"
&amp#27;[0;39m2023-05-08 13:19:01,012 [main] &amp#27;[39mDEBUG&amp#27;[0;39m &amp#27;[36mc.g.d.z.s.o.a.hc.client5.http.wire&amp#27;[0;39m - &amp#27;[32mhttp-outgoing-1 << "[\r][\n]"
&amp#27;[0;39m2023-05-08 13:19:01,012 [main] &amp#27;[39mDEBUG&amp#27;[0;39m &amp#27;[36mc.g.d.z.s.o.a.hc.client5.http.wire&amp#27;[0;39m - &amp#27;[32mhttp-outgoing-1 << "0[\r][\n]"
&amp#27;[0;39m2023-05-08 13:19:01,012 [main] &amp#27;[39mDEBUG&amp#27;[0;39m &amp#27;[36mc.g.d.z.s.o.a.hc.client5.http.wire&amp#27;[0;39m - &amp#27;[32mhttp-outgoing-1 << "[\r][\n]"
&amp#27;[0;39m2023-05-08 13:19:01,012 [main] &amp#27;[39mDEBUG&amp#27;[0;39m &amp#27;[36mc.g.d.z.s.o.a.h.client5.http.headers&amp#27;[0;39m - &amp#27;[32mhttp-outgoing-1 << HTTP/1.1 200 OK
&amp#27;[0;39m2023-05-08 13:19:01,012 [main] &amp#27;[39mDEBUG&amp#27;[0;39m &amp#27;[36mc.g.d.z.s.o.a.h.client5.http.headers&amp#27;[0;39m - &amp#27;[32mhttp-outgoing-1 << Api-Version: 1.42
&amp#27;[0;39m2023-05-08 13:19:01,012 [main] &amp#27;[39mDEBUG&amp#27;[0;39m &amp#27;[36mc.g.d.z.s.o.a.h.client5.http.headers&amp#27;[0;39m - &amp#27;[32mhttp-outgoing-1 << Content-Type: application/json
&amp#27;[0;39m2023-05-08 13:19:01,012 [main] &amp#27;[39mDEBUG&amp#27;[0;39m &amp#27;[36mc.g.d.z.s.o.a.h.client5.http.headers&amp#27;[0;39m - &amp#27;[32mhttp-outgoing-1 << Docker-Experimental: false
&amp#27;[0;39m2023-05-08 13:19:01,012 [main] &amp#27;[39mDEBUG&amp#27;[0;39m &amp#27;[36mc.g.d.z.s.o.a.h.client5.http.headers&amp#27;[0;39m - &amp#27;[32mhttp-outgoing-1 << Ostype: linux
&amp#27;[0;39m2023-05-08 13:19:01,012 [main] &amp#27;[39mDEBUG&amp#27;[0;39m &amp#27;[36mc.g.d.z.s.o.a.h.client5.http.headers&amp#27;[0;39m - &amp#27;[32mhttp-outgoing-1 << Server: Docker/23.0.5 (linux)
&amp#27;[0;39m2023-05-08 13:19:01,012 [main] &amp#27;[39mDEBUG&amp#27;[0;39m &amp#27;[36mc.g.d.z.s.o.a.h.client5.http.headers&amp#27;[0;39m - &amp#27;[32mhttp-outgoing-1 << Date: Mon, 08 May 2023 11:19:01 GMT
&amp#27;[0;39m2023-05-08 13:19:01,012 [main] &amp#27;[39mDEBUG&amp#27;[0;39m &amp#27;[36mc.g.d.z.s.o.a.h.client5.http.headers&amp#27;[0;39m - &amp#27;[32mhttp-outgoing-1 << Transfer-Encoding: chunked
&amp#27;[0;39m2023-05-08 13:19:01,012 [main] &amp#27;[39mDEBUG&amp#27;[0;39m &amp#27;[36mc.g.d.z.s.o.a.h.c.h.i.c.MainClientExec&amp#27;[0;39m - &amp#27;[32mex-0000004E: connection can be kept alive for 3 MINUTES
&amp#27;[0;39m2023-05-08 13:19:01,013 [main] &amp#27;[39mDEBUG&amp#27;[0;39m &amp#27;[36mc.g.d.z.s.o.a.h.c.h.i.c.InternalHttpClient&amp#27;[0;39m - &amp#27;[32mep-0000004D: releasing valid endpoint
&amp#27;[0;39m2023-05-08 13:19:01,013 [main] &amp#27;[39mDEBUG&amp#27;[0;39m &amp#27;[36mc.g.d.z.s.o.a.h.c.h.i.i.PoolingHttpClientConnectionManager&amp#27;[0;39m - &amp#27;[32mep-0000004D: releasing endpoint
&amp#27;[0;39m2023-05-08 13:19:01,013 [main] &amp#27;[39mDEBUG&amp#27;[0;39m &amp#27;[36mc.g.d.z.s.o.a.h.c.h.i.i.PoolingHttpClientConnectionManager&amp#27;[0;39m - &amp#27;[32mep-0000004D: connection http-outgoing-1 can be kept alive for 3 MINUTES
&amp#27;[0;39m2023-05-08 13:19:01,013 [main] &amp#27;[39mDEBUG&amp#27;[0;39m &amp#27;[36mc.g.d.z.s.o.a.h.c.h.i.i.PoolingHttpClientConnectionManager&amp#27;[0;39m - &amp#27;[32mep-0000004D: connection released [route: {}->unix://localhost:2375][total available: 1; route allocated: 1 of 2147483647; total allocated: 1 of 2147483647]
&amp#27;[0;39m2023-05-08 13:19:01,013 [main] &amp#27;[39mDEBUG&amp#27;[0;39m &amp#27;[36mtc.mysql:8.0.0&amp#27;[0;39m - &amp#27;[32mTrying to create JDBC connection using com.mysql.cj.jdbc.Driver to jdbc:mysql://localhost:32781/test?useSSL=false&allowPublicKeyRetrieval=true with properties: {password=test, user=test}
&amp#27;[0;39m2023-05-08 13:19:01,116 [main] &amp#27;[39mDEBUG&amp#27;[0;39m &amp#27;[36mo.t.s.c.g.d.c.command.AbstrDockerCmd&amp#27;[0;39m - &amp#27;[32mCmd: cccfb0602d7e775562ae171a9fe0a7ec811b6906268008a84fea93151d2a7305,false
&amp#27;[0;39m2023-05-08 13:19:01,116 [main] &amp#27;[39mDEBUG&amp#27;[0;39m &amp#27;[36mo.t.s.c.g.d.c.e.InspectContainerCmdExec&amp#27;[0;39m - &amp#27;[32mGET: DefaultWebTarget{path=[/containers/cccfb0602d7e775562ae171a9fe0a7ec811b6906268008a84fea93151d2a7305/json], queryParams={}}
&amp#27;[0;39m2023-05-08 13:19:01,116 [main] &amp#27;[39mDEBUG&amp#27;[0;39m &amp#27;[36mc.g.d.z.s.o.a.h.c.h.i.c.InternalHttpClient&amp#27;[0;39m - &amp#27;[32mex-0000004F: preparing request execution
&amp#27;[0;39m2023-05-08 13:19:01,116 [main] &amp#27;[39mDEBUG&amp#27;[0;39m &amp#27;[36mc.g.d.z.s.o.a.h.c.h.p.RequestAddCookies&amp#27;[0;39m - &amp#27;[32mCookie spec selected: strict
&amp#27;[0;39m2023-05-08 13:19:01,116 [main] &amp#27;[39mDEBUG&amp#27;[0;39m &amp#27;[36mc.g.d.z.s.o.a.h.c.h.p.RequestAuthCache&amp#27;[0;39m - &amp#27;[32mAuth cache not set in the context
&amp#27;[0;39m2023-05-08 13:19:01,116 [main] &amp#27;[39mDEBUG&amp#27;[0;39m &amp#27;[36mc.g.d.z.s.o.a.h.c.h.i.c.ProtocolExec&amp#27;[0;39m - &amp#27;[32mex-0000004F: target auth state: UNCHALLENGED
&amp#27;[0;39m2023-05-08 13:19:01,116 [main] &amp#27;[39mDEBUG&amp#27;[0;39m &amp#27;[36mc.g.d.z.s.o.a.h.c.h.i.c.ProtocolExec&amp#27;[0;39m - &amp#27;[32mex-0000004F: proxy auth state: UNCHALLENGED
&amp#27;[0;39m2023-05-08 13:19:01,116 [main] &amp#27;[39mDEBUG&amp#27;[0;39m &amp#27;[36mc.g.d.z.s.o.a.h.c.h.i.c.ConnectExec&amp#27;[0;39m - &amp#27;[32mex-0000004F: acquiring connection with route {}->unix://localhost:2375
&amp#27;[0;39m2023-05-08 13:19:01,116 [main] &amp#27;[39mDEBUG&amp#27;[0;39m &amp#27;[36mc.g.d.z.s.o.a.h.c.h.i.c.InternalHttpClient&amp#27;[0;39m - &amp#27;[32mex-0000004F: acquiring endpoint (3 MINUTES)
&amp#27;[0;39m2023-05-08 13:19:01,116 [main] &amp#27;[39mDEBUG&amp#27;[0;39m &amp#27;[36mc.g.d.z.s.o.a.h.c.h.i.i.PoolingHttpClientConnectionManager&amp#27;[0;39m - &amp#27;[32mex-0000004F: endpoint lease request (3 MINUTES) [route: {}->unix://localhost:2375][total available: 1; route allocated: 1 of 2147483647; total allocated: 1 of 2147483647]
&amp#27;[0;39m2023-05-08 13:19:01,117 [main] &amp#27;[39mDEBUG&amp#27;[0;39m &amp#27;[36mc.g.d.z.s.o.a.h.c.h.i.i.PoolingHttpClientConnectionManager&amp#27;[0;39m - &amp#27;[32mex-0000004F: endpoint leased [route: {}->unix://localhost:2375][total available: 0; route allocated: 1 of 2147483647; total allocated: 1 of 2147483647]
&amp#27;[0;39m2023-05-08 13:19:01,117 [main] &amp#27;[39mDEBUG&amp#27;[0;39m &amp#27;[36mc.g.d.z.s.o.a.h.c.h.i.i.PoolingHttpClientConnectionManager&amp#27;[0;39m - &amp#27;[32mex-0000004F: acquired ep-0000004E
&amp#27;[0;39m2023-05-08 13:19:01,117 [main] &amp#27;[39mDEBUG&amp#27;[0;39m &amp#27;[36mc.g.d.z.s.o.a.h.c.h.i.c.InternalHttpClient&amp#27;[0;39m - &amp#27;[32mex-0000004F: acquired endpoint ep-0000004E
&amp#27;[0;39m2023-05-08 13:19:01,117 [main] &amp#27;[39mDEBUG&amp#27;[0;39m &amp#27;[36mc.g.d.z.s.o.a.h.c.h.i.c.MainClientExec&amp#27;[0;39m - &amp#27;[32mex-0000004F: executing GET /v1.32/containers/cccfb0602d7e775562ae171a9fe0a7ec811b6906268008a84fea93151d2a7305/json HTTP/1.1
&amp#27;[0;39m2023-05-08 13:19:01,117 [main] &amp#27;[39mDEBUG&amp#27;[0;39m &amp#27;[36mc.g.d.z.s.o.a.h.c.h.i.c.InternalHttpClient&amp#27;[0;39m - &amp#27;[32mep-0000004E: start execution ex-0000004F
&amp#27;[0;39m2023-05-08 13:19:01,117 [main] &amp#27;[39mDEBUG&amp#27;[0;39m &amp#27;[36mc.g.d.z.s.o.a.h.c.h.i.i.PoolingHttpClientConnectionManager&amp#27;[0;39m - &amp#27;[32mep-0000004E: executing exchange ex-0000004F over http-outgoing-1
&amp#27;[0;39m2023-05-08 13:19:01,117 [main] &amp#27;[39mDEBUG&amp#27;[0;39m &amp#27;[36mc.g.d.z.s.o.a.h.client5.http.headers&amp#27;[0;39m - &amp#27;[32mhttp-outgoing-1 >> GET /v1.32/containers/cccfb0602d7e775562ae171a9fe0a7ec811b6906268008a84fea93151d2a7305/json HTTP/1.1
&amp#27;[0;39m2023-05-08 13:19:01,117 [main] &amp#27;[39mDEBUG&amp#27;[0;39m &amp#27;[36mc.g.d.z.s.o.a.h.client5.http.headers&amp#27;[0;39m - &amp#27;[32mhttp-outgoing-1 >> accept: application/json
&amp#27;[0;39m2023-05-08 13:19:01,117 [main] &amp#27;[39mDEBUG&amp#27;[0;39m &amp#27;[36mc.g.d.z.s.o.a.h.client5.http.headers&amp#27;[0;39m - &amp#27;[32mhttp-outgoing-1 >> x-tc-sid: f1b696c1-ec3f-4f95-afa8-081853be7ccb
&amp#27;[0;39m2023-05-08 13:19:01,117 [main] &amp#27;[39mDEBUG&amp#27;[0;39m &amp#27;[36mc.g.d.z.s.o.a.h.client5.http.headers&amp#27;[0;39m - &amp#27;[32mhttp-outgoing-1 >> Accept-Encoding: gzip, x-gzip, deflate
&amp#27;[0;39m2023-05-08 13:19:01,117 [main] &amp#27;[39mDEBUG&amp#27;[0;39m &amp#27;[36mc.g.d.z.s.o.a.h.client5.http.headers&amp#27;[0;39m - &amp#27;[32mhttp-outgoing-1 >> Host: localhost:2375
&amp#27;[0;39m2023-05-08 13:19:01,117 [main] &amp#27;[39mDEBUG&amp#27;[0;39m &amp#27;[36mc.g.d.z.s.o.a.h.client5.http.headers&amp#27;[0;39m - &amp#27;[32mhttp-outgoing-1 >> Connection: keep-alive
&amp#27;[0;39m2023-05-08 13:19:01,117 [main] &amp#27;[39mDEBUG&amp#27;[0;39m &amp#27;[36mc.g.d.z.s.o.a.h.client5.http.headers&amp#27;[0;39m - &amp#27;[32mhttp-outgoing-1 >> User-Agent: Apache-HttpClient/5.0.3 (Java/17.0.6)
&amp#27;[0;39m2023-05-08 13:19:01,117 [main] &amp#27;[39mDEBUG&amp#27;[0;39m &amp#27;[36mc.g.d.z.s.o.a.hc.client5.http.wire&amp#27;[0;39m - &amp#27;[32mhttp-outgoing-1 >> "GET /v1.32/containers/cccfb0602d7e775562ae171a9fe0a7ec811b6906268008a84fea93151d2a7305/json HTTP/1.1[\r][\n]"
&amp#27;[0;39m2023-05-08 13:19:01,117 [main] &amp#27;[39mDEBUG&amp#27;[0;39m &amp#27;[36mc.g.d.z.s.o.a.hc.client5.http.wire&amp#27;[0;39m - &amp#27;[32mhttp-outgoing-1 >> "accept: application/json[\r][\n]"
&amp#27;[0;39m2023-05-08 13:19:01,117 [main] &amp#27;[39mDEBUG&amp#27;[0;39m &amp#27;[36mc.g.d.z.s.o.a.hc.client5.http.wire&amp#27;[0;39m - &amp#27;[32mhttp-outgoing-1 >> "x-tc-sid: f1b696c1-ec3f-4f95-afa8-081853be7ccb[\r][\n]"
&amp#27;[0;39m2023-05-08 13:19:01,117 [main] &amp#27;[39mDEBUG&amp#27;[0;39m &amp#27;[36mc.g.d.z.s.o.a.hc.client5.http.wire&amp#27;[0;39m - &amp#27;[32mhttp-outgoing-1 >> "Accept-Encoding: gzip, x-gzip, deflate[\r][\n]"
&amp#27;[0;39m2023-05-08 13:19:01,117 [main] &amp#27;[39mDEBUG&amp#27;[0;39m &amp#27;[36mc.g.d.z.s.o.a.hc.client5.http.wire&amp#27;[0;39m - &amp#27;[32mhttp-outgoing-1 >> "Host: localhost:2375[\r][\n]"
&amp#27;[0;39m2023-05-08 13:19:01,117 [main] &amp#27;[39mDEBUG&amp#27;[0;39m &amp#27;[36mc.g.d.z.s.o.a.hc.client5.http.wire&amp#27;[0;39m - &amp#27;[32mhttp-outgoing-1 >> "Connection: keep-alive[\r][\n]"
&amp#27;[0;39m2023-05-08 13:19:01,117 [main] &amp#27;[39mDEBUG&amp#27;[0;39m &amp#27;[36mc.g.d.z.s.o.a.hc.client5.http.wire&amp#27;[0;39m - &amp#27;[32mhttp-outgoing-1 >> "User-Agent: Apache-HttpClient/5.0.3 (Java/17.0.6)[\r][\n]"
&amp#27;[0;39m2023-05-08 13:19:01,117 [main] &amp#27;[39mDEBUG&amp#27;[0;39m &amp#27;[36mc.g.d.z.s.o.a.hc.client5.http.wire&amp#27;[0;39m - &amp#27;[32mhttp-outgoing-1 >> "[\r][\n]"
&amp#27;[0;39m2023-05-08 13:19:01,117 [main] &amp#27;[39mDEBUG&amp#27;[0;39m &amp#27;[36mc.g.d.z.s.o.a.hc.client5.http.wire&amp#27;[0;39m - &amp#27;[32mhttp-outgoing-1 << "HTTP/1.1 200 OK[\r][\n]"
&amp#27;[0;39m2023-05-08 13:19:01,117 [main] &amp#27;[39mDEBUG&amp#27;[0;39m &amp#27;[36mc.g.d.z.s.o.a.hc.client5.http.wire&amp#27;[0;39m - &amp#27;[32mhttp-outgoing-1 << "Api-Version: 1.42[\r][\n]"
&amp#27;[0;39m2023-05-08 13:19:01,117 [main] &amp#27;[39mDEBUG&amp#27;[0;39m &amp#27;[36mc.g.d.z.s.o.a.hc.client5.http.wire&amp#27;[0;39m - &amp#27;[32mhttp-outgoing-1 << "Content-Type: application/json[\r][\n]"
&amp#27;[0;39m2023-05-08 13:19:01,117 [main] &amp#27;[39mDEBUG&amp#27;[0;39m &amp#27;[36mc.g.d.z.s.o.a.hc.client5.http.wire&amp#27;[0;39m - &amp#27;[32mhttp-outgoing-1 << "Docker-Experimental: false[\r][\n]"
&amp#27;[0;39m2023-05-08 13:19:01,117 [main] &amp#27;[39mDEBUG&amp#27;[0;39m &amp#27;[36mc.g.d.z.s.o.a.hc.client5.http.wire&amp#27;[0;39m - &amp#27;[32mhttp-outgoing-1 << "Ostype: linux[\r][\n]"
&amp#27;[0;39m2023-05-08 13:19:01,117 [main] &amp#27;[39mDEBUG&amp#27;[0;39m &amp#27;[36mc.g.d.z.s.o.a.hc.client5.http.wire&amp#27;[0;39m - &amp#27;[32mhttp-outgoing-1 << "Server: Docker/23.0.5 (linux)[\r][\n]"
&amp#27;[0;39m2023-05-08 13:19:01,117 [main] &amp#27;[39mDEBUG&amp#27;[0;39m &amp#27;[36mc.g.d.z.s.o.a.hc.client5.http.wire&amp#27;[0;39m - &amp#27;[32mhttp-outgoing-1 << "Date: Mon, 08 May 2023 11:19:01 GMT[\r][\n]"
&amp#27;[0;39m2023-05-08 13:19:01,117 [main] &amp#27;[39mDEBUG&amp#27;[0;39m &amp#27;[36mc.g.d.z.s.o.a.hc.client5.http.wire&amp#27;[0;39m - &amp#27;[32mhttp-outgoing-1 << "Transfer-Encoding: chunked[\r][\n]"
&amp#27;[0;39m2023-05-08 13:19:01,117 [main] &amp#27;[39mDEBUG&amp#27;[0;39m &amp#27;[36mc.g.d.z.s.o.a.hc.client5.http.wire&amp#27;[0;39m - &amp#27;[32mhttp-outgoing-1 << "[\r][\n]"
&amp#27;[0;39m2023-05-08 13:19:01,117 [main] &amp#27;[39mDEBUG&amp#27;[0;39m &amp#27;[36mc.g.d.z.s.o.a.hc.client5.http.wire&amp#27;[0;39m - &amp#27;[32mhttp-outgoing-1 << "1890[\r][\n]"
&amp#27;[0;39m2023-05-08 13:19:01,121 [main] &amp#27;[39mDEBUG&amp#27;[0;39m &amp#27;[36mc.g.d.z.s.o.a.hc.client5.http.wire&amp#27;[0;39m - &amp#27;[32mhttp-outgoing-1 << "{"Id":"cccfb0602d7e775562ae171a9fe0a7ec811b6906268008a84fea93151d2a7305","Created":"2023-05-08T11:18:54.120535425Z","Path":"docker-entrypoint.sh","Args":["mysqld"],"State":{"Status":"running","Running":true,"Paused":false,"Restarting":false,"OOMKilled":false,"Dead":false,"Pid":59126,"ExitCode":0,"Error":"","StartedAt":"2023-05-08T11:18:54.468577716Z","FinishedAt":"0001-01-01T00:00:00Z"},"Image":"sha256:228d71078f8ce5ae9fd96b183f88c3a90e30544b4b7ce9d64a238d05fef2a681","ResolvConfPath":"/var/lib/docker/containers/cccfb0602d7e775562ae171a9fe0a7ec811b6906268008a84fea93151d2a7305/resolv.conf","HostnamePath":"/var/lib/docker/containers/cccfb0602d7e775562ae171a9fe0a7ec811b6906268008a84fea93151d2a7305/hostname","HostsPath":"/var/lib/docker/containers/cccfb0602d7e775562ae171a9fe0a7ec811b6906268008a84fea93151d2a7305/hosts","LogPath":"/var/lib/docker/containers/cccfb0602d7e775562ae171a9fe0a7ec811b6906268008a84fea93151d2a7305/cccfb0602d7e775562ae171a9fe0a7ec811b6906268008a84fea93151d2a7305-json.log","Name":"/charming_goodall","RestartCount":0,"Driver":"overlay2","Platform":"linux","MountLabel":"","ProcessLabel":"","AppArmorProfile":"docker-default","ExecIDs":null,"HostConfig":{"Binds":[],"ContainerIDFile":"","LogConfig":{"Type":"json-file","Config":{}},"NetworkMode":"default","PortBindings":{"3306/tcp":[{"HostIp":"","HostPort":""}]},"RestartPolicy":{"Name":"","MaximumRetryCount":0},"AutoRemove":false,"VolumeDriver":"","VolumesFrom":[],"ConsoleSize":[0,0],"CapAdd":null,"CapDrop":null,"CgroupnsMode":"private","Dns":null,"DnsOptions":null,"DnsSearch":null,"ExtraHosts":[],"GroupAdd":null,"IpcMode":"shareable","Cgroup":"","Links":null,"OomScoreAdj":0,"PidMode":"","Privileged":false,"PublishAllPorts":false,"ReadonlyRootfs":false,"SecurityOpt":null,"UTSMode":"","UsernsMode":"","ShmSize":67108864,"Runtime":"runc","Isolation":"","CpuShares":0,"Memory":0,"NanoCpus":0,"CgroupParent":"","BlkioWeight":0,"BlkioWeightDevice":null,"BlkioDeviceReadBps":null,"BlkioDeviceWriteBps":null,"BlkioDeviceReadIOps":null,"BlkioDeviceWriteIOps":null,"CpuPeriod":0,"CpuQuota":0,"CpuRealtimePeriod":0,"CpuRealtimeRuntime":0,"CpusetCpus":"","CpusetMems":"","Devices":null,"DeviceCgroupRules":null,"DeviceRequests":null,"MemoryReservation":0,"MemorySwap":0,"MemorySwappiness":null,"OomKillDisable":null,"PidsLimit":null,"Ulimits":null,"CpuCount":0,"CpuPercent":0,"IOMaximumIOps":0,"IOMaximumBandwidth":0,"MaskedPaths":["/proc/asound","/proc/acpi","/proc/kcore","/proc/keys","/proc/latency_stats","/proc/timer_list","/proc/timer_stats","/proc/sched_debug","/proc/scsi","/sys/firmware"],"ReadonlyPaths":["/proc/bus","/proc/fs","/proc/irq","/proc/sys","/proc/sysrq-trigger"]},"GraphDriver":{"Data":{"LowerDir":"/var/lib/docker/overlay2/0075f27ac39799b376a3e23bf05a650eb10c8a0f9ef49be1ab61e98fd3b93dc3-init/diff:/var/lib/docker/overlay2/4c6e20f032f02b27a9272f982861dc21998197aa90d94ed3bef95d449380247c/diff:/var/lib/docker/overlay2/0c75f828f603eff839bb3ca448163ab2a8017e86625ac255cd3dbf1673ddac26/diff:/var/lib/docker/overlay2/da128d897fda75829109844ce6cd9d73d0f54c682e735100af000ce899908729/diff:/var/lib/docker/overlay2/b678a1f261bf323afba6d76d91ab7428bdd6e1ef4a39b5224e4a1afd08c0423a/diff:/var/lib/docker/overlay2/1bec43b14875c5f9f814f146e8e31aa78566689c2c163da2ac60a32254988437/diff:/var/lib/docker/overlay2/28f4b1e6e1a7a2dbe30f1f94fb42bccd85a61faf8af1fe30a5bb0d442c525e41/diff:/var/lib/docker/overlay2/0f493124464c291d7c97d2633d5dff04b1dce5de904cb40a34dfbe7fe72e3fd4/diff:/var/lib/docker/overlay2/05befbee9e38cd670e1786b3310e99796dcc06abbed970007b4109a5424843fa/diff:/var/lib/docker/overlay2/582bcca9acfc4eef25109e1e1b9c9d104f355798455bc73e855c99283887a6e8/diff:/var/lib/docker/overlay2/153b3bf0b69e97e8f0e5533414a31ca33fa530e63d174c9617621abe46e7e9d1/diff:/var/lib/docker/overlay2/bf87a76c0a38875ee6e915fd0d2527eafa880ec6bf2c1cb294959428c18d10bd/diff","MergedDir":"/var/lib/docker/overlay2/0075f27ac39799b376a3e23bf05a650eb10c8a0f9ef49be1ab61e98fd3b93dc3/merged","UpperDir":"/var/lib/docker/overlay2/0075f27ac39799b376a3e23bf05a650eb10c8a0f9ef49be1ab61e98fd3b93dc3/diff","WorkDir":"/var/lib/docker/overlay2/0075f27ac39799b376a3e23bf05a650eb10c8a0f9ef49be1ab61e98fd3b93dc3/work"},"Name":"overlay2"},"Mounts":[{"Type":"volume","Name":"ffd30c8cc7ed7bf91bc1ebef46b0f06493ce1d3121e28c37d40240bd74b844a5","Source":"/var/lib/docker/volumes/ffd30c8cc7ed7bf91bc1ebef46b0f06493ce1d3121e28c37d40240bd74b844a5/_data","Destination":"/var/lib/mysql","Driver":"local","Mode":"","RW":true,"Propagation":""}],"Config":{"Hostname":"cccfb0602d7e","Domainname":"","User":"","AttachStdin":false,"AttachStdout":false,"AttachStderr":false,"ExposedPorts":{"3306/tcp":{}},"Tty":false,"OpenStdin":false,"StdinOnce":false,"Env":["MYSQL_DATABASE=test","MYSQL_PASSWORD=test","MYSQL_USER=test","MYSQL_ROOT_PASSWORD=test","PATH=/usr/local/sbin:/usr/local/bin:/usr/sbin:/usr/bin:/sbin:/bin","GOSU_VERSION=1.7","MYSQL_MAJOR=8.0","MYSQL_VERSION=8.0.0-dmr-1debian8"],"Cmd":["mysqld"],"Image":"mysql:8.0.0","Volumes":{"/var/lib/mysql":{}},"WorkingDir":"","Entrypoint":["docker-entrypoint.sh"],"OnBuild":null,"Labels":{"org.testcontainers":"true","org.testcontainers.lang":"java","org.testcontainers.sessionId":"f1b696c1-ec3f-4f95-afa8-081853be7ccb","org.testcontainers.version":"1.18.0"}},"NetworkSettings":{"Bridge":"","SandboxID":"75a4ef0436803615aa77c8b97de3cbbdd49519261fe2b3b6cdcae9bd2b1154aa","HairpinMode":false,"LinkLocalIPv6Address":"","LinkLocalIPv6PrefixLen":0,"Ports":{"3306/tcp":[{"HostIp":"0.0.0.0","HostPort":"32781"},{"HostIp":"::","HostPort":"32781"}]},"SandboxKey":"/var/run/docker/netns/75a4ef043680","SecondaryIPAddresses":null,"SecondaryIPv6Addresses":null,"EndpointID":"de3a5c9cc9471fdbec5943d78a8803fca61208fe4021ac9d3922ee2e8ec0d135","Gateway":"172.17.0.1","GlobalIPv6Address":"","GlobalIPv6PrefixLen":0,"IPAddress":"172.17.0.3","IPPrefixLen":16,"IPv6Gateway":"","MacAddress":"02:42:ac:11:00:03","Networks":{"bridge":{"IPAMConfig":null,"Links":null,"Aliases":null,"NetworkID":"e1a078e12eb8d77b497ed932f7fb43787eeb6ff6972febd7d03c9282b8b5cd45","EndpointID":"de3a5c9cc9471fdbec5943d78a8803fca61208fe4021ac9d3922ee2e8ec0d135","Gateway":"172.17.0.1","IPAddress":"172.17.0.3","IPPrefixLen":16,"IPv6Gateway":"","GlobalIPv6Address":"","GlobalIPv6PrefixLen":0,"MacAddress":"02:42:ac:11:00:03","DriverOpts":null}}}}[\n]"
&amp#27;[0;39m2023-05-08 13:19:01,121 [main] &amp#27;[39mDEBUG&amp#27;[0;39m &amp#27;[36mc.g.d.z.s.o.a.hc.client5.http.wire&amp#27;[0;39m - &amp#27;[32mhttp-outgoing-1 << "[\r][\n]"
&amp#27;[0;39m2023-05-08 13:19:01,121 [main] &amp#27;[39mDEBUG&amp#27;[0;39m &amp#27;[36mc.g.d.z.s.o.a.hc.client5.http.wire&amp#27;[0;39m - &amp#27;[32mhttp-outgoing-1 << "0[\r][\n]"
&amp#27;[0;39m2023-05-08 13:19:01,121 [main] &amp#27;[39mDEBUG&amp#27;[0;39m &amp#27;[36mc.g.d.z.s.o.a.hc.client5.http.wire&amp#27;[0;39m - &amp#27;[32mhttp-outgoing-1 << "[\r][\n]"
&amp#27;[0;39m2023-05-08 13:19:01,121 [main] &amp#27;[39mDEBUG&amp#27;[0;39m &amp#27;[36mc.g.d.z.s.o.a.h.client5.http.headers&amp#27;[0;39m - &amp#27;[32mhttp-outgoing-1 << HTTP/1.1 200 OK
&amp#27;[0;39m2023-05-08 13:19:01,121 [main] &amp#27;[39mDEBUG&amp#27;[0;39m &amp#27;[36mc.g.d.z.s.o.a.h.client5.http.headers&amp#27;[0;39m - &amp#27;[32mhttp-outgoing-1 << Api-Version: 1.42
&amp#27;[0;39m2023-05-08 13:19:01,121 [main] &amp#27;[39mDEBUG&amp#27;[0;39m &amp#27;[36mc.g.d.z.s.o.a.h.client5.http.headers&amp#27;[0;39m - &amp#27;[32mhttp-outgoing-1 << Content-Type: application/json
&amp#27;[0;39m2023-05-08 13:19:01,121 [main] &amp#27;[39mDEBUG&amp#27;[0;39m &amp#27;[36mc.g.d.z.s.o.a.h.client5.http.headers&amp#27;[0;39m - &amp#27;[32mhttp-outgoing-1 << Docker-Experimental: false
&amp#27;[0;39m2023-05-08 13:19:01,121 [main] &amp#27;[39mDEBUG&amp#27;[0;39m &amp#27;[36mc.g.d.z.s.o.a.h.client5.http.headers&amp#27;[0;39m - &amp#27;[32mhttp-outgoing-1 << Ostype: linux
&amp#27;[0;39m2023-05-08 13:19:01,121 [main] &amp#27;[39mDEBUG&amp#27;[0;39m &amp#27;[36mc.g.d.z.s.o.a.h.client5.http.headers&amp#27;[0;39m - &amp#27;[32mhttp-outgoing-1 << Server: Docker/23.0.5 (linux)
&amp#27;[0;39m2023-05-08 13:19:01,121 [main] &amp#27;[39mDEBUG&amp#27;[0;39m &amp#27;[36mc.g.d.z.s.o.a.h.client5.http.headers&amp#27;[0;39m - &amp#27;[32mhttp-outgoing-1 << Date: Mon, 08 May 2023 11:19:01 GMT
&amp#27;[0;39m2023-05-08 13:19:01,121 [main] &amp#27;[39mDEBUG&amp#27;[0;39m &amp#27;[36mc.g.d.z.s.o.a.h.client5.http.headers&amp#27;[0;39m - &amp#27;[32mhttp-outgoing-1 << Transfer-Encoding: chunked
&amp#27;[0;39m2023-05-08 13:19:01,121 [main] &amp#27;[39mDEBUG&amp#27;[0;39m &amp#27;[36mc.g.d.z.s.o.a.h.c.h.i.c.MainClientExec&amp#27;[0;39m - &amp#27;[32mex-0000004F: connection can be kept alive for 3 MINUTES
&amp#27;[0;39m2023-05-08 13:19:01,122 [main] &amp#27;[39mDEBUG&amp#27;[0;39m &amp#27;[36mc.g.d.z.s.o.a.h.c.h.i.c.InternalHttpClient&amp#27;[0;39m - &amp#27;[32mep-0000004E: releasing valid endpoint
&amp#27;[0;39m2023-05-08 13:19:01,122 [main] &amp#27;[39mDEBUG&amp#27;[0;39m &amp#27;[36mc.g.d.z.s.o.a.h.c.h.i.i.PoolingHttpClientConnectionManager&amp#27;[0;39m - &amp#27;[32mep-0000004E: releasing endpoint
&amp#27;[0;39m2023-05-08 13:19:01,122 [main] &amp#27;[39mDEBUG&amp#27;[0;39m &amp#27;[36mc.g.d.z.s.o.a.h.c.h.i.i.PoolingHttpClientConnectionManager&amp#27;[0;39m - &amp#27;[32mep-0000004E: connection http-outgoing-1 can be kept alive for 3 MINUTES
&amp#27;[0;39m2023-05-08 13:19:01,122 [main] &amp#27;[39mDEBUG&amp#27;[0;39m &amp#27;[36mc.g.d.z.s.o.a.h.c.h.i.i.PoolingHttpClientConnectionManager&amp#27;[0;39m - &amp#27;[32mep-0000004E: connection released [route: {}->unix://localhost:2375][total available: 1; route allocated: 1 of 2147483647; total allocated: 1 of 2147483647]
&amp#27;[0;39m2023-05-08 13:19:01,122 [main] &amp#27;[39mDEBUG&amp#27;[0;39m &amp#27;[36mtc.mysql:8.0.0&amp#27;[0;39m - &amp#27;[32mTrying to create JDBC connection using com.mysql.cj.jdbc.Driver to jdbc:mysql://localhost:32781/test?useSSL=false&allowPublicKeyRetrieval=true with properties: {password=test, user=test}
&amp#27;[0;39m2023-05-08 13:19:01,223 [main] &amp#27;[39mDEBUG&amp#27;[0;39m &amp#27;[36mo.t.s.c.g.d.c.command.AbstrDockerCmd&amp#27;[0;39m - &amp#27;[32mCmd: cccfb0602d7e775562ae171a9fe0a7ec811b6906268008a84fea93151d2a7305,false
&amp#27;[0;39m2023-05-08 13:19:01,224 [main] &amp#27;[39mDEBUG&amp#27;[0;39m &amp#27;[36mo.t.s.c.g.d.c.e.InspectContainerCmdExec&amp#27;[0;39m - &amp#27;[32mGET: DefaultWebTarget{path=[/containers/cccfb0602d7e775562ae171a9fe0a7ec811b6906268008a84fea93151d2a7305/json], queryParams={}}
&amp#27;[0;39m2023-05-08 13:19:01,224 [main] &amp#27;[39mDEBUG&amp#27;[0;39m &amp#27;[36mc.g.d.z.s.o.a.h.c.h.i.c.InternalHttpClient&amp#27;[0;39m - &amp#27;[32mex-00000050: preparing request execution
&amp#27;[0;39m2023-05-08 13:19:01,224 [main] &amp#27;[39mDEBUG&amp#27;[0;39m &amp#27;[36mc.g.d.z.s.o.a.h.c.h.p.RequestAddCookies&amp#27;[0;39m - &amp#27;[32mCookie spec selected: strict
&amp#27;[0;39m2023-05-08 13:19:01,224 [main] &amp#27;[39mDEBUG&amp#27;[0;39m &amp#27;[36mc.g.d.z.s.o.a.h.c.h.p.RequestAuthCache&amp#27;[0;39m - &amp#27;[32mAuth cache not set in the context
&amp#27;[0;39m2023-05-08 13:19:01,224 [main] &amp#27;[39mDEBUG&amp#27;[0;39m &amp#27;[36mc.g.d.z.s.o.a.h.c.h.i.c.ProtocolExec&amp#27;[0;39m - &amp#27;[32mex-00000050: target auth state: UNCHALLENGED
&amp#27;[0;39m2023-05-08 13:19:01,224 [main] &amp#27;[39mDEBUG&amp#27;[0;39m &amp#27;[36mc.g.d.z.s.o.a.h.c.h.i.c.ProtocolExec&amp#27;[0;39m - &amp#27;[32mex-00000050: proxy auth state: UNCHALLENGED
&amp#27;[0;39m2023-05-08 13:19:01,224 [main] &amp#27;[39mDEBUG&amp#27;[0;39m &amp#27;[36mc.g.d.z.s.o.a.h.c.h.i.c.ConnectExec&amp#27;[0;39m - &amp#27;[32mex-00000050: acquiring connection with route {}->unix://localhost:2375
&amp#27;[0;39m2023-05-08 13:19:01,224 [main] &amp#27;[39mDEBUG&amp#27;[0;39m &amp#27;[36mc.g.d.z.s.o.a.h.c.h.i.c.InternalHttpClient&amp#27;[0;39m - &amp#27;[32mex-00000050: acquiring endpoint (3 MINUTES)
&amp#27;[0;39m2023-05-08 13:19:01,224 [main] &amp#27;[39mDEBUG&amp#27;[0;39m &amp#27;[36mc.g.d.z.s.o.a.h.c.h.i.i.PoolingHttpClientConnectionManager&amp#27;[0;39m - &amp#27;[32mex-00000050: endpoint lease request (3 MINUTES) [route: {}->unix://localhost:2375][total available: 1; route allocated: 1 of 2147483647; total allocated: 1 of 2147483647]
&amp#27;[0;39m2023-05-08 13:19:01,224 [main] &amp#27;[39mDEBUG&amp#27;[0;39m &amp#27;[36mc.g.d.z.s.o.a.h.c.h.i.i.PoolingHttpClientConnectionManager&amp#27;[0;39m - &amp#27;[32mex-00000050: endpoint leased [route: {}->unix://localhost:2375][total available: 0; route allocated: 1 of 2147483647; total allocated: 1 of 2147483647]
&amp#27;[0;39m2023-05-08 13:19:01,224 [main] &amp#27;[39mDEBUG&amp#27;[0;39m &amp#27;[36mc.g.d.z.s.o.a.h.c.h.i.i.PoolingHttpClientConnectionManager&amp#27;[0;39m - &amp#27;[32mex-00000050: acquired ep-0000004F
&amp#27;[0;39m2023-05-08 13:19:01,224 [main] &amp#27;[39mDEBUG&amp#27;[0;39m &amp#27;[36mc.g.d.z.s.o.a.h.c.h.i.c.InternalHttpClient&amp#27;[0;39m - &amp#27;[32mex-00000050: acquired endpoint ep-0000004F
&amp#27;[0;39m2023-05-08 13:19:01,224 [main] &amp#27;[39mDEBUG&amp#27;[0;39m &amp#27;[36mc.g.d.z.s.o.a.h.c.h.i.c.MainClientExec&amp#27;[0;39m - &amp#27;[32mex-00000050: executing GET /v1.32/containers/cccfb0602d7e775562ae171a9fe0a7ec811b6906268008a84fea93151d2a7305/json HTTP/1.1
&amp#27;[0;39m2023-05-08 13:19:01,224 [main] &amp#27;[39mDEBUG&amp#27;[0;39m &amp#27;[36mc.g.d.z.s.o.a.h.c.h.i.c.InternalHttpClient&amp#27;[0;39m - &amp#27;[32mep-0000004F: start execution ex-00000050
&amp#27;[0;39m2023-05-08 13:19:01,224 [main] &amp#27;[39mDEBUG&amp#27;[0;39m &amp#27;[36mc.g.d.z.s.o.a.h.c.h.i.i.PoolingHttpClientConnectionManager&amp#27;[0;39m - &amp#27;[32mep-0000004F: executing exchange ex-00000050 over http-outgoing-1
&amp#27;[0;39m2023-05-08 13:19:01,224 [main] &amp#27;[39mDEBUG&amp#27;[0;39m &amp#27;[36mc.g.d.z.s.o.a.h.client5.http.headers&amp#27;[0;39m - &amp#27;[32mhttp-outgoing-1 >> GET /v1.32/containers/cccfb0602d7e775562ae171a9fe0a7ec811b6906268008a84fea93151d2a7305/json HTTP/1.1
&amp#27;[0;39m2023-05-08 13:19:01,224 [main] &amp#27;[39mDEBUG&amp#27;[0;39m &amp#27;[36mc.g.d.z.s.o.a.h.client5.http.headers&amp#27;[0;39m - &amp#27;[32mhttp-outgoing-1 >> accept: application/json
&amp#27;[0;39m2023-05-08 13:19:01,224 [main] &amp#27;[39mDEBUG&amp#27;[0;39m &amp#27;[36mc.g.d.z.s.o.a.h.client5.http.headers&amp#27;[0;39m - &amp#27;[32mhttp-outgoing-1 >> x-tc-sid: f1b696c1-ec3f-4f95-afa8-081853be7ccb
&amp#27;[0;39m2023-05-08 13:19:01,224 [main] &amp#27;[39mDEBUG&amp#27;[0;39m &amp#27;[36mc.g.d.z.s.o.a.h.client5.http.headers&amp#27;[0;39m - &amp#27;[32mhttp-outgoing-1 >> Accept-Encoding: gzip, x-gzip, deflate
&amp#27;[0;39m2023-05-08 13:19:01,224 [main] &amp#27;[39mDEBUG&amp#27;[0;39m &amp#27;[36mc.g.d.z.s.o.a.h.client5.http.headers&amp#27;[0;39m - &amp#27;[32mhttp-outgoing-1 >> Host: localhost:2375
&amp#27;[0;39m2023-05-08 13:19:01,224 [main] &amp#27;[39mDEBUG&amp#27;[0;39m &amp#27;[36mc.g.d.z.s.o.a.h.client5.http.headers&amp#27;[0;39m - &amp#27;[32mhttp-outgoing-1 >> Connection: keep-alive
&amp#27;[0;39m2023-05-08 13:19:01,224 [main] &amp#27;[39mDEBUG&amp#27;[0;39m &amp#27;[36mc.g.d.z.s.o.a.h.client5.http.headers&amp#27;[0;39m - &amp#27;[32mhttp-outgoing-1 >> User-Agent: Apache-HttpClient/5.0.3 (Java/17.0.6)
&amp#27;[0;39m2023-05-08 13:19:01,224 [main] &amp#27;[39mDEBUG&amp#27;[0;39m &amp#27;[36mc.g.d.z.s.o.a.hc.client5.http.wire&amp#27;[0;39m - &amp#27;[32mhttp-outgoing-1 >> "GET /v1.32/containers/cccfb0602d7e775562ae171a9fe0a7ec811b6906268008a84fea93151d2a7305/json HTTP/1.1[\r][\n]"
&amp#27;[0;39m2023-05-08 13:19:01,224 [main] &amp#27;[39mDEBUG&amp#27;[0;39m &amp#27;[36mc.g.d.z.s.o.a.hc.client5.http.wire&amp#27;[0;39m - &amp#27;[32mhttp-outgoing-1 >> "accept: application/json[\r][\n]"
&amp#27;[0;39m2023-05-08 13:19:01,224 [main] &amp#27;[39mDEBUG&amp#27;[0;39m &amp#27;[36mc.g.d.z.s.o.a.hc.client5.http.wire&amp#27;[0;39m - &amp#27;[32mhttp-outgoing-1 >> "x-tc-sid: f1b696c1-ec3f-4f95-afa8-081853be7ccb[\r][\n]"
&amp#27;[0;39m2023-05-08 13:19:01,224 [main] &amp#27;[39mDEBUG&amp#27;[0;39m &amp#27;[36mc.g.d.z.s.o.a.hc.client5.http.wire&amp#27;[0;39m - &amp#27;[32mhttp-outgoing-1 >> "Accept-Encoding: gzip, x-gzip, deflate[\r][\n]"
&amp#27;[0;39m2023-05-08 13:19:01,224 [main] &amp#27;[39mDEBUG&amp#27;[0;39m &amp#27;[36mc.g.d.z.s.o.a.hc.client5.http.wire&amp#27;[0;39m - &amp#27;[32mhttp-outgoing-1 >> "Host: localhost:2375[\r][\n]"
&amp#27;[0;39m2023-05-08 13:19:01,224 [main] &amp#27;[39mDEBUG&amp#27;[0;39m &amp#27;[36mc.g.d.z.s.o.a.hc.client5.http.wire&amp#27;[0;39m - &amp#27;[32mhttp-outgoing-1 >> "Connection: keep-alive[\r][\n]"
&amp#27;[0;39m2023-05-08 13:19:01,224 [main] &amp#27;[39mDEBUG&amp#27;[0;39m &amp#27;[36mc.g.d.z.s.o.a.hc.client5.http.wire&amp#27;[0;39m - &amp#27;[32mhttp-outgoing-1 >> "User-Agent: Apache-HttpClient/5.0.3 (Java/17.0.6)[\r][\n]"
&amp#27;[0;39m2023-05-08 13:19:01,224 [main] &amp#27;[39mDEBUG&amp#27;[0;39m &amp#27;[36mc.g.d.z.s.o.a.hc.client5.http.wire&amp#27;[0;39m - &amp#27;[32mhttp-outgoing-1 >> "[\r][\n]"
&amp#27;[0;39m2023-05-08 13:19:01,225 [main] &amp#27;[39mDEBUG&amp#27;[0;39m &amp#27;[36mc.g.d.z.s.o.a.hc.client5.http.wire&amp#27;[0;39m - &amp#27;[32mhttp-outgoing-1 << "HTTP/1.1 200 OK[\r][\n]"
&amp#27;[0;39m2023-05-08 13:19:01,225 [main] &amp#27;[39mDEBUG&amp#27;[0;39m &amp#27;[36mc.g.d.z.s.o.a.hc.client5.http.wire&amp#27;[0;39m - &amp#27;[32mhttp-outgoing-1 << "Api-Version: 1.42[\r][\n]"
&amp#27;[0;39m2023-05-08 13:19:01,225 [main] &amp#27;[39mDEBUG&amp#27;[0;39m &amp#27;[36mc.g.d.z.s.o.a.hc.client5.http.wire&amp#27;[0;39m - &amp#27;[32mhttp-outgoing-1 << "Content-Type: application/json[\r][\n]"
&amp#27;[0;39m2023-05-08 13:19:01,225 [main] &amp#27;[39mDEBUG&amp#27;[0;39m &amp#27;[36mc.g.d.z.s.o.a.hc.client5.http.wire&amp#27;[0;39m - &amp#27;[32mhttp-outgoing-1 << "Docker-Experimental: false[\r][\n]"
&amp#27;[0;39m2023-05-08 13:19:01,225 [main] &amp#27;[39mDEBUG&amp#27;[0;39m &amp#27;[36mc.g.d.z.s.o.a.hc.client5.http.wire&amp#27;[0;39m - &amp#27;[32mhttp-outgoing-1 << "Ostype: linux[\r][\n]"
&amp#27;[0;39m2023-05-08 13:19:01,225 [main] &amp#27;[39mDEBUG&amp#27;[0;39m &amp#27;[36mc.g.d.z.s.o.a.hc.client5.http.wire&amp#27;[0;39m - &amp#27;[32mhttp-outgoing-1 << "Server: Docker/23.0.5 (linux)[\r][\n]"
&amp#27;[0;39m2023-05-08 13:19:01,225 [main] &amp#27;[39mDEBUG&amp#27;[0;39m &amp#27;[36mc.g.d.z.s.o.a.hc.client5.http.wire&amp#27;[0;39m - &amp#27;[32mhttp-outgoing-1 << "Date: Mon, 08 May 2023 11:19:01 GMT[\r][\n]"
&amp#27;[0;39m2023-05-08 13:19:01,225 [main] &amp#27;[39mDEBUG&amp#27;[0;39m &amp#27;[36mc.g.d.z.s.o.a.hc.client5.http.wire&amp#27;[0;39m - &amp#27;[32mhttp-outgoing-1 << "Transfer-Encoding: chunked[\r][\n]"
&amp#27;[0;39m2023-05-08 13:19:01,225 [main] &amp#27;[39mDEBUG&amp#27;[0;39m &amp#27;[36mc.g.d.z.s.o.a.hc.client5.http.wire&amp#27;[0;39m - &amp#27;[32mhttp-outgoing-1 << "[\r][\n]"
&amp#27;[0;39m2023-05-08 13:19:01,225 [main] &amp#27;[39mDEBUG&amp#27;[0;39m &amp#27;[36mc.g.d.z.s.o.a.hc.client5.http.wire&amp#27;[0;39m - &amp#27;[32mhttp-outgoing-1 << "1890[\r][\n]"
&amp#27;[0;39m2023-05-08 13:19:01,225 [main] &amp#27;[39mDEBUG&amp#27;[0;39m &amp#27;[36mc.g.d.z.s.o.a.hc.client5.http.wire&amp#27;[0;39m - &amp#27;[32mhttp-outgoing-1 << "{"Id":"cccfb0602d7e775562ae171a9fe0a7ec811b6906268008a84fea93151d2a7305","Created":"2023-05-08T11:18:54.120535425Z","Path":"docker-entrypoint.sh","Args":["mysqld"],"State":{"Status":"running","Running":true,"Paused":false,"Restarting":false,"OOMKilled":false,"Dead":false,"Pid":59126,"ExitCode":0,"Error":"","StartedAt":"2023-05-08T11:18:54.468577716Z","FinishedAt":"0001-01-01T00:00:00Z"},"Image":"sha256:228d71078f8ce5ae9fd96b183f88c3a90e30544b4b7ce9d64a238d05fef2a681","ResolvConfPath":"/var/lib/docker/containers/cccfb0602d7e775562ae171a9fe0a7ec811b6906268008a84fea93151d2a7305/resolv.conf","HostnamePath":"/var/lib/docker/containers/cccfb0602d7e775562ae171a9fe0a7ec811b6906268008a84fea93151d2a7305/hostname","HostsPath":"/var/lib/docker/containers/cccfb0602d7e775562ae171a9fe0a7ec811b6906268008a84fea93151d2a7305/hosts","LogPath":"/var/lib/docker/containers/cccfb0602d7e775562ae171a9fe0a7ec811b6906268008a84fea93151d2a7305/cccfb0602d7e775562ae171a9fe0a7ec811b6906268008a84fea93151d2a7305-json.log","Name":"/charming_goodall","RestartCount":0,"Driver":"overlay2","Platform":"linux","MountLabel":"","ProcessLabel":"","AppArmorProfile":"docker-default","ExecIDs":null,"HostConfig":{"Binds":[],"ContainerIDFile":"","LogConfig":{"Type":"json-file","Config":{}},"NetworkMode":"default","PortBindings":{"3306/tcp":[{"HostIp":"","HostPort":""}]},"RestartPolicy":{"Name":"","MaximumRetryCount":0},"AutoRemove":false,"VolumeDriver":"","VolumesFrom":[],"ConsoleSize":[0,0],"CapAdd":null,"CapDrop":null,"CgroupnsMode":"private","Dns":null,"DnsOptions":null,"DnsSearch":null,"ExtraHosts":[],"GroupAdd":null,"IpcMode":"shareable","Cgroup":"","Links":null,"OomScoreAdj":0,"PidMode":"","Privileged":false,"PublishAllPorts":false,"ReadonlyRootfs":false,"SecurityOpt":null,"UTSMode":"","UsernsMode":"","ShmSize":67108864,"Runtime":"runc","Isolation":"","CpuShares":0,"Memory":0,"NanoCpus":0,"CgroupParent":"","BlkioWeight":0,"BlkioWeightDevice":null,"BlkioDeviceReadBps":null,"BlkioDeviceWriteBps":null,"BlkioDeviceReadIOps":null,"BlkioDeviceWriteIOps":null,"CpuPeriod":0,"CpuQuota":0,"CpuRealtimePeriod":0,"CpuRealtimeRuntime":0,"CpusetCpus":"","CpusetMems":"","Devices":null,"DeviceCgroupRules":null,"DeviceRequests":null,"MemoryReservation":0,"MemorySwap":0,"MemorySwappiness":null,"OomKillDisable":null,"PidsLimit":null,"Ulimits":null,"CpuCount":0,"CpuPercent":0,"IOMaximumIOps":0,"IOMaximumBandwidth":0,"MaskedPaths":["/proc/asound","/proc/acpi","/proc/kcore","/proc/keys","/proc/latency_stats","/proc/timer_list","/proc/timer_stats","/proc/sched_debug","/proc/scsi","/sys/firmware"],"ReadonlyPaths":["/proc/bus","/proc/fs","/proc/irq","/proc/sys","/proc/sysrq-trigger"]},"GraphDriver":{"Data":{"LowerDir":"/var/lib/docker/overlay2/0075f27ac39799b376a3e23bf05a650eb10c8a0f9ef49be1ab61e98fd3b93dc3-init/diff:/var/lib/docker/overlay2/4c6e20f032f02b27a9272f982861dc21998197aa90d94ed3bef95d449380247c/diff:/var/lib/docker/overlay2/0c75f828f603eff839bb3ca448163ab2a8017e86625ac255cd3dbf1673ddac26/diff:/var/lib/docker/overlay2/da128d897fda75829109844ce6cd9d73d0f54c682e735100af000ce899908729/diff:/var/lib/docker/overlay2/b678a1f261bf323afba6d76d91ab7428bdd6e1ef4a39b5224e4a1afd08c0423a/diff:/var/lib/docker/overlay2/1bec43b14875c5f9f814f146e8e31aa78566689c2c163da2ac60a32254988437/diff:/var/lib/docker/overlay2/28f4b1e6e1a7a2dbe30f1f94fb42bccd85a61faf8af1fe30a5bb0d442c525e41/diff:/var/lib/docker/overlay2/0f493124464c291d7c97d2633d5dff04b1dce5de904cb40a34dfbe7fe72e3fd4/diff:/var/lib/docker/overlay2/05befbee9e38cd670e1786b3310e99796dcc06abbed970007b4109a5424843fa/diff:/var/lib/docker/overlay2/582bcca9acfc4eef25109e1e1b9c9d104f355798455bc73e855c99283887a6e8/diff:/var/lib/docker/overlay2/153b3bf0b69e97e8f0e5533414a31ca33fa530e63d174c9617621abe46e7e9d1/diff:/var/lib/docker/overlay2/bf87a76c0a38875ee6e915fd0d2527eafa880ec6bf2c1cb294959428c18d10bd/diff","MergedDir":"/var/lib/docker/overlay2/0075f27ac39799b376a3e23bf05a650eb10c8a0f9ef49be1ab61e98fd3b93dc3/merged","UpperDir":"/var/lib/docker/overlay2/0075f27ac39799b376a3e23bf05a650eb10c8a0f9ef49be1ab61e98fd3b93dc3/diff","WorkDir":"/var/lib/docker/overlay2/0075f27ac39799b376a3e23bf05a650eb10c8a0f9ef49be1ab61e98fd3b93dc3/work"},"Name":"overlay2"},"Mounts":[{"Type":"volume","Name":"ffd30c8cc7ed7bf91bc1ebef46b0f06493ce1d3121e28c37d40240bd74b844a5","Source":"/var/lib/docker/volumes/ffd30c8cc7ed7bf91bc1ebef46b0f06493ce1d3121e28c37d40240bd74b844a5/_data","Destination":"/var/lib/mysql","Driver":"local","Mode":"","RW":true,"Propagation":""}],"Config":{"Hostname":"cccfb0602d7e","Domainname":"","User":"","AttachStdin":false,"AttachStdout":false,"AttachStderr":false,"ExposedPorts":{"3306/tcp":{}},"Tty":false,"OpenStdin":false,"StdinOnce":false,"Env":["MYSQL_DATABASE=test","MYSQL_PASSWORD=test","MYSQL_USER=test","MYSQL_ROOT_PASSWORD=test","PATH=/usr/local/sbin:/usr/local/bin:/usr/sbin:/usr/bin:/sbin:/bin","GOSU_VERSION=1.7","MYSQL_MAJOR=8.0","MYSQL_VERSION=8.0.0-dmr-1debian8"],"Cmd":["mysqld"],"Image":"mysql:8.0.0","Volumes":{"/var/lib/mysql":{}},"WorkingDir":"","Entrypoint":["docker-entrypoint.sh"],"OnBuild":null,"Labels":{"org.testcontainers":"true","org.testcontainers.lang":"java","org.testcontainers.sessionId":"f1b696c1-ec3f-4f95-afa8-081853be7ccb","org.testcontainers.version":"1.18.0"}},"NetworkSettings":{"Bridge":"","SandboxID":"75a4ef0436803615aa77c8b97de3cbbdd49519261fe2b3b6cdcae9bd2b1154aa","HairpinMode":false,"LinkLocalIPv6Address":"","LinkLocalIPv6PrefixLen":0,"Ports":{"3306/tcp":[{"HostIp":"0.0.0.0","HostPort":"32781"},{"HostIp":"::","HostPort":"32781"}]},"SandboxKey":"/var/run/docker/netns/75a4ef043680","SecondaryIPAddresses":null,"SecondaryIPv6Addresses":null,"EndpointID":"de3a5c9cc9471fdbec5943d78a8803fca61208fe4021ac9d3922ee2e8ec0d135","Gateway":"172.17.0.1","GlobalIPv6Address":"","GlobalIPv6PrefixLen":0,"IPAddress":"172.17.0.3","IPPrefixLen":16,"IPv6Gateway":"","MacAddress":"02:42:ac:11:00:03","Networks":{"bridge":{"IPAMConfig":null,"Links":null,"Aliases":null,"NetworkID":"e1a078e12eb8d77b497ed932f7fb43787eeb6ff6972febd7d03c9282b8b5cd45","EndpointID":"de3a5c9cc9471fdbec5943d78a8803fca61208fe4021ac9d3922ee2e8ec0d135","Gateway":"172.17.0.1","IPAddress":"172.17.0.3","IPPrefixLen":16,"IPv6Gateway":"","GlobalIPv6Address":"","GlobalIPv6PrefixLen":0,"MacAddress":"02:42:ac:11:00:03","DriverOpts":null}}}}[\n]"
&amp#27;[0;39m2023-05-08 13:19:01,225 [main] &amp#27;[39mDEBUG&amp#27;[0;39m &amp#27;[36mc.g.d.z.s.o.a.hc.client5.http.wire&amp#27;[0;39m - &amp#27;[32mhttp-outgoing-1 << "[\r][\n]"
&amp#27;[0;39m2023-05-08 13:19:01,225 [main] &amp#27;[39mDEBUG&amp#27;[0;39m &amp#27;[36mc.g.d.z.s.o.a.hc.client5.http.wire&amp#27;[0;39m - &amp#27;[32mhttp-outgoing-1 << "0[\r][\n]"
&amp#27;[0;39m2023-05-08 13:19:01,225 [main] &amp#27;[39mDEBUG&amp#27;[0;39m &amp#27;[36mc.g.d.z.s.o.a.hc.client5.http.wire&amp#27;[0;39m - &amp#27;[32mhttp-outgoing-1 << "[\r][\n]"
&amp#27;[0;39m2023-05-08 13:19:01,225 [main] &amp#27;[39mDEBUG&amp#27;[0;39m &amp#27;[36mc.g.d.z.s.o.a.h.client5.http.headers&amp#27;[0;39m - &amp#27;[32mhttp-outgoing-1 << HTTP/1.1 200 OK
&amp#27;[0;39m2023-05-08 13:19:01,225 [main] &amp#27;[39mDEBUG&amp#27;[0;39m &amp#27;[36mc.g.d.z.s.o.a.h.client5.http.headers&amp#27;[0;39m - &amp#27;[32mhttp-outgoing-1 << Api-Version: 1.42
&amp#27;[0;39m2023-05-08 13:19:01,225 [main] &amp#27;[39mDEBUG&amp#27;[0;39m &amp#27;[36mc.g.d.z.s.o.a.h.client5.http.headers&amp#27;[0;39m - &amp#27;[32mhttp-outgoing-1 << Content-Type: application/json
&amp#27;[0;39m2023-05-08 13:19:01,225 [main] &amp#27;[39mDEBUG&amp#27;[0;39m &amp#27;[36mc.g.d.z.s.o.a.h.client5.http.headers&amp#27;[0;39m - &amp#27;[32mhttp-outgoing-1 << Docker-Experimental: false
&amp#27;[0;39m2023-05-08 13:19:01,225 [main] &amp#27;[39mDEBUG&amp#27;[0;39m &amp#27;[36mc.g.d.z.s.o.a.h.client5.http.headers&amp#27;[0;39m - &amp#27;[32mhttp-outgoing-1 << Ostype: linux
&amp#27;[0;39m2023-05-08 13:19:01,225 [main] &amp#27;[39mDEBUG&amp#27;[0;39m &amp#27;[36mc.g.d.z.s.o.a.h.client5.http.headers&amp#27;[0;39m - &amp#27;[32mhttp-outgoing-1 << Server: Docker/23.0.5 (linux)
&amp#27;[0;39m2023-05-08 13:19:01,225 [main] &amp#27;[39mDEBUG&amp#27;[0;39m &amp#27;[36mc.g.d.z.s.o.a.h.client5.http.headers&amp#27;[0;39m - &amp#27;[32mhttp-outgoing-1 << Date: Mon, 08 May 2023 11:19:01 GMT
&amp#27;[0;39m2023-05-08 13:19:01,225 [main] &amp#27;[39mDEBUG&amp#27;[0;39m &amp#27;[36mc.g.d.z.s.o.a.h.client5.http.headers&amp#27;[0;39m - &amp#27;[32mhttp-outgoing-1 << Transfer-Encoding: chunked
&amp#27;[0;39m2023-05-08 13:19:01,225 [main] &amp#27;[39mDEBUG&amp#27;[0;39m &amp#27;[36mc.g.d.z.s.o.a.h.c.h.i.c.MainClientExec&amp#27;[0;39m - &amp#27;[32mex-00000050: connection can be kept alive for 3 MINUTES
&amp#27;[0;39m2023-05-08 13:19:01,226 [main] &amp#27;[39mDEBUG&amp#27;[0;39m &amp#27;[36mc.g.d.z.s.o.a.h.c.h.i.c.InternalHttpClient&amp#27;[0;39m - &amp#27;[32mep-0000004F: releasing valid endpoint
&amp#27;[0;39m2023-05-08 13:19:01,226 [main] &amp#27;[39mDEBUG&amp#27;[0;39m &amp#27;[36mc.g.d.z.s.o.a.h.c.h.i.i.PoolingHttpClientConnectionManager&amp#27;[0;39m - &amp#27;[32mep-0000004F: releasing endpoint
&amp#27;[0;39m2023-05-08 13:19:01,226 [main] &amp#27;[39mDEBUG&amp#27;[0;39m &amp#27;[36mc.g.d.z.s.o.a.h.c.h.i.i.PoolingHttpClientConnectionManager&amp#27;[0;39m - &amp#27;[32mep-0000004F: connection http-outgoing-1 can be kept alive for 3 MINUTES
&amp#27;[0;39m2023-05-08 13:19:01,226 [main] &amp#27;[39mDEBUG&amp#27;[0;39m &amp#27;[36mc.g.d.z.s.o.a.h.c.h.i.i.PoolingHttpClientConnectionManager&amp#27;[0;39m - &amp#27;[32mep-0000004F: connection released [route: {}->unix://localhost:2375][total available: 1; route allocated: 1 of 2147483647; total allocated: 1 of 2147483647]
&amp#27;[0;39m2023-05-08 13:19:01,226 [main] &amp#27;[39mDEBUG&amp#27;[0;39m &amp#27;[36mtc.mysql:8.0.0&amp#27;[0;39m - &amp#27;[32mTrying to create JDBC connection using com.mysql.cj.jdbc.Driver to jdbc:mysql://localhost:32781/test?useSSL=false&allowPublicKeyRetrieval=true with properties: {password=test, user=test}
&amp#27;[0;39m2023-05-08 13:19:01,327 [main] &amp#27;[39mDEBUG&amp#27;[0;39m &amp#27;[36mo.t.s.c.g.d.c.command.AbstrDockerCmd&amp#27;[0;39m - &amp#27;[32mCmd: cccfb0602d7e775562ae171a9fe0a7ec811b6906268008a84fea93151d2a7305,false
&amp#27;[0;39m2023-05-08 13:19:01,327 [main] &amp#27;[39mDEBUG&amp#27;[0;39m &amp#27;[36mo.t.s.c.g.d.c.e.InspectContainerCmdExec&amp#27;[0;39m - &amp#27;[32mGET: DefaultWebTarget{path=[/containers/cccfb0602d7e775562ae171a9fe0a7ec811b6906268008a84fea93151d2a7305/json], queryParams={}}
&amp#27;[0;39m2023-05-08 13:19:01,327 [main] &amp#27;[39mDEBUG&amp#27;[0;39m &amp#27;[36mc.g.d.z.s.o.a.h.c.h.i.c.InternalHttpClient&amp#27;[0;39m - &amp#27;[32mex-00000051: preparing request execution
&amp#27;[0;39m2023-05-08 13:19:01,327 [main] &amp#27;[39mDEBUG&amp#27;[0;39m &amp#27;[36mc.g.d.z.s.o.a.h.c.h.p.RequestAddCookies&amp#27;[0;39m - &amp#27;[32mCookie spec selected: strict
&amp#27;[0;39m2023-05-08 13:19:01,327 [main] &amp#27;[39mDEBUG&amp#27;[0;39m &amp#27;[36mc.g.d.z.s.o.a.h.c.h.p.RequestAuthCache&amp#27;[0;39m - &amp#27;[32mAuth cache not set in the context
&amp#27;[0;39m2023-05-08 13:19:01,327 [main] &amp#27;[39mDEBUG&amp#27;[0;39m &amp#27;[36mc.g.d.z.s.o.a.h.c.h.i.c.ProtocolExec&amp#27;[0;39m - &amp#27;[32mex-00000051: target auth state: UNCHALLENGED
&amp#27;[0;39m2023-05-08 13:19:01,327 [main] &amp#27;[39mDEBUG&amp#27;[0;39m &amp#27;[36mc.g.d.z.s.o.a.h.c.h.i.c.ProtocolExec&amp#27;[0;39m - &amp#27;[32mex-00000051: proxy auth state: UNCHALLENGED
&amp#27;[0;39m2023-05-08 13:19:01,327 [main] &amp#27;[39mDEBUG&amp#27;[0;39m &amp#27;[36mc.g.d.z.s.o.a.h.c.h.i.c.ConnectExec&amp#27;[0;39m - &amp#27;[32mex-00000051: acquiring connection with route {}->unix://localhost:2375
&amp#27;[0;39m2023-05-08 13:19:01,327 [main] &amp#27;[39mDEBUG&amp#27;[0;39m &amp#27;[36mc.g.d.z.s.o.a.h.c.h.i.c.InternalHttpClient&amp#27;[0;39m - &amp#27;[32mex-00000051: acquiring endpoint (3 MINUTES)
&amp#27;[0;39m2023-05-08 13:19:01,327 [main] &amp#27;[39mDEBUG&amp#27;[0;39m &amp#27;[36mc.g.d.z.s.o.a.h.c.h.i.i.PoolingHttpClientConnectionManager&amp#27;[0;39m - &amp#27;[32mex-00000051: endpoint lease request (3 MINUTES) [route: {}->unix://localhost:2375][total available: 1; route allocated: 1 of 2147483647; total allocated: 1 of 2147483647]
&amp#27;[0;39m2023-05-08 13:19:01,328 [main] &amp#27;[39mDEBUG&amp#27;[0;39m &amp#27;[36mc.g.d.z.s.o.a.h.c.h.i.i.PoolingHttpClientConnectionManager&amp#27;[0;39m - &amp#27;[32mex-00000051: endpoint leased [route: {}->unix://localhost:2375][total available: 0; route allocated: 1 of 2147483647; total allocated: 1 of 2147483647]
&amp#27;[0;39m2023-05-08 13:19:01,328 [main] &amp#27;[39mDEBUG&amp#27;[0;39m &amp#27;[36mc.g.d.z.s.o.a.h.c.h.i.i.PoolingHttpClientConnectionManager&amp#27;[0;39m - &amp#27;[32mex-00000051: acquired ep-00000050
&amp#27;[0;39m2023-05-08 13:19:01,328 [main] &amp#27;[39mDEBUG&amp#27;[0;39m &amp#27;[36mc.g.d.z.s.o.a.h.c.h.i.c.InternalHttpClient&amp#27;[0;39m - &amp#27;[32mex-00000051: acquired endpoint ep-00000050
&amp#27;[0;39m2023-05-08 13:19:01,328 [main] &amp#27;[39mDEBUG&amp#27;[0;39m &amp#27;[36mc.g.d.z.s.o.a.h.c.h.i.c.MainClientExec&amp#27;[0;39m - &amp#27;[32mex-00000051: executing GET /v1.32/containers/cccfb0602d7e775562ae171a9fe0a7ec811b6906268008a84fea93151d2a7305/json HTTP/1.1
&amp#27;[0;39m2023-05-08 13:19:01,328 [main] &amp#27;[39mDEBUG&amp#27;[0;39m &amp#27;[36mc.g.d.z.s.o.a.h.c.h.i.c.InternalHttpClient&amp#27;[0;39m - &amp#27;[32mep-00000050: start execution ex-00000051
&amp#27;[0;39m2023-05-08 13:19:01,328 [main] &amp#27;[39mDEBUG&amp#27;[0;39m &amp#27;[36mc.g.d.z.s.o.a.h.c.h.i.i.PoolingHttpClientConnectionManager&amp#27;[0;39m - &amp#27;[32mep-00000050: executing exchange ex-00000051 over http-outgoing-1
&amp#27;[0;39m2023-05-08 13:19:01,328 [main] &amp#27;[39mDEBUG&amp#27;[0;39m &amp#27;[36mc.g.d.z.s.o.a.h.client5.http.headers&amp#27;[0;39m - &amp#27;[32mhttp-outgoing-1 >> GET /v1.32/containers/cccfb0602d7e775562ae171a9fe0a7ec811b6906268008a84fea93151d2a7305/json HTTP/1.1
&amp#27;[0;39m2023-05-08 13:19:01,328 [main] &amp#27;[39mDEBUG&amp#27;[0;39m &amp#27;[36mc.g.d.z.s.o.a.h.client5.http.headers&amp#27;[0;39m - &amp#27;[32mhttp-outgoing-1 >> accept: application/json
&amp#27;[0;39m2023-05-08 13:19:01,328 [main] &amp#27;[39mDEBUG&amp#27;[0;39m &amp#27;[36mc.g.d.z.s.o.a.h.client5.http.headers&amp#27;[0;39m - &amp#27;[32mhttp-outgoing-1 >> x-tc-sid: f1b696c1-ec3f-4f95-afa8-081853be7ccb
&amp#27;[0;39m2023-05-08 13:19:01,328 [main] &amp#27;[39mDEBUG&amp#27;[0;39m &amp#27;[36mc.g.d.z.s.o.a.h.client5.http.headers&amp#27;[0;39m - &amp#27;[32mhttp-outgoing-1 >> Accept-Encoding: gzip, x-gzip, deflate
&amp#27;[0;39m2023-05-08 13:19:01,328 [main] &amp#27;[39mDEBUG&amp#27;[0;39m &amp#27;[36mc.g.d.z.s.o.a.h.client5.http.headers&amp#27;[0;39m - &amp#27;[32mhttp-outgoing-1 >> Host: localhost:2375
&amp#27;[0;39m2023-05-08 13:19:01,328 [main] &amp#27;[39mDEBUG&amp#27;[0;39m &amp#27;[36mc.g.d.z.s.o.a.h.client5.http.headers&amp#27;[0;39m - &amp#27;[32mhttp-outgoing-1 >> Connection: keep-alive
&amp#27;[0;39m2023-05-08 13:19:01,328 [main] &amp#27;[39mDEBUG&amp#27;[0;39m &amp#27;[36mc.g.d.z.s.o.a.h.client5.http.headers&amp#27;[0;39m - &amp#27;[32mhttp-outgoing-1 >> User-Agent: Apache-HttpClient/5.0.3 (Java/17.0.6)
&amp#27;[0;39m2023-05-08 13:19:01,328 [main] &amp#27;[39mDEBUG&amp#27;[0;39m &amp#27;[36mc.g.d.z.s.o.a.hc.client5.http.wire&amp#27;[0;39m - &amp#27;[32mhttp-outgoing-1 >> "GET /v1.32/containers/cccfb0602d7e775562ae171a9fe0a7ec811b6906268008a84fea93151d2a7305/json HTTP/1.1[\r][\n]"
&amp#27;[0;39m2023-05-08 13:19:01,328 [main] &amp#27;[39mDEBUG&amp#27;[0;39m &amp#27;[36mc.g.d.z.s.o.a.hc.client5.http.wire&amp#27;[0;39m - &amp#27;[32mhttp-outgoing-1 >> "accept: application/json[\r][\n]"
&amp#27;[0;39m2023-05-08 13:19:01,328 [main] &amp#27;[39mDEBUG&amp#27;[0;39m &amp#27;[36mc.g.d.z.s.o.a.hc.client5.http.wire&amp#27;[0;39m - &amp#27;[32mhttp-outgoing-1 >> "x-tc-sid: f1b696c1-ec3f-4f95-afa8-081853be7ccb[\r][\n]"
&amp#27;[0;39m2023-05-08 13:19:01,328 [main] &amp#27;[39mDEBUG&amp#27;[0;39m &amp#27;[36mc.g.d.z.s.o.a.hc.client5.http.wire&amp#27;[0;39m - &amp#27;[32mhttp-outgoing-1 >> "Accept-Encoding: gzip, x-gzip, deflate[\r][\n]"
&amp#27;[0;39m2023-05-08 13:19:01,328 [main] &amp#27;[39mDEBUG&amp#27;[0;39m &amp#27;[36mc.g.d.z.s.o.a.hc.client5.http.wire&amp#27;[0;39m - &amp#27;[32mhttp-outgoing-1 >> "Host: localhost:2375[\r][\n]"
&amp#27;[0;39m2023-05-08 13:19:01,328 [main] &amp#27;[39mDEBUG&amp#27;[0;39m &amp#27;[36mc.g.d.z.s.o.a.hc.client5.http.wire&amp#27;[0;39m - &amp#27;[32mhttp-outgoing-1 >> "Connection: keep-alive[\r][\n]"
&amp#27;[0;39m2023-05-08 13:19:01,328 [main] &amp#27;[39mDEBUG&amp#27;[0;39m &amp#27;[36mc.g.d.z.s.o.a.hc.client5.http.wire&amp#27;[0;39m - &amp#27;[32mhttp-outgoing-1 >> "User-Agent: Apache-HttpClient/5.0.3 (Java/17.0.6)[\r][\n]"
&amp#27;[0;39m2023-05-08 13:19:01,328 [main] &amp#27;[39mDEBUG&amp#27;[0;39m &amp#27;[36mc.g.d.z.s.o.a.hc.client5.http.wire&amp#27;[0;39m - &amp#27;[32mhttp-outgoing-1 >> "[\r][\n]"
&amp#27;[0;39m2023-05-08 13:19:01,328 [main] &amp#27;[39mDEBUG&amp#27;[0;39m &amp#27;[36mc.g.d.z.s.o.a.hc.client5.http.wire&amp#27;[0;39m - &amp#27;[32mhttp-outgoing-1 << "HTTP/1.1 200 OK[\r][\n]"
&amp#27;[0;39m2023-05-08 13:19:01,328 [main] &amp#27;[39mDEBUG&amp#27;[0;39m &amp#27;[36mc.g.d.z.s.o.a.hc.client5.http.wire&amp#27;[0;39m - &amp#27;[32mhttp-outgoing-1 << "Api-Version: 1.42[\r][\n]"
&amp#27;[0;39m2023-05-08 13:19:01,328 [main] &amp#27;[39mDEBUG&amp#27;[0;39m &amp#27;[36mc.g.d.z.s.o.a.hc.client5.http.wire&amp#27;[0;39m - &amp#27;[32mhttp-outgoing-1 << "Content-Type: application/json[\r][\n]"
&amp#27;[0;39m2023-05-08 13:19:01,328 [main] &amp#27;[39mDEBUG&amp#27;[0;39m &amp#27;[36mc.g.d.z.s.o.a.hc.client5.http.wire&amp#27;[0;39m - &amp#27;[32mhttp-outgoing-1 << "Docker-Experimental: false[\r][\n]"
&amp#27;[0;39m2023-05-08 13:19:01,328 [main] &amp#27;[39mDEBUG&amp#27;[0;39m &amp#27;[36mc.g.d.z.s.o.a.hc.client5.http.wire&amp#27;[0;39m - &amp#27;[32mhttp-outgoing-1 << "Ostype: linux[\r][\n]"
&amp#27;[0;39m2023-05-08 13:19:01,328 [main] &amp#27;[39mDEBUG&amp#27;[0;39m &amp#27;[36mc.g.d.z.s.o.a.hc.client5.http.wire&amp#27;[0;39m - &amp#27;[32mhttp-outgoing-1 << "Server: Docker/23.0.5 (linux)[\r][\n]"
&amp#27;[0;39m2023-05-08 13:19:01,328 [main] &amp#27;[39mDEBUG&amp#27;[0;39m &amp#27;[36mc.g.d.z.s.o.a.hc.client5.http.wire&amp#27;[0;39m - &amp#27;[32mhttp-outgoing-1 << "Date: Mon, 08 May 2023 11:19:01 GMT[\r][\n]"
&amp#27;[0;39m2023-05-08 13:19:01,328 [main] &amp#27;[39mDEBUG&amp#27;[0;39m &amp#27;[36mc.g.d.z.s.o.a.hc.client5.http.wire&amp#27;[0;39m - &amp#27;[32mhttp-outgoing-1 << "Transfer-Encoding: chunked[\r][\n]"
&amp#27;[0;39m2023-05-08 13:19:01,328 [main] &amp#27;[39mDEBUG&amp#27;[0;39m &amp#27;[36mc.g.d.z.s.o.a.hc.client5.http.wire&amp#27;[0;39m - &amp#27;[32mhttp-outgoing-1 << "[\r][\n]"
&amp#27;[0;39m2023-05-08 13:19:01,328 [main] &amp#27;[39mDEBUG&amp#27;[0;39m &amp#27;[36mc.g.d.z.s.o.a.hc.client5.http.wire&amp#27;[0;39m - &amp#27;[32mhttp-outgoing-1 << "1890[\r][\n]"
&amp#27;[0;39m2023-05-08 13:19:01,328 [main] &amp#27;[39mDEBUG&amp#27;[0;39m &amp#27;[36mc.g.d.z.s.o.a.hc.client5.http.wire&amp#27;[0;39m - &amp#27;[32mhttp-outgoing-1 << "{"Id":"cccfb0602d7e775562ae171a9fe0a7ec811b6906268008a84fea93151d2a7305","Created":"2023-05-08T11:18:54.120535425Z","Path":"docker-entrypoint.sh","Args":["mysqld"],"State":{"Status":"running","Running":true,"Paused":false,"Restarting":false,"OOMKilled":false,"Dead":false,"Pid":59126,"ExitCode":0,"Error":"","StartedAt":"2023-05-08T11:18:54.468577716Z","FinishedAt":"0001-01-01T00:00:00Z"},"Image":"sha256:228d71078f8ce5ae9fd96b183f88c3a90e30544b4b7ce9d64a238d05fef2a681","ResolvConfPath":"/var/lib/docker/containers/cccfb0602d7e775562ae171a9fe0a7ec811b6906268008a84fea93151d2a7305/resolv.conf","HostnamePath":"/var/lib/docker/containers/cccfb0602d7e775562ae171a9fe0a7ec811b6906268008a84fea93151d2a7305/hostname","HostsPath":"/var/lib/docker/containers/cccfb0602d7e775562ae171a9fe0a7ec811b6906268008a84fea93151d2a7305/hosts","LogPath":"/var/lib/docker/containers/cccfb0602d7e775562ae171a9fe0a7ec811b6906268008a84fea93151d2a7305/cccfb0602d7e775562ae171a9fe0a7ec811b6906268008a84fea93151d2a7305-json.log","Name":"/charming_goodall","RestartCount":0,"Driver":"overlay2","Platform":"linux","MountLabel":"","ProcessLabel":"","AppArmorProfile":"docker-default","ExecIDs":null,"HostConfig":{"Binds":[],"ContainerIDFile":"","LogConfig":{"Type":"json-file","Config":{}},"NetworkMode":"default","PortBindings":{"3306/tcp":[{"HostIp":"","HostPort":""}]},"RestartPolicy":{"Name":"","MaximumRetryCount":0},"AutoRemove":false,"VolumeDriver":"","VolumesFrom":[],"ConsoleSize":[0,0],"CapAdd":null,"CapDrop":null,"CgroupnsMode":"private","Dns":null,"DnsOptions":null,"DnsSearch":null,"ExtraHosts":[],"GroupAdd":null,"IpcMode":"shareable","Cgroup":"","Links":null,"OomScoreAdj":0,"PidMode":"","Privileged":false,"PublishAllPorts":false,"ReadonlyRootfs":false,"SecurityOpt":null,"UTSMode":"","UsernsMode":"","ShmSize":67108864,"Runtime":"runc","Isolation":"","CpuShares":0,"Memory":0,"NanoCpus":0,"CgroupParent":"","BlkioWeight":0,"BlkioWeightDevice":null,"BlkioDeviceReadBps":null,"BlkioDeviceWriteBps":null,"BlkioDeviceReadIOps":null,"BlkioDeviceWriteIOps":null,"CpuPeriod":0,"CpuQuota":0,"CpuRealtimePeriod":0,"CpuRealtimeRuntime":0,"CpusetCpus":"","CpusetMems":"","Devices":null,"DeviceCgroupRules":null,"DeviceRequests":null,"MemoryReservation":0,"MemorySwap":0,"MemorySwappiness":null,"OomKillDisable":null,"PidsLimit":null,"Ulimits":null,"CpuCount":0,"CpuPercent":0,"IOMaximumIOps":0,"IOMaximumBandwidth":0,"MaskedPaths":["/proc/asound","/proc/acpi","/proc/kcore","/proc/keys","/proc/latency_stats","/proc/timer_list","/proc/timer_stats","/proc/sched_debug","/proc/scsi","/sys/firmware"],"ReadonlyPaths":["/proc/bus","/proc/fs","/proc/irq","/proc/sys","/proc/sysrq-trigger"]},"GraphDriver":{"Data":{"LowerDir":"/var/lib/docker/overlay2/0075f27ac39799b376a3e23bf05a650eb10c8a0f9ef49be1ab61e98fd3b93dc3-init/diff:/var/lib/docker/overlay2/4c6e20f032f02b27a9272f982861dc21998197aa90d94ed3bef95d449380247c/diff:/var/lib/docker/overlay2/0c75f828f603eff839bb3ca448163ab2a8017e86625ac255cd3dbf1673ddac26/diff:/var/lib/docker/overlay2/da128d897fda75829109844ce6cd9d73d0f54c682e735100af000ce899908729/diff:/var/lib/docker/overlay2/b678a1f261bf323afba6d76d91ab7428bdd6e1ef4a39b5224e4a1afd08c0423a/diff:/var/lib/docker/overlay2/1bec43b14875c5f9f814f146e8e31aa78566689c2c163da2ac60a32254988437/diff:/var/lib/docker/overlay2/28f4b1e6e1a7a2dbe30f1f94fb42bccd85a61faf8af1fe30a5bb0d442c525e41/diff:/var/lib/docker/overlay2/0f493124464c291d7c97d2633d5dff04b1dce5de904cb40a34dfbe7fe72e3fd4/diff:/var/lib/docker/overlay2/05befbee9e38cd670e1786b3310e99796dcc06abbed970007b4109a5424843fa/diff:/var/lib/docker/overlay2/582bcca9acfc4eef25109e1e1b9c9d104f355798455bc73e855c99283887a6e8/diff:/var/lib/docker/overlay2/153b3bf0b69e97e8f0e5533414a31ca33fa530e63d174c9617621abe46e7e9d1/diff:/var/lib/docker/overlay2/bf87a76c0a38875ee6e915fd0d2527eafa880ec6bf2c1cb294959428c18d10bd/diff","MergedDir":"/var/lib/docker/overlay2/0075f27ac39799b376a3e23bf05a650eb10c8a0f9ef49be1ab61e98fd3b93dc3/merged","UpperDir":"/var/lib/docker/overlay2/0075f27ac39799b376a3e23bf05a650eb10c8a0f9ef49be1ab61e98fd3b93dc3/diff","WorkDir":"/var/lib/docker/overlay2/0075f27ac39799b376a3e23bf05a650eb10c8a0f9ef49be1ab61e98fd3b93dc3/work"},"Name":"overlay2"},"Mounts":[{"Type":"volume","Name":"ffd30c8cc7ed7bf91bc1ebef46b0f06493ce1d3121e28c37d40240bd74b844a5","Source":"/var/lib/docker/volumes/ffd30c8cc7ed7bf91bc1ebef46b0f06493ce1d3121e28c37d40240bd74b844a5/_data","Destination":"/var/lib/mysql","Driver":"local","Mode":"","RW":true,"Propagation":""}],"Config":{"Hostname":"cccfb0602d7e","Domainname":"","User":"","AttachStdin":false,"AttachStdout":false,"AttachStderr":false,"ExposedPorts":{"3306/tcp":{}},"Tty":false,"OpenStdin":false,"StdinOnce":false,"Env":["MYSQL_DATABASE=test","MYSQL_PASSWORD=test","MYSQL_USER=test","MYSQL_ROOT_PASSWORD=test","PATH=/usr/local/sbin:/usr/local/bin:/usr/sbin:/usr/bin:/sbin:/bin","GOSU_VERSION=1.7","MYSQL_MAJOR=8.0","MYSQL_VERSION=8.0.0-dmr-1debian8"],"Cmd":["mysqld"],"Image":"mysql:8.0.0","Volumes":{"/var/lib/mysql":{}},"WorkingDir":"","Entrypoint":["docker-entrypoint.sh"],"OnBuild":null,"Labels":{"org.testcontainers":"true","org.testcontainers.lang":"java","org.testcontainers.sessionId":"f1b696c1-ec3f-4f95-afa8-081853be7ccb","org.testcontainers.version":"1.18.0"}},"NetworkSettings":{"Bridge":"","SandboxID":"75a4ef0436803615aa77c8b97de3cbbdd49519261fe2b3b6cdcae9bd2b1154aa","HairpinMode":false,"LinkLocalIPv6Address":"","LinkLocalIPv6PrefixLen":0,"Ports":{"3306/tcp":[{"HostIp":"0.0.0.0","HostPort":"32781"},{"HostIp":"::","HostPort":"32781"}]},"SandboxKey":"/var/run/docker/netns/75a4ef043680","SecondaryIPAddresses":null,"SecondaryIPv6Addresses":null,"EndpointID":"de3a5c9cc9471fdbec5943d78a8803fca61208fe4021ac9d3922ee2e8ec0d135","Gateway":"172.17.0.1","GlobalIPv6Address":"","GlobalIPv6PrefixLen":0,"IPAddress":"172.17.0.3","IPPrefixLen":16,"IPv6Gateway":"","MacAddress":"02:42:ac:11:00:03","Networks":{"bridge":{"IPAMConfig":null,"Links":null,"Aliases":null,"NetworkID":"e1a078e12eb8d77b497ed932f7fb43787eeb6ff6972febd7d03c9282b8b5cd45","EndpointID":"de3a5c9cc9471fdbec5943d78a8803fca61208fe4021ac9d3922ee2e8ec0d135","Gateway":"172.17.0.1","IPAddress":"172.17.0.3","IPPrefixLen":16,"IPv6Gateway":"","GlobalIPv6Address":"","GlobalIPv6PrefixLen":0,"MacAddress":"02:42:ac:11:00:03","DriverOpts":null}}}}[\n]"
&amp#27;[0;39m2023-05-08 13:19:01,328 [main] &amp#27;[39mDEBUG&amp#27;[0;39m &amp#27;[36mc.g.d.z.s.o.a.hc.client5.http.wire&amp#27;[0;39m - &amp#27;[32mhttp-outgoing-1 << "[\r][\n]"
&amp#27;[0;39m2023-05-08 13:19:01,328 [main] &amp#27;[39mDEBUG&amp#27;[0;39m &amp#27;[36mc.g.d.z.s.o.a.hc.client5.http.wire&amp#27;[0;39m - &amp#27;[32mhttp-outgoing-1 << "0[\r][\n]"
&amp#27;[0;39m2023-05-08 13:19:01,328 [main] &amp#27;[39mDEBUG&amp#27;[0;39m &amp#27;[36mc.g.d.z.s.o.a.hc.client5.http.wire&amp#27;[0;39m - &amp#27;[32mhttp-outgoing-1 << "[\r][\n]"
&amp#27;[0;39m2023-05-08 13:19:01,328 [main] &amp#27;[39mDEBUG&amp#27;[0;39m &amp#27;[36mc.g.d.z.s.o.a.h.client5.http.headers&amp#27;[0;39m - &amp#27;[32mhttp-outgoing-1 << HTTP/1.1 200 OK
&amp#27;[0;39m2023-05-08 13:19:01,328 [main] &amp#27;[39mDEBUG&amp#27;[0;39m &amp#27;[36mc.g.d.z.s.o.a.h.client5.http.headers&amp#27;[0;39m - &amp#27;[32mhttp-outgoing-1 << Api-Version: 1.42
&amp#27;[0;39m2023-05-08 13:19:01,328 [main] &amp#27;[39mDEBUG&amp#27;[0;39m &amp#27;[36mc.g.d.z.s.o.a.h.client5.http.headers&amp#27;[0;39m - &amp#27;[32mhttp-outgoing-1 << Content-Type: application/json
&amp#27;[0;39m2023-05-08 13:19:01,328 [main] &amp#27;[39mDEBUG&amp#27;[0;39m &amp#27;[36mc.g.d.z.s.o.a.h.client5.http.headers&amp#27;[0;39m - &amp#27;[32mhttp-outgoing-1 << Docker-Experimental: false
&amp#27;[0;39m2023-05-08 13:19:01,328 [main] &amp#27;[39mDEBUG&amp#27;[0;39m &amp#27;[36mc.g.d.z.s.o.a.h.client5.http.headers&amp#27;[0;39m - &amp#27;[32mhttp-outgoing-1 << Ostype: linux
&amp#27;[0;39m2023-05-08 13:19:01,328 [main] &amp#27;[39mDEBUG&amp#27;[0;39m &amp#27;[36mc.g.d.z.s.o.a.h.client5.http.headers&amp#27;[0;39m - &amp#27;[32mhttp-outgoing-1 << Server: Docker/23.0.5 (linux)
&amp#27;[0;39m2023-05-08 13:19:01,328 [main] &amp#27;[39mDEBUG&amp#27;[0;39m &amp#27;[36mc.g.d.z.s.o.a.h.client5.http.headers&amp#27;[0;39m - &amp#27;[32mhttp-outgoing-1 << Date: Mon, 08 May 2023 11:19:01 GMT
&amp#27;[0;39m2023-05-08 13:19:01,328 [main] &amp#27;[39mDEBUG&amp#27;[0;39m &amp#27;[36mc.g.d.z.s.o.a.h.client5.http.headers&amp#27;[0;39m - &amp#27;[32mhttp-outgoing-1 << Transfer-Encoding: chunked
&amp#27;[0;39m2023-05-08 13:19:01,328 [main] &amp#27;[39mDEBUG&amp#27;[0;39m &amp#27;[36mc.g.d.z.s.o.a.h.c.h.i.c.MainClientExec&amp#27;[0;39m - &amp#27;[32mex-00000051: connection can be kept alive for 3 MINUTES
&amp#27;[0;39m2023-05-08 13:19:01,329 [main] &amp#27;[39mDEBUG&amp#27;[0;39m &amp#27;[36mc.g.d.z.s.o.a.h.c.h.i.c.InternalHttpClient&amp#27;[0;39m - &amp#27;[32mep-00000050: releasing valid endpoint
&amp#27;[0;39m2023-05-08 13:19:01,329 [main] &amp#27;[39mDEBUG&amp#27;[0;39m &amp#27;[36mc.g.d.z.s.o.a.h.c.h.i.i.PoolingHttpClientConnectionManager&amp#27;[0;39m - &amp#27;[32mep-00000050: releasing endpoint
&amp#27;[0;39m2023-05-08 13:19:01,329 [main] &amp#27;[39mDEBUG&amp#27;[0;39m &amp#27;[36mc.g.d.z.s.o.a.h.c.h.i.i.PoolingHttpClientConnectionManager&amp#27;[0;39m - &amp#27;[32mep-00000050: connection http-outgoing-1 can be kept alive for 3 MINUTES
&amp#27;[0;39m2023-05-08 13:19:01,329 [main] &amp#27;[39mDEBUG&amp#27;[0;39m &amp#27;[36mc.g.d.z.s.o.a.h.c.h.i.i.PoolingHttpClientConnectionManager&amp#27;[0;39m - &amp#27;[32mep-00000050: connection released [route: {}->unix://localhost:2375][total available: 1; route allocated: 1 of 2147483647; total allocated: 1 of 2147483647]
&amp#27;[0;39m2023-05-08 13:19:01,329 [main] &amp#27;[39mDEBUG&amp#27;[0;39m &amp#27;[36mtc.mysql:8.0.0&amp#27;[0;39m - &amp#27;[32mTrying to create JDBC connection using com.mysql.cj.jdbc.Driver to jdbc:mysql://localhost:32781/test?useSSL=false&allowPublicKeyRetrieval=true with properties: {password=test, user=test}
&amp#27;[0;39m2023-05-08 13:19:01,356 [main] &amp#27;[34mINFO &amp#27;[0;39m &amp#27;[36mtc.mysql:8.0.0&amp#27;[0;39m - &amp#27;[32mContainer mysql:8.0.0 started in PT7.244004531S
&amp#27;[0;39m2023-05-08 13:19:01,356 [main] &amp#27;[34mINFO &amp#27;[0;39m &amp#27;[36mtc.mysql:8.0.0&amp#27;[0;39m - &amp#27;[32mContainer is started (JDBC URL: jdbc:mysql://localhost:32781/test)
&amp#27;[0;39m2023-05-08 13:19:01,356 [main] &amp#27;[39mDEBUG&amp#27;[0;39m &amp#27;[36mo.t.s.c.g.d.c.command.AbstrDockerCmd&amp#27;[0;39m - &amp#27;[32mCmd: cccfb0602d7e775562ae171a9fe0a7ec811b6906268008a84fea93151d2a7305,false
&amp#27;[0;39m2023-05-08 13:19:01,357 [main] &amp#27;[39mDEBUG&amp#27;[0;39m &amp#27;[36mo.t.s.c.g.d.c.e.InspectContainerCmdExec&amp#27;[0;39m - &amp#27;[32mGET: DefaultWebTarget{path=[/containers/cccfb0602d7e775562ae171a9fe0a7ec811b6906268008a84fea93151d2a7305/json], queryParams={}}
&amp#27;[0;39m2023-05-08 13:19:01,357 [main] &amp#27;[39mDEBUG&amp#27;[0;39m &amp#27;[36mc.g.d.z.s.o.a.h.c.h.i.c.InternalHttpClient&amp#27;[0;39m - &amp#27;[32mex-00000052: preparing request execution
&amp#27;[0;39m2023-05-08 13:19:01,357 [main] &amp#27;[39mDEBUG&amp#27;[0;39m &amp#27;[36mc.g.d.z.s.o.a.h.c.h.p.RequestAddCookies&amp#27;[0;39m - &amp#27;[32mCookie spec selected: strict
&amp#27;[0;39m2023-05-08 13:19:01,357 [main] &amp#27;[39mDEBUG&amp#27;[0;39m &amp#27;[36mc.g.d.z.s.o.a.h.c.h.p.RequestAuthCache&amp#27;[0;39m - &amp#27;[32mAuth cache not set in the context
&amp#27;[0;39m2023-05-08 13:19:01,357 [main] &amp#27;[39mDEBUG&amp#27;[0;39m &amp#27;[36mc.g.d.z.s.o.a.h.c.h.i.c.ProtocolExec&amp#27;[0;39m - &amp#27;[32mex-00000052: target auth state: UNCHALLENGED
&amp#27;[0;39m2023-05-08 13:19:01,357 [main] &amp#27;[39mDEBUG&amp#27;[0;39m &amp#27;[36mc.g.d.z.s.o.a.h.c.h.i.c.ProtocolExec&amp#27;[0;39m - &amp#27;[32mex-00000052: proxy auth state: UNCHALLENGED
&amp#27;[0;39m2023-05-08 13:19:01,357 [main] &amp#27;[39mDEBUG&amp#27;[0;39m &amp#27;[36mc.g.d.z.s.o.a.h.c.h.i.c.ConnectExec&amp#27;[0;39m - &amp#27;[32mex-00000052: acquiring connection with route {}->unix://localhost:2375
&amp#27;[0;39m2023-05-08 13:19:01,357 [main] &amp#27;[39mDEBUG&amp#27;[0;39m &amp#27;[36mc.g.d.z.s.o.a.h.c.h.i.c.InternalHttpClient&amp#27;[0;39m - &amp#27;[32mex-00000052: acquiring endpoint (3 MINUTES)
&amp#27;[0;39m2023-05-08 13:19:01,357 [main] &amp#27;[39mDEBUG&amp#27;[0;39m &amp#27;[36mc.g.d.z.s.o.a.h.c.h.i.i.PoolingHttpClientConnectionManager&amp#27;[0;39m - &amp#27;[32mex-00000052: endpoint lease request (3 MINUTES) [route: {}->unix://localhost:2375][total available: 1; route allocated: 1 of 2147483647; total allocated: 1 of 2147483647]
&amp#27;[0;39m2023-05-08 13:19:01,357 [main] &amp#27;[39mDEBUG&amp#27;[0;39m &amp#27;[36mc.g.d.z.s.o.a.h.c.h.i.i.PoolingHttpClientConnectionManager&amp#27;[0;39m - &amp#27;[32mex-00000052: endpoint leased [route: {}->unix://localhost:2375][total available: 0; route allocated: 1 of 2147483647; total allocated: 1 of 2147483647]
&amp#27;[0;39m2023-05-08 13:19:01,357 [main] &amp#27;[39mDEBUG&amp#27;[0;39m &amp#27;[36mc.g.d.z.s.o.a.h.c.h.i.i.PoolingHttpClientConnectionManager&amp#27;[0;39m - &amp#27;[32mex-00000052: acquired ep-00000051
&amp#27;[0;39m2023-05-08 13:19:01,357 [main] &amp#27;[39mDEBUG&amp#27;[0;39m &amp#27;[36mc.g.d.z.s.o.a.h.c.h.i.c.InternalHttpClient&amp#27;[0;39m - &amp#27;[32mex-00000052: acquired endpoint ep-00000051
&amp#27;[0;39m2023-05-08 13:19:01,357 [main] &amp#27;[39mDEBUG&amp#27;[0;39m &amp#27;[36mc.g.d.z.s.o.a.h.c.h.i.c.MainClientExec&amp#27;[0;39m - &amp#27;[32mex-00000052: executing GET /v1.32/containers/cccfb0602d7e775562ae171a9fe0a7ec811b6906268008a84fea93151d2a7305/json HTTP/1.1
&amp#27;[0;39m2023-05-08 13:19:01,357 [main] &amp#27;[39mDEBUG&amp#27;[0;39m &amp#27;[36mc.g.d.z.s.o.a.h.c.h.i.c.InternalHttpClient&amp#27;[0;39m - &amp#27;[32mep-00000051: start execution ex-00000052
&amp#27;[0;39m2023-05-08 13:19:01,357 [main] &amp#27;[39mDEBUG&amp#27;[0;39m &amp#27;[36mc.g.d.z.s.o.a.h.c.h.i.i.PoolingHttpClientConnectionManager&amp#27;[0;39m - &amp#27;[32mep-00000051: executing exchange ex-00000052 over http-outgoing-1
&amp#27;[0;39m2023-05-08 13:19:01,357 [main] &amp#27;[39mDEBUG&amp#27;[0;39m &amp#27;[36mc.g.d.z.s.o.a.h.client5.http.headers&amp#27;[0;39m - &amp#27;[32mhttp-outgoing-1 >> GET /v1.32/containers/cccfb0602d7e775562ae171a9fe0a7ec811b6906268008a84fea93151d2a7305/json HTTP/1.1
&amp#27;[0;39m2023-05-08 13:19:01,357 [main] &amp#27;[39mDEBUG&amp#27;[0;39m &amp#27;[36mc.g.d.z.s.o.a.h.client5.http.headers&amp#27;[0;39m - &amp#27;[32mhttp-outgoing-1 >> accept: application/json
&amp#27;[0;39m2023-05-08 13:19:01,357 [main] &amp#27;[39mDEBUG&amp#27;[0;39m &amp#27;[36mc.g.d.z.s.o.a.h.client5.http.headers&amp#27;[0;39m - &amp#27;[32mhttp-outgoing-1 >> x-tc-sid: f1b696c1-ec3f-4f95-afa8-081853be7ccb
&amp#27;[0;39m2023-05-08 13:19:01,357 [main] &amp#27;[39mDEBUG&amp#27;[0;39m &amp#27;[36mc.g.d.z.s.o.a.h.client5.http.headers&amp#27;[0;39m - &amp#27;[32mhttp-outgoing-1 >> Accept-Encoding: gzip, x-gzip, deflate
&amp#27;[0;39m2023-05-08 13:19:01,357 [main] &amp#27;[39mDEBUG&amp#27;[0;39m &amp#27;[36mc.g.d.z.s.o.a.h.client5.http.headers&amp#27;[0;39m - &amp#27;[32mhttp-outgoing-1 >> Host: localhost:2375
&amp#27;[0;39m2023-05-08 13:19:01,357 [main] &amp#27;[39mDEBUG&amp#27;[0;39m &amp#27;[36mc.g.d.z.s.o.a.h.client5.http.headers&amp#27;[0;39m - &amp#27;[32mhttp-outgoing-1 >> Connection: keep-alive
&amp#27;[0;39m2023-05-08 13:19:01,357 [main] &amp#27;[39mDEBUG&amp#27;[0;39m &amp#27;[36mc.g.d.z.s.o.a.h.client5.http.headers&amp#27;[0;39m - &amp#27;[32mhttp-outgoing-1 >> User-Agent: Apache-HttpClient/5.0.3 (Java/17.0.6)
&amp#27;[0;39m2023-05-08 13:19:01,357 [main] &amp#27;[39mDEBUG&amp#27;[0;39m &amp#27;[36mc.g.d.z.s.o.a.hc.client5.http.wire&amp#27;[0;39m - &amp#27;[32mhttp-outgoing-1 >> "GET /v1.32/containers/cccfb0602d7e775562ae171a9fe0a7ec811b6906268008a84fea93151d2a7305/json HTTP/1.1[\r][\n]"
&amp#27;[0;39m2023-05-08 13:19:01,357 [main] &amp#27;[39mDEBUG&amp#27;[0;39m &amp#27;[36mc.g.d.z.s.o.a.hc.client5.http.wire&amp#27;[0;39m - &amp#27;[32mhttp-outgoing-1 >> "accept: application/json[\r][\n]"
&amp#27;[0;39m2023-05-08 13:19:01,357 [main] &amp#27;[39mDEBUG&amp#27;[0;39m &amp#27;[36mc.g.d.z.s.o.a.hc.client5.http.wire&amp#27;[0;39m - &amp#27;[32mhttp-outgoing-1 >> "x-tc-sid: f1b696c1-ec3f-4f95-afa8-081853be7ccb[\r][\n]"
&amp#27;[0;39m2023-05-08 13:19:01,357 [main] &amp#27;[39mDEBUG&amp#27;[0;39m &amp#27;[36mc.g.d.z.s.o.a.hc.client5.http.wire&amp#27;[0;39m - &amp#27;[32mhttp-outgoing-1 >> "Accept-Encoding: gzip, x-gzip, deflate[\r][\n]"
&amp#27;[0;39m2023-05-08 13:19:01,357 [main] &amp#27;[39mDEBUG&amp#27;[0;39m &amp#27;[36mc.g.d.z.s.o.a.hc.client5.http.wire&amp#27;[0;39m - &amp#27;[32mhttp-outgoing-1 >> "Host: localhost:2375[\r][\n]"
&amp#27;[0;39m2023-05-08 13:19:01,357 [main] &amp#27;[39mDEBUG&amp#27;[0;39m &amp#27;[36mc.g.d.z.s.o.a.hc.client5.http.wire&amp#27;[0;39m - &amp#27;[32mhttp-outgoing-1 >> "Connection: keep-alive[\r][\n]"
&amp#27;[0;39m2023-05-08 13:19:01,357 [main] &amp#27;[39mDEBUG&amp#27;[0;39m &amp#27;[36mc.g.d.z.s.o.a.hc.client5.http.wire&amp#27;[0;39m - &amp#27;[32mhttp-outgoing-1 >> "User-Agent: Apache-HttpClient/5.0.3 (Java/17.0.6)[\r][\n]"
&amp#27;[0;39m2023-05-08 13:19:01,357 [main] &amp#27;[39mDEBUG&amp#27;[0;39m &amp#27;[36mc.g.d.z.s.o.a.hc.client5.http.wire&amp#27;[0;39m - &amp#27;[32mhttp-outgoing-1 >> "[\r][\n]"
&amp#27;[0;39m2023-05-08 13:19:01,357 [main] &amp#27;[39mDEBUG&amp#27;[0;39m &amp#27;[36mc.g.d.z.s.o.a.hc.client5.http.wire&amp#27;[0;39m - &amp#27;[32mhttp-outgoing-1 << "HTTP/1.1 200 OK[\r][\n]"
&amp#27;[0;39m2023-05-08 13:19:01,358 [main] &amp#27;[39mDEBUG&amp#27;[0;39m &amp#27;[36mc.g.d.z.s.o.a.hc.client5.http.wire&amp#27;[0;39m - &amp#27;[32mhttp-outgoing-1 << "Api-Version: 1.42[\r][\n]"
&amp#27;[0;39m2023-05-08 13:19:01,358 [main] &amp#27;[39mDEBUG&amp#27;[0;39m &amp#27;[36mc.g.d.z.s.o.a.hc.client5.http.wire&amp#27;[0;39m - &amp#27;[32mhttp-outgoing-1 << "Content-Type: application/json[\r][\n]"
&amp#27;[0;39m2023-05-08 13:19:01,358 [main] &amp#27;[39mDEBUG&amp#27;[0;39m &amp#27;[36mc.g.d.z.s.o.a.hc.client5.http.wire&amp#27;[0;39m - &amp#27;[32mhttp-outgoing-1 << "Docker-Experimental: false[\r][\n]"
&amp#27;[0;39m2023-05-08 13:19:01,358 [main] &amp#27;[39mDEBUG&amp#27;[0;39m &amp#27;[36mc.g.d.z.s.o.a.hc.client5.http.wire&amp#27;[0;39m - &amp#27;[32mhttp-outgoing-1 << "Ostype: linux[\r][\n]"
&amp#27;[0;39m2023-05-08 13:19:01,358 [main] &amp#27;[39mDEBUG&amp#27;[0;39m &amp#27;[36mc.g.d.z.s.o.a.hc.client5.http.wire&amp#27;[0;39m - &amp#27;[32mhttp-outgoing-1 << "Server: Docker/23.0.5 (linux)[\r][\n]"
&amp#27;[0;39m2023-05-08 13:19:01,358 [main] &amp#27;[39mDEBUG&amp#27;[0;39m &amp#27;[36mc.g.d.z.s.o.a.hc.client5.http.wire&amp#27;[0;39m - &amp#27;[32mhttp-outgoing-1 << "Date: Mon, 08 May 2023 11:19:01 GMT[\r][\n]"
&amp#27;[0;39m2023-05-08 13:19:01,358 [main] &amp#27;[39mDEBUG&amp#27;[0;39m &amp#27;[36mc.g.d.z.s.o.a.hc.client5.http.wire&amp#27;[0;39m - &amp#27;[32mhttp-outgoing-1 << "Transfer-Encoding: chunked[\r][\n]"
&amp#27;[0;39m2023-05-08 13:19:01,358 [main] &amp#27;[39mDEBUG&amp#27;[0;39m &amp#27;[36mc.g.d.z.s.o.a.hc.client5.http.wire&amp#27;[0;39m - &amp#27;[32mhttp-outgoing-1 << "[\r][\n]"
&amp#27;[0;39m2023-05-08 13:19:01,358 [main] &amp#27;[39mDEBUG&amp#27;[0;39m &amp#27;[36mc.g.d.z.s.o.a.hc.client5.http.wire&amp#27;[0;39m - &amp#27;[32mhttp-outgoing-1 << "1890[\r][\n]"
&amp#27;[0;39m2023-05-08 13:19:01,358 [main] &amp#27;[39mDEBUG&amp#27;[0;39m &amp#27;[36mc.g.d.z.s.o.a.hc.client5.http.wire&amp#27;[0;39m - &amp#27;[32mhttp-outgoing-1 << "{"Id":"cccfb0602d7e775562ae171a9fe0a7ec811b6906268008a84fea93151d2a7305","Created":"2023-05-08T11:18:54.120535425Z","Path":"docker-entrypoint.sh","Args":["mysqld"],"State":{"Status":"running","Running":true,"Paused":false,"Restarting":false,"OOMKilled":false,"Dead":false,"Pid":59126,"ExitCode":0,"Error":"","StartedAt":"2023-05-08T11:18:54.468577716Z","FinishedAt":"0001-01-01T00:00:00Z"},"Image":"sha256:228d71078f8ce5ae9fd96b183f88c3a90e30544b4b7ce9d64a238d05fef2a681","ResolvConfPath":"/var/lib/docker/containers/cccfb0602d7e775562ae171a9fe0a7ec811b6906268008a84fea93151d2a7305/resolv.conf","HostnamePath":"/var/lib/docker/containers/cccfb0602d7e775562ae171a9fe0a7ec811b6906268008a84fea93151d2a7305/hostname","HostsPath":"/var/lib/docker/containers/cccfb0602d7e775562ae171a9fe0a7ec811b6906268008a84fea93151d2a7305/hosts","LogPath":"/var/lib/docker/containers/cccfb0602d7e775562ae171a9fe0a7ec811b6906268008a84fea93151d2a7305/cccfb0602d7e775562ae171a9fe0a7ec811b6906268008a84fea93151d2a7305-json.log","Name":"/charming_goodall","RestartCount":0,"Driver":"overlay2","Platform":"linux","MountLabel":"","ProcessLabel":"","AppArmorProfile":"docker-default","ExecIDs":null,"HostConfig":{"Binds":[],"ContainerIDFile":"","LogConfig":{"Type":"json-file","Config":{}},"NetworkMode":"default","PortBindings":{"3306/tcp":[{"HostIp":"","HostPort":""}]},"RestartPolicy":{"Name":"","MaximumRetryCount":0},"AutoRemove":false,"VolumeDriver":"","VolumesFrom":[],"ConsoleSize":[0,0],"CapAdd":null,"CapDrop":null,"CgroupnsMode":"private","Dns":null,"DnsOptions":null,"DnsSearch":null,"ExtraHosts":[],"GroupAdd":null,"IpcMode":"shareable","Cgroup":"","Links":null,"OomScoreAdj":0,"PidMode":"","Privileged":false,"PublishAllPorts":false,"ReadonlyRootfs":false,"SecurityOpt":null,"UTSMode":"","UsernsMode":"","ShmSize":67108864,"Runtime":"runc","Isolation":"","CpuShares":0,"Memory":0,"NanoCpus":0,"CgroupParent":"","BlkioWeight":0,"BlkioWeightDevice":null,"BlkioDeviceReadBps":null,"BlkioDeviceWriteBps":null,"BlkioDeviceReadIOps":null,"BlkioDeviceWriteIOps":null,"CpuPeriod":0,"CpuQuota":0,"CpuRealtimePeriod":0,"CpuRealtimeRuntime":0,"CpusetCpus":"","CpusetMems":"","Devices":null,"DeviceCgroupRules":null,"DeviceRequests":null,"MemoryReservation":0,"MemorySwap":0,"MemorySwappiness":null,"OomKillDisable":null,"PidsLimit":null,"Ulimits":null,"CpuCount":0,"CpuPercent":0,"IOMaximumIOps":0,"IOMaximumBandwidth":0,"MaskedPaths":["/proc/asound","/proc/acpi","/proc/kcore","/proc/keys","/proc/latency_stats","/proc/timer_list","/proc/timer_stats","/proc/sched_debug","/proc/scsi","/sys/firmware"],"ReadonlyPaths":["/proc/bus","/proc/fs","/proc/irq","/proc/sys","/proc/sysrq-trigger"]},"GraphDriver":{"Data":{"LowerDir":"/var/lib/docker/overlay2/0075f27ac39799b376a3e23bf05a650eb10c8a0f9ef49be1ab61e98fd3b93dc3-init/diff:/var/lib/docker/overlay2/4c6e20f032f02b27a9272f982861dc21998197aa90d94ed3bef95d449380247c/diff:/var/lib/docker/overlay2/0c75f828f603eff839bb3ca448163ab2a8017e86625ac255cd3dbf1673ddac26/diff:/var/lib/docker/overlay2/da128d897fda75829109844ce6cd9d73d0f54c682e735100af000ce899908729/diff:/var/lib/docker/overlay2/b678a1f261bf323afba6d76d91ab7428bdd6e1ef4a39b5224e4a1afd08c0423a/diff:/var/lib/docker/overlay2/1bec43b14875c5f9f814f146e8e31aa78566689c2c163da2ac60a32254988437/diff:/var/lib/docker/overlay2/28f4b1e6e1a7a2dbe30f1f94fb42bccd85a61faf8af1fe30a5bb0d442c525e41/diff:/var/lib/docker/overlay2/0f493124464c291d7c97d2633d5dff04b1dce5de904cb40a34dfbe7fe72e3fd4/diff:/var/lib/docker/overlay2/05befbee9e38cd670e1786b3310e99796dcc06abbed970007b4109a5424843fa/diff:/var/lib/docker/overlay2/582bcca9acfc4eef25109e1e1b9c9d104f355798455bc73e855c99283887a6e8/diff:/var/lib/docker/overlay2/153b3bf0b69e97e8f0e5533414a31ca33fa530e63d174c9617621abe46e7e9d1/diff:/var/lib/docker/overlay2/bf87a76c0a38875ee6e915fd0d2527eafa880ec6bf2c1cb294959428c18d10bd/diff","MergedDir":"/var/lib/docker/overlay2/0075f27ac39799b376a3e23bf05a650eb10c8a0f9ef49be1ab61e98fd3b93dc3/merged","UpperDir":"/var/lib/docker/overlay2/0075f27ac39799b376a3e23bf05a650eb10c8a0f9ef49be1ab61e98fd3b93dc3/diff","WorkDir":"/var/lib/docker/overlay2/0075f27ac39799b376a3e23bf05a650eb10c8a0f9ef49be1ab61e98fd3b93dc3/work"},"Name":"overlay2"},"Mounts":[{"Type":"volume","Name":"ffd30c8cc7ed7bf91bc1ebef46b0f06493ce1d3121e28c37d40240bd74b844a5","Source":"/var/lib/docker/volumes/ffd30c8cc7ed7bf91bc1ebef46b0f06493ce1d3121e28c37d40240bd74b844a5/_data","Destination":"/var/lib/mysql","Driver":"local","Mode":"","RW":true,"Propagation":""}],"Config":{"Hostname":"cccfb0602d7e","Domainname":"","User":"","AttachStdin":false,"AttachStdout":false,"AttachStderr":false,"ExposedPorts":{"3306/tcp":{}},"Tty":false,"OpenStdin":false,"StdinOnce":false,"Env":["MYSQL_DATABASE=test","MYSQL_PASSWORD=test","MYSQL_USER=test","MYSQL_ROOT_PASSWORD=test","PATH=/usr/local/sbin:/usr/local/bin:/usr/sbin:/usr/bin:/sbin:/bin","GOSU_VERSION=1.7","MYSQL_MAJOR=8.0","MYSQL_VERSION=8.0.0-dmr-1debian8"],"Cmd":["mysqld"],"Image":"mysql:8.0.0","Volumes":{"/var/lib/mysql":{}},"WorkingDir":"","Entrypoint":["docker-entrypoint.sh"],"OnBuild":null,"Labels":{"org.testcontainers":"true","org.testcontainers.lang":"java","org.testcontainers.sessionId":"f1b696c1-ec3f-4f95-afa8-081853be7ccb","org.testcontainers.version":"1.18.0"}},"NetworkSettings":{"Bridge":"","SandboxID":"75a4ef0436803615aa77c8b97de3cbbdd49519261fe2b3b6cdcae9bd2b1154aa","HairpinMode":false,"LinkLocalIPv6Address":"","LinkLocalIPv6PrefixLen":0,"Ports":{"3306/tcp":[{"HostIp":"0.0.0.0","HostPort":"32781"},{"HostIp":"::","HostPort":"32781"}]},"SandboxKey":"/var/run/docker/netns/75a4ef043680","SecondaryIPAddresses":null,"SecondaryIPv6Addresses":null,"EndpointID":"de3a5c9cc9471fdbec5943d78a8803fca61208fe4021ac9d3922ee2e8ec0d135","Gateway":"172.17.0.1","GlobalIPv6Address":"","GlobalIPv6PrefixLen":0,"IPAddress":"172.17.0.3","IPPrefixLen":16,"IPv6Gateway":"","MacAddress":"02:42:ac:11:00:03","Networks":{"bridge":{"IPAMConfig":null,"Links":null,"Aliases":null,"NetworkID":"e1a078e12eb8d77b497ed932f7fb43787eeb6ff6972febd7d03c9282b8b5cd45","EndpointID":"de3a5c9cc9471fdbec5943d78a8803fca61208fe4021ac9d3922ee2e8ec0d135","Gateway":"172.17.0.1","IPAddress":"172.17.0.3","IPPrefixLen":16,"IPv6Gateway":"","GlobalIPv6Address":"","GlobalIPv6PrefixLen":0,"MacAddress":"02:42:ac:11:00:03","DriverOpts":null}}}}[\n]"
&amp#27;[0;39m2023-05-08 13:19:01,358 [main] &amp#27;[39mDEBUG&amp#27;[0;39m &amp#27;[36mc.g.d.z.s.o.a.hc.client5.http.wire&amp#27;[0;39m - &amp#27;[32mhttp-outgoing-1 << "[\r][\n]"
&amp#27;[0;39m2023-05-08 13:19:01,358 [main] &amp#27;[39mDEBUG&amp#27;[0;39m &amp#27;[36mc.g.d.z.s.o.a.hc.client5.http.wire&amp#27;[0;39m - &amp#27;[32mhttp-outgoing-1 << "0[\r][\n]"
&amp#27;[0;39m2023-05-08 13:19:01,358 [main] &amp#27;[39mDEBUG&amp#27;[0;39m &amp#27;[36mc.g.d.z.s.o.a.hc.client5.http.wire&amp#27;[0;39m - &amp#27;[32mhttp-outgoing-1 << "[\r][\n]"
&amp#27;[0;39m2023-05-08 13:19:01,358 [main] &amp#27;[39mDEBUG&amp#27;[0;39m &amp#27;[36mc.g.d.z.s.o.a.h.client5.http.headers&amp#27;[0;39m - &amp#27;[32mhttp-outgoing-1 << HTTP/1.1 200 OK
&amp#27;[0;39m2023-05-08 13:19:01,358 [main] &amp#27;[39mDEBUG&amp#27;[0;39m &amp#27;[36mc.g.d.z.s.o.a.h.client5.http.headers&amp#27;[0;39m - &amp#27;[32mhttp-outgoing-1 << Api-Version: 1.42
&amp#27;[0;39m2023-05-08 13:19:01,358 [main] &amp#27;[39mDEBUG&amp#27;[0;39m &amp#27;[36mc.g.d.z.s.o.a.h.client5.http.headers&amp#27;[0;39m - &amp#27;[32mhttp-outgoing-1 << Content-Type: application/json
&amp#27;[0;39m2023-05-08 13:19:01,358 [main] &amp#27;[39mDEBUG&amp#27;[0;39m &amp#27;[36mc.g.d.z.s.o.a.h.client5.http.headers&amp#27;[0;39m - &amp#27;[32mhttp-outgoing-1 << Docker-Experimental: false
&amp#27;[0;39m2023-05-08 13:19:01,358 [main] &amp#27;[39mDEBUG&amp#27;[0;39m &amp#27;[36mc.g.d.z.s.o.a.h.client5.http.headers&amp#27;[0;39m - &amp#27;[32mhttp-outgoing-1 << Ostype: linux
&amp#27;[0;39m2023-05-08 13:19:01,358 [main] &amp#27;[39mDEBUG&amp#27;[0;39m &amp#27;[36mc.g.d.z.s.o.a.h.client5.http.headers&amp#27;[0;39m - &amp#27;[32mhttp-outgoing-1 << Server: Docker/23.0.5 (linux)
&amp#27;[0;39m2023-05-08 13:19:01,358 [main] &amp#27;[39mDEBUG&amp#27;[0;39m &amp#27;[36mc.g.d.z.s.o.a.h.client5.http.headers&amp#27;[0;39m - &amp#27;[32mhttp-outgoing-1 << Date: Mon, 08 May 2023 11:19:01 GMT
&amp#27;[0;39m2023-05-08 13:19:01,358 [main] &amp#27;[39mDEBUG&amp#27;[0;39m &amp#27;[36mc.g.d.z.s.o.a.h.client5.http.headers&amp#27;[0;39m - &amp#27;[32mhttp-outgoing-1 << Transfer-Encoding: chunked
&amp#27;[0;39m2023-05-08 13:19:01,358 [main] &amp#27;[39mDEBUG&amp#27;[0;39m &amp#27;[36mc.g.d.z.s.o.a.h.c.h.i.c.MainClientExec&amp#27;[0;39m - &amp#27;[32mex-00000052: connection can be kept alive for 3 MINUTES
&amp#27;[0;39m2023-05-08 13:19:01,358 [main] &amp#27;[39mDEBUG&amp#27;[0;39m &amp#27;[36mc.g.d.z.s.o.a.h.c.h.i.c.InternalHttpClient&amp#27;[0;39m - &amp#27;[32mep-00000051: releasing valid endpoint
&amp#27;[0;39m2023-05-08 13:19:01,358 [main] &amp#27;[39mDEBUG&amp#27;[0;39m &amp#27;[36mc.g.d.z.s.o.a.h.c.h.i.i.PoolingHttpClientConnectionManager&amp#27;[0;39m - &amp#27;[32mep-00000051: releasing endpoint
&amp#27;[0;39m2023-05-08 13:19:01,358 [main] &amp#27;[39mDEBUG&amp#27;[0;39m &amp#27;[36mc.g.d.z.s.o.a.h.c.h.i.i.PoolingHttpClientConnectionManager&amp#27;[0;39m - &amp#27;[32mep-00000051: connection http-outgoing-1 can be kept alive for 3 MINUTES
&amp#27;[0;39m2023-05-08 13:19:01,358 [main] &amp#27;[39mDEBUG&amp#27;[0;39m &amp#27;[36mc.g.d.z.s.o.a.h.c.h.i.i.PoolingHttpClientConnectionManager&amp#27;[0;39m - &amp#27;[32mep-00000051: connection released [route: {}->unix://localhost:2375][total available: 1; route allocated: 1 of 2147483647; total allocated: 1 of 2147483647]
&amp#27;[0;39m2023-05-08 13:19:01,358 [main] &amp#27;[39mDEBUG&amp#27;[0;39m &amp#27;[36mtc.mysql:8.0.0&amp#27;[0;39m - &amp#27;[32mTrying to create JDBC connection using com.mysql.cj.jdbc.Driver to jdbc:mysql://localhost:32781/test?useSSL=false&allowPublicKeyRetrieval=true with properties: {password=test, user=test}
&amp#27;[0;39m2023-05-08 13:19:01,363 [main] &amp#27;[39mDEBUG&amp#27;[0;39m &amp#27;[36mo.t.s.c.g.d.c.command.AbstrDockerCmd&amp#27;[0;39m - &amp#27;[32mCmd: cccfb0602d7e775562ae171a9fe0a7ec811b6906268008a84fea93151d2a7305,false
&amp#27;[0;39m2023-05-08 13:19:01,363 [main] &amp#27;[39mDEBUG&amp#27;[0;39m &amp#27;[36mo.t.s.c.g.d.c.e.InspectContainerCmdExec&amp#27;[0;39m - &amp#27;[32mGET: DefaultWebTarget{path=[/containers/cccfb0602d7e775562ae171a9fe0a7ec811b6906268008a84fea93151d2a7305/json], queryParams={}}
&amp#27;[0;39m2023-05-08 13:19:01,363 [main] &amp#27;[39mDEBUG&amp#27;[0;39m &amp#27;[36mc.g.d.z.s.o.a.h.c.h.i.c.InternalHttpClient&amp#27;[0;39m - &amp#27;[32mex-00000053: preparing request execution
&amp#27;[0;39m2023-05-08 13:19:01,363 [main] &amp#27;[39mDEBUG&amp#27;[0;39m &amp#27;[36mc.g.d.z.s.o.a.h.c.h.p.RequestAddCookies&amp#27;[0;39m - &amp#27;[32mCookie spec selected: strict
&amp#27;[0;39m2023-05-08 13:19:01,363 [main] &amp#27;[39mDEBUG&amp#27;[0;39m &amp#27;[36mc.g.d.z.s.o.a.h.c.h.p.RequestAuthCache&amp#27;[0;39m - &amp#27;[32mAuth cache not set in the context
&amp#27;[0;39m2023-05-08 13:19:01,363 [main] &amp#27;[39mDEBUG&amp#27;[0;39m &amp#27;[36mc.g.d.z.s.o.a.h.c.h.i.c.ProtocolExec&amp#27;[0;39m - &amp#27;[32mex-00000053: target auth state: UNCHALLENGED
&amp#27;[0;39m2023-05-08 13:19:01,363 [main] &amp#27;[39mDEBUG&amp#27;[0;39m &amp#27;[36mc.g.d.z.s.o.a.h.c.h.i.c.ProtocolExec&amp#27;[0;39m - &amp#27;[32mex-00000053: proxy auth state: UNCHALLENGED
&amp#27;[0;39m2023-05-08 13:19:01,363 [main] &amp#27;[39mDEBUG&amp#27;[0;39m &amp#27;[36mc.g.d.z.s.o.a.h.c.h.i.c.ConnectExec&amp#27;[0;39m - &amp#27;[32mex-00000053: acquiring connection with route {}->unix://localhost:2375
&amp#27;[0;39m2023-05-08 13:19:01,363 [main] &amp#27;[39mDEBUG&amp#27;[0;39m &amp#27;[36mc.g.d.z.s.o.a.h.c.h.i.c.InternalHttpClient&amp#27;[0;39m - &amp#27;[32mex-00000053: acquiring endpoint (3 MINUTES)
&amp#27;[0;39m2023-05-08 13:19:01,363 [main] &amp#27;[39mDEBUG&amp#27;[0;39m &amp#27;[36mc.g.d.z.s.o.a.h.c.h.i.i.PoolingHttpClientConnectionManager&amp#27;[0;39m - &amp#27;[32mex-00000053: endpoint lease request (3 MINUTES) [route: {}->unix://localhost:2375][total available: 1; route allocated: 1 of 2147483647; total allocated: 1 of 2147483647]
&amp#27;[0;39m2023-05-08 13:19:01,363 [main] &amp#27;[39mDEBUG&amp#27;[0;39m &amp#27;[36mc.g.d.z.s.o.a.h.c.h.i.i.PoolingHttpClientConnectionManager&amp#27;[0;39m - &amp#27;[32mex-00000053: endpoint leased [route: {}->unix://localhost:2375][total available: 0; route allocated: 1 of 2147483647; total allocated: 1 of 2147483647]
&amp#27;[0;39m2023-05-08 13:19:01,363 [main] &amp#27;[39mDEBUG&amp#27;[0;39m &amp#27;[36mc.g.d.z.s.o.a.h.c.h.i.i.PoolingHttpClientConnectionManager&amp#27;[0;39m - &amp#27;[32mex-00000053: acquired ep-00000052
&amp#27;[0;39m2023-05-08 13:19:01,363 [main] &amp#27;[39mDEBUG&amp#27;[0;39m &amp#27;[36mc.g.d.z.s.o.a.h.c.h.i.c.InternalHttpClient&amp#27;[0;39m - &amp#27;[32mex-00000053: acquired endpoint ep-00000052
&amp#27;[0;39m2023-05-08 13:19:01,363 [main] &amp#27;[39mDEBUG&amp#27;[0;39m &amp#27;[36mc.g.d.z.s.o.a.h.c.h.i.c.MainClientExec&amp#27;[0;39m - &amp#27;[32mex-00000053: executing GET /v1.32/containers/cccfb0602d7e775562ae171a9fe0a7ec811b6906268008a84fea93151d2a7305/json HTTP/1.1
&amp#27;[0;39m2023-05-08 13:19:01,363 [main] &amp#27;[39mDEBUG&amp#27;[0;39m &amp#27;[36mc.g.d.z.s.o.a.h.c.h.i.c.InternalHttpClient&amp#27;[0;39m - &amp#27;[32mep-00000052: start execution ex-00000053
&amp#27;[0;39m2023-05-08 13:19:01,363 [main] &amp#27;[39mDEBUG&amp#27;[0;39m &amp#27;[36mc.g.d.z.s.o.a.h.c.h.i.i.PoolingHttpClientConnectionManager&amp#27;[0;39m - &amp#27;[32mep-00000052: executing exchange ex-00000053 over http-outgoing-1
&amp#27;[0;39m2023-05-08 13:19:01,363 [main] &amp#27;[39mDEBUG&amp#27;[0;39m &amp#27;[36mc.g.d.z.s.o.a.h.client5.http.headers&amp#27;[0;39m - &amp#27;[32mhttp-outgoing-1 >> GET /v1.32/containers/cccfb0602d7e775562ae171a9fe0a7ec811b6906268008a84fea93151d2a7305/json HTTP/1.1
&amp#27;[0;39m2023-05-08 13:19:01,363 [main] &amp#27;[39mDEBUG&amp#27;[0;39m &amp#27;[36mc.g.d.z.s.o.a.h.client5.http.headers&amp#27;[0;39m - &amp#27;[32mhttp-outgoing-1 >> accept: application/json
&amp#27;[0;39m2023-05-08 13:19:01,363 [main] &amp#27;[39mDEBUG&amp#27;[0;39m &amp#27;[36mc.g.d.z.s.o.a.h.client5.http.headers&amp#27;[0;39m - &amp#27;[32mhttp-outgoing-1 >> x-tc-sid: f1b696c1-ec3f-4f95-afa8-081853be7ccb
&amp#27;[0;39m2023-05-08 13:19:01,363 [main] &amp#27;[39mDEBUG&amp#27;[0;39m &amp#27;[36mc.g.d.z.s.o.a.h.client5.http.headers&amp#27;[0;39m - &amp#27;[32mhttp-outgoing-1 >> Accept-Encoding: gzip, x-gzip, deflate
&amp#27;[0;39m2023-05-08 13:19:01,363 [main] &amp#27;[39mDEBUG&amp#27;[0;39m &amp#27;[36mc.g.d.z.s.o.a.h.client5.http.headers&amp#27;[0;39m - &amp#27;[32mhttp-outgoing-1 >> Host: localhost:2375
&amp#27;[0;39m2023-05-08 13:19:01,363 [main] &amp#27;[39mDEBUG&amp#27;[0;39m &amp#27;[36mc.g.d.z.s.o.a.h.client5.http.headers&amp#27;[0;39m - &amp#27;[32mhttp-outgoing-1 >> Connection: keep-alive
&amp#27;[0;39m2023-05-08 13:19:01,363 [main] &amp#27;[39mDEBUG&amp#27;[0;39m &amp#27;[36mc.g.d.z.s.o.a.h.client5.http.headers&amp#27;[0;39m - &amp#27;[32mhttp-outgoing-1 >> User-Agent: Apache-HttpClient/5.0.3 (Java/17.0.6)
&amp#27;[0;39m2023-05-08 13:19:01,363 [main] &amp#27;[39mDEBUG&amp#27;[0;39m &amp#27;[36mc.g.d.z.s.o.a.hc.client5.http.wire&amp#27;[0;39m - &amp#27;[32mhttp-outgoing-1 >> "GET /v1.32/containers/cccfb0602d7e775562ae171a9fe0a7ec811b6906268008a84fea93151d2a7305/json HTTP/1.1[\r][\n]"
&amp#27;[0;39m2023-05-08 13:19:01,363 [main] &amp#27;[39mDEBUG&amp#27;[0;39m &amp#27;[36mc.g.d.z.s.o.a.hc.client5.http.wire&amp#27;[0;39m - &amp#27;[32mhttp-outgoing-1 >> "accept: application/json[\r][\n]"
&amp#27;[0;39m2023-05-08 13:19:01,363 [main] &amp#27;[39mDEBUG&amp#27;[0;39m &amp#27;[36mc.g.d.z.s.o.a.hc.client5.http.wire&amp#27;[0;39m - &amp#27;[32mhttp-outgoing-1 >> "x-tc-sid: f1b696c1-ec3f-4f95-afa8-081853be7ccb[\r][\n]"
&amp#27;[0;39m2023-05-08 13:19:01,363 [main] &amp#27;[39mDEBUG&amp#27;[0;39m &amp#27;[36mc.g.d.z.s.o.a.hc.client5.http.wire&amp#27;[0;39m - &amp#27;[32mhttp-outgoing-1 >> "Accept-Encoding: gzip, x-gzip, deflate[\r][\n]"
&amp#27;[0;39m2023-05-08 13:19:01,363 [main] &amp#27;[39mDEBUG&amp#27;[0;39m &amp#27;[36mc.g.d.z.s.o.a.hc.client5.http.wire&amp#27;[0;39m - &amp#27;[32mhttp-outgoing-1 >> "Host: localhost:2375[\r][\n]"
&amp#27;[0;39m2023-05-08 13:19:01,363 [main] &amp#27;[39mDEBUG&amp#27;[0;39m &amp#27;[36mc.g.d.z.s.o.a.hc.client5.http.wire&amp#27;[0;39m - &amp#27;[32mhttp-outgoing-1 >> "Connection: keep-alive[\r][\n]"
&amp#27;[0;39m2023-05-08 13:19:01,363 [main] &amp#27;[39mDEBUG&amp#27;[0;39m &amp#27;[36mc.g.d.z.s.o.a.hc.client5.http.wire&amp#27;[0;39m - &amp#27;[32mhttp-outgoing-1 >> "User-Agent: Apache-HttpClient/5.0.3 (Java/17.0.6)[\r][\n]"
&amp#27;[0;39m2023-05-08 13:19:01,363 [main] &amp#27;[39mDEBUG&amp#27;[0;39m &amp#27;[36mc.g.d.z.s.o.a.hc.client5.http.wire&amp#27;[0;39m - &amp#27;[32mhttp-outgoing-1 >> "[\r][\n]"
&amp#27;[0;39m2023-05-08 13:19:01,364 [main] &amp#27;[39mDEBUG&amp#27;[0;39m &amp#27;[36mc.g.d.z.s.o.a.hc.client5.http.wire&amp#27;[0;39m - &amp#27;[32mhttp-outgoing-1 << "HTTP/1.1 200 OK[\r][\n]"
&amp#27;[0;39m2023-05-08 13:19:01,364 [main] &amp#27;[39mDEBUG&amp#27;[0;39m &amp#27;[36mc.g.d.z.s.o.a.hc.client5.http.wire&amp#27;[0;39m - &amp#27;[32mhttp-outgoing-1 << "Api-Version: 1.42[\r][\n]"
&amp#27;[0;39m2023-05-08 13:19:01,364 [main] &amp#27;[39mDEBUG&amp#27;[0;39m &amp#27;[36mc.g.d.z.s.o.a.hc.client5.http.wire&amp#27;[0;39m - &amp#27;[32mhttp-outgoing-1 << "Content-Type: application/json[\r][\n]"
&amp#27;[0;39m2023-05-08 13:19:01,364 [main] &amp#27;[39mDEBUG&amp#27;[0;39m &amp#27;[36mc.g.d.z.s.o.a.hc.client5.http.wire&amp#27;[0;39m - &amp#27;[32mhttp-outgoing-1 << "Docker-Experimental: false[\r][\n]"
&amp#27;[0;39m2023-05-08 13:19:01,364 [main] &amp#27;[39mDEBUG&amp#27;[0;39m &amp#27;[36mc.g.d.z.s.o.a.hc.client5.http.wire&amp#27;[0;39m - &amp#27;[32mhttp-outgoing-1 << "Ostype: linux[\r][\n]"
&amp#27;[0;39m2023-05-08 13:19:01,364 [main] &amp#27;[39mDEBUG&amp#27;[0;39m &amp#27;[36mc.g.d.z.s.o.a.hc.client5.http.wire&amp#27;[0;39m - &amp#27;[32mhttp-outgoing-1 << "Server: Docker/23.0.5 (linux)[\r][\n]"
&amp#27;[0;39m2023-05-08 13:19:01,364 [main] &amp#27;[39mDEBUG&amp#27;[0;39m &amp#27;[36mc.g.d.z.s.o.a.hc.client5.http.wire&amp#27;[0;39m - &amp#27;[32mhttp-outgoing-1 << "Date: Mon, 08 May 2023 11:19:01 GMT[\r][\n]"
&amp#27;[0;39m2023-05-08 13:19:01,364 [main] &amp#27;[39mDEBUG&amp#27;[0;39m &amp#27;[36mc.g.d.z.s.o.a.hc.client5.http.wire&amp#27;[0;39m - &amp#27;[32mhttp-outgoing-1 << "Transfer-Encoding: chunked[\r][\n]"
&amp#27;[0;39m2023-05-08 13:19:01,364 [main] &amp#27;[39mDEBUG&amp#27;[0;39m &amp#27;[36mc.g.d.z.s.o.a.hc.client5.http.wire&amp#27;[0;39m - &amp#27;[32mhttp-outgoing-1 << "[\r][\n]"
&amp#27;[0;39m2023-05-08 13:19:01,364 [main] &amp#27;[39mDEBUG&amp#27;[0;39m &amp#27;[36mc.g.d.z.s.o.a.hc.client5.http.wire&amp#27;[0;39m - &amp#27;[32mhttp-outgoing-1 << "1890[\r][\n]"
&amp#27;[0;39m2023-05-08 13:19:01,364 [main] &amp#27;[39mDEBUG&amp#27;[0;39m &amp#27;[36mc.g.d.z.s.o.a.hc.client5.http.wire&amp#27;[0;39m - &amp#27;[32mhttp-outgoing-1 << "{"Id":"cccfb0602d7e775562ae171a9fe0a7ec811b6906268008a84fea93151d2a7305","Created":"2023-05-08T11:18:54.120535425Z","Path":"docker-entrypoint.sh","Args":["mysqld"],"State":{"Status":"running","Running":true,"Paused":false,"Restarting":false,"OOMKilled":false,"Dead":false,"Pid":59126,"ExitCode":0,"Error":"","StartedAt":"2023-05-08T11:18:54.468577716Z","FinishedAt":"0001-01-01T00:00:00Z"},"Image":"sha256:228d71078f8ce5ae9fd96b183f88c3a90e30544b4b7ce9d64a238d05fef2a681","ResolvConfPath":"/var/lib/docker/containers/cccfb0602d7e775562ae171a9fe0a7ec811b6906268008a84fea93151d2a7305/resolv.conf","HostnamePath":"/var/lib/docker/containers/cccfb0602d7e775562ae171a9fe0a7ec811b6906268008a84fea93151d2a7305/hostname","HostsPath":"/var/lib/docker/containers/cccfb0602d7e775562ae171a9fe0a7ec811b6906268008a84fea93151d2a7305/hosts","LogPath":"/var/lib/docker/containers/cccfb0602d7e775562ae171a9fe0a7ec811b6906268008a84fea93151d2a7305/cccfb0602d7e775562ae171a9fe0a7ec811b6906268008a84fea93151d2a7305-json.log","Name":"/charming_goodall","RestartCount":0,"Driver":"overlay2","Platform":"linux","MountLabel":"","ProcessLabel":"","AppArmorProfile":"docker-default","ExecIDs":null,"HostConfig":{"Binds":[],"ContainerIDFile":"","LogConfig":{"Type":"json-file","Config":{}},"NetworkMode":"default","PortBindings":{"3306/tcp":[{"HostIp":"","HostPort":""}]},"RestartPolicy":{"Name":"","MaximumRetryCount":0},"AutoRemove":false,"VolumeDriver":"","VolumesFrom":[],"ConsoleSize":[0,0],"CapAdd":null,"CapDrop":null,"CgroupnsMode":"private","Dns":null,"DnsOptions":null,"DnsSearch":null,"ExtraHosts":[],"GroupAdd":null,"IpcMode":"shareable","Cgroup":"","Links":null,"OomScoreAdj":0,"PidMode":"","Privileged":false,"PublishAllPorts":false,"ReadonlyRootfs":false,"SecurityOpt":null,"UTSMode":"","UsernsMode":"","ShmSize":67108864,"Runtime":"runc","Isolation":"","CpuShares":0,"Memory":0,"NanoCpus":0,"CgroupParent":"","BlkioWeight":0,"BlkioWeightDevice":null,"BlkioDeviceReadBps":null,"BlkioDeviceWriteBps":null,"BlkioDeviceReadIOps":null,"BlkioDeviceWriteIOps":null,"CpuPeriod":0,"CpuQuota":0,"CpuRealtimePeriod":0,"CpuRealtimeRuntime":0,"CpusetCpus":"","CpusetMems":"","Devices":null,"DeviceCgroupRules":null,"DeviceRequests":null,"MemoryReservation":0,"MemorySwap":0,"MemorySwappiness":null,"OomKillDisable":null,"PidsLimit":null,"Ulimits":null,"CpuCount":0,"CpuPercent":0,"IOMaximumIOps":0,"IOMaximumBandwidth":0,"MaskedPaths":["/proc/asound","/proc/acpi","/proc/kcore","/proc/keys","/proc/latency_stats","/proc/timer_list","/proc/timer_stats","/proc/sched_debug","/proc/scsi","/sys/firmware"],"ReadonlyPaths":["/proc/bus","/proc/fs","/proc/irq","/proc/sys","/proc/sysrq-trigger"]},"GraphDriver":{"Data":{"LowerDir":"/var/lib/docker/overlay2/0075f27ac39799b376a3e23bf05a650eb10c8a0f9ef49be1ab61e98fd3b93dc3-init/diff:/var/lib/docker/overlay2/4c6e20f032f02b27a9272f982861dc21998197aa90d94ed3bef95d449380247c/diff:/var/lib/docker/overlay2/0c75f828f603eff839bb3ca448163ab2a8017e86625ac255cd3dbf1673ddac26/diff:/var/lib/docker/overlay2/da128d897fda75829109844ce6cd9d73d0f54c682e735100af000ce899908729/diff:/var/lib/docker/overlay2/b678a1f261bf323afba6d76d91ab7428bdd6e1ef4a39b5224e4a1afd08c0423a/diff:/var/lib/docker/overlay2/1bec43b14875c5f9f814f146e8e31aa78566689c2c163da2ac60a32254988437/diff:/var/lib/docker/overlay2/28f4b1e6e1a7a2dbe30f1f94fb42bccd85a61faf8af1fe30a5bb0d442c525e41/diff:/var/lib/docker/overlay2/0f493124464c291d7c97d2633d5dff04b1dce5de904cb40a34dfbe7fe72e3fd4/diff:/var/lib/docker/overlay2/05befbee9e38cd670e1786b3310e99796dcc06abbed970007b4109a5424843fa/diff:/var/lib/docker/overlay2/582bcca9acfc4eef25109e1e1b9c9d104f355798455bc73e855c99283887a6e8/diff:/var/lib/docker/overlay2/153b3bf0b69e97e8f0e5533414a31ca33fa530e63d174c9617621abe46e7e9d1/diff:/var/lib/docker/overlay2/bf87a76c0a38875ee6e915fd0d2527eafa880ec6bf2c1cb294959428c18d10bd/diff","MergedDir":"/var/lib/docker/overlay2/0075f27ac39799b376a3e23bf05a650eb10c8a0f9ef49be1ab61e98fd3b93dc3/merged","UpperDir":"/var/lib/docker/overlay2/0075f27ac39799b376a3e23bf05a650eb10c8a0f9ef49be1ab61e98fd3b93dc3/diff","WorkDir":"/var/lib/docker/overlay2/0075f27ac39799b376a3e23bf05a650eb10c8a0f9ef49be1ab61e98fd3b93dc3/work"},"Name":"overlay2"},"Mounts":[{"Type":"volume","Name":"ffd30c8cc7ed7bf91bc1ebef46b0f06493ce1d3121e28c37d40240bd74b844a5","Source":"/var/lib/docker/volumes/ffd30c8cc7ed7bf91bc1ebef46b0f06493ce1d3121e28c37d40240bd74b844a5/_data","Destination":"/var/lib/mysql","Driver":"local","Mode":"","RW":true,"Propagation":""}],"Config":{"Hostname":"cccfb0602d7e","Domainname":"","User":"","AttachStdin":false,"AttachStdout":false,"AttachStderr":false,"ExposedPorts":{"3306/tcp":{}},"Tty":false,"OpenStdin":false,"StdinOnce":false,"Env":["MYSQL_DATABASE=test","MYSQL_PASSWORD=test","MYSQL_USER=test","MYSQL_ROOT_PASSWORD=test","PATH=/usr/local/sbin:/usr/local/bin:/usr/sbin:/usr/bin:/sbin:/bin","GOSU_VERSION=1.7","MYSQL_MAJOR=8.0","MYSQL_VERSION=8.0.0-dmr-1debian8"],"Cmd":["mysqld"],"Image":"mysql:8.0.0","Volumes":{"/var/lib/mysql":{}},"WorkingDir":"","Entrypoint":["docker-entrypoint.sh"],"OnBuild":null,"Labels":{"org.testcontainers":"true","org.testcontainers.lang":"java","org.testcontainers.sessionId":"f1b696c1-ec3f-4f95-afa8-081853be7ccb","org.testcontainers.version":"1.18.0"}},"NetworkSettings":{"Bridge":"","SandboxID":"75a4ef0436803615aa77c8b97de3cbbdd49519261fe2b3b6cdcae9bd2b1154aa","HairpinMode":false,"LinkLocalIPv6Address":"","LinkLocalIPv6PrefixLen":0,"Ports":{"3306/tcp":[{"HostIp":"0.0.0.0","HostPort":"32781"},{"HostIp":"::","HostPort":"32781"}]},"SandboxKey":"/var/run/docker/netns/75a4ef043680","SecondaryIPAddresses":null,"SecondaryIPv6Addresses":null,"EndpointID":"de3a5c9cc9471fdbec5943d78a8803fca61208fe4021ac9d3922ee2e8ec0d135","Gateway":"172.17.0.1","GlobalIPv6Address":"","GlobalIPv6PrefixLen":0,"IPAddress":"172.17.0.3","IPPrefixLen":16,"IPv6Gateway":"","MacAddress":"02:42:ac:11:00:03","Networks":{"bridge":{"IPAMConfig":null,"Links":null,"Aliases":null,"NetworkID":"e1a078e12eb8d77b497ed932f7fb43787eeb6ff6972febd7d03c9282b8b5cd45","EndpointID":"de3a5c9cc9471fdbec5943d78a8803fca61208fe4021ac9d3922ee2e8ec0d135","Gateway":"172.17.0.1","IPAddress":"172.17.0.3","IPPrefixLen":16,"IPv6Gateway":"","GlobalIPv6Address":"","GlobalIPv6PrefixLen":0,"MacAddress":"02:42:ac:11:00:03","DriverOpts":null}}}}[\n]"
&amp#27;[0;39m2023-05-08 13:19:01,364 [main] &amp#27;[39mDEBUG&amp#27;[0;39m &amp#27;[36mc.g.d.z.s.o.a.hc.client5.http.wire&amp#27;[0;39m - &amp#27;[32mhttp-outgoing-1 << "[\r][\n]"
&amp#27;[0;39m2023-05-08 13:19:01,364 [main] &amp#27;[39mDEBUG&amp#27;[0;39m &amp#27;[36mc.g.d.z.s.o.a.hc.client5.http.wire&amp#27;[0;39m - &amp#27;[32mhttp-outgoing-1 << "0[\r][\n]"
&amp#27;[0;39m2023-05-08 13:19:01,364 [main] &amp#27;[39mDEBUG&amp#27;[0;39m &amp#27;[36mc.g.d.z.s.o.a.hc.client5.http.wire&amp#27;[0;39m - &amp#27;[32mhttp-outgoing-1 << "[\r][\n]"
&amp#27;[0;39m2023-05-08 13:19:01,364 [main] &amp#27;[39mDEBUG&amp#27;[0;39m &amp#27;[36mc.g.d.z.s.o.a.h.client5.http.headers&amp#27;[0;39m - &amp#27;[32mhttp-outgoing-1 << HTTP/1.1 200 OK
&amp#27;[0;39m2023-05-08 13:19:01,364 [main] &amp#27;[39mDEBUG&amp#27;[0;39m &amp#27;[36mc.g.d.z.s.o.a.h.client5.http.headers&amp#27;[0;39m - &amp#27;[32mhttp-outgoing-1 << Api-Version: 1.42
&amp#27;[0;39m2023-05-08 13:19:01,364 [main] &amp#27;[39mDEBUG&amp#27;[0;39m &amp#27;[36mc.g.d.z.s.o.a.h.client5.http.headers&amp#27;[0;39m - &amp#27;[32mhttp-outgoing-1 << Content-Type: application/json
&amp#27;[0;39m2023-05-08 13:19:01,364 [main] &amp#27;[39mDEBUG&amp#27;[0;39m &amp#27;[36mc.g.d.z.s.o.a.h.client5.http.headers&amp#27;[0;39m - &amp#27;[32mhttp-outgoing-1 << Docker-Experimental: false
&amp#27;[0;39m2023-05-08 13:19:01,364 [main] &amp#27;[39mDEBUG&amp#27;[0;39m &amp#27;[36mc.g.d.z.s.o.a.h.client5.http.headers&amp#27;[0;39m - &amp#27;[32mhttp-outgoing-1 << Ostype: linux
&amp#27;[0;39m2023-05-08 13:19:01,364 [main] &amp#27;[39mDEBUG&amp#27;[0;39m &amp#27;[36mc.g.d.z.s.o.a.h.client5.http.headers&amp#27;[0;39m - &amp#27;[32mhttp-outgoing-1 << Server: Docker/23.0.5 (linux)
&amp#27;[0;39m2023-05-08 13:19:01,364 [main] &amp#27;[39mDEBUG&amp#27;[0;39m &amp#27;[36mc.g.d.z.s.o.a.h.client5.http.headers&amp#27;[0;39m - &amp#27;[32mhttp-outgoing-1 << Date: Mon, 08 May 2023 11:19:01 GMT
&amp#27;[0;39m2023-05-08 13:19:01,364 [main] &amp#27;[39mDEBUG&amp#27;[0;39m &amp#27;[36mc.g.d.z.s.o.a.h.client5.http.headers&amp#27;[0;39m - &amp#27;[32mhttp-outgoing-1 << Transfer-Encoding: chunked
&amp#27;[0;39m2023-05-08 13:19:01,364 [main] &amp#27;[39mDEBUG&amp#27;[0;39m &amp#27;[36mc.g.d.z.s.o.a.h.c.h.i.c.MainClientExec&amp#27;[0;39m - &amp#27;[32mex-00000053: connection can be kept alive for 3 MINUTES
&amp#27;[0;39m2023-05-08 13:19:01,364 [main] &amp#27;[39mDEBUG&amp#27;[0;39m &amp#27;[36mc.g.d.z.s.o.a.h.c.h.i.c.InternalHttpClient&amp#27;[0;39m - &amp#27;[32mep-00000052: releasing valid endpoint
&amp#27;[0;39m2023-05-08 13:19:01,364 [main] &amp#27;[39mDEBUG&amp#27;[0;39m &amp#27;[36mc.g.d.z.s.o.a.h.c.h.i.i.PoolingHttpClientConnectionManager&amp#27;[0;39m - &amp#27;[32mep-00000052: releasing endpoint
&amp#27;[0;39m2023-05-08 13:19:01,364 [main] &amp#27;[39mDEBUG&amp#27;[0;39m &amp#27;[36mc.g.d.z.s.o.a.h.c.h.i.i.PoolingHttpClientConnectionManager&amp#27;[0;39m - &amp#27;[32mep-00000052: connection http-outgoing-1 can be kept alive for 3 MINUTES
&amp#27;[0;39m2023-05-08 13:19:01,364 [main] &amp#27;[39mDEBUG&amp#27;[0;39m &amp#27;[36mc.g.d.z.s.o.a.h.c.h.i.i.PoolingHttpClientConnectionManager&amp#27;[0;39m - &amp#27;[32mep-00000052: connection released [route: {}->unix://localhost:2375][total available: 1; route allocated: 1 of 2147483647; total allocated: 1 of 2147483647]
&amp#27;[0;39m2023-05-08 13:19:01,365 [main] &amp#27;[39mDEBUG&amp#27;[0;39m &amp#27;[36mo.t.s.c.g.d.c.command.AbstrDockerCmd&amp#27;[0;39m - &amp#27;[32mCmd: cccfb0602d7e775562ae171a9fe0a7ec811b6906268008a84fea93151d2a7305,<null>
&amp#27;[0;39m2023-05-08 13:19:01,365 [main] &amp#27;[39mDEBUG&amp#27;[0;39m &amp#27;[36mc.g.d.z.s.o.a.h.c.h.i.c.InternalHttpClient&amp#27;[0;39m - &amp#27;[32mex-00000054: preparing request execution
&amp#27;[0;39m2023-05-08 13:19:01,365 [main] &amp#27;[39mDEBUG&amp#27;[0;39m &amp#27;[36mc.g.d.z.s.o.a.h.c.h.p.RequestAddCookies&amp#27;[0;39m - &amp#27;[32mCookie spec selected: strict
&amp#27;[0;39m2023-05-08 13:19:01,365 [main] &amp#27;[39mDEBUG&amp#27;[0;39m &amp#27;[36mc.g.d.z.s.o.a.h.c.h.p.RequestAuthCache&amp#27;[0;39m - &amp#27;[32mAuth cache not set in the context
&amp#27;[0;39m2023-05-08 13:19:01,365 [main] &amp#27;[39mDEBUG&amp#27;[0;39m &amp#27;[36mc.g.d.z.s.o.a.h.c.h.i.c.ProtocolExec&amp#27;[0;39m - &amp#27;[32mex-00000054: target auth state: UNCHALLENGED
&amp#27;[0;39m2023-05-08 13:19:01,365 [main] &amp#27;[39mDEBUG&amp#27;[0;39m &amp#27;[36mc.g.d.z.s.o.a.h.c.h.i.c.ProtocolExec&amp#27;[0;39m - &amp#27;[32mex-00000054: proxy auth state: UNCHALLENGED
&amp#27;[0;39m2023-05-08 13:19:01,365 [main] &amp#27;[39mDEBUG&amp#27;[0;39m &amp#27;[36mc.g.d.z.s.o.a.h.c.h.i.c.ConnectExec&amp#27;[0;39m - &amp#27;[32mex-00000054: acquiring connection with route {}->unix://localhost:2375
&amp#27;[0;39m2023-05-08 13:19:01,365 [main] &amp#27;[39mDEBUG&amp#27;[0;39m &amp#27;[36mc.g.d.z.s.o.a.h.c.h.i.c.InternalHttpClient&amp#27;[0;39m - &amp#27;[32mex-00000054: acquiring endpoint (3 MINUTES)
&amp#27;[0;39m2023-05-08 13:19:01,365 [main] &amp#27;[39mDEBUG&amp#27;[0;39m &amp#27;[36mc.g.d.z.s.o.a.h.c.h.i.i.PoolingHttpClientConnectionManager&amp#27;[0;39m - &amp#27;[32mex-00000054: endpoint lease request (3 MINUTES) [route: {}->unix://localhost:2375][total available: 1; route allocated: 1 of 2147483647; total allocated: 1 of 2147483647]
&amp#27;[0;39m2023-05-08 13:19:01,365 [main] &amp#27;[39mDEBUG&amp#27;[0;39m &amp#27;[36mc.g.d.z.s.o.a.h.c.h.i.i.PoolingHttpClientConnectionManager&amp#27;[0;39m - &amp#27;[32mex-00000054: endpoint leased [route: {}->unix://localhost:2375][total available: 0; route allocated: 1 of 2147483647; total allocated: 1 of 2147483647]
&amp#27;[0;39m2023-05-08 13:19:01,365 [main] &amp#27;[39mDEBUG&amp#27;[0;39m &amp#27;[36mc.g.d.z.s.o.a.h.c.h.i.i.PoolingHttpClientConnectionManager&amp#27;[0;39m - &amp#27;[32mex-00000054: acquired ep-00000053
&amp#27;[0;39m2023-05-08 13:19:01,365 [main] &amp#27;[39mDEBUG&amp#27;[0;39m &amp#27;[36mc.g.d.z.s.o.a.h.c.h.i.c.InternalHttpClient&amp#27;[0;39m - &amp#27;[32mex-00000054: acquired endpoint ep-00000053
&amp#27;[0;39m2023-05-08 13:19:01,365 [main] &amp#27;[39mDEBUG&amp#27;[0;39m &amp#27;[36mc.g.d.z.s.o.a.h.c.h.i.c.MainClientExec&amp#27;[0;39m - &amp#27;[32mex-00000054: executing POST /v1.32/containers/cccfb0602d7e775562ae171a9fe0a7ec811b6906268008a84fea93151d2a7305/kill HTTP/1.1
&amp#27;[0;39m2023-05-08 13:19:01,365 [main] &amp#27;[39mDEBUG&amp#27;[0;39m &amp#27;[36mc.g.d.z.s.o.a.h.c.h.i.c.InternalHttpClient&amp#27;[0;39m - &amp#27;[32mep-00000053: start execution ex-00000054
&amp#27;[0;39m2023-05-08 13:19:01,365 [main] &amp#27;[39mDEBUG&amp#27;[0;39m &amp#27;[36mc.g.d.z.s.o.a.h.c.h.i.i.PoolingHttpClientConnectionManager&amp#27;[0;39m - &amp#27;[32mep-00000053: executing exchange ex-00000054 over http-outgoing-1
&amp#27;[0;39m2023-05-08 13:19:01,365 [main] &amp#27;[39mDEBUG&amp#27;[0;39m &amp#27;[36mc.g.d.z.s.o.a.h.client5.http.headers&amp#27;[0;39m - &amp#27;[32mhttp-outgoing-1 >> POST /v1.32/containers/cccfb0602d7e775562ae171a9fe0a7ec811b6906268008a84fea93151d2a7305/kill HTTP/1.1
&amp#27;[0;39m2023-05-08 13:19:01,365 [main] &amp#27;[39mDEBUG&amp#27;[0;39m &amp#27;[36mc.g.d.z.s.o.a.h.client5.http.headers&amp#27;[0;39m - &amp#27;[32mhttp-outgoing-1 >> accept: application/json
&amp#27;[0;39m2023-05-08 13:19:01,365 [main] &amp#27;[39mDEBUG&amp#27;[0;39m &amp#27;[36mc.g.d.z.s.o.a.h.client5.http.headers&amp#27;[0;39m - &amp#27;[32mhttp-outgoing-1 >> content-type: application/json
&amp#27;[0;39m2023-05-08 13:19:01,365 [main] &amp#27;[39mDEBUG&amp#27;[0;39m &amp#27;[36mc.g.d.z.s.o.a.h.client5.http.headers&amp#27;[0;39m - &amp#27;[32mhttp-outgoing-1 >> x-tc-sid: f1b696c1-ec3f-4f95-afa8-081853be7ccb
&amp#27;[0;39m2023-05-08 13:19:01,365 [main] &amp#27;[39mDEBUG&amp#27;[0;39m &amp#27;[36mc.g.d.z.s.o.a.h.client5.http.headers&amp#27;[0;39m - &amp#27;[32mhttp-outgoing-1 >> Accept-Encoding: gzip, x-gzip, deflate
&amp#27;[0;39m2023-05-08 13:19:01,365 [main] &amp#27;[39mDEBUG&amp#27;[0;39m &amp#27;[36mc.g.d.z.s.o.a.h.client5.http.headers&amp#27;[0;39m - &amp#27;[32mhttp-outgoing-1 >> Host: localhost:2375
&amp#27;[0;39m2023-05-08 13:19:01,365 [main] &amp#27;[39mDEBUG&amp#27;[0;39m &amp#27;[36mc.g.d.z.s.o.a.h.client5.http.headers&amp#27;[0;39m - &amp#27;[32mhttp-outgoing-1 >> Connection: keep-alive
&amp#27;[0;39m2023-05-08 13:19:01,365 [main] &amp#27;[39mDEBUG&amp#27;[0;39m &amp#27;[36mc.g.d.z.s.o.a.h.client5.http.headers&amp#27;[0;39m - &amp#27;[32mhttp-outgoing-1 >> User-Agent: Apache-HttpClient/5.0.3 (Java/17.0.6)
&amp#27;[0;39m2023-05-08 13:19:01,365 [main] &amp#27;[39mDEBUG&amp#27;[0;39m &amp#27;[36mc.g.d.z.s.o.a.hc.client5.http.wire&amp#27;[0;39m - &amp#27;[32mhttp-outgoing-1 >> "POST /v1.32/containers/cccfb0602d7e775562ae171a9fe0a7ec811b6906268008a84fea93151d2a7305/kill HTTP/1.1[\r][\n]"
&amp#27;[0;39m2023-05-08 13:19:01,365 [main] &amp#27;[39mDEBUG&amp#27;[0;39m &amp#27;[36mc.g.d.z.s.o.a.hc.client5.http.wire&amp#27;[0;39m - &amp#27;[32mhttp-outgoing-1 >> "accept: application/json[\r][\n]"
&amp#27;[0;39m2023-05-08 13:19:01,365 [main] &amp#27;[39mDEBUG&amp#27;[0;39m &amp#27;[36mc.g.d.z.s.o.a.hc.client5.http.wire&amp#27;[0;39m - &amp#27;[32mhttp-outgoing-1 >> "content-type: application/json[\r][\n]"
&amp#27;[0;39m2023-05-08 13:19:01,365 [main] &amp#27;[39mDEBUG&amp#27;[0;39m &amp#27;[36mc.g.d.z.s.o.a.hc.client5.http.wire&amp#27;[0;39m - &amp#27;[32mhttp-outgoing-1 >> "x-tc-sid: f1b696c1-ec3f-4f95-afa8-081853be7ccb[\r][\n]"
&amp#27;[0;39m2023-05-08 13:19:01,365 [main] &amp#27;[39mDEBUG&amp#27;[0;39m &amp#27;[36mc.g.d.z.s.o.a.hc.client5.http.wire&amp#27;[0;39m - &amp#27;[32mhttp-outgoing-1 >> "Accept-Encoding: gzip, x-gzip, deflate[\r][\n]"
&amp#27;[0;39m2023-05-08 13:19:01,365 [main] &amp#27;[39mDEBUG&amp#27;[0;39m &amp#27;[36mc.g.d.z.s.o.a.hc.client5.http.wire&amp#27;[0;39m - &amp#27;[32mhttp-outgoing-1 >> "Host: localhost:2375[\r][\n]"
&amp#27;[0;39m2023-05-08 13:19:01,365 [main] &amp#27;[39mDEBUG&amp#27;[0;39m &amp#27;[36mc.g.d.z.s.o.a.hc.client5.http.wire&amp#27;[0;39m - &amp#27;[32mhttp-outgoing-1 >> "Connection: keep-alive[\r][\n]"
&amp#27;[0;39m2023-05-08 13:19:01,365 [main] &amp#27;[39mDEBUG&amp#27;[0;39m &amp#27;[36mc.g.d.z.s.o.a.hc.client5.http.wire&amp#27;[0;39m - &amp#27;[32mhttp-outgoing-1 >> "User-Agent: Apache-HttpClient/5.0.3 (Java/17.0.6)[\r][\n]"
&amp#27;[0;39m2023-05-08 13:19:01,365 [main] &amp#27;[39mDEBUG&amp#27;[0;39m &amp#27;[36mc.g.d.z.s.o.a.hc.client5.http.wire&amp#27;[0;39m - &amp#27;[32mhttp-outgoing-1 >> "[\r][\n]"
&amp#27;[0;39m2023-05-08 13:19:01,733 [main] &amp#27;[39mDEBUG&amp#27;[0;39m &amp#27;[36mc.g.d.z.s.o.a.hc.client5.http.wire&amp#27;[0;39m - &amp#27;[32mhttp-outgoing-1 << "HTTP/1.1 204 No Content[\r][\n]"
&amp#27;[0;39m2023-05-08 13:19:01,734 [main] &amp#27;[39mDEBUG&amp#27;[0;39m &amp#27;[36mc.g.d.z.s.o.a.hc.client5.http.wire&amp#27;[0;39m - &amp#27;[32mhttp-outgoing-1 << "Api-Version: 1.42[\r][\n]"
&amp#27;[0;39m2023-05-08 13:19:01,734 [main] &amp#27;[39mDEBUG&amp#27;[0;39m &amp#27;[36mc.g.d.z.s.o.a.hc.client5.http.wire&amp#27;[0;39m - &amp#27;[32mhttp-outgoing-1 << "Docker-Experimental: false[\r][\n]"
&amp#27;[0;39m2023-05-08 13:19:01,734 [main] &amp#27;[39mDEBUG&amp#27;[0;39m &amp#27;[36mc.g.d.z.s.o.a.hc.client5.http.wire&amp#27;[0;39m - &amp#27;[32mhttp-outgoing-1 << "Ostype: linux[\r][\n]"
&amp#27;[0;39m2023-05-08 13:19:01,734 [main] &amp#27;[39mDEBUG&amp#27;[0;39m &amp#27;[36mc.g.d.z.s.o.a.hc.client5.http.wire&amp#27;[0;39m - &amp#27;[32mhttp-outgoing-1 << "Server: Docker/23.0.5 (linux)[\r][\n]"
&amp#27;[0;39m2023-05-08 13:19:01,734 [main] &amp#27;[39mDEBUG&amp#27;[0;39m &amp#27;[36mc.g.d.z.s.o.a.hc.client5.http.wire&amp#27;[0;39m - &amp#27;[32mhttp-outgoing-1 << "Date: Mon, 08 May 2023 11:19:01 GMT[\r][\n]"
&amp#27;[0;39m2023-05-08 13:19:01,734 [main] &amp#27;[39mDEBUG&amp#27;[0;39m &amp#27;[36mc.g.d.z.s.o.a.hc.client5.http.wire&amp#27;[0;39m - &amp#27;[32mhttp-outgoing-1 << "[\r][\n]"
&amp#27;[0;39m2023-05-08 13:19:01,734 [main] &amp#27;[39mDEBUG&amp#27;[0;39m &amp#27;[36mc.g.d.z.s.o.a.h.client5.http.headers&amp#27;[0;39m - &amp#27;[32mhttp-outgoing-1 << HTTP/1.1 204 No Content
&amp#27;[0;39m2023-05-08 13:19:01,734 [main] &amp#27;[39mDEBUG&amp#27;[0;39m &amp#27;[36mc.g.d.z.s.o.a.h.client5.http.headers&amp#27;[0;39m - &amp#27;[32mhttp-outgoing-1 << Api-Version: 1.42
&amp#27;[0;39m2023-05-08 13:19:01,734 [main] &amp#27;[39mDEBUG&amp#27;[0;39m &amp#27;[36mc.g.d.z.s.o.a.h.client5.http.headers&amp#27;[0;39m - &amp#27;[32mhttp-outgoing-1 << Docker-Experimental: false
&amp#27;[0;39m2023-05-08 13:19:01,734 [main] &amp#27;[39mDEBUG&amp#27;[0;39m &amp#27;[36mc.g.d.z.s.o.a.h.client5.http.headers&amp#27;[0;39m - &amp#27;[32mhttp-outgoing-1 << Ostype: linux
&amp#27;[0;39m2023-05-08 13:19:01,734 [main] &amp#27;[39mDEBUG&amp#27;[0;39m &amp#27;[36mc.g.d.z.s.o.a.h.client5.http.headers&amp#27;[0;39m - &amp#27;[32mhttp-outgoing-1 << Server: Docker/23.0.5 (linux)
&amp#27;[0;39m2023-05-08 13:19:01,734 [main] &amp#27;[39mDEBUG&amp#27;[0;39m &amp#27;[36mc.g.d.z.s.o.a.h.client5.http.headers&amp#27;[0;39m - &amp#27;[32mhttp-outgoing-1 << Date: Mon, 08 May 2023 11:19:01 GMT
&amp#27;[0;39m2023-05-08 13:19:01,734 [main] &amp#27;[39mDEBUG&amp#27;[0;39m &amp#27;[36mc.g.d.z.s.o.a.h.c.h.i.c.MainClientExec&amp#27;[0;39m - &amp#27;[32mex-00000054: connection can be kept alive for 3 MINUTES
&amp#27;[0;39m2023-05-08 13:19:01,734 [main] &amp#27;[39mDEBUG&amp#27;[0;39m &amp#27;[36mc.g.d.z.s.o.a.h.c.h.i.c.InternalHttpClient&amp#27;[0;39m - &amp#27;[32mep-00000053: releasing valid endpoint
&amp#27;[0;39m2023-05-08 13:19:01,734 [main] &amp#27;[39mDEBUG&amp#27;[0;39m &amp#27;[36mc.g.d.z.s.o.a.h.c.h.i.i.PoolingHttpClientConnectionManager&amp#27;[0;39m - &amp#27;[32mep-00000053: releasing endpoint
&amp#27;[0;39m2023-05-08 13:19:01,734 [main] &amp#27;[39mDEBUG&amp#27;[0;39m &amp#27;[36mc.g.d.z.s.o.a.h.c.h.i.i.PoolingHttpClientConnectionManager&amp#27;[0;39m - &amp#27;[32mep-00000053: connection http-outgoing-1 can be kept alive for 3 MINUTES
&amp#27;[0;39m2023-05-08 13:19:01,734 [main] &amp#27;[39mDEBUG&amp#27;[0;39m &amp#27;[36mc.g.d.z.s.o.a.h.c.h.i.i.PoolingHttpClientConnectionManager&amp#27;[0;39m - &amp#27;[32mep-00000053: connection released [route: {}->unix://localhost:2375][total available: 1; route allocated: 1 of 2147483647; total allocated: 1 of 2147483647]
&amp#27;[0;39m2023-05-08 13:19:01,734 [main] &amp#27;[39mDEBUG&amp#27;[0;39m &amp#27;[36mo.t.s.c.g.d.c.command.AbstrDockerCmd&amp#27;[0;39m - &amp#27;[32mCmd: cccfb0602d7e775562ae171a9fe0a7ec811b6906268008a84fea93151d2a7305,false
&amp#27;[0;39m2023-05-08 13:19:01,734 [main] &amp#27;[39mDEBUG&amp#27;[0;39m &amp#27;[36mo.t.s.c.g.d.c.e.InspectContainerCmdExec&amp#27;[0;39m - &amp#27;[32mGET: DefaultWebTarget{path=[/containers/cccfb0602d7e775562ae171a9fe0a7ec811b6906268008a84fea93151d2a7305/json], queryParams={}}
&amp#27;[0;39m2023-05-08 13:19:01,734 [main] &amp#27;[39mDEBUG&amp#27;[0;39m &amp#27;[36mc.g.d.z.s.o.a.h.c.h.i.c.InternalHttpClient&amp#27;[0;39m - &amp#27;[32mex-00000055: preparing request execution
&amp#27;[0;39m2023-05-08 13:19:01,734 [main] &amp#27;[39mDEBUG&amp#27;[0;39m &amp#27;[36mc.g.d.z.s.o.a.h.c.h.p.RequestAddCookies&amp#27;[0;39m - &amp#27;[32mCookie spec selected: strict
&amp#27;[0;39m2023-05-08 13:19:01,734 [main] &amp#27;[39mDEBUG&amp#27;[0;39m &amp#27;[36mc.g.d.z.s.o.a.h.c.h.p.RequestAuthCache&amp#27;[0;39m - &amp#27;[32mAuth cache not set in the context
&amp#27;[0;39m2023-05-08 13:19:01,735 [main] &amp#27;[39mDEBUG&amp#27;[0;39m &amp#27;[36mc.g.d.z.s.o.a.h.c.h.i.c.ProtocolExec&amp#27;[0;39m - &amp#27;[32mex-00000055: target auth state: UNCHALLENGED
&amp#27;[0;39m2023-05-08 13:19:01,735 [main] &amp#27;[39mDEBUG&amp#27;[0;39m &amp#27;[36mc.g.d.z.s.o.a.h.c.h.i.c.ProtocolExec&amp#27;[0;39m - &amp#27;[32mex-00000055: proxy auth state: UNCHALLENGED
&amp#27;[0;39m2023-05-08 13:19:01,735 [main] &amp#27;[39mDEBUG&amp#27;[0;39m &amp#27;[36mc.g.d.z.s.o.a.h.c.h.i.c.ConnectExec&amp#27;[0;39m - &amp#27;[32mex-00000055: acquiring connection with route {}->unix://localhost:2375
&amp#27;[0;39m2023-05-08 13:19:01,735 [main] &amp#27;[39mDEBUG&amp#27;[0;39m &amp#27;[36mc.g.d.z.s.o.a.h.c.h.i.c.InternalHttpClient&amp#27;[0;39m - &amp#27;[32mex-00000055: acquiring endpoint (3 MINUTES)
&amp#27;[0;39m2023-05-08 13:19:01,735 [main] &amp#27;[39mDEBUG&amp#27;[0;39m &amp#27;[36mc.g.d.z.s.o.a.h.c.h.i.i.PoolingHttpClientConnectionManager&amp#27;[0;39m - &amp#27;[32mex-00000055: endpoint lease request (3 MINUTES) [route: {}->unix://localhost:2375][total available: 1; route allocated: 1 of 2147483647; total allocated: 1 of 2147483647]
&amp#27;[0;39m2023-05-08 13:19:01,735 [main] &amp#27;[39mDEBUG&amp#27;[0;39m &amp#27;[36mc.g.d.z.s.o.a.h.c.h.i.i.PoolingHttpClientConnectionManager&amp#27;[0;39m - &amp#27;[32mex-00000055: endpoint leased [route: {}->unix://localhost:2375][total available: 0; route allocated: 1 of 2147483647; total allocated: 1 of 2147483647]
&amp#27;[0;39m2023-05-08 13:19:01,735 [main] &amp#27;[39mDEBUG&amp#27;[0;39m &amp#27;[36mc.g.d.z.s.o.a.h.c.h.i.i.PoolingHttpClientConnectionManager&amp#27;[0;39m - &amp#27;[32mex-00000055: acquired ep-00000054
&amp#27;[0;39m2023-05-08 13:19:01,735 [main] &amp#27;[39mDEBUG&amp#27;[0;39m &amp#27;[36mc.g.d.z.s.o.a.h.c.h.i.c.InternalHttpClient&amp#27;[0;39m - &amp#27;[32mex-00000055: acquired endpoint ep-00000054
&amp#27;[0;39m2023-05-08 13:19:01,735 [main] &amp#27;[39mDEBUG&amp#27;[0;39m &amp#27;[36mc.g.d.z.s.o.a.h.c.h.i.c.MainClientExec&amp#27;[0;39m - &amp#27;[32mex-00000055: executing GET /v1.32/containers/cccfb0602d7e775562ae171a9fe0a7ec811b6906268008a84fea93151d2a7305/json HTTP/1.1
&amp#27;[0;39m2023-05-08 13:19:01,735 [main] &amp#27;[39mDEBUG&amp#27;[0;39m &amp#27;[36mc.g.d.z.s.o.a.h.c.h.i.c.InternalHttpClient&amp#27;[0;39m - &amp#27;[32mep-00000054: start execution ex-00000055
&amp#27;[0;39m2023-05-08 13:19:01,735 [main] &amp#27;[39mDEBUG&amp#27;[0;39m &amp#27;[36mc.g.d.z.s.o.a.h.c.h.i.i.PoolingHttpClientConnectionManager&amp#27;[0;39m - &amp#27;[32mep-00000054: executing exchange ex-00000055 over http-outgoing-1
&amp#27;[0;39m2023-05-08 13:19:01,735 [main] &amp#27;[39mDEBUG&amp#27;[0;39m &amp#27;[36mc.g.d.z.s.o.a.h.client5.http.headers&amp#27;[0;39m - &amp#27;[32mhttp-outgoing-1 >> GET /v1.32/containers/cccfb0602d7e775562ae171a9fe0a7ec811b6906268008a84fea93151d2a7305/json HTTP/1.1
&amp#27;[0;39m2023-05-08 13:19:01,735 [main] &amp#27;[39mDEBUG&amp#27;[0;39m &amp#27;[36mc.g.d.z.s.o.a.h.client5.http.headers&amp#27;[0;39m - &amp#27;[32mhttp-outgoing-1 >> accept: application/json
&amp#27;[0;39m2023-05-08 13:19:01,735 [main] &amp#27;[39mDEBUG&amp#27;[0;39m &amp#27;[36mc.g.d.z.s.o.a.h.client5.http.headers&amp#27;[0;39m - &amp#27;[32mhttp-outgoing-1 >> x-tc-sid: f1b696c1-ec3f-4f95-afa8-081853be7ccb
&amp#27;[0;39m2023-05-08 13:19:01,735 [main] &amp#27;[39mDEBUG&amp#27;[0;39m &amp#27;[36mc.g.d.z.s.o.a.h.client5.http.headers&amp#27;[0;39m - &amp#27;[32mhttp-outgoing-1 >> Accept-Encoding: gzip, x-gzip, deflate
&amp#27;[0;39m2023-05-08 13:19:01,735 [main] &amp#27;[39mDEBUG&amp#27;[0;39m &amp#27;[36mc.g.d.z.s.o.a.h.client5.http.headers&amp#27;[0;39m - &amp#27;[32mhttp-outgoing-1 >> Host: localhost:2375
&amp#27;[0;39m2023-05-08 13:19:01,735 [main] &amp#27;[39mDEBUG&amp#27;[0;39m &amp#27;[36mc.g.d.z.s.o.a.h.client5.http.headers&amp#27;[0;39m - &amp#27;[32mhttp-outgoing-1 >> Connection: keep-alive
&amp#27;[0;39m2023-05-08 13:19:01,735 [main] &amp#27;[39mDEBUG&amp#27;[0;39m &amp#27;[36mc.g.d.z.s.o.a.h.client5.http.headers&amp#27;[0;39m - &amp#27;[32mhttp-outgoing-1 >> User-Agent: Apache-HttpClient/5.0.3 (Java/17.0.6)
&amp#27;[0;39m2023-05-08 13:19:01,735 [main] &amp#27;[39mDEBUG&amp#27;[0;39m &amp#27;[36mc.g.d.z.s.o.a.hc.client5.http.wire&amp#27;[0;39m - &amp#27;[32mhttp-outgoing-1 >> "GET /v1.32/containers/cccfb0602d7e775562ae171a9fe0a7ec811b6906268008a84fea93151d2a7305/json HTTP/1.1[\r][\n]"
&amp#27;[0;39m2023-05-08 13:19:01,735 [main] &amp#27;[39mDEBUG&amp#27;[0;39m &amp#27;[36mc.g.d.z.s.o.a.hc.client5.http.wire&amp#27;[0;39m - &amp#27;[32mhttp-outgoing-1 >> "accept: application/json[\r][\n]"
&amp#27;[0;39m2023-05-08 13:19:01,735 [main] &amp#27;[39mDEBUG&amp#27;[0;39m &amp#27;[36mc.g.d.z.s.o.a.hc.client5.http.wire&amp#27;[0;39m - &amp#27;[32mhttp-outgoing-1 >> "x-tc-sid: f1b696c1-ec3f-4f95-afa8-081853be7ccb[\r][\n]"
&amp#27;[0;39m2023-05-08 13:19:01,735 [main] &amp#27;[39mDEBUG&amp#27;[0;39m &amp#27;[36mc.g.d.z.s.o.a.hc.client5.http.wire&amp#27;[0;39m - &amp#27;[32mhttp-outgoing-1 >> "Accept-Encoding: gzip, x-gzip, deflate[\r][\n]"
&amp#27;[0;39m2023-05-08 13:19:01,735 [main] &amp#27;[39mDEBUG&amp#27;[0;39m &amp#27;[36mc.g.d.z.s.o.a.hc.client5.http.wire&amp#27;[0;39m - &amp#27;[32mhttp-outgoing-1 >> "Host: localhost:2375[\r][\n]"
&amp#27;[0;39m2023-05-08 13:19:01,735 [main] &amp#27;[39mDEBUG&amp#27;[0;39m &amp#27;[36mc.g.d.z.s.o.a.hc.client5.http.wire&amp#27;[0;39m - &amp#27;[32mhttp-outgoing-1 >> "Connection: keep-alive[\r][\n]"
&amp#27;[0;39m2023-05-08 13:19:01,735 [main] &amp#27;[39mDEBUG&amp#27;[0;39m &amp#27;[36mc.g.d.z.s.o.a.hc.client5.http.wire&amp#27;[0;39m - &amp#27;[32mhttp-outgoing-1 >> "User-Agent: Apache-HttpClient/5.0.3 (Java/17.0.6)[\r][\n]"
&amp#27;[0;39m2023-05-08 13:19:01,735 [main] &amp#27;[39mDEBUG&amp#27;[0;39m &amp#27;[36mc.g.d.z.s.o.a.hc.client5.http.wire&amp#27;[0;39m - &amp#27;[32mhttp-outgoing-1 >> "[\r][\n]"
&amp#27;[0;39m2023-05-08 13:19:01,735 [main] &amp#27;[39mDEBUG&amp#27;[0;39m &amp#27;[36mc.g.d.z.s.o.a.hc.client5.http.wire&amp#27;[0;39m - &amp#27;[32mhttp-outgoing-1 << "HTTP/1.1 200 OK[\r][\n]"
&amp#27;[0;39m2023-05-08 13:19:01,735 [main] &amp#27;[39mDEBUG&amp#27;[0;39m &amp#27;[36mc.g.d.z.s.o.a.hc.client5.http.wire&amp#27;[0;39m - &amp#27;[32mhttp-outgoing-1 << "Api-Version: 1.42[\r][\n]"
&amp#27;[0;39m2023-05-08 13:19:01,736 [main] &amp#27;[39mDEBUG&amp#27;[0;39m &amp#27;[36mc.g.d.z.s.o.a.hc.client5.http.wire&amp#27;[0;39m - &amp#27;[32mhttp-outgoing-1 << "Content-Type: application/json[\r][\n]"
&amp#27;[0;39m2023-05-08 13:19:01,736 [main] &amp#27;[39mDEBUG&amp#27;[0;39m &amp#27;[36mc.g.d.z.s.o.a.hc.client5.http.wire&amp#27;[0;39m - &amp#27;[32mhttp-outgoing-1 << "Docker-Experimental: false[\r][\n]"
&amp#27;[0;39m2023-05-08 13:19:01,736 [main] &amp#27;[39mDEBUG&amp#27;[0;39m &amp#27;[36mc.g.d.z.s.o.a.hc.client5.http.wire&amp#27;[0;39m - &amp#27;[32mhttp-outgoing-1 << "Ostype: linux[\r][\n]"
&amp#27;[0;39m2023-05-08 13:19:01,736 [main] &amp#27;[39mDEBUG&amp#27;[0;39m &amp#27;[36mc.g.d.z.s.o.a.hc.client5.http.wire&amp#27;[0;39m - &amp#27;[32mhttp-outgoing-1 << "Server: Docker/23.0.5 (linux)[\r][\n]"
&amp#27;[0;39m2023-05-08 13:19:01,736 [main] &amp#27;[39mDEBUG&amp#27;[0;39m &amp#27;[36mc.g.d.z.s.o.a.hc.client5.http.wire&amp#27;[0;39m - &amp#27;[32mhttp-outgoing-1 << "Date: Mon, 08 May 2023 11:19:01 GMT[\r][\n]"
&amp#27;[0;39m2023-05-08 13:19:01,736 [main] &amp#27;[39mDEBUG&amp#27;[0;39m &amp#27;[36mc.g.d.z.s.o.a.hc.client5.http.wire&amp#27;[0;39m - &amp#27;[32mhttp-outgoing-1 << "Transfer-Encoding: chunked[\r][\n]"
&amp#27;[0;39m2023-05-08 13:19:01,736 [main] &amp#27;[39mDEBUG&amp#27;[0;39m &amp#27;[36mc.g.d.z.s.o.a.hc.client5.http.wire&amp#27;[0;39m - &amp#27;[32mhttp-outgoing-1 << "[\r][\n]"
&amp#27;[0;39m2023-05-08 13:19:01,736 [main] &amp#27;[39mDEBUG&amp#27;[0;39m &amp#27;[36mc.g.d.z.s.o.a.hc.client5.http.wire&amp#27;[0;39m - &amp#27;[32mhttp-outgoing-1 << "1775[\r][\n]"
&amp#27;[0;39m2023-05-08 13:19:01,736 [main] &amp#27;[39mDEBUG&amp#27;[0;39m &amp#27;[36mc.g.d.z.s.o.a.hc.client5.http.wire&amp#27;[0;39m - &amp#27;[32mhttp-outgoing-1 << "{"Id":"cccfb0602d7e775562ae171a9fe0a7ec811b6906268008a84fea93151d2a7305","Created":"2023-05-08T11:18:54.120535425Z","Path":"docker-entrypoint.sh","Args":["mysqld"],"State":{"Status":"exited","Running":false,"Paused":false,"Restarting":false,"OOMKilled":false,"Dead":false,"Pid":0,"ExitCode":137,"Error":"","StartedAt":"2023-05-08T11:18:54.468577716Z","FinishedAt":"2023-05-08T11:19:01.463219673Z"},"Image":"sha256:228d71078f8ce5ae9fd96b183f88c3a90e30544b4b7ce9d64a238d05fef2a681","ResolvConfPath":"/var/lib/docker/containers/cccfb0602d7e775562ae171a9fe0a7ec811b6906268008a84fea93151d2a7305/resolv.conf","HostnamePath":"/var/lib/docker/containers/cccfb0602d7e775562ae171a9fe0a7ec811b6906268008a84fea93151d2a7305/hostname","HostsPath":"/var/lib/docker/containers/cccfb0602d7e775562ae171a9fe0a7ec811b6906268008a84fea93151d2a7305/hosts","LogPath":"/var/lib/docker/containers/cccfb0602d7e775562ae171a9fe0a7ec811b6906268008a84fea93151d2a7305/cccfb0602d7e775562ae171a9fe0a7ec811b6906268008a84fea93151d2a7305-json.log","Name":"/charming_goodall","RestartCount":0,"Driver":"overlay2","Platform":"linux","MountLabel":"","ProcessLabel":"","AppArmorProfile":"docker-default","ExecIDs":null,"HostConfig":{"Binds":[],"ContainerIDFile":"","LogConfig":{"Type":"json-file","Config":{}},"NetworkMode":"default","PortBindings":{"3306/tcp":[{"HostIp":"","HostPort":""}]},"RestartPolicy":{"Name":"","MaximumRetryCount":0},"AutoRemove":false,"VolumeDriver":"","VolumesFrom":[],"ConsoleSize":[0,0],"CapAdd":null,"CapDrop":null,"CgroupnsMode":"private","Dns":null,"DnsOptions":null,"DnsSearch":null,"ExtraHosts":[],"GroupAdd":null,"IpcMode":"shareable","Cgroup":"","Links":null,"OomScoreAdj":0,"PidMode":"","Privileged":false,"PublishAllPorts":false,"ReadonlyRootfs":false,"SecurityOpt":null,"UTSMode":"","UsernsMode":"","ShmSize":67108864,"Runtime":"runc","Isolation":"","CpuShares":0,"Memory":0,"NanoCpus":0,"CgroupParent":"","BlkioWeight":0,"BlkioWeightDevice":null,"BlkioDeviceReadBps":null,"BlkioDeviceWriteBps":null,"BlkioDeviceReadIOps":null,"BlkioDeviceWriteIOps":null,"CpuPeriod":0,"CpuQuota":0,"CpuRealtimePeriod":0,"CpuRealtimeRuntime":0,"CpusetCpus":"","CpusetMems":"","Devices":null,"DeviceCgroupRules":null,"DeviceRequests":null,"MemoryReservation":0,"MemorySwap":0,"MemorySwappiness":null,"OomKillDisable":null,"PidsLimit":null,"Ulimits":null,"CpuCount":0,"CpuPercent":0,"IOMaximumIOps":0,"IOMaximumBandwidth":0,"MaskedPaths":["/proc/asound","/proc/acpi","/proc/kcore","/proc/keys","/proc/latency_stats","/proc/timer_list","/proc/timer_stats","/proc/sched_debug","/proc/scsi","/sys/firmware"],"ReadonlyPaths":["/proc/bus","/proc/fs","/proc/irq","/proc/sys","/proc/sysrq-trigger"]},"GraphDriver":{"Data":{"LowerDir":"/var/lib/docker/overlay2/0075f27ac39799b376a3e23bf05a650eb10c8a0f9ef49be1ab61e98fd3b93dc3-init/diff:/var/lib/docker/overlay2/4c6e20f032f02b27a9272f982861dc21998197aa90d94ed3bef95d449380247c/diff:/var/lib/docker/overlay2/0c75f828f603eff839bb3ca448163ab2a8017e86625ac255cd3dbf1673ddac26/diff:/var/lib/docker/overlay2/da128d897fda75829109844ce6cd9d73d0f54c682e735100af000ce899908729/diff:/var/lib/docker/overlay2/b678a1f261bf323afba6d76d91ab7428bdd6e1ef4a39b5224e4a1afd08c0423a/diff:/var/lib/docker/overlay2/1bec43b14875c5f9f814f146e8e31aa78566689c2c163da2ac60a32254988437/diff:/var/lib/docker/overlay2/28f4b1e6e1a7a2dbe30f1f94fb42bccd85a61faf8af1fe30a5bb0d442c525e41/diff:/var/lib/docker/overlay2/0f493124464c291d7c97d2633d5dff04b1dce5de904cb40a34dfbe7fe72e3fd4/diff:/var/lib/docker/overlay2/05befbee9e38cd670e1786b3310e99796dcc06abbed970007b4109a5424843fa/diff:/var/lib/docker/overlay2/582bcca9acfc4eef25109e1e1b9c9d104f355798455bc73e855c99283887a6e8/diff:/var/lib/docker/overlay2/153b3bf0b69e97e8f0e5533414a31ca33fa530e63d174c9617621abe46e7e9d1/diff:/var/lib/docker/overlay2/bf87a76c0a38875ee6e915fd0d2527eafa880ec6bf2c1cb294959428c18d10bd/diff","MergedDir":"/var/lib/docker/overlay2/0075f27ac39799b376a3e23bf05a650eb10c8a0f9ef49be1ab61e98fd3b93dc3/merged","UpperDir":"/var/lib/docker/overlay2/0075f27ac39799b376a3e23bf05a650eb10c8a0f9ef49be1ab61e98fd3b93dc3/diff","WorkDir":"/var/lib/docker/overlay2/0075f27ac39799b376a3e23bf05a650eb10c8a0f9ef49be1ab61e98fd3b93dc3/work"},"Name":"overlay2"},"Mounts":[{"Type":"volume","Name":"ffd30c8cc7ed7bf91bc1ebef46b0f06493ce1d3121e28c37d40240bd74b844a5","Source":"/var/lib/docker/volumes/ffd30c8cc7ed7bf91bc1ebef46b0f06493ce1d3121e28c37d40240bd74b844a5/_data","Destination":"/var/lib/mysql","Driver":"local","Mode":"","RW":true,"Propagation":""}],"Config":{"Hostname":"cccfb0602d7e","Domainname":"","User":"","AttachStdin":false,"AttachStdout":false,"AttachStderr":false,"ExposedPorts":{"3306/tcp":{}},"Tty":false,"OpenStdin":false,"StdinOnce":false,"Env":["MYSQL_DATABASE=test","MYSQL_PASSWORD=test","MYSQL_USER=test","MYSQL_ROOT_PASSWORD=test","PATH=/usr/local/sbin:/usr/local/bin:/usr/sbin:/usr/bin:/sbin:/bin","GOSU_VERSION=1.7","MYSQL_MAJOR=8.0","MYSQL_VERSION=8.0.0-dmr-1debian8"],"Cmd":["mysqld"],"Image":"mysql:8.0.0","Volumes":{"/var/lib/mysql":{}},"WorkingDir":"","Entrypoint":["docker-entrypoint.sh"],"OnBuild":null,"Labels":{"org.testcontainers":"true","org.testcontainers.lang":"java","org.testcontainers.sessionId":"f1b696c1-ec3f-4f95-afa8-081853be7ccb","org.testcontainers.version":"1.18.0"}},"NetworkSettings":{"Bridge":"","SandboxID":"75a4ef0436803615aa77c8b97de3cbbdd49519261fe2b3b6cdcae9bd2b1154aa","HairpinMode":false,"LinkLocalIPv6Address":"","LinkLocalIPv6PrefixLen":0,"Ports":{},"SandboxKey":"/var/run/docker/netns/75a4ef043680","SecondaryIPAddresses":null,"SecondaryIPv6Addresses":null,"EndpointID":"","Gateway":"","GlobalIPv6Address":"","GlobalIPv6PrefixLen":0,"IPAddress":"","IPPrefixLen":0,"IPv6Gateway":"","MacAddress":"","Networks":{"bridge":{"IPAMConfig":null,"Links":null,"Aliases":null,"NetworkID":"e1a078e12eb8d77b497ed932f7fb43787eeb6ff6972febd7d03c9282b8b5cd45","EndpointID":"","Gateway":"","IPAddress":"","IPPrefixLen":0,"IPv6Gateway":"","GlobalIPv6Address":"","GlobalIPv6PrefixLen":0,"MacAddress":"","DriverOpts":null}}}}[\n]"
&amp#27;[0;39m2023-05-08 13:19:01,736 [main] &amp#27;[39mDEBUG&amp#27;[0;39m &amp#27;[36mc.g.d.z.s.o.a.hc.client5.http.wire&amp#27;[0;39m - &amp#27;[32mhttp-outgoing-1 << "[\r][\n]"
&amp#27;[0;39m2023-05-08 13:19:01,736 [main] &amp#27;[39mDEBUG&amp#27;[0;39m &amp#27;[36mc.g.d.z.s.o.a.hc.client5.http.wire&amp#27;[0;39m - &amp#27;[32mhttp-outgoing-1 << "0[\r][\n]"
&amp#27;[0;39m2023-05-08 13:19:01,736 [main] &amp#27;[39mDEBUG&amp#27;[0;39m &amp#27;[36mc.g.d.z.s.o.a.hc.client5.http.wire&amp#27;[0;39m - &amp#27;[32mhttp-outgoing-1 << "[\r][\n]"
&amp#27;[0;39m2023-05-08 13:19:01,736 [main] &amp#27;[39mDEBUG&amp#27;[0;39m &amp#27;[36mc.g.d.z.s.o.a.h.client5.http.headers&amp#27;[0;39m - &amp#27;[32mhttp-outgoing-1 << HTTP/1.1 200 OK
&amp#27;[0;39m2023-05-08 13:19:01,736 [main] &amp#27;[39mDEBUG&amp#27;[0;39m &amp#27;[36mc.g.d.z.s.o.a.h.client5.http.headers&amp#27;[0;39m - &amp#27;[32mhttp-outgoing-1 << Api-Version: 1.42
&amp#27;[0;39m2023-05-08 13:19:01,736 [main] &amp#27;[39mDEBUG&amp#27;[0;39m &amp#27;[36mc.g.d.z.s.o.a.h.client5.http.headers&amp#27;[0;39m - &amp#27;[32mhttp-outgoing-1 << Content-Type: application/json
&amp#27;[0;39m2023-05-08 13:19:01,736 [main] &amp#27;[39mDEBUG&amp#27;[0;39m &amp#27;[36mc.g.d.z.s.o.a.h.client5.http.headers&amp#27;[0;39m - &amp#27;[32mhttp-outgoing-1 << Docker-Experimental: false
&amp#27;[0;39m2023-05-08 13:19:01,736 [main] &amp#27;[39mDEBUG&amp#27;[0;39m &amp#27;[36mc.g.d.z.s.o.a.h.client5.http.headers&amp#27;[0;39m - &amp#27;[32mhttp-outgoing-1 << Ostype: linux
&amp#27;[0;39m2023-05-08 13:19:01,736 [main] &amp#27;[39mDEBUG&amp#27;[0;39m &amp#27;[36mc.g.d.z.s.o.a.h.client5.http.headers&amp#27;[0;39m - &amp#27;[32mhttp-outgoing-1 << Server: Docker/23.0.5 (linux)
&amp#27;[0;39m2023-05-08 13:19:01,736 [main] &amp#27;[39mDEBUG&amp#27;[0;39m &amp#27;[36mc.g.d.z.s.o.a.h.client5.http.headers&amp#27;[0;39m - &amp#27;[32mhttp-outgoing-1 << Date: Mon, 08 May 2023 11:19:01 GMT
&amp#27;[0;39m2023-05-08 13:19:01,736 [main] &amp#27;[39mDEBUG&amp#27;[0;39m &amp#27;[36mc.g.d.z.s.o.a.h.client5.http.headers&amp#27;[0;39m - &amp#27;[32mhttp-outgoing-1 << Transfer-Encoding: chunked
&amp#27;[0;39m2023-05-08 13:19:01,736 [main] &amp#27;[39mDEBUG&amp#27;[0;39m &amp#27;[36mc.g.d.z.s.o.a.h.c.h.i.c.MainClientExec&amp#27;[0;39m - &amp#27;[32mex-00000055: connection can be kept alive for 3 MINUTES
&amp#27;[0;39m2023-05-08 13:19:01,736 [main] &amp#27;[39mDEBUG&amp#27;[0;39m &amp#27;[36mc.g.d.z.s.o.a.h.c.h.i.c.InternalHttpClient&amp#27;[0;39m - &amp#27;[32mep-00000054: releasing valid endpoint
&amp#27;[0;39m2023-05-08 13:19:01,736 [main] &amp#27;[39mDEBUG&amp#27;[0;39m &amp#27;[36mc.g.d.z.s.o.a.h.c.h.i.i.PoolingHttpClientConnectionManager&amp#27;[0;39m - &amp#27;[32mep-00000054: releasing endpoint
&amp#27;[0;39m2023-05-08 13:19:01,736 [main] &amp#27;[39mDEBUG&amp#27;[0;39m &amp#27;[36mc.g.d.z.s.o.a.h.c.h.i.i.PoolingHttpClientConnectionManager&amp#27;[0;39m - &amp#27;[32mep-00000054: connection http-outgoing-1 can be kept alive for 3 MINUTES
&amp#27;[0;39m2023-05-08 13:19:01,736 [main] &amp#27;[39mDEBUG&amp#27;[0;39m &amp#27;[36mc.g.d.z.s.o.a.h.c.h.i.i.PoolingHttpClientConnectionManager&amp#27;[0;39m - &amp#27;[32mep-00000054: connection released [route: {}->unix://localhost:2375][total available: 1; route allocated: 1 of 2147483647; total allocated: 1 of 2147483647]
&amp#27;[0;39m2023-05-08 13:19:01,737 [main] &amp#27;[39mDEBUG&amp#27;[0;39m &amp#27;[36mo.t.s.c.g.d.c.command.AbstrDockerCmd&amp#27;[0;39m - &amp#27;[32mCmd: cccfb0602d7e775562ae171a9fe0a7ec811b6906268008a84fea93151d2a7305,true,true
&amp#27;[0;39m2023-05-08 13:19:01,738 [main] &amp#27;[39mDEBUG&amp#27;[0;39m &amp#27;[36mc.g.d.z.s.o.a.h.c.h.i.c.InternalHttpClient&amp#27;[0;39m - &amp#27;[32mex-00000056: preparing request execution
&amp#27;[0;39m2023-05-08 13:19:01,738 [main] &amp#27;[39mDEBUG&amp#27;[0;39m &amp#27;[36mc.g.d.z.s.o.a.h.c.h.p.RequestAddCookies&amp#27;[0;39m - &amp#27;[32mCookie spec selected: strict
&amp#27;[0;39m2023-05-08 13:19:01,738 [main] &amp#27;[39mDEBUG&amp#27;[0;39m &amp#27;[36mc.g.d.z.s.o.a.h.c.h.p.RequestAuthCache&amp#27;[0;39m - &amp#27;[32mAuth cache not set in the context
&amp#27;[0;39m2023-05-08 13:19:01,738 [main] &amp#27;[39mDEBUG&amp#27;[0;39m &amp#27;[36mc.g.d.z.s.o.a.h.c.h.i.c.ProtocolExec&amp#27;[0;39m - &amp#27;[32mex-00000056: target auth state: UNCHALLENGED
&amp#27;[0;39m2023-05-08 13:19:01,738 [main] &amp#27;[39mDEBUG&amp#27;[0;39m &amp#27;[36mc.g.d.z.s.o.a.h.c.h.i.c.ProtocolExec&amp#27;[0;39m - &amp#27;[32mex-00000056: proxy auth state: UNCHALLENGED
&amp#27;[0;39m2023-05-08 13:19:01,738 [main] &amp#27;[39mDEBUG&amp#27;[0;39m &amp#27;[36mc.g.d.z.s.o.a.h.c.h.i.c.ConnectExec&amp#27;[0;39m - &amp#27;[32mex-00000056: acquiring connection with route {}->unix://localhost:2375
&amp#27;[0;39m2023-05-08 13:19:01,738 [main] &amp#27;[39mDEBUG&amp#27;[0;39m &amp#27;[36mc.g.d.z.s.o.a.h.c.h.i.c.InternalHttpClient&amp#27;[0;39m - &amp#27;[32mex-00000056: acquiring endpoint (3 MINUTES)
&amp#27;[0;39m2023-05-08 13:19:01,738 [main] &amp#27;[39mDEBUG&amp#27;[0;39m &amp#27;[36mc.g.d.z.s.o.a.h.c.h.i.i.PoolingHttpClientConnectionManager&amp#27;[0;39m - &amp#27;[32mex-00000056: endpoint lease request (3 MINUTES) [route: {}->unix://localhost:2375][total available: 1; route allocated: 1 of 2147483647; total allocated: 1 of 2147483647]
&amp#27;[0;39m2023-05-08 13:19:01,739 [main] &amp#27;[39mDEBUG&amp#27;[0;39m &amp#27;[36mc.g.d.z.s.o.a.h.c.h.i.i.PoolingHttpClientConnectionManager&amp#27;[0;39m - &amp#27;[32mex-00000056: endpoint leased [route: {}->unix://localhost:2375][total available: 0; route allocated: 1 of 2147483647; total allocated: 1 of 2147483647]
&amp#27;[0;39m2023-05-08 13:19:01,739 [main] &amp#27;[39mDEBUG&amp#27;[0;39m &amp#27;[36mc.g.d.z.s.o.a.h.c.h.i.i.PoolingHttpClientConnectionManager&amp#27;[0;39m - &amp#27;[32mex-00000056: acquired ep-00000055
&amp#27;[0;39m2023-05-08 13:19:01,739 [main] &amp#27;[39mDEBUG&amp#27;[0;39m &amp#27;[36mc.g.d.z.s.o.a.h.c.h.i.c.InternalHttpClient&amp#27;[0;39m - &amp#27;[32mex-00000056: acquired endpoint ep-00000055
&amp#27;[0;39m2023-05-08 13:19:01,739 [main] &amp#27;[39mDEBUG&amp#27;[0;39m &amp#27;[36mc.g.d.z.s.o.a.h.c.h.i.c.MainClientExec&amp#27;[0;39m - &amp#27;[32mex-00000056: executing DELETE /v1.32/containers/cccfb0602d7e775562ae171a9fe0a7ec811b6906268008a84fea93151d2a7305?v=true&force=true HTTP/1.1
&amp#27;[0;39m2023-05-08 13:19:01,739 [main] &amp#27;[39mDEBUG&amp#27;[0;39m &amp#27;[36mc.g.d.z.s.o.a.h.c.h.i.c.InternalHttpClient&amp#27;[0;39m - &amp#27;[32mep-00000055: start execution ex-00000056
&amp#27;[0;39m2023-05-08 13:19:01,739 [main] &amp#27;[39mDEBUG&amp#27;[0;39m &amp#27;[36mc.g.d.z.s.o.a.h.c.h.i.i.PoolingHttpClientConnectionManager&amp#27;[0;39m - &amp#27;[32mep-00000055: executing exchange ex-00000056 over http-outgoing-1
&amp#27;[0;39m2023-05-08 13:19:01,739 [main] &amp#27;[39mDEBUG&amp#27;[0;39m &amp#27;[36mc.g.d.z.s.o.a.h.client5.http.headers&amp#27;[0;39m - &amp#27;[32mhttp-outgoing-1 >> DELETE /v1.32/containers/cccfb0602d7e775562ae171a9fe0a7ec811b6906268008a84fea93151d2a7305?v=true&force=true HTTP/1.1
&amp#27;[0;39m2023-05-08 13:19:01,739 [main] &amp#27;[39mDEBUG&amp#27;[0;39m &amp#27;[36mc.g.d.z.s.o.a.h.client5.http.headers&amp#27;[0;39m - &amp#27;[32mhttp-outgoing-1 >> accept: application/json
&amp#27;[0;39m2023-05-08 13:19:01,739 [main] &amp#27;[39mDEBUG&amp#27;[0;39m &amp#27;[36mc.g.d.z.s.o.a.h.client5.http.headers&amp#27;[0;39m - &amp#27;[32mhttp-outgoing-1 >> x-tc-sid: f1b696c1-ec3f-4f95-afa8-081853be7ccb
&amp#27;[0;39m2023-05-08 13:19:01,739 [main] &amp#27;[39mDEBUG&amp#27;[0;39m &amp#27;[36mc.g.d.z.s.o.a.h.client5.http.headers&amp#27;[0;39m - &amp#27;[32mhttp-outgoing-1 >> Accept-Encoding: gzip, x-gzip, deflate
&amp#27;[0;39m2023-05-08 13:19:01,739 [main] &amp#27;[39mDEBUG&amp#27;[0;39m &amp#27;[36mc.g.d.z.s.o.a.h.client5.http.headers&amp#27;[0;39m - &amp#27;[32mhttp-outgoing-1 >> Host: localhost:2375
&amp#27;[0;39m2023-05-08 13:19:01,739 [main] &amp#27;[39mDEBUG&amp#27;[0;39m &amp#27;[36mc.g.d.z.s.o.a.h.client5.http.headers&amp#27;[0;39m - &amp#27;[32mhttp-outgoing-1 >> Connection: keep-alive
&amp#27;[0;39m2023-05-08 13:19:01,739 [main] &amp#27;[39mDEBUG&amp#27;[0;39m &amp#27;[36mc.g.d.z.s.o.a.h.client5.http.headers&amp#27;[0;39m - &amp#27;[32mhttp-outgoing-1 >> User-Agent: Apache-HttpClient/5.0.3 (Java/17.0.6)
&amp#27;[0;39m2023-05-08 13:19:01,739 [main] &amp#27;[39mDEBUG&amp#27;[0;39m &amp#27;[36mc.g.d.z.s.o.a.hc.client5.http.wire&amp#27;[0;39m - &amp#27;[32mhttp-outgoing-1 >> "DELETE /v1.32/containers/cccfb0602d7e775562ae171a9fe0a7ec811b6906268008a84fea93151d2a7305?v=true&force=true HTTP/1.1[\r][\n]"
&amp#27;[0;39m2023-05-08 13:19:01,739 [main] &amp#27;[39mDEBUG&amp#27;[0;39m &amp#27;[36mc.g.d.z.s.o.a.hc.client5.http.wire&amp#27;[0;39m - &amp#27;[32mhttp-outgoing-1 >> "accept: application/json[\r][\n]"
&amp#27;[0;39m2023-05-08 13:19:01,739 [main] &amp#27;[39mDEBUG&amp#27;[0;39m &amp#27;[36mc.g.d.z.s.o.a.hc.client5.http.wire&amp#27;[0;39m - &amp#27;[32mhttp-outgoing-1 >> "x-tc-sid: f1b696c1-ec3f-4f95-afa8-081853be7ccb[\r][\n]"
&amp#27;[0;39m2023-05-08 13:19:01,739 [main] &amp#27;[39mDEBUG&amp#27;[0;39m &amp#27;[36mc.g.d.z.s.o.a.hc.client5.http.wire&amp#27;[0;39m - &amp#27;[32mhttp-outgoing-1 >> "Accept-Encoding: gzip, x-gzip, deflate[\r][\n]"
&amp#27;[0;39m2023-05-08 13:19:01,739 [main] &amp#27;[39mDEBUG&amp#27;[0;39m &amp#27;[36mc.g.d.z.s.o.a.hc.client5.http.wire&amp#27;[0;39m - &amp#27;[32mhttp-outgoing-1 >> "Host: localhost:2375[\r][\n]"
&amp#27;[0;39m2023-05-08 13:19:01,739 [main] &amp#27;[39mDEBUG&amp#27;[0;39m &amp#27;[36mc.g.d.z.s.o.a.hc.client5.http.wire&amp#27;[0;39m - &amp#27;[32mhttp-outgoing-1 >> "Connection: keep-alive[\r][\n]"
&amp#27;[0;39m2023-05-08 13:19:01,739 [main] &amp#27;[39mDEBUG&amp#27;[0;39m &amp#27;[36mc.g.d.z.s.o.a.hc.client5.http.wire&amp#27;[0;39m - &amp#27;[32mhttp-outgoing-1 >> "User-Agent: Apache-HttpClient/5.0.3 (Java/17.0.6)[\r][\n]"
&amp#27;[0;39m2023-05-08 13:19:01,739 [main] &amp#27;[39mDEBUG&amp#27;[0;39m &amp#27;[36mc.g.d.z.s.o.a.hc.client5.http.wire&amp#27;[0;39m - &amp#27;[32mhttp-outgoing-1 >> "[\r][\n]"
&amp#27;[0;39m2023-05-08 13:19:01,760 [main] &amp#27;[39mDEBUG&amp#27;[0;39m &amp#27;[36mc.g.d.z.s.o.a.hc.client5.http.wire&amp#27;[0;39m - &amp#27;[32mhttp-outgoing-1 << "HTTP/1.1 204 No Content[\r][\n]"
&amp#27;[0;39m2023-05-08 13:19:01,760 [main] &amp#27;[39mDEBUG&amp#27;[0;39m &amp#27;[36mc.g.d.z.s.o.a.hc.client5.http.wire&amp#27;[0;39m - &amp#27;[32mhttp-outgoing-1 << "Api-Version: 1.42[\r][\n]"
&amp#27;[0;39m2023-05-08 13:19:01,760 [main] &amp#27;[39mDEBUG&amp#27;[0;39m &amp#27;[36mc.g.d.z.s.o.a.hc.client5.http.wire&amp#27;[0;39m - &amp#27;[32mhttp-outgoing-1 << "Docker-Experimental: false[\r][\n]"
&amp#27;[0;39m2023-05-08 13:19:01,760 [main] &amp#27;[39mDEBUG&amp#27;[0;39m &amp#27;[36mc.g.d.z.s.o.a.hc.client5.http.wire&amp#27;[0;39m - &amp#27;[32mhttp-outgoing-1 << "Ostype: linux[\r][\n]"
&amp#27;[0;39m2023-05-08 13:19:01,760 [main] &amp#27;[39mDEBUG&amp#27;[0;39m &amp#27;[36mc.g.d.z.s.o.a.hc.client5.http.wire&amp#27;[0;39m - &amp#27;[32mhttp-outgoing-1 << "Server: Docker/23.0.5 (linux)[\r][\n]"
&amp#27;[0;39m2023-05-08 13:19:01,760 [main] &amp#27;[39mDEBUG&amp#27;[0;39m &amp#27;[36mc.g.d.z.s.o.a.hc.client5.http.wire&amp#27;[0;39m - &amp#27;[32mhttp-outgoing-1 << "Date: Mon, 08 May 2023 11:19:01 GMT[\r][\n]"
&amp#27;[0;39m2023-05-08 13:19:01,760 [main] &amp#27;[39mDEBUG&amp#27;[0;39m &amp#27;[36mc.g.d.z.s.o.a.hc.client5.http.wire&amp#27;[0;39m - &amp#27;[32mhttp-outgoing-1 << "[\r][\n]"
&amp#27;[0;39m2023-05-08 13:19:01,760 [main] &amp#27;[39mDEBUG&amp#27;[0;39m &amp#27;[36mc.g.d.z.s.o.a.h.client5.http.headers&amp#27;[0;39m - &amp#27;[32mhttp-outgoing-1 << HTTP/1.1 204 No Content
&amp#27;[0;39m2023-05-08 13:19:01,760 [main] &amp#27;[39mDEBUG&amp#27;[0;39m &amp#27;[36mc.g.d.z.s.o.a.h.client5.http.headers&amp#27;[0;39m - &amp#27;[32mhttp-outgoing-1 << Api-Version: 1.42
&amp#27;[0;39m2023-05-08 13:19:01,760 [main] &amp#27;[39mDEBUG&amp#27;[0;39m &amp#27;[36mc.g.d.z.s.o.a.h.client5.http.headers&amp#27;[0;39m - &amp#27;[32mhttp-outgoing-1 << Docker-Experimental: false
&amp#27;[0;39m2023-05-08 13:19:01,760 [main] &amp#27;[39mDEBUG&amp#27;[0;39m &amp#27;[36mc.g.d.z.s.o.a.h.client5.http.headers&amp#27;[0;39m - &amp#27;[32mhttp-outgoing-1 << Ostype: linux
&amp#27;[0;39m2023-05-08 13:19:01,760 [main] &amp#27;[39mDEBUG&amp#27;[0;39m &amp#27;[36mc.g.d.z.s.o.a.h.client5.http.headers&amp#27;[0;39m - &amp#27;[32mhttp-outgoing-1 << Server: Docker/23.0.5 (linux)
&amp#27;[0;39m2023-05-08 13:19:01,760 [main] &amp#27;[39mDEBUG&amp#27;[0;39m &amp#27;[36mc.g.d.z.s.o.a.h.client5.http.headers&amp#27;[0;39m - &amp#27;[32mhttp-outgoing-1 << Date: Mon, 08 May 2023 11:19:01 GMT
&amp#27;[0;39m2023-05-08 13:19:01,760 [main] &amp#27;[39mDEBUG&amp#27;[0;39m &amp#27;[36mc.g.d.z.s.o.a.h.c.h.i.c.MainClientExec&amp#27;[0;39m - &amp#27;[32mex-00000056: connection can be kept alive for 3 MINUTES
&amp#27;[0;39m2023-05-08 13:19:01,760 [main] &amp#27;[39mDEBUG&amp#27;[0;39m &amp#27;[36mc.g.d.z.s.o.a.h.c.h.i.c.InternalHttpClient&amp#27;[0;39m - &amp#27;[32mep-00000055: releasing valid endpoint
&amp#27;[0;39m2023-05-08 13:19:01,760 [main] &amp#27;[39mDEBUG&amp#27;[0;39m &amp#27;[36mc.g.d.z.s.o.a.h.c.h.i.i.PoolingHttpClientConnectionManager&amp#27;[0;39m - &amp#27;[32mep-00000055: releasing endpoint
&amp#27;[0;39m2023-05-08 13:19:01,760 [main] &amp#27;[39mDEBUG&amp#27;[0;39m &amp#27;[36mc.g.d.z.s.o.a.h.c.h.i.i.PoolingHttpClientConnectionManager&amp#27;[0;39m - &amp#27;[32mep-00000055: connection http-outgoing-1 can be kept alive for 3 MINUTES
&amp#27;[0;39m2023-05-08 13:19:01,761 [main] &amp#27;[39mDEBUG&amp#27;[0;39m &amp#27;[36mc.g.d.z.s.o.a.h.c.h.i.i.PoolingHttpClientConnectionManager&amp#27;[0;39m - &amp#27;[32mep-00000055: connection released [route: {}->unix://localhost:2375][total available: 1; route allocated: 1 of 2147483647; total allocated: 1 of 2147483647]
&amp#27;[0;39m2023-05-08 13:19:01,761 [main] &amp#27;[39mDEBUG&amp#27;[0;39m &amp#27;[36mo.t.utility.ResourceReaper&amp#27;[0;39m - &amp#27;[32mRemoved container and associated volume(s): mysql:8.0.0
&amp#27;[0;39m2023-05-08 13:19:01,766 [main] &amp#27;[39mDEBUG&amp#27;[0;39m &amp#27;[36mo.t.jdbc.ContainerDatabaseDriver&amp#27;[0;39m - &amp#27;[32mContainer not found in cache, creating new instance
&amp#27;[0;39m2023-05-08 13:19:01,767 [main] &amp#27;[39mDEBUG&amp#27;[0;39m &amp#27;[36mo.t.u.PrefixingImageNameSubstitutor&amp#27;[0;39m - &amp#27;[32mNo prefix is configured
&amp#27;[0;39m2023-05-08 13:19:01,767 [main] &amp#27;[39mDEBUG&amp#27;[0;39m &amp#27;[36mo.t.utility.ImageNameSubstitutor&amp#27;[0;39m - &amp#27;[32mDid not find a substitute image for mysql:8.0.0 (using image substitutor: DefaultImageNameSubstitutor (composite of 'ConfigurationFileImageNameSubstitutor' and 'PrefixingImageNameSubstitutor'))
&amp#27;[0;39m2023-05-08 13:19:01,767 [main] &amp#27;[39mDEBUG&amp#27;[0;39m &amp#27;[36mo.t.images.AbstractImagePullPolicy&amp#27;[0;39m - &amp#27;[32mUsing locally available and not pulling image: mysql:8.0.0
&amp#27;[0;39m2023-05-08 13:19:01,767 [main] &amp#27;[39mDEBUG&amp#27;[0;39m &amp#27;[36mtc.mysql:8.0.0&amp#27;[0;39m - &amp#27;[32mStarting container: mysql:8.0.0
&amp#27;[0;39m2023-05-08 13:19:01,767 [main] &amp#27;[39mDEBUG&amp#27;[0;39m &amp#27;[36mtc.mysql:8.0.0&amp#27;[0;39m - &amp#27;[32mTrying to start container: mysql:8.0.0 (attempt 1/3)
&amp#27;[0;39m2023-05-08 13:19:01,767 [main] &amp#27;[39mDEBUG&amp#27;[0;39m &amp#27;[36mtc.mysql:8.0.0&amp#27;[0;39m - &amp#27;[32mStarting container: mysql:8.0.0
&amp#27;[0;39m2023-05-08 13:19:01,767 [main] &amp#27;[34mINFO &amp#27;[0;39m &amp#27;[36mtc.mysql:8.0.0&amp#27;[0;39m - &amp#27;[32mCreating container for image: mysql:8.0.0
&amp#27;[0;39m2023-05-08 13:19:01,767 [main] &amp#27;[39mDEBUG&amp#27;[0;39m &amp#27;[36mo.t.utility.RegistryAuthLocator&amp#27;[0;39m - &amp#27;[32mLooking up auth config for image: mysql:8.0.0 at registry: https://index.docker.io/v1/
&amp#27;[0;39m2023-05-08 13:19:01,767 [main] &amp#27;[39mDEBUG&amp#27;[0;39m &amp#27;[36mo.t.utility.RegistryAuthLocator&amp#27;[0;39m - &amp#27;[32mCached auth found: [AuthConfig{username=tyskerdocker, password=hidden non-blank value, auth=hidden non-blank value, email=null, registryAddress=https://index.docker.io/v1/, registryToken=blank}]
&amp#27;[0;39m2023-05-08 13:19:01,767 [main] &amp#27;[39mDEBUG&amp#27;[0;39m &amp#27;[36mo.t.d.AuthDelegatingDockerClientConfig&amp#27;[0;39m - &amp#27;[32mEffective auth config [AuthConfig{username=tyskerdocker, password=hidden non-blank value, auth=hidden non-blank value, email=null, registryAddress=https://index.docker.io/v1/, registryToken=blank}]
&amp#27;[0;39m2023-05-08 13:19:01,767 [main] &amp#27;[39mDEBUG&amp#27;[0;39m &amp#27;[36mo.t.s.c.g.d.c.command.AbstrDockerCmd&amp#27;[0;39m - &amp#27;[32mCmd: org.testcontainers.shaded.com.github.dockerjava.core.command.CreateContainerCmdImpl@2ee48610[aliases=<null>,argsEscaped=<null>,attachStderr=<null>,attachStdin=<null>,attachStdout=<null>,authConfig=AuthConfig(username=tyskerdocker, email=null, registryAddress=https://index.docker.io/v1/, stackOrchestrator=null),cmd={},domainName=<null>,entrypoint=<null>,env={MYSQL_DATABASE=test,MYSQL_PASSWORD=test,MYSQL_USER=test,MYSQL_ROOT_PASSWORD=test},exposedPorts=ExposedPorts(exposedPorts=[3306/tcp]),healthcheck=<null>,hostConfig=HostConfig(binds=[], blkioWeight=null, blkioWeightDevice=null, blkioDeviceReadBps=null, blkioDeviceWriteBps=null, blkioDeviceReadIOps=null, blkioDeviceWriteIOps=null, memorySwappiness=null, nanoCPUs=null, capAdd=null, capDrop=null, containerIDFile=null, cpuPeriod=null, cpuRealtimePeriod=null, cpuRealtimeRuntime=null, cpuShares=null, cpuQuota=null, cpusetCpus=null, cpusetMems=null, devices=null, deviceCgroupRules=null, deviceRequests=null, diskQuota=null, dns=null, dnsOptions=null, dnsSearch=null, extraHosts=[], groupAdd=null, ipcMode=null, cgroup=null, links=[], logConfig=LogConfig(type=null, config=null), lxcConf=null, memory=null, memorySwap=null, memoryReservation=null, kernelMemory=null, networkMode=null, oomKillDisable=null, init=null, autoRemove=null, oomScoreAdj=null, portBindings={3306/tcp=[Lcom.github.dockerjava.api.model.Ports$Binding;@12b5736c}, privileged=null, publishAllPorts=null, readonlyRootfs=null, restartPolicy=null, ulimits=null, cpuCount=null, cpuPercent=null, ioMaximumIOps=null, ioMaximumBandwidth=null, volumesFrom=[], mounts=null, pidMode=null, isolation=null, securityOpts=null, storageOpt=null, cgroupParent=null, volumeDriver=null, shmSize=null, pidsLimit=null, runtime=null, tmpFs={}, utSMode=null, usernsMode=null, sysctls=null, consoleSize=null, cgroupnsMode=null),hostName=<null>,image=mysql:8.0.0,ipv4Address=<null>,ipv6Address=<null>,labels={org.testcontainers=true, org.testcontainers.lang=java, org.testcontainers.version=1.18.0, org.testcontainers.sessionId=f1b696c1-ec3f-4f95-afa8-081853be7ccb},macAddress=<null>,name=<null>,networkDisabled=<null>,networkingConfig=<null>,onBuild=<null>,platform=<null>,portSpecs=<null>,shell=<null>,stdInOnce=<null>,stdinOpen=<null>,stopSignal=<null>,stopTimeout=<null>,tty=<null>,user=<null>,volumes=Volumes(volumes=[]),workingDir=<null>]
&amp#27;[0;39m2023-05-08 13:19:01,769 [main] &amp#27;[39mDEBUG&amp#27;[0;39m &amp#27;[36mc.g.d.z.s.o.a.h.c.h.i.c.InternalHttpClient&amp#27;[0;39m - &amp#27;[32mex-00000057: preparing request execution
&amp#27;[0;39m2023-05-08 13:19:01,769 [main] &amp#27;[39mDEBUG&amp#27;[0;39m &amp#27;[36mc.g.d.z.s.o.a.h.c.h.p.RequestAddCookies&amp#27;[0;39m - &amp#27;[32mCookie spec selected: strict
&amp#27;[0;39m2023-05-08 13:19:01,769 [main] &amp#27;[39mDEBUG&amp#27;[0;39m &amp#27;[36mc.g.d.z.s.o.a.h.c.h.p.RequestAuthCache&amp#27;[0;39m - &amp#27;[32mAuth cache not set in the context
&amp#27;[0;39m2023-05-08 13:19:01,769 [main] &amp#27;[39mDEBUG&amp#27;[0;39m &amp#27;[36mc.g.d.z.s.o.a.h.c.h.i.c.ProtocolExec&amp#27;[0;39m - &amp#27;[32mex-00000057: target auth state: UNCHALLENGED
&amp#27;[0;39m2023-05-08 13:19:01,769 [main] &amp#27;[39mDEBUG&amp#27;[0;39m &amp#27;[36mc.g.d.z.s.o.a.h.c.h.i.c.ProtocolExec&amp#27;[0;39m - &amp#27;[32mex-00000057: proxy auth state: UNCHALLENGED
&amp#27;[0;39m2023-05-08 13:19:01,769 [main] &amp#27;[39mDEBUG&amp#27;[0;39m &amp#27;[36mc.g.d.z.s.o.a.h.c.h.i.c.ConnectExec&amp#27;[0;39m - &amp#27;[32mex-00000057: acquiring connection with route {}->unix://localhost:2375
&amp#27;[0;39m2023-05-08 13:19:01,769 [main] &amp#27;[39mDEBUG&amp#27;[0;39m &amp#27;[36mc.g.d.z.s.o.a.h.c.h.i.c.InternalHttpClient&amp#27;[0;39m - &amp#27;[32mex-00000057: acquiring endpoint (3 MINUTES)
&amp#27;[0;39m2023-05-08 13:19:01,769 [main] &amp#27;[39mDEBUG&amp#27;[0;39m &amp#27;[36mc.g.d.z.s.o.a.h.c.h.i.i.PoolingHttpClientConnectionManager&amp#27;[0;39m - &amp#27;[32mex-00000057: endpoint lease request (3 MINUTES) [route: {}->unix://localhost:2375][total available: 1; route allocated: 1 of 2147483647; total allocated: 1 of 2147483647]
&amp#27;[0;39m2023-05-08 13:19:01,770 [main] &amp#27;[39mDEBUG&amp#27;[0;39m &amp#27;[36mc.g.d.z.s.o.a.h.c.h.i.i.PoolingHttpClientConnectionManager&amp#27;[0;39m - &amp#27;[32mex-00000057: endpoint leased [route: {}->unix://localhost:2375][total available: 0; route allocated: 1 of 2147483647; total allocated: 1 of 2147483647]
&amp#27;[0;39m2023-05-08 13:19:01,770 [main] &amp#27;[39mDEBUG&amp#27;[0;39m &amp#27;[36mc.g.d.z.s.o.a.h.c.h.i.i.PoolingHttpClientConnectionManager&amp#27;[0;39m - &amp#27;[32mex-00000057: acquired ep-00000056
&amp#27;[0;39m2023-05-08 13:19:01,770 [main] &amp#27;[39mDEBUG&amp#27;[0;39m &amp#27;[36mc.g.d.z.s.o.a.h.c.h.i.c.InternalHttpClient&amp#27;[0;39m - &amp#27;[32mex-00000057: acquired endpoint ep-00000056
&amp#27;[0;39m2023-05-08 13:19:01,770 [main] &amp#27;[39mDEBUG&amp#27;[0;39m &amp#27;[36mc.g.d.z.s.o.a.h.c.h.i.c.MainClientExec&amp#27;[0;39m - &amp#27;[32mex-00000057: executing POST /v1.32/containers/create HTTP/1.1
&amp#27;[0;39m2023-05-08 13:19:01,770 [main] &amp#27;[39mDEBUG&amp#27;[0;39m &amp#27;[36mc.g.d.z.s.o.a.h.c.h.i.c.InternalHttpClient&amp#27;[0;39m - &amp#27;[32mep-00000056: start execution ex-00000057
&amp#27;[0;39m2023-05-08 13:19:01,770 [main] &amp#27;[39mDEBUG&amp#27;[0;39m &amp#27;[36mc.g.d.z.s.o.a.h.c.h.i.i.PoolingHttpClientConnectionManager&amp#27;[0;39m - &amp#27;[32mep-00000056: executing exchange ex-00000057 over http-outgoing-1
&amp#27;[0;39m2023-05-08 13:19:01,770 [main] &amp#27;[39mDEBUG&amp#27;[0;39m &amp#27;[36mc.g.d.z.s.o.a.h.client5.http.headers&amp#27;[0;39m - &amp#27;[32mhttp-outgoing-1 >> POST /v1.32/containers/create HTTP/1.1
&amp#27;[0;39m2023-05-08 13:19:01,770 [main] &amp#27;[39mDEBUG&amp#27;[0;39m &amp#27;[36mc.g.d.z.s.o.a.h.client5.http.headers&amp#27;[0;39m - &amp#27;[32mhttp-outgoing-1 >> X-Registry-Auth: eyJ1c2VybmFtZSI6InR5c2tlcmRvY2tlciIsInBhc3N3b3JkIjoidGZIcTlwYko5S3lDRFU5IiwiZW1haWwiOm51bGwsInNlcnZlcmFkZHJlc3MiOiJodHRwczovL2luZGV4LmRvY2tlci5pby92MS8iLCJhdXRoIjoiZEhsemEyVnlaRzlqYTJWeU9uUm1TSEU1Y0dKS09VdDVRMFJWT1E9PSIsInJlZ2lzdHJ5dG9rZW4iOm51bGwsImlkZW50aXR5dG9rZW4iOm51bGwsInN0YWNrT3JjaGVzdHJhdG9yIjpudWxsfQ==
&amp#27;[0;39m2023-05-08 13:19:01,770 [main] &amp#27;[39mDEBUG&amp#27;[0;39m &amp#27;[36mc.g.d.z.s.o.a.h.client5.http.headers&amp#27;[0;39m - &amp#27;[32mhttp-outgoing-1 >> accept: application/json
&amp#27;[0;39m2023-05-08 13:19:01,770 [main] &amp#27;[39mDEBUG&amp#27;[0;39m &amp#27;[36mc.g.d.z.s.o.a.h.client5.http.headers&amp#27;[0;39m - &amp#27;[32mhttp-outgoing-1 >> content-type: application/json
&amp#27;[0;39m2023-05-08 13:19:01,770 [main] &amp#27;[39mDEBUG&amp#27;[0;39m &amp#27;[36mc.g.d.z.s.o.a.h.client5.http.headers&amp#27;[0;39m - &amp#27;[32mhttp-outgoing-1 >> x-tc-sid: f1b696c1-ec3f-4f95-afa8-081853be7ccb
&amp#27;[0;39m2023-05-08 13:19:01,770 [main] &amp#27;[39mDEBUG&amp#27;[0;39m &amp#27;[36mc.g.d.z.s.o.a.h.client5.http.headers&amp#27;[0;39m - &amp#27;[32mhttp-outgoing-1 >> Accept-Encoding: gzip, x-gzip, deflate
&amp#27;[0;39m2023-05-08 13:19:01,770 [main] &amp#27;[39mDEBUG&amp#27;[0;39m &amp#27;[36mc.g.d.z.s.o.a.h.client5.http.headers&amp#27;[0;39m - &amp#27;[32mhttp-outgoing-1 >> Content-Length: 2050
&amp#27;[0;39m2023-05-08 13:19:01,770 [main] &amp#27;[39mDEBUG&amp#27;[0;39m &amp#27;[36mc.g.d.z.s.o.a.h.client5.http.headers&amp#27;[0;39m - &amp#27;[32mhttp-outgoing-1 >> Host: localhost:2375
&amp#27;[0;39m2023-05-08 13:19:01,770 [main] &amp#27;[39mDEBUG&amp#27;[0;39m &amp#27;[36mc.g.d.z.s.o.a.h.client5.http.headers&amp#27;[0;39m - &amp#27;[32mhttp-outgoing-1 >> Connection: keep-alive
&amp#27;[0;39m2023-05-08 13:19:01,770 [main] &amp#27;[39mDEBUG&amp#27;[0;39m &amp#27;[36mc.g.d.z.s.o.a.h.client5.http.headers&amp#27;[0;39m - &amp#27;[32mhttp-outgoing-1 >> User-Agent: Apache-HttpClient/5.0.3 (Java/17.0.6)
&amp#27;[0;39m2023-05-08 13:19:01,770 [main] &amp#27;[39mDEBUG&amp#27;[0;39m &amp#27;[36mc.g.d.z.s.o.a.hc.client5.http.wire&amp#27;[0;39m - &amp#27;[32mhttp-outgoing-1 >> "POST /v1.32/containers/create HTTP/1.1[\r][\n]"
&amp#27;[0;39m2023-05-08 13:19:01,770 [main] &amp#27;[39mDEBUG&amp#27;[0;39m &amp#27;[36mc.g.d.z.s.o.a.hc.client5.http.wire&amp#27;[0;39m - &amp#27;[32mhttp-outgoing-1 >> "X-Registry-Auth: eyJ1c2VybmFtZSI6InR5c2tlcmRvY2tlciIsInBhc3N3b3JkIjoidGZIcTlwYko5S3lDRFU5IiwiZW1haWwiOm51bGwsInNlcnZlcmFkZHJlc3MiOiJodHRwczovL2luZGV4LmRvY2tlci5pby92MS8iLCJhdXRoIjoiZEhsemEyVnlaRzlqYTJWeU9uUm1TSEU1Y0dKS09VdDVRMFJWT1E9PSIsInJlZ2lzdHJ5dG9rZW4iOm51bGwsImlkZW50aXR5dG9rZW4iOm51bGwsInN0YWNrT3JjaGVzdHJhdG9yIjpudWxsfQ==[\r][\n]"
&amp#27;[0;39m2023-05-08 13:19:01,770 [main] &amp#27;[39mDEBUG&amp#27;[0;39m &amp#27;[36mc.g.d.z.s.o.a.hc.client5.http.wire&amp#27;[0;39m - &amp#27;[32mhttp-outgoing-1 >> "accept: application/json[\r][\n]"
&amp#27;[0;39m2023-05-08 13:19:01,770 [main] &amp#27;[39mDEBUG&amp#27;[0;39m &amp#27;[36mc.g.d.z.s.o.a.hc.client5.http.wire&amp#27;[0;39m - &amp#27;[32mhttp-outgoing-1 >> "content-type: application/json[\r][\n]"
&amp#27;[0;39m2023-05-08 13:19:01,770 [main] &amp#27;[39mDEBUG&amp#27;[0;39m &amp#27;[36mc.g.d.z.s.o.a.hc.client5.http.wire&amp#27;[0;39m - &amp#27;[32mhttp-outgoing-1 >> "x-tc-sid: f1b696c1-ec3f-4f95-afa8-081853be7ccb[\r][\n]"
&amp#27;[0;39m2023-05-08 13:19:01,770 [main] &amp#27;[39mDEBUG&amp#27;[0;39m &amp#27;[36mc.g.d.z.s.o.a.hc.client5.http.wire&amp#27;[0;39m - &amp#27;[32mhttp-outgoing-1 >> "Accept-Encoding: gzip, x-gzip, deflate[\r][\n]"
&amp#27;[0;39m2023-05-08 13:19:01,770 [main] &amp#27;[39mDEBUG&amp#27;[0;39m &amp#27;[36mc.g.d.z.s.o.a.hc.client5.http.wire&amp#27;[0;39m - &amp#27;[32mhttp-outgoing-1 >> "Content-Length: 2050[\r][\n]"
&amp#27;[0;39m2023-05-08 13:19:01,770 [main] &amp#27;[39mDEBUG&amp#27;[0;39m &amp#27;[36mc.g.d.z.s.o.a.hc.client5.http.wire&amp#27;[0;39m - &amp#27;[32mhttp-outgoing-1 >> "Host: localhost:2375[\r][\n]"
&amp#27;[0;39m2023-05-08 13:19:01,770 [main] &amp#27;[39mDEBUG&amp#27;[0;39m &amp#27;[36mc.g.d.z.s.o.a.hc.client5.http.wire&amp#27;[0;39m - &amp#27;[32mhttp-outgoing-1 >> "Connection: keep-alive[\r][\n]"
&amp#27;[0;39m2023-05-08 13:19:01,770 [main] &amp#27;[39mDEBUG&amp#27;[0;39m &amp#27;[36mc.g.d.z.s.o.a.hc.client5.http.wire&amp#27;[0;39m - &amp#27;[32mhttp-outgoing-1 >> "User-Agent: Apache-HttpClient/5.0.3 (Java/17.0.6)[\r][\n]"
&amp#27;[0;39m2023-05-08 13:19:01,770 [main] &amp#27;[39mDEBUG&amp#27;[0;39m &amp#27;[36mc.g.d.z.s.o.a.hc.client5.http.wire&amp#27;[0;39m - &amp#27;[32mhttp-outgoing-1 >> "[\r][\n]"
&amp#27;[0;39m2023-05-08 13:19:01,770 [main] &amp#27;[39mDEBUG&amp#27;[0;39m &amp#27;[36mc.g.d.z.s.o.a.hc.client5.http.wire&amp#27;[0;39m - &amp#27;[32mhttp-outgoing-1 >> "{"Hostname":null,"Domainname":null,"User":null,"AttachStdin":null,"AttachStdout":null,"AttachStderr":null,"PortSpecs":null,"Tty":null,"OpenStdin":null,"StdinOnce":null,"Env":["MYSQL_DATABASE=test","MYSQL_PASSWORD=test","MYSQL_USER=test","MYSQL_ROOT_PASSWORD=test"],"Cmd":[],"Healthcheck":null,"ArgsEscaped":null,"Entrypoint":null,"Image":"mysql:8.0.0","Volumes":{},"WorkingDir":null,"MacAddress":null,"OnBuild":null,"NetworkDisabled":null,"ExposedPorts":{"3306/tcp":{}},"StopSignal":null,"StopTimeout":null,"HostConfig":{"Binds":[],"BlkioWeight":null,"BlkioWeightDevice":null,"BlkioDeviceReadBps":null,"BlkioDeviceWriteBps":null,"BlkioDeviceReadIOps":null,"BlkioDeviceWriteIOps":null,"MemorySwappiness":null,"NanoCpus":null,"CapAdd":null,"CapDrop":null,"ContainerIDFile":null,"CpuPeriod":null,"CpuRealtimePeriod":null,"CpuRealtimeRuntime":null,"CpuShares":null,"CpuQuota":null,"CpusetCpus":null,"CpusetMems":null,"Devices":null,"DeviceCgroupRules":null,"DeviceRequests":null,"DiskQuota":null,"Dns":null,"DnsOptions":null,"DnsSearch":null,"ExtraHosts":[],"GroupAdd":null,"IpcMode":null,"Cgroup":null,"Links":[],"LogConfig":null,"LxcConf":null,"Memory":null,"MemorySwap":null,"MemoryReservation":null,"KernelMemory":null,"NetworkMode":null,"OomKillDisable":null,"Init":null,"AutoRemove":null,"OomScoreAdj":null,"PortBindings":{"3306/tcp":[{"HostIp":"","HostPort":""}]},"Privileged":null,"PublishAllPorts":null,"ReadonlyRootfs":null,"RestartPolicy":null,"Ulimits":null,"CpuCount":null,"CpuPercent":null,"IOMaximumIOps":null,"IOMaximumBandwidth":null,"VolumesFrom":[],"Mounts":null,"PidMode":null,"Isolation":null,"SecurityOpt":null,"StorageOpt":null,"CgroupParent":null,"VolumeDriver":null,"ShmSize":null,"PidsLimit":null,"Runtime":null,"Tmpfs":{},"UTSMode":null,"UsernsMode":null,"Sysctls":null,"ConsoleSize":null,"CgroupnsMode":null},"Labels":{"org.testcontainers":"true","org.testcontainers.lang":"java","org.testcontainers.version":"1.18.0","org.testcontainers.sessionId":"f1b696c1-ec3f-4f95-afa8-081853be7ccb"},"Shell":null,"NetworkingConfig":null}"
&amp#27;[0;39m2023-05-08 13:19:01,821 [main] &amp#27;[39mDEBUG&amp#27;[0;39m &amp#27;[36mc.g.d.z.s.o.a.hc.client5.http.wire&amp#27;[0;39m - &amp#27;[32mhttp-outgoing-1 << "HTTP/1.1 201 Created[\r][\n]"
&amp#27;[0;39m2023-05-08 13:19:01,821 [main] &amp#27;[39mDEBUG&amp#27;[0;39m &amp#27;[36mc.g.d.z.s.o.a.hc.client5.http.wire&amp#27;[0;39m - &amp#27;[32mhttp-outgoing-1 << "Api-Version: 1.42[\r][\n]"
&amp#27;[0;39m2023-05-08 13:19:01,821 [main] &amp#27;[39mDEBUG&amp#27;[0;39m &amp#27;[36mc.g.d.z.s.o.a.hc.client5.http.wire&amp#27;[0;39m - &amp#27;[32mhttp-outgoing-1 << "Content-Type: application/json[\r][\n]"
&amp#27;[0;39m2023-05-08 13:19:01,821 [main] &amp#27;[39mDEBUG&amp#27;[0;39m &amp#27;[36mc.g.d.z.s.o.a.hc.client5.http.wire&amp#27;[0;39m - &amp#27;[32mhttp-outgoing-1 << "Docker-Experimental: false[\r][\n]"
&amp#27;[0;39m2023-05-08 13:19:01,821 [main] &amp#27;[39mDEBUG&amp#27;[0;39m &amp#27;[36mc.g.d.z.s.o.a.hc.client5.http.wire&amp#27;[0;39m - &amp#27;[32mhttp-outgoing-1 << "Ostype: linux[\r][\n]"
&amp#27;[0;39m2023-05-08 13:19:01,821 [main] &amp#27;[39mDEBUG&amp#27;[0;39m &amp#27;[36mc.g.d.z.s.o.a.hc.client5.http.wire&amp#27;[0;39m - &amp#27;[32mhttp-outgoing-1 << "Server: Docker/23.0.5 (linux)[\r][\n]"
&amp#27;[0;39m2023-05-08 13:19:01,821 [main] &amp#27;[39mDEBUG&amp#27;[0;39m &amp#27;[36mc.g.d.z.s.o.a.hc.client5.http.wire&amp#27;[0;39m - &amp#27;[32mhttp-outgoing-1 << "Date: Mon, 08 May 2023 11:19:01 GMT[\r][\n]"
&amp#27;[0;39m2023-05-08 13:19:01,821 [main] &amp#27;[39mDEBUG&amp#27;[0;39m &amp#27;[36mc.g.d.z.s.o.a.hc.client5.http.wire&amp#27;[0;39m - &amp#27;[32mhttp-outgoing-1 << "Content-Length: 88[\r][\n]"
&amp#27;[0;39m2023-05-08 13:19:01,821 [main] &amp#27;[39mDEBUG&amp#27;[0;39m &amp#27;[36mc.g.d.z.s.o.a.hc.client5.http.wire&amp#27;[0;39m - &amp#27;[32mhttp-outgoing-1 << "[\r][\n]"
&amp#27;[0;39m2023-05-08 13:19:01,821 [main] &amp#27;[39mDEBUG&amp#27;[0;39m &amp#27;[36mc.g.d.z.s.o.a.hc.client5.http.wire&amp#27;[0;39m - &amp#27;[32mhttp-outgoing-1 << "{"Id":"0739339bbc624082fb5e41f62f4a622236ffe4974bf12b2847105b726085e02b","Warnings":[]}[\n]"
&amp#27;[0;39m2023-05-08 13:19:01,821 [main] &amp#27;[39mDEBUG&amp#27;[0;39m &amp#27;[36mc.g.d.z.s.o.a.h.client5.http.headers&amp#27;[0;39m - &amp#27;[32mhttp-outgoing-1 << HTTP/1.1 201 Created
&amp#27;[0;39m2023-05-08 13:19:01,821 [main] &amp#27;[39mDEBUG&amp#27;[0;39m &amp#27;[36mc.g.d.z.s.o.a.h.client5.http.headers&amp#27;[0;39m - &amp#27;[32mhttp-outgoing-1 << Api-Version: 1.42
&amp#27;[0;39m2023-05-08 13:19:01,821 [main] &amp#27;[39mDEBUG&amp#27;[0;39m &amp#27;[36mc.g.d.z.s.o.a.h.client5.http.headers&amp#27;[0;39m - &amp#27;[32mhttp-outgoing-1 << Content-Type: application/json
&amp#27;[0;39m2023-05-08 13:19:01,821 [main] &amp#27;[39mDEBUG&amp#27;[0;39m &amp#27;[36mc.g.d.z.s.o.a.h.client5.http.headers&amp#27;[0;39m - &amp#27;[32mhttp-outgoing-1 << Docker-Experimental: false
&amp#27;[0;39m2023-05-08 13:19:01,821 [main] &amp#27;[39mDEBUG&amp#27;[0;39m &amp#27;[36mc.g.d.z.s.o.a.h.client5.http.headers&amp#27;[0;39m - &amp#27;[32mhttp-outgoing-1 << Ostype: linux
&amp#27;[0;39m2023-05-08 13:19:01,821 [main] &amp#27;[39mDEBUG&amp#27;[0;39m &amp#27;[36mc.g.d.z.s.o.a.h.client5.http.headers&amp#27;[0;39m - &amp#27;[32mhttp-outgoing-1 << Server: Docker/23.0.5 (linux)
&amp#27;[0;39m2023-05-08 13:19:01,821 [main] &amp#27;[39mDEBUG&amp#27;[0;39m &amp#27;[36mc.g.d.z.s.o.a.h.client5.http.headers&amp#27;[0;39m - &amp#27;[32mhttp-outgoing-1 << Date: Mon, 08 May 2023 11:19:01 GMT
&amp#27;[0;39m2023-05-08 13:19:01,821 [main] &amp#27;[39mDEBUG&amp#27;[0;39m &amp#27;[36mc.g.d.z.s.o.a.h.client5.http.headers&amp#27;[0;39m - &amp#27;[32mhttp-outgoing-1 << Content-Length: 88
&amp#27;[0;39m2023-05-08 13:19:01,821 [main] &amp#27;[39mDEBUG&amp#27;[0;39m &amp#27;[36mc.g.d.z.s.o.a.h.c.h.i.c.MainClientExec&amp#27;[0;39m - &amp#27;[32mex-00000057: connection can be kept alive for 3 MINUTES
&amp#27;[0;39m2023-05-08 13:19:01,821 [main] &amp#27;[39mDEBUG&amp#27;[0;39m &amp#27;[36mc.g.d.z.s.o.a.h.c.h.i.c.InternalHttpClient&amp#27;[0;39m - &amp#27;[32mep-00000056: releasing valid endpoint
&amp#27;[0;39m2023-05-08 13:19:01,821 [main] &amp#27;[39mDEBUG&amp#27;[0;39m &amp#27;[36mc.g.d.z.s.o.a.h.c.h.i.i.PoolingHttpClientConnectionManager&amp#27;[0;39m - &amp#27;[32mep-00000056: releasing endpoint
&amp#27;[0;39m2023-05-08 13:19:01,822 [main] &amp#27;[39mDEBUG&amp#27;[0;39m &amp#27;[36mc.g.d.z.s.o.a.h.c.h.i.i.PoolingHttpClientConnectionManager&amp#27;[0;39m - &amp#27;[32mep-00000056: connection http-outgoing-1 can be kept alive for 3 MINUTES
&amp#27;[0;39m2023-05-08 13:19:01,822 [main] &amp#27;[39mDEBUG&amp#27;[0;39m &amp#27;[36mc.g.d.z.s.o.a.h.c.h.i.i.PoolingHttpClientConnectionManager&amp#27;[0;39m - &amp#27;[32mep-00000056: connection released [route: {}->unix://localhost:2375][total available: 1; route allocated: 1 of 2147483647; total allocated: 1 of 2147483647]
&amp#27;[0;39m2023-05-08 13:19:01,822 [main] &amp#27;[39mDEBUG&amp#27;[0;39m &amp#27;[36mo.t.utility.MountableFile&amp#27;[0;39m - &amp#27;[32mCopying classpath resource(s) from jar:file:/home/jorg/.m2/repository/org/testcontainers/mysql/1.18.0/mysql-1.18.0.jar!/mysql-default-conf to /tmp/.testcontainers-tmp-11054791896536618794 to permit Docker to bind
&amp#27;[0;39m2023-05-08 13:19:01,822 [main] &amp#27;[39mDEBUG&amp#27;[0;39m &amp#27;[36mo.t.utility.MountableFile&amp#27;[0;39m - &amp#27;[32mCopying resource mysql-default-conf from JAR file /home/jorg/.m2/repository/org/testcontainers/mysql/1.18.0/mysql-1.18.0.jar
&amp#27;[0;39m2023-05-08 13:19:01,822 [main] &amp#27;[39mDEBUG&amp#27;[0;39m &amp#27;[36mo.t.utility.MountableFile&amp#27;[0;39m - &amp#27;[32mCopying classpath resource(s) from jar:file:/home/jorg/.m2/repository/org/testcontainers/mysql/1.18.0/mysql-1.18.0.jar!/mysql-default-conf to /tmp/.testcontainers-tmp-11054791896536618794 to permit Docker to bind
&amp#27;[0;39m2023-05-08 13:19:01,822 [main] &amp#27;[39mDEBUG&amp#27;[0;39m &amp#27;[36mo.t.utility.MountableFile&amp#27;[0;39m - &amp#27;[32mCopying resource mysql-default-conf from JAR file /home/jorg/.m2/repository/org/testcontainers/mysql/1.18.0/mysql-1.18.0.jar
&amp#27;[0;39m2023-05-08 13:19:01,823 [main] &amp#27;[39mDEBUG&amp#27;[0;39m &amp#27;[36mo.t.s.c.g.d.c.command.AbstrDockerCmd&amp#27;[0;39m - &amp#27;[32mCmd: org.testcontainers.shaded.com.github.dockerjava.core.command.CopyArchiveToContainerCmdImpl@7b477141[cp ,-a=false ,<null>, ,0739339bbc624082fb5e41f62f4a622236ffe4974bf12b2847105b726085e02b,:,/]
&amp#27;[0;39m2023-05-08 13:19:01,824 [main] &amp#27;[39mDEBUG&amp#27;[0;39m &amp#27;[36mc.g.d.z.s.o.a.h.c.h.i.c.InternalHttpClient&amp#27;[0;39m - &amp#27;[32mex-00000058: preparing request execution
&amp#27;[0;39m2023-05-08 13:19:01,824 [main] &amp#27;[39mDEBUG&amp#27;[0;39m &amp#27;[36mc.g.d.z.s.o.a.h.c.h.p.RequestAddCookies&amp#27;[0;39m - &amp#27;[32mCookie spec selected: strict
&amp#27;[0;39m2023-05-08 13:19:01,824 [main] &amp#27;[39mDEBUG&amp#27;[0;39m &amp#27;[36mc.g.d.z.s.o.a.h.c.h.p.RequestAuthCache&amp#27;[0;39m - &amp#27;[32mAuth cache not set in the context
&amp#27;[0;39m2023-05-08 13:19:01,824 [main] &amp#27;[39mDEBUG&amp#27;[0;39m &amp#27;[36mc.g.d.z.s.o.a.h.c.h.i.c.ProtocolExec&amp#27;[0;39m - &amp#27;[32mex-00000058: target auth state: UNCHALLENGED
&amp#27;[0;39m2023-05-08 13:19:01,824 [main] &amp#27;[39mDEBUG&amp#27;[0;39m &amp#27;[36mc.g.d.z.s.o.a.h.c.h.i.c.ProtocolExec&amp#27;[0;39m - &amp#27;[32mex-00000058: proxy auth state: UNCHALLENGED
&amp#27;[0;39m2023-05-08 13:19:01,824 [main] &amp#27;[39mDEBUG&amp#27;[0;39m &amp#27;[36mc.g.d.z.s.o.a.h.c.h.i.c.ConnectExec&amp#27;[0;39m - &amp#27;[32mex-00000058: acquiring connection with route {}->unix://localhost:2375
&amp#27;[0;39m2023-05-08 13:19:01,824 [main] &amp#27;[39mDEBUG&amp#27;[0;39m &amp#27;[36mc.g.d.z.s.o.a.h.c.h.i.c.InternalHttpClient&amp#27;[0;39m - &amp#27;[32mex-00000058: acquiring endpoint (3 MINUTES)
&amp#27;[0;39m2023-05-08 13:19:01,824 [main] &amp#27;[39mDEBUG&amp#27;[0;39m &amp#27;[36mc.g.d.z.s.o.a.h.c.h.i.i.PoolingHttpClientConnectionManager&amp#27;[0;39m - &amp#27;[32mex-00000058: endpoint lease request (3 MINUTES) [route: {}->unix://localhost:2375][total available: 1; route allocated: 1 of 2147483647; total allocated: 1 of 2147483647]
&amp#27;[0;39m2023-05-08 13:19:01,824 [main] &amp#27;[39mDEBUG&amp#27;[0;39m &amp#27;[36mc.g.d.z.s.o.a.h.c.h.i.i.PoolingHttpClientConnectionManager&amp#27;[0;39m - &amp#27;[32mex-00000058: endpoint leased [route: {}->unix://localhost:2375][total available: 0; route allocated: 1 of 2147483647; total allocated: 1 of 2147483647]
&amp#27;[0;39m2023-05-08 13:19:01,824 [main] &amp#27;[39mDEBUG&amp#27;[0;39m &amp#27;[36mc.g.d.z.s.o.a.h.c.h.i.i.PoolingHttpClientConnectionManager&amp#27;[0;39m - &amp#27;[32mex-00000058: acquired ep-00000057
&amp#27;[0;39m2023-05-08 13:19:01,824 [main] &amp#27;[39mDEBUG&amp#27;[0;39m &amp#27;[36mc.g.d.z.s.o.a.h.c.h.i.c.InternalHttpClient&amp#27;[0;39m - &amp#27;[32mex-00000058: acquired endpoint ep-00000057
&amp#27;[0;39m2023-05-08 13:19:01,824 [main] &amp#27;[39mDEBUG&amp#27;[0;39m &amp#27;[36mc.g.d.z.s.o.a.h.c.h.i.c.MainClientExec&amp#27;[0;39m - &amp#27;[32mex-00000058: executing PUT /v1.32/containers/0739339bbc624082fb5e41f62f4a622236ffe4974bf12b2847105b726085e02b/archive?noOverwriteDirNonDir=false&path=%2F&copyUIDGID=false HTTP/1.1
&amp#27;[0;39m2023-05-08 13:19:01,824 [main] &amp#27;[39mDEBUG&amp#27;[0;39m &amp#27;[36mc.g.d.z.s.o.a.h.c.h.i.c.InternalHttpClient&amp#27;[0;39m - &amp#27;[32mep-00000057: start execution ex-00000058
&amp#27;[0;39m2023-05-08 13:19:01,824 [main] &amp#27;[39mDEBUG&amp#27;[0;39m &amp#27;[36mc.g.d.z.s.o.a.h.c.h.i.i.PoolingHttpClientConnectionManager&amp#27;[0;39m - &amp#27;[32mep-00000057: executing exchange ex-00000058 over http-outgoing-1
&amp#27;[0;39m2023-05-08 13:19:01,824 [main] &amp#27;[39mDEBUG&amp#27;[0;39m &amp#27;[36mc.g.d.z.s.o.a.h.client5.http.headers&amp#27;[0;39m - &amp#27;[32mhttp-outgoing-1 >> PUT /v1.32/containers/0739339bbc624082fb5e41f62f4a622236ffe4974bf12b2847105b726085e02b/archive?noOverwriteDirNonDir=false&path=%2F&copyUIDGID=false HTTP/1.1
&amp#27;[0;39m2023-05-08 13:19:01,824 [main] &amp#27;[39mDEBUG&amp#27;[0;39m &amp#27;[36mc.g.d.z.s.o.a.h.client5.http.headers&amp#27;[0;39m - &amp#27;[32mhttp-outgoing-1 >> content-type: APPLICATION_X_TAR
&amp#27;[0;39m2023-05-08 13:19:01,824 [main] &amp#27;[39mDEBUG&amp#27;[0;39m &amp#27;[36mc.g.d.z.s.o.a.h.client5.http.headers&amp#27;[0;39m - &amp#27;[32mhttp-outgoing-1 >> x-tc-sid: f1b696c1-ec3f-4f95-afa8-081853be7ccb
&amp#27;[0;39m2023-05-08 13:19:01,824 [main] &amp#27;[39mDEBUG&amp#27;[0;39m &amp#27;[36mc.g.d.z.s.o.a.h.client5.http.headers&amp#27;[0;39m - &amp#27;[32mhttp-outgoing-1 >> Accept-Encoding: gzip, x-gzip, deflate
&amp#27;[0;39m2023-05-08 13:19:01,824 [main] &amp#27;[39mDEBUG&amp#27;[0;39m &amp#27;[36mc.g.d.z.s.o.a.h.client5.http.headers&amp#27;[0;39m - &amp#27;[32mhttp-outgoing-1 >> Transfer-Encoding: chunked
&amp#27;[0;39m2023-05-08 13:19:01,824 [main] &amp#27;[39mDEBUG&amp#27;[0;39m &amp#27;[36mc.g.d.z.s.o.a.h.client5.http.headers&amp#27;[0;39m - &amp#27;[32mhttp-outgoing-1 >> Host: localhost:2375
&amp#27;[0;39m2023-05-08 13:19:01,824 [main] &amp#27;[39mDEBUG&amp#27;[0;39m &amp#27;[36mc.g.d.z.s.o.a.h.client5.http.headers&amp#27;[0;39m - &amp#27;[32mhttp-outgoing-1 >> Connection: keep-alive
&amp#27;[0;39m2023-05-08 13:19:01,824 [main] &amp#27;[39mDEBUG&amp#27;[0;39m &amp#27;[36mc.g.d.z.s.o.a.h.client5.http.headers&amp#27;[0;39m - &amp#27;[32mhttp-outgoing-1 >> User-Agent: Apache-HttpClient/5.0.3 (Java/17.0.6)
&amp#27;[0;39m2023-05-08 13:19:01,824 [main] &amp#27;[39mDEBUG&amp#27;[0;39m &amp#27;[36mc.g.d.z.s.o.a.hc.client5.http.wire&amp#27;[0;39m - &amp#27;[32mhttp-outgoing-1 >> "PUT /v1.32/containers/0739339bbc624082fb5e41f62f4a622236ffe4974bf12b2847105b726085e02b/archive?noOverwriteDirNonDir=false&path=%2F&copyUIDGID=false HTTP/1.1[\r][\n]"
&amp#27;[0;39m2023-05-08 13:19:01,824 [main] &amp#27;[39mDEBUG&amp#27;[0;39m &amp#27;[36mc.g.d.z.s.o.a.hc.client5.http.wire&amp#27;[0;39m - &amp#27;[32mhttp-outgoing-1 >> "content-type: APPLICATION_X_TAR[\r][\n]"
&amp#27;[0;39m2023-05-08 13:19:01,824 [main] &amp#27;[39mDEBUG&amp#27;[0;39m &amp#27;[36mc.g.d.z.s.o.a.hc.client5.http.wire&amp#27;[0;39m - &amp#27;[32mhttp-outgoing-1 >> "x-tc-sid: f1b696c1-ec3f-4f95-afa8-081853be7ccb[\r][\n]"
&amp#27;[0;39m2023-05-08 13:19:01,824 [main] &amp#27;[39mDEBUG&amp#27;[0;39m &amp#27;[36mc.g.d.z.s.o.a.hc.client5.http.wire&amp#27;[0;39m - &amp#27;[32mhttp-outgoing-1 >> "Accept-Encoding: gzip, x-gzip, deflate[\r][\n]"
&amp#27;[0;39m2023-05-08 13:19:01,824 [main] &amp#27;[39mDEBUG&amp#27;[0;39m &amp#27;[36mc.g.d.z.s.o.a.hc.client5.http.wire&amp#27;[0;39m - &amp#27;[32mhttp-outgoing-1 >> "Transfer-Encoding: chunked[\r][\n]"
&amp#27;[0;39m2023-05-08 13:19:01,824 [main] &amp#27;[39mDEBUG&amp#27;[0;39m &amp#27;[36mc.g.d.z.s.o.a.hc.client5.http.wire&amp#27;[0;39m - &amp#27;[32mhttp-outgoing-1 >> "Host: localhost:2375[\r][\n]"
&amp#27;[0;39m2023-05-08 13:19:01,824 [main] &amp#27;[39mDEBUG&amp#27;[0;39m &amp#27;[36mc.g.d.z.s.o.a.hc.client5.http.wire&amp#27;[0;39m - &amp#27;[32mhttp-outgoing-1 >> "Connection: keep-alive[\r][\n]"
&amp#27;[0;39m2023-05-08 13:19:01,824 [main] &amp#27;[39mDEBUG&amp#27;[0;39m &amp#27;[36mc.g.d.z.s.o.a.hc.client5.http.wire&amp#27;[0;39m - &amp#27;[32mhttp-outgoing-1 >> "User-Agent: Apache-HttpClient/5.0.3 (Java/17.0.6)[\r][\n]"
&amp#27;[0;39m2023-05-08 13:19:01,824 [main] &amp#27;[39mDEBUG&amp#27;[0;39m &amp#27;[36mc.g.d.z.s.o.a.hc.client5.http.wire&amp#27;[0;39m - &amp#27;[32mhttp-outgoing-1 >> "[\r][\n]"
&amp#27;[0;39m2023-05-08 13:19:01,824 [main] &amp#27;[39mDEBUG&amp#27;[0;39m &amp#27;[36mc.g.d.z.s.o.a.hc.client5.http.wire&amp#27;[0;39m - &amp#27;[32mhttp-outgoing-1 >> "1000[\r][\n]"
&amp#27;[0;39m2023-05-08 13:19:01,824 [main] &amp#27;[39mDEBUG&amp#27;[0;39m &amp#27;[36mc.g.d.z.s.o.a.hc.client5.http.wire&amp#27;[0;39m - &amp#27;[32mhttp-outgoing-1 >> "./PaxHeaders.X/etc_mysql_conf.d_[0x0][0x0][0x0][0x0][0x0][0x0][0x0][0x0][0x0][0x0][0x0][0x0][0x0][0x0][0x0][0x0][0x0][0x0][0x0][0x0][0x0][0x0][0x0][0x0][0x0][0x0][0x0][0x0][0x0][0x0][0x0][0x0][0x0][0x0][0x0][0x0][0x0][0x0][0x0][0x0][0x0][0x0][0x0][0x0][0x0][0x0][0x0][0x0][0x0][0x0][0x0][0x0][0x0][0x0][0x0][0x0][0x0][0x0][0x0][0x0][0x0][0x0][0x0][0x0][0x0][0x0][0x0][0x0]0100644 0000000 0000000 00000000202 14426155245 015617[0x0] x[0x0][0x0][0x0][0x0][0x0][0x0][0x0][0x0][0x0][0x0][0x0][0x0][0x0][0x0][0x0][0x0][0x0][0x0][0x0][0x0][0x0][0x0][0x0][0x0][0x0][0x0][0x0][0x0][0x0][0x0][0x0][0x0][0x0][0x0][0x0][0x0][0x0][0x0][0x0][0x0][0x0][0x0][0x0][0x0][0x0][0x0][0x0][0x0][0x0][0x0][0x0][0x0][0x0][0x0][0x0][0x0][0x0][0x0][0x0][0x0][0x0][0x0][0x0][0x0][0x0][0x0][0x0][0x0][0x0][0x0][0x0][0x0][0x0][0x0][0x0][0x0][0x0][0x0][0x0][0x0][0x0][0x0][0x0][0x0][0x0][0x0][0x0][0x0][0x0][0x0][0x0][0x0][0x0][0x0][0x0][0x0][0x0][0x0][0x0][0x0]ustar[0x0]00[0x0][0x0][0x0][0x0][0x0][0x0][0x0][0x0][0x0][0x0][0x0][0x0][0x0][0x0][0x0][0x0][0x0][0x0][0x0][0x0][0x0][0x0][0x0][0x0][0x0][0x0][0x0][0x0][0x0][0x0][0x0][0x0][0x0][0x0][0x0][0x0][0x0][0x0][0x0][0x0][0x0][0x0][0x0][0x0][0x0][0x0][0x0][0x0][0x0][0x0][0x0][0x0][0x0][0x0][0x0][0x0][0x0][0x0][0x0][0x0][0x0][0x0][0x0][0x0]0000000 0000000 [0x0][0x0][0x0][0x0][0x0][0x0][0x0][0x0][0x0][0x0][0x0][0x0][0x0][0x0][0x0][0x0][0x0][0x0][0x0][0x0][0x0][0x0][0x0][0x0][0x0][0x0][0x0][0x0][0x0][0x0][0x0][0x0][0x0][0x0][0x0][0x0][0x0][0x0][0x0][0x0][0x0][0x0][0x0][0x0][0x0][0x0][0x0][0x0][0x0][0x0][0x0][0x0][0x0][0x0][0x0][0x0][0x0][0x0][0x0][0x0][0x0][0x0][0x0][0x0][0x0][0x0][0x0][0x0][0x0][0x0][0x0][0x0][0x0][0x0][0x0][0x0][0x0][0x0][0x0][0x0][0x0][0x0][0x0][0x0][0x0][0x0][0x0][0x0][0x0][0x0][0x0][0x0][0x0][0x0][0x0][0x0][0x0][0x0][0x0][0x0][0x0][0x0][0x0][0x0][0x0][0x0][0x0][0x0][0x0][0x0][0x0][0x0][0x0][0x0][0x0][0x0][0x0][0x0][0x0][0x0][0x0][0x0][0x0][0x0][0x0][0x0][0x0][0x0][0x0][0x0][0x0][0x0][0x0][0x0][0x0][0x0][0x0][0x0][0x0][0x0][0x0][0x0][0x0][0x0][0x0][0x0][0x0][0x0][0x0][0x0][0x0][0x0][0x0][0x0][0x0][0x0][0x0][0x0][0x0][0x0][0x0][0x0][0x0][0x0][0x0][0x0][0x0]28 atime=1683544741.8209035[\n]"
&amp#27;[0;39m2023-05-08 13:19:01,824 [main] &amp#27;[39mDEBUG&amp#27;[0;39m &amp#27;[36mc.g.d.z.s.o.a.hc.client5.http.wire&amp#27;[0;39m - &amp#27;[32mhttp-outgoing-1 >> "28 ctime=1683544741.8209035[\n]"
&amp#27;[0;39m2023-05-08 13:19:01,824 [main] &amp#27;[39mDEBUG&amp#27;[0;39m &amp#27;[36mc.g.d.z.s.o.a.hc.client5.http.wire&amp#27;[0;39m - &amp#27;[32mhttp-outgoing-1 >> "28 mtime=1683544741.8209035[\n]"
&amp#27;[0;39m2023-05-08 13:19:01,824 [main] &amp#27;[39mDEBUG&amp#27;[0;39m &amp#27;[36mc.g.d.z.s.o.a.hc.client5.http.wire&amp#27;[0;39m - &amp#27;[32mhttp-outgoing-1 >> "46 LIBARCHIVE.creationtime=1683544741.8209035[\n]"
&amp#27;[0;39m2023-05-08 13:19:01,824 [main] &amp#27;[39mDEBUG&amp#27;[0;39m &amp#27;[36mc.g.d.z.s.o.a.hc.client5.http.wire&amp#27;[0;39m - &amp#27;[32mhttp-outgoing-1 >> "[0x0][0x0][0x0][0x0][0x0][0x0][0x0][0x0][0x0][0x0][0x0][0x0][0x0][0x0][0x0][0x0][0x0][0x0][0x0][0x0][0x0][0x0][0x0][0x0][0x0][0x0][0x0][0x0][0x0][0x0][0x0][0x0][0x0][0x0][0x0][0x0][0x0][0x0][0x0][0x0][0x0][0x0][0x0][0x0][0x0][0x0][0x0][0x0][0x0][0x0][0x0][0x0][0x0][0x0][0x0][0x0][0x0][0x0][0x0][0x0][0x0][0x0][0x0][0x0][0x0][0x0][0x0][0x0][0x0][0x0][0x0][0x0][0x0][0x0][0x0][0x0][0x0][0x0][0x0][0x0][0x0][0x0][0x0][0x0][0x0][0x0][0x0][0x0][0x0][0x0][0x0][0x0][0x0][0x0][0x0][0x0][0x0][0x0][0x0][0x0][0x0][0x0][0x0][0x0][0x0][0x0][0x0][0x0][0x0][0x0][0x0][0x0][0x0][0x0][0x0][0x0][0x0][0x0][0x0][0x0][0x0][0x0][0x0][0x0][0x0][0x0][0x0][0x0][0x0][0x0][0x0][0x0][0x0][0x0][0x0][0x0][0x0][0x0][0x0][0x0][0x0][0x0][0x0][0x0][0x0][0x0][0x0][0x0][0x0][0x0][0x0][0x0][0x0][0x0][0x0][0x0][0x0][0x0][0x0][0x0][0x0][0x0][0x0][0x0][0x0][0x0][0x0][0x0][0x0][0x0][0x0][0x0][0x0][0x0][0x0][0x0][0x0][0x0][0x0][0x0][0x0][0x0][0x0][0x0][0x0][0x0][0x0][0x0][0x0][0x0][0x0][0x0][0x0][0x0][0x0][0x0][0x0][0x0][0x0][0x0][0x0][0x0][0x0][0x0][0x0][0x0][0x0][0x0][0x0][0x0][0x0][0x0][0x0][0x0][0x0][0x0][0x0][0x0][0x0][0x0][0x0][0x0][0x0][0x0][0x0][0x0][0x0][0x0][0x0][0x0][0x0][0x0][0x0][0x0][0x0][0x0][0x0][0x0][0x0][0x0][0x0][0x0][0x0][0x0][0x0][0x0][0x0][0x0][0x0][0x0][0x0][0x0][0x0][0x0][0x0][0x0][0x0][0x0][0x0][0x0][0x0][0x0][0x0][0x0][0x0][0x0][0x0][0x0][0x0][0x0][0x0][0x0][0x0][0x0][0x0][0x0][0x0][0x0][0x0][0x0][0x0][0x0][0x0][0x0][0x0][0x0][0x0][0x0][0x0][0x0][0x0][0x0][0x0][0x0][0x0][0x0][0x0][0x0][0x0][0x0][0x0][0x0][0x0][0x0][0x0][0x0][0x0][0x0][0x0][0x0][0x0][0x0][0x0][0x0][0x0][0x0][0x0][0x0][0x0][0x0][0x0][0x0][0x0][0x0][0x0][0x0][0x0][0x0][0x0][0x0][0x0][0x0][0x0][0x0][0x0][0x0][0x0][0x0][0x0][0x0][0x0][0x0][0x0][0x0][0x0][0x0][0x0][0x0][0x0][0x0][0x0][0x0][0x0][0x0][0x0][0x0][0x0][0x0][0x0][0x0][0x0][0x0][0x0][0x0][0x0][0x0][0x0][0x0][0x0][0x0][0x0][0x0][0x0][0x0][0x0][0x0][0x0][0x0][0x0][0x0][0x0][0x0]etc/mysql/conf.d/[0x0][0x0][0x0][0x0][0x0][0x0][0x0][0x0][0x0][0x0][0x0][0x0][0x0][0x0][0x0][0x0][0x0][0x0][0x0][0x0][0x0][0x0][0x0][0x0][0x0][0x0][0x0][0x0][0x0][0x0][0x0][0x0][0x0][0x0][0x0][0x0][0x0][0x0][0x0][0x0][0x0][0x0][0x0][0x0][0x0][0x0][0x0][0x0][0x0][0x0][0x0][0x0][0x0][0x0][0x0][0x0][0x0][0x0][0x0][0x0][0x0][0x0][0x0][0x0][0x0][0x0][0x0][0x0][0x0][0x0][0x0][0x0][0x0][0x0][0x0][0x0][0x0][0x0][0x0][0x0][0x0][0x0][0x0]0040755 0001750 0001750 00000000000 14426155245 014505[0x0] 5[0x0][0x0][0x0][0x0][0x0][0x0][0x0][0x0][0x0][0x0][0x0][0x0][0x0][0x0][0x0][0x0][0x0][0x0][0x0][0x0][0x0][0x0][0x0][0x0][0x0][0x0][0x0][0x0][0x0][0x0][0x0][0x0][0x0][0x0][0x0][0x0][0x0][0x0][0x0][0x0][0x0][0x0][0x0][0x0][0x0][0x0][0x0][0x0][0x0][0x0][0x0][0x0][0x0][0x0][0x0][0x0][0x0][0x0][0x0][0x0][0x0][0x0][0x0][0x0][0x0][0x0][0x0][0x0][0x0][0x0][0x0][0x0][0x0][0x0][0x0][0x0][0x0][0x0][0x0][0x0][0x0][0x0][0x0][0x0][0x0][0x0][0x0][0x0][0x0][0x0][0x0][0x0][0x0][0x0][0x0][0x0][0x0][0x0][0x0][0x0]ustar[0x0]00jorg[0x0][0x0][0x0][0x0][0x0][0x0][0x0][0x0][0x0][0x0][0x0][0x0][0x0][0x0][0x0][0x0][0x0][0x0][0x0][0x0][0x0][0x0][0x0][0x0][0x0][0x0][0x0][0x0]jorg[0x0][0x0][0x0][0x0][0x0][0x0][0x0][0x0][0x0][0x0][0x0][0x0][0x0][0x0][0x0][0x0][0x0][0x0][0x0][0x0][0x0][0x0][0x0][0x0][0x0][0x0][0x0][0x0]0000000 0000000 [0x0][0x0][0x0][0x0][0x0][0x0][0x0][0x0][0x0][0x0][0x0][0x0][0x0][0x0][0x0][0x0][0x0][0x0][0x0][0x0][0x0][0x0][0x0][0x0][0x0][0x0][0x0][0x0][0x0][0x0][0x0][0x0][0x0][0x0][0x0][0x0][0x0][0x0][0x0][0x0][0x0][0x0][0x0][0x0][0x0][0x0][0x0][0x0][0x0][0x0][0x0][0x0][0x0][0x0][0x0][0x0][0x0][0x0][0x0][0x0][0x0][0x0][0x0][0x0][0x0][0x0][0x0][0x0][0x0][0x0][0x0][0x0][0x0][0x0][0x0][0x0][0x0][0x0][0x0][0x0][0x0][0x0][0x0][0x0][0x0][0x0][0x0][0x0][0x0][0x0][0x0][0x0][0x0][0x0][0x0][0x0][0x0][0x0][0x0][0x0][0x0][0x0][0x0][0x0][0x0][0x0][0x0][0x0][0x0][0x0][0x0][0x0][0x0][0x0][0x0][0x0][0x0][0x0][0x0][0x0][0x0][0x0][0x0][0x0][0x0][0x0][0x0][0x0][0x0][0x0][0x0][0x0][0x0][0x0][0x0][0x0][0x0][0x0][0x0][0x0][0x0][0x0][0x0][0x0][0x0][0x0][0x0][0x0][0x0][0x0][0x0][0x0][0x0][0x0][0x0][0x0][0x0][0x0][0x0][0x0][0x0][0x0][0x0][0x0][0x0][0x0][0x0]./PaxHeaders.X/etc_mysql_conf.d_my.cnf[0x0][0x0][0x0][0x0][0x0][0x0][0x0][0x0][0x0][0x0][0x0][0x0][0x0][0x0][0x0][0x0][0x0][0x0][0x0][0x0][0x0][0x0][0x0][0x0][0x0][0x0][0x0][0x0][0x0][0x0][0x0][0x0][0x0][0x0][0x0][0x0][0x0][0x0][0x0][0x0][0x0][0x0][0x0][0x0][0x0][0x0][0x0][0x0][0x0][0x0][0x0][0x0][0x0][0x0][0x0][0x0][0x0][0x0][0x0][0x0][0x0][0x0]0100644 0000000 0000000 00000000202 14426155245 016732[0x0] x[0x0][0x0][0x0][0x0][0x0][0x0][0x0][0x0][0x0][0x0][0x0][0x0][0x0][0x0][0x0][0x0][0x0][0x0][0x0][0x0][0x0][0x0][0x0][0x0][0x0][0x0][0x0][0x0][0x0][0x0][0x0][0x0][0x0][0x0][0x0][0x0][0x0][0x0][0x0][0x0][0x0][0x0][0x0][0x0][0x0][0x0][0x0][0x0][0x0][0x0][0x0][0x0][0x0][0x0][0x0][0x0][0x0][0x0][0x0][0x0][0x0][0x0][0x0][0x0][0x0][0x0][0x0][0x0][0x0][0x0][0x0][0x0][0x0][0x0][0x0][0x0][0x0][0x0][0x0][0x0][0x0][0x0][0x0][0x0][0x0][0x0][0x0][0x0][0x0][0x0][0x0][0x0][0x0][0x0][0x0][0x0][0x0][0x0][0x0][0x0]ustar[0x0]00[0x0][0x0][0x0][0x0][0x0][0x0][0x0][0x0][0x0][0x0][0x0][0x0][0x0][0x0][0x0][0x0][0x0][0x0][0x0][0x0][0x0][0x0][0x0][0x0][0x0][0x0][0x0][0x0][0x0][0x0][0x0][0x0][0x0][0x0][0x0][0x0][0x0][0x0][0x0][0x0][0x0][0x0][0x0][0x0][0x0][0x0][0x0][0x0][0x0][0x0][0x0][0x0][0x0][0x0][0x0][0x0][0x0][0x0][0x0][0x0][0x0][0x0][0x0][0x0]0000000 0000000 [0x0][0x0][0x0][0x0][0x0][0x0][0x0][0x0][0x0][0x0][0x0][0x0][0x0][0x0][0x0][0x0][0x0][0x0][0x0][0x0][0x0][0x0][0x0][0x0][0x0][0x0][0x0][0x0][0x0][0x0][0x0][0x0][0x0][0x0][0x0][0x0][0x0][0x0][0x0][0x0][0x0][0x0][0x0][0x0][0x0][0x0][0x0][0x0][0x0][0x0][0x0][0x0][0x0][0x0][0x0][0x0][0x0][0x0][0x0][0x0][0x0][0x0][0x0][0x0][0x0][0x0][0x0][0x0][0x0][0x0][0x0][0x0][0x0][0x0][0x0][0x0][0x0][0x0][0x0][0x0][0x0][0x0][0x0][0x0][0x0][0x0][0x0][0x0][0x0][0x0][0x0][0x0][0x0][0x0][0x0][0x0][0x0][0x0][0x0][0x0][0x0][0x0][0x0][0x0][0x0][0x0][0x0][0x0][0x0][0x0][0x0][0x0][0x0][0x0][0x0][0x0][0x0][0x0][0x0][0x0][0x0][0x0][0x0][0x0][0x0][0x0][0x0][0x0][0x0][0x0][0x0][0x0][0x0][0x0][0x0][0x0][0x0][0x0][0x0][0x0][0x0][0x0][0x0][0x0][0x0][0x0][0x0][0x0][0x0][0x0][0x0][0x0][0x0][0x0][0x0][0x0][0x0][0x0][0x0][0x0][0x0][0x0][0x0][0x0][0x0][0x0][0x0]28 atime=1683544741.8209035[\n]"
&amp#27;[0;39m2023-05-08 13:19:01,825 [main] &amp#27;[39mDEBUG&amp#27;[0;39m &amp#27;[36mc.g.d.z.s.o.a.hc.client5.http.wire&amp#27;[0;39m - &amp#27;[32mhttp-outgoing-1 >> "28 ctime=1683544741.8209035[\n]"
&amp#27;[0;39m2023-05-08 13:19:01,825 [main] &amp#27;[39mDEBUG&amp#27;[0;39m &amp#27;[36mc.g.d.z.s.o.a.hc.client5.http.wire&amp#27;[0;39m - &amp#27;[32mhttp-outgoing-1 >> "28 mtime=1683544741.8209035[\n]"
&amp#27;[0;39m2023-05-08 13:19:01,825 [main] &amp#27;[39mDEBUG&amp#27;[0;39m &amp#27;[36mc.g.d.z.s.o.a.hc.client5.http.wire&amp#27;[0;39m - &amp#27;[32mhttp-outgoing-1 >> "46 LIBARCHIVE.creationtime=1683544741.8209035[\n]"
&amp#27;[0;39m2023-05-08 13:19:01,825 [main] &amp#27;[39mDEBUG&amp#27;[0;39m &amp#27;[36mc.g.d.z.s.o.a.hc.client5.http.wire&amp#27;[0;39m - &amp#27;[32mhttp-outgoing-1 >> "[0x0][0x0][0x0][0x0][0x0][0x0][0x0][0x0][0x0][0x0][0x0][0x0][0x0][0x0][0x0][0x0][0x0][0x0][0x0][0x0][0x0][0x0][0x0][0x0][0x0][0x0][0x0][0x0][0x0][0x0][0x0][0x0][0x0][0x0][0x0][0x0][0x0][0x0][0x0][0x0][0x0][0x0][0x0][0x0][0x0][0x0][0x0][0x0][0x0][0x0][0x0][0x0][0x0][0x0][0x0][0x0][0x0][0x0][0x0][0x0][0x0][0x0][0x0][0x0][0x0][0x0][0x0][0x0][0x0][0x0][0x0][0x0][0x0][0x0][0x0][0x0][0x0][0x0][0x0][0x0][0x0][0x0][0x0][0x0][0x0][0x0][0x0][0x0][0x0][0x0][0x0][0x0][0x0][0x0][0x0][0x0][0x0][0x0][0x0][0x0][0x0][0x0][0x0][0x0][0x0][0x0][0x0][0x0][0x0][0x0][0x0][0x0][0x0][0x0][0x0][0x0][0x0][0x0][0x0][0x0][0x0][0x0][0x0][0x0][0x0][0x0][0x0][0x0][0x0][0x0][0x0][0x0][0x0][0x0][0x0][0x0][0x0][0x0][0x0][0x0][0x0][0x0][0x0][0x0][0x0][0x0][0x0][0x0][0x0][0x0][0x0][0x0][0x0][0x0][0x0][0x0][0x0][0x0][0x0][0x0][0x0][0x0][0x0][0x0][0x0][0x0][0x0][0x0][0x0][0x0][0x0][0x0][0x0][0x0][0x0][0x0][0x0][0x0][0x0][0x0][0x0][0x0][0x0][0x0][0x0][0x0][0x0][0x0][0x0][0x0][0x0][0x0][0x0][0x0][0x0][0x0][0x0][0x0][0x0][0x0][0x0][0x0][0x0][0x0][0x0][0x0][0x0][0x0][0x0][0x0][0x0][0x0][0x0][0x0][0x0][0x0][0x0][0x0][0x0][0x0][0x0][0x0][0x0][0x0][0x0][0x0][0x0][0x0][0x0][0x0][0x0][0x0][0x0][0x0][0x0][0x0][0x0][0x0][0x0][0x0][0x0][0x0][0x0][0x0][0x0][0x0][0x0][0x0][0x0][0x0][0x0][0x0][0x0][0x0][0x0][0x0][0x0][0x0][0x0][0x0][0x0][0x0][0x0][0x0][0x0][0x0][0x0][0x0][0x0][0x0][0x0][0x0][0x0][0x0][0x0][0x0][0x0][0x0][0x0][0x0][0x0][0x0][0x0][0x0][0x0][0x0][0x0][0x0][0x0][0x0][0x0][0x0][0x0][0x0][0x0][0x0][0x0][0x0][0x0][0x0][0x0][0x0][0x0][0x0][0x0][0x0][0x0][0x0][0x0][0x0][0x0][0x0][0x0][0x0][0x0][0x0][0x0][0x0][0x0][0x0][0x0][0x0][0x0][0x0][0x0][0x0][0x0][0x0][0x0][0x0][0x0][0x0][0x0][0x0][0x0][0x0][0x0][0x0][0x0][0x0][0x0][0x0][0x0][0x0][0x0][0x0][0x0][0x0][0x0][0x0][0x0][0x0][0x0][0x0][0x0][0x0][0x0][0x0][0x0][0x0][0x0][0x0][0x0][0x0][0x0][0x0][0x0][0x0][0x0][0x0][0x0][0x0][0x0][0x0][0x0][0x0][0x0][0x0][0x0][0x0][0x0][0x0]etc/mysql/conf.d/my.cnf[0x0][0x0][0x0][0x0][0x0][0x0][0x0][0x0][0x0][0x0][0x0][0x0][0x0][0x0][0x0][0x0][0x0][0x0][0x0][0x0][0x0][0x0][0x0][0x0][0x0][0x0][0x0][0x0][0x0][0x0][0x0][0x0][0x0][0x0][0x0][0x0][0x0][0x0][0x0][0x0][0x0][0x0][0x0][0x0][0x0][0x0][0x0][0x0][0x0][0x0][0x0][0x0][0x0][0x0][0x0][0x0][0x0][0x0][0x0][0x0][0x0][0x0][0x0][0x0][0x0][0x0][0x0][0x0][0x0][0x0][0x0][0x0][0x0][0x0][0x0][0x0][0x0]0140755 0001750 0001750 00000003240 14426155245 015625[0x0] 0[0x0][0x0][0x0][0x0][0x0][0x0][0x0][0x0][0x0][0x0][0x0][0x0][0x0][0x0][0x0][0x0][0x0][0x0][0x0][0x0][0x0][0x0][0x0][0x0][0x0][0x0][0x0][0x0][0x0][0x0][0x0][0x0][0x0][0x0][0x0][0x0][0x0][0x0][0x0][0x0][0x0][0x0][0x0][0x0][0x0][0x0][0x0][0x0][0x0][0x0][0x0][0x0][0x0][0x0][0x0][0x0][0x0][0x0][0x0][0x0][0x0][0x0][0x0][0x0][0x0][0x0][0x0][0x0][0x0][0x0][0x0][0x0][0x0][0x0][0x0][0x0][0x0][0x0][0x0][0x0][0x0][0x0][0x0][0x0][0x0][0x0][0x0][0x0][0x0][0x0][0x0][0x0][0x0][0x0][0x0][0x0][0x0][0x0][0x0][0x0]ustar[0x0]00jorg[0x0][0x0][0x0][0x0][0x0][0x0][0x0][0x0][0x0][0x0][0x0][0x0][0x0][0x0][0x0][0x0][0x0][0x0][0x0][0x0][0x0][0x0][0x0][0x0][0x0][0x0][0x0][0x0]jorg[0x0][0x0][0x0][0x0][0x0][0x0][0x0][0x0][0x0][0x0][0x0][0x0][0x0][0x0][0x0][0x0][0x0][0x0][0x0][0x0][0x0][0x0][0x0][0x0][0x0][0x0][0x0][0x0]0000000 0000000 [0x0][0x0][0x0][0x0][0x0][0x0][0x0][0x0][0x0][0x0][0x0][0x0][0x0][0x0][0x0][0x0][0x0][0x0][0x0][0x0][0x0][0x0][0x0][0x0][0x0][0x0][0x0][0x0][0x0][0x0][0x0][0x0][0x0][0x0][0x0][0x0][0x0][0x0][0x0][0x0][0x0][0x0][0x0][0x0][0x0][0x0][0x0][0x0][0x0][0x0][0x0][0x0][0x0][0x0][0x0][0x0][0x0][0x0][0x0][0x0][0x0][0x0][0x0][0x0][0x0][0x0][0x0][0x0][0x0][0x0][0x0][0x0][0x0][0x0][0x0][0x0][0x0][0x0][0x0][0x0][0x0][0x0][0x0][0x0][0x0][0x0][0x0][0x0][0x0][0x0][0x0][0x0][0x0][0x0][0x0][0x0][0x0][0x0][0x0][0x0][0x0][0x0][0x0][0x0][0x0][0x0][0x0][0x0][0x0][0x0][0x0][0x0][0x0][0x0][0x0][0x0][0x0][0x0][0x0][0x0][0x0][0x0][0x0][0x0][0x0][0x0][0x0][0x0][0x0][0x0][0x0][0x0][0x0][0x0][0x0][0x0][0x0][0x0][0x0][0x0][0x0][0x0][0x0][0x0][0x0][0x0][0x0][0x0][0x0][0x0][0x0][0x0][0x0][0x0][0x0][0x0][0x0][0x0][0x0][0x0][0x0][0x0][0x0][0x0][0x0][0x0][0x0][mysqld][\n]"
&amp#27;[0;39m2023-05-08 13:19:01,825 [main] &amp#27;[39mDEBUG&amp#27;[0;39m &amp#27;[36mc.g.d.z.s.o.a.hc.client5.http.wire&amp#27;[0;39m - &amp#27;[32mhttp-outgoing-1 >> "user = mysql[\n]"
&amp#27;[0;39m2023-05-08 13:19:01,825 [main] &amp#27;[39mDEBUG&amp#27;[0;39m &amp#27;[36mc.g.d.z.s.o.a.hc.client5.http.wire&amp#27;[0;39m - &amp#27;[32mhttp-outgoing-1 >> "datadir = /var/lib/mysql[\n]"
&amp#27;[0;39m2023-05-08 13:19:01,825 [main] &amp#27;[39mDEBUG&amp#27;[0;39m &amp#27;[36mc.g.d.z.s.o.a.hc.client5.http.wire&amp#27;[0;39m - &amp#27;[32mhttp-outgoing-1 >> "port   [0x9][0x9]= 3306[\n]"
&amp#27;[0;39m2023-05-08 13:19:01,825 [main] &amp#27;[39mDEBUG&amp#27;[0;39m &amp#27;[36mc.g.d.z.s.o.a.hc.client5.http.wire&amp#27;[0;39m - &amp#27;[32mhttp-outgoing-1 >> "#socket [0x9][0x9]= /tmp/mysql.sock[\n]"
&amp#27;[0;39m2023-05-08 13:19:01,825 [main] &amp#27;[39mDEBUG&amp#27;[0;39m &amp#27;[36mc.g.d.z.s.o.a.hc.client5.http.wire&amp#27;[0;39m - &amp#27;[32mhttp-outgoing-1 >> "skip-external-locking[\n]"
&amp#27;[0;39m2023-05-08 13:19:01,825 [main] &amp#27;[39mDEBUG&amp#27;[0;39m &amp#27;[36mc.g.d.z.s.o.a.hc.client5.http.wire&amp#27;[0;39m - &amp#27;[32mhttp-outgoing-1 >> "key_buffer_size = 16K[\n]"
&amp#27;[0;39m2023-05-08 13:19:01,825 [main] &amp#27;[39mDEBUG&amp#27;[0;39m &amp#27;[36mc.g.d.z.s.o.a.hc.client5.http.wire&amp#27;[0;39m - &amp#27;[32mhttp-outgoing-1 >> "max_allowed_packet = 1M[\n]"
&amp#27;[0;39m2023-05-08 13:19:01,825 [main] &amp#27;[39mDEBUG&amp#27;[0;39m &amp#27;[36mc.g.d.z.s.o.a.hc.client5.http.wire&amp#27;[0;39m - &amp#27;[32mhttp-outgoing-1 >> "table_open_cache = 4[\n]"
&amp#27;[0;39m2023-05-08 13:19:01,825 [main] &amp#27;[39mDEBUG&amp#27;[0;39m &amp#27;[36mc.g.d.z.s.o.a.hc.client5.http.wire&amp#27;[0;39m - &amp#27;[32mhttp-outgoing-1 >> "sort_buffer_size = 64K[\n]"
&amp#27;[0;39m2023-05-08 13:19:01,825 [main] &amp#27;[39mDEBUG&amp#27;[0;39m &amp#27;[36mc.g.d.z.s.o.a.hc.client5.http.wire&amp#27;[0;39m - &amp#27;[32mhttp-outgoing-1 >> "read_buffer_size = 256K[\n]"
&amp#27;[0;39m2023-05-08 13:19:01,825 [main] &amp#27;[39mDEBUG&amp#27;[0;39m &amp#27;[36mc.g.d.z.s.o.a.hc.client5.http.wire&amp#27;[0;39m - &amp#27;[32mhttp-outgoing-1 >> "read_rnd_buffer_size = 256K[\n]"
&amp#27;[0;39m2023-05-08 13:19:01,825 [main] &amp#27;[39mDEBUG&amp#27;[0;39m &amp#27;[36mc.g.d.z.s.o.a.hc.client5.http.wire&amp#27;[0;39m - &amp#27;[32mhttp-outgoing-1 >> "net_buffer_length = 2K[\n]"
&amp#27;[0;39m2023-05-08 13:19:01,825 [main] &amp#27;[39mDEBUG&amp#27;[0;39m &amp#27;[36mc.g.d.z.s.o.a.hc.client5.http.wire&amp#27;[0;39m - &amp#27;[32mhttp-outgoing-1 >> "skip-host-cache[\n]"
&amp#27;[0;39m2023-05-08 13:19:01,825 [main] &amp#27;[39mDEBUG&amp#27;[0;39m &amp#27;[36mc.g.d.z.s.o.a.hc.client5.http.wire&amp#27;[0;39m - &amp#27;[32mhttp-outgoing-1 >> "skip-name-resolve[\n]"
&amp#27;[0;39m2023-05-08 13:19:01,825 [main] &amp#27;[39mDEBUG&amp#27;[0;39m &amp#27;[36mc.g.d.z.s.o.a.hc.client5.http.wire&amp#27;[0;39m - &amp#27;[32mhttp-outgoing-1 >> "[\n]"
&amp#27;[0;39m2023-05-08 13:19:01,825 [main] &amp#27;[39mDEBUG&amp#27;[0;39m &amp#27;[36mc.g.d.z.s.o.a.hc.client5.http.wire&amp#27;[0;39m - &amp#27;[32mhttp-outgoing-1 >> "# Don't listen on a TCP/IP port at all. This can be a security enhancement,[\n]"
&amp#27;[0;39m2023-05-08 13:19:01,825 [main] &amp#27;[39mDEBUG&amp#27;[0;39m &amp#27;[36mc.g.d.z.s.o.a.hc.client5.http.wire&amp#27;[0;39m - &amp#27;[32mhttp-outgoing-1 >> "# if all processes that need to connect to mysqld run on the same host.[\n]"
&amp#27;[0;39m2023-05-08 13:19:01,825 [main] &amp#27;[39mDEBUG&amp#27;[0;39m &amp#27;[36mc.g.d.z.s.o.a.hc.client5.http.wire&amp#27;[0;39m - &amp#27;[32mhttp-outgoing-1 >> "# All interaction with mysqld must be made via Unix sockets or named pipes.[\n]"
&amp#27;[0;39m2023-05-08 13:19:01,825 [main] &amp#27;[39mDEBUG&amp#27;[0;39m &amp#27;[36mc.g.d.z.s.o.a.hc.client5.http.wire&amp#27;[0;39m - &amp#27;[32mhttp-outgoing-1 >> "# Note that using this option without enabling named pipes on Windows[\n]"
&amp#27;[0;39m2023-05-08 13:19:01,825 [main] &amp#27;[39mDEBUG&amp#27;[0;39m &amp#27;[36mc.g.d.z.s.o.a.hc.client5.http.wire&amp#27;[0;39m - &amp#27;[32mhttp-outgoing-1 >> "# (using the "enable-named-pipe" option) will render mysqld useless![\n]"
&amp#27;[0;39m2023-05-08 13:19:01,825 [main] &amp#27;[39mDEBUG&amp#27;[0;39m &amp#27;[36mc.g.d.z.s.o.a.hc.client5.http.wire&amp#27;[0;39m - &amp#27;[32mhttp-outgoing-1 >> "#[\n]"
&amp#27;[0;39m2023-05-08 13:19:01,825 [main] &amp#27;[39mDEBUG&amp#27;[0;39m &amp#27;[36mc.g.d.z.s.o.a.hc.client5.http.wire&amp#27;[0;39m - &amp#27;[32mhttp-outgoing-1 >> "#skip-networking[\n]"
&amp#27;[0;39m2023-05-08 13:19:01,825 [main] &amp#27;[39mDEBUG&amp#27;[0;39m &amp#27;[36mc.g.d.z.s.o.a.hc.client5.http.wire&amp#27;[0;39m - &amp#27;[32mhttp-outgoing-1 >> "#server-id      [0x9]= 1[\n]"
&amp#27;[0;39m2023-05-08 13:19:01,825 [main] &amp#27;[39mDEBUG&amp#27;[0;39m &amp#27;[36mc.g.d.z.s.o.a.hc.client5.http.wire&amp#27;[0;39m - &amp#27;[32mhttp-outgoing-1 >> "[\n]"
&amp#27;[0;39m2023-05-08 13:19:01,825 [main] &amp#27;[39mDEBUG&amp#27;[0;39m &amp#27;[36mc.g.d.z.s.o.a.hc.client5.http.wire&amp#27;[0;39m - &amp#27;[32mhttp-outgoing-1 >> "# Uncomment the following if you want to log updates[\n]"
&amp#27;[0;39m2023-05-08 13:19:01,825 [main] &amp#27;[39mDEBUG&amp#27;[0;39m &amp#27;[36mc.g.d.z.s.o.a.hc.client5.http.wire&amp#27;[0;39m - &amp#27;[32mhttp-outgoing-1 >> "#log-bin=mysql-bin[\n]"
&amp#27;[0;39m2023-05-08 13:19:01,825 [main] &amp#27;[39mDEBUG&amp#27;[0;39m &amp#27;[36mc.g.d.z.s.o.a.hc.client5.http.wire&amp#27;[0;39m - &amp#27;[32mhttp-outgoing-1 >> "[\n]"
&amp#27;[0;39m2023-05-08 13:19:01,825 [main] &amp#27;[39mDEBUG&amp#27;[0;39m &amp#27;[36mc.g.d.z.s.o.a.hc.client5.http.wire&amp#27;[0;39m - &amp#27;[32mhttp-outgoing-1 >> "# binary logging format - mixed recommended[\n]"
&amp#27;[0;39m2023-05-08 13:19:01,825 [main] &amp#27;[39mDEBUG&amp#27;[0;39m &amp#27;[36mc.g.d.z.s.o.a.hc.client5.http.wire&amp#27;[0;39m - &amp#27;[32mhttp-outgoing-1 >> "#binlog_format=mixed[\n]"
&amp#27;[0;39m2023-05-08 13:19:01,825 [main] &amp#27;[39mDEBUG&amp#27;[0;39m &amp#27;[36mc.g.d.z.s.o.a.hc.client5.http.wire&amp#27;[0;39m - &amp#27;[32mhttp-outgoing-1 >> "[\n]"
&amp#27;[0;39m2023-05-08 13:19:01,825 [main] &amp#27;[39mDEBUG&amp#27;[0;39m &amp#27;[36mc.g.d.z.s.o.a.hc.client5.http.wire&amp#27;[0;39m - &amp#27;[32mhttp-outgoing-1 >> "# Causes updates to non-transactional engines using statement format to be[\n]"
&amp#27;[0;39m2023-05-08 13:19:01,825 [main] &amp#27;[39mDEBUG&amp#27;[0;39m &amp#27;[36mc.g.d.z.s.o.a.hc.client5.http.wire&amp#27;[0;39m - &amp#27;[32mhttp-outgoing-1 >> "# written directly to binary log. Before using this option make sure that[\n]"
&amp#27;[0;39m2023-05-08 13:19:01,825 [main] &amp#27;[39mDEBUG&amp#27;[0;39m &amp#27;[36mc.g.d.z.s.o.a.hc.client5.http.wire&amp#27;[0;39m - &amp#27;[32mhttp-outgoing-1 >> "# there are no depe[\r][\n]"
&amp#27;[0;39m2023-05-08 13:19:01,825 [main] &amp#27;[39mDEBUG&amp#27;[0;39m &amp#27;[36mc.g.d.z.s.o.a.hc.client5.http.wire&amp#27;[0;39m - &amp#27;[32mhttp-outgoing-1 >> "800[\r][\n]"
&amp#27;[0;39m2023-05-08 13:19:01,825 [main] &amp#27;[39mDEBUG&amp#27;[0;39m &amp#27;[36mc.g.d.z.s.o.a.hc.client5.http.wire&amp#27;[0;39m - &amp#27;[32mhttp-outgoing-1 >> "ndencies between transactional and non-transactional[\n]"
&amp#27;[0;39m2023-05-08 13:19:01,825 [main] &amp#27;[39mDEBUG&amp#27;[0;39m &amp#27;[36mc.g.d.z.s.o.a.hc.client5.http.wire&amp#27;[0;39m - &amp#27;[32mhttp-outgoing-1 >> "# tables such as in the statement INSERT INTO t_myisam SELECT * FROM[\n]"
&amp#27;[0;39m2023-05-08 13:19:01,825 [main] &amp#27;[39mDEBUG&amp#27;[0;39m &amp#27;[36mc.g.d.z.s.o.a.hc.client5.http.wire&amp#27;[0;39m - &amp#27;[32mhttp-outgoing-1 >> "# t_innodb; otherwise, slaves may diverge from the master.[\n]"
&amp#27;[0;39m2023-05-08 13:19:01,825 [main] &amp#27;[39mDEBUG&amp#27;[0;39m &amp#27;[36mc.g.d.z.s.o.a.hc.client5.http.wire&amp#27;[0;39m - &amp#27;[32mhttp-outgoing-1 >> "#binlog_direct_non_transactional_updates=TRUE[\n]"
&amp#27;[0;39m2023-05-08 13:19:01,825 [main] &amp#27;[39mDEBUG&amp#27;[0;39m &amp#27;[36mc.g.d.z.s.o.a.hc.client5.http.wire&amp#27;[0;39m - &amp#27;[32mhttp-outgoing-1 >> "[\n]"
&amp#27;[0;39m2023-05-08 13:19:01,825 [main] &amp#27;[39mDEBUG&amp#27;[0;39m &amp#27;[36mc.g.d.z.s.o.a.hc.client5.http.wire&amp#27;[0;39m - &amp#27;[32mhttp-outgoing-1 >> "# Uncomment the following if you are using InnoDB tables[\n]"
&amp#27;[0;39m2023-05-08 13:19:01,825 [main] &amp#27;[39mDEBUG&amp#27;[0;39m &amp#27;[36mc.g.d.z.s.o.a.hc.client5.http.wire&amp#27;[0;39m - &amp#27;[32mhttp-outgoing-1 >> "innodb_data_file_path = ibdata1:10M:autoextend[\n]"
&amp#27;[0;39m2023-05-08 13:19:01,825 [main] &amp#27;[39mDEBUG&amp#27;[0;39m &amp#27;[36mc.g.d.z.s.o.a.hc.client5.http.wire&amp#27;[0;39m - &amp#27;[32mhttp-outgoing-1 >> "# You can set .._buffer_pool_size up to 50 - 80 %[\n]"
&amp#27;[0;39m2023-05-08 13:19:01,825 [main] &amp#27;[39mDEBUG&amp#27;[0;39m &amp#27;[36mc.g.d.z.s.o.a.hc.client5.http.wire&amp#27;[0;39m - &amp#27;[32mhttp-outgoing-1 >> "# of RAM but beware of setting memory usage too high[\n]"
&amp#27;[0;39m2023-05-08 13:19:01,825 [main] &amp#27;[39mDEBUG&amp#27;[0;39m &amp#27;[36mc.g.d.z.s.o.a.hc.client5.http.wire&amp#27;[0;39m - &amp#27;[32mhttp-outgoing-1 >> "innodb_buffer_pool_size = 16M[\n]"
&amp#27;[0;39m2023-05-08 13:19:01,825 [main] &amp#27;[39mDEBUG&amp#27;[0;39m &amp#27;[36mc.g.d.z.s.o.a.hc.client5.http.wire&amp#27;[0;39m - &amp#27;[32mhttp-outgoing-1 >> "#innodb_additional_mem_pool_size = 2M[\n]"
&amp#27;[0;39m2023-05-08 13:19:01,825 [main] &amp#27;[39mDEBUG&amp#27;[0;39m &amp#27;[36mc.g.d.z.s.o.a.hc.client5.http.wire&amp#27;[0;39m - &amp#27;[32mhttp-outgoing-1 >> "# Set .._log_file_size to 25 % of buffer pool size[\n]"
&amp#27;[0;39m2023-05-08 13:19:01,825 [main] &amp#27;[39mDEBUG&amp#27;[0;39m &amp#27;[36mc.g.d.z.s.o.a.hc.client5.http.wire&amp#27;[0;39m - &amp#27;[32mhttp-outgoing-1 >> "innodb_log_file_size = 5M[\n]"
&amp#27;[0;39m2023-05-08 13:19:01,825 [main] &amp#27;[39mDEBUG&amp#27;[0;39m &amp#27;[36mc.g.d.z.s.o.a.hc.client5.http.wire&amp#27;[0;39m - &amp#27;[32mhttp-outgoing-1 >> "innodb_log_buffer_size = 8M[\n]"
&amp#27;[0;39m2023-05-08 13:19:01,825 [main] &amp#27;[39mDEBUG&amp#27;[0;39m &amp#27;[36mc.g.d.z.s.o.a.hc.client5.http.wire&amp#27;[0;39m - &amp#27;[32mhttp-outgoing-1 >> "innodb_flush_log_at_trx_commit = 1[\n]"
&amp#27;[0;39m2023-05-08 13:19:01,825 [main] &amp#27;[39mDEBUG&amp#27;[0;39m &amp#27;[36mc.g.d.z.s.o.a.hc.client5.http.wire&amp#27;[0;39m - &amp#27;[32mhttp-outgoing-1 >> "innodb_lock_wait_timeout = 50[0x0][0x0][0x0][0x0][0x0][0x0][0x0][0x0][0x0][0x0][0x0][0x0][0x0][0x0][0x0][0x0][0x0][0x0][0x0][0x0][0x0][0x0][0x0][0x0][0x0][0x0][0x0][0x0][0x0][0x0][0x0][0x0][0x0][0x0][0x0][0x0][0x0][0x0][0x0][0x0][0x0][0x0][0x0][0x0][0x0][0x0][0x0][0x0][0x0][0x0][0x0][0x0][0x0][0x0][0x0][0x0][0x0][0x0][0x0][0x0][0x0][0x0][0x0][0x0][0x0][0x0][0x0][0x0][0x0][0x0][0x0][0x0][0x0][0x0][0x0][0x0][0x0][0x0][0x0][0x0][0x0][0x0][0x0][0x0][0x0][0x0][0x0][0x0][0x0][0x0][0x0][0x0][0x0][0x0][0x0][0x0][0x0][0x0][0x0][0x0][0x0][0x0][0x0][0x0][0x0][0x0][0x0][0x0][0x0][0x0][0x0][0x0][0x0][0x0][0x0][0x0][0x0][0x0][0x0][0x0][0x0][0x0][0x0][0x0][0x0][0x0][0x0][0x0][0x0][0x0][0x0][0x0][0x0][0x0][0x0][0x0][0x0][0x0][0x0][0x0][0x0][0x0][0x0][0x0][0x0][0x0][0x0][0x0][0x0][0x0][0x0][0x0][0x0][0x0][0x0][0x0][0x0][0x0][0x0][0x0][0x0][0x0][0x0][0x0][0x0][0x0][0x0][0x0][0x0][0x0][0x0][0x0][0x0][0x0][0x0][0x0][0x0][0x0][0x0][0x0][0x0][0x0][0x0][0x0][0x0][0x0][0x0][0x0][0x0][0x0][0x0][0x0][0x0][0x0][0x0][0x0][0x0][0x0][0x0][0x0][0x0][0x0][0x0][0x0][0x0][0x0][0x0][0x0][0x0][0x0][0x0][0x0][0x0][0x0][0x0][0x0][0x0][0x0][0x0][0x0][0x0][0x0][0x0][0x0][0x0][0x0][0x0][0x0][0x0][0x0][0x0][0x0][0x0][0x0][0x0][0x0][0x0][0x0][0x0][0x0][0x0][0x0][0x0][0x0][0x0][0x0][0x0][0x0][0x0][0x0][0x0][0x0][0x0][0x0][0x0][0x0][0x0][0x0][0x0][0x0][0x0][0x0][0x0][0x0][0x0][0x0][0x0][0x0][0x0][0x0][0x0][0x0][0x0][0x0][0x0][0x0][0x0][0x0][0x0][0x0][0x0][0x0][0x0][0x0][0x0][0x0][0x0][0x0][0x0][0x0][0x0][0x0][0x0][0x0][0x0][0x0][0x0][0x0][0x0][0x0][0x0][0x0][0x0][0x0][0x0][0x0][0x0][0x0][0x0][0x0][0x0][0x0][0x0][0x0][0x0][0x0][0x0][0x0][0x0][0x0][0x0][0x0][0x0][0x0][0x0][0x0][0x0][0x0][0x0][0x0][0x0][0x0][0x0][0x0][0x0][0x0][0x0][0x0][0x0][0x0][0x0][0x0][0x0][0x0][0x0][0x0][0x0][0x0][0x0][0x0][0x0][0x0][0x0][0x0][0x0][0x0][0x0][0x0][0x0][0x0][0x0][0x0][0x0][0x0][0x0][0x0][0x0][0x0][0x0][0x0][0x0][0x0][0x0][0x0][0x0][0x0][0x0][0x0][0x0][0x0][0x0][0x0][0x0][0x0][0x0][0x0][0x0][0x0][0x0][0x0][0x0][0x0][0x0][0x0][0x0][0x0][0x0][0x0][0x0][0x0][0x0][0x0][0x0][0x0][0x0][0x0][0x0][0x0][0x0][0x0][0x0][0x0][0x0][0x0][0x0][0x0][0x0][0x0][0x0][0x0][0x0][0x0][0x0][0x0][0x0][0x0][0x0][0x0][0x0][0x0][0x0][0x0][0x0][0x0][0x0][0x0][0x0][0x0][0x0][0x0][0x0][0x0][0x0][0x0][0x0][0x0][0x0][0x0][0x0][0x0][0x0][0x0][0x0][0x0][0x0][0x0][0x0][0x0][0x0][0x0][0x0][0x0][0x0][0x0][0x0][0x0][0x0][0x0][0x0][0x0][0x0][0x0][0x0][0x0][0x0][0x0][0x0][0x0][0x0][0x0][0x0][0x0][0x0][0x0][0x0][0x0][0x0][0x0][0x0][0x0][0x0][0x0][0x0][0x0][0x0][0x0][0x0][0x0][0x0][0x0][0x0][0x0][0x0][0x0][0x0][0x0][0x0][0x0][0x0][0x0][0x0][0x0][0x0][0x0][0x0][0x0][0x0][0x0][0x0][0x0][0x0][0x0][0x0][0x0][0x0][0x0][0x0][0x0][0x0][0x0][0x0][0x0][0x0][0x0][0x0][0x0][0x0][0x0][0x0][0x0][0x0][0x0][0x0][0x0][0x0][0x0][0x0][0x0][0x0][0x0][0x0][0x0][0x0][0x0][0x0][0x0][0x0][0x0][0x0][0x0][0x0][0x0][0x0][0x0][0x0][0x0][0x0][0x0][0x0][0x0][0x0][0x0][0x0][0x0][0x0][0x0][0x0][0x0][0x0][0x0][0x0][0x0][0x0][0x0][0x0][0x0][0x0][0x0][0x0][0x0][0x0][0x0][0x0][0x0][0x0][0x0][0x0][0x0][0x0][0x0][0x0][0x0][0x0][0x0][0x0][0x0][0x0][0x0][0x0][0x0][0x0][0x0][0x0][0x0][0x0][0x0][0x0][0x0][0x0][0x0][0x0][0x0][0x0][0x0][0x0][0x0][0x0][0x0][0x0][0x0][0x0][0x0][0x0][0x0][0x0][0x0][0x0][0x0][0x0][0x0][0x0][0x0][0x0][0x0][0x0][0x0][0x0][0x0][0x0][0x0][0x0][0x0][0x0][0x0][0x0][0x0][0x0][0x0][0x0][0x0][0x0][0x0][0x0][0x0][0x0][0x0][0x0][0x0][0x0][0x0][0x0][0x0][0x0][0x0][0x0][0x0][0x0][0x0][0x0][0x0][0x0][0x0][0x0][0x0][0x0][0x0][0x0][0x0][0x0][0x0][0x0][0x0][0x0][0x0][0x0][0x0][0x0][0x0][0x0][0x0][0x0][0x0][0x0][0x0][0x0][0x0][0x0][0x0][0x0][0x0][0x0][0x0][0x0][0x0][0x0][0x0][0x0][0x0][0x0][0x0][0x0][0x0][0x0][0x0][0x0][0x0][0x0][0x0][0x0][0x0][0x0][0x0][0x0][0x0][0x0][0x0][0x0][0x0][0x0][0x0][0x0][0x0][0x0][0x0][0x0][0x0][0x0][0x0][0x0][0x0][0x0][0x0][0x0][0x0][0x0][0x0][0x0][0x0][0x0][0x0][0x0][0x0][0x0][0x0][0x0][0x0][0x0][0x0][0x0][0x0][0x0][0x0][0x0][0x0][0x0][0x0][0x0][0x0][0x0][0x0][0x0][0x0][0x0][0x0][0x0][0x0][0x0][0x0][0x0][0x0][0x0][0x0][0x0][0x0][0x0][0x0][0x0][0x0][0x0][0x0][0x0][0x0][0x0][0x0][0x0][0x0][0x0][0x0][0x0][0x0][0x0][0x0][0x0][0x0][0x0][0x0][0x0][0x0][0x0][0x0][0x0][0x0][0x0][0x0][0x0][0x0][0x0][0x0][0x0][0x0][0x0][0x0][0x0][0x0][0x0][0x0][0x0][0x0][0x0][0x0][0x0][0x0][0x0][0x0][0x0][0x0][0x0][0x0][0x0][0x0][0x0][0x0][0x0][0x0][0x0][0x0][0x0][0x0][0x0][0x0][0x0][0x0][0x0][0x0][0x0][0x0][0x0][0x0][0x0][0x0][0x0][0x0][0x0][0x0][0x0][0x0][0x0][0x0][0x0][0x0][0x0][0x0][0x0][0x0][0x0][0x0][0x0][0x0][0x0][0x0][0x0][0x0][0x0][0x0][0x0][0x0][0x0][0x0][0x0][0x0][0x0][0x0][0x0][0x0][0x0][0x0][0x0][0x0][0x0][0x0][0x0][0x0][0x0][0x0][0x0][0x0][0x0][0x0][0x0][0x0][0x0][0x0][0x0][0x0][0x0][0x0][0x0][0x0][0x0][0x0][0x0][0x0][0x0][0x0][0x0][0x0][0x0][0x0][0x0][0x0][0x0][0x0][0x0][0x0][0x0][0x0][0x0][0x0][0x0][0x0][0x0][0x0][0x0][0x0][0x0][0x0][0x0][0x0][0x0][0x0][0x0][0x0][0x0][0x0][0x0][0x0][0x0][0x0][0x0][0x0][0x0][0x0][0x0][0x0][0x0][0x0][0x0][0x0][0x0][0x0][0x0][0x0][0x0][0x0][0x0][0x0][0x0][0x0][0x0][0x0][0x0][0x0][0x0][0x0][0x0][0x0][0x0][0x0][0x0][0x0][0x0][0x0][0x0][0x0][0x0][0x0][0x0][0x0][0x0][0x0][0x0][0x0][0x0][0x0][0x0][0x0][0x0][0x0][0x0][0x0][0x0][0x0][0x0][0x0][0x0][0x0][0x0][0x0][0x0][0x0][0x0][0x0][0x0][0x0][0x0][0x0][0x0][0x0][0x0][0x0][0x0][0x0][0x0][0x0][0x0][0x0][0x0][0x0][0x0][0x0][0x0][0x0][0x0][0x0][0x0][0x0][0x0][0x0][0x0][0x0][0x0][0x0][0x0][0x0][0x0][0x0][0x0][0x0][0x0][0x0][0x0][0x0][0x0][0x0][0x0][0x0][0x0][0x0][0x0][0x0][0x0][0x0][0x0][0x0][0x0][0x0][0x0][0x0][0x0][0x0][0x0][0x0][0x0][0x0][0x0][0x0][0x0][0x0][0x0][0x0][0x0][0x0][0x0][0x0][0x0][0x0][0x0][0x0][0x0][0x0][0x0][0x0][0x0][0x0][0x0][0x0][0x0][0x0][0x0][0x0][0x0][0x0][0x0][0x0][0x0][0x0][0x0][0x0][0x0][0x0][0x0][0x0][0x0][0x0][0x0][0x0][0x0][0x0][0x0][0x0][0x0][0x0][0x0][0x0][0x0][0x0][0x0][0x0][0x0][0x0][0x0][0x0][0x0][0x0][0x0][0x0][0x0][0x0][0x0][0x0][0x0][0x0][0x0][0x0][0x0][0x0][0x0][0x0][0x0][0x0][0x0][0x0][0x0][0x0][0x0][0x0][0x0][0x0][0x0][0x0][0x0][0x0][0x0][0x0][0x0][0x0][0x0][0x0][0x0][0x0][0x0][0x0][0x0][0x0][0x0][0x0][0x0][0x0][0x0][0x0][0x0][0x0][0x0][0x0][0x0][0x0][0x0][0x0][0x0][0x0][0x0][0x0][0x0][0x0][0x0][0x0][0x0][0x0][0x0][0x0][0x0][0x0][0x0][0x0][0x0][0x0][0x0][0x0][0x0][0x0][0x0][0x0][0x0][0x0][0x0][0x0][0x0][0x0][0x0][0x0][0x0][0x0][0x0][0x0][0x0][0x0][0x0][0x0][0x0][0x0][0x0][0x0][0x0][0x0][0x0][0x0][0x0][0x0][0x0][0x0][0x0][0x0][0x0][0x0][0x0][0x0][0x0][0x0][0x0][0x0][0x0][0x0][0x0][0x0][0x0][0x0][0x0][0x0][0x0][0x0][0x0][0x0][0x0][0x0][0x0][0x0][0x0][0x0][0x0][0x0][0x0][0x0][0x0][0x0][0x0][0x0][0x0][0x0][0x0][0x0][0x0][0x0][0x0][0x0][0x0][0x0][0x0][0x0][0x0][0x0][0x0][0x0][0x0][0x0][0x0][0x0][0x0][0x0][0x0][0x0][0x0][0x0][0x0][0x0][0x0][0x0][0x0][0x0][0x0][0x0][0x0][0x0][0x0][0x0][0x0][0x0][0x0][0x0][0x0][0x0][0x0][0x0][0x0][0x0][0x0][0x0][0x0][0x0][0x0][0x0][0x0][0x0][0x0][0x0][0x0][0x0][0x0][0x0][0x0][0x0][0x0][0x0][0x0][0x0][0x0][0x0][0x0][0x0][0x0][0x0][0x0][0x0][0x0][0x0][0x0][0x0][\r][\n]"
&amp#27;[0;39m2023-05-08 13:19:01,825 [main] &amp#27;[39mDEBUG&amp#27;[0;39m &amp#27;[36mc.g.d.z.s.o.a.hc.client5.http.wire&amp#27;[0;39m - &amp#27;[32mhttp-outgoing-1 >> "0[\r][\n]"
&amp#27;[0;39m2023-05-08 13:19:01,825 [main] &amp#27;[39mDEBUG&amp#27;[0;39m &amp#27;[36mc.g.d.z.s.o.a.hc.client5.http.wire&amp#27;[0;39m - &amp#27;[32mhttp-outgoing-1 >> "[\r][\n]"
&amp#27;[0;39m2023-05-08 13:19:01,858 [main] &amp#27;[39mDEBUG&amp#27;[0;39m &amp#27;[36mc.g.d.z.s.o.a.hc.client5.http.wire&amp#27;[0;39m - &amp#27;[32mhttp-outgoing-1 << "HTTP/1.1 200 OK[\r][\n]"
&amp#27;[0;39m2023-05-08 13:19:01,858 [main] &amp#27;[39mDEBUG&amp#27;[0;39m &amp#27;[36mc.g.d.z.s.o.a.hc.client5.http.wire&amp#27;[0;39m - &amp#27;[32mhttp-outgoing-1 << "Api-Version: 1.42[\r][\n]"
&amp#27;[0;39m2023-05-08 13:19:01,858 [main] &amp#27;[39mDEBUG&amp#27;[0;39m &amp#27;[36mc.g.d.z.s.o.a.hc.client5.http.wire&amp#27;[0;39m - &amp#27;[32mhttp-outgoing-1 << "Docker-Experimental: false[\r][\n]"
&amp#27;[0;39m2023-05-08 13:19:01,858 [main] &amp#27;[39mDEBUG&amp#27;[0;39m &amp#27;[36mc.g.d.z.s.o.a.hc.client5.http.wire&amp#27;[0;39m - &amp#27;[32mhttp-outgoing-1 << "Ostype: linux[\r][\n]"
&amp#27;[0;39m2023-05-08 13:19:01,858 [main] &amp#27;[39mDEBUG&amp#27;[0;39m &amp#27;[36mc.g.d.z.s.o.a.hc.client5.http.wire&amp#27;[0;39m - &amp#27;[32mhttp-outgoing-1 << "Server: Docker/23.0.5 (linux)[\r][\n]"
&amp#27;[0;39m2023-05-08 13:19:01,858 [main] &amp#27;[39mDEBUG&amp#27;[0;39m &amp#27;[36mc.g.d.z.s.o.a.hc.client5.http.wire&amp#27;[0;39m - &amp#27;[32mhttp-outgoing-1 << "Date: Mon, 08 May 2023 11:19:01 GMT[\r][\n]"
&amp#27;[0;39m2023-05-08 13:19:01,858 [main] &amp#27;[39mDEBUG&amp#27;[0;39m &amp#27;[36mc.g.d.z.s.o.a.hc.client5.http.wire&amp#27;[0;39m - &amp#27;[32mhttp-outgoing-1 << "Content-Length: 0[\r][\n]"
&amp#27;[0;39m2023-05-08 13:19:01,858 [main] &amp#27;[39mDEBUG&amp#27;[0;39m &amp#27;[36mc.g.d.z.s.o.a.hc.client5.http.wire&amp#27;[0;39m - &amp#27;[32mhttp-outgoing-1 << "[\r][\n]"
&amp#27;[0;39m2023-05-08 13:19:01,858 [main] &amp#27;[39mDEBUG&amp#27;[0;39m &amp#27;[36mc.g.d.z.s.o.a.h.client5.http.headers&amp#27;[0;39m - &amp#27;[32mhttp-outgoing-1 << HTTP/1.1 200 OK
&amp#27;[0;39m2023-05-08 13:19:01,858 [main] &amp#27;[39mDEBUG&amp#27;[0;39m &amp#27;[36mc.g.d.z.s.o.a.h.client5.http.headers&amp#27;[0;39m - &amp#27;[32mhttp-outgoing-1 << Api-Version: 1.42
&amp#27;[0;39m2023-05-08 13:19:01,858 [main] &amp#27;[39mDEBUG&amp#27;[0;39m &amp#27;[36mc.g.d.z.s.o.a.h.client5.http.headers&amp#27;[0;39m - &amp#27;[32mhttp-outgoing-1 << Docker-Experimental: false
&amp#27;[0;39m2023-05-08 13:19:01,858 [main] &amp#27;[39mDEBUG&amp#27;[0;39m &amp#27;[36mc.g.d.z.s.o.a.h.client5.http.headers&amp#27;[0;39m - &amp#27;[32mhttp-outgoing-1 << Ostype: linux
&amp#27;[0;39m2023-05-08 13:19:01,858 [main] &amp#27;[39mDEBUG&amp#27;[0;39m &amp#27;[36mc.g.d.z.s.o.a.h.client5.http.headers&amp#27;[0;39m - &amp#27;[32mhttp-outgoing-1 << Server: Docker/23.0.5 (linux)
&amp#27;[0;39m2023-05-08 13:19:01,858 [main] &amp#27;[39mDEBUG&amp#27;[0;39m &amp#27;[36mc.g.d.z.s.o.a.h.client5.http.headers&amp#27;[0;39m - &amp#27;[32mhttp-outgoing-1 << Date: Mon, 08 May 2023 11:19:01 GMT
&amp#27;[0;39m2023-05-08 13:19:01,858 [main] &amp#27;[39mDEBUG&amp#27;[0;39m &amp#27;[36mc.g.d.z.s.o.a.h.client5.http.headers&amp#27;[0;39m - &amp#27;[32mhttp-outgoing-1 << Content-Length: 0
&amp#27;[0;39m2023-05-08 13:19:01,858 [main] &amp#27;[39mDEBUG&amp#27;[0;39m &amp#27;[36mc.g.d.z.s.o.a.h.c.h.i.c.MainClientExec&amp#27;[0;39m - &amp#27;[32mex-00000058: connection can be kept alive for 3 MINUTES
&amp#27;[0;39m2023-05-08 13:19:01,858 [main] &amp#27;[39mDEBUG&amp#27;[0;39m &amp#27;[36mc.g.d.z.s.o.a.h.c.h.i.c.InternalHttpClient&amp#27;[0;39m - &amp#27;[32mep-00000057: releasing valid endpoint
&amp#27;[0;39m2023-05-08 13:19:01,858 [main] &amp#27;[39mDEBUG&amp#27;[0;39m &amp#27;[36mc.g.d.z.s.o.a.h.c.h.i.i.PoolingHttpClientConnectionManager&amp#27;[0;39m - &amp#27;[32mep-00000057: releasing endpoint
&amp#27;[0;39m2023-05-08 13:19:01,858 [main] &amp#27;[39mDEBUG&amp#27;[0;39m &amp#27;[36mc.g.d.z.s.o.a.h.c.h.i.i.PoolingHttpClientConnectionManager&amp#27;[0;39m - &amp#27;[32mep-00000057: connection http-outgoing-1 can be kept alive for 3 MINUTES
&amp#27;[0;39m2023-05-08 13:19:01,858 [main] &amp#27;[39mDEBUG&amp#27;[0;39m &amp#27;[36mc.g.d.z.s.o.a.h.c.h.i.i.PoolingHttpClientConnectionManager&amp#27;[0;39m - &amp#27;[32mep-00000057: connection released [route: {}->unix://localhost:2375][total available: 1; route allocated: 1 of 2147483647; total allocated: 1 of 2147483647]
&amp#27;[0;39m2023-05-08 13:19:01,858 [main] &amp#27;[39mDEBUG&amp#27;[0;39m &amp#27;[36mc.g.d.z.s.o.a.h.c.h.i.c.ProtocolExec&amp#27;[0;39m - &amp#27;[32mex-00000058: Cannot retry non-repeatable request
&amp#27;[0;39m2023-05-08 13:19:01,858 [main] &amp#27;[39mDEBUG&amp#27;[0;39m &amp#27;[36mc.g.d.z.s.o.a.h.c.h.i.c.HttpRequestRetryExec&amp#27;[0;39m - &amp#27;[32mex-00000058: cannot retry non-repeatable request
&amp#27;[0;39m2023-05-08 13:19:01,858 [main] &amp#27;[34mINFO &amp#27;[0;39m &amp#27;[36mtc.mysql:8.0.0&amp#27;[0;39m - &amp#27;[32mContainer mysql:8.0.0 is starting: 0739339bbc624082fb5e41f62f4a622236ffe4974bf12b2847105b726085e02b
&amp#27;[0;39m2023-05-08 13:19:01,858 [main] &amp#27;[39mDEBUG&amp#27;[0;39m &amp#27;[36mo.t.s.c.g.d.c.command.AbstrDockerCmd&amp#27;[0;39m - &amp#27;[32mCmd: 0739339bbc624082fb5e41f62f4a622236ffe4974bf12b2847105b726085e02b
&amp#27;[0;39m2023-05-08 13:19:01,859 [main] &amp#27;[39mDEBUG&amp#27;[0;39m &amp#27;[36mc.g.d.z.s.o.a.h.c.h.i.c.InternalHttpClient&amp#27;[0;39m - &amp#27;[32mex-00000059: preparing request execution
&amp#27;[0;39m2023-05-08 13:19:01,859 [main] &amp#27;[39mDEBUG&amp#27;[0;39m &amp#27;[36mc.g.d.z.s.o.a.h.c.h.p.RequestAddCookies&amp#27;[0;39m - &amp#27;[32mCookie spec selected: strict
&amp#27;[0;39m2023-05-08 13:19:01,859 [main] &amp#27;[39mDEBUG&amp#27;[0;39m &amp#27;[36mc.g.d.z.s.o.a.h.c.h.p.RequestAuthCache&amp#27;[0;39m - &amp#27;[32mAuth cache not set in the context
&amp#27;[0;39m2023-05-08 13:19:01,859 [main] &amp#27;[39mDEBUG&amp#27;[0;39m &amp#27;[36mc.g.d.z.s.o.a.h.c.h.i.c.ProtocolExec&amp#27;[0;39m - &amp#27;[32mex-00000059: target auth state: UNCHALLENGED
&amp#27;[0;39m2023-05-08 13:19:01,859 [main] &amp#27;[39mDEBUG&amp#27;[0;39m &amp#27;[36mc.g.d.z.s.o.a.h.c.h.i.c.ProtocolExec&amp#27;[0;39m - &amp#27;[32mex-00000059: proxy auth state: UNCHALLENGED
&amp#27;[0;39m2023-05-08 13:19:01,859 [main] &amp#27;[39mDEBUG&amp#27;[0;39m &amp#27;[36mc.g.d.z.s.o.a.h.c.h.i.c.ConnectExec&amp#27;[0;39m - &amp#27;[32mex-00000059: acquiring connection with route {}->unix://localhost:2375
&amp#27;[0;39m2023-05-08 13:19:01,859 [main] &amp#27;[39mDEBUG&amp#27;[0;39m &amp#27;[36mc.g.d.z.s.o.a.h.c.h.i.c.InternalHttpClient&amp#27;[0;39m - &amp#27;[32mex-00000059: acquiring endpoint (3 MINUTES)
&amp#27;[0;39m2023-05-08 13:19:01,859 [main] &amp#27;[39mDEBUG&amp#27;[0;39m &amp#27;[36mc.g.d.z.s.o.a.h.c.h.i.i.PoolingHttpClientConnectionManager&amp#27;[0;39m - &amp#27;[32mex-00000059: endpoint lease request (3 MINUTES) [route: {}->unix://localhost:2375][total available: 1; route allocated: 1 of 2147483647; total allocated: 1 of 2147483647]
&amp#27;[0;39m2023-05-08 13:19:01,859 [main] &amp#27;[39mDEBUG&amp#27;[0;39m &amp#27;[36mc.g.d.z.s.o.a.h.c.h.i.i.PoolingHttpClientConnectionManager&amp#27;[0;39m - &amp#27;[32mex-00000059: endpoint leased [route: {}->unix://localhost:2375][total available: 0; route allocated: 1 of 2147483647; total allocated: 1 of 2147483647]
&amp#27;[0;39m2023-05-08 13:19:01,859 [main] &amp#27;[39mDEBUG&amp#27;[0;39m &amp#27;[36mc.g.d.z.s.o.a.h.c.h.i.i.PoolingHttpClientConnectionManager&amp#27;[0;39m - &amp#27;[32mex-00000059: acquired ep-00000058
&amp#27;[0;39m2023-05-08 13:19:01,859 [main] &amp#27;[39mDEBUG&amp#27;[0;39m &amp#27;[36mc.g.d.z.s.o.a.h.c.h.i.c.InternalHttpClient&amp#27;[0;39m - &amp#27;[32mex-00000059: acquired endpoint ep-00000058
&amp#27;[0;39m2023-05-08 13:19:01,859 [main] &amp#27;[39mDEBUG&amp#27;[0;39m &amp#27;[36mc.g.d.z.s.o.a.h.c.h.i.c.MainClientExec&amp#27;[0;39m - &amp#27;[32mex-00000059: executing POST /v1.32/containers/0739339bbc624082fb5e41f62f4a622236ffe4974bf12b2847105b726085e02b/start HTTP/1.1
&amp#27;[0;39m2023-05-08 13:19:01,859 [main] &amp#27;[39mDEBUG&amp#27;[0;39m &amp#27;[36mc.g.d.z.s.o.a.h.c.h.i.c.InternalHttpClient&amp#27;[0;39m - &amp#27;[32mep-00000058: start execution ex-00000059
&amp#27;[0;39m2023-05-08 13:19:01,859 [main] &amp#27;[39mDEBUG&amp#27;[0;39m &amp#27;[36mc.g.d.z.s.o.a.h.c.h.i.i.PoolingHttpClientConnectionManager&amp#27;[0;39m - &amp#27;[32mep-00000058: executing exchange ex-00000059 over http-outgoing-1
&amp#27;[0;39m2023-05-08 13:19:01,859 [main] &amp#27;[39mDEBUG&amp#27;[0;39m &amp#27;[36mc.g.d.z.s.o.a.h.client5.http.headers&amp#27;[0;39m - &amp#27;[32mhttp-outgoing-1 >> POST /v1.32/containers/0739339bbc624082fb5e41f62f4a622236ffe4974bf12b2847105b726085e02b/start HTTP/1.1
&amp#27;[0;39m2023-05-08 13:19:01,859 [main] &amp#27;[39mDEBUG&amp#27;[0;39m &amp#27;[36mc.g.d.z.s.o.a.h.client5.http.headers&amp#27;[0;39m - &amp#27;[32mhttp-outgoing-1 >> accept: application/json
&amp#27;[0;39m2023-05-08 13:19:01,859 [main] &amp#27;[39mDEBUG&amp#27;[0;39m &amp#27;[36mc.g.d.z.s.o.a.h.client5.http.headers&amp#27;[0;39m - &amp#27;[32mhttp-outgoing-1 >> content-type: application/json
&amp#27;[0;39m2023-05-08 13:19:01,859 [main] &amp#27;[39mDEBUG&amp#27;[0;39m &amp#27;[36mc.g.d.z.s.o.a.h.client5.http.headers&amp#27;[0;39m - &amp#27;[32mhttp-outgoing-1 >> x-tc-sid: f1b696c1-ec3f-4f95-afa8-081853be7ccb
&amp#27;[0;39m2023-05-08 13:19:01,859 [main] &amp#27;[39mDEBUG&amp#27;[0;39m &amp#27;[36mc.g.d.z.s.o.a.h.client5.http.headers&amp#27;[0;39m - &amp#27;[32mhttp-outgoing-1 >> Accept-Encoding: gzip, x-gzip, deflate
&amp#27;[0;39m2023-05-08 13:19:01,859 [main] &amp#27;[39mDEBUG&amp#27;[0;39m &amp#27;[36mc.g.d.z.s.o.a.h.client5.http.headers&amp#27;[0;39m - &amp#27;[32mhttp-outgoing-1 >> Host: localhost:2375
&amp#27;[0;39m2023-05-08 13:19:01,859 [main] &amp#27;[39mDEBUG&amp#27;[0;39m &amp#27;[36mc.g.d.z.s.o.a.h.client5.http.headers&amp#27;[0;39m - &amp#27;[32mhttp-outgoing-1 >> Connection: keep-alive
&amp#27;[0;39m2023-05-08 13:19:01,859 [main] &amp#27;[39mDEBUG&amp#27;[0;39m &amp#27;[36mc.g.d.z.s.o.a.h.client5.http.headers&amp#27;[0;39m - &amp#27;[32mhttp-outgoing-1 >> User-Agent: Apache-HttpClient/5.0.3 (Java/17.0.6)
&amp#27;[0;39m2023-05-08 13:19:01,859 [main] &amp#27;[39mDEBUG&amp#27;[0;39m &amp#27;[36mc.g.d.z.s.o.a.hc.client5.http.wire&amp#27;[0;39m - &amp#27;[32mhttp-outgoing-1 >> "POST /v1.32/containers/0739339bbc624082fb5e41f62f4a622236ffe4974bf12b2847105b726085e02b/start HTTP/1.1[\r][\n]"
&amp#27;[0;39m2023-05-08 13:19:01,859 [main] &amp#27;[39mDEBUG&amp#27;[0;39m &amp#27;[36mc.g.d.z.s.o.a.hc.client5.http.wire&amp#27;[0;39m - &amp#27;[32mhttp-outgoing-1 >> "accept: application/json[\r][\n]"
&amp#27;[0;39m2023-05-08 13:19:01,859 [main] &amp#27;[39mDEBUG&amp#27;[0;39m &amp#27;[36mc.g.d.z.s.o.a.hc.client5.http.wire&amp#27;[0;39m - &amp#27;[32mhttp-outgoing-1 >> "content-type: application/json[\r][\n]"
&amp#27;[0;39m2023-05-08 13:19:01,859 [main] &amp#27;[39mDEBUG&amp#27;[0;39m &amp#27;[36mc.g.d.z.s.o.a.hc.client5.http.wire&amp#27;[0;39m - &amp#27;[32mhttp-outgoing-1 >> "x-tc-sid: f1b696c1-ec3f-4f95-afa8-081853be7ccb[\r][\n]"
&amp#27;[0;39m2023-05-08 13:19:01,859 [main] &amp#27;[39mDEBUG&amp#27;[0;39m &amp#27;[36mc.g.d.z.s.o.a.hc.client5.http.wire&amp#27;[0;39m - &amp#27;[32mhttp-outgoing-1 >> "Accept-Encoding: gzip, x-gzip, deflate[\r][\n]"
&amp#27;[0;39m2023-05-08 13:19:01,859 [main] &amp#27;[39mDEBUG&amp#27;[0;39m &amp#27;[36mc.g.d.z.s.o.a.hc.client5.http.wire&amp#27;[0;39m - &amp#27;[32mhttp-outgoing-1 >> "Host: localhost:2375[\r][\n]"
&amp#27;[0;39m2023-05-08 13:19:01,859 [main] &amp#27;[39mDEBUG&amp#27;[0;39m &amp#27;[36mc.g.d.z.s.o.a.hc.client5.http.wire&amp#27;[0;39m - &amp#27;[32mhttp-outgoing-1 >> "Connection: keep-alive[\r][\n]"
&amp#27;[0;39m2023-05-08 13:19:01,859 [main] &amp#27;[39mDEBUG&amp#27;[0;39m &amp#27;[36mc.g.d.z.s.o.a.hc.client5.http.wire&amp#27;[0;39m - &amp#27;[32mhttp-outgoing-1 >> "User-Agent: Apache-HttpClient/5.0.3 (Java/17.0.6)[\r][\n]"
&amp#27;[0;39m2023-05-08 13:19:01,859 [main] &amp#27;[39mDEBUG&amp#27;[0;39m &amp#27;[36mc.g.d.z.s.o.a.hc.client5.http.wire&amp#27;[0;39m - &amp#27;[32mhttp-outgoing-1 >> "[\r][\n]"
&amp#27;[0;39m2023-05-08 13:19:02,115 [main] &amp#27;[39mDEBUG&amp#27;[0;39m &amp#27;[36mc.g.d.z.s.o.a.hc.client5.http.wire&amp#27;[0;39m - &amp#27;[32mhttp-outgoing-1 << "HTTP/1.1 204 No Content[\r][\n]"
&amp#27;[0;39m2023-05-08 13:19:02,115 [main] &amp#27;[39mDEBUG&amp#27;[0;39m &amp#27;[36mc.g.d.z.s.o.a.hc.client5.http.wire&amp#27;[0;39m - &amp#27;[32mhttp-outgoing-1 << "Api-Version: 1.42[\r][\n]"
&amp#27;[0;39m2023-05-08 13:19:02,115 [main] &amp#27;[39mDEBUG&amp#27;[0;39m &amp#27;[36mc.g.d.z.s.o.a.hc.client5.http.wire&amp#27;[0;39m - &amp#27;[32mhttp-outgoing-1 << "Docker-Experimental: false[\r][\n]"
&amp#27;[0;39m2023-05-08 13:19:02,115 [main] &amp#27;[39mDEBUG&amp#27;[0;39m &amp#27;[36mc.g.d.z.s.o.a.hc.client5.http.wire&amp#27;[0;39m - &amp#27;[32mhttp-outgoing-1 << "Ostype: linux[\r][\n]"
&amp#27;[0;39m2023-05-08 13:19:02,115 [main] &amp#27;[39mDEBUG&amp#27;[0;39m &amp#27;[36mc.g.d.z.s.o.a.hc.client5.http.wire&amp#27;[0;39m - &amp#27;[32mhttp-outgoing-1 << "Server: Docker/23.0.5 (linux)[\r][\n]"
&amp#27;[0;39m2023-05-08 13:19:02,115 [main] &amp#27;[39mDEBUG&amp#27;[0;39m &amp#27;[36mc.g.d.z.s.o.a.hc.client5.http.wire&amp#27;[0;39m - &amp#27;[32mhttp-outgoing-1 << "Date: Mon, 08 May 2023 11:19:02 GMT[\r][\n]"
&amp#27;[0;39m2023-05-08 13:19:02,115 [main] &amp#27;[39mDEBUG&amp#27;[0;39m &amp#27;[36mc.g.d.z.s.o.a.hc.client5.http.wire&amp#27;[0;39m - &amp#27;[32mhttp-outgoing-1 << "[\r][\n]"
&amp#27;[0;39m2023-05-08 13:19:02,115 [main] &amp#27;[39mDEBUG&amp#27;[0;39m &amp#27;[36mc.g.d.z.s.o.a.h.client5.http.headers&amp#27;[0;39m - &amp#27;[32mhttp-outgoing-1 << HTTP/1.1 204 No Content
&amp#27;[0;39m2023-05-08 13:19:02,115 [main] &amp#27;[39mDEBUG&amp#27;[0;39m &amp#27;[36mc.g.d.z.s.o.a.h.client5.http.headers&amp#27;[0;39m - &amp#27;[32mhttp-outgoing-1 << Api-Version: 1.42
&amp#27;[0;39m2023-05-08 13:19:02,115 [main] &amp#27;[39mDEBUG&amp#27;[0;39m &amp#27;[36mc.g.d.z.s.o.a.h.client5.http.headers&amp#27;[0;39m - &amp#27;[32mhttp-outgoing-1 << Docker-Experimental: false
&amp#27;[0;39m2023-05-08 13:19:02,115 [main] &amp#27;[39mDEBUG&amp#27;[0;39m &amp#27;[36mc.g.d.z.s.o.a.h.client5.http.headers&amp#27;[0;39m - &amp#27;[32mhttp-outgoing-1 << Ostype: linux
&amp#27;[0;39m2023-05-08 13:19:02,115 [main] &amp#27;[39mDEBUG&amp#27;[0;39m &amp#27;[36mc.g.d.z.s.o.a.h.client5.http.headers&amp#27;[0;39m - &amp#27;[32mhttp-outgoing-1 << Server: Docker/23.0.5 (linux)
&amp#27;[0;39m2023-05-08 13:19:02,115 [main] &amp#27;[39mDEBUG&amp#27;[0;39m &amp#27;[36mc.g.d.z.s.o.a.h.client5.http.headers&amp#27;[0;39m - &amp#27;[32mhttp-outgoing-1 << Date: Mon, 08 May 2023 11:19:02 GMT
&amp#27;[0;39m2023-05-08 13:19:02,116 [main] &amp#27;[39mDEBUG&amp#27;[0;39m &amp#27;[36mc.g.d.z.s.o.a.h.c.h.i.c.MainClientExec&amp#27;[0;39m - &amp#27;[32mex-00000059: connection can be kept alive for 3 MINUTES
&amp#27;[0;39m2023-05-08 13:19:02,116 [main] &amp#27;[39mDEBUG&amp#27;[0;39m &amp#27;[36mc.g.d.z.s.o.a.h.c.h.i.c.InternalHttpClient&amp#27;[0;39m - &amp#27;[32mep-00000058: releasing valid endpoint
&amp#27;[0;39m2023-05-08 13:19:02,116 [main] &amp#27;[39mDEBUG&amp#27;[0;39m &amp#27;[36mc.g.d.z.s.o.a.h.c.h.i.i.PoolingHttpClientConnectionManager&amp#27;[0;39m - &amp#27;[32mep-00000058: releasing endpoint
&amp#27;[0;39m2023-05-08 13:19:02,116 [main] &amp#27;[39mDEBUG&amp#27;[0;39m &amp#27;[36mc.g.d.z.s.o.a.h.c.h.i.i.PoolingHttpClientConnectionManager&amp#27;[0;39m - &amp#27;[32mep-00000058: connection http-outgoing-1 can be kept alive for 3 MINUTES
&amp#27;[0;39m2023-05-08 13:19:02,116 [main] &amp#27;[39mDEBUG&amp#27;[0;39m &amp#27;[36mc.g.d.z.s.o.a.h.c.h.i.i.PoolingHttpClientConnectionManager&amp#27;[0;39m - &amp#27;[32mep-00000058: connection released [route: {}->unix://localhost:2375][total available: 1; route allocated: 1 of 2147483647; total allocated: 1 of 2147483647]
&amp#27;[0;39m2023-05-08 13:19:02,116 [main] &amp#27;[39mDEBUG&amp#27;[0;39m &amp#27;[36mo.t.s.c.g.d.c.command.AbstrDockerCmd&amp#27;[0;39m - &amp#27;[32mCmd: 0739339bbc624082fb5e41f62f4a622236ffe4974bf12b2847105b726085e02b,false
&amp#27;[0;39m2023-05-08 13:19:02,116 [main] &amp#27;[39mDEBUG&amp#27;[0;39m &amp#27;[36mo.t.s.c.g.d.c.e.InspectContainerCmdExec&amp#27;[0;39m - &amp#27;[32mGET: DefaultWebTarget{path=[/containers/0739339bbc624082fb5e41f62f4a622236ffe4974bf12b2847105b726085e02b/json], queryParams={}}
&amp#27;[0;39m2023-05-08 13:19:02,116 [main] &amp#27;[39mDEBUG&amp#27;[0;39m &amp#27;[36mc.g.d.z.s.o.a.h.c.h.i.c.InternalHttpClient&amp#27;[0;39m - &amp#27;[32mex-0000005A: preparing request execution
&amp#27;[0;39m2023-05-08 13:19:02,116 [main] &amp#27;[39mDEBUG&amp#27;[0;39m &amp#27;[36mc.g.d.z.s.o.a.h.c.h.p.RequestAddCookies&amp#27;[0;39m - &amp#27;[32mCookie spec selected: strict
&amp#27;[0;39m2023-05-08 13:19:02,116 [main] &amp#27;[39mDEBUG&amp#27;[0;39m &amp#27;[36mc.g.d.z.s.o.a.h.c.h.p.RequestAuthCache&amp#27;[0;39m - &amp#27;[32mAuth cache not set in the context
&amp#27;[0;39m2023-05-08 13:19:02,116 [main] &amp#27;[39mDEBUG&amp#27;[0;39m &amp#27;[36mc.g.d.z.s.o.a.h.c.h.i.c.ProtocolExec&amp#27;[0;39m - &amp#27;[32mex-0000005A: target auth state: UNCHALLENGED
&amp#27;[0;39m2023-05-08 13:19:02,116 [main] &amp#27;[39mDEBUG&amp#27;[0;39m &amp#27;[36mc.g.d.z.s.o.a.h.c.h.i.c.ProtocolExec&amp#27;[0;39m - &amp#27;[32mex-0000005A: proxy auth state: UNCHALLENGED
&amp#27;[0;39m2023-05-08 13:19:02,116 [main] &amp#27;[39mDEBUG&amp#27;[0;39m &amp#27;[36mc.g.d.z.s.o.a.h.c.h.i.c.ConnectExec&amp#27;[0;39m - &amp#27;[32mex-0000005A: acquiring connection with route {}->unix://localhost:2375
&amp#27;[0;39m2023-05-08 13:19:02,116 [main] &amp#27;[39mDEBUG&amp#27;[0;39m &amp#27;[36mc.g.d.z.s.o.a.h.c.h.i.c.InternalHttpClient&amp#27;[0;39m - &amp#27;[32mex-0000005A: acquiring endpoint (3 MINUTES)
&amp#27;[0;39m2023-05-08 13:19:02,116 [main] &amp#27;[39mDEBUG&amp#27;[0;39m &amp#27;[36mc.g.d.z.s.o.a.h.c.h.i.i.PoolingHttpClientConnectionManager&amp#27;[0;39m - &amp#27;[32mex-0000005A: endpoint lease request (3 MINUTES) [route: {}->unix://localhost:2375][total available: 1; route allocated: 1 of 2147483647; total allocated: 1 of 2147483647]
&amp#27;[0;39m2023-05-08 13:19:02,116 [main] &amp#27;[39mDEBUG&amp#27;[0;39m &amp#27;[36mc.g.d.z.s.o.a.h.c.h.i.i.PoolingHttpClientConnectionManager&amp#27;[0;39m - &amp#27;[32mex-0000005A: endpoint leased [route: {}->unix://localhost:2375][total available: 0; route allocated: 1 of 2147483647; total allocated: 1 of 2147483647]
&amp#27;[0;39m2023-05-08 13:19:02,116 [main] &amp#27;[39mDEBUG&amp#27;[0;39m &amp#27;[36mc.g.d.z.s.o.a.h.c.h.i.i.PoolingHttpClientConnectionManager&amp#27;[0;39m - &amp#27;[32mex-0000005A: acquired ep-00000059
&amp#27;[0;39m2023-05-08 13:19:02,116 [main] &amp#27;[39mDEBUG&amp#27;[0;39m &amp#27;[36mc.g.d.z.s.o.a.h.c.h.i.c.InternalHttpClient&amp#27;[0;39m - &amp#27;[32mex-0000005A: acquired endpoint ep-00000059
&amp#27;[0;39m2023-05-08 13:19:02,116 [main] &amp#27;[39mDEBUG&amp#27;[0;39m &amp#27;[36mc.g.d.z.s.o.a.h.c.h.i.c.MainClientExec&amp#27;[0;39m - &amp#27;[32mex-0000005A: executing GET /v1.32/containers/0739339bbc624082fb5e41f62f4a622236ffe4974bf12b2847105b726085e02b/json HTTP/1.1
&amp#27;[0;39m2023-05-08 13:19:02,116 [main] &amp#27;[39mDEBUG&amp#27;[0;39m &amp#27;[36mc.g.d.z.s.o.a.h.c.h.i.c.InternalHttpClient&amp#27;[0;39m - &amp#27;[32mep-00000059: start execution ex-0000005A
&amp#27;[0;39m2023-05-08 13:19:02,116 [main] &amp#27;[39mDEBUG&amp#27;[0;39m &amp#27;[36mc.g.d.z.s.o.a.h.c.h.i.i.PoolingHttpClientConnectionManager&amp#27;[0;39m - &amp#27;[32mep-00000059: executing exchange ex-0000005A over http-outgoing-1
&amp#27;[0;39m2023-05-08 13:19:02,117 [main] &amp#27;[39mDEBUG&amp#27;[0;39m &amp#27;[36mc.g.d.z.s.o.a.h.client5.http.headers&amp#27;[0;39m - &amp#27;[32mhttp-outgoing-1 >> GET /v1.32/containers/0739339bbc624082fb5e41f62f4a622236ffe4974bf12b2847105b726085e02b/json HTTP/1.1
&amp#27;[0;39m2023-05-08 13:19:02,117 [main] &amp#27;[39mDEBUG&amp#27;[0;39m &amp#27;[36mc.g.d.z.s.o.a.h.client5.http.headers&amp#27;[0;39m - &amp#27;[32mhttp-outgoing-1 >> accept: application/json
&amp#27;[0;39m2023-05-08 13:19:02,117 [main] &amp#27;[39mDEBUG&amp#27;[0;39m &amp#27;[36mc.g.d.z.s.o.a.h.client5.http.headers&amp#27;[0;39m - &amp#27;[32mhttp-outgoing-1 >> x-tc-sid: f1b696c1-ec3f-4f95-afa8-081853be7ccb
&amp#27;[0;39m2023-05-08 13:19:02,117 [main] &amp#27;[39mDEBUG&amp#27;[0;39m &amp#27;[36mc.g.d.z.s.o.a.h.client5.http.headers&amp#27;[0;39m - &amp#27;[32mhttp-outgoing-1 >> Accept-Encoding: gzip, x-gzip, deflate
&amp#27;[0;39m2023-05-08 13:19:02,117 [main] &amp#27;[39mDEBUG&amp#27;[0;39m &amp#27;[36mc.g.d.z.s.o.a.h.client5.http.headers&amp#27;[0;39m - &amp#27;[32mhttp-outgoing-1 >> Host: localhost:2375
&amp#27;[0;39m2023-05-08 13:19:02,117 [main] &amp#27;[39mDEBUG&amp#27;[0;39m &amp#27;[36mc.g.d.z.s.o.a.h.client5.http.headers&amp#27;[0;39m - &amp#27;[32mhttp-outgoing-1 >> Connection: keep-alive
&amp#27;[0;39m2023-05-08 13:19:02,117 [main] &amp#27;[39mDEBUG&amp#27;[0;39m &amp#27;[36mc.g.d.z.s.o.a.h.client5.http.headers&amp#27;[0;39m - &amp#27;[32mhttp-outgoing-1 >> User-Agent: Apache-HttpClient/5.0.3 (Java/17.0.6)
&amp#27;[0;39m2023-05-08 13:19:02,117 [main] &amp#27;[39mDEBUG&amp#27;[0;39m &amp#27;[36mc.g.d.z.s.o.a.hc.client5.http.wire&amp#27;[0;39m - &amp#27;[32mhttp-outgoing-1 >> "GET /v1.32/containers/0739339bbc624082fb5e41f62f4a622236ffe4974bf12b2847105b726085e02b/json HTTP/1.1[\r][\n]"
&amp#27;[0;39m2023-05-08 13:19:02,117 [main] &amp#27;[39mDEBUG&amp#27;[0;39m &amp#27;[36mc.g.d.z.s.o.a.hc.client5.http.wire&amp#27;[0;39m - &amp#27;[32mhttp-outgoing-1 >> "accept: application/json[\r][\n]"
&amp#27;[0;39m2023-05-08 13:19:02,117 [main] &amp#27;[39mDEBUG&amp#27;[0;39m &amp#27;[36mc.g.d.z.s.o.a.hc.client5.http.wire&amp#27;[0;39m - &amp#27;[32mhttp-outgoing-1 >> "x-tc-sid: f1b696c1-ec3f-4f95-afa8-081853be7ccb[\r][\n]"
&amp#27;[0;39m2023-05-08 13:19:02,117 [main] &amp#27;[39mDEBUG&amp#27;[0;39m &amp#27;[36mc.g.d.z.s.o.a.hc.client5.http.wire&amp#27;[0;39m - &amp#27;[32mhttp-outgoing-1 >> "Accept-Encoding: gzip, x-gzip, deflate[\r][\n]"
&amp#27;[0;39m2023-05-08 13:19:02,117 [main] &amp#27;[39mDEBUG&amp#27;[0;39m &amp#27;[36mc.g.d.z.s.o.a.hc.client5.http.wire&amp#27;[0;39m - &amp#27;[32mhttp-outgoing-1 >> "Host: localhost:2375[\r][\n]"
&amp#27;[0;39m2023-05-08 13:19:02,117 [main] &amp#27;[39mDEBUG&amp#27;[0;39m &amp#27;[36mc.g.d.z.s.o.a.hc.client5.http.wire&amp#27;[0;39m - &amp#27;[32mhttp-outgoing-1 >> "Connection: keep-alive[\r][\n]"
&amp#27;[0;39m2023-05-08 13:19:02,117 [main] &amp#27;[39mDEBUG&amp#27;[0;39m &amp#27;[36mc.g.d.z.s.o.a.hc.client5.http.wire&amp#27;[0;39m - &amp#27;[32mhttp-outgoing-1 >> "User-Agent: Apache-HttpClient/5.0.3 (Java/17.0.6)[\r][\n]"
&amp#27;[0;39m2023-05-08 13:19:02,117 [main] &amp#27;[39mDEBUG&amp#27;[0;39m &amp#27;[36mc.g.d.z.s.o.a.hc.client5.http.wire&amp#27;[0;39m - &amp#27;[32mhttp-outgoing-1 >> "[\r][\n]"
&amp#27;[0;39m2023-05-08 13:19:02,117 [main] &amp#27;[39mDEBUG&amp#27;[0;39m &amp#27;[36mc.g.d.z.s.o.a.hc.client5.http.wire&amp#27;[0;39m - &amp#27;[32mhttp-outgoing-1 << "HTTP/1.1 200 OK[\r][\n]"
&amp#27;[0;39m2023-05-08 13:19:02,117 [main] &amp#27;[39mDEBUG&amp#27;[0;39m &amp#27;[36mc.g.d.z.s.o.a.hc.client5.http.wire&amp#27;[0;39m - &amp#27;[32mhttp-outgoing-1 << "Api-Version: 1.42[\r][\n]"
&amp#27;[0;39m2023-05-08 13:19:02,117 [main] &amp#27;[39mDEBUG&amp#27;[0;39m &amp#27;[36mc.g.d.z.s.o.a.hc.client5.http.wire&amp#27;[0;39m - &amp#27;[32mhttp-outgoing-1 << "Content-Type: application/json[\r][\n]"
&amp#27;[0;39m2023-05-08 13:19:02,117 [main] &amp#27;[39mDEBUG&amp#27;[0;39m &amp#27;[36mc.g.d.z.s.o.a.hc.client5.http.wire&amp#27;[0;39m - &amp#27;[32mhttp-outgoing-1 << "Docker-Experimental: false[\r][\n]"
&amp#27;[0;39m2023-05-08 13:19:02,117 [main] &amp#27;[39mDEBUG&amp#27;[0;39m &amp#27;[36mc.g.d.z.s.o.a.hc.client5.http.wire&amp#27;[0;39m - &amp#27;[32mhttp-outgoing-1 << "Ostype: linux[\r][\n]"
&amp#27;[0;39m2023-05-08 13:19:02,117 [main] &amp#27;[39mDEBUG&amp#27;[0;39m &amp#27;[36mc.g.d.z.s.o.a.hc.client5.http.wire&amp#27;[0;39m - &amp#27;[32mhttp-outgoing-1 << "Server: Docker/23.0.5 (linux)[\r][\n]"
&amp#27;[0;39m2023-05-08 13:19:02,117 [main] &amp#27;[39mDEBUG&amp#27;[0;39m &amp#27;[36mc.g.d.z.s.o.a.hc.client5.http.wire&amp#27;[0;39m - &amp#27;[32mhttp-outgoing-1 << "Date: Mon, 08 May 2023 11:19:02 GMT[\r][\n]"
&amp#27;[0;39m2023-05-08 13:19:02,117 [main] &amp#27;[39mDEBUG&amp#27;[0;39m &amp#27;[36mc.g.d.z.s.o.a.hc.client5.http.wire&amp#27;[0;39m - &amp#27;[32mhttp-outgoing-1 << "Transfer-Encoding: chunked[\r][\n]"
&amp#27;[0;39m2023-05-08 13:19:02,117 [main] &amp#27;[39mDEBUG&amp#27;[0;39m &amp#27;[36mc.g.d.z.s.o.a.hc.client5.http.wire&amp#27;[0;39m - &amp#27;[32mhttp-outgoing-1 << "[\r][\n]"
&amp#27;[0;39m2023-05-08 13:19:02,117 [main] &amp#27;[39mDEBUG&amp#27;[0;39m &amp#27;[36mc.g.d.z.s.o.a.hc.client5.http.wire&amp#27;[0;39m - &amp#27;[32mhttp-outgoing-1 << "1893[\r][\n]"
&amp#27;[0;39m2023-05-08 13:19:02,117 [main] &amp#27;[39mDEBUG&amp#27;[0;39m &amp#27;[36mc.g.d.z.s.o.a.hc.client5.http.wire&amp#27;[0;39m - &amp#27;[32mhttp-outgoing-1 << "{"Id":"0739339bbc624082fb5e41f62f4a622236ffe4974bf12b2847105b726085e02b","Created":"2023-05-08T11:19:01.771856188Z","Path":"docker-entrypoint.sh","Args":["mysqld"],"State":{"Status":"running","Running":true,"Paused":false,"Restarting":false,"OOMKilled":false,"Dead":false,"Pid":59514,"ExitCode":0,"Error":"","StartedAt":"2023-05-08T11:19:02.113674386Z","FinishedAt":"0001-01-01T00:00:00Z"},"Image":"sha256:228d71078f8ce5ae9fd96b183f88c3a90e30544b4b7ce9d64a238d05fef2a681","ResolvConfPath":"/var/lib/docker/containers/0739339bbc624082fb5e41f62f4a622236ffe4974bf12b2847105b726085e02b/resolv.conf","HostnamePath":"/var/lib/docker/containers/0739339bbc624082fb5e41f62f4a622236ffe4974bf12b2847105b726085e02b/hostname","HostsPath":"/var/lib/docker/containers/0739339bbc624082fb5e41f62f4a622236ffe4974bf12b2847105b726085e02b/hosts","LogPath":"/var/lib/docker/containers/0739339bbc624082fb5e41f62f4a622236ffe4974bf12b2847105b726085e02b/0739339bbc624082fb5e41f62f4a622236ffe4974bf12b2847105b726085e02b-json.log","Name":"/intelligent_galileo","RestartCount":0,"Driver":"overlay2","Platform":"linux","MountLabel":"","ProcessLabel":"","AppArmorProfile":"docker-default","ExecIDs":null,"HostConfig":{"Binds":[],"ContainerIDFile":"","LogConfig":{"Type":"json-file","Config":{}},"NetworkMode":"default","PortBindings":{"3306/tcp":[{"HostIp":"","HostPort":""}]},"RestartPolicy":{"Name":"","MaximumRetryCount":0},"AutoRemove":false,"VolumeDriver":"","VolumesFrom":[],"ConsoleSize":[0,0],"CapAdd":null,"CapDrop":null,"CgroupnsMode":"private","Dns":null,"DnsOptions":null,"DnsSearch":null,"ExtraHosts":[],"GroupAdd":null,"IpcMode":"shareable","Cgroup":"","Links":null,"OomScoreAdj":0,"PidMode":"","Privileged":false,"PublishAllPorts":false,"ReadonlyRootfs":false,"SecurityOpt":null,"UTSMode":"","UsernsMode":"","ShmSize":67108864,"Runtime":"runc","Isolation":"","CpuShares":0,"Memory":0,"NanoCpus":0,"CgroupParent":"","BlkioWeight":0,"BlkioWeightDevice":null,"BlkioDeviceReadBps":null,"BlkioDeviceWriteBps":null,"BlkioDeviceReadIOps":null,"BlkioDeviceWriteIOps":null,"CpuPeriod":0,"CpuQuota":0,"CpuRealtimePeriod":0,"CpuRealtimeRuntime":0,"CpusetCpus":"","CpusetMems":"","Devices":null,"DeviceCgroupRules":null,"DeviceRequests":null,"MemoryReservation":0,"MemorySwap":0,"MemorySwappiness":null,"OomKillDisable":null,"PidsLimit":null,"Ulimits":null,"CpuCount":0,"CpuPercent":0,"IOMaximumIOps":0,"IOMaximumBandwidth":0,"MaskedPaths":["/proc/asound","/proc/acpi","/proc/kcore","/proc/keys","/proc/latency_stats","/proc/timer_list","/proc/timer_stats","/proc/sched_debug","/proc/scsi","/sys/firmware"],"ReadonlyPaths":["/proc/bus","/proc/fs","/proc/irq","/proc/sys","/proc/sysrq-trigger"]},"GraphDriver":{"Data":{"LowerDir":"/var/lib/docker/overlay2/b481eee7843c17772ada1734203524b4de76785735a50d4c68703d497db0e4ed-init/diff:/var/lib/docker/overlay2/4c6e20f032f02b27a9272f982861dc21998197aa90d94ed3bef95d449380247c/diff:/var/lib/docker/overlay2/0c75f828f603eff839bb3ca448163ab2a8017e86625ac255cd3dbf1673ddac26/diff:/var/lib/docker/overlay2/da128d897fda75829109844ce6cd9d73d0f54c682e735100af000ce899908729/diff:/var/lib/docker/overlay2/b678a1f261bf323afba6d76d91ab7428bdd6e1ef4a39b5224e4a1afd08c0423a/diff:/var/lib/docker/overlay2/1bec43b14875c5f9f814f146e8e31aa78566689c2c163da2ac60a32254988437/diff:/var/lib/docker/overlay2/28f4b1e6e1a7a2dbe30f1f94fb42bccd85a61faf8af1fe30a5bb0d442c525e41/diff:/var/lib/docker/overlay2/0f493124464c291d7c97d2633d5dff04b1dce5de904cb40a34dfbe7fe72e3fd4/diff:/var/lib/docker/overlay2/05befbee9e38cd670e1786b3310e99796dcc06abbed970007b4109a5424843fa/diff:/var/lib/docker/overlay2/582bcca9acfc4eef25109e1e1b9c9d104f355798455bc73e855c99283887a6e8/diff:/var/lib/docker/overlay2/153b3bf0b69e97e8f0e5533414a31ca33fa530e63d174c9617621abe46e7e9d1/diff:/var/lib/docker/overlay2/bf87a76c0a38875ee6e915fd0d2527eafa880ec6bf2c1cb294959428c18d10bd/diff","MergedDir":"/var/lib/docker/overlay2/b481eee7843c17772ada1734203524b4de76785735a50d4c68703d497db0e4ed/merged","UpperDir":"/var/lib/docker/overlay2/b481eee7843c17772ada1734203524b4de76785735a50d4c68703d497db0e4ed/diff","WorkDir":"/var/lib/docker/overlay2/b481eee7843c17772ada1734203524b4de76785735a50d4c68703d497db0e4ed/work"},"Name":"overlay2"},"Mounts":[{"Type":"volume","Name":"ec40278114b76af7b6535b952e685e04a98a51fa16363f5e9f0df1ce601f1dd5","Source":"/var/lib/docker/volumes/ec40278114b76af7b6535b952e685e04a98a51fa16363f5e9f0df1ce601f1dd5/_data","Destination":"/var/lib/mysql","Driver":"local","Mode":"","RW":true,"Propagation":""}],"Config":{"Hostname":"0739339bbc62","Domainname":"","User":"","AttachStdin":false,"AttachStdout":false,"AttachStderr":false,"ExposedPorts":{"3306/tcp":{}},"Tty":false,"OpenStdin":false,"StdinOnce":false,"Env":["MYSQL_DATABASE=test","MYSQL_PASSWORD=test","MYSQL_USER=test","MYSQL_ROOT_PASSWORD=test","PATH=/usr/local/sbin:/usr/local/bin:/usr/sbin:/usr/bin:/sbin:/bin","GOSU_VERSION=1.7","MYSQL_MAJOR=8.0","MYSQL_VERSION=8.0.0-dmr-1debian8"],"Cmd":["mysqld"],"Image":"mysql:8.0.0","Volumes":{"/var/lib/mysql":{}},"WorkingDir":"","Entrypoint":["docker-entrypoint.sh"],"OnBuild":null,"Labels":{"org.testcontainers":"true","org.testcontainers.lang":"java","org.testcontainers.sessionId":"f1b696c1-ec3f-4f95-afa8-081853be7ccb","org.testcontainers.version":"1.18.0"}},"NetworkSettings":{"Bridge":"","SandboxID":"d265e68e2afe307f1ab03fab083f2c0477cba31e9f26759f52b94e045d1847fb","HairpinMode":false,"LinkLocalIPv6Address":"","LinkLocalIPv6PrefixLen":0,"Ports":{"3306/tcp":[{"HostIp":"0.0.0.0","HostPort":"32782"},{"HostIp":"::","HostPort":"32782"}]},"SandboxKey":"/var/run/docker/netns/d265e68e2afe","SecondaryIPAddresses":null,"SecondaryIPv6Addresses":null,"EndpointID":"97b4c81a7665dcad3863174204db678dde492e2a2b2f11f6ef1c683b5d76146b","Gateway":"172.17.0.1","GlobalIPv6Address":"","GlobalIPv6PrefixLen":0,"IPAddress":"172.17.0.3","IPPrefixLen":16,"IPv6Gateway":"","MacAddress":"02:42:ac:11:00:03","Networks":{"bridge":{"IPAMConfig":null,"Links":null,"Aliases":null,"NetworkID":"e1a078e12eb8d77b497ed932f7fb43787eeb6ff6972febd7d03c9282b8b5cd45","EndpointID":"97b4c81a7665dcad3863174204db678dde492e2a2b2f11f6ef1c683b5d76146b","Gateway":"172.17.0.1","IPAddress":"172.17.0.3","IPPrefixLen":16,"IPv6Gateway":"","GlobalIPv6Address":"","GlobalIPv6PrefixLen":0,"MacAddress":"02:42:ac:11:00:03","DriverOpts":null}}}}[\n]"
&amp#27;[0;39m2023-05-08 13:19:02,117 [main] &amp#27;[39mDEBUG&amp#27;[0;39m &amp#27;[36mc.g.d.z.s.o.a.hc.client5.http.wire&amp#27;[0;39m - &amp#27;[32mhttp-outgoing-1 << "[\r][\n]"
&amp#27;[0;39m2023-05-08 13:19:02,117 [main] &amp#27;[39mDEBUG&amp#27;[0;39m &amp#27;[36mc.g.d.z.s.o.a.hc.client5.http.wire&amp#27;[0;39m - &amp#27;[32mhttp-outgoing-1 << "0[\r][\n]"
&amp#27;[0;39m2023-05-08 13:19:02,117 [main] &amp#27;[39mDEBUG&amp#27;[0;39m &amp#27;[36mc.g.d.z.s.o.a.hc.client5.http.wire&amp#27;[0;39m - &amp#27;[32mhttp-outgoing-1 << "[\r][\n]"
&amp#27;[0;39m2023-05-08 13:19:02,117 [main] &amp#27;[39mDEBUG&amp#27;[0;39m &amp#27;[36mc.g.d.z.s.o.a.h.client5.http.headers&amp#27;[0;39m - &amp#27;[32mhttp-outgoing-1 << HTTP/1.1 200 OK
&amp#27;[0;39m2023-05-08 13:19:02,117 [main] &amp#27;[39mDEBUG&amp#27;[0;39m &amp#27;[36mc.g.d.z.s.o.a.h.client5.http.headers&amp#27;[0;39m - &amp#27;[32mhttp-outgoing-1 << Api-Version: 1.42
&amp#27;[0;39m2023-05-08 13:19:02,117 [main] &amp#27;[39mDEBUG&amp#27;[0;39m &amp#27;[36mc.g.d.z.s.o.a.h.client5.http.headers&amp#27;[0;39m - &amp#27;[32mhttp-outgoing-1 << Content-Type: application/json
&amp#27;[0;39m2023-05-08 13:19:02,117 [main] &amp#27;[39mDEBUG&amp#27;[0;39m &amp#27;[36mc.g.d.z.s.o.a.h.client5.http.headers&amp#27;[0;39m - &amp#27;[32mhttp-outgoing-1 << Docker-Experimental: false
&amp#27;[0;39m2023-05-08 13:19:02,117 [main] &amp#27;[39mDEBUG&amp#27;[0;39m &amp#27;[36mc.g.d.z.s.o.a.h.client5.http.headers&amp#27;[0;39m - &amp#27;[32mhttp-outgoing-1 << Ostype: linux
&amp#27;[0;39m2023-05-08 13:19:02,117 [main] &amp#27;[39mDEBUG&amp#27;[0;39m &amp#27;[36mc.g.d.z.s.o.a.h.client5.http.headers&amp#27;[0;39m - &amp#27;[32mhttp-outgoing-1 << Server: Docker/23.0.5 (linux)
&amp#27;[0;39m2023-05-08 13:19:02,117 [main] &amp#27;[39mDEBUG&amp#27;[0;39m &amp#27;[36mc.g.d.z.s.o.a.h.client5.http.headers&amp#27;[0;39m - &amp#27;[32mhttp-outgoing-1 << Date: Mon, 08 May 2023 11:19:02 GMT
&amp#27;[0;39m2023-05-08 13:19:02,117 [main] &amp#27;[39mDEBUG&amp#27;[0;39m &amp#27;[36mc.g.d.z.s.o.a.h.client5.http.headers&amp#27;[0;39m - &amp#27;[32mhttp-outgoing-1 << Transfer-Encoding: chunked
&amp#27;[0;39m2023-05-08 13:19:02,117 [main] &amp#27;[39mDEBUG&amp#27;[0;39m &amp#27;[36mc.g.d.z.s.o.a.h.c.h.i.c.MainClientExec&amp#27;[0;39m - &amp#27;[32mex-0000005A: connection can be kept alive for 3 MINUTES
&amp#27;[0;39m2023-05-08 13:19:02,118 [main] &amp#27;[39mDEBUG&amp#27;[0;39m &amp#27;[36mc.g.d.z.s.o.a.h.c.h.i.c.InternalHttpClient&amp#27;[0;39m - &amp#27;[32mep-00000059: releasing valid endpoint
&amp#27;[0;39m2023-05-08 13:19:02,118 [main] &amp#27;[39mDEBUG&amp#27;[0;39m &amp#27;[36mc.g.d.z.s.o.a.h.c.h.i.i.PoolingHttpClientConnectionManager&amp#27;[0;39m - &amp#27;[32mep-00000059: releasing endpoint
&amp#27;[0;39m2023-05-08 13:19:02,118 [main] &amp#27;[39mDEBUG&amp#27;[0;39m &amp#27;[36mc.g.d.z.s.o.a.h.c.h.i.i.PoolingHttpClientConnectionManager&amp#27;[0;39m - &amp#27;[32mep-00000059: connection http-outgoing-1 can be kept alive for 3 MINUTES
&amp#27;[0;39m2023-05-08 13:19:02,118 [main] &amp#27;[39mDEBUG&amp#27;[0;39m &amp#27;[36mc.g.d.z.s.o.a.h.c.h.i.i.PoolingHttpClientConnectionManager&amp#27;[0;39m - &amp#27;[32mep-00000059: connection released [route: {}->unix://localhost:2375][total available: 1; route allocated: 1 of 2147483647; total allocated: 1 of 2147483647]
&amp#27;[0;39m2023-05-08 13:19:02,118 [main] &amp#27;[39mDEBUG&amp#27;[0;39m &amp#27;[36mo.t.s.c.g.d.c.command.AbstrDockerCmd&amp#27;[0;39m - &amp#27;[32mCmd: sha256:228d71078f8ce5ae9fd96b183f88c3a90e30544b4b7ce9d64a238d05fef2a681
&amp#27;[0;39m2023-05-08 13:19:02,119 [main] &amp#27;[39mDEBUG&amp#27;[0;39m &amp#27;[36mc.g.d.z.s.o.a.h.c.h.i.c.InternalHttpClient&amp#27;[0;39m - &amp#27;[32mex-0000005B: preparing request execution
&amp#27;[0;39m2023-05-08 13:19:02,119 [main] &amp#27;[39mDEBUG&amp#27;[0;39m &amp#27;[36mc.g.d.z.s.o.a.h.c.h.p.RequestAddCookies&amp#27;[0;39m - &amp#27;[32mCookie spec selected: strict
&amp#27;[0;39m2023-05-08 13:19:02,119 [main] &amp#27;[39mDEBUG&amp#27;[0;39m &amp#27;[36mc.g.d.z.s.o.a.h.c.h.p.RequestAuthCache&amp#27;[0;39m - &amp#27;[32mAuth cache not set in the context
&amp#27;[0;39m2023-05-08 13:19:02,119 [main] &amp#27;[39mDEBUG&amp#27;[0;39m &amp#27;[36mc.g.d.z.s.o.a.h.c.h.i.c.ProtocolExec&amp#27;[0;39m - &amp#27;[32mex-0000005B: target auth state: UNCHALLENGED
&amp#27;[0;39m2023-05-08 13:19:02,119 [main] &amp#27;[39mDEBUG&amp#27;[0;39m &amp#27;[36mc.g.d.z.s.o.a.h.c.h.i.c.ProtocolExec&amp#27;[0;39m - &amp#27;[32mex-0000005B: proxy auth state: UNCHALLENGED
&amp#27;[0;39m2023-05-08 13:19:02,119 [main] &amp#27;[39mDEBUG&amp#27;[0;39m &amp#27;[36mc.g.d.z.s.o.a.h.c.h.i.c.ConnectExec&amp#27;[0;39m - &amp#27;[32mex-0000005B: acquiring connection with route {}->unix://localhost:2375
&amp#27;[0;39m2023-05-08 13:19:02,119 [main] &amp#27;[39mDEBUG&amp#27;[0;39m &amp#27;[36mc.g.d.z.s.o.a.h.c.h.i.c.InternalHttpClient&amp#27;[0;39m - &amp#27;[32mex-0000005B: acquiring endpoint (3 MINUTES)
&amp#27;[0;39m2023-05-08 13:19:02,119 [main] &amp#27;[39mDEBUG&amp#27;[0;39m &amp#27;[36mc.g.d.z.s.o.a.h.c.h.i.i.PoolingHttpClientConnectionManager&amp#27;[0;39m - &amp#27;[32mex-0000005B: endpoint lease request (3 MINUTES) [route: {}->unix://localhost:2375][total available: 1; route allocated: 1 of 2147483647; total allocated: 1 of 2147483647]
&amp#27;[0;39m2023-05-08 13:19:02,119 [main] &amp#27;[39mDEBUG&amp#27;[0;39m &amp#27;[36mc.g.d.z.s.o.a.h.c.h.i.i.PoolingHttpClientConnectionManager&amp#27;[0;39m - &amp#27;[32mex-0000005B: endpoint leased [route: {}->unix://localhost:2375][total available: 0; route allocated: 1 of 2147483647; total allocated: 1 of 2147483647]
&amp#27;[0;39m2023-05-08 13:19:02,119 [main] &amp#27;[39mDEBUG&amp#27;[0;39m &amp#27;[36mc.g.d.z.s.o.a.h.c.h.i.i.PoolingHttpClientConnectionManager&amp#27;[0;39m - &amp#27;[32mex-0000005B: acquired ep-0000005A
&amp#27;[0;39m2023-05-08 13:19:02,119 [main] &amp#27;[39mDEBUG&amp#27;[0;39m &amp#27;[36mc.g.d.z.s.o.a.h.c.h.i.c.InternalHttpClient&amp#27;[0;39m - &amp#27;[32mex-0000005B: acquired endpoint ep-0000005A
&amp#27;[0;39m2023-05-08 13:19:02,119 [main] &amp#27;[39mDEBUG&amp#27;[0;39m &amp#27;[36mc.g.d.z.s.o.a.h.c.h.i.c.MainClientExec&amp#27;[0;39m - &amp#27;[32mex-0000005B: executing GET /v1.32/images/sha256:228d71078f8ce5ae9fd96b183f88c3a90e30544b4b7ce9d64a238d05fef2a681/json HTTP/1.1
&amp#27;[0;39m2023-05-08 13:19:02,119 [main] &amp#27;[39mDEBUG&amp#27;[0;39m &amp#27;[36mc.g.d.z.s.o.a.h.c.h.i.c.InternalHttpClient&amp#27;[0;39m - &amp#27;[32mep-0000005A: start execution ex-0000005B
&amp#27;[0;39m2023-05-08 13:19:02,119 [main] &amp#27;[39mDEBUG&amp#27;[0;39m &amp#27;[36mc.g.d.z.s.o.a.h.c.h.i.i.PoolingHttpClientConnectionManager&amp#27;[0;39m - &amp#27;[32mep-0000005A: executing exchange ex-0000005B over http-outgoing-1
&amp#27;[0;39m2023-05-08 13:19:02,119 [main] &amp#27;[39mDEBUG&amp#27;[0;39m &amp#27;[36mc.g.d.z.s.o.a.h.client5.http.headers&amp#27;[0;39m - &amp#27;[32mhttp-outgoing-1 >> GET /v1.32/images/sha256:228d71078f8ce5ae9fd96b183f88c3a90e30544b4b7ce9d64a238d05fef2a681/json HTTP/1.1
&amp#27;[0;39m2023-05-08 13:19:02,119 [main] &amp#27;[39mDEBUG&amp#27;[0;39m &amp#27;[36mc.g.d.z.s.o.a.h.client5.http.headers&amp#27;[0;39m - &amp#27;[32mhttp-outgoing-1 >> accept: application/json
&amp#27;[0;39m2023-05-08 13:19:02,119 [main] &amp#27;[39mDEBUG&amp#27;[0;39m &amp#27;[36mc.g.d.z.s.o.a.h.client5.http.headers&amp#27;[0;39m - &amp#27;[32mhttp-outgoing-1 >> x-tc-sid: f1b696c1-ec3f-4f95-afa8-081853be7ccb
&amp#27;[0;39m2023-05-08 13:19:02,119 [main] &amp#27;[39mDEBUG&amp#27;[0;39m &amp#27;[36mc.g.d.z.s.o.a.h.client5.http.headers&amp#27;[0;39m - &amp#27;[32mhttp-outgoing-1 >> Accept-Encoding: gzip, x-gzip, deflate
&amp#27;[0;39m2023-05-08 13:19:02,119 [main] &amp#27;[39mDEBUG&amp#27;[0;39m &amp#27;[36mc.g.d.z.s.o.a.h.client5.http.headers&amp#27;[0;39m - &amp#27;[32mhttp-outgoing-1 >> Host: localhost:2375
&amp#27;[0;39m2023-05-08 13:19:02,119 [main] &amp#27;[39mDEBUG&amp#27;[0;39m &amp#27;[36mc.g.d.z.s.o.a.h.client5.http.headers&amp#27;[0;39m - &amp#27;[32mhttp-outgoing-1 >> Connection: keep-alive
&amp#27;[0;39m2023-05-08 13:19:02,119 [main] &amp#27;[39mDEBUG&amp#27;[0;39m &amp#27;[36mc.g.d.z.s.o.a.h.client5.http.headers&amp#27;[0;39m - &amp#27;[32mhttp-outgoing-1 >> User-Agent: Apache-HttpClient/5.0.3 (Java/17.0.6)
&amp#27;[0;39m2023-05-08 13:19:02,119 [main] &amp#27;[39mDEBUG&amp#27;[0;39m &amp#27;[36mc.g.d.z.s.o.a.hc.client5.http.wire&amp#27;[0;39m - &amp#27;[32mhttp-outgoing-1 >> "GET /v1.32/images/sha256:228d71078f8ce5ae9fd96b183f88c3a90e30544b4b7ce9d64a238d05fef2a681/json HTTP/1.1[\r][\n]"
&amp#27;[0;39m2023-05-08 13:19:02,119 [main] &amp#27;[39mDEBUG&amp#27;[0;39m &amp#27;[36mc.g.d.z.s.o.a.hc.client5.http.wire&amp#27;[0;39m - &amp#27;[32mhttp-outgoing-1 >> "accept: application/json[\r][\n]"
&amp#27;[0;39m2023-05-08 13:19:02,119 [main] &amp#27;[39mDEBUG&amp#27;[0;39m &amp#27;[36mc.g.d.z.s.o.a.hc.client5.http.wire&amp#27;[0;39m - &amp#27;[32mhttp-outgoing-1 >> "x-tc-sid: f1b696c1-ec3f-4f95-afa8-081853be7ccb[\r][\n]"
&amp#27;[0;39m2023-05-08 13:19:02,119 [main] &amp#27;[39mDEBUG&amp#27;[0;39m &amp#27;[36mc.g.d.z.s.o.a.hc.client5.http.wire&amp#27;[0;39m - &amp#27;[32mhttp-outgoing-1 >> "Accept-Encoding: gzip, x-gzip, deflate[\r][\n]"
&amp#27;[0;39m2023-05-08 13:19:02,119 [main] &amp#27;[39mDEBUG&amp#27;[0;39m &amp#27;[36mc.g.d.z.s.o.a.hc.client5.http.wire&amp#27;[0;39m - &amp#27;[32mhttp-outgoing-1 >> "Host: localhost:2375[\r][\n]"
&amp#27;[0;39m2023-05-08 13:19:02,119 [main] &amp#27;[39mDEBUG&amp#27;[0;39m &amp#27;[36mc.g.d.z.s.o.a.hc.client5.http.wire&amp#27;[0;39m - &amp#27;[32mhttp-outgoing-1 >> "Connection: keep-alive[\r][\n]"
&amp#27;[0;39m2023-05-08 13:19:02,119 [main] &amp#27;[39mDEBUG&amp#27;[0;39m &amp#27;[36mc.g.d.z.s.o.a.hc.client5.http.wire&amp#27;[0;39m - &amp#27;[32mhttp-outgoing-1 >> "User-Agent: Apache-HttpClient/5.0.3 (Java/17.0.6)[\r][\n]"
&amp#27;[0;39m2023-05-08 13:19:02,119 [main] &amp#27;[39mDEBUG&amp#27;[0;39m &amp#27;[36mc.g.d.z.s.o.a.hc.client5.http.wire&amp#27;[0;39m - &amp#27;[32mhttp-outgoing-1 >> "[\r][\n]"
&amp#27;[0;39m2023-05-08 13:19:02,120 [main] &amp#27;[39mDEBUG&amp#27;[0;39m &amp#27;[36mc.g.d.z.s.o.a.hc.client5.http.wire&amp#27;[0;39m - &amp#27;[32mhttp-outgoing-1 << "HTTP/1.1 200 OK[\r][\n]"
&amp#27;[0;39m2023-05-08 13:19:02,120 [main] &amp#27;[39mDEBUG&amp#27;[0;39m &amp#27;[36mc.g.d.z.s.o.a.hc.client5.http.wire&amp#27;[0;39m - &amp#27;[32mhttp-outgoing-1 << "Api-Version: 1.42[\r][\n]"
&amp#27;[0;39m2023-05-08 13:19:02,120 [main] &amp#27;[39mDEBUG&amp#27;[0;39m &amp#27;[36mc.g.d.z.s.o.a.hc.client5.http.wire&amp#27;[0;39m - &amp#27;[32mhttp-outgoing-1 << "Content-Type: application/json[\r][\n]"
&amp#27;[0;39m2023-05-08 13:19:02,120 [main] &amp#27;[39mDEBUG&amp#27;[0;39m &amp#27;[36mc.g.d.z.s.o.a.hc.client5.http.wire&amp#27;[0;39m - &amp#27;[32mhttp-outgoing-1 << "Docker-Experimental: false[\r][\n]"
&amp#27;[0;39m2023-05-08 13:19:02,120 [main] &amp#27;[39mDEBUG&amp#27;[0;39m &amp#27;[36mc.g.d.z.s.o.a.hc.client5.http.wire&amp#27;[0;39m - &amp#27;[32mhttp-outgoing-1 << "Ostype: linux[\r][\n]"
&amp#27;[0;39m2023-05-08 13:19:02,120 [main] &amp#27;[39mDEBUG&amp#27;[0;39m &amp#27;[36mc.g.d.z.s.o.a.hc.client5.http.wire&amp#27;[0;39m - &amp#27;[32mhttp-outgoing-1 << "Server: Docker/23.0.5 (linux)[\r][\n]"
&amp#27;[0;39m2023-05-08 13:19:02,120 [main] &amp#27;[39mDEBUG&amp#27;[0;39m &amp#27;[36mc.g.d.z.s.o.a.hc.client5.http.wire&amp#27;[0;39m - &amp#27;[32mhttp-outgoing-1 << "Date: Mon, 08 May 2023 11:19:02 GMT[\r][\n]"
&amp#27;[0;39m2023-05-08 13:19:02,120 [main] &amp#27;[39mDEBUG&amp#27;[0;39m &amp#27;[36mc.g.d.z.s.o.a.hc.client5.http.wire&amp#27;[0;39m - &amp#27;[32mhttp-outgoing-1 << "Transfer-Encoding: chunked[\r][\n]"
&amp#27;[0;39m2023-05-08 13:19:02,120 [main] &amp#27;[39mDEBUG&amp#27;[0;39m &amp#27;[36mc.g.d.z.s.o.a.hc.client5.http.wire&amp#27;[0;39m - &amp#27;[32mhttp-outgoing-1 << "[\r][\n]"
&amp#27;[0;39m2023-05-08 13:19:02,120 [main] &amp#27;[39mDEBUG&amp#27;[0;39m &amp#27;[36mc.g.d.z.s.o.a.hc.client5.http.wire&amp#27;[0;39m - &amp#27;[32mhttp-outgoing-1 << "f41[\r][\n]"
&amp#27;[0;39m2023-05-08 13:19:02,120 [main] &amp#27;[39mDEBUG&amp#27;[0;39m &amp#27;[36mc.g.d.z.s.o.a.hc.client5.http.wire&amp#27;[0;39m - &amp#27;[32mhttp-outgoing-1 << "{"Id":"sha256:228d71078f8ce5ae9fd96b183f88c3a90e30544b4b7ce9d64a238d05fef2a681","RepoTags":["mysql:8.0.0"],"RepoDigests":["mysql@sha256:449cb894b00a490e830bb9b2d774bf99c5af75e8cb10bfbe74db1c43eb12b211"],"Parent":"","Comment":"","Created":"2017-03-30T21:44:17.975808593Z","Container":"f9aac2b9b0062f1f8356b795d0d95f16657c23a5b751be69d87a8f3029e9e74d","ContainerConfig":{"Hostname":"7e9ec6cde4d1","Domainname":"","User":"","AttachStdin":false,"AttachStdout":false,"AttachStderr":false,"ExposedPorts":{"3306/tcp":{}},"Tty":false,"OpenStdin":false,"StdinOnce":false,"Env":["PATH=/usr/local/sbin:/usr/local/bin:/usr/sbin:/usr/bin:/sbin:/bin","GOSU_VERSION=1.7","MYSQL_MAJOR=8.0","MYSQL_VERSION=8.0.0-dmr-1debian8"],"Cmd":["/bin/sh","-c","#(nop) ","CMD [\"mysqld\"]"],"ArgsEscaped":true,"Image":"sha256:02e78cc7aaa1eb2a5d8097bddc7faf23ea89850bc1d3f3717c93bca7f22c38c4","Volumes":{"/var/lib/mysql":{}},"WorkingDir":"","Entrypoint":["docker-entrypoint.sh"],"OnBuild":[],"Labels":{}},"DockerVersion":"1.12.6","Author":"","Config":{"Hostname":"7e9ec6cde4d1","Domainname":"","User":"","AttachStdin":false,"AttachStdout":false,"AttachStderr":false,"ExposedPorts":{"3306/tcp":{}},"Tty":false,"OpenStdin":false,"StdinOnce":false,"Env":["PATH=/usr/local/sbin:/usr/local/bin:/usr/sbin:/usr/bin:/sbin:/bin","GOSU_VERSION=1.7","MYSQL_MAJOR=8.0","MYSQL_VERSION=8.0.0-dmr-1debian8"],"Cmd":["mysqld"],"ArgsEscaped":true,"Image":"sha256:02e78cc7aaa1eb2a5d8097bddc7faf23ea89850bc1d3f3717c93bca7f22c38c4","Volumes":{"/var/lib/mysql":{}},"WorkingDir":"","Entrypoint":["docker-entrypoint.sh"],"OnBuild":[],"Labels":{}},"Architecture":"amd64","Os":"linux","Size":433230323,"VirtualSize":433230323,"GraphDriver":{"Data":{"LowerDir":"/var/lib/docker/overlay2/0c75f828f603eff839bb3ca448163ab2a8017e86625ac255cd3dbf1673ddac26/diff:/var/lib/docker/overlay2/da128d897fda75829109844ce6cd9d73d0f54c682e735100af000ce899908729/diff:/var/lib/docker/overlay2/b678a1f261bf323afba6d76d91ab7428bdd6e1ef4a39b5224e4a1afd08c0423a/diff:/var/lib/docker/overlay2/1bec43b14875c5f9f814f146e8e31aa78566689c2c163da2ac60a32254988437/diff:/var/lib/docker/overlay2/28f4b1e6e1a7a2dbe30f1f94fb42bccd85a61faf8af1fe30a5bb0d442c525e41/diff:/var/lib/docker/overlay2/0f493124464c291d7c97d2633d5dff04b1dce5de904cb40a34dfbe7fe72e3fd4/diff:/var/lib/docker/overlay2/05befbee9e38cd670e1786b3310e99796dcc06abbed970007b4109a5424843fa/diff:/var/lib/docker/overlay2/582bcca9acfc4eef25109e1e1b9c9d104f355798455bc73e855c99283887a6e8/diff:/var/lib/docker/overlay2/153b3bf0b69e97e8f0e5533414a31ca33fa530e63d174c9617621abe46e7e9d1/diff:/var/lib/docker/overlay2/bf87a76c0a38875ee6e915fd0d2527eafa880ec6bf2c1cb294959428c18d10bd/diff","MergedDir":"/var/lib/docker/overlay2/4c6e20f032f02b27a9272f982861dc21998197aa90d94ed3bef95d449380247c/merged","UpperDir":"/var/lib/docker/overlay2/4c6e20f032f02b27a9272f982861dc21998197aa90d94ed3bef95d449380247c/diff","WorkDir":"/var/lib/docker/overlay2/4c6e20f032f02b27a9272f982861dc21998197aa90d94ed3bef95d449380247c/work"},"Name":"overlay2"},"RootFS":{"Type":"layers","Layers":["sha256:5d6cbe0dbcf9a675e86aa0fbedf7ed8756d557c7468d6a7c64bde7fa9e029636","sha256:435f2dfbd8847eb35f9fceabb191751c1380289c34c0e8a10e491c755d9d777b","sha256:814d7b59f0cce1f89c83412a5c9ee289222eb347471a58d1fda0cff6b570b9e4","sha256:aae399245bd06cd2507076b9b92c21c1312711082b0a2a968aeb27bffb0159df","sha256:4b1c12540dec607a51016ea5d64616b2f51b45a4de77c95937d5169457d4012c","sha256:4a89782c43f45fc01a03b7e88dae4b4e54b1deef0f474c2d7b697e0a18c5aa6e","sha256:9699daf765eb9f7a023b6194fa594051dc9914401cade0af32a1e23ab3c76ffc","sha256:2b209bbece94327d9dfd6b8e5c1b0d6170dad1fe5cd177ba059947c8b0bf8d29","sha256:71b694136f5c182cd2473173efa8ac2f836780d0e7652fb9eeaa6fba4be37911","sha256:7a07f8942d1fd50176e9659eb836be6686aa5b0fe922084cbea9fee5f727cad7","sha256:eed5a974cd7d804239e96ff68f1a3c398f1688ba9ea992b6439c0d406e109384"]},"Metadata":{"LastTagTime":"0001-01-01T00:00:00Z"}}[\n]"
&amp#27;[0;39m2023-05-08 13:19:02,121 [main] &amp#27;[39mDEBUG&amp#27;[0;39m &amp#27;[36mc.g.d.z.s.o.a.hc.client5.http.wire&amp#27;[0;39m - &amp#27;[32mhttp-outgoing-1 << "[\r][\n]"
&amp#27;[0;39m2023-05-08 13:19:02,121 [main] &amp#27;[39mDEBUG&amp#27;[0;39m &amp#27;[36mc.g.d.z.s.o.a.hc.client5.http.wire&amp#27;[0;39m - &amp#27;[32mhttp-outgoing-1 << "0[\r][\n]"
&amp#27;[0;39m2023-05-08 13:19:02,121 [main] &amp#27;[39mDEBUG&amp#27;[0;39m &amp#27;[36mc.g.d.z.s.o.a.hc.client5.http.wire&amp#27;[0;39m - &amp#27;[32mhttp-outgoing-1 << "[\r][\n]"
&amp#27;[0;39m2023-05-08 13:19:02,121 [main] &amp#27;[39mDEBUG&amp#27;[0;39m &amp#27;[36mc.g.d.z.s.o.a.h.client5.http.headers&amp#27;[0;39m - &amp#27;[32mhttp-outgoing-1 << HTTP/1.1 200 OK
&amp#27;[0;39m2023-05-08 13:19:02,121 [main] &amp#27;[39mDEBUG&amp#27;[0;39m &amp#27;[36mc.g.d.z.s.o.a.h.client5.http.headers&amp#27;[0;39m - &amp#27;[32mhttp-outgoing-1 << Api-Version: 1.42
&amp#27;[0;39m2023-05-08 13:19:02,121 [main] &amp#27;[39mDEBUG&amp#27;[0;39m &amp#27;[36mc.g.d.z.s.o.a.h.client5.http.headers&amp#27;[0;39m - &amp#27;[32mhttp-outgoing-1 << Content-Type: application/json
&amp#27;[0;39m2023-05-08 13:19:02,121 [main] &amp#27;[39mDEBUG&amp#27;[0;39m &amp#27;[36mc.g.d.z.s.o.a.h.client5.http.headers&amp#27;[0;39m - &amp#27;[32mhttp-outgoing-1 << Docker-Experimental: false
&amp#27;[0;39m2023-05-08 13:19:02,121 [main] &amp#27;[39mDEBUG&amp#27;[0;39m &amp#27;[36mc.g.d.z.s.o.a.h.client5.http.headers&amp#27;[0;39m - &amp#27;[32mhttp-outgoing-1 << Ostype: linux
&amp#27;[0;39m2023-05-08 13:19:02,121 [main] &amp#27;[39mDEBUG&amp#27;[0;39m &amp#27;[36mc.g.d.z.s.o.a.h.client5.http.headers&amp#27;[0;39m - &amp#27;[32mhttp-outgoing-1 << Server: Docker/23.0.5 (linux)
&amp#27;[0;39m2023-05-08 13:19:02,121 [main] &amp#27;[39mDEBUG&amp#27;[0;39m &amp#27;[36mc.g.d.z.s.o.a.h.client5.http.headers&amp#27;[0;39m - &amp#27;[32mhttp-outgoing-1 << Date: Mon, 08 May 2023 11:19:02 GMT
&amp#27;[0;39m2023-05-08 13:19:02,121 [main] &amp#27;[39mDEBUG&amp#27;[0;39m &amp#27;[36mc.g.d.z.s.o.a.h.client5.http.headers&amp#27;[0;39m - &amp#27;[32mhttp-outgoing-1 << Transfer-Encoding: chunked
&amp#27;[0;39m2023-05-08 13:19:02,121 [main] &amp#27;[39mDEBUG&amp#27;[0;39m &amp#27;[36mc.g.d.z.s.o.a.h.c.h.i.c.MainClientExec&amp#27;[0;39m - &amp#27;[32mex-0000005B: connection can be kept alive for 3 MINUTES
&amp#27;[0;39m2023-05-08 13:19:02,122 [main] &amp#27;[39mDEBUG&amp#27;[0;39m &amp#27;[36mc.g.d.z.s.o.a.h.c.h.i.c.InternalHttpClient&amp#27;[0;39m - &amp#27;[32mep-0000005A: releasing valid endpoint
&amp#27;[0;39m2023-05-08 13:19:02,122 [main] &amp#27;[39mDEBUG&amp#27;[0;39m &amp#27;[36mc.g.d.z.s.o.a.h.c.h.i.i.PoolingHttpClientConnectionManager&amp#27;[0;39m - &amp#27;[32mep-0000005A: releasing endpoint
&amp#27;[0;39m2023-05-08 13:19:02,122 [main] &amp#27;[39mDEBUG&amp#27;[0;39m &amp#27;[36mc.g.d.z.s.o.a.h.c.h.i.i.PoolingHttpClientConnectionManager&amp#27;[0;39m - &amp#27;[32mep-0000005A: connection http-outgoing-1 can be kept alive for 3 MINUTES
&amp#27;[0;39m2023-05-08 13:19:02,122 [main] &amp#27;[39mDEBUG&amp#27;[0;39m &amp#27;[36mc.g.d.z.s.o.a.h.c.h.i.i.PoolingHttpClientConnectionManager&amp#27;[0;39m - &amp#27;[32mep-0000005A: connection released [route: {}->unix://localhost:2375][total available: 1; route allocated: 1 of 2147483647; total allocated: 1 of 2147483647]
&amp#27;[0;39m2023-05-08 13:19:02,122 [main] &amp#27;[39mDEBUG&amp#27;[0;39m &amp#27;[36mo.t.s.c.g.d.c.command.AbstrDockerCmd&amp#27;[0;39m - &amp#27;[32mCmd: 
&amp#27;[0;39m2023-05-08 13:19:02,122 [main] &amp#27;[39mDEBUG&amp#27;[0;39m &amp#27;[36mc.g.d.z.s.o.a.h.c.h.i.c.InternalHttpClient&amp#27;[0;39m - &amp#27;[32mex-0000005C: preparing request execution
&amp#27;[0;39m2023-05-08 13:19:02,122 [main] &amp#27;[39mDEBUG&amp#27;[0;39m &amp#27;[36mc.g.d.z.s.o.a.h.c.h.p.RequestAddCookies&amp#27;[0;39m - &amp#27;[32mCookie spec selected: strict
&amp#27;[0;39m2023-05-08 13:19:02,122 [main] &amp#27;[39mDEBUG&amp#27;[0;39m &amp#27;[36mc.g.d.z.s.o.a.h.c.h.p.RequestAuthCache&amp#27;[0;39m - &amp#27;[32mAuth cache not set in the context
&amp#27;[0;39m2023-05-08 13:19:02,122 [main] &amp#27;[39mDEBUG&amp#27;[0;39m &amp#27;[36mc.g.d.z.s.o.a.h.c.h.i.c.ProtocolExec&amp#27;[0;39m - &amp#27;[32mex-0000005C: target auth state: UNCHALLENGED
&amp#27;[0;39m2023-05-08 13:19:02,122 [main] &amp#27;[39mDEBUG&amp#27;[0;39m &amp#27;[36mc.g.d.z.s.o.a.h.c.h.i.c.ProtocolExec&amp#27;[0;39m - &amp#27;[32mex-0000005C: proxy auth state: UNCHALLENGED
&amp#27;[0;39m2023-05-08 13:19:02,122 [main] &amp#27;[39mDEBUG&amp#27;[0;39m &amp#27;[36mc.g.d.z.s.o.a.h.c.h.i.c.ConnectExec&amp#27;[0;39m - &amp#27;[32mex-0000005C: acquiring connection with route {}->unix://localhost:2375
&amp#27;[0;39m2023-05-08 13:19:02,122 [main] &amp#27;[39mDEBUG&amp#27;[0;39m &amp#27;[36mc.g.d.z.s.o.a.h.c.h.i.c.InternalHttpClient&amp#27;[0;39m - &amp#27;[32mex-0000005C: acquiring endpoint (3 MINUTES)
&amp#27;[0;39m2023-05-08 13:19:02,122 [main] &amp#27;[39mDEBUG&amp#27;[0;39m &amp#27;[36mc.g.d.z.s.o.a.h.c.h.i.i.PoolingHttpClientConnectionManager&amp#27;[0;39m - &amp#27;[32mex-0000005C: endpoint lease request (3 MINUTES) [route: {}->unix://localhost:2375][total available: 1; route allocated: 1 of 2147483647; total allocated: 1 of 2147483647]
&amp#27;[0;39m2023-05-08 13:19:02,122 [main] &amp#27;[39mDEBUG&amp#27;[0;39m &amp#27;[36mc.g.d.z.s.o.a.h.c.h.i.i.PoolingHttpClientConnectionManager&amp#27;[0;39m - &amp#27;[32mex-0000005C: endpoint leased [route: {}->unix://localhost:2375][total available: 0; route allocated: 1 of 2147483647; total allocated: 1 of 2147483647]
&amp#27;[0;39m2023-05-08 13:19:02,122 [main] &amp#27;[39mDEBUG&amp#27;[0;39m &amp#27;[36mc.g.d.z.s.o.a.h.c.h.i.i.PoolingHttpClientConnectionManager&amp#27;[0;39m - &amp#27;[32mex-0000005C: acquired ep-0000005B
&amp#27;[0;39m2023-05-08 13:19:02,122 [main] &amp#27;[39mDEBUG&amp#27;[0;39m &amp#27;[36mc.g.d.z.s.o.a.h.c.h.i.c.InternalHttpClient&amp#27;[0;39m - &amp#27;[32mex-0000005C: acquired endpoint ep-0000005B
&amp#27;[0;39m2023-05-08 13:19:02,122 [main] &amp#27;[39mDEBUG&amp#27;[0;39m &amp#27;[36mc.g.d.z.s.o.a.h.c.h.i.c.MainClientExec&amp#27;[0;39m - &amp#27;[32mex-0000005C: executing GET /v1.32/version HTTP/1.1
&amp#27;[0;39m2023-05-08 13:19:02,122 [main] &amp#27;[39mDEBUG&amp#27;[0;39m &amp#27;[36mc.g.d.z.s.o.a.h.c.h.i.c.InternalHttpClient&amp#27;[0;39m - &amp#27;[32mep-0000005B: start execution ex-0000005C
&amp#27;[0;39m2023-05-08 13:19:02,122 [main] &amp#27;[39mDEBUG&amp#27;[0;39m &amp#27;[36mc.g.d.z.s.o.a.h.c.h.i.i.PoolingHttpClientConnectionManager&amp#27;[0;39m - &amp#27;[32mep-0000005B: executing exchange ex-0000005C over http-outgoing-1
&amp#27;[0;39m2023-05-08 13:19:02,123 [main] &amp#27;[39mDEBUG&amp#27;[0;39m &amp#27;[36mc.g.d.z.s.o.a.h.client5.http.headers&amp#27;[0;39m - &amp#27;[32mhttp-outgoing-1 >> GET /v1.32/version HTTP/1.1
&amp#27;[0;39m2023-05-08 13:19:02,123 [main] &amp#27;[39mDEBUG&amp#27;[0;39m &amp#27;[36mc.g.d.z.s.o.a.h.client5.http.headers&amp#27;[0;39m - &amp#27;[32mhttp-outgoing-1 >> accept: application/json
&amp#27;[0;39m2023-05-08 13:19:02,123 [main] &amp#27;[39mDEBUG&amp#27;[0;39m &amp#27;[36mc.g.d.z.s.o.a.h.client5.http.headers&amp#27;[0;39m - &amp#27;[32mhttp-outgoing-1 >> x-tc-sid: f1b696c1-ec3f-4f95-afa8-081853be7ccb
&amp#27;[0;39m2023-05-08 13:19:02,123 [main] &amp#27;[39mDEBUG&amp#27;[0;39m &amp#27;[36mc.g.d.z.s.o.a.h.client5.http.headers&amp#27;[0;39m - &amp#27;[32mhttp-outgoing-1 >> Accept-Encoding: gzip, x-gzip, deflate
&amp#27;[0;39m2023-05-08 13:19:02,123 [main] &amp#27;[39mDEBUG&amp#27;[0;39m &amp#27;[36mc.g.d.z.s.o.a.h.client5.http.headers&amp#27;[0;39m - &amp#27;[32mhttp-outgoing-1 >> Host: localhost:2375
&amp#27;[0;39m2023-05-08 13:19:02,123 [main] &amp#27;[39mDEBUG&amp#27;[0;39m &amp#27;[36mc.g.d.z.s.o.a.h.client5.http.headers&amp#27;[0;39m - &amp#27;[32mhttp-outgoing-1 >> Connection: keep-alive
&amp#27;[0;39m2023-05-08 13:19:02,123 [main] &amp#27;[39mDEBUG&amp#27;[0;39m &amp#27;[36mc.g.d.z.s.o.a.h.client5.http.headers&amp#27;[0;39m - &amp#27;[32mhttp-outgoing-1 >> User-Agent: Apache-HttpClient/5.0.3 (Java/17.0.6)
&amp#27;[0;39m2023-05-08 13:19:02,123 [main] &amp#27;[39mDEBUG&amp#27;[0;39m &amp#27;[36mc.g.d.z.s.o.a.hc.client5.http.wire&amp#27;[0;39m - &amp#27;[32mhttp-outgoing-1 >> "GET /v1.32/version HTTP/1.1[\r][\n]"
&amp#27;[0;39m2023-05-08 13:19:02,123 [main] &amp#27;[39mDEBUG&amp#27;[0;39m &amp#27;[36mc.g.d.z.s.o.a.hc.client5.http.wire&amp#27;[0;39m - &amp#27;[32mhttp-outgoing-1 >> "accept: application/json[\r][\n]"
&amp#27;[0;39m2023-05-08 13:19:02,123 [main] &amp#27;[39mDEBUG&amp#27;[0;39m &amp#27;[36mc.g.d.z.s.o.a.hc.client5.http.wire&amp#27;[0;39m - &amp#27;[32mhttp-outgoing-1 >> "x-tc-sid: f1b696c1-ec3f-4f95-afa8-081853be7ccb[\r][\n]"
&amp#27;[0;39m2023-05-08 13:19:02,123 [main] &amp#27;[39mDEBUG&amp#27;[0;39m &amp#27;[36mc.g.d.z.s.o.a.hc.client5.http.wire&amp#27;[0;39m - &amp#27;[32mhttp-outgoing-1 >> "Accept-Encoding: gzip, x-gzip, deflate[\r][\n]"
&amp#27;[0;39m2023-05-08 13:19:02,123 [main] &amp#27;[39mDEBUG&amp#27;[0;39m &amp#27;[36mc.g.d.z.s.o.a.hc.client5.http.wire&amp#27;[0;39m - &amp#27;[32mhttp-outgoing-1 >> "Host: localhost:2375[\r][\n]"
&amp#27;[0;39m2023-05-08 13:19:02,123 [main] &amp#27;[39mDEBUG&amp#27;[0;39m &amp#27;[36mc.g.d.z.s.o.a.hc.client5.http.wire&amp#27;[0;39m - &amp#27;[32mhttp-outgoing-1 >> "Connection: keep-alive[\r][\n]"
&amp#27;[0;39m2023-05-08 13:19:02,123 [main] &amp#27;[39mDEBUG&amp#27;[0;39m &amp#27;[36mc.g.d.z.s.o.a.hc.client5.http.wire&amp#27;[0;39m - &amp#27;[32mhttp-outgoing-1 >> "User-Agent: Apache-HttpClient/5.0.3 (Java/17.0.6)[\r][\n]"
&amp#27;[0;39m2023-05-08 13:19:02,123 [main] &amp#27;[39mDEBUG&amp#27;[0;39m &amp#27;[36mc.g.d.z.s.o.a.hc.client5.http.wire&amp#27;[0;39m - &amp#27;[32mhttp-outgoing-1 >> "[\r][\n]"
&amp#27;[0;39m2023-05-08 13:19:02,129 [main] &amp#27;[39mDEBUG&amp#27;[0;39m &amp#27;[36mc.g.d.z.s.o.a.hc.client5.http.wire&amp#27;[0;39m - &amp#27;[32mhttp-outgoing-1 << "HTTP/1.1 200 OK[\r][\n]"
&amp#27;[0;39m2023-05-08 13:19:02,129 [main] &amp#27;[39mDEBUG&amp#27;[0;39m &amp#27;[36mc.g.d.z.s.o.a.hc.client5.http.wire&amp#27;[0;39m - &amp#27;[32mhttp-outgoing-1 << "Api-Version: 1.42[\r][\n]"
&amp#27;[0;39m2023-05-08 13:19:02,129 [main] &amp#27;[39mDEBUG&amp#27;[0;39m &amp#27;[36mc.g.d.z.s.o.a.hc.client5.http.wire&amp#27;[0;39m - &amp#27;[32mhttp-outgoing-1 << "Content-Type: application/json[\r][\n]"
&amp#27;[0;39m2023-05-08 13:19:02,129 [main] &amp#27;[39mDEBUG&amp#27;[0;39m &amp#27;[36mc.g.d.z.s.o.a.hc.client5.http.wire&amp#27;[0;39m - &amp#27;[32mhttp-outgoing-1 << "Docker-Experimental: false[\r][\n]"
&amp#27;[0;39m2023-05-08 13:19:02,129 [main] &amp#27;[39mDEBUG&amp#27;[0;39m &amp#27;[36mc.g.d.z.s.o.a.hc.client5.http.wire&amp#27;[0;39m - &amp#27;[32mhttp-outgoing-1 << "Ostype: linux[\r][\n]"
&amp#27;[0;39m2023-05-08 13:19:02,129 [main] &amp#27;[39mDEBUG&amp#27;[0;39m &amp#27;[36mc.g.d.z.s.o.a.hc.client5.http.wire&amp#27;[0;39m - &amp#27;[32mhttp-outgoing-1 << "Server: Docker/23.0.5 (linux)[\r][\n]"
&amp#27;[0;39m2023-05-08 13:19:02,129 [main] &amp#27;[39mDEBUG&amp#27;[0;39m &amp#27;[36mc.g.d.z.s.o.a.hc.client5.http.wire&amp#27;[0;39m - &amp#27;[32mhttp-outgoing-1 << "Date: Mon, 08 May 2023 11:19:02 GMT[\r][\n]"
&amp#27;[0;39m2023-05-08 13:19:02,129 [main] &amp#27;[39mDEBUG&amp#27;[0;39m &amp#27;[36mc.g.d.z.s.o.a.hc.client5.http.wire&amp#27;[0;39m - &amp#27;[32mhttp-outgoing-1 << "Content-Length: 832[\r][\n]"
&amp#27;[0;39m2023-05-08 13:19:02,129 [main] &amp#27;[39mDEBUG&amp#27;[0;39m &amp#27;[36mc.g.d.z.s.o.a.hc.client5.http.wire&amp#27;[0;39m - &amp#27;[32mhttp-outgoing-1 << "[\r][\n]"
&amp#27;[0;39m2023-05-08 13:19:02,129 [main] &amp#27;[39mDEBUG&amp#27;[0;39m &amp#27;[36mc.g.d.z.s.o.a.hc.client5.http.wire&amp#27;[0;39m - &amp#27;[32mhttp-outgoing-1 << "{"Platform":{"Name":"Docker Engine - Community"},"Components":[{"Name":"Engine","Version":"23.0.5","Details":{"ApiVersion":"1.42","Arch":"amd64","BuildTime":"2023-04-26T16:21:07.000000000+00:00","Experimental":"false","GitCommit":"94d3ad6","GoVersion":"go1.19.8","KernelVersion":"6.2.6-76060206-generic","MinAPIVersion":"1.12","Os":"linux"}},{"Name":"containerd","Version":"1.6.21","Details":{"GitCommit":"3dce8eb055cbb6872793272b4f20ed16117344f8"}},{"Name":"runc","Version":"1.1.7","Details":{"GitCommit":"v1.1.7-0-g860f061"}},{"Name":"docker-init","Version":"0.19.0","Details":{"GitCommit":"de40ad0"}}],"Version":"23.0.5","ApiVersion":"1.42","MinAPIVersion":"1.12","GitCommit":"94d3ad6","GoVersion":"go1.19.8","Os":"linux","Arch":"amd64","KernelVersion":"6.2.6-76060206-generic","BuildTime":"2023-04-26T16:21:07.000000000+00:00"}[\n]"
&amp#27;[0;39m2023-05-08 13:19:02,129 [main] &amp#27;[39mDEBUG&amp#27;[0;39m &amp#27;[36mc.g.d.z.s.o.a.h.client5.http.headers&amp#27;[0;39m - &amp#27;[32mhttp-outgoing-1 << HTTP/1.1 200 OK
&amp#27;[0;39m2023-05-08 13:19:02,129 [main] &amp#27;[39mDEBUG&amp#27;[0;39m &amp#27;[36mc.g.d.z.s.o.a.h.client5.http.headers&amp#27;[0;39m - &amp#27;[32mhttp-outgoing-1 << Api-Version: 1.42
&amp#27;[0;39m2023-05-08 13:19:02,129 [main] &amp#27;[39mDEBUG&amp#27;[0;39m &amp#27;[36mc.g.d.z.s.o.a.h.client5.http.headers&amp#27;[0;39m - &amp#27;[32mhttp-outgoing-1 << Content-Type: application/json
&amp#27;[0;39m2023-05-08 13:19:02,129 [main] &amp#27;[39mDEBUG&amp#27;[0;39m &amp#27;[36mc.g.d.z.s.o.a.h.client5.http.headers&amp#27;[0;39m - &amp#27;[32mhttp-outgoing-1 << Docker-Experimental: false
&amp#27;[0;39m2023-05-08 13:19:02,129 [main] &amp#27;[39mDEBUG&amp#27;[0;39m &amp#27;[36mc.g.d.z.s.o.a.h.client5.http.headers&amp#27;[0;39m - &amp#27;[32mhttp-outgoing-1 << Ostype: linux
&amp#27;[0;39m2023-05-08 13:19:02,129 [main] &amp#27;[39mDEBUG&amp#27;[0;39m &amp#27;[36mc.g.d.z.s.o.a.h.client5.http.headers&amp#27;[0;39m - &amp#27;[32mhttp-outgoing-1 << Server: Docker/23.0.5 (linux)
&amp#27;[0;39m2023-05-08 13:19:02,129 [main] &amp#27;[39mDEBUG&amp#27;[0;39m &amp#27;[36mc.g.d.z.s.o.a.h.client5.http.headers&amp#27;[0;39m - &amp#27;[32mhttp-outgoing-1 << Date: Mon, 08 May 2023 11:19:02 GMT
&amp#27;[0;39m2023-05-08 13:19:02,129 [main] &amp#27;[39mDEBUG&amp#27;[0;39m &amp#27;[36mc.g.d.z.s.o.a.h.client5.http.headers&amp#27;[0;39m - &amp#27;[32mhttp-outgoing-1 << Content-Length: 832
&amp#27;[0;39m2023-05-08 13:19:02,129 [main] &amp#27;[39mDEBUG&amp#27;[0;39m &amp#27;[36mc.g.d.z.s.o.a.h.c.h.i.c.MainClientExec&amp#27;[0;39m - &amp#27;[32mex-0000005C: connection can be kept alive for 3 MINUTES
&amp#27;[0;39m2023-05-08 13:19:02,129 [main] &amp#27;[39mDEBUG&amp#27;[0;39m &amp#27;[36mc.g.d.z.s.o.a.h.c.h.i.c.InternalHttpClient&amp#27;[0;39m - &amp#27;[32mep-0000005B: releasing valid endpoint
&amp#27;[0;39m2023-05-08 13:19:02,129 [main] &amp#27;[39mDEBUG&amp#27;[0;39m &amp#27;[36mc.g.d.z.s.o.a.h.c.h.i.i.PoolingHttpClientConnectionManager&amp#27;[0;39m - &amp#27;[32mep-0000005B: releasing endpoint
&amp#27;[0;39m2023-05-08 13:19:02,130 [main] &amp#27;[39mDEBUG&amp#27;[0;39m &amp#27;[36mc.g.d.z.s.o.a.h.c.h.i.i.PoolingHttpClientConnectionManager&amp#27;[0;39m - &amp#27;[32mep-0000005B: connection http-outgoing-1 can be kept alive for 3 MINUTES
&amp#27;[0;39m2023-05-08 13:19:02,130 [main] &amp#27;[39mDEBUG&amp#27;[0;39m &amp#27;[36mc.g.d.z.s.o.a.h.c.h.i.i.PoolingHttpClientConnectionManager&amp#27;[0;39m - &amp#27;[32mep-0000005B: connection released [route: {}->unix://localhost:2375][total available: 1; route allocated: 1 of 2147483647; total allocated: 1 of 2147483647]
&amp#27;[0;39m2023-05-08 13:19:02,130 [main] &amp#27;[34mINFO &amp#27;[0;39m &amp#27;[36mtc.mysql:8.0.0&amp#27;[0;39m - &amp#27;[32mWaiting for database connection to become available at jdbc:mysql://localhost:32782/test using query 'SELECT 1'
&amp#27;[0;39m2023-05-08 13:19:02,130 [main] &amp#27;[39mDEBUG&amp#27;[0;39m &amp#27;[36mo.t.s.c.g.d.c.command.AbstrDockerCmd&amp#27;[0;39m - &amp#27;[32mCmd: 0739339bbc624082fb5e41f62f4a622236ffe4974bf12b2847105b726085e02b,false
&amp#27;[0;39m2023-05-08 13:19:02,130 [main] &amp#27;[39mDEBUG&amp#27;[0;39m &amp#27;[36mo.t.s.c.g.d.c.e.InspectContainerCmdExec&amp#27;[0;39m - &amp#27;[32mGET: DefaultWebTarget{path=[/containers/0739339bbc624082fb5e41f62f4a622236ffe4974bf12b2847105b726085e02b/json], queryParams={}}
&amp#27;[0;39m2023-05-08 13:19:02,130 [main] &amp#27;[39mDEBUG&amp#27;[0;39m &amp#27;[36mc.g.d.z.s.o.a.h.c.h.i.c.InternalHttpClient&amp#27;[0;39m - &amp#27;[32mex-0000005D: preparing request execution
&amp#27;[0;39m2023-05-08 13:19:02,130 [main] &amp#27;[39mDEBUG&amp#27;[0;39m &amp#27;[36mc.g.d.z.s.o.a.h.c.h.p.RequestAddCookies&amp#27;[0;39m - &amp#27;[32mCookie spec selected: strict
&amp#27;[0;39m2023-05-08 13:19:02,130 [main] &amp#27;[39mDEBUG&amp#27;[0;39m &amp#27;[36mc.g.d.z.s.o.a.h.c.h.p.RequestAuthCache&amp#27;[0;39m - &amp#27;[32mAuth cache not set in the context
&amp#27;[0;39m2023-05-08 13:19:02,130 [main] &amp#27;[39mDEBUG&amp#27;[0;39m &amp#27;[36mc.g.d.z.s.o.a.h.c.h.i.c.ProtocolExec&amp#27;[0;39m - &amp#27;[32mex-0000005D: target auth state: UNCHALLENGED
&amp#27;[0;39m2023-05-08 13:19:02,130 [main] &amp#27;[39mDEBUG&amp#27;[0;39m &amp#27;[36mc.g.d.z.s.o.a.h.c.h.i.c.ProtocolExec&amp#27;[0;39m - &amp#27;[32mex-0000005D: proxy auth state: UNCHALLENGED
&amp#27;[0;39m2023-05-08 13:19:02,130 [main] &amp#27;[39mDEBUG&amp#27;[0;39m &amp#27;[36mc.g.d.z.s.o.a.h.c.h.i.c.ConnectExec&amp#27;[0;39m - &amp#27;[32mex-0000005D: acquiring connection with route {}->unix://localhost:2375
&amp#27;[0;39m2023-05-08 13:19:02,130 [main] &amp#27;[39mDEBUG&amp#27;[0;39m &amp#27;[36mc.g.d.z.s.o.a.h.c.h.i.c.InternalHttpClient&amp#27;[0;39m - &amp#27;[32mex-0000005D: acquiring endpoint (3 MINUTES)
&amp#27;[0;39m2023-05-08 13:19:02,130 [main] &amp#27;[39mDEBUG&amp#27;[0;39m &amp#27;[36mc.g.d.z.s.o.a.h.c.h.i.i.PoolingHttpClientConnectionManager&amp#27;[0;39m - &amp#27;[32mex-0000005D: endpoint lease request (3 MINUTES) [route: {}->unix://localhost:2375][total available: 1; route allocated: 1 of 2147483647; total allocated: 1 of 2147483647]
&amp#27;[0;39m2023-05-08 13:19:02,130 [main] &amp#27;[39mDEBUG&amp#27;[0;39m &amp#27;[36mc.g.d.z.s.o.a.h.c.h.i.i.PoolingHttpClientConnectionManager&amp#27;[0;39m - &amp#27;[32mex-0000005D: endpoint leased [route: {}->unix://localhost:2375][total available: 0; route allocated: 1 of 2147483647; total allocated: 1 of 2147483647]
&amp#27;[0;39m2023-05-08 13:19:02,130 [main] &amp#27;[39mDEBUG&amp#27;[0;39m &amp#27;[36mc.g.d.z.s.o.a.h.c.h.i.i.PoolingHttpClientConnectionManager&amp#27;[0;39m - &amp#27;[32mex-0000005D: acquired ep-0000005C
&amp#27;[0;39m2023-05-08 13:19:02,130 [main] &amp#27;[39mDEBUG&amp#27;[0;39m &amp#27;[36mc.g.d.z.s.o.a.h.c.h.i.c.InternalHttpClient&amp#27;[0;39m - &amp#27;[32mex-0000005D: acquired endpoint ep-0000005C
&amp#27;[0;39m2023-05-08 13:19:02,130 [main] &amp#27;[39mDEBUG&amp#27;[0;39m &amp#27;[36mc.g.d.z.s.o.a.h.c.h.i.c.MainClientExec&amp#27;[0;39m - &amp#27;[32mex-0000005D: executing GET /v1.32/containers/0739339bbc624082fb5e41f62f4a622236ffe4974bf12b2847105b726085e02b/json HTTP/1.1
&amp#27;[0;39m2023-05-08 13:19:02,130 [main] &amp#27;[39mDEBUG&amp#27;[0;39m &amp#27;[36mc.g.d.z.s.o.a.h.c.h.i.c.InternalHttpClient&amp#27;[0;39m - &amp#27;[32mep-0000005C: start execution ex-0000005D
&amp#27;[0;39m2023-05-08 13:19:02,130 [main] &amp#27;[39mDEBUG&amp#27;[0;39m &amp#27;[36mc.g.d.z.s.o.a.h.c.h.i.i.PoolingHttpClientConnectionManager&amp#27;[0;39m - &amp#27;[32mep-0000005C: executing exchange ex-0000005D over http-outgoing-1
&amp#27;[0;39m2023-05-08 13:19:02,131 [main] &amp#27;[39mDEBUG&amp#27;[0;39m &amp#27;[36mc.g.d.z.s.o.a.h.client5.http.headers&amp#27;[0;39m - &amp#27;[32mhttp-outgoing-1 >> GET /v1.32/containers/0739339bbc624082fb5e41f62f4a622236ffe4974bf12b2847105b726085e02b/json HTTP/1.1
&amp#27;[0;39m2023-05-08 13:19:02,131 [main] &amp#27;[39mDEBUG&amp#27;[0;39m &amp#27;[36mc.g.d.z.s.o.a.h.client5.http.headers&amp#27;[0;39m - &amp#27;[32mhttp-outgoing-1 >> accept: application/json
&amp#27;[0;39m2023-05-08 13:19:02,131 [main] &amp#27;[39mDEBUG&amp#27;[0;39m &amp#27;[36mc.g.d.z.s.o.a.h.client5.http.headers&amp#27;[0;39m - &amp#27;[32mhttp-outgoing-1 >> x-tc-sid: f1b696c1-ec3f-4f95-afa8-081853be7ccb
&amp#27;[0;39m2023-05-08 13:19:02,131 [main] &amp#27;[39mDEBUG&amp#27;[0;39m &amp#27;[36mc.g.d.z.s.o.a.h.client5.http.headers&amp#27;[0;39m - &amp#27;[32mhttp-outgoing-1 >> Accept-Encoding: gzip, x-gzip, deflate
&amp#27;[0;39m2023-05-08 13:19:02,131 [main] &amp#27;[39mDEBUG&amp#27;[0;39m &amp#27;[36mc.g.d.z.s.o.a.h.client5.http.headers&amp#27;[0;39m - &amp#27;[32mhttp-outgoing-1 >> Host: localhost:2375
&amp#27;[0;39m2023-05-08 13:19:02,131 [main] &amp#27;[39mDEBUG&amp#27;[0;39m &amp#27;[36mc.g.d.z.s.o.a.h.client5.http.headers&amp#27;[0;39m - &amp#27;[32mhttp-outgoing-1 >> Connection: keep-alive
&amp#27;[0;39m2023-05-08 13:19:02,131 [main] &amp#27;[39mDEBUG&amp#27;[0;39m &amp#27;[36mc.g.d.z.s.o.a.h.client5.http.headers&amp#27;[0;39m - &amp#27;[32mhttp-outgoing-1 >> User-Agent: Apache-HttpClient/5.0.3 (Java/17.0.6)
&amp#27;[0;39m2023-05-08 13:19:02,131 [main] &amp#27;[39mDEBUG&amp#27;[0;39m &amp#27;[36mc.g.d.z.s.o.a.hc.client5.http.wire&amp#27;[0;39m - &amp#27;[32mhttp-outgoing-1 >> "GET /v1.32/containers/0739339bbc624082fb5e41f62f4a622236ffe4974bf12b2847105b726085e02b/json HTTP/1.1[\r][\n]"
&amp#27;[0;39m2023-05-08 13:19:02,131 [main] &amp#27;[39mDEBUG&amp#27;[0;39m &amp#27;[36mc.g.d.z.s.o.a.hc.client5.http.wire&amp#27;[0;39m - &amp#27;[32mhttp-outgoing-1 >> "accept: application/json[\r][\n]"
&amp#27;[0;39m2023-05-08 13:19:02,131 [main] &amp#27;[39mDEBUG&amp#27;[0;39m &amp#27;[36mc.g.d.z.s.o.a.hc.client5.http.wire&amp#27;[0;39m - &amp#27;[32mhttp-outgoing-1 >> "x-tc-sid: f1b696c1-ec3f-4f95-afa8-081853be7ccb[\r][\n]"
&amp#27;[0;39m2023-05-08 13:19:02,131 [main] &amp#27;[39mDEBUG&amp#27;[0;39m &amp#27;[36mc.g.d.z.s.o.a.hc.client5.http.wire&amp#27;[0;39m - &amp#27;[32mhttp-outgoing-1 >> "Accept-Encoding: gzip, x-gzip, deflate[\r][\n]"
&amp#27;[0;39m2023-05-08 13:19:02,131 [main] &amp#27;[39mDEBUG&amp#27;[0;39m &amp#27;[36mc.g.d.z.s.o.a.hc.client5.http.wire&amp#27;[0;39m - &amp#27;[32mhttp-outgoing-1 >> "Host: localhost:2375[\r][\n]"
&amp#27;[0;39m2023-05-08 13:19:02,131 [main] &amp#27;[39mDEBUG&amp#27;[0;39m &amp#27;[36mc.g.d.z.s.o.a.hc.client5.http.wire&amp#27;[0;39m - &amp#27;[32mhttp-outgoing-1 >> "Connection: keep-alive[\r][\n]"
&amp#27;[0;39m2023-05-08 13:19:02,131 [main] &amp#27;[39mDEBUG&amp#27;[0;39m &amp#27;[36mc.g.d.z.s.o.a.hc.client5.http.wire&amp#27;[0;39m - &amp#27;[32mhttp-outgoing-1 >> "User-Agent: Apache-HttpClient/5.0.3 (Java/17.0.6)[\r][\n]"
&amp#27;[0;39m2023-05-08 13:19:02,131 [main] &amp#27;[39mDEBUG&amp#27;[0;39m &amp#27;[36mc.g.d.z.s.o.a.hc.client5.http.wire&amp#27;[0;39m - &amp#27;[32mhttp-outgoing-1 >> "[\r][\n]"
&amp#27;[0;39m2023-05-08 13:19:02,131 [main] &amp#27;[39mDEBUG&amp#27;[0;39m &amp#27;[36mc.g.d.z.s.o.a.hc.client5.http.wire&amp#27;[0;39m - &amp#27;[32mhttp-outgoing-1 << "HTTP/1.1 200 OK[\r][\n]"
&amp#27;[0;39m2023-05-08 13:19:02,131 [main] &amp#27;[39mDEBUG&amp#27;[0;39m &amp#27;[36mc.g.d.z.s.o.a.hc.client5.http.wire&amp#27;[0;39m - &amp#27;[32mhttp-outgoing-1 << "Api-Version: 1.42[\r][\n]"
&amp#27;[0;39m2023-05-08 13:19:02,131 [main] &amp#27;[39mDEBUG&amp#27;[0;39m &amp#27;[36mc.g.d.z.s.o.a.hc.client5.http.wire&amp#27;[0;39m - &amp#27;[32mhttp-outgoing-1 << "Content-Type: application/json[\r][\n]"
&amp#27;[0;39m2023-05-08 13:19:02,131 [main] &amp#27;[39mDEBUG&amp#27;[0;39m &amp#27;[36mc.g.d.z.s.o.a.hc.client5.http.wire&amp#27;[0;39m - &amp#27;[32mhttp-outgoing-1 << "Docker-Experimental: false[\r][\n]"
&amp#27;[0;39m2023-05-08 13:19:02,131 [main] &amp#27;[39mDEBUG&amp#27;[0;39m &amp#27;[36mc.g.d.z.s.o.a.hc.client5.http.wire&amp#27;[0;39m - &amp#27;[32mhttp-outgoing-1 << "Ostype: linux[\r][\n]"
&amp#27;[0;39m2023-05-08 13:19:02,131 [main] &amp#27;[39mDEBUG&amp#27;[0;39m &amp#27;[36mc.g.d.z.s.o.a.hc.client5.http.wire&amp#27;[0;39m - &amp#27;[32mhttp-outgoing-1 << "Server: Docker/23.0.5 (linux)[\r][\n]"
&amp#27;[0;39m2023-05-08 13:19:02,131 [main] &amp#27;[39mDEBUG&amp#27;[0;39m &amp#27;[36mc.g.d.z.s.o.a.hc.client5.http.wire&amp#27;[0;39m - &amp#27;[32mhttp-outgoing-1 << "Date: Mon, 08 May 2023 11:19:02 GMT[\r][\n]"
&amp#27;[0;39m2023-05-08 13:19:02,131 [main] &amp#27;[39mDEBUG&amp#27;[0;39m &amp#27;[36mc.g.d.z.s.o.a.hc.client5.http.wire&amp#27;[0;39m - &amp#27;[32mhttp-outgoing-1 << "Transfer-Encoding: chunked[\r][\n]"
&amp#27;[0;39m2023-05-08 13:19:02,131 [main] &amp#27;[39mDEBUG&amp#27;[0;39m &amp#27;[36mc.g.d.z.s.o.a.hc.client5.http.wire&amp#27;[0;39m - &amp#27;[32mhttp-outgoing-1 << "[\r][\n]"
&amp#27;[0;39m2023-05-08 13:19:02,131 [main] &amp#27;[39mDEBUG&amp#27;[0;39m &amp#27;[36mc.g.d.z.s.o.a.hc.client5.http.wire&amp#27;[0;39m - &amp#27;[32mhttp-outgoing-1 << "1893[\r][\n]"
&amp#27;[0;39m2023-05-08 13:19:02,131 [main] &amp#27;[39mDEBUG&amp#27;[0;39m &amp#27;[36mc.g.d.z.s.o.a.hc.client5.http.wire&amp#27;[0;39m - &amp#27;[32mhttp-outgoing-1 << "{"Id":"0739339bbc624082fb5e41f62f4a622236ffe4974bf12b2847105b726085e02b","Created":"2023-05-08T11:19:01.771856188Z","Path":"docker-entrypoint.sh","Args":["mysqld"],"State":{"Status":"running","Running":true,"Paused":false,"Restarting":false,"OOMKilled":false,"Dead":false,"Pid":59514,"ExitCode":0,"Error":"","StartedAt":"2023-05-08T11:19:02.113674386Z","FinishedAt":"0001-01-01T00:00:00Z"},"Image":"sha256:228d71078f8ce5ae9fd96b183f88c3a90e30544b4b7ce9d64a238d05fef2a681","ResolvConfPath":"/var/lib/docker/containers/0739339bbc624082fb5e41f62f4a622236ffe4974bf12b2847105b726085e02b/resolv.conf","HostnamePath":"/var/lib/docker/containers/0739339bbc624082fb5e41f62f4a622236ffe4974bf12b2847105b726085e02b/hostname","HostsPath":"/var/lib/docker/containers/0739339bbc624082fb5e41f62f4a622236ffe4974bf12b2847105b726085e02b/hosts","LogPath":"/var/lib/docker/containers/0739339bbc624082fb5e41f62f4a622236ffe4974bf12b2847105b726085e02b/0739339bbc624082fb5e41f62f4a622236ffe4974bf12b2847105b726085e02b-json.log","Name":"/intelligent_galileo","RestartCount":0,"Driver":"overlay2","Platform":"linux","MountLabel":"","ProcessLabel":"","AppArmorProfile":"docker-default","ExecIDs":null,"HostConfig":{"Binds":[],"ContainerIDFile":"","LogConfig":{"Type":"json-file","Config":{}},"NetworkMode":"default","PortBindings":{"3306/tcp":[{"HostIp":"","HostPort":""}]},"RestartPolicy":{"Name":"","MaximumRetryCount":0},"AutoRemove":false,"VolumeDriver":"","VolumesFrom":[],"ConsoleSize":[0,0],"CapAdd":null,"CapDrop":null,"CgroupnsMode":"private","Dns":null,"DnsOptions":null,"DnsSearch":null,"ExtraHosts":[],"GroupAdd":null,"IpcMode":"shareable","Cgroup":"","Links":null,"OomScoreAdj":0,"PidMode":"","Privileged":false,"PublishAllPorts":false,"ReadonlyRootfs":false,"SecurityOpt":null,"UTSMode":"","UsernsMode":"","ShmSize":67108864,"Runtime":"runc","Isolation":"","CpuShares":0,"Memory":0,"NanoCpus":0,"CgroupParent":"","BlkioWeight":0,"BlkioWeightDevice":null,"BlkioDeviceReadBps":null,"BlkioDeviceWriteBps":null,"BlkioDeviceReadIOps":null,"BlkioDeviceWriteIOps":null,"CpuPeriod":0,"CpuQuota":0,"CpuRealtimePeriod":0,"CpuRealtimeRuntime":0,"CpusetCpus":"","CpusetMems":"","Devices":null,"DeviceCgroupRules":null,"DeviceRequests":null,"MemoryReservation":0,"MemorySwap":0,"MemorySwappiness":null,"OomKillDisable":null,"PidsLimit":null,"Ulimits":null,"CpuCount":0,"CpuPercent":0,"IOMaximumIOps":0,"IOMaximumBandwidth":0,"MaskedPaths":["/proc/asound","/proc/acpi","/proc/kcore","/proc/keys","/proc/latency_stats","/proc/timer_list","/proc/timer_stats","/proc/sched_debug","/proc/scsi","/sys/firmware"],"ReadonlyPaths":["/proc/bus","/proc/fs","/proc/irq","/proc/sys","/proc/sysrq-trigger"]},"GraphDriver":{"Data":{"LowerDir":"/var/lib/docker/overlay2/b481eee7843c17772ada1734203524b4de76785735a50d4c68703d497db0e4ed-init/diff:/var/lib/docker/overlay2/4c6e20f032f02b27a9272f982861dc21998197aa90d94ed3bef95d449380247c/diff:/var/lib/docker/overlay2/0c75f828f603eff839bb3ca448163ab2a8017e86625ac255cd3dbf1673ddac26/diff:/var/lib/docker/overlay2/da128d897fda75829109844ce6cd9d73d0f54c682e735100af000ce899908729/diff:/var/lib/docker/overlay2/b678a1f261bf323afba6d76d91ab7428bdd6e1ef4a39b5224e4a1afd08c0423a/diff:/var/lib/docker/overlay2/1bec43b14875c5f9f814f146e8e31aa78566689c2c163da2ac60a32254988437/diff:/var/lib/docker/overlay2/28f4b1e6e1a7a2dbe30f1f94fb42bccd85a61faf8af1fe30a5bb0d442c525e41/diff:/var/lib/docker/overlay2/0f493124464c291d7c97d2633d5dff04b1dce5de904cb40a34dfbe7fe72e3fd4/diff:/var/lib/docker/overlay2/05befbee9e38cd670e1786b3310e99796dcc06abbed970007b4109a5424843fa/diff:/var/lib/docker/overlay2/582bcca9acfc4eef25109e1e1b9c9d104f355798455bc73e855c99283887a6e8/diff:/var/lib/docker/overlay2/153b3bf0b69e97e8f0e5533414a31ca33fa530e63d174c9617621abe46e7e9d1/diff:/var/lib/docker/overlay2/bf87a76c0a38875ee6e915fd0d2527eafa880ec6bf2c1cb294959428c18d10bd/diff","MergedDir":"/var/lib/docker/overlay2/b481eee7843c17772ada1734203524b4de76785735a50d4c68703d497db0e4ed/merged","UpperDir":"/var/lib/docker/overlay2/b481eee7843c17772ada1734203524b4de76785735a50d4c68703d497db0e4ed/diff","WorkDir":"/var/lib/docker/overlay2/b481eee7843c17772ada1734203524b4de76785735a50d4c68703d497db0e4ed/work"},"Name":"overlay2"},"Mounts":[{"Type":"volume","Name":"ec40278114b76af7b6535b952e685e04a98a51fa16363f5e9f0df1ce601f1dd5","Source":"/var/lib/docker/volumes/ec40278114b76af7b6535b952e685e04a98a51fa16363f5e9f0df1ce601f1dd5/_data","Destination":"/var/lib/mysql","Driver":"local","Mode":"","RW":true,"Propagation":""}],"Config":{"Hostname":"0739339bbc62","Domainname":"","User":"","AttachStdin":false,"AttachStdout":false,"AttachStderr":false,"ExposedPorts":{"3306/tcp":{}},"Tty":false,"OpenStdin":false,"StdinOnce":false,"Env":["MYSQL_DATABASE=test","MYSQL_PASSWORD=test","MYSQL_USER=test","MYSQL_ROOT_PASSWORD=test","PATH=/usr/local/sbin:/usr/local/bin:/usr/sbin:/usr/bin:/sbin:/bin","GOSU_VERSION=1.7","MYSQL_MAJOR=8.0","MYSQL_VERSION=8.0.0-dmr-1debian8"],"Cmd":["mysqld"],"Image":"mysql:8.0.0","Volumes":{"/var/lib/mysql":{}},"WorkingDir":"","Entrypoint":["docker-entrypoint.sh"],"OnBuild":null,"Labels":{"org.testcontainers":"true","org.testcontainers.lang":"java","org.testcontainers.sessionId":"f1b696c1-ec3f-4f95-afa8-081853be7ccb","org.testcontainers.version":"1.18.0"}},"NetworkSettings":{"Bridge":"","SandboxID":"d265e68e2afe307f1ab03fab083f2c0477cba31e9f26759f52b94e045d1847fb","HairpinMode":false,"LinkLocalIPv6Address":"","LinkLocalIPv6PrefixLen":0,"Ports":{"3306/tcp":[{"HostIp":"0.0.0.0","HostPort":"32782"},{"HostIp":"::","HostPort":"32782"}]},"SandboxKey":"/var/run/docker/netns/d265e68e2afe","SecondaryIPAddresses":null,"SecondaryIPv6Addresses":null,"EndpointID":"97b4c81a7665dcad3863174204db678dde492e2a2b2f11f6ef1c683b5d76146b","Gateway":"172.17.0.1","GlobalIPv6Address":"","GlobalIPv6PrefixLen":0,"IPAddress":"172.17.0.3","IPPrefixLen":16,"IPv6Gateway":"","MacAddress":"02:42:ac:11:00:03","Networks":{"bridge":{"IPAMConfig":null,"Links":null,"Aliases":null,"NetworkID":"e1a078e12eb8d77b497ed932f7fb43787eeb6ff6972febd7d03c9282b8b5cd45","EndpointID":"97b4c81a7665dcad3863174204db678dde492e2a2b2f11f6ef1c683b5d76146b","Gateway":"172.17.0.1","IPAddress":"172.17.0.3","IPPrefixLen":16,"IPv6Gateway":"","GlobalIPv6Address":"","GlobalIPv6PrefixLen":0,"MacAddress":"02:42:ac:11:00:03","DriverOpts":null}}}}[\n]"
&amp#27;[0;39m2023-05-08 13:19:02,131 [main] &amp#27;[39mDEBUG&amp#27;[0;39m &amp#27;[36mc.g.d.z.s.o.a.hc.client5.http.wire&amp#27;[0;39m - &amp#27;[32mhttp-outgoing-1 << "[\r][\n]"
&amp#27;[0;39m2023-05-08 13:19:02,131 [main] &amp#27;[39mDEBUG&amp#27;[0;39m &amp#27;[36mc.g.d.z.s.o.a.hc.client5.http.wire&amp#27;[0;39m - &amp#27;[32mhttp-outgoing-1 << "0[\r][\n]"
&amp#27;[0;39m2023-05-08 13:19:02,131 [main] &amp#27;[39mDEBUG&amp#27;[0;39m &amp#27;[36mc.g.d.z.s.o.a.hc.client5.http.wire&amp#27;[0;39m - &amp#27;[32mhttp-outgoing-1 << "[\r][\n]"
&amp#27;[0;39m2023-05-08 13:19:02,131 [main] &amp#27;[39mDEBUG&amp#27;[0;39m &amp#27;[36mc.g.d.z.s.o.a.h.client5.http.headers&amp#27;[0;39m - &amp#27;[32mhttp-outgoing-1 << HTTP/1.1 200 OK
&amp#27;[0;39m2023-05-08 13:19:02,131 [main] &amp#27;[39mDEBUG&amp#27;[0;39m &amp#27;[36mc.g.d.z.s.o.a.h.client5.http.headers&amp#27;[0;39m - &amp#27;[32mhttp-outgoing-1 << Api-Version: 1.42
&amp#27;[0;39m2023-05-08 13:19:02,131 [main] &amp#27;[39mDEBUG&amp#27;[0;39m &amp#27;[36mc.g.d.z.s.o.a.h.client5.http.headers&amp#27;[0;39m - &amp#27;[32mhttp-outgoing-1 << Content-Type: application/json
&amp#27;[0;39m2023-05-08 13:19:02,131 [main] &amp#27;[39mDEBUG&amp#27;[0;39m &amp#27;[36mc.g.d.z.s.o.a.h.client5.http.headers&amp#27;[0;39m - &amp#27;[32mhttp-outgoing-1 << Docker-Experimental: false
&amp#27;[0;39m2023-05-08 13:19:02,131 [main] &amp#27;[39mDEBUG&amp#27;[0;39m &amp#27;[36mc.g.d.z.s.o.a.h.client5.http.headers&amp#27;[0;39m - &amp#27;[32mhttp-outgoing-1 << Ostype: linux
&amp#27;[0;39m2023-05-08 13:19:02,131 [main] &amp#27;[39mDEBUG&amp#27;[0;39m &amp#27;[36mc.g.d.z.s.o.a.h.client5.http.headers&amp#27;[0;39m - &amp#27;[32mhttp-outgoing-1 << Server: Docker/23.0.5 (linux)
&amp#27;[0;39m2023-05-08 13:19:02,131 [main] &amp#27;[39mDEBUG&amp#27;[0;39m &amp#27;[36mc.g.d.z.s.o.a.h.client5.http.headers&amp#27;[0;39m - &amp#27;[32mhttp-outgoing-1 << Date: Mon, 08 May 2023 11:19:02 GMT
&amp#27;[0;39m2023-05-08 13:19:02,131 [main] &amp#27;[39mDEBUG&amp#27;[0;39m &amp#27;[36mc.g.d.z.s.o.a.h.client5.http.headers&amp#27;[0;39m - &amp#27;[32mhttp-outgoing-1 << Transfer-Encoding: chunked
&amp#27;[0;39m2023-05-08 13:19:02,131 [main] &amp#27;[39mDEBUG&amp#27;[0;39m &amp#27;[36mc.g.d.z.s.o.a.h.c.h.i.c.MainClientExec&amp#27;[0;39m - &amp#27;[32mex-0000005D: connection can be kept alive for 3 MINUTES
&amp#27;[0;39m2023-05-08 13:19:02,132 [main] &amp#27;[39mDEBUG&amp#27;[0;39m &amp#27;[36mc.g.d.z.s.o.a.h.c.h.i.c.InternalHttpClient&amp#27;[0;39m - &amp#27;[32mep-0000005C: releasing valid endpoint
&amp#27;[0;39m2023-05-08 13:19:02,132 [main] &amp#27;[39mDEBUG&amp#27;[0;39m &amp#27;[36mc.g.d.z.s.o.a.h.c.h.i.i.PoolingHttpClientConnectionManager&amp#27;[0;39m - &amp#27;[32mep-0000005C: releasing endpoint
&amp#27;[0;39m2023-05-08 13:19:02,132 [main] &amp#27;[39mDEBUG&amp#27;[0;39m &amp#27;[36mc.g.d.z.s.o.a.h.c.h.i.i.PoolingHttpClientConnectionManager&amp#27;[0;39m - &amp#27;[32mep-0000005C: connection http-outgoing-1 can be kept alive for 3 MINUTES
&amp#27;[0;39m2023-05-08 13:19:02,132 [main] &amp#27;[39mDEBUG&amp#27;[0;39m &amp#27;[36mc.g.d.z.s.o.a.h.c.h.i.i.PoolingHttpClientConnectionManager&amp#27;[0;39m - &amp#27;[32mep-0000005C: connection released [route: {}->unix://localhost:2375][total available: 1; route allocated: 1 of 2147483647; total allocated: 1 of 2147483647]
&amp#27;[0;39m2023-05-08 13:19:02,132 [main] &amp#27;[39mDEBUG&amp#27;[0;39m &amp#27;[36mo.t.s.c.g.d.c.command.AbstrDockerCmd&amp#27;[0;39m - &amp#27;[32mCmd: 0739339bbc624082fb5e41f62f4a622236ffe4974bf12b2847105b726085e02b,false
&amp#27;[0;39m2023-05-08 13:19:02,132 [main] &amp#27;[39mDEBUG&amp#27;[0;39m &amp#27;[36mo.t.s.c.g.d.c.e.InspectContainerCmdExec&amp#27;[0;39m - &amp#27;[32mGET: DefaultWebTarget{path=[/containers/0739339bbc624082fb5e41f62f4a622236ffe4974bf12b2847105b726085e02b/json], queryParams={}}
&amp#27;[0;39m2023-05-08 13:19:02,132 [main] &amp#27;[39mDEBUG&amp#27;[0;39m &amp#27;[36mc.g.d.z.s.o.a.h.c.h.i.c.InternalHttpClient&amp#27;[0;39m - &amp#27;[32mex-0000005E: preparing request execution
&amp#27;[0;39m2023-05-08 13:19:02,132 [main] &amp#27;[39mDEBUG&amp#27;[0;39m &amp#27;[36mc.g.d.z.s.o.a.h.c.h.p.RequestAddCookies&amp#27;[0;39m - &amp#27;[32mCookie spec selected: strict
&amp#27;[0;39m2023-05-08 13:19:02,132 [main] &amp#27;[39mDEBUG&amp#27;[0;39m &amp#27;[36mc.g.d.z.s.o.a.h.c.h.p.RequestAuthCache&amp#27;[0;39m - &amp#27;[32mAuth cache not set in the context
&amp#27;[0;39m2023-05-08 13:19:02,132 [main] &amp#27;[39mDEBUG&amp#27;[0;39m &amp#27;[36mc.g.d.z.s.o.a.h.c.h.i.c.ProtocolExec&amp#27;[0;39m - &amp#27;[32mex-0000005E: target auth state: UNCHALLENGED
&amp#27;[0;39m2023-05-08 13:19:02,132 [main] &amp#27;[39mDEBUG&amp#27;[0;39m &amp#27;[36mc.g.d.z.s.o.a.h.c.h.i.c.ProtocolExec&amp#27;[0;39m - &amp#27;[32mex-0000005E: proxy auth state: UNCHALLENGED
&amp#27;[0;39m2023-05-08 13:19:02,132 [main] &amp#27;[39mDEBUG&amp#27;[0;39m &amp#27;[36mc.g.d.z.s.o.a.h.c.h.i.c.ConnectExec&amp#27;[0;39m - &amp#27;[32mex-0000005E: acquiring connection with route {}->unix://localhost:2375
&amp#27;[0;39m2023-05-08 13:19:02,132 [main] &amp#27;[39mDEBUG&amp#27;[0;39m &amp#27;[36mc.g.d.z.s.o.a.h.c.h.i.c.InternalHttpClient&amp#27;[0;39m - &amp#27;[32mex-0000005E: acquiring endpoint (3 MINUTES)
&amp#27;[0;39m2023-05-08 13:19:02,132 [main] &amp#27;[39mDEBUG&amp#27;[0;39m &amp#27;[36mc.g.d.z.s.o.a.h.c.h.i.i.PoolingHttpClientConnectionManager&amp#27;[0;39m - &amp#27;[32mex-0000005E: endpoint lease request (3 MINUTES) [route: {}->unix://localhost:2375][total available: 1; route allocated: 1 of 2147483647; total allocated: 1 of 2147483647]
&amp#27;[0;39m2023-05-08 13:19:02,132 [main] &amp#27;[39mDEBUG&amp#27;[0;39m &amp#27;[36mc.g.d.z.s.o.a.h.c.h.i.i.PoolingHttpClientConnectionManager&amp#27;[0;39m - &amp#27;[32mex-0000005E: endpoint leased [route: {}->unix://localhost:2375][total available: 0; route allocated: 1 of 2147483647; total allocated: 1 of 2147483647]
&amp#27;[0;39m2023-05-08 13:19:02,133 [main] &amp#27;[39mDEBUG&amp#27;[0;39m &amp#27;[36mc.g.d.z.s.o.a.h.c.h.i.i.PoolingHttpClientConnectionManager&amp#27;[0;39m - &amp#27;[32mex-0000005E: acquired ep-0000005D
&amp#27;[0;39m2023-05-08 13:19:02,133 [main] &amp#27;[39mDEBUG&amp#27;[0;39m &amp#27;[36mc.g.d.z.s.o.a.h.c.h.i.c.InternalHttpClient&amp#27;[0;39m - &amp#27;[32mex-0000005E: acquired endpoint ep-0000005D
&amp#27;[0;39m2023-05-08 13:19:02,133 [main] &amp#27;[39mDEBUG&amp#27;[0;39m &amp#27;[36mc.g.d.z.s.o.a.h.c.h.i.c.MainClientExec&amp#27;[0;39m - &amp#27;[32mex-0000005E: executing GET /v1.32/containers/0739339bbc624082fb5e41f62f4a622236ffe4974bf12b2847105b726085e02b/json HTTP/1.1
&amp#27;[0;39m2023-05-08 13:19:02,133 [main] &amp#27;[39mDEBUG&amp#27;[0;39m &amp#27;[36mc.g.d.z.s.o.a.h.c.h.i.c.InternalHttpClient&amp#27;[0;39m - &amp#27;[32mep-0000005D: start execution ex-0000005E
&amp#27;[0;39m2023-05-08 13:19:02,133 [main] &amp#27;[39mDEBUG&amp#27;[0;39m &amp#27;[36mc.g.d.z.s.o.a.h.c.h.i.i.PoolingHttpClientConnectionManager&amp#27;[0;39m - &amp#27;[32mep-0000005D: executing exchange ex-0000005E over http-outgoing-1
&amp#27;[0;39m2023-05-08 13:19:02,133 [main] &amp#27;[39mDEBUG&amp#27;[0;39m &amp#27;[36mc.g.d.z.s.o.a.h.client5.http.headers&amp#27;[0;39m - &amp#27;[32mhttp-outgoing-1 >> GET /v1.32/containers/0739339bbc624082fb5e41f62f4a622236ffe4974bf12b2847105b726085e02b/json HTTP/1.1
&amp#27;[0;39m2023-05-08 13:19:02,133 [main] &amp#27;[39mDEBUG&amp#27;[0;39m &amp#27;[36mc.g.d.z.s.o.a.h.client5.http.headers&amp#27;[0;39m - &amp#27;[32mhttp-outgoing-1 >> accept: application/json
&amp#27;[0;39m2023-05-08 13:19:02,133 [main] &amp#27;[39mDEBUG&amp#27;[0;39m &amp#27;[36mc.g.d.z.s.o.a.h.client5.http.headers&amp#27;[0;39m - &amp#27;[32mhttp-outgoing-1 >> x-tc-sid: f1b696c1-ec3f-4f95-afa8-081853be7ccb
&amp#27;[0;39m2023-05-08 13:19:02,133 [main] &amp#27;[39mDEBUG&amp#27;[0;39m &amp#27;[36mc.g.d.z.s.o.a.h.client5.http.headers&amp#27;[0;39m - &amp#27;[32mhttp-outgoing-1 >> Accept-Encoding: gzip, x-gzip, deflate
&amp#27;[0;39m2023-05-08 13:19:02,133 [main] &amp#27;[39mDEBUG&amp#27;[0;39m &amp#27;[36mc.g.d.z.s.o.a.h.client5.http.headers&amp#27;[0;39m - &amp#27;[32mhttp-outgoing-1 >> Host: localhost:2375
&amp#27;[0;39m2023-05-08 13:19:02,133 [main] &amp#27;[39mDEBUG&amp#27;[0;39m &amp#27;[36mc.g.d.z.s.o.a.h.client5.http.headers&amp#27;[0;39m - &amp#27;[32mhttp-outgoing-1 >> Connection: keep-alive
&amp#27;[0;39m2023-05-08 13:19:02,133 [main] &amp#27;[39mDEBUG&amp#27;[0;39m &amp#27;[36mc.g.d.z.s.o.a.h.client5.http.headers&amp#27;[0;39m - &amp#27;[32mhttp-outgoing-1 >> User-Agent: Apache-HttpClient/5.0.3 (Java/17.0.6)
&amp#27;[0;39m2023-05-08 13:19:02,133 [main] &amp#27;[39mDEBUG&amp#27;[0;39m &amp#27;[36mc.g.d.z.s.o.a.hc.client5.http.wire&amp#27;[0;39m - &amp#27;[32mhttp-outgoing-1 >> "GET /v1.32/containers/0739339bbc624082fb5e41f62f4a622236ffe4974bf12b2847105b726085e02b/json HTTP/1.1[\r][\n]"
&amp#27;[0;39m2023-05-08 13:19:02,133 [main] &amp#27;[39mDEBUG&amp#27;[0;39m &amp#27;[36mc.g.d.z.s.o.a.hc.client5.http.wire&amp#27;[0;39m - &amp#27;[32mhttp-outgoing-1 >> "accept: application/json[\r][\n]"
&amp#27;[0;39m2023-05-08 13:19:02,133 [main] &amp#27;[39mDEBUG&amp#27;[0;39m &amp#27;[36mc.g.d.z.s.o.a.hc.client5.http.wire&amp#27;[0;39m - &amp#27;[32mhttp-outgoing-1 >> "x-tc-sid: f1b696c1-ec3f-4f95-afa8-081853be7ccb[\r][\n]"
&amp#27;[0;39m2023-05-08 13:19:02,133 [main] &amp#27;[39mDEBUG&amp#27;[0;39m &amp#27;[36mc.g.d.z.s.o.a.hc.client5.http.wire&amp#27;[0;39m - &amp#27;[32mhttp-outgoing-1 >> "Accept-Encoding: gzip, x-gzip, deflate[\r][\n]"
&amp#27;[0;39m2023-05-08 13:19:02,133 [main] &amp#27;[39mDEBUG&amp#27;[0;39m &amp#27;[36mc.g.d.z.s.o.a.hc.client5.http.wire&amp#27;[0;39m - &amp#27;[32mhttp-outgoing-1 >> "Host: localhost:2375[\r][\n]"
&amp#27;[0;39m2023-05-08 13:19:02,133 [main] &amp#27;[39mDEBUG&amp#27;[0;39m &amp#27;[36mc.g.d.z.s.o.a.hc.client5.http.wire&amp#27;[0;39m - &amp#27;[32mhttp-outgoing-1 >> "Connection: keep-alive[\r][\n]"
&amp#27;[0;39m2023-05-08 13:19:02,133 [main] &amp#27;[39mDEBUG&amp#27;[0;39m &amp#27;[36mc.g.d.z.s.o.a.hc.client5.http.wire&amp#27;[0;39m - &amp#27;[32mhttp-outgoing-1 >> "User-Agent: Apache-HttpClient/5.0.3 (Java/17.0.6)[\r][\n]"
&amp#27;[0;39m2023-05-08 13:19:02,133 [main] &amp#27;[39mDEBUG&amp#27;[0;39m &amp#27;[36mc.g.d.z.s.o.a.hc.client5.http.wire&amp#27;[0;39m - &amp#27;[32mhttp-outgoing-1 >> "[\r][\n]"
&amp#27;[0;39m2023-05-08 13:19:02,133 [main] &amp#27;[39mDEBUG&amp#27;[0;39m &amp#27;[36mc.g.d.z.s.o.a.hc.client5.http.wire&amp#27;[0;39m - &amp#27;[32mhttp-outgoing-1 << "HTTP/1.1 200 OK[\r][\n]"
&amp#27;[0;39m2023-05-08 13:19:02,133 [main] &amp#27;[39mDEBUG&amp#27;[0;39m &amp#27;[36mc.g.d.z.s.o.a.hc.client5.http.wire&amp#27;[0;39m - &amp#27;[32mhttp-outgoing-1 << "Api-Version: 1.42[\r][\n]"
&amp#27;[0;39m2023-05-08 13:19:02,133 [main] &amp#27;[39mDEBUG&amp#27;[0;39m &amp#27;[36mc.g.d.z.s.o.a.hc.client5.http.wire&amp#27;[0;39m - &amp#27;[32mhttp-outgoing-1 << "Content-Type: application/json[\r][\n]"
&amp#27;[0;39m2023-05-08 13:19:02,133 [main] &amp#27;[39mDEBUG&amp#27;[0;39m &amp#27;[36mc.g.d.z.s.o.a.hc.client5.http.wire&amp#27;[0;39m - &amp#27;[32mhttp-outgoing-1 << "Docker-Experimental: false[\r][\n]"
&amp#27;[0;39m2023-05-08 13:19:02,133 [main] &amp#27;[39mDEBUG&amp#27;[0;39m &amp#27;[36mc.g.d.z.s.o.a.hc.client5.http.wire&amp#27;[0;39m - &amp#27;[32mhttp-outgoing-1 << "Ostype: linux[\r][\n]"
&amp#27;[0;39m2023-05-08 13:19:02,133 [main] &amp#27;[39mDEBUG&amp#27;[0;39m &amp#27;[36mc.g.d.z.s.o.a.hc.client5.http.wire&amp#27;[0;39m - &amp#27;[32mhttp-outgoing-1 << "Server: Docker/23.0.5 (linux)[\r][\n]"
&amp#27;[0;39m2023-05-08 13:19:02,133 [main] &amp#27;[39mDEBUG&amp#27;[0;39m &amp#27;[36mc.g.d.z.s.o.a.hc.client5.http.wire&amp#27;[0;39m - &amp#27;[32mhttp-outgoing-1 << "Date: Mon, 08 May 2023 11:19:02 GMT[\r][\n]"
&amp#27;[0;39m2023-05-08 13:19:02,133 [main] &amp#27;[39mDEBUG&amp#27;[0;39m &amp#27;[36mc.g.d.z.s.o.a.hc.client5.http.wire&amp#27;[0;39m - &amp#27;[32mhttp-outgoing-1 << "Transfer-Encoding: chunked[\r][\n]"
&amp#27;[0;39m2023-05-08 13:19:02,133 [main] &amp#27;[39mDEBUG&amp#27;[0;39m &amp#27;[36mc.g.d.z.s.o.a.hc.client5.http.wire&amp#27;[0;39m - &amp#27;[32mhttp-outgoing-1 << "[\r][\n]"
&amp#27;[0;39m2023-05-08 13:19:02,133 [main] &amp#27;[39mDEBUG&amp#27;[0;39m &amp#27;[36mc.g.d.z.s.o.a.hc.client5.http.wire&amp#27;[0;39m - &amp#27;[32mhttp-outgoing-1 << "1893[\r][\n]"
&amp#27;[0;39m2023-05-08 13:19:02,133 [main] &amp#27;[39mDEBUG&amp#27;[0;39m &amp#27;[36mc.g.d.z.s.o.a.hc.client5.http.wire&amp#27;[0;39m - &amp#27;[32mhttp-outgoing-1 << "{"Id":"0739339bbc624082fb5e41f62f4a622236ffe4974bf12b2847105b726085e02b","Created":"2023-05-08T11:19:01.771856188Z","Path":"docker-entrypoint.sh","Args":["mysqld"],"State":{"Status":"running","Running":true,"Paused":false,"Restarting":false,"OOMKilled":false,"Dead":false,"Pid":59514,"ExitCode":0,"Error":"","StartedAt":"2023-05-08T11:19:02.113674386Z","FinishedAt":"0001-01-01T00:00:00Z"},"Image":"sha256:228d71078f8ce5ae9fd96b183f88c3a90e30544b4b7ce9d64a238d05fef2a681","ResolvConfPath":"/var/lib/docker/containers/0739339bbc624082fb5e41f62f4a622236ffe4974bf12b2847105b726085e02b/resolv.conf","HostnamePath":"/var/lib/docker/containers/0739339bbc624082fb5e41f62f4a622236ffe4974bf12b2847105b726085e02b/hostname","HostsPath":"/var/lib/docker/containers/0739339bbc624082fb5e41f62f4a622236ffe4974bf12b2847105b726085e02b/hosts","LogPath":"/var/lib/docker/containers/0739339bbc624082fb5e41f62f4a622236ffe4974bf12b2847105b726085e02b/0739339bbc624082fb5e41f62f4a622236ffe4974bf12b2847105b726085e02b-json.log","Name":"/intelligent_galileo","RestartCount":0,"Driver":"overlay2","Platform":"linux","MountLabel":"","ProcessLabel":"","AppArmorProfile":"docker-default","ExecIDs":null,"HostConfig":{"Binds":[],"ContainerIDFile":"","LogConfig":{"Type":"json-file","Config":{}},"NetworkMode":"default","PortBindings":{"3306/tcp":[{"HostIp":"","HostPort":""}]},"RestartPolicy":{"Name":"","MaximumRetryCount":0},"AutoRemove":false,"VolumeDriver":"","VolumesFrom":[],"ConsoleSize":[0,0],"CapAdd":null,"CapDrop":null,"CgroupnsMode":"private","Dns":null,"DnsOptions":null,"DnsSearch":null,"ExtraHosts":[],"GroupAdd":null,"IpcMode":"shareable","Cgroup":"","Links":null,"OomScoreAdj":0,"PidMode":"","Privileged":false,"PublishAllPorts":false,"ReadonlyRootfs":false,"SecurityOpt":null,"UTSMode":"","UsernsMode":"","ShmSize":67108864,"Runtime":"runc","Isolation":"","CpuShares":0,"Memory":0,"NanoCpus":0,"CgroupParent":"","BlkioWeight":0,"BlkioWeightDevice":null,"BlkioDeviceReadBps":null,"BlkioDeviceWriteBps":null,"BlkioDeviceReadIOps":null,"BlkioDeviceWriteIOps":null,"CpuPeriod":0,"CpuQuota":0,"CpuRealtimePeriod":0,"CpuRealtimeRuntime":0,"CpusetCpus":"","CpusetMems":"","Devices":null,"DeviceCgroupRules":null,"DeviceRequests":null,"MemoryReservation":0,"MemorySwap":0,"MemorySwappiness":null,"OomKillDisable":null,"PidsLimit":null,"Ulimits":null,"CpuCount":0,"CpuPercent":0,"IOMaximumIOps":0,"IOMaximumBandwidth":0,"MaskedPaths":["/proc/asound","/proc/acpi","/proc/kcore","/proc/keys","/proc/latency_stats","/proc/timer_list","/proc/timer_stats","/proc/sched_debug","/proc/scsi","/sys/firmware"],"ReadonlyPaths":["/proc/bus","/proc/fs","/proc/irq","/proc/sys","/proc/sysrq-trigger"]},"GraphDriver":{"Data":{"LowerDir":"/var/lib/docker/overlay2/b481eee7843c17772ada1734203524b4de76785735a50d4c68703d497db0e4ed-init/diff:/var/lib/docker/overlay2/4c6e20f032f02b27a9272f982861dc21998197aa90d94ed3bef95d449380247c/diff:/var/lib/docker/overlay2/0c75f828f603eff839bb3ca448163ab2a8017e86625ac255cd3dbf1673ddac26/diff:/var/lib/docker/overlay2/da128d897fda75829109844ce6cd9d73d0f54c682e735100af000ce899908729/diff:/var/lib/docker/overlay2/b678a1f261bf323afba6d76d91ab7428bdd6e1ef4a39b5224e4a1afd08c0423a/diff:/var/lib/docker/overlay2/1bec43b14875c5f9f814f146e8e31aa78566689c2c163da2ac60a32254988437/diff:/var/lib/docker/overlay2/28f4b1e6e1a7a2dbe30f1f94fb42bccd85a61faf8af1fe30a5bb0d442c525e41/diff:/var/lib/docker/overlay2/0f493124464c291d7c97d2633d5dff04b1dce5de904cb40a34dfbe7fe72e3fd4/diff:/var/lib/docker/overlay2/05befbee9e38cd670e1786b3310e99796dcc06abbed970007b4109a5424843fa/diff:/var/lib/docker/overlay2/582bcca9acfc4eef25109e1e1b9c9d104f355798455bc73e855c99283887a6e8/diff:/var/lib/docker/overlay2/153b3bf0b69e97e8f0e5533414a31ca33fa530e63d174c9617621abe46e7e9d1/diff:/var/lib/docker/overlay2/bf87a76c0a38875ee6e915fd0d2527eafa880ec6bf2c1cb294959428c18d10bd/diff","MergedDir":"/var/lib/docker/overlay2/b481eee7843c17772ada1734203524b4de76785735a50d4c68703d497db0e4ed/merged","UpperDir":"/var/lib/docker/overlay2/b481eee7843c17772ada1734203524b4de76785735a50d4c68703d497db0e4ed/diff","WorkDir":"/var/lib/docker/overlay2/b481eee7843c17772ada1734203524b4de76785735a50d4c68703d497db0e4ed/work"},"Name":"overlay2"},"Mounts":[{"Type":"volume","Name":"ec40278114b76af7b6535b952e685e04a98a51fa16363f5e9f0df1ce601f1dd5","Source":"/var/lib/docker/volumes/ec40278114b76af7b6535b952e685e04a98a51fa16363f5e9f0df1ce601f1dd5/_data","Destination":"/var/lib/mysql","Driver":"local","Mode":"","RW":true,"Propagation":""}],"Config":{"Hostname":"0739339bbc62","Domainname":"","User":"","AttachStdin":false,"AttachStdout":false,"AttachStderr":false,"ExposedPorts":{"3306/tcp":{}},"Tty":false,"OpenStdin":false,"StdinOnce":false,"Env":["MYSQL_DATABASE=test","MYSQL_PASSWORD=test","MYSQL_USER=test","MYSQL_ROOT_PASSWORD=test","PATH=/usr/local/sbin:/usr/local/bin:/usr/sbin:/usr/bin:/sbin:/bin","GOSU_VERSION=1.7","MYSQL_MAJOR=8.0","MYSQL_VERSION=8.0.0-dmr-1debian8"],"Cmd":["mysqld"],"Image":"mysql:8.0.0","Volumes":{"/var/lib/mysql":{}},"WorkingDir":"","Entrypoint":["docker-entrypoint.sh"],"OnBuild":null,"Labels":{"org.testcontainers":"true","org.testcontainers.lang":"java","org.testcontainers.sessionId":"f1b696c1-ec3f-4f95-afa8-081853be7ccb","org.testcontainers.version":"1.18.0"}},"NetworkSettings":{"Bridge":"","SandboxID":"d265e68e2afe307f1ab03fab083f2c0477cba31e9f26759f52b94e045d1847fb","HairpinMode":false,"LinkLocalIPv6Address":"","LinkLocalIPv6PrefixLen":0,"Ports":{"3306/tcp":[{"HostIp":"0.0.0.0","HostPort":"32782"},{"HostIp":"::","HostPort":"32782"}]},"SandboxKey":"/var/run/docker/netns/d265e68e2afe","SecondaryIPAddresses":null,"SecondaryIPv6Addresses":null,"EndpointID":"97b4c81a7665dcad3863174204db678dde492e2a2b2f11f6ef1c683b5d76146b","Gateway":"172.17.0.1","GlobalIPv6Address":"","GlobalIPv6PrefixLen":0,"IPAddress":"172.17.0.3","IPPrefixLen":16,"IPv6Gateway":"","MacAddress":"02:42:ac:11:00:03","Networks":{"bridge":{"IPAMConfig":null,"Links":null,"Aliases":null,"NetworkID":"e1a078e12eb8d77b497ed932f7fb43787eeb6ff6972febd7d03c9282b8b5cd45","EndpointID":"97b4c81a7665dcad3863174204db678dde492e2a2b2f11f6ef1c683b5d76146b","Gateway":"172.17.0.1","IPAddress":"172.17.0.3","IPPrefixLen":16,"IPv6Gateway":"","GlobalIPv6Address":"","GlobalIPv6PrefixLen":0,"MacAddress":"02:42:ac:11:00:03","DriverOpts":null}}}}[\n]"
&amp#27;[0;39m2023-05-08 13:19:02,133 [main] &amp#27;[39mDEBUG&amp#27;[0;39m &amp#27;[36mc.g.d.z.s.o.a.hc.client5.http.wire&amp#27;[0;39m - &amp#27;[32mhttp-outgoing-1 << "[\r][\n]"
&amp#27;[0;39m2023-05-08 13:19:02,133 [main] &amp#27;[39mDEBUG&amp#27;[0;39m &amp#27;[36mc.g.d.z.s.o.a.hc.client5.http.wire&amp#27;[0;39m - &amp#27;[32mhttp-outgoing-1 << "0[\r][\n]"
&amp#27;[0;39m2023-05-08 13:19:02,133 [main] &amp#27;[39mDEBUG&amp#27;[0;39m &amp#27;[36mc.g.d.z.s.o.a.hc.client5.http.wire&amp#27;[0;39m - &amp#27;[32mhttp-outgoing-1 << "[\r][\n]"
&amp#27;[0;39m2023-05-08 13:19:02,133 [main] &amp#27;[39mDEBUG&amp#27;[0;39m &amp#27;[36mc.g.d.z.s.o.a.h.client5.http.headers&amp#27;[0;39m - &amp#27;[32mhttp-outgoing-1 << HTTP/1.1 200 OK
&amp#27;[0;39m2023-05-08 13:19:02,133 [main] &amp#27;[39mDEBUG&amp#27;[0;39m &amp#27;[36mc.g.d.z.s.o.a.h.client5.http.headers&amp#27;[0;39m - &amp#27;[32mhttp-outgoing-1 << Api-Version: 1.42
&amp#27;[0;39m2023-05-08 13:19:02,133 [main] &amp#27;[39mDEBUG&amp#27;[0;39m &amp#27;[36mc.g.d.z.s.o.a.h.client5.http.headers&amp#27;[0;39m - &amp#27;[32mhttp-outgoing-1 << Content-Type: application/json
&amp#27;[0;39m2023-05-08 13:19:02,133 [main] &amp#27;[39mDEBUG&amp#27;[0;39m &amp#27;[36mc.g.d.z.s.o.a.h.client5.http.headers&amp#27;[0;39m - &amp#27;[32mhttp-outgoing-1 << Docker-Experimental: false
&amp#27;[0;39m2023-05-08 13:19:02,133 [main] &amp#27;[39mDEBUG&amp#27;[0;39m &amp#27;[36mc.g.d.z.s.o.a.h.client5.http.headers&amp#27;[0;39m - &amp#27;[32mhttp-outgoing-1 << Ostype: linux
&amp#27;[0;39m2023-05-08 13:19:02,133 [main] &amp#27;[39mDEBUG&amp#27;[0;39m &amp#27;[36mc.g.d.z.s.o.a.h.client5.http.headers&amp#27;[0;39m - &amp#27;[32mhttp-outgoing-1 << Server: Docker/23.0.5 (linux)
&amp#27;[0;39m2023-05-08 13:19:02,133 [main] &amp#27;[39mDEBUG&amp#27;[0;39m &amp#27;[36mc.g.d.z.s.o.a.h.client5.http.headers&amp#27;[0;39m - &amp#27;[32mhttp-outgoing-1 << Date: Mon, 08 May 2023 11:19:02 GMT
&amp#27;[0;39m2023-05-08 13:19:02,133 [main] &amp#27;[39mDEBUG&amp#27;[0;39m &amp#27;[36mc.g.d.z.s.o.a.h.client5.http.headers&amp#27;[0;39m - &amp#27;[32mhttp-outgoing-1 << Transfer-Encoding: chunked
&amp#27;[0;39m2023-05-08 13:19:02,133 [main] &amp#27;[39mDEBUG&amp#27;[0;39m &amp#27;[36mc.g.d.z.s.o.a.h.c.h.i.c.MainClientExec&amp#27;[0;39m - &amp#27;[32mex-0000005E: connection can be kept alive for 3 MINUTES
&amp#27;[0;39m2023-05-08 13:19:02,134 [main] &amp#27;[39mDEBUG&amp#27;[0;39m &amp#27;[36mc.g.d.z.s.o.a.h.c.h.i.c.InternalHttpClient&amp#27;[0;39m - &amp#27;[32mep-0000005D: releasing valid endpoint
&amp#27;[0;39m2023-05-08 13:19:02,134 [main] &amp#27;[39mDEBUG&amp#27;[0;39m &amp#27;[36mc.g.d.z.s.o.a.h.c.h.i.i.PoolingHttpClientConnectionManager&amp#27;[0;39m - &amp#27;[32mep-0000005D: releasing endpoint
&amp#27;[0;39m2023-05-08 13:19:02,134 [main] &amp#27;[39mDEBUG&amp#27;[0;39m &amp#27;[36mc.g.d.z.s.o.a.h.c.h.i.i.PoolingHttpClientConnectionManager&amp#27;[0;39m - &amp#27;[32mep-0000005D: connection http-outgoing-1 can be kept alive for 3 MINUTES
&amp#27;[0;39m2023-05-08 13:19:02,134 [main] &amp#27;[39mDEBUG&amp#27;[0;39m &amp#27;[36mc.g.d.z.s.o.a.h.c.h.i.i.PoolingHttpClientConnectionManager&amp#27;[0;39m - &amp#27;[32mep-0000005D: connection released [route: {}->unix://localhost:2375][total available: 1; route allocated: 1 of 2147483647; total allocated: 1 of 2147483647]
&amp#27;[0;39m2023-05-08 13:19:02,134 [main] &amp#27;[39mDEBUG&amp#27;[0;39m &amp#27;[36mtc.mysql:8.0.0&amp#27;[0;39m - &amp#27;[32mTrying to create JDBC connection using com.mysql.cj.jdbc.Driver to jdbc:mysql://localhost:32782/test?useSSL=false&allowPublicKeyRetrieval=true with properties: {password=test, user=test}
&amp#27;[0;39m2023-05-08 13:19:02,236 [main] &amp#27;[39mDEBUG&amp#27;[0;39m &amp#27;[36mo.t.s.c.g.d.c.command.AbstrDockerCmd&amp#27;[0;39m - &amp#27;[32mCmd: 0739339bbc624082fb5e41f62f4a622236ffe4974bf12b2847105b726085e02b,false
&amp#27;[0;39m2023-05-08 13:19:02,237 [main] &amp#27;[39mDEBUG&amp#27;[0;39m &amp#27;[36mo.t.s.c.g.d.c.e.InspectContainerCmdExec&amp#27;[0;39m - &amp#27;[32mGET: DefaultWebTarget{path=[/containers/0739339bbc624082fb5e41f62f4a622236ffe4974bf12b2847105b726085e02b/json], queryParams={}}
&amp#27;[0;39m2023-05-08 13:19:02,237 [main] &amp#27;[39mDEBUG&amp#27;[0;39m &amp#27;[36mc.g.d.z.s.o.a.h.c.h.i.c.InternalHttpClient&amp#27;[0;39m - &amp#27;[32mex-0000005F: preparing request execution
&amp#27;[0;39m2023-05-08 13:19:02,237 [main] &amp#27;[39mDEBUG&amp#27;[0;39m &amp#27;[36mc.g.d.z.s.o.a.h.c.h.p.RequestAddCookies&amp#27;[0;39m - &amp#27;[32mCookie spec selected: strict
&amp#27;[0;39m2023-05-08 13:19:02,237 [main] &amp#27;[39mDEBUG&amp#27;[0;39m &amp#27;[36mc.g.d.z.s.o.a.h.c.h.p.RequestAuthCache&amp#27;[0;39m - &amp#27;[32mAuth cache not set in the context
&amp#27;[0;39m2023-05-08 13:19:02,237 [main] &amp#27;[39mDEBUG&amp#27;[0;39m &amp#27;[36mc.g.d.z.s.o.a.h.c.h.i.c.ProtocolExec&amp#27;[0;39m - &amp#27;[32mex-0000005F: target auth state: UNCHALLENGED
&amp#27;[0;39m2023-05-08 13:19:02,237 [main] &amp#27;[39mDEBUG&amp#27;[0;39m &amp#27;[36mc.g.d.z.s.o.a.h.c.h.i.c.ProtocolExec&amp#27;[0;39m - &amp#27;[32mex-0000005F: proxy auth state: UNCHALLENGED
&amp#27;[0;39m2023-05-08 13:19:02,237 [main] &amp#27;[39mDEBUG&amp#27;[0;39m &amp#27;[36mc.g.d.z.s.o.a.h.c.h.i.c.ConnectExec&amp#27;[0;39m - &amp#27;[32mex-0000005F: acquiring connection with route {}->unix://localhost:2375
&amp#27;[0;39m2023-05-08 13:19:02,237 [main] &amp#27;[39mDEBUG&amp#27;[0;39m &amp#27;[36mc.g.d.z.s.o.a.h.c.h.i.c.InternalHttpClient&amp#27;[0;39m - &amp#27;[32mex-0000005F: acquiring endpoint (3 MINUTES)
&amp#27;[0;39m2023-05-08 13:19:02,237 [main] &amp#27;[39mDEBUG&amp#27;[0;39m &amp#27;[36mc.g.d.z.s.o.a.h.c.h.i.i.PoolingHttpClientConnectionManager&amp#27;[0;39m - &amp#27;[32mex-0000005F: endpoint lease request (3 MINUTES) [route: {}->unix://localhost:2375][total available: 1; route allocated: 1 of 2147483647; total allocated: 1 of 2147483647]
&amp#27;[0;39m2023-05-08 13:19:02,237 [main] &amp#27;[39mDEBUG&amp#27;[0;39m &amp#27;[36mc.g.d.z.s.o.a.h.c.h.i.i.PoolingHttpClientConnectionManager&amp#27;[0;39m - &amp#27;[32mex-0000005F: endpoint leased [route: {}->unix://localhost:2375][total available: 0; route allocated: 1 of 2147483647; total allocated: 1 of 2147483647]
&amp#27;[0;39m2023-05-08 13:19:02,237 [main] &amp#27;[39mDEBUG&amp#27;[0;39m &amp#27;[36mc.g.d.z.s.o.a.h.c.h.i.i.PoolingHttpClientConnectionManager&amp#27;[0;39m - &amp#27;[32mex-0000005F: acquired ep-0000005E
&amp#27;[0;39m2023-05-08 13:19:02,237 [main] &amp#27;[39mDEBUG&amp#27;[0;39m &amp#27;[36mc.g.d.z.s.o.a.h.c.h.i.c.InternalHttpClient&amp#27;[0;39m - &amp#27;[32mex-0000005F: acquired endpoint ep-0000005E
&amp#27;[0;39m2023-05-08 13:19:02,237 [main] &amp#27;[39mDEBUG&amp#27;[0;39m &amp#27;[36mc.g.d.z.s.o.a.h.c.h.i.c.MainClientExec&amp#27;[0;39m - &amp#27;[32mex-0000005F: executing GET /v1.32/containers/0739339bbc624082fb5e41f62f4a622236ffe4974bf12b2847105b726085e02b/json HTTP/1.1
&amp#27;[0;39m2023-05-08 13:19:02,237 [main] &amp#27;[39mDEBUG&amp#27;[0;39m &amp#27;[36mc.g.d.z.s.o.a.h.c.h.i.c.InternalHttpClient&amp#27;[0;39m - &amp#27;[32mep-0000005E: start execution ex-0000005F
&amp#27;[0;39m2023-05-08 13:19:02,237 [main] &amp#27;[39mDEBUG&amp#27;[0;39m &amp#27;[36mc.g.d.z.s.o.a.h.c.h.i.i.PoolingHttpClientConnectionManager&amp#27;[0;39m - &amp#27;[32mep-0000005E: executing exchange ex-0000005F over http-outgoing-1
&amp#27;[0;39m2023-05-08 13:19:02,237 [main] &amp#27;[39mDEBUG&amp#27;[0;39m &amp#27;[36mc.g.d.z.s.o.a.h.client5.http.headers&amp#27;[0;39m - &amp#27;[32mhttp-outgoing-1 >> GET /v1.32/containers/0739339bbc624082fb5e41f62f4a622236ffe4974bf12b2847105b726085e02b/json HTTP/1.1
&amp#27;[0;39m2023-05-08 13:19:02,237 [main] &amp#27;[39mDEBUG&amp#27;[0;39m &amp#27;[36mc.g.d.z.s.o.a.h.client5.http.headers&amp#27;[0;39m - &amp#27;[32mhttp-outgoing-1 >> accept: application/json
&amp#27;[0;39m2023-05-08 13:19:02,237 [main] &amp#27;[39mDEBUG&amp#27;[0;39m &amp#27;[36mc.g.d.z.s.o.a.h.client5.http.headers&amp#27;[0;39m - &amp#27;[32mhttp-outgoing-1 >> x-tc-sid: f1b696c1-ec3f-4f95-afa8-081853be7ccb
&amp#27;[0;39m2023-05-08 13:19:02,237 [main] &amp#27;[39mDEBUG&amp#27;[0;39m &amp#27;[36mc.g.d.z.s.o.a.h.client5.http.headers&amp#27;[0;39m - &amp#27;[32mhttp-outgoing-1 >> Accept-Encoding: gzip, x-gzip, deflate
&amp#27;[0;39m2023-05-08 13:19:02,237 [main] &amp#27;[39mDEBUG&amp#27;[0;39m &amp#27;[36mc.g.d.z.s.o.a.h.client5.http.headers&amp#27;[0;39m - &amp#27;[32mhttp-outgoing-1 >> Host: localhost:2375
&amp#27;[0;39m2023-05-08 13:19:02,237 [main] &amp#27;[39mDEBUG&amp#27;[0;39m &amp#27;[36mc.g.d.z.s.o.a.h.client5.http.headers&amp#27;[0;39m - &amp#27;[32mhttp-outgoing-1 >> Connection: keep-alive
&amp#27;[0;39m2023-05-08 13:19:02,237 [main] &amp#27;[39mDEBUG&amp#27;[0;39m &amp#27;[36mc.g.d.z.s.o.a.h.client5.http.headers&amp#27;[0;39m - &amp#27;[32mhttp-outgoing-1 >> User-Agent: Apache-HttpClient/5.0.3 (Java/17.0.6)
&amp#27;[0;39m2023-05-08 13:19:02,237 [main] &amp#27;[39mDEBUG&amp#27;[0;39m &amp#27;[36mc.g.d.z.s.o.a.hc.client5.http.wire&amp#27;[0;39m - &amp#27;[32mhttp-outgoing-1 >> "GET /v1.32/containers/0739339bbc624082fb5e41f62f4a622236ffe4974bf12b2847105b726085e02b/json HTTP/1.1[\r][\n]"
&amp#27;[0;39m2023-05-08 13:19:02,237 [main] &amp#27;[39mDEBUG&amp#27;[0;39m &amp#27;[36mc.g.d.z.s.o.a.hc.client5.http.wire&amp#27;[0;39m - &amp#27;[32mhttp-outgoing-1 >> "accept: application/json[\r][\n]"
&amp#27;[0;39m2023-05-08 13:19:02,237 [main] &amp#27;[39mDEBUG&amp#27;[0;39m &amp#27;[36mc.g.d.z.s.o.a.hc.client5.http.wire&amp#27;[0;39m - &amp#27;[32mhttp-outgoing-1 >> "x-tc-sid: f1b696c1-ec3f-4f95-afa8-081853be7ccb[\r][\n]"
&amp#27;[0;39m2023-05-08 13:19:02,237 [main] &amp#27;[39mDEBUG&amp#27;[0;39m &amp#27;[36mc.g.d.z.s.o.a.hc.client5.http.wire&amp#27;[0;39m - &amp#27;[32mhttp-outgoing-1 >> "Accept-Encoding: gzip, x-gzip, deflate[\r][\n]"
&amp#27;[0;39m2023-05-08 13:19:02,237 [main] &amp#27;[39mDEBUG&amp#27;[0;39m &amp#27;[36mc.g.d.z.s.o.a.hc.client5.http.wire&amp#27;[0;39m - &amp#27;[32mhttp-outgoing-1 >> "Host: localhost:2375[\r][\n]"
&amp#27;[0;39m2023-05-08 13:19:02,237 [main] &amp#27;[39mDEBUG&amp#27;[0;39m &amp#27;[36mc.g.d.z.s.o.a.hc.client5.http.wire&amp#27;[0;39m - &amp#27;[32mhttp-outgoing-1 >> "Connection: keep-alive[\r][\n]"
&amp#27;[0;39m2023-05-08 13:19:02,237 [main] &amp#27;[39mDEBUG&amp#27;[0;39m &amp#27;[36mc.g.d.z.s.o.a.hc.client5.http.wire&amp#27;[0;39m - &amp#27;[32mhttp-outgoing-1 >> "User-Agent: Apache-HttpClient/5.0.3 (Java/17.0.6)[\r][\n]"
&amp#27;[0;39m2023-05-08 13:19:02,237 [main] &amp#27;[39mDEBUG&amp#27;[0;39m &amp#27;[36mc.g.d.z.s.o.a.hc.client5.http.wire&amp#27;[0;39m - &amp#27;[32mhttp-outgoing-1 >> "[\r][\n]"
&amp#27;[0;39m2023-05-08 13:19:02,238 [main] &amp#27;[39mDEBUG&amp#27;[0;39m &amp#27;[36mc.g.d.z.s.o.a.hc.client5.http.wire&amp#27;[0;39m - &amp#27;[32mhttp-outgoing-1 << "HTTP/1.1 200 OK[\r][\n]"
&amp#27;[0;39m2023-05-08 13:19:02,238 [main] &amp#27;[39mDEBUG&amp#27;[0;39m &amp#27;[36mc.g.d.z.s.o.a.hc.client5.http.wire&amp#27;[0;39m - &amp#27;[32mhttp-outgoing-1 << "Api-Version: 1.42[\r][\n]"
&amp#27;[0;39m2023-05-08 13:19:02,238 [main] &amp#27;[39mDEBUG&amp#27;[0;39m &amp#27;[36mc.g.d.z.s.o.a.hc.client5.http.wire&amp#27;[0;39m - &amp#27;[32mhttp-outgoing-1 << "Content-Type: application/json[\r][\n]"
&amp#27;[0;39m2023-05-08 13:19:02,238 [main] &amp#27;[39mDEBUG&amp#27;[0;39m &amp#27;[36mc.g.d.z.s.o.a.hc.client5.http.wire&amp#27;[0;39m - &amp#27;[32mhttp-outgoing-1 << "Docker-Experimental: false[\r][\n]"
&amp#27;[0;39m2023-05-08 13:19:02,238 [main] &amp#27;[39mDEBUG&amp#27;[0;39m &amp#27;[36mc.g.d.z.s.o.a.hc.client5.http.wire&amp#27;[0;39m - &amp#27;[32mhttp-outgoing-1 << "Ostype: linux[\r][\n]"
&amp#27;[0;39m2023-05-08 13:19:02,238 [main] &amp#27;[39mDEBUG&amp#27;[0;39m &amp#27;[36mc.g.d.z.s.o.a.hc.client5.http.wire&amp#27;[0;39m - &amp#27;[32mhttp-outgoing-1 << "Server: Docker/23.0.5 (linux)[\r][\n]"
&amp#27;[0;39m2023-05-08 13:19:02,238 [main] &amp#27;[39mDEBUG&amp#27;[0;39m &amp#27;[36mc.g.d.z.s.o.a.hc.client5.http.wire&amp#27;[0;39m - &amp#27;[32mhttp-outgoing-1 << "Date: Mon, 08 May 2023 11:19:02 GMT[\r][\n]"
&amp#27;[0;39m2023-05-08 13:19:02,238 [main] &amp#27;[39mDEBUG&amp#27;[0;39m &amp#27;[36mc.g.d.z.s.o.a.hc.client5.http.wire&amp#27;[0;39m - &amp#27;[32mhttp-outgoing-1 << "Transfer-Encoding: chunked[\r][\n]"
&amp#27;[0;39m2023-05-08 13:19:02,238 [main] &amp#27;[39mDEBUG&amp#27;[0;39m &amp#27;[36mc.g.d.z.s.o.a.hc.client5.http.wire&amp#27;[0;39m - &amp#27;[32mhttp-outgoing-1 << "[\r][\n]"
&amp#27;[0;39m2023-05-08 13:19:02,238 [main] &amp#27;[39mDEBUG&amp#27;[0;39m &amp#27;[36mc.g.d.z.s.o.a.hc.client5.http.wire&amp#27;[0;39m - &amp#27;[32mhttp-outgoing-1 << "1893[\r][\n]"
&amp#27;[0;39m2023-05-08 13:19:02,238 [main] &amp#27;[39mDEBUG&amp#27;[0;39m &amp#27;[36mc.g.d.z.s.o.a.hc.client5.http.wire&amp#27;[0;39m - &amp#27;[32mhttp-outgoing-1 << "{"Id":"0739339bbc624082fb5e41f62f4a622236ffe4974bf12b2847105b726085e02b","Created":"2023-05-08T11:19:01.771856188Z","Path":"docker-entrypoint.sh","Args":["mysqld"],"State":{"Status":"running","Running":true,"Paused":false,"Restarting":false,"OOMKilled":false,"Dead":false,"Pid":59514,"ExitCode":0,"Error":"","StartedAt":"2023-05-08T11:19:02.113674386Z","FinishedAt":"0001-01-01T00:00:00Z"},"Image":"sha256:228d71078f8ce5ae9fd96b183f88c3a90e30544b4b7ce9d64a238d05fef2a681","ResolvConfPath":"/var/lib/docker/containers/0739339bbc624082fb5e41f62f4a622236ffe4974bf12b2847105b726085e02b/resolv.conf","HostnamePath":"/var/lib/docker/containers/0739339bbc624082fb5e41f62f4a622236ffe4974bf12b2847105b726085e02b/hostname","HostsPath":"/var/lib/docker/containers/0739339bbc624082fb5e41f62f4a622236ffe4974bf12b2847105b726085e02b/hosts","LogPath":"/var/lib/docker/containers/0739339bbc624082fb5e41f62f4a622236ffe4974bf12b2847105b726085e02b/0739339bbc624082fb5e41f62f4a622236ffe4974bf12b2847105b726085e02b-json.log","Name":"/intelligent_galileo","RestartCount":0,"Driver":"overlay2","Platform":"linux","MountLabel":"","ProcessLabel":"","AppArmorProfile":"docker-default","ExecIDs":null,"HostConfig":{"Binds":[],"ContainerIDFile":"","LogConfig":{"Type":"json-file","Config":{}},"NetworkMode":"default","PortBindings":{"3306/tcp":[{"HostIp":"","HostPort":""}]},"RestartPolicy":{"Name":"","MaximumRetryCount":0},"AutoRemove":false,"VolumeDriver":"","VolumesFrom":[],"ConsoleSize":[0,0],"CapAdd":null,"CapDrop":null,"CgroupnsMode":"private","Dns":null,"DnsOptions":null,"DnsSearch":null,"ExtraHosts":[],"GroupAdd":null,"IpcMode":"shareable","Cgroup":"","Links":null,"OomScoreAdj":0,"PidMode":"","Privileged":false,"PublishAllPorts":false,"ReadonlyRootfs":false,"SecurityOpt":null,"UTSMode":"","UsernsMode":"","ShmSize":67108864,"Runtime":"runc","Isolation":"","CpuShares":0,"Memory":0,"NanoCpus":0,"CgroupParent":"","BlkioWeight":0,"BlkioWeightDevice":null,"BlkioDeviceReadBps":null,"BlkioDeviceWriteBps":null,"BlkioDeviceReadIOps":null,"BlkioDeviceWriteIOps":null,"CpuPeriod":0,"CpuQuota":0,"CpuRealtimePeriod":0,"CpuRealtimeRuntime":0,"CpusetCpus":"","CpusetMems":"","Devices":null,"DeviceCgroupRules":null,"DeviceRequests":null,"MemoryReservation":0,"MemorySwap":0,"MemorySwappiness":null,"OomKillDisable":null,"PidsLimit":null,"Ulimits":null,"CpuCount":0,"CpuPercent":0,"IOMaximumIOps":0,"IOMaximumBandwidth":0,"MaskedPaths":["/proc/asound","/proc/acpi","/proc/kcore","/proc/keys","/proc/latency_stats","/proc/timer_list","/proc/timer_stats","/proc/sched_debug","/proc/scsi","/sys/firmware"],"ReadonlyPaths":["/proc/bus","/proc/fs","/proc/irq","/proc/sys","/proc/sysrq-trigger"]},"GraphDriver":{"Data":{"LowerDir":"/var/lib/docker/overlay2/b481eee7843c17772ada1734203524b4de76785735a50d4c68703d497db0e4ed-init/diff:/var/lib/docker/overlay2/4c6e20f032f02b27a9272f982861dc21998197aa90d94ed3bef95d449380247c/diff:/var/lib/docker/overlay2/0c75f828f603eff839bb3ca448163ab2a8017e86625ac255cd3dbf1673ddac26/diff:/var/lib/docker/overlay2/da128d897fda75829109844ce6cd9d73d0f54c682e735100af000ce899908729/diff:/var/lib/docker/overlay2/b678a1f261bf323afba6d76d91ab7428bdd6e1ef4a39b5224e4a1afd08c0423a/diff:/var/lib/docker/overlay2/1bec43b14875c5f9f814f146e8e31aa78566689c2c163da2ac60a32254988437/diff:/var/lib/docker/overlay2/28f4b1e6e1a7a2dbe30f1f94fb42bccd85a61faf8af1fe30a5bb0d442c525e41/diff:/var/lib/docker/overlay2/0f493124464c291d7c97d2633d5dff04b1dce5de904cb40a34dfbe7fe72e3fd4/diff:/var/lib/docker/overlay2/05befbee9e38cd670e1786b3310e99796dcc06abbed970007b4109a5424843fa/diff:/var/lib/docker/overlay2/582bcca9acfc4eef25109e1e1b9c9d104f355798455bc73e855c99283887a6e8/diff:/var/lib/docker/overlay2/153b3bf0b69e97e8f0e5533414a31ca33fa530e63d174c9617621abe46e7e9d1/diff:/var/lib/docker/overlay2/bf87a76c0a38875ee6e915fd0d2527eafa880ec6bf2c1cb294959428c18d10bd/diff","MergedDir":"/var/lib/docker/overlay2/b481eee7843c17772ada1734203524b4de76785735a50d4c68703d497db0e4ed/merged","UpperDir":"/var/lib/docker/overlay2/b481eee7843c17772ada1734203524b4de76785735a50d4c68703d497db0e4ed/diff","WorkDir":"/var/lib/docker/overlay2/b481eee7843c17772ada1734203524b4de76785735a50d4c68703d497db0e4ed/work"},"Name":"overlay2"},"Mounts":[{"Type":"volume","Name":"ec40278114b76af7b6535b952e685e04a98a51fa16363f5e9f0df1ce601f1dd5","Source":"/var/lib/docker/volumes/ec40278114b76af7b6535b952e685e04a98a51fa16363f5e9f0df1ce601f1dd5/_data","Destination":"/var/lib/mysql","Driver":"local","Mode":"","RW":true,"Propagation":""}],"Config":{"Hostname":"0739339bbc62","Domainname":"","User":"","AttachStdin":false,"AttachStdout":false,"AttachStderr":false,"ExposedPorts":{"3306/tcp":{}},"Tty":false,"OpenStdin":false,"StdinOnce":false,"Env":["MYSQL_DATABASE=test","MYSQL_PASSWORD=test","MYSQL_USER=test","MYSQL_ROOT_PASSWORD=test","PATH=/usr/local/sbin:/usr/local/bin:/usr/sbin:/usr/bin:/sbin:/bin","GOSU_VERSION=1.7","MYSQL_MAJOR=8.0","MYSQL_VERSION=8.0.0-dmr-1debian8"],"Cmd":["mysqld"],"Image":"mysql:8.0.0","Volumes":{"/var/lib/mysql":{}},"WorkingDir":"","Entrypoint":["docker-entrypoint.sh"],"OnBuild":null,"Labels":{"org.testcontainers":"true","org.testcontainers.lang":"java","org.testcontainers.sessionId":"f1b696c1-ec3f-4f95-afa8-081853be7ccb","org.testcontainers.version":"1.18.0"}},"NetworkSettings":{"Bridge":"","SandboxID":"d265e68e2afe307f1ab03fab083f2c0477cba31e9f26759f52b94e045d1847fb","HairpinMode":false,"LinkLocalIPv6Address":"","LinkLocalIPv6PrefixLen":0,"Ports":{"3306/tcp":[{"HostIp":"0.0.0.0","HostPort":"32782"},{"HostIp":"::","HostPort":"32782"}]},"SandboxKey":"/var/run/docker/netns/d265e68e2afe","SecondaryIPAddresses":null,"SecondaryIPv6Addresses":null,"EndpointID":"97b4c81a7665dcad3863174204db678dde492e2a2b2f11f6ef1c683b5d76146b","Gateway":"172.17.0.1","GlobalIPv6Address":"","GlobalIPv6PrefixLen":0,"IPAddress":"172.17.0.3","IPPrefixLen":16,"IPv6Gateway":"","MacAddress":"02:42:ac:11:00:03","Networks":{"bridge":{"IPAMConfig":null,"Links":null,"Aliases":null,"NetworkID":"e1a078e12eb8d77b497ed932f7fb43787eeb6ff6972febd7d03c9282b8b5cd45","EndpointID":"97b4c81a7665dcad3863174204db678dde492e2a2b2f11f6ef1c683b5d76146b","Gateway":"172.17.0.1","IPAddress":"172.17.0.3","IPPrefixLen":16,"IPv6Gateway":"","GlobalIPv6Address":"","GlobalIPv6PrefixLen":0,"MacAddress":"02:42:ac:11:00:03","DriverOpts":null}}}}[\n]"
&amp#27;[0;39m2023-05-08 13:19:02,238 [main] &amp#27;[39mDEBUG&amp#27;[0;39m &amp#27;[36mc.g.d.z.s.o.a.hc.client5.http.wire&amp#27;[0;39m - &amp#27;[32mhttp-outgoing-1 << "[\r][\n]"
&amp#27;[0;39m2023-05-08 13:19:02,238 [main] &amp#27;[39mDEBUG&amp#27;[0;39m &amp#27;[36mc.g.d.z.s.o.a.hc.client5.http.wire&amp#27;[0;39m - &amp#27;[32mhttp-outgoing-1 << "0[\r][\n]"
&amp#27;[0;39m2023-05-08 13:19:02,238 [main] &amp#27;[39mDEBUG&amp#27;[0;39m &amp#27;[36mc.g.d.z.s.o.a.hc.client5.http.wire&amp#27;[0;39m - &amp#27;[32mhttp-outgoing-1 << "[\r][\n]"
&amp#27;[0;39m2023-05-08 13:19:02,238 [main] &amp#27;[39mDEBUG&amp#27;[0;39m &amp#27;[36mc.g.d.z.s.o.a.h.client5.http.headers&amp#27;[0;39m - &amp#27;[32mhttp-outgoing-1 << HTTP/1.1 200 OK
&amp#27;[0;39m2023-05-08 13:19:02,238 [main] &amp#27;[39mDEBUG&amp#27;[0;39m &amp#27;[36mc.g.d.z.s.o.a.h.client5.http.headers&amp#27;[0;39m - &amp#27;[32mhttp-outgoing-1 << Api-Version: 1.42
&amp#27;[0;39m2023-05-08 13:19:02,238 [main] &amp#27;[39mDEBUG&amp#27;[0;39m &amp#27;[36mc.g.d.z.s.o.a.h.client5.http.headers&amp#27;[0;39m - &amp#27;[32mhttp-outgoing-1 << Content-Type: application/json
&amp#27;[0;39m2023-05-08 13:19:02,238 [main] &amp#27;[39mDEBUG&amp#27;[0;39m &amp#27;[36mc.g.d.z.s.o.a.h.client5.http.headers&amp#27;[0;39m - &amp#27;[32mhttp-outgoing-1 << Docker-Experimental: false
&amp#27;[0;39m2023-05-08 13:19:02,238 [main] &amp#27;[39mDEBUG&amp#27;[0;39m &amp#27;[36mc.g.d.z.s.o.a.h.client5.http.headers&amp#27;[0;39m - &amp#27;[32mhttp-outgoing-1 << Ostype: linux
&amp#27;[0;39m2023-05-08 13:19:02,238 [main] &amp#27;[39mDEBUG&amp#27;[0;39m &amp#27;[36mc.g.d.z.s.o.a.h.client5.http.headers&amp#27;[0;39m - &amp#27;[32mhttp-outgoing-1 << Server: Docker/23.0.5 (linux)
&amp#27;[0;39m2023-05-08 13:19:02,238 [main] &amp#27;[39mDEBUG&amp#27;[0;39m &amp#27;[36mc.g.d.z.s.o.a.h.client5.http.headers&amp#27;[0;39m - &amp#27;[32mhttp-outgoing-1 << Date: Mon, 08 May 2023 11:19:02 GMT
&amp#27;[0;39m2023-05-08 13:19:02,238 [main] &amp#27;[39mDEBUG&amp#27;[0;39m &amp#27;[36mc.g.d.z.s.o.a.h.client5.http.headers&amp#27;[0;39m - &amp#27;[32mhttp-outgoing-1 << Transfer-Encoding: chunked
&amp#27;[0;39m2023-05-08 13:19:02,238 [main] &amp#27;[39mDEBUG&amp#27;[0;39m &amp#27;[36mc.g.d.z.s.o.a.h.c.h.i.c.MainClientExec&amp#27;[0;39m - &amp#27;[32mex-0000005F: connection can be kept alive for 3 MINUTES
&amp#27;[0;39m2023-05-08 13:19:02,239 [main] &amp#27;[39mDEBUG&amp#27;[0;39m &amp#27;[36mc.g.d.z.s.o.a.h.c.h.i.c.InternalHttpClient&amp#27;[0;39m - &amp#27;[32mep-0000005E: releasing valid endpoint
&amp#27;[0;39m2023-05-08 13:19:02,239 [main] &amp#27;[39mDEBUG&amp#27;[0;39m &amp#27;[36mc.g.d.z.s.o.a.h.c.h.i.i.PoolingHttpClientConnectionManager&amp#27;[0;39m - &amp#27;[32mep-0000005E: releasing endpoint
&amp#27;[0;39m2023-05-08 13:19:02,239 [main] &amp#27;[39mDEBUG&amp#27;[0;39m &amp#27;[36mc.g.d.z.s.o.a.h.c.h.i.i.PoolingHttpClientConnectionManager&amp#27;[0;39m - &amp#27;[32mep-0000005E: connection http-outgoing-1 can be kept alive for 3 MINUTES
&amp#27;[0;39m2023-05-08 13:19:02,239 [main] &amp#27;[39mDEBUG&amp#27;[0;39m &amp#27;[36mc.g.d.z.s.o.a.h.c.h.i.i.PoolingHttpClientConnectionManager&amp#27;[0;39m - &amp#27;[32mep-0000005E: connection released [route: {}->unix://localhost:2375][total available: 1; route allocated: 1 of 2147483647; total allocated: 1 of 2147483647]
&amp#27;[0;39m2023-05-08 13:19:02,239 [main] &amp#27;[39mDEBUG&amp#27;[0;39m &amp#27;[36mtc.mysql:8.0.0&amp#27;[0;39m - &amp#27;[32mTrying to create JDBC connection using com.mysql.cj.jdbc.Driver to jdbc:mysql://localhost:32782/test?useSSL=false&allowPublicKeyRetrieval=true with properties: {password=test, user=test}
&amp#27;[0;39m2023-05-08 13:19:02,340 [main] &amp#27;[39mDEBUG&amp#27;[0;39m &amp#27;[36mo.t.s.c.g.d.c.command.AbstrDockerCmd&amp#27;[0;39m - &amp#27;[32mCmd: 0739339bbc624082fb5e41f62f4a622236ffe4974bf12b2847105b726085e02b,false
&amp#27;[0;39m2023-05-08 13:19:02,340 [main] &amp#27;[39mDEBUG&amp#27;[0;39m &amp#27;[36mo.t.s.c.g.d.c.e.InspectContainerCmdExec&amp#27;[0;39m - &amp#27;[32mGET: DefaultWebTarget{path=[/containers/0739339bbc624082fb5e41f62f4a622236ffe4974bf12b2847105b726085e02b/json], queryParams={}}
&amp#27;[0;39m2023-05-08 13:19:02,341 [main] &amp#27;[39mDEBUG&amp#27;[0;39m &amp#27;[36mc.g.d.z.s.o.a.h.c.h.i.c.InternalHttpClient&amp#27;[0;39m - &amp#27;[32mex-00000060: preparing request execution
&amp#27;[0;39m2023-05-08 13:19:02,341 [main] &amp#27;[39mDEBUG&amp#27;[0;39m &amp#27;[36mc.g.d.z.s.o.a.h.c.h.p.RequestAddCookies&amp#27;[0;39m - &amp#27;[32mCookie spec selected: strict
&amp#27;[0;39m2023-05-08 13:19:02,341 [main] &amp#27;[39mDEBUG&amp#27;[0;39m &amp#27;[36mc.g.d.z.s.o.a.h.c.h.p.RequestAuthCache&amp#27;[0;39m - &amp#27;[32mAuth cache not set in the context
&amp#27;[0;39m2023-05-08 13:19:02,341 [main] &amp#27;[39mDEBUG&amp#27;[0;39m &amp#27;[36mc.g.d.z.s.o.a.h.c.h.i.c.ProtocolExec&amp#27;[0;39m - &amp#27;[32mex-00000060: target auth state: UNCHALLENGED
&amp#27;[0;39m2023-05-08 13:19:02,341 [main] &amp#27;[39mDEBUG&amp#27;[0;39m &amp#27;[36mc.g.d.z.s.o.a.h.c.h.i.c.ProtocolExec&amp#27;[0;39m - &amp#27;[32mex-00000060: proxy auth state: UNCHALLENGED
&amp#27;[0;39m2023-05-08 13:19:02,341 [main] &amp#27;[39mDEBUG&amp#27;[0;39m &amp#27;[36mc.g.d.z.s.o.a.h.c.h.i.c.ConnectExec&amp#27;[0;39m - &amp#27;[32mex-00000060: acquiring connection with route {}->unix://localhost:2375
&amp#27;[0;39m2023-05-08 13:19:02,341 [main] &amp#27;[39mDEBUG&amp#27;[0;39m &amp#27;[36mc.g.d.z.s.o.a.h.c.h.i.c.InternalHttpClient&amp#27;[0;39m - &amp#27;[32mex-00000060: acquiring endpoint (3 MINUTES)
&amp#27;[0;39m2023-05-08 13:19:02,341 [main] &amp#27;[39mDEBUG&amp#27;[0;39m &amp#27;[36mc.g.d.z.s.o.a.h.c.h.i.i.PoolingHttpClientConnectionManager&amp#27;[0;39m - &amp#27;[32mex-00000060: endpoint lease request (3 MINUTES) [route: {}->unix://localhost:2375][total available: 1; route allocated: 1 of 2147483647; total allocated: 1 of 2147483647]
&amp#27;[0;39m2023-05-08 13:19:02,341 [main] &amp#27;[39mDEBUG&amp#27;[0;39m &amp#27;[36mc.g.d.z.s.o.a.h.c.h.i.i.PoolingHttpClientConnectionManager&amp#27;[0;39m - &amp#27;[32mex-00000060: endpoint leased [route: {}->unix://localhost:2375][total available: 0; route allocated: 1 of 2147483647; total allocated: 1 of 2147483647]
&amp#27;[0;39m2023-05-08 13:19:02,341 [main] &amp#27;[39mDEBUG&amp#27;[0;39m &amp#27;[36mc.g.d.z.s.o.a.h.c.h.i.i.PoolingHttpClientConnectionManager&amp#27;[0;39m - &amp#27;[32mex-00000060: acquired ep-0000005F
&amp#27;[0;39m2023-05-08 13:19:02,341 [main] &amp#27;[39mDEBUG&amp#27;[0;39m &amp#27;[36mc.g.d.z.s.o.a.h.c.h.i.c.InternalHttpClient&amp#27;[0;39m - &amp#27;[32mex-00000060: acquired endpoint ep-0000005F
&amp#27;[0;39m2023-05-08 13:19:02,341 [main] &amp#27;[39mDEBUG&amp#27;[0;39m &amp#27;[36mc.g.d.z.s.o.a.h.c.h.i.c.MainClientExec&amp#27;[0;39m - &amp#27;[32mex-00000060: executing GET /v1.32/containers/0739339bbc624082fb5e41f62f4a622236ffe4974bf12b2847105b726085e02b/json HTTP/1.1
&amp#27;[0;39m2023-05-08 13:19:02,341 [main] &amp#27;[39mDEBUG&amp#27;[0;39m &amp#27;[36mc.g.d.z.s.o.a.h.c.h.i.c.InternalHttpClient&amp#27;[0;39m - &amp#27;[32mep-0000005F: start execution ex-00000060
&amp#27;[0;39m2023-05-08 13:19:02,341 [main] &amp#27;[39mDEBUG&amp#27;[0;39m &amp#27;[36mc.g.d.z.s.o.a.h.c.h.i.i.PoolingHttpClientConnectionManager&amp#27;[0;39m - &amp#27;[32mep-0000005F: executing exchange ex-00000060 over http-outgoing-1
&amp#27;[0;39m2023-05-08 13:19:02,341 [main] &amp#27;[39mDEBUG&amp#27;[0;39m &amp#27;[36mc.g.d.z.s.o.a.h.client5.http.headers&amp#27;[0;39m - &amp#27;[32mhttp-outgoing-1 >> GET /v1.32/containers/0739339bbc624082fb5e41f62f4a622236ffe4974bf12b2847105b726085e02b/json HTTP/1.1
&amp#27;[0;39m2023-05-08 13:19:02,341 [main] &amp#27;[39mDEBUG&amp#27;[0;39m &amp#27;[36mc.g.d.z.s.o.a.h.client5.http.headers&amp#27;[0;39m - &amp#27;[32mhttp-outgoing-1 >> accept: application/json
&amp#27;[0;39m2023-05-08 13:19:02,341 [main] &amp#27;[39mDEBUG&amp#27;[0;39m &amp#27;[36mc.g.d.z.s.o.a.h.client5.http.headers&amp#27;[0;39m - &amp#27;[32mhttp-outgoing-1 >> x-tc-sid: f1b696c1-ec3f-4f95-afa8-081853be7ccb
&amp#27;[0;39m2023-05-08 13:19:02,341 [main] &amp#27;[39mDEBUG&amp#27;[0;39m &amp#27;[36mc.g.d.z.s.o.a.h.client5.http.headers&amp#27;[0;39m - &amp#27;[32mhttp-outgoing-1 >> Accept-Encoding: gzip, x-gzip, deflate
&amp#27;[0;39m2023-05-08 13:19:02,341 [main] &amp#27;[39mDEBUG&amp#27;[0;39m &amp#27;[36mc.g.d.z.s.o.a.h.client5.http.headers&amp#27;[0;39m - &amp#27;[32mhttp-outgoing-1 >> Host: localhost:2375
&amp#27;[0;39m2023-05-08 13:19:02,341 [main] &amp#27;[39mDEBUG&amp#27;[0;39m &amp#27;[36mc.g.d.z.s.o.a.h.client5.http.headers&amp#27;[0;39m - &amp#27;[32mhttp-outgoing-1 >> Connection: keep-alive
&amp#27;[0;39m2023-05-08 13:19:02,341 [main] &amp#27;[39mDEBUG&amp#27;[0;39m &amp#27;[36mc.g.d.z.s.o.a.h.client5.http.headers&amp#27;[0;39m - &amp#27;[32mhttp-outgoing-1 >> User-Agent: Apache-HttpClient/5.0.3 (Java/17.0.6)
&amp#27;[0;39m2023-05-08 13:19:02,341 [main] &amp#27;[39mDEBUG&amp#27;[0;39m &amp#27;[36mc.g.d.z.s.o.a.hc.client5.http.wire&amp#27;[0;39m - &amp#27;[32mhttp-outgoing-1 >> "GET /v1.32/containers/0739339bbc624082fb5e41f62f4a622236ffe4974bf12b2847105b726085e02b/json HTTP/1.1[\r][\n]"
&amp#27;[0;39m2023-05-08 13:19:02,341 [main] &amp#27;[39mDEBUG&amp#27;[0;39m &amp#27;[36mc.g.d.z.s.o.a.hc.client5.http.wire&amp#27;[0;39m - &amp#27;[32mhttp-outgoing-1 >> "accept: application/json[\r][\n]"
&amp#27;[0;39m2023-05-08 13:19:02,341 [main] &amp#27;[39mDEBUG&amp#27;[0;39m &amp#27;[36mc.g.d.z.s.o.a.hc.client5.http.wire&amp#27;[0;39m - &amp#27;[32mhttp-outgoing-1 >> "x-tc-sid: f1b696c1-ec3f-4f95-afa8-081853be7ccb[\r][\n]"
&amp#27;[0;39m2023-05-08 13:19:02,341 [main] &amp#27;[39mDEBUG&amp#27;[0;39m &amp#27;[36mc.g.d.z.s.o.a.hc.client5.http.wire&amp#27;[0;39m - &amp#27;[32mhttp-outgoing-1 >> "Accept-Encoding: gzip, x-gzip, deflate[\r][\n]"
&amp#27;[0;39m2023-05-08 13:19:02,341 [main] &amp#27;[39mDEBUG&amp#27;[0;39m &amp#27;[36mc.g.d.z.s.o.a.hc.client5.http.wire&amp#27;[0;39m - &amp#27;[32mhttp-outgoing-1 >> "Host: localhost:2375[\r][\n]"
&amp#27;[0;39m2023-05-08 13:19:02,341 [main] &amp#27;[39mDEBUG&amp#27;[0;39m &amp#27;[36mc.g.d.z.s.o.a.hc.client5.http.wire&amp#27;[0;39m - &amp#27;[32mhttp-outgoing-1 >> "Connection: keep-alive[\r][\n]"
&amp#27;[0;39m2023-05-08 13:19:02,341 [main] &amp#27;[39mDEBUG&amp#27;[0;39m &amp#27;[36mc.g.d.z.s.o.a.hc.client5.http.wire&amp#27;[0;39m - &amp#27;[32mhttp-outgoing-1 >> "User-Agent: Apache-HttpClient/5.0.3 (Java/17.0.6)[\r][\n]"
&amp#27;[0;39m2023-05-08 13:19:02,341 [main] &amp#27;[39mDEBUG&amp#27;[0;39m &amp#27;[36mc.g.d.z.s.o.a.hc.client5.http.wire&amp#27;[0;39m - &amp#27;[32mhttp-outgoing-1 >> "[\r][\n]"
&amp#27;[0;39m2023-05-08 13:19:02,342 [main] &amp#27;[39mDEBUG&amp#27;[0;39m &amp#27;[36mc.g.d.z.s.o.a.hc.client5.http.wire&amp#27;[0;39m - &amp#27;[32mhttp-outgoing-1 << "HTTP/1.1 200 OK[\r][\n]"
&amp#27;[0;39m2023-05-08 13:19:02,342 [main] &amp#27;[39mDEBUG&amp#27;[0;39m &amp#27;[36mc.g.d.z.s.o.a.hc.client5.http.wire&amp#27;[0;39m - &amp#27;[32mhttp-outgoing-1 << "Api-Version: 1.42[\r][\n]"
&amp#27;[0;39m2023-05-08 13:19:02,342 [main] &amp#27;[39mDEBUG&amp#27;[0;39m &amp#27;[36mc.g.d.z.s.o.a.hc.client5.http.wire&amp#27;[0;39m - &amp#27;[32mhttp-outgoing-1 << "Content-Type: application/json[\r][\n]"
&amp#27;[0;39m2023-05-08 13:19:02,342 [main] &amp#27;[39mDEBUG&amp#27;[0;39m &amp#27;[36mc.g.d.z.s.o.a.hc.client5.http.wire&amp#27;[0;39m - &amp#27;[32mhttp-outgoing-1 << "Docker-Experimental: false[\r][\n]"
&amp#27;[0;39m2023-05-08 13:19:02,342 [main] &amp#27;[39mDEBUG&amp#27;[0;39m &amp#27;[36mc.g.d.z.s.o.a.hc.client5.http.wire&amp#27;[0;39m - &amp#27;[32mhttp-outgoing-1 << "Ostype: linux[\r][\n]"
&amp#27;[0;39m2023-05-08 13:19:02,342 [main] &amp#27;[39mDEBUG&amp#27;[0;39m &amp#27;[36mc.g.d.z.s.o.a.hc.client5.http.wire&amp#27;[0;39m - &amp#27;[32mhttp-outgoing-1 << "Server: Docker/23.0.5 (linux)[\r][\n]"
&amp#27;[0;39m2023-05-08 13:19:02,342 [main] &amp#27;[39mDEBUG&amp#27;[0;39m &amp#27;[36mc.g.d.z.s.o.a.hc.client5.http.wire&amp#27;[0;39m - &amp#27;[32mhttp-outgoing-1 << "Date: Mon, 08 May 2023 11:19:02 GMT[\r][\n]"
&amp#27;[0;39m2023-05-08 13:19:02,342 [main] &amp#27;[39mDEBUG&amp#27;[0;39m &amp#27;[36mc.g.d.z.s.o.a.hc.client5.http.wire&amp#27;[0;39m - &amp#27;[32mhttp-outgoing-1 << "Transfer-Encoding: chunked[\r][\n]"
&amp#27;[0;39m2023-05-08 13:19:02,342 [main] &amp#27;[39mDEBUG&amp#27;[0;39m &amp#27;[36mc.g.d.z.s.o.a.hc.client5.http.wire&amp#27;[0;39m - &amp#27;[32mhttp-outgoing-1 << "[\r][\n]"
&amp#27;[0;39m2023-05-08 13:19:02,342 [main] &amp#27;[39mDEBUG&amp#27;[0;39m &amp#27;[36mc.g.d.z.s.o.a.hc.client5.http.wire&amp#27;[0;39m - &amp#27;[32mhttp-outgoing-1 << "1893[\r][\n]"
&amp#27;[0;39m2023-05-08 13:19:02,342 [main] &amp#27;[39mDEBUG&amp#27;[0;39m &amp#27;[36mc.g.d.z.s.o.a.hc.client5.http.wire&amp#27;[0;39m - &amp#27;[32mhttp-outgoing-1 << "{"Id":"0739339bbc624082fb5e41f62f4a622236ffe4974bf12b2847105b726085e02b","Created":"2023-05-08T11:19:01.771856188Z","Path":"docker-entrypoint.sh","Args":["mysqld"],"State":{"Status":"running","Running":true,"Paused":false,"Restarting":false,"OOMKilled":false,"Dead":false,"Pid":59514,"ExitCode":0,"Error":"","StartedAt":"2023-05-08T11:19:02.113674386Z","FinishedAt":"0001-01-01T00:00:00Z"},"Image":"sha256:228d71078f8ce5ae9fd96b183f88c3a90e30544b4b7ce9d64a238d05fef2a681","ResolvConfPath":"/var/lib/docker/containers/0739339bbc624082fb5e41f62f4a622236ffe4974bf12b2847105b726085e02b/resolv.conf","HostnamePath":"/var/lib/docker/containers/0739339bbc624082fb5e41f62f4a622236ffe4974bf12b2847105b726085e02b/hostname","HostsPath":"/var/lib/docker/containers/0739339bbc624082fb5e41f62f4a622236ffe4974bf12b2847105b726085e02b/hosts","LogPath":"/var/lib/docker/containers/0739339bbc624082fb5e41f62f4a622236ffe4974bf12b2847105b726085e02b/0739339bbc624082fb5e41f62f4a622236ffe4974bf12b2847105b726085e02b-json.log","Name":"/intelligent_galileo","RestartCount":0,"Driver":"overlay2","Platform":"linux","MountLabel":"","ProcessLabel":"","AppArmorProfile":"docker-default","ExecIDs":null,"HostConfig":{"Binds":[],"ContainerIDFile":"","LogConfig":{"Type":"json-file","Config":{}},"NetworkMode":"default","PortBindings":{"3306/tcp":[{"HostIp":"","HostPort":""}]},"RestartPolicy":{"Name":"","MaximumRetryCount":0},"AutoRemove":false,"VolumeDriver":"","VolumesFrom":[],"ConsoleSize":[0,0],"CapAdd":null,"CapDrop":null,"CgroupnsMode":"private","Dns":null,"DnsOptions":null,"DnsSearch":null,"ExtraHosts":[],"GroupAdd":null,"IpcMode":"shareable","Cgroup":"","Links":null,"OomScoreAdj":0,"PidMode":"","Privileged":false,"PublishAllPorts":false,"ReadonlyRootfs":false,"SecurityOpt":null,"UTSMode":"","UsernsMode":"","ShmSize":67108864,"Runtime":"runc","Isolation":"","CpuShares":0,"Memory":0,"NanoCpus":0,"CgroupParent":"","BlkioWeight":0,"BlkioWeightDevice":null,"BlkioDeviceReadBps":null,"BlkioDeviceWriteBps":null,"BlkioDeviceReadIOps":null,"BlkioDeviceWriteIOps":null,"CpuPeriod":0,"CpuQuota":0,"CpuRealtimePeriod":0,"CpuRealtimeRuntime":0,"CpusetCpus":"","CpusetMems":"","Devices":null,"DeviceCgroupRules":null,"DeviceRequests":null,"MemoryReservation":0,"MemorySwap":0,"MemorySwappiness":null,"OomKillDisable":null,"PidsLimit":null,"Ulimits":null,"CpuCount":0,"CpuPercent":0,"IOMaximumIOps":0,"IOMaximumBandwidth":0,"MaskedPaths":["/proc/asound","/proc/acpi","/proc/kcore","/proc/keys","/proc/latency_stats","/proc/timer_list","/proc/timer_stats","/proc/sched_debug","/proc/scsi","/sys/firmware"],"ReadonlyPaths":["/proc/bus","/proc/fs","/proc/irq","/proc/sys","/proc/sysrq-trigger"]},"GraphDriver":{"Data":{"LowerDir":"/var/lib/docker/overlay2/b481eee7843c17772ada1734203524b4de76785735a50d4c68703d497db0e4ed-init/diff:/var/lib/docker/overlay2/4c6e20f032f02b27a9272f982861dc21998197aa90d94ed3bef95d449380247c/diff:/var/lib/docker/overlay2/0c75f828f603eff839bb3ca448163ab2a8017e86625ac255cd3dbf1673ddac26/diff:/var/lib/docker/overlay2/da128d897fda75829109844ce6cd9d73d0f54c682e735100af000ce899908729/diff:/var/lib/docker/overlay2/b678a1f261bf323afba6d76d91ab7428bdd6e1ef4a39b5224e4a1afd08c0423a/diff:/var/lib/docker/overlay2/1bec43b14875c5f9f814f146e8e31aa78566689c2c163da2ac60a32254988437/diff:/var/lib/docker/overlay2/28f4b1e6e1a7a2dbe30f1f94fb42bccd85a61faf8af1fe30a5bb0d442c525e41/diff:/var/lib/docker/overlay2/0f493124464c291d7c97d2633d5dff04b1dce5de904cb40a34dfbe7fe72e3fd4/diff:/var/lib/docker/overlay2/05befbee9e38cd670e1786b3310e99796dcc06abbed970007b4109a5424843fa/diff:/var/lib/docker/overlay2/582bcca9acfc4eef25109e1e1b9c9d104f355798455bc73e855c99283887a6e8/diff:/var/lib/docker/overlay2/153b3bf0b69e97e8f0e5533414a31ca33fa530e63d174c9617621abe46e7e9d1/diff:/var/lib/docker/overlay2/bf87a76c0a38875ee6e915fd0d2527eafa880ec6bf2c1cb294959428c18d10bd/diff","MergedDir":"/var/lib/docker/overlay2/b481eee7843c17772ada1734203524b4de76785735a50d4c68703d497db0e4ed/merged","UpperDir":"/var/lib/docker/overlay2/b481eee7843c17772ada1734203524b4de76785735a50d4c68703d497db0e4ed/diff","WorkDir":"/var/lib/docker/overlay2/b481eee7843c17772ada1734203524b4de76785735a50d4c68703d497db0e4ed/work"},"Name":"overlay2"},"Mounts":[{"Type":"volume","Name":"ec40278114b76af7b6535b952e685e04a98a51fa16363f5e9f0df1ce601f1dd5","Source":"/var/lib/docker/volumes/ec40278114b76af7b6535b952e685e04a98a51fa16363f5e9f0df1ce601f1dd5/_data","Destination":"/var/lib/mysql","Driver":"local","Mode":"","RW":true,"Propagation":""}],"Config":{"Hostname":"0739339bbc62","Domainname":"","User":"","AttachStdin":false,"AttachStdout":false,"AttachStderr":false,"ExposedPorts":{"3306/tcp":{}},"Tty":false,"OpenStdin":false,"StdinOnce":false,"Env":["MYSQL_DATABASE=test","MYSQL_PASSWORD=test","MYSQL_USER=test","MYSQL_ROOT_PASSWORD=test","PATH=/usr/local/sbin:/usr/local/bin:/usr/sbin:/usr/bin:/sbin:/bin","GOSU_VERSION=1.7","MYSQL_MAJOR=8.0","MYSQL_VERSION=8.0.0-dmr-1debian8"],"Cmd":["mysqld"],"Image":"mysql:8.0.0","Volumes":{"/var/lib/mysql":{}},"WorkingDir":"","Entrypoint":["docker-entrypoint.sh"],"OnBuild":null,"Labels":{"org.testcontainers":"true","org.testcontainers.lang":"java","org.testcontainers.sessionId":"f1b696c1-ec3f-4f95-afa8-081853be7ccb","org.testcontainers.version":"1.18.0"}},"NetworkSettings":{"Bridge":"","SandboxID":"d265e68e2afe307f1ab03fab083f2c0477cba31e9f26759f52b94e045d1847fb","HairpinMode":false,"LinkLocalIPv6Address":"","LinkLocalIPv6PrefixLen":0,"Ports":{"3306/tcp":[{"HostIp":"0.0.0.0","HostPort":"32782"},{"HostIp":"::","HostPort":"32782"}]},"SandboxKey":"/var/run/docker/netns/d265e68e2afe","SecondaryIPAddresses":null,"SecondaryIPv6Addresses":null,"EndpointID":"97b4c81a7665dcad3863174204db678dde492e2a2b2f11f6ef1c683b5d76146b","Gateway":"172.17.0.1","GlobalIPv6Address":"","GlobalIPv6PrefixLen":0,"IPAddress":"172.17.0.3","IPPrefixLen":16,"IPv6Gateway":"","MacAddress":"02:42:ac:11:00:03","Networks":{"bridge":{"IPAMConfig":null,"Links":null,"Aliases":null,"NetworkID":"e1a078e12eb8d77b497ed932f7fb43787eeb6ff6972febd7d03c9282b8b5cd45","EndpointID":"97b4c81a7665dcad3863174204db678dde492e2a2b2f11f6ef1c683b5d76146b","Gateway":"172.17.0.1","IPAddress":"172.17.0.3","IPPrefixLen":16,"IPv6Gateway":"","GlobalIPv6Address":"","GlobalIPv6PrefixLen":0,"MacAddress":"02:42:ac:11:00:03","DriverOpts":null}}}}[\n]"
&amp#27;[0;39m2023-05-08 13:19:02,342 [main] &amp#27;[39mDEBUG&amp#27;[0;39m &amp#27;[36mc.g.d.z.s.o.a.hc.client5.http.wire&amp#27;[0;39m - &amp#27;[32mhttp-outgoing-1 << "[\r][\n]"
&amp#27;[0;39m2023-05-08 13:19:02,342 [main] &amp#27;[39mDEBUG&amp#27;[0;39m &amp#27;[36mc.g.d.z.s.o.a.hc.client5.http.wire&amp#27;[0;39m - &amp#27;[32mhttp-outgoing-1 << "0[\r][\n]"
&amp#27;[0;39m2023-05-08 13:19:02,342 [main] &amp#27;[39mDEBUG&amp#27;[0;39m &amp#27;[36mc.g.d.z.s.o.a.hc.client5.http.wire&amp#27;[0;39m - &amp#27;[32mhttp-outgoing-1 << "[\r][\n]"
&amp#27;[0;39m2023-05-08 13:19:02,342 [main] &amp#27;[39mDEBUG&amp#27;[0;39m &amp#27;[36mc.g.d.z.s.o.a.h.client5.http.headers&amp#27;[0;39m - &amp#27;[32mhttp-outgoing-1 << HTTP/1.1 200 OK
&amp#27;[0;39m2023-05-08 13:19:02,342 [main] &amp#27;[39mDEBUG&amp#27;[0;39m &amp#27;[36mc.g.d.z.s.o.a.h.client5.http.headers&amp#27;[0;39m - &amp#27;[32mhttp-outgoing-1 << Api-Version: 1.42
&amp#27;[0;39m2023-05-08 13:19:02,342 [main] &amp#27;[39mDEBUG&amp#27;[0;39m &amp#27;[36mc.g.d.z.s.o.a.h.client5.http.headers&amp#27;[0;39m - &amp#27;[32mhttp-outgoing-1 << Content-Type: application/json
&amp#27;[0;39m2023-05-08 13:19:02,342 [main] &amp#27;[39mDEBUG&amp#27;[0;39m &amp#27;[36mc.g.d.z.s.o.a.h.client5.http.headers&amp#27;[0;39m - &amp#27;[32mhttp-outgoing-1 << Docker-Experimental: false
&amp#27;[0;39m2023-05-08 13:19:02,342 [main] &amp#27;[39mDEBUG&amp#27;[0;39m &amp#27;[36mc.g.d.z.s.o.a.h.client5.http.headers&amp#27;[0;39m - &amp#27;[32mhttp-outgoing-1 << Ostype: linux
&amp#27;[0;39m2023-05-08 13:19:02,342 [main] &amp#27;[39mDEBUG&amp#27;[0;39m &amp#27;[36mc.g.d.z.s.o.a.h.client5.http.headers&amp#27;[0;39m - &amp#27;[32mhttp-outgoing-1 << Server: Docker/23.0.5 (linux)
&amp#27;[0;39m2023-05-08 13:19:02,342 [main] &amp#27;[39mDEBUG&amp#27;[0;39m &amp#27;[36mc.g.d.z.s.o.a.h.client5.http.headers&amp#27;[0;39m - &amp#27;[32mhttp-outgoing-1 << Date: Mon, 08 May 2023 11:19:02 GMT
&amp#27;[0;39m2023-05-08 13:19:02,342 [main] &amp#27;[39mDEBUG&amp#27;[0;39m &amp#27;[36mc.g.d.z.s.o.a.h.client5.http.headers&amp#27;[0;39m - &amp#27;[32mhttp-outgoing-1 << Transfer-Encoding: chunked
&amp#27;[0;39m2023-05-08 13:19:02,342 [main] &amp#27;[39mDEBUG&amp#27;[0;39m &amp#27;[36mc.g.d.z.s.o.a.h.c.h.i.c.MainClientExec&amp#27;[0;39m - &amp#27;[32mex-00000060: connection can be kept alive for 3 MINUTES
&amp#27;[0;39m2023-05-08 13:19:02,343 [main] &amp#27;[39mDEBUG&amp#27;[0;39m &amp#27;[36mc.g.d.z.s.o.a.h.c.h.i.c.InternalHttpClient&amp#27;[0;39m - &amp#27;[32mep-0000005F: releasing valid endpoint
&amp#27;[0;39m2023-05-08 13:19:02,343 [main] &amp#27;[39mDEBUG&amp#27;[0;39m &amp#27;[36mc.g.d.z.s.o.a.h.c.h.i.i.PoolingHttpClientConnectionManager&amp#27;[0;39m - &amp#27;[32mep-0000005F: releasing endpoint
&amp#27;[0;39m2023-05-08 13:19:02,343 [main] &amp#27;[39mDEBUG&amp#27;[0;39m &amp#27;[36mc.g.d.z.s.o.a.h.c.h.i.i.PoolingHttpClientConnectionManager&amp#27;[0;39m - &amp#27;[32mep-0000005F: connection http-outgoing-1 can be kept alive for 3 MINUTES
&amp#27;[0;39m2023-05-08 13:19:02,343 [main] &amp#27;[39mDEBUG&amp#27;[0;39m &amp#27;[36mc.g.d.z.s.o.a.h.c.h.i.i.PoolingHttpClientConnectionManager&amp#27;[0;39m - &amp#27;[32mep-0000005F: connection released [route: {}->unix://localhost:2375][total available: 1; route allocated: 1 of 2147483647; total allocated: 1 of 2147483647]
&amp#27;[0;39m2023-05-08 13:19:02,343 [main] &amp#27;[39mDEBUG&amp#27;[0;39m &amp#27;[36mtc.mysql:8.0.0&amp#27;[0;39m - &amp#27;[32mTrying to create JDBC connection using com.mysql.cj.jdbc.Driver to jdbc:mysql://localhost:32782/test?useSSL=false&allowPublicKeyRetrieval=true with properties: {password=test, user=test}
&amp#27;[0;39m2023-05-08 13:19:02,444 [main] &amp#27;[39mDEBUG&amp#27;[0;39m &amp#27;[36mo.t.s.c.g.d.c.command.AbstrDockerCmd&amp#27;[0;39m - &amp#27;[32mCmd: 0739339bbc624082fb5e41f62f4a622236ffe4974bf12b2847105b726085e02b,false
&amp#27;[0;39m2023-05-08 13:19:02,444 [main] &amp#27;[39mDEBUG&amp#27;[0;39m &amp#27;[36mo.t.s.c.g.d.c.e.InspectContainerCmdExec&amp#27;[0;39m - &amp#27;[32mGET: DefaultWebTarget{path=[/containers/0739339bbc624082fb5e41f62f4a622236ffe4974bf12b2847105b726085e02b/json], queryParams={}}
&amp#27;[0;39m2023-05-08 13:19:02,444 [main] &amp#27;[39mDEBUG&amp#27;[0;39m &amp#27;[36mc.g.d.z.s.o.a.h.c.h.i.c.InternalHttpClient&amp#27;[0;39m - &amp#27;[32mex-00000061: preparing request execution
&amp#27;[0;39m2023-05-08 13:19:02,444 [main] &amp#27;[39mDEBUG&amp#27;[0;39m &amp#27;[36mc.g.d.z.s.o.a.h.c.h.p.RequestAddCookies&amp#27;[0;39m - &amp#27;[32mCookie spec selected: strict
&amp#27;[0;39m2023-05-08 13:19:02,444 [main] &amp#27;[39mDEBUG&amp#27;[0;39m &amp#27;[36mc.g.d.z.s.o.a.h.c.h.p.RequestAuthCache&amp#27;[0;39m - &amp#27;[32mAuth cache not set in the context
&amp#27;[0;39m2023-05-08 13:19:02,444 [main] &amp#27;[39mDEBUG&amp#27;[0;39m &amp#27;[36mc.g.d.z.s.o.a.h.c.h.i.c.ProtocolExec&amp#27;[0;39m - &amp#27;[32mex-00000061: target auth state: UNCHALLENGED
&amp#27;[0;39m2023-05-08 13:19:02,445 [main] &amp#27;[39mDEBUG&amp#27;[0;39m &amp#27;[36mc.g.d.z.s.o.a.h.c.h.i.c.ProtocolExec&amp#27;[0;39m - &amp#27;[32mex-00000061: proxy auth state: UNCHALLENGED
&amp#27;[0;39m2023-05-08 13:19:02,445 [main] &amp#27;[39mDEBUG&amp#27;[0;39m &amp#27;[36mc.g.d.z.s.o.a.h.c.h.i.c.ConnectExec&amp#27;[0;39m - &amp#27;[32mex-00000061: acquiring connection with route {}->unix://localhost:2375
&amp#27;[0;39m2023-05-08 13:19:02,445 [main] &amp#27;[39mDEBUG&amp#27;[0;39m &amp#27;[36mc.g.d.z.s.o.a.h.c.h.i.c.InternalHttpClient&amp#27;[0;39m - &amp#27;[32mex-00000061: acquiring endpoint (3 MINUTES)
&amp#27;[0;39m2023-05-08 13:19:02,445 [main] &amp#27;[39mDEBUG&amp#27;[0;39m &amp#27;[36mc.g.d.z.s.o.a.h.c.h.i.i.PoolingHttpClientConnectionManager&amp#27;[0;39m - &amp#27;[32mex-00000061: endpoint lease request (3 MINUTES) [route: {}->unix://localhost:2375][total available: 1; route allocated: 1 of 2147483647; total allocated: 1 of 2147483647]
&amp#27;[0;39m2023-05-08 13:19:02,445 [main] &amp#27;[39mDEBUG&amp#27;[0;39m &amp#27;[36mc.g.d.z.s.o.a.h.c.h.i.i.PoolingHttpClientConnectionManager&amp#27;[0;39m - &amp#27;[32mex-00000061: endpoint leased [route: {}->unix://localhost:2375][total available: 0; route allocated: 1 of 2147483647; total allocated: 1 of 2147483647]
&amp#27;[0;39m2023-05-08 13:19:02,445 [main] &amp#27;[39mDEBUG&amp#27;[0;39m &amp#27;[36mc.g.d.z.s.o.a.h.c.h.i.i.PoolingHttpClientConnectionManager&amp#27;[0;39m - &amp#27;[32mex-00000061: acquired ep-00000060
&amp#27;[0;39m2023-05-08 13:19:02,445 [main] &amp#27;[39mDEBUG&amp#27;[0;39m &amp#27;[36mc.g.d.z.s.o.a.h.c.h.i.c.InternalHttpClient&amp#27;[0;39m - &amp#27;[32mex-00000061: acquired endpoint ep-00000060
&amp#27;[0;39m2023-05-08 13:19:02,445 [main] &amp#27;[39mDEBUG&amp#27;[0;39m &amp#27;[36mc.g.d.z.s.o.a.h.c.h.i.c.MainClientExec&amp#27;[0;39m - &amp#27;[32mex-00000061: executing GET /v1.32/containers/0739339bbc624082fb5e41f62f4a622236ffe4974bf12b2847105b726085e02b/json HTTP/1.1
&amp#27;[0;39m2023-05-08 13:19:02,445 [main] &amp#27;[39mDEBUG&amp#27;[0;39m &amp#27;[36mc.g.d.z.s.o.a.h.c.h.i.c.InternalHttpClient&amp#27;[0;39m - &amp#27;[32mep-00000060: start execution ex-00000061
&amp#27;[0;39m2023-05-08 13:19:02,445 [main] &amp#27;[39mDEBUG&amp#27;[0;39m &amp#27;[36mc.g.d.z.s.o.a.h.c.h.i.i.PoolingHttpClientConnectionManager&amp#27;[0;39m - &amp#27;[32mep-00000060: executing exchange ex-00000061 over http-outgoing-1
&amp#27;[0;39m2023-05-08 13:19:02,445 [main] &amp#27;[39mDEBUG&amp#27;[0;39m &amp#27;[36mc.g.d.z.s.o.a.h.client5.http.headers&amp#27;[0;39m - &amp#27;[32mhttp-outgoing-1 >> GET /v1.32/containers/0739339bbc624082fb5e41f62f4a622236ffe4974bf12b2847105b726085e02b/json HTTP/1.1
&amp#27;[0;39m2023-05-08 13:19:02,445 [main] &amp#27;[39mDEBUG&amp#27;[0;39m &amp#27;[36mc.g.d.z.s.o.a.h.client5.http.headers&amp#27;[0;39m - &amp#27;[32mhttp-outgoing-1 >> accept: application/json
&amp#27;[0;39m2023-05-08 13:19:02,445 [main] &amp#27;[39mDEBUG&amp#27;[0;39m &amp#27;[36mc.g.d.z.s.o.a.h.client5.http.headers&amp#27;[0;39m - &amp#27;[32mhttp-outgoing-1 >> x-tc-sid: f1b696c1-ec3f-4f95-afa8-081853be7ccb
&amp#27;[0;39m2023-05-08 13:19:02,445 [main] &amp#27;[39mDEBUG&amp#27;[0;39m &amp#27;[36mc.g.d.z.s.o.a.h.client5.http.headers&amp#27;[0;39m - &amp#27;[32mhttp-outgoing-1 >> Accept-Encoding: gzip, x-gzip, deflate
&amp#27;[0;39m2023-05-08 13:19:02,445 [main] &amp#27;[39mDEBUG&amp#27;[0;39m &amp#27;[36mc.g.d.z.s.o.a.h.client5.http.headers&amp#27;[0;39m - &amp#27;[32mhttp-outgoing-1 >> Host: localhost:2375
&amp#27;[0;39m2023-05-08 13:19:02,445 [main] &amp#27;[39mDEBUG&amp#27;[0;39m &amp#27;[36mc.g.d.z.s.o.a.h.client5.http.headers&amp#27;[0;39m - &amp#27;[32mhttp-outgoing-1 >> Connection: keep-alive
&amp#27;[0;39m2023-05-08 13:19:02,445 [main] &amp#27;[39mDEBUG&amp#27;[0;39m &amp#27;[36mc.g.d.z.s.o.a.h.client5.http.headers&amp#27;[0;39m - &amp#27;[32mhttp-outgoing-1 >> User-Agent: Apache-HttpClient/5.0.3 (Java/17.0.6)
&amp#27;[0;39m2023-05-08 13:19:02,445 [main] &amp#27;[39mDEBUG&amp#27;[0;39m &amp#27;[36mc.g.d.z.s.o.a.hc.client5.http.wire&amp#27;[0;39m - &amp#27;[32mhttp-outgoing-1 >> "GET /v1.32/containers/0739339bbc624082fb5e41f62f4a622236ffe4974bf12b2847105b726085e02b/json HTTP/1.1[\r][\n]"
&amp#27;[0;39m2023-05-08 13:19:02,445 [main] &amp#27;[39mDEBUG&amp#27;[0;39m &amp#27;[36mc.g.d.z.s.o.a.hc.client5.http.wire&amp#27;[0;39m - &amp#27;[32mhttp-outgoing-1 >> "accept: application/json[\r][\n]"
&amp#27;[0;39m2023-05-08 13:19:02,445 [main] &amp#27;[39mDEBUG&amp#27;[0;39m &amp#27;[36mc.g.d.z.s.o.a.hc.client5.http.wire&amp#27;[0;39m - &amp#27;[32mhttp-outgoing-1 >> "x-tc-sid: f1b696c1-ec3f-4f95-afa8-081853be7ccb[\r][\n]"
&amp#27;[0;39m2023-05-08 13:19:02,445 [main] &amp#27;[39mDEBUG&amp#27;[0;39m &amp#27;[36mc.g.d.z.s.o.a.hc.client5.http.wire&amp#27;[0;39m - &amp#27;[32mhttp-outgoing-1 >> "Accept-Encoding: gzip, x-gzip, deflate[\r][\n]"
&amp#27;[0;39m2023-05-08 13:19:02,445 [main] &amp#27;[39mDEBUG&amp#27;[0;39m &amp#27;[36mc.g.d.z.s.o.a.hc.client5.http.wire&amp#27;[0;39m - &amp#27;[32mhttp-outgoing-1 >> "Host: localhost:2375[\r][\n]"
&amp#27;[0;39m2023-05-08 13:19:02,445 [main] &amp#27;[39mDEBUG&amp#27;[0;39m &amp#27;[36mc.g.d.z.s.o.a.hc.client5.http.wire&amp#27;[0;39m - &amp#27;[32mhttp-outgoing-1 >> "Connection: keep-alive[\r][\n]"
&amp#27;[0;39m2023-05-08 13:19:02,445 [main] &amp#27;[39mDEBUG&amp#27;[0;39m &amp#27;[36mc.g.d.z.s.o.a.hc.client5.http.wire&amp#27;[0;39m - &amp#27;[32mhttp-outgoing-1 >> "User-Agent: Apache-HttpClient/5.0.3 (Java/17.0.6)[\r][\n]"
&amp#27;[0;39m2023-05-08 13:19:02,445 [main] &amp#27;[39mDEBUG&amp#27;[0;39m &amp#27;[36mc.g.d.z.s.o.a.hc.client5.http.wire&amp#27;[0;39m - &amp#27;[32mhttp-outgoing-1 >> "[\r][\n]"
&amp#27;[0;39m2023-05-08 13:19:02,445 [main] &amp#27;[39mDEBUG&amp#27;[0;39m &amp#27;[36mc.g.d.z.s.o.a.hc.client5.http.wire&amp#27;[0;39m - &amp#27;[32mhttp-outgoing-1 << "HTTP/1.1 200 OK[\r][\n]"
&amp#27;[0;39m2023-05-08 13:19:02,445 [main] &amp#27;[39mDEBUG&amp#27;[0;39m &amp#27;[36mc.g.d.z.s.o.a.hc.client5.http.wire&amp#27;[0;39m - &amp#27;[32mhttp-outgoing-1 << "Api-Version: 1.42[\r][\n]"
&amp#27;[0;39m2023-05-08 13:19:02,445 [main] &amp#27;[39mDEBUG&amp#27;[0;39m &amp#27;[36mc.g.d.z.s.o.a.hc.client5.http.wire&amp#27;[0;39m - &amp#27;[32mhttp-outgoing-1 << "Content-Type: application/json[\r][\n]"
&amp#27;[0;39m2023-05-08 13:19:02,445 [main] &amp#27;[39mDEBUG&amp#27;[0;39m &amp#27;[36mc.g.d.z.s.o.a.hc.client5.http.wire&amp#27;[0;39m - &amp#27;[32mhttp-outgoing-1 << "Docker-Experimental: false[\r][\n]"
&amp#27;[0;39m2023-05-08 13:19:02,445 [main] &amp#27;[39mDEBUG&amp#27;[0;39m &amp#27;[36mc.g.d.z.s.o.a.hc.client5.http.wire&amp#27;[0;39m - &amp#27;[32mhttp-outgoing-1 << "Ostype: linux[\r][\n]"
&amp#27;[0;39m2023-05-08 13:19:02,445 [main] &amp#27;[39mDEBUG&amp#27;[0;39m &amp#27;[36mc.g.d.z.s.o.a.hc.client5.http.wire&amp#27;[0;39m - &amp#27;[32mhttp-outgoing-1 << "Server: Docker/23.0.5 (linux)[\r][\n]"
&amp#27;[0;39m2023-05-08 13:19:02,445 [main] &amp#27;[39mDEBUG&amp#27;[0;39m &amp#27;[36mc.g.d.z.s.o.a.hc.client5.http.wire&amp#27;[0;39m - &amp#27;[32mhttp-outgoing-1 << "Date: Mon, 08 May 2023 11:19:02 GMT[\r][\n]"
&amp#27;[0;39m2023-05-08 13:19:02,445 [main] &amp#27;[39mDEBUG&amp#27;[0;39m &amp#27;[36mc.g.d.z.s.o.a.hc.client5.http.wire&amp#27;[0;39m - &amp#27;[32mhttp-outgoing-1 << "Transfer-Encoding: chunked[\r][\n]"
&amp#27;[0;39m2023-05-08 13:19:02,446 [main] &amp#27;[39mDEBUG&amp#27;[0;39m &amp#27;[36mc.g.d.z.s.o.a.hc.client5.http.wire&amp#27;[0;39m - &amp#27;[32mhttp-outgoing-1 << "[\r][\n]"
&amp#27;[0;39m2023-05-08 13:19:02,446 [main] &amp#27;[39mDEBUG&amp#27;[0;39m &amp#27;[36mc.g.d.z.s.o.a.hc.client5.http.wire&amp#27;[0;39m - &amp#27;[32mhttp-outgoing-1 << "1893[\r][\n]"
&amp#27;[0;39m2023-05-08 13:19:02,446 [main] &amp#27;[39mDEBUG&amp#27;[0;39m &amp#27;[36mc.g.d.z.s.o.a.hc.client5.http.wire&amp#27;[0;39m - &amp#27;[32mhttp-outgoing-1 << "{"Id":"0739339bbc624082fb5e41f62f4a622236ffe4974bf12b2847105b726085e02b","Created":"2023-05-08T11:19:01.771856188Z","Path":"docker-entrypoint.sh","Args":["mysqld"],"State":{"Status":"running","Running":true,"Paused":false,"Restarting":false,"OOMKilled":false,"Dead":false,"Pid":59514,"ExitCode":0,"Error":"","StartedAt":"2023-05-08T11:19:02.113674386Z","FinishedAt":"0001-01-01T00:00:00Z"},"Image":"sha256:228d71078f8ce5ae9fd96b183f88c3a90e30544b4b7ce9d64a238d05fef2a681","ResolvConfPath":"/var/lib/docker/containers/0739339bbc624082fb5e41f62f4a622236ffe4974bf12b2847105b726085e02b/resolv.conf","HostnamePath":"/var/lib/docker/containers/0739339bbc624082fb5e41f62f4a622236ffe4974bf12b2847105b726085e02b/hostname","HostsPath":"/var/lib/docker/containers/0739339bbc624082fb5e41f62f4a622236ffe4974bf12b2847105b726085e02b/hosts","LogPath":"/var/lib/docker/containers/0739339bbc624082fb5e41f62f4a622236ffe4974bf12b2847105b726085e02b/0739339bbc624082fb5e41f62f4a622236ffe4974bf12b2847105b726085e02b-json.log","Name":"/intelligent_galileo","RestartCount":0,"Driver":"overlay2","Platform":"linux","MountLabel":"","ProcessLabel":"","AppArmorProfile":"docker-default","ExecIDs":null,"HostConfig":{"Binds":[],"ContainerIDFile":"","LogConfig":{"Type":"json-file","Config":{}},"NetworkMode":"default","PortBindings":{"3306/tcp":[{"HostIp":"","HostPort":""}]},"RestartPolicy":{"Name":"","MaximumRetryCount":0},"AutoRemove":false,"VolumeDriver":"","VolumesFrom":[],"ConsoleSize":[0,0],"CapAdd":null,"CapDrop":null,"CgroupnsMode":"private","Dns":null,"DnsOptions":null,"DnsSearch":null,"ExtraHosts":[],"GroupAdd":null,"IpcMode":"shareable","Cgroup":"","Links":null,"OomScoreAdj":0,"PidMode":"","Privileged":false,"PublishAllPorts":false,"ReadonlyRootfs":false,"SecurityOpt":null,"UTSMode":"","UsernsMode":"","ShmSize":67108864,"Runtime":"runc","Isolation":"","CpuShares":0,"Memory":0,"NanoCpus":0,"CgroupParent":"","BlkioWeight":0,"BlkioWeightDevice":null,"BlkioDeviceReadBps":null,"BlkioDeviceWriteBps":null,"BlkioDeviceReadIOps":null,"BlkioDeviceWriteIOps":null,"CpuPeriod":0,"CpuQuota":0,"CpuRealtimePeriod":0,"CpuRealtimeRuntime":0,"CpusetCpus":"","CpusetMems":"","Devices":null,"DeviceCgroupRules":null,"DeviceRequests":null,"MemoryReservation":0,"MemorySwap":0,"MemorySwappiness":null,"OomKillDisable":null,"PidsLimit":null,"Ulimits":null,"CpuCount":0,"CpuPercent":0,"IOMaximumIOps":0,"IOMaximumBandwidth":0,"MaskedPaths":["/proc/asound","/proc/acpi","/proc/kcore","/proc/keys","/proc/latency_stats","/proc/timer_list","/proc/timer_stats","/proc/sched_debug","/proc/scsi","/sys/firmware"],"ReadonlyPaths":["/proc/bus","/proc/fs","/proc/irq","/proc/sys","/proc/sysrq-trigger"]},"GraphDriver":{"Data":{"LowerDir":"/var/lib/docker/overlay2/b481eee7843c17772ada1734203524b4de76785735a50d4c68703d497db0e4ed-init/diff:/var/lib/docker/overlay2/4c6e20f032f02b27a9272f982861dc21998197aa90d94ed3bef95d449380247c/diff:/var/lib/docker/overlay2/0c75f828f603eff839bb3ca448163ab2a8017e86625ac255cd3dbf1673ddac26/diff:/var/lib/docker/overlay2/da128d897fda75829109844ce6cd9d73d0f54c682e735100af000ce899908729/diff:/var/lib/docker/overlay2/b678a1f261bf323afba6d76d91ab7428bdd6e1ef4a39b5224e4a1afd08c0423a/diff:/var/lib/docker/overlay2/1bec43b14875c5f9f814f146e8e31aa78566689c2c163da2ac60a32254988437/diff:/var/lib/docker/overlay2/28f4b1e6e1a7a2dbe30f1f94fb42bccd85a61faf8af1fe30a5bb0d442c525e41/diff:/var/lib/docker/overlay2/0f493124464c291d7c97d2633d5dff04b1dce5de904cb40a34dfbe7fe72e3fd4/diff:/var/lib/docker/overlay2/05befbee9e38cd670e1786b3310e99796dcc06abbed970007b4109a5424843fa/diff:/var/lib/docker/overlay2/582bcca9acfc4eef25109e1e1b9c9d104f355798455bc73e855c99283887a6e8/diff:/var/lib/docker/overlay2/153b3bf0b69e97e8f0e5533414a31ca33fa530e63d174c9617621abe46e7e9d1/diff:/var/lib/docker/overlay2/bf87a76c0a38875ee6e915fd0d2527eafa880ec6bf2c1cb294959428c18d10bd/diff","MergedDir":"/var/lib/docker/overlay2/b481eee7843c17772ada1734203524b4de76785735a50d4c68703d497db0e4ed/merged","UpperDir":"/var/lib/docker/overlay2/b481eee7843c17772ada1734203524b4de76785735a50d4c68703d497db0e4ed/diff","WorkDir":"/var/lib/docker/overlay2/b481eee7843c17772ada1734203524b4de76785735a50d4c68703d497db0e4ed/work"},"Name":"overlay2"},"Mounts":[{"Type":"volume","Name":"ec40278114b76af7b6535b952e685e04a98a51fa16363f5e9f0df1ce601f1dd5","Source":"/var/lib/docker/volumes/ec40278114b76af7b6535b952e685e04a98a51fa16363f5e9f0df1ce601f1dd5/_data","Destination":"/var/lib/mysql","Driver":"local","Mode":"","RW":true,"Propagation":""}],"Config":{"Hostname":"0739339bbc62","Domainname":"","User":"","AttachStdin":false,"AttachStdout":false,"AttachStderr":false,"ExposedPorts":{"3306/tcp":{}},"Tty":false,"OpenStdin":false,"StdinOnce":false,"Env":["MYSQL_DATABASE=test","MYSQL_PASSWORD=test","MYSQL_USER=test","MYSQL_ROOT_PASSWORD=test","PATH=/usr/local/sbin:/usr/local/bin:/usr/sbin:/usr/bin:/sbin:/bin","GOSU_VERSION=1.7","MYSQL_MAJOR=8.0","MYSQL_VERSION=8.0.0-dmr-1debian8"],"Cmd":["mysqld"],"Image":"mysql:8.0.0","Volumes":{"/var/lib/mysql":{}},"WorkingDir":"","Entrypoint":["docker-entrypoint.sh"],"OnBuild":null,"Labels":{"org.testcontainers":"true","org.testcontainers.lang":"java","org.testcontainers.sessionId":"f1b696c1-ec3f-4f95-afa8-081853be7ccb","org.testcontainers.version":"1.18.0"}},"NetworkSettings":{"Bridge":"","SandboxID":"d265e68e2afe307f1ab03fab083f2c0477cba31e9f26759f52b94e045d1847fb","HairpinMode":false,"LinkLocalIPv6Address":"","LinkLocalIPv6PrefixLen":0,"Ports":{"3306/tcp":[{"HostIp":"0.0.0.0","HostPort":"32782"},{"HostIp":"::","HostPort":"32782"}]},"SandboxKey":"/var/run/docker/netns/d265e68e2afe","SecondaryIPAddresses":null,"SecondaryIPv6Addresses":null,"EndpointID":"97b4c81a7665dcad3863174204db678dde492e2a2b2f11f6ef1c683b5d76146b","Gateway":"172.17.0.1","GlobalIPv6Address":"","GlobalIPv6PrefixLen":0,"IPAddress":"172.17.0.3","IPPrefixLen":16,"IPv6Gateway":"","MacAddress":"02:42:ac:11:00:03","Networks":{"bridge":{"IPAMConfig":null,"Links":null,"Aliases":null,"NetworkID":"e1a078e12eb8d77b497ed932f7fb43787eeb6ff6972febd7d03c9282b8b5cd45","EndpointID":"97b4c81a7665dcad3863174204db678dde492e2a2b2f11f6ef1c683b5d76146b","Gateway":"172.17.0.1","IPAddress":"172.17.0.3","IPPrefixLen":16,"IPv6Gateway":"","GlobalIPv6Address":"","GlobalIPv6PrefixLen":0,"MacAddress":"02:42:ac:11:00:03","DriverOpts":null}}}}[\n]"
&amp#27;[0;39m2023-05-08 13:19:02,446 [main] &amp#27;[39mDEBUG&amp#27;[0;39m &amp#27;[36mc.g.d.z.s.o.a.hc.client5.http.wire&amp#27;[0;39m - &amp#27;[32mhttp-outgoing-1 << "[\r][\n]"
&amp#27;[0;39m2023-05-08 13:19:02,446 [main] &amp#27;[39mDEBUG&amp#27;[0;39m &amp#27;[36mc.g.d.z.s.o.a.hc.client5.http.wire&amp#27;[0;39m - &amp#27;[32mhttp-outgoing-1 << "0[\r][\n]"
&amp#27;[0;39m2023-05-08 13:19:02,446 [main] &amp#27;[39mDEBUG&amp#27;[0;39m &amp#27;[36mc.g.d.z.s.o.a.hc.client5.http.wire&amp#27;[0;39m - &amp#27;[32mhttp-outgoing-1 << "[\r][\n]"
&amp#27;[0;39m2023-05-08 13:19:02,446 [main] &amp#27;[39mDEBUG&amp#27;[0;39m &amp#27;[36mc.g.d.z.s.o.a.h.client5.http.headers&amp#27;[0;39m - &amp#27;[32mhttp-outgoing-1 << HTTP/1.1 200 OK
&amp#27;[0;39m2023-05-08 13:19:02,446 [main] &amp#27;[39mDEBUG&amp#27;[0;39m &amp#27;[36mc.g.d.z.s.o.a.h.client5.http.headers&amp#27;[0;39m - &amp#27;[32mhttp-outgoing-1 << Api-Version: 1.42
&amp#27;[0;39m2023-05-08 13:19:02,446 [main] &amp#27;[39mDEBUG&amp#27;[0;39m &amp#27;[36mc.g.d.z.s.o.a.h.client5.http.headers&amp#27;[0;39m - &amp#27;[32mhttp-outgoing-1 << Content-Type: application/json
&amp#27;[0;39m2023-05-08 13:19:02,446 [main] &amp#27;[39mDEBUG&amp#27;[0;39m &amp#27;[36mc.g.d.z.s.o.a.h.client5.http.headers&amp#27;[0;39m - &amp#27;[32mhttp-outgoing-1 << Docker-Experimental: false
&amp#27;[0;39m2023-05-08 13:19:02,446 [main] &amp#27;[39mDEBUG&amp#27;[0;39m &amp#27;[36mc.g.d.z.s.o.a.h.client5.http.headers&amp#27;[0;39m - &amp#27;[32mhttp-outgoing-1 << Ostype: linux
&amp#27;[0;39m2023-05-08 13:19:02,446 [main] &amp#27;[39mDEBUG&amp#27;[0;39m &amp#27;[36mc.g.d.z.s.o.a.h.client5.http.headers&amp#27;[0;39m - &amp#27;[32mhttp-outgoing-1 << Server: Docker/23.0.5 (linux)
&amp#27;[0;39m2023-05-08 13:19:02,446 [main] &amp#27;[39mDEBUG&amp#27;[0;39m &amp#27;[36mc.g.d.z.s.o.a.h.client5.http.headers&amp#27;[0;39m - &amp#27;[32mhttp-outgoing-1 << Date: Mon, 08 May 2023 11:19:02 GMT
&amp#27;[0;39m2023-05-08 13:19:02,446 [main] &amp#27;[39mDEBUG&amp#27;[0;39m &amp#27;[36mc.g.d.z.s.o.a.h.client5.http.headers&amp#27;[0;39m - &amp#27;[32mhttp-outgoing-1 << Transfer-Encoding: chunked
&amp#27;[0;39m2023-05-08 13:19:02,446 [main] &amp#27;[39mDEBUG&amp#27;[0;39m &amp#27;[36mc.g.d.z.s.o.a.h.c.h.i.c.MainClientExec&amp#27;[0;39m - &amp#27;[32mex-00000061: connection can be kept alive for 3 MINUTES
&amp#27;[0;39m2023-05-08 13:19:02,447 [main] &amp#27;[39mDEBUG&amp#27;[0;39m &amp#27;[36mc.g.d.z.s.o.a.h.c.h.i.c.InternalHttpClient&amp#27;[0;39m - &amp#27;[32mep-00000060: releasing valid endpoint
&amp#27;[0;39m2023-05-08 13:19:02,447 [main] &amp#27;[39mDEBUG&amp#27;[0;39m &amp#27;[36mc.g.d.z.s.o.a.h.c.h.i.i.PoolingHttpClientConnectionManager&amp#27;[0;39m - &amp#27;[32mep-00000060: releasing endpoint
&amp#27;[0;39m2023-05-08 13:19:02,447 [main] &amp#27;[39mDEBUG&amp#27;[0;39m &amp#27;[36mc.g.d.z.s.o.a.h.c.h.i.i.PoolingHttpClientConnectionManager&amp#27;[0;39m - &amp#27;[32mep-00000060: connection http-outgoing-1 can be kept alive for 3 MINUTES
&amp#27;[0;39m2023-05-08 13:19:02,447 [main] &amp#27;[39mDEBUG&amp#27;[0;39m &amp#27;[36mc.g.d.z.s.o.a.h.c.h.i.i.PoolingHttpClientConnectionManager&amp#27;[0;39m - &amp#27;[32mep-00000060: connection released [route: {}->unix://localhost:2375][total available: 1; route allocated: 1 of 2147483647; total allocated: 1 of 2147483647]
&amp#27;[0;39m2023-05-08 13:19:02,447 [main] &amp#27;[39mDEBUG&amp#27;[0;39m &amp#27;[36mtc.mysql:8.0.0&amp#27;[0;39m - &amp#27;[32mTrying to create JDBC connection using com.mysql.cj.jdbc.Driver to jdbc:mysql://localhost:32782/test?useSSL=false&allowPublicKeyRetrieval=true with properties: {password=test, user=test}
&amp#27;[0;39m2023-05-08 13:19:02,548 [main] &amp#27;[39mDEBUG&amp#27;[0;39m &amp#27;[36mo.t.s.c.g.d.c.command.AbstrDockerCmd&amp#27;[0;39m - &amp#27;[32mCmd: 0739339bbc624082fb5e41f62f4a622236ffe4974bf12b2847105b726085e02b,false
&amp#27;[0;39m2023-05-08 13:19:02,548 [main] &amp#27;[39mDEBUG&amp#27;[0;39m &amp#27;[36mo.t.s.c.g.d.c.e.InspectContainerCmdExec&amp#27;[0;39m - &amp#27;[32mGET: DefaultWebTarget{path=[/containers/0739339bbc624082fb5e41f62f4a622236ffe4974bf12b2847105b726085e02b/json], queryParams={}}
&amp#27;[0;39m2023-05-08 13:19:02,548 [main] &amp#27;[39mDEBUG&amp#27;[0;39m &amp#27;[36mc.g.d.z.s.o.a.h.c.h.i.c.InternalHttpClient&amp#27;[0;39m - &amp#27;[32mex-00000062: preparing request execution
&amp#27;[0;39m2023-05-08 13:19:02,549 [main] &amp#27;[39mDEBUG&amp#27;[0;39m &amp#27;[36mc.g.d.z.s.o.a.h.c.h.p.RequestAddCookies&amp#27;[0;39m - &amp#27;[32mCookie spec selected: strict
&amp#27;[0;39m2023-05-08 13:19:02,549 [main] &amp#27;[39mDEBUG&amp#27;[0;39m &amp#27;[36mc.g.d.z.s.o.a.h.c.h.p.RequestAuthCache&amp#27;[0;39m - &amp#27;[32mAuth cache not set in the context
&amp#27;[0;39m2023-05-08 13:19:02,549 [main] &amp#27;[39mDEBUG&amp#27;[0;39m &amp#27;[36mc.g.d.z.s.o.a.h.c.h.i.c.ProtocolExec&amp#27;[0;39m - &amp#27;[32mex-00000062: target auth state: UNCHALLENGED
&amp#27;[0;39m2023-05-08 13:19:02,549 [main] &amp#27;[39mDEBUG&amp#27;[0;39m &amp#27;[36mc.g.d.z.s.o.a.h.c.h.i.c.ProtocolExec&amp#27;[0;39m - &amp#27;[32mex-00000062: proxy auth state: UNCHALLENGED
&amp#27;[0;39m2023-05-08 13:19:02,549 [main] &amp#27;[39mDEBUG&amp#27;[0;39m &amp#27;[36mc.g.d.z.s.o.a.h.c.h.i.c.ConnectExec&amp#27;[0;39m - &amp#27;[32mex-00000062: acquiring connection with route {}->unix://localhost:2375
&amp#27;[0;39m2023-05-08 13:19:02,549 [main] &amp#27;[39mDEBUG&amp#27;[0;39m &amp#27;[36mc.g.d.z.s.o.a.h.c.h.i.c.InternalHttpClient&amp#27;[0;39m - &amp#27;[32mex-00000062: acquiring endpoint (3 MINUTES)
&amp#27;[0;39m2023-05-08 13:19:02,549 [main] &amp#27;[39mDEBUG&amp#27;[0;39m &amp#27;[36mc.g.d.z.s.o.a.h.c.h.i.i.PoolingHttpClientConnectionManager&amp#27;[0;39m - &amp#27;[32mex-00000062: endpoint lease request (3 MINUTES) [route: {}->unix://localhost:2375][total available: 1; route allocated: 1 of 2147483647; total allocated: 1 of 2147483647]
&amp#27;[0;39m2023-05-08 13:19:02,549 [main] &amp#27;[39mDEBUG&amp#27;[0;39m &amp#27;[36mc.g.d.z.s.o.a.h.c.h.i.i.PoolingHttpClientConnectionManager&amp#27;[0;39m - &amp#27;[32mex-00000062: endpoint leased [route: {}->unix://localhost:2375][total available: 0; route allocated: 1 of 2147483647; total allocated: 1 of 2147483647]
&amp#27;[0;39m2023-05-08 13:19:02,549 [main] &amp#27;[39mDEBUG&amp#27;[0;39m &amp#27;[36mc.g.d.z.s.o.a.h.c.h.i.i.PoolingHttpClientConnectionManager&amp#27;[0;39m - &amp#27;[32mex-00000062: acquired ep-00000061
&amp#27;[0;39m2023-05-08 13:19:02,549 [main] &amp#27;[39mDEBUG&amp#27;[0;39m &amp#27;[36mc.g.d.z.s.o.a.h.c.h.i.c.InternalHttpClient&amp#27;[0;39m - &amp#27;[32mex-00000062: acquired endpoint ep-00000061
&amp#27;[0;39m2023-05-08 13:19:02,549 [main] &amp#27;[39mDEBUG&amp#27;[0;39m &amp#27;[36mc.g.d.z.s.o.a.h.c.h.i.c.MainClientExec&amp#27;[0;39m - &amp#27;[32mex-00000062: executing GET /v1.32/containers/0739339bbc624082fb5e41f62f4a622236ffe4974bf12b2847105b726085e02b/json HTTP/1.1
&amp#27;[0;39m2023-05-08 13:19:02,549 [main] &amp#27;[39mDEBUG&amp#27;[0;39m &amp#27;[36mc.g.d.z.s.o.a.h.c.h.i.c.InternalHttpClient&amp#27;[0;39m - &amp#27;[32mep-00000061: start execution ex-00000062
&amp#27;[0;39m2023-05-08 13:19:02,549 [main] &amp#27;[39mDEBUG&amp#27;[0;39m &amp#27;[36mc.g.d.z.s.o.a.h.c.h.i.i.PoolingHttpClientConnectionManager&amp#27;[0;39m - &amp#27;[32mep-00000061: executing exchange ex-00000062 over http-outgoing-1
&amp#27;[0;39m2023-05-08 13:19:02,549 [main] &amp#27;[39mDEBUG&amp#27;[0;39m &amp#27;[36mc.g.d.z.s.o.a.h.client5.http.headers&amp#27;[0;39m - &amp#27;[32mhttp-outgoing-1 >> GET /v1.32/containers/0739339bbc624082fb5e41f62f4a622236ffe4974bf12b2847105b726085e02b/json HTTP/1.1
&amp#27;[0;39m2023-05-08 13:19:02,549 [main] &amp#27;[39mDEBUG&amp#27;[0;39m &amp#27;[36mc.g.d.z.s.o.a.h.client5.http.headers&amp#27;[0;39m - &amp#27;[32mhttp-outgoing-1 >> accept: application/json
&amp#27;[0;39m2023-05-08 13:19:02,549 [main] &amp#27;[39mDEBUG&amp#27;[0;39m &amp#27;[36mc.g.d.z.s.o.a.h.client5.http.headers&amp#27;[0;39m - &amp#27;[32mhttp-outgoing-1 >> x-tc-sid: f1b696c1-ec3f-4f95-afa8-081853be7ccb
&amp#27;[0;39m2023-05-08 13:19:02,549 [main] &amp#27;[39mDEBUG&amp#27;[0;39m &amp#27;[36mc.g.d.z.s.o.a.h.client5.http.headers&amp#27;[0;39m - &amp#27;[32mhttp-outgoing-1 >> Accept-Encoding: gzip, x-gzip, deflate
&amp#27;[0;39m2023-05-08 13:19:02,549 [main] &amp#27;[39mDEBUG&amp#27;[0;39m &amp#27;[36mc.g.d.z.s.o.a.h.client5.http.headers&amp#27;[0;39m - &amp#27;[32mhttp-outgoing-1 >> Host: localhost:2375
&amp#27;[0;39m2023-05-08 13:19:02,549 [main] &amp#27;[39mDEBUG&amp#27;[0;39m &amp#27;[36mc.g.d.z.s.o.a.h.client5.http.headers&amp#27;[0;39m - &amp#27;[32mhttp-outgoing-1 >> Connection: keep-alive
&amp#27;[0;39m2023-05-08 13:19:02,549 [main] &amp#27;[39mDEBUG&amp#27;[0;39m &amp#27;[36mc.g.d.z.s.o.a.h.client5.http.headers&amp#27;[0;39m - &amp#27;[32mhttp-outgoing-1 >> User-Agent: Apache-HttpClient/5.0.3 (Java/17.0.6)
&amp#27;[0;39m2023-05-08 13:19:02,549 [main] &amp#27;[39mDEBUG&amp#27;[0;39m &amp#27;[36mc.g.d.z.s.o.a.hc.client5.http.wire&amp#27;[0;39m - &amp#27;[32mhttp-outgoing-1 >> "GET /v1.32/containers/0739339bbc624082fb5e41f62f4a622236ffe4974bf12b2847105b726085e02b/json HTTP/1.1[\r][\n]"
&amp#27;[0;39m2023-05-08 13:19:02,549 [main] &amp#27;[39mDEBUG&amp#27;[0;39m &amp#27;[36mc.g.d.z.s.o.a.hc.client5.http.wire&amp#27;[0;39m - &amp#27;[32mhttp-outgoing-1 >> "accept: application/json[\r][\n]"
&amp#27;[0;39m2023-05-08 13:19:02,549 [main] &amp#27;[39mDEBUG&amp#27;[0;39m &amp#27;[36mc.g.d.z.s.o.a.hc.client5.http.wire&amp#27;[0;39m - &amp#27;[32mhttp-outgoing-1 >> "x-tc-sid: f1b696c1-ec3f-4f95-afa8-081853be7ccb[\r][\n]"
&amp#27;[0;39m2023-05-08 13:19:02,549 [main] &amp#27;[39mDEBUG&amp#27;[0;39m &amp#27;[36mc.g.d.z.s.o.a.hc.client5.http.wire&amp#27;[0;39m - &amp#27;[32mhttp-outgoing-1 >> "Accept-Encoding: gzip, x-gzip, deflate[\r][\n]"
&amp#27;[0;39m2023-05-08 13:19:02,549 [main] &amp#27;[39mDEBUG&amp#27;[0;39m &amp#27;[36mc.g.d.z.s.o.a.hc.client5.http.wire&amp#27;[0;39m - &amp#27;[32mhttp-outgoing-1 >> "Host: localhost:2375[\r][\n]"
&amp#27;[0;39m2023-05-08 13:19:02,549 [main] &amp#27;[39mDEBUG&amp#27;[0;39m &amp#27;[36mc.g.d.z.s.o.a.hc.client5.http.wire&amp#27;[0;39m - &amp#27;[32mhttp-outgoing-1 >> "Connection: keep-alive[\r][\n]"
&amp#27;[0;39m2023-05-08 13:19:02,549 [main] &amp#27;[39mDEBUG&amp#27;[0;39m &amp#27;[36mc.g.d.z.s.o.a.hc.client5.http.wire&amp#27;[0;39m - &amp#27;[32mhttp-outgoing-1 >> "User-Agent: Apache-HttpClient/5.0.3 (Java/17.0.6)[\r][\n]"
&amp#27;[0;39m2023-05-08 13:19:02,549 [main] &amp#27;[39mDEBUG&amp#27;[0;39m &amp#27;[36mc.g.d.z.s.o.a.hc.client5.http.wire&amp#27;[0;39m - &amp#27;[32mhttp-outgoing-1 >> "[\r][\n]"
&amp#27;[0;39m2023-05-08 13:19:02,549 [main] &amp#27;[39mDEBUG&amp#27;[0;39m &amp#27;[36mc.g.d.z.s.o.a.hc.client5.http.wire&amp#27;[0;39m - &amp#27;[32mhttp-outgoing-1 << "HTTP/1.1 200 OK[\r][\n]"
&amp#27;[0;39m2023-05-08 13:19:02,549 [main] &amp#27;[39mDEBUG&amp#27;[0;39m &amp#27;[36mc.g.d.z.s.o.a.hc.client5.http.wire&amp#27;[0;39m - &amp#27;[32mhttp-outgoing-1 << "Api-Version: 1.42[\r][\n]"
&amp#27;[0;39m2023-05-08 13:19:02,549 [main] &amp#27;[39mDEBUG&amp#27;[0;39m &amp#27;[36mc.g.d.z.s.o.a.hc.client5.http.wire&amp#27;[0;39m - &amp#27;[32mhttp-outgoing-1 << "Content-Type: application/json[\r][\n]"
&amp#27;[0;39m2023-05-08 13:19:02,549 [main] &amp#27;[39mDEBUG&amp#27;[0;39m &amp#27;[36mc.g.d.z.s.o.a.hc.client5.http.wire&amp#27;[0;39m - &amp#27;[32mhttp-outgoing-1 << "Docker-Experimental: false[\r][\n]"
&amp#27;[0;39m2023-05-08 13:19:02,549 [main] &amp#27;[39mDEBUG&amp#27;[0;39m &amp#27;[36mc.g.d.z.s.o.a.hc.client5.http.wire&amp#27;[0;39m - &amp#27;[32mhttp-outgoing-1 << "Ostype: linux[\r][\n]"
&amp#27;[0;39m2023-05-08 13:19:02,549 [main] &amp#27;[39mDEBUG&amp#27;[0;39m &amp#27;[36mc.g.d.z.s.o.a.hc.client5.http.wire&amp#27;[0;39m - &amp#27;[32mhttp-outgoing-1 << "Server: Docker/23.0.5 (linux)[\r][\n]"
&amp#27;[0;39m2023-05-08 13:19:02,549 [main] &amp#27;[39mDEBUG&amp#27;[0;39m &amp#27;[36mc.g.d.z.s.o.a.hc.client5.http.wire&amp#27;[0;39m - &amp#27;[32mhttp-outgoing-1 << "Date: Mon, 08 May 2023 11:19:02 GMT[\r][\n]"
&amp#27;[0;39m2023-05-08 13:19:02,549 [main] &amp#27;[39mDEBUG&amp#27;[0;39m &amp#27;[36mc.g.d.z.s.o.a.hc.client5.http.wire&amp#27;[0;39m - &amp#27;[32mhttp-outgoing-1 << "Transfer-Encoding: chunked[\r][\n]"
&amp#27;[0;39m2023-05-08 13:19:02,549 [main] &amp#27;[39mDEBUG&amp#27;[0;39m &amp#27;[36mc.g.d.z.s.o.a.hc.client5.http.wire&amp#27;[0;39m - &amp#27;[32mhttp-outgoing-1 << "[\r][\n]"
&amp#27;[0;39m2023-05-08 13:19:02,549 [main] &amp#27;[39mDEBUG&amp#27;[0;39m &amp#27;[36mc.g.d.z.s.o.a.hc.client5.http.wire&amp#27;[0;39m - &amp#27;[32mhttp-outgoing-1 << "1893[\r][\n]"
&amp#27;[0;39m2023-05-08 13:19:02,549 [main] &amp#27;[39mDEBUG&amp#27;[0;39m &amp#27;[36mc.g.d.z.s.o.a.hc.client5.http.wire&amp#27;[0;39m - &amp#27;[32mhttp-outgoing-1 << "{"Id":"0739339bbc624082fb5e41f62f4a622236ffe4974bf12b2847105b726085e02b","Created":"2023-05-08T11:19:01.771856188Z","Path":"docker-entrypoint.sh","Args":["mysqld"],"State":{"Status":"running","Running":true,"Paused":false,"Restarting":false,"OOMKilled":false,"Dead":false,"Pid":59514,"ExitCode":0,"Error":"","StartedAt":"2023-05-08T11:19:02.113674386Z","FinishedAt":"0001-01-01T00:00:00Z"},"Image":"sha256:228d71078f8ce5ae9fd96b183f88c3a90e30544b4b7ce9d64a238d05fef2a681","ResolvConfPath":"/var/lib/docker/containers/0739339bbc624082fb5e41f62f4a622236ffe4974bf12b2847105b726085e02b/resolv.conf","HostnamePath":"/var/lib/docker/containers/0739339bbc624082fb5e41f62f4a622236ffe4974bf12b2847105b726085e02b/hostname","HostsPath":"/var/lib/docker/containers/0739339bbc624082fb5e41f62f4a622236ffe4974bf12b2847105b726085e02b/hosts","LogPath":"/var/lib/docker/containers/0739339bbc624082fb5e41f62f4a622236ffe4974bf12b2847105b726085e02b/0739339bbc624082fb5e41f62f4a622236ffe4974bf12b2847105b726085e02b-json.log","Name":"/intelligent_galileo","RestartCount":0,"Driver":"overlay2","Platform":"linux","MountLabel":"","ProcessLabel":"","AppArmorProfile":"docker-default","ExecIDs":null,"HostConfig":{"Binds":[],"ContainerIDFile":"","LogConfig":{"Type":"json-file","Config":{}},"NetworkMode":"default","PortBindings":{"3306/tcp":[{"HostIp":"","HostPort":""}]},"RestartPolicy":{"Name":"","MaximumRetryCount":0},"AutoRemove":false,"VolumeDriver":"","VolumesFrom":[],"ConsoleSize":[0,0],"CapAdd":null,"CapDrop":null,"CgroupnsMode":"private","Dns":null,"DnsOptions":null,"DnsSearch":null,"ExtraHosts":[],"GroupAdd":null,"IpcMode":"shareable","Cgroup":"","Links":null,"OomScoreAdj":0,"PidMode":"","Privileged":false,"PublishAllPorts":false,"ReadonlyRootfs":false,"SecurityOpt":null,"UTSMode":"","UsernsMode":"","ShmSize":67108864,"Runtime":"runc","Isolation":"","CpuShares":0,"Memory":0,"NanoCpus":0,"CgroupParent":"","BlkioWeight":0,"BlkioWeightDevice":null,"BlkioDeviceReadBps":null,"BlkioDeviceWriteBps":null,"BlkioDeviceReadIOps":null,"BlkioDeviceWriteIOps":null,"CpuPeriod":0,"CpuQuota":0,"CpuRealtimePeriod":0,"CpuRealtimeRuntime":0,"CpusetCpus":"","CpusetMems":"","Devices":null,"DeviceCgroupRules":null,"DeviceRequests":null,"MemoryReservation":0,"MemorySwap":0,"MemorySwappiness":null,"OomKillDisable":null,"PidsLimit":null,"Ulimits":null,"CpuCount":0,"CpuPercent":0,"IOMaximumIOps":0,"IOMaximumBandwidth":0,"MaskedPaths":["/proc/asound","/proc/acpi","/proc/kcore","/proc/keys","/proc/latency_stats","/proc/timer_list","/proc/timer_stats","/proc/sched_debug","/proc/scsi","/sys/firmware"],"ReadonlyPaths":["/proc/bus","/proc/fs","/proc/irq","/proc/sys","/proc/sysrq-trigger"]},"GraphDriver":{"Data":{"LowerDir":"/var/lib/docker/overlay2/b481eee7843c17772ada1734203524b4de76785735a50d4c68703d497db0e4ed-init/diff:/var/lib/docker/overlay2/4c6e20f032f02b27a9272f982861dc21998197aa90d94ed3bef95d449380247c/diff:/var/lib/docker/overlay2/0c75f828f603eff839bb3ca448163ab2a8017e86625ac255cd3dbf1673ddac26/diff:/var/lib/docker/overlay2/da128d897fda75829109844ce6cd9d73d0f54c682e735100af000ce899908729/diff:/var/lib/docker/overlay2/b678a1f261bf323afba6d76d91ab7428bdd6e1ef4a39b5224e4a1afd08c0423a/diff:/var/lib/docker/overlay2/1bec43b14875c5f9f814f146e8e31aa78566689c2c163da2ac60a32254988437/diff:/var/lib/docker/overlay2/28f4b1e6e1a7a2dbe30f1f94fb42bccd85a61faf8af1fe30a5bb0d442c525e41/diff:/var/lib/docker/overlay2/0f493124464c291d7c97d2633d5dff04b1dce5de904cb40a34dfbe7fe72e3fd4/diff:/var/lib/docker/overlay2/05befbee9e38cd670e1786b3310e99796dcc06abbed970007b4109a5424843fa/diff:/var/lib/docker/overlay2/582bcca9acfc4eef25109e1e1b9c9d104f355798455bc73e855c99283887a6e8/diff:/var/lib/docker/overlay2/153b3bf0b69e97e8f0e5533414a31ca33fa530e63d174c9617621abe46e7e9d1/diff:/var/lib/docker/overlay2/bf87a76c0a38875ee6e915fd0d2527eafa880ec6bf2c1cb294959428c18d10bd/diff","MergedDir":"/var/lib/docker/overlay2/b481eee7843c17772ada1734203524b4de76785735a50d4c68703d497db0e4ed/merged","UpperDir":"/var/lib/docker/overlay2/b481eee7843c17772ada1734203524b4de76785735a50d4c68703d497db0e4ed/diff","WorkDir":"/var/lib/docker/overlay2/b481eee7843c17772ada1734203524b4de76785735a50d4c68703d497db0e4ed/work"},"Name":"overlay2"},"Mounts":[{"Type":"volume","Name":"ec40278114b76af7b6535b952e685e04a98a51fa16363f5e9f0df1ce601f1dd5","Source":"/var/lib/docker/volumes/ec40278114b76af7b6535b952e685e04a98a51fa16363f5e9f0df1ce601f1dd5/_data","Destination":"/var/lib/mysql","Driver":"local","Mode":"","RW":true,"Propagation":""}],"Config":{"Hostname":"0739339bbc62","Domainname":"","User":"","AttachStdin":false,"AttachStdout":false,"AttachStderr":false,"ExposedPorts":{"3306/tcp":{}},"Tty":false,"OpenStdin":false,"StdinOnce":false,"Env":["MYSQL_DATABASE=test","MYSQL_PASSWORD=test","MYSQL_USER=test","MYSQL_ROOT_PASSWORD=test","PATH=/usr/local/sbin:/usr/local/bin:/usr/sbin:/usr/bin:/sbin:/bin","GOSU_VERSION=1.7","MYSQL_MAJOR=8.0","MYSQL_VERSION=8.0.0-dmr-1debian8"],"Cmd":["mysqld"],"Image":"mysql:8.0.0","Volumes":{"/var/lib/mysql":{}},"WorkingDir":"","Entrypoint":["docker-entrypoint.sh"],"OnBuild":null,"Labels":{"org.testcontainers":"true","org.testcontainers.lang":"java","org.testcontainers.sessionId":"f1b696c1-ec3f-4f95-afa8-081853be7ccb","org.testcontainers.version":"1.18.0"}},"NetworkSettings":{"Bridge":"","SandboxID":"d265e68e2afe307f1ab03fab083f2c0477cba31e9f26759f52b94e045d1847fb","HairpinMode":false,"LinkLocalIPv6Address":"","LinkLocalIPv6PrefixLen":0,"Ports":{"3306/tcp":[{"HostIp":"0.0.0.0","HostPort":"32782"},{"HostIp":"::","HostPort":"32782"}]},"SandboxKey":"/var/run/docker/netns/d265e68e2afe","SecondaryIPAddresses":null,"SecondaryIPv6Addresses":null,"EndpointID":"97b4c81a7665dcad3863174204db678dde492e2a2b2f11f6ef1c683b5d76146b","Gateway":"172.17.0.1","GlobalIPv6Address":"","GlobalIPv6PrefixLen":0,"IPAddress":"172.17.0.3","IPPrefixLen":16,"IPv6Gateway":"","MacAddress":"02:42:ac:11:00:03","Networks":{"bridge":{"IPAMConfig":null,"Links":null,"Aliases":null,"NetworkID":"e1a078e12eb8d77b497ed932f7fb43787eeb6ff6972febd7d03c9282b8b5cd45","EndpointID":"97b4c81a7665dcad3863174204db678dde492e2a2b2f11f6ef1c683b5d76146b","Gateway":"172.17.0.1","IPAddress":"172.17.0.3","IPPrefixLen":16,"IPv6Gateway":"","GlobalIPv6Address":"","GlobalIPv6PrefixLen":0,"MacAddress":"02:42:ac:11:00:03","DriverOpts":null}}}}[\n]"
&amp#27;[0;39m2023-05-08 13:19:02,549 [main] &amp#27;[39mDEBUG&amp#27;[0;39m &amp#27;[36mc.g.d.z.s.o.a.hc.client5.http.wire&amp#27;[0;39m - &amp#27;[32mhttp-outgoing-1 << "[\r][\n]"
&amp#27;[0;39m2023-05-08 13:19:02,549 [main] &amp#27;[39mDEBUG&amp#27;[0;39m &amp#27;[36mc.g.d.z.s.o.a.hc.client5.http.wire&amp#27;[0;39m - &amp#27;[32mhttp-outgoing-1 << "0[\r][\n]"
&amp#27;[0;39m2023-05-08 13:19:02,549 [main] &amp#27;[39mDEBUG&amp#27;[0;39m &amp#27;[36mc.g.d.z.s.o.a.hc.client5.http.wire&amp#27;[0;39m - &amp#27;[32mhttp-outgoing-1 << "[\r][\n]"
&amp#27;[0;39m2023-05-08 13:19:02,549 [main] &amp#27;[39mDEBUG&amp#27;[0;39m &amp#27;[36mc.g.d.z.s.o.a.h.client5.http.headers&amp#27;[0;39m - &amp#27;[32mhttp-outgoing-1 << HTTP/1.1 200 OK
&amp#27;[0;39m2023-05-08 13:19:02,549 [main] &amp#27;[39mDEBUG&amp#27;[0;39m &amp#27;[36mc.g.d.z.s.o.a.h.client5.http.headers&amp#27;[0;39m - &amp#27;[32mhttp-outgoing-1 << Api-Version: 1.42
&amp#27;[0;39m2023-05-08 13:19:02,549 [main] &amp#27;[39mDEBUG&amp#27;[0;39m &amp#27;[36mc.g.d.z.s.o.a.h.client5.http.headers&amp#27;[0;39m - &amp#27;[32mhttp-outgoing-1 << Content-Type: application/json
&amp#27;[0;39m2023-05-08 13:19:02,549 [main] &amp#27;[39mDEBUG&amp#27;[0;39m &amp#27;[36mc.g.d.z.s.o.a.h.client5.http.headers&amp#27;[0;39m - &amp#27;[32mhttp-outgoing-1 << Docker-Experimental: false
&amp#27;[0;39m2023-05-08 13:19:02,549 [main] &amp#27;[39mDEBUG&amp#27;[0;39m &amp#27;[36mc.g.d.z.s.o.a.h.client5.http.headers&amp#27;[0;39m - &amp#27;[32mhttp-outgoing-1 << Ostype: linux
&amp#27;[0;39m2023-05-08 13:19:02,549 [main] &amp#27;[39mDEBUG&amp#27;[0;39m &amp#27;[36mc.g.d.z.s.o.a.h.client5.http.headers&amp#27;[0;39m - &amp#27;[32mhttp-outgoing-1 << Server: Docker/23.0.5 (linux)
&amp#27;[0;39m2023-05-08 13:19:02,549 [main] &amp#27;[39mDEBUG&amp#27;[0;39m &amp#27;[36mc.g.d.z.s.o.a.h.client5.http.headers&amp#27;[0;39m - &amp#27;[32mhttp-outgoing-1 << Date: Mon, 08 May 2023 11:19:02 GMT
&amp#27;[0;39m2023-05-08 13:19:02,549 [main] &amp#27;[39mDEBUG&amp#27;[0;39m &amp#27;[36mc.g.d.z.s.o.a.h.client5.http.headers&amp#27;[0;39m - &amp#27;[32mhttp-outgoing-1 << Transfer-Encoding: chunked
&amp#27;[0;39m2023-05-08 13:19:02,550 [main] &amp#27;[39mDEBUG&amp#27;[0;39m &amp#27;[36mc.g.d.z.s.o.a.h.c.h.i.c.MainClientExec&amp#27;[0;39m - &amp#27;[32mex-00000062: connection can be kept alive for 3 MINUTES
&amp#27;[0;39m2023-05-08 13:19:02,550 [main] &amp#27;[39mDEBUG&amp#27;[0;39m &amp#27;[36mc.g.d.z.s.o.a.h.c.h.i.c.InternalHttpClient&amp#27;[0;39m - &amp#27;[32mep-00000061: releasing valid endpoint
&amp#27;[0;39m2023-05-08 13:19:02,550 [main] &amp#27;[39mDEBUG&amp#27;[0;39m &amp#27;[36mc.g.d.z.s.o.a.h.c.h.i.i.PoolingHttpClientConnectionManager&amp#27;[0;39m - &amp#27;[32mep-00000061: releasing endpoint
&amp#27;[0;39m2023-05-08 13:19:02,550 [main] &amp#27;[39mDEBUG&amp#27;[0;39m &amp#27;[36mc.g.d.z.s.o.a.h.c.h.i.i.PoolingHttpClientConnectionManager&amp#27;[0;39m - &amp#27;[32mep-00000061: connection http-outgoing-1 can be kept alive for 3 MINUTES
&amp#27;[0;39m2023-05-08 13:19:02,550 [main] &amp#27;[39mDEBUG&amp#27;[0;39m &amp#27;[36mc.g.d.z.s.o.a.h.c.h.i.i.PoolingHttpClientConnectionManager&amp#27;[0;39m - &amp#27;[32mep-00000061: connection released [route: {}->unix://localhost:2375][total available: 1; route allocated: 1 of 2147483647; total allocated: 1 of 2147483647]
&amp#27;[0;39m2023-05-08 13:19:02,550 [main] &amp#27;[39mDEBUG&amp#27;[0;39m &amp#27;[36mtc.mysql:8.0.0&amp#27;[0;39m - &amp#27;[32mTrying to create JDBC connection using com.mysql.cj.jdbc.Driver to jdbc:mysql://localhost:32782/test?useSSL=false&allowPublicKeyRetrieval=true with properties: {password=test, user=test}
&amp#27;[0;39m2023-05-08 13:19:02,651 [main] &amp#27;[39mDEBUG&amp#27;[0;39m &amp#27;[36mo.t.s.c.g.d.c.command.AbstrDockerCmd&amp#27;[0;39m - &amp#27;[32mCmd: 0739339bbc624082fb5e41f62f4a622236ffe4974bf12b2847105b726085e02b,false
&amp#27;[0;39m2023-05-08 13:19:02,651 [main] &amp#27;[39mDEBUG&amp#27;[0;39m &amp#27;[36mo.t.s.c.g.d.c.e.InspectContainerCmdExec&amp#27;[0;39m - &amp#27;[32mGET: DefaultWebTarget{path=[/containers/0739339bbc624082fb5e41f62f4a622236ffe4974bf12b2847105b726085e02b/json], queryParams={}}
&amp#27;[0;39m2023-05-08 13:19:02,652 [main] &amp#27;[39mDEBUG&amp#27;[0;39m &amp#27;[36mc.g.d.z.s.o.a.h.c.h.i.c.InternalHttpClient&amp#27;[0;39m - &amp#27;[32mex-00000063: preparing request execution
&amp#27;[0;39m2023-05-08 13:19:02,652 [main] &amp#27;[39mDEBUG&amp#27;[0;39m &amp#27;[36mc.g.d.z.s.o.a.h.c.h.p.RequestAddCookies&amp#27;[0;39m - &amp#27;[32mCookie spec selected: strict
&amp#27;[0;39m2023-05-08 13:19:02,652 [main] &amp#27;[39mDEBUG&amp#27;[0;39m &amp#27;[36mc.g.d.z.s.o.a.h.c.h.p.RequestAuthCache&amp#27;[0;39m - &amp#27;[32mAuth cache not set in the context
&amp#27;[0;39m2023-05-08 13:19:02,652 [main] &amp#27;[39mDEBUG&amp#27;[0;39m &amp#27;[36mc.g.d.z.s.o.a.h.c.h.i.c.ProtocolExec&amp#27;[0;39m - &amp#27;[32mex-00000063: target auth state: UNCHALLENGED
&amp#27;[0;39m2023-05-08 13:19:02,652 [main] &amp#27;[39mDEBUG&amp#27;[0;39m &amp#27;[36mc.g.d.z.s.o.a.h.c.h.i.c.ProtocolExec&amp#27;[0;39m - &amp#27;[32mex-00000063: proxy auth state: UNCHALLENGED
&amp#27;[0;39m2023-05-08 13:19:02,652 [main] &amp#27;[39mDEBUG&amp#27;[0;39m &amp#27;[36mc.g.d.z.s.o.a.h.c.h.i.c.ConnectExec&amp#27;[0;39m - &amp#27;[32mex-00000063: acquiring connection with route {}->unix://localhost:2375
&amp#27;[0;39m2023-05-08 13:19:02,652 [main] &amp#27;[39mDEBUG&amp#27;[0;39m &amp#27;[36mc.g.d.z.s.o.a.h.c.h.i.c.InternalHttpClient&amp#27;[0;39m - &amp#27;[32mex-00000063: acquiring endpoint (3 MINUTES)
&amp#27;[0;39m2023-05-08 13:19:02,652 [main] &amp#27;[39mDEBUG&amp#27;[0;39m &amp#27;[36mc.g.d.z.s.o.a.h.c.h.i.i.PoolingHttpClientConnectionManager&amp#27;[0;39m - &amp#27;[32mex-00000063: endpoint lease request (3 MINUTES) [route: {}->unix://localhost:2375][total available: 1; route allocated: 1 of 2147483647; total allocated: 1 of 2147483647]
&amp#27;[0;39m2023-05-08 13:19:02,652 [main] &amp#27;[39mDEBUG&amp#27;[0;39m &amp#27;[36mc.g.d.z.s.o.a.h.c.h.i.i.PoolingHttpClientConnectionManager&amp#27;[0;39m - &amp#27;[32mex-00000063: endpoint leased [route: {}->unix://localhost:2375][total available: 0; route allocated: 1 of 2147483647; total allocated: 1 of 2147483647]
&amp#27;[0;39m2023-05-08 13:19:02,652 [main] &amp#27;[39mDEBUG&amp#27;[0;39m &amp#27;[36mc.g.d.z.s.o.a.h.c.h.i.i.PoolingHttpClientConnectionManager&amp#27;[0;39m - &amp#27;[32mex-00000063: acquired ep-00000062
&amp#27;[0;39m2023-05-08 13:19:02,652 [main] &amp#27;[39mDEBUG&amp#27;[0;39m &amp#27;[36mc.g.d.z.s.o.a.h.c.h.i.c.InternalHttpClient&amp#27;[0;39m - &amp#27;[32mex-00000063: acquired endpoint ep-00000062
&amp#27;[0;39m2023-05-08 13:19:02,652 [main] &amp#27;[39mDEBUG&amp#27;[0;39m &amp#27;[36mc.g.d.z.s.o.a.h.c.h.i.c.MainClientExec&amp#27;[0;39m - &amp#27;[32mex-00000063: executing GET /v1.32/containers/0739339bbc624082fb5e41f62f4a622236ffe4974bf12b2847105b726085e02b/json HTTP/1.1
&amp#27;[0;39m2023-05-08 13:19:02,652 [main] &amp#27;[39mDEBUG&amp#27;[0;39m &amp#27;[36mc.g.d.z.s.o.a.h.c.h.i.c.InternalHttpClient&amp#27;[0;39m - &amp#27;[32mep-00000062: start execution ex-00000063
&amp#27;[0;39m2023-05-08 13:19:02,652 [main] &amp#27;[39mDEBUG&amp#27;[0;39m &amp#27;[36mc.g.d.z.s.o.a.h.c.h.i.i.PoolingHttpClientConnectionManager&amp#27;[0;39m - &amp#27;[32mep-00000062: executing exchange ex-00000063 over http-outgoing-1
&amp#27;[0;39m2023-05-08 13:19:02,652 [main] &amp#27;[39mDEBUG&amp#27;[0;39m &amp#27;[36mc.g.d.z.s.o.a.h.client5.http.headers&amp#27;[0;39m - &amp#27;[32mhttp-outgoing-1 >> GET /v1.32/containers/0739339bbc624082fb5e41f62f4a622236ffe4974bf12b2847105b726085e02b/json HTTP/1.1
&amp#27;[0;39m2023-05-08 13:19:02,652 [main] &amp#27;[39mDEBUG&amp#27;[0;39m &amp#27;[36mc.g.d.z.s.o.a.h.client5.http.headers&amp#27;[0;39m - &amp#27;[32mhttp-outgoing-1 >> accept: application/json
&amp#27;[0;39m2023-05-08 13:19:02,652 [main] &amp#27;[39mDEBUG&amp#27;[0;39m &amp#27;[36mc.g.d.z.s.o.a.h.client5.http.headers&amp#27;[0;39m - &amp#27;[32mhttp-outgoing-1 >> x-tc-sid: f1b696c1-ec3f-4f95-afa8-081853be7ccb
&amp#27;[0;39m2023-05-08 13:19:02,652 [main] &amp#27;[39mDEBUG&amp#27;[0;39m &amp#27;[36mc.g.d.z.s.o.a.h.client5.http.headers&amp#27;[0;39m - &amp#27;[32mhttp-outgoing-1 >> Accept-Encoding: gzip, x-gzip, deflate
&amp#27;[0;39m2023-05-08 13:19:02,652 [main] &amp#27;[39mDEBUG&amp#27;[0;39m &amp#27;[36mc.g.d.z.s.o.a.h.client5.http.headers&amp#27;[0;39m - &amp#27;[32mhttp-outgoing-1 >> Host: localhost:2375
&amp#27;[0;39m2023-05-08 13:19:02,652 [main] &amp#27;[39mDEBUG&amp#27;[0;39m &amp#27;[36mc.g.d.z.s.o.a.h.client5.http.headers&amp#27;[0;39m - &amp#27;[32mhttp-outgoing-1 >> Connection: keep-alive
&amp#27;[0;39m2023-05-08 13:19:02,652 [main] &amp#27;[39mDEBUG&amp#27;[0;39m &amp#27;[36mc.g.d.z.s.o.a.h.client5.http.headers&amp#27;[0;39m - &amp#27;[32mhttp-outgoing-1 >> User-Agent: Apache-HttpClient/5.0.3 (Java/17.0.6)
&amp#27;[0;39m2023-05-08 13:19:02,652 [main] &amp#27;[39mDEBUG&amp#27;[0;39m &amp#27;[36mc.g.d.z.s.o.a.hc.client5.http.wire&amp#27;[0;39m - &amp#27;[32mhttp-outgoing-1 >> "GET /v1.32/containers/0739339bbc624082fb5e41f62f4a622236ffe4974bf12b2847105b726085e02b/json HTTP/1.1[\r][\n]"
&amp#27;[0;39m2023-05-08 13:19:02,652 [main] &amp#27;[39mDEBUG&amp#27;[0;39m &amp#27;[36mc.g.d.z.s.o.a.hc.client5.http.wire&amp#27;[0;39m - &amp#27;[32mhttp-outgoing-1 >> "accept: application/json[\r][\n]"
&amp#27;[0;39m2023-05-08 13:19:02,652 [main] &amp#27;[39mDEBUG&amp#27;[0;39m &amp#27;[36mc.g.d.z.s.o.a.hc.client5.http.wire&amp#27;[0;39m - &amp#27;[32mhttp-outgoing-1 >> "x-tc-sid: f1b696c1-ec3f-4f95-afa8-081853be7ccb[\r][\n]"
&amp#27;[0;39m2023-05-08 13:19:02,652 [main] &amp#27;[39mDEBUG&amp#27;[0;39m &amp#27;[36mc.g.d.z.s.o.a.hc.client5.http.wire&amp#27;[0;39m - &amp#27;[32mhttp-outgoing-1 >> "Accept-Encoding: gzip, x-gzip, deflate[\r][\n]"
&amp#27;[0;39m2023-05-08 13:19:02,652 [main] &amp#27;[39mDEBUG&amp#27;[0;39m &amp#27;[36mc.g.d.z.s.o.a.hc.client5.http.wire&amp#27;[0;39m - &amp#27;[32mhttp-outgoing-1 >> "Host: localhost:2375[\r][\n]"
&amp#27;[0;39m2023-05-08 13:19:02,652 [main] &amp#27;[39mDEBUG&amp#27;[0;39m &amp#27;[36mc.g.d.z.s.o.a.hc.client5.http.wire&amp#27;[0;39m - &amp#27;[32mhttp-outgoing-1 >> "Connection: keep-alive[\r][\n]"
&amp#27;[0;39m2023-05-08 13:19:02,652 [main] &amp#27;[39mDEBUG&amp#27;[0;39m &amp#27;[36mc.g.d.z.s.o.a.hc.client5.http.wire&amp#27;[0;39m - &amp#27;[32mhttp-outgoing-1 >> "User-Agent: Apache-HttpClient/5.0.3 (Java/17.0.6)[\r][\n]"
&amp#27;[0;39m2023-05-08 13:19:02,652 [main] &amp#27;[39mDEBUG&amp#27;[0;39m &amp#27;[36mc.g.d.z.s.o.a.hc.client5.http.wire&amp#27;[0;39m - &amp#27;[32mhttp-outgoing-1 >> "[\r][\n]"
&amp#27;[0;39m2023-05-08 13:19:02,653 [main] &amp#27;[39mDEBUG&amp#27;[0;39m &amp#27;[36mc.g.d.z.s.o.a.hc.client5.http.wire&amp#27;[0;39m - &amp#27;[32mhttp-outgoing-1 << "HTTP/1.1 200 OK[\r][\n]"
&amp#27;[0;39m2023-05-08 13:19:02,653 [main] &amp#27;[39mDEBUG&amp#27;[0;39m &amp#27;[36mc.g.d.z.s.o.a.hc.client5.http.wire&amp#27;[0;39m - &amp#27;[32mhttp-outgoing-1 << "Api-Version: 1.42[\r][\n]"
&amp#27;[0;39m2023-05-08 13:19:02,653 [main] &amp#27;[39mDEBUG&amp#27;[0;39m &amp#27;[36mc.g.d.z.s.o.a.hc.client5.http.wire&amp#27;[0;39m - &amp#27;[32mhttp-outgoing-1 << "Content-Type: application/json[\r][\n]"
&amp#27;[0;39m2023-05-08 13:19:02,653 [main] &amp#27;[39mDEBUG&amp#27;[0;39m &amp#27;[36mc.g.d.z.s.o.a.hc.client5.http.wire&amp#27;[0;39m - &amp#27;[32mhttp-outgoing-1 << "Docker-Experimental: false[\r][\n]"
&amp#27;[0;39m2023-05-08 13:19:02,653 [main] &amp#27;[39mDEBUG&amp#27;[0;39m &amp#27;[36mc.g.d.z.s.o.a.hc.client5.http.wire&amp#27;[0;39m - &amp#27;[32mhttp-outgoing-1 << "Ostype: linux[\r][\n]"
&amp#27;[0;39m2023-05-08 13:19:02,653 [main] &amp#27;[39mDEBUG&amp#27;[0;39m &amp#27;[36mc.g.d.z.s.o.a.hc.client5.http.wire&amp#27;[0;39m - &amp#27;[32mhttp-outgoing-1 << "Server: Docker/23.0.5 (linux)[\r][\n]"
&amp#27;[0;39m2023-05-08 13:19:02,653 [main] &amp#27;[39mDEBUG&amp#27;[0;39m &amp#27;[36mc.g.d.z.s.o.a.hc.client5.http.wire&amp#27;[0;39m - &amp#27;[32mhttp-outgoing-1 << "Date: Mon, 08 May 2023 11:19:02 GMT[\r][\n]"
&amp#27;[0;39m2023-05-08 13:19:02,653 [main] &amp#27;[39mDEBUG&amp#27;[0;39m &amp#27;[36mc.g.d.z.s.o.a.hc.client5.http.wire&amp#27;[0;39m - &amp#27;[32mhttp-outgoing-1 << "Transfer-Encoding: chunked[\r][\n]"
&amp#27;[0;39m2023-05-08 13:19:02,653 [main] &amp#27;[39mDEBUG&amp#27;[0;39m &amp#27;[36mc.g.d.z.s.o.a.hc.client5.http.wire&amp#27;[0;39m - &amp#27;[32mhttp-outgoing-1 << "[\r][\n]"
&amp#27;[0;39m2023-05-08 13:19:02,653 [main] &amp#27;[39mDEBUG&amp#27;[0;39m &amp#27;[36mc.g.d.z.s.o.a.hc.client5.http.wire&amp#27;[0;39m - &amp#27;[32mhttp-outgoing-1 << "1893[\r][\n]"
&amp#27;[0;39m2023-05-08 13:19:02,653 [main] &amp#27;[39mDEBUG&amp#27;[0;39m &amp#27;[36mc.g.d.z.s.o.a.hc.client5.http.wire&amp#27;[0;39m - &amp#27;[32mhttp-outgoing-1 << "{"Id":"0739339bbc624082fb5e41f62f4a622236ffe4974bf12b2847105b726085e02b","Created":"2023-05-08T11:19:01.771856188Z","Path":"docker-entrypoint.sh","Args":["mysqld"],"State":{"Status":"running","Running":true,"Paused":false,"Restarting":false,"OOMKilled":false,"Dead":false,"Pid":59514,"ExitCode":0,"Error":"","StartedAt":"2023-05-08T11:19:02.113674386Z","FinishedAt":"0001-01-01T00:00:00Z"},"Image":"sha256:228d71078f8ce5ae9fd96b183f88c3a90e30544b4b7ce9d64a238d05fef2a681","ResolvConfPath":"/var/lib/docker/containers/0739339bbc624082fb5e41f62f4a622236ffe4974bf12b2847105b726085e02b/resolv.conf","HostnamePath":"/var/lib/docker/containers/0739339bbc624082fb5e41f62f4a622236ffe4974bf12b2847105b726085e02b/hostname","HostsPath":"/var/lib/docker/containers/0739339bbc624082fb5e41f62f4a622236ffe4974bf12b2847105b726085e02b/hosts","LogPath":"/var/lib/docker/containers/0739339bbc624082fb5e41f62f4a622236ffe4974bf12b2847105b726085e02b/0739339bbc624082fb5e41f62f4a622236ffe4974bf12b2847105b726085e02b-json.log","Name":"/intelligent_galileo","RestartCount":0,"Driver":"overlay2","Platform":"linux","MountLabel":"","ProcessLabel":"","AppArmorProfile":"docker-default","ExecIDs":null,"HostConfig":{"Binds":[],"ContainerIDFile":"","LogConfig":{"Type":"json-file","Config":{}},"NetworkMode":"default","PortBindings":{"3306/tcp":[{"HostIp":"","HostPort":""}]},"RestartPolicy":{"Name":"","MaximumRetryCount":0},"AutoRemove":false,"VolumeDriver":"","VolumesFrom":[],"ConsoleSize":[0,0],"CapAdd":null,"CapDrop":null,"CgroupnsMode":"private","Dns":null,"DnsOptions":null,"DnsSearch":null,"ExtraHosts":[],"GroupAdd":null,"IpcMode":"shareable","Cgroup":"","Links":null,"OomScoreAdj":0,"PidMode":"","Privileged":false,"PublishAllPorts":false,"ReadonlyRootfs":false,"SecurityOpt":null,"UTSMode":"","UsernsMode":"","ShmSize":67108864,"Runtime":"runc","Isolation":"","CpuShares":0,"Memory":0,"NanoCpus":0,"CgroupParent":"","BlkioWeight":0,"BlkioWeightDevice":null,"BlkioDeviceReadBps":null,"BlkioDeviceWriteBps":null,"BlkioDeviceReadIOps":null,"BlkioDeviceWriteIOps":null,"CpuPeriod":0,"CpuQuota":0,"CpuRealtimePeriod":0,"CpuRealtimeRuntime":0,"CpusetCpus":"","CpusetMems":"","Devices":null,"DeviceCgroupRules":null,"DeviceRequests":null,"MemoryReservation":0,"MemorySwap":0,"MemorySwappiness":null,"OomKillDisable":null,"PidsLimit":null,"Ulimits":null,"CpuCount":0,"CpuPercent":0,"IOMaximumIOps":0,"IOMaximumBandwidth":0,"MaskedPaths":["/proc/asound","/proc/acpi","/proc/kcore","/proc/keys","/proc/latency_stats","/proc/timer_list","/proc/timer_stats","/proc/sched_debug","/proc/scsi","/sys/firmware"],"ReadonlyPaths":["/proc/bus","/proc/fs","/proc/irq","/proc/sys","/proc/sysrq-trigger"]},"GraphDriver":{"Data":{"LowerDir":"/var/lib/docker/overlay2/b481eee7843c17772ada1734203524b4de76785735a50d4c68703d497db0e4ed-init/diff:/var/lib/docker/overlay2/4c6e20f032f02b27a9272f982861dc21998197aa90d94ed3bef95d449380247c/diff:/var/lib/docker/overlay2/0c75f828f603eff839bb3ca448163ab2a8017e86625ac255cd3dbf1673ddac26/diff:/var/lib/docker/overlay2/da128d897fda75829109844ce6cd9d73d0f54c682e735100af000ce899908729/diff:/var/lib/docker/overlay2/b678a1f261bf323afba6d76d91ab7428bdd6e1ef4a39b5224e4a1afd08c0423a/diff:/var/lib/docker/overlay2/1bec43b14875c5f9f814f146e8e31aa78566689c2c163da2ac60a32254988437/diff:/var/lib/docker/overlay2/28f4b1e6e1a7a2dbe30f1f94fb42bccd85a61faf8af1fe30a5bb0d442c525e41/diff:/var/lib/docker/overlay2/0f493124464c291d7c97d2633d5dff04b1dce5de904cb40a34dfbe7fe72e3fd4/diff:/var/lib/docker/overlay2/05befbee9e38cd670e1786b3310e99796dcc06abbed970007b4109a5424843fa/diff:/var/lib/docker/overlay2/582bcca9acfc4eef25109e1e1b9c9d104f355798455bc73e855c99283887a6e8/diff:/var/lib/docker/overlay2/153b3bf0b69e97e8f0e5533414a31ca33fa530e63d174c9617621abe46e7e9d1/diff:/var/lib/docker/overlay2/bf87a76c0a38875ee6e915fd0d2527eafa880ec6bf2c1cb294959428c18d10bd/diff","MergedDir":"/var/lib/docker/overlay2/b481eee7843c17772ada1734203524b4de76785735a50d4c68703d497db0e4ed/merged","UpperDir":"/var/lib/docker/overlay2/b481eee7843c17772ada1734203524b4de76785735a50d4c68703d497db0e4ed/diff","WorkDir":"/var/lib/docker/overlay2/b481eee7843c17772ada1734203524b4de76785735a50d4c68703d497db0e4ed/work"},"Name":"overlay2"},"Mounts":[{"Type":"volume","Name":"ec40278114b76af7b6535b952e685e04a98a51fa16363f5e9f0df1ce601f1dd5","Source":"/var/lib/docker/volumes/ec40278114b76af7b6535b952e685e04a98a51fa16363f5e9f0df1ce601f1dd5/_data","Destination":"/var/lib/mysql","Driver":"local","Mode":"","RW":true,"Propagation":""}],"Config":{"Hostname":"0739339bbc62","Domainname":"","User":"","AttachStdin":false,"AttachStdout":false,"AttachStderr":false,"ExposedPorts":{"3306/tcp":{}},"Tty":false,"OpenStdin":false,"StdinOnce":false,"Env":["MYSQL_DATABASE=test","MYSQL_PASSWORD=test","MYSQL_USER=test","MYSQL_ROOT_PASSWORD=test","PATH=/usr/local/sbin:/usr/local/bin:/usr/sbin:/usr/bin:/sbin:/bin","GOSU_VERSION=1.7","MYSQL_MAJOR=8.0","MYSQL_VERSION=8.0.0-dmr-1debian8"],"Cmd":["mysqld"],"Image":"mysql:8.0.0","Volumes":{"/var/lib/mysql":{}},"WorkingDir":"","Entrypoint":["docker-entrypoint.sh"],"OnBuild":null,"Labels":{"org.testcontainers":"true","org.testcontainers.lang":"java","org.testcontainers.sessionId":"f1b696c1-ec3f-4f95-afa8-081853be7ccb","org.testcontainers.version":"1.18.0"}},"NetworkSettings":{"Bridge":"","SandboxID":"d265e68e2afe307f1ab03fab083f2c0477cba31e9f26759f52b94e045d1847fb","HairpinMode":false,"LinkLocalIPv6Address":"","LinkLocalIPv6PrefixLen":0,"Ports":{"3306/tcp":[{"HostIp":"0.0.0.0","HostPort":"32782"},{"HostIp":"::","HostPort":"32782"}]},"SandboxKey":"/var/run/docker/netns/d265e68e2afe","SecondaryIPAddresses":null,"SecondaryIPv6Addresses":null,"EndpointID":"97b4c81a7665dcad3863174204db678dde492e2a2b2f11f6ef1c683b5d76146b","Gateway":"172.17.0.1","GlobalIPv6Address":"","GlobalIPv6PrefixLen":0,"IPAddress":"172.17.0.3","IPPrefixLen":16,"IPv6Gateway":"","MacAddress":"02:42:ac:11:00:03","Networks":{"bridge":{"IPAMConfig":null,"Links":null,"Aliases":null,"NetworkID":"e1a078e12eb8d77b497ed932f7fb43787eeb6ff6972febd7d03c9282b8b5cd45","EndpointID":"97b4c81a7665dcad3863174204db678dde492e2a2b2f11f6ef1c683b5d76146b","Gateway":"172.17.0.1","IPAddress":"172.17.0.3","IPPrefixLen":16,"IPv6Gateway":"","GlobalIPv6Address":"","GlobalIPv6PrefixLen":0,"MacAddress":"02:42:ac:11:00:03","DriverOpts":null}}}}[\n]"
&amp#27;[0;39m2023-05-08 13:19:02,653 [main] &amp#27;[39mDEBUG&amp#27;[0;39m &amp#27;[36mc.g.d.z.s.o.a.hc.client5.http.wire&amp#27;[0;39m - &amp#27;[32mhttp-outgoing-1 << "[\r][\n]"
&amp#27;[0;39m2023-05-08 13:19:02,653 [main] &amp#27;[39mDEBUG&amp#27;[0;39m &amp#27;[36mc.g.d.z.s.o.a.hc.client5.http.wire&amp#27;[0;39m - &amp#27;[32mhttp-outgoing-1 << "0[\r][\n]"
&amp#27;[0;39m2023-05-08 13:19:02,653 [main] &amp#27;[39mDEBUG&amp#27;[0;39m &amp#27;[36mc.g.d.z.s.o.a.hc.client5.http.wire&amp#27;[0;39m - &amp#27;[32mhttp-outgoing-1 << "[\r][\n]"
&amp#27;[0;39m2023-05-08 13:19:02,653 [main] &amp#27;[39mDEBUG&amp#27;[0;39m &amp#27;[36mc.g.d.z.s.o.a.h.client5.http.headers&amp#27;[0;39m - &amp#27;[32mhttp-outgoing-1 << HTTP/1.1 200 OK
&amp#27;[0;39m2023-05-08 13:19:02,653 [main] &amp#27;[39mDEBUG&amp#27;[0;39m &amp#27;[36mc.g.d.z.s.o.a.h.client5.http.headers&amp#27;[0;39m - &amp#27;[32mhttp-outgoing-1 << Api-Version: 1.42
&amp#27;[0;39m2023-05-08 13:19:02,653 [main] &amp#27;[39mDEBUG&amp#27;[0;39m &amp#27;[36mc.g.d.z.s.o.a.h.client5.http.headers&amp#27;[0;39m - &amp#27;[32mhttp-outgoing-1 << Content-Type: application/json
&amp#27;[0;39m2023-05-08 13:19:02,653 [main] &amp#27;[39mDEBUG&amp#27;[0;39m &amp#27;[36mc.g.d.z.s.o.a.h.client5.http.headers&amp#27;[0;39m - &amp#27;[32mhttp-outgoing-1 << Docker-Experimental: false
&amp#27;[0;39m2023-05-08 13:19:02,653 [main] &amp#27;[39mDEBUG&amp#27;[0;39m &amp#27;[36mc.g.d.z.s.o.a.h.client5.http.headers&amp#27;[0;39m - &amp#27;[32mhttp-outgoing-1 << Ostype: linux
&amp#27;[0;39m2023-05-08 13:19:02,653 [main] &amp#27;[39mDEBUG&amp#27;[0;39m &amp#27;[36mc.g.d.z.s.o.a.h.client5.http.headers&amp#27;[0;39m - &amp#27;[32mhttp-outgoing-1 << Server: Docker/23.0.5 (linux)
&amp#27;[0;39m2023-05-08 13:19:02,653 [main] &amp#27;[39mDEBUG&amp#27;[0;39m &amp#27;[36mc.g.d.z.s.o.a.h.client5.http.headers&amp#27;[0;39m - &amp#27;[32mhttp-outgoing-1 << Date: Mon, 08 May 2023 11:19:02 GMT
&amp#27;[0;39m2023-05-08 13:19:02,653 [main] &amp#27;[39mDEBUG&amp#27;[0;39m &amp#27;[36mc.g.d.z.s.o.a.h.client5.http.headers&amp#27;[0;39m - &amp#27;[32mhttp-outgoing-1 << Transfer-Encoding: chunked
&amp#27;[0;39m2023-05-08 13:19:02,653 [main] &amp#27;[39mDEBUG&amp#27;[0;39m &amp#27;[36mc.g.d.z.s.o.a.h.c.h.i.c.MainClientExec&amp#27;[0;39m - &amp#27;[32mex-00000063: connection can be kept alive for 3 MINUTES
&amp#27;[0;39m2023-05-08 13:19:02,654 [main] &amp#27;[39mDEBUG&amp#27;[0;39m &amp#27;[36mc.g.d.z.s.o.a.h.c.h.i.c.InternalHttpClient&amp#27;[0;39m - &amp#27;[32mep-00000062: releasing valid endpoint
&amp#27;[0;39m2023-05-08 13:19:02,654 [main] &amp#27;[39mDEBUG&amp#27;[0;39m &amp#27;[36mc.g.d.z.s.o.a.h.c.h.i.i.PoolingHttpClientConnectionManager&amp#27;[0;39m - &amp#27;[32mep-00000062: releasing endpoint
&amp#27;[0;39m2023-05-08 13:19:02,654 [main] &amp#27;[39mDEBUG&amp#27;[0;39m &amp#27;[36mc.g.d.z.s.o.a.h.c.h.i.i.PoolingHttpClientConnectionManager&amp#27;[0;39m - &amp#27;[32mep-00000062: connection http-outgoing-1 can be kept alive for 3 MINUTES
&amp#27;[0;39m2023-05-08 13:19:02,654 [main] &amp#27;[39mDEBUG&amp#27;[0;39m &amp#27;[36mc.g.d.z.s.o.a.h.c.h.i.i.PoolingHttpClientConnectionManager&amp#27;[0;39m - &amp#27;[32mep-00000062: connection released [route: {}->unix://localhost:2375][total available: 1; route allocated: 1 of 2147483647; total allocated: 1 of 2147483647]
&amp#27;[0;39m2023-05-08 13:19:02,654 [main] &amp#27;[39mDEBUG&amp#27;[0;39m &amp#27;[36mtc.mysql:8.0.0&amp#27;[0;39m - &amp#27;[32mTrying to create JDBC connection using com.mysql.cj.jdbc.Driver to jdbc:mysql://localhost:32782/test?useSSL=false&allowPublicKeyRetrieval=true with properties: {password=test, user=test}
&amp#27;[0;39m2023-05-08 13:19:02,755 [main] &amp#27;[39mDEBUG&amp#27;[0;39m &amp#27;[36mo.t.s.c.g.d.c.command.AbstrDockerCmd&amp#27;[0;39m - &amp#27;[32mCmd: 0739339bbc624082fb5e41f62f4a622236ffe4974bf12b2847105b726085e02b,false
&amp#27;[0;39m2023-05-08 13:19:02,756 [main] &amp#27;[39mDEBUG&amp#27;[0;39m &amp#27;[36mo.t.s.c.g.d.c.e.InspectContainerCmdExec&amp#27;[0;39m - &amp#27;[32mGET: DefaultWebTarget{path=[/containers/0739339bbc624082fb5e41f62f4a622236ffe4974bf12b2847105b726085e02b/json], queryParams={}}
&amp#27;[0;39m2023-05-08 13:19:02,756 [main] &amp#27;[39mDEBUG&amp#27;[0;39m &amp#27;[36mc.g.d.z.s.o.a.h.c.h.i.c.InternalHttpClient&amp#27;[0;39m - &amp#27;[32mex-00000064: preparing request execution
&amp#27;[0;39m2023-05-08 13:19:02,756 [main] &amp#27;[39mDEBUG&amp#27;[0;39m &amp#27;[36mc.g.d.z.s.o.a.h.c.h.p.RequestAddCookies&amp#27;[0;39m - &amp#27;[32mCookie spec selected: strict
&amp#27;[0;39m2023-05-08 13:19:02,756 [main] &amp#27;[39mDEBUG&amp#27;[0;39m &amp#27;[36mc.g.d.z.s.o.a.h.c.h.p.RequestAuthCache&amp#27;[0;39m - &amp#27;[32mAuth cache not set in the context
&amp#27;[0;39m2023-05-08 13:19:02,756 [main] &amp#27;[39mDEBUG&amp#27;[0;39m &amp#27;[36mc.g.d.z.s.o.a.h.c.h.i.c.ProtocolExec&amp#27;[0;39m - &amp#27;[32mex-00000064: target auth state: UNCHALLENGED
&amp#27;[0;39m2023-05-08 13:19:02,756 [main] &amp#27;[39mDEBUG&amp#27;[0;39m &amp#27;[36mc.g.d.z.s.o.a.h.c.h.i.c.ProtocolExec&amp#27;[0;39m - &amp#27;[32mex-00000064: proxy auth state: UNCHALLENGED
&amp#27;[0;39m2023-05-08 13:19:02,756 [main] &amp#27;[39mDEBUG&amp#27;[0;39m &amp#27;[36mc.g.d.z.s.o.a.h.c.h.i.c.ConnectExec&amp#27;[0;39m - &amp#27;[32mex-00000064: acquiring connection with route {}->unix://localhost:2375
&amp#27;[0;39m2023-05-08 13:19:02,756 [main] &amp#27;[39mDEBUG&amp#27;[0;39m &amp#27;[36mc.g.d.z.s.o.a.h.c.h.i.c.InternalHttpClient&amp#27;[0;39m - &amp#27;[32mex-00000064: acquiring endpoint (3 MINUTES)
&amp#27;[0;39m2023-05-08 13:19:02,756 [main] &amp#27;[39mDEBUG&amp#27;[0;39m &amp#27;[36mc.g.d.z.s.o.a.h.c.h.i.i.PoolingHttpClientConnectionManager&amp#27;[0;39m - &amp#27;[32mex-00000064: endpoint lease request (3 MINUTES) [route: {}->unix://localhost:2375][total available: 1; route allocated: 1 of 2147483647; total allocated: 1 of 2147483647]
&amp#27;[0;39m2023-05-08 13:19:02,756 [main] &amp#27;[39mDEBUG&amp#27;[0;39m &amp#27;[36mc.g.d.z.s.o.a.h.c.h.i.i.PoolingHttpClientConnectionManager&amp#27;[0;39m - &amp#27;[32mex-00000064: endpoint leased [route: {}->unix://localhost:2375][total available: 0; route allocated: 1 of 2147483647; total allocated: 1 of 2147483647]
&amp#27;[0;39m2023-05-08 13:19:02,756 [main] &amp#27;[39mDEBUG&amp#27;[0;39m &amp#27;[36mc.g.d.z.s.o.a.h.c.h.i.i.PoolingHttpClientConnectionManager&amp#27;[0;39m - &amp#27;[32mex-00000064: acquired ep-00000063
&amp#27;[0;39m2023-05-08 13:19:02,756 [main] &amp#27;[39mDEBUG&amp#27;[0;39m &amp#27;[36mc.g.d.z.s.o.a.h.c.h.i.c.InternalHttpClient&amp#27;[0;39m - &amp#27;[32mex-00000064: acquired endpoint ep-00000063
&amp#27;[0;39m2023-05-08 13:19:02,756 [main] &amp#27;[39mDEBUG&amp#27;[0;39m &amp#27;[36mc.g.d.z.s.o.a.h.c.h.i.c.MainClientExec&amp#27;[0;39m - &amp#27;[32mex-00000064: executing GET /v1.32/containers/0739339bbc624082fb5e41f62f4a622236ffe4974bf12b2847105b726085e02b/json HTTP/1.1
&amp#27;[0;39m2023-05-08 13:19:02,756 [main] &amp#27;[39mDEBUG&amp#27;[0;39m &amp#27;[36mc.g.d.z.s.o.a.h.c.h.i.c.InternalHttpClient&amp#27;[0;39m - &amp#27;[32mep-00000063: start execution ex-00000064
&amp#27;[0;39m2023-05-08 13:19:02,756 [main] &amp#27;[39mDEBUG&amp#27;[0;39m &amp#27;[36mc.g.d.z.s.o.a.h.c.h.i.i.PoolingHttpClientConnectionManager&amp#27;[0;39m - &amp#27;[32mep-00000063: executing exchange ex-00000064 over http-outgoing-1
&amp#27;[0;39m2023-05-08 13:19:02,756 [main] &amp#27;[39mDEBUG&amp#27;[0;39m &amp#27;[36mc.g.d.z.s.o.a.h.client5.http.headers&amp#27;[0;39m - &amp#27;[32mhttp-outgoing-1 >> GET /v1.32/containers/0739339bbc624082fb5e41f62f4a622236ffe4974bf12b2847105b726085e02b/json HTTP/1.1
&amp#27;[0;39m2023-05-08 13:19:02,756 [main] &amp#27;[39mDEBUG&amp#27;[0;39m &amp#27;[36mc.g.d.z.s.o.a.h.client5.http.headers&amp#27;[0;39m - &amp#27;[32mhttp-outgoing-1 >> accept: application/json
&amp#27;[0;39m2023-05-08 13:19:02,756 [main] &amp#27;[39mDEBUG&amp#27;[0;39m &amp#27;[36mc.g.d.z.s.o.a.h.client5.http.headers&amp#27;[0;39m - &amp#27;[32mhttp-outgoing-1 >> x-tc-sid: f1b696c1-ec3f-4f95-afa8-081853be7ccb
&amp#27;[0;39m2023-05-08 13:19:02,756 [main] &amp#27;[39mDEBUG&amp#27;[0;39m &amp#27;[36mc.g.d.z.s.o.a.h.client5.http.headers&amp#27;[0;39m - &amp#27;[32mhttp-outgoing-1 >> Accept-Encoding: gzip, x-gzip, deflate
&amp#27;[0;39m2023-05-08 13:19:02,756 [main] &amp#27;[39mDEBUG&amp#27;[0;39m &amp#27;[36mc.g.d.z.s.o.a.h.client5.http.headers&amp#27;[0;39m - &amp#27;[32mhttp-outgoing-1 >> Host: localhost:2375
&amp#27;[0;39m2023-05-08 13:19:02,756 [main] &amp#27;[39mDEBUG&amp#27;[0;39m &amp#27;[36mc.g.d.z.s.o.a.h.client5.http.headers&amp#27;[0;39m - &amp#27;[32mhttp-outgoing-1 >> Connection: keep-alive
&amp#27;[0;39m2023-05-08 13:19:02,756 [main] &amp#27;[39mDEBUG&amp#27;[0;39m &amp#27;[36mc.g.d.z.s.o.a.h.client5.http.headers&amp#27;[0;39m - &amp#27;[32mhttp-outgoing-1 >> User-Agent: Apache-HttpClient/5.0.3 (Java/17.0.6)
&amp#27;[0;39m2023-05-08 13:19:02,756 [main] &amp#27;[39mDEBUG&amp#27;[0;39m &amp#27;[36mc.g.d.z.s.o.a.hc.client5.http.wire&amp#27;[0;39m - &amp#27;[32mhttp-outgoing-1 >> "GET /v1.32/containers/0739339bbc624082fb5e41f62f4a622236ffe4974bf12b2847105b726085e02b/json HTTP/1.1[\r][\n]"
&amp#27;[0;39m2023-05-08 13:19:02,756 [main] &amp#27;[39mDEBUG&amp#27;[0;39m &amp#27;[36mc.g.d.z.s.o.a.hc.client5.http.wire&amp#27;[0;39m - &amp#27;[32mhttp-outgoing-1 >> "accept: application/json[\r][\n]"
&amp#27;[0;39m2023-05-08 13:19:02,756 [main] &amp#27;[39mDEBUG&amp#27;[0;39m &amp#27;[36mc.g.d.z.s.o.a.hc.client5.http.wire&amp#27;[0;39m - &amp#27;[32mhttp-outgoing-1 >> "x-tc-sid: f1b696c1-ec3f-4f95-afa8-081853be7ccb[\r][\n]"
&amp#27;[0;39m2023-05-08 13:19:02,756 [main] &amp#27;[39mDEBUG&amp#27;[0;39m &amp#27;[36mc.g.d.z.s.o.a.hc.client5.http.wire&amp#27;[0;39m - &amp#27;[32mhttp-outgoing-1 >> "Accept-Encoding: gzip, x-gzip, deflate[\r][\n]"
&amp#27;[0;39m2023-05-08 13:19:02,756 [main] &amp#27;[39mDEBUG&amp#27;[0;39m &amp#27;[36mc.g.d.z.s.o.a.hc.client5.http.wire&amp#27;[0;39m - &amp#27;[32mhttp-outgoing-1 >> "Host: localhost:2375[\r][\n]"
&amp#27;[0;39m2023-05-08 13:19:02,756 [main] &amp#27;[39mDEBUG&amp#27;[0;39m &amp#27;[36mc.g.d.z.s.o.a.hc.client5.http.wire&amp#27;[0;39m - &amp#27;[32mhttp-outgoing-1 >> "Connection: keep-alive[\r][\n]"
&amp#27;[0;39m2023-05-08 13:19:02,756 [main] &amp#27;[39mDEBUG&amp#27;[0;39m &amp#27;[36mc.g.d.z.s.o.a.hc.client5.http.wire&amp#27;[0;39m - &amp#27;[32mhttp-outgoing-1 >> "User-Agent: Apache-HttpClient/5.0.3 (Java/17.0.6)[\r][\n]"
&amp#27;[0;39m2023-05-08 13:19:02,756 [main] &amp#27;[39mDEBUG&amp#27;[0;39m &amp#27;[36mc.g.d.z.s.o.a.hc.client5.http.wire&amp#27;[0;39m - &amp#27;[32mhttp-outgoing-1 >> "[\r][\n]"
&amp#27;[0;39m2023-05-08 13:19:02,757 [main] &amp#27;[39mDEBUG&amp#27;[0;39m &amp#27;[36mc.g.d.z.s.o.a.hc.client5.http.wire&amp#27;[0;39m - &amp#27;[32mhttp-outgoing-1 << "HTTP/1.1 200 OK[\r][\n]"
&amp#27;[0;39m2023-05-08 13:19:02,757 [main] &amp#27;[39mDEBUG&amp#27;[0;39m &amp#27;[36mc.g.d.z.s.o.a.hc.client5.http.wire&amp#27;[0;39m - &amp#27;[32mhttp-outgoing-1 << "Api-Version: 1.42[\r][\n]"
&amp#27;[0;39m2023-05-08 13:19:02,757 [main] &amp#27;[39mDEBUG&amp#27;[0;39m &amp#27;[36mc.g.d.z.s.o.a.hc.client5.http.wire&amp#27;[0;39m - &amp#27;[32mhttp-outgoing-1 << "Content-Type: application/json[\r][\n]"
&amp#27;[0;39m2023-05-08 13:19:02,757 [main] &amp#27;[39mDEBUG&amp#27;[0;39m &amp#27;[36mc.g.d.z.s.o.a.hc.client5.http.wire&amp#27;[0;39m - &amp#27;[32mhttp-outgoing-1 << "Docker-Experimental: false[\r][\n]"
&amp#27;[0;39m2023-05-08 13:19:02,757 [main] &amp#27;[39mDEBUG&amp#27;[0;39m &amp#27;[36mc.g.d.z.s.o.a.hc.client5.http.wire&amp#27;[0;39m - &amp#27;[32mhttp-outgoing-1 << "Ostype: linux[\r][\n]"
&amp#27;[0;39m2023-05-08 13:19:02,757 [main] &amp#27;[39mDEBUG&amp#27;[0;39m &amp#27;[36mc.g.d.z.s.o.a.hc.client5.http.wire&amp#27;[0;39m - &amp#27;[32mhttp-outgoing-1 << "Server: Docker/23.0.5 (linux)[\r][\n]"
&amp#27;[0;39m2023-05-08 13:19:02,757 [main] &amp#27;[39mDEBUG&amp#27;[0;39m &amp#27;[36mc.g.d.z.s.o.a.hc.client5.http.wire&amp#27;[0;39m - &amp#27;[32mhttp-outgoing-1 << "Date: Mon, 08 May 2023 11:19:02 GMT[\r][\n]"
&amp#27;[0;39m2023-05-08 13:19:02,757 [main] &amp#27;[39mDEBUG&amp#27;[0;39m &amp#27;[36mc.g.d.z.s.o.a.hc.client5.http.wire&amp#27;[0;39m - &amp#27;[32mhttp-outgoing-1 << "Transfer-Encoding: chunked[\r][\n]"
&amp#27;[0;39m2023-05-08 13:19:02,757 [main] &amp#27;[39mDEBUG&amp#27;[0;39m &amp#27;[36mc.g.d.z.s.o.a.hc.client5.http.wire&amp#27;[0;39m - &amp#27;[32mhttp-outgoing-1 << "[\r][\n]"
&amp#27;[0;39m2023-05-08 13:19:02,757 [main] &amp#27;[39mDEBUG&amp#27;[0;39m &amp#27;[36mc.g.d.z.s.o.a.hc.client5.http.wire&amp#27;[0;39m - &amp#27;[32mhttp-outgoing-1 << "1893[\r][\n]"
&amp#27;[0;39m2023-05-08 13:19:02,757 [main] &amp#27;[39mDEBUG&amp#27;[0;39m &amp#27;[36mc.g.d.z.s.o.a.hc.client5.http.wire&amp#27;[0;39m - &amp#27;[32mhttp-outgoing-1 << "{"Id":"0739339bbc624082fb5e41f62f4a622236ffe4974bf12b2847105b726085e02b","Created":"2023-05-08T11:19:01.771856188Z","Path":"docker-entrypoint.sh","Args":["mysqld"],"State":{"Status":"running","Running":true,"Paused":false,"Restarting":false,"OOMKilled":false,"Dead":false,"Pid":59514,"ExitCode":0,"Error":"","StartedAt":"2023-05-08T11:19:02.113674386Z","FinishedAt":"0001-01-01T00:00:00Z"},"Image":"sha256:228d71078f8ce5ae9fd96b183f88c3a90e30544b4b7ce9d64a238d05fef2a681","ResolvConfPath":"/var/lib/docker/containers/0739339bbc624082fb5e41f62f4a622236ffe4974bf12b2847105b726085e02b/resolv.conf","HostnamePath":"/var/lib/docker/containers/0739339bbc624082fb5e41f62f4a622236ffe4974bf12b2847105b726085e02b/hostname","HostsPath":"/var/lib/docker/containers/0739339bbc624082fb5e41f62f4a622236ffe4974bf12b2847105b726085e02b/hosts","LogPath":"/var/lib/docker/containers/0739339bbc624082fb5e41f62f4a622236ffe4974bf12b2847105b726085e02b/0739339bbc624082fb5e41f62f4a622236ffe4974bf12b2847105b726085e02b-json.log","Name":"/intelligent_galileo","RestartCount":0,"Driver":"overlay2","Platform":"linux","MountLabel":"","ProcessLabel":"","AppArmorProfile":"docker-default","ExecIDs":null,"HostConfig":{"Binds":[],"ContainerIDFile":"","LogConfig":{"Type":"json-file","Config":{}},"NetworkMode":"default","PortBindings":{"3306/tcp":[{"HostIp":"","HostPort":""}]},"RestartPolicy":{"Name":"","MaximumRetryCount":0},"AutoRemove":false,"VolumeDriver":"","VolumesFrom":[],"ConsoleSize":[0,0],"CapAdd":null,"CapDrop":null,"CgroupnsMode":"private","Dns":null,"DnsOptions":null,"DnsSearch":null,"ExtraHosts":[],"GroupAdd":null,"IpcMode":"shareable","Cgroup":"","Links":null,"OomScoreAdj":0,"PidMode":"","Privileged":false,"PublishAllPorts":false,"ReadonlyRootfs":false,"SecurityOpt":null,"UTSMode":"","UsernsMode":"","ShmSize":67108864,"Runtime":"runc","Isolation":"","CpuShares":0,"Memory":0,"NanoCpus":0,"CgroupParent":"","BlkioWeight":0,"BlkioWeightDevice":null,"BlkioDeviceReadBps":null,"BlkioDeviceWriteBps":null,"BlkioDeviceReadIOps":null,"BlkioDeviceWriteIOps":null,"CpuPeriod":0,"CpuQuota":0,"CpuRealtimePeriod":0,"CpuRealtimeRuntime":0,"CpusetCpus":"","CpusetMems":"","Devices":null,"DeviceCgroupRules":null,"DeviceRequests":null,"MemoryReservation":0,"MemorySwap":0,"MemorySwappiness":null,"OomKillDisable":null,"PidsLimit":null,"Ulimits":null,"CpuCount":0,"CpuPercent":0,"IOMaximumIOps":0,"IOMaximumBandwidth":0,"MaskedPaths":["/proc/asound","/proc/acpi","/proc/kcore","/proc/keys","/proc/latency_stats","/proc/timer_list","/proc/timer_stats","/proc/sched_debug","/proc/scsi","/sys/firmware"],"ReadonlyPaths":["/proc/bus","/proc/fs","/proc/irq","/proc/sys","/proc/sysrq-trigger"]},"GraphDriver":{"Data":{"LowerDir":"/var/lib/docker/overlay2/b481eee7843c17772ada1734203524b4de76785735a50d4c68703d497db0e4ed-init/diff:/var/lib/docker/overlay2/4c6e20f032f02b27a9272f982861dc21998197aa90d94ed3bef95d449380247c/diff:/var/lib/docker/overlay2/0c75f828f603eff839bb3ca448163ab2a8017e86625ac255cd3dbf1673ddac26/diff:/var/lib/docker/overlay2/da128d897fda75829109844ce6cd9d73d0f54c682e735100af000ce899908729/diff:/var/lib/docker/overlay2/b678a1f261bf323afba6d76d91ab7428bdd6e1ef4a39b5224e4a1afd08c0423a/diff:/var/lib/docker/overlay2/1bec43b14875c5f9f814f146e8e31aa78566689c2c163da2ac60a32254988437/diff:/var/lib/docker/overlay2/28f4b1e6e1a7a2dbe30f1f94fb42bccd85a61faf8af1fe30a5bb0d442c525e41/diff:/var/lib/docker/overlay2/0f493124464c291d7c97d2633d5dff04b1dce5de904cb40a34dfbe7fe72e3fd4/diff:/var/lib/docker/overlay2/05befbee9e38cd670e1786b3310e99796dcc06abbed970007b4109a5424843fa/diff:/var/lib/docker/overlay2/582bcca9acfc4eef25109e1e1b9c9d104f355798455bc73e855c99283887a6e8/diff:/var/lib/docker/overlay2/153b3bf0b69e97e8f0e5533414a31ca33fa530e63d174c9617621abe46e7e9d1/diff:/var/lib/docker/overlay2/bf87a76c0a38875ee6e915fd0d2527eafa880ec6bf2c1cb294959428c18d10bd/diff","MergedDir":"/var/lib/docker/overlay2/b481eee7843c17772ada1734203524b4de76785735a50d4c68703d497db0e4ed/merged","UpperDir":"/var/lib/docker/overlay2/b481eee7843c17772ada1734203524b4de76785735a50d4c68703d497db0e4ed/diff","WorkDir":"/var/lib/docker/overlay2/b481eee7843c17772ada1734203524b4de76785735a50d4c68703d497db0e4ed/work"},"Name":"overlay2"},"Mounts":[{"Type":"volume","Name":"ec40278114b76af7b6535b952e685e04a98a51fa16363f5e9f0df1ce601f1dd5","Source":"/var/lib/docker/volumes/ec40278114b76af7b6535b952e685e04a98a51fa16363f5e9f0df1ce601f1dd5/_data","Destination":"/var/lib/mysql","Driver":"local","Mode":"","RW":true,"Propagation":""}],"Config":{"Hostname":"0739339bbc62","Domainname":"","User":"","AttachStdin":false,"AttachStdout":false,"AttachStderr":false,"ExposedPorts":{"3306/tcp":{}},"Tty":false,"OpenStdin":false,"StdinOnce":false,"Env":["MYSQL_DATABASE=test","MYSQL_PASSWORD=test","MYSQL_USER=test","MYSQL_ROOT_PASSWORD=test","PATH=/usr/local/sbin:/usr/local/bin:/usr/sbin:/usr/bin:/sbin:/bin","GOSU_VERSION=1.7","MYSQL_MAJOR=8.0","MYSQL_VERSION=8.0.0-dmr-1debian8"],"Cmd":["mysqld"],"Image":"mysql:8.0.0","Volumes":{"/var/lib/mysql":{}},"WorkingDir":"","Entrypoint":["docker-entrypoint.sh"],"OnBuild":null,"Labels":{"org.testcontainers":"true","org.testcontainers.lang":"java","org.testcontainers.sessionId":"f1b696c1-ec3f-4f95-afa8-081853be7ccb","org.testcontainers.version":"1.18.0"}},"NetworkSettings":{"Bridge":"","SandboxID":"d265e68e2afe307f1ab03fab083f2c0477cba31e9f26759f52b94e045d1847fb","HairpinMode":false,"LinkLocalIPv6Address":"","LinkLocalIPv6PrefixLen":0,"Ports":{"3306/tcp":[{"HostIp":"0.0.0.0","HostPort":"32782"},{"HostIp":"::","HostPort":"32782"}]},"SandboxKey":"/var/run/docker/netns/d265e68e2afe","SecondaryIPAddresses":null,"SecondaryIPv6Addresses":null,"EndpointID":"97b4c81a7665dcad3863174204db678dde492e2a2b2f11f6ef1c683b5d76146b","Gateway":"172.17.0.1","GlobalIPv6Address":"","GlobalIPv6PrefixLen":0,"IPAddress":"172.17.0.3","IPPrefixLen":16,"IPv6Gateway":"","MacAddress":"02:42:ac:11:00:03","Networks":{"bridge":{"IPAMConfig":null,"Links":null,"Aliases":null,"NetworkID":"e1a078e12eb8d77b497ed932f7fb43787eeb6ff6972febd7d03c9282b8b5cd45","EndpointID":"97b4c81a7665dcad3863174204db678dde492e2a2b2f11f6ef1c683b5d76146b","Gateway":"172.17.0.1","IPAddress":"172.17.0.3","IPPrefixLen":16,"IPv6Gateway":"","GlobalIPv6Address":"","GlobalIPv6PrefixLen":0,"MacAddress":"02:42:ac:11:00:03","DriverOpts":null}}}}[\n]"
&amp#27;[0;39m2023-05-08 13:19:02,757 [main] &amp#27;[39mDEBUG&amp#27;[0;39m &amp#27;[36mc.g.d.z.s.o.a.hc.client5.http.wire&amp#27;[0;39m - &amp#27;[32mhttp-outgoing-1 << "[\r][\n]"
&amp#27;[0;39m2023-05-08 13:19:02,757 [main] &amp#27;[39mDEBUG&amp#27;[0;39m &amp#27;[36mc.g.d.z.s.o.a.hc.client5.http.wire&amp#27;[0;39m - &amp#27;[32mhttp-outgoing-1 << "0[\r][\n]"
&amp#27;[0;39m2023-05-08 13:19:02,757 [main] &amp#27;[39mDEBUG&amp#27;[0;39m &amp#27;[36mc.g.d.z.s.o.a.hc.client5.http.wire&amp#27;[0;39m - &amp#27;[32mhttp-outgoing-1 << "[\r][\n]"
&amp#27;[0;39m2023-05-08 13:19:02,757 [main] &amp#27;[39mDEBUG&amp#27;[0;39m &amp#27;[36mc.g.d.z.s.o.a.h.client5.http.headers&amp#27;[0;39m - &amp#27;[32mhttp-outgoing-1 << HTTP/1.1 200 OK
&amp#27;[0;39m2023-05-08 13:19:02,757 [main] &amp#27;[39mDEBUG&amp#27;[0;39m &amp#27;[36mc.g.d.z.s.o.a.h.client5.http.headers&amp#27;[0;39m - &amp#27;[32mhttp-outgoing-1 << Api-Version: 1.42
&amp#27;[0;39m2023-05-08 13:19:02,757 [main] &amp#27;[39mDEBUG&amp#27;[0;39m &amp#27;[36mc.g.d.z.s.o.a.h.client5.http.headers&amp#27;[0;39m - &amp#27;[32mhttp-outgoing-1 << Content-Type: application/json
&amp#27;[0;39m2023-05-08 13:19:02,757 [main] &amp#27;[39mDEBUG&amp#27;[0;39m &amp#27;[36mc.g.d.z.s.o.a.h.client5.http.headers&amp#27;[0;39m - &amp#27;[32mhttp-outgoing-1 << Docker-Experimental: false
&amp#27;[0;39m2023-05-08 13:19:02,757 [main] &amp#27;[39mDEBUG&amp#27;[0;39m &amp#27;[36mc.g.d.z.s.o.a.h.client5.http.headers&amp#27;[0;39m - &amp#27;[32mhttp-outgoing-1 << Ostype: linux
&amp#27;[0;39m2023-05-08 13:19:02,757 [main] &amp#27;[39mDEBUG&amp#27;[0;39m &amp#27;[36mc.g.d.z.s.o.a.h.client5.http.headers&amp#27;[0;39m - &amp#27;[32mhttp-outgoing-1 << Server: Docker/23.0.5 (linux)
&amp#27;[0;39m2023-05-08 13:19:02,757 [main] &amp#27;[39mDEBUG&amp#27;[0;39m &amp#27;[36mc.g.d.z.s.o.a.h.client5.http.headers&amp#27;[0;39m - &amp#27;[32mhttp-outgoing-1 << Date: Mon, 08 May 2023 11:19:02 GMT
&amp#27;[0;39m2023-05-08 13:19:02,757 [main] &amp#27;[39mDEBUG&amp#27;[0;39m &amp#27;[36mc.g.d.z.s.o.a.h.client5.http.headers&amp#27;[0;39m - &amp#27;[32mhttp-outgoing-1 << Transfer-Encoding: chunked
&amp#27;[0;39m2023-05-08 13:19:02,757 [main] &amp#27;[39mDEBUG&amp#27;[0;39m &amp#27;[36mc.g.d.z.s.o.a.h.c.h.i.c.MainClientExec&amp#27;[0;39m - &amp#27;[32mex-00000064: connection can be kept alive for 3 MINUTES
&amp#27;[0;39m2023-05-08 13:19:02,757 [main] &amp#27;[39mDEBUG&amp#27;[0;39m &amp#27;[36mc.g.d.z.s.o.a.h.c.h.i.c.InternalHttpClient&amp#27;[0;39m - &amp#27;[32mep-00000063: releasing valid endpoint
&amp#27;[0;39m2023-05-08 13:19:02,757 [main] &amp#27;[39mDEBUG&amp#27;[0;39m &amp#27;[36mc.g.d.z.s.o.a.h.c.h.i.i.PoolingHttpClientConnectionManager&amp#27;[0;39m - &amp#27;[32mep-00000063: releasing endpoint
&amp#27;[0;39m2023-05-08 13:19:02,757 [main] &amp#27;[39mDEBUG&amp#27;[0;39m &amp#27;[36mc.g.d.z.s.o.a.h.c.h.i.i.PoolingHttpClientConnectionManager&amp#27;[0;39m - &amp#27;[32mep-00000063: connection http-outgoing-1 can be kept alive for 3 MINUTES
&amp#27;[0;39m2023-05-08 13:19:02,757 [main] &amp#27;[39mDEBUG&amp#27;[0;39m &amp#27;[36mc.g.d.z.s.o.a.h.c.h.i.i.PoolingHttpClientConnectionManager&amp#27;[0;39m - &amp#27;[32mep-00000063: connection released [route: {}->unix://localhost:2375][total available: 1; route allocated: 1 of 2147483647; total allocated: 1 of 2147483647]
&amp#27;[0;39m2023-05-08 13:19:02,757 [main] &amp#27;[39mDEBUG&amp#27;[0;39m &amp#27;[36mtc.mysql:8.0.0&amp#27;[0;39m - &amp#27;[32mTrying to create JDBC connection using com.mysql.cj.jdbc.Driver to jdbc:mysql://localhost:32782/test?useSSL=false&allowPublicKeyRetrieval=true with properties: {password=test, user=test}
&amp#27;[0;39m2023-05-08 13:19:02,858 [main] &amp#27;[39mDEBUG&amp#27;[0;39m &amp#27;[36mo.t.s.c.g.d.c.command.AbstrDockerCmd&amp#27;[0;39m - &amp#27;[32mCmd: 0739339bbc624082fb5e41f62f4a622236ffe4974bf12b2847105b726085e02b,false
&amp#27;[0;39m2023-05-08 13:19:02,859 [main] &amp#27;[39mDEBUG&amp#27;[0;39m &amp#27;[36mo.t.s.c.g.d.c.e.InspectContainerCmdExec&amp#27;[0;39m - &amp#27;[32mGET: DefaultWebTarget{path=[/containers/0739339bbc624082fb5e41f62f4a622236ffe4974bf12b2847105b726085e02b/json], queryParams={}}
&amp#27;[0;39m2023-05-08 13:19:02,859 [main] &amp#27;[39mDEBUG&amp#27;[0;39m &amp#27;[36mc.g.d.z.s.o.a.h.c.h.i.c.InternalHttpClient&amp#27;[0;39m - &amp#27;[32mex-00000065: preparing request execution
&amp#27;[0;39m2023-05-08 13:19:02,859 [main] &amp#27;[39mDEBUG&amp#27;[0;39m &amp#27;[36mc.g.d.z.s.o.a.h.c.h.p.RequestAddCookies&amp#27;[0;39m - &amp#27;[32mCookie spec selected: strict
&amp#27;[0;39m2023-05-08 13:19:02,859 [main] &amp#27;[39mDEBUG&amp#27;[0;39m &amp#27;[36mc.g.d.z.s.o.a.h.c.h.p.RequestAuthCache&amp#27;[0;39m - &amp#27;[32mAuth cache not set in the context
&amp#27;[0;39m2023-05-08 13:19:02,859 [main] &amp#27;[39mDEBUG&amp#27;[0;39m &amp#27;[36mc.g.d.z.s.o.a.h.c.h.i.c.ProtocolExec&amp#27;[0;39m - &amp#27;[32mex-00000065: target auth state: UNCHALLENGED
&amp#27;[0;39m2023-05-08 13:19:02,859 [main] &amp#27;[39mDEBUG&amp#27;[0;39m &amp#27;[36mc.g.d.z.s.o.a.h.c.h.i.c.ProtocolExec&amp#27;[0;39m - &amp#27;[32mex-00000065: proxy auth state: UNCHALLENGED
&amp#27;[0;39m2023-05-08 13:19:02,859 [main] &amp#27;[39mDEBUG&amp#27;[0;39m &amp#27;[36mc.g.d.z.s.o.a.h.c.h.i.c.ConnectExec&amp#27;[0;39m - &amp#27;[32mex-00000065: acquiring connection with route {}->unix://localhost:2375
&amp#27;[0;39m2023-05-08 13:19:02,859 [main] &amp#27;[39mDEBUG&amp#27;[0;39m &amp#27;[36mc.g.d.z.s.o.a.h.c.h.i.c.InternalHttpClient&amp#27;[0;39m - &amp#27;[32mex-00000065: acquiring endpoint (3 MINUTES)
&amp#27;[0;39m2023-05-08 13:19:02,859 [main] &amp#27;[39mDEBUG&amp#27;[0;39m &amp#27;[36mc.g.d.z.s.o.a.h.c.h.i.i.PoolingHttpClientConnectionManager&amp#27;[0;39m - &amp#27;[32mex-00000065: endpoint lease request (3 MINUTES) [route: {}->unix://localhost:2375][total available: 1; route allocated: 1 of 2147483647; total allocated: 1 of 2147483647]
&amp#27;[0;39m2023-05-08 13:19:02,859 [main] &amp#27;[39mDEBUG&amp#27;[0;39m &amp#27;[36mc.g.d.z.s.o.a.h.c.h.i.i.PoolingHttpClientConnectionManager&amp#27;[0;39m - &amp#27;[32mex-00000065: endpoint leased [route: {}->unix://localhost:2375][total available: 0; route allocated: 1 of 2147483647; total allocated: 1 of 2147483647]
&amp#27;[0;39m2023-05-08 13:19:02,859 [main] &amp#27;[39mDEBUG&amp#27;[0;39m &amp#27;[36mc.g.d.z.s.o.a.h.c.h.i.i.PoolingHttpClientConnectionManager&amp#27;[0;39m - &amp#27;[32mex-00000065: acquired ep-00000064
&amp#27;[0;39m2023-05-08 13:19:02,859 [main] &amp#27;[39mDEBUG&amp#27;[0;39m &amp#27;[36mc.g.d.z.s.o.a.h.c.h.i.c.InternalHttpClient&amp#27;[0;39m - &amp#27;[32mex-00000065: acquired endpoint ep-00000064
&amp#27;[0;39m2023-05-08 13:19:02,859 [main] &amp#27;[39mDEBUG&amp#27;[0;39m &amp#27;[36mc.g.d.z.s.o.a.h.c.h.i.c.MainClientExec&amp#27;[0;39m - &amp#27;[32mex-00000065: executing GET /v1.32/containers/0739339bbc624082fb5e41f62f4a622236ffe4974bf12b2847105b726085e02b/json HTTP/1.1
&amp#27;[0;39m2023-05-08 13:19:02,859 [main] &amp#27;[39mDEBUG&amp#27;[0;39m &amp#27;[36mc.g.d.z.s.o.a.h.c.h.i.c.InternalHttpClient&amp#27;[0;39m - &amp#27;[32mep-00000064: start execution ex-00000065
&amp#27;[0;39m2023-05-08 13:19:02,859 [main] &amp#27;[39mDEBUG&amp#27;[0;39m &amp#27;[36mc.g.d.z.s.o.a.h.c.h.i.i.PoolingHttpClientConnectionManager&amp#27;[0;39m - &amp#27;[32mep-00000064: executing exchange ex-00000065 over http-outgoing-1
&amp#27;[0;39m2023-05-08 13:19:02,859 [main] &amp#27;[39mDEBUG&amp#27;[0;39m &amp#27;[36mc.g.d.z.s.o.a.h.client5.http.headers&amp#27;[0;39m - &amp#27;[32mhttp-outgoing-1 >> GET /v1.32/containers/0739339bbc624082fb5e41f62f4a622236ffe4974bf12b2847105b726085e02b/json HTTP/1.1
&amp#27;[0;39m2023-05-08 13:19:02,859 [main] &amp#27;[39mDEBUG&amp#27;[0;39m &amp#27;[36mc.g.d.z.s.o.a.h.client5.http.headers&amp#27;[0;39m - &amp#27;[32mhttp-outgoing-1 >> accept: application/json
&amp#27;[0;39m2023-05-08 13:19:02,859 [main] &amp#27;[39mDEBUG&amp#27;[0;39m &amp#27;[36mc.g.d.z.s.o.a.h.client5.http.headers&amp#27;[0;39m - &amp#27;[32mhttp-outgoing-1 >> x-tc-sid: f1b696c1-ec3f-4f95-afa8-081853be7ccb
&amp#27;[0;39m2023-05-08 13:19:02,859 [main] &amp#27;[39mDEBUG&amp#27;[0;39m &amp#27;[36mc.g.d.z.s.o.a.h.client5.http.headers&amp#27;[0;39m - &amp#27;[32mhttp-outgoing-1 >> Accept-Encoding: gzip, x-gzip, deflate
&amp#27;[0;39m2023-05-08 13:19:02,859 [main] &amp#27;[39mDEBUG&amp#27;[0;39m &amp#27;[36mc.g.d.z.s.o.a.h.client5.http.headers&amp#27;[0;39m - &amp#27;[32mhttp-outgoing-1 >> Host: localhost:2375
&amp#27;[0;39m2023-05-08 13:19:02,859 [main] &amp#27;[39mDEBUG&amp#27;[0;39m &amp#27;[36mc.g.d.z.s.o.a.h.client5.http.headers&amp#27;[0;39m - &amp#27;[32mhttp-outgoing-1 >> Connection: keep-alive
&amp#27;[0;39m2023-05-08 13:19:02,859 [main] &amp#27;[39mDEBUG&amp#27;[0;39m &amp#27;[36mc.g.d.z.s.o.a.h.client5.http.headers&amp#27;[0;39m - &amp#27;[32mhttp-outgoing-1 >> User-Agent: Apache-HttpClient/5.0.3 (Java/17.0.6)
&amp#27;[0;39m2023-05-08 13:19:02,859 [main] &amp#27;[39mDEBUG&amp#27;[0;39m &amp#27;[36mc.g.d.z.s.o.a.hc.client5.http.wire&amp#27;[0;39m - &amp#27;[32mhttp-outgoing-1 >> "GET /v1.32/containers/0739339bbc624082fb5e41f62f4a622236ffe4974bf12b2847105b726085e02b/json HTTP/1.1[\r][\n]"
&amp#27;[0;39m2023-05-08 13:19:02,859 [main] &amp#27;[39mDEBUG&amp#27;[0;39m &amp#27;[36mc.g.d.z.s.o.a.hc.client5.http.wire&amp#27;[0;39m - &amp#27;[32mhttp-outgoing-1 >> "accept: application/json[\r][\n]"
&amp#27;[0;39m2023-05-08 13:19:02,859 [main] &amp#27;[39mDEBUG&amp#27;[0;39m &amp#27;[36mc.g.d.z.s.o.a.hc.client5.http.wire&amp#27;[0;39m - &amp#27;[32mhttp-outgoing-1 >> "x-tc-sid: f1b696c1-ec3f-4f95-afa8-081853be7ccb[\r][\n]"
&amp#27;[0;39m2023-05-08 13:19:02,859 [main] &amp#27;[39mDEBUG&amp#27;[0;39m &amp#27;[36mc.g.d.z.s.o.a.hc.client5.http.wire&amp#27;[0;39m - &amp#27;[32mhttp-outgoing-1 >> "Accept-Encoding: gzip, x-gzip, deflate[\r][\n]"
&amp#27;[0;39m2023-05-08 13:19:02,859 [main] &amp#27;[39mDEBUG&amp#27;[0;39m &amp#27;[36mc.g.d.z.s.o.a.hc.client5.http.wire&amp#27;[0;39m - &amp#27;[32mhttp-outgoing-1 >> "Host: localhost:2375[\r][\n]"
&amp#27;[0;39m2023-05-08 13:19:02,859 [main] &amp#27;[39mDEBUG&amp#27;[0;39m &amp#27;[36mc.g.d.z.s.o.a.hc.client5.http.wire&amp#27;[0;39m - &amp#27;[32mhttp-outgoing-1 >> "Connection: keep-alive[\r][\n]"
&amp#27;[0;39m2023-05-08 13:19:02,859 [main] &amp#27;[39mDEBUG&amp#27;[0;39m &amp#27;[36mc.g.d.z.s.o.a.hc.client5.http.wire&amp#27;[0;39m - &amp#27;[32mhttp-outgoing-1 >> "User-Agent: Apache-HttpClient/5.0.3 (Java/17.0.6)[\r][\n]"
&amp#27;[0;39m2023-05-08 13:19:02,859 [main] &amp#27;[39mDEBUG&amp#27;[0;39m &amp#27;[36mc.g.d.z.s.o.a.hc.client5.http.wire&amp#27;[0;39m - &amp#27;[32mhttp-outgoing-1 >> "[\r][\n]"
&amp#27;[0;39m2023-05-08 13:19:02,860 [main] &amp#27;[39mDEBUG&amp#27;[0;39m &amp#27;[36mc.g.d.z.s.o.a.hc.client5.http.wire&amp#27;[0;39m - &amp#27;[32mhttp-outgoing-1 << "HTTP/1.1 200 OK[\r][\n]"
&amp#27;[0;39m2023-05-08 13:19:02,860 [main] &amp#27;[39mDEBUG&amp#27;[0;39m &amp#27;[36mc.g.d.z.s.o.a.hc.client5.http.wire&amp#27;[0;39m - &amp#27;[32mhttp-outgoing-1 << "Api-Version: 1.42[\r][\n]"
&amp#27;[0;39m2023-05-08 13:19:02,860 [main] &amp#27;[39mDEBUG&amp#27;[0;39m &amp#27;[36mc.g.d.z.s.o.a.hc.client5.http.wire&amp#27;[0;39m - &amp#27;[32mhttp-outgoing-1 << "Content-Type: application/json[\r][\n]"
&amp#27;[0;39m2023-05-08 13:19:02,860 [main] &amp#27;[39mDEBUG&amp#27;[0;39m &amp#27;[36mc.g.d.z.s.o.a.hc.client5.http.wire&amp#27;[0;39m - &amp#27;[32mhttp-outgoing-1 << "Docker-Experimental: false[\r][\n]"
&amp#27;[0;39m2023-05-08 13:19:02,860 [main] &amp#27;[39mDEBUG&amp#27;[0;39m &amp#27;[36mc.g.d.z.s.o.a.hc.client5.http.wire&amp#27;[0;39m - &amp#27;[32mhttp-outgoing-1 << "Ostype: linux[\r][\n]"
&amp#27;[0;39m2023-05-08 13:19:02,860 [main] &amp#27;[39mDEBUG&amp#27;[0;39m &amp#27;[36mc.g.d.z.s.o.a.hc.client5.http.wire&amp#27;[0;39m - &amp#27;[32mhttp-outgoing-1 << "Server: Docker/23.0.5 (linux)[\r][\n]"
&amp#27;[0;39m2023-05-08 13:19:02,860 [main] &amp#27;[39mDEBUG&amp#27;[0;39m &amp#27;[36mc.g.d.z.s.o.a.hc.client5.http.wire&amp#27;[0;39m - &amp#27;[32mhttp-outgoing-1 << "Date: Mon, 08 May 2023 11:19:02 GMT[\r][\n]"
&amp#27;[0;39m2023-05-08 13:19:02,860 [main] &amp#27;[39mDEBUG&amp#27;[0;39m &amp#27;[36mc.g.d.z.s.o.a.hc.client5.http.wire&amp#27;[0;39m - &amp#27;[32mhttp-outgoing-1 << "Transfer-Encoding: chunked[\r][\n]"
&amp#27;[0;39m2023-05-08 13:19:02,860 [main] &amp#27;[39mDEBUG&amp#27;[0;39m &amp#27;[36mc.g.d.z.s.o.a.hc.client5.http.wire&amp#27;[0;39m - &amp#27;[32mhttp-outgoing-1 << "[\r][\n]"
&amp#27;[0;39m2023-05-08 13:19:02,860 [main] &amp#27;[39mDEBUG&amp#27;[0;39m &amp#27;[36mc.g.d.z.s.o.a.hc.client5.http.wire&amp#27;[0;39m - &amp#27;[32mhttp-outgoing-1 << "1893[\r][\n]"
&amp#27;[0;39m2023-05-08 13:19:02,860 [main] &amp#27;[39mDEBUG&amp#27;[0;39m &amp#27;[36mc.g.d.z.s.o.a.hc.client5.http.wire&amp#27;[0;39m - &amp#27;[32mhttp-outgoing-1 << "{"Id":"0739339bbc624082fb5e41f62f4a622236ffe4974bf12b2847105b726085e02b","Created":"2023-05-08T11:19:01.771856188Z","Path":"docker-entrypoint.sh","Args":["mysqld"],"State":{"Status":"running","Running":true,"Paused":false,"Restarting":false,"OOMKilled":false,"Dead":false,"Pid":59514,"ExitCode":0,"Error":"","StartedAt":"2023-05-08T11:19:02.113674386Z","FinishedAt":"0001-01-01T00:00:00Z"},"Image":"sha256:228d71078f8ce5ae9fd96b183f88c3a90e30544b4b7ce9d64a238d05fef2a681","ResolvConfPath":"/var/lib/docker/containers/0739339bbc624082fb5e41f62f4a622236ffe4974bf12b2847105b726085e02b/resolv.conf","HostnamePath":"/var/lib/docker/containers/0739339bbc624082fb5e41f62f4a622236ffe4974bf12b2847105b726085e02b/hostname","HostsPath":"/var/lib/docker/containers/0739339bbc624082fb5e41f62f4a622236ffe4974bf12b2847105b726085e02b/hosts","LogPath":"/var/lib/docker/containers/0739339bbc624082fb5e41f62f4a622236ffe4974bf12b2847105b726085e02b/0739339bbc624082fb5e41f62f4a622236ffe4974bf12b2847105b726085e02b-json.log","Name":"/intelligent_galileo","RestartCount":0,"Driver":"overlay2","Platform":"linux","MountLabel":"","ProcessLabel":"","AppArmorProfile":"docker-default","ExecIDs":null,"HostConfig":{"Binds":[],"ContainerIDFile":"","LogConfig":{"Type":"json-file","Config":{}},"NetworkMode":"default","PortBindings":{"3306/tcp":[{"HostIp":"","HostPort":""}]},"RestartPolicy":{"Name":"","MaximumRetryCount":0},"AutoRemove":false,"VolumeDriver":"","VolumesFrom":[],"ConsoleSize":[0,0],"CapAdd":null,"CapDrop":null,"CgroupnsMode":"private","Dns":null,"DnsOptions":null,"DnsSearch":null,"ExtraHosts":[],"GroupAdd":null,"IpcMode":"shareable","Cgroup":"","Links":null,"OomScoreAdj":0,"PidMode":"","Privileged":false,"PublishAllPorts":false,"ReadonlyRootfs":false,"SecurityOpt":null,"UTSMode":"","UsernsMode":"","ShmSize":67108864,"Runtime":"runc","Isolation":"","CpuShares":0,"Memory":0,"NanoCpus":0,"CgroupParent":"","BlkioWeight":0,"BlkioWeightDevice":null,"BlkioDeviceReadBps":null,"BlkioDeviceWriteBps":null,"BlkioDeviceReadIOps":null,"BlkioDeviceWriteIOps":null,"CpuPeriod":0,"CpuQuota":0,"CpuRealtimePeriod":0,"CpuRealtimeRuntime":0,"CpusetCpus":"","CpusetMems":"","Devices":null,"DeviceCgroupRules":null,"DeviceRequests":null,"MemoryReservation":0,"MemorySwap":0,"MemorySwappiness":null,"OomKillDisable":null,"PidsLimit":null,"Ulimits":null,"CpuCount":0,"CpuPercent":0,"IOMaximumIOps":0,"IOMaximumBandwidth":0,"MaskedPaths":["/proc/asound","/proc/acpi","/proc/kcore","/proc/keys","/proc/latency_stats","/proc/timer_list","/proc/timer_stats","/proc/sched_debug","/proc/scsi","/sys/firmware"],"ReadonlyPaths":["/proc/bus","/proc/fs","/proc/irq","/proc/sys","/proc/sysrq-trigger"]},"GraphDriver":{"Data":{"LowerDir":"/var/lib/docker/overlay2/b481eee7843c17772ada1734203524b4de76785735a50d4c68703d497db0e4ed-init/diff:/var/lib/docker/overlay2/4c6e20f032f02b27a9272f982861dc21998197aa90d94ed3bef95d449380247c/diff:/var/lib/docker/overlay2/0c75f828f603eff839bb3ca448163ab2a8017e86625ac255cd3dbf1673ddac26/diff:/var/lib/docker/overlay2/da128d897fda75829109844ce6cd9d73d0f54c682e735100af000ce899908729/diff:/var/lib/docker/overlay2/b678a1f261bf323afba6d76d91ab7428bdd6e1ef4a39b5224e4a1afd08c0423a/diff:/var/lib/docker/overlay2/1bec43b14875c5f9f814f146e8e31aa78566689c2c163da2ac60a32254988437/diff:/var/lib/docker/overlay2/28f4b1e6e1a7a2dbe30f1f94fb42bccd85a61faf8af1fe30a5bb0d442c525e41/diff:/var/lib/docker/overlay2/0f493124464c291d7c97d2633d5dff04b1dce5de904cb40a34dfbe7fe72e3fd4/diff:/var/lib/docker/overlay2/05befbee9e38cd670e1786b3310e99796dcc06abbed970007b4109a5424843fa/diff:/var/lib/docker/overlay2/582bcca9acfc4eef25109e1e1b9c9d104f355798455bc73e855c99283887a6e8/diff:/var/lib/docker/overlay2/153b3bf0b69e97e8f0e5533414a31ca33fa530e63d174c9617621abe46e7e9d1/diff:/var/lib/docker/overlay2/bf87a76c0a38875ee6e915fd0d2527eafa880ec6bf2c1cb294959428c18d10bd/diff","MergedDir":"/var/lib/docker/overlay2/b481eee7843c17772ada1734203524b4de76785735a50d4c68703d497db0e4ed/merged","UpperDir":"/var/lib/docker/overlay2/b481eee7843c17772ada1734203524b4de76785735a50d4c68703d497db0e4ed/diff","WorkDir":"/var/lib/docker/overlay2/b481eee7843c17772ada1734203524b4de76785735a50d4c68703d497db0e4ed/work"},"Name":"overlay2"},"Mounts":[{"Type":"volume","Name":"ec40278114b76af7b6535b952e685e04a98a51fa16363f5e9f0df1ce601f1dd5","Source":"/var/lib/docker/volumes/ec40278114b76af7b6535b952e685e04a98a51fa16363f5e9f0df1ce601f1dd5/_data","Destination":"/var/lib/mysql","Driver":"local","Mode":"","RW":true,"Propagation":""}],"Config":{"Hostname":"0739339bbc62","Domainname":"","User":"","AttachStdin":false,"AttachStdout":false,"AttachStderr":false,"ExposedPorts":{"3306/tcp":{}},"Tty":false,"OpenStdin":false,"StdinOnce":false,"Env":["MYSQL_DATABASE=test","MYSQL_PASSWORD=test","MYSQL_USER=test","MYSQL_ROOT_PASSWORD=test","PATH=/usr/local/sbin:/usr/local/bin:/usr/sbin:/usr/bin:/sbin:/bin","GOSU_VERSION=1.7","MYSQL_MAJOR=8.0","MYSQL_VERSION=8.0.0-dmr-1debian8"],"Cmd":["mysqld"],"Image":"mysql:8.0.0","Volumes":{"/var/lib/mysql":{}},"WorkingDir":"","Entrypoint":["docker-entrypoint.sh"],"OnBuild":null,"Labels":{"org.testcontainers":"true","org.testcontainers.lang":"java","org.testcontainers.sessionId":"f1b696c1-ec3f-4f95-afa8-081853be7ccb","org.testcontainers.version":"1.18.0"}},"NetworkSettings":{"Bridge":"","SandboxID":"d265e68e2afe307f1ab03fab083f2c0477cba31e9f26759f52b94e045d1847fb","HairpinMode":false,"LinkLocalIPv6Address":"","LinkLocalIPv6PrefixLen":0,"Ports":{"3306/tcp":[{"HostIp":"0.0.0.0","HostPort":"32782"},{"HostIp":"::","HostPort":"32782"}]},"SandboxKey":"/var/run/docker/netns/d265e68e2afe","SecondaryIPAddresses":null,"SecondaryIPv6Addresses":null,"EndpointID":"97b4c81a7665dcad3863174204db678dde492e2a2b2f11f6ef1c683b5d76146b","Gateway":"172.17.0.1","GlobalIPv6Address":"","GlobalIPv6PrefixLen":0,"IPAddress":"172.17.0.3","IPPrefixLen":16,"IPv6Gateway":"","MacAddress":"02:42:ac:11:00:03","Networks":{"bridge":{"IPAMConfig":null,"Links":null,"Aliases":null,"NetworkID":"e1a078e12eb8d77b497ed932f7fb43787eeb6ff6972febd7d03c9282b8b5cd45","EndpointID":"97b4c81a7665dcad3863174204db678dde492e2a2b2f11f6ef1c683b5d76146b","Gateway":"172.17.0.1","IPAddress":"172.17.0.3","IPPrefixLen":16,"IPv6Gateway":"","GlobalIPv6Address":"","GlobalIPv6PrefixLen":0,"MacAddress":"02:42:ac:11:00:03","DriverOpts":null}}}}[\n]"
&amp#27;[0;39m2023-05-08 13:19:02,860 [main] &amp#27;[39mDEBUG&amp#27;[0;39m &amp#27;[36mc.g.d.z.s.o.a.hc.client5.http.wire&amp#27;[0;39m - &amp#27;[32mhttp-outgoing-1 << "[\r][\n]"
&amp#27;[0;39m2023-05-08 13:19:02,860 [main] &amp#27;[39mDEBUG&amp#27;[0;39m &amp#27;[36mc.g.d.z.s.o.a.hc.client5.http.wire&amp#27;[0;39m - &amp#27;[32mhttp-outgoing-1 << "0[\r][\n]"
&amp#27;[0;39m2023-05-08 13:19:02,860 [main] &amp#27;[39mDEBUG&amp#27;[0;39m &amp#27;[36mc.g.d.z.s.o.a.hc.client5.http.wire&amp#27;[0;39m - &amp#27;[32mhttp-outgoing-1 << "[\r][\n]"
&amp#27;[0;39m2023-05-08 13:19:02,860 [main] &amp#27;[39mDEBUG&amp#27;[0;39m &amp#27;[36mc.g.d.z.s.o.a.h.client5.http.headers&amp#27;[0;39m - &amp#27;[32mhttp-outgoing-1 << HTTP/1.1 200 OK
&amp#27;[0;39m2023-05-08 13:19:02,860 [main] &amp#27;[39mDEBUG&amp#27;[0;39m &amp#27;[36mc.g.d.z.s.o.a.h.client5.http.headers&amp#27;[0;39m - &amp#27;[32mhttp-outgoing-1 << Api-Version: 1.42
&amp#27;[0;39m2023-05-08 13:19:02,860 [main] &amp#27;[39mDEBUG&amp#27;[0;39m &amp#27;[36mc.g.d.z.s.o.a.h.client5.http.headers&amp#27;[0;39m - &amp#27;[32mhttp-outgoing-1 << Content-Type: application/json
&amp#27;[0;39m2023-05-08 13:19:02,860 [main] &amp#27;[39mDEBUG&amp#27;[0;39m &amp#27;[36mc.g.d.z.s.o.a.h.client5.http.headers&amp#27;[0;39m - &amp#27;[32mhttp-outgoing-1 << Docker-Experimental: false
&amp#27;[0;39m2023-05-08 13:19:02,860 [main] &amp#27;[39mDEBUG&amp#27;[0;39m &amp#27;[36mc.g.d.z.s.o.a.h.client5.http.headers&amp#27;[0;39m - &amp#27;[32mhttp-outgoing-1 << Ostype: linux
&amp#27;[0;39m2023-05-08 13:19:02,860 [main] &amp#27;[39mDEBUG&amp#27;[0;39m &amp#27;[36mc.g.d.z.s.o.a.h.client5.http.headers&amp#27;[0;39m - &amp#27;[32mhttp-outgoing-1 << Server: Docker/23.0.5 (linux)
&amp#27;[0;39m2023-05-08 13:19:02,860 [main] &amp#27;[39mDEBUG&amp#27;[0;39m &amp#27;[36mc.g.d.z.s.o.a.h.client5.http.headers&amp#27;[0;39m - &amp#27;[32mhttp-outgoing-1 << Date: Mon, 08 May 2023 11:19:02 GMT
&amp#27;[0;39m2023-05-08 13:19:02,860 [main] &amp#27;[39mDEBUG&amp#27;[0;39m &amp#27;[36mc.g.d.z.s.o.a.h.client5.http.headers&amp#27;[0;39m - &amp#27;[32mhttp-outgoing-1 << Transfer-Encoding: chunked
&amp#27;[0;39m2023-05-08 13:19:02,860 [main] &amp#27;[39mDEBUG&amp#27;[0;39m &amp#27;[36mc.g.d.z.s.o.a.h.c.h.i.c.MainClientExec&amp#27;[0;39m - &amp#27;[32mex-00000065: connection can be kept alive for 3 MINUTES
&amp#27;[0;39m2023-05-08 13:19:02,860 [main] &amp#27;[39mDEBUG&amp#27;[0;39m &amp#27;[36mc.g.d.z.s.o.a.h.c.h.i.c.InternalHttpClient&amp#27;[0;39m - &amp#27;[32mep-00000064: releasing valid endpoint
&amp#27;[0;39m2023-05-08 13:19:02,860 [main] &amp#27;[39mDEBUG&amp#27;[0;39m &amp#27;[36mc.g.d.z.s.o.a.h.c.h.i.i.PoolingHttpClientConnectionManager&amp#27;[0;39m - &amp#27;[32mep-00000064: releasing endpoint
&amp#27;[0;39m2023-05-08 13:19:02,860 [main] &amp#27;[39mDEBUG&amp#27;[0;39m &amp#27;[36mc.g.d.z.s.o.a.h.c.h.i.i.PoolingHttpClientConnectionManager&amp#27;[0;39m - &amp#27;[32mep-00000064: connection http-outgoing-1 can be kept alive for 3 MINUTES
&amp#27;[0;39m2023-05-08 13:19:02,860 [main] &amp#27;[39mDEBUG&amp#27;[0;39m &amp#27;[36mc.g.d.z.s.o.a.h.c.h.i.i.PoolingHttpClientConnectionManager&amp#27;[0;39m - &amp#27;[32mep-00000064: connection released [route: {}->unix://localhost:2375][total available: 1; route allocated: 1 of 2147483647; total allocated: 1 of 2147483647]
&amp#27;[0;39m2023-05-08 13:19:02,860 [main] &amp#27;[39mDEBUG&amp#27;[0;39m &amp#27;[36mtc.mysql:8.0.0&amp#27;[0;39m - &amp#27;[32mTrying to create JDBC connection using com.mysql.cj.jdbc.Driver to jdbc:mysql://localhost:32782/test?useSSL=false&allowPublicKeyRetrieval=true with properties: {password=test, user=test}
&amp#27;[0;39m2023-05-08 13:19:02,962 [main] &amp#27;[39mDEBUG&amp#27;[0;39m &amp#27;[36mo.t.s.c.g.d.c.command.AbstrDockerCmd&amp#27;[0;39m - &amp#27;[32mCmd: 0739339bbc624082fb5e41f62f4a622236ffe4974bf12b2847105b726085e02b,false
&amp#27;[0;39m2023-05-08 13:19:02,962 [main] &amp#27;[39mDEBUG&amp#27;[0;39m &amp#27;[36mo.t.s.c.g.d.c.e.InspectContainerCmdExec&amp#27;[0;39m - &amp#27;[32mGET: DefaultWebTarget{path=[/containers/0739339bbc624082fb5e41f62f4a622236ffe4974bf12b2847105b726085e02b/json], queryParams={}}
&amp#27;[0;39m2023-05-08 13:19:02,962 [main] &amp#27;[39mDEBUG&amp#27;[0;39m &amp#27;[36mc.g.d.z.s.o.a.h.c.h.i.c.InternalHttpClient&amp#27;[0;39m - &amp#27;[32mex-00000066: preparing request execution
&amp#27;[0;39m2023-05-08 13:19:02,962 [main] &amp#27;[39mDEBUG&amp#27;[0;39m &amp#27;[36mc.g.d.z.s.o.a.h.c.h.p.RequestAddCookies&amp#27;[0;39m - &amp#27;[32mCookie spec selected: strict
&amp#27;[0;39m2023-05-08 13:19:02,962 [main] &amp#27;[39mDEBUG&amp#27;[0;39m &amp#27;[36mc.g.d.z.s.o.a.h.c.h.p.RequestAuthCache&amp#27;[0;39m - &amp#27;[32mAuth cache not set in the context
&amp#27;[0;39m2023-05-08 13:19:02,962 [main] &amp#27;[39mDEBUG&amp#27;[0;39m &amp#27;[36mc.g.d.z.s.o.a.h.c.h.i.c.ProtocolExec&amp#27;[0;39m - &amp#27;[32mex-00000066: target auth state: UNCHALLENGED
&amp#27;[0;39m2023-05-08 13:19:02,962 [main] &amp#27;[39mDEBUG&amp#27;[0;39m &amp#27;[36mc.g.d.z.s.o.a.h.c.h.i.c.ProtocolExec&amp#27;[0;39m - &amp#27;[32mex-00000066: proxy auth state: UNCHALLENGED
&amp#27;[0;39m2023-05-08 13:19:02,962 [main] &amp#27;[39mDEBUG&amp#27;[0;39m &amp#27;[36mc.g.d.z.s.o.a.h.c.h.i.c.ConnectExec&amp#27;[0;39m - &amp#27;[32mex-00000066: acquiring connection with route {}->unix://localhost:2375
&amp#27;[0;39m2023-05-08 13:19:02,962 [main] &amp#27;[39mDEBUG&amp#27;[0;39m &amp#27;[36mc.g.d.z.s.o.a.h.c.h.i.c.InternalHttpClient&amp#27;[0;39m - &amp#27;[32mex-00000066: acquiring endpoint (3 MINUTES)
&amp#27;[0;39m2023-05-08 13:19:02,962 [main] &amp#27;[39mDEBUG&amp#27;[0;39m &amp#27;[36mc.g.d.z.s.o.a.h.c.h.i.i.PoolingHttpClientConnectionManager&amp#27;[0;39m - &amp#27;[32mex-00000066: endpoint lease request (3 MINUTES) [route: {}->unix://localhost:2375][total available: 1; route allocated: 1 of 2147483647; total allocated: 1 of 2147483647]
&amp#27;[0;39m2023-05-08 13:19:02,962 [main] &amp#27;[39mDEBUG&amp#27;[0;39m &amp#27;[36mc.g.d.z.s.o.a.h.c.h.i.i.PoolingHttpClientConnectionManager&amp#27;[0;39m - &amp#27;[32mex-00000066: endpoint leased [route: {}->unix://localhost:2375][total available: 0; route allocated: 1 of 2147483647; total allocated: 1 of 2147483647]
&amp#27;[0;39m2023-05-08 13:19:02,962 [main] &amp#27;[39mDEBUG&amp#27;[0;39m &amp#27;[36mc.g.d.z.s.o.a.h.c.h.i.i.PoolingHttpClientConnectionManager&amp#27;[0;39m - &amp#27;[32mex-00000066: acquired ep-00000065
&amp#27;[0;39m2023-05-08 13:19:02,962 [main] &amp#27;[39mDEBUG&amp#27;[0;39m &amp#27;[36mc.g.d.z.s.o.a.h.c.h.i.c.InternalHttpClient&amp#27;[0;39m - &amp#27;[32mex-00000066: acquired endpoint ep-00000065
&amp#27;[0;39m2023-05-08 13:19:02,962 [main] &amp#27;[39mDEBUG&amp#27;[0;39m &amp#27;[36mc.g.d.z.s.o.a.h.c.h.i.c.MainClientExec&amp#27;[0;39m - &amp#27;[32mex-00000066: executing GET /v1.32/containers/0739339bbc624082fb5e41f62f4a622236ffe4974bf12b2847105b726085e02b/json HTTP/1.1
&amp#27;[0;39m2023-05-08 13:19:02,962 [main] &amp#27;[39mDEBUG&amp#27;[0;39m &amp#27;[36mc.g.d.z.s.o.a.h.c.h.i.c.InternalHttpClient&amp#27;[0;39m - &amp#27;[32mep-00000065: start execution ex-00000066
&amp#27;[0;39m2023-05-08 13:19:02,962 [main] &amp#27;[39mDEBUG&amp#27;[0;39m &amp#27;[36mc.g.d.z.s.o.a.h.c.h.i.i.PoolingHttpClientConnectionManager&amp#27;[0;39m - &amp#27;[32mep-00000065: executing exchange ex-00000066 over http-outgoing-1
&amp#27;[0;39m2023-05-08 13:19:02,963 [main] &amp#27;[39mDEBUG&amp#27;[0;39m &amp#27;[36mc.g.d.z.s.o.a.h.client5.http.headers&amp#27;[0;39m - &amp#27;[32mhttp-outgoing-1 >> GET /v1.32/containers/0739339bbc624082fb5e41f62f4a622236ffe4974bf12b2847105b726085e02b/json HTTP/1.1
&amp#27;[0;39m2023-05-08 13:19:02,963 [main] &amp#27;[39mDEBUG&amp#27;[0;39m &amp#27;[36mc.g.d.z.s.o.a.h.client5.http.headers&amp#27;[0;39m - &amp#27;[32mhttp-outgoing-1 >> accept: application/json
&amp#27;[0;39m2023-05-08 13:19:02,963 [main] &amp#27;[39mDEBUG&amp#27;[0;39m &amp#27;[36mc.g.d.z.s.o.a.h.client5.http.headers&amp#27;[0;39m - &amp#27;[32mhttp-outgoing-1 >> x-tc-sid: f1b696c1-ec3f-4f95-afa8-081853be7ccb
&amp#27;[0;39m2023-05-08 13:19:02,963 [main] &amp#27;[39mDEBUG&amp#27;[0;39m &amp#27;[36mc.g.d.z.s.o.a.h.client5.http.headers&amp#27;[0;39m - &amp#27;[32mhttp-outgoing-1 >> Accept-Encoding: gzip, x-gzip, deflate
&amp#27;[0;39m2023-05-08 13:19:02,963 [main] &amp#27;[39mDEBUG&amp#27;[0;39m &amp#27;[36mc.g.d.z.s.o.a.h.client5.http.headers&amp#27;[0;39m - &amp#27;[32mhttp-outgoing-1 >> Host: localhost:2375
&amp#27;[0;39m2023-05-08 13:19:02,963 [main] &amp#27;[39mDEBUG&amp#27;[0;39m &amp#27;[36mc.g.d.z.s.o.a.h.client5.http.headers&amp#27;[0;39m - &amp#27;[32mhttp-outgoing-1 >> Connection: keep-alive
&amp#27;[0;39m2023-05-08 13:19:02,963 [main] &amp#27;[39mDEBUG&amp#27;[0;39m &amp#27;[36mc.g.d.z.s.o.a.h.client5.http.headers&amp#27;[0;39m - &amp#27;[32mhttp-outgoing-1 >> User-Agent: Apache-HttpClient/5.0.3 (Java/17.0.6)
&amp#27;[0;39m2023-05-08 13:19:02,963 [main] &amp#27;[39mDEBUG&amp#27;[0;39m &amp#27;[36mc.g.d.z.s.o.a.hc.client5.http.wire&amp#27;[0;39m - &amp#27;[32mhttp-outgoing-1 >> "GET /v1.32/containers/0739339bbc624082fb5e41f62f4a622236ffe4974bf12b2847105b726085e02b/json HTTP/1.1[\r][\n]"
&amp#27;[0;39m2023-05-08 13:19:02,963 [main] &amp#27;[39mDEBUG&amp#27;[0;39m &amp#27;[36mc.g.d.z.s.o.a.hc.client5.http.wire&amp#27;[0;39m - &amp#27;[32mhttp-outgoing-1 >> "accept: application/json[\r][\n]"
&amp#27;[0;39m2023-05-08 13:19:02,963 [main] &amp#27;[39mDEBUG&amp#27;[0;39m &amp#27;[36mc.g.d.z.s.o.a.hc.client5.http.wire&amp#27;[0;39m - &amp#27;[32mhttp-outgoing-1 >> "x-tc-sid: f1b696c1-ec3f-4f95-afa8-081853be7ccb[\r][\n]"
&amp#27;[0;39m2023-05-08 13:19:02,963 [main] &amp#27;[39mDEBUG&amp#27;[0;39m &amp#27;[36mc.g.d.z.s.o.a.hc.client5.http.wire&amp#27;[0;39m - &amp#27;[32mhttp-outgoing-1 >> "Accept-Encoding: gzip, x-gzip, deflate[\r][\n]"
&amp#27;[0;39m2023-05-08 13:19:02,963 [main] &amp#27;[39mDEBUG&amp#27;[0;39m &amp#27;[36mc.g.d.z.s.o.a.hc.client5.http.wire&amp#27;[0;39m - &amp#27;[32mhttp-outgoing-1 >> "Host: localhost:2375[\r][\n]"
&amp#27;[0;39m2023-05-08 13:19:02,963 [main] &amp#27;[39mDEBUG&amp#27;[0;39m &amp#27;[36mc.g.d.z.s.o.a.hc.client5.http.wire&amp#27;[0;39m - &amp#27;[32mhttp-outgoing-1 >> "Connection: keep-alive[\r][\n]"
&amp#27;[0;39m2023-05-08 13:19:02,963 [main] &amp#27;[39mDEBUG&amp#27;[0;39m &amp#27;[36mc.g.d.z.s.o.a.hc.client5.http.wire&amp#27;[0;39m - &amp#27;[32mhttp-outgoing-1 >> "User-Agent: Apache-HttpClient/5.0.3 (Java/17.0.6)[\r][\n]"
&amp#27;[0;39m2023-05-08 13:19:02,963 [main] &amp#27;[39mDEBUG&amp#27;[0;39m &amp#27;[36mc.g.d.z.s.o.a.hc.client5.http.wire&amp#27;[0;39m - &amp#27;[32mhttp-outgoing-1 >> "[\r][\n]"
&amp#27;[0;39m2023-05-08 13:19:02,963 [main] &amp#27;[39mDEBUG&amp#27;[0;39m &amp#27;[36mc.g.d.z.s.o.a.hc.client5.http.wire&amp#27;[0;39m - &amp#27;[32mhttp-outgoing-1 << "HTTP/1.1 200 OK[\r][\n]"
&amp#27;[0;39m2023-05-08 13:19:02,963 [main] &amp#27;[39mDEBUG&amp#27;[0;39m &amp#27;[36mc.g.d.z.s.o.a.hc.client5.http.wire&amp#27;[0;39m - &amp#27;[32mhttp-outgoing-1 << "Api-Version: 1.42[\r][\n]"
&amp#27;[0;39m2023-05-08 13:19:02,963 [main] &amp#27;[39mDEBUG&amp#27;[0;39m &amp#27;[36mc.g.d.z.s.o.a.hc.client5.http.wire&amp#27;[0;39m - &amp#27;[32mhttp-outgoing-1 << "Content-Type: application/json[\r][\n]"
&amp#27;[0;39m2023-05-08 13:19:02,963 [main] &amp#27;[39mDEBUG&amp#27;[0;39m &amp#27;[36mc.g.d.z.s.o.a.hc.client5.http.wire&amp#27;[0;39m - &amp#27;[32mhttp-outgoing-1 << "Docker-Experimental: false[\r][\n]"
&amp#27;[0;39m2023-05-08 13:19:02,963 [main] &amp#27;[39mDEBUG&amp#27;[0;39m &amp#27;[36mc.g.d.z.s.o.a.hc.client5.http.wire&amp#27;[0;39m - &amp#27;[32mhttp-outgoing-1 << "Ostype: linux[\r][\n]"
&amp#27;[0;39m2023-05-08 13:19:02,963 [main] &amp#27;[39mDEBUG&amp#27;[0;39m &amp#27;[36mc.g.d.z.s.o.a.hc.client5.http.wire&amp#27;[0;39m - &amp#27;[32mhttp-outgoing-1 << "Server: Docker/23.0.5 (linux)[\r][\n]"
&amp#27;[0;39m2023-05-08 13:19:02,963 [main] &amp#27;[39mDEBUG&amp#27;[0;39m &amp#27;[36mc.g.d.z.s.o.a.hc.client5.http.wire&amp#27;[0;39m - &amp#27;[32mhttp-outgoing-1 << "Date: Mon, 08 May 2023 11:19:02 GMT[\r][\n]"
&amp#27;[0;39m2023-05-08 13:19:02,963 [main] &amp#27;[39mDEBUG&amp#27;[0;39m &amp#27;[36mc.g.d.z.s.o.a.hc.client5.http.wire&amp#27;[0;39m - &amp#27;[32mhttp-outgoing-1 << "Transfer-Encoding: chunked[\r][\n]"
&amp#27;[0;39m2023-05-08 13:19:02,963 [main] &amp#27;[39mDEBUG&amp#27;[0;39m &amp#27;[36mc.g.d.z.s.o.a.hc.client5.http.wire&amp#27;[0;39m - &amp#27;[32mhttp-outgoing-1 << "[\r][\n]"
&amp#27;[0;39m2023-05-08 13:19:02,963 [main] &amp#27;[39mDEBUG&amp#27;[0;39m &amp#27;[36mc.g.d.z.s.o.a.hc.client5.http.wire&amp#27;[0;39m - &amp#27;[32mhttp-outgoing-1 << "1893[\r][\n]"
&amp#27;[0;39m2023-05-08 13:19:02,963 [main] &amp#27;[39mDEBUG&amp#27;[0;39m &amp#27;[36mc.g.d.z.s.o.a.hc.client5.http.wire&amp#27;[0;39m - &amp#27;[32mhttp-outgoing-1 << "{"Id":"0739339bbc624082fb5e41f62f4a622236ffe4974bf12b2847105b726085e02b","Created":"2023-05-08T11:19:01.771856188Z","Path":"docker-entrypoint.sh","Args":["mysqld"],"State":{"Status":"running","Running":true,"Paused":false,"Restarting":false,"OOMKilled":false,"Dead":false,"Pid":59514,"ExitCode":0,"Error":"","StartedAt":"2023-05-08T11:19:02.113674386Z","FinishedAt":"0001-01-01T00:00:00Z"},"Image":"sha256:228d71078f8ce5ae9fd96b183f88c3a90e30544b4b7ce9d64a238d05fef2a681","ResolvConfPath":"/var/lib/docker/containers/0739339bbc624082fb5e41f62f4a622236ffe4974bf12b2847105b726085e02b/resolv.conf","HostnamePath":"/var/lib/docker/containers/0739339bbc624082fb5e41f62f4a622236ffe4974bf12b2847105b726085e02b/hostname","HostsPath":"/var/lib/docker/containers/0739339bbc624082fb5e41f62f4a622236ffe4974bf12b2847105b726085e02b/hosts","LogPath":"/var/lib/docker/containers/0739339bbc624082fb5e41f62f4a622236ffe4974bf12b2847105b726085e02b/0739339bbc624082fb5e41f62f4a622236ffe4974bf12b2847105b726085e02b-json.log","Name":"/intelligent_galileo","RestartCount":0,"Driver":"overlay2","Platform":"linux","MountLabel":"","ProcessLabel":"","AppArmorProfile":"docker-default","ExecIDs":null,"HostConfig":{"Binds":[],"ContainerIDFile":"","LogConfig":{"Type":"json-file","Config":{}},"NetworkMode":"default","PortBindings":{"3306/tcp":[{"HostIp":"","HostPort":""}]},"RestartPolicy":{"Name":"","MaximumRetryCount":0},"AutoRemove":false,"VolumeDriver":"","VolumesFrom":[],"ConsoleSize":[0,0],"CapAdd":null,"CapDrop":null,"CgroupnsMode":"private","Dns":null,"DnsOptions":null,"DnsSearch":null,"ExtraHosts":[],"GroupAdd":null,"IpcMode":"shareable","Cgroup":"","Links":null,"OomScoreAdj":0,"PidMode":"","Privileged":false,"PublishAllPorts":false,"ReadonlyRootfs":false,"SecurityOpt":null,"UTSMode":"","UsernsMode":"","ShmSize":67108864,"Runtime":"runc","Isolation":"","CpuShares":0,"Memory":0,"NanoCpus":0,"CgroupParent":"","BlkioWeight":0,"BlkioWeightDevice":null,"BlkioDeviceReadBps":null,"BlkioDeviceWriteBps":null,"BlkioDeviceReadIOps":null,"BlkioDeviceWriteIOps":null,"CpuPeriod":0,"CpuQuota":0,"CpuRealtimePeriod":0,"CpuRealtimeRuntime":0,"CpusetCpus":"","CpusetMems":"","Devices":null,"DeviceCgroupRules":null,"DeviceRequests":null,"MemoryReservation":0,"MemorySwap":0,"MemorySwappiness":null,"OomKillDisable":null,"PidsLimit":null,"Ulimits":null,"CpuCount":0,"CpuPercent":0,"IOMaximumIOps":0,"IOMaximumBandwidth":0,"MaskedPaths":["/proc/asound","/proc/acpi","/proc/kcore","/proc/keys","/proc/latency_stats","/proc/timer_list","/proc/timer_stats","/proc/sched_debug","/proc/scsi","/sys/firmware"],"ReadonlyPaths":["/proc/bus","/proc/fs","/proc/irq","/proc/sys","/proc/sysrq-trigger"]},"GraphDriver":{"Data":{"LowerDir":"/var/lib/docker/overlay2/b481eee7843c17772ada1734203524b4de76785735a50d4c68703d497db0e4ed-init/diff:/var/lib/docker/overlay2/4c6e20f032f02b27a9272f982861dc21998197aa90d94ed3bef95d449380247c/diff:/var/lib/docker/overlay2/0c75f828f603eff839bb3ca448163ab2a8017e86625ac255cd3dbf1673ddac26/diff:/var/lib/docker/overlay2/da128d897fda75829109844ce6cd9d73d0f54c682e735100af000ce899908729/diff:/var/lib/docker/overlay2/b678a1f261bf323afba6d76d91ab7428bdd6e1ef4a39b5224e4a1afd08c0423a/diff:/var/lib/docker/overlay2/1bec43b14875c5f9f814f146e8e31aa78566689c2c163da2ac60a32254988437/diff:/var/lib/docker/overlay2/28f4b1e6e1a7a2dbe30f1f94fb42bccd85a61faf8af1fe30a5bb0d442c525e41/diff:/var/lib/docker/overlay2/0f493124464c291d7c97d2633d5dff04b1dce5de904cb40a34dfbe7fe72e3fd4/diff:/var/lib/docker/overlay2/05befbee9e38cd670e1786b3310e99796dcc06abbed970007b4109a5424843fa/diff:/var/lib/docker/overlay2/582bcca9acfc4eef25109e1e1b9c9d104f355798455bc73e855c99283887a6e8/diff:/var/lib/docker/overlay2/153b3bf0b69e97e8f0e5533414a31ca33fa530e63d174c9617621abe46e7e9d1/diff:/var/lib/docker/overlay2/bf87a76c0a38875ee6e915fd0d2527eafa880ec6bf2c1cb294959428c18d10bd/diff","MergedDir":"/var/lib/docker/overlay2/b481eee7843c17772ada1734203524b4de76785735a50d4c68703d497db0e4ed/merged","UpperDir":"/var/lib/docker/overlay2/b481eee7843c17772ada1734203524b4de76785735a50d4c68703d497db0e4ed/diff","WorkDir":"/var/lib/docker/overlay2/b481eee7843c17772ada1734203524b4de76785735a50d4c68703d497db0e4ed/work"},"Name":"overlay2"},"Mounts":[{"Type":"volume","Name":"ec40278114b76af7b6535b952e685e04a98a51fa16363f5e9f0df1ce601f1dd5","Source":"/var/lib/docker/volumes/ec40278114b76af7b6535b952e685e04a98a51fa16363f5e9f0df1ce601f1dd5/_data","Destination":"/var/lib/mysql","Driver":"local","Mode":"","RW":true,"Propagation":""}],"Config":{"Hostname":"0739339bbc62","Domainname":"","User":"","AttachStdin":false,"AttachStdout":false,"AttachStderr":false,"ExposedPorts":{"3306/tcp":{}},"Tty":false,"OpenStdin":false,"StdinOnce":false,"Env":["MYSQL_DATABASE=test","MYSQL_PASSWORD=test","MYSQL_USER=test","MYSQL_ROOT_PASSWORD=test","PATH=/usr/local/sbin:/usr/local/bin:/usr/sbin:/usr/bin:/sbin:/bin","GOSU_VERSION=1.7","MYSQL_MAJOR=8.0","MYSQL_VERSION=8.0.0-dmr-1debian8"],"Cmd":["mysqld"],"Image":"mysql:8.0.0","Volumes":{"/var/lib/mysql":{}},"WorkingDir":"","Entrypoint":["docker-entrypoint.sh"],"OnBuild":null,"Labels":{"org.testcontainers":"true","org.testcontainers.lang":"java","org.testcontainers.sessionId":"f1b696c1-ec3f-4f95-afa8-081853be7ccb","org.testcontainers.version":"1.18.0"}},"NetworkSettings":{"Bridge":"","SandboxID":"d265e68e2afe307f1ab03fab083f2c0477cba31e9f26759f52b94e045d1847fb","HairpinMode":false,"LinkLocalIPv6Address":"","LinkLocalIPv6PrefixLen":0,"Ports":{"3306/tcp":[{"HostIp":"0.0.0.0","HostPort":"32782"},{"HostIp":"::","HostPort":"32782"}]},"SandboxKey":"/var/run/docker/netns/d265e68e2afe","SecondaryIPAddresses":null,"SecondaryIPv6Addresses":null,"EndpointID":"97b4c81a7665dcad3863174204db678dde492e2a2b2f11f6ef1c683b5d76146b","Gateway":"172.17.0.1","GlobalIPv6Address":"","GlobalIPv6PrefixLen":0,"IPAddress":"172.17.0.3","IPPrefixLen":16,"IPv6Gateway":"","MacAddress":"02:42:ac:11:00:03","Networks":{"bridge":{"IPAMConfig":null,"Links":null,"Aliases":null,"NetworkID":"e1a078e12eb8d77b497ed932f7fb43787eeb6ff6972febd7d03c9282b8b5cd45","EndpointID":"97b4c81a7665dcad3863174204db678dde492e2a2b2f11f6ef1c683b5d76146b","Gateway":"172.17.0.1","IPAddress":"172.17.0.3","IPPrefixLen":16,"IPv6Gateway":"","GlobalIPv6Address":"","GlobalIPv6PrefixLen":0,"MacAddress":"02:42:ac:11:00:03","DriverOpts":null}}}}[\n]"
&amp#27;[0;39m2023-05-08 13:19:02,963 [main] &amp#27;[39mDEBUG&amp#27;[0;39m &amp#27;[36mc.g.d.z.s.o.a.hc.client5.http.wire&amp#27;[0;39m - &amp#27;[32mhttp-outgoing-1 << "[\r][\n]"
&amp#27;[0;39m2023-05-08 13:19:02,963 [main] &amp#27;[39mDEBUG&amp#27;[0;39m &amp#27;[36mc.g.d.z.s.o.a.hc.client5.http.wire&amp#27;[0;39m - &amp#27;[32mhttp-outgoing-1 << "0[\r][\n]"
&amp#27;[0;39m2023-05-08 13:19:02,963 [main] &amp#27;[39mDEBUG&amp#27;[0;39m &amp#27;[36mc.g.d.z.s.o.a.hc.client5.http.wire&amp#27;[0;39m - &amp#27;[32mhttp-outgoing-1 << "[\r][\n]"
&amp#27;[0;39m2023-05-08 13:19:02,963 [main] &amp#27;[39mDEBUG&amp#27;[0;39m &amp#27;[36mc.g.d.z.s.o.a.h.client5.http.headers&amp#27;[0;39m - &amp#27;[32mhttp-outgoing-1 << HTTP/1.1 200 OK
&amp#27;[0;39m2023-05-08 13:19:02,963 [main] &amp#27;[39mDEBUG&amp#27;[0;39m &amp#27;[36mc.g.d.z.s.o.a.h.client5.http.headers&amp#27;[0;39m - &amp#27;[32mhttp-outgoing-1 << Api-Version: 1.42
&amp#27;[0;39m2023-05-08 13:19:02,963 [main] &amp#27;[39mDEBUG&amp#27;[0;39m &amp#27;[36mc.g.d.z.s.o.a.h.client5.http.headers&amp#27;[0;39m - &amp#27;[32mhttp-outgoing-1 << Content-Type: application/json
&amp#27;[0;39m2023-05-08 13:19:02,963 [main] &amp#27;[39mDEBUG&amp#27;[0;39m &amp#27;[36mc.g.d.z.s.o.a.h.client5.http.headers&amp#27;[0;39m - &amp#27;[32mhttp-outgoing-1 << Docker-Experimental: false
&amp#27;[0;39m2023-05-08 13:19:02,963 [main] &amp#27;[39mDEBUG&amp#27;[0;39m &amp#27;[36mc.g.d.z.s.o.a.h.client5.http.headers&amp#27;[0;39m - &amp#27;[32mhttp-outgoing-1 << Ostype: linux
&amp#27;[0;39m2023-05-08 13:19:02,963 [main] &amp#27;[39mDEBUG&amp#27;[0;39m &amp#27;[36mc.g.d.z.s.o.a.h.client5.http.headers&amp#27;[0;39m - &amp#27;[32mhttp-outgoing-1 << Server: Docker/23.0.5 (linux)
&amp#27;[0;39m2023-05-08 13:19:02,963 [main] &amp#27;[39mDEBUG&amp#27;[0;39m &amp#27;[36mc.g.d.z.s.o.a.h.client5.http.headers&amp#27;[0;39m - &amp#27;[32mhttp-outgoing-1 << Date: Mon, 08 May 2023 11:19:02 GMT
&amp#27;[0;39m2023-05-08 13:19:02,963 [main] &amp#27;[39mDEBUG&amp#27;[0;39m &amp#27;[36mc.g.d.z.s.o.a.h.client5.http.headers&amp#27;[0;39m - &amp#27;[32mhttp-outgoing-1 << Transfer-Encoding: chunked
&amp#27;[0;39m2023-05-08 13:19:02,963 [main] &amp#27;[39mDEBUG&amp#27;[0;39m &amp#27;[36mc.g.d.z.s.o.a.h.c.h.i.c.MainClientExec&amp#27;[0;39m - &amp#27;[32mex-00000066: connection can be kept alive for 3 MINUTES
&amp#27;[0;39m2023-05-08 13:19:02,964 [main] &amp#27;[39mDEBUG&amp#27;[0;39m &amp#27;[36mc.g.d.z.s.o.a.h.c.h.i.c.InternalHttpClient&amp#27;[0;39m - &amp#27;[32mep-00000065: releasing valid endpoint
&amp#27;[0;39m2023-05-08 13:19:02,964 [main] &amp#27;[39mDEBUG&amp#27;[0;39m &amp#27;[36mc.g.d.z.s.o.a.h.c.h.i.i.PoolingHttpClientConnectionManager&amp#27;[0;39m - &amp#27;[32mep-00000065: releasing endpoint
&amp#27;[0;39m2023-05-08 13:19:02,964 [main] &amp#27;[39mDEBUG&amp#27;[0;39m &amp#27;[36mc.g.d.z.s.o.a.h.c.h.i.i.PoolingHttpClientConnectionManager&amp#27;[0;39m - &amp#27;[32mep-00000065: connection http-outgoing-1 can be kept alive for 3 MINUTES
&amp#27;[0;39m2023-05-08 13:19:02,964 [main] &amp#27;[39mDEBUG&amp#27;[0;39m &amp#27;[36mc.g.d.z.s.o.a.h.c.h.i.i.PoolingHttpClientConnectionManager&amp#27;[0;39m - &amp#27;[32mep-00000065: connection released [route: {}->unix://localhost:2375][total available: 1; route allocated: 1 of 2147483647; total allocated: 1 of 2147483647]
&amp#27;[0;39m2023-05-08 13:19:02,964 [main] &amp#27;[39mDEBUG&amp#27;[0;39m &amp#27;[36mtc.mysql:8.0.0&amp#27;[0;39m - &amp#27;[32mTrying to create JDBC connection using com.mysql.cj.jdbc.Driver to jdbc:mysql://localhost:32782/test?useSSL=false&allowPublicKeyRetrieval=true with properties: {password=test, user=test}
&amp#27;[0;39m2023-05-08 13:19:03,065 [main] &amp#27;[39mDEBUG&amp#27;[0;39m &amp#27;[36mo.t.s.c.g.d.c.command.AbstrDockerCmd&amp#27;[0;39m - &amp#27;[32mCmd: 0739339bbc624082fb5e41f62f4a622236ffe4974bf12b2847105b726085e02b,false
&amp#27;[0;39m2023-05-08 13:19:03,065 [main] &amp#27;[39mDEBUG&amp#27;[0;39m &amp#27;[36mo.t.s.c.g.d.c.e.InspectContainerCmdExec&amp#27;[0;39m - &amp#27;[32mGET: DefaultWebTarget{path=[/containers/0739339bbc624082fb5e41f62f4a622236ffe4974bf12b2847105b726085e02b/json], queryParams={}}
&amp#27;[0;39m2023-05-08 13:19:03,066 [main] &amp#27;[39mDEBUG&amp#27;[0;39m &amp#27;[36mc.g.d.z.s.o.a.h.c.h.i.c.InternalHttpClient&amp#27;[0;39m - &amp#27;[32mex-00000067: preparing request execution
&amp#27;[0;39m2023-05-08 13:19:03,066 [main] &amp#27;[39mDEBUG&amp#27;[0;39m &amp#27;[36mc.g.d.z.s.o.a.h.c.h.p.RequestAddCookies&amp#27;[0;39m - &amp#27;[32mCookie spec selected: strict
&amp#27;[0;39m2023-05-08 13:19:03,066 [main] &amp#27;[39mDEBUG&amp#27;[0;39m &amp#27;[36mc.g.d.z.s.o.a.h.c.h.p.RequestAuthCache&amp#27;[0;39m - &amp#27;[32mAuth cache not set in the context
&amp#27;[0;39m2023-05-08 13:19:03,066 [main] &amp#27;[39mDEBUG&amp#27;[0;39m &amp#27;[36mc.g.d.z.s.o.a.h.c.h.i.c.ProtocolExec&amp#27;[0;39m - &amp#27;[32mex-00000067: target auth state: UNCHALLENGED
&amp#27;[0;39m2023-05-08 13:19:03,066 [main] &amp#27;[39mDEBUG&amp#27;[0;39m &amp#27;[36mc.g.d.z.s.o.a.h.c.h.i.c.ProtocolExec&amp#27;[0;39m - &amp#27;[32mex-00000067: proxy auth state: UNCHALLENGED
&amp#27;[0;39m2023-05-08 13:19:03,066 [main] &amp#27;[39mDEBUG&amp#27;[0;39m &amp#27;[36mc.g.d.z.s.o.a.h.c.h.i.c.ConnectExec&amp#27;[0;39m - &amp#27;[32mex-00000067: acquiring connection with route {}->unix://localhost:2375
&amp#27;[0;39m2023-05-08 13:19:03,066 [main] &amp#27;[39mDEBUG&amp#27;[0;39m &amp#27;[36mc.g.d.z.s.o.a.h.c.h.i.c.InternalHttpClient&amp#27;[0;39m - &amp#27;[32mex-00000067: acquiring endpoint (3 MINUTES)
&amp#27;[0;39m2023-05-08 13:19:03,066 [main] &amp#27;[39mDEBUG&amp#27;[0;39m &amp#27;[36mc.g.d.z.s.o.a.h.c.h.i.i.PoolingHttpClientConnectionManager&amp#27;[0;39m - &amp#27;[32mex-00000067: endpoint lease request (3 MINUTES) [route: {}->unix://localhost:2375][total available: 1; route allocated: 1 of 2147483647; total allocated: 1 of 2147483647]
&amp#27;[0;39m2023-05-08 13:19:03,066 [main] &amp#27;[39mDEBUG&amp#27;[0;39m &amp#27;[36mc.g.d.z.s.o.a.h.c.h.i.i.PoolingHttpClientConnectionManager&amp#27;[0;39m - &amp#27;[32mex-00000067: endpoint leased [route: {}->unix://localhost:2375][total available: 0; route allocated: 1 of 2147483647; total allocated: 1 of 2147483647]
&amp#27;[0;39m2023-05-08 13:19:03,066 [main] &amp#27;[39mDEBUG&amp#27;[0;39m &amp#27;[36mc.g.d.z.s.o.a.h.c.h.i.i.PoolingHttpClientConnectionManager&amp#27;[0;39m - &amp#27;[32mex-00000067: acquired ep-00000066
&amp#27;[0;39m2023-05-08 13:19:03,066 [main] &amp#27;[39mDEBUG&amp#27;[0;39m &amp#27;[36mc.g.d.z.s.o.a.h.c.h.i.c.InternalHttpClient&amp#27;[0;39m - &amp#27;[32mex-00000067: acquired endpoint ep-00000066
&amp#27;[0;39m2023-05-08 13:19:03,066 [main] &amp#27;[39mDEBUG&amp#27;[0;39m &amp#27;[36mc.g.d.z.s.o.a.h.c.h.i.c.MainClientExec&amp#27;[0;39m - &amp#27;[32mex-00000067: executing GET /v1.32/containers/0739339bbc624082fb5e41f62f4a622236ffe4974bf12b2847105b726085e02b/json HTTP/1.1
&amp#27;[0;39m2023-05-08 13:19:03,066 [main] &amp#27;[39mDEBUG&amp#27;[0;39m &amp#27;[36mc.g.d.z.s.o.a.h.c.h.i.c.InternalHttpClient&amp#27;[0;39m - &amp#27;[32mep-00000066: start execution ex-00000067
&amp#27;[0;39m2023-05-08 13:19:03,066 [main] &amp#27;[39mDEBUG&amp#27;[0;39m &amp#27;[36mc.g.d.z.s.o.a.h.c.h.i.i.PoolingHttpClientConnectionManager&amp#27;[0;39m - &amp#27;[32mep-00000066: executing exchange ex-00000067 over http-outgoing-1
&amp#27;[0;39m2023-05-08 13:19:03,066 [main] &amp#27;[39mDEBUG&amp#27;[0;39m &amp#27;[36mc.g.d.z.s.o.a.h.client5.http.headers&amp#27;[0;39m - &amp#27;[32mhttp-outgoing-1 >> GET /v1.32/containers/0739339bbc624082fb5e41f62f4a622236ffe4974bf12b2847105b726085e02b/json HTTP/1.1
&amp#27;[0;39m2023-05-08 13:19:03,066 [main] &amp#27;[39mDEBUG&amp#27;[0;39m &amp#27;[36mc.g.d.z.s.o.a.h.client5.http.headers&amp#27;[0;39m - &amp#27;[32mhttp-outgoing-1 >> accept: application/json
&amp#27;[0;39m2023-05-08 13:19:03,066 [main] &amp#27;[39mDEBUG&amp#27;[0;39m &amp#27;[36mc.g.d.z.s.o.a.h.client5.http.headers&amp#27;[0;39m - &amp#27;[32mhttp-outgoing-1 >> x-tc-sid: f1b696c1-ec3f-4f95-afa8-081853be7ccb
&amp#27;[0;39m2023-05-08 13:19:03,066 [main] &amp#27;[39mDEBUG&amp#27;[0;39m &amp#27;[36mc.g.d.z.s.o.a.h.client5.http.headers&amp#27;[0;39m - &amp#27;[32mhttp-outgoing-1 >> Accept-Encoding: gzip, x-gzip, deflate
&amp#27;[0;39m2023-05-08 13:19:03,066 [main] &amp#27;[39mDEBUG&amp#27;[0;39m &amp#27;[36mc.g.d.z.s.o.a.h.client5.http.headers&amp#27;[0;39m - &amp#27;[32mhttp-outgoing-1 >> Host: localhost:2375
&amp#27;[0;39m2023-05-08 13:19:03,066 [main] &amp#27;[39mDEBUG&amp#27;[0;39m &amp#27;[36mc.g.d.z.s.o.a.h.client5.http.headers&amp#27;[0;39m - &amp#27;[32mhttp-outgoing-1 >> Connection: keep-alive
&amp#27;[0;39m2023-05-08 13:19:03,066 [main] &amp#27;[39mDEBUG&amp#27;[0;39m &amp#27;[36mc.g.d.z.s.o.a.h.client5.http.headers&amp#27;[0;39m - &amp#27;[32mhttp-outgoing-1 >> User-Agent: Apache-HttpClient/5.0.3 (Java/17.0.6)
&amp#27;[0;39m2023-05-08 13:19:03,066 [main] &amp#27;[39mDEBUG&amp#27;[0;39m &amp#27;[36mc.g.d.z.s.o.a.hc.client5.http.wire&amp#27;[0;39m - &amp#27;[32mhttp-outgoing-1 >> "GET /v1.32/containers/0739339bbc624082fb5e41f62f4a622236ffe4974bf12b2847105b726085e02b/json HTTP/1.1[\r][\n]"
&amp#27;[0;39m2023-05-08 13:19:03,066 [main] &amp#27;[39mDEBUG&amp#27;[0;39m &amp#27;[36mc.g.d.z.s.o.a.hc.client5.http.wire&amp#27;[0;39m - &amp#27;[32mhttp-outgoing-1 >> "accept: application/json[\r][\n]"
&amp#27;[0;39m2023-05-08 13:19:03,066 [main] &amp#27;[39mDEBUG&amp#27;[0;39m &amp#27;[36mc.g.d.z.s.o.a.hc.client5.http.wire&amp#27;[0;39m - &amp#27;[32mhttp-outgoing-1 >> "x-tc-sid: f1b696c1-ec3f-4f95-afa8-081853be7ccb[\r][\n]"
&amp#27;[0;39m2023-05-08 13:19:03,066 [main] &amp#27;[39mDEBUG&amp#27;[0;39m &amp#27;[36mc.g.d.z.s.o.a.hc.client5.http.wire&amp#27;[0;39m - &amp#27;[32mhttp-outgoing-1 >> "Accept-Encoding: gzip, x-gzip, deflate[\r][\n]"
&amp#27;[0;39m2023-05-08 13:19:03,066 [main] &amp#27;[39mDEBUG&amp#27;[0;39m &amp#27;[36mc.g.d.z.s.o.a.hc.client5.http.wire&amp#27;[0;39m - &amp#27;[32mhttp-outgoing-1 >> "Host: localhost:2375[\r][\n]"
&amp#27;[0;39m2023-05-08 13:19:03,066 [main] &amp#27;[39mDEBUG&amp#27;[0;39m &amp#27;[36mc.g.d.z.s.o.a.hc.client5.http.wire&amp#27;[0;39m - &amp#27;[32mhttp-outgoing-1 >> "Connection: keep-alive[\r][\n]"
&amp#27;[0;39m2023-05-08 13:19:03,066 [main] &amp#27;[39mDEBUG&amp#27;[0;39m &amp#27;[36mc.g.d.z.s.o.a.hc.client5.http.wire&amp#27;[0;39m - &amp#27;[32mhttp-outgoing-1 >> "User-Agent: Apache-HttpClient/5.0.3 (Java/17.0.6)[\r][\n]"
&amp#27;[0;39m2023-05-08 13:19:03,066 [main] &amp#27;[39mDEBUG&amp#27;[0;39m &amp#27;[36mc.g.d.z.s.o.a.hc.client5.http.wire&amp#27;[0;39m - &amp#27;[32mhttp-outgoing-1 >> "[\r][\n]"
&amp#27;[0;39m2023-05-08 13:19:03,066 [main] &amp#27;[39mDEBUG&amp#27;[0;39m &amp#27;[36mc.g.d.z.s.o.a.hc.client5.http.wire&amp#27;[0;39m - &amp#27;[32mhttp-outgoing-1 << "HTTP/1.1 200 OK[\r][\n]"
&amp#27;[0;39m2023-05-08 13:19:03,067 [main] &amp#27;[39mDEBUG&amp#27;[0;39m &amp#27;[36mc.g.d.z.s.o.a.hc.client5.http.wire&amp#27;[0;39m - &amp#27;[32mhttp-outgoing-1 << "Api-Version: 1.42[\r][\n]"
&amp#27;[0;39m2023-05-08 13:19:03,067 [main] &amp#27;[39mDEBUG&amp#27;[0;39m &amp#27;[36mc.g.d.z.s.o.a.hc.client5.http.wire&amp#27;[0;39m - &amp#27;[32mhttp-outgoing-1 << "Content-Type: application/json[\r][\n]"
&amp#27;[0;39m2023-05-08 13:19:03,067 [main] &amp#27;[39mDEBUG&amp#27;[0;39m &amp#27;[36mc.g.d.z.s.o.a.hc.client5.http.wire&amp#27;[0;39m - &amp#27;[32mhttp-outgoing-1 << "Docker-Experimental: false[\r][\n]"
&amp#27;[0;39m2023-05-08 13:19:03,067 [main] &amp#27;[39mDEBUG&amp#27;[0;39m &amp#27;[36mc.g.d.z.s.o.a.hc.client5.http.wire&amp#27;[0;39m - &amp#27;[32mhttp-outgoing-1 << "Ostype: linux[\r][\n]"
&amp#27;[0;39m2023-05-08 13:19:03,067 [main] &amp#27;[39mDEBUG&amp#27;[0;39m &amp#27;[36mc.g.d.z.s.o.a.hc.client5.http.wire&amp#27;[0;39m - &amp#27;[32mhttp-outgoing-1 << "Server: Docker/23.0.5 (linux)[\r][\n]"
&amp#27;[0;39m2023-05-08 13:19:03,067 [main] &amp#27;[39mDEBUG&amp#27;[0;39m &amp#27;[36mc.g.d.z.s.o.a.hc.client5.http.wire&amp#27;[0;39m - &amp#27;[32mhttp-outgoing-1 << "Date: Mon, 08 May 2023 11:19:03 GMT[\r][\n]"
&amp#27;[0;39m2023-05-08 13:19:03,067 [main] &amp#27;[39mDEBUG&amp#27;[0;39m &amp#27;[36mc.g.d.z.s.o.a.hc.client5.http.wire&amp#27;[0;39m - &amp#27;[32mhttp-outgoing-1 << "Transfer-Encoding: chunked[\r][\n]"
&amp#27;[0;39m2023-05-08 13:19:03,067 [main] &amp#27;[39mDEBUG&amp#27;[0;39m &amp#27;[36mc.g.d.z.s.o.a.hc.client5.http.wire&amp#27;[0;39m - &amp#27;[32mhttp-outgoing-1 << "[\r][\n]"
&amp#27;[0;39m2023-05-08 13:19:03,067 [main] &amp#27;[39mDEBUG&amp#27;[0;39m &amp#27;[36mc.g.d.z.s.o.a.hc.client5.http.wire&amp#27;[0;39m - &amp#27;[32mhttp-outgoing-1 << "1893[\r][\n]"
&amp#27;[0;39m2023-05-08 13:19:03,067 [main] &amp#27;[39mDEBUG&amp#27;[0;39m &amp#27;[36mc.g.d.z.s.o.a.hc.client5.http.wire&amp#27;[0;39m - &amp#27;[32mhttp-outgoing-1 << "{"Id":"0739339bbc624082fb5e41f62f4a622236ffe4974bf12b2847105b726085e02b","Created":"2023-05-08T11:19:01.771856188Z","Path":"docker-entrypoint.sh","Args":["mysqld"],"State":{"Status":"running","Running":true,"Paused":false,"Restarting":false,"OOMKilled":false,"Dead":false,"Pid":59514,"ExitCode":0,"Error":"","StartedAt":"2023-05-08T11:19:02.113674386Z","FinishedAt":"0001-01-01T00:00:00Z"},"Image":"sha256:228d71078f8ce5ae9fd96b183f88c3a90e30544b4b7ce9d64a238d05fef2a681","ResolvConfPath":"/var/lib/docker/containers/0739339bbc624082fb5e41f62f4a622236ffe4974bf12b2847105b726085e02b/resolv.conf","HostnamePath":"/var/lib/docker/containers/0739339bbc624082fb5e41f62f4a622236ffe4974bf12b2847105b726085e02b/hostname","HostsPath":"/var/lib/docker/containers/0739339bbc624082fb5e41f62f4a622236ffe4974bf12b2847105b726085e02b/hosts","LogPath":"/var/lib/docker/containers/0739339bbc624082fb5e41f62f4a622236ffe4974bf12b2847105b726085e02b/0739339bbc624082fb5e41f62f4a622236ffe4974bf12b2847105b726085e02b-json.log","Name":"/intelligent_galileo","RestartCount":0,"Driver":"overlay2","Platform":"linux","MountLabel":"","ProcessLabel":"","AppArmorProfile":"docker-default","ExecIDs":null,"HostConfig":{"Binds":[],"ContainerIDFile":"","LogConfig":{"Type":"json-file","Config":{}},"NetworkMode":"default","PortBindings":{"3306/tcp":[{"HostIp":"","HostPort":""}]},"RestartPolicy":{"Name":"","MaximumRetryCount":0},"AutoRemove":false,"VolumeDriver":"","VolumesFrom":[],"ConsoleSize":[0,0],"CapAdd":null,"CapDrop":null,"CgroupnsMode":"private","Dns":null,"DnsOptions":null,"DnsSearch":null,"ExtraHosts":[],"GroupAdd":null,"IpcMode":"shareable","Cgroup":"","Links":null,"OomScoreAdj":0,"PidMode":"","Privileged":false,"PublishAllPorts":false,"ReadonlyRootfs":false,"SecurityOpt":null,"UTSMode":"","UsernsMode":"","ShmSize":67108864,"Runtime":"runc","Isolation":"","CpuShares":0,"Memory":0,"NanoCpus":0,"CgroupParent":"","BlkioWeight":0,"BlkioWeightDevice":null,"BlkioDeviceReadBps":null,"BlkioDeviceWriteBps":null,"BlkioDeviceReadIOps":null,"BlkioDeviceWriteIOps":null,"CpuPeriod":0,"CpuQuota":0,"CpuRealtimePeriod":0,"CpuRealtimeRuntime":0,"CpusetCpus":"","CpusetMems":"","Devices":null,"DeviceCgroupRules":null,"DeviceRequests":null,"MemoryReservation":0,"MemorySwap":0,"MemorySwappiness":null,"OomKillDisable":null,"PidsLimit":null,"Ulimits":null,"CpuCount":0,"CpuPercent":0,"IOMaximumIOps":0,"IOMaximumBandwidth":0,"MaskedPaths":["/proc/asound","/proc/acpi","/proc/kcore","/proc/keys","/proc/latency_stats","/proc/timer_list","/proc/timer_stats","/proc/sched_debug","/proc/scsi","/sys/firmware"],"ReadonlyPaths":["/proc/bus","/proc/fs","/proc/irq","/proc/sys","/proc/sysrq-trigger"]},"GraphDriver":{"Data":{"LowerDir":"/var/lib/docker/overlay2/b481eee7843c17772ada1734203524b4de76785735a50d4c68703d497db0e4ed-init/diff:/var/lib/docker/overlay2/4c6e20f032f02b27a9272f982861dc21998197aa90d94ed3bef95d449380247c/diff:/var/lib/docker/overlay2/0c75f828f603eff839bb3ca448163ab2a8017e86625ac255cd3dbf1673ddac26/diff:/var/lib/docker/overlay2/da128d897fda75829109844ce6cd9d73d0f54c682e735100af000ce899908729/diff:/var/lib/docker/overlay2/b678a1f261bf323afba6d76d91ab7428bdd6e1ef4a39b5224e4a1afd08c0423a/diff:/var/lib/docker/overlay2/1bec43b14875c5f9f814f146e8e31aa78566689c2c163da2ac60a32254988437/diff:/var/lib/docker/overlay2/28f4b1e6e1a7a2dbe30f1f94fb42bccd85a61faf8af1fe30a5bb0d442c525e41/diff:/var/lib/docker/overlay2/0f493124464c291d7c97d2633d5dff04b1dce5de904cb40a34dfbe7fe72e3fd4/diff:/var/lib/docker/overlay2/05befbee9e38cd670e1786b3310e99796dcc06abbed970007b4109a5424843fa/diff:/var/lib/docker/overlay2/582bcca9acfc4eef25109e1e1b9c9d104f355798455bc73e855c99283887a6e8/diff:/var/lib/docker/overlay2/153b3bf0b69e97e8f0e5533414a31ca33fa530e63d174c9617621abe46e7e9d1/diff:/var/lib/docker/overlay2/bf87a76c0a38875ee6e915fd0d2527eafa880ec6bf2c1cb294959428c18d10bd/diff","MergedDir":"/var/lib/docker/overlay2/b481eee7843c17772ada1734203524b4de76785735a50d4c68703d497db0e4ed/merged","UpperDir":"/var/lib/docker/overlay2/b481eee7843c17772ada1734203524b4de76785735a50d4c68703d497db0e4ed/diff","WorkDir":"/var/lib/docker/overlay2/b481eee7843c17772ada1734203524b4de76785735a50d4c68703d497db0e4ed/work"},"Name":"overlay2"},"Mounts":[{"Type":"volume","Name":"ec40278114b76af7b6535b952e685e04a98a51fa16363f5e9f0df1ce601f1dd5","Source":"/var/lib/docker/volumes/ec40278114b76af7b6535b952e685e04a98a51fa16363f5e9f0df1ce601f1dd5/_data","Destination":"/var/lib/mysql","Driver":"local","Mode":"","RW":true,"Propagation":""}],"Config":{"Hostname":"0739339bbc62","Domainname":"","User":"","AttachStdin":false,"AttachStdout":false,"AttachStderr":false,"ExposedPorts":{"3306/tcp":{}},"Tty":false,"OpenStdin":false,"StdinOnce":false,"Env":["MYSQL_DATABASE=test","MYSQL_PASSWORD=test","MYSQL_USER=test","MYSQL_ROOT_PASSWORD=test","PATH=/usr/local/sbin:/usr/local/bin:/usr/sbin:/usr/bin:/sbin:/bin","GOSU_VERSION=1.7","MYSQL_MAJOR=8.0","MYSQL_VERSION=8.0.0-dmr-1debian8"],"Cmd":["mysqld"],"Image":"mysql:8.0.0","Volumes":{"/var/lib/mysql":{}},"WorkingDir":"","Entrypoint":["docker-entrypoint.sh"],"OnBuild":null,"Labels":{"org.testcontainers":"true","org.testcontainers.lang":"java","org.testcontainers.sessionId":"f1b696c1-ec3f-4f95-afa8-081853be7ccb","org.testcontainers.version":"1.18.0"}},"NetworkSettings":{"Bridge":"","SandboxID":"d265e68e2afe307f1ab03fab083f2c0477cba31e9f26759f52b94e045d1847fb","HairpinMode":false,"LinkLocalIPv6Address":"","LinkLocalIPv6PrefixLen":0,"Ports":{"3306/tcp":[{"HostIp":"0.0.0.0","HostPort":"32782"},{"HostIp":"::","HostPort":"32782"}]},"SandboxKey":"/var/run/docker/netns/d265e68e2afe","SecondaryIPAddresses":null,"SecondaryIPv6Addresses":null,"EndpointID":"97b4c81a7665dcad3863174204db678dde492e2a2b2f11f6ef1c683b5d76146b","Gateway":"172.17.0.1","GlobalIPv6Address":"","GlobalIPv6PrefixLen":0,"IPAddress":"172.17.0.3","IPPrefixLen":16,"IPv6Gateway":"","MacAddress":"02:42:ac:11:00:03","Networks":{"bridge":{"IPAMConfig":null,"Links":null,"Aliases":null,"NetworkID":"e1a078e12eb8d77b497ed932f7fb43787eeb6ff6972febd7d03c9282b8b5cd45","EndpointID":"97b4c81a7665dcad3863174204db678dde492e2a2b2f11f6ef1c683b5d76146b","Gateway":"172.17.0.1","IPAddress":"172.17.0.3","IPPrefixLen":16,"IPv6Gateway":"","GlobalIPv6Address":"","GlobalIPv6PrefixLen":0,"MacAddress":"02:42:ac:11:00:03","DriverOpts":null}}}}[\n]"
&amp#27;[0;39m2023-05-08 13:19:03,067 [main] &amp#27;[39mDEBUG&amp#27;[0;39m &amp#27;[36mc.g.d.z.s.o.a.hc.client5.http.wire&amp#27;[0;39m - &amp#27;[32mhttp-outgoing-1 << "[\r][\n]"
&amp#27;[0;39m2023-05-08 13:19:03,067 [main] &amp#27;[39mDEBUG&amp#27;[0;39m &amp#27;[36mc.g.d.z.s.o.a.hc.client5.http.wire&amp#27;[0;39m - &amp#27;[32mhttp-outgoing-1 << "0[\r][\n]"
&amp#27;[0;39m2023-05-08 13:19:03,067 [main] &amp#27;[39mDEBUG&amp#27;[0;39m &amp#27;[36mc.g.d.z.s.o.a.hc.client5.http.wire&amp#27;[0;39m - &amp#27;[32mhttp-outgoing-1 << "[\r][\n]"
&amp#27;[0;39m2023-05-08 13:19:03,067 [main] &amp#27;[39mDEBUG&amp#27;[0;39m &amp#27;[36mc.g.d.z.s.o.a.h.client5.http.headers&amp#27;[0;39m - &amp#27;[32mhttp-outgoing-1 << HTTP/1.1 200 OK
&amp#27;[0;39m2023-05-08 13:19:03,067 [main] &amp#27;[39mDEBUG&amp#27;[0;39m &amp#27;[36mc.g.d.z.s.o.a.h.client5.http.headers&amp#27;[0;39m - &amp#27;[32mhttp-outgoing-1 << Api-Version: 1.42
&amp#27;[0;39m2023-05-08 13:19:03,067 [main] &amp#27;[39mDEBUG&amp#27;[0;39m &amp#27;[36mc.g.d.z.s.o.a.h.client5.http.headers&amp#27;[0;39m - &amp#27;[32mhttp-outgoing-1 << Content-Type: application/json
&amp#27;[0;39m2023-05-08 13:19:03,067 [main] &amp#27;[39mDEBUG&amp#27;[0;39m &amp#27;[36mc.g.d.z.s.o.a.h.client5.http.headers&amp#27;[0;39m - &amp#27;[32mhttp-outgoing-1 << Docker-Experimental: false
&amp#27;[0;39m2023-05-08 13:19:03,067 [main] &amp#27;[39mDEBUG&amp#27;[0;39m &amp#27;[36mc.g.d.z.s.o.a.h.client5.http.headers&amp#27;[0;39m - &amp#27;[32mhttp-outgoing-1 << Ostype: linux
&amp#27;[0;39m2023-05-08 13:19:03,067 [main] &amp#27;[39mDEBUG&amp#27;[0;39m &amp#27;[36mc.g.d.z.s.o.a.h.client5.http.headers&amp#27;[0;39m - &amp#27;[32mhttp-outgoing-1 << Server: Docker/23.0.5 (linux)
&amp#27;[0;39m2023-05-08 13:19:03,067 [main] &amp#27;[39mDEBUG&amp#27;[0;39m &amp#27;[36mc.g.d.z.s.o.a.h.client5.http.headers&amp#27;[0;39m - &amp#27;[32mhttp-outgoing-1 << Date: Mon, 08 May 2023 11:19:03 GMT
&amp#27;[0;39m2023-05-08 13:19:03,067 [main] &amp#27;[39mDEBUG&amp#27;[0;39m &amp#27;[36mc.g.d.z.s.o.a.h.client5.http.headers&amp#27;[0;39m - &amp#27;[32mhttp-outgoing-1 << Transfer-Encoding: chunked
&amp#27;[0;39m2023-05-08 13:19:03,067 [main] &amp#27;[39mDEBUG&amp#27;[0;39m &amp#27;[36mc.g.d.z.s.o.a.h.c.h.i.c.MainClientExec&amp#27;[0;39m - &amp#27;[32mex-00000067: connection can be kept alive for 3 MINUTES
&amp#27;[0;39m2023-05-08 13:19:03,067 [main] &amp#27;[39mDEBUG&amp#27;[0;39m &amp#27;[36mc.g.d.z.s.o.a.h.c.h.i.c.InternalHttpClient&amp#27;[0;39m - &amp#27;[32mep-00000066: releasing valid endpoint
&amp#27;[0;39m2023-05-08 13:19:03,067 [main] &amp#27;[39mDEBUG&amp#27;[0;39m &amp#27;[36mc.g.d.z.s.o.a.h.c.h.i.i.PoolingHttpClientConnectionManager&amp#27;[0;39m - &amp#27;[32mep-00000066: releasing endpoint
&amp#27;[0;39m2023-05-08 13:19:03,067 [main] &amp#27;[39mDEBUG&amp#27;[0;39m &amp#27;[36mc.g.d.z.s.o.a.h.c.h.i.i.PoolingHttpClientConnectionManager&amp#27;[0;39m - &amp#27;[32mep-00000066: connection http-outgoing-1 can be kept alive for 3 MINUTES
&amp#27;[0;39m2023-05-08 13:19:03,067 [main] &amp#27;[39mDEBUG&amp#27;[0;39m &amp#27;[36mc.g.d.z.s.o.a.h.c.h.i.i.PoolingHttpClientConnectionManager&amp#27;[0;39m - &amp#27;[32mep-00000066: connection released [route: {}->unix://localhost:2375][total available: 1; route allocated: 1 of 2147483647; total allocated: 1 of 2147483647]
&amp#27;[0;39m2023-05-08 13:19:03,067 [main] &amp#27;[39mDEBUG&amp#27;[0;39m &amp#27;[36mtc.mysql:8.0.0&amp#27;[0;39m - &amp#27;[32mTrying to create JDBC connection using com.mysql.cj.jdbc.Driver to jdbc:mysql://localhost:32782/test?useSSL=false&allowPublicKeyRetrieval=true with properties: {password=test, user=test}
&amp#27;[0;39m2023-05-08 13:19:03,169 [main] &amp#27;[39mDEBUG&amp#27;[0;39m &amp#27;[36mo.t.s.c.g.d.c.command.AbstrDockerCmd&amp#27;[0;39m - &amp#27;[32mCmd: 0739339bbc624082fb5e41f62f4a622236ffe4974bf12b2847105b726085e02b,false
&amp#27;[0;39m2023-05-08 13:19:03,169 [main] &amp#27;[39mDEBUG&amp#27;[0;39m &amp#27;[36mo.t.s.c.g.d.c.e.InspectContainerCmdExec&amp#27;[0;39m - &amp#27;[32mGET: DefaultWebTarget{path=[/containers/0739339bbc624082fb5e41f62f4a622236ffe4974bf12b2847105b726085e02b/json], queryParams={}}
&amp#27;[0;39m2023-05-08 13:19:03,169 [main] &amp#27;[39mDEBUG&amp#27;[0;39m &amp#27;[36mc.g.d.z.s.o.a.h.c.h.i.c.InternalHttpClient&amp#27;[0;39m - &amp#27;[32mex-00000068: preparing request execution
&amp#27;[0;39m2023-05-08 13:19:03,169 [main] &amp#27;[39mDEBUG&amp#27;[0;39m &amp#27;[36mc.g.d.z.s.o.a.h.c.h.p.RequestAddCookies&amp#27;[0;39m - &amp#27;[32mCookie spec selected: strict
&amp#27;[0;39m2023-05-08 13:19:03,169 [main] &amp#27;[39mDEBUG&amp#27;[0;39m &amp#27;[36mc.g.d.z.s.o.a.h.c.h.p.RequestAuthCache&amp#27;[0;39m - &amp#27;[32mAuth cache not set in the context
&amp#27;[0;39m2023-05-08 13:19:03,169 [main] &amp#27;[39mDEBUG&amp#27;[0;39m &amp#27;[36mc.g.d.z.s.o.a.h.c.h.i.c.ProtocolExec&amp#27;[0;39m - &amp#27;[32mex-00000068: target auth state: UNCHALLENGED
&amp#27;[0;39m2023-05-08 13:19:03,169 [main] &amp#27;[39mDEBUG&amp#27;[0;39m &amp#27;[36mc.g.d.z.s.o.a.h.c.h.i.c.ProtocolExec&amp#27;[0;39m - &amp#27;[32mex-00000068: proxy auth state: UNCHALLENGED
&amp#27;[0;39m2023-05-08 13:19:03,169 [main] &amp#27;[39mDEBUG&amp#27;[0;39m &amp#27;[36mc.g.d.z.s.o.a.h.c.h.i.c.ConnectExec&amp#27;[0;39m - &amp#27;[32mex-00000068: acquiring connection with route {}->unix://localhost:2375
&amp#27;[0;39m2023-05-08 13:19:03,169 [main] &amp#27;[39mDEBUG&amp#27;[0;39m &amp#27;[36mc.g.d.z.s.o.a.h.c.h.i.c.InternalHttpClient&amp#27;[0;39m - &amp#27;[32mex-00000068: acquiring endpoint (3 MINUTES)
&amp#27;[0;39m2023-05-08 13:19:03,169 [main] &amp#27;[39mDEBUG&amp#27;[0;39m &amp#27;[36mc.g.d.z.s.o.a.h.c.h.i.i.PoolingHttpClientConnectionManager&amp#27;[0;39m - &amp#27;[32mex-00000068: endpoint lease request (3 MINUTES) [route: {}->unix://localhost:2375][total available: 1; route allocated: 1 of 2147483647; total allocated: 1 of 2147483647]
&amp#27;[0;39m2023-05-08 13:19:03,169 [main] &amp#27;[39mDEBUG&amp#27;[0;39m &amp#27;[36mc.g.d.z.s.o.a.h.c.h.i.i.PoolingHttpClientConnectionManager&amp#27;[0;39m - &amp#27;[32mex-00000068: endpoint leased [route: {}->unix://localhost:2375][total available: 0; route allocated: 1 of 2147483647; total allocated: 1 of 2147483647]
&amp#27;[0;39m2023-05-08 13:19:03,169 [main] &amp#27;[39mDEBUG&amp#27;[0;39m &amp#27;[36mc.g.d.z.s.o.a.h.c.h.i.i.PoolingHttpClientConnectionManager&amp#27;[0;39m - &amp#27;[32mex-00000068: acquired ep-00000067
&amp#27;[0;39m2023-05-08 13:19:03,169 [main] &amp#27;[39mDEBUG&amp#27;[0;39m &amp#27;[36mc.g.d.z.s.o.a.h.c.h.i.c.InternalHttpClient&amp#27;[0;39m - &amp#27;[32mex-00000068: acquired endpoint ep-00000067
&amp#27;[0;39m2023-05-08 13:19:03,169 [main] &amp#27;[39mDEBUG&amp#27;[0;39m &amp#27;[36mc.g.d.z.s.o.a.h.c.h.i.c.MainClientExec&amp#27;[0;39m - &amp#27;[32mex-00000068: executing GET /v1.32/containers/0739339bbc624082fb5e41f62f4a622236ffe4974bf12b2847105b726085e02b/json HTTP/1.1
&amp#27;[0;39m2023-05-08 13:19:03,169 [main] &amp#27;[39mDEBUG&amp#27;[0;39m &amp#27;[36mc.g.d.z.s.o.a.h.c.h.i.c.InternalHttpClient&amp#27;[0;39m - &amp#27;[32mep-00000067: start execution ex-00000068
&amp#27;[0;39m2023-05-08 13:19:03,169 [main] &amp#27;[39mDEBUG&amp#27;[0;39m &amp#27;[36mc.g.d.z.s.o.a.h.c.h.i.i.PoolingHttpClientConnectionManager&amp#27;[0;39m - &amp#27;[32mep-00000067: executing exchange ex-00000068 over http-outgoing-1
&amp#27;[0;39m2023-05-08 13:19:03,169 [main] &amp#27;[39mDEBUG&amp#27;[0;39m &amp#27;[36mc.g.d.z.s.o.a.h.client5.http.headers&amp#27;[0;39m - &amp#27;[32mhttp-outgoing-1 >> GET /v1.32/containers/0739339bbc624082fb5e41f62f4a622236ffe4974bf12b2847105b726085e02b/json HTTP/1.1
&amp#27;[0;39m2023-05-08 13:19:03,169 [main] &amp#27;[39mDEBUG&amp#27;[0;39m &amp#27;[36mc.g.d.z.s.o.a.h.client5.http.headers&amp#27;[0;39m - &amp#27;[32mhttp-outgoing-1 >> accept: application/json
&amp#27;[0;39m2023-05-08 13:19:03,169 [main] &amp#27;[39mDEBUG&amp#27;[0;39m &amp#27;[36mc.g.d.z.s.o.a.h.client5.http.headers&amp#27;[0;39m - &amp#27;[32mhttp-outgoing-1 >> x-tc-sid: f1b696c1-ec3f-4f95-afa8-081853be7ccb
&amp#27;[0;39m2023-05-08 13:19:03,169 [main] &amp#27;[39mDEBUG&amp#27;[0;39m &amp#27;[36mc.g.d.z.s.o.a.h.client5.http.headers&amp#27;[0;39m - &amp#27;[32mhttp-outgoing-1 >> Accept-Encoding: gzip, x-gzip, deflate
&amp#27;[0;39m2023-05-08 13:19:03,169 [main] &amp#27;[39mDEBUG&amp#27;[0;39m &amp#27;[36mc.g.d.z.s.o.a.h.client5.http.headers&amp#27;[0;39m - &amp#27;[32mhttp-outgoing-1 >> Host: localhost:2375
&amp#27;[0;39m2023-05-08 13:19:03,169 [main] &amp#27;[39mDEBUG&amp#27;[0;39m &amp#27;[36mc.g.d.z.s.o.a.h.client5.http.headers&amp#27;[0;39m - &amp#27;[32mhttp-outgoing-1 >> Connection: keep-alive
&amp#27;[0;39m2023-05-08 13:19:03,169 [main] &amp#27;[39mDEBUG&amp#27;[0;39m &amp#27;[36mc.g.d.z.s.o.a.h.client5.http.headers&amp#27;[0;39m - &amp#27;[32mhttp-outgoing-1 >> User-Agent: Apache-HttpClient/5.0.3 (Java/17.0.6)
&amp#27;[0;39m2023-05-08 13:19:03,169 [main] &amp#27;[39mDEBUG&amp#27;[0;39m &amp#27;[36mc.g.d.z.s.o.a.hc.client5.http.wire&amp#27;[0;39m - &amp#27;[32mhttp-outgoing-1 >> "GET /v1.32/containers/0739339bbc624082fb5e41f62f4a622236ffe4974bf12b2847105b726085e02b/json HTTP/1.1[\r][\n]"
&amp#27;[0;39m2023-05-08 13:19:03,169 [main] &amp#27;[39mDEBUG&amp#27;[0;39m &amp#27;[36mc.g.d.z.s.o.a.hc.client5.http.wire&amp#27;[0;39m - &amp#27;[32mhttp-outgoing-1 >> "accept: application/json[\r][\n]"
&amp#27;[0;39m2023-05-08 13:19:03,169 [main] &amp#27;[39mDEBUG&amp#27;[0;39m &amp#27;[36mc.g.d.z.s.o.a.hc.client5.http.wire&amp#27;[0;39m - &amp#27;[32mhttp-outgoing-1 >> "x-tc-sid: f1b696c1-ec3f-4f95-afa8-081853be7ccb[\r][\n]"
&amp#27;[0;39m2023-05-08 13:19:03,169 [main] &amp#27;[39mDEBUG&amp#27;[0;39m &amp#27;[36mc.g.d.z.s.o.a.hc.client5.http.wire&amp#27;[0;39m - &amp#27;[32mhttp-outgoing-1 >> "Accept-Encoding: gzip, x-gzip, deflate[\r][\n]"
&amp#27;[0;39m2023-05-08 13:19:03,169 [main] &amp#27;[39mDEBUG&amp#27;[0;39m &amp#27;[36mc.g.d.z.s.o.a.hc.client5.http.wire&amp#27;[0;39m - &amp#27;[32mhttp-outgoing-1 >> "Host: localhost:2375[\r][\n]"
&amp#27;[0;39m2023-05-08 13:19:03,169 [main] &amp#27;[39mDEBUG&amp#27;[0;39m &amp#27;[36mc.g.d.z.s.o.a.hc.client5.http.wire&amp#27;[0;39m - &amp#27;[32mhttp-outgoing-1 >> "Connection: keep-alive[\r][\n]"
&amp#27;[0;39m2023-05-08 13:19:03,169 [main] &amp#27;[39mDEBUG&amp#27;[0;39m &amp#27;[36mc.g.d.z.s.o.a.hc.client5.http.wire&amp#27;[0;39m - &amp#27;[32mhttp-outgoing-1 >> "User-Agent: Apache-HttpClient/5.0.3 (Java/17.0.6)[\r][\n]"
&amp#27;[0;39m2023-05-08 13:19:03,169 [main] &amp#27;[39mDEBUG&amp#27;[0;39m &amp#27;[36mc.g.d.z.s.o.a.hc.client5.http.wire&amp#27;[0;39m - &amp#27;[32mhttp-outgoing-1 >> "[\r][\n]"
&amp#27;[0;39m2023-05-08 13:19:03,170 [main] &amp#27;[39mDEBUG&amp#27;[0;39m &amp#27;[36mc.g.d.z.s.o.a.hc.client5.http.wire&amp#27;[0;39m - &amp#27;[32mhttp-outgoing-1 << "HTTP/1.1 200 OK[\r][\n]"
&amp#27;[0;39m2023-05-08 13:19:03,170 [main] &amp#27;[39mDEBUG&amp#27;[0;39m &amp#27;[36mc.g.d.z.s.o.a.hc.client5.http.wire&amp#27;[0;39m - &amp#27;[32mhttp-outgoing-1 << "Api-Version: 1.42[\r][\n]"
&amp#27;[0;39m2023-05-08 13:19:03,170 [main] &amp#27;[39mDEBUG&amp#27;[0;39m &amp#27;[36mc.g.d.z.s.o.a.hc.client5.http.wire&amp#27;[0;39m - &amp#27;[32mhttp-outgoing-1 << "Content-Type: application/json[\r][\n]"
&amp#27;[0;39m2023-05-08 13:19:03,170 [main] &amp#27;[39mDEBUG&amp#27;[0;39m &amp#27;[36mc.g.d.z.s.o.a.hc.client5.http.wire&amp#27;[0;39m - &amp#27;[32mhttp-outgoing-1 << "Docker-Experimental: false[\r][\n]"
&amp#27;[0;39m2023-05-08 13:19:03,170 [main] &amp#27;[39mDEBUG&amp#27;[0;39m &amp#27;[36mc.g.d.z.s.o.a.hc.client5.http.wire&amp#27;[0;39m - &amp#27;[32mhttp-outgoing-1 << "Ostype: linux[\r][\n]"
&amp#27;[0;39m2023-05-08 13:19:03,170 [main] &amp#27;[39mDEBUG&amp#27;[0;39m &amp#27;[36mc.g.d.z.s.o.a.hc.client5.http.wire&amp#27;[0;39m - &amp#27;[32mhttp-outgoing-1 << "Server: Docker/23.0.5 (linux)[\r][\n]"
&amp#27;[0;39m2023-05-08 13:19:03,170 [main] &amp#27;[39mDEBUG&amp#27;[0;39m &amp#27;[36mc.g.d.z.s.o.a.hc.client5.http.wire&amp#27;[0;39m - &amp#27;[32mhttp-outgoing-1 << "Date: Mon, 08 May 2023 11:19:03 GMT[\r][\n]"
&amp#27;[0;39m2023-05-08 13:19:03,170 [main] &amp#27;[39mDEBUG&amp#27;[0;39m &amp#27;[36mc.g.d.z.s.o.a.hc.client5.http.wire&amp#27;[0;39m - &amp#27;[32mhttp-outgoing-1 << "Transfer-Encoding: chunked[\r][\n]"
&amp#27;[0;39m2023-05-08 13:19:03,170 [main] &amp#27;[39mDEBUG&amp#27;[0;39m &amp#27;[36mc.g.d.z.s.o.a.hc.client5.http.wire&amp#27;[0;39m - &amp#27;[32mhttp-outgoing-1 << "[\r][\n]"
&amp#27;[0;39m2023-05-08 13:19:03,170 [main] &amp#27;[39mDEBUG&amp#27;[0;39m &amp#27;[36mc.g.d.z.s.o.a.hc.client5.http.wire&amp#27;[0;39m - &amp#27;[32mhttp-outgoing-1 << "1893[\r][\n]"
&amp#27;[0;39m2023-05-08 13:19:03,170 [main] &amp#27;[39mDEBUG&amp#27;[0;39m &amp#27;[36mc.g.d.z.s.o.a.hc.client5.http.wire&amp#27;[0;39m - &amp#27;[32mhttp-outgoing-1 << "{"Id":"0739339bbc624082fb5e41f62f4a622236ffe4974bf12b2847105b726085e02b","Created":"2023-05-08T11:19:01.771856188Z","Path":"docker-entrypoint.sh","Args":["mysqld"],"State":{"Status":"running","Running":true,"Paused":false,"Restarting":false,"OOMKilled":false,"Dead":false,"Pid":59514,"ExitCode":0,"Error":"","StartedAt":"2023-05-08T11:19:02.113674386Z","FinishedAt":"0001-01-01T00:00:00Z"},"Image":"sha256:228d71078f8ce5ae9fd96b183f88c3a90e30544b4b7ce9d64a238d05fef2a681","ResolvConfPath":"/var/lib/docker/containers/0739339bbc624082fb5e41f62f4a622236ffe4974bf12b2847105b726085e02b/resolv.conf","HostnamePath":"/var/lib/docker/containers/0739339bbc624082fb5e41f62f4a622236ffe4974bf12b2847105b726085e02b/hostname","HostsPath":"/var/lib/docker/containers/0739339bbc624082fb5e41f62f4a622236ffe4974bf12b2847105b726085e02b/hosts","LogPath":"/var/lib/docker/containers/0739339bbc624082fb5e41f62f4a622236ffe4974bf12b2847105b726085e02b/0739339bbc624082fb5e41f62f4a622236ffe4974bf12b2847105b726085e02b-json.log","Name":"/intelligent_galileo","RestartCount":0,"Driver":"overlay2","Platform":"linux","MountLabel":"","ProcessLabel":"","AppArmorProfile":"docker-default","ExecIDs":null,"HostConfig":{"Binds":[],"ContainerIDFile":"","LogConfig":{"Type":"json-file","Config":{}},"NetworkMode":"default","PortBindings":{"3306/tcp":[{"HostIp":"","HostPort":""}]},"RestartPolicy":{"Name":"","MaximumRetryCount":0},"AutoRemove":false,"VolumeDriver":"","VolumesFrom":[],"ConsoleSize":[0,0],"CapAdd":null,"CapDrop":null,"CgroupnsMode":"private","Dns":null,"DnsOptions":null,"DnsSearch":null,"ExtraHosts":[],"GroupAdd":null,"IpcMode":"shareable","Cgroup":"","Links":null,"OomScoreAdj":0,"PidMode":"","Privileged":false,"PublishAllPorts":false,"ReadonlyRootfs":false,"SecurityOpt":null,"UTSMode":"","UsernsMode":"","ShmSize":67108864,"Runtime":"runc","Isolation":"","CpuShares":0,"Memory":0,"NanoCpus":0,"CgroupParent":"","BlkioWeight":0,"BlkioWeightDevice":null,"BlkioDeviceReadBps":null,"BlkioDeviceWriteBps":null,"BlkioDeviceReadIOps":null,"BlkioDeviceWriteIOps":null,"CpuPeriod":0,"CpuQuota":0,"CpuRealtimePeriod":0,"CpuRealtimeRuntime":0,"CpusetCpus":"","CpusetMems":"","Devices":null,"DeviceCgroupRules":null,"DeviceRequests":null,"MemoryReservation":0,"MemorySwap":0,"MemorySwappiness":null,"OomKillDisable":null,"PidsLimit":null,"Ulimits":null,"CpuCount":0,"CpuPercent":0,"IOMaximumIOps":0,"IOMaximumBandwidth":0,"MaskedPaths":["/proc/asound","/proc/acpi","/proc/kcore","/proc/keys","/proc/latency_stats","/proc/timer_list","/proc/timer_stats","/proc/sched_debug","/proc/scsi","/sys/firmware"],"ReadonlyPaths":["/proc/bus","/proc/fs","/proc/irq","/proc/sys","/proc/sysrq-trigger"]},"GraphDriver":{"Data":{"LowerDir":"/var/lib/docker/overlay2/b481eee7843c17772ada1734203524b4de76785735a50d4c68703d497db0e4ed-init/diff:/var/lib/docker/overlay2/4c6e20f032f02b27a9272f982861dc21998197aa90d94ed3bef95d449380247c/diff:/var/lib/docker/overlay2/0c75f828f603eff839bb3ca448163ab2a8017e86625ac255cd3dbf1673ddac26/diff:/var/lib/docker/overlay2/da128d897fda75829109844ce6cd9d73d0f54c682e735100af000ce899908729/diff:/var/lib/docker/overlay2/b678a1f261bf323afba6d76d91ab7428bdd6e1ef4a39b5224e4a1afd08c0423a/diff:/var/lib/docker/overlay2/1bec43b14875c5f9f814f146e8e31aa78566689c2c163da2ac60a32254988437/diff:/var/lib/docker/overlay2/28f4b1e6e1a7a2dbe30f1f94fb42bccd85a61faf8af1fe30a5bb0d442c525e41/diff:/var/lib/docker/overlay2/0f493124464c291d7c97d2633d5dff04b1dce5de904cb40a34dfbe7fe72e3fd4/diff:/var/lib/docker/overlay2/05befbee9e38cd670e1786b3310e99796dcc06abbed970007b4109a5424843fa/diff:/var/lib/docker/overlay2/582bcca9acfc4eef25109e1e1b9c9d104f355798455bc73e855c99283887a6e8/diff:/var/lib/docker/overlay2/153b3bf0b69e97e8f0e5533414a31ca33fa530e63d174c9617621abe46e7e9d1/diff:/var/lib/docker/overlay2/bf87a76c0a38875ee6e915fd0d2527eafa880ec6bf2c1cb294959428c18d10bd/diff","MergedDir":"/var/lib/docker/overlay2/b481eee7843c17772ada1734203524b4de76785735a50d4c68703d497db0e4ed/merged","UpperDir":"/var/lib/docker/overlay2/b481eee7843c17772ada1734203524b4de76785735a50d4c68703d497db0e4ed/diff","WorkDir":"/var/lib/docker/overlay2/b481eee7843c17772ada1734203524b4de76785735a50d4c68703d497db0e4ed/work"},"Name":"overlay2"},"Mounts":[{"Type":"volume","Name":"ec40278114b76af7b6535b952e685e04a98a51fa16363f5e9f0df1ce601f1dd5","Source":"/var/lib/docker/volumes/ec40278114b76af7b6535b952e685e04a98a51fa16363f5e9f0df1ce601f1dd5/_data","Destination":"/var/lib/mysql","Driver":"local","Mode":"","RW":true,"Propagation":""}],"Config":{"Hostname":"0739339bbc62","Domainname":"","User":"","AttachStdin":false,"AttachStdout":false,"AttachStderr":false,"ExposedPorts":{"3306/tcp":{}},"Tty":false,"OpenStdin":false,"StdinOnce":false,"Env":["MYSQL_DATABASE=test","MYSQL_PASSWORD=test","MYSQL_USER=test","MYSQL_ROOT_PASSWORD=test","PATH=/usr/local/sbin:/usr/local/bin:/usr/sbin:/usr/bin:/sbin:/bin","GOSU_VERSION=1.7","MYSQL_MAJOR=8.0","MYSQL_VERSION=8.0.0-dmr-1debian8"],"Cmd":["mysqld"],"Image":"mysql:8.0.0","Volumes":{"/var/lib/mysql":{}},"WorkingDir":"","Entrypoint":["docker-entrypoint.sh"],"OnBuild":null,"Labels":{"org.testcontainers":"true","org.testcontainers.lang":"java","org.testcontainers.sessionId":"f1b696c1-ec3f-4f95-afa8-081853be7ccb","org.testcontainers.version":"1.18.0"}},"NetworkSettings":{"Bridge":"","SandboxID":"d265e68e2afe307f1ab03fab083f2c0477cba31e9f26759f52b94e045d1847fb","HairpinMode":false,"LinkLocalIPv6Address":"","LinkLocalIPv6PrefixLen":0,"Ports":{"3306/tcp":[{"HostIp":"0.0.0.0","HostPort":"32782"},{"HostIp":"::","HostPort":"32782"}]},"SandboxKey":"/var/run/docker/netns/d265e68e2afe","SecondaryIPAddresses":null,"SecondaryIPv6Addresses":null,"EndpointID":"97b4c81a7665dcad3863174204db678dde492e2a2b2f11f6ef1c683b5d76146b","Gateway":"172.17.0.1","GlobalIPv6Address":"","GlobalIPv6PrefixLen":0,"IPAddress":"172.17.0.3","IPPrefixLen":16,"IPv6Gateway":"","MacAddress":"02:42:ac:11:00:03","Networks":{"bridge":{"IPAMConfig":null,"Links":null,"Aliases":null,"NetworkID":"e1a078e12eb8d77b497ed932f7fb43787eeb6ff6972febd7d03c9282b8b5cd45","EndpointID":"97b4c81a7665dcad3863174204db678dde492e2a2b2f11f6ef1c683b5d76146b","Gateway":"172.17.0.1","IPAddress":"172.17.0.3","IPPrefixLen":16,"IPv6Gateway":"","GlobalIPv6Address":"","GlobalIPv6PrefixLen":0,"MacAddress":"02:42:ac:11:00:03","DriverOpts":null}}}}[\n]"
&amp#27;[0;39m2023-05-08 13:19:03,170 [main] &amp#27;[39mDEBUG&amp#27;[0;39m &amp#27;[36mc.g.d.z.s.o.a.hc.client5.http.wire&amp#27;[0;39m - &amp#27;[32mhttp-outgoing-1 << "[\r][\n]"
&amp#27;[0;39m2023-05-08 13:19:03,170 [main] &amp#27;[39mDEBUG&amp#27;[0;39m &amp#27;[36mc.g.d.z.s.o.a.hc.client5.http.wire&amp#27;[0;39m - &amp#27;[32mhttp-outgoing-1 << "0[\r][\n]"
&amp#27;[0;39m2023-05-08 13:19:03,170 [main] &amp#27;[39mDEBUG&amp#27;[0;39m &amp#27;[36mc.g.d.z.s.o.a.hc.client5.http.wire&amp#27;[0;39m - &amp#27;[32mhttp-outgoing-1 << "[\r][\n]"
&amp#27;[0;39m2023-05-08 13:19:03,170 [main] &amp#27;[39mDEBUG&amp#27;[0;39m &amp#27;[36mc.g.d.z.s.o.a.h.client5.http.headers&amp#27;[0;39m - &amp#27;[32mhttp-outgoing-1 << HTTP/1.1 200 OK
&amp#27;[0;39m2023-05-08 13:19:03,170 [main] &amp#27;[39mDEBUG&amp#27;[0;39m &amp#27;[36mc.g.d.z.s.o.a.h.client5.http.headers&amp#27;[0;39m - &amp#27;[32mhttp-outgoing-1 << Api-Version: 1.42
&amp#27;[0;39m2023-05-08 13:19:03,170 [main] &amp#27;[39mDEBUG&amp#27;[0;39m &amp#27;[36mc.g.d.z.s.o.a.h.client5.http.headers&amp#27;[0;39m - &amp#27;[32mhttp-outgoing-1 << Content-Type: application/json
&amp#27;[0;39m2023-05-08 13:19:03,170 [main] &amp#27;[39mDEBUG&amp#27;[0;39m &amp#27;[36mc.g.d.z.s.o.a.h.client5.http.headers&amp#27;[0;39m - &amp#27;[32mhttp-outgoing-1 << Docker-Experimental: false
&amp#27;[0;39m2023-05-08 13:19:03,170 [main] &amp#27;[39mDEBUG&amp#27;[0;39m &amp#27;[36mc.g.d.z.s.o.a.h.client5.http.headers&amp#27;[0;39m - &amp#27;[32mhttp-outgoing-1 << Ostype: linux
&amp#27;[0;39m2023-05-08 13:19:03,170 [main] &amp#27;[39mDEBUG&amp#27;[0;39m &amp#27;[36mc.g.d.z.s.o.a.h.client5.http.headers&amp#27;[0;39m - &amp#27;[32mhttp-outgoing-1 << Server: Docker/23.0.5 (linux)
&amp#27;[0;39m2023-05-08 13:19:03,170 [main] &amp#27;[39mDEBUG&amp#27;[0;39m &amp#27;[36mc.g.d.z.s.o.a.h.client5.http.headers&amp#27;[0;39m - &amp#27;[32mhttp-outgoing-1 << Date: Mon, 08 May 2023 11:19:03 GMT
&amp#27;[0;39m2023-05-08 13:19:03,170 [main] &amp#27;[39mDEBUG&amp#27;[0;39m &amp#27;[36mc.g.d.z.s.o.a.h.client5.http.headers&amp#27;[0;39m - &amp#27;[32mhttp-outgoing-1 << Transfer-Encoding: chunked
&amp#27;[0;39m2023-05-08 13:19:03,170 [main] &amp#27;[39mDEBUG&amp#27;[0;39m &amp#27;[36mc.g.d.z.s.o.a.h.c.h.i.c.MainClientExec&amp#27;[0;39m - &amp#27;[32mex-00000068: connection can be kept alive for 3 MINUTES
&amp#27;[0;39m2023-05-08 13:19:03,171 [main] &amp#27;[39mDEBUG&amp#27;[0;39m &amp#27;[36mc.g.d.z.s.o.a.h.c.h.i.c.InternalHttpClient&amp#27;[0;39m - &amp#27;[32mep-00000067: releasing valid endpoint
&amp#27;[0;39m2023-05-08 13:19:03,171 [main] &amp#27;[39mDEBUG&amp#27;[0;39m &amp#27;[36mc.g.d.z.s.o.a.h.c.h.i.i.PoolingHttpClientConnectionManager&amp#27;[0;39m - &amp#27;[32mep-00000067: releasing endpoint
&amp#27;[0;39m2023-05-08 13:19:03,171 [main] &amp#27;[39mDEBUG&amp#27;[0;39m &amp#27;[36mc.g.d.z.s.o.a.h.c.h.i.i.PoolingHttpClientConnectionManager&amp#27;[0;39m - &amp#27;[32mep-00000067: connection http-outgoing-1 can be kept alive for 3 MINUTES
&amp#27;[0;39m2023-05-08 13:19:03,171 [main] &amp#27;[39mDEBUG&amp#27;[0;39m &amp#27;[36mc.g.d.z.s.o.a.h.c.h.i.i.PoolingHttpClientConnectionManager&amp#27;[0;39m - &amp#27;[32mep-00000067: connection released [route: {}->unix://localhost:2375][total available: 1; route allocated: 1 of 2147483647; total allocated: 1 of 2147483647]
&amp#27;[0;39m2023-05-08 13:19:03,171 [main] &amp#27;[39mDEBUG&amp#27;[0;39m &amp#27;[36mtc.mysql:8.0.0&amp#27;[0;39m - &amp#27;[32mTrying to create JDBC connection using com.mysql.cj.jdbc.Driver to jdbc:mysql://localhost:32782/test?useSSL=false&allowPublicKeyRetrieval=true with properties: {password=test, user=test}
&amp#27;[0;39m2023-05-08 13:19:03,272 [main] &amp#27;[39mDEBUG&amp#27;[0;39m &amp#27;[36mo.t.s.c.g.d.c.command.AbstrDockerCmd&amp#27;[0;39m - &amp#27;[32mCmd: 0739339bbc624082fb5e41f62f4a622236ffe4974bf12b2847105b726085e02b,false
&amp#27;[0;39m2023-05-08 13:19:03,272 [main] &amp#27;[39mDEBUG&amp#27;[0;39m &amp#27;[36mo.t.s.c.g.d.c.e.InspectContainerCmdExec&amp#27;[0;39m - &amp#27;[32mGET: DefaultWebTarget{path=[/containers/0739339bbc624082fb5e41f62f4a622236ffe4974bf12b2847105b726085e02b/json], queryParams={}}
&amp#27;[0;39m2023-05-08 13:19:03,272 [main] &amp#27;[39mDEBUG&amp#27;[0;39m &amp#27;[36mc.g.d.z.s.o.a.h.c.h.i.c.InternalHttpClient&amp#27;[0;39m - &amp#27;[32mex-00000069: preparing request execution
&amp#27;[0;39m2023-05-08 13:19:03,273 [main] &amp#27;[39mDEBUG&amp#27;[0;39m &amp#27;[36mc.g.d.z.s.o.a.h.c.h.p.RequestAddCookies&amp#27;[0;39m - &amp#27;[32mCookie spec selected: strict
&amp#27;[0;39m2023-05-08 13:19:03,273 [main] &amp#27;[39mDEBUG&amp#27;[0;39m &amp#27;[36mc.g.d.z.s.o.a.h.c.h.p.RequestAuthCache&amp#27;[0;39m - &amp#27;[32mAuth cache not set in the context
&amp#27;[0;39m2023-05-08 13:19:03,273 [main] &amp#27;[39mDEBUG&amp#27;[0;39m &amp#27;[36mc.g.d.z.s.o.a.h.c.h.i.c.ProtocolExec&amp#27;[0;39m - &amp#27;[32mex-00000069: target auth state: UNCHALLENGED
&amp#27;[0;39m2023-05-08 13:19:03,273 [main] &amp#27;[39mDEBUG&amp#27;[0;39m &amp#27;[36mc.g.d.z.s.o.a.h.c.h.i.c.ProtocolExec&amp#27;[0;39m - &amp#27;[32mex-00000069: proxy auth state: UNCHALLENGED
&amp#27;[0;39m2023-05-08 13:19:03,273 [main] &amp#27;[39mDEBUG&amp#27;[0;39m &amp#27;[36mc.g.d.z.s.o.a.h.c.h.i.c.ConnectExec&amp#27;[0;39m - &amp#27;[32mex-00000069: acquiring connection with route {}->unix://localhost:2375
&amp#27;[0;39m2023-05-08 13:19:03,273 [main] &amp#27;[39mDEBUG&amp#27;[0;39m &amp#27;[36mc.g.d.z.s.o.a.h.c.h.i.c.InternalHttpClient&amp#27;[0;39m - &amp#27;[32mex-00000069: acquiring endpoint (3 MINUTES)
&amp#27;[0;39m2023-05-08 13:19:03,273 [main] &amp#27;[39mDEBUG&amp#27;[0;39m &amp#27;[36mc.g.d.z.s.o.a.h.c.h.i.i.PoolingHttpClientConnectionManager&amp#27;[0;39m - &amp#27;[32mex-00000069: endpoint lease request (3 MINUTES) [route: {}->unix://localhost:2375][total available: 1; route allocated: 1 of 2147483647; total allocated: 1 of 2147483647]
&amp#27;[0;39m2023-05-08 13:19:03,273 [main] &amp#27;[39mDEBUG&amp#27;[0;39m &amp#27;[36mc.g.d.z.s.o.a.h.c.h.i.i.PoolingHttpClientConnectionManager&amp#27;[0;39m - &amp#27;[32mex-00000069: endpoint leased [route: {}->unix://localhost:2375][total available: 0; route allocated: 1 of 2147483647; total allocated: 1 of 2147483647]
&amp#27;[0;39m2023-05-08 13:19:03,273 [main] &amp#27;[39mDEBUG&amp#27;[0;39m &amp#27;[36mc.g.d.z.s.o.a.h.c.h.i.i.PoolingHttpClientConnectionManager&amp#27;[0;39m - &amp#27;[32mex-00000069: acquired ep-00000068
&amp#27;[0;39m2023-05-08 13:19:03,273 [main] &amp#27;[39mDEBUG&amp#27;[0;39m &amp#27;[36mc.g.d.z.s.o.a.h.c.h.i.c.InternalHttpClient&amp#27;[0;39m - &amp#27;[32mex-00000069: acquired endpoint ep-00000068
&amp#27;[0;39m2023-05-08 13:19:03,273 [main] &amp#27;[39mDEBUG&amp#27;[0;39m &amp#27;[36mc.g.d.z.s.o.a.h.c.h.i.c.MainClientExec&amp#27;[0;39m - &amp#27;[32mex-00000069: executing GET /v1.32/containers/0739339bbc624082fb5e41f62f4a622236ffe4974bf12b2847105b726085e02b/json HTTP/1.1
&amp#27;[0;39m2023-05-08 13:19:03,273 [main] &amp#27;[39mDEBUG&amp#27;[0;39m &amp#27;[36mc.g.d.z.s.o.a.h.c.h.i.c.InternalHttpClient&amp#27;[0;39m - &amp#27;[32mep-00000068: start execution ex-00000069
&amp#27;[0;39m2023-05-08 13:19:03,273 [main] &amp#27;[39mDEBUG&amp#27;[0;39m &amp#27;[36mc.g.d.z.s.o.a.h.c.h.i.i.PoolingHttpClientConnectionManager&amp#27;[0;39m - &amp#27;[32mep-00000068: executing exchange ex-00000069 over http-outgoing-1
&amp#27;[0;39m2023-05-08 13:19:03,273 [main] &amp#27;[39mDEBUG&amp#27;[0;39m &amp#27;[36mc.g.d.z.s.o.a.h.client5.http.headers&amp#27;[0;39m - &amp#27;[32mhttp-outgoing-1 >> GET /v1.32/containers/0739339bbc624082fb5e41f62f4a622236ffe4974bf12b2847105b726085e02b/json HTTP/1.1
&amp#27;[0;39m2023-05-08 13:19:03,273 [main] &amp#27;[39mDEBUG&amp#27;[0;39m &amp#27;[36mc.g.d.z.s.o.a.h.client5.http.headers&amp#27;[0;39m - &amp#27;[32mhttp-outgoing-1 >> accept: application/json
&amp#27;[0;39m2023-05-08 13:19:03,273 [main] &amp#27;[39mDEBUG&amp#27;[0;39m &amp#27;[36mc.g.d.z.s.o.a.h.client5.http.headers&amp#27;[0;39m - &amp#27;[32mhttp-outgoing-1 >> x-tc-sid: f1b696c1-ec3f-4f95-afa8-081853be7ccb
&amp#27;[0;39m2023-05-08 13:19:03,273 [main] &amp#27;[39mDEBUG&amp#27;[0;39m &amp#27;[36mc.g.d.z.s.o.a.h.client5.http.headers&amp#27;[0;39m - &amp#27;[32mhttp-outgoing-1 >> Accept-Encoding: gzip, x-gzip, deflate
&amp#27;[0;39m2023-05-08 13:19:03,273 [main] &amp#27;[39mDEBUG&amp#27;[0;39m &amp#27;[36mc.g.d.z.s.o.a.h.client5.http.headers&amp#27;[0;39m - &amp#27;[32mhttp-outgoing-1 >> Host: localhost:2375
&amp#27;[0;39m2023-05-08 13:19:03,273 [main] &amp#27;[39mDEBUG&amp#27;[0;39m &amp#27;[36mc.g.d.z.s.o.a.h.client5.http.headers&amp#27;[0;39m - &amp#27;[32mhttp-outgoing-1 >> Connection: keep-alive
&amp#27;[0;39m2023-05-08 13:19:03,273 [main] &amp#27;[39mDEBUG&amp#27;[0;39m &amp#27;[36mc.g.d.z.s.o.a.h.client5.http.headers&amp#27;[0;39m - &amp#27;[32mhttp-outgoing-1 >> User-Agent: Apache-HttpClient/5.0.3 (Java/17.0.6)
&amp#27;[0;39m2023-05-08 13:19:03,273 [main] &amp#27;[39mDEBUG&amp#27;[0;39m &amp#27;[36mc.g.d.z.s.o.a.hc.client5.http.wire&amp#27;[0;39m - &amp#27;[32mhttp-outgoing-1 >> "GET /v1.32/containers/0739339bbc624082fb5e41f62f4a622236ffe4974bf12b2847105b726085e02b/json HTTP/1.1[\r][\n]"
&amp#27;[0;39m2023-05-08 13:19:03,273 [main] &amp#27;[39mDEBUG&amp#27;[0;39m &amp#27;[36mc.g.d.z.s.o.a.hc.client5.http.wire&amp#27;[0;39m - &amp#27;[32mhttp-outgoing-1 >> "accept: application/json[\r][\n]"
&amp#27;[0;39m2023-05-08 13:19:03,273 [main] &amp#27;[39mDEBUG&amp#27;[0;39m &amp#27;[36mc.g.d.z.s.o.a.hc.client5.http.wire&amp#27;[0;39m - &amp#27;[32mhttp-outgoing-1 >> "x-tc-sid: f1b696c1-ec3f-4f95-afa8-081853be7ccb[\r][\n]"
&amp#27;[0;39m2023-05-08 13:19:03,273 [main] &amp#27;[39mDEBUG&amp#27;[0;39m &amp#27;[36mc.g.d.z.s.o.a.hc.client5.http.wire&amp#27;[0;39m - &amp#27;[32mhttp-outgoing-1 >> "Accept-Encoding: gzip, x-gzip, deflate[\r][\n]"
&amp#27;[0;39m2023-05-08 13:19:03,273 [main] &amp#27;[39mDEBUG&amp#27;[0;39m &amp#27;[36mc.g.d.z.s.o.a.hc.client5.http.wire&amp#27;[0;39m - &amp#27;[32mhttp-outgoing-1 >> "Host: localhost:2375[\r][\n]"
&amp#27;[0;39m2023-05-08 13:19:03,273 [main] &amp#27;[39mDEBUG&amp#27;[0;39m &amp#27;[36mc.g.d.z.s.o.a.hc.client5.http.wire&amp#27;[0;39m - &amp#27;[32mhttp-outgoing-1 >> "Connection: keep-alive[\r][\n]"
&amp#27;[0;39m2023-05-08 13:19:03,273 [main] &amp#27;[39mDEBUG&amp#27;[0;39m &amp#27;[36mc.g.d.z.s.o.a.hc.client5.http.wire&amp#27;[0;39m - &amp#27;[32mhttp-outgoing-1 >> "User-Agent: Apache-HttpClient/5.0.3 (Java/17.0.6)[\r][\n]"
&amp#27;[0;39m2023-05-08 13:19:03,273 [main] &amp#27;[39mDEBUG&amp#27;[0;39m &amp#27;[36mc.g.d.z.s.o.a.hc.client5.http.wire&amp#27;[0;39m - &amp#27;[32mhttp-outgoing-1 >> "[\r][\n]"
&amp#27;[0;39m2023-05-08 13:19:03,273 [main] &amp#27;[39mDEBUG&amp#27;[0;39m &amp#27;[36mc.g.d.z.s.o.a.hc.client5.http.wire&amp#27;[0;39m - &amp#27;[32mhttp-outgoing-1 << "HTTP/1.1 200 OK[\r][\n]"
&amp#27;[0;39m2023-05-08 13:19:03,273 [main] &amp#27;[39mDEBUG&amp#27;[0;39m &amp#27;[36mc.g.d.z.s.o.a.hc.client5.http.wire&amp#27;[0;39m - &amp#27;[32mhttp-outgoing-1 << "Api-Version: 1.42[\r][\n]"
&amp#27;[0;39m2023-05-08 13:19:03,273 [main] &amp#27;[39mDEBUG&amp#27;[0;39m &amp#27;[36mc.g.d.z.s.o.a.hc.client5.http.wire&amp#27;[0;39m - &amp#27;[32mhttp-outgoing-1 << "Content-Type: application/json[\r][\n]"
&amp#27;[0;39m2023-05-08 13:19:03,273 [main] &amp#27;[39mDEBUG&amp#27;[0;39m &amp#27;[36mc.g.d.z.s.o.a.hc.client5.http.wire&amp#27;[0;39m - &amp#27;[32mhttp-outgoing-1 << "Docker-Experimental: false[\r][\n]"
&amp#27;[0;39m2023-05-08 13:19:03,273 [main] &amp#27;[39mDEBUG&amp#27;[0;39m &amp#27;[36mc.g.d.z.s.o.a.hc.client5.http.wire&amp#27;[0;39m - &amp#27;[32mhttp-outgoing-1 << "Ostype: linux[\r][\n]"
&amp#27;[0;39m2023-05-08 13:19:03,273 [main] &amp#27;[39mDEBUG&amp#27;[0;39m &amp#27;[36mc.g.d.z.s.o.a.hc.client5.http.wire&amp#27;[0;39m - &amp#27;[32mhttp-outgoing-1 << "Server: Docker/23.0.5 (linux)[\r][\n]"
&amp#27;[0;39m2023-05-08 13:19:03,273 [main] &amp#27;[39mDEBUG&amp#27;[0;39m &amp#27;[36mc.g.d.z.s.o.a.hc.client5.http.wire&amp#27;[0;39m - &amp#27;[32mhttp-outgoing-1 << "Date: Mon, 08 May 2023 11:19:03 GMT[\r][\n]"
&amp#27;[0;39m2023-05-08 13:19:03,273 [main] &amp#27;[39mDEBUG&amp#27;[0;39m &amp#27;[36mc.g.d.z.s.o.a.hc.client5.http.wire&amp#27;[0;39m - &amp#27;[32mhttp-outgoing-1 << "Transfer-Encoding: chunked[\r][\n]"
&amp#27;[0;39m2023-05-08 13:19:03,273 [main] &amp#27;[39mDEBUG&amp#27;[0;39m &amp#27;[36mc.g.d.z.s.o.a.hc.client5.http.wire&amp#27;[0;39m - &amp#27;[32mhttp-outgoing-1 << "[\r][\n]"
&amp#27;[0;39m2023-05-08 13:19:03,273 [main] &amp#27;[39mDEBUG&amp#27;[0;39m &amp#27;[36mc.g.d.z.s.o.a.hc.client5.http.wire&amp#27;[0;39m - &amp#27;[32mhttp-outgoing-1 << "1893[\r][\n]"
&amp#27;[0;39m2023-05-08 13:19:03,274 [main] &amp#27;[39mDEBUG&amp#27;[0;39m &amp#27;[36mc.g.d.z.s.o.a.hc.client5.http.wire&amp#27;[0;39m - &amp#27;[32mhttp-outgoing-1 << "{"Id":"0739339bbc624082fb5e41f62f4a622236ffe4974bf12b2847105b726085e02b","Created":"2023-05-08T11:19:01.771856188Z","Path":"docker-entrypoint.sh","Args":["mysqld"],"State":{"Status":"running","Running":true,"Paused":false,"Restarting":false,"OOMKilled":false,"Dead":false,"Pid":59514,"ExitCode":0,"Error":"","StartedAt":"2023-05-08T11:19:02.113674386Z","FinishedAt":"0001-01-01T00:00:00Z"},"Image":"sha256:228d71078f8ce5ae9fd96b183f88c3a90e30544b4b7ce9d64a238d05fef2a681","ResolvConfPath":"/var/lib/docker/containers/0739339bbc624082fb5e41f62f4a622236ffe4974bf12b2847105b726085e02b/resolv.conf","HostnamePath":"/var/lib/docker/containers/0739339bbc624082fb5e41f62f4a622236ffe4974bf12b2847105b726085e02b/hostname","HostsPath":"/var/lib/docker/containers/0739339bbc624082fb5e41f62f4a622236ffe4974bf12b2847105b726085e02b/hosts","LogPath":"/var/lib/docker/containers/0739339bbc624082fb5e41f62f4a622236ffe4974bf12b2847105b726085e02b/0739339bbc624082fb5e41f62f4a622236ffe4974bf12b2847105b726085e02b-json.log","Name":"/intelligent_galileo","RestartCount":0,"Driver":"overlay2","Platform":"linux","MountLabel":"","ProcessLabel":"","AppArmorProfile":"docker-default","ExecIDs":null,"HostConfig":{"Binds":[],"ContainerIDFile":"","LogConfig":{"Type":"json-file","Config":{}},"NetworkMode":"default","PortBindings":{"3306/tcp":[{"HostIp":"","HostPort":""}]},"RestartPolicy":{"Name":"","MaximumRetryCount":0},"AutoRemove":false,"VolumeDriver":"","VolumesFrom":[],"ConsoleSize":[0,0],"CapAdd":null,"CapDrop":null,"CgroupnsMode":"private","Dns":null,"DnsOptions":null,"DnsSearch":null,"ExtraHosts":[],"GroupAdd":null,"IpcMode":"shareable","Cgroup":"","Links":null,"OomScoreAdj":0,"PidMode":"","Privileged":false,"PublishAllPorts":false,"ReadonlyRootfs":false,"SecurityOpt":null,"UTSMode":"","UsernsMode":"","ShmSize":67108864,"Runtime":"runc","Isolation":"","CpuShares":0,"Memory":0,"NanoCpus":0,"CgroupParent":"","BlkioWeight":0,"BlkioWeightDevice":null,"BlkioDeviceReadBps":null,"BlkioDeviceWriteBps":null,"BlkioDeviceReadIOps":null,"BlkioDeviceWriteIOps":null,"CpuPeriod":0,"CpuQuota":0,"CpuRealtimePeriod":0,"CpuRealtimeRuntime":0,"CpusetCpus":"","CpusetMems":"","Devices":null,"DeviceCgroupRules":null,"DeviceRequests":null,"MemoryReservation":0,"MemorySwap":0,"MemorySwappiness":null,"OomKillDisable":null,"PidsLimit":null,"Ulimits":null,"CpuCount":0,"CpuPercent":0,"IOMaximumIOps":0,"IOMaximumBandwidth":0,"MaskedPaths":["/proc/asound","/proc/acpi","/proc/kcore","/proc/keys","/proc/latency_stats","/proc/timer_list","/proc/timer_stats","/proc/sched_debug","/proc/scsi","/sys/firmware"],"ReadonlyPaths":["/proc/bus","/proc/fs","/proc/irq","/proc/sys","/proc/sysrq-trigger"]},"GraphDriver":{"Data":{"LowerDir":"/var/lib/docker/overlay2/b481eee7843c17772ada1734203524b4de76785735a50d4c68703d497db0e4ed-init/diff:/var/lib/docker/overlay2/4c6e20f032f02b27a9272f982861dc21998197aa90d94ed3bef95d449380247c/diff:/var/lib/docker/overlay2/0c75f828f603eff839bb3ca448163ab2a8017e86625ac255cd3dbf1673ddac26/diff:/var/lib/docker/overlay2/da128d897fda75829109844ce6cd9d73d0f54c682e735100af000ce899908729/diff:/var/lib/docker/overlay2/b678a1f261bf323afba6d76d91ab7428bdd6e1ef4a39b5224e4a1afd08c0423a/diff:/var/lib/docker/overlay2/1bec43b14875c5f9f814f146e8e31aa78566689c2c163da2ac60a32254988437/diff:/var/lib/docker/overlay2/28f4b1e6e1a7a2dbe30f1f94fb42bccd85a61faf8af1fe30a5bb0d442c525e41/diff:/var/lib/docker/overlay2/0f493124464c291d7c97d2633d5dff04b1dce5de904cb40a34dfbe7fe72e3fd4/diff:/var/lib/docker/overlay2/05befbee9e38cd670e1786b3310e99796dcc06abbed970007b4109a5424843fa/diff:/var/lib/docker/overlay2/582bcca9acfc4eef25109e1e1b9c9d104f355798455bc73e855c99283887a6e8/diff:/var/lib/docker/overlay2/153b3bf0b69e97e8f0e5533414a31ca33fa530e63d174c9617621abe46e7e9d1/diff:/var/lib/docker/overlay2/bf87a76c0a38875ee6e915fd0d2527eafa880ec6bf2c1cb294959428c18d10bd/diff","MergedDir":"/var/lib/docker/overlay2/b481eee7843c17772ada1734203524b4de76785735a50d4c68703d497db0e4ed/merged","UpperDir":"/var/lib/docker/overlay2/b481eee7843c17772ada1734203524b4de76785735a50d4c68703d497db0e4ed/diff","WorkDir":"/var/lib/docker/overlay2/b481eee7843c17772ada1734203524b4de76785735a50d4c68703d497db0e4ed/work"},"Name":"overlay2"},"Mounts":[{"Type":"volume","Name":"ec40278114b76af7b6535b952e685e04a98a51fa16363f5e9f0df1ce601f1dd5","Source":"/var/lib/docker/volumes/ec40278114b76af7b6535b952e685e04a98a51fa16363f5e9f0df1ce601f1dd5/_data","Destination":"/var/lib/mysql","Driver":"local","Mode":"","RW":true,"Propagation":""}],"Config":{"Hostname":"0739339bbc62","Domainname":"","User":"","AttachStdin":false,"AttachStdout":false,"AttachStderr":false,"ExposedPorts":{"3306/tcp":{}},"Tty":false,"OpenStdin":false,"StdinOnce":false,"Env":["MYSQL_DATABASE=test","MYSQL_PASSWORD=test","MYSQL_USER=test","MYSQL_ROOT_PASSWORD=test","PATH=/usr/local/sbin:/usr/local/bin:/usr/sbin:/usr/bin:/sbin:/bin","GOSU_VERSION=1.7","MYSQL_MAJOR=8.0","MYSQL_VERSION=8.0.0-dmr-1debian8"],"Cmd":["mysqld"],"Image":"mysql:8.0.0","Volumes":{"/var/lib/mysql":{}},"WorkingDir":"","Entrypoint":["docker-entrypoint.sh"],"OnBuild":null,"Labels":{"org.testcontainers":"true","org.testcontainers.lang":"java","org.testcontainers.sessionId":"f1b696c1-ec3f-4f95-afa8-081853be7ccb","org.testcontainers.version":"1.18.0"}},"NetworkSettings":{"Bridge":"","SandboxID":"d265e68e2afe307f1ab03fab083f2c0477cba31e9f26759f52b94e045d1847fb","HairpinMode":false,"LinkLocalIPv6Address":"","LinkLocalIPv6PrefixLen":0,"Ports":{"3306/tcp":[{"HostIp":"0.0.0.0","HostPort":"32782"},{"HostIp":"::","HostPort":"32782"}]},"SandboxKey":"/var/run/docker/netns/d265e68e2afe","SecondaryIPAddresses":null,"SecondaryIPv6Addresses":null,"EndpointID":"97b4c81a7665dcad3863174204db678dde492e2a2b2f11f6ef1c683b5d76146b","Gateway":"172.17.0.1","GlobalIPv6Address":"","GlobalIPv6PrefixLen":0,"IPAddress":"172.17.0.3","IPPrefixLen":16,"IPv6Gateway":"","MacAddress":"02:42:ac:11:00:03","Networks":{"bridge":{"IPAMConfig":null,"Links":null,"Aliases":null,"NetworkID":"e1a078e12eb8d77b497ed932f7fb43787eeb6ff6972febd7d03c9282b8b5cd45","EndpointID":"97b4c81a7665dcad3863174204db678dde492e2a2b2f11f6ef1c683b5d76146b","Gateway":"172.17.0.1","IPAddress":"172.17.0.3","IPPrefixLen":16,"IPv6Gateway":"","GlobalIPv6Address":"","GlobalIPv6PrefixLen":0,"MacAddress":"02:42:ac:11:00:03","DriverOpts":null}}}}[\n]"
&amp#27;[0;39m2023-05-08 13:19:03,274 [main] &amp#27;[39mDEBUG&amp#27;[0;39m &amp#27;[36mc.g.d.z.s.o.a.hc.client5.http.wire&amp#27;[0;39m - &amp#27;[32mhttp-outgoing-1 << "[\r][\n]"
&amp#27;[0;39m2023-05-08 13:19:03,274 [main] &amp#27;[39mDEBUG&amp#27;[0;39m &amp#27;[36mc.g.d.z.s.o.a.hc.client5.http.wire&amp#27;[0;39m - &amp#27;[32mhttp-outgoing-1 << "0[\r][\n]"
&amp#27;[0;39m2023-05-08 13:19:03,274 [main] &amp#27;[39mDEBUG&amp#27;[0;39m &amp#27;[36mc.g.d.z.s.o.a.hc.client5.http.wire&amp#27;[0;39m - &amp#27;[32mhttp-outgoing-1 << "[\r][\n]"
&amp#27;[0;39m2023-05-08 13:19:03,274 [main] &amp#27;[39mDEBUG&amp#27;[0;39m &amp#27;[36mc.g.d.z.s.o.a.h.client5.http.headers&amp#27;[0;39m - &amp#27;[32mhttp-outgoing-1 << HTTP/1.1 200 OK
&amp#27;[0;39m2023-05-08 13:19:03,274 [main] &amp#27;[39mDEBUG&amp#27;[0;39m &amp#27;[36mc.g.d.z.s.o.a.h.client5.http.headers&amp#27;[0;39m - &amp#27;[32mhttp-outgoing-1 << Api-Version: 1.42
&amp#27;[0;39m2023-05-08 13:19:03,274 [main] &amp#27;[39mDEBUG&amp#27;[0;39m &amp#27;[36mc.g.d.z.s.o.a.h.client5.http.headers&amp#27;[0;39m - &amp#27;[32mhttp-outgoing-1 << Content-Type: application/json
&amp#27;[0;39m2023-05-08 13:19:03,274 [main] &amp#27;[39mDEBUG&amp#27;[0;39m &amp#27;[36mc.g.d.z.s.o.a.h.client5.http.headers&amp#27;[0;39m - &amp#27;[32mhttp-outgoing-1 << Docker-Experimental: false
&amp#27;[0;39m2023-05-08 13:19:03,274 [main] &amp#27;[39mDEBUG&amp#27;[0;39m &amp#27;[36mc.g.d.z.s.o.a.h.client5.http.headers&amp#27;[0;39m - &amp#27;[32mhttp-outgoing-1 << Ostype: linux
&amp#27;[0;39m2023-05-08 13:19:03,274 [main] &amp#27;[39mDEBUG&amp#27;[0;39m &amp#27;[36mc.g.d.z.s.o.a.h.client5.http.headers&amp#27;[0;39m - &amp#27;[32mhttp-outgoing-1 << Server: Docker/23.0.5 (linux)
&amp#27;[0;39m2023-05-08 13:19:03,274 [main] &amp#27;[39mDEBUG&amp#27;[0;39m &amp#27;[36mc.g.d.z.s.o.a.h.client5.http.headers&amp#27;[0;39m - &amp#27;[32mhttp-outgoing-1 << Date: Mon, 08 May 2023 11:19:03 GMT
&amp#27;[0;39m2023-05-08 13:19:03,274 [main] &amp#27;[39mDEBUG&amp#27;[0;39m &amp#27;[36mc.g.d.z.s.o.a.h.client5.http.headers&amp#27;[0;39m - &amp#27;[32mhttp-outgoing-1 << Transfer-Encoding: chunked
&amp#27;[0;39m2023-05-08 13:19:03,274 [main] &amp#27;[39mDEBUG&amp#27;[0;39m &amp#27;[36mc.g.d.z.s.o.a.h.c.h.i.c.MainClientExec&amp#27;[0;39m - &amp#27;[32mex-00000069: connection can be kept alive for 3 MINUTES
&amp#27;[0;39m2023-05-08 13:19:03,275 [main] &amp#27;[39mDEBUG&amp#27;[0;39m &amp#27;[36mc.g.d.z.s.o.a.h.c.h.i.c.InternalHttpClient&amp#27;[0;39m - &amp#27;[32mep-00000068: releasing valid endpoint
&amp#27;[0;39m2023-05-08 13:19:03,275 [main] &amp#27;[39mDEBUG&amp#27;[0;39m &amp#27;[36mc.g.d.z.s.o.a.h.c.h.i.i.PoolingHttpClientConnectionManager&amp#27;[0;39m - &amp#27;[32mep-00000068: releasing endpoint
&amp#27;[0;39m2023-05-08 13:19:03,275 [main] &amp#27;[39mDEBUG&amp#27;[0;39m &amp#27;[36mc.g.d.z.s.o.a.h.c.h.i.i.PoolingHttpClientConnectionManager&amp#27;[0;39m - &amp#27;[32mep-00000068: connection http-outgoing-1 can be kept alive for 3 MINUTES
&amp#27;[0;39m2023-05-08 13:19:03,275 [main] &amp#27;[39mDEBUG&amp#27;[0;39m &amp#27;[36mc.g.d.z.s.o.a.h.c.h.i.i.PoolingHttpClientConnectionManager&amp#27;[0;39m - &amp#27;[32mep-00000068: connection released [route: {}->unix://localhost:2375][total available: 1; route allocated: 1 of 2147483647; total allocated: 1 of 2147483647]
&amp#27;[0;39m2023-05-08 13:19:03,275 [main] &amp#27;[39mDEBUG&amp#27;[0;39m &amp#27;[36mtc.mysql:8.0.0&amp#27;[0;39m - &amp#27;[32mTrying to create JDBC connection using com.mysql.cj.jdbc.Driver to jdbc:mysql://localhost:32782/test?useSSL=false&allowPublicKeyRetrieval=true with properties: {password=test, user=test}
&amp#27;[0;39m2023-05-08 13:19:03,376 [main] &amp#27;[39mDEBUG&amp#27;[0;39m &amp#27;[36mo.t.s.c.g.d.c.command.AbstrDockerCmd&amp#27;[0;39m - &amp#27;[32mCmd: 0739339bbc624082fb5e41f62f4a622236ffe4974bf12b2847105b726085e02b,false
&amp#27;[0;39m2023-05-08 13:19:03,376 [main] &amp#27;[39mDEBUG&amp#27;[0;39m &amp#27;[36mo.t.s.c.g.d.c.e.InspectContainerCmdExec&amp#27;[0;39m - &amp#27;[32mGET: DefaultWebTarget{path=[/containers/0739339bbc624082fb5e41f62f4a622236ffe4974bf12b2847105b726085e02b/json], queryParams={}}
&amp#27;[0;39m2023-05-08 13:19:03,376 [main] &amp#27;[39mDEBUG&amp#27;[0;39m &amp#27;[36mc.g.d.z.s.o.a.h.c.h.i.c.InternalHttpClient&amp#27;[0;39m - &amp#27;[32mex-0000006A: preparing request execution
&amp#27;[0;39m2023-05-08 13:19:03,376 [main] &amp#27;[39mDEBUG&amp#27;[0;39m &amp#27;[36mc.g.d.z.s.o.a.h.c.h.p.RequestAddCookies&amp#27;[0;39m - &amp#27;[32mCookie spec selected: strict
&amp#27;[0;39m2023-05-08 13:19:03,376 [main] &amp#27;[39mDEBUG&amp#27;[0;39m &amp#27;[36mc.g.d.z.s.o.a.h.c.h.p.RequestAuthCache&amp#27;[0;39m - &amp#27;[32mAuth cache not set in the context
&amp#27;[0;39m2023-05-08 13:19:03,376 [main] &amp#27;[39mDEBUG&amp#27;[0;39m &amp#27;[36mc.g.d.z.s.o.a.h.c.h.i.c.ProtocolExec&amp#27;[0;39m - &amp#27;[32mex-0000006A: target auth state: UNCHALLENGED
&amp#27;[0;39m2023-05-08 13:19:03,376 [main] &amp#27;[39mDEBUG&amp#27;[0;39m &amp#27;[36mc.g.d.z.s.o.a.h.c.h.i.c.ProtocolExec&amp#27;[0;39m - &amp#27;[32mex-0000006A: proxy auth state: UNCHALLENGED
&amp#27;[0;39m2023-05-08 13:19:03,376 [main] &amp#27;[39mDEBUG&amp#27;[0;39m &amp#27;[36mc.g.d.z.s.o.a.h.c.h.i.c.ConnectExec&amp#27;[0;39m - &amp#27;[32mex-0000006A: acquiring connection with route {}->unix://localhost:2375
&amp#27;[0;39m2023-05-08 13:19:03,376 [main] &amp#27;[39mDEBUG&amp#27;[0;39m &amp#27;[36mc.g.d.z.s.o.a.h.c.h.i.c.InternalHttpClient&amp#27;[0;39m - &amp#27;[32mex-0000006A: acquiring endpoint (3 MINUTES)
&amp#27;[0;39m2023-05-08 13:19:03,377 [main] &amp#27;[39mDEBUG&amp#27;[0;39m &amp#27;[36mc.g.d.z.s.o.a.h.c.h.i.i.PoolingHttpClientConnectionManager&amp#27;[0;39m - &amp#27;[32mex-0000006A: endpoint lease request (3 MINUTES) [route: {}->unix://localhost:2375][total available: 1; route allocated: 1 of 2147483647; total allocated: 1 of 2147483647]
&amp#27;[0;39m2023-05-08 13:19:03,377 [main] &amp#27;[39mDEBUG&amp#27;[0;39m &amp#27;[36mc.g.d.z.s.o.a.h.c.h.i.i.PoolingHttpClientConnectionManager&amp#27;[0;39m - &amp#27;[32mex-0000006A: endpoint leased [route: {}->unix://localhost:2375][total available: 0; route allocated: 1 of 2147483647; total allocated: 1 of 2147483647]
&amp#27;[0;39m2023-05-08 13:19:03,377 [main] &amp#27;[39mDEBUG&amp#27;[0;39m &amp#27;[36mc.g.d.z.s.o.a.h.c.h.i.i.PoolingHttpClientConnectionManager&amp#27;[0;39m - &amp#27;[32mex-0000006A: acquired ep-00000069
&amp#27;[0;39m2023-05-08 13:19:03,377 [main] &amp#27;[39mDEBUG&amp#27;[0;39m &amp#27;[36mc.g.d.z.s.o.a.h.c.h.i.c.InternalHttpClient&amp#27;[0;39m - &amp#27;[32mex-0000006A: acquired endpoint ep-00000069
&amp#27;[0;39m2023-05-08 13:19:03,377 [main] &amp#27;[39mDEBUG&amp#27;[0;39m &amp#27;[36mc.g.d.z.s.o.a.h.c.h.i.c.MainClientExec&amp#27;[0;39m - &amp#27;[32mex-0000006A: executing GET /v1.32/containers/0739339bbc624082fb5e41f62f4a622236ffe4974bf12b2847105b726085e02b/json HTTP/1.1
&amp#27;[0;39m2023-05-08 13:19:03,377 [main] &amp#27;[39mDEBUG&amp#27;[0;39m &amp#27;[36mc.g.d.z.s.o.a.h.c.h.i.c.InternalHttpClient&amp#27;[0;39m - &amp#27;[32mep-00000069: start execution ex-0000006A
&amp#27;[0;39m2023-05-08 13:19:03,377 [main] &amp#27;[39mDEBUG&amp#27;[0;39m &amp#27;[36mc.g.d.z.s.o.a.h.c.h.i.i.PoolingHttpClientConnectionManager&amp#27;[0;39m - &amp#27;[32mep-00000069: executing exchange ex-0000006A over http-outgoing-1
&amp#27;[0;39m2023-05-08 13:19:03,377 [main] &amp#27;[39mDEBUG&amp#27;[0;39m &amp#27;[36mc.g.d.z.s.o.a.h.client5.http.headers&amp#27;[0;39m - &amp#27;[32mhttp-outgoing-1 >> GET /v1.32/containers/0739339bbc624082fb5e41f62f4a622236ffe4974bf12b2847105b726085e02b/json HTTP/1.1
&amp#27;[0;39m2023-05-08 13:19:03,377 [main] &amp#27;[39mDEBUG&amp#27;[0;39m &amp#27;[36mc.g.d.z.s.o.a.h.client5.http.headers&amp#27;[0;39m - &amp#27;[32mhttp-outgoing-1 >> accept: application/json
&amp#27;[0;39m2023-05-08 13:19:03,377 [main] &amp#27;[39mDEBUG&amp#27;[0;39m &amp#27;[36mc.g.d.z.s.o.a.h.client5.http.headers&amp#27;[0;39m - &amp#27;[32mhttp-outgoing-1 >> x-tc-sid: f1b696c1-ec3f-4f95-afa8-081853be7ccb
&amp#27;[0;39m2023-05-08 13:19:03,377 [main] &amp#27;[39mDEBUG&amp#27;[0;39m &amp#27;[36mc.g.d.z.s.o.a.h.client5.http.headers&amp#27;[0;39m - &amp#27;[32mhttp-outgoing-1 >> Accept-Encoding: gzip, x-gzip, deflate
&amp#27;[0;39m2023-05-08 13:19:03,377 [main] &amp#27;[39mDEBUG&amp#27;[0;39m &amp#27;[36mc.g.d.z.s.o.a.h.client5.http.headers&amp#27;[0;39m - &amp#27;[32mhttp-outgoing-1 >> Host: localhost:2375
&amp#27;[0;39m2023-05-08 13:19:03,377 [main] &amp#27;[39mDEBUG&amp#27;[0;39m &amp#27;[36mc.g.d.z.s.o.a.h.client5.http.headers&amp#27;[0;39m - &amp#27;[32mhttp-outgoing-1 >> Connection: keep-alive
&amp#27;[0;39m2023-05-08 13:19:03,377 [main] &amp#27;[39mDEBUG&amp#27;[0;39m &amp#27;[36mc.g.d.z.s.o.a.h.client5.http.headers&amp#27;[0;39m - &amp#27;[32mhttp-outgoing-1 >> User-Agent: Apache-HttpClient/5.0.3 (Java/17.0.6)
&amp#27;[0;39m2023-05-08 13:19:03,377 [main] &amp#27;[39mDEBUG&amp#27;[0;39m &amp#27;[36mc.g.d.z.s.o.a.hc.client5.http.wire&amp#27;[0;39m - &amp#27;[32mhttp-outgoing-1 >> "GET /v1.32/containers/0739339bbc624082fb5e41f62f4a622236ffe4974bf12b2847105b726085e02b/json HTTP/1.1[\r][\n]"
&amp#27;[0;39m2023-05-08 13:19:03,377 [main] &amp#27;[39mDEBUG&amp#27;[0;39m &amp#27;[36mc.g.d.z.s.o.a.hc.client5.http.wire&amp#27;[0;39m - &amp#27;[32mhttp-outgoing-1 >> "accept: application/json[\r][\n]"
&amp#27;[0;39m2023-05-08 13:19:03,377 [main] &amp#27;[39mDEBUG&amp#27;[0;39m &amp#27;[36mc.g.d.z.s.o.a.hc.client5.http.wire&amp#27;[0;39m - &amp#27;[32mhttp-outgoing-1 >> "x-tc-sid: f1b696c1-ec3f-4f95-afa8-081853be7ccb[\r][\n]"
&amp#27;[0;39m2023-05-08 13:19:03,377 [main] &amp#27;[39mDEBUG&amp#27;[0;39m &amp#27;[36mc.g.d.z.s.o.a.hc.client5.http.wire&amp#27;[0;39m - &amp#27;[32mhttp-outgoing-1 >> "Accept-Encoding: gzip, x-gzip, deflate[\r][\n]"
&amp#27;[0;39m2023-05-08 13:19:03,377 [main] &amp#27;[39mDEBUG&amp#27;[0;39m &amp#27;[36mc.g.d.z.s.o.a.hc.client5.http.wire&amp#27;[0;39m - &amp#27;[32mhttp-outgoing-1 >> "Host: localhost:2375[\r][\n]"
&amp#27;[0;39m2023-05-08 13:19:03,377 [main] &amp#27;[39mDEBUG&amp#27;[0;39m &amp#27;[36mc.g.d.z.s.o.a.hc.client5.http.wire&amp#27;[0;39m - &amp#27;[32mhttp-outgoing-1 >> "Connection: keep-alive[\r][\n]"
&amp#27;[0;39m2023-05-08 13:19:03,377 [main] &amp#27;[39mDEBUG&amp#27;[0;39m &amp#27;[36mc.g.d.z.s.o.a.hc.client5.http.wire&amp#27;[0;39m - &amp#27;[32mhttp-outgoing-1 >> "User-Agent: Apache-HttpClient/5.0.3 (Java/17.0.6)[\r][\n]"
&amp#27;[0;39m2023-05-08 13:19:03,377 [main] &amp#27;[39mDEBUG&amp#27;[0;39m &amp#27;[36mc.g.d.z.s.o.a.hc.client5.http.wire&amp#27;[0;39m - &amp#27;[32mhttp-outgoing-1 >> "[\r][\n]"
&amp#27;[0;39m2023-05-08 13:19:03,377 [main] &amp#27;[39mDEBUG&amp#27;[0;39m &amp#27;[36mc.g.d.z.s.o.a.hc.client5.http.wire&amp#27;[0;39m - &amp#27;[32mhttp-outgoing-1 << "HTTP/1.1 200 OK[\r][\n]"
&amp#27;[0;39m2023-05-08 13:19:03,377 [main] &amp#27;[39mDEBUG&amp#27;[0;39m &amp#27;[36mc.g.d.z.s.o.a.hc.client5.http.wire&amp#27;[0;39m - &amp#27;[32mhttp-outgoing-1 << "Api-Version: 1.42[\r][\n]"
&amp#27;[0;39m2023-05-08 13:19:03,377 [main] &amp#27;[39mDEBUG&amp#27;[0;39m &amp#27;[36mc.g.d.z.s.o.a.hc.client5.http.wire&amp#27;[0;39m - &amp#27;[32mhttp-outgoing-1 << "Content-Type: application/json[\r][\n]"
&amp#27;[0;39m2023-05-08 13:19:03,377 [main] &amp#27;[39mDEBUG&amp#27;[0;39m &amp#27;[36mc.g.d.z.s.o.a.hc.client5.http.wire&amp#27;[0;39m - &amp#27;[32mhttp-outgoing-1 << "Docker-Experimental: false[\r][\n]"
&amp#27;[0;39m2023-05-08 13:19:03,377 [main] &amp#27;[39mDEBUG&amp#27;[0;39m &amp#27;[36mc.g.d.z.s.o.a.hc.client5.http.wire&amp#27;[0;39m - &amp#27;[32mhttp-outgoing-1 << "Ostype: linux[\r][\n]"
&amp#27;[0;39m2023-05-08 13:19:03,377 [main] &amp#27;[39mDEBUG&amp#27;[0;39m &amp#27;[36mc.g.d.z.s.o.a.hc.client5.http.wire&amp#27;[0;39m - &amp#27;[32mhttp-outgoing-1 << "Server: Docker/23.0.5 (linux)[\r][\n]"
&amp#27;[0;39m2023-05-08 13:19:03,377 [main] &amp#27;[39mDEBUG&amp#27;[0;39m &amp#27;[36mc.g.d.z.s.o.a.hc.client5.http.wire&amp#27;[0;39m - &amp#27;[32mhttp-outgoing-1 << "Date: Mon, 08 May 2023 11:19:03 GMT[\r][\n]"
&amp#27;[0;39m2023-05-08 13:19:03,377 [main] &amp#27;[39mDEBUG&amp#27;[0;39m &amp#27;[36mc.g.d.z.s.o.a.hc.client5.http.wire&amp#27;[0;39m - &amp#27;[32mhttp-outgoing-1 << "Transfer-Encoding: chunked[\r][\n]"
&amp#27;[0;39m2023-05-08 13:19:03,377 [main] &amp#27;[39mDEBUG&amp#27;[0;39m &amp#27;[36mc.g.d.z.s.o.a.hc.client5.http.wire&amp#27;[0;39m - &amp#27;[32mhttp-outgoing-1 << "[\r][\n]"
&amp#27;[0;39m2023-05-08 13:19:03,377 [main] &amp#27;[39mDEBUG&amp#27;[0;39m &amp#27;[36mc.g.d.z.s.o.a.hc.client5.http.wire&amp#27;[0;39m - &amp#27;[32mhttp-outgoing-1 << "1893[\r][\n]"
&amp#27;[0;39m2023-05-08 13:19:03,377 [main] &amp#27;[39mDEBUG&amp#27;[0;39m &amp#27;[36mc.g.d.z.s.o.a.hc.client5.http.wire&amp#27;[0;39m - &amp#27;[32mhttp-outgoing-1 << "{"Id":"0739339bbc624082fb5e41f62f4a622236ffe4974bf12b2847105b726085e02b","Created":"2023-05-08T11:19:01.771856188Z","Path":"docker-entrypoint.sh","Args":["mysqld"],"State":{"Status":"running","Running":true,"Paused":false,"Restarting":false,"OOMKilled":false,"Dead":false,"Pid":59514,"ExitCode":0,"Error":"","StartedAt":"2023-05-08T11:19:02.113674386Z","FinishedAt":"0001-01-01T00:00:00Z"},"Image":"sha256:228d71078f8ce5ae9fd96b183f88c3a90e30544b4b7ce9d64a238d05fef2a681","ResolvConfPath":"/var/lib/docker/containers/0739339bbc624082fb5e41f62f4a622236ffe4974bf12b2847105b726085e02b/resolv.conf","HostnamePath":"/var/lib/docker/containers/0739339bbc624082fb5e41f62f4a622236ffe4974bf12b2847105b726085e02b/hostname","HostsPath":"/var/lib/docker/containers/0739339bbc624082fb5e41f62f4a622236ffe4974bf12b2847105b726085e02b/hosts","LogPath":"/var/lib/docker/containers/0739339bbc624082fb5e41f62f4a622236ffe4974bf12b2847105b726085e02b/0739339bbc624082fb5e41f62f4a622236ffe4974bf12b2847105b726085e02b-json.log","Name":"/intelligent_galileo","RestartCount":0,"Driver":"overlay2","Platform":"linux","MountLabel":"","ProcessLabel":"","AppArmorProfile":"docker-default","ExecIDs":null,"HostConfig":{"Binds":[],"ContainerIDFile":"","LogConfig":{"Type":"json-file","Config":{}},"NetworkMode":"default","PortBindings":{"3306/tcp":[{"HostIp":"","HostPort":""}]},"RestartPolicy":{"Name":"","MaximumRetryCount":0},"AutoRemove":false,"VolumeDriver":"","VolumesFrom":[],"ConsoleSize":[0,0],"CapAdd":null,"CapDrop":null,"CgroupnsMode":"private","Dns":null,"DnsOptions":null,"DnsSearch":null,"ExtraHosts":[],"GroupAdd":null,"IpcMode":"shareable","Cgroup":"","Links":null,"OomScoreAdj":0,"PidMode":"","Privileged":false,"PublishAllPorts":false,"ReadonlyRootfs":false,"SecurityOpt":null,"UTSMode":"","UsernsMode":"","ShmSize":67108864,"Runtime":"runc","Isolation":"","CpuShares":0,"Memory":0,"NanoCpus":0,"CgroupParent":"","BlkioWeight":0,"BlkioWeightDevice":null,"BlkioDeviceReadBps":null,"BlkioDeviceWriteBps":null,"BlkioDeviceReadIOps":null,"BlkioDeviceWriteIOps":null,"CpuPeriod":0,"CpuQuota":0,"CpuRealtimePeriod":0,"CpuRealtimeRuntime":0,"CpusetCpus":"","CpusetMems":"","Devices":null,"DeviceCgroupRules":null,"DeviceRequests":null,"MemoryReservation":0,"MemorySwap":0,"MemorySwappiness":null,"OomKillDisable":null,"PidsLimit":null,"Ulimits":null,"CpuCount":0,"CpuPercent":0,"IOMaximumIOps":0,"IOMaximumBandwidth":0,"MaskedPaths":["/proc/asound","/proc/acpi","/proc/kcore","/proc/keys","/proc/latency_stats","/proc/timer_list","/proc/timer_stats","/proc/sched_debug","/proc/scsi","/sys/firmware"],"ReadonlyPaths":["/proc/bus","/proc/fs","/proc/irq","/proc/sys","/proc/sysrq-trigger"]},"GraphDriver":{"Data":{"LowerDir":"/var/lib/docker/overlay2/b481eee7843c17772ada1734203524b4de76785735a50d4c68703d497db0e4ed-init/diff:/var/lib/docker/overlay2/4c6e20f032f02b27a9272f982861dc21998197aa90d94ed3bef95d449380247c/diff:/var/lib/docker/overlay2/0c75f828f603eff839bb3ca448163ab2a8017e86625ac255cd3dbf1673ddac26/diff:/var/lib/docker/overlay2/da128d897fda75829109844ce6cd9d73d0f54c682e735100af000ce899908729/diff:/var/lib/docker/overlay2/b678a1f261bf323afba6d76d91ab7428bdd6e1ef4a39b5224e4a1afd08c0423a/diff:/var/lib/docker/overlay2/1bec43b14875c5f9f814f146e8e31aa78566689c2c163da2ac60a32254988437/diff:/var/lib/docker/overlay2/28f4b1e6e1a7a2dbe30f1f94fb42bccd85a61faf8af1fe30a5bb0d442c525e41/diff:/var/lib/docker/overlay2/0f493124464c291d7c97d2633d5dff04b1dce5de904cb40a34dfbe7fe72e3fd4/diff:/var/lib/docker/overlay2/05befbee9e38cd670e1786b3310e99796dcc06abbed970007b4109a5424843fa/diff:/var/lib/docker/overlay2/582bcca9acfc4eef25109e1e1b9c9d104f355798455bc73e855c99283887a6e8/diff:/var/lib/docker/overlay2/153b3bf0b69e97e8f0e5533414a31ca33fa530e63d174c9617621abe46e7e9d1/diff:/var/lib/docker/overlay2/bf87a76c0a38875ee6e915fd0d2527eafa880ec6bf2c1cb294959428c18d10bd/diff","MergedDir":"/var/lib/docker/overlay2/b481eee7843c17772ada1734203524b4de76785735a50d4c68703d497db0e4ed/merged","UpperDir":"/var/lib/docker/overlay2/b481eee7843c17772ada1734203524b4de76785735a50d4c68703d497db0e4ed/diff","WorkDir":"/var/lib/docker/overlay2/b481eee7843c17772ada1734203524b4de76785735a50d4c68703d497db0e4ed/work"},"Name":"overlay2"},"Mounts":[{"Type":"volume","Name":"ec40278114b76af7b6535b952e685e04a98a51fa16363f5e9f0df1ce601f1dd5","Source":"/var/lib/docker/volumes/ec40278114b76af7b6535b952e685e04a98a51fa16363f5e9f0df1ce601f1dd5/_data","Destination":"/var/lib/mysql","Driver":"local","Mode":"","RW":true,"Propagation":""}],"Config":{"Hostname":"0739339bbc62","Domainname":"","User":"","AttachStdin":false,"AttachStdout":false,"AttachStderr":false,"ExposedPorts":{"3306/tcp":{}},"Tty":false,"OpenStdin":false,"StdinOnce":false,"Env":["MYSQL_DATABASE=test","MYSQL_PASSWORD=test","MYSQL_USER=test","MYSQL_ROOT_PASSWORD=test","PATH=/usr/local/sbin:/usr/local/bin:/usr/sbin:/usr/bin:/sbin:/bin","GOSU_VERSION=1.7","MYSQL_MAJOR=8.0","MYSQL_VERSION=8.0.0-dmr-1debian8"],"Cmd":["mysqld"],"Image":"mysql:8.0.0","Volumes":{"/var/lib/mysql":{}},"WorkingDir":"","Entrypoint":["docker-entrypoint.sh"],"OnBuild":null,"Labels":{"org.testcontainers":"true","org.testcontainers.lang":"java","org.testcontainers.sessionId":"f1b696c1-ec3f-4f95-afa8-081853be7ccb","org.testcontainers.version":"1.18.0"}},"NetworkSettings":{"Bridge":"","SandboxID":"d265e68e2afe307f1ab03fab083f2c0477cba31e9f26759f52b94e045d1847fb","HairpinMode":false,"LinkLocalIPv6Address":"","LinkLocalIPv6PrefixLen":0,"Ports":{"3306/tcp":[{"HostIp":"0.0.0.0","HostPort":"32782"},{"HostIp":"::","HostPort":"32782"}]},"SandboxKey":"/var/run/docker/netns/d265e68e2afe","SecondaryIPAddresses":null,"SecondaryIPv6Addresses":null,"EndpointID":"97b4c81a7665dcad3863174204db678dde492e2a2b2f11f6ef1c683b5d76146b","Gateway":"172.17.0.1","GlobalIPv6Address":"","GlobalIPv6PrefixLen":0,"IPAddress":"172.17.0.3","IPPrefixLen":16,"IPv6Gateway":"","MacAddress":"02:42:ac:11:00:03","Networks":{"bridge":{"IPAMConfig":null,"Links":null,"Aliases":null,"NetworkID":"e1a078e12eb8d77b497ed932f7fb43787eeb6ff6972febd7d03c9282b8b5cd45","EndpointID":"97b4c81a7665dcad3863174204db678dde492e2a2b2f11f6ef1c683b5d76146b","Gateway":"172.17.0.1","IPAddress":"172.17.0.3","IPPrefixLen":16,"IPv6Gateway":"","GlobalIPv6Address":"","GlobalIPv6PrefixLen":0,"MacAddress":"02:42:ac:11:00:03","DriverOpts":null}}}}[\n]"
&amp#27;[0;39m2023-05-08 13:19:03,377 [main] &amp#27;[39mDEBUG&amp#27;[0;39m &amp#27;[36mc.g.d.z.s.o.a.hc.client5.http.wire&amp#27;[0;39m - &amp#27;[32mhttp-outgoing-1 << "[\r][\n]"
&amp#27;[0;39m2023-05-08 13:19:03,377 [main] &amp#27;[39mDEBUG&amp#27;[0;39m &amp#27;[36mc.g.d.z.s.o.a.hc.client5.http.wire&amp#27;[0;39m - &amp#27;[32mhttp-outgoing-1 << "0[\r][\n]"
&amp#27;[0;39m2023-05-08 13:19:03,377 [main] &amp#27;[39mDEBUG&amp#27;[0;39m &amp#27;[36mc.g.d.z.s.o.a.hc.client5.http.wire&amp#27;[0;39m - &amp#27;[32mhttp-outgoing-1 << "[\r][\n]"
&amp#27;[0;39m2023-05-08 13:19:03,377 [main] &amp#27;[39mDEBUG&amp#27;[0;39m &amp#27;[36mc.g.d.z.s.o.a.h.client5.http.headers&amp#27;[0;39m - &amp#27;[32mhttp-outgoing-1 << HTTP/1.1 200 OK
&amp#27;[0;39m2023-05-08 13:19:03,377 [main] &amp#27;[39mDEBUG&amp#27;[0;39m &amp#27;[36mc.g.d.z.s.o.a.h.client5.http.headers&amp#27;[0;39m - &amp#27;[32mhttp-outgoing-1 << Api-Version: 1.42
&amp#27;[0;39m2023-05-08 13:19:03,377 [main] &amp#27;[39mDEBUG&amp#27;[0;39m &amp#27;[36mc.g.d.z.s.o.a.h.client5.http.headers&amp#27;[0;39m - &amp#27;[32mhttp-outgoing-1 << Content-Type: application/json
&amp#27;[0;39m2023-05-08 13:19:03,377 [main] &amp#27;[39mDEBUG&amp#27;[0;39m &amp#27;[36mc.g.d.z.s.o.a.h.client5.http.headers&amp#27;[0;39m - &amp#27;[32mhttp-outgoing-1 << Docker-Experimental: false
&amp#27;[0;39m2023-05-08 13:19:03,377 [main] &amp#27;[39mDEBUG&amp#27;[0;39m &amp#27;[36mc.g.d.z.s.o.a.h.client5.http.headers&amp#27;[0;39m - &amp#27;[32mhttp-outgoing-1 << Ostype: linux
&amp#27;[0;39m2023-05-08 13:19:03,377 [main] &amp#27;[39mDEBUG&amp#27;[0;39m &amp#27;[36mc.g.d.z.s.o.a.h.client5.http.headers&amp#27;[0;39m - &amp#27;[32mhttp-outgoing-1 << Server: Docker/23.0.5 (linux)
&amp#27;[0;39m2023-05-08 13:19:03,377 [main] &amp#27;[39mDEBUG&amp#27;[0;39m &amp#27;[36mc.g.d.z.s.o.a.h.client5.http.headers&amp#27;[0;39m - &amp#27;[32mhttp-outgoing-1 << Date: Mon, 08 May 2023 11:19:03 GMT
&amp#27;[0;39m2023-05-08 13:19:03,377 [main] &amp#27;[39mDEBUG&amp#27;[0;39m &amp#27;[36mc.g.d.z.s.o.a.h.client5.http.headers&amp#27;[0;39m - &amp#27;[32mhttp-outgoing-1 << Transfer-Encoding: chunked
&amp#27;[0;39m2023-05-08 13:19:03,378 [main] &amp#27;[39mDEBUG&amp#27;[0;39m &amp#27;[36mc.g.d.z.s.o.a.h.c.h.i.c.MainClientExec&amp#27;[0;39m - &amp#27;[32mex-0000006A: connection can be kept alive for 3 MINUTES
&amp#27;[0;39m2023-05-08 13:19:03,378 [main] &amp#27;[39mDEBUG&amp#27;[0;39m &amp#27;[36mc.g.d.z.s.o.a.h.c.h.i.c.InternalHttpClient&amp#27;[0;39m - &amp#27;[32mep-00000069: releasing valid endpoint
&amp#27;[0;39m2023-05-08 13:19:03,378 [main] &amp#27;[39mDEBUG&amp#27;[0;39m &amp#27;[36mc.g.d.z.s.o.a.h.c.h.i.i.PoolingHttpClientConnectionManager&amp#27;[0;39m - &amp#27;[32mep-00000069: releasing endpoint
&amp#27;[0;39m2023-05-08 13:19:03,378 [main] &amp#27;[39mDEBUG&amp#27;[0;39m &amp#27;[36mc.g.d.z.s.o.a.h.c.h.i.i.PoolingHttpClientConnectionManager&amp#27;[0;39m - &amp#27;[32mep-00000069: connection http-outgoing-1 can be kept alive for 3 MINUTES
&amp#27;[0;39m2023-05-08 13:19:03,378 [main] &amp#27;[39mDEBUG&amp#27;[0;39m &amp#27;[36mc.g.d.z.s.o.a.h.c.h.i.i.PoolingHttpClientConnectionManager&amp#27;[0;39m - &amp#27;[32mep-00000069: connection released [route: {}->unix://localhost:2375][total available: 1; route allocated: 1 of 2147483647; total allocated: 1 of 2147483647]
&amp#27;[0;39m2023-05-08 13:19:03,378 [main] &amp#27;[39mDEBUG&amp#27;[0;39m &amp#27;[36mtc.mysql:8.0.0&amp#27;[0;39m - &amp#27;[32mTrying to create JDBC connection using com.mysql.cj.jdbc.Driver to jdbc:mysql://localhost:32782/test?useSSL=false&allowPublicKeyRetrieval=true with properties: {password=test, user=test}
&amp#27;[0;39m2023-05-08 13:19:03,479 [main] &amp#27;[39mDEBUG&amp#27;[0;39m &amp#27;[36mo.t.s.c.g.d.c.command.AbstrDockerCmd&amp#27;[0;39m - &amp#27;[32mCmd: 0739339bbc624082fb5e41f62f4a622236ffe4974bf12b2847105b726085e02b,false
&amp#27;[0;39m2023-05-08 13:19:03,480 [main] &amp#27;[39mDEBUG&amp#27;[0;39m &amp#27;[36mo.t.s.c.g.d.c.e.InspectContainerCmdExec&amp#27;[0;39m - &amp#27;[32mGET: DefaultWebTarget{path=[/containers/0739339bbc624082fb5e41f62f4a622236ffe4974bf12b2847105b726085e02b/json], queryParams={}}
&amp#27;[0;39m2023-05-08 13:19:03,480 [main] &amp#27;[39mDEBUG&amp#27;[0;39m &amp#27;[36mc.g.d.z.s.o.a.h.c.h.i.c.InternalHttpClient&amp#27;[0;39m - &amp#27;[32mex-0000006B: preparing request execution
&amp#27;[0;39m2023-05-08 13:19:03,480 [main] &amp#27;[39mDEBUG&amp#27;[0;39m &amp#27;[36mc.g.d.z.s.o.a.h.c.h.p.RequestAddCookies&amp#27;[0;39m - &amp#27;[32mCookie spec selected: strict
&amp#27;[0;39m2023-05-08 13:19:03,480 [main] &amp#27;[39mDEBUG&amp#27;[0;39m &amp#27;[36mc.g.d.z.s.o.a.h.c.h.p.RequestAuthCache&amp#27;[0;39m - &amp#27;[32mAuth cache not set in the context
&amp#27;[0;39m2023-05-08 13:19:03,480 [main] &amp#27;[39mDEBUG&amp#27;[0;39m &amp#27;[36mc.g.d.z.s.o.a.h.c.h.i.c.ProtocolExec&amp#27;[0;39m - &amp#27;[32mex-0000006B: target auth state: UNCHALLENGED
&amp#27;[0;39m2023-05-08 13:19:03,480 [main] &amp#27;[39mDEBUG&amp#27;[0;39m &amp#27;[36mc.g.d.z.s.o.a.h.c.h.i.c.ProtocolExec&amp#27;[0;39m - &amp#27;[32mex-0000006B: proxy auth state: UNCHALLENGED
&amp#27;[0;39m2023-05-08 13:19:03,480 [main] &amp#27;[39mDEBUG&amp#27;[0;39m &amp#27;[36mc.g.d.z.s.o.a.h.c.h.i.c.ConnectExec&amp#27;[0;39m - &amp#27;[32mex-0000006B: acquiring connection with route {}->unix://localhost:2375
&amp#27;[0;39m2023-05-08 13:19:03,480 [main] &amp#27;[39mDEBUG&amp#27;[0;39m &amp#27;[36mc.g.d.z.s.o.a.h.c.h.i.c.InternalHttpClient&amp#27;[0;39m - &amp#27;[32mex-0000006B: acquiring endpoint (3 MINUTES)
&amp#27;[0;39m2023-05-08 13:19:03,480 [main] &amp#27;[39mDEBUG&amp#27;[0;39m &amp#27;[36mc.g.d.z.s.o.a.h.c.h.i.i.PoolingHttpClientConnectionManager&amp#27;[0;39m - &amp#27;[32mex-0000006B: endpoint lease request (3 MINUTES) [route: {}->unix://localhost:2375][total available: 1; route allocated: 1 of 2147483647; total allocated: 1 of 2147483647]
&amp#27;[0;39m2023-05-08 13:19:03,480 [main] &amp#27;[39mDEBUG&amp#27;[0;39m &amp#27;[36mc.g.d.z.s.o.a.h.c.h.i.i.PoolingHttpClientConnectionManager&amp#27;[0;39m - &amp#27;[32mex-0000006B: endpoint leased [route: {}->unix://localhost:2375][total available: 0; route allocated: 1 of 2147483647; total allocated: 1 of 2147483647]
&amp#27;[0;39m2023-05-08 13:19:03,480 [main] &amp#27;[39mDEBUG&amp#27;[0;39m &amp#27;[36mc.g.d.z.s.o.a.h.c.h.i.i.PoolingHttpClientConnectionManager&amp#27;[0;39m - &amp#27;[32mex-0000006B: acquired ep-0000006A
&amp#27;[0;39m2023-05-08 13:19:03,480 [main] &amp#27;[39mDEBUG&amp#27;[0;39m &amp#27;[36mc.g.d.z.s.o.a.h.c.h.i.c.InternalHttpClient&amp#27;[0;39m - &amp#27;[32mex-0000006B: acquired endpoint ep-0000006A
&amp#27;[0;39m2023-05-08 13:19:03,480 [main] &amp#27;[39mDEBUG&amp#27;[0;39m &amp#27;[36mc.g.d.z.s.o.a.h.c.h.i.c.MainClientExec&amp#27;[0;39m - &amp#27;[32mex-0000006B: executing GET /v1.32/containers/0739339bbc624082fb5e41f62f4a622236ffe4974bf12b2847105b726085e02b/json HTTP/1.1
&amp#27;[0;39m2023-05-08 13:19:03,480 [main] &amp#27;[39mDEBUG&amp#27;[0;39m &amp#27;[36mc.g.d.z.s.o.a.h.c.h.i.c.InternalHttpClient&amp#27;[0;39m - &amp#27;[32mep-0000006A: start execution ex-0000006B
&amp#27;[0;39m2023-05-08 13:19:03,480 [main] &amp#27;[39mDEBUG&amp#27;[0;39m &amp#27;[36mc.g.d.z.s.o.a.h.c.h.i.i.PoolingHttpClientConnectionManager&amp#27;[0;39m - &amp#27;[32mep-0000006A: executing exchange ex-0000006B over http-outgoing-1
&amp#27;[0;39m2023-05-08 13:19:03,480 [main] &amp#27;[39mDEBUG&amp#27;[0;39m &amp#27;[36mc.g.d.z.s.o.a.h.client5.http.headers&amp#27;[0;39m - &amp#27;[32mhttp-outgoing-1 >> GET /v1.32/containers/0739339bbc624082fb5e41f62f4a622236ffe4974bf12b2847105b726085e02b/json HTTP/1.1
&amp#27;[0;39m2023-05-08 13:19:03,480 [main] &amp#27;[39mDEBUG&amp#27;[0;39m &amp#27;[36mc.g.d.z.s.o.a.h.client5.http.headers&amp#27;[0;39m - &amp#27;[32mhttp-outgoing-1 >> accept: application/json
&amp#27;[0;39m2023-05-08 13:19:03,480 [main] &amp#27;[39mDEBUG&amp#27;[0;39m &amp#27;[36mc.g.d.z.s.o.a.h.client5.http.headers&amp#27;[0;39m - &amp#27;[32mhttp-outgoing-1 >> x-tc-sid: f1b696c1-ec3f-4f95-afa8-081853be7ccb
&amp#27;[0;39m2023-05-08 13:19:03,480 [main] &amp#27;[39mDEBUG&amp#27;[0;39m &amp#27;[36mc.g.d.z.s.o.a.h.client5.http.headers&amp#27;[0;39m - &amp#27;[32mhttp-outgoing-1 >> Accept-Encoding: gzip, x-gzip, deflate
&amp#27;[0;39m2023-05-08 13:19:03,480 [main] &amp#27;[39mDEBUG&amp#27;[0;39m &amp#27;[36mc.g.d.z.s.o.a.h.client5.http.headers&amp#27;[0;39m - &amp#27;[32mhttp-outgoing-1 >> Host: localhost:2375
&amp#27;[0;39m2023-05-08 13:19:03,480 [main] &amp#27;[39mDEBUG&amp#27;[0;39m &amp#27;[36mc.g.d.z.s.o.a.h.client5.http.headers&amp#27;[0;39m - &amp#27;[32mhttp-outgoing-1 >> Connection: keep-alive
&amp#27;[0;39m2023-05-08 13:19:03,480 [main] &amp#27;[39mDEBUG&amp#27;[0;39m &amp#27;[36mc.g.d.z.s.o.a.h.client5.http.headers&amp#27;[0;39m - &amp#27;[32mhttp-outgoing-1 >> User-Agent: Apache-HttpClient/5.0.3 (Java/17.0.6)
&amp#27;[0;39m2023-05-08 13:19:03,480 [main] &amp#27;[39mDEBUG&amp#27;[0;39m &amp#27;[36mc.g.d.z.s.o.a.hc.client5.http.wire&amp#27;[0;39m - &amp#27;[32mhttp-outgoing-1 >> "GET /v1.32/containers/0739339bbc624082fb5e41f62f4a622236ffe4974bf12b2847105b726085e02b/json HTTP/1.1[\r][\n]"
&amp#27;[0;39m2023-05-08 13:19:03,480 [main] &amp#27;[39mDEBUG&amp#27;[0;39m &amp#27;[36mc.g.d.z.s.o.a.hc.client5.http.wire&amp#27;[0;39m - &amp#27;[32mhttp-outgoing-1 >> "accept: application/json[\r][\n]"
&amp#27;[0;39m2023-05-08 13:19:03,480 [main] &amp#27;[39mDEBUG&amp#27;[0;39m &amp#27;[36mc.g.d.z.s.o.a.hc.client5.http.wire&amp#27;[0;39m - &amp#27;[32mhttp-outgoing-1 >> "x-tc-sid: f1b696c1-ec3f-4f95-afa8-081853be7ccb[\r][\n]"
&amp#27;[0;39m2023-05-08 13:19:03,480 [main] &amp#27;[39mDEBUG&amp#27;[0;39m &amp#27;[36mc.g.d.z.s.o.a.hc.client5.http.wire&amp#27;[0;39m - &amp#27;[32mhttp-outgoing-1 >> "Accept-Encoding: gzip, x-gzip, deflate[\r][\n]"
&amp#27;[0;39m2023-05-08 13:19:03,480 [main] &amp#27;[39mDEBUG&amp#27;[0;39m &amp#27;[36mc.g.d.z.s.o.a.hc.client5.http.wire&amp#27;[0;39m - &amp#27;[32mhttp-outgoing-1 >> "Host: localhost:2375[\r][\n]"
&amp#27;[0;39m2023-05-08 13:19:03,480 [main] &amp#27;[39mDEBUG&amp#27;[0;39m &amp#27;[36mc.g.d.z.s.o.a.hc.client5.http.wire&amp#27;[0;39m - &amp#27;[32mhttp-outgoing-1 >> "Connection: keep-alive[\r][\n]"
&amp#27;[0;39m2023-05-08 13:19:03,480 [main] &amp#27;[39mDEBUG&amp#27;[0;39m &amp#27;[36mc.g.d.z.s.o.a.hc.client5.http.wire&amp#27;[0;39m - &amp#27;[32mhttp-outgoing-1 >> "User-Agent: Apache-HttpClient/5.0.3 (Java/17.0.6)[\r][\n]"
&amp#27;[0;39m2023-05-08 13:19:03,480 [main] &amp#27;[39mDEBUG&amp#27;[0;39m &amp#27;[36mc.g.d.z.s.o.a.hc.client5.http.wire&amp#27;[0;39m - &amp#27;[32mhttp-outgoing-1 >> "[\r][\n]"
&amp#27;[0;39m2023-05-08 13:19:03,481 [main] &amp#27;[39mDEBUG&amp#27;[0;39m &amp#27;[36mc.g.d.z.s.o.a.hc.client5.http.wire&amp#27;[0;39m - &amp#27;[32mhttp-outgoing-1 << "HTTP/1.1 200 OK[\r][\n]"
&amp#27;[0;39m2023-05-08 13:19:03,481 [main] &amp#27;[39mDEBUG&amp#27;[0;39m &amp#27;[36mc.g.d.z.s.o.a.hc.client5.http.wire&amp#27;[0;39m - &amp#27;[32mhttp-outgoing-1 << "Api-Version: 1.42[\r][\n]"
&amp#27;[0;39m2023-05-08 13:19:03,481 [main] &amp#27;[39mDEBUG&amp#27;[0;39m &amp#27;[36mc.g.d.z.s.o.a.hc.client5.http.wire&amp#27;[0;39m - &amp#27;[32mhttp-outgoing-1 << "Content-Type: application/json[\r][\n]"
&amp#27;[0;39m2023-05-08 13:19:03,481 [main] &amp#27;[39mDEBUG&amp#27;[0;39m &amp#27;[36mc.g.d.z.s.o.a.hc.client5.http.wire&amp#27;[0;39m - &amp#27;[32mhttp-outgoing-1 << "Docker-Experimental: false[\r][\n]"
&amp#27;[0;39m2023-05-08 13:19:03,481 [main] &amp#27;[39mDEBUG&amp#27;[0;39m &amp#27;[36mc.g.d.z.s.o.a.hc.client5.http.wire&amp#27;[0;39m - &amp#27;[32mhttp-outgoing-1 << "Ostype: linux[\r][\n]"
&amp#27;[0;39m2023-05-08 13:19:03,481 [main] &amp#27;[39mDEBUG&amp#27;[0;39m &amp#27;[36mc.g.d.z.s.o.a.hc.client5.http.wire&amp#27;[0;39m - &amp#27;[32mhttp-outgoing-1 << "Server: Docker/23.0.5 (linux)[\r][\n]"
&amp#27;[0;39m2023-05-08 13:19:03,481 [main] &amp#27;[39mDEBUG&amp#27;[0;39m &amp#27;[36mc.g.d.z.s.o.a.hc.client5.http.wire&amp#27;[0;39m - &amp#27;[32mhttp-outgoing-1 << "Date: Mon, 08 May 2023 11:19:03 GMT[\r][\n]"
&amp#27;[0;39m2023-05-08 13:19:03,481 [main] &amp#27;[39mDEBUG&amp#27;[0;39m &amp#27;[36mc.g.d.z.s.o.a.hc.client5.http.wire&amp#27;[0;39m - &amp#27;[32mhttp-outgoing-1 << "Transfer-Encoding: chunked[\r][\n]"
&amp#27;[0;39m2023-05-08 13:19:03,481 [main] &amp#27;[39mDEBUG&amp#27;[0;39m &amp#27;[36mc.g.d.z.s.o.a.hc.client5.http.wire&amp#27;[0;39m - &amp#27;[32mhttp-outgoing-1 << "[\r][\n]"
&amp#27;[0;39m2023-05-08 13:19:03,481 [main] &amp#27;[39mDEBUG&amp#27;[0;39m &amp#27;[36mc.g.d.z.s.o.a.hc.client5.http.wire&amp#27;[0;39m - &amp#27;[32mhttp-outgoing-1 << "1893[\r][\n]"
&amp#27;[0;39m2023-05-08 13:19:03,481 [main] &amp#27;[39mDEBUG&amp#27;[0;39m &amp#27;[36mc.g.d.z.s.o.a.hc.client5.http.wire&amp#27;[0;39m - &amp#27;[32mhttp-outgoing-1 << "{"Id":"0739339bbc624082fb5e41f62f4a622236ffe4974bf12b2847105b726085e02b","Created":"2023-05-08T11:19:01.771856188Z","Path":"docker-entrypoint.sh","Args":["mysqld"],"State":{"Status":"running","Running":true,"Paused":false,"Restarting":false,"OOMKilled":false,"Dead":false,"Pid":59514,"ExitCode":0,"Error":"","StartedAt":"2023-05-08T11:19:02.113674386Z","FinishedAt":"0001-01-01T00:00:00Z"},"Image":"sha256:228d71078f8ce5ae9fd96b183f88c3a90e30544b4b7ce9d64a238d05fef2a681","ResolvConfPath":"/var/lib/docker/containers/0739339bbc624082fb5e41f62f4a622236ffe4974bf12b2847105b726085e02b/resolv.conf","HostnamePath":"/var/lib/docker/containers/0739339bbc624082fb5e41f62f4a622236ffe4974bf12b2847105b726085e02b/hostname","HostsPath":"/var/lib/docker/containers/0739339bbc624082fb5e41f62f4a622236ffe4974bf12b2847105b726085e02b/hosts","LogPath":"/var/lib/docker/containers/0739339bbc624082fb5e41f62f4a622236ffe4974bf12b2847105b726085e02b/0739339bbc624082fb5e41f62f4a622236ffe4974bf12b2847105b726085e02b-json.log","Name":"/intelligent_galileo","RestartCount":0,"Driver":"overlay2","Platform":"linux","MountLabel":"","ProcessLabel":"","AppArmorProfile":"docker-default","ExecIDs":null,"HostConfig":{"Binds":[],"ContainerIDFile":"","LogConfig":{"Type":"json-file","Config":{}},"NetworkMode":"default","PortBindings":{"3306/tcp":[{"HostIp":"","HostPort":""}]},"RestartPolicy":{"Name":"","MaximumRetryCount":0},"AutoRemove":false,"VolumeDriver":"","VolumesFrom":[],"ConsoleSize":[0,0],"CapAdd":null,"CapDrop":null,"CgroupnsMode":"private","Dns":null,"DnsOptions":null,"DnsSearch":null,"ExtraHosts":[],"GroupAdd":null,"IpcMode":"shareable","Cgroup":"","Links":null,"OomScoreAdj":0,"PidMode":"","Privileged":false,"PublishAllPorts":false,"ReadonlyRootfs":false,"SecurityOpt":null,"UTSMode":"","UsernsMode":"","ShmSize":67108864,"Runtime":"runc","Isolation":"","CpuShares":0,"Memory":0,"NanoCpus":0,"CgroupParent":"","BlkioWeight":0,"BlkioWeightDevice":null,"BlkioDeviceReadBps":null,"BlkioDeviceWriteBps":null,"BlkioDeviceReadIOps":null,"BlkioDeviceWriteIOps":null,"CpuPeriod":0,"CpuQuota":0,"CpuRealtimePeriod":0,"CpuRealtimeRuntime":0,"CpusetCpus":"","CpusetMems":"","Devices":null,"DeviceCgroupRules":null,"DeviceRequests":null,"MemoryReservation":0,"MemorySwap":0,"MemorySwappiness":null,"OomKillDisable":null,"PidsLimit":null,"Ulimits":null,"CpuCount":0,"CpuPercent":0,"IOMaximumIOps":0,"IOMaximumBandwidth":0,"MaskedPaths":["/proc/asound","/proc/acpi","/proc/kcore","/proc/keys","/proc/latency_stats","/proc/timer_list","/proc/timer_stats","/proc/sched_debug","/proc/scsi","/sys/firmware"],"ReadonlyPaths":["/proc/bus","/proc/fs","/proc/irq","/proc/sys","/proc/sysrq-trigger"]},"GraphDriver":{"Data":{"LowerDir":"/var/lib/docker/overlay2/b481eee7843c17772ada1734203524b4de76785735a50d4c68703d497db0e4ed-init/diff:/var/lib/docker/overlay2/4c6e20f032f02b27a9272f982861dc21998197aa90d94ed3bef95d449380247c/diff:/var/lib/docker/overlay2/0c75f828f603eff839bb3ca448163ab2a8017e86625ac255cd3dbf1673ddac26/diff:/var/lib/docker/overlay2/da128d897fda75829109844ce6cd9d73d0f54c682e735100af000ce899908729/diff:/var/lib/docker/overlay2/b678a1f261bf323afba6d76d91ab7428bdd6e1ef4a39b5224e4a1afd08c0423a/diff:/var/lib/docker/overlay2/1bec43b14875c5f9f814f146e8e31aa78566689c2c163da2ac60a32254988437/diff:/var/lib/docker/overlay2/28f4b1e6e1a7a2dbe30f1f94fb42bccd85a61faf8af1fe30a5bb0d442c525e41/diff:/var/lib/docker/overlay2/0f493124464c291d7c97d2633d5dff04b1dce5de904cb40a34dfbe7fe72e3fd4/diff:/var/lib/docker/overlay2/05befbee9e38cd670e1786b3310e99796dcc06abbed970007b4109a5424843fa/diff:/var/lib/docker/overlay2/582bcca9acfc4eef25109e1e1b9c9d104f355798455bc73e855c99283887a6e8/diff:/var/lib/docker/overlay2/153b3bf0b69e97e8f0e5533414a31ca33fa530e63d174c9617621abe46e7e9d1/diff:/var/lib/docker/overlay2/bf87a76c0a38875ee6e915fd0d2527eafa880ec6bf2c1cb294959428c18d10bd/diff","MergedDir":"/var/lib/docker/overlay2/b481eee7843c17772ada1734203524b4de76785735a50d4c68703d497db0e4ed/merged","UpperDir":"/var/lib/docker/overlay2/b481eee7843c17772ada1734203524b4de76785735a50d4c68703d497db0e4ed/diff","WorkDir":"/var/lib/docker/overlay2/b481eee7843c17772ada1734203524b4de76785735a50d4c68703d497db0e4ed/work"},"Name":"overlay2"},"Mounts":[{"Type":"volume","Name":"ec40278114b76af7b6535b952e685e04a98a51fa16363f5e9f0df1ce601f1dd5","Source":"/var/lib/docker/volumes/ec40278114b76af7b6535b952e685e04a98a51fa16363f5e9f0df1ce601f1dd5/_data","Destination":"/var/lib/mysql","Driver":"local","Mode":"","RW":true,"Propagation":""}],"Config":{"Hostname":"0739339bbc62","Domainname":"","User":"","AttachStdin":false,"AttachStdout":false,"AttachStderr":false,"ExposedPorts":{"3306/tcp":{}},"Tty":false,"OpenStdin":false,"StdinOnce":false,"Env":["MYSQL_DATABASE=test","MYSQL_PASSWORD=test","MYSQL_USER=test","MYSQL_ROOT_PASSWORD=test","PATH=/usr/local/sbin:/usr/local/bin:/usr/sbin:/usr/bin:/sbin:/bin","GOSU_VERSION=1.7","MYSQL_MAJOR=8.0","MYSQL_VERSION=8.0.0-dmr-1debian8"],"Cmd":["mysqld"],"Image":"mysql:8.0.0","Volumes":{"/var/lib/mysql":{}},"WorkingDir":"","Entrypoint":["docker-entrypoint.sh"],"OnBuild":null,"Labels":{"org.testcontainers":"true","org.testcontainers.lang":"java","org.testcontainers.sessionId":"f1b696c1-ec3f-4f95-afa8-081853be7ccb","org.testcontainers.version":"1.18.0"}},"NetworkSettings":{"Bridge":"","SandboxID":"d265e68e2afe307f1ab03fab083f2c0477cba31e9f26759f52b94e045d1847fb","HairpinMode":false,"LinkLocalIPv6Address":"","LinkLocalIPv6PrefixLen":0,"Ports":{"3306/tcp":[{"HostIp":"0.0.0.0","HostPort":"32782"},{"HostIp":"::","HostPort":"32782"}]},"SandboxKey":"/var/run/docker/netns/d265e68e2afe","SecondaryIPAddresses":null,"SecondaryIPv6Addresses":null,"EndpointID":"97b4c81a7665dcad3863174204db678dde492e2a2b2f11f6ef1c683b5d76146b","Gateway":"172.17.0.1","GlobalIPv6Address":"","GlobalIPv6PrefixLen":0,"IPAddress":"172.17.0.3","IPPrefixLen":16,"IPv6Gateway":"","MacAddress":"02:42:ac:11:00:03","Networks":{"bridge":{"IPAMConfig":null,"Links":null,"Aliases":null,"NetworkID":"e1a078e12eb8d77b497ed932f7fb43787eeb6ff6972febd7d03c9282b8b5cd45","EndpointID":"97b4c81a7665dcad3863174204db678dde492e2a2b2f11f6ef1c683b5d76146b","Gateway":"172.17.0.1","IPAddress":"172.17.0.3","IPPrefixLen":16,"IPv6Gateway":"","GlobalIPv6Address":"","GlobalIPv6PrefixLen":0,"MacAddress":"02:42:ac:11:00:03","DriverOpts":null}}}}[\n]"
&amp#27;[0;39m2023-05-08 13:19:03,481 [main] &amp#27;[39mDEBUG&amp#27;[0;39m &amp#27;[36mc.g.d.z.s.o.a.hc.client5.http.wire&amp#27;[0;39m - &amp#27;[32mhttp-outgoing-1 << "[\r][\n]"
&amp#27;[0;39m2023-05-08 13:19:03,481 [main] &amp#27;[39mDEBUG&amp#27;[0;39m &amp#27;[36mc.g.d.z.s.o.a.hc.client5.http.wire&amp#27;[0;39m - &amp#27;[32mhttp-outgoing-1 << "0[\r][\n]"
&amp#27;[0;39m2023-05-08 13:19:03,481 [main] &amp#27;[39mDEBUG&amp#27;[0;39m &amp#27;[36mc.g.d.z.s.o.a.hc.client5.http.wire&amp#27;[0;39m - &amp#27;[32mhttp-outgoing-1 << "[\r][\n]"
&amp#27;[0;39m2023-05-08 13:19:03,481 [main] &amp#27;[39mDEBUG&amp#27;[0;39m &amp#27;[36mc.g.d.z.s.o.a.h.client5.http.headers&amp#27;[0;39m - &amp#27;[32mhttp-outgoing-1 << HTTP/1.1 200 OK
&amp#27;[0;39m2023-05-08 13:19:03,481 [main] &amp#27;[39mDEBUG&amp#27;[0;39m &amp#27;[36mc.g.d.z.s.o.a.h.client5.http.headers&amp#27;[0;39m - &amp#27;[32mhttp-outgoing-1 << Api-Version: 1.42
&amp#27;[0;39m2023-05-08 13:19:03,481 [main] &amp#27;[39mDEBUG&amp#27;[0;39m &amp#27;[36mc.g.d.z.s.o.a.h.client5.http.headers&amp#27;[0;39m - &amp#27;[32mhttp-outgoing-1 << Content-Type: application/json
&amp#27;[0;39m2023-05-08 13:19:03,481 [main] &amp#27;[39mDEBUG&amp#27;[0;39m &amp#27;[36mc.g.d.z.s.o.a.h.client5.http.headers&amp#27;[0;39m - &amp#27;[32mhttp-outgoing-1 << Docker-Experimental: false
&amp#27;[0;39m2023-05-08 13:19:03,481 [main] &amp#27;[39mDEBUG&amp#27;[0;39m &amp#27;[36mc.g.d.z.s.o.a.h.client5.http.headers&amp#27;[0;39m - &amp#27;[32mhttp-outgoing-1 << Ostype: linux
&amp#27;[0;39m2023-05-08 13:19:03,481 [main] &amp#27;[39mDEBUG&amp#27;[0;39m &amp#27;[36mc.g.d.z.s.o.a.h.client5.http.headers&amp#27;[0;39m - &amp#27;[32mhttp-outgoing-1 << Server: Docker/23.0.5 (linux)
&amp#27;[0;39m2023-05-08 13:19:03,481 [main] &amp#27;[39mDEBUG&amp#27;[0;39m &amp#27;[36mc.g.d.z.s.o.a.h.client5.http.headers&amp#27;[0;39m - &amp#27;[32mhttp-outgoing-1 << Date: Mon, 08 May 2023 11:19:03 GMT
&amp#27;[0;39m2023-05-08 13:19:03,481 [main] &amp#27;[39mDEBUG&amp#27;[0;39m &amp#27;[36mc.g.d.z.s.o.a.h.client5.http.headers&amp#27;[0;39m - &amp#27;[32mhttp-outgoing-1 << Transfer-Encoding: chunked
&amp#27;[0;39m2023-05-08 13:19:03,481 [main] &amp#27;[39mDEBUG&amp#27;[0;39m &amp#27;[36mc.g.d.z.s.o.a.h.c.h.i.c.MainClientExec&amp#27;[0;39m - &amp#27;[32mex-0000006B: connection can be kept alive for 3 MINUTES
&amp#27;[0;39m2023-05-08 13:19:03,482 [main] &amp#27;[39mDEBUG&amp#27;[0;39m &amp#27;[36mc.g.d.z.s.o.a.h.c.h.i.c.InternalHttpClient&amp#27;[0;39m - &amp#27;[32mep-0000006A: releasing valid endpoint
&amp#27;[0;39m2023-05-08 13:19:03,482 [main] &amp#27;[39mDEBUG&amp#27;[0;39m &amp#27;[36mc.g.d.z.s.o.a.h.c.h.i.i.PoolingHttpClientConnectionManager&amp#27;[0;39m - &amp#27;[32mep-0000006A: releasing endpoint
&amp#27;[0;39m2023-05-08 13:19:03,482 [main] &amp#27;[39mDEBUG&amp#27;[0;39m &amp#27;[36mc.g.d.z.s.o.a.h.c.h.i.i.PoolingHttpClientConnectionManager&amp#27;[0;39m - &amp#27;[32mep-0000006A: connection http-outgoing-1 can be kept alive for 3 MINUTES
&amp#27;[0;39m2023-05-08 13:19:03,482 [main] &amp#27;[39mDEBUG&amp#27;[0;39m &amp#27;[36mc.g.d.z.s.o.a.h.c.h.i.i.PoolingHttpClientConnectionManager&amp#27;[0;39m - &amp#27;[32mep-0000006A: connection released [route: {}->unix://localhost:2375][total available: 1; route allocated: 1 of 2147483647; total allocated: 1 of 2147483647]
&amp#27;[0;39m2023-05-08 13:19:03,482 [main] &amp#27;[39mDEBUG&amp#27;[0;39m &amp#27;[36mtc.mysql:8.0.0&amp#27;[0;39m - &amp#27;[32mTrying to create JDBC connection using com.mysql.cj.jdbc.Driver to jdbc:mysql://localhost:32782/test?useSSL=false&allowPublicKeyRetrieval=true with properties: {password=test, user=test}
&amp#27;[0;39m2023-05-08 13:19:03,583 [main] &amp#27;[39mDEBUG&amp#27;[0;39m &amp#27;[36mo.t.s.c.g.d.c.command.AbstrDockerCmd&amp#27;[0;39m - &amp#27;[32mCmd: 0739339bbc624082fb5e41f62f4a622236ffe4974bf12b2847105b726085e02b,false
&amp#27;[0;39m2023-05-08 13:19:03,583 [main] &amp#27;[39mDEBUG&amp#27;[0;39m &amp#27;[36mo.t.s.c.g.d.c.e.InspectContainerCmdExec&amp#27;[0;39m - &amp#27;[32mGET: DefaultWebTarget{path=[/containers/0739339bbc624082fb5e41f62f4a622236ffe4974bf12b2847105b726085e02b/json], queryParams={}}
&amp#27;[0;39m2023-05-08 13:19:03,584 [main] &amp#27;[39mDEBUG&amp#27;[0;39m &amp#27;[36mc.g.d.z.s.o.a.h.c.h.i.c.InternalHttpClient&amp#27;[0;39m - &amp#27;[32mex-0000006C: preparing request execution
&amp#27;[0;39m2023-05-08 13:19:03,584 [main] &amp#27;[39mDEBUG&amp#27;[0;39m &amp#27;[36mc.g.d.z.s.o.a.h.c.h.p.RequestAddCookies&amp#27;[0;39m - &amp#27;[32mCookie spec selected: strict
&amp#27;[0;39m2023-05-08 13:19:03,584 [main] &amp#27;[39mDEBUG&amp#27;[0;39m &amp#27;[36mc.g.d.z.s.o.a.h.c.h.p.RequestAuthCache&amp#27;[0;39m - &amp#27;[32mAuth cache not set in the context
&amp#27;[0;39m2023-05-08 13:19:03,584 [main] &amp#27;[39mDEBUG&amp#27;[0;39m &amp#27;[36mc.g.d.z.s.o.a.h.c.h.i.c.ProtocolExec&amp#27;[0;39m - &amp#27;[32mex-0000006C: target auth state: UNCHALLENGED
&amp#27;[0;39m2023-05-08 13:19:03,584 [main] &amp#27;[39mDEBUG&amp#27;[0;39m &amp#27;[36mc.g.d.z.s.o.a.h.c.h.i.c.ProtocolExec&amp#27;[0;39m - &amp#27;[32mex-0000006C: proxy auth state: UNCHALLENGED
&amp#27;[0;39m2023-05-08 13:19:03,584 [main] &amp#27;[39mDEBUG&amp#27;[0;39m &amp#27;[36mc.g.d.z.s.o.a.h.c.h.i.c.ConnectExec&amp#27;[0;39m - &amp#27;[32mex-0000006C: acquiring connection with route {}->unix://localhost:2375
&amp#27;[0;39m2023-05-08 13:19:03,584 [main] &amp#27;[39mDEBUG&amp#27;[0;39m &amp#27;[36mc.g.d.z.s.o.a.h.c.h.i.c.InternalHttpClient&amp#27;[0;39m - &amp#27;[32mex-0000006C: acquiring endpoint (3 MINUTES)
&amp#27;[0;39m2023-05-08 13:19:03,584 [main] &amp#27;[39mDEBUG&amp#27;[0;39m &amp#27;[36mc.g.d.z.s.o.a.h.c.h.i.i.PoolingHttpClientConnectionManager&amp#27;[0;39m - &amp#27;[32mex-0000006C: endpoint lease request (3 MINUTES) [route: {}->unix://localhost:2375][total available: 1; route allocated: 1 of 2147483647; total allocated: 1 of 2147483647]
&amp#27;[0;39m2023-05-08 13:19:03,584 [main] &amp#27;[39mDEBUG&amp#27;[0;39m &amp#27;[36mc.g.d.z.s.o.a.h.c.h.i.i.PoolingHttpClientConnectionManager&amp#27;[0;39m - &amp#27;[32mex-0000006C: endpoint leased [route: {}->unix://localhost:2375][total available: 0; route allocated: 1 of 2147483647; total allocated: 1 of 2147483647]
&amp#27;[0;39m2023-05-08 13:19:03,584 [main] &amp#27;[39mDEBUG&amp#27;[0;39m &amp#27;[36mc.g.d.z.s.o.a.h.c.h.i.i.PoolingHttpClientConnectionManager&amp#27;[0;39m - &amp#27;[32mex-0000006C: acquired ep-0000006B
&amp#27;[0;39m2023-05-08 13:19:03,584 [main] &amp#27;[39mDEBUG&amp#27;[0;39m &amp#27;[36mc.g.d.z.s.o.a.h.c.h.i.c.InternalHttpClient&amp#27;[0;39m - &amp#27;[32mex-0000006C: acquired endpoint ep-0000006B
&amp#27;[0;39m2023-05-08 13:19:03,584 [main] &amp#27;[39mDEBUG&amp#27;[0;39m &amp#27;[36mc.g.d.z.s.o.a.h.c.h.i.c.MainClientExec&amp#27;[0;39m - &amp#27;[32mex-0000006C: executing GET /v1.32/containers/0739339bbc624082fb5e41f62f4a622236ffe4974bf12b2847105b726085e02b/json HTTP/1.1
&amp#27;[0;39m2023-05-08 13:19:03,584 [main] &amp#27;[39mDEBUG&amp#27;[0;39m &amp#27;[36mc.g.d.z.s.o.a.h.c.h.i.c.InternalHttpClient&amp#27;[0;39m - &amp#27;[32mep-0000006B: start execution ex-0000006C
&amp#27;[0;39m2023-05-08 13:19:03,584 [main] &amp#27;[39mDEBUG&amp#27;[0;39m &amp#27;[36mc.g.d.z.s.o.a.h.c.h.i.i.PoolingHttpClientConnectionManager&amp#27;[0;39m - &amp#27;[32mep-0000006B: executing exchange ex-0000006C over http-outgoing-1
&amp#27;[0;39m2023-05-08 13:19:03,584 [main] &amp#27;[39mDEBUG&amp#27;[0;39m &amp#27;[36mc.g.d.z.s.o.a.h.client5.http.headers&amp#27;[0;39m - &amp#27;[32mhttp-outgoing-1 >> GET /v1.32/containers/0739339bbc624082fb5e41f62f4a622236ffe4974bf12b2847105b726085e02b/json HTTP/1.1
&amp#27;[0;39m2023-05-08 13:19:03,584 [main] &amp#27;[39mDEBUG&amp#27;[0;39m &amp#27;[36mc.g.d.z.s.o.a.h.client5.http.headers&amp#27;[0;39m - &amp#27;[32mhttp-outgoing-1 >> accept: application/json
&amp#27;[0;39m2023-05-08 13:19:03,584 [main] &amp#27;[39mDEBUG&amp#27;[0;39m &amp#27;[36mc.g.d.z.s.o.a.h.client5.http.headers&amp#27;[0;39m - &amp#27;[32mhttp-outgoing-1 >> x-tc-sid: f1b696c1-ec3f-4f95-afa8-081853be7ccb
&amp#27;[0;39m2023-05-08 13:19:03,584 [main] &amp#27;[39mDEBUG&amp#27;[0;39m &amp#27;[36mc.g.d.z.s.o.a.h.client5.http.headers&amp#27;[0;39m - &amp#27;[32mhttp-outgoing-1 >> Accept-Encoding: gzip, x-gzip, deflate
&amp#27;[0;39m2023-05-08 13:19:03,584 [main] &amp#27;[39mDEBUG&amp#27;[0;39m &amp#27;[36mc.g.d.z.s.o.a.h.client5.http.headers&amp#27;[0;39m - &amp#27;[32mhttp-outgoing-1 >> Host: localhost:2375
&amp#27;[0;39m2023-05-08 13:19:03,584 [main] &amp#27;[39mDEBUG&amp#27;[0;39m &amp#27;[36mc.g.d.z.s.o.a.h.client5.http.headers&amp#27;[0;39m - &amp#27;[32mhttp-outgoing-1 >> Connection: keep-alive
&amp#27;[0;39m2023-05-08 13:19:03,584 [main] &amp#27;[39mDEBUG&amp#27;[0;39m &amp#27;[36mc.g.d.z.s.o.a.h.client5.http.headers&amp#27;[0;39m - &amp#27;[32mhttp-outgoing-1 >> User-Agent: Apache-HttpClient/5.0.3 (Java/17.0.6)
&amp#27;[0;39m2023-05-08 13:19:03,584 [main] &amp#27;[39mDEBUG&amp#27;[0;39m &amp#27;[36mc.g.d.z.s.o.a.hc.client5.http.wire&amp#27;[0;39m - &amp#27;[32mhttp-outgoing-1 >> "GET /v1.32/containers/0739339bbc624082fb5e41f62f4a622236ffe4974bf12b2847105b726085e02b/json HTTP/1.1[\r][\n]"
&amp#27;[0;39m2023-05-08 13:19:03,584 [main] &amp#27;[39mDEBUG&amp#27;[0;39m &amp#27;[36mc.g.d.z.s.o.a.hc.client5.http.wire&amp#27;[0;39m - &amp#27;[32mhttp-outgoing-1 >> "accept: application/json[\r][\n]"
&amp#27;[0;39m2023-05-08 13:19:03,584 [main] &amp#27;[39mDEBUG&amp#27;[0;39m &amp#27;[36mc.g.d.z.s.o.a.hc.client5.http.wire&amp#27;[0;39m - &amp#27;[32mhttp-outgoing-1 >> "x-tc-sid: f1b696c1-ec3f-4f95-afa8-081853be7ccb[\r][\n]"
&amp#27;[0;39m2023-05-08 13:19:03,584 [main] &amp#27;[39mDEBUG&amp#27;[0;39m &amp#27;[36mc.g.d.z.s.o.a.hc.client5.http.wire&amp#27;[0;39m - &amp#27;[32mhttp-outgoing-1 >> "Accept-Encoding: gzip, x-gzip, deflate[\r][\n]"
&amp#27;[0;39m2023-05-08 13:19:03,584 [main] &amp#27;[39mDEBUG&amp#27;[0;39m &amp#27;[36mc.g.d.z.s.o.a.hc.client5.http.wire&amp#27;[0;39m - &amp#27;[32mhttp-outgoing-1 >> "Host: localhost:2375[\r][\n]"
&amp#27;[0;39m2023-05-08 13:19:03,584 [main] &amp#27;[39mDEBUG&amp#27;[0;39m &amp#27;[36mc.g.d.z.s.o.a.hc.client5.http.wire&amp#27;[0;39m - &amp#27;[32mhttp-outgoing-1 >> "Connection: keep-alive[\r][\n]"
&amp#27;[0;39m2023-05-08 13:19:03,584 [main] &amp#27;[39mDEBUG&amp#27;[0;39m &amp#27;[36mc.g.d.z.s.o.a.hc.client5.http.wire&amp#27;[0;39m - &amp#27;[32mhttp-outgoing-1 >> "User-Agent: Apache-HttpClient/5.0.3 (Java/17.0.6)[\r][\n]"
&amp#27;[0;39m2023-05-08 13:19:03,584 [main] &amp#27;[39mDEBUG&amp#27;[0;39m &amp#27;[36mc.g.d.z.s.o.a.hc.client5.http.wire&amp#27;[0;39m - &amp#27;[32mhttp-outgoing-1 >> "[\r][\n]"
&amp#27;[0;39m2023-05-08 13:19:03,584 [main] &amp#27;[39mDEBUG&amp#27;[0;39m &amp#27;[36mc.g.d.z.s.o.a.hc.client5.http.wire&amp#27;[0;39m - &amp#27;[32mhttp-outgoing-1 << "HTTP/1.1 200 OK[\r][\n]"
&amp#27;[0;39m2023-05-08 13:19:03,584 [main] &amp#27;[39mDEBUG&amp#27;[0;39m &amp#27;[36mc.g.d.z.s.o.a.hc.client5.http.wire&amp#27;[0;39m - &amp#27;[32mhttp-outgoing-1 << "Api-Version: 1.42[\r][\n]"
&amp#27;[0;39m2023-05-08 13:19:03,584 [main] &amp#27;[39mDEBUG&amp#27;[0;39m &amp#27;[36mc.g.d.z.s.o.a.hc.client5.http.wire&amp#27;[0;39m - &amp#27;[32mhttp-outgoing-1 << "Content-Type: application/json[\r][\n]"
&amp#27;[0;39m2023-05-08 13:19:03,584 [main] &amp#27;[39mDEBUG&amp#27;[0;39m &amp#27;[36mc.g.d.z.s.o.a.hc.client5.http.wire&amp#27;[0;39m - &amp#27;[32mhttp-outgoing-1 << "Docker-Experimental: false[\r][\n]"
&amp#27;[0;39m2023-05-08 13:19:03,584 [main] &amp#27;[39mDEBUG&amp#27;[0;39m &amp#27;[36mc.g.d.z.s.o.a.hc.client5.http.wire&amp#27;[0;39m - &amp#27;[32mhttp-outgoing-1 << "Ostype: linux[\r][\n]"
&amp#27;[0;39m2023-05-08 13:19:03,584 [main] &amp#27;[39mDEBUG&amp#27;[0;39m &amp#27;[36mc.g.d.z.s.o.a.hc.client5.http.wire&amp#27;[0;39m - &amp#27;[32mhttp-outgoing-1 << "Server: Docker/23.0.5 (linux)[\r][\n]"
&amp#27;[0;39m2023-05-08 13:19:03,585 [main] &amp#27;[39mDEBUG&amp#27;[0;39m &amp#27;[36mc.g.d.z.s.o.a.hc.client5.http.wire&amp#27;[0;39m - &amp#27;[32mhttp-outgoing-1 << "Date: Mon, 08 May 2023 11:19:03 GMT[\r][\n]"
&amp#27;[0;39m2023-05-08 13:19:03,585 [main] &amp#27;[39mDEBUG&amp#27;[0;39m &amp#27;[36mc.g.d.z.s.o.a.hc.client5.http.wire&amp#27;[0;39m - &amp#27;[32mhttp-outgoing-1 << "Transfer-Encoding: chunked[\r][\n]"
&amp#27;[0;39m2023-05-08 13:19:03,585 [main] &amp#27;[39mDEBUG&amp#27;[0;39m &amp#27;[36mc.g.d.z.s.o.a.hc.client5.http.wire&amp#27;[0;39m - &amp#27;[32mhttp-outgoing-1 << "[\r][\n]"
&amp#27;[0;39m2023-05-08 13:19:03,585 [main] &amp#27;[39mDEBUG&amp#27;[0;39m &amp#27;[36mc.g.d.z.s.o.a.hc.client5.http.wire&amp#27;[0;39m - &amp#27;[32mhttp-outgoing-1 << "1893[\r][\n]"
&amp#27;[0;39m2023-05-08 13:19:03,585 [main] &amp#27;[39mDEBUG&amp#27;[0;39m &amp#27;[36mc.g.d.z.s.o.a.hc.client5.http.wire&amp#27;[0;39m - &amp#27;[32mhttp-outgoing-1 << "{"Id":"0739339bbc624082fb5e41f62f4a622236ffe4974bf12b2847105b726085e02b","Created":"2023-05-08T11:19:01.771856188Z","Path":"docker-entrypoint.sh","Args":["mysqld"],"State":{"Status":"running","Running":true,"Paused":false,"Restarting":false,"OOMKilled":false,"Dead":false,"Pid":59514,"ExitCode":0,"Error":"","StartedAt":"2023-05-08T11:19:02.113674386Z","FinishedAt":"0001-01-01T00:00:00Z"},"Image":"sha256:228d71078f8ce5ae9fd96b183f88c3a90e30544b4b7ce9d64a238d05fef2a681","ResolvConfPath":"/var/lib/docker/containers/0739339bbc624082fb5e41f62f4a622236ffe4974bf12b2847105b726085e02b/resolv.conf","HostnamePath":"/var/lib/docker/containers/0739339bbc624082fb5e41f62f4a622236ffe4974bf12b2847105b726085e02b/hostname","HostsPath":"/var/lib/docker/containers/0739339bbc624082fb5e41f62f4a622236ffe4974bf12b2847105b726085e02b/hosts","LogPath":"/var/lib/docker/containers/0739339bbc624082fb5e41f62f4a622236ffe4974bf12b2847105b726085e02b/0739339bbc624082fb5e41f62f4a622236ffe4974bf12b2847105b726085e02b-json.log","Name":"/intelligent_galileo","RestartCount":0,"Driver":"overlay2","Platform":"linux","MountLabel":"","ProcessLabel":"","AppArmorProfile":"docker-default","ExecIDs":null,"HostConfig":{"Binds":[],"ContainerIDFile":"","LogConfig":{"Type":"json-file","Config":{}},"NetworkMode":"default","PortBindings":{"3306/tcp":[{"HostIp":"","HostPort":""}]},"RestartPolicy":{"Name":"","MaximumRetryCount":0},"AutoRemove":false,"VolumeDriver":"","VolumesFrom":[],"ConsoleSize":[0,0],"CapAdd":null,"CapDrop":null,"CgroupnsMode":"private","Dns":null,"DnsOptions":null,"DnsSearch":null,"ExtraHosts":[],"GroupAdd":null,"IpcMode":"shareable","Cgroup":"","Links":null,"OomScoreAdj":0,"PidMode":"","Privileged":false,"PublishAllPorts":false,"ReadonlyRootfs":false,"SecurityOpt":null,"UTSMode":"","UsernsMode":"","ShmSize":67108864,"Runtime":"runc","Isolation":"","CpuShares":0,"Memory":0,"NanoCpus":0,"CgroupParent":"","BlkioWeight":0,"BlkioWeightDevice":null,"BlkioDeviceReadBps":null,"BlkioDeviceWriteBps":null,"BlkioDeviceReadIOps":null,"BlkioDeviceWriteIOps":null,"CpuPeriod":0,"CpuQuota":0,"CpuRealtimePeriod":0,"CpuRealtimeRuntime":0,"CpusetCpus":"","CpusetMems":"","Devices":null,"DeviceCgroupRules":null,"DeviceRequests":null,"MemoryReservation":0,"MemorySwap":0,"MemorySwappiness":null,"OomKillDisable":null,"PidsLimit":null,"Ulimits":null,"CpuCount":0,"CpuPercent":0,"IOMaximumIOps":0,"IOMaximumBandwidth":0,"MaskedPaths":["/proc/asound","/proc/acpi","/proc/kcore","/proc/keys","/proc/latency_stats","/proc/timer_list","/proc/timer_stats","/proc/sched_debug","/proc/scsi","/sys/firmware"],"ReadonlyPaths":["/proc/bus","/proc/fs","/proc/irq","/proc/sys","/proc/sysrq-trigger"]},"GraphDriver":{"Data":{"LowerDir":"/var/lib/docker/overlay2/b481eee7843c17772ada1734203524b4de76785735a50d4c68703d497db0e4ed-init/diff:/var/lib/docker/overlay2/4c6e20f032f02b27a9272f982861dc21998197aa90d94ed3bef95d449380247c/diff:/var/lib/docker/overlay2/0c75f828f603eff839bb3ca448163ab2a8017e86625ac255cd3dbf1673ddac26/diff:/var/lib/docker/overlay2/da128d897fda75829109844ce6cd9d73d0f54c682e735100af000ce899908729/diff:/var/lib/docker/overlay2/b678a1f261bf323afba6d76d91ab7428bdd6e1ef4a39b5224e4a1afd08c0423a/diff:/var/lib/docker/overlay2/1bec43b14875c5f9f814f146e8e31aa78566689c2c163da2ac60a32254988437/diff:/var/lib/docker/overlay2/28f4b1e6e1a7a2dbe30f1f94fb42bccd85a61faf8af1fe30a5bb0d442c525e41/diff:/var/lib/docker/overlay2/0f493124464c291d7c97d2633d5dff04b1dce5de904cb40a34dfbe7fe72e3fd4/diff:/var/lib/docker/overlay2/05befbee9e38cd670e1786b3310e99796dcc06abbed970007b4109a5424843fa/diff:/var/lib/docker/overlay2/582bcca9acfc4eef25109e1e1b9c9d104f355798455bc73e855c99283887a6e8/diff:/var/lib/docker/overlay2/153b3bf0b69e97e8f0e5533414a31ca33fa530e63d174c9617621abe46e7e9d1/diff:/var/lib/docker/overlay2/bf87a76c0a38875ee6e915fd0d2527eafa880ec6bf2c1cb294959428c18d10bd/diff","MergedDir":"/var/lib/docker/overlay2/b481eee7843c17772ada1734203524b4de76785735a50d4c68703d497db0e4ed/merged","UpperDir":"/var/lib/docker/overlay2/b481eee7843c17772ada1734203524b4de76785735a50d4c68703d497db0e4ed/diff","WorkDir":"/var/lib/docker/overlay2/b481eee7843c17772ada1734203524b4de76785735a50d4c68703d497db0e4ed/work"},"Name":"overlay2"},"Mounts":[{"Type":"volume","Name":"ec40278114b76af7b6535b952e685e04a98a51fa16363f5e9f0df1ce601f1dd5","Source":"/var/lib/docker/volumes/ec40278114b76af7b6535b952e685e04a98a51fa16363f5e9f0df1ce601f1dd5/_data","Destination":"/var/lib/mysql","Driver":"local","Mode":"","RW":true,"Propagation":""}],"Config":{"Hostname":"0739339bbc62","Domainname":"","User":"","AttachStdin":false,"AttachStdout":false,"AttachStderr":false,"ExposedPorts":{"3306/tcp":{}},"Tty":false,"OpenStdin":false,"StdinOnce":false,"Env":["MYSQL_DATABASE=test","MYSQL_PASSWORD=test","MYSQL_USER=test","MYSQL_ROOT_PASSWORD=test","PATH=/usr/local/sbin:/usr/local/bin:/usr/sbin:/usr/bin:/sbin:/bin","GOSU_VERSION=1.7","MYSQL_MAJOR=8.0","MYSQL_VERSION=8.0.0-dmr-1debian8"],"Cmd":["mysqld"],"Image":"mysql:8.0.0","Volumes":{"/var/lib/mysql":{}},"WorkingDir":"","Entrypoint":["docker-entrypoint.sh"],"OnBuild":null,"Labels":{"org.testcontainers":"true","org.testcontainers.lang":"java","org.testcontainers.sessionId":"f1b696c1-ec3f-4f95-afa8-081853be7ccb","org.testcontainers.version":"1.18.0"}},"NetworkSettings":{"Bridge":"","SandboxID":"d265e68e2afe307f1ab03fab083f2c0477cba31e9f26759f52b94e045d1847fb","HairpinMode":false,"LinkLocalIPv6Address":"","LinkLocalIPv6PrefixLen":0,"Ports":{"3306/tcp":[{"HostIp":"0.0.0.0","HostPort":"32782"},{"HostIp":"::","HostPort":"32782"}]},"SandboxKey":"/var/run/docker/netns/d265e68e2afe","SecondaryIPAddresses":null,"SecondaryIPv6Addresses":null,"EndpointID":"97b4c81a7665dcad3863174204db678dde492e2a2b2f11f6ef1c683b5d76146b","Gateway":"172.17.0.1","GlobalIPv6Address":"","GlobalIPv6PrefixLen":0,"IPAddress":"172.17.0.3","IPPrefixLen":16,"IPv6Gateway":"","MacAddress":"02:42:ac:11:00:03","Networks":{"bridge":{"IPAMConfig":null,"Links":null,"Aliases":null,"NetworkID":"e1a078e12eb8d77b497ed932f7fb43787eeb6ff6972febd7d03c9282b8b5cd45","EndpointID":"97b4c81a7665dcad3863174204db678dde492e2a2b2f11f6ef1c683b5d76146b","Gateway":"172.17.0.1","IPAddress":"172.17.0.3","IPPrefixLen":16,"IPv6Gateway":"","GlobalIPv6Address":"","GlobalIPv6PrefixLen":0,"MacAddress":"02:42:ac:11:00:03","DriverOpts":null}}}}[\n]"
&amp#27;[0;39m2023-05-08 13:19:03,585 [main] &amp#27;[39mDEBUG&amp#27;[0;39m &amp#27;[36mc.g.d.z.s.o.a.hc.client5.http.wire&amp#27;[0;39m - &amp#27;[32mhttp-outgoing-1 << "[\r][\n]"
&amp#27;[0;39m2023-05-08 13:19:03,585 [main] &amp#27;[39mDEBUG&amp#27;[0;39m &amp#27;[36mc.g.d.z.s.o.a.hc.client5.http.wire&amp#27;[0;39m - &amp#27;[32mhttp-outgoing-1 << "0[\r][\n]"
&amp#27;[0;39m2023-05-08 13:19:03,585 [main] &amp#27;[39mDEBUG&amp#27;[0;39m &amp#27;[36mc.g.d.z.s.o.a.hc.client5.http.wire&amp#27;[0;39m - &amp#27;[32mhttp-outgoing-1 << "[\r][\n]"
&amp#27;[0;39m2023-05-08 13:19:03,585 [main] &amp#27;[39mDEBUG&amp#27;[0;39m &amp#27;[36mc.g.d.z.s.o.a.h.client5.http.headers&amp#27;[0;39m - &amp#27;[32mhttp-outgoing-1 << HTTP/1.1 200 OK
&amp#27;[0;39m2023-05-08 13:19:03,585 [main] &amp#27;[39mDEBUG&amp#27;[0;39m &amp#27;[36mc.g.d.z.s.o.a.h.client5.http.headers&amp#27;[0;39m - &amp#27;[32mhttp-outgoing-1 << Api-Version: 1.42
&amp#27;[0;39m2023-05-08 13:19:03,585 [main] &amp#27;[39mDEBUG&amp#27;[0;39m &amp#27;[36mc.g.d.z.s.o.a.h.client5.http.headers&amp#27;[0;39m - &amp#27;[32mhttp-outgoing-1 << Content-Type: application/json
&amp#27;[0;39m2023-05-08 13:19:03,585 [main] &amp#27;[39mDEBUG&amp#27;[0;39m &amp#27;[36mc.g.d.z.s.o.a.h.client5.http.headers&amp#27;[0;39m - &amp#27;[32mhttp-outgoing-1 << Docker-Experimental: false
&amp#27;[0;39m2023-05-08 13:19:03,585 [main] &amp#27;[39mDEBUG&amp#27;[0;39m &amp#27;[36mc.g.d.z.s.o.a.h.client5.http.headers&amp#27;[0;39m - &amp#27;[32mhttp-outgoing-1 << Ostype: linux
&amp#27;[0;39m2023-05-08 13:19:03,585 [main] &amp#27;[39mDEBUG&amp#27;[0;39m &amp#27;[36mc.g.d.z.s.o.a.h.client5.http.headers&amp#27;[0;39m - &amp#27;[32mhttp-outgoing-1 << Server: Docker/23.0.5 (linux)
&amp#27;[0;39m2023-05-08 13:19:03,585 [main] &amp#27;[39mDEBUG&amp#27;[0;39m &amp#27;[36mc.g.d.z.s.o.a.h.client5.http.headers&amp#27;[0;39m - &amp#27;[32mhttp-outgoing-1 << Date: Mon, 08 May 2023 11:19:03 GMT
&amp#27;[0;39m2023-05-08 13:19:03,585 [main] &amp#27;[39mDEBUG&amp#27;[0;39m &amp#27;[36mc.g.d.z.s.o.a.h.client5.http.headers&amp#27;[0;39m - &amp#27;[32mhttp-outgoing-1 << Transfer-Encoding: chunked
&amp#27;[0;39m2023-05-08 13:19:03,585 [main] &amp#27;[39mDEBUG&amp#27;[0;39m &amp#27;[36mc.g.d.z.s.o.a.h.c.h.i.c.MainClientExec&amp#27;[0;39m - &amp#27;[32mex-0000006C: connection can be kept alive for 3 MINUTES
&amp#27;[0;39m2023-05-08 13:19:03,585 [main] &amp#27;[39mDEBUG&amp#27;[0;39m &amp#27;[36mc.g.d.z.s.o.a.h.c.h.i.c.InternalHttpClient&amp#27;[0;39m - &amp#27;[32mep-0000006B: releasing valid endpoint
&amp#27;[0;39m2023-05-08 13:19:03,585 [main] &amp#27;[39mDEBUG&amp#27;[0;39m &amp#27;[36mc.g.d.z.s.o.a.h.c.h.i.i.PoolingHttpClientConnectionManager&amp#27;[0;39m - &amp#27;[32mep-0000006B: releasing endpoint
&amp#27;[0;39m2023-05-08 13:19:03,585 [main] &amp#27;[39mDEBUG&amp#27;[0;39m &amp#27;[36mc.g.d.z.s.o.a.h.c.h.i.i.PoolingHttpClientConnectionManager&amp#27;[0;39m - &amp#27;[32mep-0000006B: connection http-outgoing-1 can be kept alive for 3 MINUTES
&amp#27;[0;39m2023-05-08 13:19:03,585 [main] &amp#27;[39mDEBUG&amp#27;[0;39m &amp#27;[36mc.g.d.z.s.o.a.h.c.h.i.i.PoolingHttpClientConnectionManager&amp#27;[0;39m - &amp#27;[32mep-0000006B: connection released [route: {}->unix://localhost:2375][total available: 1; route allocated: 1 of 2147483647; total allocated: 1 of 2147483647]
&amp#27;[0;39m2023-05-08 13:19:03,585 [main] &amp#27;[39mDEBUG&amp#27;[0;39m &amp#27;[36mtc.mysql:8.0.0&amp#27;[0;39m - &amp#27;[32mTrying to create JDBC connection using com.mysql.cj.jdbc.Driver to jdbc:mysql://localhost:32782/test?useSSL=false&allowPublicKeyRetrieval=true with properties: {password=test, user=test}
&amp#27;[0;39m2023-05-08 13:19:03,687 [main] &amp#27;[39mDEBUG&amp#27;[0;39m &amp#27;[36mo.t.s.c.g.d.c.command.AbstrDockerCmd&amp#27;[0;39m - &amp#27;[32mCmd: 0739339bbc624082fb5e41f62f4a622236ffe4974bf12b2847105b726085e02b,false
&amp#27;[0;39m2023-05-08 13:19:03,687 [main] &amp#27;[39mDEBUG&amp#27;[0;39m &amp#27;[36mo.t.s.c.g.d.c.e.InspectContainerCmdExec&amp#27;[0;39m - &amp#27;[32mGET: DefaultWebTarget{path=[/containers/0739339bbc624082fb5e41f62f4a622236ffe4974bf12b2847105b726085e02b/json], queryParams={}}
&amp#27;[0;39m2023-05-08 13:19:03,687 [main] &amp#27;[39mDEBUG&amp#27;[0;39m &amp#27;[36mc.g.d.z.s.o.a.h.c.h.i.c.InternalHttpClient&amp#27;[0;39m - &amp#27;[32mex-0000006D: preparing request execution
&amp#27;[0;39m2023-05-08 13:19:03,687 [main] &amp#27;[39mDEBUG&amp#27;[0;39m &amp#27;[36mc.g.d.z.s.o.a.h.c.h.p.RequestAddCookies&amp#27;[0;39m - &amp#27;[32mCookie spec selected: strict
&amp#27;[0;39m2023-05-08 13:19:03,687 [main] &amp#27;[39mDEBUG&amp#27;[0;39m &amp#27;[36mc.g.d.z.s.o.a.h.c.h.p.RequestAuthCache&amp#27;[0;39m - &amp#27;[32mAuth cache not set in the context
&amp#27;[0;39m2023-05-08 13:19:03,687 [main] &amp#27;[39mDEBUG&amp#27;[0;39m &amp#27;[36mc.g.d.z.s.o.a.h.c.h.i.c.ProtocolExec&amp#27;[0;39m - &amp#27;[32mex-0000006D: target auth state: UNCHALLENGED
&amp#27;[0;39m2023-05-08 13:19:03,687 [main] &amp#27;[39mDEBUG&amp#27;[0;39m &amp#27;[36mc.g.d.z.s.o.a.h.c.h.i.c.ProtocolExec&amp#27;[0;39m - &amp#27;[32mex-0000006D: proxy auth state: UNCHALLENGED
&amp#27;[0;39m2023-05-08 13:19:03,687 [main] &amp#27;[39mDEBUG&amp#27;[0;39m &amp#27;[36mc.g.d.z.s.o.a.h.c.h.i.c.ConnectExec&amp#27;[0;39m - &amp#27;[32mex-0000006D: acquiring connection with route {}->unix://localhost:2375
&amp#27;[0;39m2023-05-08 13:19:03,688 [main] &amp#27;[39mDEBUG&amp#27;[0;39m &amp#27;[36mc.g.d.z.s.o.a.h.c.h.i.c.InternalHttpClient&amp#27;[0;39m - &amp#27;[32mex-0000006D: acquiring endpoint (3 MINUTES)
&amp#27;[0;39m2023-05-08 13:19:03,688 [main] &amp#27;[39mDEBUG&amp#27;[0;39m &amp#27;[36mc.g.d.z.s.o.a.h.c.h.i.i.PoolingHttpClientConnectionManager&amp#27;[0;39m - &amp#27;[32mex-0000006D: endpoint lease request (3 MINUTES) [route: {}->unix://localhost:2375][total available: 1; route allocated: 1 of 2147483647; total allocated: 1 of 2147483647]
&amp#27;[0;39m2023-05-08 13:19:03,688 [main] &amp#27;[39mDEBUG&amp#27;[0;39m &amp#27;[36mc.g.d.z.s.o.a.h.c.h.i.i.PoolingHttpClientConnectionManager&amp#27;[0;39m - &amp#27;[32mex-0000006D: endpoint leased [route: {}->unix://localhost:2375][total available: 0; route allocated: 1 of 2147483647; total allocated: 1 of 2147483647]
&amp#27;[0;39m2023-05-08 13:19:03,688 [main] &amp#27;[39mDEBUG&amp#27;[0;39m &amp#27;[36mc.g.d.z.s.o.a.h.c.h.i.i.PoolingHttpClientConnectionManager&amp#27;[0;39m - &amp#27;[32mex-0000006D: acquired ep-0000006C
&amp#27;[0;39m2023-05-08 13:19:03,688 [main] &amp#27;[39mDEBUG&amp#27;[0;39m &amp#27;[36mc.g.d.z.s.o.a.h.c.h.i.c.InternalHttpClient&amp#27;[0;39m - &amp#27;[32mex-0000006D: acquired endpoint ep-0000006C
&amp#27;[0;39m2023-05-08 13:19:03,688 [main] &amp#27;[39mDEBUG&amp#27;[0;39m &amp#27;[36mc.g.d.z.s.o.a.h.c.h.i.c.MainClientExec&amp#27;[0;39m - &amp#27;[32mex-0000006D: executing GET /v1.32/containers/0739339bbc624082fb5e41f62f4a622236ffe4974bf12b2847105b726085e02b/json HTTP/1.1
&amp#27;[0;39m2023-05-08 13:19:03,688 [main] &amp#27;[39mDEBUG&amp#27;[0;39m &amp#27;[36mc.g.d.z.s.o.a.h.c.h.i.c.InternalHttpClient&amp#27;[0;39m - &amp#27;[32mep-0000006C: start execution ex-0000006D
&amp#27;[0;39m2023-05-08 13:19:03,688 [main] &amp#27;[39mDEBUG&amp#27;[0;39m &amp#27;[36mc.g.d.z.s.o.a.h.c.h.i.i.PoolingHttpClientConnectionManager&amp#27;[0;39m - &amp#27;[32mep-0000006C: executing exchange ex-0000006D over http-outgoing-1
&amp#27;[0;39m2023-05-08 13:19:03,688 [main] &amp#27;[39mDEBUG&amp#27;[0;39m &amp#27;[36mc.g.d.z.s.o.a.h.client5.http.headers&amp#27;[0;39m - &amp#27;[32mhttp-outgoing-1 >> GET /v1.32/containers/0739339bbc624082fb5e41f62f4a622236ffe4974bf12b2847105b726085e02b/json HTTP/1.1
&amp#27;[0;39m2023-05-08 13:19:03,688 [main] &amp#27;[39mDEBUG&amp#27;[0;39m &amp#27;[36mc.g.d.z.s.o.a.h.client5.http.headers&amp#27;[0;39m - &amp#27;[32mhttp-outgoing-1 >> accept: application/json
&amp#27;[0;39m2023-05-08 13:19:03,688 [main] &amp#27;[39mDEBUG&amp#27;[0;39m &amp#27;[36mc.g.d.z.s.o.a.h.client5.http.headers&amp#27;[0;39m - &amp#27;[32mhttp-outgoing-1 >> x-tc-sid: f1b696c1-ec3f-4f95-afa8-081853be7ccb
&amp#27;[0;39m2023-05-08 13:19:03,688 [main] &amp#27;[39mDEBUG&amp#27;[0;39m &amp#27;[36mc.g.d.z.s.o.a.h.client5.http.headers&amp#27;[0;39m - &amp#27;[32mhttp-outgoing-1 >> Accept-Encoding: gzip, x-gzip, deflate
&amp#27;[0;39m2023-05-08 13:19:03,688 [main] &amp#27;[39mDEBUG&amp#27;[0;39m &amp#27;[36mc.g.d.z.s.o.a.h.client5.http.headers&amp#27;[0;39m - &amp#27;[32mhttp-outgoing-1 >> Host: localhost:2375
&amp#27;[0;39m2023-05-08 13:19:03,688 [main] &amp#27;[39mDEBUG&amp#27;[0;39m &amp#27;[36mc.g.d.z.s.o.a.h.client5.http.headers&amp#27;[0;39m - &amp#27;[32mhttp-outgoing-1 >> Connection: keep-alive
&amp#27;[0;39m2023-05-08 13:19:03,688 [main] &amp#27;[39mDEBUG&amp#27;[0;39m &amp#27;[36mc.g.d.z.s.o.a.h.client5.http.headers&amp#27;[0;39m - &amp#27;[32mhttp-outgoing-1 >> User-Agent: Apache-HttpClient/5.0.3 (Java/17.0.6)
&amp#27;[0;39m2023-05-08 13:19:03,688 [main] &amp#27;[39mDEBUG&amp#27;[0;39m &amp#27;[36mc.g.d.z.s.o.a.hc.client5.http.wire&amp#27;[0;39m - &amp#27;[32mhttp-outgoing-1 >> "GET /v1.32/containers/0739339bbc624082fb5e41f62f4a622236ffe4974bf12b2847105b726085e02b/json HTTP/1.1[\r][\n]"
&amp#27;[0;39m2023-05-08 13:19:03,688 [main] &amp#27;[39mDEBUG&amp#27;[0;39m &amp#27;[36mc.g.d.z.s.o.a.hc.client5.http.wire&amp#27;[0;39m - &amp#27;[32mhttp-outgoing-1 >> "accept: application/json[\r][\n]"
&amp#27;[0;39m2023-05-08 13:19:03,688 [main] &amp#27;[39mDEBUG&amp#27;[0;39m &amp#27;[36mc.g.d.z.s.o.a.hc.client5.http.wire&amp#27;[0;39m - &amp#27;[32mhttp-outgoing-1 >> "x-tc-sid: f1b696c1-ec3f-4f95-afa8-081853be7ccb[\r][\n]"
&amp#27;[0;39m2023-05-08 13:19:03,688 [main] &amp#27;[39mDEBUG&amp#27;[0;39m &amp#27;[36mc.g.d.z.s.o.a.hc.client5.http.wire&amp#27;[0;39m - &amp#27;[32mhttp-outgoing-1 >> "Accept-Encoding: gzip, x-gzip, deflate[\r][\n]"
&amp#27;[0;39m2023-05-08 13:19:03,688 [main] &amp#27;[39mDEBUG&amp#27;[0;39m &amp#27;[36mc.g.d.z.s.o.a.hc.client5.http.wire&amp#27;[0;39m - &amp#27;[32mhttp-outgoing-1 >> "Host: localhost:2375[\r][\n]"
&amp#27;[0;39m2023-05-08 13:19:03,688 [main] &amp#27;[39mDEBUG&amp#27;[0;39m &amp#27;[36mc.g.d.z.s.o.a.hc.client5.http.wire&amp#27;[0;39m - &amp#27;[32mhttp-outgoing-1 >> "Connection: keep-alive[\r][\n]"
&amp#27;[0;39m2023-05-08 13:19:03,688 [main] &amp#27;[39mDEBUG&amp#27;[0;39m &amp#27;[36mc.g.d.z.s.o.a.hc.client5.http.wire&amp#27;[0;39m - &amp#27;[32mhttp-outgoing-1 >> "User-Agent: Apache-HttpClient/5.0.3 (Java/17.0.6)[\r][\n]"
&amp#27;[0;39m2023-05-08 13:19:03,688 [main] &amp#27;[39mDEBUG&amp#27;[0;39m &amp#27;[36mc.g.d.z.s.o.a.hc.client5.http.wire&amp#27;[0;39m - &amp#27;[32mhttp-outgoing-1 >> "[\r][\n]"
&amp#27;[0;39m2023-05-08 13:19:03,688 [main] &amp#27;[39mDEBUG&amp#27;[0;39m &amp#27;[36mc.g.d.z.s.o.a.hc.client5.http.wire&amp#27;[0;39m - &amp#27;[32mhttp-outgoing-1 << "HTTP/1.1 200 OK[\r][\n]"
&amp#27;[0;39m2023-05-08 13:19:03,688 [main] &amp#27;[39mDEBUG&amp#27;[0;39m &amp#27;[36mc.g.d.z.s.o.a.hc.client5.http.wire&amp#27;[0;39m - &amp#27;[32mhttp-outgoing-1 << "Api-Version: 1.42[\r][\n]"
&amp#27;[0;39m2023-05-08 13:19:03,688 [main] &amp#27;[39mDEBUG&amp#27;[0;39m &amp#27;[36mc.g.d.z.s.o.a.hc.client5.http.wire&amp#27;[0;39m - &amp#27;[32mhttp-outgoing-1 << "Content-Type: application/json[\r][\n]"
&amp#27;[0;39m2023-05-08 13:19:03,688 [main] &amp#27;[39mDEBUG&amp#27;[0;39m &amp#27;[36mc.g.d.z.s.o.a.hc.client5.http.wire&amp#27;[0;39m - &amp#27;[32mhttp-outgoing-1 << "Docker-Experimental: false[\r][\n]"
&amp#27;[0;39m2023-05-08 13:19:03,688 [main] &amp#27;[39mDEBUG&amp#27;[0;39m &amp#27;[36mc.g.d.z.s.o.a.hc.client5.http.wire&amp#27;[0;39m - &amp#27;[32mhttp-outgoing-1 << "Ostype: linux[\r][\n]"
&amp#27;[0;39m2023-05-08 13:19:03,688 [main] &amp#27;[39mDEBUG&amp#27;[0;39m &amp#27;[36mc.g.d.z.s.o.a.hc.client5.http.wire&amp#27;[0;39m - &amp#27;[32mhttp-outgoing-1 << "Server: Docker/23.0.5 (linux)[\r][\n]"
&amp#27;[0;39m2023-05-08 13:19:03,688 [main] &amp#27;[39mDEBUG&amp#27;[0;39m &amp#27;[36mc.g.d.z.s.o.a.hc.client5.http.wire&amp#27;[0;39m - &amp#27;[32mhttp-outgoing-1 << "Date: Mon, 08 May 2023 11:19:03 GMT[\r][\n]"
&amp#27;[0;39m2023-05-08 13:19:03,688 [main] &amp#27;[39mDEBUG&amp#27;[0;39m &amp#27;[36mc.g.d.z.s.o.a.hc.client5.http.wire&amp#27;[0;39m - &amp#27;[32mhttp-outgoing-1 << "Transfer-Encoding: chunked[\r][\n]"
&amp#27;[0;39m2023-05-08 13:19:03,688 [main] &amp#27;[39mDEBUG&amp#27;[0;39m &amp#27;[36mc.g.d.z.s.o.a.hc.client5.http.wire&amp#27;[0;39m - &amp#27;[32mhttp-outgoing-1 << "[\r][\n]"
&amp#27;[0;39m2023-05-08 13:19:03,688 [main] &amp#27;[39mDEBUG&amp#27;[0;39m &amp#27;[36mc.g.d.z.s.o.a.hc.client5.http.wire&amp#27;[0;39m - &amp#27;[32mhttp-outgoing-1 << "1893[\r][\n]"
&amp#27;[0;39m2023-05-08 13:19:03,688 [main] &amp#27;[39mDEBUG&amp#27;[0;39m &amp#27;[36mc.g.d.z.s.o.a.hc.client5.http.wire&amp#27;[0;39m - &amp#27;[32mhttp-outgoing-1 << "{"Id":"0739339bbc624082fb5e41f62f4a622236ffe4974bf12b2847105b726085e02b","Created":"2023-05-08T11:19:01.771856188Z","Path":"docker-entrypoint.sh","Args":["mysqld"],"State":{"Status":"running","Running":true,"Paused":false,"Restarting":false,"OOMKilled":false,"Dead":false,"Pid":59514,"ExitCode":0,"Error":"","StartedAt":"2023-05-08T11:19:02.113674386Z","FinishedAt":"0001-01-01T00:00:00Z"},"Image":"sha256:228d71078f8ce5ae9fd96b183f88c3a90e30544b4b7ce9d64a238d05fef2a681","ResolvConfPath":"/var/lib/docker/containers/0739339bbc624082fb5e41f62f4a622236ffe4974bf12b2847105b726085e02b/resolv.conf","HostnamePath":"/var/lib/docker/containers/0739339bbc624082fb5e41f62f4a622236ffe4974bf12b2847105b726085e02b/hostname","HostsPath":"/var/lib/docker/containers/0739339bbc624082fb5e41f62f4a622236ffe4974bf12b2847105b726085e02b/hosts","LogPath":"/var/lib/docker/containers/0739339bbc624082fb5e41f62f4a622236ffe4974bf12b2847105b726085e02b/0739339bbc624082fb5e41f62f4a622236ffe4974bf12b2847105b726085e02b-json.log","Name":"/intelligent_galileo","RestartCount":0,"Driver":"overlay2","Platform":"linux","MountLabel":"","ProcessLabel":"","AppArmorProfile":"docker-default","ExecIDs":null,"HostConfig":{"Binds":[],"ContainerIDFile":"","LogConfig":{"Type":"json-file","Config":{}},"NetworkMode":"default","PortBindings":{"3306/tcp":[{"HostIp":"","HostPort":""}]},"RestartPolicy":{"Name":"","MaximumRetryCount":0},"AutoRemove":false,"VolumeDriver":"","VolumesFrom":[],"ConsoleSize":[0,0],"CapAdd":null,"CapDrop":null,"CgroupnsMode":"private","Dns":null,"DnsOptions":null,"DnsSearch":null,"ExtraHosts":[],"GroupAdd":null,"IpcMode":"shareable","Cgroup":"","Links":null,"OomScoreAdj":0,"PidMode":"","Privileged":false,"PublishAllPorts":false,"ReadonlyRootfs":false,"SecurityOpt":null,"UTSMode":"","UsernsMode":"","ShmSize":67108864,"Runtime":"runc","Isolation":"","CpuShares":0,"Memory":0,"NanoCpus":0,"CgroupParent":"","BlkioWeight":0,"BlkioWeightDevice":null,"BlkioDeviceReadBps":null,"BlkioDeviceWriteBps":null,"BlkioDeviceReadIOps":null,"BlkioDeviceWriteIOps":null,"CpuPeriod":0,"CpuQuota":0,"CpuRealtimePeriod":0,"CpuRealtimeRuntime":0,"CpusetCpus":"","CpusetMems":"","Devices":null,"DeviceCgroupRules":null,"DeviceRequests":null,"MemoryReservation":0,"MemorySwap":0,"MemorySwappiness":null,"OomKillDisable":null,"PidsLimit":null,"Ulimits":null,"CpuCount":0,"CpuPercent":0,"IOMaximumIOps":0,"IOMaximumBandwidth":0,"MaskedPaths":["/proc/asound","/proc/acpi","/proc/kcore","/proc/keys","/proc/latency_stats","/proc/timer_list","/proc/timer_stats","/proc/sched_debug","/proc/scsi","/sys/firmware"],"ReadonlyPaths":["/proc/bus","/proc/fs","/proc/irq","/proc/sys","/proc/sysrq-trigger"]},"GraphDriver":{"Data":{"LowerDir":"/var/lib/docker/overlay2/b481eee7843c17772ada1734203524b4de76785735a50d4c68703d497db0e4ed-init/diff:/var/lib/docker/overlay2/4c6e20f032f02b27a9272f982861dc21998197aa90d94ed3bef95d449380247c/diff:/var/lib/docker/overlay2/0c75f828f603eff839bb3ca448163ab2a8017e86625ac255cd3dbf1673ddac26/diff:/var/lib/docker/overlay2/da128d897fda75829109844ce6cd9d73d0f54c682e735100af000ce899908729/diff:/var/lib/docker/overlay2/b678a1f261bf323afba6d76d91ab7428bdd6e1ef4a39b5224e4a1afd08c0423a/diff:/var/lib/docker/overlay2/1bec43b14875c5f9f814f146e8e31aa78566689c2c163da2ac60a32254988437/diff:/var/lib/docker/overlay2/28f4b1e6e1a7a2dbe30f1f94fb42bccd85a61faf8af1fe30a5bb0d442c525e41/diff:/var/lib/docker/overlay2/0f493124464c291d7c97d2633d5dff04b1dce5de904cb40a34dfbe7fe72e3fd4/diff:/var/lib/docker/overlay2/05befbee9e38cd670e1786b3310e99796dcc06abbed970007b4109a5424843fa/diff:/var/lib/docker/overlay2/582bcca9acfc4eef25109e1e1b9c9d104f355798455bc73e855c99283887a6e8/diff:/var/lib/docker/overlay2/153b3bf0b69e97e8f0e5533414a31ca33fa530e63d174c9617621abe46e7e9d1/diff:/var/lib/docker/overlay2/bf87a76c0a38875ee6e915fd0d2527eafa880ec6bf2c1cb294959428c18d10bd/diff","MergedDir":"/var/lib/docker/overlay2/b481eee7843c17772ada1734203524b4de76785735a50d4c68703d497db0e4ed/merged","UpperDir":"/var/lib/docker/overlay2/b481eee7843c17772ada1734203524b4de76785735a50d4c68703d497db0e4ed/diff","WorkDir":"/var/lib/docker/overlay2/b481eee7843c17772ada1734203524b4de76785735a50d4c68703d497db0e4ed/work"},"Name":"overlay2"},"Mounts":[{"Type":"volume","Name":"ec40278114b76af7b6535b952e685e04a98a51fa16363f5e9f0df1ce601f1dd5","Source":"/var/lib/docker/volumes/ec40278114b76af7b6535b952e685e04a98a51fa16363f5e9f0df1ce601f1dd5/_data","Destination":"/var/lib/mysql","Driver":"local","Mode":"","RW":true,"Propagation":""}],"Config":{"Hostname":"0739339bbc62","Domainname":"","User":"","AttachStdin":false,"AttachStdout":false,"AttachStderr":false,"ExposedPorts":{"3306/tcp":{}},"Tty":false,"OpenStdin":false,"StdinOnce":false,"Env":["MYSQL_DATABASE=test","MYSQL_PASSWORD=test","MYSQL_USER=test","MYSQL_ROOT_PASSWORD=test","PATH=/usr/local/sbin:/usr/local/bin:/usr/sbin:/usr/bin:/sbin:/bin","GOSU_VERSION=1.7","MYSQL_MAJOR=8.0","MYSQL_VERSION=8.0.0-dmr-1debian8"],"Cmd":["mysqld"],"Image":"mysql:8.0.0","Volumes":{"/var/lib/mysql":{}},"WorkingDir":"","Entrypoint":["docker-entrypoint.sh"],"OnBuild":null,"Labels":{"org.testcontainers":"true","org.testcontainers.lang":"java","org.testcontainers.sessionId":"f1b696c1-ec3f-4f95-afa8-081853be7ccb","org.testcontainers.version":"1.18.0"}},"NetworkSettings":{"Bridge":"","SandboxID":"d265e68e2afe307f1ab03fab083f2c0477cba31e9f26759f52b94e045d1847fb","HairpinMode":false,"LinkLocalIPv6Address":"","LinkLocalIPv6PrefixLen":0,"Ports":{"3306/tcp":[{"HostIp":"0.0.0.0","HostPort":"32782"},{"HostIp":"::","HostPort":"32782"}]},"SandboxKey":"/var/run/docker/netns/d265e68e2afe","SecondaryIPAddresses":null,"SecondaryIPv6Addresses":null,"EndpointID":"97b4c81a7665dcad3863174204db678dde492e2a2b2f11f6ef1c683b5d76146b","Gateway":"172.17.0.1","GlobalIPv6Address":"","GlobalIPv6PrefixLen":0,"IPAddress":"172.17.0.3","IPPrefixLen":16,"IPv6Gateway":"","MacAddress":"02:42:ac:11:00:03","Networks":{"bridge":{"IPAMConfig":null,"Links":null,"Aliases":null,"NetworkID":"e1a078e12eb8d77b497ed932f7fb43787eeb6ff6972febd7d03c9282b8b5cd45","EndpointID":"97b4c81a7665dcad3863174204db678dde492e2a2b2f11f6ef1c683b5d76146b","Gateway":"172.17.0.1","IPAddress":"172.17.0.3","IPPrefixLen":16,"IPv6Gateway":"","GlobalIPv6Address":"","GlobalIPv6PrefixLen":0,"MacAddress":"02:42:ac:11:00:03","DriverOpts":null}}}}[\n]"
&amp#27;[0;39m2023-05-08 13:19:03,688 [main] &amp#27;[39mDEBUG&amp#27;[0;39m &amp#27;[36mc.g.d.z.s.o.a.hc.client5.http.wire&amp#27;[0;39m - &amp#27;[32mhttp-outgoing-1 << "[\r][\n]"
&amp#27;[0;39m2023-05-08 13:19:03,688 [main] &amp#27;[39mDEBUG&amp#27;[0;39m &amp#27;[36mc.g.d.z.s.o.a.hc.client5.http.wire&amp#27;[0;39m - &amp#27;[32mhttp-outgoing-1 << "0[\r][\n]"
&amp#27;[0;39m2023-05-08 13:19:03,688 [main] &amp#27;[39mDEBUG&amp#27;[0;39m &amp#27;[36mc.g.d.z.s.o.a.hc.client5.http.wire&amp#27;[0;39m - &amp#27;[32mhttp-outgoing-1 << "[\r][\n]"
&amp#27;[0;39m2023-05-08 13:19:03,688 [main] &amp#27;[39mDEBUG&amp#27;[0;39m &amp#27;[36mc.g.d.z.s.o.a.h.client5.http.headers&amp#27;[0;39m - &amp#27;[32mhttp-outgoing-1 << HTTP/1.1 200 OK
&amp#27;[0;39m2023-05-08 13:19:03,688 [main] &amp#27;[39mDEBUG&amp#27;[0;39m &amp#27;[36mc.g.d.z.s.o.a.h.client5.http.headers&amp#27;[0;39m - &amp#27;[32mhttp-outgoing-1 << Api-Version: 1.42
&amp#27;[0;39m2023-05-08 13:19:03,688 [main] &amp#27;[39mDEBUG&amp#27;[0;39m &amp#27;[36mc.g.d.z.s.o.a.h.client5.http.headers&amp#27;[0;39m - &amp#27;[32mhttp-outgoing-1 << Content-Type: application/json
&amp#27;[0;39m2023-05-08 13:19:03,688 [main] &amp#27;[39mDEBUG&amp#27;[0;39m &amp#27;[36mc.g.d.z.s.o.a.h.client5.http.headers&amp#27;[0;39m - &amp#27;[32mhttp-outgoing-1 << Docker-Experimental: false
&amp#27;[0;39m2023-05-08 13:19:03,688 [main] &amp#27;[39mDEBUG&amp#27;[0;39m &amp#27;[36mc.g.d.z.s.o.a.h.client5.http.headers&amp#27;[0;39m - &amp#27;[32mhttp-outgoing-1 << Ostype: linux
&amp#27;[0;39m2023-05-08 13:19:03,688 [main] &amp#27;[39mDEBUG&amp#27;[0;39m &amp#27;[36mc.g.d.z.s.o.a.h.client5.http.headers&amp#27;[0;39m - &amp#27;[32mhttp-outgoing-1 << Server: Docker/23.0.5 (linux)
&amp#27;[0;39m2023-05-08 13:19:03,688 [main] &amp#27;[39mDEBUG&amp#27;[0;39m &amp#27;[36mc.g.d.z.s.o.a.h.client5.http.headers&amp#27;[0;39m - &amp#27;[32mhttp-outgoing-1 << Date: Mon, 08 May 2023 11:19:03 GMT
&amp#27;[0;39m2023-05-08 13:19:03,688 [main] &amp#27;[39mDEBUG&amp#27;[0;39m &amp#27;[36mc.g.d.z.s.o.a.h.client5.http.headers&amp#27;[0;39m - &amp#27;[32mhttp-outgoing-1 << Transfer-Encoding: chunked
&amp#27;[0;39m2023-05-08 13:19:03,689 [main] &amp#27;[39mDEBUG&amp#27;[0;39m &amp#27;[36mc.g.d.z.s.o.a.h.c.h.i.c.MainClientExec&amp#27;[0;39m - &amp#27;[32mex-0000006D: connection can be kept alive for 3 MINUTES
&amp#27;[0;39m2023-05-08 13:19:03,689 [main] &amp#27;[39mDEBUG&amp#27;[0;39m &amp#27;[36mc.g.d.z.s.o.a.h.c.h.i.c.InternalHttpClient&amp#27;[0;39m - &amp#27;[32mep-0000006C: releasing valid endpoint
&amp#27;[0;39m2023-05-08 13:19:03,689 [main] &amp#27;[39mDEBUG&amp#27;[0;39m &amp#27;[36mc.g.d.z.s.o.a.h.c.h.i.i.PoolingHttpClientConnectionManager&amp#27;[0;39m - &amp#27;[32mep-0000006C: releasing endpoint
&amp#27;[0;39m2023-05-08 13:19:03,689 [main] &amp#27;[39mDEBUG&amp#27;[0;39m &amp#27;[36mc.g.d.z.s.o.a.h.c.h.i.i.PoolingHttpClientConnectionManager&amp#27;[0;39m - &amp#27;[32mep-0000006C: connection http-outgoing-1 can be kept alive for 3 MINUTES
&amp#27;[0;39m2023-05-08 13:19:03,689 [main] &amp#27;[39mDEBUG&amp#27;[0;39m &amp#27;[36mc.g.d.z.s.o.a.h.c.h.i.i.PoolingHttpClientConnectionManager&amp#27;[0;39m - &amp#27;[32mep-0000006C: connection released [route: {}->unix://localhost:2375][total available: 1; route allocated: 1 of 2147483647; total allocated: 1 of 2147483647]
&amp#27;[0;39m2023-05-08 13:19:03,689 [main] &amp#27;[39mDEBUG&amp#27;[0;39m &amp#27;[36mtc.mysql:8.0.0&amp#27;[0;39m - &amp#27;[32mTrying to create JDBC connection using com.mysql.cj.jdbc.Driver to jdbc:mysql://localhost:32782/test?useSSL=false&allowPublicKeyRetrieval=true with properties: {password=test, user=test}
&amp#27;[0;39m2023-05-08 13:19:03,790 [main] &amp#27;[39mDEBUG&amp#27;[0;39m &amp#27;[36mo.t.s.c.g.d.c.command.AbstrDockerCmd&amp#27;[0;39m - &amp#27;[32mCmd: 0739339bbc624082fb5e41f62f4a622236ffe4974bf12b2847105b726085e02b,false
&amp#27;[0;39m2023-05-08 13:19:03,790 [main] &amp#27;[39mDEBUG&amp#27;[0;39m &amp#27;[36mo.t.s.c.g.d.c.e.InspectContainerCmdExec&amp#27;[0;39m - &amp#27;[32mGET: DefaultWebTarget{path=[/containers/0739339bbc624082fb5e41f62f4a622236ffe4974bf12b2847105b726085e02b/json], queryParams={}}
&amp#27;[0;39m2023-05-08 13:19:03,791 [main] &amp#27;[39mDEBUG&amp#27;[0;39m &amp#27;[36mc.g.d.z.s.o.a.h.c.h.i.c.InternalHttpClient&amp#27;[0;39m - &amp#27;[32mex-0000006E: preparing request execution
&amp#27;[0;39m2023-05-08 13:19:03,791 [main] &amp#27;[39mDEBUG&amp#27;[0;39m &amp#27;[36mc.g.d.z.s.o.a.h.c.h.p.RequestAddCookies&amp#27;[0;39m - &amp#27;[32mCookie spec selected: strict
&amp#27;[0;39m2023-05-08 13:19:03,791 [main] &amp#27;[39mDEBUG&amp#27;[0;39m &amp#27;[36mc.g.d.z.s.o.a.h.c.h.p.RequestAuthCache&amp#27;[0;39m - &amp#27;[32mAuth cache not set in the context
&amp#27;[0;39m2023-05-08 13:19:03,791 [main] &amp#27;[39mDEBUG&amp#27;[0;39m &amp#27;[36mc.g.d.z.s.o.a.h.c.h.i.c.ProtocolExec&amp#27;[0;39m - &amp#27;[32mex-0000006E: target auth state: UNCHALLENGED
&amp#27;[0;39m2023-05-08 13:19:03,791 [main] &amp#27;[39mDEBUG&amp#27;[0;39m &amp#27;[36mc.g.d.z.s.o.a.h.c.h.i.c.ProtocolExec&amp#27;[0;39m - &amp#27;[32mex-0000006E: proxy auth state: UNCHALLENGED
&amp#27;[0;39m2023-05-08 13:19:03,791 [main] &amp#27;[39mDEBUG&amp#27;[0;39m &amp#27;[36mc.g.d.z.s.o.a.h.c.h.i.c.ConnectExec&amp#27;[0;39m - &amp#27;[32mex-0000006E: acquiring connection with route {}->unix://localhost:2375
&amp#27;[0;39m2023-05-08 13:19:03,791 [main] &amp#27;[39mDEBUG&amp#27;[0;39m &amp#27;[36mc.g.d.z.s.o.a.h.c.h.i.c.InternalHttpClient&amp#27;[0;39m - &amp#27;[32mex-0000006E: acquiring endpoint (3 MINUTES)
&amp#27;[0;39m2023-05-08 13:19:03,791 [main] &amp#27;[39mDEBUG&amp#27;[0;39m &amp#27;[36mc.g.d.z.s.o.a.h.c.h.i.i.PoolingHttpClientConnectionManager&amp#27;[0;39m - &amp#27;[32mex-0000006E: endpoint lease request (3 MINUTES) [route: {}->unix://localhost:2375][total available: 1; route allocated: 1 of 2147483647; total allocated: 1 of 2147483647]
&amp#27;[0;39m2023-05-08 13:19:03,791 [main] &amp#27;[39mDEBUG&amp#27;[0;39m &amp#27;[36mc.g.d.z.s.o.a.h.c.h.i.i.PoolingHttpClientConnectionManager&amp#27;[0;39m - &amp#27;[32mex-0000006E: endpoint leased [route: {}->unix://localhost:2375][total available: 0; route allocated: 1 of 2147483647; total allocated: 1 of 2147483647]
&amp#27;[0;39m2023-05-08 13:19:03,791 [main] &amp#27;[39mDEBUG&amp#27;[0;39m &amp#27;[36mc.g.d.z.s.o.a.h.c.h.i.i.PoolingHttpClientConnectionManager&amp#27;[0;39m - &amp#27;[32mex-0000006E: acquired ep-0000006D
&amp#27;[0;39m2023-05-08 13:19:03,791 [main] &amp#27;[39mDEBUG&amp#27;[0;39m &amp#27;[36mc.g.d.z.s.o.a.h.c.h.i.c.InternalHttpClient&amp#27;[0;39m - &amp#27;[32mex-0000006E: acquired endpoint ep-0000006D
&amp#27;[0;39m2023-05-08 13:19:03,791 [main] &amp#27;[39mDEBUG&amp#27;[0;39m &amp#27;[36mc.g.d.z.s.o.a.h.c.h.i.c.MainClientExec&amp#27;[0;39m - &amp#27;[32mex-0000006E: executing GET /v1.32/containers/0739339bbc624082fb5e41f62f4a622236ffe4974bf12b2847105b726085e02b/json HTTP/1.1
&amp#27;[0;39m2023-05-08 13:19:03,791 [main] &amp#27;[39mDEBUG&amp#27;[0;39m &amp#27;[36mc.g.d.z.s.o.a.h.c.h.i.c.InternalHttpClient&amp#27;[0;39m - &amp#27;[32mep-0000006D: start execution ex-0000006E
&amp#27;[0;39m2023-05-08 13:19:03,791 [main] &amp#27;[39mDEBUG&amp#27;[0;39m &amp#27;[36mc.g.d.z.s.o.a.h.c.h.i.i.PoolingHttpClientConnectionManager&amp#27;[0;39m - &amp#27;[32mep-0000006D: executing exchange ex-0000006E over http-outgoing-1
&amp#27;[0;39m2023-05-08 13:19:03,791 [main] &amp#27;[39mDEBUG&amp#27;[0;39m &amp#27;[36mc.g.d.z.s.o.a.h.client5.http.headers&amp#27;[0;39m - &amp#27;[32mhttp-outgoing-1 >> GET /v1.32/containers/0739339bbc624082fb5e41f62f4a622236ffe4974bf12b2847105b726085e02b/json HTTP/1.1
&amp#27;[0;39m2023-05-08 13:19:03,791 [main] &amp#27;[39mDEBUG&amp#27;[0;39m &amp#27;[36mc.g.d.z.s.o.a.h.client5.http.headers&amp#27;[0;39m - &amp#27;[32mhttp-outgoing-1 >> accept: application/json
&amp#27;[0;39m2023-05-08 13:19:03,791 [main] &amp#27;[39mDEBUG&amp#27;[0;39m &amp#27;[36mc.g.d.z.s.o.a.h.client5.http.headers&amp#27;[0;39m - &amp#27;[32mhttp-outgoing-1 >> x-tc-sid: f1b696c1-ec3f-4f95-afa8-081853be7ccb
&amp#27;[0;39m2023-05-08 13:19:03,791 [main] &amp#27;[39mDEBUG&amp#27;[0;39m &amp#27;[36mc.g.d.z.s.o.a.h.client5.http.headers&amp#27;[0;39m - &amp#27;[32mhttp-outgoing-1 >> Accept-Encoding: gzip, x-gzip, deflate
&amp#27;[0;39m2023-05-08 13:19:03,791 [main] &amp#27;[39mDEBUG&amp#27;[0;39m &amp#27;[36mc.g.d.z.s.o.a.h.client5.http.headers&amp#27;[0;39m - &amp#27;[32mhttp-outgoing-1 >> Host: localhost:2375
&amp#27;[0;39m2023-05-08 13:19:03,791 [main] &amp#27;[39mDEBUG&amp#27;[0;39m &amp#27;[36mc.g.d.z.s.o.a.h.client5.http.headers&amp#27;[0;39m - &amp#27;[32mhttp-outgoing-1 >> Connection: keep-alive
&amp#27;[0;39m2023-05-08 13:19:03,791 [main] &amp#27;[39mDEBUG&amp#27;[0;39m &amp#27;[36mc.g.d.z.s.o.a.h.client5.http.headers&amp#27;[0;39m - &amp#27;[32mhttp-outgoing-1 >> User-Agent: Apache-HttpClient/5.0.3 (Java/17.0.6)
&amp#27;[0;39m2023-05-08 13:19:03,791 [main] &amp#27;[39mDEBUG&amp#27;[0;39m &amp#27;[36mc.g.d.z.s.o.a.hc.client5.http.wire&amp#27;[0;39m - &amp#27;[32mhttp-outgoing-1 >> "GET /v1.32/containers/0739339bbc624082fb5e41f62f4a622236ffe4974bf12b2847105b726085e02b/json HTTP/1.1[\r][\n]"
&amp#27;[0;39m2023-05-08 13:19:03,791 [main] &amp#27;[39mDEBUG&amp#27;[0;39m &amp#27;[36mc.g.d.z.s.o.a.hc.client5.http.wire&amp#27;[0;39m - &amp#27;[32mhttp-outgoing-1 >> "accept: application/json[\r][\n]"
&amp#27;[0;39m2023-05-08 13:19:03,791 [main] &amp#27;[39mDEBUG&amp#27;[0;39m &amp#27;[36mc.g.d.z.s.o.a.hc.client5.http.wire&amp#27;[0;39m - &amp#27;[32mhttp-outgoing-1 >> "x-tc-sid: f1b696c1-ec3f-4f95-afa8-081853be7ccb[\r][\n]"
&amp#27;[0;39m2023-05-08 13:19:03,791 [main] &amp#27;[39mDEBUG&amp#27;[0;39m &amp#27;[36mc.g.d.z.s.o.a.hc.client5.http.wire&amp#27;[0;39m - &amp#27;[32mhttp-outgoing-1 >> "Accept-Encoding: gzip, x-gzip, deflate[\r][\n]"
&amp#27;[0;39m2023-05-08 13:19:03,791 [main] &amp#27;[39mDEBUG&amp#27;[0;39m &amp#27;[36mc.g.d.z.s.o.a.hc.client5.http.wire&amp#27;[0;39m - &amp#27;[32mhttp-outgoing-1 >> "Host: localhost:2375[\r][\n]"
&amp#27;[0;39m2023-05-08 13:19:03,791 [main] &amp#27;[39mDEBUG&amp#27;[0;39m &amp#27;[36mc.g.d.z.s.o.a.hc.client5.http.wire&amp#27;[0;39m - &amp#27;[32mhttp-outgoing-1 >> "Connection: keep-alive[\r][\n]"
&amp#27;[0;39m2023-05-08 13:19:03,791 [main] &amp#27;[39mDEBUG&amp#27;[0;39m &amp#27;[36mc.g.d.z.s.o.a.hc.client5.http.wire&amp#27;[0;39m - &amp#27;[32mhttp-outgoing-1 >> "User-Agent: Apache-HttpClient/5.0.3 (Java/17.0.6)[\r][\n]"
&amp#27;[0;39m2023-05-08 13:19:03,791 [main] &amp#27;[39mDEBUG&amp#27;[0;39m &amp#27;[36mc.g.d.z.s.o.a.hc.client5.http.wire&amp#27;[0;39m - &amp#27;[32mhttp-outgoing-1 >> "[\r][\n]"
&amp#27;[0;39m2023-05-08 13:19:03,792 [main] &amp#27;[39mDEBUG&amp#27;[0;39m &amp#27;[36mc.g.d.z.s.o.a.hc.client5.http.wire&amp#27;[0;39m - &amp#27;[32mhttp-outgoing-1 << "HTTP/1.1 200 OK[\r][\n]"
&amp#27;[0;39m2023-05-08 13:19:03,792 [main] &amp#27;[39mDEBUG&amp#27;[0;39m &amp#27;[36mc.g.d.z.s.o.a.hc.client5.http.wire&amp#27;[0;39m - &amp#27;[32mhttp-outgoing-1 << "Api-Version: 1.42[\r][\n]"
&amp#27;[0;39m2023-05-08 13:19:03,792 [main] &amp#27;[39mDEBUG&amp#27;[0;39m &amp#27;[36mc.g.d.z.s.o.a.hc.client5.http.wire&amp#27;[0;39m - &amp#27;[32mhttp-outgoing-1 << "Content-Type: application/json[\r][\n]"
&amp#27;[0;39m2023-05-08 13:19:03,792 [main] &amp#27;[39mDEBUG&amp#27;[0;39m &amp#27;[36mc.g.d.z.s.o.a.hc.client5.http.wire&amp#27;[0;39m - &amp#27;[32mhttp-outgoing-1 << "Docker-Experimental: false[\r][\n]"
&amp#27;[0;39m2023-05-08 13:19:03,792 [main] &amp#27;[39mDEBUG&amp#27;[0;39m &amp#27;[36mc.g.d.z.s.o.a.hc.client5.http.wire&amp#27;[0;39m - &amp#27;[32mhttp-outgoing-1 << "Ostype: linux[\r][\n]"
&amp#27;[0;39m2023-05-08 13:19:03,792 [main] &amp#27;[39mDEBUG&amp#27;[0;39m &amp#27;[36mc.g.d.z.s.o.a.hc.client5.http.wire&amp#27;[0;39m - &amp#27;[32mhttp-outgoing-1 << "Server: Docker/23.0.5 (linux)[\r][\n]"
&amp#27;[0;39m2023-05-08 13:19:03,792 [main] &amp#27;[39mDEBUG&amp#27;[0;39m &amp#27;[36mc.g.d.z.s.o.a.hc.client5.http.wire&amp#27;[0;39m - &amp#27;[32mhttp-outgoing-1 << "Date: Mon, 08 May 2023 11:19:03 GMT[\r][\n]"
&amp#27;[0;39m2023-05-08 13:19:03,792 [main] &amp#27;[39mDEBUG&amp#27;[0;39m &amp#27;[36mc.g.d.z.s.o.a.hc.client5.http.wire&amp#27;[0;39m - &amp#27;[32mhttp-outgoing-1 << "Transfer-Encoding: chunked[\r][\n]"
&amp#27;[0;39m2023-05-08 13:19:03,792 [main] &amp#27;[39mDEBUG&amp#27;[0;39m &amp#27;[36mc.g.d.z.s.o.a.hc.client5.http.wire&amp#27;[0;39m - &amp#27;[32mhttp-outgoing-1 << "[\r][\n]"
&amp#27;[0;39m2023-05-08 13:19:03,792 [main] &amp#27;[39mDEBUG&amp#27;[0;39m &amp#27;[36mc.g.d.z.s.o.a.hc.client5.http.wire&amp#27;[0;39m - &amp#27;[32mhttp-outgoing-1 << "1893[\r][\n]"
&amp#27;[0;39m2023-05-08 13:19:03,792 [main] &amp#27;[39mDEBUG&amp#27;[0;39m &amp#27;[36mc.g.d.z.s.o.a.hc.client5.http.wire&amp#27;[0;39m - &amp#27;[32mhttp-outgoing-1 << "{"Id":"0739339bbc624082fb5e41f62f4a622236ffe4974bf12b2847105b726085e02b","Created":"2023-05-08T11:19:01.771856188Z","Path":"docker-entrypoint.sh","Args":["mysqld"],"State":{"Status":"running","Running":true,"Paused":false,"Restarting":false,"OOMKilled":false,"Dead":false,"Pid":59514,"ExitCode":0,"Error":"","StartedAt":"2023-05-08T11:19:02.113674386Z","FinishedAt":"0001-01-01T00:00:00Z"},"Image":"sha256:228d71078f8ce5ae9fd96b183f88c3a90e30544b4b7ce9d64a238d05fef2a681","ResolvConfPath":"/var/lib/docker/containers/0739339bbc624082fb5e41f62f4a622236ffe4974bf12b2847105b726085e02b/resolv.conf","HostnamePath":"/var/lib/docker/containers/0739339bbc624082fb5e41f62f4a622236ffe4974bf12b2847105b726085e02b/hostname","HostsPath":"/var/lib/docker/containers/0739339bbc624082fb5e41f62f4a622236ffe4974bf12b2847105b726085e02b/hosts","LogPath":"/var/lib/docker/containers/0739339bbc624082fb5e41f62f4a622236ffe4974bf12b2847105b726085e02b/0739339bbc624082fb5e41f62f4a622236ffe4974bf12b2847105b726085e02b-json.log","Name":"/intelligent_galileo","RestartCount":0,"Driver":"overlay2","Platform":"linux","MountLabel":"","ProcessLabel":"","AppArmorProfile":"docker-default","ExecIDs":null,"HostConfig":{"Binds":[],"ContainerIDFile":"","LogConfig":{"Type":"json-file","Config":{}},"NetworkMode":"default","PortBindings":{"3306/tcp":[{"HostIp":"","HostPort":""}]},"RestartPolicy":{"Name":"","MaximumRetryCount":0},"AutoRemove":false,"VolumeDriver":"","VolumesFrom":[],"ConsoleSize":[0,0],"CapAdd":null,"CapDrop":null,"CgroupnsMode":"private","Dns":null,"DnsOptions":null,"DnsSearch":null,"ExtraHosts":[],"GroupAdd":null,"IpcMode":"shareable","Cgroup":"","Links":null,"OomScoreAdj":0,"PidMode":"","Privileged":false,"PublishAllPorts":false,"ReadonlyRootfs":false,"SecurityOpt":null,"UTSMode":"","UsernsMode":"","ShmSize":67108864,"Runtime":"runc","Isolation":"","CpuShares":0,"Memory":0,"NanoCpus":0,"CgroupParent":"","BlkioWeight":0,"BlkioWeightDevice":null,"BlkioDeviceReadBps":null,"BlkioDeviceWriteBps":null,"BlkioDeviceReadIOps":null,"BlkioDeviceWriteIOps":null,"CpuPeriod":0,"CpuQuota":0,"CpuRealtimePeriod":0,"CpuRealtimeRuntime":0,"CpusetCpus":"","CpusetMems":"","Devices":null,"DeviceCgroupRules":null,"DeviceRequests":null,"MemoryReservation":0,"MemorySwap":0,"MemorySwappiness":null,"OomKillDisable":null,"PidsLimit":null,"Ulimits":null,"CpuCount":0,"CpuPercent":0,"IOMaximumIOps":0,"IOMaximumBandwidth":0,"MaskedPaths":["/proc/asound","/proc/acpi","/proc/kcore","/proc/keys","/proc/latency_stats","/proc/timer_list","/proc/timer_stats","/proc/sched_debug","/proc/scsi","/sys/firmware"],"ReadonlyPaths":["/proc/bus","/proc/fs","/proc/irq","/proc/sys","/proc/sysrq-trigger"]},"GraphDriver":{"Data":{"LowerDir":"/var/lib/docker/overlay2/b481eee7843c17772ada1734203524b4de76785735a50d4c68703d497db0e4ed-init/diff:/var/lib/docker/overlay2/4c6e20f032f02b27a9272f982861dc21998197aa90d94ed3bef95d449380247c/diff:/var/lib/docker/overlay2/0c75f828f603eff839bb3ca448163ab2a8017e86625ac255cd3dbf1673ddac26/diff:/var/lib/docker/overlay2/da128d897fda75829109844ce6cd9d73d0f54c682e735100af000ce899908729/diff:/var/lib/docker/overlay2/b678a1f261bf323afba6d76d91ab7428bdd6e1ef4a39b5224e4a1afd08c0423a/diff:/var/lib/docker/overlay2/1bec43b14875c5f9f814f146e8e31aa78566689c2c163da2ac60a32254988437/diff:/var/lib/docker/overlay2/28f4b1e6e1a7a2dbe30f1f94fb42bccd85a61faf8af1fe30a5bb0d442c525e41/diff:/var/lib/docker/overlay2/0f493124464c291d7c97d2633d5dff04b1dce5de904cb40a34dfbe7fe72e3fd4/diff:/var/lib/docker/overlay2/05befbee9e38cd670e1786b3310e99796dcc06abbed970007b4109a5424843fa/diff:/var/lib/docker/overlay2/582bcca9acfc4eef25109e1e1b9c9d104f355798455bc73e855c99283887a6e8/diff:/var/lib/docker/overlay2/153b3bf0b69e97e8f0e5533414a31ca33fa530e63d174c9617621abe46e7e9d1/diff:/var/lib/docker/overlay2/bf87a76c0a38875ee6e915fd0d2527eafa880ec6bf2c1cb294959428c18d10bd/diff","MergedDir":"/var/lib/docker/overlay2/b481eee7843c17772ada1734203524b4de76785735a50d4c68703d497db0e4ed/merged","UpperDir":"/var/lib/docker/overlay2/b481eee7843c17772ada1734203524b4de76785735a50d4c68703d497db0e4ed/diff","WorkDir":"/var/lib/docker/overlay2/b481eee7843c17772ada1734203524b4de76785735a50d4c68703d497db0e4ed/work"},"Name":"overlay2"},"Mounts":[{"Type":"volume","Name":"ec40278114b76af7b6535b952e685e04a98a51fa16363f5e9f0df1ce601f1dd5","Source":"/var/lib/docker/volumes/ec40278114b76af7b6535b952e685e04a98a51fa16363f5e9f0df1ce601f1dd5/_data","Destination":"/var/lib/mysql","Driver":"local","Mode":"","RW":true,"Propagation":""}],"Config":{"Hostname":"0739339bbc62","Domainname":"","User":"","AttachStdin":false,"AttachStdout":false,"AttachStderr":false,"ExposedPorts":{"3306/tcp":{}},"Tty":false,"OpenStdin":false,"StdinOnce":false,"Env":["MYSQL_DATABASE=test","MYSQL_PASSWORD=test","MYSQL_USER=test","MYSQL_ROOT_PASSWORD=test","PATH=/usr/local/sbin:/usr/local/bin:/usr/sbin:/usr/bin:/sbin:/bin","GOSU_VERSION=1.7","MYSQL_MAJOR=8.0","MYSQL_VERSION=8.0.0-dmr-1debian8"],"Cmd":["mysqld"],"Image":"mysql:8.0.0","Volumes":{"/var/lib/mysql":{}},"WorkingDir":"","Entrypoint":["docker-entrypoint.sh"],"OnBuild":null,"Labels":{"org.testcontainers":"true","org.testcontainers.lang":"java","org.testcontainers.sessionId":"f1b696c1-ec3f-4f95-afa8-081853be7ccb","org.testcontainers.version":"1.18.0"}},"NetworkSettings":{"Bridge":"","SandboxID":"d265e68e2afe307f1ab03fab083f2c0477cba31e9f26759f52b94e045d1847fb","HairpinMode":false,"LinkLocalIPv6Address":"","LinkLocalIPv6PrefixLen":0,"Ports":{"3306/tcp":[{"HostIp":"0.0.0.0","HostPort":"32782"},{"HostIp":"::","HostPort":"32782"}]},"SandboxKey":"/var/run/docker/netns/d265e68e2afe","SecondaryIPAddresses":null,"SecondaryIPv6Addresses":null,"EndpointID":"97b4c81a7665dcad3863174204db678dde492e2a2b2f11f6ef1c683b5d76146b","Gateway":"172.17.0.1","GlobalIPv6Address":"","GlobalIPv6PrefixLen":0,"IPAddress":"172.17.0.3","IPPrefixLen":16,"IPv6Gateway":"","MacAddress":"02:42:ac:11:00:03","Networks":{"bridge":{"IPAMConfig":null,"Links":null,"Aliases":null,"NetworkID":"e1a078e12eb8d77b497ed932f7fb43787eeb6ff6972febd7d03c9282b8b5cd45","EndpointID":"97b4c81a7665dcad3863174204db678dde492e2a2b2f11f6ef1c683b5d76146b","Gateway":"172.17.0.1","IPAddress":"172.17.0.3","IPPrefixLen":16,"IPv6Gateway":"","GlobalIPv6Address":"","GlobalIPv6PrefixLen":0,"MacAddress":"02:42:ac:11:00:03","DriverOpts":null}}}}[\n]"
&amp#27;[0;39m2023-05-08 13:19:03,793 [main] &amp#27;[39mDEBUG&amp#27;[0;39m &amp#27;[36mc.g.d.z.s.o.a.hc.client5.http.wire&amp#27;[0;39m - &amp#27;[32mhttp-outgoing-1 << "[\r][\n]"
&amp#27;[0;39m2023-05-08 13:19:03,793 [main] &amp#27;[39mDEBUG&amp#27;[0;39m &amp#27;[36mc.g.d.z.s.o.a.hc.client5.http.wire&amp#27;[0;39m - &amp#27;[32mhttp-outgoing-1 << "0[\r][\n]"
&amp#27;[0;39m2023-05-08 13:19:03,793 [main] &amp#27;[39mDEBUG&amp#27;[0;39m &amp#27;[36mc.g.d.z.s.o.a.hc.client5.http.wire&amp#27;[0;39m - &amp#27;[32mhttp-outgoing-1 << "[\r][\n]"
&amp#27;[0;39m2023-05-08 13:19:03,793 [main] &amp#27;[39mDEBUG&amp#27;[0;39m &amp#27;[36mc.g.d.z.s.o.a.h.client5.http.headers&amp#27;[0;39m - &amp#27;[32mhttp-outgoing-1 << HTTP/1.1 200 OK
&amp#27;[0;39m2023-05-08 13:19:03,793 [main] &amp#27;[39mDEBUG&amp#27;[0;39m &amp#27;[36mc.g.d.z.s.o.a.h.client5.http.headers&amp#27;[0;39m - &amp#27;[32mhttp-outgoing-1 << Api-Version: 1.42
&amp#27;[0;39m2023-05-08 13:19:03,793 [main] &amp#27;[39mDEBUG&amp#27;[0;39m &amp#27;[36mc.g.d.z.s.o.a.h.client5.http.headers&amp#27;[0;39m - &amp#27;[32mhttp-outgoing-1 << Content-Type: application/json
&amp#27;[0;39m2023-05-08 13:19:03,793 [main] &amp#27;[39mDEBUG&amp#27;[0;39m &amp#27;[36mc.g.d.z.s.o.a.h.client5.http.headers&amp#27;[0;39m - &amp#27;[32mhttp-outgoing-1 << Docker-Experimental: false
&amp#27;[0;39m2023-05-08 13:19:03,793 [main] &amp#27;[39mDEBUG&amp#27;[0;39m &amp#27;[36mc.g.d.z.s.o.a.h.client5.http.headers&amp#27;[0;39m - &amp#27;[32mhttp-outgoing-1 << Ostype: linux
&amp#27;[0;39m2023-05-08 13:19:03,793 [main] &amp#27;[39mDEBUG&amp#27;[0;39m &amp#27;[36mc.g.d.z.s.o.a.h.client5.http.headers&amp#27;[0;39m - &amp#27;[32mhttp-outgoing-1 << Server: Docker/23.0.5 (linux)
&amp#27;[0;39m2023-05-08 13:19:03,793 [main] &amp#27;[39mDEBUG&amp#27;[0;39m &amp#27;[36mc.g.d.z.s.o.a.h.client5.http.headers&amp#27;[0;39m - &amp#27;[32mhttp-outgoing-1 << Date: Mon, 08 May 2023 11:19:03 GMT
&amp#27;[0;39m2023-05-08 13:19:03,793 [main] &amp#27;[39mDEBUG&amp#27;[0;39m &amp#27;[36mc.g.d.z.s.o.a.h.client5.http.headers&amp#27;[0;39m - &amp#27;[32mhttp-outgoing-1 << Transfer-Encoding: chunked
&amp#27;[0;39m2023-05-08 13:19:03,793 [main] &amp#27;[39mDEBUG&amp#27;[0;39m &amp#27;[36mc.g.d.z.s.o.a.h.c.h.i.c.MainClientExec&amp#27;[0;39m - &amp#27;[32mex-0000006E: connection can be kept alive for 3 MINUTES
&amp#27;[0;39m2023-05-08 13:19:03,794 [main] &amp#27;[39mDEBUG&amp#27;[0;39m &amp#27;[36mc.g.d.z.s.o.a.h.c.h.i.c.InternalHttpClient&amp#27;[0;39m - &amp#27;[32mep-0000006D: releasing valid endpoint
&amp#27;[0;39m2023-05-08 13:19:03,794 [main] &amp#27;[39mDEBUG&amp#27;[0;39m &amp#27;[36mc.g.d.z.s.o.a.h.c.h.i.i.PoolingHttpClientConnectionManager&amp#27;[0;39m - &amp#27;[32mep-0000006D: releasing endpoint
&amp#27;[0;39m2023-05-08 13:19:03,794 [main] &amp#27;[39mDEBUG&amp#27;[0;39m &amp#27;[36mc.g.d.z.s.o.a.h.c.h.i.i.PoolingHttpClientConnectionManager&amp#27;[0;39m - &amp#27;[32mep-0000006D: connection http-outgoing-1 can be kept alive for 3 MINUTES
&amp#27;[0;39m2023-05-08 13:19:03,794 [main] &amp#27;[39mDEBUG&amp#27;[0;39m &amp#27;[36mc.g.d.z.s.o.a.h.c.h.i.i.PoolingHttpClientConnectionManager&amp#27;[0;39m - &amp#27;[32mep-0000006D: connection released [route: {}->unix://localhost:2375][total available: 1; route allocated: 1 of 2147483647; total allocated: 1 of 2147483647]
&amp#27;[0;39m2023-05-08 13:19:03,794 [main] &amp#27;[39mDEBUG&amp#27;[0;39m &amp#27;[36mtc.mysql:8.0.0&amp#27;[0;39m - &amp#27;[32mTrying to create JDBC connection using com.mysql.cj.jdbc.Driver to jdbc:mysql://localhost:32782/test?useSSL=false&allowPublicKeyRetrieval=true with properties: {password=test, user=test}
&amp#27;[0;39m2023-05-08 13:19:03,897 [main] &amp#27;[39mDEBUG&amp#27;[0;39m &amp#27;[36mo.t.s.c.g.d.c.command.AbstrDockerCmd&amp#27;[0;39m - &amp#27;[32mCmd: 0739339bbc624082fb5e41f62f4a622236ffe4974bf12b2847105b726085e02b,false
&amp#27;[0;39m2023-05-08 13:19:03,897 [main] &amp#27;[39mDEBUG&amp#27;[0;39m &amp#27;[36mo.t.s.c.g.d.c.e.InspectContainerCmdExec&amp#27;[0;39m - &amp#27;[32mGET: DefaultWebTarget{path=[/containers/0739339bbc624082fb5e41f62f4a622236ffe4974bf12b2847105b726085e02b/json], queryParams={}}
&amp#27;[0;39m2023-05-08 13:19:03,897 [main] &amp#27;[39mDEBUG&amp#27;[0;39m &amp#27;[36mc.g.d.z.s.o.a.h.c.h.i.c.InternalHttpClient&amp#27;[0;39m - &amp#27;[32mex-0000006F: preparing request execution
&amp#27;[0;39m2023-05-08 13:19:03,898 [main] &amp#27;[39mDEBUG&amp#27;[0;39m &amp#27;[36mc.g.d.z.s.o.a.h.c.h.p.RequestAddCookies&amp#27;[0;39m - &amp#27;[32mCookie spec selected: strict
&amp#27;[0;39m2023-05-08 13:19:03,898 [main] &amp#27;[39mDEBUG&amp#27;[0;39m &amp#27;[36mc.g.d.z.s.o.a.h.c.h.p.RequestAuthCache&amp#27;[0;39m - &amp#27;[32mAuth cache not set in the context
&amp#27;[0;39m2023-05-08 13:19:03,898 [main] &amp#27;[39mDEBUG&amp#27;[0;39m &amp#27;[36mc.g.d.z.s.o.a.h.c.h.i.c.ProtocolExec&amp#27;[0;39m - &amp#27;[32mex-0000006F: target auth state: UNCHALLENGED
&amp#27;[0;39m2023-05-08 13:19:03,898 [main] &amp#27;[39mDEBUG&amp#27;[0;39m &amp#27;[36mc.g.d.z.s.o.a.h.c.h.i.c.ProtocolExec&amp#27;[0;39m - &amp#27;[32mex-0000006F: proxy auth state: UNCHALLENGED
&amp#27;[0;39m2023-05-08 13:19:03,898 [main] &amp#27;[39mDEBUG&amp#27;[0;39m &amp#27;[36mc.g.d.z.s.o.a.h.c.h.i.c.ConnectExec&amp#27;[0;39m - &amp#27;[32mex-0000006F: acquiring connection with route {}->unix://localhost:2375
&amp#27;[0;39m2023-05-08 13:19:03,898 [main] &amp#27;[39mDEBUG&amp#27;[0;39m &amp#27;[36mc.g.d.z.s.o.a.h.c.h.i.c.InternalHttpClient&amp#27;[0;39m - &amp#27;[32mex-0000006F: acquiring endpoint (3 MINUTES)
&amp#27;[0;39m2023-05-08 13:19:03,898 [main] &amp#27;[39mDEBUG&amp#27;[0;39m &amp#27;[36mc.g.d.z.s.o.a.h.c.h.i.i.PoolingHttpClientConnectionManager&amp#27;[0;39m - &amp#27;[32mex-0000006F: endpoint lease request (3 MINUTES) [route: {}->unix://localhost:2375][total available: 1; route allocated: 1 of 2147483647; total allocated: 1 of 2147483647]
&amp#27;[0;39m2023-05-08 13:19:03,898 [main] &amp#27;[39mDEBUG&amp#27;[0;39m &amp#27;[36mc.g.d.z.s.o.a.h.c.h.i.i.PoolingHttpClientConnectionManager&amp#27;[0;39m - &amp#27;[32mex-0000006F: endpoint leased [route: {}->unix://localhost:2375][total available: 0; route allocated: 1 of 2147483647; total allocated: 1 of 2147483647]
&amp#27;[0;39m2023-05-08 13:19:03,898 [main] &amp#27;[39mDEBUG&amp#27;[0;39m &amp#27;[36mc.g.d.z.s.o.a.h.c.h.i.i.PoolingHttpClientConnectionManager&amp#27;[0;39m - &amp#27;[32mex-0000006F: acquired ep-0000006E
&amp#27;[0;39m2023-05-08 13:19:03,898 [main] &amp#27;[39mDEBUG&amp#27;[0;39m &amp#27;[36mc.g.d.z.s.o.a.h.c.h.i.c.InternalHttpClient&amp#27;[0;39m - &amp#27;[32mex-0000006F: acquired endpoint ep-0000006E
&amp#27;[0;39m2023-05-08 13:19:03,898 [main] &amp#27;[39mDEBUG&amp#27;[0;39m &amp#27;[36mc.g.d.z.s.o.a.h.c.h.i.c.MainClientExec&amp#27;[0;39m - &amp#27;[32mex-0000006F: executing GET /v1.32/containers/0739339bbc624082fb5e41f62f4a622236ffe4974bf12b2847105b726085e02b/json HTTP/1.1
&amp#27;[0;39m2023-05-08 13:19:03,898 [main] &amp#27;[39mDEBUG&amp#27;[0;39m &amp#27;[36mc.g.d.z.s.o.a.h.c.h.i.c.InternalHttpClient&amp#27;[0;39m - &amp#27;[32mep-0000006E: start execution ex-0000006F
&amp#27;[0;39m2023-05-08 13:19:03,898 [main] &amp#27;[39mDEBUG&amp#27;[0;39m &amp#27;[36mc.g.d.z.s.o.a.h.c.h.i.i.PoolingHttpClientConnectionManager&amp#27;[0;39m - &amp#27;[32mep-0000006E: executing exchange ex-0000006F over http-outgoing-1
&amp#27;[0;39m2023-05-08 13:19:03,898 [main] &amp#27;[39mDEBUG&amp#27;[0;39m &amp#27;[36mc.g.d.z.s.o.a.h.client5.http.headers&amp#27;[0;39m - &amp#27;[32mhttp-outgoing-1 >> GET /v1.32/containers/0739339bbc624082fb5e41f62f4a622236ffe4974bf12b2847105b726085e02b/json HTTP/1.1
&amp#27;[0;39m2023-05-08 13:19:03,898 [main] &amp#27;[39mDEBUG&amp#27;[0;39m &amp#27;[36mc.g.d.z.s.o.a.h.client5.http.headers&amp#27;[0;39m - &amp#27;[32mhttp-outgoing-1 >> accept: application/json
&amp#27;[0;39m2023-05-08 13:19:03,898 [main] &amp#27;[39mDEBUG&amp#27;[0;39m &amp#27;[36mc.g.d.z.s.o.a.h.client5.http.headers&amp#27;[0;39m - &amp#27;[32mhttp-outgoing-1 >> x-tc-sid: f1b696c1-ec3f-4f95-afa8-081853be7ccb
&amp#27;[0;39m2023-05-08 13:19:03,898 [main] &amp#27;[39mDEBUG&amp#27;[0;39m &amp#27;[36mc.g.d.z.s.o.a.h.client5.http.headers&amp#27;[0;39m - &amp#27;[32mhttp-outgoing-1 >> Accept-Encoding: gzip, x-gzip, deflate
&amp#27;[0;39m2023-05-08 13:19:03,898 [main] &amp#27;[39mDEBUG&amp#27;[0;39m &amp#27;[36mc.g.d.z.s.o.a.h.client5.http.headers&amp#27;[0;39m - &amp#27;[32mhttp-outgoing-1 >> Host: localhost:2375
&amp#27;[0;39m2023-05-08 13:19:03,898 [main] &amp#27;[39mDEBUG&amp#27;[0;39m &amp#27;[36mc.g.d.z.s.o.a.h.client5.http.headers&amp#27;[0;39m - &amp#27;[32mhttp-outgoing-1 >> Connection: keep-alive
&amp#27;[0;39m2023-05-08 13:19:03,898 [main] &amp#27;[39mDEBUG&amp#27;[0;39m &amp#27;[36mc.g.d.z.s.o.a.h.client5.http.headers&amp#27;[0;39m - &amp#27;[32mhttp-outgoing-1 >> User-Agent: Apache-HttpClient/5.0.3 (Java/17.0.6)
&amp#27;[0;39m2023-05-08 13:19:03,898 [main] &amp#27;[39mDEBUG&amp#27;[0;39m &amp#27;[36mc.g.d.z.s.o.a.hc.client5.http.wire&amp#27;[0;39m - &amp#27;[32mhttp-outgoing-1 >> "GET /v1.32/containers/0739339bbc624082fb5e41f62f4a622236ffe4974bf12b2847105b726085e02b/json HTTP/1.1[\r][\n]"
&amp#27;[0;39m2023-05-08 13:19:03,898 [main] &amp#27;[39mDEBUG&amp#27;[0;39m &amp#27;[36mc.g.d.z.s.o.a.hc.client5.http.wire&amp#27;[0;39m - &amp#27;[32mhttp-outgoing-1 >> "accept: application/json[\r][\n]"
&amp#27;[0;39m2023-05-08 13:19:03,898 [main] &amp#27;[39mDEBUG&amp#27;[0;39m &amp#27;[36mc.g.d.z.s.o.a.hc.client5.http.wire&amp#27;[0;39m - &amp#27;[32mhttp-outgoing-1 >> "x-tc-sid: f1b696c1-ec3f-4f95-afa8-081853be7ccb[\r][\n]"
&amp#27;[0;39m2023-05-08 13:19:03,898 [main] &amp#27;[39mDEBUG&amp#27;[0;39m &amp#27;[36mc.g.d.z.s.o.a.hc.client5.http.wire&amp#27;[0;39m - &amp#27;[32mhttp-outgoing-1 >> "Accept-Encoding: gzip, x-gzip, deflate[\r][\n]"
&amp#27;[0;39m2023-05-08 13:19:03,898 [main] &amp#27;[39mDEBUG&amp#27;[0;39m &amp#27;[36mc.g.d.z.s.o.a.hc.client5.http.wire&amp#27;[0;39m - &amp#27;[32mhttp-outgoing-1 >> "Host: localhost:2375[\r][\n]"
&amp#27;[0;39m2023-05-08 13:19:03,898 [main] &amp#27;[39mDEBUG&amp#27;[0;39m &amp#27;[36mc.g.d.z.s.o.a.hc.client5.http.wire&amp#27;[0;39m - &amp#27;[32mhttp-outgoing-1 >> "Connection: keep-alive[\r][\n]"
&amp#27;[0;39m2023-05-08 13:19:03,898 [main] &amp#27;[39mDEBUG&amp#27;[0;39m &amp#27;[36mc.g.d.z.s.o.a.hc.client5.http.wire&amp#27;[0;39m - &amp#27;[32mhttp-outgoing-1 >> "User-Agent: Apache-HttpClient/5.0.3 (Java/17.0.6)[\r][\n]"
&amp#27;[0;39m2023-05-08 13:19:03,898 [main] &amp#27;[39mDEBUG&amp#27;[0;39m &amp#27;[36mc.g.d.z.s.o.a.hc.client5.http.wire&amp#27;[0;39m - &amp#27;[32mhttp-outgoing-1 >> "[\r][\n]"
&amp#27;[0;39m2023-05-08 13:19:03,899 [main] &amp#27;[39mDEBUG&amp#27;[0;39m &amp#27;[36mc.g.d.z.s.o.a.hc.client5.http.wire&amp#27;[0;39m - &amp#27;[32mhttp-outgoing-1 << "HTTP/1.1 200 OK[\r][\n]"
&amp#27;[0;39m2023-05-08 13:19:03,899 [main] &amp#27;[39mDEBUG&amp#27;[0;39m &amp#27;[36mc.g.d.z.s.o.a.hc.client5.http.wire&amp#27;[0;39m - &amp#27;[32mhttp-outgoing-1 << "Api-Version: 1.42[\r][\n]"
&amp#27;[0;39m2023-05-08 13:19:03,899 [main] &amp#27;[39mDEBUG&amp#27;[0;39m &amp#27;[36mc.g.d.z.s.o.a.hc.client5.http.wire&amp#27;[0;39m - &amp#27;[32mhttp-outgoing-1 << "Content-Type: application/json[\r][\n]"
&amp#27;[0;39m2023-05-08 13:19:03,899 [main] &amp#27;[39mDEBUG&amp#27;[0;39m &amp#27;[36mc.g.d.z.s.o.a.hc.client5.http.wire&amp#27;[0;39m - &amp#27;[32mhttp-outgoing-1 << "Docker-Experimental: false[\r][\n]"
&amp#27;[0;39m2023-05-08 13:19:03,899 [main] &amp#27;[39mDEBUG&amp#27;[0;39m &amp#27;[36mc.g.d.z.s.o.a.hc.client5.http.wire&amp#27;[0;39m - &amp#27;[32mhttp-outgoing-1 << "Ostype: linux[\r][\n]"
&amp#27;[0;39m2023-05-08 13:19:03,899 [main] &amp#27;[39mDEBUG&amp#27;[0;39m &amp#27;[36mc.g.d.z.s.o.a.hc.client5.http.wire&amp#27;[0;39m - &amp#27;[32mhttp-outgoing-1 << "Server: Docker/23.0.5 (linux)[\r][\n]"
&amp#27;[0;39m2023-05-08 13:19:03,899 [main] &amp#27;[39mDEBUG&amp#27;[0;39m &amp#27;[36mc.g.d.z.s.o.a.hc.client5.http.wire&amp#27;[0;39m - &amp#27;[32mhttp-outgoing-1 << "Date: Mon, 08 May 2023 11:19:03 GMT[\r][\n]"
&amp#27;[0;39m2023-05-08 13:19:03,899 [main] &amp#27;[39mDEBUG&amp#27;[0;39m &amp#27;[36mc.g.d.z.s.o.a.hc.client5.http.wire&amp#27;[0;39m - &amp#27;[32mhttp-outgoing-1 << "Transfer-Encoding: chunked[\r][\n]"
&amp#27;[0;39m2023-05-08 13:19:03,899 [main] &amp#27;[39mDEBUG&amp#27;[0;39m &amp#27;[36mc.g.d.z.s.o.a.hc.client5.http.wire&amp#27;[0;39m - &amp#27;[32mhttp-outgoing-1 << "[\r][\n]"
&amp#27;[0;39m2023-05-08 13:19:03,899 [main] &amp#27;[39mDEBUG&amp#27;[0;39m &amp#27;[36mc.g.d.z.s.o.a.hc.client5.http.wire&amp#27;[0;39m - &amp#27;[32mhttp-outgoing-1 << "1893[\r][\n]"
&amp#27;[0;39m2023-05-08 13:19:03,899 [main] &amp#27;[39mDEBUG&amp#27;[0;39m &amp#27;[36mc.g.d.z.s.o.a.hc.client5.http.wire&amp#27;[0;39m - &amp#27;[32mhttp-outgoing-1 << "{"Id":"0739339bbc624082fb5e41f62f4a622236ffe4974bf12b2847105b726085e02b","Created":"2023-05-08T11:19:01.771856188Z","Path":"docker-entrypoint.sh","Args":["mysqld"],"State":{"Status":"running","Running":true,"Paused":false,"Restarting":false,"OOMKilled":false,"Dead":false,"Pid":59514,"ExitCode":0,"Error":"","StartedAt":"2023-05-08T11:19:02.113674386Z","FinishedAt":"0001-01-01T00:00:00Z"},"Image":"sha256:228d71078f8ce5ae9fd96b183f88c3a90e30544b4b7ce9d64a238d05fef2a681","ResolvConfPath":"/var/lib/docker/containers/0739339bbc624082fb5e41f62f4a622236ffe4974bf12b2847105b726085e02b/resolv.conf","HostnamePath":"/var/lib/docker/containers/0739339bbc624082fb5e41f62f4a622236ffe4974bf12b2847105b726085e02b/hostname","HostsPath":"/var/lib/docker/containers/0739339bbc624082fb5e41f62f4a622236ffe4974bf12b2847105b726085e02b/hosts","LogPath":"/var/lib/docker/containers/0739339bbc624082fb5e41f62f4a622236ffe4974bf12b2847105b726085e02b/0739339bbc624082fb5e41f62f4a622236ffe4974bf12b2847105b726085e02b-json.log","Name":"/intelligent_galileo","RestartCount":0,"Driver":"overlay2","Platform":"linux","MountLabel":"","ProcessLabel":"","AppArmorProfile":"docker-default","ExecIDs":null,"HostConfig":{"Binds":[],"ContainerIDFile":"","LogConfig":{"Type":"json-file","Config":{}},"NetworkMode":"default","PortBindings":{"3306/tcp":[{"HostIp":"","HostPort":""}]},"RestartPolicy":{"Name":"","MaximumRetryCount":0},"AutoRemove":false,"VolumeDriver":"","VolumesFrom":[],"ConsoleSize":[0,0],"CapAdd":null,"CapDrop":null,"CgroupnsMode":"private","Dns":null,"DnsOptions":null,"DnsSearch":null,"ExtraHosts":[],"GroupAdd":null,"IpcMode":"shareable","Cgroup":"","Links":null,"OomScoreAdj":0,"PidMode":"","Privileged":false,"PublishAllPorts":false,"ReadonlyRootfs":false,"SecurityOpt":null,"UTSMode":"","UsernsMode":"","ShmSize":67108864,"Runtime":"runc","Isolation":"","CpuShares":0,"Memory":0,"NanoCpus":0,"CgroupParent":"","BlkioWeight":0,"BlkioWeightDevice":null,"BlkioDeviceReadBps":null,"BlkioDeviceWriteBps":null,"BlkioDeviceReadIOps":null,"BlkioDeviceWriteIOps":null,"CpuPeriod":0,"CpuQuota":0,"CpuRealtimePeriod":0,"CpuRealtimeRuntime":0,"CpusetCpus":"","CpusetMems":"","Devices":null,"DeviceCgroupRules":null,"DeviceRequests":null,"MemoryReservation":0,"MemorySwap":0,"MemorySwappiness":null,"OomKillDisable":null,"PidsLimit":null,"Ulimits":null,"CpuCount":0,"CpuPercent":0,"IOMaximumIOps":0,"IOMaximumBandwidth":0,"MaskedPaths":["/proc/asound","/proc/acpi","/proc/kcore","/proc/keys","/proc/latency_stats","/proc/timer_list","/proc/timer_stats","/proc/sched_debug","/proc/scsi","/sys/firmware"],"ReadonlyPaths":["/proc/bus","/proc/fs","/proc/irq","/proc/sys","/proc/sysrq-trigger"]},"GraphDriver":{"Data":{"LowerDir":"/var/lib/docker/overlay2/b481eee7843c17772ada1734203524b4de76785735a50d4c68703d497db0e4ed-init/diff:/var/lib/docker/overlay2/4c6e20f032f02b27a9272f982861dc21998197aa90d94ed3bef95d449380247c/diff:/var/lib/docker/overlay2/0c75f828f603eff839bb3ca448163ab2a8017e86625ac255cd3dbf1673ddac26/diff:/var/lib/docker/overlay2/da128d897fda75829109844ce6cd9d73d0f54c682e735100af000ce899908729/diff:/var/lib/docker/overlay2/b678a1f261bf323afba6d76d91ab7428bdd6e1ef4a39b5224e4a1afd08c0423a/diff:/var/lib/docker/overlay2/1bec43b14875c5f9f814f146e8e31aa78566689c2c163da2ac60a32254988437/diff:/var/lib/docker/overlay2/28f4b1e6e1a7a2dbe30f1f94fb42bccd85a61faf8af1fe30a5bb0d442c525e41/diff:/var/lib/docker/overlay2/0f493124464c291d7c97d2633d5dff04b1dce5de904cb40a34dfbe7fe72e3fd4/diff:/var/lib/docker/overlay2/05befbee9e38cd670e1786b3310e99796dcc06abbed970007b4109a5424843fa/diff:/var/lib/docker/overlay2/582bcca9acfc4eef25109e1e1b9c9d104f355798455bc73e855c99283887a6e8/diff:/var/lib/docker/overlay2/153b3bf0b69e97e8f0e5533414a31ca33fa530e63d174c9617621abe46e7e9d1/diff:/var/lib/docker/overlay2/bf87a76c0a38875ee6e915fd0d2527eafa880ec6bf2c1cb294959428c18d10bd/diff","MergedDir":"/var/lib/docker/overlay2/b481eee7843c17772ada1734203524b4de76785735a50d4c68703d497db0e4ed/merged","UpperDir":"/var/lib/docker/overlay2/b481eee7843c17772ada1734203524b4de76785735a50d4c68703d497db0e4ed/diff","WorkDir":"/var/lib/docker/overlay2/b481eee7843c17772ada1734203524b4de76785735a50d4c68703d497db0e4ed/work"},"Name":"overlay2"},"Mounts":[{"Type":"volume","Name":"ec40278114b76af7b6535b952e685e04a98a51fa16363f5e9f0df1ce601f1dd5","Source":"/var/lib/docker/volumes/ec40278114b76af7b6535b952e685e04a98a51fa16363f5e9f0df1ce601f1dd5/_data","Destination":"/var/lib/mysql","Driver":"local","Mode":"","RW":true,"Propagation":""}],"Config":{"Hostname":"0739339bbc62","Domainname":"","User":"","AttachStdin":false,"AttachStdout":false,"AttachStderr":false,"ExposedPorts":{"3306/tcp":{}},"Tty":false,"OpenStdin":false,"StdinOnce":false,"Env":["MYSQL_DATABASE=test","MYSQL_PASSWORD=test","MYSQL_USER=test","MYSQL_ROOT_PASSWORD=test","PATH=/usr/local/sbin:/usr/local/bin:/usr/sbin:/usr/bin:/sbin:/bin","GOSU_VERSION=1.7","MYSQL_MAJOR=8.0","MYSQL_VERSION=8.0.0-dmr-1debian8"],"Cmd":["mysqld"],"Image":"mysql:8.0.0","Volumes":{"/var/lib/mysql":{}},"WorkingDir":"","Entrypoint":["docker-entrypoint.sh"],"OnBuild":null,"Labels":{"org.testcontainers":"true","org.testcontainers.lang":"java","org.testcontainers.sessionId":"f1b696c1-ec3f-4f95-afa8-081853be7ccb","org.testcontainers.version":"1.18.0"}},"NetworkSettings":{"Bridge":"","SandboxID":"d265e68e2afe307f1ab03fab083f2c0477cba31e9f26759f52b94e045d1847fb","HairpinMode":false,"LinkLocalIPv6Address":"","LinkLocalIPv6PrefixLen":0,"Ports":{"3306/tcp":[{"HostIp":"0.0.0.0","HostPort":"32782"},{"HostIp":"::","HostPort":"32782"}]},"SandboxKey":"/var/run/docker/netns/d265e68e2afe","SecondaryIPAddresses":null,"SecondaryIPv6Addresses":null,"EndpointID":"97b4c81a7665dcad3863174204db678dde492e2a2b2f11f6ef1c683b5d76146b","Gateway":"172.17.0.1","GlobalIPv6Address":"","GlobalIPv6PrefixLen":0,"IPAddress":"172.17.0.3","IPPrefixLen":16,"IPv6Gateway":"","MacAddress":"02:42:ac:11:00:03","Networks":{"bridge":{"IPAMConfig":null,"Links":null,"Aliases":null,"NetworkID":"e1a078e12eb8d77b497ed932f7fb43787eeb6ff6972febd7d03c9282b8b5cd45","EndpointID":"97b4c81a7665dcad3863174204db678dde492e2a2b2f11f6ef1c683b5d76146b","Gateway":"172.17.0.1","IPAddress":"172.17.0.3","IPPrefixLen":16,"IPv6Gateway":"","GlobalIPv6Address":"","GlobalIPv6PrefixLen":0,"MacAddress":"02:42:ac:11:00:03","DriverOpts":null}}}}[\n]"
&amp#27;[0;39m2023-05-08 13:19:03,899 [main] &amp#27;[39mDEBUG&amp#27;[0;39m &amp#27;[36mc.g.d.z.s.o.a.hc.client5.http.wire&amp#27;[0;39m - &amp#27;[32mhttp-outgoing-1 << "[\r][\n]"
&amp#27;[0;39m2023-05-08 13:19:03,899 [main] &amp#27;[39mDEBUG&amp#27;[0;39m &amp#27;[36mc.g.d.z.s.o.a.hc.client5.http.wire&amp#27;[0;39m - &amp#27;[32mhttp-outgoing-1 << "0[\r][\n]"
&amp#27;[0;39m2023-05-08 13:19:03,899 [main] &amp#27;[39mDEBUG&amp#27;[0;39m &amp#27;[36mc.g.d.z.s.o.a.hc.client5.http.wire&amp#27;[0;39m - &amp#27;[32mhttp-outgoing-1 << "[\r][\n]"
&amp#27;[0;39m2023-05-08 13:19:03,899 [main] &amp#27;[39mDEBUG&amp#27;[0;39m &amp#27;[36mc.g.d.z.s.o.a.h.client5.http.headers&amp#27;[0;39m - &amp#27;[32mhttp-outgoing-1 << HTTP/1.1 200 OK
&amp#27;[0;39m2023-05-08 13:19:03,899 [main] &amp#27;[39mDEBUG&amp#27;[0;39m &amp#27;[36mc.g.d.z.s.o.a.h.client5.http.headers&amp#27;[0;39m - &amp#27;[32mhttp-outgoing-1 << Api-Version: 1.42
&amp#27;[0;39m2023-05-08 13:19:03,899 [main] &amp#27;[39mDEBUG&amp#27;[0;39m &amp#27;[36mc.g.d.z.s.o.a.h.client5.http.headers&amp#27;[0;39m - &amp#27;[32mhttp-outgoing-1 << Content-Type: application/json
&amp#27;[0;39m2023-05-08 13:19:03,899 [main] &amp#27;[39mDEBUG&amp#27;[0;39m &amp#27;[36mc.g.d.z.s.o.a.h.client5.http.headers&amp#27;[0;39m - &amp#27;[32mhttp-outgoing-1 << Docker-Experimental: false
&amp#27;[0;39m2023-05-08 13:19:03,899 [main] &amp#27;[39mDEBUG&amp#27;[0;39m &amp#27;[36mc.g.d.z.s.o.a.h.client5.http.headers&amp#27;[0;39m - &amp#27;[32mhttp-outgoing-1 << Ostype: linux
&amp#27;[0;39m2023-05-08 13:19:03,899 [main] &amp#27;[39mDEBUG&amp#27;[0;39m &amp#27;[36mc.g.d.z.s.o.a.h.client5.http.headers&amp#27;[0;39m - &amp#27;[32mhttp-outgoing-1 << Server: Docker/23.0.5 (linux)
&amp#27;[0;39m2023-05-08 13:19:03,899 [main] &amp#27;[39mDEBUG&amp#27;[0;39m &amp#27;[36mc.g.d.z.s.o.a.h.client5.http.headers&amp#27;[0;39m - &amp#27;[32mhttp-outgoing-1 << Date: Mon, 08 May 2023 11:19:03 GMT
&amp#27;[0;39m2023-05-08 13:19:03,899 [main] &amp#27;[39mDEBUG&amp#27;[0;39m &amp#27;[36mc.g.d.z.s.o.a.h.client5.http.headers&amp#27;[0;39m - &amp#27;[32mhttp-outgoing-1 << Transfer-Encoding: chunked
&amp#27;[0;39m2023-05-08 13:19:03,899 [main] &amp#27;[39mDEBUG&amp#27;[0;39m &amp#27;[36mc.g.d.z.s.o.a.h.c.h.i.c.MainClientExec&amp#27;[0;39m - &amp#27;[32mex-0000006F: connection can be kept alive for 3 MINUTES
&amp#27;[0;39m2023-05-08 13:19:03,900 [main] &amp#27;[39mDEBUG&amp#27;[0;39m &amp#27;[36mc.g.d.z.s.o.a.h.c.h.i.c.InternalHttpClient&amp#27;[0;39m - &amp#27;[32mep-0000006E: releasing valid endpoint
&amp#27;[0;39m2023-05-08 13:19:03,900 [main] &amp#27;[39mDEBUG&amp#27;[0;39m &amp#27;[36mc.g.d.z.s.o.a.h.c.h.i.i.PoolingHttpClientConnectionManager&amp#27;[0;39m - &amp#27;[32mep-0000006E: releasing endpoint
&amp#27;[0;39m2023-05-08 13:19:03,900 [main] &amp#27;[39mDEBUG&amp#27;[0;39m &amp#27;[36mc.g.d.z.s.o.a.h.c.h.i.i.PoolingHttpClientConnectionManager&amp#27;[0;39m - &amp#27;[32mep-0000006E: connection http-outgoing-1 can be kept alive for 3 MINUTES
&amp#27;[0;39m2023-05-08 13:19:03,900 [main] &amp#27;[39mDEBUG&amp#27;[0;39m &amp#27;[36mc.g.d.z.s.o.a.h.c.h.i.i.PoolingHttpClientConnectionManager&amp#27;[0;39m - &amp#27;[32mep-0000006E: connection released [route: {}->unix://localhost:2375][total available: 1; route allocated: 1 of 2147483647; total allocated: 1 of 2147483647]
&amp#27;[0;39m2023-05-08 13:19:03,900 [main] &amp#27;[39mDEBUG&amp#27;[0;39m &amp#27;[36mtc.mysql:8.0.0&amp#27;[0;39m - &amp#27;[32mTrying to create JDBC connection using com.mysql.cj.jdbc.Driver to jdbc:mysql://localhost:32782/test?useSSL=false&allowPublicKeyRetrieval=true with properties: {password=test, user=test}
&amp#27;[0;39m2023-05-08 13:19:04,001 [main] &amp#27;[39mDEBUG&amp#27;[0;39m &amp#27;[36mo.t.s.c.g.d.c.command.AbstrDockerCmd&amp#27;[0;39m - &amp#27;[32mCmd: 0739339bbc624082fb5e41f62f4a622236ffe4974bf12b2847105b726085e02b,false
&amp#27;[0;39m2023-05-08 13:19:04,002 [main] &amp#27;[39mDEBUG&amp#27;[0;39m &amp#27;[36mo.t.s.c.g.d.c.e.InspectContainerCmdExec&amp#27;[0;39m - &amp#27;[32mGET: DefaultWebTarget{path=[/containers/0739339bbc624082fb5e41f62f4a622236ffe4974bf12b2847105b726085e02b/json], queryParams={}}
&amp#27;[0;39m2023-05-08 13:19:04,002 [main] &amp#27;[39mDEBUG&amp#27;[0;39m &amp#27;[36mc.g.d.z.s.o.a.h.c.h.i.c.InternalHttpClient&amp#27;[0;39m - &amp#27;[32mex-00000070: preparing request execution
&amp#27;[0;39m2023-05-08 13:19:04,002 [main] &amp#27;[39mDEBUG&amp#27;[0;39m &amp#27;[36mc.g.d.z.s.o.a.h.c.h.p.RequestAddCookies&amp#27;[0;39m - &amp#27;[32mCookie spec selected: strict
&amp#27;[0;39m2023-05-08 13:19:04,002 [main] &amp#27;[39mDEBUG&amp#27;[0;39m &amp#27;[36mc.g.d.z.s.o.a.h.c.h.p.RequestAuthCache&amp#27;[0;39m - &amp#27;[32mAuth cache not set in the context
&amp#27;[0;39m2023-05-08 13:19:04,002 [main] &amp#27;[39mDEBUG&amp#27;[0;39m &amp#27;[36mc.g.d.z.s.o.a.h.c.h.i.c.ProtocolExec&amp#27;[0;39m - &amp#27;[32mex-00000070: target auth state: UNCHALLENGED
&amp#27;[0;39m2023-05-08 13:19:04,002 [main] &amp#27;[39mDEBUG&amp#27;[0;39m &amp#27;[36mc.g.d.z.s.o.a.h.c.h.i.c.ProtocolExec&amp#27;[0;39m - &amp#27;[32mex-00000070: proxy auth state: UNCHALLENGED
&amp#27;[0;39m2023-05-08 13:19:04,002 [main] &amp#27;[39mDEBUG&amp#27;[0;39m &amp#27;[36mc.g.d.z.s.o.a.h.c.h.i.c.ConnectExec&amp#27;[0;39m - &amp#27;[32mex-00000070: acquiring connection with route {}->unix://localhost:2375
&amp#27;[0;39m2023-05-08 13:19:04,002 [main] &amp#27;[39mDEBUG&amp#27;[0;39m &amp#27;[36mc.g.d.z.s.o.a.h.c.h.i.c.InternalHttpClient&amp#27;[0;39m - &amp#27;[32mex-00000070: acquiring endpoint (3 MINUTES)
&amp#27;[0;39m2023-05-08 13:19:04,002 [main] &amp#27;[39mDEBUG&amp#27;[0;39m &amp#27;[36mc.g.d.z.s.o.a.h.c.h.i.i.PoolingHttpClientConnectionManager&amp#27;[0;39m - &amp#27;[32mex-00000070: endpoint lease request (3 MINUTES) [route: {}->unix://localhost:2375][total available: 1; route allocated: 1 of 2147483647; total allocated: 1 of 2147483647]
&amp#27;[0;39m2023-05-08 13:19:04,003 [main] &amp#27;[39mDEBUG&amp#27;[0;39m &amp#27;[36mc.g.d.z.s.o.a.h.c.h.i.i.PoolingHttpClientConnectionManager&amp#27;[0;39m - &amp#27;[32mex-00000070: endpoint leased [route: {}->unix://localhost:2375][total available: 0; route allocated: 1 of 2147483647; total allocated: 1 of 2147483647]
&amp#27;[0;39m2023-05-08 13:19:04,003 [main] &amp#27;[39mDEBUG&amp#27;[0;39m &amp#27;[36mc.g.d.z.s.o.a.h.c.h.i.i.PoolingHttpClientConnectionManager&amp#27;[0;39m - &amp#27;[32mex-00000070: acquired ep-0000006F
&amp#27;[0;39m2023-05-08 13:19:04,003 [main] &amp#27;[39mDEBUG&amp#27;[0;39m &amp#27;[36mc.g.d.z.s.o.a.h.c.h.i.c.InternalHttpClient&amp#27;[0;39m - &amp#27;[32mex-00000070: acquired endpoint ep-0000006F
&amp#27;[0;39m2023-05-08 13:19:04,003 [main] &amp#27;[39mDEBUG&amp#27;[0;39m &amp#27;[36mc.g.d.z.s.o.a.h.c.h.i.c.MainClientExec&amp#27;[0;39m - &amp#27;[32mex-00000070: executing GET /v1.32/containers/0739339bbc624082fb5e41f62f4a622236ffe4974bf12b2847105b726085e02b/json HTTP/1.1
&amp#27;[0;39m2023-05-08 13:19:04,003 [main] &amp#27;[39mDEBUG&amp#27;[0;39m &amp#27;[36mc.g.d.z.s.o.a.h.c.h.i.c.InternalHttpClient&amp#27;[0;39m - &amp#27;[32mep-0000006F: start execution ex-00000070
&amp#27;[0;39m2023-05-08 13:19:04,003 [main] &amp#27;[39mDEBUG&amp#27;[0;39m &amp#27;[36mc.g.d.z.s.o.a.h.c.h.i.i.PoolingHttpClientConnectionManager&amp#27;[0;39m - &amp#27;[32mep-0000006F: executing exchange ex-00000070 over http-outgoing-1
&amp#27;[0;39m2023-05-08 13:19:04,003 [main] &amp#27;[39mDEBUG&amp#27;[0;39m &amp#27;[36mc.g.d.z.s.o.a.h.client5.http.headers&amp#27;[0;39m - &amp#27;[32mhttp-outgoing-1 >> GET /v1.32/containers/0739339bbc624082fb5e41f62f4a622236ffe4974bf12b2847105b726085e02b/json HTTP/1.1
&amp#27;[0;39m2023-05-08 13:19:04,003 [main] &amp#27;[39mDEBUG&amp#27;[0;39m &amp#27;[36mc.g.d.z.s.o.a.h.client5.http.headers&amp#27;[0;39m - &amp#27;[32mhttp-outgoing-1 >> accept: application/json
&amp#27;[0;39m2023-05-08 13:19:04,003 [main] &amp#27;[39mDEBUG&amp#27;[0;39m &amp#27;[36mc.g.d.z.s.o.a.h.client5.http.headers&amp#27;[0;39m - &amp#27;[32mhttp-outgoing-1 >> x-tc-sid: f1b696c1-ec3f-4f95-afa8-081853be7ccb
&amp#27;[0;39m2023-05-08 13:19:04,003 [main] &amp#27;[39mDEBUG&amp#27;[0;39m &amp#27;[36mc.g.d.z.s.o.a.h.client5.http.headers&amp#27;[0;39m - &amp#27;[32mhttp-outgoing-1 >> Accept-Encoding: gzip, x-gzip, deflate
&amp#27;[0;39m2023-05-08 13:19:04,003 [main] &amp#27;[39mDEBUG&amp#27;[0;39m &amp#27;[36mc.g.d.z.s.o.a.h.client5.http.headers&amp#27;[0;39m - &amp#27;[32mhttp-outgoing-1 >> Host: localhost:2375
&amp#27;[0;39m2023-05-08 13:19:04,003 [main] &amp#27;[39mDEBUG&amp#27;[0;39m &amp#27;[36mc.g.d.z.s.o.a.h.client5.http.headers&amp#27;[0;39m - &amp#27;[32mhttp-outgoing-1 >> Connection: keep-alive
&amp#27;[0;39m2023-05-08 13:19:04,003 [main] &amp#27;[39mDEBUG&amp#27;[0;39m &amp#27;[36mc.g.d.z.s.o.a.h.client5.http.headers&amp#27;[0;39m - &amp#27;[32mhttp-outgoing-1 >> User-Agent: Apache-HttpClient/5.0.3 (Java/17.0.6)
&amp#27;[0;39m2023-05-08 13:19:04,003 [main] &amp#27;[39mDEBUG&amp#27;[0;39m &amp#27;[36mc.g.d.z.s.o.a.hc.client5.http.wire&amp#27;[0;39m - &amp#27;[32mhttp-outgoing-1 >> "GET /v1.32/containers/0739339bbc624082fb5e41f62f4a622236ffe4974bf12b2847105b726085e02b/json HTTP/1.1[\r][\n]"
&amp#27;[0;39m2023-05-08 13:19:04,003 [main] &amp#27;[39mDEBUG&amp#27;[0;39m &amp#27;[36mc.g.d.z.s.o.a.hc.client5.http.wire&amp#27;[0;39m - &amp#27;[32mhttp-outgoing-1 >> "accept: application/json[\r][\n]"
&amp#27;[0;39m2023-05-08 13:19:04,003 [main] &amp#27;[39mDEBUG&amp#27;[0;39m &amp#27;[36mc.g.d.z.s.o.a.hc.client5.http.wire&amp#27;[0;39m - &amp#27;[32mhttp-outgoing-1 >> "x-tc-sid: f1b696c1-ec3f-4f95-afa8-081853be7ccb[\r][\n]"
&amp#27;[0;39m2023-05-08 13:19:04,003 [main] &amp#27;[39mDEBUG&amp#27;[0;39m &amp#27;[36mc.g.d.z.s.o.a.hc.client5.http.wire&amp#27;[0;39m - &amp#27;[32mhttp-outgoing-1 >> "Accept-Encoding: gzip, x-gzip, deflate[\r][\n]"
&amp#27;[0;39m2023-05-08 13:19:04,003 [main] &amp#27;[39mDEBUG&amp#27;[0;39m &amp#27;[36mc.g.d.z.s.o.a.hc.client5.http.wire&amp#27;[0;39m - &amp#27;[32mhttp-outgoing-1 >> "Host: localhost:2375[\r][\n]"
&amp#27;[0;39m2023-05-08 13:19:04,003 [main] &amp#27;[39mDEBUG&amp#27;[0;39m &amp#27;[36mc.g.d.z.s.o.a.hc.client5.http.wire&amp#27;[0;39m - &amp#27;[32mhttp-outgoing-1 >> "Connection: keep-alive[\r][\n]"
&amp#27;[0;39m2023-05-08 13:19:04,003 [main] &amp#27;[39mDEBUG&amp#27;[0;39m &amp#27;[36mc.g.d.z.s.o.a.hc.client5.http.wire&amp#27;[0;39m - &amp#27;[32mhttp-outgoing-1 >> "User-Agent: Apache-HttpClient/5.0.3 (Java/17.0.6)[\r][\n]"
&amp#27;[0;39m2023-05-08 13:19:04,003 [main] &amp#27;[39mDEBUG&amp#27;[0;39m &amp#27;[36mc.g.d.z.s.o.a.hc.client5.http.wire&amp#27;[0;39m - &amp#27;[32mhttp-outgoing-1 >> "[\r][\n]"
&amp#27;[0;39m2023-05-08 13:19:04,004 [main] &amp#27;[39mDEBUG&amp#27;[0;39m &amp#27;[36mc.g.d.z.s.o.a.hc.client5.http.wire&amp#27;[0;39m - &amp#27;[32mhttp-outgoing-1 << "HTTP/1.1 200 OK[\r][\n]"
&amp#27;[0;39m2023-05-08 13:19:04,004 [main] &amp#27;[39mDEBUG&amp#27;[0;39m &amp#27;[36mc.g.d.z.s.o.a.hc.client5.http.wire&amp#27;[0;39m - &amp#27;[32mhttp-outgoing-1 << "Api-Version: 1.42[\r][\n]"
&amp#27;[0;39m2023-05-08 13:19:04,004 [main] &amp#27;[39mDEBUG&amp#27;[0;39m &amp#27;[36mc.g.d.z.s.o.a.hc.client5.http.wire&amp#27;[0;39m - &amp#27;[32mhttp-outgoing-1 << "Content-Type: application/json[\r][\n]"
&amp#27;[0;39m2023-05-08 13:19:04,004 [main] &amp#27;[39mDEBUG&amp#27;[0;39m &amp#27;[36mc.g.d.z.s.o.a.hc.client5.http.wire&amp#27;[0;39m - &amp#27;[32mhttp-outgoing-1 << "Docker-Experimental: false[\r][\n]"
&amp#27;[0;39m2023-05-08 13:19:04,004 [main] &amp#27;[39mDEBUG&amp#27;[0;39m &amp#27;[36mc.g.d.z.s.o.a.hc.client5.http.wire&amp#27;[0;39m - &amp#27;[32mhttp-outgoing-1 << "Ostype: linux[\r][\n]"
&amp#27;[0;39m2023-05-08 13:19:04,004 [main] &amp#27;[39mDEBUG&amp#27;[0;39m &amp#27;[36mc.g.d.z.s.o.a.hc.client5.http.wire&amp#27;[0;39m - &amp#27;[32mhttp-outgoing-1 << "Server: Docker/23.0.5 (linux)[\r][\n]"
&amp#27;[0;39m2023-05-08 13:19:04,004 [main] &amp#27;[39mDEBUG&amp#27;[0;39m &amp#27;[36mc.g.d.z.s.o.a.hc.client5.http.wire&amp#27;[0;39m - &amp#27;[32mhttp-outgoing-1 << "Date: Mon, 08 May 2023 11:19:04 GMT[\r][\n]"
&amp#27;[0;39m2023-05-08 13:19:04,004 [main] &amp#27;[39mDEBUG&amp#27;[0;39m &amp#27;[36mc.g.d.z.s.o.a.hc.client5.http.wire&amp#27;[0;39m - &amp#27;[32mhttp-outgoing-1 << "Transfer-Encoding: chunked[\r][\n]"
&amp#27;[0;39m2023-05-08 13:19:04,004 [main] &amp#27;[39mDEBUG&amp#27;[0;39m &amp#27;[36mc.g.d.z.s.o.a.hc.client5.http.wire&amp#27;[0;39m - &amp#27;[32mhttp-outgoing-1 << "[\r][\n]"
&amp#27;[0;39m2023-05-08 13:19:04,004 [main] &amp#27;[39mDEBUG&amp#27;[0;39m &amp#27;[36mc.g.d.z.s.o.a.hc.client5.http.wire&amp#27;[0;39m - &amp#27;[32mhttp-outgoing-1 << "1893[\r][\n]"
&amp#27;[0;39m2023-05-08 13:19:04,004 [main] &amp#27;[39mDEBUG&amp#27;[0;39m &amp#27;[36mc.g.d.z.s.o.a.hc.client5.http.wire&amp#27;[0;39m - &amp#27;[32mhttp-outgoing-1 << "{"Id":"0739339bbc624082fb5e41f62f4a622236ffe4974bf12b2847105b726085e02b","Created":"2023-05-08T11:19:01.771856188Z","Path":"docker-entrypoint.sh","Args":["mysqld"],"State":{"Status":"running","Running":true,"Paused":false,"Restarting":false,"OOMKilled":false,"Dead":false,"Pid":59514,"ExitCode":0,"Error":"","StartedAt":"2023-05-08T11:19:02.113674386Z","FinishedAt":"0001-01-01T00:00:00Z"},"Image":"sha256:228d71078f8ce5ae9fd96b183f88c3a90e30544b4b7ce9d64a238d05fef2a681","ResolvConfPath":"/var/lib/docker/containers/0739339bbc624082fb5e41f62f4a622236ffe4974bf12b2847105b726085e02b/resolv.conf","HostnamePath":"/var/lib/docker/containers/0739339bbc624082fb5e41f62f4a622236ffe4974bf12b2847105b726085e02b/hostname","HostsPath":"/var/lib/docker/containers/0739339bbc624082fb5e41f62f4a622236ffe4974bf12b2847105b726085e02b/hosts","LogPath":"/var/lib/docker/containers/0739339bbc624082fb5e41f62f4a622236ffe4974bf12b2847105b726085e02b/0739339bbc624082fb5e41f62f4a622236ffe4974bf12b2847105b726085e02b-json.log","Name":"/intelligent_galileo","RestartCount":0,"Driver":"overlay2","Platform":"linux","MountLabel":"","ProcessLabel":"","AppArmorProfile":"docker-default","ExecIDs":null,"HostConfig":{"Binds":[],"ContainerIDFile":"","LogConfig":{"Type":"json-file","Config":{}},"NetworkMode":"default","PortBindings":{"3306/tcp":[{"HostIp":"","HostPort":""}]},"RestartPolicy":{"Name":"","MaximumRetryCount":0},"AutoRemove":false,"VolumeDriver":"","VolumesFrom":[],"ConsoleSize":[0,0],"CapAdd":null,"CapDrop":null,"CgroupnsMode":"private","Dns":null,"DnsOptions":null,"DnsSearch":null,"ExtraHosts":[],"GroupAdd":null,"IpcMode":"shareable","Cgroup":"","Links":null,"OomScoreAdj":0,"PidMode":"","Privileged":false,"PublishAllPorts":false,"ReadonlyRootfs":false,"SecurityOpt":null,"UTSMode":"","UsernsMode":"","ShmSize":67108864,"Runtime":"runc","Isolation":"","CpuShares":0,"Memory":0,"NanoCpus":0,"CgroupParent":"","BlkioWeight":0,"BlkioWeightDevice":null,"BlkioDeviceReadBps":null,"BlkioDeviceWriteBps":null,"BlkioDeviceReadIOps":null,"BlkioDeviceWriteIOps":null,"CpuPeriod":0,"CpuQuota":0,"CpuRealtimePeriod":0,"CpuRealtimeRuntime":0,"CpusetCpus":"","CpusetMems":"","Devices":null,"DeviceCgroupRules":null,"DeviceRequests":null,"MemoryReservation":0,"MemorySwap":0,"MemorySwappiness":null,"OomKillDisable":null,"PidsLimit":null,"Ulimits":null,"CpuCount":0,"CpuPercent":0,"IOMaximumIOps":0,"IOMaximumBandwidth":0,"MaskedPaths":["/proc/asound","/proc/acpi","/proc/kcore","/proc/keys","/proc/latency_stats","/proc/timer_list","/proc/timer_stats","/proc/sched_debug","/proc/scsi","/sys/firmware"],"ReadonlyPaths":["/proc/bus","/proc/fs","/proc/irq","/proc/sys","/proc/sysrq-trigger"]},"GraphDriver":{"Data":{"LowerDir":"/var/lib/docker/overlay2/b481eee7843c17772ada1734203524b4de76785735a50d4c68703d497db0e4ed-init/diff:/var/lib/docker/overlay2/4c6e20f032f02b27a9272f982861dc21998197aa90d94ed3bef95d449380247c/diff:/var/lib/docker/overlay2/0c75f828f603eff839bb3ca448163ab2a8017e86625ac255cd3dbf1673ddac26/diff:/var/lib/docker/overlay2/da128d897fda75829109844ce6cd9d73d0f54c682e735100af000ce899908729/diff:/var/lib/docker/overlay2/b678a1f261bf323afba6d76d91ab7428bdd6e1ef4a39b5224e4a1afd08c0423a/diff:/var/lib/docker/overlay2/1bec43b14875c5f9f814f146e8e31aa78566689c2c163da2ac60a32254988437/diff:/var/lib/docker/overlay2/28f4b1e6e1a7a2dbe30f1f94fb42bccd85a61faf8af1fe30a5bb0d442c525e41/diff:/var/lib/docker/overlay2/0f493124464c291d7c97d2633d5dff04b1dce5de904cb40a34dfbe7fe72e3fd4/diff:/var/lib/docker/overlay2/05befbee9e38cd670e1786b3310e99796dcc06abbed970007b4109a5424843fa/diff:/var/lib/docker/overlay2/582bcca9acfc4eef25109e1e1b9c9d104f355798455bc73e855c99283887a6e8/diff:/var/lib/docker/overlay2/153b3bf0b69e97e8f0e5533414a31ca33fa530e63d174c9617621abe46e7e9d1/diff:/var/lib/docker/overlay2/bf87a76c0a38875ee6e915fd0d2527eafa880ec6bf2c1cb294959428c18d10bd/diff","MergedDir":"/var/lib/docker/overlay2/b481eee7843c17772ada1734203524b4de76785735a50d4c68703d497db0e4ed/merged","UpperDir":"/var/lib/docker/overlay2/b481eee7843c17772ada1734203524b4de76785735a50d4c68703d497db0e4ed/diff","WorkDir":"/var/lib/docker/overlay2/b481eee7843c17772ada1734203524b4de76785735a50d4c68703d497db0e4ed/work"},"Name":"overlay2"},"Mounts":[{"Type":"volume","Name":"ec40278114b76af7b6535b952e685e04a98a51fa16363f5e9f0df1ce601f1dd5","Source":"/var/lib/docker/volumes/ec40278114b76af7b6535b952e685e04a98a51fa16363f5e9f0df1ce601f1dd5/_data","Destination":"/var/lib/mysql","Driver":"local","Mode":"","RW":true,"Propagation":""}],"Config":{"Hostname":"0739339bbc62","Domainname":"","User":"","AttachStdin":false,"AttachStdout":false,"AttachStderr":false,"ExposedPorts":{"3306/tcp":{}},"Tty":false,"OpenStdin":false,"StdinOnce":false,"Env":["MYSQL_DATABASE=test","MYSQL_PASSWORD=test","MYSQL_USER=test","MYSQL_ROOT_PASSWORD=test","PATH=/usr/local/sbin:/usr/local/bin:/usr/sbin:/usr/bin:/sbin:/bin","GOSU_VERSION=1.7","MYSQL_MAJOR=8.0","MYSQL_VERSION=8.0.0-dmr-1debian8"],"Cmd":["mysqld"],"Image":"mysql:8.0.0","Volumes":{"/var/lib/mysql":{}},"WorkingDir":"","Entrypoint":["docker-entrypoint.sh"],"OnBuild":null,"Labels":{"org.testcontainers":"true","org.testcontainers.lang":"java","org.testcontainers.sessionId":"f1b696c1-ec3f-4f95-afa8-081853be7ccb","org.testcontainers.version":"1.18.0"}},"NetworkSettings":{"Bridge":"","SandboxID":"d265e68e2afe307f1ab03fab083f2c0477cba31e9f26759f52b94e045d1847fb","HairpinMode":false,"LinkLocalIPv6Address":"","LinkLocalIPv6PrefixLen":0,"Ports":{"3306/tcp":[{"HostIp":"0.0.0.0","HostPort":"32782"},{"HostIp":"::","HostPort":"32782"}]},"SandboxKey":"/var/run/docker/netns/d265e68e2afe","SecondaryIPAddresses":null,"SecondaryIPv6Addresses":null,"EndpointID":"97b4c81a7665dcad3863174204db678dde492e2a2b2f11f6ef1c683b5d76146b","Gateway":"172.17.0.1","GlobalIPv6Address":"","GlobalIPv6PrefixLen":0,"IPAddress":"172.17.0.3","IPPrefixLen":16,"IPv6Gateway":"","MacAddress":"02:42:ac:11:00:03","Networks":{"bridge":{"IPAMConfig":null,"Links":null,"Aliases":null,"NetworkID":"e1a078e12eb8d77b497ed932f7fb43787eeb6ff6972febd7d03c9282b8b5cd45","EndpointID":"97b4c81a7665dcad3863174204db678dde492e2a2b2f11f6ef1c683b5d76146b","Gateway":"172.17.0.1","IPAddress":"172.17.0.3","IPPrefixLen":16,"IPv6Gateway":"","GlobalIPv6Address":"","GlobalIPv6PrefixLen":0,"MacAddress":"02:42:ac:11:00:03","DriverOpts":null}}}}[\n]"
&amp#27;[0;39m2023-05-08 13:19:04,004 [main] &amp#27;[39mDEBUG&amp#27;[0;39m &amp#27;[36mc.g.d.z.s.o.a.hc.client5.http.wire&amp#27;[0;39m - &amp#27;[32mhttp-outgoing-1 << "[\r][\n]"
&amp#27;[0;39m2023-05-08 13:19:04,004 [main] &amp#27;[39mDEBUG&amp#27;[0;39m &amp#27;[36mc.g.d.z.s.o.a.hc.client5.http.wire&amp#27;[0;39m - &amp#27;[32mhttp-outgoing-1 << "0[\r][\n]"
&amp#27;[0;39m2023-05-08 13:19:04,004 [main] &amp#27;[39mDEBUG&amp#27;[0;39m &amp#27;[36mc.g.d.z.s.o.a.hc.client5.http.wire&amp#27;[0;39m - &amp#27;[32mhttp-outgoing-1 << "[\r][\n]"
&amp#27;[0;39m2023-05-08 13:19:04,004 [main] &amp#27;[39mDEBUG&amp#27;[0;39m &amp#27;[36mc.g.d.z.s.o.a.h.client5.http.headers&amp#27;[0;39m - &amp#27;[32mhttp-outgoing-1 << HTTP/1.1 200 OK
&amp#27;[0;39m2023-05-08 13:19:04,004 [main] &amp#27;[39mDEBUG&amp#27;[0;39m &amp#27;[36mc.g.d.z.s.o.a.h.client5.http.headers&amp#27;[0;39m - &amp#27;[32mhttp-outgoing-1 << Api-Version: 1.42
&amp#27;[0;39m2023-05-08 13:19:04,004 [main] &amp#27;[39mDEBUG&amp#27;[0;39m &amp#27;[36mc.g.d.z.s.o.a.h.client5.http.headers&amp#27;[0;39m - &amp#27;[32mhttp-outgoing-1 << Content-Type: application/json
&amp#27;[0;39m2023-05-08 13:19:04,004 [main] &amp#27;[39mDEBUG&amp#27;[0;39m &amp#27;[36mc.g.d.z.s.o.a.h.client5.http.headers&amp#27;[0;39m - &amp#27;[32mhttp-outgoing-1 << Docker-Experimental: false
&amp#27;[0;39m2023-05-08 13:19:04,004 [main] &amp#27;[39mDEBUG&amp#27;[0;39m &amp#27;[36mc.g.d.z.s.o.a.h.client5.http.headers&amp#27;[0;39m - &amp#27;[32mhttp-outgoing-1 << Ostype: linux
&amp#27;[0;39m2023-05-08 13:19:04,004 [main] &amp#27;[39mDEBUG&amp#27;[0;39m &amp#27;[36mc.g.d.z.s.o.a.h.client5.http.headers&amp#27;[0;39m - &amp#27;[32mhttp-outgoing-1 << Server: Docker/23.0.5 (linux)
&amp#27;[0;39m2023-05-08 13:19:04,004 [main] &amp#27;[39mDEBUG&amp#27;[0;39m &amp#27;[36mc.g.d.z.s.o.a.h.client5.http.headers&amp#27;[0;39m - &amp#27;[32mhttp-outgoing-1 << Date: Mon, 08 May 2023 11:19:04 GMT
&amp#27;[0;39m2023-05-08 13:19:04,004 [main] &amp#27;[39mDEBUG&amp#27;[0;39m &amp#27;[36mc.g.d.z.s.o.a.h.client5.http.headers&amp#27;[0;39m - &amp#27;[32mhttp-outgoing-1 << Transfer-Encoding: chunked
&amp#27;[0;39m2023-05-08 13:19:04,004 [main] &amp#27;[39mDEBUG&amp#27;[0;39m &amp#27;[36mc.g.d.z.s.o.a.h.c.h.i.c.MainClientExec&amp#27;[0;39m - &amp#27;[32mex-00000070: connection can be kept alive for 3 MINUTES
&amp#27;[0;39m2023-05-08 13:19:04,004 [main] &amp#27;[39mDEBUG&amp#27;[0;39m &amp#27;[36mc.g.d.z.s.o.a.h.c.h.i.c.InternalHttpClient&amp#27;[0;39m - &amp#27;[32mep-0000006F: releasing valid endpoint
&amp#27;[0;39m2023-05-08 13:19:04,004 [main] &amp#27;[39mDEBUG&amp#27;[0;39m &amp#27;[36mc.g.d.z.s.o.a.h.c.h.i.i.PoolingHttpClientConnectionManager&amp#27;[0;39m - &amp#27;[32mep-0000006F: releasing endpoint
&amp#27;[0;39m2023-05-08 13:19:04,004 [main] &amp#27;[39mDEBUG&amp#27;[0;39m &amp#27;[36mc.g.d.z.s.o.a.h.c.h.i.i.PoolingHttpClientConnectionManager&amp#27;[0;39m - &amp#27;[32mep-0000006F: connection http-outgoing-1 can be kept alive for 3 MINUTES
&amp#27;[0;39m2023-05-08 13:19:04,004 [main] &amp#27;[39mDEBUG&amp#27;[0;39m &amp#27;[36mc.g.d.z.s.o.a.h.c.h.i.i.PoolingHttpClientConnectionManager&amp#27;[0;39m - &amp#27;[32mep-0000006F: connection released [route: {}->unix://localhost:2375][total available: 1; route allocated: 1 of 2147483647; total allocated: 1 of 2147483647]
&amp#27;[0;39m2023-05-08 13:19:04,004 [main] &amp#27;[39mDEBUG&amp#27;[0;39m &amp#27;[36mtc.mysql:8.0.0&amp#27;[0;39m - &amp#27;[32mTrying to create JDBC connection using com.mysql.cj.jdbc.Driver to jdbc:mysql://localhost:32782/test?useSSL=false&allowPublicKeyRetrieval=true with properties: {password=test, user=test}
&amp#27;[0;39m2023-05-08 13:19:04,108 [main] &amp#27;[39mDEBUG&amp#27;[0;39m &amp#27;[36mo.t.s.c.g.d.c.command.AbstrDockerCmd&amp#27;[0;39m - &amp#27;[32mCmd: 0739339bbc624082fb5e41f62f4a622236ffe4974bf12b2847105b726085e02b,false
&amp#27;[0;39m2023-05-08 13:19:04,108 [main] &amp#27;[39mDEBUG&amp#27;[0;39m &amp#27;[36mo.t.s.c.g.d.c.e.InspectContainerCmdExec&amp#27;[0;39m - &amp#27;[32mGET: DefaultWebTarget{path=[/containers/0739339bbc624082fb5e41f62f4a622236ffe4974bf12b2847105b726085e02b/json], queryParams={}}
&amp#27;[0;39m2023-05-08 13:19:04,108 [main] &amp#27;[39mDEBUG&amp#27;[0;39m &amp#27;[36mc.g.d.z.s.o.a.h.c.h.i.c.InternalHttpClient&amp#27;[0;39m - &amp#27;[32mex-00000071: preparing request execution
&amp#27;[0;39m2023-05-08 13:19:04,108 [main] &amp#27;[39mDEBUG&amp#27;[0;39m &amp#27;[36mc.g.d.z.s.o.a.h.c.h.p.RequestAddCookies&amp#27;[0;39m - &amp#27;[32mCookie spec selected: strict
&amp#27;[0;39m2023-05-08 13:19:04,108 [main] &amp#27;[39mDEBUG&amp#27;[0;39m &amp#27;[36mc.g.d.z.s.o.a.h.c.h.p.RequestAuthCache&amp#27;[0;39m - &amp#27;[32mAuth cache not set in the context
&amp#27;[0;39m2023-05-08 13:19:04,108 [main] &amp#27;[39mDEBUG&amp#27;[0;39m &amp#27;[36mc.g.d.z.s.o.a.h.c.h.i.c.ProtocolExec&amp#27;[0;39m - &amp#27;[32mex-00000071: target auth state: UNCHALLENGED
&amp#27;[0;39m2023-05-08 13:19:04,108 [main] &amp#27;[39mDEBUG&amp#27;[0;39m &amp#27;[36mc.g.d.z.s.o.a.h.c.h.i.c.ProtocolExec&amp#27;[0;39m - &amp#27;[32mex-00000071: proxy auth state: UNCHALLENGED
&amp#27;[0;39m2023-05-08 13:19:04,108 [main] &amp#27;[39mDEBUG&amp#27;[0;39m &amp#27;[36mc.g.d.z.s.o.a.h.c.h.i.c.ConnectExec&amp#27;[0;39m - &amp#27;[32mex-00000071: acquiring connection with route {}->unix://localhost:2375
&amp#27;[0;39m2023-05-08 13:19:04,108 [main] &amp#27;[39mDEBUG&amp#27;[0;39m &amp#27;[36mc.g.d.z.s.o.a.h.c.h.i.c.InternalHttpClient&amp#27;[0;39m - &amp#27;[32mex-00000071: acquiring endpoint (3 MINUTES)
&amp#27;[0;39m2023-05-08 13:19:04,108 [main] &amp#27;[39mDEBUG&amp#27;[0;39m &amp#27;[36mc.g.d.z.s.o.a.h.c.h.i.i.PoolingHttpClientConnectionManager&amp#27;[0;39m - &amp#27;[32mex-00000071: endpoint lease request (3 MINUTES) [route: {}->unix://localhost:2375][total available: 1; route allocated: 1 of 2147483647; total allocated: 1 of 2147483647]
&amp#27;[0;39m2023-05-08 13:19:04,108 [main] &amp#27;[39mDEBUG&amp#27;[0;39m &amp#27;[36mc.g.d.z.s.o.a.h.c.h.i.i.PoolingHttpClientConnectionManager&amp#27;[0;39m - &amp#27;[32mex-00000071: endpoint leased [route: {}->unix://localhost:2375][total available: 0; route allocated: 1 of 2147483647; total allocated: 1 of 2147483647]
&amp#27;[0;39m2023-05-08 13:19:04,109 [main] &amp#27;[39mDEBUG&amp#27;[0;39m &amp#27;[36mc.g.d.z.s.o.a.h.c.h.i.i.PoolingHttpClientConnectionManager&amp#27;[0;39m - &amp#27;[32mex-00000071: acquired ep-00000070
&amp#27;[0;39m2023-05-08 13:19:04,109 [main] &amp#27;[39mDEBUG&amp#27;[0;39m &amp#27;[36mc.g.d.z.s.o.a.h.c.h.i.c.InternalHttpClient&amp#27;[0;39m - &amp#27;[32mex-00000071: acquired endpoint ep-00000070
&amp#27;[0;39m2023-05-08 13:19:04,109 [main] &amp#27;[39mDEBUG&amp#27;[0;39m &amp#27;[36mc.g.d.z.s.o.a.h.c.h.i.c.MainClientExec&amp#27;[0;39m - &amp#27;[32mex-00000071: executing GET /v1.32/containers/0739339bbc624082fb5e41f62f4a622236ffe4974bf12b2847105b726085e02b/json HTTP/1.1
&amp#27;[0;39m2023-05-08 13:19:04,109 [main] &amp#27;[39mDEBUG&amp#27;[0;39m &amp#27;[36mc.g.d.z.s.o.a.h.c.h.i.c.InternalHttpClient&amp#27;[0;39m - &amp#27;[32mep-00000070: start execution ex-00000071
&amp#27;[0;39m2023-05-08 13:19:04,109 [main] &amp#27;[39mDEBUG&amp#27;[0;39m &amp#27;[36mc.g.d.z.s.o.a.h.c.h.i.i.PoolingHttpClientConnectionManager&amp#27;[0;39m - &amp#27;[32mep-00000070: executing exchange ex-00000071 over http-outgoing-1
&amp#27;[0;39m2023-05-08 13:19:04,109 [main] &amp#27;[39mDEBUG&amp#27;[0;39m &amp#27;[36mc.g.d.z.s.o.a.h.client5.http.headers&amp#27;[0;39m - &amp#27;[32mhttp-outgoing-1 >> GET /v1.32/containers/0739339bbc624082fb5e41f62f4a622236ffe4974bf12b2847105b726085e02b/json HTTP/1.1
&amp#27;[0;39m2023-05-08 13:19:04,109 [main] &amp#27;[39mDEBUG&amp#27;[0;39m &amp#27;[36mc.g.d.z.s.o.a.h.client5.http.headers&amp#27;[0;39m - &amp#27;[32mhttp-outgoing-1 >> accept: application/json
&amp#27;[0;39m2023-05-08 13:19:04,109 [main] &amp#27;[39mDEBUG&amp#27;[0;39m &amp#27;[36mc.g.d.z.s.o.a.h.client5.http.headers&amp#27;[0;39m - &amp#27;[32mhttp-outgoing-1 >> x-tc-sid: f1b696c1-ec3f-4f95-afa8-081853be7ccb
&amp#27;[0;39m2023-05-08 13:19:04,109 [main] &amp#27;[39mDEBUG&amp#27;[0;39m &amp#27;[36mc.g.d.z.s.o.a.h.client5.http.headers&amp#27;[0;39m - &amp#27;[32mhttp-outgoing-1 >> Accept-Encoding: gzip, x-gzip, deflate
&amp#27;[0;39m2023-05-08 13:19:04,109 [main] &amp#27;[39mDEBUG&amp#27;[0;39m &amp#27;[36mc.g.d.z.s.o.a.h.client5.http.headers&amp#27;[0;39m - &amp#27;[32mhttp-outgoing-1 >> Host: localhost:2375
&amp#27;[0;39m2023-05-08 13:19:04,109 [main] &amp#27;[39mDEBUG&amp#27;[0;39m &amp#27;[36mc.g.d.z.s.o.a.h.client5.http.headers&amp#27;[0;39m - &amp#27;[32mhttp-outgoing-1 >> Connection: keep-alive
&amp#27;[0;39m2023-05-08 13:19:04,109 [main] &amp#27;[39mDEBUG&amp#27;[0;39m &amp#27;[36mc.g.d.z.s.o.a.h.client5.http.headers&amp#27;[0;39m - &amp#27;[32mhttp-outgoing-1 >> User-Agent: Apache-HttpClient/5.0.3 (Java/17.0.6)
&amp#27;[0;39m2023-05-08 13:19:04,109 [main] &amp#27;[39mDEBUG&amp#27;[0;39m &amp#27;[36mc.g.d.z.s.o.a.hc.client5.http.wire&amp#27;[0;39m - &amp#27;[32mhttp-outgoing-1 >> "GET /v1.32/containers/0739339bbc624082fb5e41f62f4a622236ffe4974bf12b2847105b726085e02b/json HTTP/1.1[\r][\n]"
&amp#27;[0;39m2023-05-08 13:19:04,109 [main] &amp#27;[39mDEBUG&amp#27;[0;39m &amp#27;[36mc.g.d.z.s.o.a.hc.client5.http.wire&amp#27;[0;39m - &amp#27;[32mhttp-outgoing-1 >> "accept: application/json[\r][\n]"
&amp#27;[0;39m2023-05-08 13:19:04,109 [main] &amp#27;[39mDEBUG&amp#27;[0;39m &amp#27;[36mc.g.d.z.s.o.a.hc.client5.http.wire&amp#27;[0;39m - &amp#27;[32mhttp-outgoing-1 >> "x-tc-sid: f1b696c1-ec3f-4f95-afa8-081853be7ccb[\r][\n]"
&amp#27;[0;39m2023-05-08 13:19:04,109 [main] &amp#27;[39mDEBUG&amp#27;[0;39m &amp#27;[36mc.g.d.z.s.o.a.hc.client5.http.wire&amp#27;[0;39m - &amp#27;[32mhttp-outgoing-1 >> "Accept-Encoding: gzip, x-gzip, deflate[\r][\n]"
&amp#27;[0;39m2023-05-08 13:19:04,109 [main] &amp#27;[39mDEBUG&amp#27;[0;39m &amp#27;[36mc.g.d.z.s.o.a.hc.client5.http.wire&amp#27;[0;39m - &amp#27;[32mhttp-outgoing-1 >> "Host: localhost:2375[\r][\n]"
&amp#27;[0;39m2023-05-08 13:19:04,109 [main] &amp#27;[39mDEBUG&amp#27;[0;39m &amp#27;[36mc.g.d.z.s.o.a.hc.client5.http.wire&amp#27;[0;39m - &amp#27;[32mhttp-outgoing-1 >> "Connection: keep-alive[\r][\n]"
&amp#27;[0;39m2023-05-08 13:19:04,109 [main] &amp#27;[39mDEBUG&amp#27;[0;39m &amp#27;[36mc.g.d.z.s.o.a.hc.client5.http.wire&amp#27;[0;39m - &amp#27;[32mhttp-outgoing-1 >> "User-Agent: Apache-HttpClient/5.0.3 (Java/17.0.6)[\r][\n]"
&amp#27;[0;39m2023-05-08 13:19:04,109 [main] &amp#27;[39mDEBUG&amp#27;[0;39m &amp#27;[36mc.g.d.z.s.o.a.hc.client5.http.wire&amp#27;[0;39m - &amp#27;[32mhttp-outgoing-1 >> "[\r][\n]"
&amp#27;[0;39m2023-05-08 13:19:04,110 [main] &amp#27;[39mDEBUG&amp#27;[0;39m &amp#27;[36mc.g.d.z.s.o.a.hc.client5.http.wire&amp#27;[0;39m - &amp#27;[32mhttp-outgoing-1 << "HTTP/1.1 200 OK[\r][\n]"
&amp#27;[0;39m2023-05-08 13:19:04,110 [main] &amp#27;[39mDEBUG&amp#27;[0;39m &amp#27;[36mc.g.d.z.s.o.a.hc.client5.http.wire&amp#27;[0;39m - &amp#27;[32mhttp-outgoing-1 << "Api-Version: 1.42[\r][\n]"
&amp#27;[0;39m2023-05-08 13:19:04,110 [main] &amp#27;[39mDEBUG&amp#27;[0;39m &amp#27;[36mc.g.d.z.s.o.a.hc.client5.http.wire&amp#27;[0;39m - &amp#27;[32mhttp-outgoing-1 << "Content-Type: application/json[\r][\n]"
&amp#27;[0;39m2023-05-08 13:19:04,110 [main] &amp#27;[39mDEBUG&amp#27;[0;39m &amp#27;[36mc.g.d.z.s.o.a.hc.client5.http.wire&amp#27;[0;39m - &amp#27;[32mhttp-outgoing-1 << "Docker-Experimental: false[\r][\n]"
&amp#27;[0;39m2023-05-08 13:19:04,110 [main] &amp#27;[39mDEBUG&amp#27;[0;39m &amp#27;[36mc.g.d.z.s.o.a.hc.client5.http.wire&amp#27;[0;39m - &amp#27;[32mhttp-outgoing-1 << "Ostype: linux[\r][\n]"
&amp#27;[0;39m2023-05-08 13:19:04,110 [main] &amp#27;[39mDEBUG&amp#27;[0;39m &amp#27;[36mc.g.d.z.s.o.a.hc.client5.http.wire&amp#27;[0;39m - &amp#27;[32mhttp-outgoing-1 << "Server: Docker/23.0.5 (linux)[\r][\n]"
&amp#27;[0;39m2023-05-08 13:19:04,110 [main] &amp#27;[39mDEBUG&amp#27;[0;39m &amp#27;[36mc.g.d.z.s.o.a.hc.client5.http.wire&amp#27;[0;39m - &amp#27;[32mhttp-outgoing-1 << "Date: Mon, 08 May 2023 11:19:04 GMT[\r][\n]"
&amp#27;[0;39m2023-05-08 13:19:04,110 [main] &amp#27;[39mDEBUG&amp#27;[0;39m &amp#27;[36mc.g.d.z.s.o.a.hc.client5.http.wire&amp#27;[0;39m - &amp#27;[32mhttp-outgoing-1 << "Transfer-Encoding: chunked[\r][\n]"
&amp#27;[0;39m2023-05-08 13:19:04,110 [main] &amp#27;[39mDEBUG&amp#27;[0;39m &amp#27;[36mc.g.d.z.s.o.a.hc.client5.http.wire&amp#27;[0;39m - &amp#27;[32mhttp-outgoing-1 << "[\r][\n]"
&amp#27;[0;39m2023-05-08 13:19:04,110 [main] &amp#27;[39mDEBUG&amp#27;[0;39m &amp#27;[36mc.g.d.z.s.o.a.hc.client5.http.wire&amp#27;[0;39m - &amp#27;[32mhttp-outgoing-1 << "1893[\r][\n]"
&amp#27;[0;39m2023-05-08 13:19:04,110 [main] &amp#27;[39mDEBUG&amp#27;[0;39m &amp#27;[36mc.g.d.z.s.o.a.hc.client5.http.wire&amp#27;[0;39m - &amp#27;[32mhttp-outgoing-1 << "{"Id":"0739339bbc624082fb5e41f62f4a622236ffe4974bf12b2847105b726085e02b","Created":"2023-05-08T11:19:01.771856188Z","Path":"docker-entrypoint.sh","Args":["mysqld"],"State":{"Status":"running","Running":true,"Paused":false,"Restarting":false,"OOMKilled":false,"Dead":false,"Pid":59514,"ExitCode":0,"Error":"","StartedAt":"2023-05-08T11:19:02.113674386Z","FinishedAt":"0001-01-01T00:00:00Z"},"Image":"sha256:228d71078f8ce5ae9fd96b183f88c3a90e30544b4b7ce9d64a238d05fef2a681","ResolvConfPath":"/var/lib/docker/containers/0739339bbc624082fb5e41f62f4a622236ffe4974bf12b2847105b726085e02b/resolv.conf","HostnamePath":"/var/lib/docker/containers/0739339bbc624082fb5e41f62f4a622236ffe4974bf12b2847105b726085e02b/hostname","HostsPath":"/var/lib/docker/containers/0739339bbc624082fb5e41f62f4a622236ffe4974bf12b2847105b726085e02b/hosts","LogPath":"/var/lib/docker/containers/0739339bbc624082fb5e41f62f4a622236ffe4974bf12b2847105b726085e02b/0739339bbc624082fb5e41f62f4a622236ffe4974bf12b2847105b726085e02b-json.log","Name":"/intelligent_galileo","RestartCount":0,"Driver":"overlay2","Platform":"linux","MountLabel":"","ProcessLabel":"","AppArmorProfile":"docker-default","ExecIDs":null,"HostConfig":{"Binds":[],"ContainerIDFile":"","LogConfig":{"Type":"json-file","Config":{}},"NetworkMode":"default","PortBindings":{"3306/tcp":[{"HostIp":"","HostPort":""}]},"RestartPolicy":{"Name":"","MaximumRetryCount":0},"AutoRemove":false,"VolumeDriver":"","VolumesFrom":[],"ConsoleSize":[0,0],"CapAdd":null,"CapDrop":null,"CgroupnsMode":"private","Dns":null,"DnsOptions":null,"DnsSearch":null,"ExtraHosts":[],"GroupAdd":null,"IpcMode":"shareable","Cgroup":"","Links":null,"OomScoreAdj":0,"PidMode":"","Privileged":false,"PublishAllPorts":false,"ReadonlyRootfs":false,"SecurityOpt":null,"UTSMode":"","UsernsMode":"","ShmSize":67108864,"Runtime":"runc","Isolation":"","CpuShares":0,"Memory":0,"NanoCpus":0,"CgroupParent":"","BlkioWeight":0,"BlkioWeightDevice":null,"BlkioDeviceReadBps":null,"BlkioDeviceWriteBps":null,"BlkioDeviceReadIOps":null,"BlkioDeviceWriteIOps":null,"CpuPeriod":0,"CpuQuota":0,"CpuRealtimePeriod":0,"CpuRealtimeRuntime":0,"CpusetCpus":"","CpusetMems":"","Devices":null,"DeviceCgroupRules":null,"DeviceRequests":null,"MemoryReservation":0,"MemorySwap":0,"MemorySwappiness":null,"OomKillDisable":null,"PidsLimit":null,"Ulimits":null,"CpuCount":0,"CpuPercent":0,"IOMaximumIOps":0,"IOMaximumBandwidth":0,"MaskedPaths":["/proc/asound","/proc/acpi","/proc/kcore","/proc/keys","/proc/latency_stats","/proc/timer_list","/proc/timer_stats","/proc/sched_debug","/proc/scsi","/sys/firmware"],"ReadonlyPaths":["/proc/bus","/proc/fs","/proc/irq","/proc/sys","/proc/sysrq-trigger"]},"GraphDriver":{"Data":{"LowerDir":"/var/lib/docker/overlay2/b481eee7843c17772ada1734203524b4de76785735a50d4c68703d497db0e4ed-init/diff:/var/lib/docker/overlay2/4c6e20f032f02b27a9272f982861dc21998197aa90d94ed3bef95d449380247c/diff:/var/lib/docker/overlay2/0c75f828f603eff839bb3ca448163ab2a8017e86625ac255cd3dbf1673ddac26/diff:/var/lib/docker/overlay2/da128d897fda75829109844ce6cd9d73d0f54c682e735100af000ce899908729/diff:/var/lib/docker/overlay2/b678a1f261bf323afba6d76d91ab7428bdd6e1ef4a39b5224e4a1afd08c0423a/diff:/var/lib/docker/overlay2/1bec43b14875c5f9f814f146e8e31aa78566689c2c163da2ac60a32254988437/diff:/var/lib/docker/overlay2/28f4b1e6e1a7a2dbe30f1f94fb42bccd85a61faf8af1fe30a5bb0d442c525e41/diff:/var/lib/docker/overlay2/0f493124464c291d7c97d2633d5dff04b1dce5de904cb40a34dfbe7fe72e3fd4/diff:/var/lib/docker/overlay2/05befbee9e38cd670e1786b3310e99796dcc06abbed970007b4109a5424843fa/diff:/var/lib/docker/overlay2/582bcca9acfc4eef25109e1e1b9c9d104f355798455bc73e855c99283887a6e8/diff:/var/lib/docker/overlay2/153b3bf0b69e97e8f0e5533414a31ca33fa530e63d174c9617621abe46e7e9d1/diff:/var/lib/docker/overlay2/bf87a76c0a38875ee6e915fd0d2527eafa880ec6bf2c1cb294959428c18d10bd/diff","MergedDir":"/var/lib/docker/overlay2/b481eee7843c17772ada1734203524b4de76785735a50d4c68703d497db0e4ed/merged","UpperDir":"/var/lib/docker/overlay2/b481eee7843c17772ada1734203524b4de76785735a50d4c68703d497db0e4ed/diff","WorkDir":"/var/lib/docker/overlay2/b481eee7843c17772ada1734203524b4de76785735a50d4c68703d497db0e4ed/work"},"Name":"overlay2"},"Mounts":[{"Type":"volume","Name":"ec40278114b76af7b6535b952e685e04a98a51fa16363f5e9f0df1ce601f1dd5","Source":"/var/lib/docker/volumes/ec40278114b76af7b6535b952e685e04a98a51fa16363f5e9f0df1ce601f1dd5/_data","Destination":"/var/lib/mysql","Driver":"local","Mode":"","RW":true,"Propagation":""}],"Config":{"Hostname":"0739339bbc62","Domainname":"","User":"","AttachStdin":false,"AttachStdout":false,"AttachStderr":false,"ExposedPorts":{"3306/tcp":{}},"Tty":false,"OpenStdin":false,"StdinOnce":false,"Env":["MYSQL_DATABASE=test","MYSQL_PASSWORD=test","MYSQL_USER=test","MYSQL_ROOT_PASSWORD=test","PATH=/usr/local/sbin:/usr/local/bin:/usr/sbin:/usr/bin:/sbin:/bin","GOSU_VERSION=1.7","MYSQL_MAJOR=8.0","MYSQL_VERSION=8.0.0-dmr-1debian8"],"Cmd":["mysqld"],"Image":"mysql:8.0.0","Volumes":{"/var/lib/mysql":{}},"WorkingDir":"","Entrypoint":["docker-entrypoint.sh"],"OnBuild":null,"Labels":{"org.testcontainers":"true","org.testcontainers.lang":"java","org.testcontainers.sessionId":"f1b696c1-ec3f-4f95-afa8-081853be7ccb","org.testcontainers.version":"1.18.0"}},"NetworkSettings":{"Bridge":"","SandboxID":"d265e68e2afe307f1ab03fab083f2c0477cba31e9f26759f52b94e045d1847fb","HairpinMode":false,"LinkLocalIPv6Address":"","LinkLocalIPv6PrefixLen":0,"Ports":{"3306/tcp":[{"HostIp":"0.0.0.0","HostPort":"32782"},{"HostIp":"::","HostPort":"32782"}]},"SandboxKey":"/var/run/docker/netns/d265e68e2afe","SecondaryIPAddresses":null,"SecondaryIPv6Addresses":null,"EndpointID":"97b4c81a7665dcad3863174204db678dde492e2a2b2f11f6ef1c683b5d76146b","Gateway":"172.17.0.1","GlobalIPv6Address":"","GlobalIPv6PrefixLen":0,"IPAddress":"172.17.0.3","IPPrefixLen":16,"IPv6Gateway":"","MacAddress":"02:42:ac:11:00:03","Networks":{"bridge":{"IPAMConfig":null,"Links":null,"Aliases":null,"NetworkID":"e1a078e12eb8d77b497ed932f7fb43787eeb6ff6972febd7d03c9282b8b5cd45","EndpointID":"97b4c81a7665dcad3863174204db678dde492e2a2b2f11f6ef1c683b5d76146b","Gateway":"172.17.0.1","IPAddress":"172.17.0.3","IPPrefixLen":16,"IPv6Gateway":"","GlobalIPv6Address":"","GlobalIPv6PrefixLen":0,"MacAddress":"02:42:ac:11:00:03","DriverOpts":null}}}}[\n]"
&amp#27;[0;39m2023-05-08 13:19:04,110 [main] &amp#27;[39mDEBUG&amp#27;[0;39m &amp#27;[36mc.g.d.z.s.o.a.hc.client5.http.wire&amp#27;[0;39m - &amp#27;[32mhttp-outgoing-1 << "[\r][\n]"
&amp#27;[0;39m2023-05-08 13:19:04,110 [main] &amp#27;[39mDEBUG&amp#27;[0;39m &amp#27;[36mc.g.d.z.s.o.a.hc.client5.http.wire&amp#27;[0;39m - &amp#27;[32mhttp-outgoing-1 << "0[\r][\n]"
&amp#27;[0;39m2023-05-08 13:19:04,110 [main] &amp#27;[39mDEBUG&amp#27;[0;39m &amp#27;[36mc.g.d.z.s.o.a.hc.client5.http.wire&amp#27;[0;39m - &amp#27;[32mhttp-outgoing-1 << "[\r][\n]"
&amp#27;[0;39m2023-05-08 13:19:04,110 [main] &amp#27;[39mDEBUG&amp#27;[0;39m &amp#27;[36mc.g.d.z.s.o.a.h.client5.http.headers&amp#27;[0;39m - &amp#27;[32mhttp-outgoing-1 << HTTP/1.1 200 OK
&amp#27;[0;39m2023-05-08 13:19:04,110 [main] &amp#27;[39mDEBUG&amp#27;[0;39m &amp#27;[36mc.g.d.z.s.o.a.h.client5.http.headers&amp#27;[0;39m - &amp#27;[32mhttp-outgoing-1 << Api-Version: 1.42
&amp#27;[0;39m2023-05-08 13:19:04,110 [main] &amp#27;[39mDEBUG&amp#27;[0;39m &amp#27;[36mc.g.d.z.s.o.a.h.client5.http.headers&amp#27;[0;39m - &amp#27;[32mhttp-outgoing-1 << Content-Type: application/json
&amp#27;[0;39m2023-05-08 13:19:04,110 [main] &amp#27;[39mDEBUG&amp#27;[0;39m &amp#27;[36mc.g.d.z.s.o.a.h.client5.http.headers&amp#27;[0;39m - &amp#27;[32mhttp-outgoing-1 << Docker-Experimental: false
&amp#27;[0;39m2023-05-08 13:19:04,110 [main] &amp#27;[39mDEBUG&amp#27;[0;39m &amp#27;[36mc.g.d.z.s.o.a.h.client5.http.headers&amp#27;[0;39m - &amp#27;[32mhttp-outgoing-1 << Ostype: linux
&amp#27;[0;39m2023-05-08 13:19:04,110 [main] &amp#27;[39mDEBUG&amp#27;[0;39m &amp#27;[36mc.g.d.z.s.o.a.h.client5.http.headers&amp#27;[0;39m - &amp#27;[32mhttp-outgoing-1 << Server: Docker/23.0.5 (linux)
&amp#27;[0;39m2023-05-08 13:19:04,110 [main] &amp#27;[39mDEBUG&amp#27;[0;39m &amp#27;[36mc.g.d.z.s.o.a.h.client5.http.headers&amp#27;[0;39m - &amp#27;[32mhttp-outgoing-1 << Date: Mon, 08 May 2023 11:19:04 GMT
&amp#27;[0;39m2023-05-08 13:19:04,110 [main] &amp#27;[39mDEBUG&amp#27;[0;39m &amp#27;[36mc.g.d.z.s.o.a.h.client5.http.headers&amp#27;[0;39m - &amp#27;[32mhttp-outgoing-1 << Transfer-Encoding: chunked
&amp#27;[0;39m2023-05-08 13:19:04,110 [main] &amp#27;[39mDEBUG&amp#27;[0;39m &amp#27;[36mc.g.d.z.s.o.a.h.c.h.i.c.MainClientExec&amp#27;[0;39m - &amp#27;[32mex-00000071: connection can be kept alive for 3 MINUTES
&amp#27;[0;39m2023-05-08 13:19:04,111 [main] &amp#27;[39mDEBUG&amp#27;[0;39m &amp#27;[36mc.g.d.z.s.o.a.h.c.h.i.c.InternalHttpClient&amp#27;[0;39m - &amp#27;[32mep-00000070: releasing valid endpoint
&amp#27;[0;39m2023-05-08 13:19:04,111 [main] &amp#27;[39mDEBUG&amp#27;[0;39m &amp#27;[36mc.g.d.z.s.o.a.h.c.h.i.i.PoolingHttpClientConnectionManager&amp#27;[0;39m - &amp#27;[32mep-00000070: releasing endpoint
&amp#27;[0;39m2023-05-08 13:19:04,111 [main] &amp#27;[39mDEBUG&amp#27;[0;39m &amp#27;[36mc.g.d.z.s.o.a.h.c.h.i.i.PoolingHttpClientConnectionManager&amp#27;[0;39m - &amp#27;[32mep-00000070: connection http-outgoing-1 can be kept alive for 3 MINUTES
&amp#27;[0;39m2023-05-08 13:19:04,111 [main] &amp#27;[39mDEBUG&amp#27;[0;39m &amp#27;[36mc.g.d.z.s.o.a.h.c.h.i.i.PoolingHttpClientConnectionManager&amp#27;[0;39m - &amp#27;[32mep-00000070: connection released [route: {}->unix://localhost:2375][total available: 1; route allocated: 1 of 2147483647; total allocated: 1 of 2147483647]
&amp#27;[0;39m2023-05-08 13:19:04,111 [main] &amp#27;[39mDEBUG&amp#27;[0;39m &amp#27;[36mtc.mysql:8.0.0&amp#27;[0;39m - &amp#27;[32mTrying to create JDBC connection using com.mysql.cj.jdbc.Driver to jdbc:mysql://localhost:32782/test?useSSL=false&allowPublicKeyRetrieval=true with properties: {password=test, user=test}
&amp#27;[0;39m2023-05-08 13:19:04,212 [main] &amp#27;[39mDEBUG&amp#27;[0;39m &amp#27;[36mo.t.s.c.g.d.c.command.AbstrDockerCmd&amp#27;[0;39m - &amp#27;[32mCmd: 0739339bbc624082fb5e41f62f4a622236ffe4974bf12b2847105b726085e02b,false
&amp#27;[0;39m2023-05-08 13:19:04,213 [main] &amp#27;[39mDEBUG&amp#27;[0;39m &amp#27;[36mo.t.s.c.g.d.c.e.InspectContainerCmdExec&amp#27;[0;39m - &amp#27;[32mGET: DefaultWebTarget{path=[/containers/0739339bbc624082fb5e41f62f4a622236ffe4974bf12b2847105b726085e02b/json], queryParams={}}
&amp#27;[0;39m2023-05-08 13:19:04,213 [main] &amp#27;[39mDEBUG&amp#27;[0;39m &amp#27;[36mc.g.d.z.s.o.a.h.c.h.i.c.InternalHttpClient&amp#27;[0;39m - &amp#27;[32mex-00000072: preparing request execution
&amp#27;[0;39m2023-05-08 13:19:04,213 [main] &amp#27;[39mDEBUG&amp#27;[0;39m &amp#27;[36mc.g.d.z.s.o.a.h.c.h.p.RequestAddCookies&amp#27;[0;39m - &amp#27;[32mCookie spec selected: strict
&amp#27;[0;39m2023-05-08 13:19:04,213 [main] &amp#27;[39mDEBUG&amp#27;[0;39m &amp#27;[36mc.g.d.z.s.o.a.h.c.h.p.RequestAuthCache&amp#27;[0;39m - &amp#27;[32mAuth cache not set in the context
&amp#27;[0;39m2023-05-08 13:19:04,213 [main] &amp#27;[39mDEBUG&amp#27;[0;39m &amp#27;[36mc.g.d.z.s.o.a.h.c.h.i.c.ProtocolExec&amp#27;[0;39m - &amp#27;[32mex-00000072: target auth state: UNCHALLENGED
&amp#27;[0;39m2023-05-08 13:19:04,213 [main] &amp#27;[39mDEBUG&amp#27;[0;39m &amp#27;[36mc.g.d.z.s.o.a.h.c.h.i.c.ProtocolExec&amp#27;[0;39m - &amp#27;[32mex-00000072: proxy auth state: UNCHALLENGED
&amp#27;[0;39m2023-05-08 13:19:04,213 [main] &amp#27;[39mDEBUG&amp#27;[0;39m &amp#27;[36mc.g.d.z.s.o.a.h.c.h.i.c.ConnectExec&amp#27;[0;39m - &amp#27;[32mex-00000072: acquiring connection with route {}->unix://localhost:2375
&amp#27;[0;39m2023-05-08 13:19:04,213 [main] &amp#27;[39mDEBUG&amp#27;[0;39m &amp#27;[36mc.g.d.z.s.o.a.h.c.h.i.c.InternalHttpClient&amp#27;[0;39m - &amp#27;[32mex-00000072: acquiring endpoint (3 MINUTES)
&amp#27;[0;39m2023-05-08 13:19:04,213 [main] &amp#27;[39mDEBUG&amp#27;[0;39m &amp#27;[36mc.g.d.z.s.o.a.h.c.h.i.i.PoolingHttpClientConnectionManager&amp#27;[0;39m - &amp#27;[32mex-00000072: endpoint lease request (3 MINUTES) [route: {}->unix://localhost:2375][total available: 1; route allocated: 1 of 2147483647; total allocated: 1 of 2147483647]
&amp#27;[0;39m2023-05-08 13:19:04,213 [main] &amp#27;[39mDEBUG&amp#27;[0;39m &amp#27;[36mc.g.d.z.s.o.a.h.c.h.i.i.PoolingHttpClientConnectionManager&amp#27;[0;39m - &amp#27;[32mex-00000072: endpoint leased [route: {}->unix://localhost:2375][total available: 0; route allocated: 1 of 2147483647; total allocated: 1 of 2147483647]
&amp#27;[0;39m2023-05-08 13:19:04,213 [main] &amp#27;[39mDEBUG&amp#27;[0;39m &amp#27;[36mc.g.d.z.s.o.a.h.c.h.i.i.PoolingHttpClientConnectionManager&amp#27;[0;39m - &amp#27;[32mex-00000072: acquired ep-00000071
&amp#27;[0;39m2023-05-08 13:19:04,213 [main] &amp#27;[39mDEBUG&amp#27;[0;39m &amp#27;[36mc.g.d.z.s.o.a.h.c.h.i.c.InternalHttpClient&amp#27;[0;39m - &amp#27;[32mex-00000072: acquired endpoint ep-00000071
&amp#27;[0;39m2023-05-08 13:19:04,213 [main] &amp#27;[39mDEBUG&amp#27;[0;39m &amp#27;[36mc.g.d.z.s.o.a.h.c.h.i.c.MainClientExec&amp#27;[0;39m - &amp#27;[32mex-00000072: executing GET /v1.32/containers/0739339bbc624082fb5e41f62f4a622236ffe4974bf12b2847105b726085e02b/json HTTP/1.1
&amp#27;[0;39m2023-05-08 13:19:04,213 [main] &amp#27;[39mDEBUG&amp#27;[0;39m &amp#27;[36mc.g.d.z.s.o.a.h.c.h.i.c.InternalHttpClient&amp#27;[0;39m - &amp#27;[32mep-00000071: start execution ex-00000072
&amp#27;[0;39m2023-05-08 13:19:04,213 [main] &amp#27;[39mDEBUG&amp#27;[0;39m &amp#27;[36mc.g.d.z.s.o.a.h.c.h.i.i.PoolingHttpClientConnectionManager&amp#27;[0;39m - &amp#27;[32mep-00000071: executing exchange ex-00000072 over http-outgoing-1
&amp#27;[0;39m2023-05-08 13:19:04,213 [main] &amp#27;[39mDEBUG&amp#27;[0;39m &amp#27;[36mc.g.d.z.s.o.a.h.client5.http.headers&amp#27;[0;39m - &amp#27;[32mhttp-outgoing-1 >> GET /v1.32/containers/0739339bbc624082fb5e41f62f4a622236ffe4974bf12b2847105b726085e02b/json HTTP/1.1
&amp#27;[0;39m2023-05-08 13:19:04,213 [main] &amp#27;[39mDEBUG&amp#27;[0;39m &amp#27;[36mc.g.d.z.s.o.a.h.client5.http.headers&amp#27;[0;39m - &amp#27;[32mhttp-outgoing-1 >> accept: application/json
&amp#27;[0;39m2023-05-08 13:19:04,213 [main] &amp#27;[39mDEBUG&amp#27;[0;39m &amp#27;[36mc.g.d.z.s.o.a.h.client5.http.headers&amp#27;[0;39m - &amp#27;[32mhttp-outgoing-1 >> x-tc-sid: f1b696c1-ec3f-4f95-afa8-081853be7ccb
&amp#27;[0;39m2023-05-08 13:19:04,213 [main] &amp#27;[39mDEBUG&amp#27;[0;39m &amp#27;[36mc.g.d.z.s.o.a.h.client5.http.headers&amp#27;[0;39m - &amp#27;[32mhttp-outgoing-1 >> Accept-Encoding: gzip, x-gzip, deflate
&amp#27;[0;39m2023-05-08 13:19:04,213 [main] &amp#27;[39mDEBUG&amp#27;[0;39m &amp#27;[36mc.g.d.z.s.o.a.h.client5.http.headers&amp#27;[0;39m - &amp#27;[32mhttp-outgoing-1 >> Host: localhost:2375
&amp#27;[0;39m2023-05-08 13:19:04,213 [main] &amp#27;[39mDEBUG&amp#27;[0;39m &amp#27;[36mc.g.d.z.s.o.a.h.client5.http.headers&amp#27;[0;39m - &amp#27;[32mhttp-outgoing-1 >> Connection: keep-alive
&amp#27;[0;39m2023-05-08 13:19:04,213 [main] &amp#27;[39mDEBUG&amp#27;[0;39m &amp#27;[36mc.g.d.z.s.o.a.h.client5.http.headers&amp#27;[0;39m - &amp#27;[32mhttp-outgoing-1 >> User-Agent: Apache-HttpClient/5.0.3 (Java/17.0.6)
&amp#27;[0;39m2023-05-08 13:19:04,213 [main] &amp#27;[39mDEBUG&amp#27;[0;39m &amp#27;[36mc.g.d.z.s.o.a.hc.client5.http.wire&amp#27;[0;39m - &amp#27;[32mhttp-outgoing-1 >> "GET /v1.32/containers/0739339bbc624082fb5e41f62f4a622236ffe4974bf12b2847105b726085e02b/json HTTP/1.1[\r][\n]"
&amp#27;[0;39m2023-05-08 13:19:04,213 [main] &amp#27;[39mDEBUG&amp#27;[0;39m &amp#27;[36mc.g.d.z.s.o.a.hc.client5.http.wire&amp#27;[0;39m - &amp#27;[32mhttp-outgoing-1 >> "accept: application/json[\r][\n]"
&amp#27;[0;39m2023-05-08 13:19:04,213 [main] &amp#27;[39mDEBUG&amp#27;[0;39m &amp#27;[36mc.g.d.z.s.o.a.hc.client5.http.wire&amp#27;[0;39m - &amp#27;[32mhttp-outgoing-1 >> "x-tc-sid: f1b696c1-ec3f-4f95-afa8-081853be7ccb[\r][\n]"
&amp#27;[0;39m2023-05-08 13:19:04,213 [main] &amp#27;[39mDEBUG&amp#27;[0;39m &amp#27;[36mc.g.d.z.s.o.a.hc.client5.http.wire&amp#27;[0;39m - &amp#27;[32mhttp-outgoing-1 >> "Accept-Encoding: gzip, x-gzip, deflate[\r][\n]"
&amp#27;[0;39m2023-05-08 13:19:04,213 [main] &amp#27;[39mDEBUG&amp#27;[0;39m &amp#27;[36mc.g.d.z.s.o.a.hc.client5.http.wire&amp#27;[0;39m - &amp#27;[32mhttp-outgoing-1 >> "Host: localhost:2375[\r][\n]"
&amp#27;[0;39m2023-05-08 13:19:04,213 [main] &amp#27;[39mDEBUG&amp#27;[0;39m &amp#27;[36mc.g.d.z.s.o.a.hc.client5.http.wire&amp#27;[0;39m - &amp#27;[32mhttp-outgoing-1 >> "Connection: keep-alive[\r][\n]"
&amp#27;[0;39m2023-05-08 13:19:04,213 [main] &amp#27;[39mDEBUG&amp#27;[0;39m &amp#27;[36mc.g.d.z.s.o.a.hc.client5.http.wire&amp#27;[0;39m - &amp#27;[32mhttp-outgoing-1 >> "User-Agent: Apache-HttpClient/5.0.3 (Java/17.0.6)[\r][\n]"
&amp#27;[0;39m2023-05-08 13:19:04,213 [main] &amp#27;[39mDEBUG&amp#27;[0;39m &amp#27;[36mc.g.d.z.s.o.a.hc.client5.http.wire&amp#27;[0;39m - &amp#27;[32mhttp-outgoing-1 >> "[\r][\n]"
&amp#27;[0;39m2023-05-08 13:19:04,214 [main] &amp#27;[39mDEBUG&amp#27;[0;39m &amp#27;[36mc.g.d.z.s.o.a.hc.client5.http.wire&amp#27;[0;39m - &amp#27;[32mhttp-outgoing-1 << "HTTP/1.1 200 OK[\r][\n]"
&amp#27;[0;39m2023-05-08 13:19:04,214 [main] &amp#27;[39mDEBUG&amp#27;[0;39m &amp#27;[36mc.g.d.z.s.o.a.hc.client5.http.wire&amp#27;[0;39m - &amp#27;[32mhttp-outgoing-1 << "Api-Version: 1.42[\r][\n]"
&amp#27;[0;39m2023-05-08 13:19:04,214 [main] &amp#27;[39mDEBUG&amp#27;[0;39m &amp#27;[36mc.g.d.z.s.o.a.hc.client5.http.wire&amp#27;[0;39m - &amp#27;[32mhttp-outgoing-1 << "Content-Type: application/json[\r][\n]"
&amp#27;[0;39m2023-05-08 13:19:04,214 [main] &amp#27;[39mDEBUG&amp#27;[0;39m &amp#27;[36mc.g.d.z.s.o.a.hc.client5.http.wire&amp#27;[0;39m - &amp#27;[32mhttp-outgoing-1 << "Docker-Experimental: false[\r][\n]"
&amp#27;[0;39m2023-05-08 13:19:04,214 [main] &amp#27;[39mDEBUG&amp#27;[0;39m &amp#27;[36mc.g.d.z.s.o.a.hc.client5.http.wire&amp#27;[0;39m - &amp#27;[32mhttp-outgoing-1 << "Ostype: linux[\r][\n]"
&amp#27;[0;39m2023-05-08 13:19:04,214 [main] &amp#27;[39mDEBUG&amp#27;[0;39m &amp#27;[36mc.g.d.z.s.o.a.hc.client5.http.wire&amp#27;[0;39m - &amp#27;[32mhttp-outgoing-1 << "Server: Docker/23.0.5 (linux)[\r][\n]"
&amp#27;[0;39m2023-05-08 13:19:04,214 [main] &amp#27;[39mDEBUG&amp#27;[0;39m &amp#27;[36mc.g.d.z.s.o.a.hc.client5.http.wire&amp#27;[0;39m - &amp#27;[32mhttp-outgoing-1 << "Date: Mon, 08 May 2023 11:19:04 GMT[\r][\n]"
&amp#27;[0;39m2023-05-08 13:19:04,214 [main] &amp#27;[39mDEBUG&amp#27;[0;39m &amp#27;[36mc.g.d.z.s.o.a.hc.client5.http.wire&amp#27;[0;39m - &amp#27;[32mhttp-outgoing-1 << "Transfer-Encoding: chunked[\r][\n]"
&amp#27;[0;39m2023-05-08 13:19:04,214 [main] &amp#27;[39mDEBUG&amp#27;[0;39m &amp#27;[36mc.g.d.z.s.o.a.hc.client5.http.wire&amp#27;[0;39m - &amp#27;[32mhttp-outgoing-1 << "[\r][\n]"
&amp#27;[0;39m2023-05-08 13:19:04,214 [main] &amp#27;[39mDEBUG&amp#27;[0;39m &amp#27;[36mc.g.d.z.s.o.a.hc.client5.http.wire&amp#27;[0;39m - &amp#27;[32mhttp-outgoing-1 << "1893[\r][\n]"
&amp#27;[0;39m2023-05-08 13:19:04,214 [main] &amp#27;[39mDEBUG&amp#27;[0;39m &amp#27;[36mc.g.d.z.s.o.a.hc.client5.http.wire&amp#27;[0;39m - &amp#27;[32mhttp-outgoing-1 << "{"Id":"0739339bbc624082fb5e41f62f4a622236ffe4974bf12b2847105b726085e02b","Created":"2023-05-08T11:19:01.771856188Z","Path":"docker-entrypoint.sh","Args":["mysqld"],"State":{"Status":"running","Running":true,"Paused":false,"Restarting":false,"OOMKilled":false,"Dead":false,"Pid":59514,"ExitCode":0,"Error":"","StartedAt":"2023-05-08T11:19:02.113674386Z","FinishedAt":"0001-01-01T00:00:00Z"},"Image":"sha256:228d71078f8ce5ae9fd96b183f88c3a90e30544b4b7ce9d64a238d05fef2a681","ResolvConfPath":"/var/lib/docker/containers/0739339bbc624082fb5e41f62f4a622236ffe4974bf12b2847105b726085e02b/resolv.conf","HostnamePath":"/var/lib/docker/containers/0739339bbc624082fb5e41f62f4a622236ffe4974bf12b2847105b726085e02b/hostname","HostsPath":"/var/lib/docker/containers/0739339bbc624082fb5e41f62f4a622236ffe4974bf12b2847105b726085e02b/hosts","LogPath":"/var/lib/docker/containers/0739339bbc624082fb5e41f62f4a622236ffe4974bf12b2847105b726085e02b/0739339bbc624082fb5e41f62f4a622236ffe4974bf12b2847105b726085e02b-json.log","Name":"/intelligent_galileo","RestartCount":0,"Driver":"overlay2","Platform":"linux","MountLabel":"","ProcessLabel":"","AppArmorProfile":"docker-default","ExecIDs":null,"HostConfig":{"Binds":[],"ContainerIDFile":"","LogConfig":{"Type":"json-file","Config":{}},"NetworkMode":"default","PortBindings":{"3306/tcp":[{"HostIp":"","HostPort":""}]},"RestartPolicy":{"Name":"","MaximumRetryCount":0},"AutoRemove":false,"VolumeDriver":"","VolumesFrom":[],"ConsoleSize":[0,0],"CapAdd":null,"CapDrop":null,"CgroupnsMode":"private","Dns":null,"DnsOptions":null,"DnsSearch":null,"ExtraHosts":[],"GroupAdd":null,"IpcMode":"shareable","Cgroup":"","Links":null,"OomScoreAdj":0,"PidMode":"","Privileged":false,"PublishAllPorts":false,"ReadonlyRootfs":false,"SecurityOpt":null,"UTSMode":"","UsernsMode":"","ShmSize":67108864,"Runtime":"runc","Isolation":"","CpuShares":0,"Memory":0,"NanoCpus":0,"CgroupParent":"","BlkioWeight":0,"BlkioWeightDevice":null,"BlkioDeviceReadBps":null,"BlkioDeviceWriteBps":null,"BlkioDeviceReadIOps":null,"BlkioDeviceWriteIOps":null,"CpuPeriod":0,"CpuQuota":0,"CpuRealtimePeriod":0,"CpuRealtimeRuntime":0,"CpusetCpus":"","CpusetMems":"","Devices":null,"DeviceCgroupRules":null,"DeviceRequests":null,"MemoryReservation":0,"MemorySwap":0,"MemorySwappiness":null,"OomKillDisable":null,"PidsLimit":null,"Ulimits":null,"CpuCount":0,"CpuPercent":0,"IOMaximumIOps":0,"IOMaximumBandwidth":0,"MaskedPaths":["/proc/asound","/proc/acpi","/proc/kcore","/proc/keys","/proc/latency_stats","/proc/timer_list","/proc/timer_stats","/proc/sched_debug","/proc/scsi","/sys/firmware"],"ReadonlyPaths":["/proc/bus","/proc/fs","/proc/irq","/proc/sys","/proc/sysrq-trigger"]},"GraphDriver":{"Data":{"LowerDir":"/var/lib/docker/overlay2/b481eee7843c17772ada1734203524b4de76785735a50d4c68703d497db0e4ed-init/diff:/var/lib/docker/overlay2/4c6e20f032f02b27a9272f982861dc21998197aa90d94ed3bef95d449380247c/diff:/var/lib/docker/overlay2/0c75f828f603eff839bb3ca448163ab2a8017e86625ac255cd3dbf1673ddac26/diff:/var/lib/docker/overlay2/da128d897fda75829109844ce6cd9d73d0f54c682e735100af000ce899908729/diff:/var/lib/docker/overlay2/b678a1f261bf323afba6d76d91ab7428bdd6e1ef4a39b5224e4a1afd08c0423a/diff:/var/lib/docker/overlay2/1bec43b14875c5f9f814f146e8e31aa78566689c2c163da2ac60a32254988437/diff:/var/lib/docker/overlay2/28f4b1e6e1a7a2dbe30f1f94fb42bccd85a61faf8af1fe30a5bb0d442c525e41/diff:/var/lib/docker/overlay2/0f493124464c291d7c97d2633d5dff04b1dce5de904cb40a34dfbe7fe72e3fd4/diff:/var/lib/docker/overlay2/05befbee9e38cd670e1786b3310e99796dcc06abbed970007b4109a5424843fa/diff:/var/lib/docker/overlay2/582bcca9acfc4eef25109e1e1b9c9d104f355798455bc73e855c99283887a6e8/diff:/var/lib/docker/overlay2/153b3bf0b69e97e8f0e5533414a31ca33fa530e63d174c9617621abe46e7e9d1/diff:/var/lib/docker/overlay2/bf87a76c0a38875ee6e915fd0d2527eafa880ec6bf2c1cb294959428c18d10bd/diff","MergedDir":"/var/lib/docker/overlay2/b481eee7843c17772ada1734203524b4de76785735a50d4c68703d497db0e4ed/merged","UpperDir":"/var/lib/docker/overlay2/b481eee7843c17772ada1734203524b4de76785735a50d4c68703d497db0e4ed/diff","WorkDir":"/var/lib/docker/overlay2/b481eee7843c17772ada1734203524b4de76785735a50d4c68703d497db0e4ed/work"},"Name":"overlay2"},"Mounts":[{"Type":"volume","Name":"ec40278114b76af7b6535b952e685e04a98a51fa16363f5e9f0df1ce601f1dd5","Source":"/var/lib/docker/volumes/ec40278114b76af7b6535b952e685e04a98a51fa16363f5e9f0df1ce601f1dd5/_data","Destination":"/var/lib/mysql","Driver":"local","Mode":"","RW":true,"Propagation":""}],"Config":{"Hostname":"0739339bbc62","Domainname":"","User":"","AttachStdin":false,"AttachStdout":false,"AttachStderr":false,"ExposedPorts":{"3306/tcp":{}},"Tty":false,"OpenStdin":false,"StdinOnce":false,"Env":["MYSQL_DATABASE=test","MYSQL_PASSWORD=test","MYSQL_USER=test","MYSQL_ROOT_PASSWORD=test","PATH=/usr/local/sbin:/usr/local/bin:/usr/sbin:/usr/bin:/sbin:/bin","GOSU_VERSION=1.7","MYSQL_MAJOR=8.0","MYSQL_VERSION=8.0.0-dmr-1debian8"],"Cmd":["mysqld"],"Image":"mysql:8.0.0","Volumes":{"/var/lib/mysql":{}},"WorkingDir":"","Entrypoint":["docker-entrypoint.sh"],"OnBuild":null,"Labels":{"org.testcontainers":"true","org.testcontainers.lang":"java","org.testcontainers.sessionId":"f1b696c1-ec3f-4f95-afa8-081853be7ccb","org.testcontainers.version":"1.18.0"}},"NetworkSettings":{"Bridge":"","SandboxID":"d265e68e2afe307f1ab03fab083f2c0477cba31e9f26759f52b94e045d1847fb","HairpinMode":false,"LinkLocalIPv6Address":"","LinkLocalIPv6PrefixLen":0,"Ports":{"3306/tcp":[{"HostIp":"0.0.0.0","HostPort":"32782"},{"HostIp":"::","HostPort":"32782"}]},"SandboxKey":"/var/run/docker/netns/d265e68e2afe","SecondaryIPAddresses":null,"SecondaryIPv6Addresses":null,"EndpointID":"97b4c81a7665dcad3863174204db678dde492e2a2b2f11f6ef1c683b5d76146b","Gateway":"172.17.0.1","GlobalIPv6Address":"","GlobalIPv6PrefixLen":0,"IPAddress":"172.17.0.3","IPPrefixLen":16,"IPv6Gateway":"","MacAddress":"02:42:ac:11:00:03","Networks":{"bridge":{"IPAMConfig":null,"Links":null,"Aliases":null,"NetworkID":"e1a078e12eb8d77b497ed932f7fb43787eeb6ff6972febd7d03c9282b8b5cd45","EndpointID":"97b4c81a7665dcad3863174204db678dde492e2a2b2f11f6ef1c683b5d76146b","Gateway":"172.17.0.1","IPAddress":"172.17.0.3","IPPrefixLen":16,"IPv6Gateway":"","GlobalIPv6Address":"","GlobalIPv6PrefixLen":0,"MacAddress":"02:42:ac:11:00:03","DriverOpts":null}}}}[\n]"
&amp#27;[0;39m2023-05-08 13:19:04,214 [main] &amp#27;[39mDEBUG&amp#27;[0;39m &amp#27;[36mc.g.d.z.s.o.a.hc.client5.http.wire&amp#27;[0;39m - &amp#27;[32mhttp-outgoing-1 << "[\r][\n]"
&amp#27;[0;39m2023-05-08 13:19:04,214 [main] &amp#27;[39mDEBUG&amp#27;[0;39m &amp#27;[36mc.g.d.z.s.o.a.hc.client5.http.wire&amp#27;[0;39m - &amp#27;[32mhttp-outgoing-1 << "0[\r][\n]"
&amp#27;[0;39m2023-05-08 13:19:04,214 [main] &amp#27;[39mDEBUG&amp#27;[0;39m &amp#27;[36mc.g.d.z.s.o.a.hc.client5.http.wire&amp#27;[0;39m - &amp#27;[32mhttp-outgoing-1 << "[\r][\n]"
&amp#27;[0;39m2023-05-08 13:19:04,214 [main] &amp#27;[39mDEBUG&amp#27;[0;39m &amp#27;[36mc.g.d.z.s.o.a.h.client5.http.headers&amp#27;[0;39m - &amp#27;[32mhttp-outgoing-1 << HTTP/1.1 200 OK
&amp#27;[0;39m2023-05-08 13:19:04,214 [main] &amp#27;[39mDEBUG&amp#27;[0;39m &amp#27;[36mc.g.d.z.s.o.a.h.client5.http.headers&amp#27;[0;39m - &amp#27;[32mhttp-outgoing-1 << Api-Version: 1.42
&amp#27;[0;39m2023-05-08 13:19:04,214 [main] &amp#27;[39mDEBUG&amp#27;[0;39m &amp#27;[36mc.g.d.z.s.o.a.h.client5.http.headers&amp#27;[0;39m - &amp#27;[32mhttp-outgoing-1 << Content-Type: application/json
&amp#27;[0;39m2023-05-08 13:19:04,214 [main] &amp#27;[39mDEBUG&amp#27;[0;39m &amp#27;[36mc.g.d.z.s.o.a.h.client5.http.headers&amp#27;[0;39m - &amp#27;[32mhttp-outgoing-1 << Docker-Experimental: false
&amp#27;[0;39m2023-05-08 13:19:04,214 [main] &amp#27;[39mDEBUG&amp#27;[0;39m &amp#27;[36mc.g.d.z.s.o.a.h.client5.http.headers&amp#27;[0;39m - &amp#27;[32mhttp-outgoing-1 << Ostype: linux
&amp#27;[0;39m2023-05-08 13:19:04,214 [main] &amp#27;[39mDEBUG&amp#27;[0;39m &amp#27;[36mc.g.d.z.s.o.a.h.client5.http.headers&amp#27;[0;39m - &amp#27;[32mhttp-outgoing-1 << Server: Docker/23.0.5 (linux)
&amp#27;[0;39m2023-05-08 13:19:04,214 [main] &amp#27;[39mDEBUG&amp#27;[0;39m &amp#27;[36mc.g.d.z.s.o.a.h.client5.http.headers&amp#27;[0;39m - &amp#27;[32mhttp-outgoing-1 << Date: Mon, 08 May 2023 11:19:04 GMT
&amp#27;[0;39m2023-05-08 13:19:04,214 [main] &amp#27;[39mDEBUG&amp#27;[0;39m &amp#27;[36mc.g.d.z.s.o.a.h.client5.http.headers&amp#27;[0;39m - &amp#27;[32mhttp-outgoing-1 << Transfer-Encoding: chunked
&amp#27;[0;39m2023-05-08 13:19:04,214 [main] &amp#27;[39mDEBUG&amp#27;[0;39m &amp#27;[36mc.g.d.z.s.o.a.h.c.h.i.c.MainClientExec&amp#27;[0;39m - &amp#27;[32mex-00000072: connection can be kept alive for 3 MINUTES
&amp#27;[0;39m2023-05-08 13:19:04,215 [main] &amp#27;[39mDEBUG&amp#27;[0;39m &amp#27;[36mc.g.d.z.s.o.a.h.c.h.i.c.InternalHttpClient&amp#27;[0;39m - &amp#27;[32mep-00000071: releasing valid endpoint
&amp#27;[0;39m2023-05-08 13:19:04,215 [main] &amp#27;[39mDEBUG&amp#27;[0;39m &amp#27;[36mc.g.d.z.s.o.a.h.c.h.i.i.PoolingHttpClientConnectionManager&amp#27;[0;39m - &amp#27;[32mep-00000071: releasing endpoint
&amp#27;[0;39m2023-05-08 13:19:04,215 [main] &amp#27;[39mDEBUG&amp#27;[0;39m &amp#27;[36mc.g.d.z.s.o.a.h.c.h.i.i.PoolingHttpClientConnectionManager&amp#27;[0;39m - &amp#27;[32mep-00000071: connection http-outgoing-1 can be kept alive for 3 MINUTES
&amp#27;[0;39m2023-05-08 13:19:04,215 [main] &amp#27;[39mDEBUG&amp#27;[0;39m &amp#27;[36mc.g.d.z.s.o.a.h.c.h.i.i.PoolingHttpClientConnectionManager&amp#27;[0;39m - &amp#27;[32mep-00000071: connection released [route: {}->unix://localhost:2375][total available: 1; route allocated: 1 of 2147483647; total allocated: 1 of 2147483647]
&amp#27;[0;39m2023-05-08 13:19:04,215 [main] &amp#27;[39mDEBUG&amp#27;[0;39m &amp#27;[36mtc.mysql:8.0.0&amp#27;[0;39m - &amp#27;[32mTrying to create JDBC connection using com.mysql.cj.jdbc.Driver to jdbc:mysql://localhost:32782/test?useSSL=false&allowPublicKeyRetrieval=true with properties: {password=test, user=test}
&amp#27;[0;39m2023-05-08 13:19:04,316 [main] &amp#27;[39mDEBUG&amp#27;[0;39m &amp#27;[36mo.t.s.c.g.d.c.command.AbstrDockerCmd&amp#27;[0;39m - &amp#27;[32mCmd: 0739339bbc624082fb5e41f62f4a622236ffe4974bf12b2847105b726085e02b,false
&amp#27;[0;39m2023-05-08 13:19:04,317 [main] &amp#27;[39mDEBUG&amp#27;[0;39m &amp#27;[36mo.t.s.c.g.d.c.e.InspectContainerCmdExec&amp#27;[0;39m - &amp#27;[32mGET: DefaultWebTarget{path=[/containers/0739339bbc624082fb5e41f62f4a622236ffe4974bf12b2847105b726085e02b/json], queryParams={}}
&amp#27;[0;39m2023-05-08 13:19:04,317 [main] &amp#27;[39mDEBUG&amp#27;[0;39m &amp#27;[36mc.g.d.z.s.o.a.h.c.h.i.c.InternalHttpClient&amp#27;[0;39m - &amp#27;[32mex-00000073: preparing request execution
&amp#27;[0;39m2023-05-08 13:19:04,318 [main] &amp#27;[39mDEBUG&amp#27;[0;39m &amp#27;[36mc.g.d.z.s.o.a.h.c.h.p.RequestAddCookies&amp#27;[0;39m - &amp#27;[32mCookie spec selected: strict
&amp#27;[0;39m2023-05-08 13:19:04,318 [main] &amp#27;[39mDEBUG&amp#27;[0;39m &amp#27;[36mc.g.d.z.s.o.a.h.c.h.p.RequestAuthCache&amp#27;[0;39m - &amp#27;[32mAuth cache not set in the context
&amp#27;[0;39m2023-05-08 13:19:04,318 [main] &amp#27;[39mDEBUG&amp#27;[0;39m &amp#27;[36mc.g.d.z.s.o.a.h.c.h.i.c.ProtocolExec&amp#27;[0;39m - &amp#27;[32mex-00000073: target auth state: UNCHALLENGED
&amp#27;[0;39m2023-05-08 13:19:04,318 [main] &amp#27;[39mDEBUG&amp#27;[0;39m &amp#27;[36mc.g.d.z.s.o.a.h.c.h.i.c.ProtocolExec&amp#27;[0;39m - &amp#27;[32mex-00000073: proxy auth state: UNCHALLENGED
&amp#27;[0;39m2023-05-08 13:19:04,318 [main] &amp#27;[39mDEBUG&amp#27;[0;39m &amp#27;[36mc.g.d.z.s.o.a.h.c.h.i.c.ConnectExec&amp#27;[0;39m - &amp#27;[32mex-00000073: acquiring connection with route {}->unix://localhost:2375
&amp#27;[0;39m2023-05-08 13:19:04,318 [main] &amp#27;[39mDEBUG&amp#27;[0;39m &amp#27;[36mc.g.d.z.s.o.a.h.c.h.i.c.InternalHttpClient&amp#27;[0;39m - &amp#27;[32mex-00000073: acquiring endpoint (3 MINUTES)
&amp#27;[0;39m2023-05-08 13:19:04,318 [main] &amp#27;[39mDEBUG&amp#27;[0;39m &amp#27;[36mc.g.d.z.s.o.a.h.c.h.i.i.PoolingHttpClientConnectionManager&amp#27;[0;39m - &amp#27;[32mex-00000073: endpoint lease request (3 MINUTES) [route: {}->unix://localhost:2375][total available: 1; route allocated: 1 of 2147483647; total allocated: 1 of 2147483647]
&amp#27;[0;39m2023-05-08 13:19:04,318 [main] &amp#27;[39mDEBUG&amp#27;[0;39m &amp#27;[36mc.g.d.z.s.o.a.h.c.h.i.i.PoolingHttpClientConnectionManager&amp#27;[0;39m - &amp#27;[32mex-00000073: endpoint leased [route: {}->unix://localhost:2375][total available: 0; route allocated: 1 of 2147483647; total allocated: 1 of 2147483647]
&amp#27;[0;39m2023-05-08 13:19:04,318 [main] &amp#27;[39mDEBUG&amp#27;[0;39m &amp#27;[36mc.g.d.z.s.o.a.h.c.h.i.i.PoolingHttpClientConnectionManager&amp#27;[0;39m - &amp#27;[32mex-00000073: acquired ep-00000072
&amp#27;[0;39m2023-05-08 13:19:04,318 [main] &amp#27;[39mDEBUG&amp#27;[0;39m &amp#27;[36mc.g.d.z.s.o.a.h.c.h.i.c.InternalHttpClient&amp#27;[0;39m - &amp#27;[32mex-00000073: acquired endpoint ep-00000072
&amp#27;[0;39m2023-05-08 13:19:04,318 [main] &amp#27;[39mDEBUG&amp#27;[0;39m &amp#27;[36mc.g.d.z.s.o.a.h.c.h.i.c.MainClientExec&amp#27;[0;39m - &amp#27;[32mex-00000073: executing GET /v1.32/containers/0739339bbc624082fb5e41f62f4a622236ffe4974bf12b2847105b726085e02b/json HTTP/1.1
&amp#27;[0;39m2023-05-08 13:19:04,318 [main] &amp#27;[39mDEBUG&amp#27;[0;39m &amp#27;[36mc.g.d.z.s.o.a.h.c.h.i.c.InternalHttpClient&amp#27;[0;39m - &amp#27;[32mep-00000072: start execution ex-00000073
&amp#27;[0;39m2023-05-08 13:19:04,318 [main] &amp#27;[39mDEBUG&amp#27;[0;39m &amp#27;[36mc.g.d.z.s.o.a.h.c.h.i.i.PoolingHttpClientConnectionManager&amp#27;[0;39m - &amp#27;[32mep-00000072: executing exchange ex-00000073 over http-outgoing-1
&amp#27;[0;39m2023-05-08 13:19:04,318 [main] &amp#27;[39mDEBUG&amp#27;[0;39m &amp#27;[36mc.g.d.z.s.o.a.h.client5.http.headers&amp#27;[0;39m - &amp#27;[32mhttp-outgoing-1 >> GET /v1.32/containers/0739339bbc624082fb5e41f62f4a622236ffe4974bf12b2847105b726085e02b/json HTTP/1.1
&amp#27;[0;39m2023-05-08 13:19:04,318 [main] &amp#27;[39mDEBUG&amp#27;[0;39m &amp#27;[36mc.g.d.z.s.o.a.h.client5.http.headers&amp#27;[0;39m - &amp#27;[32mhttp-outgoing-1 >> accept: application/json
&amp#27;[0;39m2023-05-08 13:19:04,318 [main] &amp#27;[39mDEBUG&amp#27;[0;39m &amp#27;[36mc.g.d.z.s.o.a.h.client5.http.headers&amp#27;[0;39m - &amp#27;[32mhttp-outgoing-1 >> x-tc-sid: f1b696c1-ec3f-4f95-afa8-081853be7ccb
&amp#27;[0;39m2023-05-08 13:19:04,318 [main] &amp#27;[39mDEBUG&amp#27;[0;39m &amp#27;[36mc.g.d.z.s.o.a.h.client5.http.headers&amp#27;[0;39m - &amp#27;[32mhttp-outgoing-1 >> Accept-Encoding: gzip, x-gzip, deflate
&amp#27;[0;39m2023-05-08 13:19:04,318 [main] &amp#27;[39mDEBUG&amp#27;[0;39m &amp#27;[36mc.g.d.z.s.o.a.h.client5.http.headers&amp#27;[0;39m - &amp#27;[32mhttp-outgoing-1 >> Host: localhost:2375
&amp#27;[0;39m2023-05-08 13:19:04,318 [main] &amp#27;[39mDEBUG&amp#27;[0;39m &amp#27;[36mc.g.d.z.s.o.a.h.client5.http.headers&amp#27;[0;39m - &amp#27;[32mhttp-outgoing-1 >> Connection: keep-alive
&amp#27;[0;39m2023-05-08 13:19:04,318 [main] &amp#27;[39mDEBUG&amp#27;[0;39m &amp#27;[36mc.g.d.z.s.o.a.h.client5.http.headers&amp#27;[0;39m - &amp#27;[32mhttp-outgoing-1 >> User-Agent: Apache-HttpClient/5.0.3 (Java/17.0.6)
&amp#27;[0;39m2023-05-08 13:19:04,318 [main] &amp#27;[39mDEBUG&amp#27;[0;39m &amp#27;[36mc.g.d.z.s.o.a.hc.client5.http.wire&amp#27;[0;39m - &amp#27;[32mhttp-outgoing-1 >> "GET /v1.32/containers/0739339bbc624082fb5e41f62f4a622236ffe4974bf12b2847105b726085e02b/json HTTP/1.1[\r][\n]"
&amp#27;[0;39m2023-05-08 13:19:04,318 [main] &amp#27;[39mDEBUG&amp#27;[0;39m &amp#27;[36mc.g.d.z.s.o.a.hc.client5.http.wire&amp#27;[0;39m - &amp#27;[32mhttp-outgoing-1 >> "accept: application/json[\r][\n]"
&amp#27;[0;39m2023-05-08 13:19:04,318 [main] &amp#27;[39mDEBUG&amp#27;[0;39m &amp#27;[36mc.g.d.z.s.o.a.hc.client5.http.wire&amp#27;[0;39m - &amp#27;[32mhttp-outgoing-1 >> "x-tc-sid: f1b696c1-ec3f-4f95-afa8-081853be7ccb[\r][\n]"
&amp#27;[0;39m2023-05-08 13:19:04,318 [main] &amp#27;[39mDEBUG&amp#27;[0;39m &amp#27;[36mc.g.d.z.s.o.a.hc.client5.http.wire&amp#27;[0;39m - &amp#27;[32mhttp-outgoing-1 >> "Accept-Encoding: gzip, x-gzip, deflate[\r][\n]"
&amp#27;[0;39m2023-05-08 13:19:04,318 [main] &amp#27;[39mDEBUG&amp#27;[0;39m &amp#27;[36mc.g.d.z.s.o.a.hc.client5.http.wire&amp#27;[0;39m - &amp#27;[32mhttp-outgoing-1 >> "Host: localhost:2375[\r][\n]"
&amp#27;[0;39m2023-05-08 13:19:04,318 [main] &amp#27;[39mDEBUG&amp#27;[0;39m &amp#27;[36mc.g.d.z.s.o.a.hc.client5.http.wire&amp#27;[0;39m - &amp#27;[32mhttp-outgoing-1 >> "Connection: keep-alive[\r][\n]"
&amp#27;[0;39m2023-05-08 13:19:04,318 [main] &amp#27;[39mDEBUG&amp#27;[0;39m &amp#27;[36mc.g.d.z.s.o.a.hc.client5.http.wire&amp#27;[0;39m - &amp#27;[32mhttp-outgoing-1 >> "User-Agent: Apache-HttpClient/5.0.3 (Java/17.0.6)[\r][\n]"
&amp#27;[0;39m2023-05-08 13:19:04,318 [main] &amp#27;[39mDEBUG&amp#27;[0;39m &amp#27;[36mc.g.d.z.s.o.a.hc.client5.http.wire&amp#27;[0;39m - &amp#27;[32mhttp-outgoing-1 >> "[\r][\n]"
&amp#27;[0;39m2023-05-08 13:19:04,319 [main] &amp#27;[39mDEBUG&amp#27;[0;39m &amp#27;[36mc.g.d.z.s.o.a.hc.client5.http.wire&amp#27;[0;39m - &amp#27;[32mhttp-outgoing-1 << "HTTP/1.1 200 OK[\r][\n]"
&amp#27;[0;39m2023-05-08 13:19:04,319 [main] &amp#27;[39mDEBUG&amp#27;[0;39m &amp#27;[36mc.g.d.z.s.o.a.hc.client5.http.wire&amp#27;[0;39m - &amp#27;[32mhttp-outgoing-1 << "Api-Version: 1.42[\r][\n]"
&amp#27;[0;39m2023-05-08 13:19:04,319 [main] &amp#27;[39mDEBUG&amp#27;[0;39m &amp#27;[36mc.g.d.z.s.o.a.hc.client5.http.wire&amp#27;[0;39m - &amp#27;[32mhttp-outgoing-1 << "Content-Type: application/json[\r][\n]"
&amp#27;[0;39m2023-05-08 13:19:04,319 [main] &amp#27;[39mDEBUG&amp#27;[0;39m &amp#27;[36mc.g.d.z.s.o.a.hc.client5.http.wire&amp#27;[0;39m - &amp#27;[32mhttp-outgoing-1 << "Docker-Experimental: false[\r][\n]"
&amp#27;[0;39m2023-05-08 13:19:04,319 [main] &amp#27;[39mDEBUG&amp#27;[0;39m &amp#27;[36mc.g.d.z.s.o.a.hc.client5.http.wire&amp#27;[0;39m - &amp#27;[32mhttp-outgoing-1 << "Ostype: linux[\r][\n]"
&amp#27;[0;39m2023-05-08 13:19:04,319 [main] &amp#27;[39mDEBUG&amp#27;[0;39m &amp#27;[36mc.g.d.z.s.o.a.hc.client5.http.wire&amp#27;[0;39m - &amp#27;[32mhttp-outgoing-1 << "Server: Docker/23.0.5 (linux)[\r][\n]"
&amp#27;[0;39m2023-05-08 13:19:04,319 [main] &amp#27;[39mDEBUG&amp#27;[0;39m &amp#27;[36mc.g.d.z.s.o.a.hc.client5.http.wire&amp#27;[0;39m - &amp#27;[32mhttp-outgoing-1 << "Date: Mon, 08 May 2023 11:19:04 GMT[\r][\n]"
&amp#27;[0;39m2023-05-08 13:19:04,319 [main] &amp#27;[39mDEBUG&amp#27;[0;39m &amp#27;[36mc.g.d.z.s.o.a.hc.client5.http.wire&amp#27;[0;39m - &amp#27;[32mhttp-outgoing-1 << "Transfer-Encoding: chunked[\r][\n]"
&amp#27;[0;39m2023-05-08 13:19:04,319 [main] &amp#27;[39mDEBUG&amp#27;[0;39m &amp#27;[36mc.g.d.z.s.o.a.hc.client5.http.wire&amp#27;[0;39m - &amp#27;[32mhttp-outgoing-1 << "[\r][\n]"
&amp#27;[0;39m2023-05-08 13:19:04,319 [main] &amp#27;[39mDEBUG&amp#27;[0;39m &amp#27;[36mc.g.d.z.s.o.a.hc.client5.http.wire&amp#27;[0;39m - &amp#27;[32mhttp-outgoing-1 << "1893[\r][\n]"
&amp#27;[0;39m2023-05-08 13:19:04,319 [main] &amp#27;[39mDEBUG&amp#27;[0;39m &amp#27;[36mc.g.d.z.s.o.a.hc.client5.http.wire&amp#27;[0;39m - &amp#27;[32mhttp-outgoing-1 << "{"Id":"0739339bbc624082fb5e41f62f4a622236ffe4974bf12b2847105b726085e02b","Created":"2023-05-08T11:19:01.771856188Z","Path":"docker-entrypoint.sh","Args":["mysqld"],"State":{"Status":"running","Running":true,"Paused":false,"Restarting":false,"OOMKilled":false,"Dead":false,"Pid":59514,"ExitCode":0,"Error":"","StartedAt":"2023-05-08T11:19:02.113674386Z","FinishedAt":"0001-01-01T00:00:00Z"},"Image":"sha256:228d71078f8ce5ae9fd96b183f88c3a90e30544b4b7ce9d64a238d05fef2a681","ResolvConfPath":"/var/lib/docker/containers/0739339bbc624082fb5e41f62f4a622236ffe4974bf12b2847105b726085e02b/resolv.conf","HostnamePath":"/var/lib/docker/containers/0739339bbc624082fb5e41f62f4a622236ffe4974bf12b2847105b726085e02b/hostname","HostsPath":"/var/lib/docker/containers/0739339bbc624082fb5e41f62f4a622236ffe4974bf12b2847105b726085e02b/hosts","LogPath":"/var/lib/docker/containers/0739339bbc624082fb5e41f62f4a622236ffe4974bf12b2847105b726085e02b/0739339bbc624082fb5e41f62f4a622236ffe4974bf12b2847105b726085e02b-json.log","Name":"/intelligent_galileo","RestartCount":0,"Driver":"overlay2","Platform":"linux","MountLabel":"","ProcessLabel":"","AppArmorProfile":"docker-default","ExecIDs":null,"HostConfig":{"Binds":[],"ContainerIDFile":"","LogConfig":{"Type":"json-file","Config":{}},"NetworkMode":"default","PortBindings":{"3306/tcp":[{"HostIp":"","HostPort":""}]},"RestartPolicy":{"Name":"","MaximumRetryCount":0},"AutoRemove":false,"VolumeDriver":"","VolumesFrom":[],"ConsoleSize":[0,0],"CapAdd":null,"CapDrop":null,"CgroupnsMode":"private","Dns":null,"DnsOptions":null,"DnsSearch":null,"ExtraHosts":[],"GroupAdd":null,"IpcMode":"shareable","Cgroup":"","Links":null,"OomScoreAdj":0,"PidMode":"","Privileged":false,"PublishAllPorts":false,"ReadonlyRootfs":false,"SecurityOpt":null,"UTSMode":"","UsernsMode":"","ShmSize":67108864,"Runtime":"runc","Isolation":"","CpuShares":0,"Memory":0,"NanoCpus":0,"CgroupParent":"","BlkioWeight":0,"BlkioWeightDevice":null,"BlkioDeviceReadBps":null,"BlkioDeviceWriteBps":null,"BlkioDeviceReadIOps":null,"BlkioDeviceWriteIOps":null,"CpuPeriod":0,"CpuQuota":0,"CpuRealtimePeriod":0,"CpuRealtimeRuntime":0,"CpusetCpus":"","CpusetMems":"","Devices":null,"DeviceCgroupRules":null,"DeviceRequests":null,"MemoryReservation":0,"MemorySwap":0,"MemorySwappiness":null,"OomKillDisable":null,"PidsLimit":null,"Ulimits":null,"CpuCount":0,"CpuPercent":0,"IOMaximumIOps":0,"IOMaximumBandwidth":0,"MaskedPaths":["/proc/asound","/proc/acpi","/proc/kcore","/proc/keys","/proc/latency_stats","/proc/timer_list","/proc/timer_stats","/proc/sched_debug","/proc/scsi","/sys/firmware"],"ReadonlyPaths":["/proc/bus","/proc/fs","/proc/irq","/proc/sys","/proc/sysrq-trigger"]},"GraphDriver":{"Data":{"LowerDir":"/var/lib/docker/overlay2/b481eee7843c17772ada1734203524b4de76785735a50d4c68703d497db0e4ed-init/diff:/var/lib/docker/overlay2/4c6e20f032f02b27a9272f982861dc21998197aa90d94ed3bef95d449380247c/diff:/var/lib/docker/overlay2/0c75f828f603eff839bb3ca448163ab2a8017e86625ac255cd3dbf1673ddac26/diff:/var/lib/docker/overlay2/da128d897fda75829109844ce6cd9d73d0f54c682e735100af000ce899908729/diff:/var/lib/docker/overlay2/b678a1f261bf323afba6d76d91ab7428bdd6e1ef4a39b5224e4a1afd08c0423a/diff:/var/lib/docker/overlay2/1bec43b14875c5f9f814f146e8e31aa78566689c2c163da2ac60a32254988437/diff:/var/lib/docker/overlay2/28f4b1e6e1a7a2dbe30f1f94fb42bccd85a61faf8af1fe30a5bb0d442c525e41/diff:/var/lib/docker/overlay2/0f493124464c291d7c97d2633d5dff04b1dce5de904cb40a34dfbe7fe72e3fd4/diff:/var/lib/docker/overlay2/05befbee9e38cd670e1786b3310e99796dcc06abbed970007b4109a5424843fa/diff:/var/lib/docker/overlay2/582bcca9acfc4eef25109e1e1b9c9d104f355798455bc73e855c99283887a6e8/diff:/var/lib/docker/overlay2/153b3bf0b69e97e8f0e5533414a31ca33fa530e63d174c9617621abe46e7e9d1/diff:/var/lib/docker/overlay2/bf87a76c0a38875ee6e915fd0d2527eafa880ec6bf2c1cb294959428c18d10bd/diff","MergedDir":"/var/lib/docker/overlay2/b481eee7843c17772ada1734203524b4de76785735a50d4c68703d497db0e4ed/merged","UpperDir":"/var/lib/docker/overlay2/b481eee7843c17772ada1734203524b4de76785735a50d4c68703d497db0e4ed/diff","WorkDir":"/var/lib/docker/overlay2/b481eee7843c17772ada1734203524b4de76785735a50d4c68703d497db0e4ed/work"},"Name":"overlay2"},"Mounts":[{"Type":"volume","Name":"ec40278114b76af7b6535b952e685e04a98a51fa16363f5e9f0df1ce601f1dd5","Source":"/var/lib/docker/volumes/ec40278114b76af7b6535b952e685e04a98a51fa16363f5e9f0df1ce601f1dd5/_data","Destination":"/var/lib/mysql","Driver":"local","Mode":"","RW":true,"Propagation":""}],"Config":{"Hostname":"0739339bbc62","Domainname":"","User":"","AttachStdin":false,"AttachStdout":false,"AttachStderr":false,"ExposedPorts":{"3306/tcp":{}},"Tty":false,"OpenStdin":false,"StdinOnce":false,"Env":["MYSQL_DATABASE=test","MYSQL_PASSWORD=test","MYSQL_USER=test","MYSQL_ROOT_PASSWORD=test","PATH=/usr/local/sbin:/usr/local/bin:/usr/sbin:/usr/bin:/sbin:/bin","GOSU_VERSION=1.7","MYSQL_MAJOR=8.0","MYSQL_VERSION=8.0.0-dmr-1debian8"],"Cmd":["mysqld"],"Image":"mysql:8.0.0","Volumes":{"/var/lib/mysql":{}},"WorkingDir":"","Entrypoint":["docker-entrypoint.sh"],"OnBuild":null,"Labels":{"org.testcontainers":"true","org.testcontainers.lang":"java","org.testcontainers.sessionId":"f1b696c1-ec3f-4f95-afa8-081853be7ccb","org.testcontainers.version":"1.18.0"}},"NetworkSettings":{"Bridge":"","SandboxID":"d265e68e2afe307f1ab03fab083f2c0477cba31e9f26759f52b94e045d1847fb","HairpinMode":false,"LinkLocalIPv6Address":"","LinkLocalIPv6PrefixLen":0,"Ports":{"3306/tcp":[{"HostIp":"0.0.0.0","HostPort":"32782"},{"HostIp":"::","HostPort":"32782"}]},"SandboxKey":"/var/run/docker/netns/d265e68e2afe","SecondaryIPAddresses":null,"SecondaryIPv6Addresses":null,"EndpointID":"97b4c81a7665dcad3863174204db678dde492e2a2b2f11f6ef1c683b5d76146b","Gateway":"172.17.0.1","GlobalIPv6Address":"","GlobalIPv6PrefixLen":0,"IPAddress":"172.17.0.3","IPPrefixLen":16,"IPv6Gateway":"","MacAddress":"02:42:ac:11:00:03","Networks":{"bridge":{"IPAMConfig":null,"Links":null,"Aliases":null,"NetworkID":"e1a078e12eb8d77b497ed932f7fb43787eeb6ff6972febd7d03c9282b8b5cd45","EndpointID":"97b4c81a7665dcad3863174204db678dde492e2a2b2f11f6ef1c683b5d76146b","Gateway":"172.17.0.1","IPAddress":"172.17.0.3","IPPrefixLen":16,"IPv6Gateway":"","GlobalIPv6Address":"","GlobalIPv6PrefixLen":0,"MacAddress":"02:42:ac:11:00:03","DriverOpts":null}}}}[\n]"
&amp#27;[0;39m2023-05-08 13:19:04,319 [main] &amp#27;[39mDEBUG&amp#27;[0;39m &amp#27;[36mc.g.d.z.s.o.a.hc.client5.http.wire&amp#27;[0;39m - &amp#27;[32mhttp-outgoing-1 << "[\r][\n]"
&amp#27;[0;39m2023-05-08 13:19:04,319 [main] &amp#27;[39mDEBUG&amp#27;[0;39m &amp#27;[36mc.g.d.z.s.o.a.hc.client5.http.wire&amp#27;[0;39m - &amp#27;[32mhttp-outgoing-1 << "0[\r][\n]"
&amp#27;[0;39m2023-05-08 13:19:04,319 [main] &amp#27;[39mDEBUG&amp#27;[0;39m &amp#27;[36mc.g.d.z.s.o.a.hc.client5.http.wire&amp#27;[0;39m - &amp#27;[32mhttp-outgoing-1 << "[\r][\n]"
&amp#27;[0;39m2023-05-08 13:19:04,319 [main] &amp#27;[39mDEBUG&amp#27;[0;39m &amp#27;[36mc.g.d.z.s.o.a.h.client5.http.headers&amp#27;[0;39m - &amp#27;[32mhttp-outgoing-1 << HTTP/1.1 200 OK
&amp#27;[0;39m2023-05-08 13:19:04,319 [main] &amp#27;[39mDEBUG&amp#27;[0;39m &amp#27;[36mc.g.d.z.s.o.a.h.client5.http.headers&amp#27;[0;39m - &amp#27;[32mhttp-outgoing-1 << Api-Version: 1.42
&amp#27;[0;39m2023-05-08 13:19:04,319 [main] &amp#27;[39mDEBUG&amp#27;[0;39m &amp#27;[36mc.g.d.z.s.o.a.h.client5.http.headers&amp#27;[0;39m - &amp#27;[32mhttp-outgoing-1 << Content-Type: application/json
&amp#27;[0;39m2023-05-08 13:19:04,319 [main] &amp#27;[39mDEBUG&amp#27;[0;39m &amp#27;[36mc.g.d.z.s.o.a.h.client5.http.headers&amp#27;[0;39m - &amp#27;[32mhttp-outgoing-1 << Docker-Experimental: false
&amp#27;[0;39m2023-05-08 13:19:04,319 [main] &amp#27;[39mDEBUG&amp#27;[0;39m &amp#27;[36mc.g.d.z.s.o.a.h.client5.http.headers&amp#27;[0;39m - &amp#27;[32mhttp-outgoing-1 << Ostype: linux
&amp#27;[0;39m2023-05-08 13:19:04,319 [main] &amp#27;[39mDEBUG&amp#27;[0;39m &amp#27;[36mc.g.d.z.s.o.a.h.client5.http.headers&amp#27;[0;39m - &amp#27;[32mhttp-outgoing-1 << Server: Docker/23.0.5 (linux)
&amp#27;[0;39m2023-05-08 13:19:04,319 [main] &amp#27;[39mDEBUG&amp#27;[0;39m &amp#27;[36mc.g.d.z.s.o.a.h.client5.http.headers&amp#27;[0;39m - &amp#27;[32mhttp-outgoing-1 << Date: Mon, 08 May 2023 11:19:04 GMT
&amp#27;[0;39m2023-05-08 13:19:04,319 [main] &amp#27;[39mDEBUG&amp#27;[0;39m &amp#27;[36mc.g.d.z.s.o.a.h.client5.http.headers&amp#27;[0;39m - &amp#27;[32mhttp-outgoing-1 << Transfer-Encoding: chunked
&amp#27;[0;39m2023-05-08 13:19:04,319 [main] &amp#27;[39mDEBUG&amp#27;[0;39m &amp#27;[36mc.g.d.z.s.o.a.h.c.h.i.c.MainClientExec&amp#27;[0;39m - &amp#27;[32mex-00000073: connection can be kept alive for 3 MINUTES
&amp#27;[0;39m2023-05-08 13:19:04,320 [main] &amp#27;[39mDEBUG&amp#27;[0;39m &amp#27;[36mc.g.d.z.s.o.a.h.c.h.i.c.InternalHttpClient&amp#27;[0;39m - &amp#27;[32mep-00000072: releasing valid endpoint
&amp#27;[0;39m2023-05-08 13:19:04,320 [main] &amp#27;[39mDEBUG&amp#27;[0;39m &amp#27;[36mc.g.d.z.s.o.a.h.c.h.i.i.PoolingHttpClientConnectionManager&amp#27;[0;39m - &amp#27;[32mep-00000072: releasing endpoint
&amp#27;[0;39m2023-05-08 13:19:04,320 [main] &amp#27;[39mDEBUG&amp#27;[0;39m &amp#27;[36mc.g.d.z.s.o.a.h.c.h.i.i.PoolingHttpClientConnectionManager&amp#27;[0;39m - &amp#27;[32mep-00000072: connection http-outgoing-1 can be kept alive for 3 MINUTES
&amp#27;[0;39m2023-05-08 13:19:04,320 [main] &amp#27;[39mDEBUG&amp#27;[0;39m &amp#27;[36mc.g.d.z.s.o.a.h.c.h.i.i.PoolingHttpClientConnectionManager&amp#27;[0;39m - &amp#27;[32mep-00000072: connection released [route: {}->unix://localhost:2375][total available: 1; route allocated: 1 of 2147483647; total allocated: 1 of 2147483647]
&amp#27;[0;39m2023-05-08 13:19:04,320 [main] &amp#27;[39mDEBUG&amp#27;[0;39m &amp#27;[36mtc.mysql:8.0.0&amp#27;[0;39m - &amp#27;[32mTrying to create JDBC connection using com.mysql.cj.jdbc.Driver to jdbc:mysql://localhost:32782/test?useSSL=false&allowPublicKeyRetrieval=true with properties: {password=test, user=test}
&amp#27;[0;39m2023-05-08 13:19:04,423 [main] &amp#27;[39mDEBUG&amp#27;[0;39m &amp#27;[36mo.t.s.c.g.d.c.command.AbstrDockerCmd&amp#27;[0;39m - &amp#27;[32mCmd: 0739339bbc624082fb5e41f62f4a622236ffe4974bf12b2847105b726085e02b,false
&amp#27;[0;39m2023-05-08 13:19:04,423 [main] &amp#27;[39mDEBUG&amp#27;[0;39m &amp#27;[36mo.t.s.c.g.d.c.e.InspectContainerCmdExec&amp#27;[0;39m - &amp#27;[32mGET: DefaultWebTarget{path=[/containers/0739339bbc624082fb5e41f62f4a622236ffe4974bf12b2847105b726085e02b/json], queryParams={}}
&amp#27;[0;39m2023-05-08 13:19:04,424 [main] &amp#27;[39mDEBUG&amp#27;[0;39m &amp#27;[36mc.g.d.z.s.o.a.h.c.h.i.c.InternalHttpClient&amp#27;[0;39m - &amp#27;[32mex-00000074: preparing request execution
&amp#27;[0;39m2023-05-08 13:19:04,424 [main] &amp#27;[39mDEBUG&amp#27;[0;39m &amp#27;[36mc.g.d.z.s.o.a.h.c.h.p.RequestAddCookies&amp#27;[0;39m - &amp#27;[32mCookie spec selected: strict
&amp#27;[0;39m2023-05-08 13:19:04,424 [main] &amp#27;[39mDEBUG&amp#27;[0;39m &amp#27;[36mc.g.d.z.s.o.a.h.c.h.p.RequestAuthCache&amp#27;[0;39m - &amp#27;[32mAuth cache not set in the context
&amp#27;[0;39m2023-05-08 13:19:04,424 [main] &amp#27;[39mDEBUG&amp#27;[0;39m &amp#27;[36mc.g.d.z.s.o.a.h.c.h.i.c.ProtocolExec&amp#27;[0;39m - &amp#27;[32mex-00000074: target auth state: UNCHALLENGED
&amp#27;[0;39m2023-05-08 13:19:04,424 [main] &amp#27;[39mDEBUG&amp#27;[0;39m &amp#27;[36mc.g.d.z.s.o.a.h.c.h.i.c.ProtocolExec&amp#27;[0;39m - &amp#27;[32mex-00000074: proxy auth state: UNCHALLENGED
&amp#27;[0;39m2023-05-08 13:19:04,424 [main] &amp#27;[39mDEBUG&amp#27;[0;39m &amp#27;[36mc.g.d.z.s.o.a.h.c.h.i.c.ConnectExec&amp#27;[0;39m - &amp#27;[32mex-00000074: acquiring connection with route {}->unix://localhost:2375
&amp#27;[0;39m2023-05-08 13:19:04,424 [main] &amp#27;[39mDEBUG&amp#27;[0;39m &amp#27;[36mc.g.d.z.s.o.a.h.c.h.i.c.InternalHttpClient&amp#27;[0;39m - &amp#27;[32mex-00000074: acquiring endpoint (3 MINUTES)
&amp#27;[0;39m2023-05-08 13:19:04,424 [main] &amp#27;[39mDEBUG&amp#27;[0;39m &amp#27;[36mc.g.d.z.s.o.a.h.c.h.i.i.PoolingHttpClientConnectionManager&amp#27;[0;39m - &amp#27;[32mex-00000074: endpoint lease request (3 MINUTES) [route: {}->unix://localhost:2375][total available: 1; route allocated: 1 of 2147483647; total allocated: 1 of 2147483647]
&amp#27;[0;39m2023-05-08 13:19:04,424 [main] &amp#27;[39mDEBUG&amp#27;[0;39m &amp#27;[36mc.g.d.z.s.o.a.h.c.h.i.i.PoolingHttpClientConnectionManager&amp#27;[0;39m - &amp#27;[32mex-00000074: endpoint leased [route: {}->unix://localhost:2375][total available: 0; route allocated: 1 of 2147483647; total allocated: 1 of 2147483647]
&amp#27;[0;39m2023-05-08 13:19:04,424 [main] &amp#27;[39mDEBUG&amp#27;[0;39m &amp#27;[36mc.g.d.z.s.o.a.h.c.h.i.i.PoolingHttpClientConnectionManager&amp#27;[0;39m - &amp#27;[32mex-00000074: acquired ep-00000073
&amp#27;[0;39m2023-05-08 13:19:04,424 [main] &amp#27;[39mDEBUG&amp#27;[0;39m &amp#27;[36mc.g.d.z.s.o.a.h.c.h.i.c.InternalHttpClient&amp#27;[0;39m - &amp#27;[32mex-00000074: acquired endpoint ep-00000073
&amp#27;[0;39m2023-05-08 13:19:04,424 [main] &amp#27;[39mDEBUG&amp#27;[0;39m &amp#27;[36mc.g.d.z.s.o.a.h.c.h.i.c.MainClientExec&amp#27;[0;39m - &amp#27;[32mex-00000074: executing GET /v1.32/containers/0739339bbc624082fb5e41f62f4a622236ffe4974bf12b2847105b726085e02b/json HTTP/1.1
&amp#27;[0;39m2023-05-08 13:19:04,424 [main] &amp#27;[39mDEBUG&amp#27;[0;39m &amp#27;[36mc.g.d.z.s.o.a.h.c.h.i.c.InternalHttpClient&amp#27;[0;39m - &amp#27;[32mep-00000073: start execution ex-00000074
&amp#27;[0;39m2023-05-08 13:19:04,424 [main] &amp#27;[39mDEBUG&amp#27;[0;39m &amp#27;[36mc.g.d.z.s.o.a.h.c.h.i.i.PoolingHttpClientConnectionManager&amp#27;[0;39m - &amp#27;[32mep-00000073: executing exchange ex-00000074 over http-outgoing-1
&amp#27;[0;39m2023-05-08 13:19:04,424 [main] &amp#27;[39mDEBUG&amp#27;[0;39m &amp#27;[36mc.g.d.z.s.o.a.h.client5.http.headers&amp#27;[0;39m - &amp#27;[32mhttp-outgoing-1 >> GET /v1.32/containers/0739339bbc624082fb5e41f62f4a622236ffe4974bf12b2847105b726085e02b/json HTTP/1.1
&amp#27;[0;39m2023-05-08 13:19:04,424 [main] &amp#27;[39mDEBUG&amp#27;[0;39m &amp#27;[36mc.g.d.z.s.o.a.h.client5.http.headers&amp#27;[0;39m - &amp#27;[32mhttp-outgoing-1 >> accept: application/json
&amp#27;[0;39m2023-05-08 13:19:04,424 [main] &amp#27;[39mDEBUG&amp#27;[0;39m &amp#27;[36mc.g.d.z.s.o.a.h.client5.http.headers&amp#27;[0;39m - &amp#27;[32mhttp-outgoing-1 >> x-tc-sid: f1b696c1-ec3f-4f95-afa8-081853be7ccb
&amp#27;[0;39m2023-05-08 13:19:04,424 [main] &amp#27;[39mDEBUG&amp#27;[0;39m &amp#27;[36mc.g.d.z.s.o.a.h.client5.http.headers&amp#27;[0;39m - &amp#27;[32mhttp-outgoing-1 >> Accept-Encoding: gzip, x-gzip, deflate
&amp#27;[0;39m2023-05-08 13:19:04,424 [main] &amp#27;[39mDEBUG&amp#27;[0;39m &amp#27;[36mc.g.d.z.s.o.a.h.client5.http.headers&amp#27;[0;39m - &amp#27;[32mhttp-outgoing-1 >> Host: localhost:2375
&amp#27;[0;39m2023-05-08 13:19:04,424 [main] &amp#27;[39mDEBUG&amp#27;[0;39m &amp#27;[36mc.g.d.z.s.o.a.h.client5.http.headers&amp#27;[0;39m - &amp#27;[32mhttp-outgoing-1 >> Connection: keep-alive
&amp#27;[0;39m2023-05-08 13:19:04,424 [main] &amp#27;[39mDEBUG&amp#27;[0;39m &amp#27;[36mc.g.d.z.s.o.a.h.client5.http.headers&amp#27;[0;39m - &amp#27;[32mhttp-outgoing-1 >> User-Agent: Apache-HttpClient/5.0.3 (Java/17.0.6)
&amp#27;[0;39m2023-05-08 13:19:04,424 [main] &amp#27;[39mDEBUG&amp#27;[0;39m &amp#27;[36mc.g.d.z.s.o.a.hc.client5.http.wire&amp#27;[0;39m - &amp#27;[32mhttp-outgoing-1 >> "GET /v1.32/containers/0739339bbc624082fb5e41f62f4a622236ffe4974bf12b2847105b726085e02b/json HTTP/1.1[\r][\n]"
&amp#27;[0;39m2023-05-08 13:19:04,424 [main] &amp#27;[39mDEBUG&amp#27;[0;39m &amp#27;[36mc.g.d.z.s.o.a.hc.client5.http.wire&amp#27;[0;39m - &amp#27;[32mhttp-outgoing-1 >> "accept: application/json[\r][\n]"
&amp#27;[0;39m2023-05-08 13:19:04,424 [main] &amp#27;[39mDEBUG&amp#27;[0;39m &amp#27;[36mc.g.d.z.s.o.a.hc.client5.http.wire&amp#27;[0;39m - &amp#27;[32mhttp-outgoing-1 >> "x-tc-sid: f1b696c1-ec3f-4f95-afa8-081853be7ccb[\r][\n]"
&amp#27;[0;39m2023-05-08 13:19:04,424 [main] &amp#27;[39mDEBUG&amp#27;[0;39m &amp#27;[36mc.g.d.z.s.o.a.hc.client5.http.wire&amp#27;[0;39m - &amp#27;[32mhttp-outgoing-1 >> "Accept-Encoding: gzip, x-gzip, deflate[\r][\n]"
&amp#27;[0;39m2023-05-08 13:19:04,424 [main] &amp#27;[39mDEBUG&amp#27;[0;39m &amp#27;[36mc.g.d.z.s.o.a.hc.client5.http.wire&amp#27;[0;39m - &amp#27;[32mhttp-outgoing-1 >> "Host: localhost:2375[\r][\n]"
&amp#27;[0;39m2023-05-08 13:19:04,424 [main] &amp#27;[39mDEBUG&amp#27;[0;39m &amp#27;[36mc.g.d.z.s.o.a.hc.client5.http.wire&amp#27;[0;39m - &amp#27;[32mhttp-outgoing-1 >> "Connection: keep-alive[\r][\n]"
&amp#27;[0;39m2023-05-08 13:19:04,424 [main] &amp#27;[39mDEBUG&amp#27;[0;39m &amp#27;[36mc.g.d.z.s.o.a.hc.client5.http.wire&amp#27;[0;39m - &amp#27;[32mhttp-outgoing-1 >> "User-Agent: Apache-HttpClient/5.0.3 (Java/17.0.6)[\r][\n]"
&amp#27;[0;39m2023-05-08 13:19:04,424 [main] &amp#27;[39mDEBUG&amp#27;[0;39m &amp#27;[36mc.g.d.z.s.o.a.hc.client5.http.wire&amp#27;[0;39m - &amp#27;[32mhttp-outgoing-1 >> "[\r][\n]"
&amp#27;[0;39m2023-05-08 13:19:04,425 [main] &amp#27;[39mDEBUG&amp#27;[0;39m &amp#27;[36mc.g.d.z.s.o.a.hc.client5.http.wire&amp#27;[0;39m - &amp#27;[32mhttp-outgoing-1 << "HTTP/1.1 200 OK[\r][\n]"
&amp#27;[0;39m2023-05-08 13:19:04,426 [main] &amp#27;[39mDEBUG&amp#27;[0;39m &amp#27;[36mc.g.d.z.s.o.a.hc.client5.http.wire&amp#27;[0;39m - &amp#27;[32mhttp-outgoing-1 << "Api-Version: 1.42[\r][\n]"
&amp#27;[0;39m2023-05-08 13:19:04,426 [main] &amp#27;[39mDEBUG&amp#27;[0;39m &amp#27;[36mc.g.d.z.s.o.a.hc.client5.http.wire&amp#27;[0;39m - &amp#27;[32mhttp-outgoing-1 << "Content-Type: application/json[\r][\n]"
&amp#27;[0;39m2023-05-08 13:19:04,426 [main] &amp#27;[39mDEBUG&amp#27;[0;39m &amp#27;[36mc.g.d.z.s.o.a.hc.client5.http.wire&amp#27;[0;39m - &amp#27;[32mhttp-outgoing-1 << "Docker-Experimental: false[\r][\n]"
&amp#27;[0;39m2023-05-08 13:19:04,426 [main] &amp#27;[39mDEBUG&amp#27;[0;39m &amp#27;[36mc.g.d.z.s.o.a.hc.client5.http.wire&amp#27;[0;39m - &amp#27;[32mhttp-outgoing-1 << "Ostype: linux[\r][\n]"
&amp#27;[0;39m2023-05-08 13:19:04,426 [main] &amp#27;[39mDEBUG&amp#27;[0;39m &amp#27;[36mc.g.d.z.s.o.a.hc.client5.http.wire&amp#27;[0;39m - &amp#27;[32mhttp-outgoing-1 << "Server: Docker/23.0.5 (linux)[\r][\n]"
&amp#27;[0;39m2023-05-08 13:19:04,426 [main] &amp#27;[39mDEBUG&amp#27;[0;39m &amp#27;[36mc.g.d.z.s.o.a.hc.client5.http.wire&amp#27;[0;39m - &amp#27;[32mhttp-outgoing-1 << "Date: Mon, 08 May 2023 11:19:04 GMT[\r][\n]"
&amp#27;[0;39m2023-05-08 13:19:04,426 [main] &amp#27;[39mDEBUG&amp#27;[0;39m &amp#27;[36mc.g.d.z.s.o.a.hc.client5.http.wire&amp#27;[0;39m - &amp#27;[32mhttp-outgoing-1 << "Transfer-Encoding: chunked[\r][\n]"
&amp#27;[0;39m2023-05-08 13:19:04,426 [main] &amp#27;[39mDEBUG&amp#27;[0;39m &amp#27;[36mc.g.d.z.s.o.a.hc.client5.http.wire&amp#27;[0;39m - &amp#27;[32mhttp-outgoing-1 << "[\r][\n]"
&amp#27;[0;39m2023-05-08 13:19:04,426 [main] &amp#27;[39mDEBUG&amp#27;[0;39m &amp#27;[36mc.g.d.z.s.o.a.hc.client5.http.wire&amp#27;[0;39m - &amp#27;[32mhttp-outgoing-1 << "1893[\r][\n]"
&amp#27;[0;39m2023-05-08 13:19:04,426 [main] &amp#27;[39mDEBUG&amp#27;[0;39m &amp#27;[36mc.g.d.z.s.o.a.hc.client5.http.wire&amp#27;[0;39m - &amp#27;[32mhttp-outgoing-1 << "{"Id":"0739339bbc624082fb5e41f62f4a622236ffe4974bf12b2847105b726085e02b","Created":"2023-05-08T11:19:01.771856188Z","Path":"docker-entrypoint.sh","Args":["mysqld"],"State":{"Status":"running","Running":true,"Paused":false,"Restarting":false,"OOMKilled":false,"Dead":false,"Pid":59514,"ExitCode":0,"Error":"","StartedAt":"2023-05-08T11:19:02.113674386Z","FinishedAt":"0001-01-01T00:00:00Z"},"Image":"sha256:228d71078f8ce5ae9fd96b183f88c3a90e30544b4b7ce9d64a238d05fef2a681","ResolvConfPath":"/var/lib/docker/containers/0739339bbc624082fb5e41f62f4a622236ffe4974bf12b2847105b726085e02b/resolv.conf","HostnamePath":"/var/lib/docker/containers/0739339bbc624082fb5e41f62f4a622236ffe4974bf12b2847105b726085e02b/hostname","HostsPath":"/var/lib/docker/containers/0739339bbc624082fb5e41f62f4a622236ffe4974bf12b2847105b726085e02b/hosts","LogPath":"/var/lib/docker/containers/0739339bbc624082fb5e41f62f4a622236ffe4974bf12b2847105b726085e02b/0739339bbc624082fb5e41f62f4a622236ffe4974bf12b2847105b726085e02b-json.log","Name":"/intelligent_galileo","RestartCount":0,"Driver":"overlay2","Platform":"linux","MountLabel":"","ProcessLabel":"","AppArmorProfile":"docker-default","ExecIDs":null,"HostConfig":{"Binds":[],"ContainerIDFile":"","LogConfig":{"Type":"json-file","Config":{}},"NetworkMode":"default","PortBindings":{"3306/tcp":[{"HostIp":"","HostPort":""}]},"RestartPolicy":{"Name":"","MaximumRetryCount":0},"AutoRemove":false,"VolumeDriver":"","VolumesFrom":[],"ConsoleSize":[0,0],"CapAdd":null,"CapDrop":null,"CgroupnsMode":"private","Dns":null,"DnsOptions":null,"DnsSearch":null,"ExtraHosts":[],"GroupAdd":null,"IpcMode":"shareable","Cgroup":"","Links":null,"OomScoreAdj":0,"PidMode":"","Privileged":false,"PublishAllPorts":false,"ReadonlyRootfs":false,"SecurityOpt":null,"UTSMode":"","UsernsMode":"","ShmSize":67108864,"Runtime":"runc","Isolation":"","CpuShares":0,"Memory":0,"NanoCpus":0,"CgroupParent":"","BlkioWeight":0,"BlkioWeightDevice":null,"BlkioDeviceReadBps":null,"BlkioDeviceWriteBps":null,"BlkioDeviceReadIOps":null,"BlkioDeviceWriteIOps":null,"CpuPeriod":0,"CpuQuota":0,"CpuRealtimePeriod":0,"CpuRealtimeRuntime":0,"CpusetCpus":"","CpusetMems":"","Devices":null,"DeviceCgroupRules":null,"DeviceRequests":null,"MemoryReservation":0,"MemorySwap":0,"MemorySwappiness":null,"OomKillDisable":null,"PidsLimit":null,"Ulimits":null,"CpuCount":0,"CpuPercent":0,"IOMaximumIOps":0,"IOMaximumBandwidth":0,"MaskedPaths":["/proc/asound","/proc/acpi","/proc/kcore","/proc/keys","/proc/latency_stats","/proc/timer_list","/proc/timer_stats","/proc/sched_debug","/proc/scsi","/sys/firmware"],"ReadonlyPaths":["/proc/bus","/proc/fs","/proc/irq","/proc/sys","/proc/sysrq-trigger"]},"GraphDriver":{"Data":{"LowerDir":"/var/lib/docker/overlay2/b481eee7843c17772ada1734203524b4de76785735a50d4c68703d497db0e4ed-init/diff:/var/lib/docker/overlay2/4c6e20f032f02b27a9272f982861dc21998197aa90d94ed3bef95d449380247c/diff:/var/lib/docker/overlay2/0c75f828f603eff839bb3ca448163ab2a8017e86625ac255cd3dbf1673ddac26/diff:/var/lib/docker/overlay2/da128d897fda75829109844ce6cd9d73d0f54c682e735100af000ce899908729/diff:/var/lib/docker/overlay2/b678a1f261bf323afba6d76d91ab7428bdd6e1ef4a39b5224e4a1afd08c0423a/diff:/var/lib/docker/overlay2/1bec43b14875c5f9f814f146e8e31aa78566689c2c163da2ac60a32254988437/diff:/var/lib/docker/overlay2/28f4b1e6e1a7a2dbe30f1f94fb42bccd85a61faf8af1fe30a5bb0d442c525e41/diff:/var/lib/docker/overlay2/0f493124464c291d7c97d2633d5dff04b1dce5de904cb40a34dfbe7fe72e3fd4/diff:/var/lib/docker/overlay2/05befbee9e38cd670e1786b3310e99796dcc06abbed970007b4109a5424843fa/diff:/var/lib/docker/overlay2/582bcca9acfc4eef25109e1e1b9c9d104f355798455bc73e855c99283887a6e8/diff:/var/lib/docker/overlay2/153b3bf0b69e97e8f0e5533414a31ca33fa530e63d174c9617621abe46e7e9d1/diff:/var/lib/docker/overlay2/bf87a76c0a38875ee6e915fd0d2527eafa880ec6bf2c1cb294959428c18d10bd/diff","MergedDir":"/var/lib/docker/overlay2/b481eee7843c17772ada1734203524b4de76785735a50d4c68703d497db0e4ed/merged","UpperDir":"/var/lib/docker/overlay2/b481eee7843c17772ada1734203524b4de76785735a50d4c68703d497db0e4ed/diff","WorkDir":"/var/lib/docker/overlay2/b481eee7843c17772ada1734203524b4de76785735a50d4c68703d497db0e4ed/work"},"Name":"overlay2"},"Mounts":[{"Type":"volume","Name":"ec40278114b76af7b6535b952e685e04a98a51fa16363f5e9f0df1ce601f1dd5","Source":"/var/lib/docker/volumes/ec40278114b76af7b6535b952e685e04a98a51fa16363f5e9f0df1ce601f1dd5/_data","Destination":"/var/lib/mysql","Driver":"local","Mode":"","RW":true,"Propagation":""}],"Config":{"Hostname":"0739339bbc62","Domainname":"","User":"","AttachStdin":false,"AttachStdout":false,"AttachStderr":false,"ExposedPorts":{"3306/tcp":{}},"Tty":false,"OpenStdin":false,"StdinOnce":false,"Env":["MYSQL_DATABASE=test","MYSQL_PASSWORD=test","MYSQL_USER=test","MYSQL_ROOT_PASSWORD=test","PATH=/usr/local/sbin:/usr/local/bin:/usr/sbin:/usr/bin:/sbin:/bin","GOSU_VERSION=1.7","MYSQL_MAJOR=8.0","MYSQL_VERSION=8.0.0-dmr-1debian8"],"Cmd":["mysqld"],"Image":"mysql:8.0.0","Volumes":{"/var/lib/mysql":{}},"WorkingDir":"","Entrypoint":["docker-entrypoint.sh"],"OnBuild":null,"Labels":{"org.testcontainers":"true","org.testcontainers.lang":"java","org.testcontainers.sessionId":"f1b696c1-ec3f-4f95-afa8-081853be7ccb","org.testcontainers.version":"1.18.0"}},"NetworkSettings":{"Bridge":"","SandboxID":"d265e68e2afe307f1ab03fab083f2c0477cba31e9f26759f52b94e045d1847fb","HairpinMode":false,"LinkLocalIPv6Address":"","LinkLocalIPv6PrefixLen":0,"Ports":{"3306/tcp":[{"HostIp":"0.0.0.0","HostPort":"32782"},{"HostIp":"::","HostPort":"32782"}]},"SandboxKey":"/var/run/docker/netns/d265e68e2afe","SecondaryIPAddresses":null,"SecondaryIPv6Addresses":null,"EndpointID":"97b4c81a7665dcad3863174204db678dde492e2a2b2f11f6ef1c683b5d76146b","Gateway":"172.17.0.1","GlobalIPv6Address":"","GlobalIPv6PrefixLen":0,"IPAddress":"172.17.0.3","IPPrefixLen":16,"IPv6Gateway":"","MacAddress":"02:42:ac:11:00:03","Networks":{"bridge":{"IPAMConfig":null,"Links":null,"Aliases":null,"NetworkID":"e1a078e12eb8d77b497ed932f7fb43787eeb6ff6972febd7d03c9282b8b5cd45","EndpointID":"97b4c81a7665dcad3863174204db678dde492e2a2b2f11f6ef1c683b5d76146b","Gateway":"172.17.0.1","IPAddress":"172.17.0.3","IPPrefixLen":16,"IPv6Gateway":"","GlobalIPv6Address":"","GlobalIPv6PrefixLen":0,"MacAddress":"02:42:ac:11:00:03","DriverOpts":null}}}}[\n]"
&amp#27;[0;39m2023-05-08 13:19:04,426 [main] &amp#27;[39mDEBUG&amp#27;[0;39m &amp#27;[36mc.g.d.z.s.o.a.hc.client5.http.wire&amp#27;[0;39m - &amp#27;[32mhttp-outgoing-1 << "[\r][\n]"
&amp#27;[0;39m2023-05-08 13:19:04,426 [main] &amp#27;[39mDEBUG&amp#27;[0;39m &amp#27;[36mc.g.d.z.s.o.a.hc.client5.http.wire&amp#27;[0;39m - &amp#27;[32mhttp-outgoing-1 << "0[\r][\n]"
&amp#27;[0;39m2023-05-08 13:19:04,426 [main] &amp#27;[39mDEBUG&amp#27;[0;39m &amp#27;[36mc.g.d.z.s.o.a.hc.client5.http.wire&amp#27;[0;39m - &amp#27;[32mhttp-outgoing-1 << "[\r][\n]"
&amp#27;[0;39m2023-05-08 13:19:04,426 [main] &amp#27;[39mDEBUG&amp#27;[0;39m &amp#27;[36mc.g.d.z.s.o.a.h.client5.http.headers&amp#27;[0;39m - &amp#27;[32mhttp-outgoing-1 << HTTP/1.1 200 OK
&amp#27;[0;39m2023-05-08 13:19:04,426 [main] &amp#27;[39mDEBUG&amp#27;[0;39m &amp#27;[36mc.g.d.z.s.o.a.h.client5.http.headers&amp#27;[0;39m - &amp#27;[32mhttp-outgoing-1 << Api-Version: 1.42
&amp#27;[0;39m2023-05-08 13:19:04,426 [main] &amp#27;[39mDEBUG&amp#27;[0;39m &amp#27;[36mc.g.d.z.s.o.a.h.client5.http.headers&amp#27;[0;39m - &amp#27;[32mhttp-outgoing-1 << Content-Type: application/json
&amp#27;[0;39m2023-05-08 13:19:04,426 [main] &amp#27;[39mDEBUG&amp#27;[0;39m &amp#27;[36mc.g.d.z.s.o.a.h.client5.http.headers&amp#27;[0;39m - &amp#27;[32mhttp-outgoing-1 << Docker-Experimental: false
&amp#27;[0;39m2023-05-08 13:19:04,426 [main] &amp#27;[39mDEBUG&amp#27;[0;39m &amp#27;[36mc.g.d.z.s.o.a.h.client5.http.headers&amp#27;[0;39m - &amp#27;[32mhttp-outgoing-1 << Ostype: linux
&amp#27;[0;39m2023-05-08 13:19:04,426 [main] &amp#27;[39mDEBUG&amp#27;[0;39m &amp#27;[36mc.g.d.z.s.o.a.h.client5.http.headers&amp#27;[0;39m - &amp#27;[32mhttp-outgoing-1 << Server: Docker/23.0.5 (linux)
&amp#27;[0;39m2023-05-08 13:19:04,426 [main] &amp#27;[39mDEBUG&amp#27;[0;39m &amp#27;[36mc.g.d.z.s.o.a.h.client5.http.headers&amp#27;[0;39m - &amp#27;[32mhttp-outgoing-1 << Date: Mon, 08 May 2023 11:19:04 GMT
&amp#27;[0;39m2023-05-08 13:19:04,426 [main] &amp#27;[39mDEBUG&amp#27;[0;39m &amp#27;[36mc.g.d.z.s.o.a.h.client5.http.headers&amp#27;[0;39m - &amp#27;[32mhttp-outgoing-1 << Transfer-Encoding: chunked
&amp#27;[0;39m2023-05-08 13:19:04,426 [main] &amp#27;[39mDEBUG&amp#27;[0;39m &amp#27;[36mc.g.d.z.s.o.a.h.c.h.i.c.MainClientExec&amp#27;[0;39m - &amp#27;[32mex-00000074: connection can be kept alive for 3 MINUTES
&amp#27;[0;39m2023-05-08 13:19:04,427 [main] &amp#27;[39mDEBUG&amp#27;[0;39m &amp#27;[36mc.g.d.z.s.o.a.h.c.h.i.c.InternalHttpClient&amp#27;[0;39m - &amp#27;[32mep-00000073: releasing valid endpoint
&amp#27;[0;39m2023-05-08 13:19:04,427 [main] &amp#27;[39mDEBUG&amp#27;[0;39m &amp#27;[36mc.g.d.z.s.o.a.h.c.h.i.i.PoolingHttpClientConnectionManager&amp#27;[0;39m - &amp#27;[32mep-00000073: releasing endpoint
&amp#27;[0;39m2023-05-08 13:19:04,427 [main] &amp#27;[39mDEBUG&amp#27;[0;39m &amp#27;[36mc.g.d.z.s.o.a.h.c.h.i.i.PoolingHttpClientConnectionManager&amp#27;[0;39m - &amp#27;[32mep-00000073: connection http-outgoing-1 can be kept alive for 3 MINUTES
&amp#27;[0;39m2023-05-08 13:19:04,427 [main] &amp#27;[39mDEBUG&amp#27;[0;39m &amp#27;[36mc.g.d.z.s.o.a.h.c.h.i.i.PoolingHttpClientConnectionManager&amp#27;[0;39m - &amp#27;[32mep-00000073: connection released [route: {}->unix://localhost:2375][total available: 1; route allocated: 1 of 2147483647; total allocated: 1 of 2147483647]
&amp#27;[0;39m2023-05-08 13:19:04,428 [main] &amp#27;[39mDEBUG&amp#27;[0;39m &amp#27;[36mtc.mysql:8.0.0&amp#27;[0;39m - &amp#27;[32mTrying to create JDBC connection using com.mysql.cj.jdbc.Driver to jdbc:mysql://localhost:32782/test?useSSL=false&allowPublicKeyRetrieval=true with properties: {password=test, user=test}
&amp#27;[0;39m2023-05-08 13:19:04,530 [main] &amp#27;[39mDEBUG&amp#27;[0;39m &amp#27;[36mo.t.s.c.g.d.c.command.AbstrDockerCmd&amp#27;[0;39m - &amp#27;[32mCmd: 0739339bbc624082fb5e41f62f4a622236ffe4974bf12b2847105b726085e02b,false
&amp#27;[0;39m2023-05-08 13:19:04,531 [main] &amp#27;[39mDEBUG&amp#27;[0;39m &amp#27;[36mo.t.s.c.g.d.c.e.InspectContainerCmdExec&amp#27;[0;39m - &amp#27;[32mGET: DefaultWebTarget{path=[/containers/0739339bbc624082fb5e41f62f4a622236ffe4974bf12b2847105b726085e02b/json], queryParams={}}
&amp#27;[0;39m2023-05-08 13:19:04,531 [main] &amp#27;[39mDEBUG&amp#27;[0;39m &amp#27;[36mc.g.d.z.s.o.a.h.c.h.i.c.InternalHttpClient&amp#27;[0;39m - &amp#27;[32mex-00000075: preparing request execution
&amp#27;[0;39m2023-05-08 13:19:04,531 [main] &amp#27;[39mDEBUG&amp#27;[0;39m &amp#27;[36mc.g.d.z.s.o.a.h.c.h.p.RequestAddCookies&amp#27;[0;39m - &amp#27;[32mCookie spec selected: strict
&amp#27;[0;39m2023-05-08 13:19:04,531 [main] &amp#27;[39mDEBUG&amp#27;[0;39m &amp#27;[36mc.g.d.z.s.o.a.h.c.h.p.RequestAuthCache&amp#27;[0;39m - &amp#27;[32mAuth cache not set in the context
&amp#27;[0;39m2023-05-08 13:19:04,531 [main] &amp#27;[39mDEBUG&amp#27;[0;39m &amp#27;[36mc.g.d.z.s.o.a.h.c.h.i.c.ProtocolExec&amp#27;[0;39m - &amp#27;[32mex-00000075: target auth state: UNCHALLENGED
&amp#27;[0;39m2023-05-08 13:19:04,531 [main] &amp#27;[39mDEBUG&amp#27;[0;39m &amp#27;[36mc.g.d.z.s.o.a.h.c.h.i.c.ProtocolExec&amp#27;[0;39m - &amp#27;[32mex-00000075: proxy auth state: UNCHALLENGED
&amp#27;[0;39m2023-05-08 13:19:04,531 [main] &amp#27;[39mDEBUG&amp#27;[0;39m &amp#27;[36mc.g.d.z.s.o.a.h.c.h.i.c.ConnectExec&amp#27;[0;39m - &amp#27;[32mex-00000075: acquiring connection with route {}->unix://localhost:2375
&amp#27;[0;39m2023-05-08 13:19:04,531 [main] &amp#27;[39mDEBUG&amp#27;[0;39m &amp#27;[36mc.g.d.z.s.o.a.h.c.h.i.c.InternalHttpClient&amp#27;[0;39m - &amp#27;[32mex-00000075: acquiring endpoint (3 MINUTES)
&amp#27;[0;39m2023-05-08 13:19:04,531 [main] &amp#27;[39mDEBUG&amp#27;[0;39m &amp#27;[36mc.g.d.z.s.o.a.h.c.h.i.i.PoolingHttpClientConnectionManager&amp#27;[0;39m - &amp#27;[32mex-00000075: endpoint lease request (3 MINUTES) [route: {}->unix://localhost:2375][total available: 1; route allocated: 1 of 2147483647; total allocated: 1 of 2147483647]
&amp#27;[0;39m2023-05-08 13:19:04,531 [main] &amp#27;[39mDEBUG&amp#27;[0;39m &amp#27;[36mc.g.d.z.s.o.a.h.c.h.i.i.PoolingHttpClientConnectionManager&amp#27;[0;39m - &amp#27;[32mex-00000075: endpoint leased [route: {}->unix://localhost:2375][total available: 0; route allocated: 1 of 2147483647; total allocated: 1 of 2147483647]
&amp#27;[0;39m2023-05-08 13:19:04,531 [main] &amp#27;[39mDEBUG&amp#27;[0;39m &amp#27;[36mc.g.d.z.s.o.a.h.c.h.i.i.PoolingHttpClientConnectionManager&amp#27;[0;39m - &amp#27;[32mex-00000075: acquired ep-00000074
&amp#27;[0;39m2023-05-08 13:19:04,531 [main] &amp#27;[39mDEBUG&amp#27;[0;39m &amp#27;[36mc.g.d.z.s.o.a.h.c.h.i.c.InternalHttpClient&amp#27;[0;39m - &amp#27;[32mex-00000075: acquired endpoint ep-00000074
&amp#27;[0;39m2023-05-08 13:19:04,531 [main] &amp#27;[39mDEBUG&amp#27;[0;39m &amp#27;[36mc.g.d.z.s.o.a.h.c.h.i.c.MainClientExec&amp#27;[0;39m - &amp#27;[32mex-00000075: executing GET /v1.32/containers/0739339bbc624082fb5e41f62f4a622236ffe4974bf12b2847105b726085e02b/json HTTP/1.1
&amp#27;[0;39m2023-05-08 13:19:04,531 [main] &amp#27;[39mDEBUG&amp#27;[0;39m &amp#27;[36mc.g.d.z.s.o.a.h.c.h.i.c.InternalHttpClient&amp#27;[0;39m - &amp#27;[32mep-00000074: start execution ex-00000075
&amp#27;[0;39m2023-05-08 13:19:04,531 [main] &amp#27;[39mDEBUG&amp#27;[0;39m &amp#27;[36mc.g.d.z.s.o.a.h.c.h.i.i.PoolingHttpClientConnectionManager&amp#27;[0;39m - &amp#27;[32mep-00000074: executing exchange ex-00000075 over http-outgoing-1
&amp#27;[0;39m2023-05-08 13:19:04,531 [main] &amp#27;[39mDEBUG&amp#27;[0;39m &amp#27;[36mc.g.d.z.s.o.a.h.client5.http.headers&amp#27;[0;39m - &amp#27;[32mhttp-outgoing-1 >> GET /v1.32/containers/0739339bbc624082fb5e41f62f4a622236ffe4974bf12b2847105b726085e02b/json HTTP/1.1
&amp#27;[0;39m2023-05-08 13:19:04,531 [main] &amp#27;[39mDEBUG&amp#27;[0;39m &amp#27;[36mc.g.d.z.s.o.a.h.client5.http.headers&amp#27;[0;39m - &amp#27;[32mhttp-outgoing-1 >> accept: application/json
&amp#27;[0;39m2023-05-08 13:19:04,531 [main] &amp#27;[39mDEBUG&amp#27;[0;39m &amp#27;[36mc.g.d.z.s.o.a.h.client5.http.headers&amp#27;[0;39m - &amp#27;[32mhttp-outgoing-1 >> x-tc-sid: f1b696c1-ec3f-4f95-afa8-081853be7ccb
&amp#27;[0;39m2023-05-08 13:19:04,531 [main] &amp#27;[39mDEBUG&amp#27;[0;39m &amp#27;[36mc.g.d.z.s.o.a.h.client5.http.headers&amp#27;[0;39m - &amp#27;[32mhttp-outgoing-1 >> Accept-Encoding: gzip, x-gzip, deflate
&amp#27;[0;39m2023-05-08 13:19:04,531 [main] &amp#27;[39mDEBUG&amp#27;[0;39m &amp#27;[36mc.g.d.z.s.o.a.h.client5.http.headers&amp#27;[0;39m - &amp#27;[32mhttp-outgoing-1 >> Host: localhost:2375
&amp#27;[0;39m2023-05-08 13:19:04,531 [main] &amp#27;[39mDEBUG&amp#27;[0;39m &amp#27;[36mc.g.d.z.s.o.a.h.client5.http.headers&amp#27;[0;39m - &amp#27;[32mhttp-outgoing-1 >> Connection: keep-alive
&amp#27;[0;39m2023-05-08 13:19:04,531 [main] &amp#27;[39mDEBUG&amp#27;[0;39m &amp#27;[36mc.g.d.z.s.o.a.h.client5.http.headers&amp#27;[0;39m - &amp#27;[32mhttp-outgoing-1 >> User-Agent: Apache-HttpClient/5.0.3 (Java/17.0.6)
&amp#27;[0;39m2023-05-08 13:19:04,531 [main] &amp#27;[39mDEBUG&amp#27;[0;39m &amp#27;[36mc.g.d.z.s.o.a.hc.client5.http.wire&amp#27;[0;39m - &amp#27;[32mhttp-outgoing-1 >> "GET /v1.32/containers/0739339bbc624082fb5e41f62f4a622236ffe4974bf12b2847105b726085e02b/json HTTP/1.1[\r][\n]"
&amp#27;[0;39m2023-05-08 13:19:04,531 [main] &amp#27;[39mDEBUG&amp#27;[0;39m &amp#27;[36mc.g.d.z.s.o.a.hc.client5.http.wire&amp#27;[0;39m - &amp#27;[32mhttp-outgoing-1 >> "accept: application/json[\r][\n]"
&amp#27;[0;39m2023-05-08 13:19:04,531 [main] &amp#27;[39mDEBUG&amp#27;[0;39m &amp#27;[36mc.g.d.z.s.o.a.hc.client5.http.wire&amp#27;[0;39m - &amp#27;[32mhttp-outgoing-1 >> "x-tc-sid: f1b696c1-ec3f-4f95-afa8-081853be7ccb[\r][\n]"
&amp#27;[0;39m2023-05-08 13:19:04,531 [main] &amp#27;[39mDEBUG&amp#27;[0;39m &amp#27;[36mc.g.d.z.s.o.a.hc.client5.http.wire&amp#27;[0;39m - &amp#27;[32mhttp-outgoing-1 >> "Accept-Encoding: gzip, x-gzip, deflate[\r][\n]"
&amp#27;[0;39m2023-05-08 13:19:04,531 [main] &amp#27;[39mDEBUG&amp#27;[0;39m &amp#27;[36mc.g.d.z.s.o.a.hc.client5.http.wire&amp#27;[0;39m - &amp#27;[32mhttp-outgoing-1 >> "Host: localhost:2375[\r][\n]"
&amp#27;[0;39m2023-05-08 13:19:04,531 [main] &amp#27;[39mDEBUG&amp#27;[0;39m &amp#27;[36mc.g.d.z.s.o.a.hc.client5.http.wire&amp#27;[0;39m - &amp#27;[32mhttp-outgoing-1 >> "Connection: keep-alive[\r][\n]"
&amp#27;[0;39m2023-05-08 13:19:04,531 [main] &amp#27;[39mDEBUG&amp#27;[0;39m &amp#27;[36mc.g.d.z.s.o.a.hc.client5.http.wire&amp#27;[0;39m - &amp#27;[32mhttp-outgoing-1 >> "User-Agent: Apache-HttpClient/5.0.3 (Java/17.0.6)[\r][\n]"
&amp#27;[0;39m2023-05-08 13:19:04,531 [main] &amp#27;[39mDEBUG&amp#27;[0;39m &amp#27;[36mc.g.d.z.s.o.a.hc.client5.http.wire&amp#27;[0;39m - &amp#27;[32mhttp-outgoing-1 >> "[\r][\n]"
&amp#27;[0;39m2023-05-08 13:19:04,532 [main] &amp#27;[39mDEBUG&amp#27;[0;39m &amp#27;[36mc.g.d.z.s.o.a.hc.client5.http.wire&amp#27;[0;39m - &amp#27;[32mhttp-outgoing-1 << "HTTP/1.1 200 OK[\r][\n]"
&amp#27;[0;39m2023-05-08 13:19:04,532 [main] &amp#27;[39mDEBUG&amp#27;[0;39m &amp#27;[36mc.g.d.z.s.o.a.hc.client5.http.wire&amp#27;[0;39m - &amp#27;[32mhttp-outgoing-1 << "Api-Version: 1.42[\r][\n]"
&amp#27;[0;39m2023-05-08 13:19:04,532 [main] &amp#27;[39mDEBUG&amp#27;[0;39m &amp#27;[36mc.g.d.z.s.o.a.hc.client5.http.wire&amp#27;[0;39m - &amp#27;[32mhttp-outgoing-1 << "Content-Type: application/json[\r][\n]"
&amp#27;[0;39m2023-05-08 13:19:04,532 [main] &amp#27;[39mDEBUG&amp#27;[0;39m &amp#27;[36mc.g.d.z.s.o.a.hc.client5.http.wire&amp#27;[0;39m - &amp#27;[32mhttp-outgoing-1 << "Docker-Experimental: false[\r][\n]"
&amp#27;[0;39m2023-05-08 13:19:04,532 [main] &amp#27;[39mDEBUG&amp#27;[0;39m &amp#27;[36mc.g.d.z.s.o.a.hc.client5.http.wire&amp#27;[0;39m - &amp#27;[32mhttp-outgoing-1 << "Ostype: linux[\r][\n]"
&amp#27;[0;39m2023-05-08 13:19:04,532 [main] &amp#27;[39mDEBUG&amp#27;[0;39m &amp#27;[36mc.g.d.z.s.o.a.hc.client5.http.wire&amp#27;[0;39m - &amp#27;[32mhttp-outgoing-1 << "Server: Docker/23.0.5 (linux)[\r][\n]"
&amp#27;[0;39m2023-05-08 13:19:04,532 [main] &amp#27;[39mDEBUG&amp#27;[0;39m &amp#27;[36mc.g.d.z.s.o.a.hc.client5.http.wire&amp#27;[0;39m - &amp#27;[32mhttp-outgoing-1 << "Date: Mon, 08 May 2023 11:19:04 GMT[\r][\n]"
&amp#27;[0;39m2023-05-08 13:19:04,532 [main] &amp#27;[39mDEBUG&amp#27;[0;39m &amp#27;[36mc.g.d.z.s.o.a.hc.client5.http.wire&amp#27;[0;39m - &amp#27;[32mhttp-outgoing-1 << "Transfer-Encoding: chunked[\r][\n]"
&amp#27;[0;39m2023-05-08 13:19:04,532 [main] &amp#27;[39mDEBUG&amp#27;[0;39m &amp#27;[36mc.g.d.z.s.o.a.hc.client5.http.wire&amp#27;[0;39m - &amp#27;[32mhttp-outgoing-1 << "[\r][\n]"
&amp#27;[0;39m2023-05-08 13:19:04,532 [main] &amp#27;[39mDEBUG&amp#27;[0;39m &amp#27;[36mc.g.d.z.s.o.a.hc.client5.http.wire&amp#27;[0;39m - &amp#27;[32mhttp-outgoing-1 << "1893[\r][\n]"
&amp#27;[0;39m2023-05-08 13:19:04,532 [main] &amp#27;[39mDEBUG&amp#27;[0;39m &amp#27;[36mc.g.d.z.s.o.a.hc.client5.http.wire&amp#27;[0;39m - &amp#27;[32mhttp-outgoing-1 << "{"Id":"0739339bbc624082fb5e41f62f4a622236ffe4974bf12b2847105b726085e02b","Created":"2023-05-08T11:19:01.771856188Z","Path":"docker-entrypoint.sh","Args":["mysqld"],"State":{"Status":"running","Running":true,"Paused":false,"Restarting":false,"OOMKilled":false,"Dead":false,"Pid":59514,"ExitCode":0,"Error":"","StartedAt":"2023-05-08T11:19:02.113674386Z","FinishedAt":"0001-01-01T00:00:00Z"},"Image":"sha256:228d71078f8ce5ae9fd96b183f88c3a90e30544b4b7ce9d64a238d05fef2a681","ResolvConfPath":"/var/lib/docker/containers/0739339bbc624082fb5e41f62f4a622236ffe4974bf12b2847105b726085e02b/resolv.conf","HostnamePath":"/var/lib/docker/containers/0739339bbc624082fb5e41f62f4a622236ffe4974bf12b2847105b726085e02b/hostname","HostsPath":"/var/lib/docker/containers/0739339bbc624082fb5e41f62f4a622236ffe4974bf12b2847105b726085e02b/hosts","LogPath":"/var/lib/docker/containers/0739339bbc624082fb5e41f62f4a622236ffe4974bf12b2847105b726085e02b/0739339bbc624082fb5e41f62f4a622236ffe4974bf12b2847105b726085e02b-json.log","Name":"/intelligent_galileo","RestartCount":0,"Driver":"overlay2","Platform":"linux","MountLabel":"","ProcessLabel":"","AppArmorProfile":"docker-default","ExecIDs":null,"HostConfig":{"Binds":[],"ContainerIDFile":"","LogConfig":{"Type":"json-file","Config":{}},"NetworkMode":"default","PortBindings":{"3306/tcp":[{"HostIp":"","HostPort":""}]},"RestartPolicy":{"Name":"","MaximumRetryCount":0},"AutoRemove":false,"VolumeDriver":"","VolumesFrom":[],"ConsoleSize":[0,0],"CapAdd":null,"CapDrop":null,"CgroupnsMode":"private","Dns":null,"DnsOptions":null,"DnsSearch":null,"ExtraHosts":[],"GroupAdd":null,"IpcMode":"shareable","Cgroup":"","Links":null,"OomScoreAdj":0,"PidMode":"","Privileged":false,"PublishAllPorts":false,"ReadonlyRootfs":false,"SecurityOpt":null,"UTSMode":"","UsernsMode":"","ShmSize":67108864,"Runtime":"runc","Isolation":"","CpuShares":0,"Memory":0,"NanoCpus":0,"CgroupParent":"","BlkioWeight":0,"BlkioWeightDevice":null,"BlkioDeviceReadBps":null,"BlkioDeviceWriteBps":null,"BlkioDeviceReadIOps":null,"BlkioDeviceWriteIOps":null,"CpuPeriod":0,"CpuQuota":0,"CpuRealtimePeriod":0,"CpuRealtimeRuntime":0,"CpusetCpus":"","CpusetMems":"","Devices":null,"DeviceCgroupRules":null,"DeviceRequests":null,"MemoryReservation":0,"MemorySwap":0,"MemorySwappiness":null,"OomKillDisable":null,"PidsLimit":null,"Ulimits":null,"CpuCount":0,"CpuPercent":0,"IOMaximumIOps":0,"IOMaximumBandwidth":0,"MaskedPaths":["/proc/asound","/proc/acpi","/proc/kcore","/proc/keys","/proc/latency_stats","/proc/timer_list","/proc/timer_stats","/proc/sched_debug","/proc/scsi","/sys/firmware"],"ReadonlyPaths":["/proc/bus","/proc/fs","/proc/irq","/proc/sys","/proc/sysrq-trigger"]},"GraphDriver":{"Data":{"LowerDir":"/var/lib/docker/overlay2/b481eee7843c17772ada1734203524b4de76785735a50d4c68703d497db0e4ed-init/diff:/var/lib/docker/overlay2/4c6e20f032f02b27a9272f982861dc21998197aa90d94ed3bef95d449380247c/diff:/var/lib/docker/overlay2/0c75f828f603eff839bb3ca448163ab2a8017e86625ac255cd3dbf1673ddac26/diff:/var/lib/docker/overlay2/da128d897fda75829109844ce6cd9d73d0f54c682e735100af000ce899908729/diff:/var/lib/docker/overlay2/b678a1f261bf323afba6d76d91ab7428bdd6e1ef4a39b5224e4a1afd08c0423a/diff:/var/lib/docker/overlay2/1bec43b14875c5f9f814f146e8e31aa78566689c2c163da2ac60a32254988437/diff:/var/lib/docker/overlay2/28f4b1e6e1a7a2dbe30f1f94fb42bccd85a61faf8af1fe30a5bb0d442c525e41/diff:/var/lib/docker/overlay2/0f493124464c291d7c97d2633d5dff04b1dce5de904cb40a34dfbe7fe72e3fd4/diff:/var/lib/docker/overlay2/05befbee9e38cd670e1786b3310e99796dcc06abbed970007b4109a5424843fa/diff:/var/lib/docker/overlay2/582bcca9acfc4eef25109e1e1b9c9d104f355798455bc73e855c99283887a6e8/diff:/var/lib/docker/overlay2/153b3bf0b69e97e8f0e5533414a31ca33fa530e63d174c9617621abe46e7e9d1/diff:/var/lib/docker/overlay2/bf87a76c0a38875ee6e915fd0d2527eafa880ec6bf2c1cb294959428c18d10bd/diff","MergedDir":"/var/lib/docker/overlay2/b481eee7843c17772ada1734203524b4de76785735a50d4c68703d497db0e4ed/merged","UpperDir":"/var/lib/docker/overlay2/b481eee7843c17772ada1734203524b4de76785735a50d4c68703d497db0e4ed/diff","WorkDir":"/var/lib/docker/overlay2/b481eee7843c17772ada1734203524b4de76785735a50d4c68703d497db0e4ed/work"},"Name":"overlay2"},"Mounts":[{"Type":"volume","Name":"ec40278114b76af7b6535b952e685e04a98a51fa16363f5e9f0df1ce601f1dd5","Source":"/var/lib/docker/volumes/ec40278114b76af7b6535b952e685e04a98a51fa16363f5e9f0df1ce601f1dd5/_data","Destination":"/var/lib/mysql","Driver":"local","Mode":"","RW":true,"Propagation":""}],"Config":{"Hostname":"0739339bbc62","Domainname":"","User":"","AttachStdin":false,"AttachStdout":false,"AttachStderr":false,"ExposedPorts":{"3306/tcp":{}},"Tty":false,"OpenStdin":false,"StdinOnce":false,"Env":["MYSQL_DATABASE=test","MYSQL_PASSWORD=test","MYSQL_USER=test","MYSQL_ROOT_PASSWORD=test","PATH=/usr/local/sbin:/usr/local/bin:/usr/sbin:/usr/bin:/sbin:/bin","GOSU_VERSION=1.7","MYSQL_MAJOR=8.0","MYSQL_VERSION=8.0.0-dmr-1debian8"],"Cmd":["mysqld"],"Image":"mysql:8.0.0","Volumes":{"/var/lib/mysql":{}},"WorkingDir":"","Entrypoint":["docker-entrypoint.sh"],"OnBuild":null,"Labels":{"org.testcontainers":"true","org.testcontainers.lang":"java","org.testcontainers.sessionId":"f1b696c1-ec3f-4f95-afa8-081853be7ccb","org.testcontainers.version":"1.18.0"}},"NetworkSettings":{"Bridge":"","SandboxID":"d265e68e2afe307f1ab03fab083f2c0477cba31e9f26759f52b94e045d1847fb","HairpinMode":false,"LinkLocalIPv6Address":"","LinkLocalIPv6PrefixLen":0,"Ports":{"3306/tcp":[{"HostIp":"0.0.0.0","HostPort":"32782"},{"HostIp":"::","HostPort":"32782"}]},"SandboxKey":"/var/run/docker/netns/d265e68e2afe","SecondaryIPAddresses":null,"SecondaryIPv6Addresses":null,"EndpointID":"97b4c81a7665dcad3863174204db678dde492e2a2b2f11f6ef1c683b5d76146b","Gateway":"172.17.0.1","GlobalIPv6Address":"","GlobalIPv6PrefixLen":0,"IPAddress":"172.17.0.3","IPPrefixLen":16,"IPv6Gateway":"","MacAddress":"02:42:ac:11:00:03","Networks":{"bridge":{"IPAMConfig":null,"Links":null,"Aliases":null,"NetworkID":"e1a078e12eb8d77b497ed932f7fb43787eeb6ff6972febd7d03c9282b8b5cd45","EndpointID":"97b4c81a7665dcad3863174204db678dde492e2a2b2f11f6ef1c683b5d76146b","Gateway":"172.17.0.1","IPAddress":"172.17.0.3","IPPrefixLen":16,"IPv6Gateway":"","GlobalIPv6Address":"","GlobalIPv6PrefixLen":0,"MacAddress":"02:42:ac:11:00:03","DriverOpts":null}}}}[\n]"
&amp#27;[0;39m2023-05-08 13:19:04,532 [main] &amp#27;[39mDEBUG&amp#27;[0;39m &amp#27;[36mc.g.d.z.s.o.a.hc.client5.http.wire&amp#27;[0;39m - &amp#27;[32mhttp-outgoing-1 << "[\r][\n]"
&amp#27;[0;39m2023-05-08 13:19:04,532 [main] &amp#27;[39mDEBUG&amp#27;[0;39m &amp#27;[36mc.g.d.z.s.o.a.hc.client5.http.wire&amp#27;[0;39m - &amp#27;[32mhttp-outgoing-1 << "0[\r][\n]"
&amp#27;[0;39m2023-05-08 13:19:04,532 [main] &amp#27;[39mDEBUG&amp#27;[0;39m &amp#27;[36mc.g.d.z.s.o.a.hc.client5.http.wire&amp#27;[0;39m - &amp#27;[32mhttp-outgoing-1 << "[\r][\n]"
&amp#27;[0;39m2023-05-08 13:19:04,532 [main] &amp#27;[39mDEBUG&amp#27;[0;39m &amp#27;[36mc.g.d.z.s.o.a.h.client5.http.headers&amp#27;[0;39m - &amp#27;[32mhttp-outgoing-1 << HTTP/1.1 200 OK
&amp#27;[0;39m2023-05-08 13:19:04,532 [main] &amp#27;[39mDEBUG&amp#27;[0;39m &amp#27;[36mc.g.d.z.s.o.a.h.client5.http.headers&amp#27;[0;39m - &amp#27;[32mhttp-outgoing-1 << Api-Version: 1.42
&amp#27;[0;39m2023-05-08 13:19:04,532 [main] &amp#27;[39mDEBUG&amp#27;[0;39m &amp#27;[36mc.g.d.z.s.o.a.h.client5.http.headers&amp#27;[0;39m - &amp#27;[32mhttp-outgoing-1 << Content-Type: application/json
&amp#27;[0;39m2023-05-08 13:19:04,532 [main] &amp#27;[39mDEBUG&amp#27;[0;39m &amp#27;[36mc.g.d.z.s.o.a.h.client5.http.headers&amp#27;[0;39m - &amp#27;[32mhttp-outgoing-1 << Docker-Experimental: false
&amp#27;[0;39m2023-05-08 13:19:04,532 [main] &amp#27;[39mDEBUG&amp#27;[0;39m &amp#27;[36mc.g.d.z.s.o.a.h.client5.http.headers&amp#27;[0;39m - &amp#27;[32mhttp-outgoing-1 << Ostype: linux
&amp#27;[0;39m2023-05-08 13:19:04,532 [main] &amp#27;[39mDEBUG&amp#27;[0;39m &amp#27;[36mc.g.d.z.s.o.a.h.client5.http.headers&amp#27;[0;39m - &amp#27;[32mhttp-outgoing-1 << Server: Docker/23.0.5 (linux)
&amp#27;[0;39m2023-05-08 13:19:04,532 [main] &amp#27;[39mDEBUG&amp#27;[0;39m &amp#27;[36mc.g.d.z.s.o.a.h.client5.http.headers&amp#27;[0;39m - &amp#27;[32mhttp-outgoing-1 << Date: Mon, 08 May 2023 11:19:04 GMT
&amp#27;[0;39m2023-05-08 13:19:04,532 [main] &amp#27;[39mDEBUG&amp#27;[0;39m &amp#27;[36mc.g.d.z.s.o.a.h.client5.http.headers&amp#27;[0;39m - &amp#27;[32mhttp-outgoing-1 << Transfer-Encoding: chunked
&amp#27;[0;39m2023-05-08 13:19:04,532 [main] &amp#27;[39mDEBUG&amp#27;[0;39m &amp#27;[36mc.g.d.z.s.o.a.h.c.h.i.c.MainClientExec&amp#27;[0;39m - &amp#27;[32mex-00000075: connection can be kept alive for 3 MINUTES
&amp#27;[0;39m2023-05-08 13:19:04,533 [main] &amp#27;[39mDEBUG&amp#27;[0;39m &amp#27;[36mc.g.d.z.s.o.a.h.c.h.i.c.InternalHttpClient&amp#27;[0;39m - &amp#27;[32mep-00000074: releasing valid endpoint
&amp#27;[0;39m2023-05-08 13:19:04,533 [main] &amp#27;[39mDEBUG&amp#27;[0;39m &amp#27;[36mc.g.d.z.s.o.a.h.c.h.i.i.PoolingHttpClientConnectionManager&amp#27;[0;39m - &amp#27;[32mep-00000074: releasing endpoint
&amp#27;[0;39m2023-05-08 13:19:04,533 [main] &amp#27;[39mDEBUG&amp#27;[0;39m &amp#27;[36mc.g.d.z.s.o.a.h.c.h.i.i.PoolingHttpClientConnectionManager&amp#27;[0;39m - &amp#27;[32mep-00000074: connection http-outgoing-1 can be kept alive for 3 MINUTES
&amp#27;[0;39m2023-05-08 13:19:04,533 [main] &amp#27;[39mDEBUG&amp#27;[0;39m &amp#27;[36mc.g.d.z.s.o.a.h.c.h.i.i.PoolingHttpClientConnectionManager&amp#27;[0;39m - &amp#27;[32mep-00000074: connection released [route: {}->unix://localhost:2375][total available: 1; route allocated: 1 of 2147483647; total allocated: 1 of 2147483647]
&amp#27;[0;39m2023-05-08 13:19:04,533 [main] &amp#27;[39mDEBUG&amp#27;[0;39m &amp#27;[36mtc.mysql:8.0.0&amp#27;[0;39m - &amp#27;[32mTrying to create JDBC connection using com.mysql.cj.jdbc.Driver to jdbc:mysql://localhost:32782/test?useSSL=false&allowPublicKeyRetrieval=true with properties: {password=test, user=test}
&amp#27;[0;39m2023-05-08 13:19:04,635 [main] &amp#27;[39mDEBUG&amp#27;[0;39m &amp#27;[36mo.t.s.c.g.d.c.command.AbstrDockerCmd&amp#27;[0;39m - &amp#27;[32mCmd: 0739339bbc624082fb5e41f62f4a622236ffe4974bf12b2847105b726085e02b,false
&amp#27;[0;39m2023-05-08 13:19:04,635 [main] &amp#27;[39mDEBUG&amp#27;[0;39m &amp#27;[36mo.t.s.c.g.d.c.e.InspectContainerCmdExec&amp#27;[0;39m - &amp#27;[32mGET: DefaultWebTarget{path=[/containers/0739339bbc624082fb5e41f62f4a622236ffe4974bf12b2847105b726085e02b/json], queryParams={}}
&amp#27;[0;39m2023-05-08 13:19:04,635 [main] &amp#27;[39mDEBUG&amp#27;[0;39m &amp#27;[36mc.g.d.z.s.o.a.h.c.h.i.c.InternalHttpClient&amp#27;[0;39m - &amp#27;[32mex-00000076: preparing request execution
&amp#27;[0;39m2023-05-08 13:19:04,635 [main] &amp#27;[39mDEBUG&amp#27;[0;39m &amp#27;[36mc.g.d.z.s.o.a.h.c.h.p.RequestAddCookies&amp#27;[0;39m - &amp#27;[32mCookie spec selected: strict
&amp#27;[0;39m2023-05-08 13:19:04,635 [main] &amp#27;[39mDEBUG&amp#27;[0;39m &amp#27;[36mc.g.d.z.s.o.a.h.c.h.p.RequestAuthCache&amp#27;[0;39m - &amp#27;[32mAuth cache not set in the context
&amp#27;[0;39m2023-05-08 13:19:04,635 [main] &amp#27;[39mDEBUG&amp#27;[0;39m &amp#27;[36mc.g.d.z.s.o.a.h.c.h.i.c.ProtocolExec&amp#27;[0;39m - &amp#27;[32mex-00000076: target auth state: UNCHALLENGED
&amp#27;[0;39m2023-05-08 13:19:04,635 [main] &amp#27;[39mDEBUG&amp#27;[0;39m &amp#27;[36mc.g.d.z.s.o.a.h.c.h.i.c.ProtocolExec&amp#27;[0;39m - &amp#27;[32mex-00000076: proxy auth state: UNCHALLENGED
&amp#27;[0;39m2023-05-08 13:19:04,635 [main] &amp#27;[39mDEBUG&amp#27;[0;39m &amp#27;[36mc.g.d.z.s.o.a.h.c.h.i.c.ConnectExec&amp#27;[0;39m - &amp#27;[32mex-00000076: acquiring connection with route {}->unix://localhost:2375
&amp#27;[0;39m2023-05-08 13:19:04,636 [main] &amp#27;[39mDEBUG&amp#27;[0;39m &amp#27;[36mc.g.d.z.s.o.a.h.c.h.i.c.InternalHttpClient&amp#27;[0;39m - &amp#27;[32mex-00000076: acquiring endpoint (3 MINUTES)
&amp#27;[0;39m2023-05-08 13:19:04,636 [main] &amp#27;[39mDEBUG&amp#27;[0;39m &amp#27;[36mc.g.d.z.s.o.a.h.c.h.i.i.PoolingHttpClientConnectionManager&amp#27;[0;39m - &amp#27;[32mex-00000076: endpoint lease request (3 MINUTES) [route: {}->unix://localhost:2375][total available: 1; route allocated: 1 of 2147483647; total allocated: 1 of 2147483647]
&amp#27;[0;39m2023-05-08 13:19:04,636 [main] &amp#27;[39mDEBUG&amp#27;[0;39m &amp#27;[36mc.g.d.z.s.o.a.h.c.h.i.i.PoolingHttpClientConnectionManager&amp#27;[0;39m - &amp#27;[32mex-00000076: endpoint leased [route: {}->unix://localhost:2375][total available: 0; route allocated: 1 of 2147483647; total allocated: 1 of 2147483647]
&amp#27;[0;39m2023-05-08 13:19:04,636 [main] &amp#27;[39mDEBUG&amp#27;[0;39m &amp#27;[36mc.g.d.z.s.o.a.h.c.h.i.i.PoolingHttpClientConnectionManager&amp#27;[0;39m - &amp#27;[32mex-00000076: acquired ep-00000075
&amp#27;[0;39m2023-05-08 13:19:04,636 [main] &amp#27;[39mDEBUG&amp#27;[0;39m &amp#27;[36mc.g.d.z.s.o.a.h.c.h.i.c.InternalHttpClient&amp#27;[0;39m - &amp#27;[32mex-00000076: acquired endpoint ep-00000075
&amp#27;[0;39m2023-05-08 13:19:04,636 [main] &amp#27;[39mDEBUG&amp#27;[0;39m &amp#27;[36mc.g.d.z.s.o.a.h.c.h.i.c.MainClientExec&amp#27;[0;39m - &amp#27;[32mex-00000076: executing GET /v1.32/containers/0739339bbc624082fb5e41f62f4a622236ffe4974bf12b2847105b726085e02b/json HTTP/1.1
&amp#27;[0;39m2023-05-08 13:19:04,636 [main] &amp#27;[39mDEBUG&amp#27;[0;39m &amp#27;[36mc.g.d.z.s.o.a.h.c.h.i.c.InternalHttpClient&amp#27;[0;39m - &amp#27;[32mep-00000075: start execution ex-00000076
&amp#27;[0;39m2023-05-08 13:19:04,636 [main] &amp#27;[39mDEBUG&amp#27;[0;39m &amp#27;[36mc.g.d.z.s.o.a.h.c.h.i.i.PoolingHttpClientConnectionManager&amp#27;[0;39m - &amp#27;[32mep-00000075: executing exchange ex-00000076 over http-outgoing-1
&amp#27;[0;39m2023-05-08 13:19:04,636 [main] &amp#27;[39mDEBUG&amp#27;[0;39m &amp#27;[36mc.g.d.z.s.o.a.h.client5.http.headers&amp#27;[0;39m - &amp#27;[32mhttp-outgoing-1 >> GET /v1.32/containers/0739339bbc624082fb5e41f62f4a622236ffe4974bf12b2847105b726085e02b/json HTTP/1.1
&amp#27;[0;39m2023-05-08 13:19:04,636 [main] &amp#27;[39mDEBUG&amp#27;[0;39m &amp#27;[36mc.g.d.z.s.o.a.h.client5.http.headers&amp#27;[0;39m - &amp#27;[32mhttp-outgoing-1 >> accept: application/json
&amp#27;[0;39m2023-05-08 13:19:04,636 [main] &amp#27;[39mDEBUG&amp#27;[0;39m &amp#27;[36mc.g.d.z.s.o.a.h.client5.http.headers&amp#27;[0;39m - &amp#27;[32mhttp-outgoing-1 >> x-tc-sid: f1b696c1-ec3f-4f95-afa8-081853be7ccb
&amp#27;[0;39m2023-05-08 13:19:04,636 [main] &amp#27;[39mDEBUG&amp#27;[0;39m &amp#27;[36mc.g.d.z.s.o.a.h.client5.http.headers&amp#27;[0;39m - &amp#27;[32mhttp-outgoing-1 >> Accept-Encoding: gzip, x-gzip, deflate
&amp#27;[0;39m2023-05-08 13:19:04,636 [main] &amp#27;[39mDEBUG&amp#27;[0;39m &amp#27;[36mc.g.d.z.s.o.a.h.client5.http.headers&amp#27;[0;39m - &amp#27;[32mhttp-outgoing-1 >> Host: localhost:2375
&amp#27;[0;39m2023-05-08 13:19:04,636 [main] &amp#27;[39mDEBUG&amp#27;[0;39m &amp#27;[36mc.g.d.z.s.o.a.h.client5.http.headers&amp#27;[0;39m - &amp#27;[32mhttp-outgoing-1 >> Connection: keep-alive
&amp#27;[0;39m2023-05-08 13:19:04,636 [main] &amp#27;[39mDEBUG&amp#27;[0;39m &amp#27;[36mc.g.d.z.s.o.a.h.client5.http.headers&amp#27;[0;39m - &amp#27;[32mhttp-outgoing-1 >> User-Agent: Apache-HttpClient/5.0.3 (Java/17.0.6)
&amp#27;[0;39m2023-05-08 13:19:04,636 [main] &amp#27;[39mDEBUG&amp#27;[0;39m &amp#27;[36mc.g.d.z.s.o.a.hc.client5.http.wire&amp#27;[0;39m - &amp#27;[32mhttp-outgoing-1 >> "GET /v1.32/containers/0739339bbc624082fb5e41f62f4a622236ffe4974bf12b2847105b726085e02b/json HTTP/1.1[\r][\n]"
&amp#27;[0;39m2023-05-08 13:19:04,636 [main] &amp#27;[39mDEBUG&amp#27;[0;39m &amp#27;[36mc.g.d.z.s.o.a.hc.client5.http.wire&amp#27;[0;39m - &amp#27;[32mhttp-outgoing-1 >> "accept: application/json[\r][\n]"
&amp#27;[0;39m2023-05-08 13:19:04,636 [main] &amp#27;[39mDEBUG&amp#27;[0;39m &amp#27;[36mc.g.d.z.s.o.a.hc.client5.http.wire&amp#27;[0;39m - &amp#27;[32mhttp-outgoing-1 >> "x-tc-sid: f1b696c1-ec3f-4f95-afa8-081853be7ccb[\r][\n]"
&amp#27;[0;39m2023-05-08 13:19:04,636 [main] &amp#27;[39mDEBUG&amp#27;[0;39m &amp#27;[36mc.g.d.z.s.o.a.hc.client5.http.wire&amp#27;[0;39m - &amp#27;[32mhttp-outgoing-1 >> "Accept-Encoding: gzip, x-gzip, deflate[\r][\n]"
&amp#27;[0;39m2023-05-08 13:19:04,636 [main] &amp#27;[39mDEBUG&amp#27;[0;39m &amp#27;[36mc.g.d.z.s.o.a.hc.client5.http.wire&amp#27;[0;39m - &amp#27;[32mhttp-outgoing-1 >> "Host: localhost:2375[\r][\n]"
&amp#27;[0;39m2023-05-08 13:19:04,636 [main] &amp#27;[39mDEBUG&amp#27;[0;39m &amp#27;[36mc.g.d.z.s.o.a.hc.client5.http.wire&amp#27;[0;39m - &amp#27;[32mhttp-outgoing-1 >> "Connection: keep-alive[\r][\n]"
&amp#27;[0;39m2023-05-08 13:19:04,636 [main] &amp#27;[39mDEBUG&amp#27;[0;39m &amp#27;[36mc.g.d.z.s.o.a.hc.client5.http.wire&amp#27;[0;39m - &amp#27;[32mhttp-outgoing-1 >> "User-Agent: Apache-HttpClient/5.0.3 (Java/17.0.6)[\r][\n]"
&amp#27;[0;39m2023-05-08 13:19:04,636 [main] &amp#27;[39mDEBUG&amp#27;[0;39m &amp#27;[36mc.g.d.z.s.o.a.hc.client5.http.wire&amp#27;[0;39m - &amp#27;[32mhttp-outgoing-1 >> "[\r][\n]"
&amp#27;[0;39m2023-05-08 13:19:04,637 [main] &amp#27;[39mDEBUG&amp#27;[0;39m &amp#27;[36mc.g.d.z.s.o.a.hc.client5.http.wire&amp#27;[0;39m - &amp#27;[32mhttp-outgoing-1 << "HTTP/1.1 200 OK[\r][\n]"
&amp#27;[0;39m2023-05-08 13:19:04,637 [main] &amp#27;[39mDEBUG&amp#27;[0;39m &amp#27;[36mc.g.d.z.s.o.a.hc.client5.http.wire&amp#27;[0;39m - &amp#27;[32mhttp-outgoing-1 << "Api-Version: 1.42[\r][\n]"
&amp#27;[0;39m2023-05-08 13:19:04,637 [main] &amp#27;[39mDEBUG&amp#27;[0;39m &amp#27;[36mc.g.d.z.s.o.a.hc.client5.http.wire&amp#27;[0;39m - &amp#27;[32mhttp-outgoing-1 << "Content-Type: application/json[\r][\n]"
&amp#27;[0;39m2023-05-08 13:19:04,637 [main] &amp#27;[39mDEBUG&amp#27;[0;39m &amp#27;[36mc.g.d.z.s.o.a.hc.client5.http.wire&amp#27;[0;39m - &amp#27;[32mhttp-outgoing-1 << "Docker-Experimental: false[\r][\n]"
&amp#27;[0;39m2023-05-08 13:19:04,637 [main] &amp#27;[39mDEBUG&amp#27;[0;39m &amp#27;[36mc.g.d.z.s.o.a.hc.client5.http.wire&amp#27;[0;39m - &amp#27;[32mhttp-outgoing-1 << "Ostype: linux[\r][\n]"
&amp#27;[0;39m2023-05-08 13:19:04,637 [main] &amp#27;[39mDEBUG&amp#27;[0;39m &amp#27;[36mc.g.d.z.s.o.a.hc.client5.http.wire&amp#27;[0;39m - &amp#27;[32mhttp-outgoing-1 << "Server: Docker/23.0.5 (linux)[\r][\n]"
&amp#27;[0;39m2023-05-08 13:19:04,637 [main] &amp#27;[39mDEBUG&amp#27;[0;39m &amp#27;[36mc.g.d.z.s.o.a.hc.client5.http.wire&amp#27;[0;39m - &amp#27;[32mhttp-outgoing-1 << "Date: Mon, 08 May 2023 11:19:04 GMT[\r][\n]"
&amp#27;[0;39m2023-05-08 13:19:04,637 [main] &amp#27;[39mDEBUG&amp#27;[0;39m &amp#27;[36mc.g.d.z.s.o.a.hc.client5.http.wire&amp#27;[0;39m - &amp#27;[32mhttp-outgoing-1 << "Transfer-Encoding: chunked[\r][\n]"
&amp#27;[0;39m2023-05-08 13:19:04,637 [main] &amp#27;[39mDEBUG&amp#27;[0;39m &amp#27;[36mc.g.d.z.s.o.a.hc.client5.http.wire&amp#27;[0;39m - &amp#27;[32mhttp-outgoing-1 << "[\r][\n]"
&amp#27;[0;39m2023-05-08 13:19:04,637 [main] &amp#27;[39mDEBUG&amp#27;[0;39m &amp#27;[36mc.g.d.z.s.o.a.hc.client5.http.wire&amp#27;[0;39m - &amp#27;[32mhttp-outgoing-1 << "1893[\r][\n]"
&amp#27;[0;39m2023-05-08 13:19:04,637 [main] &amp#27;[39mDEBUG&amp#27;[0;39m &amp#27;[36mc.g.d.z.s.o.a.hc.client5.http.wire&amp#27;[0;39m - &amp#27;[32mhttp-outgoing-1 << "{"Id":"0739339bbc624082fb5e41f62f4a622236ffe4974bf12b2847105b726085e02b","Created":"2023-05-08T11:19:01.771856188Z","Path":"docker-entrypoint.sh","Args":["mysqld"],"State":{"Status":"running","Running":true,"Paused":false,"Restarting":false,"OOMKilled":false,"Dead":false,"Pid":59514,"ExitCode":0,"Error":"","StartedAt":"2023-05-08T11:19:02.113674386Z","FinishedAt":"0001-01-01T00:00:00Z"},"Image":"sha256:228d71078f8ce5ae9fd96b183f88c3a90e30544b4b7ce9d64a238d05fef2a681","ResolvConfPath":"/var/lib/docker/containers/0739339bbc624082fb5e41f62f4a622236ffe4974bf12b2847105b726085e02b/resolv.conf","HostnamePath":"/var/lib/docker/containers/0739339bbc624082fb5e41f62f4a622236ffe4974bf12b2847105b726085e02b/hostname","HostsPath":"/var/lib/docker/containers/0739339bbc624082fb5e41f62f4a622236ffe4974bf12b2847105b726085e02b/hosts","LogPath":"/var/lib/docker/containers/0739339bbc624082fb5e41f62f4a622236ffe4974bf12b2847105b726085e02b/0739339bbc624082fb5e41f62f4a622236ffe4974bf12b2847105b726085e02b-json.log","Name":"/intelligent_galileo","RestartCount":0,"Driver":"overlay2","Platform":"linux","MountLabel":"","ProcessLabel":"","AppArmorProfile":"docker-default","ExecIDs":null,"HostConfig":{"Binds":[],"ContainerIDFile":"","LogConfig":{"Type":"json-file","Config":{}},"NetworkMode":"default","PortBindings":{"3306/tcp":[{"HostIp":"","HostPort":""}]},"RestartPolicy":{"Name":"","MaximumRetryCount":0},"AutoRemove":false,"VolumeDriver":"","VolumesFrom":[],"ConsoleSize":[0,0],"CapAdd":null,"CapDrop":null,"CgroupnsMode":"private","Dns":null,"DnsOptions":null,"DnsSearch":null,"ExtraHosts":[],"GroupAdd":null,"IpcMode":"shareable","Cgroup":"","Links":null,"OomScoreAdj":0,"PidMode":"","Privileged":false,"PublishAllPorts":false,"ReadonlyRootfs":false,"SecurityOpt":null,"UTSMode":"","UsernsMode":"","ShmSize":67108864,"Runtime":"runc","Isolation":"","CpuShares":0,"Memory":0,"NanoCpus":0,"CgroupParent":"","BlkioWeight":0,"BlkioWeightDevice":null,"BlkioDeviceReadBps":null,"BlkioDeviceWriteBps":null,"BlkioDeviceReadIOps":null,"BlkioDeviceWriteIOps":null,"CpuPeriod":0,"CpuQuota":0,"CpuRealtimePeriod":0,"CpuRealtimeRuntime":0,"CpusetCpus":"","CpusetMems":"","Devices":null,"DeviceCgroupRules":null,"DeviceRequests":null,"MemoryReservation":0,"MemorySwap":0,"MemorySwappiness":null,"OomKillDisable":null,"PidsLimit":null,"Ulimits":null,"CpuCount":0,"CpuPercent":0,"IOMaximumIOps":0,"IOMaximumBandwidth":0,"MaskedPaths":["/proc/asound","/proc/acpi","/proc/kcore","/proc/keys","/proc/latency_stats","/proc/timer_list","/proc/timer_stats","/proc/sched_debug","/proc/scsi","/sys/firmware"],"ReadonlyPaths":["/proc/bus","/proc/fs","/proc/irq","/proc/sys","/proc/sysrq-trigger"]},"GraphDriver":{"Data":{"LowerDir":"/var/lib/docker/overlay2/b481eee7843c17772ada1734203524b4de76785735a50d4c68703d497db0e4ed-init/diff:/var/lib/docker/overlay2/4c6e20f032f02b27a9272f982861dc21998197aa90d94ed3bef95d449380247c/diff:/var/lib/docker/overlay2/0c75f828f603eff839bb3ca448163ab2a8017e86625ac255cd3dbf1673ddac26/diff:/var/lib/docker/overlay2/da128d897fda75829109844ce6cd9d73d0f54c682e735100af000ce899908729/diff:/var/lib/docker/overlay2/b678a1f261bf323afba6d76d91ab7428bdd6e1ef4a39b5224e4a1afd08c0423a/diff:/var/lib/docker/overlay2/1bec43b14875c5f9f814f146e8e31aa78566689c2c163da2ac60a32254988437/diff:/var/lib/docker/overlay2/28f4b1e6e1a7a2dbe30f1f94fb42bccd85a61faf8af1fe30a5bb0d442c525e41/diff:/var/lib/docker/overlay2/0f493124464c291d7c97d2633d5dff04b1dce5de904cb40a34dfbe7fe72e3fd4/diff:/var/lib/docker/overlay2/05befbee9e38cd670e1786b3310e99796dcc06abbed970007b4109a5424843fa/diff:/var/lib/docker/overlay2/582bcca9acfc4eef25109e1e1b9c9d104f355798455bc73e855c99283887a6e8/diff:/var/lib/docker/overlay2/153b3bf0b69e97e8f0e5533414a31ca33fa530e63d174c9617621abe46e7e9d1/diff:/var/lib/docker/overlay2/bf87a76c0a38875ee6e915fd0d2527eafa880ec6bf2c1cb294959428c18d10bd/diff","MergedDir":"/var/lib/docker/overlay2/b481eee7843c17772ada1734203524b4de76785735a50d4c68703d497db0e4ed/merged","UpperDir":"/var/lib/docker/overlay2/b481eee7843c17772ada1734203524b4de76785735a50d4c68703d497db0e4ed/diff","WorkDir":"/var/lib/docker/overlay2/b481eee7843c17772ada1734203524b4de76785735a50d4c68703d497db0e4ed/work"},"Name":"overlay2"},"Mounts":[{"Type":"volume","Name":"ec40278114b76af7b6535b952e685e04a98a51fa16363f5e9f0df1ce601f1dd5","Source":"/var/lib/docker/volumes/ec40278114b76af7b6535b952e685e04a98a51fa16363f5e9f0df1ce601f1dd5/_data","Destination":"/var/lib/mysql","Driver":"local","Mode":"","RW":true,"Propagation":""}],"Config":{"Hostname":"0739339bbc62","Domainname":"","User":"","AttachStdin":false,"AttachStdout":false,"AttachStderr":false,"ExposedPorts":{"3306/tcp":{}},"Tty":false,"OpenStdin":false,"StdinOnce":false,"Env":["MYSQL_DATABASE=test","MYSQL_PASSWORD=test","MYSQL_USER=test","MYSQL_ROOT_PASSWORD=test","PATH=/usr/local/sbin:/usr/local/bin:/usr/sbin:/usr/bin:/sbin:/bin","GOSU_VERSION=1.7","MYSQL_MAJOR=8.0","MYSQL_VERSION=8.0.0-dmr-1debian8"],"Cmd":["mysqld"],"Image":"mysql:8.0.0","Volumes":{"/var/lib/mysql":{}},"WorkingDir":"","Entrypoint":["docker-entrypoint.sh"],"OnBuild":null,"Labels":{"org.testcontainers":"true","org.testcontainers.lang":"java","org.testcontainers.sessionId":"f1b696c1-ec3f-4f95-afa8-081853be7ccb","org.testcontainers.version":"1.18.0"}},"NetworkSettings":{"Bridge":"","SandboxID":"d265e68e2afe307f1ab03fab083f2c0477cba31e9f26759f52b94e045d1847fb","HairpinMode":false,"LinkLocalIPv6Address":"","LinkLocalIPv6PrefixLen":0,"Ports":{"3306/tcp":[{"HostIp":"0.0.0.0","HostPort":"32782"},{"HostIp":"::","HostPort":"32782"}]},"SandboxKey":"/var/run/docker/netns/d265e68e2afe","SecondaryIPAddresses":null,"SecondaryIPv6Addresses":null,"EndpointID":"97b4c81a7665dcad3863174204db678dde492e2a2b2f11f6ef1c683b5d76146b","Gateway":"172.17.0.1","GlobalIPv6Address":"","GlobalIPv6PrefixLen":0,"IPAddress":"172.17.0.3","IPPrefixLen":16,"IPv6Gateway":"","MacAddress":"02:42:ac:11:00:03","Networks":{"bridge":{"IPAMConfig":null,"Links":null,"Aliases":null,"NetworkID":"e1a078e12eb8d77b497ed932f7fb43787eeb6ff6972febd7d03c9282b8b5cd45","EndpointID":"97b4c81a7665dcad3863174204db678dde492e2a2b2f11f6ef1c683b5d76146b","Gateway":"172.17.0.1","IPAddress":"172.17.0.3","IPPrefixLen":16,"IPv6Gateway":"","GlobalIPv6Address":"","GlobalIPv6PrefixLen":0,"MacAddress":"02:42:ac:11:00:03","DriverOpts":null}}}}[\n]"
&amp#27;[0;39m2023-05-08 13:19:04,637 [main] &amp#27;[39mDEBUG&amp#27;[0;39m &amp#27;[36mc.g.d.z.s.o.a.hc.client5.http.wire&amp#27;[0;39m - &amp#27;[32mhttp-outgoing-1 << "[\r][\n]"
&amp#27;[0;39m2023-05-08 13:19:04,637 [main] &amp#27;[39mDEBUG&amp#27;[0;39m &amp#27;[36mc.g.d.z.s.o.a.hc.client5.http.wire&amp#27;[0;39m - &amp#27;[32mhttp-outgoing-1 << "0[\r][\n]"
&amp#27;[0;39m2023-05-08 13:19:04,637 [main] &amp#27;[39mDEBUG&amp#27;[0;39m &amp#27;[36mc.g.d.z.s.o.a.hc.client5.http.wire&amp#27;[0;39m - &amp#27;[32mhttp-outgoing-1 << "[\r][\n]"
&amp#27;[0;39m2023-05-08 13:19:04,637 [main] &amp#27;[39mDEBUG&amp#27;[0;39m &amp#27;[36mc.g.d.z.s.o.a.h.client5.http.headers&amp#27;[0;39m - &amp#27;[32mhttp-outgoing-1 << HTTP/1.1 200 OK
&amp#27;[0;39m2023-05-08 13:19:04,637 [main] &amp#27;[39mDEBUG&amp#27;[0;39m &amp#27;[36mc.g.d.z.s.o.a.h.client5.http.headers&amp#27;[0;39m - &amp#27;[32mhttp-outgoing-1 << Api-Version: 1.42
&amp#27;[0;39m2023-05-08 13:19:04,637 [main] &amp#27;[39mDEBUG&amp#27;[0;39m &amp#27;[36mc.g.d.z.s.o.a.h.client5.http.headers&amp#27;[0;39m - &amp#27;[32mhttp-outgoing-1 << Content-Type: application/json
&amp#27;[0;39m2023-05-08 13:19:04,637 [main] &amp#27;[39mDEBUG&amp#27;[0;39m &amp#27;[36mc.g.d.z.s.o.a.h.client5.http.headers&amp#27;[0;39m - &amp#27;[32mhttp-outgoing-1 << Docker-Experimental: false
&amp#27;[0;39m2023-05-08 13:19:04,637 [main] &amp#27;[39mDEBUG&amp#27;[0;39m &amp#27;[36mc.g.d.z.s.o.a.h.client5.http.headers&amp#27;[0;39m - &amp#27;[32mhttp-outgoing-1 << Ostype: linux
&amp#27;[0;39m2023-05-08 13:19:04,637 [main] &amp#27;[39mDEBUG&amp#27;[0;39m &amp#27;[36mc.g.d.z.s.o.a.h.client5.http.headers&amp#27;[0;39m - &amp#27;[32mhttp-outgoing-1 << Server: Docker/23.0.5 (linux)
&amp#27;[0;39m2023-05-08 13:19:04,637 [main] &amp#27;[39mDEBUG&amp#27;[0;39m &amp#27;[36mc.g.d.z.s.o.a.h.client5.http.headers&amp#27;[0;39m - &amp#27;[32mhttp-outgoing-1 << Date: Mon, 08 May 2023 11:19:04 GMT
&amp#27;[0;39m2023-05-08 13:19:04,637 [main] &amp#27;[39mDEBUG&amp#27;[0;39m &amp#27;[36mc.g.d.z.s.o.a.h.client5.http.headers&amp#27;[0;39m - &amp#27;[32mhttp-outgoing-1 << Transfer-Encoding: chunked
&amp#27;[0;39m2023-05-08 13:19:04,637 [main] &amp#27;[39mDEBUG&amp#27;[0;39m &amp#27;[36mc.g.d.z.s.o.a.h.c.h.i.c.MainClientExec&amp#27;[0;39m - &amp#27;[32mex-00000076: connection can be kept alive for 3 MINUTES
&amp#27;[0;39m2023-05-08 13:19:04,638 [main] &amp#27;[39mDEBUG&amp#27;[0;39m &amp#27;[36mc.g.d.z.s.o.a.h.c.h.i.c.InternalHttpClient&amp#27;[0;39m - &amp#27;[32mep-00000075: releasing valid endpoint
&amp#27;[0;39m2023-05-08 13:19:04,638 [main] &amp#27;[39mDEBUG&amp#27;[0;39m &amp#27;[36mc.g.d.z.s.o.a.h.c.h.i.i.PoolingHttpClientConnectionManager&amp#27;[0;39m - &amp#27;[32mep-00000075: releasing endpoint
&amp#27;[0;39m2023-05-08 13:19:04,638 [main] &amp#27;[39mDEBUG&amp#27;[0;39m &amp#27;[36mc.g.d.z.s.o.a.h.c.h.i.i.PoolingHttpClientConnectionManager&amp#27;[0;39m - &amp#27;[32mep-00000075: connection http-outgoing-1 can be kept alive for 3 MINUTES
&amp#27;[0;39m2023-05-08 13:19:04,638 [main] &amp#27;[39mDEBUG&amp#27;[0;39m &amp#27;[36mc.g.d.z.s.o.a.h.c.h.i.i.PoolingHttpClientConnectionManager&amp#27;[0;39m - &amp#27;[32mep-00000075: connection released [route: {}->unix://localhost:2375][total available: 1; route allocated: 1 of 2147483647; total allocated: 1 of 2147483647]
&amp#27;[0;39m2023-05-08 13:19:04,638 [main] &amp#27;[39mDEBUG&amp#27;[0;39m &amp#27;[36mtc.mysql:8.0.0&amp#27;[0;39m - &amp#27;[32mTrying to create JDBC connection using com.mysql.cj.jdbc.Driver to jdbc:mysql://localhost:32782/test?useSSL=false&allowPublicKeyRetrieval=true with properties: {password=test, user=test}
&amp#27;[0;39m2023-05-08 13:19:04,739 [main] &amp#27;[39mDEBUG&amp#27;[0;39m &amp#27;[36mo.t.s.c.g.d.c.command.AbstrDockerCmd&amp#27;[0;39m - &amp#27;[32mCmd: 0739339bbc624082fb5e41f62f4a622236ffe4974bf12b2847105b726085e02b,false
&amp#27;[0;39m2023-05-08 13:19:04,739 [main] &amp#27;[39mDEBUG&amp#27;[0;39m &amp#27;[36mo.t.s.c.g.d.c.e.InspectContainerCmdExec&amp#27;[0;39m - &amp#27;[32mGET: DefaultWebTarget{path=[/containers/0739339bbc624082fb5e41f62f4a622236ffe4974bf12b2847105b726085e02b/json], queryParams={}}
&amp#27;[0;39m2023-05-08 13:19:04,740 [main] &amp#27;[39mDEBUG&amp#27;[0;39m &amp#27;[36mc.g.d.z.s.o.a.h.c.h.i.c.InternalHttpClient&amp#27;[0;39m - &amp#27;[32mex-00000077: preparing request execution
&amp#27;[0;39m2023-05-08 13:19:04,740 [main] &amp#27;[39mDEBUG&amp#27;[0;39m &amp#27;[36mc.g.d.z.s.o.a.h.c.h.p.RequestAddCookies&amp#27;[0;39m - &amp#27;[32mCookie spec selected: strict
&amp#27;[0;39m2023-05-08 13:19:04,740 [main] &amp#27;[39mDEBUG&amp#27;[0;39m &amp#27;[36mc.g.d.z.s.o.a.h.c.h.p.RequestAuthCache&amp#27;[0;39m - &amp#27;[32mAuth cache not set in the context
&amp#27;[0;39m2023-05-08 13:19:04,740 [main] &amp#27;[39mDEBUG&amp#27;[0;39m &amp#27;[36mc.g.d.z.s.o.a.h.c.h.i.c.ProtocolExec&amp#27;[0;39m - &amp#27;[32mex-00000077: target auth state: UNCHALLENGED
&amp#27;[0;39m2023-05-08 13:19:04,740 [main] &amp#27;[39mDEBUG&amp#27;[0;39m &amp#27;[36mc.g.d.z.s.o.a.h.c.h.i.c.ProtocolExec&amp#27;[0;39m - &amp#27;[32mex-00000077: proxy auth state: UNCHALLENGED
&amp#27;[0;39m2023-05-08 13:19:04,740 [main] &amp#27;[39mDEBUG&amp#27;[0;39m &amp#27;[36mc.g.d.z.s.o.a.h.c.h.i.c.ConnectExec&amp#27;[0;39m - &amp#27;[32mex-00000077: acquiring connection with route {}->unix://localhost:2375
&amp#27;[0;39m2023-05-08 13:19:04,740 [main] &amp#27;[39mDEBUG&amp#27;[0;39m &amp#27;[36mc.g.d.z.s.o.a.h.c.h.i.c.InternalHttpClient&amp#27;[0;39m - &amp#27;[32mex-00000077: acquiring endpoint (3 MINUTES)
&amp#27;[0;39m2023-05-08 13:19:04,740 [main] &amp#27;[39mDEBUG&amp#27;[0;39m &amp#27;[36mc.g.d.z.s.o.a.h.c.h.i.i.PoolingHttpClientConnectionManager&amp#27;[0;39m - &amp#27;[32mex-00000077: endpoint lease request (3 MINUTES) [route: {}->unix://localhost:2375][total available: 1; route allocated: 1 of 2147483647; total allocated: 1 of 2147483647]
&amp#27;[0;39m2023-05-08 13:19:04,740 [main] &amp#27;[39mDEBUG&amp#27;[0;39m &amp#27;[36mc.g.d.z.s.o.a.h.c.h.i.i.PoolingHttpClientConnectionManager&amp#27;[0;39m - &amp#27;[32mex-00000077: endpoint leased [route: {}->unix://localhost:2375][total available: 0; route allocated: 1 of 2147483647; total allocated: 1 of 2147483647]
&amp#27;[0;39m2023-05-08 13:19:04,740 [main] &amp#27;[39mDEBUG&amp#27;[0;39m &amp#27;[36mc.g.d.z.s.o.a.h.c.h.i.i.PoolingHttpClientConnectionManager&amp#27;[0;39m - &amp#27;[32mex-00000077: acquired ep-00000076
&amp#27;[0;39m2023-05-08 13:19:04,740 [main] &amp#27;[39mDEBUG&amp#27;[0;39m &amp#27;[36mc.g.d.z.s.o.a.h.c.h.i.c.InternalHttpClient&amp#27;[0;39m - &amp#27;[32mex-00000077: acquired endpoint ep-00000076
&amp#27;[0;39m2023-05-08 13:19:04,740 [main] &amp#27;[39mDEBUG&amp#27;[0;39m &amp#27;[36mc.g.d.z.s.o.a.h.c.h.i.c.MainClientExec&amp#27;[0;39m - &amp#27;[32mex-00000077: executing GET /v1.32/containers/0739339bbc624082fb5e41f62f4a622236ffe4974bf12b2847105b726085e02b/json HTTP/1.1
&amp#27;[0;39m2023-05-08 13:19:04,740 [main] &amp#27;[39mDEBUG&amp#27;[0;39m &amp#27;[36mc.g.d.z.s.o.a.h.c.h.i.c.InternalHttpClient&amp#27;[0;39m - &amp#27;[32mep-00000076: start execution ex-00000077
&amp#27;[0;39m2023-05-08 13:19:04,740 [main] &amp#27;[39mDEBUG&amp#27;[0;39m &amp#27;[36mc.g.d.z.s.o.a.h.c.h.i.i.PoolingHttpClientConnectionManager&amp#27;[0;39m - &amp#27;[32mep-00000076: executing exchange ex-00000077 over http-outgoing-1
&amp#27;[0;39m2023-05-08 13:19:04,740 [main] &amp#27;[39mDEBUG&amp#27;[0;39m &amp#27;[36mc.g.d.z.s.o.a.h.client5.http.headers&amp#27;[0;39m - &amp#27;[32mhttp-outgoing-1 >> GET /v1.32/containers/0739339bbc624082fb5e41f62f4a622236ffe4974bf12b2847105b726085e02b/json HTTP/1.1
&amp#27;[0;39m2023-05-08 13:19:04,741 [main] &amp#27;[39mDEBUG&amp#27;[0;39m &amp#27;[36mc.g.d.z.s.o.a.h.client5.http.headers&amp#27;[0;39m - &amp#27;[32mhttp-outgoing-1 >> accept: application/json
&amp#27;[0;39m2023-05-08 13:19:04,741 [main] &amp#27;[39mDEBUG&amp#27;[0;39m &amp#27;[36mc.g.d.z.s.o.a.h.client5.http.headers&amp#27;[0;39m - &amp#27;[32mhttp-outgoing-1 >> x-tc-sid: f1b696c1-ec3f-4f95-afa8-081853be7ccb
&amp#27;[0;39m2023-05-08 13:19:04,741 [main] &amp#27;[39mDEBUG&amp#27;[0;39m &amp#27;[36mc.g.d.z.s.o.a.h.client5.http.headers&amp#27;[0;39m - &amp#27;[32mhttp-outgoing-1 >> Accept-Encoding: gzip, x-gzip, deflate
&amp#27;[0;39m2023-05-08 13:19:04,741 [main] &amp#27;[39mDEBUG&amp#27;[0;39m &amp#27;[36mc.g.d.z.s.o.a.h.client5.http.headers&amp#27;[0;39m - &amp#27;[32mhttp-outgoing-1 >> Host: localhost:2375
&amp#27;[0;39m2023-05-08 13:19:04,741 [main] &amp#27;[39mDEBUG&amp#27;[0;39m &amp#27;[36mc.g.d.z.s.o.a.h.client5.http.headers&amp#27;[0;39m - &amp#27;[32mhttp-outgoing-1 >> Connection: keep-alive
&amp#27;[0;39m2023-05-08 13:19:04,741 [main] &amp#27;[39mDEBUG&amp#27;[0;39m &amp#27;[36mc.g.d.z.s.o.a.h.client5.http.headers&amp#27;[0;39m - &amp#27;[32mhttp-outgoing-1 >> User-Agent: Apache-HttpClient/5.0.3 (Java/17.0.6)
&amp#27;[0;39m2023-05-08 13:19:04,741 [main] &amp#27;[39mDEBUG&amp#27;[0;39m &amp#27;[36mc.g.d.z.s.o.a.hc.client5.http.wire&amp#27;[0;39m - &amp#27;[32mhttp-outgoing-1 >> "GET /v1.32/containers/0739339bbc624082fb5e41f62f4a622236ffe4974bf12b2847105b726085e02b/json HTTP/1.1[\r][\n]"
&amp#27;[0;39m2023-05-08 13:19:04,741 [main] &amp#27;[39mDEBUG&amp#27;[0;39m &amp#27;[36mc.g.d.z.s.o.a.hc.client5.http.wire&amp#27;[0;39m - &amp#27;[32mhttp-outgoing-1 >> "accept: application/json[\r][\n]"
&amp#27;[0;39m2023-05-08 13:19:04,741 [main] &amp#27;[39mDEBUG&amp#27;[0;39m &amp#27;[36mc.g.d.z.s.o.a.hc.client5.http.wire&amp#27;[0;39m - &amp#27;[32mhttp-outgoing-1 >> "x-tc-sid: f1b696c1-ec3f-4f95-afa8-081853be7ccb[\r][\n]"
&amp#27;[0;39m2023-05-08 13:19:04,741 [main] &amp#27;[39mDEBUG&amp#27;[0;39m &amp#27;[36mc.g.d.z.s.o.a.hc.client5.http.wire&amp#27;[0;39m - &amp#27;[32mhttp-outgoing-1 >> "Accept-Encoding: gzip, x-gzip, deflate[\r][\n]"
&amp#27;[0;39m2023-05-08 13:19:04,741 [main] &amp#27;[39mDEBUG&amp#27;[0;39m &amp#27;[36mc.g.d.z.s.o.a.hc.client5.http.wire&amp#27;[0;39m - &amp#27;[32mhttp-outgoing-1 >> "Host: localhost:2375[\r][\n]"
&amp#27;[0;39m2023-05-08 13:19:04,741 [main] &amp#27;[39mDEBUG&amp#27;[0;39m &amp#27;[36mc.g.d.z.s.o.a.hc.client5.http.wire&amp#27;[0;39m - &amp#27;[32mhttp-outgoing-1 >> "Connection: keep-alive[\r][\n]"
&amp#27;[0;39m2023-05-08 13:19:04,741 [main] &amp#27;[39mDEBUG&amp#27;[0;39m &amp#27;[36mc.g.d.z.s.o.a.hc.client5.http.wire&amp#27;[0;39m - &amp#27;[32mhttp-outgoing-1 >> "User-Agent: Apache-HttpClient/5.0.3 (Java/17.0.6)[\r][\n]"
&amp#27;[0;39m2023-05-08 13:19:04,741 [main] &amp#27;[39mDEBUG&amp#27;[0;39m &amp#27;[36mc.g.d.z.s.o.a.hc.client5.http.wire&amp#27;[0;39m - &amp#27;[32mhttp-outgoing-1 >> "[\r][\n]"
&amp#27;[0;39m2023-05-08 13:19:04,742 [main] &amp#27;[39mDEBUG&amp#27;[0;39m &amp#27;[36mc.g.d.z.s.o.a.hc.client5.http.wire&amp#27;[0;39m - &amp#27;[32mhttp-outgoing-1 << "HTTP/1.1 200 OK[\r][\n]"
&amp#27;[0;39m2023-05-08 13:19:04,742 [main] &amp#27;[39mDEBUG&amp#27;[0;39m &amp#27;[36mc.g.d.z.s.o.a.hc.client5.http.wire&amp#27;[0;39m - &amp#27;[32mhttp-outgoing-1 << "Api-Version: 1.42[\r][\n]"
&amp#27;[0;39m2023-05-08 13:19:04,742 [main] &amp#27;[39mDEBUG&amp#27;[0;39m &amp#27;[36mc.g.d.z.s.o.a.hc.client5.http.wire&amp#27;[0;39m - &amp#27;[32mhttp-outgoing-1 << "Content-Type: application/json[\r][\n]"
&amp#27;[0;39m2023-05-08 13:19:04,742 [main] &amp#27;[39mDEBUG&amp#27;[0;39m &amp#27;[36mc.g.d.z.s.o.a.hc.client5.http.wire&amp#27;[0;39m - &amp#27;[32mhttp-outgoing-1 << "Docker-Experimental: false[\r][\n]"
&amp#27;[0;39m2023-05-08 13:19:04,742 [main] &amp#27;[39mDEBUG&amp#27;[0;39m &amp#27;[36mc.g.d.z.s.o.a.hc.client5.http.wire&amp#27;[0;39m - &amp#27;[32mhttp-outgoing-1 << "Ostype: linux[\r][\n]"
&amp#27;[0;39m2023-05-08 13:19:04,742 [main] &amp#27;[39mDEBUG&amp#27;[0;39m &amp#27;[36mc.g.d.z.s.o.a.hc.client5.http.wire&amp#27;[0;39m - &amp#27;[32mhttp-outgoing-1 << "Server: Docker/23.0.5 (linux)[\r][\n]"
&amp#27;[0;39m2023-05-08 13:19:04,742 [main] &amp#27;[39mDEBUG&amp#27;[0;39m &amp#27;[36mc.g.d.z.s.o.a.hc.client5.http.wire&amp#27;[0;39m - &amp#27;[32mhttp-outgoing-1 << "Date: Mon, 08 May 2023 11:19:04 GMT[\r][\n]"
&amp#27;[0;39m2023-05-08 13:19:04,742 [main] &amp#27;[39mDEBUG&amp#27;[0;39m &amp#27;[36mc.g.d.z.s.o.a.hc.client5.http.wire&amp#27;[0;39m - &amp#27;[32mhttp-outgoing-1 << "Transfer-Encoding: chunked[\r][\n]"
&amp#27;[0;39m2023-05-08 13:19:04,742 [main] &amp#27;[39mDEBUG&amp#27;[0;39m &amp#27;[36mc.g.d.z.s.o.a.hc.client5.http.wire&amp#27;[0;39m - &amp#27;[32mhttp-outgoing-1 << "[\r][\n]"
&amp#27;[0;39m2023-05-08 13:19:04,742 [main] &amp#27;[39mDEBUG&amp#27;[0;39m &amp#27;[36mc.g.d.z.s.o.a.hc.client5.http.wire&amp#27;[0;39m - &amp#27;[32mhttp-outgoing-1 << "1893[\r][\n]"
&amp#27;[0;39m2023-05-08 13:19:04,742 [main] &amp#27;[39mDEBUG&amp#27;[0;39m &amp#27;[36mc.g.d.z.s.o.a.hc.client5.http.wire&amp#27;[0;39m - &amp#27;[32mhttp-outgoing-1 << "{"Id":"0739339bbc624082fb5e41f62f4a622236ffe4974bf12b2847105b726085e02b","Created":"2023-05-08T11:19:01.771856188Z","Path":"docker-entrypoint.sh","Args":["mysqld"],"State":{"Status":"running","Running":true,"Paused":false,"Restarting":false,"OOMKilled":false,"Dead":false,"Pid":59514,"ExitCode":0,"Error":"","StartedAt":"2023-05-08T11:19:02.113674386Z","FinishedAt":"0001-01-01T00:00:00Z"},"Image":"sha256:228d71078f8ce5ae9fd96b183f88c3a90e30544b4b7ce9d64a238d05fef2a681","ResolvConfPath":"/var/lib/docker/containers/0739339bbc624082fb5e41f62f4a622236ffe4974bf12b2847105b726085e02b/resolv.conf","HostnamePath":"/var/lib/docker/containers/0739339bbc624082fb5e41f62f4a622236ffe4974bf12b2847105b726085e02b/hostname","HostsPath":"/var/lib/docker/containers/0739339bbc624082fb5e41f62f4a622236ffe4974bf12b2847105b726085e02b/hosts","LogPath":"/var/lib/docker/containers/0739339bbc624082fb5e41f62f4a622236ffe4974bf12b2847105b726085e02b/0739339bbc624082fb5e41f62f4a622236ffe4974bf12b2847105b726085e02b-json.log","Name":"/intelligent_galileo","RestartCount":0,"Driver":"overlay2","Platform":"linux","MountLabel":"","ProcessLabel":"","AppArmorProfile":"docker-default","ExecIDs":null,"HostConfig":{"Binds":[],"ContainerIDFile":"","LogConfig":{"Type":"json-file","Config":{}},"NetworkMode":"default","PortBindings":{"3306/tcp":[{"HostIp":"","HostPort":""}]},"RestartPolicy":{"Name":"","MaximumRetryCount":0},"AutoRemove":false,"VolumeDriver":"","VolumesFrom":[],"ConsoleSize":[0,0],"CapAdd":null,"CapDrop":null,"CgroupnsMode":"private","Dns":null,"DnsOptions":null,"DnsSearch":null,"ExtraHosts":[],"GroupAdd":null,"IpcMode":"shareable","Cgroup":"","Links":null,"OomScoreAdj":0,"PidMode":"","Privileged":false,"PublishAllPorts":false,"ReadonlyRootfs":false,"SecurityOpt":null,"UTSMode":"","UsernsMode":"","ShmSize":67108864,"Runtime":"runc","Isolation":"","CpuShares":0,"Memory":0,"NanoCpus":0,"CgroupParent":"","BlkioWeight":0,"BlkioWeightDevice":null,"BlkioDeviceReadBps":null,"BlkioDeviceWriteBps":null,"BlkioDeviceReadIOps":null,"BlkioDeviceWriteIOps":null,"CpuPeriod":0,"CpuQuota":0,"CpuRealtimePeriod":0,"CpuRealtimeRuntime":0,"CpusetCpus":"","CpusetMems":"","Devices":null,"DeviceCgroupRules":null,"DeviceRequests":null,"MemoryReservation":0,"MemorySwap":0,"MemorySwappiness":null,"OomKillDisable":null,"PidsLimit":null,"Ulimits":null,"CpuCount":0,"CpuPercent":0,"IOMaximumIOps":0,"IOMaximumBandwidth":0,"MaskedPaths":["/proc/asound","/proc/acpi","/proc/kcore","/proc/keys","/proc/latency_stats","/proc/timer_list","/proc/timer_stats","/proc/sched_debug","/proc/scsi","/sys/firmware"],"ReadonlyPaths":["/proc/bus","/proc/fs","/proc/irq","/proc/sys","/proc/sysrq-trigger"]},"GraphDriver":{"Data":{"LowerDir":"/var/lib/docker/overlay2/b481eee7843c17772ada1734203524b4de76785735a50d4c68703d497db0e4ed-init/diff:/var/lib/docker/overlay2/4c6e20f032f02b27a9272f982861dc21998197aa90d94ed3bef95d449380247c/diff:/var/lib/docker/overlay2/0c75f828f603eff839bb3ca448163ab2a8017e86625ac255cd3dbf1673ddac26/diff:/var/lib/docker/overlay2/da128d897fda75829109844ce6cd9d73d0f54c682e735100af000ce899908729/diff:/var/lib/docker/overlay2/b678a1f261bf323afba6d76d91ab7428bdd6e1ef4a39b5224e4a1afd08c0423a/diff:/var/lib/docker/overlay2/1bec43b14875c5f9f814f146e8e31aa78566689c2c163da2ac60a32254988437/diff:/var/lib/docker/overlay2/28f4b1e6e1a7a2dbe30f1f94fb42bccd85a61faf8af1fe30a5bb0d442c525e41/diff:/var/lib/docker/overlay2/0f493124464c291d7c97d2633d5dff04b1dce5de904cb40a34dfbe7fe72e3fd4/diff:/var/lib/docker/overlay2/05befbee9e38cd670e1786b3310e99796dcc06abbed970007b4109a5424843fa/diff:/var/lib/docker/overlay2/582bcca9acfc4eef25109e1e1b9c9d104f355798455bc73e855c99283887a6e8/diff:/var/lib/docker/overlay2/153b3bf0b69e97e8f0e5533414a31ca33fa530e63d174c9617621abe46e7e9d1/diff:/var/lib/docker/overlay2/bf87a76c0a38875ee6e915fd0d2527eafa880ec6bf2c1cb294959428c18d10bd/diff","MergedDir":"/var/lib/docker/overlay2/b481eee7843c17772ada1734203524b4de76785735a50d4c68703d497db0e4ed/merged","UpperDir":"/var/lib/docker/overlay2/b481eee7843c17772ada1734203524b4de76785735a50d4c68703d497db0e4ed/diff","WorkDir":"/var/lib/docker/overlay2/b481eee7843c17772ada1734203524b4de76785735a50d4c68703d497db0e4ed/work"},"Name":"overlay2"},"Mounts":[{"Type":"volume","Name":"ec40278114b76af7b6535b952e685e04a98a51fa16363f5e9f0df1ce601f1dd5","Source":"/var/lib/docker/volumes/ec40278114b76af7b6535b952e685e04a98a51fa16363f5e9f0df1ce601f1dd5/_data","Destination":"/var/lib/mysql","Driver":"local","Mode":"","RW":true,"Propagation":""}],"Config":{"Hostname":"0739339bbc62","Domainname":"","User":"","AttachStdin":false,"AttachStdout":false,"AttachStderr":false,"ExposedPorts":{"3306/tcp":{}},"Tty":false,"OpenStdin":false,"StdinOnce":false,"Env":["MYSQL_DATABASE=test","MYSQL_PASSWORD=test","MYSQL_USER=test","MYSQL_ROOT_PASSWORD=test","PATH=/usr/local/sbin:/usr/local/bin:/usr/sbin:/usr/bin:/sbin:/bin","GOSU_VERSION=1.7","MYSQL_MAJOR=8.0","MYSQL_VERSION=8.0.0-dmr-1debian8"],"Cmd":["mysqld"],"Image":"mysql:8.0.0","Volumes":{"/var/lib/mysql":{}},"WorkingDir":"","Entrypoint":["docker-entrypoint.sh"],"OnBuild":null,"Labels":{"org.testcontainers":"true","org.testcontainers.lang":"java","org.testcontainers.sessionId":"f1b696c1-ec3f-4f95-afa8-081853be7ccb","org.testcontainers.version":"1.18.0"}},"NetworkSettings":{"Bridge":"","SandboxID":"d265e68e2afe307f1ab03fab083f2c0477cba31e9f26759f52b94e045d1847fb","HairpinMode":false,"LinkLocalIPv6Address":"","LinkLocalIPv6PrefixLen":0,"Ports":{"3306/tcp":[{"HostIp":"0.0.0.0","HostPort":"32782"},{"HostIp":"::","HostPort":"32782"}]},"SandboxKey":"/var/run/docker/netns/d265e68e2afe","SecondaryIPAddresses":null,"SecondaryIPv6Addresses":null,"EndpointID":"97b4c81a7665dcad3863174204db678dde492e2a2b2f11f6ef1c683b5d76146b","Gateway":"172.17.0.1","GlobalIPv6Address":"","GlobalIPv6PrefixLen":0,"IPAddress":"172.17.0.3","IPPrefixLen":16,"IPv6Gateway":"","MacAddress":"02:42:ac:11:00:03","Networks":{"bridge":{"IPAMConfig":null,"Links":null,"Aliases":null,"NetworkID":"e1a078e12eb8d77b497ed932f7fb43787eeb6ff6972febd7d03c9282b8b5cd45","EndpointID":"97b4c81a7665dcad3863174204db678dde492e2a2b2f11f6ef1c683b5d76146b","Gateway":"172.17.0.1","IPAddress":"172.17.0.3","IPPrefixLen":16,"IPv6Gateway":"","GlobalIPv6Address":"","GlobalIPv6PrefixLen":0,"MacAddress":"02:42:ac:11:00:03","DriverOpts":null}}}}[\n]"
&amp#27;[0;39m2023-05-08 13:19:04,742 [main] &amp#27;[39mDEBUG&amp#27;[0;39m &amp#27;[36mc.g.d.z.s.o.a.hc.client5.http.wire&amp#27;[0;39m - &amp#27;[32mhttp-outgoing-1 << "[\r][\n]"
&amp#27;[0;39m2023-05-08 13:19:04,742 [main] &amp#27;[39mDEBUG&amp#27;[0;39m &amp#27;[36mc.g.d.z.s.o.a.hc.client5.http.wire&amp#27;[0;39m - &amp#27;[32mhttp-outgoing-1 << "0[\r][\n]"
&amp#27;[0;39m2023-05-08 13:19:04,742 [main] &amp#27;[39mDEBUG&amp#27;[0;39m &amp#27;[36mc.g.d.z.s.o.a.hc.client5.http.wire&amp#27;[0;39m - &amp#27;[32mhttp-outgoing-1 << "[\r][\n]"
&amp#27;[0;39m2023-05-08 13:19:04,742 [main] &amp#27;[39mDEBUG&amp#27;[0;39m &amp#27;[36mc.g.d.z.s.o.a.h.client5.http.headers&amp#27;[0;39m - &amp#27;[32mhttp-outgoing-1 << HTTP/1.1 200 OK
&amp#27;[0;39m2023-05-08 13:19:04,742 [main] &amp#27;[39mDEBUG&amp#27;[0;39m &amp#27;[36mc.g.d.z.s.o.a.h.client5.http.headers&amp#27;[0;39m - &amp#27;[32mhttp-outgoing-1 << Api-Version: 1.42
&amp#27;[0;39m2023-05-08 13:19:04,742 [main] &amp#27;[39mDEBUG&amp#27;[0;39m &amp#27;[36mc.g.d.z.s.o.a.h.client5.http.headers&amp#27;[0;39m - &amp#27;[32mhttp-outgoing-1 << Content-Type: application/json
&amp#27;[0;39m2023-05-08 13:19:04,742 [main] &amp#27;[39mDEBUG&amp#27;[0;39m &amp#27;[36mc.g.d.z.s.o.a.h.client5.http.headers&amp#27;[0;39m - &amp#27;[32mhttp-outgoing-1 << Docker-Experimental: false
&amp#27;[0;39m2023-05-08 13:19:04,742 [main] &amp#27;[39mDEBUG&amp#27;[0;39m &amp#27;[36mc.g.d.z.s.o.a.h.client5.http.headers&amp#27;[0;39m - &amp#27;[32mhttp-outgoing-1 << Ostype: linux
&amp#27;[0;39m2023-05-08 13:19:04,742 [main] &amp#27;[39mDEBUG&amp#27;[0;39m &amp#27;[36mc.g.d.z.s.o.a.h.client5.http.headers&amp#27;[0;39m - &amp#27;[32mhttp-outgoing-1 << Server: Docker/23.0.5 (linux)
&amp#27;[0;39m2023-05-08 13:19:04,742 [main] &amp#27;[39mDEBUG&amp#27;[0;39m &amp#27;[36mc.g.d.z.s.o.a.h.client5.http.headers&amp#27;[0;39m - &amp#27;[32mhttp-outgoing-1 << Date: Mon, 08 May 2023 11:19:04 GMT
&amp#27;[0;39m2023-05-08 13:19:04,742 [main] &amp#27;[39mDEBUG&amp#27;[0;39m &amp#27;[36mc.g.d.z.s.o.a.h.client5.http.headers&amp#27;[0;39m - &amp#27;[32mhttp-outgoing-1 << Transfer-Encoding: chunked
&amp#27;[0;39m2023-05-08 13:19:04,742 [main] &amp#27;[39mDEBUG&amp#27;[0;39m &amp#27;[36mc.g.d.z.s.o.a.h.c.h.i.c.MainClientExec&amp#27;[0;39m - &amp#27;[32mex-00000077: connection can be kept alive for 3 MINUTES
&amp#27;[0;39m2023-05-08 13:19:04,742 [main] &amp#27;[39mDEBUG&amp#27;[0;39m &amp#27;[36mc.g.d.z.s.o.a.h.c.h.i.c.InternalHttpClient&amp#27;[0;39m - &amp#27;[32mep-00000076: releasing valid endpoint
&amp#27;[0;39m2023-05-08 13:19:04,742 [main] &amp#27;[39mDEBUG&amp#27;[0;39m &amp#27;[36mc.g.d.z.s.o.a.h.c.h.i.i.PoolingHttpClientConnectionManager&amp#27;[0;39m - &amp#27;[32mep-00000076: releasing endpoint
&amp#27;[0;39m2023-05-08 13:19:04,742 [main] &amp#27;[39mDEBUG&amp#27;[0;39m &amp#27;[36mc.g.d.z.s.o.a.h.c.h.i.i.PoolingHttpClientConnectionManager&amp#27;[0;39m - &amp#27;[32mep-00000076: connection http-outgoing-1 can be kept alive for 3 MINUTES
&amp#27;[0;39m2023-05-08 13:19:04,742 [main] &amp#27;[39mDEBUG&amp#27;[0;39m &amp#27;[36mc.g.d.z.s.o.a.h.c.h.i.i.PoolingHttpClientConnectionManager&amp#27;[0;39m - &amp#27;[32mep-00000076: connection released [route: {}->unix://localhost:2375][total available: 1; route allocated: 1 of 2147483647; total allocated: 1 of 2147483647]
&amp#27;[0;39m2023-05-08 13:19:04,742 [main] &amp#27;[39mDEBUG&amp#27;[0;39m &amp#27;[36mtc.mysql:8.0.0&amp#27;[0;39m - &amp#27;[32mTrying to create JDBC connection using com.mysql.cj.jdbc.Driver to jdbc:mysql://localhost:32782/test?useSSL=false&allowPublicKeyRetrieval=true with properties: {password=test, user=test}
&amp#27;[0;39m2023-05-08 13:19:04,844 [main] &amp#27;[39mDEBUG&amp#27;[0;39m &amp#27;[36mo.t.s.c.g.d.c.command.AbstrDockerCmd&amp#27;[0;39m - &amp#27;[32mCmd: 0739339bbc624082fb5e41f62f4a622236ffe4974bf12b2847105b726085e02b,false
&amp#27;[0;39m2023-05-08 13:19:04,844 [main] &amp#27;[39mDEBUG&amp#27;[0;39m &amp#27;[36mo.t.s.c.g.d.c.e.InspectContainerCmdExec&amp#27;[0;39m - &amp#27;[32mGET: DefaultWebTarget{path=[/containers/0739339bbc624082fb5e41f62f4a622236ffe4974bf12b2847105b726085e02b/json], queryParams={}}
&amp#27;[0;39m2023-05-08 13:19:04,844 [main] &amp#27;[39mDEBUG&amp#27;[0;39m &amp#27;[36mc.g.d.z.s.o.a.h.c.h.i.c.InternalHttpClient&amp#27;[0;39m - &amp#27;[32mex-00000078: preparing request execution
&amp#27;[0;39m2023-05-08 13:19:04,845 [main] &amp#27;[39mDEBUG&amp#27;[0;39m &amp#27;[36mc.g.d.z.s.o.a.h.c.h.p.RequestAddCookies&amp#27;[0;39m - &amp#27;[32mCookie spec selected: strict
&amp#27;[0;39m2023-05-08 13:19:04,845 [main] &amp#27;[39mDEBUG&amp#27;[0;39m &amp#27;[36mc.g.d.z.s.o.a.h.c.h.p.RequestAuthCache&amp#27;[0;39m - &amp#27;[32mAuth cache not set in the context
&amp#27;[0;39m2023-05-08 13:19:04,845 [main] &amp#27;[39mDEBUG&amp#27;[0;39m &amp#27;[36mc.g.d.z.s.o.a.h.c.h.i.c.ProtocolExec&amp#27;[0;39m - &amp#27;[32mex-00000078: target auth state: UNCHALLENGED
&amp#27;[0;39m2023-05-08 13:19:04,845 [main] &amp#27;[39mDEBUG&amp#27;[0;39m &amp#27;[36mc.g.d.z.s.o.a.h.c.h.i.c.ProtocolExec&amp#27;[0;39m - &amp#27;[32mex-00000078: proxy auth state: UNCHALLENGED
&amp#27;[0;39m2023-05-08 13:19:04,845 [main] &amp#27;[39mDEBUG&amp#27;[0;39m &amp#27;[36mc.g.d.z.s.o.a.h.c.h.i.c.ConnectExec&amp#27;[0;39m - &amp#27;[32mex-00000078: acquiring connection with route {}->unix://localhost:2375
&amp#27;[0;39m2023-05-08 13:19:04,845 [main] &amp#27;[39mDEBUG&amp#27;[0;39m &amp#27;[36mc.g.d.z.s.o.a.h.c.h.i.c.InternalHttpClient&amp#27;[0;39m - &amp#27;[32mex-00000078: acquiring endpoint (3 MINUTES)
&amp#27;[0;39m2023-05-08 13:19:04,845 [main] &amp#27;[39mDEBUG&amp#27;[0;39m &amp#27;[36mc.g.d.z.s.o.a.h.c.h.i.i.PoolingHttpClientConnectionManager&amp#27;[0;39m - &amp#27;[32mex-00000078: endpoint lease request (3 MINUTES) [route: {}->unix://localhost:2375][total available: 1; route allocated: 1 of 2147483647; total allocated: 1 of 2147483647]
&amp#27;[0;39m2023-05-08 13:19:04,845 [main] &amp#27;[39mDEBUG&amp#27;[0;39m &amp#27;[36mc.g.d.z.s.o.a.h.c.h.i.i.PoolingHttpClientConnectionManager&amp#27;[0;39m - &amp#27;[32mex-00000078: endpoint leased [route: {}->unix://localhost:2375][total available: 0; route allocated: 1 of 2147483647; total allocated: 1 of 2147483647]
&amp#27;[0;39m2023-05-08 13:19:04,845 [main] &amp#27;[39mDEBUG&amp#27;[0;39m &amp#27;[36mc.g.d.z.s.o.a.h.c.h.i.i.PoolingHttpClientConnectionManager&amp#27;[0;39m - &amp#27;[32mex-00000078: acquired ep-00000077
&amp#27;[0;39m2023-05-08 13:19:04,845 [main] &amp#27;[39mDEBUG&amp#27;[0;39m &amp#27;[36mc.g.d.z.s.o.a.h.c.h.i.c.InternalHttpClient&amp#27;[0;39m - &amp#27;[32mex-00000078: acquired endpoint ep-00000077
&amp#27;[0;39m2023-05-08 13:19:04,845 [main] &amp#27;[39mDEBUG&amp#27;[0;39m &amp#27;[36mc.g.d.z.s.o.a.h.c.h.i.c.MainClientExec&amp#27;[0;39m - &amp#27;[32mex-00000078: executing GET /v1.32/containers/0739339bbc624082fb5e41f62f4a622236ffe4974bf12b2847105b726085e02b/json HTTP/1.1
&amp#27;[0;39m2023-05-08 13:19:04,845 [main] &amp#27;[39mDEBUG&amp#27;[0;39m &amp#27;[36mc.g.d.z.s.o.a.h.c.h.i.c.InternalHttpClient&amp#27;[0;39m - &amp#27;[32mep-00000077: start execution ex-00000078
&amp#27;[0;39m2023-05-08 13:19:04,845 [main] &amp#27;[39mDEBUG&amp#27;[0;39m &amp#27;[36mc.g.d.z.s.o.a.h.c.h.i.i.PoolingHttpClientConnectionManager&amp#27;[0;39m - &amp#27;[32mep-00000077: executing exchange ex-00000078 over http-outgoing-1
&amp#27;[0;39m2023-05-08 13:19:04,845 [main] &amp#27;[39mDEBUG&amp#27;[0;39m &amp#27;[36mc.g.d.z.s.o.a.h.client5.http.headers&amp#27;[0;39m - &amp#27;[32mhttp-outgoing-1 >> GET /v1.32/containers/0739339bbc624082fb5e41f62f4a622236ffe4974bf12b2847105b726085e02b/json HTTP/1.1
&amp#27;[0;39m2023-05-08 13:19:04,845 [main] &amp#27;[39mDEBUG&amp#27;[0;39m &amp#27;[36mc.g.d.z.s.o.a.h.client5.http.headers&amp#27;[0;39m - &amp#27;[32mhttp-outgoing-1 >> accept: application/json
&amp#27;[0;39m2023-05-08 13:19:04,845 [main] &amp#27;[39mDEBUG&amp#27;[0;39m &amp#27;[36mc.g.d.z.s.o.a.h.client5.http.headers&amp#27;[0;39m - &amp#27;[32mhttp-outgoing-1 >> x-tc-sid: f1b696c1-ec3f-4f95-afa8-081853be7ccb
&amp#27;[0;39m2023-05-08 13:19:04,845 [main] &amp#27;[39mDEBUG&amp#27;[0;39m &amp#27;[36mc.g.d.z.s.o.a.h.client5.http.headers&amp#27;[0;39m - &amp#27;[32mhttp-outgoing-1 >> Accept-Encoding: gzip, x-gzip, deflate
&amp#27;[0;39m2023-05-08 13:19:04,845 [main] &amp#27;[39mDEBUG&amp#27;[0;39m &amp#27;[36mc.g.d.z.s.o.a.h.client5.http.headers&amp#27;[0;39m - &amp#27;[32mhttp-outgoing-1 >> Host: localhost:2375
&amp#27;[0;39m2023-05-08 13:19:04,845 [main] &amp#27;[39mDEBUG&amp#27;[0;39m &amp#27;[36mc.g.d.z.s.o.a.h.client5.http.headers&amp#27;[0;39m - &amp#27;[32mhttp-outgoing-1 >> Connection: keep-alive
&amp#27;[0;39m2023-05-08 13:19:04,845 [main] &amp#27;[39mDEBUG&amp#27;[0;39m &amp#27;[36mc.g.d.z.s.o.a.h.client5.http.headers&amp#27;[0;39m - &amp#27;[32mhttp-outgoing-1 >> User-Agent: Apache-HttpClient/5.0.3 (Java/17.0.6)
&amp#27;[0;39m2023-05-08 13:19:04,845 [main] &amp#27;[39mDEBUG&amp#27;[0;39m &amp#27;[36mc.g.d.z.s.o.a.hc.client5.http.wire&amp#27;[0;39m - &amp#27;[32mhttp-outgoing-1 >> "GET /v1.32/containers/0739339bbc624082fb5e41f62f4a622236ffe4974bf12b2847105b726085e02b/json HTTP/1.1[\r][\n]"
&amp#27;[0;39m2023-05-08 13:19:04,845 [main] &amp#27;[39mDEBUG&amp#27;[0;39m &amp#27;[36mc.g.d.z.s.o.a.hc.client5.http.wire&amp#27;[0;39m - &amp#27;[32mhttp-outgoing-1 >> "accept: application/json[\r][\n]"
&amp#27;[0;39m2023-05-08 13:19:04,845 [main] &amp#27;[39mDEBUG&amp#27;[0;39m &amp#27;[36mc.g.d.z.s.o.a.hc.client5.http.wire&amp#27;[0;39m - &amp#27;[32mhttp-outgoing-1 >> "x-tc-sid: f1b696c1-ec3f-4f95-afa8-081853be7ccb[\r][\n]"
&amp#27;[0;39m2023-05-08 13:19:04,845 [main] &amp#27;[39mDEBUG&amp#27;[0;39m &amp#27;[36mc.g.d.z.s.o.a.hc.client5.http.wire&amp#27;[0;39m - &amp#27;[32mhttp-outgoing-1 >> "Accept-Encoding: gzip, x-gzip, deflate[\r][\n]"
&amp#27;[0;39m2023-05-08 13:19:04,845 [main] &amp#27;[39mDEBUG&amp#27;[0;39m &amp#27;[36mc.g.d.z.s.o.a.hc.client5.http.wire&amp#27;[0;39m - &amp#27;[32mhttp-outgoing-1 >> "Host: localhost:2375[\r][\n]"
&amp#27;[0;39m2023-05-08 13:19:04,845 [main] &amp#27;[39mDEBUG&amp#27;[0;39m &amp#27;[36mc.g.d.z.s.o.a.hc.client5.http.wire&amp#27;[0;39m - &amp#27;[32mhttp-outgoing-1 >> "Connection: keep-alive[\r][\n]"
&amp#27;[0;39m2023-05-08 13:19:04,845 [main] &amp#27;[39mDEBUG&amp#27;[0;39m &amp#27;[36mc.g.d.z.s.o.a.hc.client5.http.wire&amp#27;[0;39m - &amp#27;[32mhttp-outgoing-1 >> "User-Agent: Apache-HttpClient/5.0.3 (Java/17.0.6)[\r][\n]"
&amp#27;[0;39m2023-05-08 13:19:04,845 [main] &amp#27;[39mDEBUG&amp#27;[0;39m &amp#27;[36mc.g.d.z.s.o.a.hc.client5.http.wire&amp#27;[0;39m - &amp#27;[32mhttp-outgoing-1 >> "[\r][\n]"
&amp#27;[0;39m2023-05-08 13:19:04,845 [main] &amp#27;[39mDEBUG&amp#27;[0;39m &amp#27;[36mc.g.d.z.s.o.a.hc.client5.http.wire&amp#27;[0;39m - &amp#27;[32mhttp-outgoing-1 << "HTTP/1.1 200 OK[\r][\n]"
&amp#27;[0;39m2023-05-08 13:19:04,845 [main] &amp#27;[39mDEBUG&amp#27;[0;39m &amp#27;[36mc.g.d.z.s.o.a.hc.client5.http.wire&amp#27;[0;39m - &amp#27;[32mhttp-outgoing-1 << "Api-Version: 1.42[\r][\n]"
&amp#27;[0;39m2023-05-08 13:19:04,845 [main] &amp#27;[39mDEBUG&amp#27;[0;39m &amp#27;[36mc.g.d.z.s.o.a.hc.client5.http.wire&amp#27;[0;39m - &amp#27;[32mhttp-outgoing-1 << "Content-Type: application/json[\r][\n]"
&amp#27;[0;39m2023-05-08 13:19:04,845 [main] &amp#27;[39mDEBUG&amp#27;[0;39m &amp#27;[36mc.g.d.z.s.o.a.hc.client5.http.wire&amp#27;[0;39m - &amp#27;[32mhttp-outgoing-1 << "Docker-Experimental: false[\r][\n]"
&amp#27;[0;39m2023-05-08 13:19:04,845 [main] &amp#27;[39mDEBUG&amp#27;[0;39m &amp#27;[36mc.g.d.z.s.o.a.hc.client5.http.wire&amp#27;[0;39m - &amp#27;[32mhttp-outgoing-1 << "Ostype: linux[\r][\n]"
&amp#27;[0;39m2023-05-08 13:19:04,845 [main] &amp#27;[39mDEBUG&amp#27;[0;39m &amp#27;[36mc.g.d.z.s.o.a.hc.client5.http.wire&amp#27;[0;39m - &amp#27;[32mhttp-outgoing-1 << "Server: Docker/23.0.5 (linux)[\r][\n]"
&amp#27;[0;39m2023-05-08 13:19:04,845 [main] &amp#27;[39mDEBUG&amp#27;[0;39m &amp#27;[36mc.g.d.z.s.o.a.hc.client5.http.wire&amp#27;[0;39m - &amp#27;[32mhttp-outgoing-1 << "Date: Mon, 08 May 2023 11:19:04 GMT[\r][\n]"
&amp#27;[0;39m2023-05-08 13:19:04,845 [main] &amp#27;[39mDEBUG&amp#27;[0;39m &amp#27;[36mc.g.d.z.s.o.a.hc.client5.http.wire&amp#27;[0;39m - &amp#27;[32mhttp-outgoing-1 << "Transfer-Encoding: chunked[\r][\n]"
&amp#27;[0;39m2023-05-08 13:19:04,845 [main] &amp#27;[39mDEBUG&amp#27;[0;39m &amp#27;[36mc.g.d.z.s.o.a.hc.client5.http.wire&amp#27;[0;39m - &amp#27;[32mhttp-outgoing-1 << "[\r][\n]"
&amp#27;[0;39m2023-05-08 13:19:04,845 [main] &amp#27;[39mDEBUG&amp#27;[0;39m &amp#27;[36mc.g.d.z.s.o.a.hc.client5.http.wire&amp#27;[0;39m - &amp#27;[32mhttp-outgoing-1 << "1893[\r][\n]"
&amp#27;[0;39m2023-05-08 13:19:04,845 [main] &amp#27;[39mDEBUG&amp#27;[0;39m &amp#27;[36mc.g.d.z.s.o.a.hc.client5.http.wire&amp#27;[0;39m - &amp#27;[32mhttp-outgoing-1 << "{"Id":"0739339bbc624082fb5e41f62f4a622236ffe4974bf12b2847105b726085e02b","Created":"2023-05-08T11:19:01.771856188Z","Path":"docker-entrypoint.sh","Args":["mysqld"],"State":{"Status":"running","Running":true,"Paused":false,"Restarting":false,"OOMKilled":false,"Dead":false,"Pid":59514,"ExitCode":0,"Error":"","StartedAt":"2023-05-08T11:19:02.113674386Z","FinishedAt":"0001-01-01T00:00:00Z"},"Image":"sha256:228d71078f8ce5ae9fd96b183f88c3a90e30544b4b7ce9d64a238d05fef2a681","ResolvConfPath":"/var/lib/docker/containers/0739339bbc624082fb5e41f62f4a622236ffe4974bf12b2847105b726085e02b/resolv.conf","HostnamePath":"/var/lib/docker/containers/0739339bbc624082fb5e41f62f4a622236ffe4974bf12b2847105b726085e02b/hostname","HostsPath":"/var/lib/docker/containers/0739339bbc624082fb5e41f62f4a622236ffe4974bf12b2847105b726085e02b/hosts","LogPath":"/var/lib/docker/containers/0739339bbc624082fb5e41f62f4a622236ffe4974bf12b2847105b726085e02b/0739339bbc624082fb5e41f62f4a622236ffe4974bf12b2847105b726085e02b-json.log","Name":"/intelligent_galileo","RestartCount":0,"Driver":"overlay2","Platform":"linux","MountLabel":"","ProcessLabel":"","AppArmorProfile":"docker-default","ExecIDs":null,"HostConfig":{"Binds":[],"ContainerIDFile":"","LogConfig":{"Type":"json-file","Config":{}},"NetworkMode":"default","PortBindings":{"3306/tcp":[{"HostIp":"","HostPort":""}]},"RestartPolicy":{"Name":"","MaximumRetryCount":0},"AutoRemove":false,"VolumeDriver":"","VolumesFrom":[],"ConsoleSize":[0,0],"CapAdd":null,"CapDrop":null,"CgroupnsMode":"private","Dns":null,"DnsOptions":null,"DnsSearch":null,"ExtraHosts":[],"GroupAdd":null,"IpcMode":"shareable","Cgroup":"","Links":null,"OomScoreAdj":0,"PidMode":"","Privileged":false,"PublishAllPorts":false,"ReadonlyRootfs":false,"SecurityOpt":null,"UTSMode":"","UsernsMode":"","ShmSize":67108864,"Runtime":"runc","Isolation":"","CpuShares":0,"Memory":0,"NanoCpus":0,"CgroupParent":"","BlkioWeight":0,"BlkioWeightDevice":null,"BlkioDeviceReadBps":null,"BlkioDeviceWriteBps":null,"BlkioDeviceReadIOps":null,"BlkioDeviceWriteIOps":null,"CpuPeriod":0,"CpuQuota":0,"CpuRealtimePeriod":0,"CpuRealtimeRuntime":0,"CpusetCpus":"","CpusetMems":"","Devices":null,"DeviceCgroupRules":null,"DeviceRequests":null,"MemoryReservation":0,"MemorySwap":0,"MemorySwappiness":null,"OomKillDisable":null,"PidsLimit":null,"Ulimits":null,"CpuCount":0,"CpuPercent":0,"IOMaximumIOps":0,"IOMaximumBandwidth":0,"MaskedPaths":["/proc/asound","/proc/acpi","/proc/kcore","/proc/keys","/proc/latency_stats","/proc/timer_list","/proc/timer_stats","/proc/sched_debug","/proc/scsi","/sys/firmware"],"ReadonlyPaths":["/proc/bus","/proc/fs","/proc/irq","/proc/sys","/proc/sysrq-trigger"]},"GraphDriver":{"Data":{"LowerDir":"/var/lib/docker/overlay2/b481eee7843c17772ada1734203524b4de76785735a50d4c68703d497db0e4ed-init/diff:/var/lib/docker/overlay2/4c6e20f032f02b27a9272f982861dc21998197aa90d94ed3bef95d449380247c/diff:/var/lib/docker/overlay2/0c75f828f603eff839bb3ca448163ab2a8017e86625ac255cd3dbf1673ddac26/diff:/var/lib/docker/overlay2/da128d897fda75829109844ce6cd9d73d0f54c682e735100af000ce899908729/diff:/var/lib/docker/overlay2/b678a1f261bf323afba6d76d91ab7428bdd6e1ef4a39b5224e4a1afd08c0423a/diff:/var/lib/docker/overlay2/1bec43b14875c5f9f814f146e8e31aa78566689c2c163da2ac60a32254988437/diff:/var/lib/docker/overlay2/28f4b1e6e1a7a2dbe30f1f94fb42bccd85a61faf8af1fe30a5bb0d442c525e41/diff:/var/lib/docker/overlay2/0f493124464c291d7c97d2633d5dff04b1dce5de904cb40a34dfbe7fe72e3fd4/diff:/var/lib/docker/overlay2/05befbee9e38cd670e1786b3310e99796dcc06abbed970007b4109a5424843fa/diff:/var/lib/docker/overlay2/582bcca9acfc4eef25109e1e1b9c9d104f355798455bc73e855c99283887a6e8/diff:/var/lib/docker/overlay2/153b3bf0b69e97e8f0e5533414a31ca33fa530e63d174c9617621abe46e7e9d1/diff:/var/lib/docker/overlay2/bf87a76c0a38875ee6e915fd0d2527eafa880ec6bf2c1cb294959428c18d10bd/diff","MergedDir":"/var/lib/docker/overlay2/b481eee7843c17772ada1734203524b4de76785735a50d4c68703d497db0e4ed/merged","UpperDir":"/var/lib/docker/overlay2/b481eee7843c17772ada1734203524b4de76785735a50d4c68703d497db0e4ed/diff","WorkDir":"/var/lib/docker/overlay2/b481eee7843c17772ada1734203524b4de76785735a50d4c68703d497db0e4ed/work"},"Name":"overlay2"},"Mounts":[{"Type":"volume","Name":"ec40278114b76af7b6535b952e685e04a98a51fa16363f5e9f0df1ce601f1dd5","Source":"/var/lib/docker/volumes/ec40278114b76af7b6535b952e685e04a98a51fa16363f5e9f0df1ce601f1dd5/_data","Destination":"/var/lib/mysql","Driver":"local","Mode":"","RW":true,"Propagation":""}],"Config":{"Hostname":"0739339bbc62","Domainname":"","User":"","AttachStdin":false,"AttachStdout":false,"AttachStderr":false,"ExposedPorts":{"3306/tcp":{}},"Tty":false,"OpenStdin":false,"StdinOnce":false,"Env":["MYSQL_DATABASE=test","MYSQL_PASSWORD=test","MYSQL_USER=test","MYSQL_ROOT_PASSWORD=test","PATH=/usr/local/sbin:/usr/local/bin:/usr/sbin:/usr/bin:/sbin:/bin","GOSU_VERSION=1.7","MYSQL_MAJOR=8.0","MYSQL_VERSION=8.0.0-dmr-1debian8"],"Cmd":["mysqld"],"Image":"mysql:8.0.0","Volumes":{"/var/lib/mysql":{}},"WorkingDir":"","Entrypoint":["docker-entrypoint.sh"],"OnBuild":null,"Labels":{"org.testcontainers":"true","org.testcontainers.lang":"java","org.testcontainers.sessionId":"f1b696c1-ec3f-4f95-afa8-081853be7ccb","org.testcontainers.version":"1.18.0"}},"NetworkSettings":{"Bridge":"","SandboxID":"d265e68e2afe307f1ab03fab083f2c0477cba31e9f26759f52b94e045d1847fb","HairpinMode":false,"LinkLocalIPv6Address":"","LinkLocalIPv6PrefixLen":0,"Ports":{"3306/tcp":[{"HostIp":"0.0.0.0","HostPort":"32782"},{"HostIp":"::","HostPort":"32782"}]},"SandboxKey":"/var/run/docker/netns/d265e68e2afe","SecondaryIPAddresses":null,"SecondaryIPv6Addresses":null,"EndpointID":"97b4c81a7665dcad3863174204db678dde492e2a2b2f11f6ef1c683b5d76146b","Gateway":"172.17.0.1","GlobalIPv6Address":"","GlobalIPv6PrefixLen":0,"IPAddress":"172.17.0.3","IPPrefixLen":16,"IPv6Gateway":"","MacAddress":"02:42:ac:11:00:03","Networks":{"bridge":{"IPAMConfig":null,"Links":null,"Aliases":null,"NetworkID":"e1a078e12eb8d77b497ed932f7fb43787eeb6ff6972febd7d03c9282b8b5cd45","EndpointID":"97b4c81a7665dcad3863174204db678dde492e2a2b2f11f6ef1c683b5d76146b","Gateway":"172.17.0.1","IPAddress":"172.17.0.3","IPPrefixLen":16,"IPv6Gateway":"","GlobalIPv6Address":"","GlobalIPv6PrefixLen":0,"MacAddress":"02:42:ac:11:00:03","DriverOpts":null}}}}[\n]"
&amp#27;[0;39m2023-05-08 13:19:04,845 [main] &amp#27;[39mDEBUG&amp#27;[0;39m &amp#27;[36mc.g.d.z.s.o.a.hc.client5.http.wire&amp#27;[0;39m - &amp#27;[32mhttp-outgoing-1 << "[\r][\n]"
&amp#27;[0;39m2023-05-08 13:19:04,845 [main] &amp#27;[39mDEBUG&amp#27;[0;39m &amp#27;[36mc.g.d.z.s.o.a.hc.client5.http.wire&amp#27;[0;39m - &amp#27;[32mhttp-outgoing-1 << "0[\r][\n]"
&amp#27;[0;39m2023-05-08 13:19:04,845 [main] &amp#27;[39mDEBUG&amp#27;[0;39m &amp#27;[36mc.g.d.z.s.o.a.hc.client5.http.wire&amp#27;[0;39m - &amp#27;[32mhttp-outgoing-1 << "[\r][\n]"
&amp#27;[0;39m2023-05-08 13:19:04,845 [main] &amp#27;[39mDEBUG&amp#27;[0;39m &amp#27;[36mc.g.d.z.s.o.a.h.client5.http.headers&amp#27;[0;39m - &amp#27;[32mhttp-outgoing-1 << HTTP/1.1 200 OK
&amp#27;[0;39m2023-05-08 13:19:04,846 [main] &amp#27;[39mDEBUG&amp#27;[0;39m &amp#27;[36mc.g.d.z.s.o.a.h.client5.http.headers&amp#27;[0;39m - &amp#27;[32mhttp-outgoing-1 << Api-Version: 1.42
&amp#27;[0;39m2023-05-08 13:19:04,846 [main] &amp#27;[39mDEBUG&amp#27;[0;39m &amp#27;[36mc.g.d.z.s.o.a.h.client5.http.headers&amp#27;[0;39m - &amp#27;[32mhttp-outgoing-1 << Content-Type: application/json
&amp#27;[0;39m2023-05-08 13:19:04,846 [main] &amp#27;[39mDEBUG&amp#27;[0;39m &amp#27;[36mc.g.d.z.s.o.a.h.client5.http.headers&amp#27;[0;39m - &amp#27;[32mhttp-outgoing-1 << Docker-Experimental: false
&amp#27;[0;39m2023-05-08 13:19:04,846 [main] &amp#27;[39mDEBUG&amp#27;[0;39m &amp#27;[36mc.g.d.z.s.o.a.h.client5.http.headers&amp#27;[0;39m - &amp#27;[32mhttp-outgoing-1 << Ostype: linux
&amp#27;[0;39m2023-05-08 13:19:04,846 [main] &amp#27;[39mDEBUG&amp#27;[0;39m &amp#27;[36mc.g.d.z.s.o.a.h.client5.http.headers&amp#27;[0;39m - &amp#27;[32mhttp-outgoing-1 << Server: Docker/23.0.5 (linux)
&amp#27;[0;39m2023-05-08 13:19:04,846 [main] &amp#27;[39mDEBUG&amp#27;[0;39m &amp#27;[36mc.g.d.z.s.o.a.h.client5.http.headers&amp#27;[0;39m - &amp#27;[32mhttp-outgoing-1 << Date: Mon, 08 May 2023 11:19:04 GMT
&amp#27;[0;39m2023-05-08 13:19:04,846 [main] &amp#27;[39mDEBUG&amp#27;[0;39m &amp#27;[36mc.g.d.z.s.o.a.h.client5.http.headers&amp#27;[0;39m - &amp#27;[32mhttp-outgoing-1 << Transfer-Encoding: chunked
&amp#27;[0;39m2023-05-08 13:19:04,846 [main] &amp#27;[39mDEBUG&amp#27;[0;39m &amp#27;[36mc.g.d.z.s.o.a.h.c.h.i.c.MainClientExec&amp#27;[0;39m - &amp#27;[32mex-00000078: connection can be kept alive for 3 MINUTES
&amp#27;[0;39m2023-05-08 13:19:04,846 [main] &amp#27;[39mDEBUG&amp#27;[0;39m &amp#27;[36mc.g.d.z.s.o.a.h.c.h.i.c.InternalHttpClient&amp#27;[0;39m - &amp#27;[32mep-00000077: releasing valid endpoint
&amp#27;[0;39m2023-05-08 13:19:04,846 [main] &amp#27;[39mDEBUG&amp#27;[0;39m &amp#27;[36mc.g.d.z.s.o.a.h.c.h.i.i.PoolingHttpClientConnectionManager&amp#27;[0;39m - &amp#27;[32mep-00000077: releasing endpoint
&amp#27;[0;39m2023-05-08 13:19:04,846 [main] &amp#27;[39mDEBUG&amp#27;[0;39m &amp#27;[36mc.g.d.z.s.o.a.h.c.h.i.i.PoolingHttpClientConnectionManager&amp#27;[0;39m - &amp#27;[32mep-00000077: connection http-outgoing-1 can be kept alive for 3 MINUTES
&amp#27;[0;39m2023-05-08 13:19:04,846 [main] &amp#27;[39mDEBUG&amp#27;[0;39m &amp#27;[36mc.g.d.z.s.o.a.h.c.h.i.i.PoolingHttpClientConnectionManager&amp#27;[0;39m - &amp#27;[32mep-00000077: connection released [route: {}->unix://localhost:2375][total available: 1; route allocated: 1 of 2147483647; total allocated: 1 of 2147483647]
&amp#27;[0;39m2023-05-08 13:19:04,846 [main] &amp#27;[39mDEBUG&amp#27;[0;39m &amp#27;[36mtc.mysql:8.0.0&amp#27;[0;39m - &amp#27;[32mTrying to create JDBC connection using com.mysql.cj.jdbc.Driver to jdbc:mysql://localhost:32782/test?useSSL=false&allowPublicKeyRetrieval=true with properties: {password=test, user=test}
&amp#27;[0;39m2023-05-08 13:19:04,947 [main] &amp#27;[39mDEBUG&amp#27;[0;39m &amp#27;[36mo.t.s.c.g.d.c.command.AbstrDockerCmd&amp#27;[0;39m - &amp#27;[32mCmd: 0739339bbc624082fb5e41f62f4a622236ffe4974bf12b2847105b726085e02b,false
&amp#27;[0;39m2023-05-08 13:19:04,948 [main] &amp#27;[39mDEBUG&amp#27;[0;39m &amp#27;[36mo.t.s.c.g.d.c.e.InspectContainerCmdExec&amp#27;[0;39m - &amp#27;[32mGET: DefaultWebTarget{path=[/containers/0739339bbc624082fb5e41f62f4a622236ffe4974bf12b2847105b726085e02b/json], queryParams={}}
&amp#27;[0;39m2023-05-08 13:19:04,948 [main] &amp#27;[39mDEBUG&amp#27;[0;39m &amp#27;[36mc.g.d.z.s.o.a.h.c.h.i.c.InternalHttpClient&amp#27;[0;39m - &amp#27;[32mex-00000079: preparing request execution
&amp#27;[0;39m2023-05-08 13:19:04,948 [main] &amp#27;[39mDEBUG&amp#27;[0;39m &amp#27;[36mc.g.d.z.s.o.a.h.c.h.p.RequestAddCookies&amp#27;[0;39m - &amp#27;[32mCookie spec selected: strict
&amp#27;[0;39m2023-05-08 13:19:04,948 [main] &amp#27;[39mDEBUG&amp#27;[0;39m &amp#27;[36mc.g.d.z.s.o.a.h.c.h.p.RequestAuthCache&amp#27;[0;39m - &amp#27;[32mAuth cache not set in the context
&amp#27;[0;39m2023-05-08 13:19:04,949 [main] &amp#27;[39mDEBUG&amp#27;[0;39m &amp#27;[36mc.g.d.z.s.o.a.h.c.h.i.c.ProtocolExec&amp#27;[0;39m - &amp#27;[32mex-00000079: target auth state: UNCHALLENGED
&amp#27;[0;39m2023-05-08 13:19:04,949 [main] &amp#27;[39mDEBUG&amp#27;[0;39m &amp#27;[36mc.g.d.z.s.o.a.h.c.h.i.c.ProtocolExec&amp#27;[0;39m - &amp#27;[32mex-00000079: proxy auth state: UNCHALLENGED
&amp#27;[0;39m2023-05-08 13:19:04,949 [main] &amp#27;[39mDEBUG&amp#27;[0;39m &amp#27;[36mc.g.d.z.s.o.a.h.c.h.i.c.ConnectExec&amp#27;[0;39m - &amp#27;[32mex-00000079: acquiring connection with route {}->unix://localhost:2375
&amp#27;[0;39m2023-05-08 13:19:04,949 [main] &amp#27;[39mDEBUG&amp#27;[0;39m &amp#27;[36mc.g.d.z.s.o.a.h.c.h.i.c.InternalHttpClient&amp#27;[0;39m - &amp#27;[32mex-00000079: acquiring endpoint (3 MINUTES)
&amp#27;[0;39m2023-05-08 13:19:04,949 [main] &amp#27;[39mDEBUG&amp#27;[0;39m &amp#27;[36mc.g.d.z.s.o.a.h.c.h.i.i.PoolingHttpClientConnectionManager&amp#27;[0;39m - &amp#27;[32mex-00000079: endpoint lease request (3 MINUTES) [route: {}->unix://localhost:2375][total available: 1; route allocated: 1 of 2147483647; total allocated: 1 of 2147483647]
&amp#27;[0;39m2023-05-08 13:19:04,949 [main] &amp#27;[39mDEBUG&amp#27;[0;39m &amp#27;[36mc.g.d.z.s.o.a.h.c.h.i.i.PoolingHttpClientConnectionManager&amp#27;[0;39m - &amp#27;[32mex-00000079: endpoint leased [route: {}->unix://localhost:2375][total available: 0; route allocated: 1 of 2147483647; total allocated: 1 of 2147483647]
&amp#27;[0;39m2023-05-08 13:19:04,949 [main] &amp#27;[39mDEBUG&amp#27;[0;39m &amp#27;[36mc.g.d.z.s.o.a.h.c.h.i.i.PoolingHttpClientConnectionManager&amp#27;[0;39m - &amp#27;[32mex-00000079: acquired ep-00000078
&amp#27;[0;39m2023-05-08 13:19:04,949 [main] &amp#27;[39mDEBUG&amp#27;[0;39m &amp#27;[36mc.g.d.z.s.o.a.h.c.h.i.c.InternalHttpClient&amp#27;[0;39m - &amp#27;[32mex-00000079: acquired endpoint ep-00000078
&amp#27;[0;39m2023-05-08 13:19:04,949 [main] &amp#27;[39mDEBUG&amp#27;[0;39m &amp#27;[36mc.g.d.z.s.o.a.h.c.h.i.c.MainClientExec&amp#27;[0;39m - &amp#27;[32mex-00000079: executing GET /v1.32/containers/0739339bbc624082fb5e41f62f4a622236ffe4974bf12b2847105b726085e02b/json HTTP/1.1
&amp#27;[0;39m2023-05-08 13:19:04,949 [main] &amp#27;[39mDEBUG&amp#27;[0;39m &amp#27;[36mc.g.d.z.s.o.a.h.c.h.i.c.InternalHttpClient&amp#27;[0;39m - &amp#27;[32mep-00000078: start execution ex-00000079
&amp#27;[0;39m2023-05-08 13:19:04,949 [main] &amp#27;[39mDEBUG&amp#27;[0;39m &amp#27;[36mc.g.d.z.s.o.a.h.c.h.i.i.PoolingHttpClientConnectionManager&amp#27;[0;39m - &amp#27;[32mep-00000078: executing exchange ex-00000079 over http-outgoing-1
&amp#27;[0;39m2023-05-08 13:19:04,949 [main] &amp#27;[39mDEBUG&amp#27;[0;39m &amp#27;[36mc.g.d.z.s.o.a.h.client5.http.headers&amp#27;[0;39m - &amp#27;[32mhttp-outgoing-1 >> GET /v1.32/containers/0739339bbc624082fb5e41f62f4a622236ffe4974bf12b2847105b726085e02b/json HTTP/1.1
&amp#27;[0;39m2023-05-08 13:19:04,949 [main] &amp#27;[39mDEBUG&amp#27;[0;39m &amp#27;[36mc.g.d.z.s.o.a.h.client5.http.headers&amp#27;[0;39m - &amp#27;[32mhttp-outgoing-1 >> accept: application/json
&amp#27;[0;39m2023-05-08 13:19:04,949 [main] &amp#27;[39mDEBUG&amp#27;[0;39m &amp#27;[36mc.g.d.z.s.o.a.h.client5.http.headers&amp#27;[0;39m - &amp#27;[32mhttp-outgoing-1 >> x-tc-sid: f1b696c1-ec3f-4f95-afa8-081853be7ccb
&amp#27;[0;39m2023-05-08 13:19:04,949 [main] &amp#27;[39mDEBUG&amp#27;[0;39m &amp#27;[36mc.g.d.z.s.o.a.h.client5.http.headers&amp#27;[0;39m - &amp#27;[32mhttp-outgoing-1 >> Accept-Encoding: gzip, x-gzip, deflate
&amp#27;[0;39m2023-05-08 13:19:04,949 [main] &amp#27;[39mDEBUG&amp#27;[0;39m &amp#27;[36mc.g.d.z.s.o.a.h.client5.http.headers&amp#27;[0;39m - &amp#27;[32mhttp-outgoing-1 >> Host: localhost:2375
&amp#27;[0;39m2023-05-08 13:19:04,949 [main] &amp#27;[39mDEBUG&amp#27;[0;39m &amp#27;[36mc.g.d.z.s.o.a.h.client5.http.headers&amp#27;[0;39m - &amp#27;[32mhttp-outgoing-1 >> Connection: keep-alive
&amp#27;[0;39m2023-05-08 13:19:04,949 [main] &amp#27;[39mDEBUG&amp#27;[0;39m &amp#27;[36mc.g.d.z.s.o.a.h.client5.http.headers&amp#27;[0;39m - &amp#27;[32mhttp-outgoing-1 >> User-Agent: Apache-HttpClient/5.0.3 (Java/17.0.6)
&amp#27;[0;39m2023-05-08 13:19:04,949 [main] &amp#27;[39mDEBUG&amp#27;[0;39m &amp#27;[36mc.g.d.z.s.o.a.hc.client5.http.wire&amp#27;[0;39m - &amp#27;[32mhttp-outgoing-1 >> "GET /v1.32/containers/0739339bbc624082fb5e41f62f4a622236ffe4974bf12b2847105b726085e02b/json HTTP/1.1[\r][\n]"
&amp#27;[0;39m2023-05-08 13:19:04,949 [main] &amp#27;[39mDEBUG&amp#27;[0;39m &amp#27;[36mc.g.d.z.s.o.a.hc.client5.http.wire&amp#27;[0;39m - &amp#27;[32mhttp-outgoing-1 >> "accept: application/json[\r][\n]"
&amp#27;[0;39m2023-05-08 13:19:04,949 [main] &amp#27;[39mDEBUG&amp#27;[0;39m &amp#27;[36mc.g.d.z.s.o.a.hc.client5.http.wire&amp#27;[0;39m - &amp#27;[32mhttp-outgoing-1 >> "x-tc-sid: f1b696c1-ec3f-4f95-afa8-081853be7ccb[\r][\n]"
&amp#27;[0;39m2023-05-08 13:19:04,949 [main] &amp#27;[39mDEBUG&amp#27;[0;39m &amp#27;[36mc.g.d.z.s.o.a.hc.client5.http.wire&amp#27;[0;39m - &amp#27;[32mhttp-outgoing-1 >> "Accept-Encoding: gzip, x-gzip, deflate[\r][\n]"
&amp#27;[0;39m2023-05-08 13:19:04,949 [main] &amp#27;[39mDEBUG&amp#27;[0;39m &amp#27;[36mc.g.d.z.s.o.a.hc.client5.http.wire&amp#27;[0;39m - &amp#27;[32mhttp-outgoing-1 >> "Host: localhost:2375[\r][\n]"
&amp#27;[0;39m2023-05-08 13:19:04,949 [main] &amp#27;[39mDEBUG&amp#27;[0;39m &amp#27;[36mc.g.d.z.s.o.a.hc.client5.http.wire&amp#27;[0;39m - &amp#27;[32mhttp-outgoing-1 >> "Connection: keep-alive[\r][\n]"
&amp#27;[0;39m2023-05-08 13:19:04,949 [main] &amp#27;[39mDEBUG&amp#27;[0;39m &amp#27;[36mc.g.d.z.s.o.a.hc.client5.http.wire&amp#27;[0;39m - &amp#27;[32mhttp-outgoing-1 >> "User-Agent: Apache-HttpClient/5.0.3 (Java/17.0.6)[\r][\n]"
&amp#27;[0;39m2023-05-08 13:19:04,949 [main] &amp#27;[39mDEBUG&amp#27;[0;39m &amp#27;[36mc.g.d.z.s.o.a.hc.client5.http.wire&amp#27;[0;39m - &amp#27;[32mhttp-outgoing-1 >> "[\r][\n]"
&amp#27;[0;39m2023-05-08 13:19:04,950 [main] &amp#27;[39mDEBUG&amp#27;[0;39m &amp#27;[36mc.g.d.z.s.o.a.hc.client5.http.wire&amp#27;[0;39m - &amp#27;[32mhttp-outgoing-1 << "HTTP/1.1 200 OK[\r][\n]"
&amp#27;[0;39m2023-05-08 13:19:04,950 [main] &amp#27;[39mDEBUG&amp#27;[0;39m &amp#27;[36mc.g.d.z.s.o.a.hc.client5.http.wire&amp#27;[0;39m - &amp#27;[32mhttp-outgoing-1 << "Api-Version: 1.42[\r][\n]"
&amp#27;[0;39m2023-05-08 13:19:04,950 [main] &amp#27;[39mDEBUG&amp#27;[0;39m &amp#27;[36mc.g.d.z.s.o.a.hc.client5.http.wire&amp#27;[0;39m - &amp#27;[32mhttp-outgoing-1 << "Content-Type: application/json[\r][\n]"
&amp#27;[0;39m2023-05-08 13:19:04,950 [main] &amp#27;[39mDEBUG&amp#27;[0;39m &amp#27;[36mc.g.d.z.s.o.a.hc.client5.http.wire&amp#27;[0;39m - &amp#27;[32mhttp-outgoing-1 << "Docker-Experimental: false[\r][\n]"
&amp#27;[0;39m2023-05-08 13:19:04,950 [main] &amp#27;[39mDEBUG&amp#27;[0;39m &amp#27;[36mc.g.d.z.s.o.a.hc.client5.http.wire&amp#27;[0;39m - &amp#27;[32mhttp-outgoing-1 << "Ostype: linux[\r][\n]"
&amp#27;[0;39m2023-05-08 13:19:04,950 [main] &amp#27;[39mDEBUG&amp#27;[0;39m &amp#27;[36mc.g.d.z.s.o.a.hc.client5.http.wire&amp#27;[0;39m - &amp#27;[32mhttp-outgoing-1 << "Server: Docker/23.0.5 (linux)[\r][\n]"
&amp#27;[0;39m2023-05-08 13:19:04,950 [main] &amp#27;[39mDEBUG&amp#27;[0;39m &amp#27;[36mc.g.d.z.s.o.a.hc.client5.http.wire&amp#27;[0;39m - &amp#27;[32mhttp-outgoing-1 << "Date: Mon, 08 May 2023 11:19:04 GMT[\r][\n]"
&amp#27;[0;39m2023-05-08 13:19:04,950 [main] &amp#27;[39mDEBUG&amp#27;[0;39m &amp#27;[36mc.g.d.z.s.o.a.hc.client5.http.wire&amp#27;[0;39m - &amp#27;[32mhttp-outgoing-1 << "Transfer-Encoding: chunked[\r][\n]"
&amp#27;[0;39m2023-05-08 13:19:04,950 [main] &amp#27;[39mDEBUG&amp#27;[0;39m &amp#27;[36mc.g.d.z.s.o.a.hc.client5.http.wire&amp#27;[0;39m - &amp#27;[32mhttp-outgoing-1 << "[\r][\n]"
&amp#27;[0;39m2023-05-08 13:19:04,950 [main] &amp#27;[39mDEBUG&amp#27;[0;39m &amp#27;[36mc.g.d.z.s.o.a.hc.client5.http.wire&amp#27;[0;39m - &amp#27;[32mhttp-outgoing-1 << "1893[\r][\n]"
&amp#27;[0;39m2023-05-08 13:19:04,950 [main] &amp#27;[39mDEBUG&amp#27;[0;39m &amp#27;[36mc.g.d.z.s.o.a.hc.client5.http.wire&amp#27;[0;39m - &amp#27;[32mhttp-outgoing-1 << "{"Id":"0739339bbc624082fb5e41f62f4a622236ffe4974bf12b2847105b726085e02b","Created":"2023-05-08T11:19:01.771856188Z","Path":"docker-entrypoint.sh","Args":["mysqld"],"State":{"Status":"running","Running":true,"Paused":false,"Restarting":false,"OOMKilled":false,"Dead":false,"Pid":59514,"ExitCode":0,"Error":"","StartedAt":"2023-05-08T11:19:02.113674386Z","FinishedAt":"0001-01-01T00:00:00Z"},"Image":"sha256:228d71078f8ce5ae9fd96b183f88c3a90e30544b4b7ce9d64a238d05fef2a681","ResolvConfPath":"/var/lib/docker/containers/0739339bbc624082fb5e41f62f4a622236ffe4974bf12b2847105b726085e02b/resolv.conf","HostnamePath":"/var/lib/docker/containers/0739339bbc624082fb5e41f62f4a622236ffe4974bf12b2847105b726085e02b/hostname","HostsPath":"/var/lib/docker/containers/0739339bbc624082fb5e41f62f4a622236ffe4974bf12b2847105b726085e02b/hosts","LogPath":"/var/lib/docker/containers/0739339bbc624082fb5e41f62f4a622236ffe4974bf12b2847105b726085e02b/0739339bbc624082fb5e41f62f4a622236ffe4974bf12b2847105b726085e02b-json.log","Name":"/intelligent_galileo","RestartCount":0,"Driver":"overlay2","Platform":"linux","MountLabel":"","ProcessLabel":"","AppArmorProfile":"docker-default","ExecIDs":null,"HostConfig":{"Binds":[],"ContainerIDFile":"","LogConfig":{"Type":"json-file","Config":{}},"NetworkMode":"default","PortBindings":{"3306/tcp":[{"HostIp":"","HostPort":""}]},"RestartPolicy":{"Name":"","MaximumRetryCount":0},"AutoRemove":false,"VolumeDriver":"","VolumesFrom":[],"ConsoleSize":[0,0],"CapAdd":null,"CapDrop":null,"CgroupnsMode":"private","Dns":null,"DnsOptions":null,"DnsSearch":null,"ExtraHosts":[],"GroupAdd":null,"IpcMode":"shareable","Cgroup":"","Links":null,"OomScoreAdj":0,"PidMode":"","Privileged":false,"PublishAllPorts":false,"ReadonlyRootfs":false,"SecurityOpt":null,"UTSMode":"","UsernsMode":"","ShmSize":67108864,"Runtime":"runc","Isolation":"","CpuShares":0,"Memory":0,"NanoCpus":0,"CgroupParent":"","BlkioWeight":0,"BlkioWeightDevice":null,"BlkioDeviceReadBps":null,"BlkioDeviceWriteBps":null,"BlkioDeviceReadIOps":null,"BlkioDeviceWriteIOps":null,"CpuPeriod":0,"CpuQuota":0,"CpuRealtimePeriod":0,"CpuRealtimeRuntime":0,"CpusetCpus":"","CpusetMems":"","Devices":null,"DeviceCgroupRules":null,"DeviceRequests":null,"MemoryReservation":0,"MemorySwap":0,"MemorySwappiness":null,"OomKillDisable":null,"PidsLimit":null,"Ulimits":null,"CpuCount":0,"CpuPercent":0,"IOMaximumIOps":0,"IOMaximumBandwidth":0,"MaskedPaths":["/proc/asound","/proc/acpi","/proc/kcore","/proc/keys","/proc/latency_stats","/proc/timer_list","/proc/timer_stats","/proc/sched_debug","/proc/scsi","/sys/firmware"],"ReadonlyPaths":["/proc/bus","/proc/fs","/proc/irq","/proc/sys","/proc/sysrq-trigger"]},"GraphDriver":{"Data":{"LowerDir":"/var/lib/docker/overlay2/b481eee7843c17772ada1734203524b4de76785735a50d4c68703d497db0e4ed-init/diff:/var/lib/docker/overlay2/4c6e20f032f02b27a9272f982861dc21998197aa90d94ed3bef95d449380247c/diff:/var/lib/docker/overlay2/0c75f828f603eff839bb3ca448163ab2a8017e86625ac255cd3dbf1673ddac26/diff:/var/lib/docker/overlay2/da128d897fda75829109844ce6cd9d73d0f54c682e735100af000ce899908729/diff:/var/lib/docker/overlay2/b678a1f261bf323afba6d76d91ab7428bdd6e1ef4a39b5224e4a1afd08c0423a/diff:/var/lib/docker/overlay2/1bec43b14875c5f9f814f146e8e31aa78566689c2c163da2ac60a32254988437/diff:/var/lib/docker/overlay2/28f4b1e6e1a7a2dbe30f1f94fb42bccd85a61faf8af1fe30a5bb0d442c525e41/diff:/var/lib/docker/overlay2/0f493124464c291d7c97d2633d5dff04b1dce5de904cb40a34dfbe7fe72e3fd4/diff:/var/lib/docker/overlay2/05befbee9e38cd670e1786b3310e99796dcc06abbed970007b4109a5424843fa/diff:/var/lib/docker/overlay2/582bcca9acfc4eef25109e1e1b9c9d104f355798455bc73e855c99283887a6e8/diff:/var/lib/docker/overlay2/153b3bf0b69e97e8f0e5533414a31ca33fa530e63d174c9617621abe46e7e9d1/diff:/var/lib/docker/overlay2/bf87a76c0a38875ee6e915fd0d2527eafa880ec6bf2c1cb294959428c18d10bd/diff","MergedDir":"/var/lib/docker/overlay2/b481eee7843c17772ada1734203524b4de76785735a50d4c68703d497db0e4ed/merged","UpperDir":"/var/lib/docker/overlay2/b481eee7843c17772ada1734203524b4de76785735a50d4c68703d497db0e4ed/diff","WorkDir":"/var/lib/docker/overlay2/b481eee7843c17772ada1734203524b4de76785735a50d4c68703d497db0e4ed/work"},"Name":"overlay2"},"Mounts":[{"Type":"volume","Name":"ec40278114b76af7b6535b952e685e04a98a51fa16363f5e9f0df1ce601f1dd5","Source":"/var/lib/docker/volumes/ec40278114b76af7b6535b952e685e04a98a51fa16363f5e9f0df1ce601f1dd5/_data","Destination":"/var/lib/mysql","Driver":"local","Mode":"","RW":true,"Propagation":""}],"Config":{"Hostname":"0739339bbc62","Domainname":"","User":"","AttachStdin":false,"AttachStdout":false,"AttachStderr":false,"ExposedPorts":{"3306/tcp":{}},"Tty":false,"OpenStdin":false,"StdinOnce":false,"Env":["MYSQL_DATABASE=test","MYSQL_PASSWORD=test","MYSQL_USER=test","MYSQL_ROOT_PASSWORD=test","PATH=/usr/local/sbin:/usr/local/bin:/usr/sbin:/usr/bin:/sbin:/bin","GOSU_VERSION=1.7","MYSQL_MAJOR=8.0","MYSQL_VERSION=8.0.0-dmr-1debian8"],"Cmd":["mysqld"],"Image":"mysql:8.0.0","Volumes":{"/var/lib/mysql":{}},"WorkingDir":"","Entrypoint":["docker-entrypoint.sh"],"OnBuild":null,"Labels":{"org.testcontainers":"true","org.testcontainers.lang":"java","org.testcontainers.sessionId":"f1b696c1-ec3f-4f95-afa8-081853be7ccb","org.testcontainers.version":"1.18.0"}},"NetworkSettings":{"Bridge":"","SandboxID":"d265e68e2afe307f1ab03fab083f2c0477cba31e9f26759f52b94e045d1847fb","HairpinMode":false,"LinkLocalIPv6Address":"","LinkLocalIPv6PrefixLen":0,"Ports":{"3306/tcp":[{"HostIp":"0.0.0.0","HostPort":"32782"},{"HostIp":"::","HostPort":"32782"}]},"SandboxKey":"/var/run/docker/netns/d265e68e2afe","SecondaryIPAddresses":null,"SecondaryIPv6Addresses":null,"EndpointID":"97b4c81a7665dcad3863174204db678dde492e2a2b2f11f6ef1c683b5d76146b","Gateway":"172.17.0.1","GlobalIPv6Address":"","GlobalIPv6PrefixLen":0,"IPAddress":"172.17.0.3","IPPrefixLen":16,"IPv6Gateway":"","MacAddress":"02:42:ac:11:00:03","Networks":{"bridge":{"IPAMConfig":null,"Links":null,"Aliases":null,"NetworkID":"e1a078e12eb8d77b497ed932f7fb43787eeb6ff6972febd7d03c9282b8b5cd45","EndpointID":"97b4c81a7665dcad3863174204db678dde492e2a2b2f11f6ef1c683b5d76146b","Gateway":"172.17.0.1","IPAddress":"172.17.0.3","IPPrefixLen":16,"IPv6Gateway":"","GlobalIPv6Address":"","GlobalIPv6PrefixLen":0,"MacAddress":"02:42:ac:11:00:03","DriverOpts":null}}}}[\n]"
&amp#27;[0;39m2023-05-08 13:19:04,951 [main] &amp#27;[39mDEBUG&amp#27;[0;39m &amp#27;[36mc.g.d.z.s.o.a.hc.client5.http.wire&amp#27;[0;39m - &amp#27;[32mhttp-outgoing-1 << "[\r][\n]"
&amp#27;[0;39m2023-05-08 13:19:04,951 [main] &amp#27;[39mDEBUG&amp#27;[0;39m &amp#27;[36mc.g.d.z.s.o.a.hc.client5.http.wire&amp#27;[0;39m - &amp#27;[32mhttp-outgoing-1 << "0[\r][\n]"
&amp#27;[0;39m2023-05-08 13:19:04,951 [main] &amp#27;[39mDEBUG&amp#27;[0;39m &amp#27;[36mc.g.d.z.s.o.a.hc.client5.http.wire&amp#27;[0;39m - &amp#27;[32mhttp-outgoing-1 << "[\r][\n]"
&amp#27;[0;39m2023-05-08 13:19:04,951 [main] &amp#27;[39mDEBUG&amp#27;[0;39m &amp#27;[36mc.g.d.z.s.o.a.h.client5.http.headers&amp#27;[0;39m - &amp#27;[32mhttp-outgoing-1 << HTTP/1.1 200 OK
&amp#27;[0;39m2023-05-08 13:19:04,951 [main] &amp#27;[39mDEBUG&amp#27;[0;39m &amp#27;[36mc.g.d.z.s.o.a.h.client5.http.headers&amp#27;[0;39m - &amp#27;[32mhttp-outgoing-1 << Api-Version: 1.42
&amp#27;[0;39m2023-05-08 13:19:04,951 [main] &amp#27;[39mDEBUG&amp#27;[0;39m &amp#27;[36mc.g.d.z.s.o.a.h.client5.http.headers&amp#27;[0;39m - &amp#27;[32mhttp-outgoing-1 << Content-Type: application/json
&amp#27;[0;39m2023-05-08 13:19:04,951 [main] &amp#27;[39mDEBUG&amp#27;[0;39m &amp#27;[36mc.g.d.z.s.o.a.h.client5.http.headers&amp#27;[0;39m - &amp#27;[32mhttp-outgoing-1 << Docker-Experimental: false
&amp#27;[0;39m2023-05-08 13:19:04,951 [main] &amp#27;[39mDEBUG&amp#27;[0;39m &amp#27;[36mc.g.d.z.s.o.a.h.client5.http.headers&amp#27;[0;39m - &amp#27;[32mhttp-outgoing-1 << Ostype: linux
&amp#27;[0;39m2023-05-08 13:19:04,951 [main] &amp#27;[39mDEBUG&amp#27;[0;39m &amp#27;[36mc.g.d.z.s.o.a.h.client5.http.headers&amp#27;[0;39m - &amp#27;[32mhttp-outgoing-1 << Server: Docker/23.0.5 (linux)
&amp#27;[0;39m2023-05-08 13:19:04,951 [main] &amp#27;[39mDEBUG&amp#27;[0;39m &amp#27;[36mc.g.d.z.s.o.a.h.client5.http.headers&amp#27;[0;39m - &amp#27;[32mhttp-outgoing-1 << Date: Mon, 08 May 2023 11:19:04 GMT
&amp#27;[0;39m2023-05-08 13:19:04,951 [main] &amp#27;[39mDEBUG&amp#27;[0;39m &amp#27;[36mc.g.d.z.s.o.a.h.client5.http.headers&amp#27;[0;39m - &amp#27;[32mhttp-outgoing-1 << Transfer-Encoding: chunked
&amp#27;[0;39m2023-05-08 13:19:04,951 [main] &amp#27;[39mDEBUG&amp#27;[0;39m &amp#27;[36mc.g.d.z.s.o.a.h.c.h.i.c.MainClientExec&amp#27;[0;39m - &amp#27;[32mex-00000079: connection can be kept alive for 3 MINUTES
&amp#27;[0;39m2023-05-08 13:19:04,951 [main] &amp#27;[39mDEBUG&amp#27;[0;39m &amp#27;[36mc.g.d.z.s.o.a.h.c.h.i.c.InternalHttpClient&amp#27;[0;39m - &amp#27;[32mep-00000078: releasing valid endpoint
&amp#27;[0;39m2023-05-08 13:19:04,951 [main] &amp#27;[39mDEBUG&amp#27;[0;39m &amp#27;[36mc.g.d.z.s.o.a.h.c.h.i.i.PoolingHttpClientConnectionManager&amp#27;[0;39m - &amp#27;[32mep-00000078: releasing endpoint
&amp#27;[0;39m2023-05-08 13:19:04,951 [main] &amp#27;[39mDEBUG&amp#27;[0;39m &amp#27;[36mc.g.d.z.s.o.a.h.c.h.i.i.PoolingHttpClientConnectionManager&amp#27;[0;39m - &amp#27;[32mep-00000078: connection http-outgoing-1 can be kept alive for 3 MINUTES
&amp#27;[0;39m2023-05-08 13:19:04,951 [main] &amp#27;[39mDEBUG&amp#27;[0;39m &amp#27;[36mc.g.d.z.s.o.a.h.c.h.i.i.PoolingHttpClientConnectionManager&amp#27;[0;39m - &amp#27;[32mep-00000078: connection released [route: {}->unix://localhost:2375][total available: 1; route allocated: 1 of 2147483647; total allocated: 1 of 2147483647]
&amp#27;[0;39m2023-05-08 13:19:04,951 [main] &amp#27;[39mDEBUG&amp#27;[0;39m &amp#27;[36mtc.mysql:8.0.0&amp#27;[0;39m - &amp#27;[32mTrying to create JDBC connection using com.mysql.cj.jdbc.Driver to jdbc:mysql://localhost:32782/test?useSSL=false&allowPublicKeyRetrieval=true with properties: {password=test, user=test}
&amp#27;[0;39m2023-05-08 13:19:05,053 [main] &amp#27;[39mDEBUG&amp#27;[0;39m &amp#27;[36mo.t.s.c.g.d.c.command.AbstrDockerCmd&amp#27;[0;39m - &amp#27;[32mCmd: 0739339bbc624082fb5e41f62f4a622236ffe4974bf12b2847105b726085e02b,false
&amp#27;[0;39m2023-05-08 13:19:05,053 [main] &amp#27;[39mDEBUG&amp#27;[0;39m &amp#27;[36mo.t.s.c.g.d.c.e.InspectContainerCmdExec&amp#27;[0;39m - &amp#27;[32mGET: DefaultWebTarget{path=[/containers/0739339bbc624082fb5e41f62f4a622236ffe4974bf12b2847105b726085e02b/json], queryParams={}}
&amp#27;[0;39m2023-05-08 13:19:05,053 [main] &amp#27;[39mDEBUG&amp#27;[0;39m &amp#27;[36mc.g.d.z.s.o.a.h.c.h.i.c.InternalHttpClient&amp#27;[0;39m - &amp#27;[32mex-0000007A: preparing request execution
&amp#27;[0;39m2023-05-08 13:19:05,053 [main] &amp#27;[39mDEBUG&amp#27;[0;39m &amp#27;[36mc.g.d.z.s.o.a.h.c.h.p.RequestAddCookies&amp#27;[0;39m - &amp#27;[32mCookie spec selected: strict
&amp#27;[0;39m2023-05-08 13:19:05,053 [main] &amp#27;[39mDEBUG&amp#27;[0;39m &amp#27;[36mc.g.d.z.s.o.a.h.c.h.p.RequestAuthCache&amp#27;[0;39m - &amp#27;[32mAuth cache not set in the context
&amp#27;[0;39m2023-05-08 13:19:05,053 [main] &amp#27;[39mDEBUG&amp#27;[0;39m &amp#27;[36mc.g.d.z.s.o.a.h.c.h.i.c.ProtocolExec&amp#27;[0;39m - &amp#27;[32mex-0000007A: target auth state: UNCHALLENGED
&amp#27;[0;39m2023-05-08 13:19:05,053 [main] &amp#27;[39mDEBUG&amp#27;[0;39m &amp#27;[36mc.g.d.z.s.o.a.h.c.h.i.c.ProtocolExec&amp#27;[0;39m - &amp#27;[32mex-0000007A: proxy auth state: UNCHALLENGED
&amp#27;[0;39m2023-05-08 13:19:05,053 [main] &amp#27;[39mDEBUG&amp#27;[0;39m &amp#27;[36mc.g.d.z.s.o.a.h.c.h.i.c.ConnectExec&amp#27;[0;39m - &amp#27;[32mex-0000007A: acquiring connection with route {}->unix://localhost:2375
&amp#27;[0;39m2023-05-08 13:19:05,054 [main] &amp#27;[39mDEBUG&amp#27;[0;39m &amp#27;[36mc.g.d.z.s.o.a.h.c.h.i.c.InternalHttpClient&amp#27;[0;39m - &amp#27;[32mex-0000007A: acquiring endpoint (3 MINUTES)
&amp#27;[0;39m2023-05-08 13:19:05,054 [main] &amp#27;[39mDEBUG&amp#27;[0;39m &amp#27;[36mc.g.d.z.s.o.a.h.c.h.i.i.PoolingHttpClientConnectionManager&amp#27;[0;39m - &amp#27;[32mex-0000007A: endpoint lease request (3 MINUTES) [route: {}->unix://localhost:2375][total available: 1; route allocated: 1 of 2147483647; total allocated: 1 of 2147483647]
&amp#27;[0;39m2023-05-08 13:19:05,054 [main] &amp#27;[39mDEBUG&amp#27;[0;39m &amp#27;[36mc.g.d.z.s.o.a.h.c.h.i.i.PoolingHttpClientConnectionManager&amp#27;[0;39m - &amp#27;[32mex-0000007A: endpoint leased [route: {}->unix://localhost:2375][total available: 0; route allocated: 1 of 2147483647; total allocated: 1 of 2147483647]
&amp#27;[0;39m2023-05-08 13:19:05,054 [main] &amp#27;[39mDEBUG&amp#27;[0;39m &amp#27;[36mc.g.d.z.s.o.a.h.c.h.i.i.PoolingHttpClientConnectionManager&amp#27;[0;39m - &amp#27;[32mex-0000007A: acquired ep-00000079
&amp#27;[0;39m2023-05-08 13:19:05,054 [main] &amp#27;[39mDEBUG&amp#27;[0;39m &amp#27;[36mc.g.d.z.s.o.a.h.c.h.i.c.InternalHttpClient&amp#27;[0;39m - &amp#27;[32mex-0000007A: acquired endpoint ep-00000079
&amp#27;[0;39m2023-05-08 13:19:05,054 [main] &amp#27;[39mDEBUG&amp#27;[0;39m &amp#27;[36mc.g.d.z.s.o.a.h.c.h.i.c.MainClientExec&amp#27;[0;39m - &amp#27;[32mex-0000007A: executing GET /v1.32/containers/0739339bbc624082fb5e41f62f4a622236ffe4974bf12b2847105b726085e02b/json HTTP/1.1
&amp#27;[0;39m2023-05-08 13:19:05,054 [main] &amp#27;[39mDEBUG&amp#27;[0;39m &amp#27;[36mc.g.d.z.s.o.a.h.c.h.i.c.InternalHttpClient&amp#27;[0;39m - &amp#27;[32mep-00000079: start execution ex-0000007A
&amp#27;[0;39m2023-05-08 13:19:05,054 [main] &amp#27;[39mDEBUG&amp#27;[0;39m &amp#27;[36mc.g.d.z.s.o.a.h.c.h.i.i.PoolingHttpClientConnectionManager&amp#27;[0;39m - &amp#27;[32mep-00000079: executing exchange ex-0000007A over http-outgoing-1
&amp#27;[0;39m2023-05-08 13:19:05,054 [main] &amp#27;[39mDEBUG&amp#27;[0;39m &amp#27;[36mc.g.d.z.s.o.a.h.client5.http.headers&amp#27;[0;39m - &amp#27;[32mhttp-outgoing-1 >> GET /v1.32/containers/0739339bbc624082fb5e41f62f4a622236ffe4974bf12b2847105b726085e02b/json HTTP/1.1
&amp#27;[0;39m2023-05-08 13:19:05,054 [main] &amp#27;[39mDEBUG&amp#27;[0;39m &amp#27;[36mc.g.d.z.s.o.a.h.client5.http.headers&amp#27;[0;39m - &amp#27;[32mhttp-outgoing-1 >> accept: application/json
&amp#27;[0;39m2023-05-08 13:19:05,054 [main] &amp#27;[39mDEBUG&amp#27;[0;39m &amp#27;[36mc.g.d.z.s.o.a.h.client5.http.headers&amp#27;[0;39m - &amp#27;[32mhttp-outgoing-1 >> x-tc-sid: f1b696c1-ec3f-4f95-afa8-081853be7ccb
&amp#27;[0;39m2023-05-08 13:19:05,054 [main] &amp#27;[39mDEBUG&amp#27;[0;39m &amp#27;[36mc.g.d.z.s.o.a.h.client5.http.headers&amp#27;[0;39m - &amp#27;[32mhttp-outgoing-1 >> Accept-Encoding: gzip, x-gzip, deflate
&amp#27;[0;39m2023-05-08 13:19:05,054 [main] &amp#27;[39mDEBUG&amp#27;[0;39m &amp#27;[36mc.g.d.z.s.o.a.h.client5.http.headers&amp#27;[0;39m - &amp#27;[32mhttp-outgoing-1 >> Host: localhost:2375
&amp#27;[0;39m2023-05-08 13:19:05,054 [main] &amp#27;[39mDEBUG&amp#27;[0;39m &amp#27;[36mc.g.d.z.s.o.a.h.client5.http.headers&amp#27;[0;39m - &amp#27;[32mhttp-outgoing-1 >> Connection: keep-alive
&amp#27;[0;39m2023-05-08 13:19:05,054 [main] &amp#27;[39mDEBUG&amp#27;[0;39m &amp#27;[36mc.g.d.z.s.o.a.h.client5.http.headers&amp#27;[0;39m - &amp#27;[32mhttp-outgoing-1 >> User-Agent: Apache-HttpClient/5.0.3 (Java/17.0.6)
&amp#27;[0;39m2023-05-08 13:19:05,054 [main] &amp#27;[39mDEBUG&amp#27;[0;39m &amp#27;[36mc.g.d.z.s.o.a.hc.client5.http.wire&amp#27;[0;39m - &amp#27;[32mhttp-outgoing-1 >> "GET /v1.32/containers/0739339bbc624082fb5e41f62f4a622236ffe4974bf12b2847105b726085e02b/json HTTP/1.1[\r][\n]"
&amp#27;[0;39m2023-05-08 13:19:05,054 [main] &amp#27;[39mDEBUG&amp#27;[0;39m &amp#27;[36mc.g.d.z.s.o.a.hc.client5.http.wire&amp#27;[0;39m - &amp#27;[32mhttp-outgoing-1 >> "accept: application/json[\r][\n]"
&amp#27;[0;39m2023-05-08 13:19:05,054 [main] &amp#27;[39mDEBUG&amp#27;[0;39m &amp#27;[36mc.g.d.z.s.o.a.hc.client5.http.wire&amp#27;[0;39m - &amp#27;[32mhttp-outgoing-1 >> "x-tc-sid: f1b696c1-ec3f-4f95-afa8-081853be7ccb[\r][\n]"
&amp#27;[0;39m2023-05-08 13:19:05,054 [main] &amp#27;[39mDEBUG&amp#27;[0;39m &amp#27;[36mc.g.d.z.s.o.a.hc.client5.http.wire&amp#27;[0;39m - &amp#27;[32mhttp-outgoing-1 >> "Accept-Encoding: gzip, x-gzip, deflate[\r][\n]"
&amp#27;[0;39m2023-05-08 13:19:05,054 [main] &amp#27;[39mDEBUG&amp#27;[0;39m &amp#27;[36mc.g.d.z.s.o.a.hc.client5.http.wire&amp#27;[0;39m - &amp#27;[32mhttp-outgoing-1 >> "Host: localhost:2375[\r][\n]"
&amp#27;[0;39m2023-05-08 13:19:05,054 [main] &amp#27;[39mDEBUG&amp#27;[0;39m &amp#27;[36mc.g.d.z.s.o.a.hc.client5.http.wire&amp#27;[0;39m - &amp#27;[32mhttp-outgoing-1 >> "Connection: keep-alive[\r][\n]"
&amp#27;[0;39m2023-05-08 13:19:05,054 [main] &amp#27;[39mDEBUG&amp#27;[0;39m &amp#27;[36mc.g.d.z.s.o.a.hc.client5.http.wire&amp#27;[0;39m - &amp#27;[32mhttp-outgoing-1 >> "User-Agent: Apache-HttpClient/5.0.3 (Java/17.0.6)[\r][\n]"
&amp#27;[0;39m2023-05-08 13:19:05,054 [main] &amp#27;[39mDEBUG&amp#27;[0;39m &amp#27;[36mc.g.d.z.s.o.a.hc.client5.http.wire&amp#27;[0;39m - &amp#27;[32mhttp-outgoing-1 >> "[\r][\n]"
&amp#27;[0;39m2023-05-08 13:19:05,054 [main] &amp#27;[39mDEBUG&amp#27;[0;39m &amp#27;[36mc.g.d.z.s.o.a.hc.client5.http.wire&amp#27;[0;39m - &amp#27;[32mhttp-outgoing-1 << "HTTP/1.1 200 OK[\r][\n]"
&amp#27;[0;39m2023-05-08 13:19:05,054 [main] &amp#27;[39mDEBUG&amp#27;[0;39m &amp#27;[36mc.g.d.z.s.o.a.hc.client5.http.wire&amp#27;[0;39m - &amp#27;[32mhttp-outgoing-1 << "Api-Version: 1.42[\r][\n]"
&amp#27;[0;39m2023-05-08 13:19:05,054 [main] &amp#27;[39mDEBUG&amp#27;[0;39m &amp#27;[36mc.g.d.z.s.o.a.hc.client5.http.wire&amp#27;[0;39m - &amp#27;[32mhttp-outgoing-1 << "Content-Type: application/json[\r][\n]"
&amp#27;[0;39m2023-05-08 13:19:05,054 [main] &amp#27;[39mDEBUG&amp#27;[0;39m &amp#27;[36mc.g.d.z.s.o.a.hc.client5.http.wire&amp#27;[0;39m - &amp#27;[32mhttp-outgoing-1 << "Docker-Experimental: false[\r][\n]"
&amp#27;[0;39m2023-05-08 13:19:05,054 [main] &amp#27;[39mDEBUG&amp#27;[0;39m &amp#27;[36mc.g.d.z.s.o.a.hc.client5.http.wire&amp#27;[0;39m - &amp#27;[32mhttp-outgoing-1 << "Ostype: linux[\r][\n]"
&amp#27;[0;39m2023-05-08 13:19:05,054 [main] &amp#27;[39mDEBUG&amp#27;[0;39m &amp#27;[36mc.g.d.z.s.o.a.hc.client5.http.wire&amp#27;[0;39m - &amp#27;[32mhttp-outgoing-1 << "Server: Docker/23.0.5 (linux)[\r][\n]"
&amp#27;[0;39m2023-05-08 13:19:05,054 [main] &amp#27;[39mDEBUG&amp#27;[0;39m &amp#27;[36mc.g.d.z.s.o.a.hc.client5.http.wire&amp#27;[0;39m - &amp#27;[32mhttp-outgoing-1 << "Date: Mon, 08 May 2023 11:19:05 GMT[\r][\n]"
&amp#27;[0;39m2023-05-08 13:19:05,054 [main] &amp#27;[39mDEBUG&amp#27;[0;39m &amp#27;[36mc.g.d.z.s.o.a.hc.client5.http.wire&amp#27;[0;39m - &amp#27;[32mhttp-outgoing-1 << "Transfer-Encoding: chunked[\r][\n]"
&amp#27;[0;39m2023-05-08 13:19:05,054 [main] &amp#27;[39mDEBUG&amp#27;[0;39m &amp#27;[36mc.g.d.z.s.o.a.hc.client5.http.wire&amp#27;[0;39m - &amp#27;[32mhttp-outgoing-1 << "[\r][\n]"
&amp#27;[0;39m2023-05-08 13:19:05,054 [main] &amp#27;[39mDEBUG&amp#27;[0;39m &amp#27;[36mc.g.d.z.s.o.a.hc.client5.http.wire&amp#27;[0;39m - &amp#27;[32mhttp-outgoing-1 << "1893[\r][\n]"
&amp#27;[0;39m2023-05-08 13:19:05,054 [main] &amp#27;[39mDEBUG&amp#27;[0;39m &amp#27;[36mc.g.d.z.s.o.a.hc.client5.http.wire&amp#27;[0;39m - &amp#27;[32mhttp-outgoing-1 << "{"Id":"0739339bbc624082fb5e41f62f4a622236ffe4974bf12b2847105b726085e02b","Created":"2023-05-08T11:19:01.771856188Z","Path":"docker-entrypoint.sh","Args":["mysqld"],"State":{"Status":"running","Running":true,"Paused":false,"Restarting":false,"OOMKilled":false,"Dead":false,"Pid":59514,"ExitCode":0,"Error":"","StartedAt":"2023-05-08T11:19:02.113674386Z","FinishedAt":"0001-01-01T00:00:00Z"},"Image":"sha256:228d71078f8ce5ae9fd96b183f88c3a90e30544b4b7ce9d64a238d05fef2a681","ResolvConfPath":"/var/lib/docker/containers/0739339bbc624082fb5e41f62f4a622236ffe4974bf12b2847105b726085e02b/resolv.conf","HostnamePath":"/var/lib/docker/containers/0739339bbc624082fb5e41f62f4a622236ffe4974bf12b2847105b726085e02b/hostname","HostsPath":"/var/lib/docker/containers/0739339bbc624082fb5e41f62f4a622236ffe4974bf12b2847105b726085e02b/hosts","LogPath":"/var/lib/docker/containers/0739339bbc624082fb5e41f62f4a622236ffe4974bf12b2847105b726085e02b/0739339bbc624082fb5e41f62f4a622236ffe4974bf12b2847105b726085e02b-json.log","Name":"/intelligent_galileo","RestartCount":0,"Driver":"overlay2","Platform":"linux","MountLabel":"","ProcessLabel":"","AppArmorProfile":"docker-default","ExecIDs":null,"HostConfig":{"Binds":[],"ContainerIDFile":"","LogConfig":{"Type":"json-file","Config":{}},"NetworkMode":"default","PortBindings":{"3306/tcp":[{"HostIp":"","HostPort":""}]},"RestartPolicy":{"Name":"","MaximumRetryCount":0},"AutoRemove":false,"VolumeDriver":"","VolumesFrom":[],"ConsoleSize":[0,0],"CapAdd":null,"CapDrop":null,"CgroupnsMode":"private","Dns":null,"DnsOptions":null,"DnsSearch":null,"ExtraHosts":[],"GroupAdd":null,"IpcMode":"shareable","Cgroup":"","Links":null,"OomScoreAdj":0,"PidMode":"","Privileged":false,"PublishAllPorts":false,"ReadonlyRootfs":false,"SecurityOpt":null,"UTSMode":"","UsernsMode":"","ShmSize":67108864,"Runtime":"runc","Isolation":"","CpuShares":0,"Memory":0,"NanoCpus":0,"CgroupParent":"","BlkioWeight":0,"BlkioWeightDevice":null,"BlkioDeviceReadBps":null,"BlkioDeviceWriteBps":null,"BlkioDeviceReadIOps":null,"BlkioDeviceWriteIOps":null,"CpuPeriod":0,"CpuQuota":0,"CpuRealtimePeriod":0,"CpuRealtimeRuntime":0,"CpusetCpus":"","CpusetMems":"","Devices":null,"DeviceCgroupRules":null,"DeviceRequests":null,"MemoryReservation":0,"MemorySwap":0,"MemorySwappiness":null,"OomKillDisable":null,"PidsLimit":null,"Ulimits":null,"CpuCount":0,"CpuPercent":0,"IOMaximumIOps":0,"IOMaximumBandwidth":0,"MaskedPaths":["/proc/asound","/proc/acpi","/proc/kcore","/proc/keys","/proc/latency_stats","/proc/timer_list","/proc/timer_stats","/proc/sched_debug","/proc/scsi","/sys/firmware"],"ReadonlyPaths":["/proc/bus","/proc/fs","/proc/irq","/proc/sys","/proc/sysrq-trigger"]},"GraphDriver":{"Data":{"LowerDir":"/var/lib/docker/overlay2/b481eee7843c17772ada1734203524b4de76785735a50d4c68703d497db0e4ed-init/diff:/var/lib/docker/overlay2/4c6e20f032f02b27a9272f982861dc21998197aa90d94ed3bef95d449380247c/diff:/var/lib/docker/overlay2/0c75f828f603eff839bb3ca448163ab2a8017e86625ac255cd3dbf1673ddac26/diff:/var/lib/docker/overlay2/da128d897fda75829109844ce6cd9d73d0f54c682e735100af000ce899908729/diff:/var/lib/docker/overlay2/b678a1f261bf323afba6d76d91ab7428bdd6e1ef4a39b5224e4a1afd08c0423a/diff:/var/lib/docker/overlay2/1bec43b14875c5f9f814f146e8e31aa78566689c2c163da2ac60a32254988437/diff:/var/lib/docker/overlay2/28f4b1e6e1a7a2dbe30f1f94fb42bccd85a61faf8af1fe30a5bb0d442c525e41/diff:/var/lib/docker/overlay2/0f493124464c291d7c97d2633d5dff04b1dce5de904cb40a34dfbe7fe72e3fd4/diff:/var/lib/docker/overlay2/05befbee9e38cd670e1786b3310e99796dcc06abbed970007b4109a5424843fa/diff:/var/lib/docker/overlay2/582bcca9acfc4eef25109e1e1b9c9d104f355798455bc73e855c99283887a6e8/diff:/var/lib/docker/overlay2/153b3bf0b69e97e8f0e5533414a31ca33fa530e63d174c9617621abe46e7e9d1/diff:/var/lib/docker/overlay2/bf87a76c0a38875ee6e915fd0d2527eafa880ec6bf2c1cb294959428c18d10bd/diff","MergedDir":"/var/lib/docker/overlay2/b481eee7843c17772ada1734203524b4de76785735a50d4c68703d497db0e4ed/merged","UpperDir":"/var/lib/docker/overlay2/b481eee7843c17772ada1734203524b4de76785735a50d4c68703d497db0e4ed/diff","WorkDir":"/var/lib/docker/overlay2/b481eee7843c17772ada1734203524b4de76785735a50d4c68703d497db0e4ed/work"},"Name":"overlay2"},"Mounts":[{"Type":"volume","Name":"ec40278114b76af7b6535b952e685e04a98a51fa16363f5e9f0df1ce601f1dd5","Source":"/var/lib/docker/volumes/ec40278114b76af7b6535b952e685e04a98a51fa16363f5e9f0df1ce601f1dd5/_data","Destination":"/var/lib/mysql","Driver":"local","Mode":"","RW":true,"Propagation":""}],"Config":{"Hostname":"0739339bbc62","Domainname":"","User":"","AttachStdin":false,"AttachStdout":false,"AttachStderr":false,"ExposedPorts":{"3306/tcp":{}},"Tty":false,"OpenStdin":false,"StdinOnce":false,"Env":["MYSQL_DATABASE=test","MYSQL_PASSWORD=test","MYSQL_USER=test","MYSQL_ROOT_PASSWORD=test","PATH=/usr/local/sbin:/usr/local/bin:/usr/sbin:/usr/bin:/sbin:/bin","GOSU_VERSION=1.7","MYSQL_MAJOR=8.0","MYSQL_VERSION=8.0.0-dmr-1debian8"],"Cmd":["mysqld"],"Image":"mysql:8.0.0","Volumes":{"/var/lib/mysql":{}},"WorkingDir":"","Entrypoint":["docker-entrypoint.sh"],"OnBuild":null,"Labels":{"org.testcontainers":"true","org.testcontainers.lang":"java","org.testcontainers.sessionId":"f1b696c1-ec3f-4f95-afa8-081853be7ccb","org.testcontainers.version":"1.18.0"}},"NetworkSettings":{"Bridge":"","SandboxID":"d265e68e2afe307f1ab03fab083f2c0477cba31e9f26759f52b94e045d1847fb","HairpinMode":false,"LinkLocalIPv6Address":"","LinkLocalIPv6PrefixLen":0,"Ports":{"3306/tcp":[{"HostIp":"0.0.0.0","HostPort":"32782"},{"HostIp":"::","HostPort":"32782"}]},"SandboxKey":"/var/run/docker/netns/d265e68e2afe","SecondaryIPAddresses":null,"SecondaryIPv6Addresses":null,"EndpointID":"97b4c81a7665dcad3863174204db678dde492e2a2b2f11f6ef1c683b5d76146b","Gateway":"172.17.0.1","GlobalIPv6Address":"","GlobalIPv6PrefixLen":0,"IPAddress":"172.17.0.3","IPPrefixLen":16,"IPv6Gateway":"","MacAddress":"02:42:ac:11:00:03","Networks":{"bridge":{"IPAMConfig":null,"Links":null,"Aliases":null,"NetworkID":"e1a078e12eb8d77b497ed932f7fb43787eeb6ff6972febd7d03c9282b8b5cd45","EndpointID":"97b4c81a7665dcad3863174204db678dde492e2a2b2f11f6ef1c683b5d76146b","Gateway":"172.17.0.1","IPAddress":"172.17.0.3","IPPrefixLen":16,"IPv6Gateway":"","GlobalIPv6Address":"","GlobalIPv6PrefixLen":0,"MacAddress":"02:42:ac:11:00:03","DriverOpts":null}}}}[\n]"
&amp#27;[0;39m2023-05-08 13:19:05,054 [main] &amp#27;[39mDEBUG&amp#27;[0;39m &amp#27;[36mc.g.d.z.s.o.a.hc.client5.http.wire&amp#27;[0;39m - &amp#27;[32mhttp-outgoing-1 << "[\r][\n]"
&amp#27;[0;39m2023-05-08 13:19:05,054 [main] &amp#27;[39mDEBUG&amp#27;[0;39m &amp#27;[36mc.g.d.z.s.o.a.hc.client5.http.wire&amp#27;[0;39m - &amp#27;[32mhttp-outgoing-1 << "0[\r][\n]"
&amp#27;[0;39m2023-05-08 13:19:05,054 [main] &amp#27;[39mDEBUG&amp#27;[0;39m &amp#27;[36mc.g.d.z.s.o.a.hc.client5.http.wire&amp#27;[0;39m - &amp#27;[32mhttp-outgoing-1 << "[\r][\n]"
&amp#27;[0;39m2023-05-08 13:19:05,055 [main] &amp#27;[39mDEBUG&amp#27;[0;39m &amp#27;[36mc.g.d.z.s.o.a.h.client5.http.headers&amp#27;[0;39m - &amp#27;[32mhttp-outgoing-1 << HTTP/1.1 200 OK
&amp#27;[0;39m2023-05-08 13:19:05,055 [main] &amp#27;[39mDEBUG&amp#27;[0;39m &amp#27;[36mc.g.d.z.s.o.a.h.client5.http.headers&amp#27;[0;39m - &amp#27;[32mhttp-outgoing-1 << Api-Version: 1.42
&amp#27;[0;39m2023-05-08 13:19:05,055 [main] &amp#27;[39mDEBUG&amp#27;[0;39m &amp#27;[36mc.g.d.z.s.o.a.h.client5.http.headers&amp#27;[0;39m - &amp#27;[32mhttp-outgoing-1 << Content-Type: application/json
&amp#27;[0;39m2023-05-08 13:19:05,055 [main] &amp#27;[39mDEBUG&amp#27;[0;39m &amp#27;[36mc.g.d.z.s.o.a.h.client5.http.headers&amp#27;[0;39m - &amp#27;[32mhttp-outgoing-1 << Docker-Experimental: false
&amp#27;[0;39m2023-05-08 13:19:05,055 [main] &amp#27;[39mDEBUG&amp#27;[0;39m &amp#27;[36mc.g.d.z.s.o.a.h.client5.http.headers&amp#27;[0;39m - &amp#27;[32mhttp-outgoing-1 << Ostype: linux
&amp#27;[0;39m2023-05-08 13:19:05,055 [main] &amp#27;[39mDEBUG&amp#27;[0;39m &amp#27;[36mc.g.d.z.s.o.a.h.client5.http.headers&amp#27;[0;39m - &amp#27;[32mhttp-outgoing-1 << Server: Docker/23.0.5 (linux)
&amp#27;[0;39m2023-05-08 13:19:05,055 [main] &amp#27;[39mDEBUG&amp#27;[0;39m &amp#27;[36mc.g.d.z.s.o.a.h.client5.http.headers&amp#27;[0;39m - &amp#27;[32mhttp-outgoing-1 << Date: Mon, 08 May 2023 11:19:05 GMT
&amp#27;[0;39m2023-05-08 13:19:05,055 [main] &amp#27;[39mDEBUG&amp#27;[0;39m &amp#27;[36mc.g.d.z.s.o.a.h.client5.http.headers&amp#27;[0;39m - &amp#27;[32mhttp-outgoing-1 << Transfer-Encoding: chunked
&amp#27;[0;39m2023-05-08 13:19:05,055 [main] &amp#27;[39mDEBUG&amp#27;[0;39m &amp#27;[36mc.g.d.z.s.o.a.h.c.h.i.c.MainClientExec&amp#27;[0;39m - &amp#27;[32mex-0000007A: connection can be kept alive for 3 MINUTES
&amp#27;[0;39m2023-05-08 13:19:05,055 [main] &amp#27;[39mDEBUG&amp#27;[0;39m &amp#27;[36mc.g.d.z.s.o.a.h.c.h.i.c.InternalHttpClient&amp#27;[0;39m - &amp#27;[32mep-00000079: releasing valid endpoint
&amp#27;[0;39m2023-05-08 13:19:05,055 [main] &amp#27;[39mDEBUG&amp#27;[0;39m &amp#27;[36mc.g.d.z.s.o.a.h.c.h.i.i.PoolingHttpClientConnectionManager&amp#27;[0;39m - &amp#27;[32mep-00000079: releasing endpoint
&amp#27;[0;39m2023-05-08 13:19:05,055 [main] &amp#27;[39mDEBUG&amp#27;[0;39m &amp#27;[36mc.g.d.z.s.o.a.h.c.h.i.i.PoolingHttpClientConnectionManager&amp#27;[0;39m - &amp#27;[32mep-00000079: connection http-outgoing-1 can be kept alive for 3 MINUTES
&amp#27;[0;39m2023-05-08 13:19:05,055 [main] &amp#27;[39mDEBUG&amp#27;[0;39m &amp#27;[36mc.g.d.z.s.o.a.h.c.h.i.i.PoolingHttpClientConnectionManager&amp#27;[0;39m - &amp#27;[32mep-00000079: connection released [route: {}->unix://localhost:2375][total available: 1; route allocated: 1 of 2147483647; total allocated: 1 of 2147483647]
&amp#27;[0;39m2023-05-08 13:19:05,055 [main] &amp#27;[39mDEBUG&amp#27;[0;39m &amp#27;[36mtc.mysql:8.0.0&amp#27;[0;39m - &amp#27;[32mTrying to create JDBC connection using com.mysql.cj.jdbc.Driver to jdbc:mysql://localhost:32782/test?useSSL=false&allowPublicKeyRetrieval=true with properties: {password=test, user=test}
&amp#27;[0;39m2023-05-08 13:19:05,157 [main] &amp#27;[39mDEBUG&amp#27;[0;39m &amp#27;[36mo.t.s.c.g.d.c.command.AbstrDockerCmd&amp#27;[0;39m - &amp#27;[32mCmd: 0739339bbc624082fb5e41f62f4a622236ffe4974bf12b2847105b726085e02b,false
&amp#27;[0;39m2023-05-08 13:19:05,157 [main] &amp#27;[39mDEBUG&amp#27;[0;39m &amp#27;[36mo.t.s.c.g.d.c.e.InspectContainerCmdExec&amp#27;[0;39m - &amp#27;[32mGET: DefaultWebTarget{path=[/containers/0739339bbc624082fb5e41f62f4a622236ffe4974bf12b2847105b726085e02b/json], queryParams={}}
&amp#27;[0;39m2023-05-08 13:19:05,158 [main] &amp#27;[39mDEBUG&amp#27;[0;39m &amp#27;[36mc.g.d.z.s.o.a.h.c.h.i.c.InternalHttpClient&amp#27;[0;39m - &amp#27;[32mex-0000007B: preparing request execution
&amp#27;[0;39m2023-05-08 13:19:05,158 [main] &amp#27;[39mDEBUG&amp#27;[0;39m &amp#27;[36mc.g.d.z.s.o.a.h.c.h.p.RequestAddCookies&amp#27;[0;39m - &amp#27;[32mCookie spec selected: strict
&amp#27;[0;39m2023-05-08 13:19:05,158 [main] &amp#27;[39mDEBUG&amp#27;[0;39m &amp#27;[36mc.g.d.z.s.o.a.h.c.h.p.RequestAuthCache&amp#27;[0;39m - &amp#27;[32mAuth cache not set in the context
&amp#27;[0;39m2023-05-08 13:19:05,158 [main] &amp#27;[39mDEBUG&amp#27;[0;39m &amp#27;[36mc.g.d.z.s.o.a.h.c.h.i.c.ProtocolExec&amp#27;[0;39m - &amp#27;[32mex-0000007B: target auth state: UNCHALLENGED
&amp#27;[0;39m2023-05-08 13:19:05,158 [main] &amp#27;[39mDEBUG&amp#27;[0;39m &amp#27;[36mc.g.d.z.s.o.a.h.c.h.i.c.ProtocolExec&amp#27;[0;39m - &amp#27;[32mex-0000007B: proxy auth state: UNCHALLENGED
&amp#27;[0;39m2023-05-08 13:19:05,158 [main] &amp#27;[39mDEBUG&amp#27;[0;39m &amp#27;[36mc.g.d.z.s.o.a.h.c.h.i.c.ConnectExec&amp#27;[0;39m - &amp#27;[32mex-0000007B: acquiring connection with route {}->unix://localhost:2375
&amp#27;[0;39m2023-05-08 13:19:05,158 [main] &amp#27;[39mDEBUG&amp#27;[0;39m &amp#27;[36mc.g.d.z.s.o.a.h.c.h.i.c.InternalHttpClient&amp#27;[0;39m - &amp#27;[32mex-0000007B: acquiring endpoint (3 MINUTES)
&amp#27;[0;39m2023-05-08 13:19:05,158 [main] &amp#27;[39mDEBUG&amp#27;[0;39m &amp#27;[36mc.g.d.z.s.o.a.h.c.h.i.i.PoolingHttpClientConnectionManager&amp#27;[0;39m - &amp#27;[32mex-0000007B: endpoint lease request (3 MINUTES) [route: {}->unix://localhost:2375][total available: 1; route allocated: 1 of 2147483647; total allocated: 1 of 2147483647]
&amp#27;[0;39m2023-05-08 13:19:05,158 [main] &amp#27;[39mDEBUG&amp#27;[0;39m &amp#27;[36mc.g.d.z.s.o.a.h.c.h.i.i.PoolingHttpClientConnectionManager&amp#27;[0;39m - &amp#27;[32mex-0000007B: endpoint leased [route: {}->unix://localhost:2375][total available: 0; route allocated: 1 of 2147483647; total allocated: 1 of 2147483647]
&amp#27;[0;39m2023-05-08 13:19:05,158 [main] &amp#27;[39mDEBUG&amp#27;[0;39m &amp#27;[36mc.g.d.z.s.o.a.h.c.h.i.i.PoolingHttpClientConnectionManager&amp#27;[0;39m - &amp#27;[32mex-0000007B: acquired ep-0000007A
&amp#27;[0;39m2023-05-08 13:19:05,158 [main] &amp#27;[39mDEBUG&amp#27;[0;39m &amp#27;[36mc.g.d.z.s.o.a.h.c.h.i.c.InternalHttpClient&amp#27;[0;39m - &amp#27;[32mex-0000007B: acquired endpoint ep-0000007A
&amp#27;[0;39m2023-05-08 13:19:05,158 [main] &amp#27;[39mDEBUG&amp#27;[0;39m &amp#27;[36mc.g.d.z.s.o.a.h.c.h.i.c.MainClientExec&amp#27;[0;39m - &amp#27;[32mex-0000007B: executing GET /v1.32/containers/0739339bbc624082fb5e41f62f4a622236ffe4974bf12b2847105b726085e02b/json HTTP/1.1
&amp#27;[0;39m2023-05-08 13:19:05,159 [main] &amp#27;[39mDEBUG&amp#27;[0;39m &amp#27;[36mc.g.d.z.s.o.a.h.c.h.i.c.InternalHttpClient&amp#27;[0;39m - &amp#27;[32mep-0000007A: start execution ex-0000007B
&amp#27;[0;39m2023-05-08 13:19:05,159 [main] &amp#27;[39mDEBUG&amp#27;[0;39m &amp#27;[36mc.g.d.z.s.o.a.h.c.h.i.i.PoolingHttpClientConnectionManager&amp#27;[0;39m - &amp#27;[32mep-0000007A: executing exchange ex-0000007B over http-outgoing-1
&amp#27;[0;39m2023-05-08 13:19:05,159 [main] &amp#27;[39mDEBUG&amp#27;[0;39m &amp#27;[36mc.g.d.z.s.o.a.h.client5.http.headers&amp#27;[0;39m - &amp#27;[32mhttp-outgoing-1 >> GET /v1.32/containers/0739339bbc624082fb5e41f62f4a622236ffe4974bf12b2847105b726085e02b/json HTTP/1.1
&amp#27;[0;39m2023-05-08 13:19:05,159 [main] &amp#27;[39mDEBUG&amp#27;[0;39m &amp#27;[36mc.g.d.z.s.o.a.h.client5.http.headers&amp#27;[0;39m - &amp#27;[32mhttp-outgoing-1 >> accept: application/json
&amp#27;[0;39m2023-05-08 13:19:05,159 [main] &amp#27;[39mDEBUG&amp#27;[0;39m &amp#27;[36mc.g.d.z.s.o.a.h.client5.http.headers&amp#27;[0;39m - &amp#27;[32mhttp-outgoing-1 >> x-tc-sid: f1b696c1-ec3f-4f95-afa8-081853be7ccb
&amp#27;[0;39m2023-05-08 13:19:05,159 [main] &amp#27;[39mDEBUG&amp#27;[0;39m &amp#27;[36mc.g.d.z.s.o.a.h.client5.http.headers&amp#27;[0;39m - &amp#27;[32mhttp-outgoing-1 >> Accept-Encoding: gzip, x-gzip, deflate
&amp#27;[0;39m2023-05-08 13:19:05,159 [main] &amp#27;[39mDEBUG&amp#27;[0;39m &amp#27;[36mc.g.d.z.s.o.a.h.client5.http.headers&amp#27;[0;39m - &amp#27;[32mhttp-outgoing-1 >> Host: localhost:2375
&amp#27;[0;39m2023-05-08 13:19:05,159 [main] &amp#27;[39mDEBUG&amp#27;[0;39m &amp#27;[36mc.g.d.z.s.o.a.h.client5.http.headers&amp#27;[0;39m - &amp#27;[32mhttp-outgoing-1 >> Connection: keep-alive
&amp#27;[0;39m2023-05-08 13:19:05,159 [main] &amp#27;[39mDEBUG&amp#27;[0;39m &amp#27;[36mc.g.d.z.s.o.a.h.client5.http.headers&amp#27;[0;39m - &amp#27;[32mhttp-outgoing-1 >> User-Agent: Apache-HttpClient/5.0.3 (Java/17.0.6)
&amp#27;[0;39m2023-05-08 13:19:05,159 [main] &amp#27;[39mDEBUG&amp#27;[0;39m &amp#27;[36mc.g.d.z.s.o.a.hc.client5.http.wire&amp#27;[0;39m - &amp#27;[32mhttp-outgoing-1 >> "GET /v1.32/containers/0739339bbc624082fb5e41f62f4a622236ffe4974bf12b2847105b726085e02b/json HTTP/1.1[\r][\n]"
&amp#27;[0;39m2023-05-08 13:19:05,159 [main] &amp#27;[39mDEBUG&amp#27;[0;39m &amp#27;[36mc.g.d.z.s.o.a.hc.client5.http.wire&amp#27;[0;39m - &amp#27;[32mhttp-outgoing-1 >> "accept: application/json[\r][\n]"
&amp#27;[0;39m2023-05-08 13:19:05,159 [main] &amp#27;[39mDEBUG&amp#27;[0;39m &amp#27;[36mc.g.d.z.s.o.a.hc.client5.http.wire&amp#27;[0;39m - &amp#27;[32mhttp-outgoing-1 >> "x-tc-sid: f1b696c1-ec3f-4f95-afa8-081853be7ccb[\r][\n]"
&amp#27;[0;39m2023-05-08 13:19:05,159 [main] &amp#27;[39mDEBUG&amp#27;[0;39m &amp#27;[36mc.g.d.z.s.o.a.hc.client5.http.wire&amp#27;[0;39m - &amp#27;[32mhttp-outgoing-1 >> "Accept-Encoding: gzip, x-gzip, deflate[\r][\n]"
&amp#27;[0;39m2023-05-08 13:19:05,159 [main] &amp#27;[39mDEBUG&amp#27;[0;39m &amp#27;[36mc.g.d.z.s.o.a.hc.client5.http.wire&amp#27;[0;39m - &amp#27;[32mhttp-outgoing-1 >> "Host: localhost:2375[\r][\n]"
&amp#27;[0;39m2023-05-08 13:19:05,159 [main] &amp#27;[39mDEBUG&amp#27;[0;39m &amp#27;[36mc.g.d.z.s.o.a.hc.client5.http.wire&amp#27;[0;39m - &amp#27;[32mhttp-outgoing-1 >> "Connection: keep-alive[\r][\n]"
&amp#27;[0;39m2023-05-08 13:19:05,159 [main] &amp#27;[39mDEBUG&amp#27;[0;39m &amp#27;[36mc.g.d.z.s.o.a.hc.client5.http.wire&amp#27;[0;39m - &amp#27;[32mhttp-outgoing-1 >> "User-Agent: Apache-HttpClient/5.0.3 (Java/17.0.6)[\r][\n]"
&amp#27;[0;39m2023-05-08 13:19:05,159 [main] &amp#27;[39mDEBUG&amp#27;[0;39m &amp#27;[36mc.g.d.z.s.o.a.hc.client5.http.wire&amp#27;[0;39m - &amp#27;[32mhttp-outgoing-1 >> "[\r][\n]"
&amp#27;[0;39m2023-05-08 13:19:05,160 [main] &amp#27;[39mDEBUG&amp#27;[0;39m &amp#27;[36mc.g.d.z.s.o.a.hc.client5.http.wire&amp#27;[0;39m - &amp#27;[32mhttp-outgoing-1 << "HTTP/1.1 200 OK[\r][\n]"
&amp#27;[0;39m2023-05-08 13:19:05,160 [main] &amp#27;[39mDEBUG&amp#27;[0;39m &amp#27;[36mc.g.d.z.s.o.a.hc.client5.http.wire&amp#27;[0;39m - &amp#27;[32mhttp-outgoing-1 << "Api-Version: 1.42[\r][\n]"
&amp#27;[0;39m2023-05-08 13:19:05,160 [main] &amp#27;[39mDEBUG&amp#27;[0;39m &amp#27;[36mc.g.d.z.s.o.a.hc.client5.http.wire&amp#27;[0;39m - &amp#27;[32mhttp-outgoing-1 << "Content-Type: application/json[\r][\n]"
&amp#27;[0;39m2023-05-08 13:19:05,160 [main] &amp#27;[39mDEBUG&amp#27;[0;39m &amp#27;[36mc.g.d.z.s.o.a.hc.client5.http.wire&amp#27;[0;39m - &amp#27;[32mhttp-outgoing-1 << "Docker-Experimental: false[\r][\n]"
&amp#27;[0;39m2023-05-08 13:19:05,160 [main] &amp#27;[39mDEBUG&amp#27;[0;39m &amp#27;[36mc.g.d.z.s.o.a.hc.client5.http.wire&amp#27;[0;39m - &amp#27;[32mhttp-outgoing-1 << "Ostype: linux[\r][\n]"
&amp#27;[0;39m2023-05-08 13:19:05,160 [main] &amp#27;[39mDEBUG&amp#27;[0;39m &amp#27;[36mc.g.d.z.s.o.a.hc.client5.http.wire&amp#27;[0;39m - &amp#27;[32mhttp-outgoing-1 << "Server: Docker/23.0.5 (linux)[\r][\n]"
&amp#27;[0;39m2023-05-08 13:19:05,160 [main] &amp#27;[39mDEBUG&amp#27;[0;39m &amp#27;[36mc.g.d.z.s.o.a.hc.client5.http.wire&amp#27;[0;39m - &amp#27;[32mhttp-outgoing-1 << "Date: Mon, 08 May 2023 11:19:05 GMT[\r][\n]"
&amp#27;[0;39m2023-05-08 13:19:05,160 [main] &amp#27;[39mDEBUG&amp#27;[0;39m &amp#27;[36mc.g.d.z.s.o.a.hc.client5.http.wire&amp#27;[0;39m - &amp#27;[32mhttp-outgoing-1 << "Transfer-Encoding: chunked[\r][\n]"
&amp#27;[0;39m2023-05-08 13:19:05,160 [main] &amp#27;[39mDEBUG&amp#27;[0;39m &amp#27;[36mc.g.d.z.s.o.a.hc.client5.http.wire&amp#27;[0;39m - &amp#27;[32mhttp-outgoing-1 << "[\r][\n]"
&amp#27;[0;39m2023-05-08 13:19:05,160 [main] &amp#27;[39mDEBUG&amp#27;[0;39m &amp#27;[36mc.g.d.z.s.o.a.hc.client5.http.wire&amp#27;[0;39m - &amp#27;[32mhttp-outgoing-1 << "1893[\r][\n]"
&amp#27;[0;39m2023-05-08 13:19:05,160 [main] &amp#27;[39mDEBUG&amp#27;[0;39m &amp#27;[36mc.g.d.z.s.o.a.hc.client5.http.wire&amp#27;[0;39m - &amp#27;[32mhttp-outgoing-1 << "{"Id":"0739339bbc624082fb5e41f62f4a622236ffe4974bf12b2847105b726085e02b","Created":"2023-05-08T11:19:01.771856188Z","Path":"docker-entrypoint.sh","Args":["mysqld"],"State":{"Status":"running","Running":true,"Paused":false,"Restarting":false,"OOMKilled":false,"Dead":false,"Pid":59514,"ExitCode":0,"Error":"","StartedAt":"2023-05-08T11:19:02.113674386Z","FinishedAt":"0001-01-01T00:00:00Z"},"Image":"sha256:228d71078f8ce5ae9fd96b183f88c3a90e30544b4b7ce9d64a238d05fef2a681","ResolvConfPath":"/var/lib/docker/containers/0739339bbc624082fb5e41f62f4a622236ffe4974bf12b2847105b726085e02b/resolv.conf","HostnamePath":"/var/lib/docker/containers/0739339bbc624082fb5e41f62f4a622236ffe4974bf12b2847105b726085e02b/hostname","HostsPath":"/var/lib/docker/containers/0739339bbc624082fb5e41f62f4a622236ffe4974bf12b2847105b726085e02b/hosts","LogPath":"/var/lib/docker/containers/0739339bbc624082fb5e41f62f4a622236ffe4974bf12b2847105b726085e02b/0739339bbc624082fb5e41f62f4a622236ffe4974bf12b2847105b726085e02b-json.log","Name":"/intelligent_galileo","RestartCount":0,"Driver":"overlay2","Platform":"linux","MountLabel":"","ProcessLabel":"","AppArmorProfile":"docker-default","ExecIDs":null,"HostConfig":{"Binds":[],"ContainerIDFile":"","LogConfig":{"Type":"json-file","Config":{}},"NetworkMode":"default","PortBindings":{"3306/tcp":[{"HostIp":"","HostPort":""}]},"RestartPolicy":{"Name":"","MaximumRetryCount":0},"AutoRemove":false,"VolumeDriver":"","VolumesFrom":[],"ConsoleSize":[0,0],"CapAdd":null,"CapDrop":null,"CgroupnsMode":"private","Dns":null,"DnsOptions":null,"DnsSearch":null,"ExtraHosts":[],"GroupAdd":null,"IpcMode":"shareable","Cgroup":"","Links":null,"OomScoreAdj":0,"PidMode":"","Privileged":false,"PublishAllPorts":false,"ReadonlyRootfs":false,"SecurityOpt":null,"UTSMode":"","UsernsMode":"","ShmSize":67108864,"Runtime":"runc","Isolation":"","CpuShares":0,"Memory":0,"NanoCpus":0,"CgroupParent":"","BlkioWeight":0,"BlkioWeightDevice":null,"BlkioDeviceReadBps":null,"BlkioDeviceWriteBps":null,"BlkioDeviceReadIOps":null,"BlkioDeviceWriteIOps":null,"CpuPeriod":0,"CpuQuota":0,"CpuRealtimePeriod":0,"CpuRealtimeRuntime":0,"CpusetCpus":"","CpusetMems":"","Devices":null,"DeviceCgroupRules":null,"DeviceRequests":null,"MemoryReservation":0,"MemorySwap":0,"MemorySwappiness":null,"OomKillDisable":null,"PidsLimit":null,"Ulimits":null,"CpuCount":0,"CpuPercent":0,"IOMaximumIOps":0,"IOMaximumBandwidth":0,"MaskedPaths":["/proc/asound","/proc/acpi","/proc/kcore","/proc/keys","/proc/latency_stats","/proc/timer_list","/proc/timer_stats","/proc/sched_debug","/proc/scsi","/sys/firmware"],"ReadonlyPaths":["/proc/bus","/proc/fs","/proc/irq","/proc/sys","/proc/sysrq-trigger"]},"GraphDriver":{"Data":{"LowerDir":"/var/lib/docker/overlay2/b481eee7843c17772ada1734203524b4de76785735a50d4c68703d497db0e4ed-init/diff:/var/lib/docker/overlay2/4c6e20f032f02b27a9272f982861dc21998197aa90d94ed3bef95d449380247c/diff:/var/lib/docker/overlay2/0c75f828f603eff839bb3ca448163ab2a8017e86625ac255cd3dbf1673ddac26/diff:/var/lib/docker/overlay2/da128d897fda75829109844ce6cd9d73d0f54c682e735100af000ce899908729/diff:/var/lib/docker/overlay2/b678a1f261bf323afba6d76d91ab7428bdd6e1ef4a39b5224e4a1afd08c0423a/diff:/var/lib/docker/overlay2/1bec43b14875c5f9f814f146e8e31aa78566689c2c163da2ac60a32254988437/diff:/var/lib/docker/overlay2/28f4b1e6e1a7a2dbe30f1f94fb42bccd85a61faf8af1fe30a5bb0d442c525e41/diff:/var/lib/docker/overlay2/0f493124464c291d7c97d2633d5dff04b1dce5de904cb40a34dfbe7fe72e3fd4/diff:/var/lib/docker/overlay2/05befbee9e38cd670e1786b3310e99796dcc06abbed970007b4109a5424843fa/diff:/var/lib/docker/overlay2/582bcca9acfc4eef25109e1e1b9c9d104f355798455bc73e855c99283887a6e8/diff:/var/lib/docker/overlay2/153b3bf0b69e97e8f0e5533414a31ca33fa530e63d174c9617621abe46e7e9d1/diff:/var/lib/docker/overlay2/bf87a76c0a38875ee6e915fd0d2527eafa880ec6bf2c1cb294959428c18d10bd/diff","MergedDir":"/var/lib/docker/overlay2/b481eee7843c17772ada1734203524b4de76785735a50d4c68703d497db0e4ed/merged","UpperDir":"/var/lib/docker/overlay2/b481eee7843c17772ada1734203524b4de76785735a50d4c68703d497db0e4ed/diff","WorkDir":"/var/lib/docker/overlay2/b481eee7843c17772ada1734203524b4de76785735a50d4c68703d497db0e4ed/work"},"Name":"overlay2"},"Mounts":[{"Type":"volume","Name":"ec40278114b76af7b6535b952e685e04a98a51fa16363f5e9f0df1ce601f1dd5","Source":"/var/lib/docker/volumes/ec40278114b76af7b6535b952e685e04a98a51fa16363f5e9f0df1ce601f1dd5/_data","Destination":"/var/lib/mysql","Driver":"local","Mode":"","RW":true,"Propagation":""}],"Config":{"Hostname":"0739339bbc62","Domainname":"","User":"","AttachStdin":false,"AttachStdout":false,"AttachStderr":false,"ExposedPorts":{"3306/tcp":{}},"Tty":false,"OpenStdin":false,"StdinOnce":false,"Env":["MYSQL_DATABASE=test","MYSQL_PASSWORD=test","MYSQL_USER=test","MYSQL_ROOT_PASSWORD=test","PATH=/usr/local/sbin:/usr/local/bin:/usr/sbin:/usr/bin:/sbin:/bin","GOSU_VERSION=1.7","MYSQL_MAJOR=8.0","MYSQL_VERSION=8.0.0-dmr-1debian8"],"Cmd":["mysqld"],"Image":"mysql:8.0.0","Volumes":{"/var/lib/mysql":{}},"WorkingDir":"","Entrypoint":["docker-entrypoint.sh"],"OnBuild":null,"Labels":{"org.testcontainers":"true","org.testcontainers.lang":"java","org.testcontainers.sessionId":"f1b696c1-ec3f-4f95-afa8-081853be7ccb","org.testcontainers.version":"1.18.0"}},"NetworkSettings":{"Bridge":"","SandboxID":"d265e68e2afe307f1ab03fab083f2c0477cba31e9f26759f52b94e045d1847fb","HairpinMode":false,"LinkLocalIPv6Address":"","LinkLocalIPv6PrefixLen":0,"Ports":{"3306/tcp":[{"HostIp":"0.0.0.0","HostPort":"32782"},{"HostIp":"::","HostPort":"32782"}]},"SandboxKey":"/var/run/docker/netns/d265e68e2afe","SecondaryIPAddresses":null,"SecondaryIPv6Addresses":null,"EndpointID":"97b4c81a7665dcad3863174204db678dde492e2a2b2f11f6ef1c683b5d76146b","Gateway":"172.17.0.1","GlobalIPv6Address":"","GlobalIPv6PrefixLen":0,"IPAddress":"172.17.0.3","IPPrefixLen":16,"IPv6Gateway":"","MacAddress":"02:42:ac:11:00:03","Networks":{"bridge":{"IPAMConfig":null,"Links":null,"Aliases":null,"NetworkID":"e1a078e12eb8d77b497ed932f7fb43787eeb6ff6972febd7d03c9282b8b5cd45","EndpointID":"97b4c81a7665dcad3863174204db678dde492e2a2b2f11f6ef1c683b5d76146b","Gateway":"172.17.0.1","IPAddress":"172.17.0.3","IPPrefixLen":16,"IPv6Gateway":"","GlobalIPv6Address":"","GlobalIPv6PrefixLen":0,"MacAddress":"02:42:ac:11:00:03","DriverOpts":null}}}}[\n]"
&amp#27;[0;39m2023-05-08 13:19:05,161 [main] &amp#27;[39mDEBUG&amp#27;[0;39m &amp#27;[36mc.g.d.z.s.o.a.hc.client5.http.wire&amp#27;[0;39m - &amp#27;[32mhttp-outgoing-1 << "[\r][\n]"
&amp#27;[0;39m2023-05-08 13:19:05,161 [main] &amp#27;[39mDEBUG&amp#27;[0;39m &amp#27;[36mc.g.d.z.s.o.a.hc.client5.http.wire&amp#27;[0;39m - &amp#27;[32mhttp-outgoing-1 << "0[\r][\n]"
&amp#27;[0;39m2023-05-08 13:19:05,161 [main] &amp#27;[39mDEBUG&amp#27;[0;39m &amp#27;[36mc.g.d.z.s.o.a.hc.client5.http.wire&amp#27;[0;39m - &amp#27;[32mhttp-outgoing-1 << "[\r][\n]"
&amp#27;[0;39m2023-05-08 13:19:05,161 [main] &amp#27;[39mDEBUG&amp#27;[0;39m &amp#27;[36mc.g.d.z.s.o.a.h.client5.http.headers&amp#27;[0;39m - &amp#27;[32mhttp-outgoing-1 << HTTP/1.1 200 OK
&amp#27;[0;39m2023-05-08 13:19:05,161 [main] &amp#27;[39mDEBUG&amp#27;[0;39m &amp#27;[36mc.g.d.z.s.o.a.h.client5.http.headers&amp#27;[0;39m - &amp#27;[32mhttp-outgoing-1 << Api-Version: 1.42
&amp#27;[0;39m2023-05-08 13:19:05,161 [main] &amp#27;[39mDEBUG&amp#27;[0;39m &amp#27;[36mc.g.d.z.s.o.a.h.client5.http.headers&amp#27;[0;39m - &amp#27;[32mhttp-outgoing-1 << Content-Type: application/json
&amp#27;[0;39m2023-05-08 13:19:05,161 [main] &amp#27;[39mDEBUG&amp#27;[0;39m &amp#27;[36mc.g.d.z.s.o.a.h.client5.http.headers&amp#27;[0;39m - &amp#27;[32mhttp-outgoing-1 << Docker-Experimental: false
&amp#27;[0;39m2023-05-08 13:19:05,161 [main] &amp#27;[39mDEBUG&amp#27;[0;39m &amp#27;[36mc.g.d.z.s.o.a.h.client5.http.headers&amp#27;[0;39m - &amp#27;[32mhttp-outgoing-1 << Ostype: linux
&amp#27;[0;39m2023-05-08 13:19:05,161 [main] &amp#27;[39mDEBUG&amp#27;[0;39m &amp#27;[36mc.g.d.z.s.o.a.h.client5.http.headers&amp#27;[0;39m - &amp#27;[32mhttp-outgoing-1 << Server: Docker/23.0.5 (linux)
&amp#27;[0;39m2023-05-08 13:19:05,161 [main] &amp#27;[39mDEBUG&amp#27;[0;39m &amp#27;[36mc.g.d.z.s.o.a.h.client5.http.headers&amp#27;[0;39m - &amp#27;[32mhttp-outgoing-1 << Date: Mon, 08 May 2023 11:19:05 GMT
&amp#27;[0;39m2023-05-08 13:19:05,161 [main] &amp#27;[39mDEBUG&amp#27;[0;39m &amp#27;[36mc.g.d.z.s.o.a.h.client5.http.headers&amp#27;[0;39m - &amp#27;[32mhttp-outgoing-1 << Transfer-Encoding: chunked
&amp#27;[0;39m2023-05-08 13:19:05,161 [main] &amp#27;[39mDEBUG&amp#27;[0;39m &amp#27;[36mc.g.d.z.s.o.a.h.c.h.i.c.MainClientExec&amp#27;[0;39m - &amp#27;[32mex-0000007B: connection can be kept alive for 3 MINUTES
&amp#27;[0;39m2023-05-08 13:19:05,162 [main] &amp#27;[39mDEBUG&amp#27;[0;39m &amp#27;[36mc.g.d.z.s.o.a.h.c.h.i.c.InternalHttpClient&amp#27;[0;39m - &amp#27;[32mep-0000007A: releasing valid endpoint
&amp#27;[0;39m2023-05-08 13:19:05,162 [main] &amp#27;[39mDEBUG&amp#27;[0;39m &amp#27;[36mc.g.d.z.s.o.a.h.c.h.i.i.PoolingHttpClientConnectionManager&amp#27;[0;39m - &amp#27;[32mep-0000007A: releasing endpoint
&amp#27;[0;39m2023-05-08 13:19:05,162 [main] &amp#27;[39mDEBUG&amp#27;[0;39m &amp#27;[36mc.g.d.z.s.o.a.h.c.h.i.i.PoolingHttpClientConnectionManager&amp#27;[0;39m - &amp#27;[32mep-0000007A: connection http-outgoing-1 can be kept alive for 3 MINUTES
&amp#27;[0;39m2023-05-08 13:19:05,162 [main] &amp#27;[39mDEBUG&amp#27;[0;39m &amp#27;[36mc.g.d.z.s.o.a.h.c.h.i.i.PoolingHttpClientConnectionManager&amp#27;[0;39m - &amp#27;[32mep-0000007A: connection released [route: {}->unix://localhost:2375][total available: 1; route allocated: 1 of 2147483647; total allocated: 1 of 2147483647]
&amp#27;[0;39m2023-05-08 13:19:05,162 [main] &amp#27;[39mDEBUG&amp#27;[0;39m &amp#27;[36mtc.mysql:8.0.0&amp#27;[0;39m - &amp#27;[32mTrying to create JDBC connection using com.mysql.cj.jdbc.Driver to jdbc:mysql://localhost:32782/test?useSSL=false&allowPublicKeyRetrieval=true with properties: {password=test, user=test}
&amp#27;[0;39m2023-05-08 13:19:05,264 [main] &amp#27;[39mDEBUG&amp#27;[0;39m &amp#27;[36mo.t.s.c.g.d.c.command.AbstrDockerCmd&amp#27;[0;39m - &amp#27;[32mCmd: 0739339bbc624082fb5e41f62f4a622236ffe4974bf12b2847105b726085e02b,false
&amp#27;[0;39m2023-05-08 13:19:05,264 [main] &amp#27;[39mDEBUG&amp#27;[0;39m &amp#27;[36mo.t.s.c.g.d.c.e.InspectContainerCmdExec&amp#27;[0;39m - &amp#27;[32mGET: DefaultWebTarget{path=[/containers/0739339bbc624082fb5e41f62f4a622236ffe4974bf12b2847105b726085e02b/json], queryParams={}}
&amp#27;[0;39m2023-05-08 13:19:05,264 [main] &amp#27;[39mDEBUG&amp#27;[0;39m &amp#27;[36mc.g.d.z.s.o.a.h.c.h.i.c.InternalHttpClient&amp#27;[0;39m - &amp#27;[32mex-0000007C: preparing request execution
&amp#27;[0;39m2023-05-08 13:19:05,264 [main] &amp#27;[39mDEBUG&amp#27;[0;39m &amp#27;[36mc.g.d.z.s.o.a.h.c.h.p.RequestAddCookies&amp#27;[0;39m - &amp#27;[32mCookie spec selected: strict
&amp#27;[0;39m2023-05-08 13:19:05,265 [main] &amp#27;[39mDEBUG&amp#27;[0;39m &amp#27;[36mc.g.d.z.s.o.a.h.c.h.p.RequestAuthCache&amp#27;[0;39m - &amp#27;[32mAuth cache not set in the context
&amp#27;[0;39m2023-05-08 13:19:05,265 [main] &amp#27;[39mDEBUG&amp#27;[0;39m &amp#27;[36mc.g.d.z.s.o.a.h.c.h.i.c.ProtocolExec&amp#27;[0;39m - &amp#27;[32mex-0000007C: target auth state: UNCHALLENGED
&amp#27;[0;39m2023-05-08 13:19:05,265 [main] &amp#27;[39mDEBUG&amp#27;[0;39m &amp#27;[36mc.g.d.z.s.o.a.h.c.h.i.c.ProtocolExec&amp#27;[0;39m - &amp#27;[32mex-0000007C: proxy auth state: UNCHALLENGED
&amp#27;[0;39m2023-05-08 13:19:05,265 [main] &amp#27;[39mDEBUG&amp#27;[0;39m &amp#27;[36mc.g.d.z.s.o.a.h.c.h.i.c.ConnectExec&amp#27;[0;39m - &amp#27;[32mex-0000007C: acquiring connection with route {}->unix://localhost:2375
&amp#27;[0;39m2023-05-08 13:19:05,265 [main] &amp#27;[39mDEBUG&amp#27;[0;39m &amp#27;[36mc.g.d.z.s.o.a.h.c.h.i.c.InternalHttpClient&amp#27;[0;39m - &amp#27;[32mex-0000007C: acquiring endpoint (3 MINUTES)
&amp#27;[0;39m2023-05-08 13:19:05,265 [main] &amp#27;[39mDEBUG&amp#27;[0;39m &amp#27;[36mc.g.d.z.s.o.a.h.c.h.i.i.PoolingHttpClientConnectionManager&amp#27;[0;39m - &amp#27;[32mex-0000007C: endpoint lease request (3 MINUTES) [route: {}->unix://localhost:2375][total available: 1; route allocated: 1 of 2147483647; total allocated: 1 of 2147483647]
&amp#27;[0;39m2023-05-08 13:19:05,265 [main] &amp#27;[39mDEBUG&amp#27;[0;39m &amp#27;[36mc.g.d.z.s.o.a.h.c.h.i.i.PoolingHttpClientConnectionManager&amp#27;[0;39m - &amp#27;[32mex-0000007C: endpoint leased [route: {}->unix://localhost:2375][total available: 0; route allocated: 1 of 2147483647; total allocated: 1 of 2147483647]
&amp#27;[0;39m2023-05-08 13:19:05,265 [main] &amp#27;[39mDEBUG&amp#27;[0;39m &amp#27;[36mc.g.d.z.s.o.a.h.c.h.i.i.PoolingHttpClientConnectionManager&amp#27;[0;39m - &amp#27;[32mex-0000007C: acquired ep-0000007B
&amp#27;[0;39m2023-05-08 13:19:05,265 [main] &amp#27;[39mDEBUG&amp#27;[0;39m &amp#27;[36mc.g.d.z.s.o.a.h.c.h.i.c.InternalHttpClient&amp#27;[0;39m - &amp#27;[32mex-0000007C: acquired endpoint ep-0000007B
&amp#27;[0;39m2023-05-08 13:19:05,265 [main] &amp#27;[39mDEBUG&amp#27;[0;39m &amp#27;[36mc.g.d.z.s.o.a.h.c.h.i.c.MainClientExec&amp#27;[0;39m - &amp#27;[32mex-0000007C: executing GET /v1.32/containers/0739339bbc624082fb5e41f62f4a622236ffe4974bf12b2847105b726085e02b/json HTTP/1.1
&amp#27;[0;39m2023-05-08 13:19:05,265 [main] &amp#27;[39mDEBUG&amp#27;[0;39m &amp#27;[36mc.g.d.z.s.o.a.h.c.h.i.c.InternalHttpClient&amp#27;[0;39m - &amp#27;[32mep-0000007B: start execution ex-0000007C
&amp#27;[0;39m2023-05-08 13:19:05,265 [main] &amp#27;[39mDEBUG&amp#27;[0;39m &amp#27;[36mc.g.d.z.s.o.a.h.c.h.i.i.PoolingHttpClientConnectionManager&amp#27;[0;39m - &amp#27;[32mep-0000007B: executing exchange ex-0000007C over http-outgoing-1
&amp#27;[0;39m2023-05-08 13:19:05,265 [main] &amp#27;[39mDEBUG&amp#27;[0;39m &amp#27;[36mc.g.d.z.s.o.a.h.client5.http.headers&amp#27;[0;39m - &amp#27;[32mhttp-outgoing-1 >> GET /v1.32/containers/0739339bbc624082fb5e41f62f4a622236ffe4974bf12b2847105b726085e02b/json HTTP/1.1
&amp#27;[0;39m2023-05-08 13:19:05,265 [main] &amp#27;[39mDEBUG&amp#27;[0;39m &amp#27;[36mc.g.d.z.s.o.a.h.client5.http.headers&amp#27;[0;39m - &amp#27;[32mhttp-outgoing-1 >> accept: application/json
&amp#27;[0;39m2023-05-08 13:19:05,265 [main] &amp#27;[39mDEBUG&amp#27;[0;39m &amp#27;[36mc.g.d.z.s.o.a.h.client5.http.headers&amp#27;[0;39m - &amp#27;[32mhttp-outgoing-1 >> x-tc-sid: f1b696c1-ec3f-4f95-afa8-081853be7ccb
&amp#27;[0;39m2023-05-08 13:19:05,265 [main] &amp#27;[39mDEBUG&amp#27;[0;39m &amp#27;[36mc.g.d.z.s.o.a.h.client5.http.headers&amp#27;[0;39m - &amp#27;[32mhttp-outgoing-1 >> Accept-Encoding: gzip, x-gzip, deflate
&amp#27;[0;39m2023-05-08 13:19:05,265 [main] &amp#27;[39mDEBUG&amp#27;[0;39m &amp#27;[36mc.g.d.z.s.o.a.h.client5.http.headers&amp#27;[0;39m - &amp#27;[32mhttp-outgoing-1 >> Host: localhost:2375
&amp#27;[0;39m2023-05-08 13:19:05,265 [main] &amp#27;[39mDEBUG&amp#27;[0;39m &amp#27;[36mc.g.d.z.s.o.a.h.client5.http.headers&amp#27;[0;39m - &amp#27;[32mhttp-outgoing-1 >> Connection: keep-alive
&amp#27;[0;39m2023-05-08 13:19:05,265 [main] &amp#27;[39mDEBUG&amp#27;[0;39m &amp#27;[36mc.g.d.z.s.o.a.h.client5.http.headers&amp#27;[0;39m - &amp#27;[32mhttp-outgoing-1 >> User-Agent: Apache-HttpClient/5.0.3 (Java/17.0.6)
&amp#27;[0;39m2023-05-08 13:19:05,265 [main] &amp#27;[39mDEBUG&amp#27;[0;39m &amp#27;[36mc.g.d.z.s.o.a.hc.client5.http.wire&amp#27;[0;39m - &amp#27;[32mhttp-outgoing-1 >> "GET /v1.32/containers/0739339bbc624082fb5e41f62f4a622236ffe4974bf12b2847105b726085e02b/json HTTP/1.1[\r][\n]"
&amp#27;[0;39m2023-05-08 13:19:05,265 [main] &amp#27;[39mDEBUG&amp#27;[0;39m &amp#27;[36mc.g.d.z.s.o.a.hc.client5.http.wire&amp#27;[0;39m - &amp#27;[32mhttp-outgoing-1 >> "accept: application/json[\r][\n]"
&amp#27;[0;39m2023-05-08 13:19:05,265 [main] &amp#27;[39mDEBUG&amp#27;[0;39m &amp#27;[36mc.g.d.z.s.o.a.hc.client5.http.wire&amp#27;[0;39m - &amp#27;[32mhttp-outgoing-1 >> "x-tc-sid: f1b696c1-ec3f-4f95-afa8-081853be7ccb[\r][\n]"
&amp#27;[0;39m2023-05-08 13:19:05,265 [main] &amp#27;[39mDEBUG&amp#27;[0;39m &amp#27;[36mc.g.d.z.s.o.a.hc.client5.http.wire&amp#27;[0;39m - &amp#27;[32mhttp-outgoing-1 >> "Accept-Encoding: gzip, x-gzip, deflate[\r][\n]"
&amp#27;[0;39m2023-05-08 13:19:05,265 [main] &amp#27;[39mDEBUG&amp#27;[0;39m &amp#27;[36mc.g.d.z.s.o.a.hc.client5.http.wire&amp#27;[0;39m - &amp#27;[32mhttp-outgoing-1 >> "Host: localhost:2375[\r][\n]"
&amp#27;[0;39m2023-05-08 13:19:05,265 [main] &amp#27;[39mDEBUG&amp#27;[0;39m &amp#27;[36mc.g.d.z.s.o.a.hc.client5.http.wire&amp#27;[0;39m - &amp#27;[32mhttp-outgoing-1 >> "Connection: keep-alive[\r][\n]"
&amp#27;[0;39m2023-05-08 13:19:05,265 [main] &amp#27;[39mDEBUG&amp#27;[0;39m &amp#27;[36mc.g.d.z.s.o.a.hc.client5.http.wire&amp#27;[0;39m - &amp#27;[32mhttp-outgoing-1 >> "User-Agent: Apache-HttpClient/5.0.3 (Java/17.0.6)[\r][\n]"
&amp#27;[0;39m2023-05-08 13:19:05,265 [main] &amp#27;[39mDEBUG&amp#27;[0;39m &amp#27;[36mc.g.d.z.s.o.a.hc.client5.http.wire&amp#27;[0;39m - &amp#27;[32mhttp-outgoing-1 >> "[\r][\n]"
&amp#27;[0;39m2023-05-08 13:19:05,265 [main] &amp#27;[39mDEBUG&amp#27;[0;39m &amp#27;[36mc.g.d.z.s.o.a.hc.client5.http.wire&amp#27;[0;39m - &amp#27;[32mhttp-outgoing-1 << "HTTP/1.1 200 OK[\r][\n]"
&amp#27;[0;39m2023-05-08 13:19:05,265 [main] &amp#27;[39mDEBUG&amp#27;[0;39m &amp#27;[36mc.g.d.z.s.o.a.hc.client5.http.wire&amp#27;[0;39m - &amp#27;[32mhttp-outgoing-1 << "Api-Version: 1.42[\r][\n]"
&amp#27;[0;39m2023-05-08 13:19:05,265 [main] &amp#27;[39mDEBUG&amp#27;[0;39m &amp#27;[36mc.g.d.z.s.o.a.hc.client5.http.wire&amp#27;[0;39m - &amp#27;[32mhttp-outgoing-1 << "Content-Type: application/json[\r][\n]"
&amp#27;[0;39m2023-05-08 13:19:05,265 [main] &amp#27;[39mDEBUG&amp#27;[0;39m &amp#27;[36mc.g.d.z.s.o.a.hc.client5.http.wire&amp#27;[0;39m - &amp#27;[32mhttp-outgoing-1 << "Docker-Experimental: false[\r][\n]"
&amp#27;[0;39m2023-05-08 13:19:05,265 [main] &amp#27;[39mDEBUG&amp#27;[0;39m &amp#27;[36mc.g.d.z.s.o.a.hc.client5.http.wire&amp#27;[0;39m - &amp#27;[32mhttp-outgoing-1 << "Ostype: linux[\r][\n]"
&amp#27;[0;39m2023-05-08 13:19:05,265 [main] &amp#27;[39mDEBUG&amp#27;[0;39m &amp#27;[36mc.g.d.z.s.o.a.hc.client5.http.wire&amp#27;[0;39m - &amp#27;[32mhttp-outgoing-1 << "Server: Docker/23.0.5 (linux)[\r][\n]"
&amp#27;[0;39m2023-05-08 13:19:05,265 [main] &amp#27;[39mDEBUG&amp#27;[0;39m &amp#27;[36mc.g.d.z.s.o.a.hc.client5.http.wire&amp#27;[0;39m - &amp#27;[32mhttp-outgoing-1 << "Date: Mon, 08 May 2023 11:19:05 GMT[\r][\n]"
&amp#27;[0;39m2023-05-08 13:19:05,265 [main] &amp#27;[39mDEBUG&amp#27;[0;39m &amp#27;[36mc.g.d.z.s.o.a.hc.client5.http.wire&amp#27;[0;39m - &amp#27;[32mhttp-outgoing-1 << "Transfer-Encoding: chunked[\r][\n]"
&amp#27;[0;39m2023-05-08 13:19:05,265 [main] &amp#27;[39mDEBUG&amp#27;[0;39m &amp#27;[36mc.g.d.z.s.o.a.hc.client5.http.wire&amp#27;[0;39m - &amp#27;[32mhttp-outgoing-1 << "[\r][\n]"
&amp#27;[0;39m2023-05-08 13:19:05,265 [main] &amp#27;[39mDEBUG&amp#27;[0;39m &amp#27;[36mc.g.d.z.s.o.a.hc.client5.http.wire&amp#27;[0;39m - &amp#27;[32mhttp-outgoing-1 << "1893[\r][\n]"
&amp#27;[0;39m2023-05-08 13:19:05,265 [main] &amp#27;[39mDEBUG&amp#27;[0;39m &amp#27;[36mc.g.d.z.s.o.a.hc.client5.http.wire&amp#27;[0;39m - &amp#27;[32mhttp-outgoing-1 << "{"Id":"0739339bbc624082fb5e41f62f4a622236ffe4974bf12b2847105b726085e02b","Created":"2023-05-08T11:19:01.771856188Z","Path":"docker-entrypoint.sh","Args":["mysqld"],"State":{"Status":"running","Running":true,"Paused":false,"Restarting":false,"OOMKilled":false,"Dead":false,"Pid":59514,"ExitCode":0,"Error":"","StartedAt":"2023-05-08T11:19:02.113674386Z","FinishedAt":"0001-01-01T00:00:00Z"},"Image":"sha256:228d71078f8ce5ae9fd96b183f88c3a90e30544b4b7ce9d64a238d05fef2a681","ResolvConfPath":"/var/lib/docker/containers/0739339bbc624082fb5e41f62f4a622236ffe4974bf12b2847105b726085e02b/resolv.conf","HostnamePath":"/var/lib/docker/containers/0739339bbc624082fb5e41f62f4a622236ffe4974bf12b2847105b726085e02b/hostname","HostsPath":"/var/lib/docker/containers/0739339bbc624082fb5e41f62f4a622236ffe4974bf12b2847105b726085e02b/hosts","LogPath":"/var/lib/docker/containers/0739339bbc624082fb5e41f62f4a622236ffe4974bf12b2847105b726085e02b/0739339bbc624082fb5e41f62f4a622236ffe4974bf12b2847105b726085e02b-json.log","Name":"/intelligent_galileo","RestartCount":0,"Driver":"overlay2","Platform":"linux","MountLabel":"","ProcessLabel":"","AppArmorProfile":"docker-default","ExecIDs":null,"HostConfig":{"Binds":[],"ContainerIDFile":"","LogConfig":{"Type":"json-file","Config":{}},"NetworkMode":"default","PortBindings":{"3306/tcp":[{"HostIp":"","HostPort":""}]},"RestartPolicy":{"Name":"","MaximumRetryCount":0},"AutoRemove":false,"VolumeDriver":"","VolumesFrom":[],"ConsoleSize":[0,0],"CapAdd":null,"CapDrop":null,"CgroupnsMode":"private","Dns":null,"DnsOptions":null,"DnsSearch":null,"ExtraHosts":[],"GroupAdd":null,"IpcMode":"shareable","Cgroup":"","Links":null,"OomScoreAdj":0,"PidMode":"","Privileged":false,"PublishAllPorts":false,"ReadonlyRootfs":false,"SecurityOpt":null,"UTSMode":"","UsernsMode":"","ShmSize":67108864,"Runtime":"runc","Isolation":"","CpuShares":0,"Memory":0,"NanoCpus":0,"CgroupParent":"","BlkioWeight":0,"BlkioWeightDevice":null,"BlkioDeviceReadBps":null,"BlkioDeviceWriteBps":null,"BlkioDeviceReadIOps":null,"BlkioDeviceWriteIOps":null,"CpuPeriod":0,"CpuQuota":0,"CpuRealtimePeriod":0,"CpuRealtimeRuntime":0,"CpusetCpus":"","CpusetMems":"","Devices":null,"DeviceCgroupRules":null,"DeviceRequests":null,"MemoryReservation":0,"MemorySwap":0,"MemorySwappiness":null,"OomKillDisable":null,"PidsLimit":null,"Ulimits":null,"CpuCount":0,"CpuPercent":0,"IOMaximumIOps":0,"IOMaximumBandwidth":0,"MaskedPaths":["/proc/asound","/proc/acpi","/proc/kcore","/proc/keys","/proc/latency_stats","/proc/timer_list","/proc/timer_stats","/proc/sched_debug","/proc/scsi","/sys/firmware"],"ReadonlyPaths":["/proc/bus","/proc/fs","/proc/irq","/proc/sys","/proc/sysrq-trigger"]},"GraphDriver":{"Data":{"LowerDir":"/var/lib/docker/overlay2/b481eee7843c17772ada1734203524b4de76785735a50d4c68703d497db0e4ed-init/diff:/var/lib/docker/overlay2/4c6e20f032f02b27a9272f982861dc21998197aa90d94ed3bef95d449380247c/diff:/var/lib/docker/overlay2/0c75f828f603eff839bb3ca448163ab2a8017e86625ac255cd3dbf1673ddac26/diff:/var/lib/docker/overlay2/da128d897fda75829109844ce6cd9d73d0f54c682e735100af000ce899908729/diff:/var/lib/docker/overlay2/b678a1f261bf323afba6d76d91ab7428bdd6e1ef4a39b5224e4a1afd08c0423a/diff:/var/lib/docker/overlay2/1bec43b14875c5f9f814f146e8e31aa78566689c2c163da2ac60a32254988437/diff:/var/lib/docker/overlay2/28f4b1e6e1a7a2dbe30f1f94fb42bccd85a61faf8af1fe30a5bb0d442c525e41/diff:/var/lib/docker/overlay2/0f493124464c291d7c97d2633d5dff04b1dce5de904cb40a34dfbe7fe72e3fd4/diff:/var/lib/docker/overlay2/05befbee9e38cd670e1786b3310e99796dcc06abbed970007b4109a5424843fa/diff:/var/lib/docker/overlay2/582bcca9acfc4eef25109e1e1b9c9d104f355798455bc73e855c99283887a6e8/diff:/var/lib/docker/overlay2/153b3bf0b69e97e8f0e5533414a31ca33fa530e63d174c9617621abe46e7e9d1/diff:/var/lib/docker/overlay2/bf87a76c0a38875ee6e915fd0d2527eafa880ec6bf2c1cb294959428c18d10bd/diff","MergedDir":"/var/lib/docker/overlay2/b481eee7843c17772ada1734203524b4de76785735a50d4c68703d497db0e4ed/merged","UpperDir":"/var/lib/docker/overlay2/b481eee7843c17772ada1734203524b4de76785735a50d4c68703d497db0e4ed/diff","WorkDir":"/var/lib/docker/overlay2/b481eee7843c17772ada1734203524b4de76785735a50d4c68703d497db0e4ed/work"},"Name":"overlay2"},"Mounts":[{"Type":"volume","Name":"ec40278114b76af7b6535b952e685e04a98a51fa16363f5e9f0df1ce601f1dd5","Source":"/var/lib/docker/volumes/ec40278114b76af7b6535b952e685e04a98a51fa16363f5e9f0df1ce601f1dd5/_data","Destination":"/var/lib/mysql","Driver":"local","Mode":"","RW":true,"Propagation":""}],"Config":{"Hostname":"0739339bbc62","Domainname":"","User":"","AttachStdin":false,"AttachStdout":false,"AttachStderr":false,"ExposedPorts":{"3306/tcp":{}},"Tty":false,"OpenStdin":false,"StdinOnce":false,"Env":["MYSQL_DATABASE=test","MYSQL_PASSWORD=test","MYSQL_USER=test","MYSQL_ROOT_PASSWORD=test","PATH=/usr/local/sbin:/usr/local/bin:/usr/sbin:/usr/bin:/sbin:/bin","GOSU_VERSION=1.7","MYSQL_MAJOR=8.0","MYSQL_VERSION=8.0.0-dmr-1debian8"],"Cmd":["mysqld"],"Image":"mysql:8.0.0","Volumes":{"/var/lib/mysql":{}},"WorkingDir":"","Entrypoint":["docker-entrypoint.sh"],"OnBuild":null,"Labels":{"org.testcontainers":"true","org.testcontainers.lang":"java","org.testcontainers.sessionId":"f1b696c1-ec3f-4f95-afa8-081853be7ccb","org.testcontainers.version":"1.18.0"}},"NetworkSettings":{"Bridge":"","SandboxID":"d265e68e2afe307f1ab03fab083f2c0477cba31e9f26759f52b94e045d1847fb","HairpinMode":false,"LinkLocalIPv6Address":"","LinkLocalIPv6PrefixLen":0,"Ports":{"3306/tcp":[{"HostIp":"0.0.0.0","HostPort":"32782"},{"HostIp":"::","HostPort":"32782"}]},"SandboxKey":"/var/run/docker/netns/d265e68e2afe","SecondaryIPAddresses":null,"SecondaryIPv6Addresses":null,"EndpointID":"97b4c81a7665dcad3863174204db678dde492e2a2b2f11f6ef1c683b5d76146b","Gateway":"172.17.0.1","GlobalIPv6Address":"","GlobalIPv6PrefixLen":0,"IPAddress":"172.17.0.3","IPPrefixLen":16,"IPv6Gateway":"","MacAddress":"02:42:ac:11:00:03","Networks":{"bridge":{"IPAMConfig":null,"Links":null,"Aliases":null,"NetworkID":"e1a078e12eb8d77b497ed932f7fb43787eeb6ff6972febd7d03c9282b8b5cd45","EndpointID":"97b4c81a7665dcad3863174204db678dde492e2a2b2f11f6ef1c683b5d76146b","Gateway":"172.17.0.1","IPAddress":"172.17.0.3","IPPrefixLen":16,"IPv6Gateway":"","GlobalIPv6Address":"","GlobalIPv6PrefixLen":0,"MacAddress":"02:42:ac:11:00:03","DriverOpts":null}}}}[\n]"
&amp#27;[0;39m2023-05-08 13:19:05,265 [main] &amp#27;[39mDEBUG&amp#27;[0;39m &amp#27;[36mc.g.d.z.s.o.a.hc.client5.http.wire&amp#27;[0;39m - &amp#27;[32mhttp-outgoing-1 << "[\r][\n]"
&amp#27;[0;39m2023-05-08 13:19:05,265 [main] &amp#27;[39mDEBUG&amp#27;[0;39m &amp#27;[36mc.g.d.z.s.o.a.hc.client5.http.wire&amp#27;[0;39m - &amp#27;[32mhttp-outgoing-1 << "0[\r][\n]"
&amp#27;[0;39m2023-05-08 13:19:05,265 [main] &amp#27;[39mDEBUG&amp#27;[0;39m &amp#27;[36mc.g.d.z.s.o.a.hc.client5.http.wire&amp#27;[0;39m - &amp#27;[32mhttp-outgoing-1 << "[\r][\n]"
&amp#27;[0;39m2023-05-08 13:19:05,265 [main] &amp#27;[39mDEBUG&amp#27;[0;39m &amp#27;[36mc.g.d.z.s.o.a.h.client5.http.headers&amp#27;[0;39m - &amp#27;[32mhttp-outgoing-1 << HTTP/1.1 200 OK
&amp#27;[0;39m2023-05-08 13:19:05,265 [main] &amp#27;[39mDEBUG&amp#27;[0;39m &amp#27;[36mc.g.d.z.s.o.a.h.client5.http.headers&amp#27;[0;39m - &amp#27;[32mhttp-outgoing-1 << Api-Version: 1.42
&amp#27;[0;39m2023-05-08 13:19:05,265 [main] &amp#27;[39mDEBUG&amp#27;[0;39m &amp#27;[36mc.g.d.z.s.o.a.h.client5.http.headers&amp#27;[0;39m - &amp#27;[32mhttp-outgoing-1 << Content-Type: application/json
&amp#27;[0;39m2023-05-08 13:19:05,265 [main] &amp#27;[39mDEBUG&amp#27;[0;39m &amp#27;[36mc.g.d.z.s.o.a.h.client5.http.headers&amp#27;[0;39m - &amp#27;[32mhttp-outgoing-1 << Docker-Experimental: false
&amp#27;[0;39m2023-05-08 13:19:05,265 [main] &amp#27;[39mDEBUG&amp#27;[0;39m &amp#27;[36mc.g.d.z.s.o.a.h.client5.http.headers&amp#27;[0;39m - &amp#27;[32mhttp-outgoing-1 << Ostype: linux
&amp#27;[0;39m2023-05-08 13:19:05,266 [main] &amp#27;[39mDEBUG&amp#27;[0;39m &amp#27;[36mc.g.d.z.s.o.a.h.client5.http.headers&amp#27;[0;39m - &amp#27;[32mhttp-outgoing-1 << Server: Docker/23.0.5 (linux)
&amp#27;[0;39m2023-05-08 13:19:05,266 [main] &amp#27;[39mDEBUG&amp#27;[0;39m &amp#27;[36mc.g.d.z.s.o.a.h.client5.http.headers&amp#27;[0;39m - &amp#27;[32mhttp-outgoing-1 << Date: Mon, 08 May 2023 11:19:05 GMT
&amp#27;[0;39m2023-05-08 13:19:05,266 [main] &amp#27;[39mDEBUG&amp#27;[0;39m &amp#27;[36mc.g.d.z.s.o.a.h.client5.http.headers&amp#27;[0;39m - &amp#27;[32mhttp-outgoing-1 << Transfer-Encoding: chunked
&amp#27;[0;39m2023-05-08 13:19:05,266 [main] &amp#27;[39mDEBUG&amp#27;[0;39m &amp#27;[36mc.g.d.z.s.o.a.h.c.h.i.c.MainClientExec&amp#27;[0;39m - &amp#27;[32mex-0000007C: connection can be kept alive for 3 MINUTES
&amp#27;[0;39m2023-05-08 13:19:05,266 [main] &amp#27;[39mDEBUG&amp#27;[0;39m &amp#27;[36mc.g.d.z.s.o.a.h.c.h.i.c.InternalHttpClient&amp#27;[0;39m - &amp#27;[32mep-0000007B: releasing valid endpoint
&amp#27;[0;39m2023-05-08 13:19:05,266 [main] &amp#27;[39mDEBUG&amp#27;[0;39m &amp#27;[36mc.g.d.z.s.o.a.h.c.h.i.i.PoolingHttpClientConnectionManager&amp#27;[0;39m - &amp#27;[32mep-0000007B: releasing endpoint
&amp#27;[0;39m2023-05-08 13:19:05,266 [main] &amp#27;[39mDEBUG&amp#27;[0;39m &amp#27;[36mc.g.d.z.s.o.a.h.c.h.i.i.PoolingHttpClientConnectionManager&amp#27;[0;39m - &amp#27;[32mep-0000007B: connection http-outgoing-1 can be kept alive for 3 MINUTES
&amp#27;[0;39m2023-05-08 13:19:05,266 [main] &amp#27;[39mDEBUG&amp#27;[0;39m &amp#27;[36mc.g.d.z.s.o.a.h.c.h.i.i.PoolingHttpClientConnectionManager&amp#27;[0;39m - &amp#27;[32mep-0000007B: connection released [route: {}->unix://localhost:2375][total available: 1; route allocated: 1 of 2147483647; total allocated: 1 of 2147483647]
&amp#27;[0;39m2023-05-08 13:19:05,266 [main] &amp#27;[39mDEBUG&amp#27;[0;39m &amp#27;[36mtc.mysql:8.0.0&amp#27;[0;39m - &amp#27;[32mTrying to create JDBC connection using com.mysql.cj.jdbc.Driver to jdbc:mysql://localhost:32782/test?useSSL=false&allowPublicKeyRetrieval=true with properties: {password=test, user=test}
&amp#27;[0;39m2023-05-08 13:19:05,368 [main] &amp#27;[39mDEBUG&amp#27;[0;39m &amp#27;[36mo.t.s.c.g.d.c.command.AbstrDockerCmd&amp#27;[0;39m - &amp#27;[32mCmd: 0739339bbc624082fb5e41f62f4a622236ffe4974bf12b2847105b726085e02b,false
&amp#27;[0;39m2023-05-08 13:19:05,368 [main] &amp#27;[39mDEBUG&amp#27;[0;39m &amp#27;[36mo.t.s.c.g.d.c.e.InspectContainerCmdExec&amp#27;[0;39m - &amp#27;[32mGET: DefaultWebTarget{path=[/containers/0739339bbc624082fb5e41f62f4a622236ffe4974bf12b2847105b726085e02b/json], queryParams={}}
&amp#27;[0;39m2023-05-08 13:19:05,368 [main] &amp#27;[39mDEBUG&amp#27;[0;39m &amp#27;[36mc.g.d.z.s.o.a.h.c.h.i.c.InternalHttpClient&amp#27;[0;39m - &amp#27;[32mex-0000007D: preparing request execution
&amp#27;[0;39m2023-05-08 13:19:05,368 [main] &amp#27;[39mDEBUG&amp#27;[0;39m &amp#27;[36mc.g.d.z.s.o.a.h.c.h.p.RequestAddCookies&amp#27;[0;39m - &amp#27;[32mCookie spec selected: strict
&amp#27;[0;39m2023-05-08 13:19:05,368 [main] &amp#27;[39mDEBUG&amp#27;[0;39m &amp#27;[36mc.g.d.z.s.o.a.h.c.h.p.RequestAuthCache&amp#27;[0;39m - &amp#27;[32mAuth cache not set in the context
&amp#27;[0;39m2023-05-08 13:19:05,368 [main] &amp#27;[39mDEBUG&amp#27;[0;39m &amp#27;[36mc.g.d.z.s.o.a.h.c.h.i.c.ProtocolExec&amp#27;[0;39m - &amp#27;[32mex-0000007D: target auth state: UNCHALLENGED
&amp#27;[0;39m2023-05-08 13:19:05,368 [main] &amp#27;[39mDEBUG&amp#27;[0;39m &amp#27;[36mc.g.d.z.s.o.a.h.c.h.i.c.ProtocolExec&amp#27;[0;39m - &amp#27;[32mex-0000007D: proxy auth state: UNCHALLENGED
&amp#27;[0;39m2023-05-08 13:19:05,368 [main] &amp#27;[39mDEBUG&amp#27;[0;39m &amp#27;[36mc.g.d.z.s.o.a.h.c.h.i.c.ConnectExec&amp#27;[0;39m - &amp#27;[32mex-0000007D: acquiring connection with route {}->unix://localhost:2375
&amp#27;[0;39m2023-05-08 13:19:05,368 [main] &amp#27;[39mDEBUG&amp#27;[0;39m &amp#27;[36mc.g.d.z.s.o.a.h.c.h.i.c.InternalHttpClient&amp#27;[0;39m - &amp#27;[32mex-0000007D: acquiring endpoint (3 MINUTES)
&amp#27;[0;39m2023-05-08 13:19:05,368 [main] &amp#27;[39mDEBUG&amp#27;[0;39m &amp#27;[36mc.g.d.z.s.o.a.h.c.h.i.i.PoolingHttpClientConnectionManager&amp#27;[0;39m - &amp#27;[32mex-0000007D: endpoint lease request (3 MINUTES) [route: {}->unix://localhost:2375][total available: 1; route allocated: 1 of 2147483647; total allocated: 1 of 2147483647]
&amp#27;[0;39m2023-05-08 13:19:05,368 [main] &amp#27;[39mDEBUG&amp#27;[0;39m &amp#27;[36mc.g.d.z.s.o.a.h.c.h.i.i.PoolingHttpClientConnectionManager&amp#27;[0;39m - &amp#27;[32mex-0000007D: endpoint leased [route: {}->unix://localhost:2375][total available: 0; route allocated: 1 of 2147483647; total allocated: 1 of 2147483647]
&amp#27;[0;39m2023-05-08 13:19:05,368 [main] &amp#27;[39mDEBUG&amp#27;[0;39m &amp#27;[36mc.g.d.z.s.o.a.h.c.h.i.i.PoolingHttpClientConnectionManager&amp#27;[0;39m - &amp#27;[32mex-0000007D: acquired ep-0000007C
&amp#27;[0;39m2023-05-08 13:19:05,368 [main] &amp#27;[39mDEBUG&amp#27;[0;39m &amp#27;[36mc.g.d.z.s.o.a.h.c.h.i.c.InternalHttpClient&amp#27;[0;39m - &amp#27;[32mex-0000007D: acquired endpoint ep-0000007C
&amp#27;[0;39m2023-05-08 13:19:05,368 [main] &amp#27;[39mDEBUG&amp#27;[0;39m &amp#27;[36mc.g.d.z.s.o.a.h.c.h.i.c.MainClientExec&amp#27;[0;39m - &amp#27;[32mex-0000007D: executing GET /v1.32/containers/0739339bbc624082fb5e41f62f4a622236ffe4974bf12b2847105b726085e02b/json HTTP/1.1
&amp#27;[0;39m2023-05-08 13:19:05,368 [main] &amp#27;[39mDEBUG&amp#27;[0;39m &amp#27;[36mc.g.d.z.s.o.a.h.c.h.i.c.InternalHttpClient&amp#27;[0;39m - &amp#27;[32mep-0000007C: start execution ex-0000007D
&amp#27;[0;39m2023-05-08 13:19:05,368 [main] &amp#27;[39mDEBUG&amp#27;[0;39m &amp#27;[36mc.g.d.z.s.o.a.h.c.h.i.i.PoolingHttpClientConnectionManager&amp#27;[0;39m - &amp#27;[32mep-0000007C: executing exchange ex-0000007D over http-outgoing-1
&amp#27;[0;39m2023-05-08 13:19:05,368 [main] &amp#27;[39mDEBUG&amp#27;[0;39m &amp#27;[36mc.g.d.z.s.o.a.h.client5.http.headers&amp#27;[0;39m - &amp#27;[32mhttp-outgoing-1 >> GET /v1.32/containers/0739339bbc624082fb5e41f62f4a622236ffe4974bf12b2847105b726085e02b/json HTTP/1.1
&amp#27;[0;39m2023-05-08 13:19:05,368 [main] &amp#27;[39mDEBUG&amp#27;[0;39m &amp#27;[36mc.g.d.z.s.o.a.h.client5.http.headers&amp#27;[0;39m - &amp#27;[32mhttp-outgoing-1 >> accept: application/json
&amp#27;[0;39m2023-05-08 13:19:05,368 [main] &amp#27;[39mDEBUG&amp#27;[0;39m &amp#27;[36mc.g.d.z.s.o.a.h.client5.http.headers&amp#27;[0;39m - &amp#27;[32mhttp-outgoing-1 >> x-tc-sid: f1b696c1-ec3f-4f95-afa8-081853be7ccb
&amp#27;[0;39m2023-05-08 13:19:05,368 [main] &amp#27;[39mDEBUG&amp#27;[0;39m &amp#27;[36mc.g.d.z.s.o.a.h.client5.http.headers&amp#27;[0;39m - &amp#27;[32mhttp-outgoing-1 >> Accept-Encoding: gzip, x-gzip, deflate
&amp#27;[0;39m2023-05-08 13:19:05,368 [main] &amp#27;[39mDEBUG&amp#27;[0;39m &amp#27;[36mc.g.d.z.s.o.a.h.client5.http.headers&amp#27;[0;39m - &amp#27;[32mhttp-outgoing-1 >> Host: localhost:2375
&amp#27;[0;39m2023-05-08 13:19:05,368 [main] &amp#27;[39mDEBUG&amp#27;[0;39m &amp#27;[36mc.g.d.z.s.o.a.h.client5.http.headers&amp#27;[0;39m - &amp#27;[32mhttp-outgoing-1 >> Connection: keep-alive
&amp#27;[0;39m2023-05-08 13:19:05,368 [main] &amp#27;[39mDEBUG&amp#27;[0;39m &amp#27;[36mc.g.d.z.s.o.a.h.client5.http.headers&amp#27;[0;39m - &amp#27;[32mhttp-outgoing-1 >> User-Agent: Apache-HttpClient/5.0.3 (Java/17.0.6)
&amp#27;[0;39m2023-05-08 13:19:05,368 [main] &amp#27;[39mDEBUG&amp#27;[0;39m &amp#27;[36mc.g.d.z.s.o.a.hc.client5.http.wire&amp#27;[0;39m - &amp#27;[32mhttp-outgoing-1 >> "GET /v1.32/containers/0739339bbc624082fb5e41f62f4a622236ffe4974bf12b2847105b726085e02b/json HTTP/1.1[\r][\n]"
&amp#27;[0;39m2023-05-08 13:19:05,368 [main] &amp#27;[39mDEBUG&amp#27;[0;39m &amp#27;[36mc.g.d.z.s.o.a.hc.client5.http.wire&amp#27;[0;39m - &amp#27;[32mhttp-outgoing-1 >> "accept: application/json[\r][\n]"
&amp#27;[0;39m2023-05-08 13:19:05,368 [main] &amp#27;[39mDEBUG&amp#27;[0;39m &amp#27;[36mc.g.d.z.s.o.a.hc.client5.http.wire&amp#27;[0;39m - &amp#27;[32mhttp-outgoing-1 >> "x-tc-sid: f1b696c1-ec3f-4f95-afa8-081853be7ccb[\r][\n]"
&amp#27;[0;39m2023-05-08 13:19:05,368 [main] &amp#27;[39mDEBUG&amp#27;[0;39m &amp#27;[36mc.g.d.z.s.o.a.hc.client5.http.wire&amp#27;[0;39m - &amp#27;[32mhttp-outgoing-1 >> "Accept-Encoding: gzip, x-gzip, deflate[\r][\n]"
&amp#27;[0;39m2023-05-08 13:19:05,368 [main] &amp#27;[39mDEBUG&amp#27;[0;39m &amp#27;[36mc.g.d.z.s.o.a.hc.client5.http.wire&amp#27;[0;39m - &amp#27;[32mhttp-outgoing-1 >> "Host: localhost:2375[\r][\n]"
&amp#27;[0;39m2023-05-08 13:19:05,368 [main] &amp#27;[39mDEBUG&amp#27;[0;39m &amp#27;[36mc.g.d.z.s.o.a.hc.client5.http.wire&amp#27;[0;39m - &amp#27;[32mhttp-outgoing-1 >> "Connection: keep-alive[\r][\n]"
&amp#27;[0;39m2023-05-08 13:19:05,368 [main] &amp#27;[39mDEBUG&amp#27;[0;39m &amp#27;[36mc.g.d.z.s.o.a.hc.client5.http.wire&amp#27;[0;39m - &amp#27;[32mhttp-outgoing-1 >> "User-Agent: Apache-HttpClient/5.0.3 (Java/17.0.6)[\r][\n]"
&amp#27;[0;39m2023-05-08 13:19:05,368 [main] &amp#27;[39mDEBUG&amp#27;[0;39m &amp#27;[36mc.g.d.z.s.o.a.hc.client5.http.wire&amp#27;[0;39m - &amp#27;[32mhttp-outgoing-1 >> "[\r][\n]"
&amp#27;[0;39m2023-05-08 13:19:05,369 [main] &amp#27;[39mDEBUG&amp#27;[0;39m &amp#27;[36mc.g.d.z.s.o.a.hc.client5.http.wire&amp#27;[0;39m - &amp#27;[32mhttp-outgoing-1 << "HTTP/1.1 200 OK[\r][\n]"
&amp#27;[0;39m2023-05-08 13:19:05,369 [main] &amp#27;[39mDEBUG&amp#27;[0;39m &amp#27;[36mc.g.d.z.s.o.a.hc.client5.http.wire&amp#27;[0;39m - &amp#27;[32mhttp-outgoing-1 << "Api-Version: 1.42[\r][\n]"
&amp#27;[0;39m2023-05-08 13:19:05,369 [main] &amp#27;[39mDEBUG&amp#27;[0;39m &amp#27;[36mc.g.d.z.s.o.a.hc.client5.http.wire&amp#27;[0;39m - &amp#27;[32mhttp-outgoing-1 << "Content-Type: application/json[\r][\n]"
&amp#27;[0;39m2023-05-08 13:19:05,369 [main] &amp#27;[39mDEBUG&amp#27;[0;39m &amp#27;[36mc.g.d.z.s.o.a.hc.client5.http.wire&amp#27;[0;39m - &amp#27;[32mhttp-outgoing-1 << "Docker-Experimental: false[\r][\n]"
&amp#27;[0;39m2023-05-08 13:19:05,369 [main] &amp#27;[39mDEBUG&amp#27;[0;39m &amp#27;[36mc.g.d.z.s.o.a.hc.client5.http.wire&amp#27;[0;39m - &amp#27;[32mhttp-outgoing-1 << "Ostype: linux[\r][\n]"
&amp#27;[0;39m2023-05-08 13:19:05,369 [main] &amp#27;[39mDEBUG&amp#27;[0;39m &amp#27;[36mc.g.d.z.s.o.a.hc.client5.http.wire&amp#27;[0;39m - &amp#27;[32mhttp-outgoing-1 << "Server: Docker/23.0.5 (linux)[\r][\n]"
&amp#27;[0;39m2023-05-08 13:19:05,369 [main] &amp#27;[39mDEBUG&amp#27;[0;39m &amp#27;[36mc.g.d.z.s.o.a.hc.client5.http.wire&amp#27;[0;39m - &amp#27;[32mhttp-outgoing-1 << "Date: Mon, 08 May 2023 11:19:05 GMT[\r][\n]"
&amp#27;[0;39m2023-05-08 13:19:05,369 [main] &amp#27;[39mDEBUG&amp#27;[0;39m &amp#27;[36mc.g.d.z.s.o.a.hc.client5.http.wire&amp#27;[0;39m - &amp#27;[32mhttp-outgoing-1 << "Transfer-Encoding: chunked[\r][\n]"
&amp#27;[0;39m2023-05-08 13:19:05,369 [main] &amp#27;[39mDEBUG&amp#27;[0;39m &amp#27;[36mc.g.d.z.s.o.a.hc.client5.http.wire&amp#27;[0;39m - &amp#27;[32mhttp-outgoing-1 << "[\r][\n]"
&amp#27;[0;39m2023-05-08 13:19:05,369 [main] &amp#27;[39mDEBUG&amp#27;[0;39m &amp#27;[36mc.g.d.z.s.o.a.hc.client5.http.wire&amp#27;[0;39m - &amp#27;[32mhttp-outgoing-1 << "1893[\r][\n]"
&amp#27;[0;39m2023-05-08 13:19:05,369 [main] &amp#27;[39mDEBUG&amp#27;[0;39m &amp#27;[36mc.g.d.z.s.o.a.hc.client5.http.wire&amp#27;[0;39m - &amp#27;[32mhttp-outgoing-1 << "{"Id":"0739339bbc624082fb5e41f62f4a622236ffe4974bf12b2847105b726085e02b","Created":"2023-05-08T11:19:01.771856188Z","Path":"docker-entrypoint.sh","Args":["mysqld"],"State":{"Status":"running","Running":true,"Paused":false,"Restarting":false,"OOMKilled":false,"Dead":false,"Pid":59514,"ExitCode":0,"Error":"","StartedAt":"2023-05-08T11:19:02.113674386Z","FinishedAt":"0001-01-01T00:00:00Z"},"Image":"sha256:228d71078f8ce5ae9fd96b183f88c3a90e30544b4b7ce9d64a238d05fef2a681","ResolvConfPath":"/var/lib/docker/containers/0739339bbc624082fb5e41f62f4a622236ffe4974bf12b2847105b726085e02b/resolv.conf","HostnamePath":"/var/lib/docker/containers/0739339bbc624082fb5e41f62f4a622236ffe4974bf12b2847105b726085e02b/hostname","HostsPath":"/var/lib/docker/containers/0739339bbc624082fb5e41f62f4a622236ffe4974bf12b2847105b726085e02b/hosts","LogPath":"/var/lib/docker/containers/0739339bbc624082fb5e41f62f4a622236ffe4974bf12b2847105b726085e02b/0739339bbc624082fb5e41f62f4a622236ffe4974bf12b2847105b726085e02b-json.log","Name":"/intelligent_galileo","RestartCount":0,"Driver":"overlay2","Platform":"linux","MountLabel":"","ProcessLabel":"","AppArmorProfile":"docker-default","ExecIDs":null,"HostConfig":{"Binds":[],"ContainerIDFile":"","LogConfig":{"Type":"json-file","Config":{}},"NetworkMode":"default","PortBindings":{"3306/tcp":[{"HostIp":"","HostPort":""}]},"RestartPolicy":{"Name":"","MaximumRetryCount":0},"AutoRemove":false,"VolumeDriver":"","VolumesFrom":[],"ConsoleSize":[0,0],"CapAdd":null,"CapDrop":null,"CgroupnsMode":"private","Dns":null,"DnsOptions":null,"DnsSearch":null,"ExtraHosts":[],"GroupAdd":null,"IpcMode":"shareable","Cgroup":"","Links":null,"OomScoreAdj":0,"PidMode":"","Privileged":false,"PublishAllPorts":false,"ReadonlyRootfs":false,"SecurityOpt":null,"UTSMode":"","UsernsMode":"","ShmSize":67108864,"Runtime":"runc","Isolation":"","CpuShares":0,"Memory":0,"NanoCpus":0,"CgroupParent":"","BlkioWeight":0,"BlkioWeightDevice":null,"BlkioDeviceReadBps":null,"BlkioDeviceWriteBps":null,"BlkioDeviceReadIOps":null,"BlkioDeviceWriteIOps":null,"CpuPeriod":0,"CpuQuota":0,"CpuRealtimePeriod":0,"CpuRealtimeRuntime":0,"CpusetCpus":"","CpusetMems":"","Devices":null,"DeviceCgroupRules":null,"DeviceRequests":null,"MemoryReservation":0,"MemorySwap":0,"MemorySwappiness":null,"OomKillDisable":null,"PidsLimit":null,"Ulimits":null,"CpuCount":0,"CpuPercent":0,"IOMaximumIOps":0,"IOMaximumBandwidth":0,"MaskedPaths":["/proc/asound","/proc/acpi","/proc/kcore","/proc/keys","/proc/latency_stats","/proc/timer_list","/proc/timer_stats","/proc/sched_debug","/proc/scsi","/sys/firmware"],"ReadonlyPaths":["/proc/bus","/proc/fs","/proc/irq","/proc/sys","/proc/sysrq-trigger"]},"GraphDriver":{"Data":{"LowerDir":"/var/lib/docker/overlay2/b481eee7843c17772ada1734203524b4de76785735a50d4c68703d497db0e4ed-init/diff:/var/lib/docker/overlay2/4c6e20f032f02b27a9272f982861dc21998197aa90d94ed3bef95d449380247c/diff:/var/lib/docker/overlay2/0c75f828f603eff839bb3ca448163ab2a8017e86625ac255cd3dbf1673ddac26/diff:/var/lib/docker/overlay2/da128d897fda75829109844ce6cd9d73d0f54c682e735100af000ce899908729/diff:/var/lib/docker/overlay2/b678a1f261bf323afba6d76d91ab7428bdd6e1ef4a39b5224e4a1afd08c0423a/diff:/var/lib/docker/overlay2/1bec43b14875c5f9f814f146e8e31aa78566689c2c163da2ac60a32254988437/diff:/var/lib/docker/overlay2/28f4b1e6e1a7a2dbe30f1f94fb42bccd85a61faf8af1fe30a5bb0d442c525e41/diff:/var/lib/docker/overlay2/0f493124464c291d7c97d2633d5dff04b1dce5de904cb40a34dfbe7fe72e3fd4/diff:/var/lib/docker/overlay2/05befbee9e38cd670e1786b3310e99796dcc06abbed970007b4109a5424843fa/diff:/var/lib/docker/overlay2/582bcca9acfc4eef25109e1e1b9c9d104f355798455bc73e855c99283887a6e8/diff:/var/lib/docker/overlay2/153b3bf0b69e97e8f0e5533414a31ca33fa530e63d174c9617621abe46e7e9d1/diff:/var/lib/docker/overlay2/bf87a76c0a38875ee6e915fd0d2527eafa880ec6bf2c1cb294959428c18d10bd/diff","MergedDir":"/var/lib/docker/overlay2/b481eee7843c17772ada1734203524b4de76785735a50d4c68703d497db0e4ed/merged","UpperDir":"/var/lib/docker/overlay2/b481eee7843c17772ada1734203524b4de76785735a50d4c68703d497db0e4ed/diff","WorkDir":"/var/lib/docker/overlay2/b481eee7843c17772ada1734203524b4de76785735a50d4c68703d497db0e4ed/work"},"Name":"overlay2"},"Mounts":[{"Type":"volume","Name":"ec40278114b76af7b6535b952e685e04a98a51fa16363f5e9f0df1ce601f1dd5","Source":"/var/lib/docker/volumes/ec40278114b76af7b6535b952e685e04a98a51fa16363f5e9f0df1ce601f1dd5/_data","Destination":"/var/lib/mysql","Driver":"local","Mode":"","RW":true,"Propagation":""}],"Config":{"Hostname":"0739339bbc62","Domainname":"","User":"","AttachStdin":false,"AttachStdout":false,"AttachStderr":false,"ExposedPorts":{"3306/tcp":{}},"Tty":false,"OpenStdin":false,"StdinOnce":false,"Env":["MYSQL_DATABASE=test","MYSQL_PASSWORD=test","MYSQL_USER=test","MYSQL_ROOT_PASSWORD=test","PATH=/usr/local/sbin:/usr/local/bin:/usr/sbin:/usr/bin:/sbin:/bin","GOSU_VERSION=1.7","MYSQL_MAJOR=8.0","MYSQL_VERSION=8.0.0-dmr-1debian8"],"Cmd":["mysqld"],"Image":"mysql:8.0.0","Volumes":{"/var/lib/mysql":{}},"WorkingDir":"","Entrypoint":["docker-entrypoint.sh"],"OnBuild":null,"Labels":{"org.testcontainers":"true","org.testcontainers.lang":"java","org.testcontainers.sessionId":"f1b696c1-ec3f-4f95-afa8-081853be7ccb","org.testcontainers.version":"1.18.0"}},"NetworkSettings":{"Bridge":"","SandboxID":"d265e68e2afe307f1ab03fab083f2c0477cba31e9f26759f52b94e045d1847fb","HairpinMode":false,"LinkLocalIPv6Address":"","LinkLocalIPv6PrefixLen":0,"Ports":{"3306/tcp":[{"HostIp":"0.0.0.0","HostPort":"32782"},{"HostIp":"::","HostPort":"32782"}]},"SandboxKey":"/var/run/docker/netns/d265e68e2afe","SecondaryIPAddresses":null,"SecondaryIPv6Addresses":null,"EndpointID":"97b4c81a7665dcad3863174204db678dde492e2a2b2f11f6ef1c683b5d76146b","Gateway":"172.17.0.1","GlobalIPv6Address":"","GlobalIPv6PrefixLen":0,"IPAddress":"172.17.0.3","IPPrefixLen":16,"IPv6Gateway":"","MacAddress":"02:42:ac:11:00:03","Networks":{"bridge":{"IPAMConfig":null,"Links":null,"Aliases":null,"NetworkID":"e1a078e12eb8d77b497ed932f7fb43787eeb6ff6972febd7d03c9282b8b5cd45","EndpointID":"97b4c81a7665dcad3863174204db678dde492e2a2b2f11f6ef1c683b5d76146b","Gateway":"172.17.0.1","IPAddress":"172.17.0.3","IPPrefixLen":16,"IPv6Gateway":"","GlobalIPv6Address":"","GlobalIPv6PrefixLen":0,"MacAddress":"02:42:ac:11:00:03","DriverOpts":null}}}}[\n]"
&amp#27;[0;39m2023-05-08 13:19:05,369 [main] &amp#27;[39mDEBUG&amp#27;[0;39m &amp#27;[36mc.g.d.z.s.o.a.hc.client5.http.wire&amp#27;[0;39m - &amp#27;[32mhttp-outgoing-1 << "[\r][\n]"
&amp#27;[0;39m2023-05-08 13:19:05,369 [main] &amp#27;[39mDEBUG&amp#27;[0;39m &amp#27;[36mc.g.d.z.s.o.a.hc.client5.http.wire&amp#27;[0;39m - &amp#27;[32mhttp-outgoing-1 << "0[\r][\n]"
&amp#27;[0;39m2023-05-08 13:19:05,369 [main] &amp#27;[39mDEBUG&amp#27;[0;39m &amp#27;[36mc.g.d.z.s.o.a.hc.client5.http.wire&amp#27;[0;39m - &amp#27;[32mhttp-outgoing-1 << "[\r][\n]"
&amp#27;[0;39m2023-05-08 13:19:05,369 [main] &amp#27;[39mDEBUG&amp#27;[0;39m &amp#27;[36mc.g.d.z.s.o.a.h.client5.http.headers&amp#27;[0;39m - &amp#27;[32mhttp-outgoing-1 << HTTP/1.1 200 OK
&amp#27;[0;39m2023-05-08 13:19:05,369 [main] &amp#27;[39mDEBUG&amp#27;[0;39m &amp#27;[36mc.g.d.z.s.o.a.h.client5.http.headers&amp#27;[0;39m - &amp#27;[32mhttp-outgoing-1 << Api-Version: 1.42
&amp#27;[0;39m2023-05-08 13:19:05,369 [main] &amp#27;[39mDEBUG&amp#27;[0;39m &amp#27;[36mc.g.d.z.s.o.a.h.client5.http.headers&amp#27;[0;39m - &amp#27;[32mhttp-outgoing-1 << Content-Type: application/json
&amp#27;[0;39m2023-05-08 13:19:05,369 [main] &amp#27;[39mDEBUG&amp#27;[0;39m &amp#27;[36mc.g.d.z.s.o.a.h.client5.http.headers&amp#27;[0;39m - &amp#27;[32mhttp-outgoing-1 << Docker-Experimental: false
&amp#27;[0;39m2023-05-08 13:19:05,369 [main] &amp#27;[39mDEBUG&amp#27;[0;39m &amp#27;[36mc.g.d.z.s.o.a.h.client5.http.headers&amp#27;[0;39m - &amp#27;[32mhttp-outgoing-1 << Ostype: linux
&amp#27;[0;39m2023-05-08 13:19:05,369 [main] &amp#27;[39mDEBUG&amp#27;[0;39m &amp#27;[36mc.g.d.z.s.o.a.h.client5.http.headers&amp#27;[0;39m - &amp#27;[32mhttp-outgoing-1 << Server: Docker/23.0.5 (linux)
&amp#27;[0;39m2023-05-08 13:19:05,369 [main] &amp#27;[39mDEBUG&amp#27;[0;39m &amp#27;[36mc.g.d.z.s.o.a.h.client5.http.headers&amp#27;[0;39m - &amp#27;[32mhttp-outgoing-1 << Date: Mon, 08 May 2023 11:19:05 GMT
&amp#27;[0;39m2023-05-08 13:19:05,369 [main] &amp#27;[39mDEBUG&amp#27;[0;39m &amp#27;[36mc.g.d.z.s.o.a.h.client5.http.headers&amp#27;[0;39m - &amp#27;[32mhttp-outgoing-1 << Transfer-Encoding: chunked
&amp#27;[0;39m2023-05-08 13:19:05,369 [main] &amp#27;[39mDEBUG&amp#27;[0;39m &amp#27;[36mc.g.d.z.s.o.a.h.c.h.i.c.MainClientExec&amp#27;[0;39m - &amp#27;[32mex-0000007D: connection can be kept alive for 3 MINUTES
&amp#27;[0;39m2023-05-08 13:19:05,370 [main] &amp#27;[39mDEBUG&amp#27;[0;39m &amp#27;[36mc.g.d.z.s.o.a.h.c.h.i.c.InternalHttpClient&amp#27;[0;39m - &amp#27;[32mep-0000007C: releasing valid endpoint
&amp#27;[0;39m2023-05-08 13:19:05,370 [main] &amp#27;[39mDEBUG&amp#27;[0;39m &amp#27;[36mc.g.d.z.s.o.a.h.c.h.i.i.PoolingHttpClientConnectionManager&amp#27;[0;39m - &amp#27;[32mep-0000007C: releasing endpoint
&amp#27;[0;39m2023-05-08 13:19:05,370 [main] &amp#27;[39mDEBUG&amp#27;[0;39m &amp#27;[36mc.g.d.z.s.o.a.h.c.h.i.i.PoolingHttpClientConnectionManager&amp#27;[0;39m - &amp#27;[32mep-0000007C: connection http-outgoing-1 can be kept alive for 3 MINUTES
&amp#27;[0;39m2023-05-08 13:19:05,370 [main] &amp#27;[39mDEBUG&amp#27;[0;39m &amp#27;[36mc.g.d.z.s.o.a.h.c.h.i.i.PoolingHttpClientConnectionManager&amp#27;[0;39m - &amp#27;[32mep-0000007C: connection released [route: {}->unix://localhost:2375][total available: 1; route allocated: 1 of 2147483647; total allocated: 1 of 2147483647]
&amp#27;[0;39m2023-05-08 13:19:05,370 [main] &amp#27;[39mDEBUG&amp#27;[0;39m &amp#27;[36mtc.mysql:8.0.0&amp#27;[0;39m - &amp#27;[32mTrying to create JDBC connection using com.mysql.cj.jdbc.Driver to jdbc:mysql://localhost:32782/test?useSSL=false&allowPublicKeyRetrieval=true with properties: {password=test, user=test}
&amp#27;[0;39m2023-05-08 13:19:05,471 [main] &amp#27;[39mDEBUG&amp#27;[0;39m &amp#27;[36mo.t.s.c.g.d.c.command.AbstrDockerCmd&amp#27;[0;39m - &amp#27;[32mCmd: 0739339bbc624082fb5e41f62f4a622236ffe4974bf12b2847105b726085e02b,false
&amp#27;[0;39m2023-05-08 13:19:05,471 [main] &amp#27;[39mDEBUG&amp#27;[0;39m &amp#27;[36mo.t.s.c.g.d.c.e.InspectContainerCmdExec&amp#27;[0;39m - &amp#27;[32mGET: DefaultWebTarget{path=[/containers/0739339bbc624082fb5e41f62f4a622236ffe4974bf12b2847105b726085e02b/json], queryParams={}}
&amp#27;[0;39m2023-05-08 13:19:05,471 [main] &amp#27;[39mDEBUG&amp#27;[0;39m &amp#27;[36mc.g.d.z.s.o.a.h.c.h.i.c.InternalHttpClient&amp#27;[0;39m - &amp#27;[32mex-0000007E: preparing request execution
&amp#27;[0;39m2023-05-08 13:19:05,471 [main] &amp#27;[39mDEBUG&amp#27;[0;39m &amp#27;[36mc.g.d.z.s.o.a.h.c.h.p.RequestAddCookies&amp#27;[0;39m - &amp#27;[32mCookie spec selected: strict
&amp#27;[0;39m2023-05-08 13:19:05,472 [main] &amp#27;[39mDEBUG&amp#27;[0;39m &amp#27;[36mc.g.d.z.s.o.a.h.c.h.p.RequestAuthCache&amp#27;[0;39m - &amp#27;[32mAuth cache not set in the context
&amp#27;[0;39m2023-05-08 13:19:05,472 [main] &amp#27;[39mDEBUG&amp#27;[0;39m &amp#27;[36mc.g.d.z.s.o.a.h.c.h.i.c.ProtocolExec&amp#27;[0;39m - &amp#27;[32mex-0000007E: target auth state: UNCHALLENGED
&amp#27;[0;39m2023-05-08 13:19:05,472 [main] &amp#27;[39mDEBUG&amp#27;[0;39m &amp#27;[36mc.g.d.z.s.o.a.h.c.h.i.c.ProtocolExec&amp#27;[0;39m - &amp#27;[32mex-0000007E: proxy auth state: UNCHALLENGED
&amp#27;[0;39m2023-05-08 13:19:05,472 [main] &amp#27;[39mDEBUG&amp#27;[0;39m &amp#27;[36mc.g.d.z.s.o.a.h.c.h.i.c.ConnectExec&amp#27;[0;39m - &amp#27;[32mex-0000007E: acquiring connection with route {}->unix://localhost:2375
&amp#27;[0;39m2023-05-08 13:19:05,472 [main] &amp#27;[39mDEBUG&amp#27;[0;39m &amp#27;[36mc.g.d.z.s.o.a.h.c.h.i.c.InternalHttpClient&amp#27;[0;39m - &amp#27;[32mex-0000007E: acquiring endpoint (3 MINUTES)
&amp#27;[0;39m2023-05-08 13:19:05,472 [main] &amp#27;[39mDEBUG&amp#27;[0;39m &amp#27;[36mc.g.d.z.s.o.a.h.c.h.i.i.PoolingHttpClientConnectionManager&amp#27;[0;39m - &amp#27;[32mex-0000007E: endpoint lease request (3 MINUTES) [route: {}->unix://localhost:2375][total available: 1; route allocated: 1 of 2147483647; total allocated: 1 of 2147483647]
&amp#27;[0;39m2023-05-08 13:19:05,472 [main] &amp#27;[39mDEBUG&amp#27;[0;39m &amp#27;[36mc.g.d.z.s.o.a.h.c.h.i.i.PoolingHttpClientConnectionManager&amp#27;[0;39m - &amp#27;[32mex-0000007E: endpoint leased [route: {}->unix://localhost:2375][total available: 0; route allocated: 1 of 2147483647; total allocated: 1 of 2147483647]
&amp#27;[0;39m2023-05-08 13:19:05,472 [main] &amp#27;[39mDEBUG&amp#27;[0;39m &amp#27;[36mc.g.d.z.s.o.a.h.c.h.i.i.PoolingHttpClientConnectionManager&amp#27;[0;39m - &amp#27;[32mex-0000007E: acquired ep-0000007D
&amp#27;[0;39m2023-05-08 13:19:05,472 [main] &amp#27;[39mDEBUG&amp#27;[0;39m &amp#27;[36mc.g.d.z.s.o.a.h.c.h.i.c.InternalHttpClient&amp#27;[0;39m - &amp#27;[32mex-0000007E: acquired endpoint ep-0000007D
&amp#27;[0;39m2023-05-08 13:19:05,472 [main] &amp#27;[39mDEBUG&amp#27;[0;39m &amp#27;[36mc.g.d.z.s.o.a.h.c.h.i.c.MainClientExec&amp#27;[0;39m - &amp#27;[32mex-0000007E: executing GET /v1.32/containers/0739339bbc624082fb5e41f62f4a622236ffe4974bf12b2847105b726085e02b/json HTTP/1.1
&amp#27;[0;39m2023-05-08 13:19:05,472 [main] &amp#27;[39mDEBUG&amp#27;[0;39m &amp#27;[36mc.g.d.z.s.o.a.h.c.h.i.c.InternalHttpClient&amp#27;[0;39m - &amp#27;[32mep-0000007D: start execution ex-0000007E
&amp#27;[0;39m2023-05-08 13:19:05,472 [main] &amp#27;[39mDEBUG&amp#27;[0;39m &amp#27;[36mc.g.d.z.s.o.a.h.c.h.i.i.PoolingHttpClientConnectionManager&amp#27;[0;39m - &amp#27;[32mep-0000007D: executing exchange ex-0000007E over http-outgoing-1
&amp#27;[0;39m2023-05-08 13:19:05,472 [main] &amp#27;[39mDEBUG&amp#27;[0;39m &amp#27;[36mc.g.d.z.s.o.a.h.client5.http.headers&amp#27;[0;39m - &amp#27;[32mhttp-outgoing-1 >> GET /v1.32/containers/0739339bbc624082fb5e41f62f4a622236ffe4974bf12b2847105b726085e02b/json HTTP/1.1
&amp#27;[0;39m2023-05-08 13:19:05,472 [main] &amp#27;[39mDEBUG&amp#27;[0;39m &amp#27;[36mc.g.d.z.s.o.a.h.client5.http.headers&amp#27;[0;39m - &amp#27;[32mhttp-outgoing-1 >> accept: application/json
&amp#27;[0;39m2023-05-08 13:19:05,472 [main] &amp#27;[39mDEBUG&amp#27;[0;39m &amp#27;[36mc.g.d.z.s.o.a.h.client5.http.headers&amp#27;[0;39m - &amp#27;[32mhttp-outgoing-1 >> x-tc-sid: f1b696c1-ec3f-4f95-afa8-081853be7ccb
&amp#27;[0;39m2023-05-08 13:19:05,472 [main] &amp#27;[39mDEBUG&amp#27;[0;39m &amp#27;[36mc.g.d.z.s.o.a.h.client5.http.headers&amp#27;[0;39m - &amp#27;[32mhttp-outgoing-1 >> Accept-Encoding: gzip, x-gzip, deflate
&amp#27;[0;39m2023-05-08 13:19:05,472 [main] &amp#27;[39mDEBUG&amp#27;[0;39m &amp#27;[36mc.g.d.z.s.o.a.h.client5.http.headers&amp#27;[0;39m - &amp#27;[32mhttp-outgoing-1 >> Host: localhost:2375
&amp#27;[0;39m2023-05-08 13:19:05,472 [main] &amp#27;[39mDEBUG&amp#27;[0;39m &amp#27;[36mc.g.d.z.s.o.a.h.client5.http.headers&amp#27;[0;39m - &amp#27;[32mhttp-outgoing-1 >> Connection: keep-alive
&amp#27;[0;39m2023-05-08 13:19:05,472 [main] &amp#27;[39mDEBUG&amp#27;[0;39m &amp#27;[36mc.g.d.z.s.o.a.h.client5.http.headers&amp#27;[0;39m - &amp#27;[32mhttp-outgoing-1 >> User-Agent: Apache-HttpClient/5.0.3 (Java/17.0.6)
&amp#27;[0;39m2023-05-08 13:19:05,472 [main] &amp#27;[39mDEBUG&amp#27;[0;39m &amp#27;[36mc.g.d.z.s.o.a.hc.client5.http.wire&amp#27;[0;39m - &amp#27;[32mhttp-outgoing-1 >> "GET /v1.32/containers/0739339bbc624082fb5e41f62f4a622236ffe4974bf12b2847105b726085e02b/json HTTP/1.1[\r][\n]"
&amp#27;[0;39m2023-05-08 13:19:05,472 [main] &amp#27;[39mDEBUG&amp#27;[0;39m &amp#27;[36mc.g.d.z.s.o.a.hc.client5.http.wire&amp#27;[0;39m - &amp#27;[32mhttp-outgoing-1 >> "accept: application/json[\r][\n]"
&amp#27;[0;39m2023-05-08 13:19:05,472 [main] &amp#27;[39mDEBUG&amp#27;[0;39m &amp#27;[36mc.g.d.z.s.o.a.hc.client5.http.wire&amp#27;[0;39m - &amp#27;[32mhttp-outgoing-1 >> "x-tc-sid: f1b696c1-ec3f-4f95-afa8-081853be7ccb[\r][\n]"
&amp#27;[0;39m2023-05-08 13:19:05,472 [main] &amp#27;[39mDEBUG&amp#27;[0;39m &amp#27;[36mc.g.d.z.s.o.a.hc.client5.http.wire&amp#27;[0;39m - &amp#27;[32mhttp-outgoing-1 >> "Accept-Encoding: gzip, x-gzip, deflate[\r][\n]"
&amp#27;[0;39m2023-05-08 13:19:05,472 [main] &amp#27;[39mDEBUG&amp#27;[0;39m &amp#27;[36mc.g.d.z.s.o.a.hc.client5.http.wire&amp#27;[0;39m - &amp#27;[32mhttp-outgoing-1 >> "Host: localhost:2375[\r][\n]"
&amp#27;[0;39m2023-05-08 13:19:05,472 [main] &amp#27;[39mDEBUG&amp#27;[0;39m &amp#27;[36mc.g.d.z.s.o.a.hc.client5.http.wire&amp#27;[0;39m - &amp#27;[32mhttp-outgoing-1 >> "Connection: keep-alive[\r][\n]"
&amp#27;[0;39m2023-05-08 13:19:05,472 [main] &amp#27;[39mDEBUG&amp#27;[0;39m &amp#27;[36mc.g.d.z.s.o.a.hc.client5.http.wire&amp#27;[0;39m - &amp#27;[32mhttp-outgoing-1 >> "User-Agent: Apache-HttpClient/5.0.3 (Java/17.0.6)[\r][\n]"
&amp#27;[0;39m2023-05-08 13:19:05,472 [main] &amp#27;[39mDEBUG&amp#27;[0;39m &amp#27;[36mc.g.d.z.s.o.a.hc.client5.http.wire&amp#27;[0;39m - &amp#27;[32mhttp-outgoing-1 >> "[\r][\n]"
&amp#27;[0;39m2023-05-08 13:19:05,473 [main] &amp#27;[39mDEBUG&amp#27;[0;39m &amp#27;[36mc.g.d.z.s.o.a.hc.client5.http.wire&amp#27;[0;39m - &amp#27;[32mhttp-outgoing-1 << "HTTP/1.1 200 OK[\r][\n]"
&amp#27;[0;39m2023-05-08 13:19:05,473 [main] &amp#27;[39mDEBUG&amp#27;[0;39m &amp#27;[36mc.g.d.z.s.o.a.hc.client5.http.wire&amp#27;[0;39m - &amp#27;[32mhttp-outgoing-1 << "Api-Version: 1.42[\r][\n]"
&amp#27;[0;39m2023-05-08 13:19:05,473 [main] &amp#27;[39mDEBUG&amp#27;[0;39m &amp#27;[36mc.g.d.z.s.o.a.hc.client5.http.wire&amp#27;[0;39m - &amp#27;[32mhttp-outgoing-1 << "Content-Type: application/json[\r][\n]"
&amp#27;[0;39m2023-05-08 13:19:05,473 [main] &amp#27;[39mDEBUG&amp#27;[0;39m &amp#27;[36mc.g.d.z.s.o.a.hc.client5.http.wire&amp#27;[0;39m - &amp#27;[32mhttp-outgoing-1 << "Docker-Experimental: false[\r][\n]"
&amp#27;[0;39m2023-05-08 13:19:05,473 [main] &amp#27;[39mDEBUG&amp#27;[0;39m &amp#27;[36mc.g.d.z.s.o.a.hc.client5.http.wire&amp#27;[0;39m - &amp#27;[32mhttp-outgoing-1 << "Ostype: linux[\r][\n]"
&amp#27;[0;39m2023-05-08 13:19:05,473 [main] &amp#27;[39mDEBUG&amp#27;[0;39m &amp#27;[36mc.g.d.z.s.o.a.hc.client5.http.wire&amp#27;[0;39m - &amp#27;[32mhttp-outgoing-1 << "Server: Docker/23.0.5 (linux)[\r][\n]"
&amp#27;[0;39m2023-05-08 13:19:05,473 [main] &amp#27;[39mDEBUG&amp#27;[0;39m &amp#27;[36mc.g.d.z.s.o.a.hc.client5.http.wire&amp#27;[0;39m - &amp#27;[32mhttp-outgoing-1 << "Date: Mon, 08 May 2023 11:19:05 GMT[\r][\n]"
&amp#27;[0;39m2023-05-08 13:19:05,473 [main] &amp#27;[39mDEBUG&amp#27;[0;39m &amp#27;[36mc.g.d.z.s.o.a.hc.client5.http.wire&amp#27;[0;39m - &amp#27;[32mhttp-outgoing-1 << "Transfer-Encoding: chunked[\r][\n]"
&amp#27;[0;39m2023-05-08 13:19:05,473 [main] &amp#27;[39mDEBUG&amp#27;[0;39m &amp#27;[36mc.g.d.z.s.o.a.hc.client5.http.wire&amp#27;[0;39m - &amp#27;[32mhttp-outgoing-1 << "[\r][\n]"
&amp#27;[0;39m2023-05-08 13:19:05,473 [main] &amp#27;[39mDEBUG&amp#27;[0;39m &amp#27;[36mc.g.d.z.s.o.a.hc.client5.http.wire&amp#27;[0;39m - &amp#27;[32mhttp-outgoing-1 << "1893[\r][\n]"
&amp#27;[0;39m2023-05-08 13:19:05,473 [main] &amp#27;[39mDEBUG&amp#27;[0;39m &amp#27;[36mc.g.d.z.s.o.a.hc.client5.http.wire&amp#27;[0;39m - &amp#27;[32mhttp-outgoing-1 << "{"Id":"0739339bbc624082fb5e41f62f4a622236ffe4974bf12b2847105b726085e02b","Created":"2023-05-08T11:19:01.771856188Z","Path":"docker-entrypoint.sh","Args":["mysqld"],"State":{"Status":"running","Running":true,"Paused":false,"Restarting":false,"OOMKilled":false,"Dead":false,"Pid":59514,"ExitCode":0,"Error":"","StartedAt":"2023-05-08T11:19:02.113674386Z","FinishedAt":"0001-01-01T00:00:00Z"},"Image":"sha256:228d71078f8ce5ae9fd96b183f88c3a90e30544b4b7ce9d64a238d05fef2a681","ResolvConfPath":"/var/lib/docker/containers/0739339bbc624082fb5e41f62f4a622236ffe4974bf12b2847105b726085e02b/resolv.conf","HostnamePath":"/var/lib/docker/containers/0739339bbc624082fb5e41f62f4a622236ffe4974bf12b2847105b726085e02b/hostname","HostsPath":"/var/lib/docker/containers/0739339bbc624082fb5e41f62f4a622236ffe4974bf12b2847105b726085e02b/hosts","LogPath":"/var/lib/docker/containers/0739339bbc624082fb5e41f62f4a622236ffe4974bf12b2847105b726085e02b/0739339bbc624082fb5e41f62f4a622236ffe4974bf12b2847105b726085e02b-json.log","Name":"/intelligent_galileo","RestartCount":0,"Driver":"overlay2","Platform":"linux","MountLabel":"","ProcessLabel":"","AppArmorProfile":"docker-default","ExecIDs":null,"HostConfig":{"Binds":[],"ContainerIDFile":"","LogConfig":{"Type":"json-file","Config":{}},"NetworkMode":"default","PortBindings":{"3306/tcp":[{"HostIp":"","HostPort":""}]},"RestartPolicy":{"Name":"","MaximumRetryCount":0},"AutoRemove":false,"VolumeDriver":"","VolumesFrom":[],"ConsoleSize":[0,0],"CapAdd":null,"CapDrop":null,"CgroupnsMode":"private","Dns":null,"DnsOptions":null,"DnsSearch":null,"ExtraHosts":[],"GroupAdd":null,"IpcMode":"shareable","Cgroup":"","Links":null,"OomScoreAdj":0,"PidMode":"","Privileged":false,"PublishAllPorts":false,"ReadonlyRootfs":false,"SecurityOpt":null,"UTSMode":"","UsernsMode":"","ShmSize":67108864,"Runtime":"runc","Isolation":"","CpuShares":0,"Memory":0,"NanoCpus":0,"CgroupParent":"","BlkioWeight":0,"BlkioWeightDevice":null,"BlkioDeviceReadBps":null,"BlkioDeviceWriteBps":null,"BlkioDeviceReadIOps":null,"BlkioDeviceWriteIOps":null,"CpuPeriod":0,"CpuQuota":0,"CpuRealtimePeriod":0,"CpuRealtimeRuntime":0,"CpusetCpus":"","CpusetMems":"","Devices":null,"DeviceCgroupRules":null,"DeviceRequests":null,"MemoryReservation":0,"MemorySwap":0,"MemorySwappiness":null,"OomKillDisable":null,"PidsLimit":null,"Ulimits":null,"CpuCount":0,"CpuPercent":0,"IOMaximumIOps":0,"IOMaximumBandwidth":0,"MaskedPaths":["/proc/asound","/proc/acpi","/proc/kcore","/proc/keys","/proc/latency_stats","/proc/timer_list","/proc/timer_stats","/proc/sched_debug","/proc/scsi","/sys/firmware"],"ReadonlyPaths":["/proc/bus","/proc/fs","/proc/irq","/proc/sys","/proc/sysrq-trigger"]},"GraphDriver":{"Data":{"LowerDir":"/var/lib/docker/overlay2/b481eee7843c17772ada1734203524b4de76785735a50d4c68703d497db0e4ed-init/diff:/var/lib/docker/overlay2/4c6e20f032f02b27a9272f982861dc21998197aa90d94ed3bef95d449380247c/diff:/var/lib/docker/overlay2/0c75f828f603eff839bb3ca448163ab2a8017e86625ac255cd3dbf1673ddac26/diff:/var/lib/docker/overlay2/da128d897fda75829109844ce6cd9d73d0f54c682e735100af000ce899908729/diff:/var/lib/docker/overlay2/b678a1f261bf323afba6d76d91ab7428bdd6e1ef4a39b5224e4a1afd08c0423a/diff:/var/lib/docker/overlay2/1bec43b14875c5f9f814f146e8e31aa78566689c2c163da2ac60a32254988437/diff:/var/lib/docker/overlay2/28f4b1e6e1a7a2dbe30f1f94fb42bccd85a61faf8af1fe30a5bb0d442c525e41/diff:/var/lib/docker/overlay2/0f493124464c291d7c97d2633d5dff04b1dce5de904cb40a34dfbe7fe72e3fd4/diff:/var/lib/docker/overlay2/05befbee9e38cd670e1786b3310e99796dcc06abbed970007b4109a5424843fa/diff:/var/lib/docker/overlay2/582bcca9acfc4eef25109e1e1b9c9d104f355798455bc73e855c99283887a6e8/diff:/var/lib/docker/overlay2/153b3bf0b69e97e8f0e5533414a31ca33fa530e63d174c9617621abe46e7e9d1/diff:/var/lib/docker/overlay2/bf87a76c0a38875ee6e915fd0d2527eafa880ec6bf2c1cb294959428c18d10bd/diff","MergedDir":"/var/lib/docker/overlay2/b481eee7843c17772ada1734203524b4de76785735a50d4c68703d497db0e4ed/merged","UpperDir":"/var/lib/docker/overlay2/b481eee7843c17772ada1734203524b4de76785735a50d4c68703d497db0e4ed/diff","WorkDir":"/var/lib/docker/overlay2/b481eee7843c17772ada1734203524b4de76785735a50d4c68703d497db0e4ed/work"},"Name":"overlay2"},"Mounts":[{"Type":"volume","Name":"ec40278114b76af7b6535b952e685e04a98a51fa16363f5e9f0df1ce601f1dd5","Source":"/var/lib/docker/volumes/ec40278114b76af7b6535b952e685e04a98a51fa16363f5e9f0df1ce601f1dd5/_data","Destination":"/var/lib/mysql","Driver":"local","Mode":"","RW":true,"Propagation":""}],"Config":{"Hostname":"0739339bbc62","Domainname":"","User":"","AttachStdin":false,"AttachStdout":false,"AttachStderr":false,"ExposedPorts":{"3306/tcp":{}},"Tty":false,"OpenStdin":false,"StdinOnce":false,"Env":["MYSQL_DATABASE=test","MYSQL_PASSWORD=test","MYSQL_USER=test","MYSQL_ROOT_PASSWORD=test","PATH=/usr/local/sbin:/usr/local/bin:/usr/sbin:/usr/bin:/sbin:/bin","GOSU_VERSION=1.7","MYSQL_MAJOR=8.0","MYSQL_VERSION=8.0.0-dmr-1debian8"],"Cmd":["mysqld"],"Image":"mysql:8.0.0","Volumes":{"/var/lib/mysql":{}},"WorkingDir":"","Entrypoint":["docker-entrypoint.sh"],"OnBuild":null,"Labels":{"org.testcontainers":"true","org.testcontainers.lang":"java","org.testcontainers.sessionId":"f1b696c1-ec3f-4f95-afa8-081853be7ccb","org.testcontainers.version":"1.18.0"}},"NetworkSettings":{"Bridge":"","SandboxID":"d265e68e2afe307f1ab03fab083f2c0477cba31e9f26759f52b94e045d1847fb","HairpinMode":false,"LinkLocalIPv6Address":"","LinkLocalIPv6PrefixLen":0,"Ports":{"3306/tcp":[{"HostIp":"0.0.0.0","HostPort":"32782"},{"HostIp":"::","HostPort":"32782"}]},"SandboxKey":"/var/run/docker/netns/d265e68e2afe","SecondaryIPAddresses":null,"SecondaryIPv6Addresses":null,"EndpointID":"97b4c81a7665dcad3863174204db678dde492e2a2b2f11f6ef1c683b5d76146b","Gateway":"172.17.0.1","GlobalIPv6Address":"","GlobalIPv6PrefixLen":0,"IPAddress":"172.17.0.3","IPPrefixLen":16,"IPv6Gateway":"","MacAddress":"02:42:ac:11:00:03","Networks":{"bridge":{"IPAMConfig":null,"Links":null,"Aliases":null,"NetworkID":"e1a078e12eb8d77b497ed932f7fb43787eeb6ff6972febd7d03c9282b8b5cd45","EndpointID":"97b4c81a7665dcad3863174204db678dde492e2a2b2f11f6ef1c683b5d76146b","Gateway":"172.17.0.1","IPAddress":"172.17.0.3","IPPrefixLen":16,"IPv6Gateway":"","GlobalIPv6Address":"","GlobalIPv6PrefixLen":0,"MacAddress":"02:42:ac:11:00:03","DriverOpts":null}}}}[\n]"
&amp#27;[0;39m2023-05-08 13:19:05,473 [main] &amp#27;[39mDEBUG&amp#27;[0;39m &amp#27;[36mc.g.d.z.s.o.a.hc.client5.http.wire&amp#27;[0;39m - &amp#27;[32mhttp-outgoing-1 << "[\r][\n]"
&amp#27;[0;39m2023-05-08 13:19:05,473 [main] &amp#27;[39mDEBUG&amp#27;[0;39m &amp#27;[36mc.g.d.z.s.o.a.hc.client5.http.wire&amp#27;[0;39m - &amp#27;[32mhttp-outgoing-1 << "0[\r][\n]"
&amp#27;[0;39m2023-05-08 13:19:05,473 [main] &amp#27;[39mDEBUG&amp#27;[0;39m &amp#27;[36mc.g.d.z.s.o.a.hc.client5.http.wire&amp#27;[0;39m - &amp#27;[32mhttp-outgoing-1 << "[\r][\n]"
&amp#27;[0;39m2023-05-08 13:19:05,474 [main] &amp#27;[39mDEBUG&amp#27;[0;39m &amp#27;[36mc.g.d.z.s.o.a.h.client5.http.headers&amp#27;[0;39m - &amp#27;[32mhttp-outgoing-1 << HTTP/1.1 200 OK
&amp#27;[0;39m2023-05-08 13:19:05,474 [main] &amp#27;[39mDEBUG&amp#27;[0;39m &amp#27;[36mc.g.d.z.s.o.a.h.client5.http.headers&amp#27;[0;39m - &amp#27;[32mhttp-outgoing-1 << Api-Version: 1.42
&amp#27;[0;39m2023-05-08 13:19:05,474 [main] &amp#27;[39mDEBUG&amp#27;[0;39m &amp#27;[36mc.g.d.z.s.o.a.h.client5.http.headers&amp#27;[0;39m - &amp#27;[32mhttp-outgoing-1 << Content-Type: application/json
&amp#27;[0;39m2023-05-08 13:19:05,474 [main] &amp#27;[39mDEBUG&amp#27;[0;39m &amp#27;[36mc.g.d.z.s.o.a.h.client5.http.headers&amp#27;[0;39m - &amp#27;[32mhttp-outgoing-1 << Docker-Experimental: false
&amp#27;[0;39m2023-05-08 13:19:05,474 [main] &amp#27;[39mDEBUG&amp#27;[0;39m &amp#27;[36mc.g.d.z.s.o.a.h.client5.http.headers&amp#27;[0;39m - &amp#27;[32mhttp-outgoing-1 << Ostype: linux
&amp#27;[0;39m2023-05-08 13:19:05,474 [main] &amp#27;[39mDEBUG&amp#27;[0;39m &amp#27;[36mc.g.d.z.s.o.a.h.client5.http.headers&amp#27;[0;39m - &amp#27;[32mhttp-outgoing-1 << Server: Docker/23.0.5 (linux)
&amp#27;[0;39m2023-05-08 13:19:05,474 [main] &amp#27;[39mDEBUG&amp#27;[0;39m &amp#27;[36mc.g.d.z.s.o.a.h.client5.http.headers&amp#27;[0;39m - &amp#27;[32mhttp-outgoing-1 << Date: Mon, 08 May 2023 11:19:05 GMT
&amp#27;[0;39m2023-05-08 13:19:05,474 [main] &amp#27;[39mDEBUG&amp#27;[0;39m &amp#27;[36mc.g.d.z.s.o.a.h.client5.http.headers&amp#27;[0;39m - &amp#27;[32mhttp-outgoing-1 << Transfer-Encoding: chunked
&amp#27;[0;39m2023-05-08 13:19:05,474 [main] &amp#27;[39mDEBUG&amp#27;[0;39m &amp#27;[36mc.g.d.z.s.o.a.h.c.h.i.c.MainClientExec&amp#27;[0;39m - &amp#27;[32mex-0000007E: connection can be kept alive for 3 MINUTES
&amp#27;[0;39m2023-05-08 13:19:05,475 [main] &amp#27;[39mDEBUG&amp#27;[0;39m &amp#27;[36mc.g.d.z.s.o.a.h.c.h.i.c.InternalHttpClient&amp#27;[0;39m - &amp#27;[32mep-0000007D: releasing valid endpoint
&amp#27;[0;39m2023-05-08 13:19:05,475 [main] &amp#27;[39mDEBUG&amp#27;[0;39m &amp#27;[36mc.g.d.z.s.o.a.h.c.h.i.i.PoolingHttpClientConnectionManager&amp#27;[0;39m - &amp#27;[32mep-0000007D: releasing endpoint
&amp#27;[0;39m2023-05-08 13:19:05,475 [main] &amp#27;[39mDEBUG&amp#27;[0;39m &amp#27;[36mc.g.d.z.s.o.a.h.c.h.i.i.PoolingHttpClientConnectionManager&amp#27;[0;39m - &amp#27;[32mep-0000007D: connection http-outgoing-1 can be kept alive for 3 MINUTES
&amp#27;[0;39m2023-05-08 13:19:05,475 [main] &amp#27;[39mDEBUG&amp#27;[0;39m &amp#27;[36mc.g.d.z.s.o.a.h.c.h.i.i.PoolingHttpClientConnectionManager&amp#27;[0;39m - &amp#27;[32mep-0000007D: connection released [route: {}->unix://localhost:2375][total available: 1; route allocated: 1 of 2147483647; total allocated: 1 of 2147483647]
&amp#27;[0;39m2023-05-08 13:19:05,475 [main] &amp#27;[39mDEBUG&amp#27;[0;39m &amp#27;[36mtc.mysql:8.0.0&amp#27;[0;39m - &amp#27;[32mTrying to create JDBC connection using com.mysql.cj.jdbc.Driver to jdbc:mysql://localhost:32782/test?useSSL=false&allowPublicKeyRetrieval=true with properties: {password=test, user=test}
&amp#27;[0;39m2023-05-08 13:19:05,577 [main] &amp#27;[39mDEBUG&amp#27;[0;39m &amp#27;[36mo.t.s.c.g.d.c.command.AbstrDockerCmd&amp#27;[0;39m - &amp#27;[32mCmd: 0739339bbc624082fb5e41f62f4a622236ffe4974bf12b2847105b726085e02b,false
&amp#27;[0;39m2023-05-08 13:19:05,577 [main] &amp#27;[39mDEBUG&amp#27;[0;39m &amp#27;[36mo.t.s.c.g.d.c.e.InspectContainerCmdExec&amp#27;[0;39m - &amp#27;[32mGET: DefaultWebTarget{path=[/containers/0739339bbc624082fb5e41f62f4a622236ffe4974bf12b2847105b726085e02b/json], queryParams={}}
&amp#27;[0;39m2023-05-08 13:19:05,577 [main] &amp#27;[39mDEBUG&amp#27;[0;39m &amp#27;[36mc.g.d.z.s.o.a.h.c.h.i.c.InternalHttpClient&amp#27;[0;39m - &amp#27;[32mex-0000007F: preparing request execution
&amp#27;[0;39m2023-05-08 13:19:05,577 [main] &amp#27;[39mDEBUG&amp#27;[0;39m &amp#27;[36mc.g.d.z.s.o.a.h.c.h.p.RequestAddCookies&amp#27;[0;39m - &amp#27;[32mCookie spec selected: strict
&amp#27;[0;39m2023-05-08 13:19:05,577 [main] &amp#27;[39mDEBUG&amp#27;[0;39m &amp#27;[36mc.g.d.z.s.o.a.h.c.h.p.RequestAuthCache&amp#27;[0;39m - &amp#27;[32mAuth cache not set in the context
&amp#27;[0;39m2023-05-08 13:19:05,577 [main] &amp#27;[39mDEBUG&amp#27;[0;39m &amp#27;[36mc.g.d.z.s.o.a.h.c.h.i.c.ProtocolExec&amp#27;[0;39m - &amp#27;[32mex-0000007F: target auth state: UNCHALLENGED
&amp#27;[0;39m2023-05-08 13:19:05,577 [main] &amp#27;[39mDEBUG&amp#27;[0;39m &amp#27;[36mc.g.d.z.s.o.a.h.c.h.i.c.ProtocolExec&amp#27;[0;39m - &amp#27;[32mex-0000007F: proxy auth state: UNCHALLENGED
&amp#27;[0;39m2023-05-08 13:19:05,577 [main] &amp#27;[39mDEBUG&amp#27;[0;39m &amp#27;[36mc.g.d.z.s.o.a.h.c.h.i.c.ConnectExec&amp#27;[0;39m - &amp#27;[32mex-0000007F: acquiring connection with route {}->unix://localhost:2375
&amp#27;[0;39m2023-05-08 13:19:05,577 [main] &amp#27;[39mDEBUG&amp#27;[0;39m &amp#27;[36mc.g.d.z.s.o.a.h.c.h.i.c.InternalHttpClient&amp#27;[0;39m - &amp#27;[32mex-0000007F: acquiring endpoint (3 MINUTES)
&amp#27;[0;39m2023-05-08 13:19:05,577 [main] &amp#27;[39mDEBUG&amp#27;[0;39m &amp#27;[36mc.g.d.z.s.o.a.h.c.h.i.i.PoolingHttpClientConnectionManager&amp#27;[0;39m - &amp#27;[32mex-0000007F: endpoint lease request (3 MINUTES) [route: {}->unix://localhost:2375][total available: 1; route allocated: 1 of 2147483647; total allocated: 1 of 2147483647]
&amp#27;[0;39m2023-05-08 13:19:05,577 [main] &amp#27;[39mDEBUG&amp#27;[0;39m &amp#27;[36mc.g.d.z.s.o.a.h.c.h.i.i.PoolingHttpClientConnectionManager&amp#27;[0;39m - &amp#27;[32mex-0000007F: endpoint leased [route: {}->unix://localhost:2375][total available: 0; route allocated: 1 of 2147483647; total allocated: 1 of 2147483647]
&amp#27;[0;39m2023-05-08 13:19:05,577 [main] &amp#27;[39mDEBUG&amp#27;[0;39m &amp#27;[36mc.g.d.z.s.o.a.h.c.h.i.i.PoolingHttpClientConnectionManager&amp#27;[0;39m - &amp#27;[32mex-0000007F: acquired ep-0000007E
&amp#27;[0;39m2023-05-08 13:19:05,577 [main] &amp#27;[39mDEBUG&amp#27;[0;39m &amp#27;[36mc.g.d.z.s.o.a.h.c.h.i.c.InternalHttpClient&amp#27;[0;39m - &amp#27;[32mex-0000007F: acquired endpoint ep-0000007E
&amp#27;[0;39m2023-05-08 13:19:05,577 [main] &amp#27;[39mDEBUG&amp#27;[0;39m &amp#27;[36mc.g.d.z.s.o.a.h.c.h.i.c.MainClientExec&amp#27;[0;39m - &amp#27;[32mex-0000007F: executing GET /v1.32/containers/0739339bbc624082fb5e41f62f4a622236ffe4974bf12b2847105b726085e02b/json HTTP/1.1
&amp#27;[0;39m2023-05-08 13:19:05,577 [main] &amp#27;[39mDEBUG&amp#27;[0;39m &amp#27;[36mc.g.d.z.s.o.a.h.c.h.i.c.InternalHttpClient&amp#27;[0;39m - &amp#27;[32mep-0000007E: start execution ex-0000007F
&amp#27;[0;39m2023-05-08 13:19:05,577 [main] &amp#27;[39mDEBUG&amp#27;[0;39m &amp#27;[36mc.g.d.z.s.o.a.h.c.h.i.i.PoolingHttpClientConnectionManager&amp#27;[0;39m - &amp#27;[32mep-0000007E: executing exchange ex-0000007F over http-outgoing-1
&amp#27;[0;39m2023-05-08 13:19:05,577 [main] &amp#27;[39mDEBUG&amp#27;[0;39m &amp#27;[36mc.g.d.z.s.o.a.h.client5.http.headers&amp#27;[0;39m - &amp#27;[32mhttp-outgoing-1 >> GET /v1.32/containers/0739339bbc624082fb5e41f62f4a622236ffe4974bf12b2847105b726085e02b/json HTTP/1.1
&amp#27;[0;39m2023-05-08 13:19:05,577 [main] &amp#27;[39mDEBUG&amp#27;[0;39m &amp#27;[36mc.g.d.z.s.o.a.h.client5.http.headers&amp#27;[0;39m - &amp#27;[32mhttp-outgoing-1 >> accept: application/json
&amp#27;[0;39m2023-05-08 13:19:05,577 [main] &amp#27;[39mDEBUG&amp#27;[0;39m &amp#27;[36mc.g.d.z.s.o.a.h.client5.http.headers&amp#27;[0;39m - &amp#27;[32mhttp-outgoing-1 >> x-tc-sid: f1b696c1-ec3f-4f95-afa8-081853be7ccb
&amp#27;[0;39m2023-05-08 13:19:05,577 [main] &amp#27;[39mDEBUG&amp#27;[0;39m &amp#27;[36mc.g.d.z.s.o.a.h.client5.http.headers&amp#27;[0;39m - &amp#27;[32mhttp-outgoing-1 >> Accept-Encoding: gzip, x-gzip, deflate
&amp#27;[0;39m2023-05-08 13:19:05,577 [main] &amp#27;[39mDEBUG&amp#27;[0;39m &amp#27;[36mc.g.d.z.s.o.a.h.client5.http.headers&amp#27;[0;39m - &amp#27;[32mhttp-outgoing-1 >> Host: localhost:2375
&amp#27;[0;39m2023-05-08 13:19:05,577 [main] &amp#27;[39mDEBUG&amp#27;[0;39m &amp#27;[36mc.g.d.z.s.o.a.h.client5.http.headers&amp#27;[0;39m - &amp#27;[32mhttp-outgoing-1 >> Connection: keep-alive
&amp#27;[0;39m2023-05-08 13:19:05,577 [main] &amp#27;[39mDEBUG&amp#27;[0;39m &amp#27;[36mc.g.d.z.s.o.a.h.client5.http.headers&amp#27;[0;39m - &amp#27;[32mhttp-outgoing-1 >> User-Agent: Apache-HttpClient/5.0.3 (Java/17.0.6)
&amp#27;[0;39m2023-05-08 13:19:05,577 [main] &amp#27;[39mDEBUG&amp#27;[0;39m &amp#27;[36mc.g.d.z.s.o.a.hc.client5.http.wire&amp#27;[0;39m - &amp#27;[32mhttp-outgoing-1 >> "GET /v1.32/containers/0739339bbc624082fb5e41f62f4a622236ffe4974bf12b2847105b726085e02b/json HTTP/1.1[\r][\n]"
&amp#27;[0;39m2023-05-08 13:19:05,577 [main] &amp#27;[39mDEBUG&amp#27;[0;39m &amp#27;[36mc.g.d.z.s.o.a.hc.client5.http.wire&amp#27;[0;39m - &amp#27;[32mhttp-outgoing-1 >> "accept: application/json[\r][\n]"
&amp#27;[0;39m2023-05-08 13:19:05,577 [main] &amp#27;[39mDEBUG&amp#27;[0;39m &amp#27;[36mc.g.d.z.s.o.a.hc.client5.http.wire&amp#27;[0;39m - &amp#27;[32mhttp-outgoing-1 >> "x-tc-sid: f1b696c1-ec3f-4f95-afa8-081853be7ccb[\r][\n]"
&amp#27;[0;39m2023-05-08 13:19:05,577 [main] &amp#27;[39mDEBUG&amp#27;[0;39m &amp#27;[36mc.g.d.z.s.o.a.hc.client5.http.wire&amp#27;[0;39m - &amp#27;[32mhttp-outgoing-1 >> "Accept-Encoding: gzip, x-gzip, deflate[\r][\n]"
&amp#27;[0;39m2023-05-08 13:19:05,577 [main] &amp#27;[39mDEBUG&amp#27;[0;39m &amp#27;[36mc.g.d.z.s.o.a.hc.client5.http.wire&amp#27;[0;39m - &amp#27;[32mhttp-outgoing-1 >> "Host: localhost:2375[\r][\n]"
&amp#27;[0;39m2023-05-08 13:19:05,577 [main] &amp#27;[39mDEBUG&amp#27;[0;39m &amp#27;[36mc.g.d.z.s.o.a.hc.client5.http.wire&amp#27;[0;39m - &amp#27;[32mhttp-outgoing-1 >> "Connection: keep-alive[\r][\n]"
&amp#27;[0;39m2023-05-08 13:19:05,577 [main] &amp#27;[39mDEBUG&amp#27;[0;39m &amp#27;[36mc.g.d.z.s.o.a.hc.client5.http.wire&amp#27;[0;39m - &amp#27;[32mhttp-outgoing-1 >> "User-Agent: Apache-HttpClient/5.0.3 (Java/17.0.6)[\r][\n]"
&amp#27;[0;39m2023-05-08 13:19:05,577 [main] &amp#27;[39mDEBUG&amp#27;[0;39m &amp#27;[36mc.g.d.z.s.o.a.hc.client5.http.wire&amp#27;[0;39m - &amp#27;[32mhttp-outgoing-1 >> "[\r][\n]"
&amp#27;[0;39m2023-05-08 13:19:05,578 [main] &amp#27;[39mDEBUG&amp#27;[0;39m &amp#27;[36mc.g.d.z.s.o.a.hc.client5.http.wire&amp#27;[0;39m - &amp#27;[32mhttp-outgoing-1 << "HTTP/1.1 200 OK[\r][\n]"
&amp#27;[0;39m2023-05-08 13:19:05,578 [main] &amp#27;[39mDEBUG&amp#27;[0;39m &amp#27;[36mc.g.d.z.s.o.a.hc.client5.http.wire&amp#27;[0;39m - &amp#27;[32mhttp-outgoing-1 << "Api-Version: 1.42[\r][\n]"
&amp#27;[0;39m2023-05-08 13:19:05,578 [main] &amp#27;[39mDEBUG&amp#27;[0;39m &amp#27;[36mc.g.d.z.s.o.a.hc.client5.http.wire&amp#27;[0;39m - &amp#27;[32mhttp-outgoing-1 << "Content-Type: application/json[\r][\n]"
&amp#27;[0;39m2023-05-08 13:19:05,578 [main] &amp#27;[39mDEBUG&amp#27;[0;39m &amp#27;[36mc.g.d.z.s.o.a.hc.client5.http.wire&amp#27;[0;39m - &amp#27;[32mhttp-outgoing-1 << "Docker-Experimental: false[\r][\n]"
&amp#27;[0;39m2023-05-08 13:19:05,578 [main] &amp#27;[39mDEBUG&amp#27;[0;39m &amp#27;[36mc.g.d.z.s.o.a.hc.client5.http.wire&amp#27;[0;39m - &amp#27;[32mhttp-outgoing-1 << "Ostype: linux[\r][\n]"
&amp#27;[0;39m2023-05-08 13:19:05,578 [main] &amp#27;[39mDEBUG&amp#27;[0;39m &amp#27;[36mc.g.d.z.s.o.a.hc.client5.http.wire&amp#27;[0;39m - &amp#27;[32mhttp-outgoing-1 << "Server: Docker/23.0.5 (linux)[\r][\n]"
&amp#27;[0;39m2023-05-08 13:19:05,578 [main] &amp#27;[39mDEBUG&amp#27;[0;39m &amp#27;[36mc.g.d.z.s.o.a.hc.client5.http.wire&amp#27;[0;39m - &amp#27;[32mhttp-outgoing-1 << "Date: Mon, 08 May 2023 11:19:05 GMT[\r][\n]"
&amp#27;[0;39m2023-05-08 13:19:05,578 [main] &amp#27;[39mDEBUG&amp#27;[0;39m &amp#27;[36mc.g.d.z.s.o.a.hc.client5.http.wire&amp#27;[0;39m - &amp#27;[32mhttp-outgoing-1 << "Transfer-Encoding: chunked[\r][\n]"
&amp#27;[0;39m2023-05-08 13:19:05,578 [main] &amp#27;[39mDEBUG&amp#27;[0;39m &amp#27;[36mc.g.d.z.s.o.a.hc.client5.http.wire&amp#27;[0;39m - &amp#27;[32mhttp-outgoing-1 << "[\r][\n]"
&amp#27;[0;39m2023-05-08 13:19:05,578 [main] &amp#27;[39mDEBUG&amp#27;[0;39m &amp#27;[36mc.g.d.z.s.o.a.hc.client5.http.wire&amp#27;[0;39m - &amp#27;[32mhttp-outgoing-1 << "1893[\r][\n]"
&amp#27;[0;39m2023-05-08 13:19:05,578 [main] &amp#27;[39mDEBUG&amp#27;[0;39m &amp#27;[36mc.g.d.z.s.o.a.hc.client5.http.wire&amp#27;[0;39m - &amp#27;[32mhttp-outgoing-1 << "{"Id":"0739339bbc624082fb5e41f62f4a622236ffe4974bf12b2847105b726085e02b","Created":"2023-05-08T11:19:01.771856188Z","Path":"docker-entrypoint.sh","Args":["mysqld"],"State":{"Status":"running","Running":true,"Paused":false,"Restarting":false,"OOMKilled":false,"Dead":false,"Pid":59514,"ExitCode":0,"Error":"","StartedAt":"2023-05-08T11:19:02.113674386Z","FinishedAt":"0001-01-01T00:00:00Z"},"Image":"sha256:228d71078f8ce5ae9fd96b183f88c3a90e30544b4b7ce9d64a238d05fef2a681","ResolvConfPath":"/var/lib/docker/containers/0739339bbc624082fb5e41f62f4a622236ffe4974bf12b2847105b726085e02b/resolv.conf","HostnamePath":"/var/lib/docker/containers/0739339bbc624082fb5e41f62f4a622236ffe4974bf12b2847105b726085e02b/hostname","HostsPath":"/var/lib/docker/containers/0739339bbc624082fb5e41f62f4a622236ffe4974bf12b2847105b726085e02b/hosts","LogPath":"/var/lib/docker/containers/0739339bbc624082fb5e41f62f4a622236ffe4974bf12b2847105b726085e02b/0739339bbc624082fb5e41f62f4a622236ffe4974bf12b2847105b726085e02b-json.log","Name":"/intelligent_galileo","RestartCount":0,"Driver":"overlay2","Platform":"linux","MountLabel":"","ProcessLabel":"","AppArmorProfile":"docker-default","ExecIDs":null,"HostConfig":{"Binds":[],"ContainerIDFile":"","LogConfig":{"Type":"json-file","Config":{}},"NetworkMode":"default","PortBindings":{"3306/tcp":[{"HostIp":"","HostPort":""}]},"RestartPolicy":{"Name":"","MaximumRetryCount":0},"AutoRemove":false,"VolumeDriver":"","VolumesFrom":[],"ConsoleSize":[0,0],"CapAdd":null,"CapDrop":null,"CgroupnsMode":"private","Dns":null,"DnsOptions":null,"DnsSearch":null,"ExtraHosts":[],"GroupAdd":null,"IpcMode":"shareable","Cgroup":"","Links":null,"OomScoreAdj":0,"PidMode":"","Privileged":false,"PublishAllPorts":false,"ReadonlyRootfs":false,"SecurityOpt":null,"UTSMode":"","UsernsMode":"","ShmSize":67108864,"Runtime":"runc","Isolation":"","CpuShares":0,"Memory":0,"NanoCpus":0,"CgroupParent":"","BlkioWeight":0,"BlkioWeightDevice":null,"BlkioDeviceReadBps":null,"BlkioDeviceWriteBps":null,"BlkioDeviceReadIOps":null,"BlkioDeviceWriteIOps":null,"CpuPeriod":0,"CpuQuota":0,"CpuRealtimePeriod":0,"CpuRealtimeRuntime":0,"CpusetCpus":"","CpusetMems":"","Devices":null,"DeviceCgroupRules":null,"DeviceRequests":null,"MemoryReservation":0,"MemorySwap":0,"MemorySwappiness":null,"OomKillDisable":null,"PidsLimit":null,"Ulimits":null,"CpuCount":0,"CpuPercent":0,"IOMaximumIOps":0,"IOMaximumBandwidth":0,"MaskedPaths":["/proc/asound","/proc/acpi","/proc/kcore","/proc/keys","/proc/latency_stats","/proc/timer_list","/proc/timer_stats","/proc/sched_debug","/proc/scsi","/sys/firmware"],"ReadonlyPaths":["/proc/bus","/proc/fs","/proc/irq","/proc/sys","/proc/sysrq-trigger"]},"GraphDriver":{"Data":{"LowerDir":"/var/lib/docker/overlay2/b481eee7843c17772ada1734203524b4de76785735a50d4c68703d497db0e4ed-init/diff:/var/lib/docker/overlay2/4c6e20f032f02b27a9272f982861dc21998197aa90d94ed3bef95d449380247c/diff:/var/lib/docker/overlay2/0c75f828f603eff839bb3ca448163ab2a8017e86625ac255cd3dbf1673ddac26/diff:/var/lib/docker/overlay2/da128d897fda75829109844ce6cd9d73d0f54c682e735100af000ce899908729/diff:/var/lib/docker/overlay2/b678a1f261bf323afba6d76d91ab7428bdd6e1ef4a39b5224e4a1afd08c0423a/diff:/var/lib/docker/overlay2/1bec43b14875c5f9f814f146e8e31aa78566689c2c163da2ac60a32254988437/diff:/var/lib/docker/overlay2/28f4b1e6e1a7a2dbe30f1f94fb42bccd85a61faf8af1fe30a5bb0d442c525e41/diff:/var/lib/docker/overlay2/0f493124464c291d7c97d2633d5dff04b1dce5de904cb40a34dfbe7fe72e3fd4/diff:/var/lib/docker/overlay2/05befbee9e38cd670e1786b3310e99796dcc06abbed970007b4109a5424843fa/diff:/var/lib/docker/overlay2/582bcca9acfc4eef25109e1e1b9c9d104f355798455bc73e855c99283887a6e8/diff:/var/lib/docker/overlay2/153b3bf0b69e97e8f0e5533414a31ca33fa530e63d174c9617621abe46e7e9d1/diff:/var/lib/docker/overlay2/bf87a76c0a38875ee6e915fd0d2527eafa880ec6bf2c1cb294959428c18d10bd/diff","MergedDir":"/var/lib/docker/overlay2/b481eee7843c17772ada1734203524b4de76785735a50d4c68703d497db0e4ed/merged","UpperDir":"/var/lib/docker/overlay2/b481eee7843c17772ada1734203524b4de76785735a50d4c68703d497db0e4ed/diff","WorkDir":"/var/lib/docker/overlay2/b481eee7843c17772ada1734203524b4de76785735a50d4c68703d497db0e4ed/work"},"Name":"overlay2"},"Mounts":[{"Type":"volume","Name":"ec40278114b76af7b6535b952e685e04a98a51fa16363f5e9f0df1ce601f1dd5","Source":"/var/lib/docker/volumes/ec40278114b76af7b6535b952e685e04a98a51fa16363f5e9f0df1ce601f1dd5/_data","Destination":"/var/lib/mysql","Driver":"local","Mode":"","RW":true,"Propagation":""}],"Config":{"Hostname":"0739339bbc62","Domainname":"","User":"","AttachStdin":false,"AttachStdout":false,"AttachStderr":false,"ExposedPorts":{"3306/tcp":{}},"Tty":false,"OpenStdin":false,"StdinOnce":false,"Env":["MYSQL_DATABASE=test","MYSQL_PASSWORD=test","MYSQL_USER=test","MYSQL_ROOT_PASSWORD=test","PATH=/usr/local/sbin:/usr/local/bin:/usr/sbin:/usr/bin:/sbin:/bin","GOSU_VERSION=1.7","MYSQL_MAJOR=8.0","MYSQL_VERSION=8.0.0-dmr-1debian8"],"Cmd":["mysqld"],"Image":"mysql:8.0.0","Volumes":{"/var/lib/mysql":{}},"WorkingDir":"","Entrypoint":["docker-entrypoint.sh"],"OnBuild":null,"Labels":{"org.testcontainers":"true","org.testcontainers.lang":"java","org.testcontainers.sessionId":"f1b696c1-ec3f-4f95-afa8-081853be7ccb","org.testcontainers.version":"1.18.0"}},"NetworkSettings":{"Bridge":"","SandboxID":"d265e68e2afe307f1ab03fab083f2c0477cba31e9f26759f52b94e045d1847fb","HairpinMode":false,"LinkLocalIPv6Address":"","LinkLocalIPv6PrefixLen":0,"Ports":{"3306/tcp":[{"HostIp":"0.0.0.0","HostPort":"32782"},{"HostIp":"::","HostPort":"32782"}]},"SandboxKey":"/var/run/docker/netns/d265e68e2afe","SecondaryIPAddresses":null,"SecondaryIPv6Addresses":null,"EndpointID":"97b4c81a7665dcad3863174204db678dde492e2a2b2f11f6ef1c683b5d76146b","Gateway":"172.17.0.1","GlobalIPv6Address":"","GlobalIPv6PrefixLen":0,"IPAddress":"172.17.0.3","IPPrefixLen":16,"IPv6Gateway":"","MacAddress":"02:42:ac:11:00:03","Networks":{"bridge":{"IPAMConfig":null,"Links":null,"Aliases":null,"NetworkID":"e1a078e12eb8d77b497ed932f7fb43787eeb6ff6972febd7d03c9282b8b5cd45","EndpointID":"97b4c81a7665dcad3863174204db678dde492e2a2b2f11f6ef1c683b5d76146b","Gateway":"172.17.0.1","IPAddress":"172.17.0.3","IPPrefixLen":16,"IPv6Gateway":"","GlobalIPv6Address":"","GlobalIPv6PrefixLen":0,"MacAddress":"02:42:ac:11:00:03","DriverOpts":null}}}}[\n]"
&amp#27;[0;39m2023-05-08 13:19:05,578 [main] &amp#27;[39mDEBUG&amp#27;[0;39m &amp#27;[36mc.g.d.z.s.o.a.hc.client5.http.wire&amp#27;[0;39m - &amp#27;[32mhttp-outgoing-1 << "[\r][\n]"
&amp#27;[0;39m2023-05-08 13:19:05,578 [main] &amp#27;[39mDEBUG&amp#27;[0;39m &amp#27;[36mc.g.d.z.s.o.a.hc.client5.http.wire&amp#27;[0;39m - &amp#27;[32mhttp-outgoing-1 << "0[\r][\n]"
&amp#27;[0;39m2023-05-08 13:19:05,578 [main] &amp#27;[39mDEBUG&amp#27;[0;39m &amp#27;[36mc.g.d.z.s.o.a.hc.client5.http.wire&amp#27;[0;39m - &amp#27;[32mhttp-outgoing-1 << "[\r][\n]"
&amp#27;[0;39m2023-05-08 13:19:05,578 [main] &amp#27;[39mDEBUG&amp#27;[0;39m &amp#27;[36mc.g.d.z.s.o.a.h.client5.http.headers&amp#27;[0;39m - &amp#27;[32mhttp-outgoing-1 << HTTP/1.1 200 OK
&amp#27;[0;39m2023-05-08 13:19:05,578 [main] &amp#27;[39mDEBUG&amp#27;[0;39m &amp#27;[36mc.g.d.z.s.o.a.h.client5.http.headers&amp#27;[0;39m - &amp#27;[32mhttp-outgoing-1 << Api-Version: 1.42
&amp#27;[0;39m2023-05-08 13:19:05,578 [main] &amp#27;[39mDEBUG&amp#27;[0;39m &amp#27;[36mc.g.d.z.s.o.a.h.client5.http.headers&amp#27;[0;39m - &amp#27;[32mhttp-outgoing-1 << Content-Type: application/json
&amp#27;[0;39m2023-05-08 13:19:05,578 [main] &amp#27;[39mDEBUG&amp#27;[0;39m &amp#27;[36mc.g.d.z.s.o.a.h.client5.http.headers&amp#27;[0;39m - &amp#27;[32mhttp-outgoing-1 << Docker-Experimental: false
&amp#27;[0;39m2023-05-08 13:19:05,578 [main] &amp#27;[39mDEBUG&amp#27;[0;39m &amp#27;[36mc.g.d.z.s.o.a.h.client5.http.headers&amp#27;[0;39m - &amp#27;[32mhttp-outgoing-1 << Ostype: linux
&amp#27;[0;39m2023-05-08 13:19:05,578 [main] &amp#27;[39mDEBUG&amp#27;[0;39m &amp#27;[36mc.g.d.z.s.o.a.h.client5.http.headers&amp#27;[0;39m - &amp#27;[32mhttp-outgoing-1 << Server: Docker/23.0.5 (linux)
&amp#27;[0;39m2023-05-08 13:19:05,578 [main] &amp#27;[39mDEBUG&amp#27;[0;39m &amp#27;[36mc.g.d.z.s.o.a.h.client5.http.headers&amp#27;[0;39m - &amp#27;[32mhttp-outgoing-1 << Date: Mon, 08 May 2023 11:19:05 GMT
&amp#27;[0;39m2023-05-08 13:19:05,578 [main] &amp#27;[39mDEBUG&amp#27;[0;39m &amp#27;[36mc.g.d.z.s.o.a.h.client5.http.headers&amp#27;[0;39m - &amp#27;[32mhttp-outgoing-1 << Transfer-Encoding: chunked
&amp#27;[0;39m2023-05-08 13:19:05,578 [main] &amp#27;[39mDEBUG&amp#27;[0;39m &amp#27;[36mc.g.d.z.s.o.a.h.c.h.i.c.MainClientExec&amp#27;[0;39m - &amp#27;[32mex-0000007F: connection can be kept alive for 3 MINUTES
&amp#27;[0;39m2023-05-08 13:19:05,579 [main] &amp#27;[39mDEBUG&amp#27;[0;39m &amp#27;[36mc.g.d.z.s.o.a.h.c.h.i.c.InternalHttpClient&amp#27;[0;39m - &amp#27;[32mep-0000007E: releasing valid endpoint
&amp#27;[0;39m2023-05-08 13:19:05,579 [main] &amp#27;[39mDEBUG&amp#27;[0;39m &amp#27;[36mc.g.d.z.s.o.a.h.c.h.i.i.PoolingHttpClientConnectionManager&amp#27;[0;39m - &amp#27;[32mep-0000007E: releasing endpoint
&amp#27;[0;39m2023-05-08 13:19:05,579 [main] &amp#27;[39mDEBUG&amp#27;[0;39m &amp#27;[36mc.g.d.z.s.o.a.h.c.h.i.i.PoolingHttpClientConnectionManager&amp#27;[0;39m - &amp#27;[32mep-0000007E: connection http-outgoing-1 can be kept alive for 3 MINUTES
&amp#27;[0;39m2023-05-08 13:19:05,579 [main] &amp#27;[39mDEBUG&amp#27;[0;39m &amp#27;[36mc.g.d.z.s.o.a.h.c.h.i.i.PoolingHttpClientConnectionManager&amp#27;[0;39m - &amp#27;[32mep-0000007E: connection released [route: {}->unix://localhost:2375][total available: 1; route allocated: 1 of 2147483647; total allocated: 1 of 2147483647]
&amp#27;[0;39m2023-05-08 13:19:05,579 [main] &amp#27;[39mDEBUG&amp#27;[0;39m &amp#27;[36mtc.mysql:8.0.0&amp#27;[0;39m - &amp#27;[32mTrying to create JDBC connection using com.mysql.cj.jdbc.Driver to jdbc:mysql://localhost:32782/test?useSSL=false&allowPublicKeyRetrieval=true with properties: {password=test, user=test}
&amp#27;[0;39m2023-05-08 13:19:05,680 [main] &amp#27;[39mDEBUG&amp#27;[0;39m &amp#27;[36mo.t.s.c.g.d.c.command.AbstrDockerCmd&amp#27;[0;39m - &amp#27;[32mCmd: 0739339bbc624082fb5e41f62f4a622236ffe4974bf12b2847105b726085e02b,false
&amp#27;[0;39m2023-05-08 13:19:05,680 [main] &amp#27;[39mDEBUG&amp#27;[0;39m &amp#27;[36mo.t.s.c.g.d.c.e.InspectContainerCmdExec&amp#27;[0;39m - &amp#27;[32mGET: DefaultWebTarget{path=[/containers/0739339bbc624082fb5e41f62f4a622236ffe4974bf12b2847105b726085e02b/json], queryParams={}}
&amp#27;[0;39m2023-05-08 13:19:05,681 [main] &amp#27;[39mDEBUG&amp#27;[0;39m &amp#27;[36mc.g.d.z.s.o.a.h.c.h.i.c.InternalHttpClient&amp#27;[0;39m - &amp#27;[32mex-00000080: preparing request execution
&amp#27;[0;39m2023-05-08 13:19:05,681 [main] &amp#27;[39mDEBUG&amp#27;[0;39m &amp#27;[36mc.g.d.z.s.o.a.h.c.h.p.RequestAddCookies&amp#27;[0;39m - &amp#27;[32mCookie spec selected: strict
&amp#27;[0;39m2023-05-08 13:19:05,681 [main] &amp#27;[39mDEBUG&amp#27;[0;39m &amp#27;[36mc.g.d.z.s.o.a.h.c.h.p.RequestAuthCache&amp#27;[0;39m - &amp#27;[32mAuth cache not set in the context
&amp#27;[0;39m2023-05-08 13:19:05,681 [main] &amp#27;[39mDEBUG&amp#27;[0;39m &amp#27;[36mc.g.d.z.s.o.a.h.c.h.i.c.ProtocolExec&amp#27;[0;39m - &amp#27;[32mex-00000080: target auth state: UNCHALLENGED
&amp#27;[0;39m2023-05-08 13:19:05,681 [main] &amp#27;[39mDEBUG&amp#27;[0;39m &amp#27;[36mc.g.d.z.s.o.a.h.c.h.i.c.ProtocolExec&amp#27;[0;39m - &amp#27;[32mex-00000080: proxy auth state: UNCHALLENGED
&amp#27;[0;39m2023-05-08 13:19:05,681 [main] &amp#27;[39mDEBUG&amp#27;[0;39m &amp#27;[36mc.g.d.z.s.o.a.h.c.h.i.c.ConnectExec&amp#27;[0;39m - &amp#27;[32mex-00000080: acquiring connection with route {}->unix://localhost:2375
&amp#27;[0;39m2023-05-08 13:19:05,681 [main] &amp#27;[39mDEBUG&amp#27;[0;39m &amp#27;[36mc.g.d.z.s.o.a.h.c.h.i.c.InternalHttpClient&amp#27;[0;39m - &amp#27;[32mex-00000080: acquiring endpoint (3 MINUTES)
&amp#27;[0;39m2023-05-08 13:19:05,681 [main] &amp#27;[39mDEBUG&amp#27;[0;39m &amp#27;[36mc.g.d.z.s.o.a.h.c.h.i.i.PoolingHttpClientConnectionManager&amp#27;[0;39m - &amp#27;[32mex-00000080: endpoint lease request (3 MINUTES) [route: {}->unix://localhost:2375][total available: 1; route allocated: 1 of 2147483647; total allocated: 1 of 2147483647]
&amp#27;[0;39m2023-05-08 13:19:05,681 [main] &amp#27;[39mDEBUG&amp#27;[0;39m &amp#27;[36mc.g.d.z.s.o.a.h.c.h.i.i.PoolingHttpClientConnectionManager&amp#27;[0;39m - &amp#27;[32mex-00000080: endpoint leased [route: {}->unix://localhost:2375][total available: 0; route allocated: 1 of 2147483647; total allocated: 1 of 2147483647]
&amp#27;[0;39m2023-05-08 13:19:05,681 [main] &amp#27;[39mDEBUG&amp#27;[0;39m &amp#27;[36mc.g.d.z.s.o.a.h.c.h.i.i.PoolingHttpClientConnectionManager&amp#27;[0;39m - &amp#27;[32mex-00000080: acquired ep-0000007F
&amp#27;[0;39m2023-05-08 13:19:05,681 [main] &amp#27;[39mDEBUG&amp#27;[0;39m &amp#27;[36mc.g.d.z.s.o.a.h.c.h.i.c.InternalHttpClient&amp#27;[0;39m - &amp#27;[32mex-00000080: acquired endpoint ep-0000007F
&amp#27;[0;39m2023-05-08 13:19:05,681 [main] &amp#27;[39mDEBUG&amp#27;[0;39m &amp#27;[36mc.g.d.z.s.o.a.h.c.h.i.c.MainClientExec&amp#27;[0;39m - &amp#27;[32mex-00000080: executing GET /v1.32/containers/0739339bbc624082fb5e41f62f4a622236ffe4974bf12b2847105b726085e02b/json HTTP/1.1
&amp#27;[0;39m2023-05-08 13:19:05,681 [main] &amp#27;[39mDEBUG&amp#27;[0;39m &amp#27;[36mc.g.d.z.s.o.a.h.c.h.i.c.InternalHttpClient&amp#27;[0;39m - &amp#27;[32mep-0000007F: start execution ex-00000080
&amp#27;[0;39m2023-05-08 13:19:05,681 [main] &amp#27;[39mDEBUG&amp#27;[0;39m &amp#27;[36mc.g.d.z.s.o.a.h.c.h.i.i.PoolingHttpClientConnectionManager&amp#27;[0;39m - &amp#27;[32mep-0000007F: executing exchange ex-00000080 over http-outgoing-1
&amp#27;[0;39m2023-05-08 13:19:05,682 [main] &amp#27;[39mDEBUG&amp#27;[0;39m &amp#27;[36mc.g.d.z.s.o.a.h.client5.http.headers&amp#27;[0;39m - &amp#27;[32mhttp-outgoing-1 >> GET /v1.32/containers/0739339bbc624082fb5e41f62f4a622236ffe4974bf12b2847105b726085e02b/json HTTP/1.1
&amp#27;[0;39m2023-05-08 13:19:05,682 [main] &amp#27;[39mDEBUG&amp#27;[0;39m &amp#27;[36mc.g.d.z.s.o.a.h.client5.http.headers&amp#27;[0;39m - &amp#27;[32mhttp-outgoing-1 >> accept: application/json
&amp#27;[0;39m2023-05-08 13:19:05,682 [main] &amp#27;[39mDEBUG&amp#27;[0;39m &amp#27;[36mc.g.d.z.s.o.a.h.client5.http.headers&amp#27;[0;39m - &amp#27;[32mhttp-outgoing-1 >> x-tc-sid: f1b696c1-ec3f-4f95-afa8-081853be7ccb
&amp#27;[0;39m2023-05-08 13:19:05,682 [main] &amp#27;[39mDEBUG&amp#27;[0;39m &amp#27;[36mc.g.d.z.s.o.a.h.client5.http.headers&amp#27;[0;39m - &amp#27;[32mhttp-outgoing-1 >> Accept-Encoding: gzip, x-gzip, deflate
&amp#27;[0;39m2023-05-08 13:19:05,682 [main] &amp#27;[39mDEBUG&amp#27;[0;39m &amp#27;[36mc.g.d.z.s.o.a.h.client5.http.headers&amp#27;[0;39m - &amp#27;[32mhttp-outgoing-1 >> Host: localhost:2375
&amp#27;[0;39m2023-05-08 13:19:05,682 [main] &amp#27;[39mDEBUG&amp#27;[0;39m &amp#27;[36mc.g.d.z.s.o.a.h.client5.http.headers&amp#27;[0;39m - &amp#27;[32mhttp-outgoing-1 >> Connection: keep-alive
&amp#27;[0;39m2023-05-08 13:19:05,682 [main] &amp#27;[39mDEBUG&amp#27;[0;39m &amp#27;[36mc.g.d.z.s.o.a.h.client5.http.headers&amp#27;[0;39m - &amp#27;[32mhttp-outgoing-1 >> User-Agent: Apache-HttpClient/5.0.3 (Java/17.0.6)
&amp#27;[0;39m2023-05-08 13:19:05,682 [main] &amp#27;[39mDEBUG&amp#27;[0;39m &amp#27;[36mc.g.d.z.s.o.a.hc.client5.http.wire&amp#27;[0;39m - &amp#27;[32mhttp-outgoing-1 >> "GET /v1.32/containers/0739339bbc624082fb5e41f62f4a622236ffe4974bf12b2847105b726085e02b/json HTTP/1.1[\r][\n]"
&amp#27;[0;39m2023-05-08 13:19:05,682 [main] &amp#27;[39mDEBUG&amp#27;[0;39m &amp#27;[36mc.g.d.z.s.o.a.hc.client5.http.wire&amp#27;[0;39m - &amp#27;[32mhttp-outgoing-1 >> "accept: application/json[\r][\n]"
&amp#27;[0;39m2023-05-08 13:19:05,682 [main] &amp#27;[39mDEBUG&amp#27;[0;39m &amp#27;[36mc.g.d.z.s.o.a.hc.client5.http.wire&amp#27;[0;39m - &amp#27;[32mhttp-outgoing-1 >> "x-tc-sid: f1b696c1-ec3f-4f95-afa8-081853be7ccb[\r][\n]"
&amp#27;[0;39m2023-05-08 13:19:05,682 [main] &amp#27;[39mDEBUG&amp#27;[0;39m &amp#27;[36mc.g.d.z.s.o.a.hc.client5.http.wire&amp#27;[0;39m - &amp#27;[32mhttp-outgoing-1 >> "Accept-Encoding: gzip, x-gzip, deflate[\r][\n]"
&amp#27;[0;39m2023-05-08 13:19:05,682 [main] &amp#27;[39mDEBUG&amp#27;[0;39m &amp#27;[36mc.g.d.z.s.o.a.hc.client5.http.wire&amp#27;[0;39m - &amp#27;[32mhttp-outgoing-1 >> "Host: localhost:2375[\r][\n]"
&amp#27;[0;39m2023-05-08 13:19:05,682 [main] &amp#27;[39mDEBUG&amp#27;[0;39m &amp#27;[36mc.g.d.z.s.o.a.hc.client5.http.wire&amp#27;[0;39m - &amp#27;[32mhttp-outgoing-1 >> "Connection: keep-alive[\r][\n]"
&amp#27;[0;39m2023-05-08 13:19:05,682 [main] &amp#27;[39mDEBUG&amp#27;[0;39m &amp#27;[36mc.g.d.z.s.o.a.hc.client5.http.wire&amp#27;[0;39m - &amp#27;[32mhttp-outgoing-1 >> "User-Agent: Apache-HttpClient/5.0.3 (Java/17.0.6)[\r][\n]"
&amp#27;[0;39m2023-05-08 13:19:05,682 [main] &amp#27;[39mDEBUG&amp#27;[0;39m &amp#27;[36mc.g.d.z.s.o.a.hc.client5.http.wire&amp#27;[0;39m - &amp#27;[32mhttp-outgoing-1 >> "[\r][\n]"
&amp#27;[0;39m2023-05-08 13:19:05,682 [main] &amp#27;[39mDEBUG&amp#27;[0;39m &amp#27;[36mc.g.d.z.s.o.a.hc.client5.http.wire&amp#27;[0;39m - &amp#27;[32mhttp-outgoing-1 << "HTTP/1.1 200 OK[\r][\n]"
&amp#27;[0;39m2023-05-08 13:19:05,682 [main] &amp#27;[39mDEBUG&amp#27;[0;39m &amp#27;[36mc.g.d.z.s.o.a.hc.client5.http.wire&amp#27;[0;39m - &amp#27;[32mhttp-outgoing-1 << "Api-Version: 1.42[\r][\n]"
&amp#27;[0;39m2023-05-08 13:19:05,682 [main] &amp#27;[39mDEBUG&amp#27;[0;39m &amp#27;[36mc.g.d.z.s.o.a.hc.client5.http.wire&amp#27;[0;39m - &amp#27;[32mhttp-outgoing-1 << "Content-Type: application/json[\r][\n]"
&amp#27;[0;39m2023-05-08 13:19:05,682 [main] &amp#27;[39mDEBUG&amp#27;[0;39m &amp#27;[36mc.g.d.z.s.o.a.hc.client5.http.wire&amp#27;[0;39m - &amp#27;[32mhttp-outgoing-1 << "Docker-Experimental: false[\r][\n]"
&amp#27;[0;39m2023-05-08 13:19:05,682 [main] &amp#27;[39mDEBUG&amp#27;[0;39m &amp#27;[36mc.g.d.z.s.o.a.hc.client5.http.wire&amp#27;[0;39m - &amp#27;[32mhttp-outgoing-1 << "Ostype: linux[\r][\n]"
&amp#27;[0;39m2023-05-08 13:19:05,682 [main] &amp#27;[39mDEBUG&amp#27;[0;39m &amp#27;[36mc.g.d.z.s.o.a.hc.client5.http.wire&amp#27;[0;39m - &amp#27;[32mhttp-outgoing-1 << "Server: Docker/23.0.5 (linux)[\r][\n]"
&amp#27;[0;39m2023-05-08 13:19:05,682 [main] &amp#27;[39mDEBUG&amp#27;[0;39m &amp#27;[36mc.g.d.z.s.o.a.hc.client5.http.wire&amp#27;[0;39m - &amp#27;[32mhttp-outgoing-1 << "Date: Mon, 08 May 2023 11:19:05 GMT[\r][\n]"
&amp#27;[0;39m2023-05-08 13:19:05,682 [main] &amp#27;[39mDEBUG&amp#27;[0;39m &amp#27;[36mc.g.d.z.s.o.a.hc.client5.http.wire&amp#27;[0;39m - &amp#27;[32mhttp-outgoing-1 << "Transfer-Encoding: chunked[\r][\n]"
&amp#27;[0;39m2023-05-08 13:19:05,682 [main] &amp#27;[39mDEBUG&amp#27;[0;39m &amp#27;[36mc.g.d.z.s.o.a.hc.client5.http.wire&amp#27;[0;39m - &amp#27;[32mhttp-outgoing-1 << "[\r][\n]"
&amp#27;[0;39m2023-05-08 13:19:05,682 [main] &amp#27;[39mDEBUG&amp#27;[0;39m &amp#27;[36mc.g.d.z.s.o.a.hc.client5.http.wire&amp#27;[0;39m - &amp#27;[32mhttp-outgoing-1 << "1893[\r][\n]"
&amp#27;[0;39m2023-05-08 13:19:05,684 [main] &amp#27;[39mDEBUG&amp#27;[0;39m &amp#27;[36mc.g.d.z.s.o.a.hc.client5.http.wire&amp#27;[0;39m - &amp#27;[32mhttp-outgoing-1 << "{"Id":"0739339bbc624082fb5e41f62f4a622236ffe4974bf12b2847105b726085e02b","Created":"2023-05-08T11:19:01.771856188Z","Path":"docker-entrypoint.sh","Args":["mysqld"],"State":{"Status":"running","Running":true,"Paused":false,"Restarting":false,"OOMKilled":false,"Dead":false,"Pid":59514,"ExitCode":0,"Error":"","StartedAt":"2023-05-08T11:19:02.113674386Z","FinishedAt":"0001-01-01T00:00:00Z"},"Image":"sha256:228d71078f8ce5ae9fd96b183f88c3a90e30544b4b7ce9d64a238d05fef2a681","ResolvConfPath":"/var/lib/docker/containers/0739339bbc624082fb5e41f62f4a622236ffe4974bf12b2847105b726085e02b/resolv.conf","HostnamePath":"/var/lib/docker/containers/0739339bbc624082fb5e41f62f4a622236ffe4974bf12b2847105b726085e02b/hostname","HostsPath":"/var/lib/docker/containers/0739339bbc624082fb5e41f62f4a622236ffe4974bf12b2847105b726085e02b/hosts","LogPath":"/var/lib/docker/containers/0739339bbc624082fb5e41f62f4a622236ffe4974bf12b2847105b726085e02b/0739339bbc624082fb5e41f62f4a622236ffe4974bf12b2847105b726085e02b-json.log","Name":"/intelligent_galileo","RestartCount":0,"Driver":"overlay2","Platform":"linux","MountLabel":"","ProcessLabel":"","AppArmorProfile":"docker-default","ExecIDs":null,"HostConfig":{"Binds":[],"ContainerIDFile":"","LogConfig":{"Type":"json-file","Config":{}},"NetworkMode":"default","PortBindings":{"3306/tcp":[{"HostIp":"","HostPort":""}]},"RestartPolicy":{"Name":"","MaximumRetryCount":0},"AutoRemove":false,"VolumeDriver":"","VolumesFrom":[],"ConsoleSize":[0,0],"CapAdd":null,"CapDrop":null,"CgroupnsMode":"private","Dns":null,"DnsOptions":null,"DnsSearch":null,"ExtraHosts":[],"GroupAdd":null,"IpcMode":"shareable","Cgroup":"","Links":null,"OomScoreAdj":0,"PidMode":"","Privileged":false,"PublishAllPorts":false,"ReadonlyRootfs":false,"SecurityOpt":null,"UTSMode":"","UsernsMode":"","ShmSize":67108864,"Runtime":"runc","Isolation":"","CpuShares":0,"Memory":0,"NanoCpus":0,"CgroupParent":"","BlkioWeight":0,"BlkioWeightDevice":null,"BlkioDeviceReadBps":null,"BlkioDeviceWriteBps":null,"BlkioDeviceReadIOps":null,"BlkioDeviceWriteIOps":null,"CpuPeriod":0,"CpuQuota":0,"CpuRealtimePeriod":0,"CpuRealtimeRuntime":0,"CpusetCpus":"","CpusetMems":"","Devices":null,"DeviceCgroupRules":null,"DeviceRequests":null,"MemoryReservation":0,"MemorySwap":0,"MemorySwappiness":null,"OomKillDisable":null,"PidsLimit":null,"Ulimits":null,"CpuCount":0,"CpuPercent":0,"IOMaximumIOps":0,"IOMaximumBandwidth":0,"MaskedPaths":["/proc/asound","/proc/acpi","/proc/kcore","/proc/keys","/proc/latency_stats","/proc/timer_list","/proc/timer_stats","/proc/sched_debug","/proc/scsi","/sys/firmware"],"ReadonlyPaths":["/proc/bus","/proc/fs","/proc/irq","/proc/sys","/proc/sysrq-trigger"]},"GraphDriver":{"Data":{"LowerDir":"/var/lib/docker/overlay2/b481eee7843c17772ada1734203524b4de76785735a50d4c68703d497db0e4ed-init/diff:/var/lib/docker/overlay2/4c6e20f032f02b27a9272f982861dc21998197aa90d94ed3bef95d449380247c/diff:/var/lib/docker/overlay2/0c75f828f603eff839bb3ca448163ab2a8017e86625ac255cd3dbf1673ddac26/diff:/var/lib/docker/overlay2/da128d897fda75829109844ce6cd9d73d0f54c682e735100af000ce899908729/diff:/var/lib/docker/overlay2/b678a1f261bf323afba6d76d91ab7428bdd6e1ef4a39b5224e4a1afd08c0423a/diff:/var/lib/docker/overlay2/1bec43b14875c5f9f814f146e8e31aa78566689c2c163da2ac60a32254988437/diff:/var/lib/docker/overlay2/28f4b1e6e1a7a2dbe30f1f94fb42bccd85a61faf8af1fe30a5bb0d442c525e41/diff:/var/lib/docker/overlay2/0f493124464c291d7c97d2633d5dff04b1dce5de904cb40a34dfbe7fe72e3fd4/diff:/var/lib/docker/overlay2/05befbee9e38cd670e1786b3310e99796dcc06abbed970007b4109a5424843fa/diff:/var/lib/docker/overlay2/582bcca9acfc4eef25109e1e1b9c9d104f355798455bc73e855c99283887a6e8/diff:/var/lib/docker/overlay2/153b3bf0b69e97e8f0e5533414a31ca33fa530e63d174c9617621abe46e7e9d1/diff:/var/lib/docker/overlay2/bf87a76c0a38875ee6e915fd0d2527eafa880ec6bf2c1cb294959428c18d10bd/diff","MergedDir":"/var/lib/docker/overlay2/b481eee7843c17772ada1734203524b4de76785735a50d4c68703d497db0e4ed/merged","UpperDir":"/var/lib/docker/overlay2/b481eee7843c17772ada1734203524b4de76785735a50d4c68703d497db0e4ed/diff","WorkDir":"/var/lib/docker/overlay2/b481eee7843c17772ada1734203524b4de76785735a50d4c68703d497db0e4ed/work"},"Name":"overlay2"},"Mounts":[{"Type":"volume","Name":"ec40278114b76af7b6535b952e685e04a98a51fa16363f5e9f0df1ce601f1dd5","Source":"/var/lib/docker/volumes/ec40278114b76af7b6535b952e685e04a98a51fa16363f5e9f0df1ce601f1dd5/_data","Destination":"/var/lib/mysql","Driver":"local","Mode":"","RW":true,"Propagation":""}],"Config":{"Hostname":"0739339bbc62","Domainname":"","User":"","AttachStdin":false,"AttachStdout":false,"AttachStderr":false,"ExposedPorts":{"3306/tcp":{}},"Tty":false,"OpenStdin":false,"StdinOnce":false,"Env":["MYSQL_DATABASE=test","MYSQL_PASSWORD=test","MYSQL_USER=test","MYSQL_ROOT_PASSWORD=test","PATH=/usr/local/sbin:/usr/local/bin:/usr/sbin:/usr/bin:/sbin:/bin","GOSU_VERSION=1.7","MYSQL_MAJOR=8.0","MYSQL_VERSION=8.0.0-dmr-1debian8"],"Cmd":["mysqld"],"Image":"mysql:8.0.0","Volumes":{"/var/lib/mysql":{}},"WorkingDir":"","Entrypoint":["docker-entrypoint.sh"],"OnBuild":null,"Labels":{"org.testcontainers":"true","org.testcontainers.lang":"java","org.testcontainers.sessionId":"f1b696c1-ec3f-4f95-afa8-081853be7ccb","org.testcontainers.version":"1.18.0"}},"NetworkSettings":{"Bridge":"","SandboxID":"d265e68e2afe307f1ab03fab083f2c0477cba31e9f26759f52b94e045d1847fb","HairpinMode":false,"LinkLocalIPv6Address":"","LinkLocalIPv6PrefixLen":0,"Ports":{"3306/tcp":[{"HostIp":"0.0.0.0","HostPort":"32782"},{"HostIp":"::","HostPort":"32782"}]},"SandboxKey":"/var/run/docker/netns/d265e68e2afe","SecondaryIPAddresses":null,"SecondaryIPv6Addresses":null,"EndpointID":"97b4c81a7665dcad3863174204db678dde492e2a2b2f11f6ef1c683b5d76146b","Gateway":"172.17.0.1","GlobalIPv6Address":"","GlobalIPv6PrefixLen":0,"IPAddress":"172.17.0.3","IPPrefixLen":16,"IPv6Gateway":"","MacAddress":"02:42:ac:11:00:03","Networks":{"bridge":{"IPAMConfig":null,"Links":null,"Aliases":null,"NetworkID":"e1a078e12eb8d77b497ed932f7fb43787eeb6ff6972febd7d03c9282b8b5cd45","EndpointID":"97b4c81a7665dcad3863174204db678dde492e2a2b2f11f6ef1c683b5d76146b","Gateway":"172.17.0.1","IPAddress":"172.17.0.3","IPPrefixLen":16,"IPv6Gateway":"","GlobalIPv6Address":"","GlobalIPv6PrefixLen":0,"MacAddress":"02:42:ac:11:00:03","DriverOpts":null}}}}[\n]"
&amp#27;[0;39m2023-05-08 13:19:05,684 [main] &amp#27;[39mDEBUG&amp#27;[0;39m &amp#27;[36mc.g.d.z.s.o.a.hc.client5.http.wire&amp#27;[0;39m - &amp#27;[32mhttp-outgoing-1 << "[\r][\n]"
&amp#27;[0;39m2023-05-08 13:19:05,684 [main] &amp#27;[39mDEBUG&amp#27;[0;39m &amp#27;[36mc.g.d.z.s.o.a.hc.client5.http.wire&amp#27;[0;39m - &amp#27;[32mhttp-outgoing-1 << "0[\r][\n]"
&amp#27;[0;39m2023-05-08 13:19:05,684 [main] &amp#27;[39mDEBUG&amp#27;[0;39m &amp#27;[36mc.g.d.z.s.o.a.hc.client5.http.wire&amp#27;[0;39m - &amp#27;[32mhttp-outgoing-1 << "[\r][\n]"
&amp#27;[0;39m2023-05-08 13:19:05,684 [main] &amp#27;[39mDEBUG&amp#27;[0;39m &amp#27;[36mc.g.d.z.s.o.a.h.client5.http.headers&amp#27;[0;39m - &amp#27;[32mhttp-outgoing-1 << HTTP/1.1 200 OK
&amp#27;[0;39m2023-05-08 13:19:05,685 [main] &amp#27;[39mDEBUG&amp#27;[0;39m &amp#27;[36mc.g.d.z.s.o.a.h.client5.http.headers&amp#27;[0;39m - &amp#27;[32mhttp-outgoing-1 << Api-Version: 1.42
&amp#27;[0;39m2023-05-08 13:19:05,685 [main] &amp#27;[39mDEBUG&amp#27;[0;39m &amp#27;[36mc.g.d.z.s.o.a.h.client5.http.headers&amp#27;[0;39m - &amp#27;[32mhttp-outgoing-1 << Content-Type: application/json
&amp#27;[0;39m2023-05-08 13:19:05,685 [main] &amp#27;[39mDEBUG&amp#27;[0;39m &amp#27;[36mc.g.d.z.s.o.a.h.client5.http.headers&amp#27;[0;39m - &amp#27;[32mhttp-outgoing-1 << Docker-Experimental: false
&amp#27;[0;39m2023-05-08 13:19:05,685 [main] &amp#27;[39mDEBUG&amp#27;[0;39m &amp#27;[36mc.g.d.z.s.o.a.h.client5.http.headers&amp#27;[0;39m - &amp#27;[32mhttp-outgoing-1 << Ostype: linux
&amp#27;[0;39m2023-05-08 13:19:05,685 [main] &amp#27;[39mDEBUG&amp#27;[0;39m &amp#27;[36mc.g.d.z.s.o.a.h.client5.http.headers&amp#27;[0;39m - &amp#27;[32mhttp-outgoing-1 << Server: Docker/23.0.5 (linux)
&amp#27;[0;39m2023-05-08 13:19:05,685 [main] &amp#27;[39mDEBUG&amp#27;[0;39m &amp#27;[36mc.g.d.z.s.o.a.h.client5.http.headers&amp#27;[0;39m - &amp#27;[32mhttp-outgoing-1 << Date: Mon, 08 May 2023 11:19:05 GMT
&amp#27;[0;39m2023-05-08 13:19:05,685 [main] &amp#27;[39mDEBUG&amp#27;[0;39m &amp#27;[36mc.g.d.z.s.o.a.h.client5.http.headers&amp#27;[0;39m - &amp#27;[32mhttp-outgoing-1 << Transfer-Encoding: chunked
&amp#27;[0;39m2023-05-08 13:19:05,685 [main] &amp#27;[39mDEBUG&amp#27;[0;39m &amp#27;[36mc.g.d.z.s.o.a.h.c.h.i.c.MainClientExec&amp#27;[0;39m - &amp#27;[32mex-00000080: connection can be kept alive for 3 MINUTES
&amp#27;[0;39m2023-05-08 13:19:05,686 [main] &amp#27;[39mDEBUG&amp#27;[0;39m &amp#27;[36mc.g.d.z.s.o.a.h.c.h.i.c.InternalHttpClient&amp#27;[0;39m - &amp#27;[32mep-0000007F: releasing valid endpoint
&amp#27;[0;39m2023-05-08 13:19:05,686 [main] &amp#27;[39mDEBUG&amp#27;[0;39m &amp#27;[36mc.g.d.z.s.o.a.h.c.h.i.i.PoolingHttpClientConnectionManager&amp#27;[0;39m - &amp#27;[32mep-0000007F: releasing endpoint
&amp#27;[0;39m2023-05-08 13:19:05,686 [main] &amp#27;[39mDEBUG&amp#27;[0;39m &amp#27;[36mc.g.d.z.s.o.a.h.c.h.i.i.PoolingHttpClientConnectionManager&amp#27;[0;39m - &amp#27;[32mep-0000007F: connection http-outgoing-1 can be kept alive for 3 MINUTES
&amp#27;[0;39m2023-05-08 13:19:05,686 [main] &amp#27;[39mDEBUG&amp#27;[0;39m &amp#27;[36mc.g.d.z.s.o.a.h.c.h.i.i.PoolingHttpClientConnectionManager&amp#27;[0;39m - &amp#27;[32mep-0000007F: connection released [route: {}->unix://localhost:2375][total available: 1; route allocated: 1 of 2147483647; total allocated: 1 of 2147483647]
&amp#27;[0;39m2023-05-08 13:19:05,686 [main] &amp#27;[39mDEBUG&amp#27;[0;39m &amp#27;[36mtc.mysql:8.0.0&amp#27;[0;39m - &amp#27;[32mTrying to create JDBC connection using com.mysql.cj.jdbc.Driver to jdbc:mysql://localhost:32782/test?useSSL=false&allowPublicKeyRetrieval=true with properties: {password=test, user=test}
&amp#27;[0;39m2023-05-08 13:19:05,787 [main] &amp#27;[39mDEBUG&amp#27;[0;39m &amp#27;[36mo.t.s.c.g.d.c.command.AbstrDockerCmd&amp#27;[0;39m - &amp#27;[32mCmd: 0739339bbc624082fb5e41f62f4a622236ffe4974bf12b2847105b726085e02b,false
&amp#27;[0;39m2023-05-08 13:19:05,788 [main] &amp#27;[39mDEBUG&amp#27;[0;39m &amp#27;[36mo.t.s.c.g.d.c.e.InspectContainerCmdExec&amp#27;[0;39m - &amp#27;[32mGET: DefaultWebTarget{path=[/containers/0739339bbc624082fb5e41f62f4a622236ffe4974bf12b2847105b726085e02b/json], queryParams={}}
&amp#27;[0;39m2023-05-08 13:19:05,788 [main] &amp#27;[39mDEBUG&amp#27;[0;39m &amp#27;[36mc.g.d.z.s.o.a.h.c.h.i.c.InternalHttpClient&amp#27;[0;39m - &amp#27;[32mex-00000081: preparing request execution
&amp#27;[0;39m2023-05-08 13:19:05,788 [main] &amp#27;[39mDEBUG&amp#27;[0;39m &amp#27;[36mc.g.d.z.s.o.a.h.c.h.p.RequestAddCookies&amp#27;[0;39m - &amp#27;[32mCookie spec selected: strict
&amp#27;[0;39m2023-05-08 13:19:05,788 [main] &amp#27;[39mDEBUG&amp#27;[0;39m &amp#27;[36mc.g.d.z.s.o.a.h.c.h.p.RequestAuthCache&amp#27;[0;39m - &amp#27;[32mAuth cache not set in the context
&amp#27;[0;39m2023-05-08 13:19:05,788 [main] &amp#27;[39mDEBUG&amp#27;[0;39m &amp#27;[36mc.g.d.z.s.o.a.h.c.h.i.c.ProtocolExec&amp#27;[0;39m - &amp#27;[32mex-00000081: target auth state: UNCHALLENGED
&amp#27;[0;39m2023-05-08 13:19:05,788 [main] &amp#27;[39mDEBUG&amp#27;[0;39m &amp#27;[36mc.g.d.z.s.o.a.h.c.h.i.c.ProtocolExec&amp#27;[0;39m - &amp#27;[32mex-00000081: proxy auth state: UNCHALLENGED
&amp#27;[0;39m2023-05-08 13:19:05,788 [main] &amp#27;[39mDEBUG&amp#27;[0;39m &amp#27;[36mc.g.d.z.s.o.a.h.c.h.i.c.ConnectExec&amp#27;[0;39m - &amp#27;[32mex-00000081: acquiring connection with route {}->unix://localhost:2375
&amp#27;[0;39m2023-05-08 13:19:05,788 [main] &amp#27;[39mDEBUG&amp#27;[0;39m &amp#27;[36mc.g.d.z.s.o.a.h.c.h.i.c.InternalHttpClient&amp#27;[0;39m - &amp#27;[32mex-00000081: acquiring endpoint (3 MINUTES)
&amp#27;[0;39m2023-05-08 13:19:05,788 [main] &amp#27;[39mDEBUG&amp#27;[0;39m &amp#27;[36mc.g.d.z.s.o.a.h.c.h.i.i.PoolingHttpClientConnectionManager&amp#27;[0;39m - &amp#27;[32mex-00000081: endpoint lease request (3 MINUTES) [route: {}->unix://localhost:2375][total available: 1; route allocated: 1 of 2147483647; total allocated: 1 of 2147483647]
&amp#27;[0;39m2023-05-08 13:19:05,788 [main] &amp#27;[39mDEBUG&amp#27;[0;39m &amp#27;[36mc.g.d.z.s.o.a.h.c.h.i.i.PoolingHttpClientConnectionManager&amp#27;[0;39m - &amp#27;[32mex-00000081: endpoint leased [route: {}->unix://localhost:2375][total available: 0; route allocated: 1 of 2147483647; total allocated: 1 of 2147483647]
&amp#27;[0;39m2023-05-08 13:19:05,788 [main] &amp#27;[39mDEBUG&amp#27;[0;39m &amp#27;[36mc.g.d.z.s.o.a.h.c.h.i.i.PoolingHttpClientConnectionManager&amp#27;[0;39m - &amp#27;[32mex-00000081: acquired ep-00000080
&amp#27;[0;39m2023-05-08 13:19:05,788 [main] &amp#27;[39mDEBUG&amp#27;[0;39m &amp#27;[36mc.g.d.z.s.o.a.h.c.h.i.c.InternalHttpClient&amp#27;[0;39m - &amp#27;[32mex-00000081: acquired endpoint ep-00000080
&amp#27;[0;39m2023-05-08 13:19:05,788 [main] &amp#27;[39mDEBUG&amp#27;[0;39m &amp#27;[36mc.g.d.z.s.o.a.h.c.h.i.c.MainClientExec&amp#27;[0;39m - &amp#27;[32mex-00000081: executing GET /v1.32/containers/0739339bbc624082fb5e41f62f4a622236ffe4974bf12b2847105b726085e02b/json HTTP/1.1
&amp#27;[0;39m2023-05-08 13:19:05,788 [main] &amp#27;[39mDEBUG&amp#27;[0;39m &amp#27;[36mc.g.d.z.s.o.a.h.c.h.i.c.InternalHttpClient&amp#27;[0;39m - &amp#27;[32mep-00000080: start execution ex-00000081
&amp#27;[0;39m2023-05-08 13:19:05,788 [main] &amp#27;[39mDEBUG&amp#27;[0;39m &amp#27;[36mc.g.d.z.s.o.a.h.c.h.i.i.PoolingHttpClientConnectionManager&amp#27;[0;39m - &amp#27;[32mep-00000080: executing exchange ex-00000081 over http-outgoing-1
&amp#27;[0;39m2023-05-08 13:19:05,788 [main] &amp#27;[39mDEBUG&amp#27;[0;39m &amp#27;[36mc.g.d.z.s.o.a.h.client5.http.headers&amp#27;[0;39m - &amp#27;[32mhttp-outgoing-1 >> GET /v1.32/containers/0739339bbc624082fb5e41f62f4a622236ffe4974bf12b2847105b726085e02b/json HTTP/1.1
&amp#27;[0;39m2023-05-08 13:19:05,788 [main] &amp#27;[39mDEBUG&amp#27;[0;39m &amp#27;[36mc.g.d.z.s.o.a.h.client5.http.headers&amp#27;[0;39m - &amp#27;[32mhttp-outgoing-1 >> accept: application/json
&amp#27;[0;39m2023-05-08 13:19:05,788 [main] &amp#27;[39mDEBUG&amp#27;[0;39m &amp#27;[36mc.g.d.z.s.o.a.h.client5.http.headers&amp#27;[0;39m - &amp#27;[32mhttp-outgoing-1 >> x-tc-sid: f1b696c1-ec3f-4f95-afa8-081853be7ccb
&amp#27;[0;39m2023-05-08 13:19:05,788 [main] &amp#27;[39mDEBUG&amp#27;[0;39m &amp#27;[36mc.g.d.z.s.o.a.h.client5.http.headers&amp#27;[0;39m - &amp#27;[32mhttp-outgoing-1 >> Accept-Encoding: gzip, x-gzip, deflate
&amp#27;[0;39m2023-05-08 13:19:05,788 [main] &amp#27;[39mDEBUG&amp#27;[0;39m &amp#27;[36mc.g.d.z.s.o.a.h.client5.http.headers&amp#27;[0;39m - &amp#27;[32mhttp-outgoing-1 >> Host: localhost:2375
&amp#27;[0;39m2023-05-08 13:19:05,788 [main] &amp#27;[39mDEBUG&amp#27;[0;39m &amp#27;[36mc.g.d.z.s.o.a.h.client5.http.headers&amp#27;[0;39m - &amp#27;[32mhttp-outgoing-1 >> Connection: keep-alive
&amp#27;[0;39m2023-05-08 13:19:05,788 [main] &amp#27;[39mDEBUG&amp#27;[0;39m &amp#27;[36mc.g.d.z.s.o.a.h.client5.http.headers&amp#27;[0;39m - &amp#27;[32mhttp-outgoing-1 >> User-Agent: Apache-HttpClient/5.0.3 (Java/17.0.6)
&amp#27;[0;39m2023-05-08 13:19:05,788 [main] &amp#27;[39mDEBUG&amp#27;[0;39m &amp#27;[36mc.g.d.z.s.o.a.hc.client5.http.wire&amp#27;[0;39m - &amp#27;[32mhttp-outgoing-1 >> "GET /v1.32/containers/0739339bbc624082fb5e41f62f4a622236ffe4974bf12b2847105b726085e02b/json HTTP/1.1[\r][\n]"
&amp#27;[0;39m2023-05-08 13:19:05,788 [main] &amp#27;[39mDEBUG&amp#27;[0;39m &amp#27;[36mc.g.d.z.s.o.a.hc.client5.http.wire&amp#27;[0;39m - &amp#27;[32mhttp-outgoing-1 >> "accept: application/json[\r][\n]"
&amp#27;[0;39m2023-05-08 13:19:05,788 [main] &amp#27;[39mDEBUG&amp#27;[0;39m &amp#27;[36mc.g.d.z.s.o.a.hc.client5.http.wire&amp#27;[0;39m - &amp#27;[32mhttp-outgoing-1 >> "x-tc-sid: f1b696c1-ec3f-4f95-afa8-081853be7ccb[\r][\n]"
&amp#27;[0;39m2023-05-08 13:19:05,788 [main] &amp#27;[39mDEBUG&amp#27;[0;39m &amp#27;[36mc.g.d.z.s.o.a.hc.client5.http.wire&amp#27;[0;39m - &amp#27;[32mhttp-outgoing-1 >> "Accept-Encoding: gzip, x-gzip, deflate[\r][\n]"
&amp#27;[0;39m2023-05-08 13:19:05,788 [main] &amp#27;[39mDEBUG&amp#27;[0;39m &amp#27;[36mc.g.d.z.s.o.a.hc.client5.http.wire&amp#27;[0;39m - &amp#27;[32mhttp-outgoing-1 >> "Host: localhost:2375[\r][\n]"
&amp#27;[0;39m2023-05-08 13:19:05,788 [main] &amp#27;[39mDEBUG&amp#27;[0;39m &amp#27;[36mc.g.d.z.s.o.a.hc.client5.http.wire&amp#27;[0;39m - &amp#27;[32mhttp-outgoing-1 >> "Connection: keep-alive[\r][\n]"
&amp#27;[0;39m2023-05-08 13:19:05,788 [main] &amp#27;[39mDEBUG&amp#27;[0;39m &amp#27;[36mc.g.d.z.s.o.a.hc.client5.http.wire&amp#27;[0;39m - &amp#27;[32mhttp-outgoing-1 >> "User-Agent: Apache-HttpClient/5.0.3 (Java/17.0.6)[\r][\n]"
&amp#27;[0;39m2023-05-08 13:19:05,788 [main] &amp#27;[39mDEBUG&amp#27;[0;39m &amp#27;[36mc.g.d.z.s.o.a.hc.client5.http.wire&amp#27;[0;39m - &amp#27;[32mhttp-outgoing-1 >> "[\r][\n]"
&amp#27;[0;39m2023-05-08 13:19:05,789 [main] &amp#27;[39mDEBUG&amp#27;[0;39m &amp#27;[36mc.g.d.z.s.o.a.hc.client5.http.wire&amp#27;[0;39m - &amp#27;[32mhttp-outgoing-1 << "HTTP/1.1 200 OK[\r][\n]"
&amp#27;[0;39m2023-05-08 13:19:05,789 [main] &amp#27;[39mDEBUG&amp#27;[0;39m &amp#27;[36mc.g.d.z.s.o.a.hc.client5.http.wire&amp#27;[0;39m - &amp#27;[32mhttp-outgoing-1 << "Api-Version: 1.42[\r][\n]"
&amp#27;[0;39m2023-05-08 13:19:05,789 [main] &amp#27;[39mDEBUG&amp#27;[0;39m &amp#27;[36mc.g.d.z.s.o.a.hc.client5.http.wire&amp#27;[0;39m - &amp#27;[32mhttp-outgoing-1 << "Content-Type: application/json[\r][\n]"
&amp#27;[0;39m2023-05-08 13:19:05,789 [main] &amp#27;[39mDEBUG&amp#27;[0;39m &amp#27;[36mc.g.d.z.s.o.a.hc.client5.http.wire&amp#27;[0;39m - &amp#27;[32mhttp-outgoing-1 << "Docker-Experimental: false[\r][\n]"
&amp#27;[0;39m2023-05-08 13:19:05,789 [main] &amp#27;[39mDEBUG&amp#27;[0;39m &amp#27;[36mc.g.d.z.s.o.a.hc.client5.http.wire&amp#27;[0;39m - &amp#27;[32mhttp-outgoing-1 << "Ostype: linux[\r][\n]"
&amp#27;[0;39m2023-05-08 13:19:05,789 [main] &amp#27;[39mDEBUG&amp#27;[0;39m &amp#27;[36mc.g.d.z.s.o.a.hc.client5.http.wire&amp#27;[0;39m - &amp#27;[32mhttp-outgoing-1 << "Server: Docker/23.0.5 (linux)[\r][\n]"
&amp#27;[0;39m2023-05-08 13:19:05,789 [main] &amp#27;[39mDEBUG&amp#27;[0;39m &amp#27;[36mc.g.d.z.s.o.a.hc.client5.http.wire&amp#27;[0;39m - &amp#27;[32mhttp-outgoing-1 << "Date: Mon, 08 May 2023 11:19:05 GMT[\r][\n]"
&amp#27;[0;39m2023-05-08 13:19:05,789 [main] &amp#27;[39mDEBUG&amp#27;[0;39m &amp#27;[36mc.g.d.z.s.o.a.hc.client5.http.wire&amp#27;[0;39m - &amp#27;[32mhttp-outgoing-1 << "Transfer-Encoding: chunked[\r][\n]"
&amp#27;[0;39m2023-05-08 13:19:05,789 [main] &amp#27;[39mDEBUG&amp#27;[0;39m &amp#27;[36mc.g.d.z.s.o.a.hc.client5.http.wire&amp#27;[0;39m - &amp#27;[32mhttp-outgoing-1 << "[\r][\n]"
&amp#27;[0;39m2023-05-08 13:19:05,789 [main] &amp#27;[39mDEBUG&amp#27;[0;39m &amp#27;[36mc.g.d.z.s.o.a.hc.client5.http.wire&amp#27;[0;39m - &amp#27;[32mhttp-outgoing-1 << "1893[\r][\n]"
&amp#27;[0;39m2023-05-08 13:19:05,789 [main] &amp#27;[39mDEBUG&amp#27;[0;39m &amp#27;[36mc.g.d.z.s.o.a.hc.client5.http.wire&amp#27;[0;39m - &amp#27;[32mhttp-outgoing-1 << "{"Id":"0739339bbc624082fb5e41f62f4a622236ffe4974bf12b2847105b726085e02b","Created":"2023-05-08T11:19:01.771856188Z","Path":"docker-entrypoint.sh","Args":["mysqld"],"State":{"Status":"running","Running":true,"Paused":false,"Restarting":false,"OOMKilled":false,"Dead":false,"Pid":59514,"ExitCode":0,"Error":"","StartedAt":"2023-05-08T11:19:02.113674386Z","FinishedAt":"0001-01-01T00:00:00Z"},"Image":"sha256:228d71078f8ce5ae9fd96b183f88c3a90e30544b4b7ce9d64a238d05fef2a681","ResolvConfPath":"/var/lib/docker/containers/0739339bbc624082fb5e41f62f4a622236ffe4974bf12b2847105b726085e02b/resolv.conf","HostnamePath":"/var/lib/docker/containers/0739339bbc624082fb5e41f62f4a622236ffe4974bf12b2847105b726085e02b/hostname","HostsPath":"/var/lib/docker/containers/0739339bbc624082fb5e41f62f4a622236ffe4974bf12b2847105b726085e02b/hosts","LogPath":"/var/lib/docker/containers/0739339bbc624082fb5e41f62f4a622236ffe4974bf12b2847105b726085e02b/0739339bbc624082fb5e41f62f4a622236ffe4974bf12b2847105b726085e02b-json.log","Name":"/intelligent_galileo","RestartCount":0,"Driver":"overlay2","Platform":"linux","MountLabel":"","ProcessLabel":"","AppArmorProfile":"docker-default","ExecIDs":null,"HostConfig":{"Binds":[],"ContainerIDFile":"","LogConfig":{"Type":"json-file","Config":{}},"NetworkMode":"default","PortBindings":{"3306/tcp":[{"HostIp":"","HostPort":""}]},"RestartPolicy":{"Name":"","MaximumRetryCount":0},"AutoRemove":false,"VolumeDriver":"","VolumesFrom":[],"ConsoleSize":[0,0],"CapAdd":null,"CapDrop":null,"CgroupnsMode":"private","Dns":null,"DnsOptions":null,"DnsSearch":null,"ExtraHosts":[],"GroupAdd":null,"IpcMode":"shareable","Cgroup":"","Links":null,"OomScoreAdj":0,"PidMode":"","Privileged":false,"PublishAllPorts":false,"ReadonlyRootfs":false,"SecurityOpt":null,"UTSMode":"","UsernsMode":"","ShmSize":67108864,"Runtime":"runc","Isolation":"","CpuShares":0,"Memory":0,"NanoCpus":0,"CgroupParent":"","BlkioWeight":0,"BlkioWeightDevice":null,"BlkioDeviceReadBps":null,"BlkioDeviceWriteBps":null,"BlkioDeviceReadIOps":null,"BlkioDeviceWriteIOps":null,"CpuPeriod":0,"CpuQuota":0,"CpuRealtimePeriod":0,"CpuRealtimeRuntime":0,"CpusetCpus":"","CpusetMems":"","Devices":null,"DeviceCgroupRules":null,"DeviceRequests":null,"MemoryReservation":0,"MemorySwap":0,"MemorySwappiness":null,"OomKillDisable":null,"PidsLimit":null,"Ulimits":null,"CpuCount":0,"CpuPercent":0,"IOMaximumIOps":0,"IOMaximumBandwidth":0,"MaskedPaths":["/proc/asound","/proc/acpi","/proc/kcore","/proc/keys","/proc/latency_stats","/proc/timer_list","/proc/timer_stats","/proc/sched_debug","/proc/scsi","/sys/firmware"],"ReadonlyPaths":["/proc/bus","/proc/fs","/proc/irq","/proc/sys","/proc/sysrq-trigger"]},"GraphDriver":{"Data":{"LowerDir":"/var/lib/docker/overlay2/b481eee7843c17772ada1734203524b4de76785735a50d4c68703d497db0e4ed-init/diff:/var/lib/docker/overlay2/4c6e20f032f02b27a9272f982861dc21998197aa90d94ed3bef95d449380247c/diff:/var/lib/docker/overlay2/0c75f828f603eff839bb3ca448163ab2a8017e86625ac255cd3dbf1673ddac26/diff:/var/lib/docker/overlay2/da128d897fda75829109844ce6cd9d73d0f54c682e735100af000ce899908729/diff:/var/lib/docker/overlay2/b678a1f261bf323afba6d76d91ab7428bdd6e1ef4a39b5224e4a1afd08c0423a/diff:/var/lib/docker/overlay2/1bec43b14875c5f9f814f146e8e31aa78566689c2c163da2ac60a32254988437/diff:/var/lib/docker/overlay2/28f4b1e6e1a7a2dbe30f1f94fb42bccd85a61faf8af1fe30a5bb0d442c525e41/diff:/var/lib/docker/overlay2/0f493124464c291d7c97d2633d5dff04b1dce5de904cb40a34dfbe7fe72e3fd4/diff:/var/lib/docker/overlay2/05befbee9e38cd670e1786b3310e99796dcc06abbed970007b4109a5424843fa/diff:/var/lib/docker/overlay2/582bcca9acfc4eef25109e1e1b9c9d104f355798455bc73e855c99283887a6e8/diff:/var/lib/docker/overlay2/153b3bf0b69e97e8f0e5533414a31ca33fa530e63d174c9617621abe46e7e9d1/diff:/var/lib/docker/overlay2/bf87a76c0a38875ee6e915fd0d2527eafa880ec6bf2c1cb294959428c18d10bd/diff","MergedDir":"/var/lib/docker/overlay2/b481eee7843c17772ada1734203524b4de76785735a50d4c68703d497db0e4ed/merged","UpperDir":"/var/lib/docker/overlay2/b481eee7843c17772ada1734203524b4de76785735a50d4c68703d497db0e4ed/diff","WorkDir":"/var/lib/docker/overlay2/b481eee7843c17772ada1734203524b4de76785735a50d4c68703d497db0e4ed/work"},"Name":"overlay2"},"Mounts":[{"Type":"volume","Name":"ec40278114b76af7b6535b952e685e04a98a51fa16363f5e9f0df1ce601f1dd5","Source":"/var/lib/docker/volumes/ec40278114b76af7b6535b952e685e04a98a51fa16363f5e9f0df1ce601f1dd5/_data","Destination":"/var/lib/mysql","Driver":"local","Mode":"","RW":true,"Propagation":""}],"Config":{"Hostname":"0739339bbc62","Domainname":"","User":"","AttachStdin":false,"AttachStdout":false,"AttachStderr":false,"ExposedPorts":{"3306/tcp":{}},"Tty":false,"OpenStdin":false,"StdinOnce":false,"Env":["MYSQL_DATABASE=test","MYSQL_PASSWORD=test","MYSQL_USER=test","MYSQL_ROOT_PASSWORD=test","PATH=/usr/local/sbin:/usr/local/bin:/usr/sbin:/usr/bin:/sbin:/bin","GOSU_VERSION=1.7","MYSQL_MAJOR=8.0","MYSQL_VERSION=8.0.0-dmr-1debian8"],"Cmd":["mysqld"],"Image":"mysql:8.0.0","Volumes":{"/var/lib/mysql":{}},"WorkingDir":"","Entrypoint":["docker-entrypoint.sh"],"OnBuild":null,"Labels":{"org.testcontainers":"true","org.testcontainers.lang":"java","org.testcontainers.sessionId":"f1b696c1-ec3f-4f95-afa8-081853be7ccb","org.testcontainers.version":"1.18.0"}},"NetworkSettings":{"Bridge":"","SandboxID":"d265e68e2afe307f1ab03fab083f2c0477cba31e9f26759f52b94e045d1847fb","HairpinMode":false,"LinkLocalIPv6Address":"","LinkLocalIPv6PrefixLen":0,"Ports":{"3306/tcp":[{"HostIp":"0.0.0.0","HostPort":"32782"},{"HostIp":"::","HostPort":"32782"}]},"SandboxKey":"/var/run/docker/netns/d265e68e2afe","SecondaryIPAddresses":null,"SecondaryIPv6Addresses":null,"EndpointID":"97b4c81a7665dcad3863174204db678dde492e2a2b2f11f6ef1c683b5d76146b","Gateway":"172.17.0.1","GlobalIPv6Address":"","GlobalIPv6PrefixLen":0,"IPAddress":"172.17.0.3","IPPrefixLen":16,"IPv6Gateway":"","MacAddress":"02:42:ac:11:00:03","Networks":{"bridge":{"IPAMConfig":null,"Links":null,"Aliases":null,"NetworkID":"e1a078e12eb8d77b497ed932f7fb43787eeb6ff6972febd7d03c9282b8b5cd45","EndpointID":"97b4c81a7665dcad3863174204db678dde492e2a2b2f11f6ef1c683b5d76146b","Gateway":"172.17.0.1","IPAddress":"172.17.0.3","IPPrefixLen":16,"IPv6Gateway":"","GlobalIPv6Address":"","GlobalIPv6PrefixLen":0,"MacAddress":"02:42:ac:11:00:03","DriverOpts":null}}}}[\n]"
&amp#27;[0;39m2023-05-08 13:19:05,789 [main] &amp#27;[39mDEBUG&amp#27;[0;39m &amp#27;[36mc.g.d.z.s.o.a.hc.client5.http.wire&amp#27;[0;39m - &amp#27;[32mhttp-outgoing-1 << "[\r][\n]"
&amp#27;[0;39m2023-05-08 13:19:05,789 [main] &amp#27;[39mDEBUG&amp#27;[0;39m &amp#27;[36mc.g.d.z.s.o.a.hc.client5.http.wire&amp#27;[0;39m - &amp#27;[32mhttp-outgoing-1 << "0[\r][\n]"
&amp#27;[0;39m2023-05-08 13:19:05,789 [main] &amp#27;[39mDEBUG&amp#27;[0;39m &amp#27;[36mc.g.d.z.s.o.a.hc.client5.http.wire&amp#27;[0;39m - &amp#27;[32mhttp-outgoing-1 << "[\r][\n]"
&amp#27;[0;39m2023-05-08 13:19:05,789 [main] &amp#27;[39mDEBUG&amp#27;[0;39m &amp#27;[36mc.g.d.z.s.o.a.h.client5.http.headers&amp#27;[0;39m - &amp#27;[32mhttp-outgoing-1 << HTTP/1.1 200 OK
&amp#27;[0;39m2023-05-08 13:19:05,789 [main] &amp#27;[39mDEBUG&amp#27;[0;39m &amp#27;[36mc.g.d.z.s.o.a.h.client5.http.headers&amp#27;[0;39m - &amp#27;[32mhttp-outgoing-1 << Api-Version: 1.42
&amp#27;[0;39m2023-05-08 13:19:05,789 [main] &amp#27;[39mDEBUG&amp#27;[0;39m &amp#27;[36mc.g.d.z.s.o.a.h.client5.http.headers&amp#27;[0;39m - &amp#27;[32mhttp-outgoing-1 << Content-Type: application/json
&amp#27;[0;39m2023-05-08 13:19:05,789 [main] &amp#27;[39mDEBUG&amp#27;[0;39m &amp#27;[36mc.g.d.z.s.o.a.h.client5.http.headers&amp#27;[0;39m - &amp#27;[32mhttp-outgoing-1 << Docker-Experimental: false
&amp#27;[0;39m2023-05-08 13:19:05,789 [main] &amp#27;[39mDEBUG&amp#27;[0;39m &amp#27;[36mc.g.d.z.s.o.a.h.client5.http.headers&amp#27;[0;39m - &amp#27;[32mhttp-outgoing-1 << Ostype: linux
&amp#27;[0;39m2023-05-08 13:19:05,789 [main] &amp#27;[39mDEBUG&amp#27;[0;39m &amp#27;[36mc.g.d.z.s.o.a.h.client5.http.headers&amp#27;[0;39m - &amp#27;[32mhttp-outgoing-1 << Server: Docker/23.0.5 (linux)
&amp#27;[0;39m2023-05-08 13:19:05,789 [main] &amp#27;[39mDEBUG&amp#27;[0;39m &amp#27;[36mc.g.d.z.s.o.a.h.client5.http.headers&amp#27;[0;39m - &amp#27;[32mhttp-outgoing-1 << Date: Mon, 08 May 2023 11:19:05 GMT
&amp#27;[0;39m2023-05-08 13:19:05,789 [main] &amp#27;[39mDEBUG&amp#27;[0;39m &amp#27;[36mc.g.d.z.s.o.a.h.client5.http.headers&amp#27;[0;39m - &amp#27;[32mhttp-outgoing-1 << Transfer-Encoding: chunked
&amp#27;[0;39m2023-05-08 13:19:05,789 [main] &amp#27;[39mDEBUG&amp#27;[0;39m &amp#27;[36mc.g.d.z.s.o.a.h.c.h.i.c.MainClientExec&amp#27;[0;39m - &amp#27;[32mex-00000081: connection can be kept alive for 3 MINUTES
&amp#27;[0;39m2023-05-08 13:19:05,790 [main] &amp#27;[39mDEBUG&amp#27;[0;39m &amp#27;[36mc.g.d.z.s.o.a.h.c.h.i.c.InternalHttpClient&amp#27;[0;39m - &amp#27;[32mep-00000080: releasing valid endpoint
&amp#27;[0;39m2023-05-08 13:19:05,790 [main] &amp#27;[39mDEBUG&amp#27;[0;39m &amp#27;[36mc.g.d.z.s.o.a.h.c.h.i.i.PoolingHttpClientConnectionManager&amp#27;[0;39m - &amp#27;[32mep-00000080: releasing endpoint
&amp#27;[0;39m2023-05-08 13:19:05,790 [main] &amp#27;[39mDEBUG&amp#27;[0;39m &amp#27;[36mc.g.d.z.s.o.a.h.c.h.i.i.PoolingHttpClientConnectionManager&amp#27;[0;39m - &amp#27;[32mep-00000080: connection http-outgoing-1 can be kept alive for 3 MINUTES
&amp#27;[0;39m2023-05-08 13:19:05,790 [main] &amp#27;[39mDEBUG&amp#27;[0;39m &amp#27;[36mc.g.d.z.s.o.a.h.c.h.i.i.PoolingHttpClientConnectionManager&amp#27;[0;39m - &amp#27;[32mep-00000080: connection released [route: {}->unix://localhost:2375][total available: 1; route allocated: 1 of 2147483647; total allocated: 1 of 2147483647]
&amp#27;[0;39m2023-05-08 13:19:05,790 [main] &amp#27;[39mDEBUG&amp#27;[0;39m &amp#27;[36mtc.mysql:8.0.0&amp#27;[0;39m - &amp#27;[32mTrying to create JDBC connection using com.mysql.cj.jdbc.Driver to jdbc:mysql://localhost:32782/test?useSSL=false&allowPublicKeyRetrieval=true with properties: {password=test, user=test}
&amp#27;[0;39m2023-05-08 13:19:05,891 [main] &amp#27;[39mDEBUG&amp#27;[0;39m &amp#27;[36mo.t.s.c.g.d.c.command.AbstrDockerCmd&amp#27;[0;39m - &amp#27;[32mCmd: 0739339bbc624082fb5e41f62f4a622236ffe4974bf12b2847105b726085e02b,false
&amp#27;[0;39m2023-05-08 13:19:05,891 [main] &amp#27;[39mDEBUG&amp#27;[0;39m &amp#27;[36mo.t.s.c.g.d.c.e.InspectContainerCmdExec&amp#27;[0;39m - &amp#27;[32mGET: DefaultWebTarget{path=[/containers/0739339bbc624082fb5e41f62f4a622236ffe4974bf12b2847105b726085e02b/json], queryParams={}}
&amp#27;[0;39m2023-05-08 13:19:05,892 [main] &amp#27;[39mDEBUG&amp#27;[0;39m &amp#27;[36mc.g.d.z.s.o.a.h.c.h.i.c.InternalHttpClient&amp#27;[0;39m - &amp#27;[32mex-00000082: preparing request execution
&amp#27;[0;39m2023-05-08 13:19:05,892 [main] &amp#27;[39mDEBUG&amp#27;[0;39m &amp#27;[36mc.g.d.z.s.o.a.h.c.h.p.RequestAddCookies&amp#27;[0;39m - &amp#27;[32mCookie spec selected: strict
&amp#27;[0;39m2023-05-08 13:19:05,892 [main] &amp#27;[39mDEBUG&amp#27;[0;39m &amp#27;[36mc.g.d.z.s.o.a.h.c.h.p.RequestAuthCache&amp#27;[0;39m - &amp#27;[32mAuth cache not set in the context
&amp#27;[0;39m2023-05-08 13:19:05,892 [main] &amp#27;[39mDEBUG&amp#27;[0;39m &amp#27;[36mc.g.d.z.s.o.a.h.c.h.i.c.ProtocolExec&amp#27;[0;39m - &amp#27;[32mex-00000082: target auth state: UNCHALLENGED
&amp#27;[0;39m2023-05-08 13:19:05,892 [main] &amp#27;[39mDEBUG&amp#27;[0;39m &amp#27;[36mc.g.d.z.s.o.a.h.c.h.i.c.ProtocolExec&amp#27;[0;39m - &amp#27;[32mex-00000082: proxy auth state: UNCHALLENGED
&amp#27;[0;39m2023-05-08 13:19:05,892 [main] &amp#27;[39mDEBUG&amp#27;[0;39m &amp#27;[36mc.g.d.z.s.o.a.h.c.h.i.c.ConnectExec&amp#27;[0;39m - &amp#27;[32mex-00000082: acquiring connection with route {}->unix://localhost:2375
&amp#27;[0;39m2023-05-08 13:19:05,892 [main] &amp#27;[39mDEBUG&amp#27;[0;39m &amp#27;[36mc.g.d.z.s.o.a.h.c.h.i.c.InternalHttpClient&amp#27;[0;39m - &amp#27;[32mex-00000082: acquiring endpoint (3 MINUTES)
&amp#27;[0;39m2023-05-08 13:19:05,892 [main] &amp#27;[39mDEBUG&amp#27;[0;39m &amp#27;[36mc.g.d.z.s.o.a.h.c.h.i.i.PoolingHttpClientConnectionManager&amp#27;[0;39m - &amp#27;[32mex-00000082: endpoint lease request (3 MINUTES) [route: {}->unix://localhost:2375][total available: 1; route allocated: 1 of 2147483647; total allocated: 1 of 2147483647]
&amp#27;[0;39m2023-05-08 13:19:05,892 [main] &amp#27;[39mDEBUG&amp#27;[0;39m &amp#27;[36mc.g.d.z.s.o.a.h.c.h.i.i.PoolingHttpClientConnectionManager&amp#27;[0;39m - &amp#27;[32mex-00000082: endpoint leased [route: {}->unix://localhost:2375][total available: 0; route allocated: 1 of 2147483647; total allocated: 1 of 2147483647]
&amp#27;[0;39m2023-05-08 13:19:05,892 [main] &amp#27;[39mDEBUG&amp#27;[0;39m &amp#27;[36mc.g.d.z.s.o.a.h.c.h.i.i.PoolingHttpClientConnectionManager&amp#27;[0;39m - &amp#27;[32mex-00000082: acquired ep-00000081
&amp#27;[0;39m2023-05-08 13:19:05,892 [main] &amp#27;[39mDEBUG&amp#27;[0;39m &amp#27;[36mc.g.d.z.s.o.a.h.c.h.i.c.InternalHttpClient&amp#27;[0;39m - &amp#27;[32mex-00000082: acquired endpoint ep-00000081
&amp#27;[0;39m2023-05-08 13:19:05,892 [main] &amp#27;[39mDEBUG&amp#27;[0;39m &amp#27;[36mc.g.d.z.s.o.a.h.c.h.i.c.MainClientExec&amp#27;[0;39m - &amp#27;[32mex-00000082: executing GET /v1.32/containers/0739339bbc624082fb5e41f62f4a622236ffe4974bf12b2847105b726085e02b/json HTTP/1.1
&amp#27;[0;39m2023-05-08 13:19:05,892 [main] &amp#27;[39mDEBUG&amp#27;[0;39m &amp#27;[36mc.g.d.z.s.o.a.h.c.h.i.c.InternalHttpClient&amp#27;[0;39m - &amp#27;[32mep-00000081: start execution ex-00000082
&amp#27;[0;39m2023-05-08 13:19:05,892 [main] &amp#27;[39mDEBUG&amp#27;[0;39m &amp#27;[36mc.g.d.z.s.o.a.h.c.h.i.i.PoolingHttpClientConnectionManager&amp#27;[0;39m - &amp#27;[32mep-00000081: executing exchange ex-00000082 over http-outgoing-1
&amp#27;[0;39m2023-05-08 13:19:05,892 [main] &amp#27;[39mDEBUG&amp#27;[0;39m &amp#27;[36mc.g.d.z.s.o.a.h.client5.http.headers&amp#27;[0;39m - &amp#27;[32mhttp-outgoing-1 >> GET /v1.32/containers/0739339bbc624082fb5e41f62f4a622236ffe4974bf12b2847105b726085e02b/json HTTP/1.1
&amp#27;[0;39m2023-05-08 13:19:05,892 [main] &amp#27;[39mDEBUG&amp#27;[0;39m &amp#27;[36mc.g.d.z.s.o.a.h.client5.http.headers&amp#27;[0;39m - &amp#27;[32mhttp-outgoing-1 >> accept: application/json
&amp#27;[0;39m2023-05-08 13:19:05,892 [main] &amp#27;[39mDEBUG&amp#27;[0;39m &amp#27;[36mc.g.d.z.s.o.a.h.client5.http.headers&amp#27;[0;39m - &amp#27;[32mhttp-outgoing-1 >> x-tc-sid: f1b696c1-ec3f-4f95-afa8-081853be7ccb
&amp#27;[0;39m2023-05-08 13:19:05,892 [main] &amp#27;[39mDEBUG&amp#27;[0;39m &amp#27;[36mc.g.d.z.s.o.a.h.client5.http.headers&amp#27;[0;39m - &amp#27;[32mhttp-outgoing-1 >> Accept-Encoding: gzip, x-gzip, deflate
&amp#27;[0;39m2023-05-08 13:19:05,892 [main] &amp#27;[39mDEBUG&amp#27;[0;39m &amp#27;[36mc.g.d.z.s.o.a.h.client5.http.headers&amp#27;[0;39m - &amp#27;[32mhttp-outgoing-1 >> Host: localhost:2375
&amp#27;[0;39m2023-05-08 13:19:05,892 [main] &amp#27;[39mDEBUG&amp#27;[0;39m &amp#27;[36mc.g.d.z.s.o.a.h.client5.http.headers&amp#27;[0;39m - &amp#27;[32mhttp-outgoing-1 >> Connection: keep-alive
&amp#27;[0;39m2023-05-08 13:19:05,892 [main] &amp#27;[39mDEBUG&amp#27;[0;39m &amp#27;[36mc.g.d.z.s.o.a.h.client5.http.headers&amp#27;[0;39m - &amp#27;[32mhttp-outgoing-1 >> User-Agent: Apache-HttpClient/5.0.3 (Java/17.0.6)
&amp#27;[0;39m2023-05-08 13:19:05,892 [main] &amp#27;[39mDEBUG&amp#27;[0;39m &amp#27;[36mc.g.d.z.s.o.a.hc.client5.http.wire&amp#27;[0;39m - &amp#27;[32mhttp-outgoing-1 >> "GET /v1.32/containers/0739339bbc624082fb5e41f62f4a622236ffe4974bf12b2847105b726085e02b/json HTTP/1.1[\r][\n]"
&amp#27;[0;39m2023-05-08 13:19:05,892 [main] &amp#27;[39mDEBUG&amp#27;[0;39m &amp#27;[36mc.g.d.z.s.o.a.hc.client5.http.wire&amp#27;[0;39m - &amp#27;[32mhttp-outgoing-1 >> "accept: application/json[\r][\n]"
&amp#27;[0;39m2023-05-08 13:19:05,892 [main] &amp#27;[39mDEBUG&amp#27;[0;39m &amp#27;[36mc.g.d.z.s.o.a.hc.client5.http.wire&amp#27;[0;39m - &amp#27;[32mhttp-outgoing-1 >> "x-tc-sid: f1b696c1-ec3f-4f95-afa8-081853be7ccb[\r][\n]"
&amp#27;[0;39m2023-05-08 13:19:05,892 [main] &amp#27;[39mDEBUG&amp#27;[0;39m &amp#27;[36mc.g.d.z.s.o.a.hc.client5.http.wire&amp#27;[0;39m - &amp#27;[32mhttp-outgoing-1 >> "Accept-Encoding: gzip, x-gzip, deflate[\r][\n]"
&amp#27;[0;39m2023-05-08 13:19:05,892 [main] &amp#27;[39mDEBUG&amp#27;[0;39m &amp#27;[36mc.g.d.z.s.o.a.hc.client5.http.wire&amp#27;[0;39m - &amp#27;[32mhttp-outgoing-1 >> "Host: localhost:2375[\r][\n]"
&amp#27;[0;39m2023-05-08 13:19:05,892 [main] &amp#27;[39mDEBUG&amp#27;[0;39m &amp#27;[36mc.g.d.z.s.o.a.hc.client5.http.wire&amp#27;[0;39m - &amp#27;[32mhttp-outgoing-1 >> "Connection: keep-alive[\r][\n]"
&amp#27;[0;39m2023-05-08 13:19:05,892 [main] &amp#27;[39mDEBUG&amp#27;[0;39m &amp#27;[36mc.g.d.z.s.o.a.hc.client5.http.wire&amp#27;[0;39m - &amp#27;[32mhttp-outgoing-1 >> "User-Agent: Apache-HttpClient/5.0.3 (Java/17.0.6)[\r][\n]"
&amp#27;[0;39m2023-05-08 13:19:05,892 [main] &amp#27;[39mDEBUG&amp#27;[0;39m &amp#27;[36mc.g.d.z.s.o.a.hc.client5.http.wire&amp#27;[0;39m - &amp#27;[32mhttp-outgoing-1 >> "[\r][\n]"
&amp#27;[0;39m2023-05-08 13:19:05,893 [main] &amp#27;[39mDEBUG&amp#27;[0;39m &amp#27;[36mc.g.d.z.s.o.a.hc.client5.http.wire&amp#27;[0;39m - &amp#27;[32mhttp-outgoing-1 << "HTTP/1.1 200 OK[\r][\n]"
&amp#27;[0;39m2023-05-08 13:19:05,893 [main] &amp#27;[39mDEBUG&amp#27;[0;39m &amp#27;[36mc.g.d.z.s.o.a.hc.client5.http.wire&amp#27;[0;39m - &amp#27;[32mhttp-outgoing-1 << "Api-Version: 1.42[\r][\n]"
&amp#27;[0;39m2023-05-08 13:19:05,893 [main] &amp#27;[39mDEBUG&amp#27;[0;39m &amp#27;[36mc.g.d.z.s.o.a.hc.client5.http.wire&amp#27;[0;39m - &amp#27;[32mhttp-outgoing-1 << "Content-Type: application/json[\r][\n]"
&amp#27;[0;39m2023-05-08 13:19:05,893 [main] &amp#27;[39mDEBUG&amp#27;[0;39m &amp#27;[36mc.g.d.z.s.o.a.hc.client5.http.wire&amp#27;[0;39m - &amp#27;[32mhttp-outgoing-1 << "Docker-Experimental: false[\r][\n]"
&amp#27;[0;39m2023-05-08 13:19:05,893 [main] &amp#27;[39mDEBUG&amp#27;[0;39m &amp#27;[36mc.g.d.z.s.o.a.hc.client5.http.wire&amp#27;[0;39m - &amp#27;[32mhttp-outgoing-1 << "Ostype: linux[\r][\n]"
&amp#27;[0;39m2023-05-08 13:19:05,893 [main] &amp#27;[39mDEBUG&amp#27;[0;39m &amp#27;[36mc.g.d.z.s.o.a.hc.client5.http.wire&amp#27;[0;39m - &amp#27;[32mhttp-outgoing-1 << "Server: Docker/23.0.5 (linux)[\r][\n]"
&amp#27;[0;39m2023-05-08 13:19:05,893 [main] &amp#27;[39mDEBUG&amp#27;[0;39m &amp#27;[36mc.g.d.z.s.o.a.hc.client5.http.wire&amp#27;[0;39m - &amp#27;[32mhttp-outgoing-1 << "Date: Mon, 08 May 2023 11:19:05 GMT[\r][\n]"
&amp#27;[0;39m2023-05-08 13:19:05,893 [main] &amp#27;[39mDEBUG&amp#27;[0;39m &amp#27;[36mc.g.d.z.s.o.a.hc.client5.http.wire&amp#27;[0;39m - &amp#27;[32mhttp-outgoing-1 << "Transfer-Encoding: chunked[\r][\n]"
&amp#27;[0;39m2023-05-08 13:19:05,893 [main] &amp#27;[39mDEBUG&amp#27;[0;39m &amp#27;[36mc.g.d.z.s.o.a.hc.client5.http.wire&amp#27;[0;39m - &amp#27;[32mhttp-outgoing-1 << "[\r][\n]"
&amp#27;[0;39m2023-05-08 13:19:05,893 [main] &amp#27;[39mDEBUG&amp#27;[0;39m &amp#27;[36mc.g.d.z.s.o.a.hc.client5.http.wire&amp#27;[0;39m - &amp#27;[32mhttp-outgoing-1 << "1893[\r][\n]"
&amp#27;[0;39m2023-05-08 13:19:05,893 [main] &amp#27;[39mDEBUG&amp#27;[0;39m &amp#27;[36mc.g.d.z.s.o.a.hc.client5.http.wire&amp#27;[0;39m - &amp#27;[32mhttp-outgoing-1 << "{"Id":"0739339bbc624082fb5e41f62f4a622236ffe4974bf12b2847105b726085e02b","Created":"2023-05-08T11:19:01.771856188Z","Path":"docker-entrypoint.sh","Args":["mysqld"],"State":{"Status":"running","Running":true,"Paused":false,"Restarting":false,"OOMKilled":false,"Dead":false,"Pid":59514,"ExitCode":0,"Error":"","StartedAt":"2023-05-08T11:19:02.113674386Z","FinishedAt":"0001-01-01T00:00:00Z"},"Image":"sha256:228d71078f8ce5ae9fd96b183f88c3a90e30544b4b7ce9d64a238d05fef2a681","ResolvConfPath":"/var/lib/docker/containers/0739339bbc624082fb5e41f62f4a622236ffe4974bf12b2847105b726085e02b/resolv.conf","HostnamePath":"/var/lib/docker/containers/0739339bbc624082fb5e41f62f4a622236ffe4974bf12b2847105b726085e02b/hostname","HostsPath":"/var/lib/docker/containers/0739339bbc624082fb5e41f62f4a622236ffe4974bf12b2847105b726085e02b/hosts","LogPath":"/var/lib/docker/containers/0739339bbc624082fb5e41f62f4a622236ffe4974bf12b2847105b726085e02b/0739339bbc624082fb5e41f62f4a622236ffe4974bf12b2847105b726085e02b-json.log","Name":"/intelligent_galileo","RestartCount":0,"Driver":"overlay2","Platform":"linux","MountLabel":"","ProcessLabel":"","AppArmorProfile":"docker-default","ExecIDs":null,"HostConfig":{"Binds":[],"ContainerIDFile":"","LogConfig":{"Type":"json-file","Config":{}},"NetworkMode":"default","PortBindings":{"3306/tcp":[{"HostIp":"","HostPort":""}]},"RestartPolicy":{"Name":"","MaximumRetryCount":0},"AutoRemove":false,"VolumeDriver":"","VolumesFrom":[],"ConsoleSize":[0,0],"CapAdd":null,"CapDrop":null,"CgroupnsMode":"private","Dns":null,"DnsOptions":null,"DnsSearch":null,"ExtraHosts":[],"GroupAdd":null,"IpcMode":"shareable","Cgroup":"","Links":null,"OomScoreAdj":0,"PidMode":"","Privileged":false,"PublishAllPorts":false,"ReadonlyRootfs":false,"SecurityOpt":null,"UTSMode":"","UsernsMode":"","ShmSize":67108864,"Runtime":"runc","Isolation":"","CpuShares":0,"Memory":0,"NanoCpus":0,"CgroupParent":"","BlkioWeight":0,"BlkioWeightDevice":null,"BlkioDeviceReadBps":null,"BlkioDeviceWriteBps":null,"BlkioDeviceReadIOps":null,"BlkioDeviceWriteIOps":null,"CpuPeriod":0,"CpuQuota":0,"CpuRealtimePeriod":0,"CpuRealtimeRuntime":0,"CpusetCpus":"","CpusetMems":"","Devices":null,"DeviceCgroupRules":null,"DeviceRequests":null,"MemoryReservation":0,"MemorySwap":0,"MemorySwappiness":null,"OomKillDisable":null,"PidsLimit":null,"Ulimits":null,"CpuCount":0,"CpuPercent":0,"IOMaximumIOps":0,"IOMaximumBandwidth":0,"MaskedPaths":["/proc/asound","/proc/acpi","/proc/kcore","/proc/keys","/proc/latency_stats","/proc/timer_list","/proc/timer_stats","/proc/sched_debug","/proc/scsi","/sys/firmware"],"ReadonlyPaths":["/proc/bus","/proc/fs","/proc/irq","/proc/sys","/proc/sysrq-trigger"]},"GraphDriver":{"Data":{"LowerDir":"/var/lib/docker/overlay2/b481eee7843c17772ada1734203524b4de76785735a50d4c68703d497db0e4ed-init/diff:/var/lib/docker/overlay2/4c6e20f032f02b27a9272f982861dc21998197aa90d94ed3bef95d449380247c/diff:/var/lib/docker/overlay2/0c75f828f603eff839bb3ca448163ab2a8017e86625ac255cd3dbf1673ddac26/diff:/var/lib/docker/overlay2/da128d897fda75829109844ce6cd9d73d0f54c682e735100af000ce899908729/diff:/var/lib/docker/overlay2/b678a1f261bf323afba6d76d91ab7428bdd6e1ef4a39b5224e4a1afd08c0423a/diff:/var/lib/docker/overlay2/1bec43b14875c5f9f814f146e8e31aa78566689c2c163da2ac60a32254988437/diff:/var/lib/docker/overlay2/28f4b1e6e1a7a2dbe30f1f94fb42bccd85a61faf8af1fe30a5bb0d442c525e41/diff:/var/lib/docker/overlay2/0f493124464c291d7c97d2633d5dff04b1dce5de904cb40a34dfbe7fe72e3fd4/diff:/var/lib/docker/overlay2/05befbee9e38cd670e1786b3310e99796dcc06abbed970007b4109a5424843fa/diff:/var/lib/docker/overlay2/582bcca9acfc4eef25109e1e1b9c9d104f355798455bc73e855c99283887a6e8/diff:/var/lib/docker/overlay2/153b3bf0b69e97e8f0e5533414a31ca33fa530e63d174c9617621abe46e7e9d1/diff:/var/lib/docker/overlay2/bf87a76c0a38875ee6e915fd0d2527eafa880ec6bf2c1cb294959428c18d10bd/diff","MergedDir":"/var/lib/docker/overlay2/b481eee7843c17772ada1734203524b4de76785735a50d4c68703d497db0e4ed/merged","UpperDir":"/var/lib/docker/overlay2/b481eee7843c17772ada1734203524b4de76785735a50d4c68703d497db0e4ed/diff","WorkDir":"/var/lib/docker/overlay2/b481eee7843c17772ada1734203524b4de76785735a50d4c68703d497db0e4ed/work"},"Name":"overlay2"},"Mounts":[{"Type":"volume","Name":"ec40278114b76af7b6535b952e685e04a98a51fa16363f5e9f0df1ce601f1dd5","Source":"/var/lib/docker/volumes/ec40278114b76af7b6535b952e685e04a98a51fa16363f5e9f0df1ce601f1dd5/_data","Destination":"/var/lib/mysql","Driver":"local","Mode":"","RW":true,"Propagation":""}],"Config":{"Hostname":"0739339bbc62","Domainname":"","User":"","AttachStdin":false,"AttachStdout":false,"AttachStderr":false,"ExposedPorts":{"3306/tcp":{}},"Tty":false,"OpenStdin":false,"StdinOnce":false,"Env":["MYSQL_DATABASE=test","MYSQL_PASSWORD=test","MYSQL_USER=test","MYSQL_ROOT_PASSWORD=test","PATH=/usr/local/sbin:/usr/local/bin:/usr/sbin:/usr/bin:/sbin:/bin","GOSU_VERSION=1.7","MYSQL_MAJOR=8.0","MYSQL_VERSION=8.0.0-dmr-1debian8"],"Cmd":["mysqld"],"Image":"mysql:8.0.0","Volumes":{"/var/lib/mysql":{}},"WorkingDir":"","Entrypoint":["docker-entrypoint.sh"],"OnBuild":null,"Labels":{"org.testcontainers":"true","org.testcontainers.lang":"java","org.testcontainers.sessionId":"f1b696c1-ec3f-4f95-afa8-081853be7ccb","org.testcontainers.version":"1.18.0"}},"NetworkSettings":{"Bridge":"","SandboxID":"d265e68e2afe307f1ab03fab083f2c0477cba31e9f26759f52b94e045d1847fb","HairpinMode":false,"LinkLocalIPv6Address":"","LinkLocalIPv6PrefixLen":0,"Ports":{"3306/tcp":[{"HostIp":"0.0.0.0","HostPort":"32782"},{"HostIp":"::","HostPort":"32782"}]},"SandboxKey":"/var/run/docker/netns/d265e68e2afe","SecondaryIPAddresses":null,"SecondaryIPv6Addresses":null,"EndpointID":"97b4c81a7665dcad3863174204db678dde492e2a2b2f11f6ef1c683b5d76146b","Gateway":"172.17.0.1","GlobalIPv6Address":"","GlobalIPv6PrefixLen":0,"IPAddress":"172.17.0.3","IPPrefixLen":16,"IPv6Gateway":"","MacAddress":"02:42:ac:11:00:03","Networks":{"bridge":{"IPAMConfig":null,"Links":null,"Aliases":null,"NetworkID":"e1a078e12eb8d77b497ed932f7fb43787eeb6ff6972febd7d03c9282b8b5cd45","EndpointID":"97b4c81a7665dcad3863174204db678dde492e2a2b2f11f6ef1c683b5d76146b","Gateway":"172.17.0.1","IPAddress":"172.17.0.3","IPPrefixLen":16,"IPv6Gateway":"","GlobalIPv6Address":"","GlobalIPv6PrefixLen":0,"MacAddress":"02:42:ac:11:00:03","DriverOpts":null}}}}[\n]"
&amp#27;[0;39m2023-05-08 13:19:05,893 [main] &amp#27;[39mDEBUG&amp#27;[0;39m &amp#27;[36mc.g.d.z.s.o.a.hc.client5.http.wire&amp#27;[0;39m - &amp#27;[32mhttp-outgoing-1 << "[\r][\n]"
&amp#27;[0;39m2023-05-08 13:19:05,893 [main] &amp#27;[39mDEBUG&amp#27;[0;39m &amp#27;[36mc.g.d.z.s.o.a.hc.client5.http.wire&amp#27;[0;39m - &amp#27;[32mhttp-outgoing-1 << "0[\r][\n]"
&amp#27;[0;39m2023-05-08 13:19:05,893 [main] &amp#27;[39mDEBUG&amp#27;[0;39m &amp#27;[36mc.g.d.z.s.o.a.hc.client5.http.wire&amp#27;[0;39m - &amp#27;[32mhttp-outgoing-1 << "[\r][\n]"
&amp#27;[0;39m2023-05-08 13:19:05,893 [main] &amp#27;[39mDEBUG&amp#27;[0;39m &amp#27;[36mc.g.d.z.s.o.a.h.client5.http.headers&amp#27;[0;39m - &amp#27;[32mhttp-outgoing-1 << HTTP/1.1 200 OK
&amp#27;[0;39m2023-05-08 13:19:05,893 [main] &amp#27;[39mDEBUG&amp#27;[0;39m &amp#27;[36mc.g.d.z.s.o.a.h.client5.http.headers&amp#27;[0;39m - &amp#27;[32mhttp-outgoing-1 << Api-Version: 1.42
&amp#27;[0;39m2023-05-08 13:19:05,893 [main] &amp#27;[39mDEBUG&amp#27;[0;39m &amp#27;[36mc.g.d.z.s.o.a.h.client5.http.headers&amp#27;[0;39m - &amp#27;[32mhttp-outgoing-1 << Content-Type: application/json
&amp#27;[0;39m2023-05-08 13:19:05,893 [main] &amp#27;[39mDEBUG&amp#27;[0;39m &amp#27;[36mc.g.d.z.s.o.a.h.client5.http.headers&amp#27;[0;39m - &amp#27;[32mhttp-outgoing-1 << Docker-Experimental: false
&amp#27;[0;39m2023-05-08 13:19:05,893 [main] &amp#27;[39mDEBUG&amp#27;[0;39m &amp#27;[36mc.g.d.z.s.o.a.h.client5.http.headers&amp#27;[0;39m - &amp#27;[32mhttp-outgoing-1 << Ostype: linux
&amp#27;[0;39m2023-05-08 13:19:05,893 [main] &amp#27;[39mDEBUG&amp#27;[0;39m &amp#27;[36mc.g.d.z.s.o.a.h.client5.http.headers&amp#27;[0;39m - &amp#27;[32mhttp-outgoing-1 << Server: Docker/23.0.5 (linux)
&amp#27;[0;39m2023-05-08 13:19:05,893 [main] &amp#27;[39mDEBUG&amp#27;[0;39m &amp#27;[36mc.g.d.z.s.o.a.h.client5.http.headers&amp#27;[0;39m - &amp#27;[32mhttp-outgoing-1 << Date: Mon, 08 May 2023 11:19:05 GMT
&amp#27;[0;39m2023-05-08 13:19:05,893 [main] &amp#27;[39mDEBUG&amp#27;[0;39m &amp#27;[36mc.g.d.z.s.o.a.h.client5.http.headers&amp#27;[0;39m - &amp#27;[32mhttp-outgoing-1 << Transfer-Encoding: chunked
&amp#27;[0;39m2023-05-08 13:19:05,893 [main] &amp#27;[39mDEBUG&amp#27;[0;39m &amp#27;[36mc.g.d.z.s.o.a.h.c.h.i.c.MainClientExec&amp#27;[0;39m - &amp#27;[32mex-00000082: connection can be kept alive for 3 MINUTES
&amp#27;[0;39m2023-05-08 13:19:05,893 [main] &amp#27;[39mDEBUG&amp#27;[0;39m &amp#27;[36mc.g.d.z.s.o.a.h.c.h.i.c.InternalHttpClient&amp#27;[0;39m - &amp#27;[32mep-00000081: releasing valid endpoint
&amp#27;[0;39m2023-05-08 13:19:05,893 [main] &amp#27;[39mDEBUG&amp#27;[0;39m &amp#27;[36mc.g.d.z.s.o.a.h.c.h.i.i.PoolingHttpClientConnectionManager&amp#27;[0;39m - &amp#27;[32mep-00000081: releasing endpoint
&amp#27;[0;39m2023-05-08 13:19:05,893 [main] &amp#27;[39mDEBUG&amp#27;[0;39m &amp#27;[36mc.g.d.z.s.o.a.h.c.h.i.i.PoolingHttpClientConnectionManager&amp#27;[0;39m - &amp#27;[32mep-00000081: connection http-outgoing-1 can be kept alive for 3 MINUTES
&amp#27;[0;39m2023-05-08 13:19:05,893 [main] &amp#27;[39mDEBUG&amp#27;[0;39m &amp#27;[36mc.g.d.z.s.o.a.h.c.h.i.i.PoolingHttpClientConnectionManager&amp#27;[0;39m - &amp#27;[32mep-00000081: connection released [route: {}->unix://localhost:2375][total available: 1; route allocated: 1 of 2147483647; total allocated: 1 of 2147483647]
&amp#27;[0;39m2023-05-08 13:19:05,893 [main] &amp#27;[39mDEBUG&amp#27;[0;39m &amp#27;[36mtc.mysql:8.0.0&amp#27;[0;39m - &amp#27;[32mTrying to create JDBC connection using com.mysql.cj.jdbc.Driver to jdbc:mysql://localhost:32782/test?useSSL=false&allowPublicKeyRetrieval=true with properties: {password=test, user=test}
&amp#27;[0;39m2023-05-08 13:19:05,995 [main] &amp#27;[39mDEBUG&amp#27;[0;39m &amp#27;[36mo.t.s.c.g.d.c.command.AbstrDockerCmd&amp#27;[0;39m - &amp#27;[32mCmd: 0739339bbc624082fb5e41f62f4a622236ffe4974bf12b2847105b726085e02b,false
&amp#27;[0;39m2023-05-08 13:19:05,995 [main] &amp#27;[39mDEBUG&amp#27;[0;39m &amp#27;[36mo.t.s.c.g.d.c.e.InspectContainerCmdExec&amp#27;[0;39m - &amp#27;[32mGET: DefaultWebTarget{path=[/containers/0739339bbc624082fb5e41f62f4a622236ffe4974bf12b2847105b726085e02b/json], queryParams={}}
&amp#27;[0;39m2023-05-08 13:19:05,995 [main] &amp#27;[39mDEBUG&amp#27;[0;39m &amp#27;[36mc.g.d.z.s.o.a.h.c.h.i.c.InternalHttpClient&amp#27;[0;39m - &amp#27;[32mex-00000083: preparing request execution
&amp#27;[0;39m2023-05-08 13:19:05,996 [main] &amp#27;[39mDEBUG&amp#27;[0;39m &amp#27;[36mc.g.d.z.s.o.a.h.c.h.p.RequestAddCookies&amp#27;[0;39m - &amp#27;[32mCookie spec selected: strict
&amp#27;[0;39m2023-05-08 13:19:05,996 [main] &amp#27;[39mDEBUG&amp#27;[0;39m &amp#27;[36mc.g.d.z.s.o.a.h.c.h.p.RequestAuthCache&amp#27;[0;39m - &amp#27;[32mAuth cache not set in the context
&amp#27;[0;39m2023-05-08 13:19:05,996 [main] &amp#27;[39mDEBUG&amp#27;[0;39m &amp#27;[36mc.g.d.z.s.o.a.h.c.h.i.c.ProtocolExec&amp#27;[0;39m - &amp#27;[32mex-00000083: target auth state: UNCHALLENGED
&amp#27;[0;39m2023-05-08 13:19:05,996 [main] &amp#27;[39mDEBUG&amp#27;[0;39m &amp#27;[36mc.g.d.z.s.o.a.h.c.h.i.c.ProtocolExec&amp#27;[0;39m - &amp#27;[32mex-00000083: proxy auth state: UNCHALLENGED
&amp#27;[0;39m2023-05-08 13:19:05,996 [main] &amp#27;[39mDEBUG&amp#27;[0;39m &amp#27;[36mc.g.d.z.s.o.a.h.c.h.i.c.ConnectExec&amp#27;[0;39m - &amp#27;[32mex-00000083: acquiring connection with route {}->unix://localhost:2375
&amp#27;[0;39m2023-05-08 13:19:05,996 [main] &amp#27;[39mDEBUG&amp#27;[0;39m &amp#27;[36mc.g.d.z.s.o.a.h.c.h.i.c.InternalHttpClient&amp#27;[0;39m - &amp#27;[32mex-00000083: acquiring endpoint (3 MINUTES)
&amp#27;[0;39m2023-05-08 13:19:05,996 [main] &amp#27;[39mDEBUG&amp#27;[0;39m &amp#27;[36mc.g.d.z.s.o.a.h.c.h.i.i.PoolingHttpClientConnectionManager&amp#27;[0;39m - &amp#27;[32mex-00000083: endpoint lease request (3 MINUTES) [route: {}->unix://localhost:2375][total available: 1; route allocated: 1 of 2147483647; total allocated: 1 of 2147483647]
&amp#27;[0;39m2023-05-08 13:19:05,996 [main] &amp#27;[39mDEBUG&amp#27;[0;39m &amp#27;[36mc.g.d.z.s.o.a.h.c.h.i.i.PoolingHttpClientConnectionManager&amp#27;[0;39m - &amp#27;[32mex-00000083: endpoint leased [route: {}->unix://localhost:2375][total available: 0; route allocated: 1 of 2147483647; total allocated: 1 of 2147483647]
&amp#27;[0;39m2023-05-08 13:19:05,996 [main] &amp#27;[39mDEBUG&amp#27;[0;39m &amp#27;[36mc.g.d.z.s.o.a.h.c.h.i.i.PoolingHttpClientConnectionManager&amp#27;[0;39m - &amp#27;[32mex-00000083: acquired ep-00000082
&amp#27;[0;39m2023-05-08 13:19:05,996 [main] &amp#27;[39mDEBUG&amp#27;[0;39m &amp#27;[36mc.g.d.z.s.o.a.h.c.h.i.c.InternalHttpClient&amp#27;[0;39m - &amp#27;[32mex-00000083: acquired endpoint ep-00000082
&amp#27;[0;39m2023-05-08 13:19:05,996 [main] &amp#27;[39mDEBUG&amp#27;[0;39m &amp#27;[36mc.g.d.z.s.o.a.h.c.h.i.c.MainClientExec&amp#27;[0;39m - &amp#27;[32mex-00000083: executing GET /v1.32/containers/0739339bbc624082fb5e41f62f4a622236ffe4974bf12b2847105b726085e02b/json HTTP/1.1
&amp#27;[0;39m2023-05-08 13:19:05,996 [main] &amp#27;[39mDEBUG&amp#27;[0;39m &amp#27;[36mc.g.d.z.s.o.a.h.c.h.i.c.InternalHttpClient&amp#27;[0;39m - &amp#27;[32mep-00000082: start execution ex-00000083
&amp#27;[0;39m2023-05-08 13:19:05,996 [main] &amp#27;[39mDEBUG&amp#27;[0;39m &amp#27;[36mc.g.d.z.s.o.a.h.c.h.i.i.PoolingHttpClientConnectionManager&amp#27;[0;39m - &amp#27;[32mep-00000082: executing exchange ex-00000083 over http-outgoing-1
&amp#27;[0;39m2023-05-08 13:19:05,996 [main] &amp#27;[39mDEBUG&amp#27;[0;39m &amp#27;[36mc.g.d.z.s.o.a.h.client5.http.headers&amp#27;[0;39m - &amp#27;[32mhttp-outgoing-1 >> GET /v1.32/containers/0739339bbc624082fb5e41f62f4a622236ffe4974bf12b2847105b726085e02b/json HTTP/1.1
&amp#27;[0;39m2023-05-08 13:19:05,996 [main] &amp#27;[39mDEBUG&amp#27;[0;39m &amp#27;[36mc.g.d.z.s.o.a.h.client5.http.headers&amp#27;[0;39m - &amp#27;[32mhttp-outgoing-1 >> accept: application/json
&amp#27;[0;39m2023-05-08 13:19:05,996 [main] &amp#27;[39mDEBUG&amp#27;[0;39m &amp#27;[36mc.g.d.z.s.o.a.h.client5.http.headers&amp#27;[0;39m - &amp#27;[32mhttp-outgoing-1 >> x-tc-sid: f1b696c1-ec3f-4f95-afa8-081853be7ccb
&amp#27;[0;39m2023-05-08 13:19:05,996 [main] &amp#27;[39mDEBUG&amp#27;[0;39m &amp#27;[36mc.g.d.z.s.o.a.h.client5.http.headers&amp#27;[0;39m - &amp#27;[32mhttp-outgoing-1 >> Accept-Encoding: gzip, x-gzip, deflate
&amp#27;[0;39m2023-05-08 13:19:05,996 [main] &amp#27;[39mDEBUG&amp#27;[0;39m &amp#27;[36mc.g.d.z.s.o.a.h.client5.http.headers&amp#27;[0;39m - &amp#27;[32mhttp-outgoing-1 >> Host: localhost:2375
&amp#27;[0;39m2023-05-08 13:19:05,996 [main] &amp#27;[39mDEBUG&amp#27;[0;39m &amp#27;[36mc.g.d.z.s.o.a.h.client5.http.headers&amp#27;[0;39m - &amp#27;[32mhttp-outgoing-1 >> Connection: keep-alive
&amp#27;[0;39m2023-05-08 13:19:05,996 [main] &amp#27;[39mDEBUG&amp#27;[0;39m &amp#27;[36mc.g.d.z.s.o.a.h.client5.http.headers&amp#27;[0;39m - &amp#27;[32mhttp-outgoing-1 >> User-Agent: Apache-HttpClient/5.0.3 (Java/17.0.6)
&amp#27;[0;39m2023-05-08 13:19:05,996 [main] &amp#27;[39mDEBUG&amp#27;[0;39m &amp#27;[36mc.g.d.z.s.o.a.hc.client5.http.wire&amp#27;[0;39m - &amp#27;[32mhttp-outgoing-1 >> "GET /v1.32/containers/0739339bbc624082fb5e41f62f4a622236ffe4974bf12b2847105b726085e02b/json HTTP/1.1[\r][\n]"
&amp#27;[0;39m2023-05-08 13:19:05,996 [main] &amp#27;[39mDEBUG&amp#27;[0;39m &amp#27;[36mc.g.d.z.s.o.a.hc.client5.http.wire&amp#27;[0;39m - &amp#27;[32mhttp-outgoing-1 >> "accept: application/json[\r][\n]"
&amp#27;[0;39m2023-05-08 13:19:05,996 [main] &amp#27;[39mDEBUG&amp#27;[0;39m &amp#27;[36mc.g.d.z.s.o.a.hc.client5.http.wire&amp#27;[0;39m - &amp#27;[32mhttp-outgoing-1 >> "x-tc-sid: f1b696c1-ec3f-4f95-afa8-081853be7ccb[\r][\n]"
&amp#27;[0;39m2023-05-08 13:19:05,996 [main] &amp#27;[39mDEBUG&amp#27;[0;39m &amp#27;[36mc.g.d.z.s.o.a.hc.client5.http.wire&amp#27;[0;39m - &amp#27;[32mhttp-outgoing-1 >> "Accept-Encoding: gzip, x-gzip, deflate[\r][\n]"
&amp#27;[0;39m2023-05-08 13:19:05,996 [main] &amp#27;[39mDEBUG&amp#27;[0;39m &amp#27;[36mc.g.d.z.s.o.a.hc.client5.http.wire&amp#27;[0;39m - &amp#27;[32mhttp-outgoing-1 >> "Host: localhost:2375[\r][\n]"
&amp#27;[0;39m2023-05-08 13:19:05,996 [main] &amp#27;[39mDEBUG&amp#27;[0;39m &amp#27;[36mc.g.d.z.s.o.a.hc.client5.http.wire&amp#27;[0;39m - &amp#27;[32mhttp-outgoing-1 >> "Connection: keep-alive[\r][\n]"
&amp#27;[0;39m2023-05-08 13:19:05,996 [main] &amp#27;[39mDEBUG&amp#27;[0;39m &amp#27;[36mc.g.d.z.s.o.a.hc.client5.http.wire&amp#27;[0;39m - &amp#27;[32mhttp-outgoing-1 >> "User-Agent: Apache-HttpClient/5.0.3 (Java/17.0.6)[\r][\n]"
&amp#27;[0;39m2023-05-08 13:19:05,996 [main] &amp#27;[39mDEBUG&amp#27;[0;39m &amp#27;[36mc.g.d.z.s.o.a.hc.client5.http.wire&amp#27;[0;39m - &amp#27;[32mhttp-outgoing-1 >> "[\r][\n]"
&amp#27;[0;39m2023-05-08 13:19:05,997 [main] &amp#27;[39mDEBUG&amp#27;[0;39m &amp#27;[36mc.g.d.z.s.o.a.hc.client5.http.wire&amp#27;[0;39m - &amp#27;[32mhttp-outgoing-1 << "HTTP/1.1 200 OK[\r][\n]"
&amp#27;[0;39m2023-05-08 13:19:05,997 [main] &amp#27;[39mDEBUG&amp#27;[0;39m &amp#27;[36mc.g.d.z.s.o.a.hc.client5.http.wire&amp#27;[0;39m - &amp#27;[32mhttp-outgoing-1 << "Api-Version: 1.42[\r][\n]"
&amp#27;[0;39m2023-05-08 13:19:05,997 [main] &amp#27;[39mDEBUG&amp#27;[0;39m &amp#27;[36mc.g.d.z.s.o.a.hc.client5.http.wire&amp#27;[0;39m - &amp#27;[32mhttp-outgoing-1 << "Content-Type: application/json[\r][\n]"
&amp#27;[0;39m2023-05-08 13:19:05,997 [main] &amp#27;[39mDEBUG&amp#27;[0;39m &amp#27;[36mc.g.d.z.s.o.a.hc.client5.http.wire&amp#27;[0;39m - &amp#27;[32mhttp-outgoing-1 << "Docker-Experimental: false[\r][\n]"
&amp#27;[0;39m2023-05-08 13:19:05,997 [main] &amp#27;[39mDEBUG&amp#27;[0;39m &amp#27;[36mc.g.d.z.s.o.a.hc.client5.http.wire&amp#27;[0;39m - &amp#27;[32mhttp-outgoing-1 << "Ostype: linux[\r][\n]"
&amp#27;[0;39m2023-05-08 13:19:05,997 [main] &amp#27;[39mDEBUG&amp#27;[0;39m &amp#27;[36mc.g.d.z.s.o.a.hc.client5.http.wire&amp#27;[0;39m - &amp#27;[32mhttp-outgoing-1 << "Server: Docker/23.0.5 (linux)[\r][\n]"
&amp#27;[0;39m2023-05-08 13:19:05,997 [main] &amp#27;[39mDEBUG&amp#27;[0;39m &amp#27;[36mc.g.d.z.s.o.a.hc.client5.http.wire&amp#27;[0;39m - &amp#27;[32mhttp-outgoing-1 << "Date: Mon, 08 May 2023 11:19:05 GMT[\r][\n]"
&amp#27;[0;39m2023-05-08 13:19:05,997 [main] &amp#27;[39mDEBUG&amp#27;[0;39m &amp#27;[36mc.g.d.z.s.o.a.hc.client5.http.wire&amp#27;[0;39m - &amp#27;[32mhttp-outgoing-1 << "Transfer-Encoding: chunked[\r][\n]"
&amp#27;[0;39m2023-05-08 13:19:05,997 [main] &amp#27;[39mDEBUG&amp#27;[0;39m &amp#27;[36mc.g.d.z.s.o.a.hc.client5.http.wire&amp#27;[0;39m - &amp#27;[32mhttp-outgoing-1 << "[\r][\n]"
&amp#27;[0;39m2023-05-08 13:19:05,997 [main] &amp#27;[39mDEBUG&amp#27;[0;39m &amp#27;[36mc.g.d.z.s.o.a.hc.client5.http.wire&amp#27;[0;39m - &amp#27;[32mhttp-outgoing-1 << "1893[\r][\n]"
&amp#27;[0;39m2023-05-08 13:19:05,997 [main] &amp#27;[39mDEBUG&amp#27;[0;39m &amp#27;[36mc.g.d.z.s.o.a.hc.client5.http.wire&amp#27;[0;39m - &amp#27;[32mhttp-outgoing-1 << "{"Id":"0739339bbc624082fb5e41f62f4a622236ffe4974bf12b2847105b726085e02b","Created":"2023-05-08T11:19:01.771856188Z","Path":"docker-entrypoint.sh","Args":["mysqld"],"State":{"Status":"running","Running":true,"Paused":false,"Restarting":false,"OOMKilled":false,"Dead":false,"Pid":59514,"ExitCode":0,"Error":"","StartedAt":"2023-05-08T11:19:02.113674386Z","FinishedAt":"0001-01-01T00:00:00Z"},"Image":"sha256:228d71078f8ce5ae9fd96b183f88c3a90e30544b4b7ce9d64a238d05fef2a681","ResolvConfPath":"/var/lib/docker/containers/0739339bbc624082fb5e41f62f4a622236ffe4974bf12b2847105b726085e02b/resolv.conf","HostnamePath":"/var/lib/docker/containers/0739339bbc624082fb5e41f62f4a622236ffe4974bf12b2847105b726085e02b/hostname","HostsPath":"/var/lib/docker/containers/0739339bbc624082fb5e41f62f4a622236ffe4974bf12b2847105b726085e02b/hosts","LogPath":"/var/lib/docker/containers/0739339bbc624082fb5e41f62f4a622236ffe4974bf12b2847105b726085e02b/0739339bbc624082fb5e41f62f4a622236ffe4974bf12b2847105b726085e02b-json.log","Name":"/intelligent_galileo","RestartCount":0,"Driver":"overlay2","Platform":"linux","MountLabel":"","ProcessLabel":"","AppArmorProfile":"docker-default","ExecIDs":null,"HostConfig":{"Binds":[],"ContainerIDFile":"","LogConfig":{"Type":"json-file","Config":{}},"NetworkMode":"default","PortBindings":{"3306/tcp":[{"HostIp":"","HostPort":""}]},"RestartPolicy":{"Name":"","MaximumRetryCount":0},"AutoRemove":false,"VolumeDriver":"","VolumesFrom":[],"ConsoleSize":[0,0],"CapAdd":null,"CapDrop":null,"CgroupnsMode":"private","Dns":null,"DnsOptions":null,"DnsSearch":null,"ExtraHosts":[],"GroupAdd":null,"IpcMode":"shareable","Cgroup":"","Links":null,"OomScoreAdj":0,"PidMode":"","Privileged":false,"PublishAllPorts":false,"ReadonlyRootfs":false,"SecurityOpt":null,"UTSMode":"","UsernsMode":"","ShmSize":67108864,"Runtime":"runc","Isolation":"","CpuShares":0,"Memory":0,"NanoCpus":0,"CgroupParent":"","BlkioWeight":0,"BlkioWeightDevice":null,"BlkioDeviceReadBps":null,"BlkioDeviceWriteBps":null,"BlkioDeviceReadIOps":null,"BlkioDeviceWriteIOps":null,"CpuPeriod":0,"CpuQuota":0,"CpuRealtimePeriod":0,"CpuRealtimeRuntime":0,"CpusetCpus":"","CpusetMems":"","Devices":null,"DeviceCgroupRules":null,"DeviceRequests":null,"MemoryReservation":0,"MemorySwap":0,"MemorySwappiness":null,"OomKillDisable":null,"PidsLimit":null,"Ulimits":null,"CpuCount":0,"CpuPercent":0,"IOMaximumIOps":0,"IOMaximumBandwidth":0,"MaskedPaths":["/proc/asound","/proc/acpi","/proc/kcore","/proc/keys","/proc/latency_stats","/proc/timer_list","/proc/timer_stats","/proc/sched_debug","/proc/scsi","/sys/firmware"],"ReadonlyPaths":["/proc/bus","/proc/fs","/proc/irq","/proc/sys","/proc/sysrq-trigger"]},"GraphDriver":{"Data":{"LowerDir":"/var/lib/docker/overlay2/b481eee7843c17772ada1734203524b4de76785735a50d4c68703d497db0e4ed-init/diff:/var/lib/docker/overlay2/4c6e20f032f02b27a9272f982861dc21998197aa90d94ed3bef95d449380247c/diff:/var/lib/docker/overlay2/0c75f828f603eff839bb3ca448163ab2a8017e86625ac255cd3dbf1673ddac26/diff:/var/lib/docker/overlay2/da128d897fda75829109844ce6cd9d73d0f54c682e735100af000ce899908729/diff:/var/lib/docker/overlay2/b678a1f261bf323afba6d76d91ab7428bdd6e1ef4a39b5224e4a1afd08c0423a/diff:/var/lib/docker/overlay2/1bec43b14875c5f9f814f146e8e31aa78566689c2c163da2ac60a32254988437/diff:/var/lib/docker/overlay2/28f4b1e6e1a7a2dbe30f1f94fb42bccd85a61faf8af1fe30a5bb0d442c525e41/diff:/var/lib/docker/overlay2/0f493124464c291d7c97d2633d5dff04b1dce5de904cb40a34dfbe7fe72e3fd4/diff:/var/lib/docker/overlay2/05befbee9e38cd670e1786b3310e99796dcc06abbed970007b4109a5424843fa/diff:/var/lib/docker/overlay2/582bcca9acfc4eef25109e1e1b9c9d104f355798455bc73e855c99283887a6e8/diff:/var/lib/docker/overlay2/153b3bf0b69e97e8f0e5533414a31ca33fa530e63d174c9617621abe46e7e9d1/diff:/var/lib/docker/overlay2/bf87a76c0a38875ee6e915fd0d2527eafa880ec6bf2c1cb294959428c18d10bd/diff","MergedDir":"/var/lib/docker/overlay2/b481eee7843c17772ada1734203524b4de76785735a50d4c68703d497db0e4ed/merged","UpperDir":"/var/lib/docker/overlay2/b481eee7843c17772ada1734203524b4de76785735a50d4c68703d497db0e4ed/diff","WorkDir":"/var/lib/docker/overlay2/b481eee7843c17772ada1734203524b4de76785735a50d4c68703d497db0e4ed/work"},"Name":"overlay2"},"Mounts":[{"Type":"volume","Name":"ec40278114b76af7b6535b952e685e04a98a51fa16363f5e9f0df1ce601f1dd5","Source":"/var/lib/docker/volumes/ec40278114b76af7b6535b952e685e04a98a51fa16363f5e9f0df1ce601f1dd5/_data","Destination":"/var/lib/mysql","Driver":"local","Mode":"","RW":true,"Propagation":""}],"Config":{"Hostname":"0739339bbc62","Domainname":"","User":"","AttachStdin":false,"AttachStdout":false,"AttachStderr":false,"ExposedPorts":{"3306/tcp":{}},"Tty":false,"OpenStdin":false,"StdinOnce":false,"Env":["MYSQL_DATABASE=test","MYSQL_PASSWORD=test","MYSQL_USER=test","MYSQL_ROOT_PASSWORD=test","PATH=/usr/local/sbin:/usr/local/bin:/usr/sbin:/usr/bin:/sbin:/bin","GOSU_VERSION=1.7","MYSQL_MAJOR=8.0","MYSQL_VERSION=8.0.0-dmr-1debian8"],"Cmd":["mysqld"],"Image":"mysql:8.0.0","Volumes":{"/var/lib/mysql":{}},"WorkingDir":"","Entrypoint":["docker-entrypoint.sh"],"OnBuild":null,"Labels":{"org.testcontainers":"true","org.testcontainers.lang":"java","org.testcontainers.sessionId":"f1b696c1-ec3f-4f95-afa8-081853be7ccb","org.testcontainers.version":"1.18.0"}},"NetworkSettings":{"Bridge":"","SandboxID":"d265e68e2afe307f1ab03fab083f2c0477cba31e9f26759f52b94e045d1847fb","HairpinMode":false,"LinkLocalIPv6Address":"","LinkLocalIPv6PrefixLen":0,"Ports":{"3306/tcp":[{"HostIp":"0.0.0.0","HostPort":"32782"},{"HostIp":"::","HostPort":"32782"}]},"SandboxKey":"/var/run/docker/netns/d265e68e2afe","SecondaryIPAddresses":null,"SecondaryIPv6Addresses":null,"EndpointID":"97b4c81a7665dcad3863174204db678dde492e2a2b2f11f6ef1c683b5d76146b","Gateway":"172.17.0.1","GlobalIPv6Address":"","GlobalIPv6PrefixLen":0,"IPAddress":"172.17.0.3","IPPrefixLen":16,"IPv6Gateway":"","MacAddress":"02:42:ac:11:00:03","Networks":{"bridge":{"IPAMConfig":null,"Links":null,"Aliases":null,"NetworkID":"e1a078e12eb8d77b497ed932f7fb43787eeb6ff6972febd7d03c9282b8b5cd45","EndpointID":"97b4c81a7665dcad3863174204db678dde492e2a2b2f11f6ef1c683b5d76146b","Gateway":"172.17.0.1","IPAddress":"172.17.0.3","IPPrefixLen":16,"IPv6Gateway":"","GlobalIPv6Address":"","GlobalIPv6PrefixLen":0,"MacAddress":"02:42:ac:11:00:03","DriverOpts":null}}}}[\n]"
&amp#27;[0;39m2023-05-08 13:19:05,997 [main] &amp#27;[39mDEBUG&amp#27;[0;39m &amp#27;[36mc.g.d.z.s.o.a.hc.client5.http.wire&amp#27;[0;39m - &amp#27;[32mhttp-outgoing-1 << "[\r][\n]"
&amp#27;[0;39m2023-05-08 13:19:05,997 [main] &amp#27;[39mDEBUG&amp#27;[0;39m &amp#27;[36mc.g.d.z.s.o.a.hc.client5.http.wire&amp#27;[0;39m - &amp#27;[32mhttp-outgoing-1 << "0[\r][\n]"
&amp#27;[0;39m2023-05-08 13:19:05,997 [main] &amp#27;[39mDEBUG&amp#27;[0;39m &amp#27;[36mc.g.d.z.s.o.a.hc.client5.http.wire&amp#27;[0;39m - &amp#27;[32mhttp-outgoing-1 << "[\r][\n]"
&amp#27;[0;39m2023-05-08 13:19:05,997 [main] &amp#27;[39mDEBUG&amp#27;[0;39m &amp#27;[36mc.g.d.z.s.o.a.h.client5.http.headers&amp#27;[0;39m - &amp#27;[32mhttp-outgoing-1 << HTTP/1.1 200 OK
&amp#27;[0;39m2023-05-08 13:19:05,997 [main] &amp#27;[39mDEBUG&amp#27;[0;39m &amp#27;[36mc.g.d.z.s.o.a.h.client5.http.headers&amp#27;[0;39m - &amp#27;[32mhttp-outgoing-1 << Api-Version: 1.42
&amp#27;[0;39m2023-05-08 13:19:05,997 [main] &amp#27;[39mDEBUG&amp#27;[0;39m &amp#27;[36mc.g.d.z.s.o.a.h.client5.http.headers&amp#27;[0;39m - &amp#27;[32mhttp-outgoing-1 << Content-Type: application/json
&amp#27;[0;39m2023-05-08 13:19:05,997 [main] &amp#27;[39mDEBUG&amp#27;[0;39m &amp#27;[36mc.g.d.z.s.o.a.h.client5.http.headers&amp#27;[0;39m - &amp#27;[32mhttp-outgoing-1 << Docker-Experimental: false
&amp#27;[0;39m2023-05-08 13:19:05,997 [main] &amp#27;[39mDEBUG&amp#27;[0;39m &amp#27;[36mc.g.d.z.s.o.a.h.client5.http.headers&amp#27;[0;39m - &amp#27;[32mhttp-outgoing-1 << Ostype: linux
&amp#27;[0;39m2023-05-08 13:19:05,997 [main] &amp#27;[39mDEBUG&amp#27;[0;39m &amp#27;[36mc.g.d.z.s.o.a.h.client5.http.headers&amp#27;[0;39m - &amp#27;[32mhttp-outgoing-1 << Server: Docker/23.0.5 (linux)
&amp#27;[0;39m2023-05-08 13:19:05,997 [main] &amp#27;[39mDEBUG&amp#27;[0;39m &amp#27;[36mc.g.d.z.s.o.a.h.client5.http.headers&amp#27;[0;39m - &amp#27;[32mhttp-outgoing-1 << Date: Mon, 08 May 2023 11:19:05 GMT
&amp#27;[0;39m2023-05-08 13:19:05,997 [main] &amp#27;[39mDEBUG&amp#27;[0;39m &amp#27;[36mc.g.d.z.s.o.a.h.client5.http.headers&amp#27;[0;39m - &amp#27;[32mhttp-outgoing-1 << Transfer-Encoding: chunked
&amp#27;[0;39m2023-05-08 13:19:05,997 [main] &amp#27;[39mDEBUG&amp#27;[0;39m &amp#27;[36mc.g.d.z.s.o.a.h.c.h.i.c.MainClientExec&amp#27;[0;39m - &amp#27;[32mex-00000083: connection can be kept alive for 3 MINUTES
&amp#27;[0;39m2023-05-08 13:19:05,997 [main] &amp#27;[39mDEBUG&amp#27;[0;39m &amp#27;[36mc.g.d.z.s.o.a.h.c.h.i.c.InternalHttpClient&amp#27;[0;39m - &amp#27;[32mep-00000082: releasing valid endpoint
&amp#27;[0;39m2023-05-08 13:19:05,997 [main] &amp#27;[39mDEBUG&amp#27;[0;39m &amp#27;[36mc.g.d.z.s.o.a.h.c.h.i.i.PoolingHttpClientConnectionManager&amp#27;[0;39m - &amp#27;[32mep-00000082: releasing endpoint
&amp#27;[0;39m2023-05-08 13:19:05,997 [main] &amp#27;[39mDEBUG&amp#27;[0;39m &amp#27;[36mc.g.d.z.s.o.a.h.c.h.i.i.PoolingHttpClientConnectionManager&amp#27;[0;39m - &amp#27;[32mep-00000082: connection http-outgoing-1 can be kept alive for 3 MINUTES
&amp#27;[0;39m2023-05-08 13:19:05,997 [main] &amp#27;[39mDEBUG&amp#27;[0;39m &amp#27;[36mc.g.d.z.s.o.a.h.c.h.i.i.PoolingHttpClientConnectionManager&amp#27;[0;39m - &amp#27;[32mep-00000082: connection released [route: {}->unix://localhost:2375][total available: 1; route allocated: 1 of 2147483647; total allocated: 1 of 2147483647]
&amp#27;[0;39m2023-05-08 13:19:05,997 [main] &amp#27;[39mDEBUG&amp#27;[0;39m &amp#27;[36mtc.mysql:8.0.0&amp#27;[0;39m - &amp#27;[32mTrying to create JDBC connection using com.mysql.cj.jdbc.Driver to jdbc:mysql://localhost:32782/test?useSSL=false&allowPublicKeyRetrieval=true with properties: {password=test, user=test}
&amp#27;[0;39m2023-05-08 13:19:06,098 [main] &amp#27;[39mDEBUG&amp#27;[0;39m &amp#27;[36mo.t.s.c.g.d.c.command.AbstrDockerCmd&amp#27;[0;39m - &amp#27;[32mCmd: 0739339bbc624082fb5e41f62f4a622236ffe4974bf12b2847105b726085e02b,false
&amp#27;[0;39m2023-05-08 13:19:06,099 [main] &amp#27;[39mDEBUG&amp#27;[0;39m &amp#27;[36mo.t.s.c.g.d.c.e.InspectContainerCmdExec&amp#27;[0;39m - &amp#27;[32mGET: DefaultWebTarget{path=[/containers/0739339bbc624082fb5e41f62f4a622236ffe4974bf12b2847105b726085e02b/json], queryParams={}}
&amp#27;[0;39m2023-05-08 13:19:06,099 [main] &amp#27;[39mDEBUG&amp#27;[0;39m &amp#27;[36mc.g.d.z.s.o.a.h.c.h.i.c.InternalHttpClient&amp#27;[0;39m - &amp#27;[32mex-00000084: preparing request execution
&amp#27;[0;39m2023-05-08 13:19:06,099 [main] &amp#27;[39mDEBUG&amp#27;[0;39m &amp#27;[36mc.g.d.z.s.o.a.h.c.h.p.RequestAddCookies&amp#27;[0;39m - &amp#27;[32mCookie spec selected: strict
&amp#27;[0;39m2023-05-08 13:19:06,099 [main] &amp#27;[39mDEBUG&amp#27;[0;39m &amp#27;[36mc.g.d.z.s.o.a.h.c.h.p.RequestAuthCache&amp#27;[0;39m - &amp#27;[32mAuth cache not set in the context
&amp#27;[0;39m2023-05-08 13:19:06,099 [main] &amp#27;[39mDEBUG&amp#27;[0;39m &amp#27;[36mc.g.d.z.s.o.a.h.c.h.i.c.ProtocolExec&amp#27;[0;39m - &amp#27;[32mex-00000084: target auth state: UNCHALLENGED
&amp#27;[0;39m2023-05-08 13:19:06,099 [main] &amp#27;[39mDEBUG&amp#27;[0;39m &amp#27;[36mc.g.d.z.s.o.a.h.c.h.i.c.ProtocolExec&amp#27;[0;39m - &amp#27;[32mex-00000084: proxy auth state: UNCHALLENGED
&amp#27;[0;39m2023-05-08 13:19:06,099 [main] &amp#27;[39mDEBUG&amp#27;[0;39m &amp#27;[36mc.g.d.z.s.o.a.h.c.h.i.c.ConnectExec&amp#27;[0;39m - &amp#27;[32mex-00000084: acquiring connection with route {}->unix://localhost:2375
&amp#27;[0;39m2023-05-08 13:19:06,100 [main] &amp#27;[39mDEBUG&amp#27;[0;39m &amp#27;[36mc.g.d.z.s.o.a.h.c.h.i.c.InternalHttpClient&amp#27;[0;39m - &amp#27;[32mex-00000084: acquiring endpoint (3 MINUTES)
&amp#27;[0;39m2023-05-08 13:19:06,100 [main] &amp#27;[39mDEBUG&amp#27;[0;39m &amp#27;[36mc.g.d.z.s.o.a.h.c.h.i.i.PoolingHttpClientConnectionManager&amp#27;[0;39m - &amp#27;[32mex-00000084: endpoint lease request (3 MINUTES) [route: {}->unix://localhost:2375][total available: 1; route allocated: 1 of 2147483647; total allocated: 1 of 2147483647]
&amp#27;[0;39m2023-05-08 13:19:06,100 [main] &amp#27;[39mDEBUG&amp#27;[0;39m &amp#27;[36mc.g.d.z.s.o.a.h.c.h.i.i.PoolingHttpClientConnectionManager&amp#27;[0;39m - &amp#27;[32mex-00000084: endpoint leased [route: {}->unix://localhost:2375][total available: 0; route allocated: 1 of 2147483647; total allocated: 1 of 2147483647]
&amp#27;[0;39m2023-05-08 13:19:06,100 [main] &amp#27;[39mDEBUG&amp#27;[0;39m &amp#27;[36mc.g.d.z.s.o.a.h.c.h.i.i.PoolingHttpClientConnectionManager&amp#27;[0;39m - &amp#27;[32mex-00000084: acquired ep-00000083
&amp#27;[0;39m2023-05-08 13:19:06,100 [main] &amp#27;[39mDEBUG&amp#27;[0;39m &amp#27;[36mc.g.d.z.s.o.a.h.c.h.i.c.InternalHttpClient&amp#27;[0;39m - &amp#27;[32mex-00000084: acquired endpoint ep-00000083
&amp#27;[0;39m2023-05-08 13:19:06,100 [main] &amp#27;[39mDEBUG&amp#27;[0;39m &amp#27;[36mc.g.d.z.s.o.a.h.c.h.i.c.MainClientExec&amp#27;[0;39m - &amp#27;[32mex-00000084: executing GET /v1.32/containers/0739339bbc624082fb5e41f62f4a622236ffe4974bf12b2847105b726085e02b/json HTTP/1.1
&amp#27;[0;39m2023-05-08 13:19:06,100 [main] &amp#27;[39mDEBUG&amp#27;[0;39m &amp#27;[36mc.g.d.z.s.o.a.h.c.h.i.c.InternalHttpClient&amp#27;[0;39m - &amp#27;[32mep-00000083: start execution ex-00000084
&amp#27;[0;39m2023-05-08 13:19:06,100 [main] &amp#27;[39mDEBUG&amp#27;[0;39m &amp#27;[36mc.g.d.z.s.o.a.h.c.h.i.i.PoolingHttpClientConnectionManager&amp#27;[0;39m - &amp#27;[32mep-00000083: executing exchange ex-00000084 over http-outgoing-1
&amp#27;[0;39m2023-05-08 13:19:06,100 [main] &amp#27;[39mDEBUG&amp#27;[0;39m &amp#27;[36mc.g.d.z.s.o.a.h.client5.http.headers&amp#27;[0;39m - &amp#27;[32mhttp-outgoing-1 >> GET /v1.32/containers/0739339bbc624082fb5e41f62f4a622236ffe4974bf12b2847105b726085e02b/json HTTP/1.1
&amp#27;[0;39m2023-05-08 13:19:06,100 [main] &amp#27;[39mDEBUG&amp#27;[0;39m &amp#27;[36mc.g.d.z.s.o.a.h.client5.http.headers&amp#27;[0;39m - &amp#27;[32mhttp-outgoing-1 >> accept: application/json
&amp#27;[0;39m2023-05-08 13:19:06,100 [main] &amp#27;[39mDEBUG&amp#27;[0;39m &amp#27;[36mc.g.d.z.s.o.a.h.client5.http.headers&amp#27;[0;39m - &amp#27;[32mhttp-outgoing-1 >> x-tc-sid: f1b696c1-ec3f-4f95-afa8-081853be7ccb
&amp#27;[0;39m2023-05-08 13:19:06,100 [main] &amp#27;[39mDEBUG&amp#27;[0;39m &amp#27;[36mc.g.d.z.s.o.a.h.client5.http.headers&amp#27;[0;39m - &amp#27;[32mhttp-outgoing-1 >> Accept-Encoding: gzip, x-gzip, deflate
&amp#27;[0;39m2023-05-08 13:19:06,100 [main] &amp#27;[39mDEBUG&amp#27;[0;39m &amp#27;[36mc.g.d.z.s.o.a.h.client5.http.headers&amp#27;[0;39m - &amp#27;[32mhttp-outgoing-1 >> Host: localhost:2375
&amp#27;[0;39m2023-05-08 13:19:06,100 [main] &amp#27;[39mDEBUG&amp#27;[0;39m &amp#27;[36mc.g.d.z.s.o.a.h.client5.http.headers&amp#27;[0;39m - &amp#27;[32mhttp-outgoing-1 >> Connection: keep-alive
&amp#27;[0;39m2023-05-08 13:19:06,100 [main] &amp#27;[39mDEBUG&amp#27;[0;39m &amp#27;[36mc.g.d.z.s.o.a.h.client5.http.headers&amp#27;[0;39m - &amp#27;[32mhttp-outgoing-1 >> User-Agent: Apache-HttpClient/5.0.3 (Java/17.0.6)
&amp#27;[0;39m2023-05-08 13:19:06,100 [main] &amp#27;[39mDEBUG&amp#27;[0;39m &amp#27;[36mc.g.d.z.s.o.a.hc.client5.http.wire&amp#27;[0;39m - &amp#27;[32mhttp-outgoing-1 >> "GET /v1.32/containers/0739339bbc624082fb5e41f62f4a622236ffe4974bf12b2847105b726085e02b/json HTTP/1.1[\r][\n]"
&amp#27;[0;39m2023-05-08 13:19:06,100 [main] &amp#27;[39mDEBUG&amp#27;[0;39m &amp#27;[36mc.g.d.z.s.o.a.hc.client5.http.wire&amp#27;[0;39m - &amp#27;[32mhttp-outgoing-1 >> "accept: application/json[\r][\n]"
&amp#27;[0;39m2023-05-08 13:19:06,100 [main] &amp#27;[39mDEBUG&amp#27;[0;39m &amp#27;[36mc.g.d.z.s.o.a.hc.client5.http.wire&amp#27;[0;39m - &amp#27;[32mhttp-outgoing-1 >> "x-tc-sid: f1b696c1-ec3f-4f95-afa8-081853be7ccb[\r][\n]"
&amp#27;[0;39m2023-05-08 13:19:06,100 [main] &amp#27;[39mDEBUG&amp#27;[0;39m &amp#27;[36mc.g.d.z.s.o.a.hc.client5.http.wire&amp#27;[0;39m - &amp#27;[32mhttp-outgoing-1 >> "Accept-Encoding: gzip, x-gzip, deflate[\r][\n]"
&amp#27;[0;39m2023-05-08 13:19:06,100 [main] &amp#27;[39mDEBUG&amp#27;[0;39m &amp#27;[36mc.g.d.z.s.o.a.hc.client5.http.wire&amp#27;[0;39m - &amp#27;[32mhttp-outgoing-1 >> "Host: localhost:2375[\r][\n]"
&amp#27;[0;39m2023-05-08 13:19:06,100 [main] &amp#27;[39mDEBUG&amp#27;[0;39m &amp#27;[36mc.g.d.z.s.o.a.hc.client5.http.wire&amp#27;[0;39m - &amp#27;[32mhttp-outgoing-1 >> "Connection: keep-alive[\r][\n]"
&amp#27;[0;39m2023-05-08 13:19:06,100 [main] &amp#27;[39mDEBUG&amp#27;[0;39m &amp#27;[36mc.g.d.z.s.o.a.hc.client5.http.wire&amp#27;[0;39m - &amp#27;[32mhttp-outgoing-1 >> "User-Agent: Apache-HttpClient/5.0.3 (Java/17.0.6)[\r][\n]"
&amp#27;[0;39m2023-05-08 13:19:06,100 [main] &amp#27;[39mDEBUG&amp#27;[0;39m &amp#27;[36mc.g.d.z.s.o.a.hc.client5.http.wire&amp#27;[0;39m - &amp#27;[32mhttp-outgoing-1 >> "[\r][\n]"
&amp#27;[0;39m2023-05-08 13:19:06,101 [main] &amp#27;[39mDEBUG&amp#27;[0;39m &amp#27;[36mc.g.d.z.s.o.a.hc.client5.http.wire&amp#27;[0;39m - &amp#27;[32mhttp-outgoing-1 << "HTTP/1.1 200 OK[\r][\n]"
&amp#27;[0;39m2023-05-08 13:19:06,101 [main] &amp#27;[39mDEBUG&amp#27;[0;39m &amp#27;[36mc.g.d.z.s.o.a.hc.client5.http.wire&amp#27;[0;39m - &amp#27;[32mhttp-outgoing-1 << "Api-Version: 1.42[\r][\n]"
&amp#27;[0;39m2023-05-08 13:19:06,101 [main] &amp#27;[39mDEBUG&amp#27;[0;39m &amp#27;[36mc.g.d.z.s.o.a.hc.client5.http.wire&amp#27;[0;39m - &amp#27;[32mhttp-outgoing-1 << "Content-Type: application/json[\r][\n]"
&amp#27;[0;39m2023-05-08 13:19:06,101 [main] &amp#27;[39mDEBUG&amp#27;[0;39m &amp#27;[36mc.g.d.z.s.o.a.hc.client5.http.wire&amp#27;[0;39m - &amp#27;[32mhttp-outgoing-1 << "Docker-Experimental: false[\r][\n]"
&amp#27;[0;39m2023-05-08 13:19:06,101 [main] &amp#27;[39mDEBUG&amp#27;[0;39m &amp#27;[36mc.g.d.z.s.o.a.hc.client5.http.wire&amp#27;[0;39m - &amp#27;[32mhttp-outgoing-1 << "Ostype: linux[\r][\n]"
&amp#27;[0;39m2023-05-08 13:19:06,101 [main] &amp#27;[39mDEBUG&amp#27;[0;39m &amp#27;[36mc.g.d.z.s.o.a.hc.client5.http.wire&amp#27;[0;39m - &amp#27;[32mhttp-outgoing-1 << "Server: Docker/23.0.5 (linux)[\r][\n]"
&amp#27;[0;39m2023-05-08 13:19:06,101 [main] &amp#27;[39mDEBUG&amp#27;[0;39m &amp#27;[36mc.g.d.z.s.o.a.hc.client5.http.wire&amp#27;[0;39m - &amp#27;[32mhttp-outgoing-1 << "Date: Mon, 08 May 2023 11:19:06 GMT[\r][\n]"
&amp#27;[0;39m2023-05-08 13:19:06,101 [main] &amp#27;[39mDEBUG&amp#27;[0;39m &amp#27;[36mc.g.d.z.s.o.a.hc.client5.http.wire&amp#27;[0;39m - &amp#27;[32mhttp-outgoing-1 << "Transfer-Encoding: chunked[\r][\n]"
&amp#27;[0;39m2023-05-08 13:19:06,101 [main] &amp#27;[39mDEBUG&amp#27;[0;39m &amp#27;[36mc.g.d.z.s.o.a.hc.client5.http.wire&amp#27;[0;39m - &amp#27;[32mhttp-outgoing-1 << "[\r][\n]"
&amp#27;[0;39m2023-05-08 13:19:06,101 [main] &amp#27;[39mDEBUG&amp#27;[0;39m &amp#27;[36mc.g.d.z.s.o.a.hc.client5.http.wire&amp#27;[0;39m - &amp#27;[32mhttp-outgoing-1 << "1893[\r][\n]"
&amp#27;[0;39m2023-05-08 13:19:06,101 [main] &amp#27;[39mDEBUG&amp#27;[0;39m &amp#27;[36mc.g.d.z.s.o.a.hc.client5.http.wire&amp#27;[0;39m - &amp#27;[32mhttp-outgoing-1 << "{"Id":"0739339bbc624082fb5e41f62f4a622236ffe4974bf12b2847105b726085e02b","Created":"2023-05-08T11:19:01.771856188Z","Path":"docker-entrypoint.sh","Args":["mysqld"],"State":{"Status":"running","Running":true,"Paused":false,"Restarting":false,"OOMKilled":false,"Dead":false,"Pid":59514,"ExitCode":0,"Error":"","StartedAt":"2023-05-08T11:19:02.113674386Z","FinishedAt":"0001-01-01T00:00:00Z"},"Image":"sha256:228d71078f8ce5ae9fd96b183f88c3a90e30544b4b7ce9d64a238d05fef2a681","ResolvConfPath":"/var/lib/docker/containers/0739339bbc624082fb5e41f62f4a622236ffe4974bf12b2847105b726085e02b/resolv.conf","HostnamePath":"/var/lib/docker/containers/0739339bbc624082fb5e41f62f4a622236ffe4974bf12b2847105b726085e02b/hostname","HostsPath":"/var/lib/docker/containers/0739339bbc624082fb5e41f62f4a622236ffe4974bf12b2847105b726085e02b/hosts","LogPath":"/var/lib/docker/containers/0739339bbc624082fb5e41f62f4a622236ffe4974bf12b2847105b726085e02b/0739339bbc624082fb5e41f62f4a622236ffe4974bf12b2847105b726085e02b-json.log","Name":"/intelligent_galileo","RestartCount":0,"Driver":"overlay2","Platform":"linux","MountLabel":"","ProcessLabel":"","AppArmorProfile":"docker-default","ExecIDs":null,"HostConfig":{"Binds":[],"ContainerIDFile":"","LogConfig":{"Type":"json-file","Config":{}},"NetworkMode":"default","PortBindings":{"3306/tcp":[{"HostIp":"","HostPort":""}]},"RestartPolicy":{"Name":"","MaximumRetryCount":0},"AutoRemove":false,"VolumeDriver":"","VolumesFrom":[],"ConsoleSize":[0,0],"CapAdd":null,"CapDrop":null,"CgroupnsMode":"private","Dns":null,"DnsOptions":null,"DnsSearch":null,"ExtraHosts":[],"GroupAdd":null,"IpcMode":"shareable","Cgroup":"","Links":null,"OomScoreAdj":0,"PidMode":"","Privileged":false,"PublishAllPorts":false,"ReadonlyRootfs":false,"SecurityOpt":null,"UTSMode":"","UsernsMode":"","ShmSize":67108864,"Runtime":"runc","Isolation":"","CpuShares":0,"Memory":0,"NanoCpus":0,"CgroupParent":"","BlkioWeight":0,"BlkioWeightDevice":null,"BlkioDeviceReadBps":null,"BlkioDeviceWriteBps":null,"BlkioDeviceReadIOps":null,"BlkioDeviceWriteIOps":null,"CpuPeriod":0,"CpuQuota":0,"CpuRealtimePeriod":0,"CpuRealtimeRuntime":0,"CpusetCpus":"","CpusetMems":"","Devices":null,"DeviceCgroupRules":null,"DeviceRequests":null,"MemoryReservation":0,"MemorySwap":0,"MemorySwappiness":null,"OomKillDisable":null,"PidsLimit":null,"Ulimits":null,"CpuCount":0,"CpuPercent":0,"IOMaximumIOps":0,"IOMaximumBandwidth":0,"MaskedPaths":["/proc/asound","/proc/acpi","/proc/kcore","/proc/keys","/proc/latency_stats","/proc/timer_list","/proc/timer_stats","/proc/sched_debug","/proc/scsi","/sys/firmware"],"ReadonlyPaths":["/proc/bus","/proc/fs","/proc/irq","/proc/sys","/proc/sysrq-trigger"]},"GraphDriver":{"Data":{"LowerDir":"/var/lib/docker/overlay2/b481eee7843c17772ada1734203524b4de76785735a50d4c68703d497db0e4ed-init/diff:/var/lib/docker/overlay2/4c6e20f032f02b27a9272f982861dc21998197aa90d94ed3bef95d449380247c/diff:/var/lib/docker/overlay2/0c75f828f603eff839bb3ca448163ab2a8017e86625ac255cd3dbf1673ddac26/diff:/var/lib/docker/overlay2/da128d897fda75829109844ce6cd9d73d0f54c682e735100af000ce899908729/diff:/var/lib/docker/overlay2/b678a1f261bf323afba6d76d91ab7428bdd6e1ef4a39b5224e4a1afd08c0423a/diff:/var/lib/docker/overlay2/1bec43b14875c5f9f814f146e8e31aa78566689c2c163da2ac60a32254988437/diff:/var/lib/docker/overlay2/28f4b1e6e1a7a2dbe30f1f94fb42bccd85a61faf8af1fe30a5bb0d442c525e41/diff:/var/lib/docker/overlay2/0f493124464c291d7c97d2633d5dff04b1dce5de904cb40a34dfbe7fe72e3fd4/diff:/var/lib/docker/overlay2/05befbee9e38cd670e1786b3310e99796dcc06abbed970007b4109a5424843fa/diff:/var/lib/docker/overlay2/582bcca9acfc4eef25109e1e1b9c9d104f355798455bc73e855c99283887a6e8/diff:/var/lib/docker/overlay2/153b3bf0b69e97e8f0e5533414a31ca33fa530e63d174c9617621abe46e7e9d1/diff:/var/lib/docker/overlay2/bf87a76c0a38875ee6e915fd0d2527eafa880ec6bf2c1cb294959428c18d10bd/diff","MergedDir":"/var/lib/docker/overlay2/b481eee7843c17772ada1734203524b4de76785735a50d4c68703d497db0e4ed/merged","UpperDir":"/var/lib/docker/overlay2/b481eee7843c17772ada1734203524b4de76785735a50d4c68703d497db0e4ed/diff","WorkDir":"/var/lib/docker/overlay2/b481eee7843c17772ada1734203524b4de76785735a50d4c68703d497db0e4ed/work"},"Name":"overlay2"},"Mounts":[{"Type":"volume","Name":"ec40278114b76af7b6535b952e685e04a98a51fa16363f5e9f0df1ce601f1dd5","Source":"/var/lib/docker/volumes/ec40278114b76af7b6535b952e685e04a98a51fa16363f5e9f0df1ce601f1dd5/_data","Destination":"/var/lib/mysql","Driver":"local","Mode":"","RW":true,"Propagation":""}],"Config":{"Hostname":"0739339bbc62","Domainname":"","User":"","AttachStdin":false,"AttachStdout":false,"AttachStderr":false,"ExposedPorts":{"3306/tcp":{}},"Tty":false,"OpenStdin":false,"StdinOnce":false,"Env":["MYSQL_DATABASE=test","MYSQL_PASSWORD=test","MYSQL_USER=test","MYSQL_ROOT_PASSWORD=test","PATH=/usr/local/sbin:/usr/local/bin:/usr/sbin:/usr/bin:/sbin:/bin","GOSU_VERSION=1.7","MYSQL_MAJOR=8.0","MYSQL_VERSION=8.0.0-dmr-1debian8"],"Cmd":["mysqld"],"Image":"mysql:8.0.0","Volumes":{"/var/lib/mysql":{}},"WorkingDir":"","Entrypoint":["docker-entrypoint.sh"],"OnBuild":null,"Labels":{"org.testcontainers":"true","org.testcontainers.lang":"java","org.testcontainers.sessionId":"f1b696c1-ec3f-4f95-afa8-081853be7ccb","org.testcontainers.version":"1.18.0"}},"NetworkSettings":{"Bridge":"","SandboxID":"d265e68e2afe307f1ab03fab083f2c0477cba31e9f26759f52b94e045d1847fb","HairpinMode":false,"LinkLocalIPv6Address":"","LinkLocalIPv6PrefixLen":0,"Ports":{"3306/tcp":[{"HostIp":"0.0.0.0","HostPort":"32782"},{"HostIp":"::","HostPort":"32782"}]},"SandboxKey":"/var/run/docker/netns/d265e68e2afe","SecondaryIPAddresses":null,"SecondaryIPv6Addresses":null,"EndpointID":"97b4c81a7665dcad3863174204db678dde492e2a2b2f11f6ef1c683b5d76146b","Gateway":"172.17.0.1","GlobalIPv6Address":"","GlobalIPv6PrefixLen":0,"IPAddress":"172.17.0.3","IPPrefixLen":16,"IPv6Gateway":"","MacAddress":"02:42:ac:11:00:03","Networks":{"bridge":{"IPAMConfig":null,"Links":null,"Aliases":null,"NetworkID":"e1a078e12eb8d77b497ed932f7fb43787eeb6ff6972febd7d03c9282b8b5cd45","EndpointID":"97b4c81a7665dcad3863174204db678dde492e2a2b2f11f6ef1c683b5d76146b","Gateway":"172.17.0.1","IPAddress":"172.17.0.3","IPPrefixLen":16,"IPv6Gateway":"","GlobalIPv6Address":"","GlobalIPv6PrefixLen":0,"MacAddress":"02:42:ac:11:00:03","DriverOpts":null}}}}[\n]"
&amp#27;[0;39m2023-05-08 13:19:06,101 [main] &amp#27;[39mDEBUG&amp#27;[0;39m &amp#27;[36mc.g.d.z.s.o.a.hc.client5.http.wire&amp#27;[0;39m - &amp#27;[32mhttp-outgoing-1 << "[\r][\n]"
&amp#27;[0;39m2023-05-08 13:19:06,101 [main] &amp#27;[39mDEBUG&amp#27;[0;39m &amp#27;[36mc.g.d.z.s.o.a.hc.client5.http.wire&amp#27;[0;39m - &amp#27;[32mhttp-outgoing-1 << "0[\r][\n]"
&amp#27;[0;39m2023-05-08 13:19:06,101 [main] &amp#27;[39mDEBUG&amp#27;[0;39m &amp#27;[36mc.g.d.z.s.o.a.hc.client5.http.wire&amp#27;[0;39m - &amp#27;[32mhttp-outgoing-1 << "[\r][\n]"
&amp#27;[0;39m2023-05-08 13:19:06,102 [main] &amp#27;[39mDEBUG&amp#27;[0;39m &amp#27;[36mc.g.d.z.s.o.a.h.client5.http.headers&amp#27;[0;39m - &amp#27;[32mhttp-outgoing-1 << HTTP/1.1 200 OK
&amp#27;[0;39m2023-05-08 13:19:06,102 [main] &amp#27;[39mDEBUG&amp#27;[0;39m &amp#27;[36mc.g.d.z.s.o.a.h.client5.http.headers&amp#27;[0;39m - &amp#27;[32mhttp-outgoing-1 << Api-Version: 1.42
&amp#27;[0;39m2023-05-08 13:19:06,102 [main] &amp#27;[39mDEBUG&amp#27;[0;39m &amp#27;[36mc.g.d.z.s.o.a.h.client5.http.headers&amp#27;[0;39m - &amp#27;[32mhttp-outgoing-1 << Content-Type: application/json
&amp#27;[0;39m2023-05-08 13:19:06,102 [main] &amp#27;[39mDEBUG&amp#27;[0;39m &amp#27;[36mc.g.d.z.s.o.a.h.client5.http.headers&amp#27;[0;39m - &amp#27;[32mhttp-outgoing-1 << Docker-Experimental: false
&amp#27;[0;39m2023-05-08 13:19:06,102 [main] &amp#27;[39mDEBUG&amp#27;[0;39m &amp#27;[36mc.g.d.z.s.o.a.h.client5.http.headers&amp#27;[0;39m - &amp#27;[32mhttp-outgoing-1 << Ostype: linux
&amp#27;[0;39m2023-05-08 13:19:06,102 [main] &amp#27;[39mDEBUG&amp#27;[0;39m &amp#27;[36mc.g.d.z.s.o.a.h.client5.http.headers&amp#27;[0;39m - &amp#27;[32mhttp-outgoing-1 << Server: Docker/23.0.5 (linux)
&amp#27;[0;39m2023-05-08 13:19:06,102 [main] &amp#27;[39mDEBUG&amp#27;[0;39m &amp#27;[36mc.g.d.z.s.o.a.h.client5.http.headers&amp#27;[0;39m - &amp#27;[32mhttp-outgoing-1 << Date: Mon, 08 May 2023 11:19:06 GMT
&amp#27;[0;39m2023-05-08 13:19:06,102 [main] &amp#27;[39mDEBUG&amp#27;[0;39m &amp#27;[36mc.g.d.z.s.o.a.h.client5.http.headers&amp#27;[0;39m - &amp#27;[32mhttp-outgoing-1 << Transfer-Encoding: chunked
&amp#27;[0;39m2023-05-08 13:19:06,102 [main] &amp#27;[39mDEBUG&amp#27;[0;39m &amp#27;[36mc.g.d.z.s.o.a.h.c.h.i.c.MainClientExec&amp#27;[0;39m - &amp#27;[32mex-00000084: connection can be kept alive for 3 MINUTES
&amp#27;[0;39m2023-05-08 13:19:06,103 [main] &amp#27;[39mDEBUG&amp#27;[0;39m &amp#27;[36mc.g.d.z.s.o.a.h.c.h.i.c.InternalHttpClient&amp#27;[0;39m - &amp#27;[32mep-00000083: releasing valid endpoint
&amp#27;[0;39m2023-05-08 13:19:06,103 [main] &amp#27;[39mDEBUG&amp#27;[0;39m &amp#27;[36mc.g.d.z.s.o.a.h.c.h.i.i.PoolingHttpClientConnectionManager&amp#27;[0;39m - &amp#27;[32mep-00000083: releasing endpoint
&amp#27;[0;39m2023-05-08 13:19:06,103 [main] &amp#27;[39mDEBUG&amp#27;[0;39m &amp#27;[36mc.g.d.z.s.o.a.h.c.h.i.i.PoolingHttpClientConnectionManager&amp#27;[0;39m - &amp#27;[32mep-00000083: connection http-outgoing-1 can be kept alive for 3 MINUTES
&amp#27;[0;39m2023-05-08 13:19:06,103 [main] &amp#27;[39mDEBUG&amp#27;[0;39m &amp#27;[36mc.g.d.z.s.o.a.h.c.h.i.i.PoolingHttpClientConnectionManager&amp#27;[0;39m - &amp#27;[32mep-00000083: connection released [route: {}->unix://localhost:2375][total available: 1; route allocated: 1 of 2147483647; total allocated: 1 of 2147483647]
&amp#27;[0;39m2023-05-08 13:19:06,103 [main] &amp#27;[39mDEBUG&amp#27;[0;39m &amp#27;[36mtc.mysql:8.0.0&amp#27;[0;39m - &amp#27;[32mTrying to create JDBC connection using com.mysql.cj.jdbc.Driver to jdbc:mysql://localhost:32782/test?useSSL=false&allowPublicKeyRetrieval=true with properties: {password=test, user=test}
&amp#27;[0;39m2023-05-08 13:19:06,205 [main] &amp#27;[39mDEBUG&amp#27;[0;39m &amp#27;[36mo.t.s.c.g.d.c.command.AbstrDockerCmd&amp#27;[0;39m - &amp#27;[32mCmd: 0739339bbc624082fb5e41f62f4a622236ffe4974bf12b2847105b726085e02b,false
&amp#27;[0;39m2023-05-08 13:19:06,206 [main] &amp#27;[39mDEBUG&amp#27;[0;39m &amp#27;[36mo.t.s.c.g.d.c.e.InspectContainerCmdExec&amp#27;[0;39m - &amp#27;[32mGET: DefaultWebTarget{path=[/containers/0739339bbc624082fb5e41f62f4a622236ffe4974bf12b2847105b726085e02b/json], queryParams={}}
&amp#27;[0;39m2023-05-08 13:19:06,206 [main] &amp#27;[39mDEBUG&amp#27;[0;39m &amp#27;[36mc.g.d.z.s.o.a.h.c.h.i.c.InternalHttpClient&amp#27;[0;39m - &amp#27;[32mex-00000085: preparing request execution
&amp#27;[0;39m2023-05-08 13:19:06,207 [main] &amp#27;[39mDEBUG&amp#27;[0;39m &amp#27;[36mc.g.d.z.s.o.a.h.c.h.p.RequestAddCookies&amp#27;[0;39m - &amp#27;[32mCookie spec selected: strict
&amp#27;[0;39m2023-05-08 13:19:06,207 [main] &amp#27;[39mDEBUG&amp#27;[0;39m &amp#27;[36mc.g.d.z.s.o.a.h.c.h.p.RequestAuthCache&amp#27;[0;39m - &amp#27;[32mAuth cache not set in the context
&amp#27;[0;39m2023-05-08 13:19:06,207 [main] &amp#27;[39mDEBUG&amp#27;[0;39m &amp#27;[36mc.g.d.z.s.o.a.h.c.h.i.c.ProtocolExec&amp#27;[0;39m - &amp#27;[32mex-00000085: target auth state: UNCHALLENGED
&amp#27;[0;39m2023-05-08 13:19:06,207 [main] &amp#27;[39mDEBUG&amp#27;[0;39m &amp#27;[36mc.g.d.z.s.o.a.h.c.h.i.c.ProtocolExec&amp#27;[0;39m - &amp#27;[32mex-00000085: proxy auth state: UNCHALLENGED
&amp#27;[0;39m2023-05-08 13:19:06,207 [main] &amp#27;[39mDEBUG&amp#27;[0;39m &amp#27;[36mc.g.d.z.s.o.a.h.c.h.i.c.ConnectExec&amp#27;[0;39m - &amp#27;[32mex-00000085: acquiring connection with route {}->unix://localhost:2375
&amp#27;[0;39m2023-05-08 13:19:06,207 [main] &amp#27;[39mDEBUG&amp#27;[0;39m &amp#27;[36mc.g.d.z.s.o.a.h.c.h.i.c.InternalHttpClient&amp#27;[0;39m - &amp#27;[32mex-00000085: acquiring endpoint (3 MINUTES)
&amp#27;[0;39m2023-05-08 13:19:06,207 [main] &amp#27;[39mDEBUG&amp#27;[0;39m &amp#27;[36mc.g.d.z.s.o.a.h.c.h.i.i.PoolingHttpClientConnectionManager&amp#27;[0;39m - &amp#27;[32mex-00000085: endpoint lease request (3 MINUTES) [route: {}->unix://localhost:2375][total available: 1; route allocated: 1 of 2147483647; total allocated: 1 of 2147483647]
&amp#27;[0;39m2023-05-08 13:19:06,207 [main] &amp#27;[39mDEBUG&amp#27;[0;39m &amp#27;[36mc.g.d.z.s.o.a.h.c.h.i.i.PoolingHttpClientConnectionManager&amp#27;[0;39m - &amp#27;[32mex-00000085: endpoint leased [route: {}->unix://localhost:2375][total available: 0; route allocated: 1 of 2147483647; total allocated: 1 of 2147483647]
&amp#27;[0;39m2023-05-08 13:19:06,207 [main] &amp#27;[39mDEBUG&amp#27;[0;39m &amp#27;[36mc.g.d.z.s.o.a.h.c.h.i.i.PoolingHttpClientConnectionManager&amp#27;[0;39m - &amp#27;[32mex-00000085: acquired ep-00000084
&amp#27;[0;39m2023-05-08 13:19:06,207 [main] &amp#27;[39mDEBUG&amp#27;[0;39m &amp#27;[36mc.g.d.z.s.o.a.h.c.h.i.c.InternalHttpClient&amp#27;[0;39m - &amp#27;[32mex-00000085: acquired endpoint ep-00000084
&amp#27;[0;39m2023-05-08 13:19:06,207 [main] &amp#27;[39mDEBUG&amp#27;[0;39m &amp#27;[36mc.g.d.z.s.o.a.h.c.h.i.c.MainClientExec&amp#27;[0;39m - &amp#27;[32mex-00000085: executing GET /v1.32/containers/0739339bbc624082fb5e41f62f4a622236ffe4974bf12b2847105b726085e02b/json HTTP/1.1
&amp#27;[0;39m2023-05-08 13:19:06,207 [main] &amp#27;[39mDEBUG&amp#27;[0;39m &amp#27;[36mc.g.d.z.s.o.a.h.c.h.i.c.InternalHttpClient&amp#27;[0;39m - &amp#27;[32mep-00000084: start execution ex-00000085
&amp#27;[0;39m2023-05-08 13:19:06,207 [main] &amp#27;[39mDEBUG&amp#27;[0;39m &amp#27;[36mc.g.d.z.s.o.a.h.c.h.i.i.PoolingHttpClientConnectionManager&amp#27;[0;39m - &amp#27;[32mep-00000084: executing exchange ex-00000085 over http-outgoing-1
&amp#27;[0;39m2023-05-08 13:19:06,207 [main] &amp#27;[39mDEBUG&amp#27;[0;39m &amp#27;[36mc.g.d.z.s.o.a.h.client5.http.headers&amp#27;[0;39m - &amp#27;[32mhttp-outgoing-1 >> GET /v1.32/containers/0739339bbc624082fb5e41f62f4a622236ffe4974bf12b2847105b726085e02b/json HTTP/1.1
&amp#27;[0;39m2023-05-08 13:19:06,207 [main] &amp#27;[39mDEBUG&amp#27;[0;39m &amp#27;[36mc.g.d.z.s.o.a.h.client5.http.headers&amp#27;[0;39m - &amp#27;[32mhttp-outgoing-1 >> accept: application/json
&amp#27;[0;39m2023-05-08 13:19:06,207 [main] &amp#27;[39mDEBUG&amp#27;[0;39m &amp#27;[36mc.g.d.z.s.o.a.h.client5.http.headers&amp#27;[0;39m - &amp#27;[32mhttp-outgoing-1 >> x-tc-sid: f1b696c1-ec3f-4f95-afa8-081853be7ccb
&amp#27;[0;39m2023-05-08 13:19:06,207 [main] &amp#27;[39mDEBUG&amp#27;[0;39m &amp#27;[36mc.g.d.z.s.o.a.h.client5.http.headers&amp#27;[0;39m - &amp#27;[32mhttp-outgoing-1 >> Accept-Encoding: gzip, x-gzip, deflate
&amp#27;[0;39m2023-05-08 13:19:06,207 [main] &amp#27;[39mDEBUG&amp#27;[0;39m &amp#27;[36mc.g.d.z.s.o.a.h.client5.http.headers&amp#27;[0;39m - &amp#27;[32mhttp-outgoing-1 >> Host: localhost:2375
&amp#27;[0;39m2023-05-08 13:19:06,207 [main] &amp#27;[39mDEBUG&amp#27;[0;39m &amp#27;[36mc.g.d.z.s.o.a.h.client5.http.headers&amp#27;[0;39m - &amp#27;[32mhttp-outgoing-1 >> Connection: keep-alive
&amp#27;[0;39m2023-05-08 13:19:06,207 [main] &amp#27;[39mDEBUG&amp#27;[0;39m &amp#27;[36mc.g.d.z.s.o.a.h.client5.http.headers&amp#27;[0;39m - &amp#27;[32mhttp-outgoing-1 >> User-Agent: Apache-HttpClient/5.0.3 (Java/17.0.6)
&amp#27;[0;39m2023-05-08 13:19:06,207 [main] &amp#27;[39mDEBUG&amp#27;[0;39m &amp#27;[36mc.g.d.z.s.o.a.hc.client5.http.wire&amp#27;[0;39m - &amp#27;[32mhttp-outgoing-1 >> "GET /v1.32/containers/0739339bbc624082fb5e41f62f4a622236ffe4974bf12b2847105b726085e02b/json HTTP/1.1[\r][\n]"
&amp#27;[0;39m2023-05-08 13:19:06,207 [main] &amp#27;[39mDEBUG&amp#27;[0;39m &amp#27;[36mc.g.d.z.s.o.a.hc.client5.http.wire&amp#27;[0;39m - &amp#27;[32mhttp-outgoing-1 >> "accept: application/json[\r][\n]"
&amp#27;[0;39m2023-05-08 13:19:06,207 [main] &amp#27;[39mDEBUG&amp#27;[0;39m &amp#27;[36mc.g.d.z.s.o.a.hc.client5.http.wire&amp#27;[0;39m - &amp#27;[32mhttp-outgoing-1 >> "x-tc-sid: f1b696c1-ec3f-4f95-afa8-081853be7ccb[\r][\n]"
&amp#27;[0;39m2023-05-08 13:19:06,207 [main] &amp#27;[39mDEBUG&amp#27;[0;39m &amp#27;[36mc.g.d.z.s.o.a.hc.client5.http.wire&amp#27;[0;39m - &amp#27;[32mhttp-outgoing-1 >> "Accept-Encoding: gzip, x-gzip, deflate[\r][\n]"
&amp#27;[0;39m2023-05-08 13:19:06,207 [main] &amp#27;[39mDEBUG&amp#27;[0;39m &amp#27;[36mc.g.d.z.s.o.a.hc.client5.http.wire&amp#27;[0;39m - &amp#27;[32mhttp-outgoing-1 >> "Host: localhost:2375[\r][\n]"
&amp#27;[0;39m2023-05-08 13:19:06,207 [main] &amp#27;[39mDEBUG&amp#27;[0;39m &amp#27;[36mc.g.d.z.s.o.a.hc.client5.http.wire&amp#27;[0;39m - &amp#27;[32mhttp-outgoing-1 >> "Connection: keep-alive[\r][\n]"
&amp#27;[0;39m2023-05-08 13:19:06,207 [main] &amp#27;[39mDEBUG&amp#27;[0;39m &amp#27;[36mc.g.d.z.s.o.a.hc.client5.http.wire&amp#27;[0;39m - &amp#27;[32mhttp-outgoing-1 >> "User-Agent: Apache-HttpClient/5.0.3 (Java/17.0.6)[\r][\n]"
&amp#27;[0;39m2023-05-08 13:19:06,207 [main] &amp#27;[39mDEBUG&amp#27;[0;39m &amp#27;[36mc.g.d.z.s.o.a.hc.client5.http.wire&amp#27;[0;39m - &amp#27;[32mhttp-outgoing-1 >> "[\r][\n]"
&amp#27;[0;39m2023-05-08 13:19:06,208 [main] &amp#27;[39mDEBUG&amp#27;[0;39m &amp#27;[36mc.g.d.z.s.o.a.hc.client5.http.wire&amp#27;[0;39m - &amp#27;[32mhttp-outgoing-1 << "HTTP/1.1 200 OK[\r][\n]"
&amp#27;[0;39m2023-05-08 13:19:06,208 [main] &amp#27;[39mDEBUG&amp#27;[0;39m &amp#27;[36mc.g.d.z.s.o.a.hc.client5.http.wire&amp#27;[0;39m - &amp#27;[32mhttp-outgoing-1 << "Api-Version: 1.42[\r][\n]"
&amp#27;[0;39m2023-05-08 13:19:06,208 [main] &amp#27;[39mDEBUG&amp#27;[0;39m &amp#27;[36mc.g.d.z.s.o.a.hc.client5.http.wire&amp#27;[0;39m - &amp#27;[32mhttp-outgoing-1 << "Content-Type: application/json[\r][\n]"
&amp#27;[0;39m2023-05-08 13:19:06,208 [main] &amp#27;[39mDEBUG&amp#27;[0;39m &amp#27;[36mc.g.d.z.s.o.a.hc.client5.http.wire&amp#27;[0;39m - &amp#27;[32mhttp-outgoing-1 << "Docker-Experimental: false[\r][\n]"
&amp#27;[0;39m2023-05-08 13:19:06,208 [main] &amp#27;[39mDEBUG&amp#27;[0;39m &amp#27;[36mc.g.d.z.s.o.a.hc.client5.http.wire&amp#27;[0;39m - &amp#27;[32mhttp-outgoing-1 << "Ostype: linux[\r][\n]"
&amp#27;[0;39m2023-05-08 13:19:06,208 [main] &amp#27;[39mDEBUG&amp#27;[0;39m &amp#27;[36mc.g.d.z.s.o.a.hc.client5.http.wire&amp#27;[0;39m - &amp#27;[32mhttp-outgoing-1 << "Server: Docker/23.0.5 (linux)[\r][\n]"
&amp#27;[0;39m2023-05-08 13:19:06,208 [main] &amp#27;[39mDEBUG&amp#27;[0;39m &amp#27;[36mc.g.d.z.s.o.a.hc.client5.http.wire&amp#27;[0;39m - &amp#27;[32mhttp-outgoing-1 << "Date: Mon, 08 May 2023 11:19:06 GMT[\r][\n]"
&amp#27;[0;39m2023-05-08 13:19:06,208 [main] &amp#27;[39mDEBUG&amp#27;[0;39m &amp#27;[36mc.g.d.z.s.o.a.hc.client5.http.wire&amp#27;[0;39m - &amp#27;[32mhttp-outgoing-1 << "Transfer-Encoding: chunked[\r][\n]"
&amp#27;[0;39m2023-05-08 13:19:06,208 [main] &amp#27;[39mDEBUG&amp#27;[0;39m &amp#27;[36mc.g.d.z.s.o.a.hc.client5.http.wire&amp#27;[0;39m - &amp#27;[32mhttp-outgoing-1 << "[\r][\n]"
&amp#27;[0;39m2023-05-08 13:19:06,208 [main] &amp#27;[39mDEBUG&amp#27;[0;39m &amp#27;[36mc.g.d.z.s.o.a.hc.client5.http.wire&amp#27;[0;39m - &amp#27;[32mhttp-outgoing-1 << "1893[\r][\n]"
&amp#27;[0;39m2023-05-08 13:19:06,208 [main] &amp#27;[39mDEBUG&amp#27;[0;39m &amp#27;[36mc.g.d.z.s.o.a.hc.client5.http.wire&amp#27;[0;39m - &amp#27;[32mhttp-outgoing-1 << "{"Id":"0739339bbc624082fb5e41f62f4a622236ffe4974bf12b2847105b726085e02b","Created":"2023-05-08T11:19:01.771856188Z","Path":"docker-entrypoint.sh","Args":["mysqld"],"State":{"Status":"running","Running":true,"Paused":false,"Restarting":false,"OOMKilled":false,"Dead":false,"Pid":59514,"ExitCode":0,"Error":"","StartedAt":"2023-05-08T11:19:02.113674386Z","FinishedAt":"0001-01-01T00:00:00Z"},"Image":"sha256:228d71078f8ce5ae9fd96b183f88c3a90e30544b4b7ce9d64a238d05fef2a681","ResolvConfPath":"/var/lib/docker/containers/0739339bbc624082fb5e41f62f4a622236ffe4974bf12b2847105b726085e02b/resolv.conf","HostnamePath":"/var/lib/docker/containers/0739339bbc624082fb5e41f62f4a622236ffe4974bf12b2847105b726085e02b/hostname","HostsPath":"/var/lib/docker/containers/0739339bbc624082fb5e41f62f4a622236ffe4974bf12b2847105b726085e02b/hosts","LogPath":"/var/lib/docker/containers/0739339bbc624082fb5e41f62f4a622236ffe4974bf12b2847105b726085e02b/0739339bbc624082fb5e41f62f4a622236ffe4974bf12b2847105b726085e02b-json.log","Name":"/intelligent_galileo","RestartCount":0,"Driver":"overlay2","Platform":"linux","MountLabel":"","ProcessLabel":"","AppArmorProfile":"docker-default","ExecIDs":null,"HostConfig":{"Binds":[],"ContainerIDFile":"","LogConfig":{"Type":"json-file","Config":{}},"NetworkMode":"default","PortBindings":{"3306/tcp":[{"HostIp":"","HostPort":""}]},"RestartPolicy":{"Name":"","MaximumRetryCount":0},"AutoRemove":false,"VolumeDriver":"","VolumesFrom":[],"ConsoleSize":[0,0],"CapAdd":null,"CapDrop":null,"CgroupnsMode":"private","Dns":null,"DnsOptions":null,"DnsSearch":null,"ExtraHosts":[],"GroupAdd":null,"IpcMode":"shareable","Cgroup":"","Links":null,"OomScoreAdj":0,"PidMode":"","Privileged":false,"PublishAllPorts":false,"ReadonlyRootfs":false,"SecurityOpt":null,"UTSMode":"","UsernsMode":"","ShmSize":67108864,"Runtime":"runc","Isolation":"","CpuShares":0,"Memory":0,"NanoCpus":0,"CgroupParent":"","BlkioWeight":0,"BlkioWeightDevice":null,"BlkioDeviceReadBps":null,"BlkioDeviceWriteBps":null,"BlkioDeviceReadIOps":null,"BlkioDeviceWriteIOps":null,"CpuPeriod":0,"CpuQuota":0,"CpuRealtimePeriod":0,"CpuRealtimeRuntime":0,"CpusetCpus":"","CpusetMems":"","Devices":null,"DeviceCgroupRules":null,"DeviceRequests":null,"MemoryReservation":0,"MemorySwap":0,"MemorySwappiness":null,"OomKillDisable":null,"PidsLimit":null,"Ulimits":null,"CpuCount":0,"CpuPercent":0,"IOMaximumIOps":0,"IOMaximumBandwidth":0,"MaskedPaths":["/proc/asound","/proc/acpi","/proc/kcore","/proc/keys","/proc/latency_stats","/proc/timer_list","/proc/timer_stats","/proc/sched_debug","/proc/scsi","/sys/firmware"],"ReadonlyPaths":["/proc/bus","/proc/fs","/proc/irq","/proc/sys","/proc/sysrq-trigger"]},"GraphDriver":{"Data":{"LowerDir":"/var/lib/docker/overlay2/b481eee7843c17772ada1734203524b4de76785735a50d4c68703d497db0e4ed-init/diff:/var/lib/docker/overlay2/4c6e20f032f02b27a9272f982861dc21998197aa90d94ed3bef95d449380247c/diff:/var/lib/docker/overlay2/0c75f828f603eff839bb3ca448163ab2a8017e86625ac255cd3dbf1673ddac26/diff:/var/lib/docker/overlay2/da128d897fda75829109844ce6cd9d73d0f54c682e735100af000ce899908729/diff:/var/lib/docker/overlay2/b678a1f261bf323afba6d76d91ab7428bdd6e1ef4a39b5224e4a1afd08c0423a/diff:/var/lib/docker/overlay2/1bec43b14875c5f9f814f146e8e31aa78566689c2c163da2ac60a32254988437/diff:/var/lib/docker/overlay2/28f4b1e6e1a7a2dbe30f1f94fb42bccd85a61faf8af1fe30a5bb0d442c525e41/diff:/var/lib/docker/overlay2/0f493124464c291d7c97d2633d5dff04b1dce5de904cb40a34dfbe7fe72e3fd4/diff:/var/lib/docker/overlay2/05befbee9e38cd670e1786b3310e99796dcc06abbed970007b4109a5424843fa/diff:/var/lib/docker/overlay2/582bcca9acfc4eef25109e1e1b9c9d104f355798455bc73e855c99283887a6e8/diff:/var/lib/docker/overlay2/153b3bf0b69e97e8f0e5533414a31ca33fa530e63d174c9617621abe46e7e9d1/diff:/var/lib/docker/overlay2/bf87a76c0a38875ee6e915fd0d2527eafa880ec6bf2c1cb294959428c18d10bd/diff","MergedDir":"/var/lib/docker/overlay2/b481eee7843c17772ada1734203524b4de76785735a50d4c68703d497db0e4ed/merged","UpperDir":"/var/lib/docker/overlay2/b481eee7843c17772ada1734203524b4de76785735a50d4c68703d497db0e4ed/diff","WorkDir":"/var/lib/docker/overlay2/b481eee7843c17772ada1734203524b4de76785735a50d4c68703d497db0e4ed/work"},"Name":"overlay2"},"Mounts":[{"Type":"volume","Name":"ec40278114b76af7b6535b952e685e04a98a51fa16363f5e9f0df1ce601f1dd5","Source":"/var/lib/docker/volumes/ec40278114b76af7b6535b952e685e04a98a51fa16363f5e9f0df1ce601f1dd5/_data","Destination":"/var/lib/mysql","Driver":"local","Mode":"","RW":true,"Propagation":""}],"Config":{"Hostname":"0739339bbc62","Domainname":"","User":"","AttachStdin":false,"AttachStdout":false,"AttachStderr":false,"ExposedPorts":{"3306/tcp":{}},"Tty":false,"OpenStdin":false,"StdinOnce":false,"Env":["MYSQL_DATABASE=test","MYSQL_PASSWORD=test","MYSQL_USER=test","MYSQL_ROOT_PASSWORD=test","PATH=/usr/local/sbin:/usr/local/bin:/usr/sbin:/usr/bin:/sbin:/bin","GOSU_VERSION=1.7","MYSQL_MAJOR=8.0","MYSQL_VERSION=8.0.0-dmr-1debian8"],"Cmd":["mysqld"],"Image":"mysql:8.0.0","Volumes":{"/var/lib/mysql":{}},"WorkingDir":"","Entrypoint":["docker-entrypoint.sh"],"OnBuild":null,"Labels":{"org.testcontainers":"true","org.testcontainers.lang":"java","org.testcontainers.sessionId":"f1b696c1-ec3f-4f95-afa8-081853be7ccb","org.testcontainers.version":"1.18.0"}},"NetworkSettings":{"Bridge":"","SandboxID":"d265e68e2afe307f1ab03fab083f2c0477cba31e9f26759f52b94e045d1847fb","HairpinMode":false,"LinkLocalIPv6Address":"","LinkLocalIPv6PrefixLen":0,"Ports":{"3306/tcp":[{"HostIp":"0.0.0.0","HostPort":"32782"},{"HostIp":"::","HostPort":"32782"}]},"SandboxKey":"/var/run/docker/netns/d265e68e2afe","SecondaryIPAddresses":null,"SecondaryIPv6Addresses":null,"EndpointID":"97b4c81a7665dcad3863174204db678dde492e2a2b2f11f6ef1c683b5d76146b","Gateway":"172.17.0.1","GlobalIPv6Address":"","GlobalIPv6PrefixLen":0,"IPAddress":"172.17.0.3","IPPrefixLen":16,"IPv6Gateway":"","MacAddress":"02:42:ac:11:00:03","Networks":{"bridge":{"IPAMConfig":null,"Links":null,"Aliases":null,"NetworkID":"e1a078e12eb8d77b497ed932f7fb43787eeb6ff6972febd7d03c9282b8b5cd45","EndpointID":"97b4c81a7665dcad3863174204db678dde492e2a2b2f11f6ef1c683b5d76146b","Gateway":"172.17.0.1","IPAddress":"172.17.0.3","IPPrefixLen":16,"IPv6Gateway":"","GlobalIPv6Address":"","GlobalIPv6PrefixLen":0,"MacAddress":"02:42:ac:11:00:03","DriverOpts":null}}}}[\n]"
&amp#27;[0;39m2023-05-08 13:19:06,208 [main] &amp#27;[39mDEBUG&amp#27;[0;39m &amp#27;[36mc.g.d.z.s.o.a.hc.client5.http.wire&amp#27;[0;39m - &amp#27;[32mhttp-outgoing-1 << "[\r][\n]"
&amp#27;[0;39m2023-05-08 13:19:06,208 [main] &amp#27;[39mDEBUG&amp#27;[0;39m &amp#27;[36mc.g.d.z.s.o.a.hc.client5.http.wire&amp#27;[0;39m - &amp#27;[32mhttp-outgoing-1 << "0[\r][\n]"
&amp#27;[0;39m2023-05-08 13:19:06,208 [main] &amp#27;[39mDEBUG&amp#27;[0;39m &amp#27;[36mc.g.d.z.s.o.a.hc.client5.http.wire&amp#27;[0;39m - &amp#27;[32mhttp-outgoing-1 << "[\r][\n]"
&amp#27;[0;39m2023-05-08 13:19:06,208 [main] &amp#27;[39mDEBUG&amp#27;[0;39m &amp#27;[36mc.g.d.z.s.o.a.h.client5.http.headers&amp#27;[0;39m - &amp#27;[32mhttp-outgoing-1 << HTTP/1.1 200 OK
&amp#27;[0;39m2023-05-08 13:19:06,208 [main] &amp#27;[39mDEBUG&amp#27;[0;39m &amp#27;[36mc.g.d.z.s.o.a.h.client5.http.headers&amp#27;[0;39m - &amp#27;[32mhttp-outgoing-1 << Api-Version: 1.42
&amp#27;[0;39m2023-05-08 13:19:06,208 [main] &amp#27;[39mDEBUG&amp#27;[0;39m &amp#27;[36mc.g.d.z.s.o.a.h.client5.http.headers&amp#27;[0;39m - &amp#27;[32mhttp-outgoing-1 << Content-Type: application/json
&amp#27;[0;39m2023-05-08 13:19:06,208 [main] &amp#27;[39mDEBUG&amp#27;[0;39m &amp#27;[36mc.g.d.z.s.o.a.h.client5.http.headers&amp#27;[0;39m - &amp#27;[32mhttp-outgoing-1 << Docker-Experimental: false
&amp#27;[0;39m2023-05-08 13:19:06,208 [main] &amp#27;[39mDEBUG&amp#27;[0;39m &amp#27;[36mc.g.d.z.s.o.a.h.client5.http.headers&amp#27;[0;39m - &amp#27;[32mhttp-outgoing-1 << Ostype: linux
&amp#27;[0;39m2023-05-08 13:19:06,208 [main] &amp#27;[39mDEBUG&amp#27;[0;39m &amp#27;[36mc.g.d.z.s.o.a.h.client5.http.headers&amp#27;[0;39m - &amp#27;[32mhttp-outgoing-1 << Server: Docker/23.0.5 (linux)
&amp#27;[0;39m2023-05-08 13:19:06,208 [main] &amp#27;[39mDEBUG&amp#27;[0;39m &amp#27;[36mc.g.d.z.s.o.a.h.client5.http.headers&amp#27;[0;39m - &amp#27;[32mhttp-outgoing-1 << Date: Mon, 08 May 2023 11:19:06 GMT
&amp#27;[0;39m2023-05-08 13:19:06,208 [main] &amp#27;[39mDEBUG&amp#27;[0;39m &amp#27;[36mc.g.d.z.s.o.a.h.client5.http.headers&amp#27;[0;39m - &amp#27;[32mhttp-outgoing-1 << Transfer-Encoding: chunked
&amp#27;[0;39m2023-05-08 13:19:06,208 [main] &amp#27;[39mDEBUG&amp#27;[0;39m &amp#27;[36mc.g.d.z.s.o.a.h.c.h.i.c.MainClientExec&amp#27;[0;39m - &amp#27;[32mex-00000085: connection can be kept alive for 3 MINUTES
&amp#27;[0;39m2023-05-08 13:19:06,208 [main] &amp#27;[39mDEBUG&amp#27;[0;39m &amp#27;[36mc.g.d.z.s.o.a.h.c.h.i.c.InternalHttpClient&amp#27;[0;39m - &amp#27;[32mep-00000084: releasing valid endpoint
&amp#27;[0;39m2023-05-08 13:19:06,208 [main] &amp#27;[39mDEBUG&amp#27;[0;39m &amp#27;[36mc.g.d.z.s.o.a.h.c.h.i.i.PoolingHttpClientConnectionManager&amp#27;[0;39m - &amp#27;[32mep-00000084: releasing endpoint
&amp#27;[0;39m2023-05-08 13:19:06,208 [main] &amp#27;[39mDEBUG&amp#27;[0;39m &amp#27;[36mc.g.d.z.s.o.a.h.c.h.i.i.PoolingHttpClientConnectionManager&amp#27;[0;39m - &amp#27;[32mep-00000084: connection http-outgoing-1 can be kept alive for 3 MINUTES
&amp#27;[0;39m2023-05-08 13:19:06,209 [main] &amp#27;[39mDEBUG&amp#27;[0;39m &amp#27;[36mc.g.d.z.s.o.a.h.c.h.i.i.PoolingHttpClientConnectionManager&amp#27;[0;39m - &amp#27;[32mep-00000084: connection released [route: {}->unix://localhost:2375][total available: 1; route allocated: 1 of 2147483647; total allocated: 1 of 2147483647]
&amp#27;[0;39m2023-05-08 13:19:06,209 [main] &amp#27;[39mDEBUG&amp#27;[0;39m &amp#27;[36mtc.mysql:8.0.0&amp#27;[0;39m - &amp#27;[32mTrying to create JDBC connection using com.mysql.cj.jdbc.Driver to jdbc:mysql://localhost:32782/test?useSSL=false&allowPublicKeyRetrieval=true with properties: {password=test, user=test}
&amp#27;[0;39m2023-05-08 13:19:06,310 [main] &amp#27;[39mDEBUG&amp#27;[0;39m &amp#27;[36mo.t.s.c.g.d.c.command.AbstrDockerCmd&amp#27;[0;39m - &amp#27;[32mCmd: 0739339bbc624082fb5e41f62f4a622236ffe4974bf12b2847105b726085e02b,false
&amp#27;[0;39m2023-05-08 13:19:06,311 [main] &amp#27;[39mDEBUG&amp#27;[0;39m &amp#27;[36mo.t.s.c.g.d.c.e.InspectContainerCmdExec&amp#27;[0;39m - &amp#27;[32mGET: DefaultWebTarget{path=[/containers/0739339bbc624082fb5e41f62f4a622236ffe4974bf12b2847105b726085e02b/json], queryParams={}}
&amp#27;[0;39m2023-05-08 13:19:06,311 [main] &amp#27;[39mDEBUG&amp#27;[0;39m &amp#27;[36mc.g.d.z.s.o.a.h.c.h.i.c.InternalHttpClient&amp#27;[0;39m - &amp#27;[32mex-00000086: preparing request execution
&amp#27;[0;39m2023-05-08 13:19:06,311 [main] &amp#27;[39mDEBUG&amp#27;[0;39m &amp#27;[36mc.g.d.z.s.o.a.h.c.h.p.RequestAddCookies&amp#27;[0;39m - &amp#27;[32mCookie spec selected: strict
&amp#27;[0;39m2023-05-08 13:19:06,311 [main] &amp#27;[39mDEBUG&amp#27;[0;39m &amp#27;[36mc.g.d.z.s.o.a.h.c.h.p.RequestAuthCache&amp#27;[0;39m - &amp#27;[32mAuth cache not set in the context
&amp#27;[0;39m2023-05-08 13:19:06,311 [main] &amp#27;[39mDEBUG&amp#27;[0;39m &amp#27;[36mc.g.d.z.s.o.a.h.c.h.i.c.ProtocolExec&amp#27;[0;39m - &amp#27;[32mex-00000086: target auth state: UNCHALLENGED
&amp#27;[0;39m2023-05-08 13:19:06,311 [main] &amp#27;[39mDEBUG&amp#27;[0;39m &amp#27;[36mc.g.d.z.s.o.a.h.c.h.i.c.ProtocolExec&amp#27;[0;39m - &amp#27;[32mex-00000086: proxy auth state: UNCHALLENGED
&amp#27;[0;39m2023-05-08 13:19:06,311 [main] &amp#27;[39mDEBUG&amp#27;[0;39m &amp#27;[36mc.g.d.z.s.o.a.h.c.h.i.c.ConnectExec&amp#27;[0;39m - &amp#27;[32mex-00000086: acquiring connection with route {}->unix://localhost:2375
&amp#27;[0;39m2023-05-08 13:19:06,311 [main] &amp#27;[39mDEBUG&amp#27;[0;39m &amp#27;[36mc.g.d.z.s.o.a.h.c.h.i.c.InternalHttpClient&amp#27;[0;39m - &amp#27;[32mex-00000086: acquiring endpoint (3 MINUTES)
&amp#27;[0;39m2023-05-08 13:19:06,311 [main] &amp#27;[39mDEBUG&amp#27;[0;39m &amp#27;[36mc.g.d.z.s.o.a.h.c.h.i.i.PoolingHttpClientConnectionManager&amp#27;[0;39m - &amp#27;[32mex-00000086: endpoint lease request (3 MINUTES) [route: {}->unix://localhost:2375][total available: 1; route allocated: 1 of 2147483647; total allocated: 1 of 2147483647]
&amp#27;[0;39m2023-05-08 13:19:06,311 [main] &amp#27;[39mDEBUG&amp#27;[0;39m &amp#27;[36mc.g.d.z.s.o.a.h.c.h.i.i.PoolingHttpClientConnectionManager&amp#27;[0;39m - &amp#27;[32mex-00000086: endpoint leased [route: {}->unix://localhost:2375][total available: 0; route allocated: 1 of 2147483647; total allocated: 1 of 2147483647]
&amp#27;[0;39m2023-05-08 13:19:06,311 [main] &amp#27;[39mDEBUG&amp#27;[0;39m &amp#27;[36mc.g.d.z.s.o.a.h.c.h.i.i.PoolingHttpClientConnectionManager&amp#27;[0;39m - &amp#27;[32mex-00000086: acquired ep-00000085
&amp#27;[0;39m2023-05-08 13:19:06,311 [main] &amp#27;[39mDEBUG&amp#27;[0;39m &amp#27;[36mc.g.d.z.s.o.a.h.c.h.i.c.InternalHttpClient&amp#27;[0;39m - &amp#27;[32mex-00000086: acquired endpoint ep-00000085
&amp#27;[0;39m2023-05-08 13:19:06,311 [main] &amp#27;[39mDEBUG&amp#27;[0;39m &amp#27;[36mc.g.d.z.s.o.a.h.c.h.i.c.MainClientExec&amp#27;[0;39m - &amp#27;[32mex-00000086: executing GET /v1.32/containers/0739339bbc624082fb5e41f62f4a622236ffe4974bf12b2847105b726085e02b/json HTTP/1.1
&amp#27;[0;39m2023-05-08 13:19:06,311 [main] &amp#27;[39mDEBUG&amp#27;[0;39m &amp#27;[36mc.g.d.z.s.o.a.h.c.h.i.c.InternalHttpClient&amp#27;[0;39m - &amp#27;[32mep-00000085: start execution ex-00000086
&amp#27;[0;39m2023-05-08 13:19:06,311 [main] &amp#27;[39mDEBUG&amp#27;[0;39m &amp#27;[36mc.g.d.z.s.o.a.h.c.h.i.i.PoolingHttpClientConnectionManager&amp#27;[0;39m - &amp#27;[32mep-00000085: executing exchange ex-00000086 over http-outgoing-1
&amp#27;[0;39m2023-05-08 13:19:06,311 [main] &amp#27;[39mDEBUG&amp#27;[0;39m &amp#27;[36mc.g.d.z.s.o.a.h.client5.http.headers&amp#27;[0;39m - &amp#27;[32mhttp-outgoing-1 >> GET /v1.32/containers/0739339bbc624082fb5e41f62f4a622236ffe4974bf12b2847105b726085e02b/json HTTP/1.1
&amp#27;[0;39m2023-05-08 13:19:06,311 [main] &amp#27;[39mDEBUG&amp#27;[0;39m &amp#27;[36mc.g.d.z.s.o.a.h.client5.http.headers&amp#27;[0;39m - &amp#27;[32mhttp-outgoing-1 >> accept: application/json
&amp#27;[0;39m2023-05-08 13:19:06,311 [main] &amp#27;[39mDEBUG&amp#27;[0;39m &amp#27;[36mc.g.d.z.s.o.a.h.client5.http.headers&amp#27;[0;39m - &amp#27;[32mhttp-outgoing-1 >> x-tc-sid: f1b696c1-ec3f-4f95-afa8-081853be7ccb
&amp#27;[0;39m2023-05-08 13:19:06,311 [main] &amp#27;[39mDEBUG&amp#27;[0;39m &amp#27;[36mc.g.d.z.s.o.a.h.client5.http.headers&amp#27;[0;39m - &amp#27;[32mhttp-outgoing-1 >> Accept-Encoding: gzip, x-gzip, deflate
&amp#27;[0;39m2023-05-08 13:19:06,311 [main] &amp#27;[39mDEBUG&amp#27;[0;39m &amp#27;[36mc.g.d.z.s.o.a.h.client5.http.headers&amp#27;[0;39m - &amp#27;[32mhttp-outgoing-1 >> Host: localhost:2375
&amp#27;[0;39m2023-05-08 13:19:06,311 [main] &amp#27;[39mDEBUG&amp#27;[0;39m &amp#27;[36mc.g.d.z.s.o.a.h.client5.http.headers&amp#27;[0;39m - &amp#27;[32mhttp-outgoing-1 >> Connection: keep-alive
&amp#27;[0;39m2023-05-08 13:19:06,311 [main] &amp#27;[39mDEBUG&amp#27;[0;39m &amp#27;[36mc.g.d.z.s.o.a.h.client5.http.headers&amp#27;[0;39m - &amp#27;[32mhttp-outgoing-1 >> User-Agent: Apache-HttpClient/5.0.3 (Java/17.0.6)
&amp#27;[0;39m2023-05-08 13:19:06,311 [main] &amp#27;[39mDEBUG&amp#27;[0;39m &amp#27;[36mc.g.d.z.s.o.a.hc.client5.http.wire&amp#27;[0;39m - &amp#27;[32mhttp-outgoing-1 >> "GET /v1.32/containers/0739339bbc624082fb5e41f62f4a622236ffe4974bf12b2847105b726085e02b/json HTTP/1.1[\r][\n]"
&amp#27;[0;39m2023-05-08 13:19:06,311 [main] &amp#27;[39mDEBUG&amp#27;[0;39m &amp#27;[36mc.g.d.z.s.o.a.hc.client5.http.wire&amp#27;[0;39m - &amp#27;[32mhttp-outgoing-1 >> "accept: application/json[\r][\n]"
&amp#27;[0;39m2023-05-08 13:19:06,311 [main] &amp#27;[39mDEBUG&amp#27;[0;39m &amp#27;[36mc.g.d.z.s.o.a.hc.client5.http.wire&amp#27;[0;39m - &amp#27;[32mhttp-outgoing-1 >> "x-tc-sid: f1b696c1-ec3f-4f95-afa8-081853be7ccb[\r][\n]"
&amp#27;[0;39m2023-05-08 13:19:06,311 [main] &amp#27;[39mDEBUG&amp#27;[0;39m &amp#27;[36mc.g.d.z.s.o.a.hc.client5.http.wire&amp#27;[0;39m - &amp#27;[32mhttp-outgoing-1 >> "Accept-Encoding: gzip, x-gzip, deflate[\r][\n]"
&amp#27;[0;39m2023-05-08 13:19:06,311 [main] &amp#27;[39mDEBUG&amp#27;[0;39m &amp#27;[36mc.g.d.z.s.o.a.hc.client5.http.wire&amp#27;[0;39m - &amp#27;[32mhttp-outgoing-1 >> "Host: localhost:2375[\r][\n]"
&amp#27;[0;39m2023-05-08 13:19:06,311 [main] &amp#27;[39mDEBUG&amp#27;[0;39m &amp#27;[36mc.g.d.z.s.o.a.hc.client5.http.wire&amp#27;[0;39m - &amp#27;[32mhttp-outgoing-1 >> "Connection: keep-alive[\r][\n]"
&amp#27;[0;39m2023-05-08 13:19:06,311 [main] &amp#27;[39mDEBUG&amp#27;[0;39m &amp#27;[36mc.g.d.z.s.o.a.hc.client5.http.wire&amp#27;[0;39m - &amp#27;[32mhttp-outgoing-1 >> "User-Agent: Apache-HttpClient/5.0.3 (Java/17.0.6)[\r][\n]"
&amp#27;[0;39m2023-05-08 13:19:06,311 [main] &amp#27;[39mDEBUG&amp#27;[0;39m &amp#27;[36mc.g.d.z.s.o.a.hc.client5.http.wire&amp#27;[0;39m - &amp#27;[32mhttp-outgoing-1 >> "[\r][\n]"
&amp#27;[0;39m2023-05-08 13:19:06,311 [main] &amp#27;[39mDEBUG&amp#27;[0;39m &amp#27;[36mc.g.d.z.s.o.a.hc.client5.http.wire&amp#27;[0;39m - &amp#27;[32mhttp-outgoing-1 << "HTTP/1.1 200 OK[\r][\n]"
&amp#27;[0;39m2023-05-08 13:19:06,311 [main] &amp#27;[39mDEBUG&amp#27;[0;39m &amp#27;[36mc.g.d.z.s.o.a.hc.client5.http.wire&amp#27;[0;39m - &amp#27;[32mhttp-outgoing-1 << "Api-Version: 1.42[\r][\n]"
&amp#27;[0;39m2023-05-08 13:19:06,311 [main] &amp#27;[39mDEBUG&amp#27;[0;39m &amp#27;[36mc.g.d.z.s.o.a.hc.client5.http.wire&amp#27;[0;39m - &amp#27;[32mhttp-outgoing-1 << "Content-Type: application/json[\r][\n]"
&amp#27;[0;39m2023-05-08 13:19:06,311 [main] &amp#27;[39mDEBUG&amp#27;[0;39m &amp#27;[36mc.g.d.z.s.o.a.hc.client5.http.wire&amp#27;[0;39m - &amp#27;[32mhttp-outgoing-1 << "Docker-Experimental: false[\r][\n]"
&amp#27;[0;39m2023-05-08 13:19:06,311 [main] &amp#27;[39mDEBUG&amp#27;[0;39m &amp#27;[36mc.g.d.z.s.o.a.hc.client5.http.wire&amp#27;[0;39m - &amp#27;[32mhttp-outgoing-1 << "Ostype: linux[\r][\n]"
&amp#27;[0;39m2023-05-08 13:19:06,311 [main] &amp#27;[39mDEBUG&amp#27;[0;39m &amp#27;[36mc.g.d.z.s.o.a.hc.client5.http.wire&amp#27;[0;39m - &amp#27;[32mhttp-outgoing-1 << "Server: Docker/23.0.5 (linux)[\r][\n]"
&amp#27;[0;39m2023-05-08 13:19:06,311 [main] &amp#27;[39mDEBUG&amp#27;[0;39m &amp#27;[36mc.g.d.z.s.o.a.hc.client5.http.wire&amp#27;[0;39m - &amp#27;[32mhttp-outgoing-1 << "Date: Mon, 08 May 2023 11:19:06 GMT[\r][\n]"
&amp#27;[0;39m2023-05-08 13:19:06,311 [main] &amp#27;[39mDEBUG&amp#27;[0;39m &amp#27;[36mc.g.d.z.s.o.a.hc.client5.http.wire&amp#27;[0;39m - &amp#27;[32mhttp-outgoing-1 << "Transfer-Encoding: chunked[\r][\n]"
&amp#27;[0;39m2023-05-08 13:19:06,311 [main] &amp#27;[39mDEBUG&amp#27;[0;39m &amp#27;[36mc.g.d.z.s.o.a.hc.client5.http.wire&amp#27;[0;39m - &amp#27;[32mhttp-outgoing-1 << "[\r][\n]"
&amp#27;[0;39m2023-05-08 13:19:06,311 [main] &amp#27;[39mDEBUG&amp#27;[0;39m &amp#27;[36mc.g.d.z.s.o.a.hc.client5.http.wire&amp#27;[0;39m - &amp#27;[32mhttp-outgoing-1 << "1893[\r][\n]"
&amp#27;[0;39m2023-05-08 13:19:06,312 [main] &amp#27;[39mDEBUG&amp#27;[0;39m &amp#27;[36mc.g.d.z.s.o.a.hc.client5.http.wire&amp#27;[0;39m - &amp#27;[32mhttp-outgoing-1 << "{"Id":"0739339bbc624082fb5e41f62f4a622236ffe4974bf12b2847105b726085e02b","Created":"2023-05-08T11:19:01.771856188Z","Path":"docker-entrypoint.sh","Args":["mysqld"],"State":{"Status":"running","Running":true,"Paused":false,"Restarting":false,"OOMKilled":false,"Dead":false,"Pid":59514,"ExitCode":0,"Error":"","StartedAt":"2023-05-08T11:19:02.113674386Z","FinishedAt":"0001-01-01T00:00:00Z"},"Image":"sha256:228d71078f8ce5ae9fd96b183f88c3a90e30544b4b7ce9d64a238d05fef2a681","ResolvConfPath":"/var/lib/docker/containers/0739339bbc624082fb5e41f62f4a622236ffe4974bf12b2847105b726085e02b/resolv.conf","HostnamePath":"/var/lib/docker/containers/0739339bbc624082fb5e41f62f4a622236ffe4974bf12b2847105b726085e02b/hostname","HostsPath":"/var/lib/docker/containers/0739339bbc624082fb5e41f62f4a622236ffe4974bf12b2847105b726085e02b/hosts","LogPath":"/var/lib/docker/containers/0739339bbc624082fb5e41f62f4a622236ffe4974bf12b2847105b726085e02b/0739339bbc624082fb5e41f62f4a622236ffe4974bf12b2847105b726085e02b-json.log","Name":"/intelligent_galileo","RestartCount":0,"Driver":"overlay2","Platform":"linux","MountLabel":"","ProcessLabel":"","AppArmorProfile":"docker-default","ExecIDs":null,"HostConfig":{"Binds":[],"ContainerIDFile":"","LogConfig":{"Type":"json-file","Config":{}},"NetworkMode":"default","PortBindings":{"3306/tcp":[{"HostIp":"","HostPort":""}]},"RestartPolicy":{"Name":"","MaximumRetryCount":0},"AutoRemove":false,"VolumeDriver":"","VolumesFrom":[],"ConsoleSize":[0,0],"CapAdd":null,"CapDrop":null,"CgroupnsMode":"private","Dns":null,"DnsOptions":null,"DnsSearch":null,"ExtraHosts":[],"GroupAdd":null,"IpcMode":"shareable","Cgroup":"","Links":null,"OomScoreAdj":0,"PidMode":"","Privileged":false,"PublishAllPorts":false,"ReadonlyRootfs":false,"SecurityOpt":null,"UTSMode":"","UsernsMode":"","ShmSize":67108864,"Runtime":"runc","Isolation":"","CpuShares":0,"Memory":0,"NanoCpus":0,"CgroupParent":"","BlkioWeight":0,"BlkioWeightDevice":null,"BlkioDeviceReadBps":null,"BlkioDeviceWriteBps":null,"BlkioDeviceReadIOps":null,"BlkioDeviceWriteIOps":null,"CpuPeriod":0,"CpuQuota":0,"CpuRealtimePeriod":0,"CpuRealtimeRuntime":0,"CpusetCpus":"","CpusetMems":"","Devices":null,"DeviceCgroupRules":null,"DeviceRequests":null,"MemoryReservation":0,"MemorySwap":0,"MemorySwappiness":null,"OomKillDisable":null,"PidsLimit":null,"Ulimits":null,"CpuCount":0,"CpuPercent":0,"IOMaximumIOps":0,"IOMaximumBandwidth":0,"MaskedPaths":["/proc/asound","/proc/acpi","/proc/kcore","/proc/keys","/proc/latency_stats","/proc/timer_list","/proc/timer_stats","/proc/sched_debug","/proc/scsi","/sys/firmware"],"ReadonlyPaths":["/proc/bus","/proc/fs","/proc/irq","/proc/sys","/proc/sysrq-trigger"]},"GraphDriver":{"Data":{"LowerDir":"/var/lib/docker/overlay2/b481eee7843c17772ada1734203524b4de76785735a50d4c68703d497db0e4ed-init/diff:/var/lib/docker/overlay2/4c6e20f032f02b27a9272f982861dc21998197aa90d94ed3bef95d449380247c/diff:/var/lib/docker/overlay2/0c75f828f603eff839bb3ca448163ab2a8017e86625ac255cd3dbf1673ddac26/diff:/var/lib/docker/overlay2/da128d897fda75829109844ce6cd9d73d0f54c682e735100af000ce899908729/diff:/var/lib/docker/overlay2/b678a1f261bf323afba6d76d91ab7428bdd6e1ef4a39b5224e4a1afd08c0423a/diff:/var/lib/docker/overlay2/1bec43b14875c5f9f814f146e8e31aa78566689c2c163da2ac60a32254988437/diff:/var/lib/docker/overlay2/28f4b1e6e1a7a2dbe30f1f94fb42bccd85a61faf8af1fe30a5bb0d442c525e41/diff:/var/lib/docker/overlay2/0f493124464c291d7c97d2633d5dff04b1dce5de904cb40a34dfbe7fe72e3fd4/diff:/var/lib/docker/overlay2/05befbee9e38cd670e1786b3310e99796dcc06abbed970007b4109a5424843fa/diff:/var/lib/docker/overlay2/582bcca9acfc4eef25109e1e1b9c9d104f355798455bc73e855c99283887a6e8/diff:/var/lib/docker/overlay2/153b3bf0b69e97e8f0e5533414a31ca33fa530e63d174c9617621abe46e7e9d1/diff:/var/lib/docker/overlay2/bf87a76c0a38875ee6e915fd0d2527eafa880ec6bf2c1cb294959428c18d10bd/diff","MergedDir":"/var/lib/docker/overlay2/b481eee7843c17772ada1734203524b4de76785735a50d4c68703d497db0e4ed/merged","UpperDir":"/var/lib/docker/overlay2/b481eee7843c17772ada1734203524b4de76785735a50d4c68703d497db0e4ed/diff","WorkDir":"/var/lib/docker/overlay2/b481eee7843c17772ada1734203524b4de76785735a50d4c68703d497db0e4ed/work"},"Name":"overlay2"},"Mounts":[{"Type":"volume","Name":"ec40278114b76af7b6535b952e685e04a98a51fa16363f5e9f0df1ce601f1dd5","Source":"/var/lib/docker/volumes/ec40278114b76af7b6535b952e685e04a98a51fa16363f5e9f0df1ce601f1dd5/_data","Destination":"/var/lib/mysql","Driver":"local","Mode":"","RW":true,"Propagation":""}],"Config":{"Hostname":"0739339bbc62","Domainname":"","User":"","AttachStdin":false,"AttachStdout":false,"AttachStderr":false,"ExposedPorts":{"3306/tcp":{}},"Tty":false,"OpenStdin":false,"StdinOnce":false,"Env":["MYSQL_DATABASE=test","MYSQL_PASSWORD=test","MYSQL_USER=test","MYSQL_ROOT_PASSWORD=test","PATH=/usr/local/sbin:/usr/local/bin:/usr/sbin:/usr/bin:/sbin:/bin","GOSU_VERSION=1.7","MYSQL_MAJOR=8.0","MYSQL_VERSION=8.0.0-dmr-1debian8"],"Cmd":["mysqld"],"Image":"mysql:8.0.0","Volumes":{"/var/lib/mysql":{}},"WorkingDir":"","Entrypoint":["docker-entrypoint.sh"],"OnBuild":null,"Labels":{"org.testcontainers":"true","org.testcontainers.lang":"java","org.testcontainers.sessionId":"f1b696c1-ec3f-4f95-afa8-081853be7ccb","org.testcontainers.version":"1.18.0"}},"NetworkSettings":{"Bridge":"","SandboxID":"d265e68e2afe307f1ab03fab083f2c0477cba31e9f26759f52b94e045d1847fb","HairpinMode":false,"LinkLocalIPv6Address":"","LinkLocalIPv6PrefixLen":0,"Ports":{"3306/tcp":[{"HostIp":"0.0.0.0","HostPort":"32782"},{"HostIp":"::","HostPort":"32782"}]},"SandboxKey":"/var/run/docker/netns/d265e68e2afe","SecondaryIPAddresses":null,"SecondaryIPv6Addresses":null,"EndpointID":"97b4c81a7665dcad3863174204db678dde492e2a2b2f11f6ef1c683b5d76146b","Gateway":"172.17.0.1","GlobalIPv6Address":"","GlobalIPv6PrefixLen":0,"IPAddress":"172.17.0.3","IPPrefixLen":16,"IPv6Gateway":"","MacAddress":"02:42:ac:11:00:03","Networks":{"bridge":{"IPAMConfig":null,"Links":null,"Aliases":null,"NetworkID":"e1a078e12eb8d77b497ed932f7fb43787eeb6ff6972febd7d03c9282b8b5cd45","EndpointID":"97b4c81a7665dcad3863174204db678dde492e2a2b2f11f6ef1c683b5d76146b","Gateway":"172.17.0.1","IPAddress":"172.17.0.3","IPPrefixLen":16,"IPv6Gateway":"","GlobalIPv6Address":"","GlobalIPv6PrefixLen":0,"MacAddress":"02:42:ac:11:00:03","DriverOpts":null}}}}[\n]"
&amp#27;[0;39m2023-05-08 13:19:06,312 [main] &amp#27;[39mDEBUG&amp#27;[0;39m &amp#27;[36mc.g.d.z.s.o.a.hc.client5.http.wire&amp#27;[0;39m - &amp#27;[32mhttp-outgoing-1 << "[\r][\n]"
&amp#27;[0;39m2023-05-08 13:19:06,312 [main] &amp#27;[39mDEBUG&amp#27;[0;39m &amp#27;[36mc.g.d.z.s.o.a.hc.client5.http.wire&amp#27;[0;39m - &amp#27;[32mhttp-outgoing-1 << "0[\r][\n]"
&amp#27;[0;39m2023-05-08 13:19:06,312 [main] &amp#27;[39mDEBUG&amp#27;[0;39m &amp#27;[36mc.g.d.z.s.o.a.hc.client5.http.wire&amp#27;[0;39m - &amp#27;[32mhttp-outgoing-1 << "[\r][\n]"
&amp#27;[0;39m2023-05-08 13:19:06,312 [main] &amp#27;[39mDEBUG&amp#27;[0;39m &amp#27;[36mc.g.d.z.s.o.a.h.client5.http.headers&amp#27;[0;39m - &amp#27;[32mhttp-outgoing-1 << HTTP/1.1 200 OK
&amp#27;[0;39m2023-05-08 13:19:06,312 [main] &amp#27;[39mDEBUG&amp#27;[0;39m &amp#27;[36mc.g.d.z.s.o.a.h.client5.http.headers&amp#27;[0;39m - &amp#27;[32mhttp-outgoing-1 << Api-Version: 1.42
&amp#27;[0;39m2023-05-08 13:19:06,312 [main] &amp#27;[39mDEBUG&amp#27;[0;39m &amp#27;[36mc.g.d.z.s.o.a.h.client5.http.headers&amp#27;[0;39m - &amp#27;[32mhttp-outgoing-1 << Content-Type: application/json
&amp#27;[0;39m2023-05-08 13:19:06,312 [main] &amp#27;[39mDEBUG&amp#27;[0;39m &amp#27;[36mc.g.d.z.s.o.a.h.client5.http.headers&amp#27;[0;39m - &amp#27;[32mhttp-outgoing-1 << Docker-Experimental: false
&amp#27;[0;39m2023-05-08 13:19:06,312 [main] &amp#27;[39mDEBUG&amp#27;[0;39m &amp#27;[36mc.g.d.z.s.o.a.h.client5.http.headers&amp#27;[0;39m - &amp#27;[32mhttp-outgoing-1 << Ostype: linux
&amp#27;[0;39m2023-05-08 13:19:06,312 [main] &amp#27;[39mDEBUG&amp#27;[0;39m &amp#27;[36mc.g.d.z.s.o.a.h.client5.http.headers&amp#27;[0;39m - &amp#27;[32mhttp-outgoing-1 << Server: Docker/23.0.5 (linux)
&amp#27;[0;39m2023-05-08 13:19:06,312 [main] &amp#27;[39mDEBUG&amp#27;[0;39m &amp#27;[36mc.g.d.z.s.o.a.h.client5.http.headers&amp#27;[0;39m - &amp#27;[32mhttp-outgoing-1 << Date: Mon, 08 May 2023 11:19:06 GMT
&amp#27;[0;39m2023-05-08 13:19:06,312 [main] &amp#27;[39mDEBUG&amp#27;[0;39m &amp#27;[36mc.g.d.z.s.o.a.h.client5.http.headers&amp#27;[0;39m - &amp#27;[32mhttp-outgoing-1 << Transfer-Encoding: chunked
&amp#27;[0;39m2023-05-08 13:19:06,312 [main] &amp#27;[39mDEBUG&amp#27;[0;39m &amp#27;[36mc.g.d.z.s.o.a.h.c.h.i.c.MainClientExec&amp#27;[0;39m - &amp#27;[32mex-00000086: connection can be kept alive for 3 MINUTES
&amp#27;[0;39m2023-05-08 13:19:06,312 [main] &amp#27;[39mDEBUG&amp#27;[0;39m &amp#27;[36mc.g.d.z.s.o.a.h.c.h.i.c.InternalHttpClient&amp#27;[0;39m - &amp#27;[32mep-00000085: releasing valid endpoint
&amp#27;[0;39m2023-05-08 13:19:06,312 [main] &amp#27;[39mDEBUG&amp#27;[0;39m &amp#27;[36mc.g.d.z.s.o.a.h.c.h.i.i.PoolingHttpClientConnectionManager&amp#27;[0;39m - &amp#27;[32mep-00000085: releasing endpoint
&amp#27;[0;39m2023-05-08 13:19:06,312 [main] &amp#27;[39mDEBUG&amp#27;[0;39m &amp#27;[36mc.g.d.z.s.o.a.h.c.h.i.i.PoolingHttpClientConnectionManager&amp#27;[0;39m - &amp#27;[32mep-00000085: connection http-outgoing-1 can be kept alive for 3 MINUTES
&amp#27;[0;39m2023-05-08 13:19:06,312 [main] &amp#27;[39mDEBUG&amp#27;[0;39m &amp#27;[36mc.g.d.z.s.o.a.h.c.h.i.i.PoolingHttpClientConnectionManager&amp#27;[0;39m - &amp#27;[32mep-00000085: connection released [route: {}->unix://localhost:2375][total available: 1; route allocated: 1 of 2147483647; total allocated: 1 of 2147483647]
&amp#27;[0;39m2023-05-08 13:19:06,312 [main] &amp#27;[39mDEBUG&amp#27;[0;39m &amp#27;[36mtc.mysql:8.0.0&amp#27;[0;39m - &amp#27;[32mTrying to create JDBC connection using com.mysql.cj.jdbc.Driver to jdbc:mysql://localhost:32782/test?useSSL=false&allowPublicKeyRetrieval=true with properties: {password=test, user=test}
&amp#27;[0;39m2023-05-08 13:19:06,414 [main] &amp#27;[39mDEBUG&amp#27;[0;39m &amp#27;[36mo.t.s.c.g.d.c.command.AbstrDockerCmd&amp#27;[0;39m - &amp#27;[32mCmd: 0739339bbc624082fb5e41f62f4a622236ffe4974bf12b2847105b726085e02b,false
&amp#27;[0;39m2023-05-08 13:19:06,414 [main] &amp#27;[39mDEBUG&amp#27;[0;39m &amp#27;[36mo.t.s.c.g.d.c.e.InspectContainerCmdExec&amp#27;[0;39m - &amp#27;[32mGET: DefaultWebTarget{path=[/containers/0739339bbc624082fb5e41f62f4a622236ffe4974bf12b2847105b726085e02b/json], queryParams={}}
&amp#27;[0;39m2023-05-08 13:19:06,414 [main] &amp#27;[39mDEBUG&amp#27;[0;39m &amp#27;[36mc.g.d.z.s.o.a.h.c.h.i.c.InternalHttpClient&amp#27;[0;39m - &amp#27;[32mex-00000087: preparing request execution
&amp#27;[0;39m2023-05-08 13:19:06,414 [main] &amp#27;[39mDEBUG&amp#27;[0;39m &amp#27;[36mc.g.d.z.s.o.a.h.c.h.p.RequestAddCookies&amp#27;[0;39m - &amp#27;[32mCookie spec selected: strict
&amp#27;[0;39m2023-05-08 13:19:06,415 [main] &amp#27;[39mDEBUG&amp#27;[0;39m &amp#27;[36mc.g.d.z.s.o.a.h.c.h.p.RequestAuthCache&amp#27;[0;39m - &amp#27;[32mAuth cache not set in the context
&amp#27;[0;39m2023-05-08 13:19:06,415 [main] &amp#27;[39mDEBUG&amp#27;[0;39m &amp#27;[36mc.g.d.z.s.o.a.h.c.h.i.c.ProtocolExec&amp#27;[0;39m - &amp#27;[32mex-00000087: target auth state: UNCHALLENGED
&amp#27;[0;39m2023-05-08 13:19:06,415 [main] &amp#27;[39mDEBUG&amp#27;[0;39m &amp#27;[36mc.g.d.z.s.o.a.h.c.h.i.c.ProtocolExec&amp#27;[0;39m - &amp#27;[32mex-00000087: proxy auth state: UNCHALLENGED
&amp#27;[0;39m2023-05-08 13:19:06,415 [main] &amp#27;[39mDEBUG&amp#27;[0;39m &amp#27;[36mc.g.d.z.s.o.a.h.c.h.i.c.ConnectExec&amp#27;[0;39m - &amp#27;[32mex-00000087: acquiring connection with route {}->unix://localhost:2375
&amp#27;[0;39m2023-05-08 13:19:06,415 [main] &amp#27;[39mDEBUG&amp#27;[0;39m &amp#27;[36mc.g.d.z.s.o.a.h.c.h.i.c.InternalHttpClient&amp#27;[0;39m - &amp#27;[32mex-00000087: acquiring endpoint (3 MINUTES)
&amp#27;[0;39m2023-05-08 13:19:06,415 [main] &amp#27;[39mDEBUG&amp#27;[0;39m &amp#27;[36mc.g.d.z.s.o.a.h.c.h.i.i.PoolingHttpClientConnectionManager&amp#27;[0;39m - &amp#27;[32mex-00000087: endpoint lease request (3 MINUTES) [route: {}->unix://localhost:2375][total available: 1; route allocated: 1 of 2147483647; total allocated: 1 of 2147483647]
&amp#27;[0;39m2023-05-08 13:19:06,415 [main] &amp#27;[39mDEBUG&amp#27;[0;39m &amp#27;[36mc.g.d.z.s.o.a.h.c.h.i.i.PoolingHttpClientConnectionManager&amp#27;[0;39m - &amp#27;[32mex-00000087: endpoint leased [route: {}->unix://localhost:2375][total available: 0; route allocated: 1 of 2147483647; total allocated: 1 of 2147483647]
&amp#27;[0;39m2023-05-08 13:19:06,415 [main] &amp#27;[39mDEBUG&amp#27;[0;39m &amp#27;[36mc.g.d.z.s.o.a.h.c.h.i.i.PoolingHttpClientConnectionManager&amp#27;[0;39m - &amp#27;[32mex-00000087: acquired ep-00000086
&amp#27;[0;39m2023-05-08 13:19:06,415 [main] &amp#27;[39mDEBUG&amp#27;[0;39m &amp#27;[36mc.g.d.z.s.o.a.h.c.h.i.c.InternalHttpClient&amp#27;[0;39m - &amp#27;[32mex-00000087: acquired endpoint ep-00000086
&amp#27;[0;39m2023-05-08 13:19:06,415 [main] &amp#27;[39mDEBUG&amp#27;[0;39m &amp#27;[36mc.g.d.z.s.o.a.h.c.h.i.c.MainClientExec&amp#27;[0;39m - &amp#27;[32mex-00000087: executing GET /v1.32/containers/0739339bbc624082fb5e41f62f4a622236ffe4974bf12b2847105b726085e02b/json HTTP/1.1
&amp#27;[0;39m2023-05-08 13:19:06,415 [main] &amp#27;[39mDEBUG&amp#27;[0;39m &amp#27;[36mc.g.d.z.s.o.a.h.c.h.i.c.InternalHttpClient&amp#27;[0;39m - &amp#27;[32mep-00000086: start execution ex-00000087
&amp#27;[0;39m2023-05-08 13:19:06,415 [main] &amp#27;[39mDEBUG&amp#27;[0;39m &amp#27;[36mc.g.d.z.s.o.a.h.c.h.i.i.PoolingHttpClientConnectionManager&amp#27;[0;39m - &amp#27;[32mep-00000086: executing exchange ex-00000087 over http-outgoing-1
&amp#27;[0;39m2023-05-08 13:19:06,415 [main] &amp#27;[39mDEBUG&amp#27;[0;39m &amp#27;[36mc.g.d.z.s.o.a.h.client5.http.headers&amp#27;[0;39m - &amp#27;[32mhttp-outgoing-1 >> GET /v1.32/containers/0739339bbc624082fb5e41f62f4a622236ffe4974bf12b2847105b726085e02b/json HTTP/1.1
&amp#27;[0;39m2023-05-08 13:19:06,415 [main] &amp#27;[39mDEBUG&amp#27;[0;39m &amp#27;[36mc.g.d.z.s.o.a.h.client5.http.headers&amp#27;[0;39m - &amp#27;[32mhttp-outgoing-1 >> accept: application/json
&amp#27;[0;39m2023-05-08 13:19:06,415 [main] &amp#27;[39mDEBUG&amp#27;[0;39m &amp#27;[36mc.g.d.z.s.o.a.h.client5.http.headers&amp#27;[0;39m - &amp#27;[32mhttp-outgoing-1 >> x-tc-sid: f1b696c1-ec3f-4f95-afa8-081853be7ccb
&amp#27;[0;39m2023-05-08 13:19:06,415 [main] &amp#27;[39mDEBUG&amp#27;[0;39m &amp#27;[36mc.g.d.z.s.o.a.h.client5.http.headers&amp#27;[0;39m - &amp#27;[32mhttp-outgoing-1 >> Accept-Encoding: gzip, x-gzip, deflate
&amp#27;[0;39m2023-05-08 13:19:06,415 [main] &amp#27;[39mDEBUG&amp#27;[0;39m &amp#27;[36mc.g.d.z.s.o.a.h.client5.http.headers&amp#27;[0;39m - &amp#27;[32mhttp-outgoing-1 >> Host: localhost:2375
&amp#27;[0;39m2023-05-08 13:19:06,415 [main] &amp#27;[39mDEBUG&amp#27;[0;39m &amp#27;[36mc.g.d.z.s.o.a.h.client5.http.headers&amp#27;[0;39m - &amp#27;[32mhttp-outgoing-1 >> Connection: keep-alive
&amp#27;[0;39m2023-05-08 13:19:06,415 [main] &amp#27;[39mDEBUG&amp#27;[0;39m &amp#27;[36mc.g.d.z.s.o.a.h.client5.http.headers&amp#27;[0;39m - &amp#27;[32mhttp-outgoing-1 >> User-Agent: Apache-HttpClient/5.0.3 (Java/17.0.6)
&amp#27;[0;39m2023-05-08 13:19:06,415 [main] &amp#27;[39mDEBUG&amp#27;[0;39m &amp#27;[36mc.g.d.z.s.o.a.hc.client5.http.wire&amp#27;[0;39m - &amp#27;[32mhttp-outgoing-1 >> "GET /v1.32/containers/0739339bbc624082fb5e41f62f4a622236ffe4974bf12b2847105b726085e02b/json HTTP/1.1[\r][\n]"
&amp#27;[0;39m2023-05-08 13:19:06,415 [main] &amp#27;[39mDEBUG&amp#27;[0;39m &amp#27;[36mc.g.d.z.s.o.a.hc.client5.http.wire&amp#27;[0;39m - &amp#27;[32mhttp-outgoing-1 >> "accept: application/json[\r][\n]"
&amp#27;[0;39m2023-05-08 13:19:06,415 [main] &amp#27;[39mDEBUG&amp#27;[0;39m &amp#27;[36mc.g.d.z.s.o.a.hc.client5.http.wire&amp#27;[0;39m - &amp#27;[32mhttp-outgoing-1 >> "x-tc-sid: f1b696c1-ec3f-4f95-afa8-081853be7ccb[\r][\n]"
&amp#27;[0;39m2023-05-08 13:19:06,415 [main] &amp#27;[39mDEBUG&amp#27;[0;39m &amp#27;[36mc.g.d.z.s.o.a.hc.client5.http.wire&amp#27;[0;39m - &amp#27;[32mhttp-outgoing-1 >> "Accept-Encoding: gzip, x-gzip, deflate[\r][\n]"
&amp#27;[0;39m2023-05-08 13:19:06,415 [main] &amp#27;[39mDEBUG&amp#27;[0;39m &amp#27;[36mc.g.d.z.s.o.a.hc.client5.http.wire&amp#27;[0;39m - &amp#27;[32mhttp-outgoing-1 >> "Host: localhost:2375[\r][\n]"
&amp#27;[0;39m2023-05-08 13:19:06,415 [main] &amp#27;[39mDEBUG&amp#27;[0;39m &amp#27;[36mc.g.d.z.s.o.a.hc.client5.http.wire&amp#27;[0;39m - &amp#27;[32mhttp-outgoing-1 >> "Connection: keep-alive[\r][\n]"
&amp#27;[0;39m2023-05-08 13:19:06,415 [main] &amp#27;[39mDEBUG&amp#27;[0;39m &amp#27;[36mc.g.d.z.s.o.a.hc.client5.http.wire&amp#27;[0;39m - &amp#27;[32mhttp-outgoing-1 >> "User-Agent: Apache-HttpClient/5.0.3 (Java/17.0.6)[\r][\n]"
&amp#27;[0;39m2023-05-08 13:19:06,415 [main] &amp#27;[39mDEBUG&amp#27;[0;39m &amp#27;[36mc.g.d.z.s.o.a.hc.client5.http.wire&amp#27;[0;39m - &amp#27;[32mhttp-outgoing-1 >> "[\r][\n]"
&amp#27;[0;39m2023-05-08 13:19:06,416 [main] &amp#27;[39mDEBUG&amp#27;[0;39m &amp#27;[36mc.g.d.z.s.o.a.hc.client5.http.wire&amp#27;[0;39m - &amp#27;[32mhttp-outgoing-1 << "HTTP/1.1 200 OK[\r][\n]"
&amp#27;[0;39m2023-05-08 13:19:06,416 [main] &amp#27;[39mDEBUG&amp#27;[0;39m &amp#27;[36mc.g.d.z.s.o.a.hc.client5.http.wire&amp#27;[0;39m - &amp#27;[32mhttp-outgoing-1 << "Api-Version: 1.42[\r][\n]"
&amp#27;[0;39m2023-05-08 13:19:06,416 [main] &amp#27;[39mDEBUG&amp#27;[0;39m &amp#27;[36mc.g.d.z.s.o.a.hc.client5.http.wire&amp#27;[0;39m - &amp#27;[32mhttp-outgoing-1 << "Content-Type: application/json[\r][\n]"
&amp#27;[0;39m2023-05-08 13:19:06,416 [main] &amp#27;[39mDEBUG&amp#27;[0;39m &amp#27;[36mc.g.d.z.s.o.a.hc.client5.http.wire&amp#27;[0;39m - &amp#27;[32mhttp-outgoing-1 << "Docker-Experimental: false[\r][\n]"
&amp#27;[0;39m2023-05-08 13:19:06,416 [main] &amp#27;[39mDEBUG&amp#27;[0;39m &amp#27;[36mc.g.d.z.s.o.a.hc.client5.http.wire&amp#27;[0;39m - &amp#27;[32mhttp-outgoing-1 << "Ostype: linux[\r][\n]"
&amp#27;[0;39m2023-05-08 13:19:06,416 [main] &amp#27;[39mDEBUG&amp#27;[0;39m &amp#27;[36mc.g.d.z.s.o.a.hc.client5.http.wire&amp#27;[0;39m - &amp#27;[32mhttp-outgoing-1 << "Server: Docker/23.0.5 (linux)[\r][\n]"
&amp#27;[0;39m2023-05-08 13:19:06,416 [main] &amp#27;[39mDEBUG&amp#27;[0;39m &amp#27;[36mc.g.d.z.s.o.a.hc.client5.http.wire&amp#27;[0;39m - &amp#27;[32mhttp-outgoing-1 << "Date: Mon, 08 May 2023 11:19:06 GMT[\r][\n]"
&amp#27;[0;39m2023-05-08 13:19:06,416 [main] &amp#27;[39mDEBUG&amp#27;[0;39m &amp#27;[36mc.g.d.z.s.o.a.hc.client5.http.wire&amp#27;[0;39m - &amp#27;[32mhttp-outgoing-1 << "Transfer-Encoding: chunked[\r][\n]"
&amp#27;[0;39m2023-05-08 13:19:06,416 [main] &amp#27;[39mDEBUG&amp#27;[0;39m &amp#27;[36mc.g.d.z.s.o.a.hc.client5.http.wire&amp#27;[0;39m - &amp#27;[32mhttp-outgoing-1 << "[\r][\n]"
&amp#27;[0;39m2023-05-08 13:19:06,416 [main] &amp#27;[39mDEBUG&amp#27;[0;39m &amp#27;[36mc.g.d.z.s.o.a.hc.client5.http.wire&amp#27;[0;39m - &amp#27;[32mhttp-outgoing-1 << "1893[\r][\n]"
&amp#27;[0;39m2023-05-08 13:19:06,416 [main] &amp#27;[39mDEBUG&amp#27;[0;39m &amp#27;[36mc.g.d.z.s.o.a.hc.client5.http.wire&amp#27;[0;39m - &amp#27;[32mhttp-outgoing-1 << "{"Id":"0739339bbc624082fb5e41f62f4a622236ffe4974bf12b2847105b726085e02b","Created":"2023-05-08T11:19:01.771856188Z","Path":"docker-entrypoint.sh","Args":["mysqld"],"State":{"Status":"running","Running":true,"Paused":false,"Restarting":false,"OOMKilled":false,"Dead":false,"Pid":59514,"ExitCode":0,"Error":"","StartedAt":"2023-05-08T11:19:02.113674386Z","FinishedAt":"0001-01-01T00:00:00Z"},"Image":"sha256:228d71078f8ce5ae9fd96b183f88c3a90e30544b4b7ce9d64a238d05fef2a681","ResolvConfPath":"/var/lib/docker/containers/0739339bbc624082fb5e41f62f4a622236ffe4974bf12b2847105b726085e02b/resolv.conf","HostnamePath":"/var/lib/docker/containers/0739339bbc624082fb5e41f62f4a622236ffe4974bf12b2847105b726085e02b/hostname","HostsPath":"/var/lib/docker/containers/0739339bbc624082fb5e41f62f4a622236ffe4974bf12b2847105b726085e02b/hosts","LogPath":"/var/lib/docker/containers/0739339bbc624082fb5e41f62f4a622236ffe4974bf12b2847105b726085e02b/0739339bbc624082fb5e41f62f4a622236ffe4974bf12b2847105b726085e02b-json.log","Name":"/intelligent_galileo","RestartCount":0,"Driver":"overlay2","Platform":"linux","MountLabel":"","ProcessLabel":"","AppArmorProfile":"docker-default","ExecIDs":null,"HostConfig":{"Binds":[],"ContainerIDFile":"","LogConfig":{"Type":"json-file","Config":{}},"NetworkMode":"default","PortBindings":{"3306/tcp":[{"HostIp":"","HostPort":""}]},"RestartPolicy":{"Name":"","MaximumRetryCount":0},"AutoRemove":false,"VolumeDriver":"","VolumesFrom":[],"ConsoleSize":[0,0],"CapAdd":null,"CapDrop":null,"CgroupnsMode":"private","Dns":null,"DnsOptions":null,"DnsSearch":null,"ExtraHosts":[],"GroupAdd":null,"IpcMode":"shareable","Cgroup":"","Links":null,"OomScoreAdj":0,"PidMode":"","Privileged":false,"PublishAllPorts":false,"ReadonlyRootfs":false,"SecurityOpt":null,"UTSMode":"","UsernsMode":"","ShmSize":67108864,"Runtime":"runc","Isolation":"","CpuShares":0,"Memory":0,"NanoCpus":0,"CgroupParent":"","BlkioWeight":0,"BlkioWeightDevice":null,"BlkioDeviceReadBps":null,"BlkioDeviceWriteBps":null,"BlkioDeviceReadIOps":null,"BlkioDeviceWriteIOps":null,"CpuPeriod":0,"CpuQuota":0,"CpuRealtimePeriod":0,"CpuRealtimeRuntime":0,"CpusetCpus":"","CpusetMems":"","Devices":null,"DeviceCgroupRules":null,"DeviceRequests":null,"MemoryReservation":0,"MemorySwap":0,"MemorySwappiness":null,"OomKillDisable":null,"PidsLimit":null,"Ulimits":null,"CpuCount":0,"CpuPercent":0,"IOMaximumIOps":0,"IOMaximumBandwidth":0,"MaskedPaths":["/proc/asound","/proc/acpi","/proc/kcore","/proc/keys","/proc/latency_stats","/proc/timer_list","/proc/timer_stats","/proc/sched_debug","/proc/scsi","/sys/firmware"],"ReadonlyPaths":["/proc/bus","/proc/fs","/proc/irq","/proc/sys","/proc/sysrq-trigger"]},"GraphDriver":{"Data":{"LowerDir":"/var/lib/docker/overlay2/b481eee7843c17772ada1734203524b4de76785735a50d4c68703d497db0e4ed-init/diff:/var/lib/docker/overlay2/4c6e20f032f02b27a9272f982861dc21998197aa90d94ed3bef95d449380247c/diff:/var/lib/docker/overlay2/0c75f828f603eff839bb3ca448163ab2a8017e86625ac255cd3dbf1673ddac26/diff:/var/lib/docker/overlay2/da128d897fda75829109844ce6cd9d73d0f54c682e735100af000ce899908729/diff:/var/lib/docker/overlay2/b678a1f261bf323afba6d76d91ab7428bdd6e1ef4a39b5224e4a1afd08c0423a/diff:/var/lib/docker/overlay2/1bec43b14875c5f9f814f146e8e31aa78566689c2c163da2ac60a32254988437/diff:/var/lib/docker/overlay2/28f4b1e6e1a7a2dbe30f1f94fb42bccd85a61faf8af1fe30a5bb0d442c525e41/diff:/var/lib/docker/overlay2/0f493124464c291d7c97d2633d5dff04b1dce5de904cb40a34dfbe7fe72e3fd4/diff:/var/lib/docker/overlay2/05befbee9e38cd670e1786b3310e99796dcc06abbed970007b4109a5424843fa/diff:/var/lib/docker/overlay2/582bcca9acfc4eef25109e1e1b9c9d104f355798455bc73e855c99283887a6e8/diff:/var/lib/docker/overlay2/153b3bf0b69e97e8f0e5533414a31ca33fa530e63d174c9617621abe46e7e9d1/diff:/var/lib/docker/overlay2/bf87a76c0a38875ee6e915fd0d2527eafa880ec6bf2c1cb294959428c18d10bd/diff","MergedDir":"/var/lib/docker/overlay2/b481eee7843c17772ada1734203524b4de76785735a50d4c68703d497db0e4ed/merged","UpperDir":"/var/lib/docker/overlay2/b481eee7843c17772ada1734203524b4de76785735a50d4c68703d497db0e4ed/diff","WorkDir":"/var/lib/docker/overlay2/b481eee7843c17772ada1734203524b4de76785735a50d4c68703d497db0e4ed/work"},"Name":"overlay2"},"Mounts":[{"Type":"volume","Name":"ec40278114b76af7b6535b952e685e04a98a51fa16363f5e9f0df1ce601f1dd5","Source":"/var/lib/docker/volumes/ec40278114b76af7b6535b952e685e04a98a51fa16363f5e9f0df1ce601f1dd5/_data","Destination":"/var/lib/mysql","Driver":"local","Mode":"","RW":true,"Propagation":""}],"Config":{"Hostname":"0739339bbc62","Domainname":"","User":"","AttachStdin":false,"AttachStdout":false,"AttachStderr":false,"ExposedPorts":{"3306/tcp":{}},"Tty":false,"OpenStdin":false,"StdinOnce":false,"Env":["MYSQL_DATABASE=test","MYSQL_PASSWORD=test","MYSQL_USER=test","MYSQL_ROOT_PASSWORD=test","PATH=/usr/local/sbin:/usr/local/bin:/usr/sbin:/usr/bin:/sbin:/bin","GOSU_VERSION=1.7","MYSQL_MAJOR=8.0","MYSQL_VERSION=8.0.0-dmr-1debian8"],"Cmd":["mysqld"],"Image":"mysql:8.0.0","Volumes":{"/var/lib/mysql":{}},"WorkingDir":"","Entrypoint":["docker-entrypoint.sh"],"OnBuild":null,"Labels":{"org.testcontainers":"true","org.testcontainers.lang":"java","org.testcontainers.sessionId":"f1b696c1-ec3f-4f95-afa8-081853be7ccb","org.testcontainers.version":"1.18.0"}},"NetworkSettings":{"Bridge":"","SandboxID":"d265e68e2afe307f1ab03fab083f2c0477cba31e9f26759f52b94e045d1847fb","HairpinMode":false,"LinkLocalIPv6Address":"","LinkLocalIPv6PrefixLen":0,"Ports":{"3306/tcp":[{"HostIp":"0.0.0.0","HostPort":"32782"},{"HostIp":"::","HostPort":"32782"}]},"SandboxKey":"/var/run/docker/netns/d265e68e2afe","SecondaryIPAddresses":null,"SecondaryIPv6Addresses":null,"EndpointID":"97b4c81a7665dcad3863174204db678dde492e2a2b2f11f6ef1c683b5d76146b","Gateway":"172.17.0.1","GlobalIPv6Address":"","GlobalIPv6PrefixLen":0,"IPAddress":"172.17.0.3","IPPrefixLen":16,"IPv6Gateway":"","MacAddress":"02:42:ac:11:00:03","Networks":{"bridge":{"IPAMConfig":null,"Links":null,"Aliases":null,"NetworkID":"e1a078e12eb8d77b497ed932f7fb43787eeb6ff6972febd7d03c9282b8b5cd45","EndpointID":"97b4c81a7665dcad3863174204db678dde492e2a2b2f11f6ef1c683b5d76146b","Gateway":"172.17.0.1","IPAddress":"172.17.0.3","IPPrefixLen":16,"IPv6Gateway":"","GlobalIPv6Address":"","GlobalIPv6PrefixLen":0,"MacAddress":"02:42:ac:11:00:03","DriverOpts":null}}}}[\n]"
&amp#27;[0;39m2023-05-08 13:19:06,417 [main] &amp#27;[39mDEBUG&amp#27;[0;39m &amp#27;[36mc.g.d.z.s.o.a.hc.client5.http.wire&amp#27;[0;39m - &amp#27;[32mhttp-outgoing-1 << "[\r][\n]"
&amp#27;[0;39m2023-05-08 13:19:06,417 [main] &amp#27;[39mDEBUG&amp#27;[0;39m &amp#27;[36mc.g.d.z.s.o.a.hc.client5.http.wire&amp#27;[0;39m - &amp#27;[32mhttp-outgoing-1 << "0[\r][\n]"
&amp#27;[0;39m2023-05-08 13:19:06,417 [main] &amp#27;[39mDEBUG&amp#27;[0;39m &amp#27;[36mc.g.d.z.s.o.a.hc.client5.http.wire&amp#27;[0;39m - &amp#27;[32mhttp-outgoing-1 << "[\r][\n]"
&amp#27;[0;39m2023-05-08 13:19:06,417 [main] &amp#27;[39mDEBUG&amp#27;[0;39m &amp#27;[36mc.g.d.z.s.o.a.h.client5.http.headers&amp#27;[0;39m - &amp#27;[32mhttp-outgoing-1 << HTTP/1.1 200 OK
&amp#27;[0;39m2023-05-08 13:19:06,417 [main] &amp#27;[39mDEBUG&amp#27;[0;39m &amp#27;[36mc.g.d.z.s.o.a.h.client5.http.headers&amp#27;[0;39m - &amp#27;[32mhttp-outgoing-1 << Api-Version: 1.42
&amp#27;[0;39m2023-05-08 13:19:06,417 [main] &amp#27;[39mDEBUG&amp#27;[0;39m &amp#27;[36mc.g.d.z.s.o.a.h.client5.http.headers&amp#27;[0;39m - &amp#27;[32mhttp-outgoing-1 << Content-Type: application/json
&amp#27;[0;39m2023-05-08 13:19:06,417 [main] &amp#27;[39mDEBUG&amp#27;[0;39m &amp#27;[36mc.g.d.z.s.o.a.h.client5.http.headers&amp#27;[0;39m - &amp#27;[32mhttp-outgoing-1 << Docker-Experimental: false
&amp#27;[0;39m2023-05-08 13:19:06,417 [main] &amp#27;[39mDEBUG&amp#27;[0;39m &amp#27;[36mc.g.d.z.s.o.a.h.client5.http.headers&amp#27;[0;39m - &amp#27;[32mhttp-outgoing-1 << Ostype: linux
&amp#27;[0;39m2023-05-08 13:19:06,417 [main] &amp#27;[39mDEBUG&amp#27;[0;39m &amp#27;[36mc.g.d.z.s.o.a.h.client5.http.headers&amp#27;[0;39m - &amp#27;[32mhttp-outgoing-1 << Server: Docker/23.0.5 (linux)
&amp#27;[0;39m2023-05-08 13:19:06,417 [main] &amp#27;[39mDEBUG&amp#27;[0;39m &amp#27;[36mc.g.d.z.s.o.a.h.client5.http.headers&amp#27;[0;39m - &amp#27;[32mhttp-outgoing-1 << Date: Mon, 08 May 2023 11:19:06 GMT
&amp#27;[0;39m2023-05-08 13:19:06,417 [main] &amp#27;[39mDEBUG&amp#27;[0;39m &amp#27;[36mc.g.d.z.s.o.a.h.client5.http.headers&amp#27;[0;39m - &amp#27;[32mhttp-outgoing-1 << Transfer-Encoding: chunked
&amp#27;[0;39m2023-05-08 13:19:06,417 [main] &amp#27;[39mDEBUG&amp#27;[0;39m &amp#27;[36mc.g.d.z.s.o.a.h.c.h.i.c.MainClientExec&amp#27;[0;39m - &amp#27;[32mex-00000087: connection can be kept alive for 3 MINUTES
&amp#27;[0;39m2023-05-08 13:19:06,418 [main] &amp#27;[39mDEBUG&amp#27;[0;39m &amp#27;[36mc.g.d.z.s.o.a.h.c.h.i.c.InternalHttpClient&amp#27;[0;39m - &amp#27;[32mep-00000086: releasing valid endpoint
&amp#27;[0;39m2023-05-08 13:19:06,418 [main] &amp#27;[39mDEBUG&amp#27;[0;39m &amp#27;[36mc.g.d.z.s.o.a.h.c.h.i.i.PoolingHttpClientConnectionManager&amp#27;[0;39m - &amp#27;[32mep-00000086: releasing endpoint
&amp#27;[0;39m2023-05-08 13:19:06,418 [main] &amp#27;[39mDEBUG&amp#27;[0;39m &amp#27;[36mc.g.d.z.s.o.a.h.c.h.i.i.PoolingHttpClientConnectionManager&amp#27;[0;39m - &amp#27;[32mep-00000086: connection http-outgoing-1 can be kept alive for 3 MINUTES
&amp#27;[0;39m2023-05-08 13:19:06,418 [main] &amp#27;[39mDEBUG&amp#27;[0;39m &amp#27;[36mc.g.d.z.s.o.a.h.c.h.i.i.PoolingHttpClientConnectionManager&amp#27;[0;39m - &amp#27;[32mep-00000086: connection released [route: {}->unix://localhost:2375][total available: 1; route allocated: 1 of 2147483647; total allocated: 1 of 2147483647]
&amp#27;[0;39m2023-05-08 13:19:06,418 [main] &amp#27;[39mDEBUG&amp#27;[0;39m &amp#27;[36mtc.mysql:8.0.0&amp#27;[0;39m - &amp#27;[32mTrying to create JDBC connection using com.mysql.cj.jdbc.Driver to jdbc:mysql://localhost:32782/test?useSSL=false&allowPublicKeyRetrieval=true with properties: {password=test, user=test}
&amp#27;[0;39m2023-05-08 13:19:06,520 [main] &amp#27;[39mDEBUG&amp#27;[0;39m &amp#27;[36mo.t.s.c.g.d.c.command.AbstrDockerCmd&amp#27;[0;39m - &amp#27;[32mCmd: 0739339bbc624082fb5e41f62f4a622236ffe4974bf12b2847105b726085e02b,false
&amp#27;[0;39m2023-05-08 13:19:06,520 [main] &amp#27;[39mDEBUG&amp#27;[0;39m &amp#27;[36mo.t.s.c.g.d.c.e.InspectContainerCmdExec&amp#27;[0;39m - &amp#27;[32mGET: DefaultWebTarget{path=[/containers/0739339bbc624082fb5e41f62f4a622236ffe4974bf12b2847105b726085e02b/json], queryParams={}}
&amp#27;[0;39m2023-05-08 13:19:06,520 [main] &amp#27;[39mDEBUG&amp#27;[0;39m &amp#27;[36mc.g.d.z.s.o.a.h.c.h.i.c.InternalHttpClient&amp#27;[0;39m - &amp#27;[32mex-00000088: preparing request execution
&amp#27;[0;39m2023-05-08 13:19:06,520 [main] &amp#27;[39mDEBUG&amp#27;[0;39m &amp#27;[36mc.g.d.z.s.o.a.h.c.h.p.RequestAddCookies&amp#27;[0;39m - &amp#27;[32mCookie spec selected: strict
&amp#27;[0;39m2023-05-08 13:19:06,520 [main] &amp#27;[39mDEBUG&amp#27;[0;39m &amp#27;[36mc.g.d.z.s.o.a.h.c.h.p.RequestAuthCache&amp#27;[0;39m - &amp#27;[32mAuth cache not set in the context
&amp#27;[0;39m2023-05-08 13:19:06,520 [main] &amp#27;[39mDEBUG&amp#27;[0;39m &amp#27;[36mc.g.d.z.s.o.a.h.c.h.i.c.ProtocolExec&amp#27;[0;39m - &amp#27;[32mex-00000088: target auth state: UNCHALLENGED
&amp#27;[0;39m2023-05-08 13:19:06,520 [main] &amp#27;[39mDEBUG&amp#27;[0;39m &amp#27;[36mc.g.d.z.s.o.a.h.c.h.i.c.ProtocolExec&amp#27;[0;39m - &amp#27;[32mex-00000088: proxy auth state: UNCHALLENGED
&amp#27;[0;39m2023-05-08 13:19:06,520 [main] &amp#27;[39mDEBUG&amp#27;[0;39m &amp#27;[36mc.g.d.z.s.o.a.h.c.h.i.c.ConnectExec&amp#27;[0;39m - &amp#27;[32mex-00000088: acquiring connection with route {}->unix://localhost:2375
&amp#27;[0;39m2023-05-08 13:19:06,520 [main] &amp#27;[39mDEBUG&amp#27;[0;39m &amp#27;[36mc.g.d.z.s.o.a.h.c.h.i.c.InternalHttpClient&amp#27;[0;39m - &amp#27;[32mex-00000088: acquiring endpoint (3 MINUTES)
&amp#27;[0;39m2023-05-08 13:19:06,521 [main] &amp#27;[39mDEBUG&amp#27;[0;39m &amp#27;[36mc.g.d.z.s.o.a.h.c.h.i.i.PoolingHttpClientConnectionManager&amp#27;[0;39m - &amp#27;[32mex-00000088: endpoint lease request (3 MINUTES) [route: {}->unix://localhost:2375][total available: 1; route allocated: 1 of 2147483647; total allocated: 1 of 2147483647]
&amp#27;[0;39m2023-05-08 13:19:06,521 [main] &amp#27;[39mDEBUG&amp#27;[0;39m &amp#27;[36mc.g.d.z.s.o.a.h.c.h.i.i.PoolingHttpClientConnectionManager&amp#27;[0;39m - &amp#27;[32mex-00000088: endpoint leased [route: {}->unix://localhost:2375][total available: 0; route allocated: 1 of 2147483647; total allocated: 1 of 2147483647]
&amp#27;[0;39m2023-05-08 13:19:06,521 [main] &amp#27;[39mDEBUG&amp#27;[0;39m &amp#27;[36mc.g.d.z.s.o.a.h.c.h.i.i.PoolingHttpClientConnectionManager&amp#27;[0;39m - &amp#27;[32mex-00000088: acquired ep-00000087
&amp#27;[0;39m2023-05-08 13:19:06,521 [main] &amp#27;[39mDEBUG&amp#27;[0;39m &amp#27;[36mc.g.d.z.s.o.a.h.c.h.i.c.InternalHttpClient&amp#27;[0;39m - &amp#27;[32mex-00000088: acquired endpoint ep-00000087
&amp#27;[0;39m2023-05-08 13:19:06,521 [main] &amp#27;[39mDEBUG&amp#27;[0;39m &amp#27;[36mc.g.d.z.s.o.a.h.c.h.i.c.MainClientExec&amp#27;[0;39m - &amp#27;[32mex-00000088: executing GET /v1.32/containers/0739339bbc624082fb5e41f62f4a622236ffe4974bf12b2847105b726085e02b/json HTTP/1.1
&amp#27;[0;39m2023-05-08 13:19:06,521 [main] &amp#27;[39mDEBUG&amp#27;[0;39m &amp#27;[36mc.g.d.z.s.o.a.h.c.h.i.c.InternalHttpClient&amp#27;[0;39m - &amp#27;[32mep-00000087: start execution ex-00000088
&amp#27;[0;39m2023-05-08 13:19:06,521 [main] &amp#27;[39mDEBUG&amp#27;[0;39m &amp#27;[36mc.g.d.z.s.o.a.h.c.h.i.i.PoolingHttpClientConnectionManager&amp#27;[0;39m - &amp#27;[32mep-00000087: executing exchange ex-00000088 over http-outgoing-1
&amp#27;[0;39m2023-05-08 13:19:06,521 [main] &amp#27;[39mDEBUG&amp#27;[0;39m &amp#27;[36mc.g.d.z.s.o.a.h.client5.http.headers&amp#27;[0;39m - &amp#27;[32mhttp-outgoing-1 >> GET /v1.32/containers/0739339bbc624082fb5e41f62f4a622236ffe4974bf12b2847105b726085e02b/json HTTP/1.1
&amp#27;[0;39m2023-05-08 13:19:06,521 [main] &amp#27;[39mDEBUG&amp#27;[0;39m &amp#27;[36mc.g.d.z.s.o.a.h.client5.http.headers&amp#27;[0;39m - &amp#27;[32mhttp-outgoing-1 >> accept: application/json
&amp#27;[0;39m2023-05-08 13:19:06,521 [main] &amp#27;[39mDEBUG&amp#27;[0;39m &amp#27;[36mc.g.d.z.s.o.a.h.client5.http.headers&amp#27;[0;39m - &amp#27;[32mhttp-outgoing-1 >> x-tc-sid: f1b696c1-ec3f-4f95-afa8-081853be7ccb
&amp#27;[0;39m2023-05-08 13:19:06,521 [main] &amp#27;[39mDEBUG&amp#27;[0;39m &amp#27;[36mc.g.d.z.s.o.a.h.client5.http.headers&amp#27;[0;39m - &amp#27;[32mhttp-outgoing-1 >> Accept-Encoding: gzip, x-gzip, deflate
&amp#27;[0;39m2023-05-08 13:19:06,521 [main] &amp#27;[39mDEBUG&amp#27;[0;39m &amp#27;[36mc.g.d.z.s.o.a.h.client5.http.headers&amp#27;[0;39m - &amp#27;[32mhttp-outgoing-1 >> Host: localhost:2375
&amp#27;[0;39m2023-05-08 13:19:06,521 [main] &amp#27;[39mDEBUG&amp#27;[0;39m &amp#27;[36mc.g.d.z.s.o.a.h.client5.http.headers&amp#27;[0;39m - &amp#27;[32mhttp-outgoing-1 >> Connection: keep-alive
&amp#27;[0;39m2023-05-08 13:19:06,521 [main] &amp#27;[39mDEBUG&amp#27;[0;39m &amp#27;[36mc.g.d.z.s.o.a.h.client5.http.headers&amp#27;[0;39m - &amp#27;[32mhttp-outgoing-1 >> User-Agent: Apache-HttpClient/5.0.3 (Java/17.0.6)
&amp#27;[0;39m2023-05-08 13:19:06,521 [main] &amp#27;[39mDEBUG&amp#27;[0;39m &amp#27;[36mc.g.d.z.s.o.a.hc.client5.http.wire&amp#27;[0;39m - &amp#27;[32mhttp-outgoing-1 >> "GET /v1.32/containers/0739339bbc624082fb5e41f62f4a622236ffe4974bf12b2847105b726085e02b/json HTTP/1.1[\r][\n]"
&amp#27;[0;39m2023-05-08 13:19:06,521 [main] &amp#27;[39mDEBUG&amp#27;[0;39m &amp#27;[36mc.g.d.z.s.o.a.hc.client5.http.wire&amp#27;[0;39m - &amp#27;[32mhttp-outgoing-1 >> "accept: application/json[\r][\n]"
&amp#27;[0;39m2023-05-08 13:19:06,521 [main] &amp#27;[39mDEBUG&amp#27;[0;39m &amp#27;[36mc.g.d.z.s.o.a.hc.client5.http.wire&amp#27;[0;39m - &amp#27;[32mhttp-outgoing-1 >> "x-tc-sid: f1b696c1-ec3f-4f95-afa8-081853be7ccb[\r][\n]"
&amp#27;[0;39m2023-05-08 13:19:06,521 [main] &amp#27;[39mDEBUG&amp#27;[0;39m &amp#27;[36mc.g.d.z.s.o.a.hc.client5.http.wire&amp#27;[0;39m - &amp#27;[32mhttp-outgoing-1 >> "Accept-Encoding: gzip, x-gzip, deflate[\r][\n]"
&amp#27;[0;39m2023-05-08 13:19:06,521 [main] &amp#27;[39mDEBUG&amp#27;[0;39m &amp#27;[36mc.g.d.z.s.o.a.hc.client5.http.wire&amp#27;[0;39m - &amp#27;[32mhttp-outgoing-1 >> "Host: localhost:2375[\r][\n]"
&amp#27;[0;39m2023-05-08 13:19:06,521 [main] &amp#27;[39mDEBUG&amp#27;[0;39m &amp#27;[36mc.g.d.z.s.o.a.hc.client5.http.wire&amp#27;[0;39m - &amp#27;[32mhttp-outgoing-1 >> "Connection: keep-alive[\r][\n]"
&amp#27;[0;39m2023-05-08 13:19:06,521 [main] &amp#27;[39mDEBUG&amp#27;[0;39m &amp#27;[36mc.g.d.z.s.o.a.hc.client5.http.wire&amp#27;[0;39m - &amp#27;[32mhttp-outgoing-1 >> "User-Agent: Apache-HttpClient/5.0.3 (Java/17.0.6)[\r][\n]"
&amp#27;[0;39m2023-05-08 13:19:06,521 [main] &amp#27;[39mDEBUG&amp#27;[0;39m &amp#27;[36mc.g.d.z.s.o.a.hc.client5.http.wire&amp#27;[0;39m - &amp#27;[32mhttp-outgoing-1 >> "[\r][\n]"
&amp#27;[0;39m2023-05-08 13:19:06,521 [main] &amp#27;[39mDEBUG&amp#27;[0;39m &amp#27;[36mc.g.d.z.s.o.a.hc.client5.http.wire&amp#27;[0;39m - &amp#27;[32mhttp-outgoing-1 << "HTTP/1.1 200 OK[\r][\n]"
&amp#27;[0;39m2023-05-08 13:19:06,521 [main] &amp#27;[39mDEBUG&amp#27;[0;39m &amp#27;[36mc.g.d.z.s.o.a.hc.client5.http.wire&amp#27;[0;39m - &amp#27;[32mhttp-outgoing-1 << "Api-Version: 1.42[\r][\n]"
&amp#27;[0;39m2023-05-08 13:19:06,521 [main] &amp#27;[39mDEBUG&amp#27;[0;39m &amp#27;[36mc.g.d.z.s.o.a.hc.client5.http.wire&amp#27;[0;39m - &amp#27;[32mhttp-outgoing-1 << "Content-Type: application/json[\r][\n]"
&amp#27;[0;39m2023-05-08 13:19:06,521 [main] &amp#27;[39mDEBUG&amp#27;[0;39m &amp#27;[36mc.g.d.z.s.o.a.hc.client5.http.wire&amp#27;[0;39m - &amp#27;[32mhttp-outgoing-1 << "Docker-Experimental: false[\r][\n]"
&amp#27;[0;39m2023-05-08 13:19:06,521 [main] &amp#27;[39mDEBUG&amp#27;[0;39m &amp#27;[36mc.g.d.z.s.o.a.hc.client5.http.wire&amp#27;[0;39m - &amp#27;[32mhttp-outgoing-1 << "Ostype: linux[\r][\n]"
&amp#27;[0;39m2023-05-08 13:19:06,521 [main] &amp#27;[39mDEBUG&amp#27;[0;39m &amp#27;[36mc.g.d.z.s.o.a.hc.client5.http.wire&amp#27;[0;39m - &amp#27;[32mhttp-outgoing-1 << "Server: Docker/23.0.5 (linux)[\r][\n]"
&amp#27;[0;39m2023-05-08 13:19:06,521 [main] &amp#27;[39mDEBUG&amp#27;[0;39m &amp#27;[36mc.g.d.z.s.o.a.hc.client5.http.wire&amp#27;[0;39m - &amp#27;[32mhttp-outgoing-1 << "Date: Mon, 08 May 2023 11:19:06 GMT[\r][\n]"
&amp#27;[0;39m2023-05-08 13:19:06,521 [main] &amp#27;[39mDEBUG&amp#27;[0;39m &amp#27;[36mc.g.d.z.s.o.a.hc.client5.http.wire&amp#27;[0;39m - &amp#27;[32mhttp-outgoing-1 << "Transfer-Encoding: chunked[\r][\n]"
&amp#27;[0;39m2023-05-08 13:19:06,521 [main] &amp#27;[39mDEBUG&amp#27;[0;39m &amp#27;[36mc.g.d.z.s.o.a.hc.client5.http.wire&amp#27;[0;39m - &amp#27;[32mhttp-outgoing-1 << "[\r][\n]"
&amp#27;[0;39m2023-05-08 13:19:06,521 [main] &amp#27;[39mDEBUG&amp#27;[0;39m &amp#27;[36mc.g.d.z.s.o.a.hc.client5.http.wire&amp#27;[0;39m - &amp#27;[32mhttp-outgoing-1 << "1893[\r][\n]"
&amp#27;[0;39m2023-05-08 13:19:06,521 [main] &amp#27;[39mDEBUG&amp#27;[0;39m &amp#27;[36mc.g.d.z.s.o.a.hc.client5.http.wire&amp#27;[0;39m - &amp#27;[32mhttp-outgoing-1 << "{"Id":"0739339bbc624082fb5e41f62f4a622236ffe4974bf12b2847105b726085e02b","Created":"2023-05-08T11:19:01.771856188Z","Path":"docker-entrypoint.sh","Args":["mysqld"],"State":{"Status":"running","Running":true,"Paused":false,"Restarting":false,"OOMKilled":false,"Dead":false,"Pid":59514,"ExitCode":0,"Error":"","StartedAt":"2023-05-08T11:19:02.113674386Z","FinishedAt":"0001-01-01T00:00:00Z"},"Image":"sha256:228d71078f8ce5ae9fd96b183f88c3a90e30544b4b7ce9d64a238d05fef2a681","ResolvConfPath":"/var/lib/docker/containers/0739339bbc624082fb5e41f62f4a622236ffe4974bf12b2847105b726085e02b/resolv.conf","HostnamePath":"/var/lib/docker/containers/0739339bbc624082fb5e41f62f4a622236ffe4974bf12b2847105b726085e02b/hostname","HostsPath":"/var/lib/docker/containers/0739339bbc624082fb5e41f62f4a622236ffe4974bf12b2847105b726085e02b/hosts","LogPath":"/var/lib/docker/containers/0739339bbc624082fb5e41f62f4a622236ffe4974bf12b2847105b726085e02b/0739339bbc624082fb5e41f62f4a622236ffe4974bf12b2847105b726085e02b-json.log","Name":"/intelligent_galileo","RestartCount":0,"Driver":"overlay2","Platform":"linux","MountLabel":"","ProcessLabel":"","AppArmorProfile":"docker-default","ExecIDs":null,"HostConfig":{"Binds":[],"ContainerIDFile":"","LogConfig":{"Type":"json-file","Config":{}},"NetworkMode":"default","PortBindings":{"3306/tcp":[{"HostIp":"","HostPort":""}]},"RestartPolicy":{"Name":"","MaximumRetryCount":0},"AutoRemove":false,"VolumeDriver":"","VolumesFrom":[],"ConsoleSize":[0,0],"CapAdd":null,"CapDrop":null,"CgroupnsMode":"private","Dns":null,"DnsOptions":null,"DnsSearch":null,"ExtraHosts":[],"GroupAdd":null,"IpcMode":"shareable","Cgroup":"","Links":null,"OomScoreAdj":0,"PidMode":"","Privileged":false,"PublishAllPorts":false,"ReadonlyRootfs":false,"SecurityOpt":null,"UTSMode":"","UsernsMode":"","ShmSize":67108864,"Runtime":"runc","Isolation":"","CpuShares":0,"Memory":0,"NanoCpus":0,"CgroupParent":"","BlkioWeight":0,"BlkioWeightDevice":null,"BlkioDeviceReadBps":null,"BlkioDeviceWriteBps":null,"BlkioDeviceReadIOps":null,"BlkioDeviceWriteIOps":null,"CpuPeriod":0,"CpuQuota":0,"CpuRealtimePeriod":0,"CpuRealtimeRuntime":0,"CpusetCpus":"","CpusetMems":"","Devices":null,"DeviceCgroupRules":null,"DeviceRequests":null,"MemoryReservation":0,"MemorySwap":0,"MemorySwappiness":null,"OomKillDisable":null,"PidsLimit":null,"Ulimits":null,"CpuCount":0,"CpuPercent":0,"IOMaximumIOps":0,"IOMaximumBandwidth":0,"MaskedPaths":["/proc/asound","/proc/acpi","/proc/kcore","/proc/keys","/proc/latency_stats","/proc/timer_list","/proc/timer_stats","/proc/sched_debug","/proc/scsi","/sys/firmware"],"ReadonlyPaths":["/proc/bus","/proc/fs","/proc/irq","/proc/sys","/proc/sysrq-trigger"]},"GraphDriver":{"Data":{"LowerDir":"/var/lib/docker/overlay2/b481eee7843c17772ada1734203524b4de76785735a50d4c68703d497db0e4ed-init/diff:/var/lib/docker/overlay2/4c6e20f032f02b27a9272f982861dc21998197aa90d94ed3bef95d449380247c/diff:/var/lib/docker/overlay2/0c75f828f603eff839bb3ca448163ab2a8017e86625ac255cd3dbf1673ddac26/diff:/var/lib/docker/overlay2/da128d897fda75829109844ce6cd9d73d0f54c682e735100af000ce899908729/diff:/var/lib/docker/overlay2/b678a1f261bf323afba6d76d91ab7428bdd6e1ef4a39b5224e4a1afd08c0423a/diff:/var/lib/docker/overlay2/1bec43b14875c5f9f814f146e8e31aa78566689c2c163da2ac60a32254988437/diff:/var/lib/docker/overlay2/28f4b1e6e1a7a2dbe30f1f94fb42bccd85a61faf8af1fe30a5bb0d442c525e41/diff:/var/lib/docker/overlay2/0f493124464c291d7c97d2633d5dff04b1dce5de904cb40a34dfbe7fe72e3fd4/diff:/var/lib/docker/overlay2/05befbee9e38cd670e1786b3310e99796dcc06abbed970007b4109a5424843fa/diff:/var/lib/docker/overlay2/582bcca9acfc4eef25109e1e1b9c9d104f355798455bc73e855c99283887a6e8/diff:/var/lib/docker/overlay2/153b3bf0b69e97e8f0e5533414a31ca33fa530e63d174c9617621abe46e7e9d1/diff:/var/lib/docker/overlay2/bf87a76c0a38875ee6e915fd0d2527eafa880ec6bf2c1cb294959428c18d10bd/diff","MergedDir":"/var/lib/docker/overlay2/b481eee7843c17772ada1734203524b4de76785735a50d4c68703d497db0e4ed/merged","UpperDir":"/var/lib/docker/overlay2/b481eee7843c17772ada1734203524b4de76785735a50d4c68703d497db0e4ed/diff","WorkDir":"/var/lib/docker/overlay2/b481eee7843c17772ada1734203524b4de76785735a50d4c68703d497db0e4ed/work"},"Name":"overlay2"},"Mounts":[{"Type":"volume","Name":"ec40278114b76af7b6535b952e685e04a98a51fa16363f5e9f0df1ce601f1dd5","Source":"/var/lib/docker/volumes/ec40278114b76af7b6535b952e685e04a98a51fa16363f5e9f0df1ce601f1dd5/_data","Destination":"/var/lib/mysql","Driver":"local","Mode":"","RW":true,"Propagation":""}],"Config":{"Hostname":"0739339bbc62","Domainname":"","User":"","AttachStdin":false,"AttachStdout":false,"AttachStderr":false,"ExposedPorts":{"3306/tcp":{}},"Tty":false,"OpenStdin":false,"StdinOnce":false,"Env":["MYSQL_DATABASE=test","MYSQL_PASSWORD=test","MYSQL_USER=test","MYSQL_ROOT_PASSWORD=test","PATH=/usr/local/sbin:/usr/local/bin:/usr/sbin:/usr/bin:/sbin:/bin","GOSU_VERSION=1.7","MYSQL_MAJOR=8.0","MYSQL_VERSION=8.0.0-dmr-1debian8"],"Cmd":["mysqld"],"Image":"mysql:8.0.0","Volumes":{"/var/lib/mysql":{}},"WorkingDir":"","Entrypoint":["docker-entrypoint.sh"],"OnBuild":null,"Labels":{"org.testcontainers":"true","org.testcontainers.lang":"java","org.testcontainers.sessionId":"f1b696c1-ec3f-4f95-afa8-081853be7ccb","org.testcontainers.version":"1.18.0"}},"NetworkSettings":{"Bridge":"","SandboxID":"d265e68e2afe307f1ab03fab083f2c0477cba31e9f26759f52b94e045d1847fb","HairpinMode":false,"LinkLocalIPv6Address":"","LinkLocalIPv6PrefixLen":0,"Ports":{"3306/tcp":[{"HostIp":"0.0.0.0","HostPort":"32782"},{"HostIp":"::","HostPort":"32782"}]},"SandboxKey":"/var/run/docker/netns/d265e68e2afe","SecondaryIPAddresses":null,"SecondaryIPv6Addresses":null,"EndpointID":"97b4c81a7665dcad3863174204db678dde492e2a2b2f11f6ef1c683b5d76146b","Gateway":"172.17.0.1","GlobalIPv6Address":"","GlobalIPv6PrefixLen":0,"IPAddress":"172.17.0.3","IPPrefixLen":16,"IPv6Gateway":"","MacAddress":"02:42:ac:11:00:03","Networks":{"bridge":{"IPAMConfig":null,"Links":null,"Aliases":null,"NetworkID":"e1a078e12eb8d77b497ed932f7fb43787eeb6ff6972febd7d03c9282b8b5cd45","EndpointID":"97b4c81a7665dcad3863174204db678dde492e2a2b2f11f6ef1c683b5d76146b","Gateway":"172.17.0.1","IPAddress":"172.17.0.3","IPPrefixLen":16,"IPv6Gateway":"","GlobalIPv6Address":"","GlobalIPv6PrefixLen":0,"MacAddress":"02:42:ac:11:00:03","DriverOpts":null}}}}[\n]"
&amp#27;[0;39m2023-05-08 13:19:06,522 [main] &amp#27;[39mDEBUG&amp#27;[0;39m &amp#27;[36mc.g.d.z.s.o.a.hc.client5.http.wire&amp#27;[0;39m - &amp#27;[32mhttp-outgoing-1 << "[\r][\n]"
&amp#27;[0;39m2023-05-08 13:19:06,522 [main] &amp#27;[39mDEBUG&amp#27;[0;39m &amp#27;[36mc.g.d.z.s.o.a.hc.client5.http.wire&amp#27;[0;39m - &amp#27;[32mhttp-outgoing-1 << "0[\r][\n]"
&amp#27;[0;39m2023-05-08 13:19:06,522 [main] &amp#27;[39mDEBUG&amp#27;[0;39m &amp#27;[36mc.g.d.z.s.o.a.hc.client5.http.wire&amp#27;[0;39m - &amp#27;[32mhttp-outgoing-1 << "[\r][\n]"
&amp#27;[0;39m2023-05-08 13:19:06,522 [main] &amp#27;[39mDEBUG&amp#27;[0;39m &amp#27;[36mc.g.d.z.s.o.a.h.client5.http.headers&amp#27;[0;39m - &amp#27;[32mhttp-outgoing-1 << HTTP/1.1 200 OK
&amp#27;[0;39m2023-05-08 13:19:06,522 [main] &amp#27;[39mDEBUG&amp#27;[0;39m &amp#27;[36mc.g.d.z.s.o.a.h.client5.http.headers&amp#27;[0;39m - &amp#27;[32mhttp-outgoing-1 << Api-Version: 1.42
&amp#27;[0;39m2023-05-08 13:19:06,522 [main] &amp#27;[39mDEBUG&amp#27;[0;39m &amp#27;[36mc.g.d.z.s.o.a.h.client5.http.headers&amp#27;[0;39m - &amp#27;[32mhttp-outgoing-1 << Content-Type: application/json
&amp#27;[0;39m2023-05-08 13:19:06,522 [main] &amp#27;[39mDEBUG&amp#27;[0;39m &amp#27;[36mc.g.d.z.s.o.a.h.client5.http.headers&amp#27;[0;39m - &amp#27;[32mhttp-outgoing-1 << Docker-Experimental: false
&amp#27;[0;39m2023-05-08 13:19:06,522 [main] &amp#27;[39mDEBUG&amp#27;[0;39m &amp#27;[36mc.g.d.z.s.o.a.h.client5.http.headers&amp#27;[0;39m - &amp#27;[32mhttp-outgoing-1 << Ostype: linux
&amp#27;[0;39m2023-05-08 13:19:06,522 [main] &amp#27;[39mDEBUG&amp#27;[0;39m &amp#27;[36mc.g.d.z.s.o.a.h.client5.http.headers&amp#27;[0;39m - &amp#27;[32mhttp-outgoing-1 << Server: Docker/23.0.5 (linux)
&amp#27;[0;39m2023-05-08 13:19:06,522 [main] &amp#27;[39mDEBUG&amp#27;[0;39m &amp#27;[36mc.g.d.z.s.o.a.h.client5.http.headers&amp#27;[0;39m - &amp#27;[32mhttp-outgoing-1 << Date: Mon, 08 May 2023 11:19:06 GMT
&amp#27;[0;39m2023-05-08 13:19:06,522 [main] &amp#27;[39mDEBUG&amp#27;[0;39m &amp#27;[36mc.g.d.z.s.o.a.h.client5.http.headers&amp#27;[0;39m - &amp#27;[32mhttp-outgoing-1 << Transfer-Encoding: chunked
&amp#27;[0;39m2023-05-08 13:19:06,522 [main] &amp#27;[39mDEBUG&amp#27;[0;39m &amp#27;[36mc.g.d.z.s.o.a.h.c.h.i.c.MainClientExec&amp#27;[0;39m - &amp#27;[32mex-00000088: connection can be kept alive for 3 MINUTES
&amp#27;[0;39m2023-05-08 13:19:06,522 [main] &amp#27;[39mDEBUG&amp#27;[0;39m &amp#27;[36mc.g.d.z.s.o.a.h.c.h.i.c.InternalHttpClient&amp#27;[0;39m - &amp#27;[32mep-00000087: releasing valid endpoint
&amp#27;[0;39m2023-05-08 13:19:06,522 [main] &amp#27;[39mDEBUG&amp#27;[0;39m &amp#27;[36mc.g.d.z.s.o.a.h.c.h.i.i.PoolingHttpClientConnectionManager&amp#27;[0;39m - &amp#27;[32mep-00000087: releasing endpoint
&amp#27;[0;39m2023-05-08 13:19:06,522 [main] &amp#27;[39mDEBUG&amp#27;[0;39m &amp#27;[36mc.g.d.z.s.o.a.h.c.h.i.i.PoolingHttpClientConnectionManager&amp#27;[0;39m - &amp#27;[32mep-00000087: connection http-outgoing-1 can be kept alive for 3 MINUTES
&amp#27;[0;39m2023-05-08 13:19:06,522 [main] &amp#27;[39mDEBUG&amp#27;[0;39m &amp#27;[36mc.g.d.z.s.o.a.h.c.h.i.i.PoolingHttpClientConnectionManager&amp#27;[0;39m - &amp#27;[32mep-00000087: connection released [route: {}->unix://localhost:2375][total available: 1; route allocated: 1 of 2147483647; total allocated: 1 of 2147483647]
&amp#27;[0;39m2023-05-08 13:19:06,523 [main] &amp#27;[39mDEBUG&amp#27;[0;39m &amp#27;[36mtc.mysql:8.0.0&amp#27;[0;39m - &amp#27;[32mTrying to create JDBC connection using com.mysql.cj.jdbc.Driver to jdbc:mysql://localhost:32782/test?useSSL=false&allowPublicKeyRetrieval=true with properties: {password=test, user=test}
&amp#27;[0;39m2023-05-08 13:19:06,624 [main] &amp#27;[39mDEBUG&amp#27;[0;39m &amp#27;[36mo.t.s.c.g.d.c.command.AbstrDockerCmd&amp#27;[0;39m - &amp#27;[32mCmd: 0739339bbc624082fb5e41f62f4a622236ffe4974bf12b2847105b726085e02b,false
&amp#27;[0;39m2023-05-08 13:19:06,624 [main] &amp#27;[39mDEBUG&amp#27;[0;39m &amp#27;[36mo.t.s.c.g.d.c.e.InspectContainerCmdExec&amp#27;[0;39m - &amp#27;[32mGET: DefaultWebTarget{path=[/containers/0739339bbc624082fb5e41f62f4a622236ffe4974bf12b2847105b726085e02b/json], queryParams={}}
&amp#27;[0;39m2023-05-08 13:19:06,624 [main] &amp#27;[39mDEBUG&amp#27;[0;39m &amp#27;[36mc.g.d.z.s.o.a.h.c.h.i.c.InternalHttpClient&amp#27;[0;39m - &amp#27;[32mex-00000089: preparing request execution
&amp#27;[0;39m2023-05-08 13:19:06,624 [main] &amp#27;[39mDEBUG&amp#27;[0;39m &amp#27;[36mc.g.d.z.s.o.a.h.c.h.p.RequestAddCookies&amp#27;[0;39m - &amp#27;[32mCookie spec selected: strict
&amp#27;[0;39m2023-05-08 13:19:06,624 [main] &amp#27;[39mDEBUG&amp#27;[0;39m &amp#27;[36mc.g.d.z.s.o.a.h.c.h.p.RequestAuthCache&amp#27;[0;39m - &amp#27;[32mAuth cache not set in the context
&amp#27;[0;39m2023-05-08 13:19:06,624 [main] &amp#27;[39mDEBUG&amp#27;[0;39m &amp#27;[36mc.g.d.z.s.o.a.h.c.h.i.c.ProtocolExec&amp#27;[0;39m - &amp#27;[32mex-00000089: target auth state: UNCHALLENGED
&amp#27;[0;39m2023-05-08 13:19:06,624 [main] &amp#27;[39mDEBUG&amp#27;[0;39m &amp#27;[36mc.g.d.z.s.o.a.h.c.h.i.c.ProtocolExec&amp#27;[0;39m - &amp#27;[32mex-00000089: proxy auth state: UNCHALLENGED
&amp#27;[0;39m2023-05-08 13:19:06,624 [main] &amp#27;[39mDEBUG&amp#27;[0;39m &amp#27;[36mc.g.d.z.s.o.a.h.c.h.i.c.ConnectExec&amp#27;[0;39m - &amp#27;[32mex-00000089: acquiring connection with route {}->unix://localhost:2375
&amp#27;[0;39m2023-05-08 13:19:06,624 [main] &amp#27;[39mDEBUG&amp#27;[0;39m &amp#27;[36mc.g.d.z.s.o.a.h.c.h.i.c.InternalHttpClient&amp#27;[0;39m - &amp#27;[32mex-00000089: acquiring endpoint (3 MINUTES)
&amp#27;[0;39m2023-05-08 13:19:06,624 [main] &amp#27;[39mDEBUG&amp#27;[0;39m &amp#27;[36mc.g.d.z.s.o.a.h.c.h.i.i.PoolingHttpClientConnectionManager&amp#27;[0;39m - &amp#27;[32mex-00000089: endpoint lease request (3 MINUTES) [route: {}->unix://localhost:2375][total available: 1; route allocated: 1 of 2147483647; total allocated: 1 of 2147483647]
&amp#27;[0;39m2023-05-08 13:19:06,624 [main] &amp#27;[39mDEBUG&amp#27;[0;39m &amp#27;[36mc.g.d.z.s.o.a.h.c.h.i.i.PoolingHttpClientConnectionManager&amp#27;[0;39m - &amp#27;[32mex-00000089: endpoint leased [route: {}->unix://localhost:2375][total available: 0; route allocated: 1 of 2147483647; total allocated: 1 of 2147483647]
&amp#27;[0;39m2023-05-08 13:19:06,624 [main] &amp#27;[39mDEBUG&amp#27;[0;39m &amp#27;[36mc.g.d.z.s.o.a.h.c.h.i.i.PoolingHttpClientConnectionManager&amp#27;[0;39m - &amp#27;[32mex-00000089: acquired ep-00000088
&amp#27;[0;39m2023-05-08 13:19:06,624 [main] &amp#27;[39mDEBUG&amp#27;[0;39m &amp#27;[36mc.g.d.z.s.o.a.h.c.h.i.c.InternalHttpClient&amp#27;[0;39m - &amp#27;[32mex-00000089: acquired endpoint ep-00000088
&amp#27;[0;39m2023-05-08 13:19:06,624 [main] &amp#27;[39mDEBUG&amp#27;[0;39m &amp#27;[36mc.g.d.z.s.o.a.h.c.h.i.c.MainClientExec&amp#27;[0;39m - &amp#27;[32mex-00000089: executing GET /v1.32/containers/0739339bbc624082fb5e41f62f4a622236ffe4974bf12b2847105b726085e02b/json HTTP/1.1
&amp#27;[0;39m2023-05-08 13:19:06,624 [main] &amp#27;[39mDEBUG&amp#27;[0;39m &amp#27;[36mc.g.d.z.s.o.a.h.c.h.i.c.InternalHttpClient&amp#27;[0;39m - &amp#27;[32mep-00000088: start execution ex-00000089
&amp#27;[0;39m2023-05-08 13:19:06,624 [main] &amp#27;[39mDEBUG&amp#27;[0;39m &amp#27;[36mc.g.d.z.s.o.a.h.c.h.i.i.PoolingHttpClientConnectionManager&amp#27;[0;39m - &amp#27;[32mep-00000088: executing exchange ex-00000089 over http-outgoing-1
&amp#27;[0;39m2023-05-08 13:19:06,624 [main] &amp#27;[39mDEBUG&amp#27;[0;39m &amp#27;[36mc.g.d.z.s.o.a.h.client5.http.headers&amp#27;[0;39m - &amp#27;[32mhttp-outgoing-1 >> GET /v1.32/containers/0739339bbc624082fb5e41f62f4a622236ffe4974bf12b2847105b726085e02b/json HTTP/1.1
&amp#27;[0;39m2023-05-08 13:19:06,624 [main] &amp#27;[39mDEBUG&amp#27;[0;39m &amp#27;[36mc.g.d.z.s.o.a.h.client5.http.headers&amp#27;[0;39m - &amp#27;[32mhttp-outgoing-1 >> accept: application/json
&amp#27;[0;39m2023-05-08 13:19:06,624 [main] &amp#27;[39mDEBUG&amp#27;[0;39m &amp#27;[36mc.g.d.z.s.o.a.h.client5.http.headers&amp#27;[0;39m - &amp#27;[32mhttp-outgoing-1 >> x-tc-sid: f1b696c1-ec3f-4f95-afa8-081853be7ccb
&amp#27;[0;39m2023-05-08 13:19:06,624 [main] &amp#27;[39mDEBUG&amp#27;[0;39m &amp#27;[36mc.g.d.z.s.o.a.h.client5.http.headers&amp#27;[0;39m - &amp#27;[32mhttp-outgoing-1 >> Accept-Encoding: gzip, x-gzip, deflate
&amp#27;[0;39m2023-05-08 13:19:06,624 [main] &amp#27;[39mDEBUG&amp#27;[0;39m &amp#27;[36mc.g.d.z.s.o.a.h.client5.http.headers&amp#27;[0;39m - &amp#27;[32mhttp-outgoing-1 >> Host: localhost:2375
&amp#27;[0;39m2023-05-08 13:19:06,624 [main] &amp#27;[39mDEBUG&amp#27;[0;39m &amp#27;[36mc.g.d.z.s.o.a.h.client5.http.headers&amp#27;[0;39m - &amp#27;[32mhttp-outgoing-1 >> Connection: keep-alive
&amp#27;[0;39m2023-05-08 13:19:06,624 [main] &amp#27;[39mDEBUG&amp#27;[0;39m &amp#27;[36mc.g.d.z.s.o.a.h.client5.http.headers&amp#27;[0;39m - &amp#27;[32mhttp-outgoing-1 >> User-Agent: Apache-HttpClient/5.0.3 (Java/17.0.6)
&amp#27;[0;39m2023-05-08 13:19:06,624 [main] &amp#27;[39mDEBUG&amp#27;[0;39m &amp#27;[36mc.g.d.z.s.o.a.hc.client5.http.wire&amp#27;[0;39m - &amp#27;[32mhttp-outgoing-1 >> "GET /v1.32/containers/0739339bbc624082fb5e41f62f4a622236ffe4974bf12b2847105b726085e02b/json HTTP/1.1[\r][\n]"
&amp#27;[0;39m2023-05-08 13:19:06,624 [main] &amp#27;[39mDEBUG&amp#27;[0;39m &amp#27;[36mc.g.d.z.s.o.a.hc.client5.http.wire&amp#27;[0;39m - &amp#27;[32mhttp-outgoing-1 >> "accept: application/json[\r][\n]"
&amp#27;[0;39m2023-05-08 13:19:06,624 [main] &amp#27;[39mDEBUG&amp#27;[0;39m &amp#27;[36mc.g.d.z.s.o.a.hc.client5.http.wire&amp#27;[0;39m - &amp#27;[32mhttp-outgoing-1 >> "x-tc-sid: f1b696c1-ec3f-4f95-afa8-081853be7ccb[\r][\n]"
&amp#27;[0;39m2023-05-08 13:19:06,624 [main] &amp#27;[39mDEBUG&amp#27;[0;39m &amp#27;[36mc.g.d.z.s.o.a.hc.client5.http.wire&amp#27;[0;39m - &amp#27;[32mhttp-outgoing-1 >> "Accept-Encoding: gzip, x-gzip, deflate[\r][\n]"
&amp#27;[0;39m2023-05-08 13:19:06,624 [main] &amp#27;[39mDEBUG&amp#27;[0;39m &amp#27;[36mc.g.d.z.s.o.a.hc.client5.http.wire&amp#27;[0;39m - &amp#27;[32mhttp-outgoing-1 >> "Host: localhost:2375[\r][\n]"
&amp#27;[0;39m2023-05-08 13:19:06,624 [main] &amp#27;[39mDEBUG&amp#27;[0;39m &amp#27;[36mc.g.d.z.s.o.a.hc.client5.http.wire&amp#27;[0;39m - &amp#27;[32mhttp-outgoing-1 >> "Connection: keep-alive[\r][\n]"
&amp#27;[0;39m2023-05-08 13:19:06,624 [main] &amp#27;[39mDEBUG&amp#27;[0;39m &amp#27;[36mc.g.d.z.s.o.a.hc.client5.http.wire&amp#27;[0;39m - &amp#27;[32mhttp-outgoing-1 >> "User-Agent: Apache-HttpClient/5.0.3 (Java/17.0.6)[\r][\n]"
&amp#27;[0;39m2023-05-08 13:19:06,624 [main] &amp#27;[39mDEBUG&amp#27;[0;39m &amp#27;[36mc.g.d.z.s.o.a.hc.client5.http.wire&amp#27;[0;39m - &amp#27;[32mhttp-outgoing-1 >> "[\r][\n]"
&amp#27;[0;39m2023-05-08 13:19:06,625 [main] &amp#27;[39mDEBUG&amp#27;[0;39m &amp#27;[36mc.g.d.z.s.o.a.hc.client5.http.wire&amp#27;[0;39m - &amp#27;[32mhttp-outgoing-1 << "HTTP/1.1 200 OK[\r][\n]"
&amp#27;[0;39m2023-05-08 13:19:06,625 [main] &amp#27;[39mDEBUG&amp#27;[0;39m &amp#27;[36mc.g.d.z.s.o.a.hc.client5.http.wire&amp#27;[0;39m - &amp#27;[32mhttp-outgoing-1 << "Api-Version: 1.42[\r][\n]"
&amp#27;[0;39m2023-05-08 13:19:06,625 [main] &amp#27;[39mDEBUG&amp#27;[0;39m &amp#27;[36mc.g.d.z.s.o.a.hc.client5.http.wire&amp#27;[0;39m - &amp#27;[32mhttp-outgoing-1 << "Content-Type: application/json[\r][\n]"
&amp#27;[0;39m2023-05-08 13:19:06,625 [main] &amp#27;[39mDEBUG&amp#27;[0;39m &amp#27;[36mc.g.d.z.s.o.a.hc.client5.http.wire&amp#27;[0;39m - &amp#27;[32mhttp-outgoing-1 << "Docker-Experimental: false[\r][\n]"
&amp#27;[0;39m2023-05-08 13:19:06,625 [main] &amp#27;[39mDEBUG&amp#27;[0;39m &amp#27;[36mc.g.d.z.s.o.a.hc.client5.http.wire&amp#27;[0;39m - &amp#27;[32mhttp-outgoing-1 << "Ostype: linux[\r][\n]"
&amp#27;[0;39m2023-05-08 13:19:06,625 [main] &amp#27;[39mDEBUG&amp#27;[0;39m &amp#27;[36mc.g.d.z.s.o.a.hc.client5.http.wire&amp#27;[0;39m - &amp#27;[32mhttp-outgoing-1 << "Server: Docker/23.0.5 (linux)[\r][\n]"
&amp#27;[0;39m2023-05-08 13:19:06,625 [main] &amp#27;[39mDEBUG&amp#27;[0;39m &amp#27;[36mc.g.d.z.s.o.a.hc.client5.http.wire&amp#27;[0;39m - &amp#27;[32mhttp-outgoing-1 << "Date: Mon, 08 May 2023 11:19:06 GMT[\r][\n]"
&amp#27;[0;39m2023-05-08 13:19:06,625 [main] &amp#27;[39mDEBUG&amp#27;[0;39m &amp#27;[36mc.g.d.z.s.o.a.hc.client5.http.wire&amp#27;[0;39m - &amp#27;[32mhttp-outgoing-1 << "Transfer-Encoding: chunked[\r][\n]"
&amp#27;[0;39m2023-05-08 13:19:06,625 [main] &amp#27;[39mDEBUG&amp#27;[0;39m &amp#27;[36mc.g.d.z.s.o.a.hc.client5.http.wire&amp#27;[0;39m - &amp#27;[32mhttp-outgoing-1 << "[\r][\n]"
&amp#27;[0;39m2023-05-08 13:19:06,625 [main] &amp#27;[39mDEBUG&amp#27;[0;39m &amp#27;[36mc.g.d.z.s.o.a.hc.client5.http.wire&amp#27;[0;39m - &amp#27;[32mhttp-outgoing-1 << "1893[\r][\n]"
&amp#27;[0;39m2023-05-08 13:19:06,625 [main] &amp#27;[39mDEBUG&amp#27;[0;39m &amp#27;[36mc.g.d.z.s.o.a.hc.client5.http.wire&amp#27;[0;39m - &amp#27;[32mhttp-outgoing-1 << "{"Id":"0739339bbc624082fb5e41f62f4a622236ffe4974bf12b2847105b726085e02b","Created":"2023-05-08T11:19:01.771856188Z","Path":"docker-entrypoint.sh","Args":["mysqld"],"State":{"Status":"running","Running":true,"Paused":false,"Restarting":false,"OOMKilled":false,"Dead":false,"Pid":59514,"ExitCode":0,"Error":"","StartedAt":"2023-05-08T11:19:02.113674386Z","FinishedAt":"0001-01-01T00:00:00Z"},"Image":"sha256:228d71078f8ce5ae9fd96b183f88c3a90e30544b4b7ce9d64a238d05fef2a681","ResolvConfPath":"/var/lib/docker/containers/0739339bbc624082fb5e41f62f4a622236ffe4974bf12b2847105b726085e02b/resolv.conf","HostnamePath":"/var/lib/docker/containers/0739339bbc624082fb5e41f62f4a622236ffe4974bf12b2847105b726085e02b/hostname","HostsPath":"/var/lib/docker/containers/0739339bbc624082fb5e41f62f4a622236ffe4974bf12b2847105b726085e02b/hosts","LogPath":"/var/lib/docker/containers/0739339bbc624082fb5e41f62f4a622236ffe4974bf12b2847105b726085e02b/0739339bbc624082fb5e41f62f4a622236ffe4974bf12b2847105b726085e02b-json.log","Name":"/intelligent_galileo","RestartCount":0,"Driver":"overlay2","Platform":"linux","MountLabel":"","ProcessLabel":"","AppArmorProfile":"docker-default","ExecIDs":null,"HostConfig":{"Binds":[],"ContainerIDFile":"","LogConfig":{"Type":"json-file","Config":{}},"NetworkMode":"default","PortBindings":{"3306/tcp":[{"HostIp":"","HostPort":""}]},"RestartPolicy":{"Name":"","MaximumRetryCount":0},"AutoRemove":false,"VolumeDriver":"","VolumesFrom":[],"ConsoleSize":[0,0],"CapAdd":null,"CapDrop":null,"CgroupnsMode":"private","Dns":null,"DnsOptions":null,"DnsSearch":null,"ExtraHosts":[],"GroupAdd":null,"IpcMode":"shareable","Cgroup":"","Links":null,"OomScoreAdj":0,"PidMode":"","Privileged":false,"PublishAllPorts":false,"ReadonlyRootfs":false,"SecurityOpt":null,"UTSMode":"","UsernsMode":"","ShmSize":67108864,"Runtime":"runc","Isolation":"","CpuShares":0,"Memory":0,"NanoCpus":0,"CgroupParent":"","BlkioWeight":0,"BlkioWeightDevice":null,"BlkioDeviceReadBps":null,"BlkioDeviceWriteBps":null,"BlkioDeviceReadIOps":null,"BlkioDeviceWriteIOps":null,"CpuPeriod":0,"CpuQuota":0,"CpuRealtimePeriod":0,"CpuRealtimeRuntime":0,"CpusetCpus":"","CpusetMems":"","Devices":null,"DeviceCgroupRules":null,"DeviceRequests":null,"MemoryReservation":0,"MemorySwap":0,"MemorySwappiness":null,"OomKillDisable":null,"PidsLimit":null,"Ulimits":null,"CpuCount":0,"CpuPercent":0,"IOMaximumIOps":0,"IOMaximumBandwidth":0,"MaskedPaths":["/proc/asound","/proc/acpi","/proc/kcore","/proc/keys","/proc/latency_stats","/proc/timer_list","/proc/timer_stats","/proc/sched_debug","/proc/scsi","/sys/firmware"],"ReadonlyPaths":["/proc/bus","/proc/fs","/proc/irq","/proc/sys","/proc/sysrq-trigger"]},"GraphDriver":{"Data":{"LowerDir":"/var/lib/docker/overlay2/b481eee7843c17772ada1734203524b4de76785735a50d4c68703d497db0e4ed-init/diff:/var/lib/docker/overlay2/4c6e20f032f02b27a9272f982861dc21998197aa90d94ed3bef95d449380247c/diff:/var/lib/docker/overlay2/0c75f828f603eff839bb3ca448163ab2a8017e86625ac255cd3dbf1673ddac26/diff:/var/lib/docker/overlay2/da128d897fda75829109844ce6cd9d73d0f54c682e735100af000ce899908729/diff:/var/lib/docker/overlay2/b678a1f261bf323afba6d76d91ab7428bdd6e1ef4a39b5224e4a1afd08c0423a/diff:/var/lib/docker/overlay2/1bec43b14875c5f9f814f146e8e31aa78566689c2c163da2ac60a32254988437/diff:/var/lib/docker/overlay2/28f4b1e6e1a7a2dbe30f1f94fb42bccd85a61faf8af1fe30a5bb0d442c525e41/diff:/var/lib/docker/overlay2/0f493124464c291d7c97d2633d5dff04b1dce5de904cb40a34dfbe7fe72e3fd4/diff:/var/lib/docker/overlay2/05befbee9e38cd670e1786b3310e99796dcc06abbed970007b4109a5424843fa/diff:/var/lib/docker/overlay2/582bcca9acfc4eef25109e1e1b9c9d104f355798455bc73e855c99283887a6e8/diff:/var/lib/docker/overlay2/153b3bf0b69e97e8f0e5533414a31ca33fa530e63d174c9617621abe46e7e9d1/diff:/var/lib/docker/overlay2/bf87a76c0a38875ee6e915fd0d2527eafa880ec6bf2c1cb294959428c18d10bd/diff","MergedDir":"/var/lib/docker/overlay2/b481eee7843c17772ada1734203524b4de76785735a50d4c68703d497db0e4ed/merged","UpperDir":"/var/lib/docker/overlay2/b481eee7843c17772ada1734203524b4de76785735a50d4c68703d497db0e4ed/diff","WorkDir":"/var/lib/docker/overlay2/b481eee7843c17772ada1734203524b4de76785735a50d4c68703d497db0e4ed/work"},"Name":"overlay2"},"Mounts":[{"Type":"volume","Name":"ec40278114b76af7b6535b952e685e04a98a51fa16363f5e9f0df1ce601f1dd5","Source":"/var/lib/docker/volumes/ec40278114b76af7b6535b952e685e04a98a51fa16363f5e9f0df1ce601f1dd5/_data","Destination":"/var/lib/mysql","Driver":"local","Mode":"","RW":true,"Propagation":""}],"Config":{"Hostname":"0739339bbc62","Domainname":"","User":"","AttachStdin":false,"AttachStdout":false,"AttachStderr":false,"ExposedPorts":{"3306/tcp":{}},"Tty":false,"OpenStdin":false,"StdinOnce":false,"Env":["MYSQL_DATABASE=test","MYSQL_PASSWORD=test","MYSQL_USER=test","MYSQL_ROOT_PASSWORD=test","PATH=/usr/local/sbin:/usr/local/bin:/usr/sbin:/usr/bin:/sbin:/bin","GOSU_VERSION=1.7","MYSQL_MAJOR=8.0","MYSQL_VERSION=8.0.0-dmr-1debian8"],"Cmd":["mysqld"],"Image":"mysql:8.0.0","Volumes":{"/var/lib/mysql":{}},"WorkingDir":"","Entrypoint":["docker-entrypoint.sh"],"OnBuild":null,"Labels":{"org.testcontainers":"true","org.testcontainers.lang":"java","org.testcontainers.sessionId":"f1b696c1-ec3f-4f95-afa8-081853be7ccb","org.testcontainers.version":"1.18.0"}},"NetworkSettings":{"Bridge":"","SandboxID":"d265e68e2afe307f1ab03fab083f2c0477cba31e9f26759f52b94e045d1847fb","HairpinMode":false,"LinkLocalIPv6Address":"","LinkLocalIPv6PrefixLen":0,"Ports":{"3306/tcp":[{"HostIp":"0.0.0.0","HostPort":"32782"},{"HostIp":"::","HostPort":"32782"}]},"SandboxKey":"/var/run/docker/netns/d265e68e2afe","SecondaryIPAddresses":null,"SecondaryIPv6Addresses":null,"EndpointID":"97b4c81a7665dcad3863174204db678dde492e2a2b2f11f6ef1c683b5d76146b","Gateway":"172.17.0.1","GlobalIPv6Address":"","GlobalIPv6PrefixLen":0,"IPAddress":"172.17.0.3","IPPrefixLen":16,"IPv6Gateway":"","MacAddress":"02:42:ac:11:00:03","Networks":{"bridge":{"IPAMConfig":null,"Links":null,"Aliases":null,"NetworkID":"e1a078e12eb8d77b497ed932f7fb43787eeb6ff6972febd7d03c9282b8b5cd45","EndpointID":"97b4c81a7665dcad3863174204db678dde492e2a2b2f11f6ef1c683b5d76146b","Gateway":"172.17.0.1","IPAddress":"172.17.0.3","IPPrefixLen":16,"IPv6Gateway":"","GlobalIPv6Address":"","GlobalIPv6PrefixLen":0,"MacAddress":"02:42:ac:11:00:03","DriverOpts":null}}}}[\n]"
&amp#27;[0;39m2023-05-08 13:19:06,625 [main] &amp#27;[39mDEBUG&amp#27;[0;39m &amp#27;[36mc.g.d.z.s.o.a.hc.client5.http.wire&amp#27;[0;39m - &amp#27;[32mhttp-outgoing-1 << "[\r][\n]"
&amp#27;[0;39m2023-05-08 13:19:06,625 [main] &amp#27;[39mDEBUG&amp#27;[0;39m &amp#27;[36mc.g.d.z.s.o.a.hc.client5.http.wire&amp#27;[0;39m - &amp#27;[32mhttp-outgoing-1 << "0[\r][\n]"
&amp#27;[0;39m2023-05-08 13:19:06,625 [main] &amp#27;[39mDEBUG&amp#27;[0;39m &amp#27;[36mc.g.d.z.s.o.a.hc.client5.http.wire&amp#27;[0;39m - &amp#27;[32mhttp-outgoing-1 << "[\r][\n]"
&amp#27;[0;39m2023-05-08 13:19:06,625 [main] &amp#27;[39mDEBUG&amp#27;[0;39m &amp#27;[36mc.g.d.z.s.o.a.h.client5.http.headers&amp#27;[0;39m - &amp#27;[32mhttp-outgoing-1 << HTTP/1.1 200 OK
&amp#27;[0;39m2023-05-08 13:19:06,625 [main] &amp#27;[39mDEBUG&amp#27;[0;39m &amp#27;[36mc.g.d.z.s.o.a.h.client5.http.headers&amp#27;[0;39m - &amp#27;[32mhttp-outgoing-1 << Api-Version: 1.42
&amp#27;[0;39m2023-05-08 13:19:06,625 [main] &amp#27;[39mDEBUG&amp#27;[0;39m &amp#27;[36mc.g.d.z.s.o.a.h.client5.http.headers&amp#27;[0;39m - &amp#27;[32mhttp-outgoing-1 << Content-Type: application/json
&amp#27;[0;39m2023-05-08 13:19:06,625 [main] &amp#27;[39mDEBUG&amp#27;[0;39m &amp#27;[36mc.g.d.z.s.o.a.h.client5.http.headers&amp#27;[0;39m - &amp#27;[32mhttp-outgoing-1 << Docker-Experimental: false
&amp#27;[0;39m2023-05-08 13:19:06,625 [main] &amp#27;[39mDEBUG&amp#27;[0;39m &amp#27;[36mc.g.d.z.s.o.a.h.client5.http.headers&amp#27;[0;39m - &amp#27;[32mhttp-outgoing-1 << Ostype: linux
&amp#27;[0;39m2023-05-08 13:19:06,625 [main] &amp#27;[39mDEBUG&amp#27;[0;39m &amp#27;[36mc.g.d.z.s.o.a.h.client5.http.headers&amp#27;[0;39m - &amp#27;[32mhttp-outgoing-1 << Server: Docker/23.0.5 (linux)
&amp#27;[0;39m2023-05-08 13:19:06,625 [main] &amp#27;[39mDEBUG&amp#27;[0;39m &amp#27;[36mc.g.d.z.s.o.a.h.client5.http.headers&amp#27;[0;39m - &amp#27;[32mhttp-outgoing-1 << Date: Mon, 08 May 2023 11:19:06 GMT
&amp#27;[0;39m2023-05-08 13:19:06,625 [main] &amp#27;[39mDEBUG&amp#27;[0;39m &amp#27;[36mc.g.d.z.s.o.a.h.client5.http.headers&amp#27;[0;39m - &amp#27;[32mhttp-outgoing-1 << Transfer-Encoding: chunked
&amp#27;[0;39m2023-05-08 13:19:06,625 [main] &amp#27;[39mDEBUG&amp#27;[0;39m &amp#27;[36mc.g.d.z.s.o.a.h.c.h.i.c.MainClientExec&amp#27;[0;39m - &amp#27;[32mex-00000089: connection can be kept alive for 3 MINUTES
&amp#27;[0;39m2023-05-08 13:19:06,625 [main] &amp#27;[39mDEBUG&amp#27;[0;39m &amp#27;[36mc.g.d.z.s.o.a.h.c.h.i.c.InternalHttpClient&amp#27;[0;39m - &amp#27;[32mep-00000088: releasing valid endpoint
&amp#27;[0;39m2023-05-08 13:19:06,625 [main] &amp#27;[39mDEBUG&amp#27;[0;39m &amp#27;[36mc.g.d.z.s.o.a.h.c.h.i.i.PoolingHttpClientConnectionManager&amp#27;[0;39m - &amp#27;[32mep-00000088: releasing endpoint
&amp#27;[0;39m2023-05-08 13:19:06,625 [main] &amp#27;[39mDEBUG&amp#27;[0;39m &amp#27;[36mc.g.d.z.s.o.a.h.c.h.i.i.PoolingHttpClientConnectionManager&amp#27;[0;39m - &amp#27;[32mep-00000088: connection http-outgoing-1 can be kept alive for 3 MINUTES
&amp#27;[0;39m2023-05-08 13:19:06,625 [main] &amp#27;[39mDEBUG&amp#27;[0;39m &amp#27;[36mc.g.d.z.s.o.a.h.c.h.i.i.PoolingHttpClientConnectionManager&amp#27;[0;39m - &amp#27;[32mep-00000088: connection released [route: {}->unix://localhost:2375][total available: 1; route allocated: 1 of 2147483647; total allocated: 1 of 2147483647]
&amp#27;[0;39m2023-05-08 13:19:06,625 [main] &amp#27;[39mDEBUG&amp#27;[0;39m &amp#27;[36mtc.mysql:8.0.0&amp#27;[0;39m - &amp#27;[32mTrying to create JDBC connection using com.mysql.cj.jdbc.Driver to jdbc:mysql://localhost:32782/test?useSSL=false&allowPublicKeyRetrieval=true with properties: {password=test, user=test}
&amp#27;[0;39m2023-05-08 13:19:06,726 [main] &amp#27;[39mDEBUG&amp#27;[0;39m &amp#27;[36mo.t.s.c.g.d.c.command.AbstrDockerCmd&amp#27;[0;39m - &amp#27;[32mCmd: 0739339bbc624082fb5e41f62f4a622236ffe4974bf12b2847105b726085e02b,false
&amp#27;[0;39m2023-05-08 13:19:06,727 [main] &amp#27;[39mDEBUG&amp#27;[0;39m &amp#27;[36mo.t.s.c.g.d.c.e.InspectContainerCmdExec&amp#27;[0;39m - &amp#27;[32mGET: DefaultWebTarget{path=[/containers/0739339bbc624082fb5e41f62f4a622236ffe4974bf12b2847105b726085e02b/json], queryParams={}}
&amp#27;[0;39m2023-05-08 13:19:06,727 [main] &amp#27;[39mDEBUG&amp#27;[0;39m &amp#27;[36mc.g.d.z.s.o.a.h.c.h.i.c.InternalHttpClient&amp#27;[0;39m - &amp#27;[32mex-0000008A: preparing request execution
&amp#27;[0;39m2023-05-08 13:19:06,727 [main] &amp#27;[39mDEBUG&amp#27;[0;39m &amp#27;[36mc.g.d.z.s.o.a.h.c.h.p.RequestAddCookies&amp#27;[0;39m - &amp#27;[32mCookie spec selected: strict
&amp#27;[0;39m2023-05-08 13:19:06,727 [main] &amp#27;[39mDEBUG&amp#27;[0;39m &amp#27;[36mc.g.d.z.s.o.a.h.c.h.p.RequestAuthCache&amp#27;[0;39m - &amp#27;[32mAuth cache not set in the context
&amp#27;[0;39m2023-05-08 13:19:06,727 [main] &amp#27;[39mDEBUG&amp#27;[0;39m &amp#27;[36mc.g.d.z.s.o.a.h.c.h.i.c.ProtocolExec&amp#27;[0;39m - &amp#27;[32mex-0000008A: target auth state: UNCHALLENGED
&amp#27;[0;39m2023-05-08 13:19:06,727 [main] &amp#27;[39mDEBUG&amp#27;[0;39m &amp#27;[36mc.g.d.z.s.o.a.h.c.h.i.c.ProtocolExec&amp#27;[0;39m - &amp#27;[32mex-0000008A: proxy auth state: UNCHALLENGED
&amp#27;[0;39m2023-05-08 13:19:06,727 [main] &amp#27;[39mDEBUG&amp#27;[0;39m &amp#27;[36mc.g.d.z.s.o.a.h.c.h.i.c.ConnectExec&amp#27;[0;39m - &amp#27;[32mex-0000008A: acquiring connection with route {}->unix://localhost:2375
&amp#27;[0;39m2023-05-08 13:19:06,727 [main] &amp#27;[39mDEBUG&amp#27;[0;39m &amp#27;[36mc.g.d.z.s.o.a.h.c.h.i.c.InternalHttpClient&amp#27;[0;39m - &amp#27;[32mex-0000008A: acquiring endpoint (3 MINUTES)
&amp#27;[0;39m2023-05-08 13:19:06,727 [main] &amp#27;[39mDEBUG&amp#27;[0;39m &amp#27;[36mc.g.d.z.s.o.a.h.c.h.i.i.PoolingHttpClientConnectionManager&amp#27;[0;39m - &amp#27;[32mex-0000008A: endpoint lease request (3 MINUTES) [route: {}->unix://localhost:2375][total available: 1; route allocated: 1 of 2147483647; total allocated: 1 of 2147483647]
&amp#27;[0;39m2023-05-08 13:19:06,727 [main] &amp#27;[39mDEBUG&amp#27;[0;39m &amp#27;[36mc.g.d.z.s.o.a.h.c.h.i.i.PoolingHttpClientConnectionManager&amp#27;[0;39m - &amp#27;[32mex-0000008A: endpoint leased [route: {}->unix://localhost:2375][total available: 0; route allocated: 1 of 2147483647; total allocated: 1 of 2147483647]
&amp#27;[0;39m2023-05-08 13:19:06,727 [main] &amp#27;[39mDEBUG&amp#27;[0;39m &amp#27;[36mc.g.d.z.s.o.a.h.c.h.i.i.PoolingHttpClientConnectionManager&amp#27;[0;39m - &amp#27;[32mex-0000008A: acquired ep-00000089
&amp#27;[0;39m2023-05-08 13:19:06,727 [main] &amp#27;[39mDEBUG&amp#27;[0;39m &amp#27;[36mc.g.d.z.s.o.a.h.c.h.i.c.InternalHttpClient&amp#27;[0;39m - &amp#27;[32mex-0000008A: acquired endpoint ep-00000089
&amp#27;[0;39m2023-05-08 13:19:06,727 [main] &amp#27;[39mDEBUG&amp#27;[0;39m &amp#27;[36mc.g.d.z.s.o.a.h.c.h.i.c.MainClientExec&amp#27;[0;39m - &amp#27;[32mex-0000008A: executing GET /v1.32/containers/0739339bbc624082fb5e41f62f4a622236ffe4974bf12b2847105b726085e02b/json HTTP/1.1
&amp#27;[0;39m2023-05-08 13:19:06,727 [main] &amp#27;[39mDEBUG&amp#27;[0;39m &amp#27;[36mc.g.d.z.s.o.a.h.c.h.i.c.InternalHttpClient&amp#27;[0;39m - &amp#27;[32mep-00000089: start execution ex-0000008A
&amp#27;[0;39m2023-05-08 13:19:06,727 [main] &amp#27;[39mDEBUG&amp#27;[0;39m &amp#27;[36mc.g.d.z.s.o.a.h.c.h.i.i.PoolingHttpClientConnectionManager&amp#27;[0;39m - &amp#27;[32mep-00000089: executing exchange ex-0000008A over http-outgoing-1
&amp#27;[0;39m2023-05-08 13:19:06,727 [main] &amp#27;[39mDEBUG&amp#27;[0;39m &amp#27;[36mc.g.d.z.s.o.a.h.client5.http.headers&amp#27;[0;39m - &amp#27;[32mhttp-outgoing-1 >> GET /v1.32/containers/0739339bbc624082fb5e41f62f4a622236ffe4974bf12b2847105b726085e02b/json HTTP/1.1
&amp#27;[0;39m2023-05-08 13:19:06,727 [main] &amp#27;[39mDEBUG&amp#27;[0;39m &amp#27;[36mc.g.d.z.s.o.a.h.client5.http.headers&amp#27;[0;39m - &amp#27;[32mhttp-outgoing-1 >> accept: application/json
&amp#27;[0;39m2023-05-08 13:19:06,727 [main] &amp#27;[39mDEBUG&amp#27;[0;39m &amp#27;[36mc.g.d.z.s.o.a.h.client5.http.headers&amp#27;[0;39m - &amp#27;[32mhttp-outgoing-1 >> x-tc-sid: f1b696c1-ec3f-4f95-afa8-081853be7ccb
&amp#27;[0;39m2023-05-08 13:19:06,727 [main] &amp#27;[39mDEBUG&amp#27;[0;39m &amp#27;[36mc.g.d.z.s.o.a.h.client5.http.headers&amp#27;[0;39m - &amp#27;[32mhttp-outgoing-1 >> Accept-Encoding: gzip, x-gzip, deflate
&amp#27;[0;39m2023-05-08 13:19:06,727 [main] &amp#27;[39mDEBUG&amp#27;[0;39m &amp#27;[36mc.g.d.z.s.o.a.h.client5.http.headers&amp#27;[0;39m - &amp#27;[32mhttp-outgoing-1 >> Host: localhost:2375
&amp#27;[0;39m2023-05-08 13:19:06,727 [main] &amp#27;[39mDEBUG&amp#27;[0;39m &amp#27;[36mc.g.d.z.s.o.a.h.client5.http.headers&amp#27;[0;39m - &amp#27;[32mhttp-outgoing-1 >> Connection: keep-alive
&amp#27;[0;39m2023-05-08 13:19:06,727 [main] &amp#27;[39mDEBUG&amp#27;[0;39m &amp#27;[36mc.g.d.z.s.o.a.h.client5.http.headers&amp#27;[0;39m - &amp#27;[32mhttp-outgoing-1 >> User-Agent: Apache-HttpClient/5.0.3 (Java/17.0.6)
&amp#27;[0;39m2023-05-08 13:19:06,727 [main] &amp#27;[39mDEBUG&amp#27;[0;39m &amp#27;[36mc.g.d.z.s.o.a.hc.client5.http.wire&amp#27;[0;39m - &amp#27;[32mhttp-outgoing-1 >> "GET /v1.32/containers/0739339bbc624082fb5e41f62f4a622236ffe4974bf12b2847105b726085e02b/json HTTP/1.1[\r][\n]"
&amp#27;[0;39m2023-05-08 13:19:06,727 [main] &amp#27;[39mDEBUG&amp#27;[0;39m &amp#27;[36mc.g.d.z.s.o.a.hc.client5.http.wire&amp#27;[0;39m - &amp#27;[32mhttp-outgoing-1 >> "accept: application/json[\r][\n]"
&amp#27;[0;39m2023-05-08 13:19:06,727 [main] &amp#27;[39mDEBUG&amp#27;[0;39m &amp#27;[36mc.g.d.z.s.o.a.hc.client5.http.wire&amp#27;[0;39m - &amp#27;[32mhttp-outgoing-1 >> "x-tc-sid: f1b696c1-ec3f-4f95-afa8-081853be7ccb[\r][\n]"
&amp#27;[0;39m2023-05-08 13:19:06,727 [main] &amp#27;[39mDEBUG&amp#27;[0;39m &amp#27;[36mc.g.d.z.s.o.a.hc.client5.http.wire&amp#27;[0;39m - &amp#27;[32mhttp-outgoing-1 >> "Accept-Encoding: gzip, x-gzip, deflate[\r][\n]"
&amp#27;[0;39m2023-05-08 13:19:06,727 [main] &amp#27;[39mDEBUG&amp#27;[0;39m &amp#27;[36mc.g.d.z.s.o.a.hc.client5.http.wire&amp#27;[0;39m - &amp#27;[32mhttp-outgoing-1 >> "Host: localhost:2375[\r][\n]"
&amp#27;[0;39m2023-05-08 13:19:06,727 [main] &amp#27;[39mDEBUG&amp#27;[0;39m &amp#27;[36mc.g.d.z.s.o.a.hc.client5.http.wire&amp#27;[0;39m - &amp#27;[32mhttp-outgoing-1 >> "Connection: keep-alive[\r][\n]"
&amp#27;[0;39m2023-05-08 13:19:06,727 [main] &amp#27;[39mDEBUG&amp#27;[0;39m &amp#27;[36mc.g.d.z.s.o.a.hc.client5.http.wire&amp#27;[0;39m - &amp#27;[32mhttp-outgoing-1 >> "User-Agent: Apache-HttpClient/5.0.3 (Java/17.0.6)[\r][\n]"
&amp#27;[0;39m2023-05-08 13:19:06,727 [main] &amp#27;[39mDEBUG&amp#27;[0;39m &amp#27;[36mc.g.d.z.s.o.a.hc.client5.http.wire&amp#27;[0;39m - &amp#27;[32mhttp-outgoing-1 >> "[\r][\n]"
&amp#27;[0;39m2023-05-08 13:19:06,727 [main] &amp#27;[39mDEBUG&amp#27;[0;39m &amp#27;[36mc.g.d.z.s.o.a.hc.client5.http.wire&amp#27;[0;39m - &amp#27;[32mhttp-outgoing-1 << "HTTP/1.1 200 OK[\r][\n]"
&amp#27;[0;39m2023-05-08 13:19:06,728 [main] &amp#27;[39mDEBUG&amp#27;[0;39m &amp#27;[36mc.g.d.z.s.o.a.hc.client5.http.wire&amp#27;[0;39m - &amp#27;[32mhttp-outgoing-1 << "Api-Version: 1.42[\r][\n]"
&amp#27;[0;39m2023-05-08 13:19:06,728 [main] &amp#27;[39mDEBUG&amp#27;[0;39m &amp#27;[36mc.g.d.z.s.o.a.hc.client5.http.wire&amp#27;[0;39m - &amp#27;[32mhttp-outgoing-1 << "Content-Type: application/json[\r][\n]"
&amp#27;[0;39m2023-05-08 13:19:06,728 [main] &amp#27;[39mDEBUG&amp#27;[0;39m &amp#27;[36mc.g.d.z.s.o.a.hc.client5.http.wire&amp#27;[0;39m - &amp#27;[32mhttp-outgoing-1 << "Docker-Experimental: false[\r][\n]"
&amp#27;[0;39m2023-05-08 13:19:06,728 [main] &amp#27;[39mDEBUG&amp#27;[0;39m &amp#27;[36mc.g.d.z.s.o.a.hc.client5.http.wire&amp#27;[0;39m - &amp#27;[32mhttp-outgoing-1 << "Ostype: linux[\r][\n]"
&amp#27;[0;39m2023-05-08 13:19:06,728 [main] &amp#27;[39mDEBUG&amp#27;[0;39m &amp#27;[36mc.g.d.z.s.o.a.hc.client5.http.wire&amp#27;[0;39m - &amp#27;[32mhttp-outgoing-1 << "Server: Docker/23.0.5 (linux)[\r][\n]"
&amp#27;[0;39m2023-05-08 13:19:06,728 [main] &amp#27;[39mDEBUG&amp#27;[0;39m &amp#27;[36mc.g.d.z.s.o.a.hc.client5.http.wire&amp#27;[0;39m - &amp#27;[32mhttp-outgoing-1 << "Date: Mon, 08 May 2023 11:19:06 GMT[\r][\n]"
&amp#27;[0;39m2023-05-08 13:19:06,728 [main] &amp#27;[39mDEBUG&amp#27;[0;39m &amp#27;[36mc.g.d.z.s.o.a.hc.client5.http.wire&amp#27;[0;39m - &amp#27;[32mhttp-outgoing-1 << "Transfer-Encoding: chunked[\r][\n]"
&amp#27;[0;39m2023-05-08 13:19:06,728 [main] &amp#27;[39mDEBUG&amp#27;[0;39m &amp#27;[36mc.g.d.z.s.o.a.hc.client5.http.wire&amp#27;[0;39m - &amp#27;[32mhttp-outgoing-1 << "[\r][\n]"
&amp#27;[0;39m2023-05-08 13:19:06,728 [main] &amp#27;[39mDEBUG&amp#27;[0;39m &amp#27;[36mc.g.d.z.s.o.a.hc.client5.http.wire&amp#27;[0;39m - &amp#27;[32mhttp-outgoing-1 << "1893[\r][\n]"
&amp#27;[0;39m2023-05-08 13:19:06,728 [main] &amp#27;[39mDEBUG&amp#27;[0;39m &amp#27;[36mc.g.d.z.s.o.a.hc.client5.http.wire&amp#27;[0;39m - &amp#27;[32mhttp-outgoing-1 << "{"Id":"0739339bbc624082fb5e41f62f4a622236ffe4974bf12b2847105b726085e02b","Created":"2023-05-08T11:19:01.771856188Z","Path":"docker-entrypoint.sh","Args":["mysqld"],"State":{"Status":"running","Running":true,"Paused":false,"Restarting":false,"OOMKilled":false,"Dead":false,"Pid":59514,"ExitCode":0,"Error":"","StartedAt":"2023-05-08T11:19:02.113674386Z","FinishedAt":"0001-01-01T00:00:00Z"},"Image":"sha256:228d71078f8ce5ae9fd96b183f88c3a90e30544b4b7ce9d64a238d05fef2a681","ResolvConfPath":"/var/lib/docker/containers/0739339bbc624082fb5e41f62f4a622236ffe4974bf12b2847105b726085e02b/resolv.conf","HostnamePath":"/var/lib/docker/containers/0739339bbc624082fb5e41f62f4a622236ffe4974bf12b2847105b726085e02b/hostname","HostsPath":"/var/lib/docker/containers/0739339bbc624082fb5e41f62f4a622236ffe4974bf12b2847105b726085e02b/hosts","LogPath":"/var/lib/docker/containers/0739339bbc624082fb5e41f62f4a622236ffe4974bf12b2847105b726085e02b/0739339bbc624082fb5e41f62f4a622236ffe4974bf12b2847105b726085e02b-json.log","Name":"/intelligent_galileo","RestartCount":0,"Driver":"overlay2","Platform":"linux","MountLabel":"","ProcessLabel":"","AppArmorProfile":"docker-default","ExecIDs":null,"HostConfig":{"Binds":[],"ContainerIDFile":"","LogConfig":{"Type":"json-file","Config":{}},"NetworkMode":"default","PortBindings":{"3306/tcp":[{"HostIp":"","HostPort":""}]},"RestartPolicy":{"Name":"","MaximumRetryCount":0},"AutoRemove":false,"VolumeDriver":"","VolumesFrom":[],"ConsoleSize":[0,0],"CapAdd":null,"CapDrop":null,"CgroupnsMode":"private","Dns":null,"DnsOptions":null,"DnsSearch":null,"ExtraHosts":[],"GroupAdd":null,"IpcMode":"shareable","Cgroup":"","Links":null,"OomScoreAdj":0,"PidMode":"","Privileged":false,"PublishAllPorts":false,"ReadonlyRootfs":false,"SecurityOpt":null,"UTSMode":"","UsernsMode":"","ShmSize":67108864,"Runtime":"runc","Isolation":"","CpuShares":0,"Memory":0,"NanoCpus":0,"CgroupParent":"","BlkioWeight":0,"BlkioWeightDevice":null,"BlkioDeviceReadBps":null,"BlkioDeviceWriteBps":null,"BlkioDeviceReadIOps":null,"BlkioDeviceWriteIOps":null,"CpuPeriod":0,"CpuQuota":0,"CpuRealtimePeriod":0,"CpuRealtimeRuntime":0,"CpusetCpus":"","CpusetMems":"","Devices":null,"DeviceCgroupRules":null,"DeviceRequests":null,"MemoryReservation":0,"MemorySwap":0,"MemorySwappiness":null,"OomKillDisable":null,"PidsLimit":null,"Ulimits":null,"CpuCount":0,"CpuPercent":0,"IOMaximumIOps":0,"IOMaximumBandwidth":0,"MaskedPaths":["/proc/asound","/proc/acpi","/proc/kcore","/proc/keys","/proc/latency_stats","/proc/timer_list","/proc/timer_stats","/proc/sched_debug","/proc/scsi","/sys/firmware"],"ReadonlyPaths":["/proc/bus","/proc/fs","/proc/irq","/proc/sys","/proc/sysrq-trigger"]},"GraphDriver":{"Data":{"LowerDir":"/var/lib/docker/overlay2/b481eee7843c17772ada1734203524b4de76785735a50d4c68703d497db0e4ed-init/diff:/var/lib/docker/overlay2/4c6e20f032f02b27a9272f982861dc21998197aa90d94ed3bef95d449380247c/diff:/var/lib/docker/overlay2/0c75f828f603eff839bb3ca448163ab2a8017e86625ac255cd3dbf1673ddac26/diff:/var/lib/docker/overlay2/da128d897fda75829109844ce6cd9d73d0f54c682e735100af000ce899908729/diff:/var/lib/docker/overlay2/b678a1f261bf323afba6d76d91ab7428bdd6e1ef4a39b5224e4a1afd08c0423a/diff:/var/lib/docker/overlay2/1bec43b14875c5f9f814f146e8e31aa78566689c2c163da2ac60a32254988437/diff:/var/lib/docker/overlay2/28f4b1e6e1a7a2dbe30f1f94fb42bccd85a61faf8af1fe30a5bb0d442c525e41/diff:/var/lib/docker/overlay2/0f493124464c291d7c97d2633d5dff04b1dce5de904cb40a34dfbe7fe72e3fd4/diff:/var/lib/docker/overlay2/05befbee9e38cd670e1786b3310e99796dcc06abbed970007b4109a5424843fa/diff:/var/lib/docker/overlay2/582bcca9acfc4eef25109e1e1b9c9d104f355798455bc73e855c99283887a6e8/diff:/var/lib/docker/overlay2/153b3bf0b69e97e8f0e5533414a31ca33fa530e63d174c9617621abe46e7e9d1/diff:/var/lib/docker/overlay2/bf87a76c0a38875ee6e915fd0d2527eafa880ec6bf2c1cb294959428c18d10bd/diff","MergedDir":"/var/lib/docker/overlay2/b481eee7843c17772ada1734203524b4de76785735a50d4c68703d497db0e4ed/merged","UpperDir":"/var/lib/docker/overlay2/b481eee7843c17772ada1734203524b4de76785735a50d4c68703d497db0e4ed/diff","WorkDir":"/var/lib/docker/overlay2/b481eee7843c17772ada1734203524b4de76785735a50d4c68703d497db0e4ed/work"},"Name":"overlay2"},"Mounts":[{"Type":"volume","Name":"ec40278114b76af7b6535b952e685e04a98a51fa16363f5e9f0df1ce601f1dd5","Source":"/var/lib/docker/volumes/ec40278114b76af7b6535b952e685e04a98a51fa16363f5e9f0df1ce601f1dd5/_data","Destination":"/var/lib/mysql","Driver":"local","Mode":"","RW":true,"Propagation":""}],"Config":{"Hostname":"0739339bbc62","Domainname":"","User":"","AttachStdin":false,"AttachStdout":false,"AttachStderr":false,"ExposedPorts":{"3306/tcp":{}},"Tty":false,"OpenStdin":false,"StdinOnce":false,"Env":["MYSQL_DATABASE=test","MYSQL_PASSWORD=test","MYSQL_USER=test","MYSQL_ROOT_PASSWORD=test","PATH=/usr/local/sbin:/usr/local/bin:/usr/sbin:/usr/bin:/sbin:/bin","GOSU_VERSION=1.7","MYSQL_MAJOR=8.0","MYSQL_VERSION=8.0.0-dmr-1debian8"],"Cmd":["mysqld"],"Image":"mysql:8.0.0","Volumes":{"/var/lib/mysql":{}},"WorkingDir":"","Entrypoint":["docker-entrypoint.sh"],"OnBuild":null,"Labels":{"org.testcontainers":"true","org.testcontainers.lang":"java","org.testcontainers.sessionId":"f1b696c1-ec3f-4f95-afa8-081853be7ccb","org.testcontainers.version":"1.18.0"}},"NetworkSettings":{"Bridge":"","SandboxID":"d265e68e2afe307f1ab03fab083f2c0477cba31e9f26759f52b94e045d1847fb","HairpinMode":false,"LinkLocalIPv6Address":"","LinkLocalIPv6PrefixLen":0,"Ports":{"3306/tcp":[{"HostIp":"0.0.0.0","HostPort":"32782"},{"HostIp":"::","HostPort":"32782"}]},"SandboxKey":"/var/run/docker/netns/d265e68e2afe","SecondaryIPAddresses":null,"SecondaryIPv6Addresses":null,"EndpointID":"97b4c81a7665dcad3863174204db678dde492e2a2b2f11f6ef1c683b5d76146b","Gateway":"172.17.0.1","GlobalIPv6Address":"","GlobalIPv6PrefixLen":0,"IPAddress":"172.17.0.3","IPPrefixLen":16,"IPv6Gateway":"","MacAddress":"02:42:ac:11:00:03","Networks":{"bridge":{"IPAMConfig":null,"Links":null,"Aliases":null,"NetworkID":"e1a078e12eb8d77b497ed932f7fb43787eeb6ff6972febd7d03c9282b8b5cd45","EndpointID":"97b4c81a7665dcad3863174204db678dde492e2a2b2f11f6ef1c683b5d76146b","Gateway":"172.17.0.1","IPAddress":"172.17.0.3","IPPrefixLen":16,"IPv6Gateway":"","GlobalIPv6Address":"","GlobalIPv6PrefixLen":0,"MacAddress":"02:42:ac:11:00:03","DriverOpts":null}}}}[\n]"
&amp#27;[0;39m2023-05-08 13:19:06,728 [main] &amp#27;[39mDEBUG&amp#27;[0;39m &amp#27;[36mc.g.d.z.s.o.a.hc.client5.http.wire&amp#27;[0;39m - &amp#27;[32mhttp-outgoing-1 << "[\r][\n]"
&amp#27;[0;39m2023-05-08 13:19:06,728 [main] &amp#27;[39mDEBUG&amp#27;[0;39m &amp#27;[36mc.g.d.z.s.o.a.hc.client5.http.wire&amp#27;[0;39m - &amp#27;[32mhttp-outgoing-1 << "0[\r][\n]"
&amp#27;[0;39m2023-05-08 13:19:06,728 [main] &amp#27;[39mDEBUG&amp#27;[0;39m &amp#27;[36mc.g.d.z.s.o.a.hc.client5.http.wire&amp#27;[0;39m - &amp#27;[32mhttp-outgoing-1 << "[\r][\n]"
&amp#27;[0;39m2023-05-08 13:19:06,728 [main] &amp#27;[39mDEBUG&amp#27;[0;39m &amp#27;[36mc.g.d.z.s.o.a.h.client5.http.headers&amp#27;[0;39m - &amp#27;[32mhttp-outgoing-1 << HTTP/1.1 200 OK
&amp#27;[0;39m2023-05-08 13:19:06,728 [main] &amp#27;[39mDEBUG&amp#27;[0;39m &amp#27;[36mc.g.d.z.s.o.a.h.client5.http.headers&amp#27;[0;39m - &amp#27;[32mhttp-outgoing-1 << Api-Version: 1.42
&amp#27;[0;39m2023-05-08 13:19:06,728 [main] &amp#27;[39mDEBUG&amp#27;[0;39m &amp#27;[36mc.g.d.z.s.o.a.h.client5.http.headers&amp#27;[0;39m - &amp#27;[32mhttp-outgoing-1 << Content-Type: application/json
&amp#27;[0;39m2023-05-08 13:19:06,728 [main] &amp#27;[39mDEBUG&amp#27;[0;39m &amp#27;[36mc.g.d.z.s.o.a.h.client5.http.headers&amp#27;[0;39m - &amp#27;[32mhttp-outgoing-1 << Docker-Experimental: false
&amp#27;[0;39m2023-05-08 13:19:06,728 [main] &amp#27;[39mDEBUG&amp#27;[0;39m &amp#27;[36mc.g.d.z.s.o.a.h.client5.http.headers&amp#27;[0;39m - &amp#27;[32mhttp-outgoing-1 << Ostype: linux
&amp#27;[0;39m2023-05-08 13:19:06,728 [main] &amp#27;[39mDEBUG&amp#27;[0;39m &amp#27;[36mc.g.d.z.s.o.a.h.client5.http.headers&amp#27;[0;39m - &amp#27;[32mhttp-outgoing-1 << Server: Docker/23.0.5 (linux)
&amp#27;[0;39m2023-05-08 13:19:06,728 [main] &amp#27;[39mDEBUG&amp#27;[0;39m &amp#27;[36mc.g.d.z.s.o.a.h.client5.http.headers&amp#27;[0;39m - &amp#27;[32mhttp-outgoing-1 << Date: Mon, 08 May 2023 11:19:06 GMT
&amp#27;[0;39m2023-05-08 13:19:06,728 [main] &amp#27;[39mDEBUG&amp#27;[0;39m &amp#27;[36mc.g.d.z.s.o.a.h.client5.http.headers&amp#27;[0;39m - &amp#27;[32mhttp-outgoing-1 << Transfer-Encoding: chunked
&amp#27;[0;39m2023-05-08 13:19:06,728 [main] &amp#27;[39mDEBUG&amp#27;[0;39m &amp#27;[36mc.g.d.z.s.o.a.h.c.h.i.c.MainClientExec&amp#27;[0;39m - &amp#27;[32mex-0000008A: connection can be kept alive for 3 MINUTES
&amp#27;[0;39m2023-05-08 13:19:06,728 [main] &amp#27;[39mDEBUG&amp#27;[0;39m &amp#27;[36mc.g.d.z.s.o.a.h.c.h.i.c.InternalHttpClient&amp#27;[0;39m - &amp#27;[32mep-00000089: releasing valid endpoint
&amp#27;[0;39m2023-05-08 13:19:06,728 [main] &amp#27;[39mDEBUG&amp#27;[0;39m &amp#27;[36mc.g.d.z.s.o.a.h.c.h.i.i.PoolingHttpClientConnectionManager&amp#27;[0;39m - &amp#27;[32mep-00000089: releasing endpoint
&amp#27;[0;39m2023-05-08 13:19:06,728 [main] &amp#27;[39mDEBUG&amp#27;[0;39m &amp#27;[36mc.g.d.z.s.o.a.h.c.h.i.i.PoolingHttpClientConnectionManager&amp#27;[0;39m - &amp#27;[32mep-00000089: connection http-outgoing-1 can be kept alive for 3 MINUTES
&amp#27;[0;39m2023-05-08 13:19:06,728 [main] &amp#27;[39mDEBUG&amp#27;[0;39m &amp#27;[36mc.g.d.z.s.o.a.h.c.h.i.i.PoolingHttpClientConnectionManager&amp#27;[0;39m - &amp#27;[32mep-00000089: connection released [route: {}->unix://localhost:2375][total available: 1; route allocated: 1 of 2147483647; total allocated: 1 of 2147483647]
&amp#27;[0;39m2023-05-08 13:19:06,728 [main] &amp#27;[39mDEBUG&amp#27;[0;39m &amp#27;[36mtc.mysql:8.0.0&amp#27;[0;39m - &amp#27;[32mTrying to create JDBC connection using com.mysql.cj.jdbc.Driver to jdbc:mysql://localhost:32782/test?useSSL=false&allowPublicKeyRetrieval=true with properties: {password=test, user=test}
&amp#27;[0;39m2023-05-08 13:19:06,829 [main] &amp#27;[39mDEBUG&amp#27;[0;39m &amp#27;[36mo.t.s.c.g.d.c.command.AbstrDockerCmd&amp#27;[0;39m - &amp#27;[32mCmd: 0739339bbc624082fb5e41f62f4a622236ffe4974bf12b2847105b726085e02b,false
&amp#27;[0;39m2023-05-08 13:19:06,830 [main] &amp#27;[39mDEBUG&amp#27;[0;39m &amp#27;[36mo.t.s.c.g.d.c.e.InspectContainerCmdExec&amp#27;[0;39m - &amp#27;[32mGET: DefaultWebTarget{path=[/containers/0739339bbc624082fb5e41f62f4a622236ffe4974bf12b2847105b726085e02b/json], queryParams={}}
&amp#27;[0;39m2023-05-08 13:19:06,830 [main] &amp#27;[39mDEBUG&amp#27;[0;39m &amp#27;[36mc.g.d.z.s.o.a.h.c.h.i.c.InternalHttpClient&amp#27;[0;39m - &amp#27;[32mex-0000008B: preparing request execution
&amp#27;[0;39m2023-05-08 13:19:06,830 [main] &amp#27;[39mDEBUG&amp#27;[0;39m &amp#27;[36mc.g.d.z.s.o.a.h.c.h.p.RequestAddCookies&amp#27;[0;39m - &amp#27;[32mCookie spec selected: strict
&amp#27;[0;39m2023-05-08 13:19:06,830 [main] &amp#27;[39mDEBUG&amp#27;[0;39m &amp#27;[36mc.g.d.z.s.o.a.h.c.h.p.RequestAuthCache&amp#27;[0;39m - &amp#27;[32mAuth cache not set in the context
&amp#27;[0;39m2023-05-08 13:19:06,830 [main] &amp#27;[39mDEBUG&amp#27;[0;39m &amp#27;[36mc.g.d.z.s.o.a.h.c.h.i.c.ProtocolExec&amp#27;[0;39m - &amp#27;[32mex-0000008B: target auth state: UNCHALLENGED
&amp#27;[0;39m2023-05-08 13:19:06,830 [main] &amp#27;[39mDEBUG&amp#27;[0;39m &amp#27;[36mc.g.d.z.s.o.a.h.c.h.i.c.ProtocolExec&amp#27;[0;39m - &amp#27;[32mex-0000008B: proxy auth state: UNCHALLENGED
&amp#27;[0;39m2023-05-08 13:19:06,830 [main] &amp#27;[39mDEBUG&amp#27;[0;39m &amp#27;[36mc.g.d.z.s.o.a.h.c.h.i.c.ConnectExec&amp#27;[0;39m - &amp#27;[32mex-0000008B: acquiring connection with route {}->unix://localhost:2375
&amp#27;[0;39m2023-05-08 13:19:06,830 [main] &amp#27;[39mDEBUG&amp#27;[0;39m &amp#27;[36mc.g.d.z.s.o.a.h.c.h.i.c.InternalHttpClient&amp#27;[0;39m - &amp#27;[32mex-0000008B: acquiring endpoint (3 MINUTES)
&amp#27;[0;39m2023-05-08 13:19:06,830 [main] &amp#27;[39mDEBUG&amp#27;[0;39m &amp#27;[36mc.g.d.z.s.o.a.h.c.h.i.i.PoolingHttpClientConnectionManager&amp#27;[0;39m - &amp#27;[32mex-0000008B: endpoint lease request (3 MINUTES) [route: {}->unix://localhost:2375][total available: 1; route allocated: 1 of 2147483647; total allocated: 1 of 2147483647]
&amp#27;[0;39m2023-05-08 13:19:06,830 [main] &amp#27;[39mDEBUG&amp#27;[0;39m &amp#27;[36mc.g.d.z.s.o.a.h.c.h.i.i.PoolingHttpClientConnectionManager&amp#27;[0;39m - &amp#27;[32mex-0000008B: endpoint leased [route: {}->unix://localhost:2375][total available: 0; route allocated: 1 of 2147483647; total allocated: 1 of 2147483647]
&amp#27;[0;39m2023-05-08 13:19:06,830 [main] &amp#27;[39mDEBUG&amp#27;[0;39m &amp#27;[36mc.g.d.z.s.o.a.h.c.h.i.i.PoolingHttpClientConnectionManager&amp#27;[0;39m - &amp#27;[32mex-0000008B: acquired ep-0000008A
&amp#27;[0;39m2023-05-08 13:19:06,830 [main] &amp#27;[39mDEBUG&amp#27;[0;39m &amp#27;[36mc.g.d.z.s.o.a.h.c.h.i.c.InternalHttpClient&amp#27;[0;39m - &amp#27;[32mex-0000008B: acquired endpoint ep-0000008A
&amp#27;[0;39m2023-05-08 13:19:06,830 [main] &amp#27;[39mDEBUG&amp#27;[0;39m &amp#27;[36mc.g.d.z.s.o.a.h.c.h.i.c.MainClientExec&amp#27;[0;39m - &amp#27;[32mex-0000008B: executing GET /v1.32/containers/0739339bbc624082fb5e41f62f4a622236ffe4974bf12b2847105b726085e02b/json HTTP/1.1
&amp#27;[0;39m2023-05-08 13:19:06,830 [main] &amp#27;[39mDEBUG&amp#27;[0;39m &amp#27;[36mc.g.d.z.s.o.a.h.c.h.i.c.InternalHttpClient&amp#27;[0;39m - &amp#27;[32mep-0000008A: start execution ex-0000008B
&amp#27;[0;39m2023-05-08 13:19:06,830 [main] &amp#27;[39mDEBUG&amp#27;[0;39m &amp#27;[36mc.g.d.z.s.o.a.h.c.h.i.i.PoolingHttpClientConnectionManager&amp#27;[0;39m - &amp#27;[32mep-0000008A: executing exchange ex-0000008B over http-outgoing-1
&amp#27;[0;39m2023-05-08 13:19:06,830 [main] &amp#27;[39mDEBUG&amp#27;[0;39m &amp#27;[36mc.g.d.z.s.o.a.h.client5.http.headers&amp#27;[0;39m - &amp#27;[32mhttp-outgoing-1 >> GET /v1.32/containers/0739339bbc624082fb5e41f62f4a622236ffe4974bf12b2847105b726085e02b/json HTTP/1.1
&amp#27;[0;39m2023-05-08 13:19:06,830 [main] &amp#27;[39mDEBUG&amp#27;[0;39m &amp#27;[36mc.g.d.z.s.o.a.h.client5.http.headers&amp#27;[0;39m - &amp#27;[32mhttp-outgoing-1 >> accept: application/json
&amp#27;[0;39m2023-05-08 13:19:06,830 [main] &amp#27;[39mDEBUG&amp#27;[0;39m &amp#27;[36mc.g.d.z.s.o.a.h.client5.http.headers&amp#27;[0;39m - &amp#27;[32mhttp-outgoing-1 >> x-tc-sid: f1b696c1-ec3f-4f95-afa8-081853be7ccb
&amp#27;[0;39m2023-05-08 13:19:06,830 [main] &amp#27;[39mDEBUG&amp#27;[0;39m &amp#27;[36mc.g.d.z.s.o.a.h.client5.http.headers&amp#27;[0;39m - &amp#27;[32mhttp-outgoing-1 >> Accept-Encoding: gzip, x-gzip, deflate
&amp#27;[0;39m2023-05-08 13:19:06,830 [main] &amp#27;[39mDEBUG&amp#27;[0;39m &amp#27;[36mc.g.d.z.s.o.a.h.client5.http.headers&amp#27;[0;39m - &amp#27;[32mhttp-outgoing-1 >> Host: localhost:2375
&amp#27;[0;39m2023-05-08 13:19:06,830 [main] &amp#27;[39mDEBUG&amp#27;[0;39m &amp#27;[36mc.g.d.z.s.o.a.h.client5.http.headers&amp#27;[0;39m - &amp#27;[32mhttp-outgoing-1 >> Connection: keep-alive
&amp#27;[0;39m2023-05-08 13:19:06,830 [main] &amp#27;[39mDEBUG&amp#27;[0;39m &amp#27;[36mc.g.d.z.s.o.a.h.client5.http.headers&amp#27;[0;39m - &amp#27;[32mhttp-outgoing-1 >> User-Agent: Apache-HttpClient/5.0.3 (Java/17.0.6)
&amp#27;[0;39m2023-05-08 13:19:06,830 [main] &amp#27;[39mDEBUG&amp#27;[0;39m &amp#27;[36mc.g.d.z.s.o.a.hc.client5.http.wire&amp#27;[0;39m - &amp#27;[32mhttp-outgoing-1 >> "GET /v1.32/containers/0739339bbc624082fb5e41f62f4a622236ffe4974bf12b2847105b726085e02b/json HTTP/1.1[\r][\n]"
&amp#27;[0;39m2023-05-08 13:19:06,830 [main] &amp#27;[39mDEBUG&amp#27;[0;39m &amp#27;[36mc.g.d.z.s.o.a.hc.client5.http.wire&amp#27;[0;39m - &amp#27;[32mhttp-outgoing-1 >> "accept: application/json[\r][\n]"
&amp#27;[0;39m2023-05-08 13:19:06,830 [main] &amp#27;[39mDEBUG&amp#27;[0;39m &amp#27;[36mc.g.d.z.s.o.a.hc.client5.http.wire&amp#27;[0;39m - &amp#27;[32mhttp-outgoing-1 >> "x-tc-sid: f1b696c1-ec3f-4f95-afa8-081853be7ccb[\r][\n]"
&amp#27;[0;39m2023-05-08 13:19:06,830 [main] &amp#27;[39mDEBUG&amp#27;[0;39m &amp#27;[36mc.g.d.z.s.o.a.hc.client5.http.wire&amp#27;[0;39m - &amp#27;[32mhttp-outgoing-1 >> "Accept-Encoding: gzip, x-gzip, deflate[\r][\n]"
&amp#27;[0;39m2023-05-08 13:19:06,830 [main] &amp#27;[39mDEBUG&amp#27;[0;39m &amp#27;[36mc.g.d.z.s.o.a.hc.client5.http.wire&amp#27;[0;39m - &amp#27;[32mhttp-outgoing-1 >> "Host: localhost:2375[\r][\n]"
&amp#27;[0;39m2023-05-08 13:19:06,830 [main] &amp#27;[39mDEBUG&amp#27;[0;39m &amp#27;[36mc.g.d.z.s.o.a.hc.client5.http.wire&amp#27;[0;39m - &amp#27;[32mhttp-outgoing-1 >> "Connection: keep-alive[\r][\n]"
&amp#27;[0;39m2023-05-08 13:19:06,830 [main] &amp#27;[39mDEBUG&amp#27;[0;39m &amp#27;[36mc.g.d.z.s.o.a.hc.client5.http.wire&amp#27;[0;39m - &amp#27;[32mhttp-outgoing-1 >> "User-Agent: Apache-HttpClient/5.0.3 (Java/17.0.6)[\r][\n]"
&amp#27;[0;39m2023-05-08 13:19:06,830 [main] &amp#27;[39mDEBUG&amp#27;[0;39m &amp#27;[36mc.g.d.z.s.o.a.hc.client5.http.wire&amp#27;[0;39m - &amp#27;[32mhttp-outgoing-1 >> "[\r][\n]"
&amp#27;[0;39m2023-05-08 13:19:06,831 [main] &amp#27;[39mDEBUG&amp#27;[0;39m &amp#27;[36mc.g.d.z.s.o.a.hc.client5.http.wire&amp#27;[0;39m - &amp#27;[32mhttp-outgoing-1 << "HTTP/1.1 200 OK[\r][\n]"
&amp#27;[0;39m2023-05-08 13:19:06,831 [main] &amp#27;[39mDEBUG&amp#27;[0;39m &amp#27;[36mc.g.d.z.s.o.a.hc.client5.http.wire&amp#27;[0;39m - &amp#27;[32mhttp-outgoing-1 << "Api-Version: 1.42[\r][\n]"
&amp#27;[0;39m2023-05-08 13:19:06,831 [main] &amp#27;[39mDEBUG&amp#27;[0;39m &amp#27;[36mc.g.d.z.s.o.a.hc.client5.http.wire&amp#27;[0;39m - &amp#27;[32mhttp-outgoing-1 << "Content-Type: application/json[\r][\n]"
&amp#27;[0;39m2023-05-08 13:19:06,831 [main] &amp#27;[39mDEBUG&amp#27;[0;39m &amp#27;[36mc.g.d.z.s.o.a.hc.client5.http.wire&amp#27;[0;39m - &amp#27;[32mhttp-outgoing-1 << "Docker-Experimental: false[\r][\n]"
&amp#27;[0;39m2023-05-08 13:19:06,831 [main] &amp#27;[39mDEBUG&amp#27;[0;39m &amp#27;[36mc.g.d.z.s.o.a.hc.client5.http.wire&amp#27;[0;39m - &amp#27;[32mhttp-outgoing-1 << "Ostype: linux[\r][\n]"
&amp#27;[0;39m2023-05-08 13:19:06,831 [main] &amp#27;[39mDEBUG&amp#27;[0;39m &amp#27;[36mc.g.d.z.s.o.a.hc.client5.http.wire&amp#27;[0;39m - &amp#27;[32mhttp-outgoing-1 << "Server: Docker/23.0.5 (linux)[\r][\n]"
&amp#27;[0;39m2023-05-08 13:19:06,831 [main] &amp#27;[39mDEBUG&amp#27;[0;39m &amp#27;[36mc.g.d.z.s.o.a.hc.client5.http.wire&amp#27;[0;39m - &amp#27;[32mhttp-outgoing-1 << "Date: Mon, 08 May 2023 11:19:06 GMT[\r][\n]"
&amp#27;[0;39m2023-05-08 13:19:06,831 [main] &amp#27;[39mDEBUG&amp#27;[0;39m &amp#27;[36mc.g.d.z.s.o.a.hc.client5.http.wire&amp#27;[0;39m - &amp#27;[32mhttp-outgoing-1 << "Transfer-Encoding: chunked[\r][\n]"
&amp#27;[0;39m2023-05-08 13:19:06,831 [main] &amp#27;[39mDEBUG&amp#27;[0;39m &amp#27;[36mc.g.d.z.s.o.a.hc.client5.http.wire&amp#27;[0;39m - &amp#27;[32mhttp-outgoing-1 << "[\r][\n]"
&amp#27;[0;39m2023-05-08 13:19:06,831 [main] &amp#27;[39mDEBUG&amp#27;[0;39m &amp#27;[36mc.g.d.z.s.o.a.hc.client5.http.wire&amp#27;[0;39m - &amp#27;[32mhttp-outgoing-1 << "1893[\r][\n]"
&amp#27;[0;39m2023-05-08 13:19:06,831 [main] &amp#27;[39mDEBUG&amp#27;[0;39m &amp#27;[36mc.g.d.z.s.o.a.hc.client5.http.wire&amp#27;[0;39m - &amp#27;[32mhttp-outgoing-1 << "{"Id":"0739339bbc624082fb5e41f62f4a622236ffe4974bf12b2847105b726085e02b","Created":"2023-05-08T11:19:01.771856188Z","Path":"docker-entrypoint.sh","Args":["mysqld"],"State":{"Status":"running","Running":true,"Paused":false,"Restarting":false,"OOMKilled":false,"Dead":false,"Pid":59514,"ExitCode":0,"Error":"","StartedAt":"2023-05-08T11:19:02.113674386Z","FinishedAt":"0001-01-01T00:00:00Z"},"Image":"sha256:228d71078f8ce5ae9fd96b183f88c3a90e30544b4b7ce9d64a238d05fef2a681","ResolvConfPath":"/var/lib/docker/containers/0739339bbc624082fb5e41f62f4a622236ffe4974bf12b2847105b726085e02b/resolv.conf","HostnamePath":"/var/lib/docker/containers/0739339bbc624082fb5e41f62f4a622236ffe4974bf12b2847105b726085e02b/hostname","HostsPath":"/var/lib/docker/containers/0739339bbc624082fb5e41f62f4a622236ffe4974bf12b2847105b726085e02b/hosts","LogPath":"/var/lib/docker/containers/0739339bbc624082fb5e41f62f4a622236ffe4974bf12b2847105b726085e02b/0739339bbc624082fb5e41f62f4a622236ffe4974bf12b2847105b726085e02b-json.log","Name":"/intelligent_galileo","RestartCount":0,"Driver":"overlay2","Platform":"linux","MountLabel":"","ProcessLabel":"","AppArmorProfile":"docker-default","ExecIDs":null,"HostConfig":{"Binds":[],"ContainerIDFile":"","LogConfig":{"Type":"json-file","Config":{}},"NetworkMode":"default","PortBindings":{"3306/tcp":[{"HostIp":"","HostPort":""}]},"RestartPolicy":{"Name":"","MaximumRetryCount":0},"AutoRemove":false,"VolumeDriver":"","VolumesFrom":[],"ConsoleSize":[0,0],"CapAdd":null,"CapDrop":null,"CgroupnsMode":"private","Dns":null,"DnsOptions":null,"DnsSearch":null,"ExtraHosts":[],"GroupAdd":null,"IpcMode":"shareable","Cgroup":"","Links":null,"OomScoreAdj":0,"PidMode":"","Privileged":false,"PublishAllPorts":false,"ReadonlyRootfs":false,"SecurityOpt":null,"UTSMode":"","UsernsMode":"","ShmSize":67108864,"Runtime":"runc","Isolation":"","CpuShares":0,"Memory":0,"NanoCpus":0,"CgroupParent":"","BlkioWeight":0,"BlkioWeightDevice":null,"BlkioDeviceReadBps":null,"BlkioDeviceWriteBps":null,"BlkioDeviceReadIOps":null,"BlkioDeviceWriteIOps":null,"CpuPeriod":0,"CpuQuota":0,"CpuRealtimePeriod":0,"CpuRealtimeRuntime":0,"CpusetCpus":"","CpusetMems":"","Devices":null,"DeviceCgroupRules":null,"DeviceRequests":null,"MemoryReservation":0,"MemorySwap":0,"MemorySwappiness":null,"OomKillDisable":null,"PidsLimit":null,"Ulimits":null,"CpuCount":0,"CpuPercent":0,"IOMaximumIOps":0,"IOMaximumBandwidth":0,"MaskedPaths":["/proc/asound","/proc/acpi","/proc/kcore","/proc/keys","/proc/latency_stats","/proc/timer_list","/proc/timer_stats","/proc/sched_debug","/proc/scsi","/sys/firmware"],"ReadonlyPaths":["/proc/bus","/proc/fs","/proc/irq","/proc/sys","/proc/sysrq-trigger"]},"GraphDriver":{"Data":{"LowerDir":"/var/lib/docker/overlay2/b481eee7843c17772ada1734203524b4de76785735a50d4c68703d497db0e4ed-init/diff:/var/lib/docker/overlay2/4c6e20f032f02b27a9272f982861dc21998197aa90d94ed3bef95d449380247c/diff:/var/lib/docker/overlay2/0c75f828f603eff839bb3ca448163ab2a8017e86625ac255cd3dbf1673ddac26/diff:/var/lib/docker/overlay2/da128d897fda75829109844ce6cd9d73d0f54c682e735100af000ce899908729/diff:/var/lib/docker/overlay2/b678a1f261bf323afba6d76d91ab7428bdd6e1ef4a39b5224e4a1afd08c0423a/diff:/var/lib/docker/overlay2/1bec43b14875c5f9f814f146e8e31aa78566689c2c163da2ac60a32254988437/diff:/var/lib/docker/overlay2/28f4b1e6e1a7a2dbe30f1f94fb42bccd85a61faf8af1fe30a5bb0d442c525e41/diff:/var/lib/docker/overlay2/0f493124464c291d7c97d2633d5dff04b1dce5de904cb40a34dfbe7fe72e3fd4/diff:/var/lib/docker/overlay2/05befbee9e38cd670e1786b3310e99796dcc06abbed970007b4109a5424843fa/diff:/var/lib/docker/overlay2/582bcca9acfc4eef25109e1e1b9c9d104f355798455bc73e855c99283887a6e8/diff:/var/lib/docker/overlay2/153b3bf0b69e97e8f0e5533414a31ca33fa530e63d174c9617621abe46e7e9d1/diff:/var/lib/docker/overlay2/bf87a76c0a38875ee6e915fd0d2527eafa880ec6bf2c1cb294959428c18d10bd/diff","MergedDir":"/var/lib/docker/overlay2/b481eee7843c17772ada1734203524b4de76785735a50d4c68703d497db0e4ed/merged","UpperDir":"/var/lib/docker/overlay2/b481eee7843c17772ada1734203524b4de76785735a50d4c68703d497db0e4ed/diff","WorkDir":"/var/lib/docker/overlay2/b481eee7843c17772ada1734203524b4de76785735a50d4c68703d497db0e4ed/work"},"Name":"overlay2"},"Mounts":[{"Type":"volume","Name":"ec40278114b76af7b6535b952e685e04a98a51fa16363f5e9f0df1ce601f1dd5","Source":"/var/lib/docker/volumes/ec40278114b76af7b6535b952e685e04a98a51fa16363f5e9f0df1ce601f1dd5/_data","Destination":"/var/lib/mysql","Driver":"local","Mode":"","RW":true,"Propagation":""}],"Config":{"Hostname":"0739339bbc62","Domainname":"","User":"","AttachStdin":false,"AttachStdout":false,"AttachStderr":false,"ExposedPorts":{"3306/tcp":{}},"Tty":false,"OpenStdin":false,"StdinOnce":false,"Env":["MYSQL_DATABASE=test","MYSQL_PASSWORD=test","MYSQL_USER=test","MYSQL_ROOT_PASSWORD=test","PATH=/usr/local/sbin:/usr/local/bin:/usr/sbin:/usr/bin:/sbin:/bin","GOSU_VERSION=1.7","MYSQL_MAJOR=8.0","MYSQL_VERSION=8.0.0-dmr-1debian8"],"Cmd":["mysqld"],"Image":"mysql:8.0.0","Volumes":{"/var/lib/mysql":{}},"WorkingDir":"","Entrypoint":["docker-entrypoint.sh"],"OnBuild":null,"Labels":{"org.testcontainers":"true","org.testcontainers.lang":"java","org.testcontainers.sessionId":"f1b696c1-ec3f-4f95-afa8-081853be7ccb","org.testcontainers.version":"1.18.0"}},"NetworkSettings":{"Bridge":"","SandboxID":"d265e68e2afe307f1ab03fab083f2c0477cba31e9f26759f52b94e045d1847fb","HairpinMode":false,"LinkLocalIPv6Address":"","LinkLocalIPv6PrefixLen":0,"Ports":{"3306/tcp":[{"HostIp":"0.0.0.0","HostPort":"32782"},{"HostIp":"::","HostPort":"32782"}]},"SandboxKey":"/var/run/docker/netns/d265e68e2afe","SecondaryIPAddresses":null,"SecondaryIPv6Addresses":null,"EndpointID":"97b4c81a7665dcad3863174204db678dde492e2a2b2f11f6ef1c683b5d76146b","Gateway":"172.17.0.1","GlobalIPv6Address":"","GlobalIPv6PrefixLen":0,"IPAddress":"172.17.0.3","IPPrefixLen":16,"IPv6Gateway":"","MacAddress":"02:42:ac:11:00:03","Networks":{"bridge":{"IPAMConfig":null,"Links":null,"Aliases":null,"NetworkID":"e1a078e12eb8d77b497ed932f7fb43787eeb6ff6972febd7d03c9282b8b5cd45","EndpointID":"97b4c81a7665dcad3863174204db678dde492e2a2b2f11f6ef1c683b5d76146b","Gateway":"172.17.0.1","IPAddress":"172.17.0.3","IPPrefixLen":16,"IPv6Gateway":"","GlobalIPv6Address":"","GlobalIPv6PrefixLen":0,"MacAddress":"02:42:ac:11:00:03","DriverOpts":null}}}}[\n]"
&amp#27;[0;39m2023-05-08 13:19:06,831 [main] &amp#27;[39mDEBUG&amp#27;[0;39m &amp#27;[36mc.g.d.z.s.o.a.hc.client5.http.wire&amp#27;[0;39m - &amp#27;[32mhttp-outgoing-1 << "[\r][\n]"
&amp#27;[0;39m2023-05-08 13:19:06,831 [main] &amp#27;[39mDEBUG&amp#27;[0;39m &amp#27;[36mc.g.d.z.s.o.a.hc.client5.http.wire&amp#27;[0;39m - &amp#27;[32mhttp-outgoing-1 << "0[\r][\n]"
&amp#27;[0;39m2023-05-08 13:19:06,831 [main] &amp#27;[39mDEBUG&amp#27;[0;39m &amp#27;[36mc.g.d.z.s.o.a.hc.client5.http.wire&amp#27;[0;39m - &amp#27;[32mhttp-outgoing-1 << "[\r][\n]"
&amp#27;[0;39m2023-05-08 13:19:06,831 [main] &amp#27;[39mDEBUG&amp#27;[0;39m &amp#27;[36mc.g.d.z.s.o.a.h.client5.http.headers&amp#27;[0;39m - &amp#27;[32mhttp-outgoing-1 << HTTP/1.1 200 OK
&amp#27;[0;39m2023-05-08 13:19:06,831 [main] &amp#27;[39mDEBUG&amp#27;[0;39m &amp#27;[36mc.g.d.z.s.o.a.h.client5.http.headers&amp#27;[0;39m - &amp#27;[32mhttp-outgoing-1 << Api-Version: 1.42
&amp#27;[0;39m2023-05-08 13:19:06,831 [main] &amp#27;[39mDEBUG&amp#27;[0;39m &amp#27;[36mc.g.d.z.s.o.a.h.client5.http.headers&amp#27;[0;39m - &amp#27;[32mhttp-outgoing-1 << Content-Type: application/json
&amp#27;[0;39m2023-05-08 13:19:06,831 [main] &amp#27;[39mDEBUG&amp#27;[0;39m &amp#27;[36mc.g.d.z.s.o.a.h.client5.http.headers&amp#27;[0;39m - &amp#27;[32mhttp-outgoing-1 << Docker-Experimental: false
&amp#27;[0;39m2023-05-08 13:19:06,831 [main] &amp#27;[39mDEBUG&amp#27;[0;39m &amp#27;[36mc.g.d.z.s.o.a.h.client5.http.headers&amp#27;[0;39m - &amp#27;[32mhttp-outgoing-1 << Ostype: linux
&amp#27;[0;39m2023-05-08 13:19:06,831 [main] &amp#27;[39mDEBUG&amp#27;[0;39m &amp#27;[36mc.g.d.z.s.o.a.h.client5.http.headers&amp#27;[0;39m - &amp#27;[32mhttp-outgoing-1 << Server: Docker/23.0.5 (linux)
&amp#27;[0;39m2023-05-08 13:19:06,831 [main] &amp#27;[39mDEBUG&amp#27;[0;39m &amp#27;[36mc.g.d.z.s.o.a.h.client5.http.headers&amp#27;[0;39m - &amp#27;[32mhttp-outgoing-1 << Date: Mon, 08 May 2023 11:19:06 GMT
&amp#27;[0;39m2023-05-08 13:19:06,831 [main] &amp#27;[39mDEBUG&amp#27;[0;39m &amp#27;[36mc.g.d.z.s.o.a.h.client5.http.headers&amp#27;[0;39m - &amp#27;[32mhttp-outgoing-1 << Transfer-Encoding: chunked
&amp#27;[0;39m2023-05-08 13:19:06,831 [main] &amp#27;[39mDEBUG&amp#27;[0;39m &amp#27;[36mc.g.d.z.s.o.a.h.c.h.i.c.MainClientExec&amp#27;[0;39m - &amp#27;[32mex-0000008B: connection can be kept alive for 3 MINUTES
&amp#27;[0;39m2023-05-08 13:19:06,831 [main] &amp#27;[39mDEBUG&amp#27;[0;39m &amp#27;[36mc.g.d.z.s.o.a.h.c.h.i.c.InternalHttpClient&amp#27;[0;39m - &amp#27;[32mep-0000008A: releasing valid endpoint
&amp#27;[0;39m2023-05-08 13:19:06,831 [main] &amp#27;[39mDEBUG&amp#27;[0;39m &amp#27;[36mc.g.d.z.s.o.a.h.c.h.i.i.PoolingHttpClientConnectionManager&amp#27;[0;39m - &amp#27;[32mep-0000008A: releasing endpoint
&amp#27;[0;39m2023-05-08 13:19:06,831 [main] &amp#27;[39mDEBUG&amp#27;[0;39m &amp#27;[36mc.g.d.z.s.o.a.h.c.h.i.i.PoolingHttpClientConnectionManager&amp#27;[0;39m - &amp#27;[32mep-0000008A: connection http-outgoing-1 can be kept alive for 3 MINUTES
&amp#27;[0;39m2023-05-08 13:19:06,831 [main] &amp#27;[39mDEBUG&amp#27;[0;39m &amp#27;[36mc.g.d.z.s.o.a.h.c.h.i.i.PoolingHttpClientConnectionManager&amp#27;[0;39m - &amp#27;[32mep-0000008A: connection released [route: {}->unix://localhost:2375][total available: 1; route allocated: 1 of 2147483647; total allocated: 1 of 2147483647]
&amp#27;[0;39m2023-05-08 13:19:06,831 [main] &amp#27;[39mDEBUG&amp#27;[0;39m &amp#27;[36mtc.mysql:8.0.0&amp#27;[0;39m - &amp#27;[32mTrying to create JDBC connection using com.mysql.cj.jdbc.Driver to jdbc:mysql://localhost:32782/test?useSSL=false&allowPublicKeyRetrieval=true with properties: {password=test, user=test}
&amp#27;[0;39m2023-05-08 13:19:06,932 [main] &amp#27;[39mDEBUG&amp#27;[0;39m &amp#27;[36mo.t.s.c.g.d.c.command.AbstrDockerCmd&amp#27;[0;39m - &amp#27;[32mCmd: 0739339bbc624082fb5e41f62f4a622236ffe4974bf12b2847105b726085e02b,false
&amp#27;[0;39m2023-05-08 13:19:06,932 [main] &amp#27;[39mDEBUG&amp#27;[0;39m &amp#27;[36mo.t.s.c.g.d.c.e.InspectContainerCmdExec&amp#27;[0;39m - &amp#27;[32mGET: DefaultWebTarget{path=[/containers/0739339bbc624082fb5e41f62f4a622236ffe4974bf12b2847105b726085e02b/json], queryParams={}}
&amp#27;[0;39m2023-05-08 13:19:06,933 [main] &amp#27;[39mDEBUG&amp#27;[0;39m &amp#27;[36mc.g.d.z.s.o.a.h.c.h.i.c.InternalHttpClient&amp#27;[0;39m - &amp#27;[32mex-0000008C: preparing request execution
&amp#27;[0;39m2023-05-08 13:19:06,933 [main] &amp#27;[39mDEBUG&amp#27;[0;39m &amp#27;[36mc.g.d.z.s.o.a.h.c.h.p.RequestAddCookies&amp#27;[0;39m - &amp#27;[32mCookie spec selected: strict
&amp#27;[0;39m2023-05-08 13:19:06,933 [main] &amp#27;[39mDEBUG&amp#27;[0;39m &amp#27;[36mc.g.d.z.s.o.a.h.c.h.p.RequestAuthCache&amp#27;[0;39m - &amp#27;[32mAuth cache not set in the context
&amp#27;[0;39m2023-05-08 13:19:06,933 [main] &amp#27;[39mDEBUG&amp#27;[0;39m &amp#27;[36mc.g.d.z.s.o.a.h.c.h.i.c.ProtocolExec&amp#27;[0;39m - &amp#27;[32mex-0000008C: target auth state: UNCHALLENGED
&amp#27;[0;39m2023-05-08 13:19:06,933 [main] &amp#27;[39mDEBUG&amp#27;[0;39m &amp#27;[36mc.g.d.z.s.o.a.h.c.h.i.c.ProtocolExec&amp#27;[0;39m - &amp#27;[32mex-0000008C: proxy auth state: UNCHALLENGED
&amp#27;[0;39m2023-05-08 13:19:06,933 [main] &amp#27;[39mDEBUG&amp#27;[0;39m &amp#27;[36mc.g.d.z.s.o.a.h.c.h.i.c.ConnectExec&amp#27;[0;39m - &amp#27;[32mex-0000008C: acquiring connection with route {}->unix://localhost:2375
&amp#27;[0;39m2023-05-08 13:19:06,933 [main] &amp#27;[39mDEBUG&amp#27;[0;39m &amp#27;[36mc.g.d.z.s.o.a.h.c.h.i.c.InternalHttpClient&amp#27;[0;39m - &amp#27;[32mex-0000008C: acquiring endpoint (3 MINUTES)
&amp#27;[0;39m2023-05-08 13:19:06,933 [main] &amp#27;[39mDEBUG&amp#27;[0;39m &amp#27;[36mc.g.d.z.s.o.a.h.c.h.i.i.PoolingHttpClientConnectionManager&amp#27;[0;39m - &amp#27;[32mex-0000008C: endpoint lease request (3 MINUTES) [route: {}->unix://localhost:2375][total available: 1; route allocated: 1 of 2147483647; total allocated: 1 of 2147483647]
&amp#27;[0;39m2023-05-08 13:19:06,933 [main] &amp#27;[39mDEBUG&amp#27;[0;39m &amp#27;[36mc.g.d.z.s.o.a.h.c.h.i.i.PoolingHttpClientConnectionManager&amp#27;[0;39m - &amp#27;[32mex-0000008C: endpoint leased [route: {}->unix://localhost:2375][total available: 0; route allocated: 1 of 2147483647; total allocated: 1 of 2147483647]
&amp#27;[0;39m2023-05-08 13:19:06,933 [main] &amp#27;[39mDEBUG&amp#27;[0;39m &amp#27;[36mc.g.d.z.s.o.a.h.c.h.i.i.PoolingHttpClientConnectionManager&amp#27;[0;39m - &amp#27;[32mex-0000008C: acquired ep-0000008B
&amp#27;[0;39m2023-05-08 13:19:06,933 [main] &amp#27;[39mDEBUG&amp#27;[0;39m &amp#27;[36mc.g.d.z.s.o.a.h.c.h.i.c.InternalHttpClient&amp#27;[0;39m - &amp#27;[32mex-0000008C: acquired endpoint ep-0000008B
&amp#27;[0;39m2023-05-08 13:19:06,933 [main] &amp#27;[39mDEBUG&amp#27;[0;39m &amp#27;[36mc.g.d.z.s.o.a.h.c.h.i.c.MainClientExec&amp#27;[0;39m - &amp#27;[32mex-0000008C: executing GET /v1.32/containers/0739339bbc624082fb5e41f62f4a622236ffe4974bf12b2847105b726085e02b/json HTTP/1.1
&amp#27;[0;39m2023-05-08 13:19:06,933 [main] &amp#27;[39mDEBUG&amp#27;[0;39m &amp#27;[36mc.g.d.z.s.o.a.h.c.h.i.c.InternalHttpClient&amp#27;[0;39m - &amp#27;[32mep-0000008B: start execution ex-0000008C
&amp#27;[0;39m2023-05-08 13:19:06,933 [main] &amp#27;[39mDEBUG&amp#27;[0;39m &amp#27;[36mc.g.d.z.s.o.a.h.c.h.i.i.PoolingHttpClientConnectionManager&amp#27;[0;39m - &amp#27;[32mep-0000008B: executing exchange ex-0000008C over http-outgoing-1
&amp#27;[0;39m2023-05-08 13:19:06,933 [main] &amp#27;[39mDEBUG&amp#27;[0;39m &amp#27;[36mc.g.d.z.s.o.a.h.client5.http.headers&amp#27;[0;39m - &amp#27;[32mhttp-outgoing-1 >> GET /v1.32/containers/0739339bbc624082fb5e41f62f4a622236ffe4974bf12b2847105b726085e02b/json HTTP/1.1
&amp#27;[0;39m2023-05-08 13:19:06,933 [main] &amp#27;[39mDEBUG&amp#27;[0;39m &amp#27;[36mc.g.d.z.s.o.a.h.client5.http.headers&amp#27;[0;39m - &amp#27;[32mhttp-outgoing-1 >> accept: application/json
&amp#27;[0;39m2023-05-08 13:19:06,933 [main] &amp#27;[39mDEBUG&amp#27;[0;39m &amp#27;[36mc.g.d.z.s.o.a.h.client5.http.headers&amp#27;[0;39m - &amp#27;[32mhttp-outgoing-1 >> x-tc-sid: f1b696c1-ec3f-4f95-afa8-081853be7ccb
&amp#27;[0;39m2023-05-08 13:19:06,933 [main] &amp#27;[39mDEBUG&amp#27;[0;39m &amp#27;[36mc.g.d.z.s.o.a.h.client5.http.headers&amp#27;[0;39m - &amp#27;[32mhttp-outgoing-1 >> Accept-Encoding: gzip, x-gzip, deflate
&amp#27;[0;39m2023-05-08 13:19:06,933 [main] &amp#27;[39mDEBUG&amp#27;[0;39m &amp#27;[36mc.g.d.z.s.o.a.h.client5.http.headers&amp#27;[0;39m - &amp#27;[32mhttp-outgoing-1 >> Host: localhost:2375
&amp#27;[0;39m2023-05-08 13:19:06,933 [main] &amp#27;[39mDEBUG&amp#27;[0;39m &amp#27;[36mc.g.d.z.s.o.a.h.client5.http.headers&amp#27;[0;39m - &amp#27;[32mhttp-outgoing-1 >> Connection: keep-alive
&amp#27;[0;39m2023-05-08 13:19:06,933 [main] &amp#27;[39mDEBUG&amp#27;[0;39m &amp#27;[36mc.g.d.z.s.o.a.h.client5.http.headers&amp#27;[0;39m - &amp#27;[32mhttp-outgoing-1 >> User-Agent: Apache-HttpClient/5.0.3 (Java/17.0.6)
&amp#27;[0;39m2023-05-08 13:19:06,933 [main] &amp#27;[39mDEBUG&amp#27;[0;39m &amp#27;[36mc.g.d.z.s.o.a.hc.client5.http.wire&amp#27;[0;39m - &amp#27;[32mhttp-outgoing-1 >> "GET /v1.32/containers/0739339bbc624082fb5e41f62f4a622236ffe4974bf12b2847105b726085e02b/json HTTP/1.1[\r][\n]"
&amp#27;[0;39m2023-05-08 13:19:06,933 [main] &amp#27;[39mDEBUG&amp#27;[0;39m &amp#27;[36mc.g.d.z.s.o.a.hc.client5.http.wire&amp#27;[0;39m - &amp#27;[32mhttp-outgoing-1 >> "accept: application/json[\r][\n]"
&amp#27;[0;39m2023-05-08 13:19:06,933 [main] &amp#27;[39mDEBUG&amp#27;[0;39m &amp#27;[36mc.g.d.z.s.o.a.hc.client5.http.wire&amp#27;[0;39m - &amp#27;[32mhttp-outgoing-1 >> "x-tc-sid: f1b696c1-ec3f-4f95-afa8-081853be7ccb[\r][\n]"
&amp#27;[0;39m2023-05-08 13:19:06,933 [main] &amp#27;[39mDEBUG&amp#27;[0;39m &amp#27;[36mc.g.d.z.s.o.a.hc.client5.http.wire&amp#27;[0;39m - &amp#27;[32mhttp-outgoing-1 >> "Accept-Encoding: gzip, x-gzip, deflate[\r][\n]"
&amp#27;[0;39m2023-05-08 13:19:06,933 [main] &amp#27;[39mDEBUG&amp#27;[0;39m &amp#27;[36mc.g.d.z.s.o.a.hc.client5.http.wire&amp#27;[0;39m - &amp#27;[32mhttp-outgoing-1 >> "Host: localhost:2375[\r][\n]"
&amp#27;[0;39m2023-05-08 13:19:06,933 [main] &amp#27;[39mDEBUG&amp#27;[0;39m &amp#27;[36mc.g.d.z.s.o.a.hc.client5.http.wire&amp#27;[0;39m - &amp#27;[32mhttp-outgoing-1 >> "Connection: keep-alive[\r][\n]"
&amp#27;[0;39m2023-05-08 13:19:06,933 [main] &amp#27;[39mDEBUG&amp#27;[0;39m &amp#27;[36mc.g.d.z.s.o.a.hc.client5.http.wire&amp#27;[0;39m - &amp#27;[32mhttp-outgoing-1 >> "User-Agent: Apache-HttpClient/5.0.3 (Java/17.0.6)[\r][\n]"
&amp#27;[0;39m2023-05-08 13:19:06,933 [main] &amp#27;[39mDEBUG&amp#27;[0;39m &amp#27;[36mc.g.d.z.s.o.a.hc.client5.http.wire&amp#27;[0;39m - &amp#27;[32mhttp-outgoing-1 >> "[\r][\n]"
&amp#27;[0;39m2023-05-08 13:19:06,933 [main] &amp#27;[39mDEBUG&amp#27;[0;39m &amp#27;[36mc.g.d.z.s.o.a.hc.client5.http.wire&amp#27;[0;39m - &amp#27;[32mhttp-outgoing-1 << "HTTP/1.1 200 OK[\r][\n]"
&amp#27;[0;39m2023-05-08 13:19:06,933 [main] &amp#27;[39mDEBUG&amp#27;[0;39m &amp#27;[36mc.g.d.z.s.o.a.hc.client5.http.wire&amp#27;[0;39m - &amp#27;[32mhttp-outgoing-1 << "Api-Version: 1.42[\r][\n]"
&amp#27;[0;39m2023-05-08 13:19:06,933 [main] &amp#27;[39mDEBUG&amp#27;[0;39m &amp#27;[36mc.g.d.z.s.o.a.hc.client5.http.wire&amp#27;[0;39m - &amp#27;[32mhttp-outgoing-1 << "Content-Type: application/json[\r][\n]"
&amp#27;[0;39m2023-05-08 13:19:06,933 [main] &amp#27;[39mDEBUG&amp#27;[0;39m &amp#27;[36mc.g.d.z.s.o.a.hc.client5.http.wire&amp#27;[0;39m - &amp#27;[32mhttp-outgoing-1 << "Docker-Experimental: false[\r][\n]"
&amp#27;[0;39m2023-05-08 13:19:06,933 [main] &amp#27;[39mDEBUG&amp#27;[0;39m &amp#27;[36mc.g.d.z.s.o.a.hc.client5.http.wire&amp#27;[0;39m - &amp#27;[32mhttp-outgoing-1 << "Ostype: linux[\r][\n]"
&amp#27;[0;39m2023-05-08 13:19:06,933 [main] &amp#27;[39mDEBUG&amp#27;[0;39m &amp#27;[36mc.g.d.z.s.o.a.hc.client5.http.wire&amp#27;[0;39m - &amp#27;[32mhttp-outgoing-1 << "Server: Docker/23.0.5 (linux)[\r][\n]"
&amp#27;[0;39m2023-05-08 13:19:06,933 [main] &amp#27;[39mDEBUG&amp#27;[0;39m &amp#27;[36mc.g.d.z.s.o.a.hc.client5.http.wire&amp#27;[0;39m - &amp#27;[32mhttp-outgoing-1 << "Date: Mon, 08 May 2023 11:19:06 GMT[\r][\n]"
&amp#27;[0;39m2023-05-08 13:19:06,933 [main] &amp#27;[39mDEBUG&amp#27;[0;39m &amp#27;[36mc.g.d.z.s.o.a.hc.client5.http.wire&amp#27;[0;39m - &amp#27;[32mhttp-outgoing-1 << "Transfer-Encoding: chunked[\r][\n]"
&amp#27;[0;39m2023-05-08 13:19:06,933 [main] &amp#27;[39mDEBUG&amp#27;[0;39m &amp#27;[36mc.g.d.z.s.o.a.hc.client5.http.wire&amp#27;[0;39m - &amp#27;[32mhttp-outgoing-1 << "[\r][\n]"
&amp#27;[0;39m2023-05-08 13:19:06,933 [main] &amp#27;[39mDEBUG&amp#27;[0;39m &amp#27;[36mc.g.d.z.s.o.a.hc.client5.http.wire&amp#27;[0;39m - &amp#27;[32mhttp-outgoing-1 << "1893[\r][\n]"
&amp#27;[0;39m2023-05-08 13:19:06,934 [main] &amp#27;[39mDEBUG&amp#27;[0;39m &amp#27;[36mc.g.d.z.s.o.a.hc.client5.http.wire&amp#27;[0;39m - &amp#27;[32mhttp-outgoing-1 << "{"Id":"0739339bbc624082fb5e41f62f4a622236ffe4974bf12b2847105b726085e02b","Created":"2023-05-08T11:19:01.771856188Z","Path":"docker-entrypoint.sh","Args":["mysqld"],"State":{"Status":"running","Running":true,"Paused":false,"Restarting":false,"OOMKilled":false,"Dead":false,"Pid":59514,"ExitCode":0,"Error":"","StartedAt":"2023-05-08T11:19:02.113674386Z","FinishedAt":"0001-01-01T00:00:00Z"},"Image":"sha256:228d71078f8ce5ae9fd96b183f88c3a90e30544b4b7ce9d64a238d05fef2a681","ResolvConfPath":"/var/lib/docker/containers/0739339bbc624082fb5e41f62f4a622236ffe4974bf12b2847105b726085e02b/resolv.conf","HostnamePath":"/var/lib/docker/containers/0739339bbc624082fb5e41f62f4a622236ffe4974bf12b2847105b726085e02b/hostname","HostsPath":"/var/lib/docker/containers/0739339bbc624082fb5e41f62f4a622236ffe4974bf12b2847105b726085e02b/hosts","LogPath":"/var/lib/docker/containers/0739339bbc624082fb5e41f62f4a622236ffe4974bf12b2847105b726085e02b/0739339bbc624082fb5e41f62f4a622236ffe4974bf12b2847105b726085e02b-json.log","Name":"/intelligent_galileo","RestartCount":0,"Driver":"overlay2","Platform":"linux","MountLabel":"","ProcessLabel":"","AppArmorProfile":"docker-default","ExecIDs":null,"HostConfig":{"Binds":[],"ContainerIDFile":"","LogConfig":{"Type":"json-file","Config":{}},"NetworkMode":"default","PortBindings":{"3306/tcp":[{"HostIp":"","HostPort":""}]},"RestartPolicy":{"Name":"","MaximumRetryCount":0},"AutoRemove":false,"VolumeDriver":"","VolumesFrom":[],"ConsoleSize":[0,0],"CapAdd":null,"CapDrop":null,"CgroupnsMode":"private","Dns":null,"DnsOptions":null,"DnsSearch":null,"ExtraHosts":[],"GroupAdd":null,"IpcMode":"shareable","Cgroup":"","Links":null,"OomScoreAdj":0,"PidMode":"","Privileged":false,"PublishAllPorts":false,"ReadonlyRootfs":false,"SecurityOpt":null,"UTSMode":"","UsernsMode":"","ShmSize":67108864,"Runtime":"runc","Isolation":"","CpuShares":0,"Memory":0,"NanoCpus":0,"CgroupParent":"","BlkioWeight":0,"BlkioWeightDevice":null,"BlkioDeviceReadBps":null,"BlkioDeviceWriteBps":null,"BlkioDeviceReadIOps":null,"BlkioDeviceWriteIOps":null,"CpuPeriod":0,"CpuQuota":0,"CpuRealtimePeriod":0,"CpuRealtimeRuntime":0,"CpusetCpus":"","CpusetMems":"","Devices":null,"DeviceCgroupRules":null,"DeviceRequests":null,"MemoryReservation":0,"MemorySwap":0,"MemorySwappiness":null,"OomKillDisable":null,"PidsLimit":null,"Ulimits":null,"CpuCount":0,"CpuPercent":0,"IOMaximumIOps":0,"IOMaximumBandwidth":0,"MaskedPaths":["/proc/asound","/proc/acpi","/proc/kcore","/proc/keys","/proc/latency_stats","/proc/timer_list","/proc/timer_stats","/proc/sched_debug","/proc/scsi","/sys/firmware"],"ReadonlyPaths":["/proc/bus","/proc/fs","/proc/irq","/proc/sys","/proc/sysrq-trigger"]},"GraphDriver":{"Data":{"LowerDir":"/var/lib/docker/overlay2/b481eee7843c17772ada1734203524b4de76785735a50d4c68703d497db0e4ed-init/diff:/var/lib/docker/overlay2/4c6e20f032f02b27a9272f982861dc21998197aa90d94ed3bef95d449380247c/diff:/var/lib/docker/overlay2/0c75f828f603eff839bb3ca448163ab2a8017e86625ac255cd3dbf1673ddac26/diff:/var/lib/docker/overlay2/da128d897fda75829109844ce6cd9d73d0f54c682e735100af000ce899908729/diff:/var/lib/docker/overlay2/b678a1f261bf323afba6d76d91ab7428bdd6e1ef4a39b5224e4a1afd08c0423a/diff:/var/lib/docker/overlay2/1bec43b14875c5f9f814f146e8e31aa78566689c2c163da2ac60a32254988437/diff:/var/lib/docker/overlay2/28f4b1e6e1a7a2dbe30f1f94fb42bccd85a61faf8af1fe30a5bb0d442c525e41/diff:/var/lib/docker/overlay2/0f493124464c291d7c97d2633d5dff04b1dce5de904cb40a34dfbe7fe72e3fd4/diff:/var/lib/docker/overlay2/05befbee9e38cd670e1786b3310e99796dcc06abbed970007b4109a5424843fa/diff:/var/lib/docker/overlay2/582bcca9acfc4eef25109e1e1b9c9d104f355798455bc73e855c99283887a6e8/diff:/var/lib/docker/overlay2/153b3bf0b69e97e8f0e5533414a31ca33fa530e63d174c9617621abe46e7e9d1/diff:/var/lib/docker/overlay2/bf87a76c0a38875ee6e915fd0d2527eafa880ec6bf2c1cb294959428c18d10bd/diff","MergedDir":"/var/lib/docker/overlay2/b481eee7843c17772ada1734203524b4de76785735a50d4c68703d497db0e4ed/merged","UpperDir":"/var/lib/docker/overlay2/b481eee7843c17772ada1734203524b4de76785735a50d4c68703d497db0e4ed/diff","WorkDir":"/var/lib/docker/overlay2/b481eee7843c17772ada1734203524b4de76785735a50d4c68703d497db0e4ed/work"},"Name":"overlay2"},"Mounts":[{"Type":"volume","Name":"ec40278114b76af7b6535b952e685e04a98a51fa16363f5e9f0df1ce601f1dd5","Source":"/var/lib/docker/volumes/ec40278114b76af7b6535b952e685e04a98a51fa16363f5e9f0df1ce601f1dd5/_data","Destination":"/var/lib/mysql","Driver":"local","Mode":"","RW":true,"Propagation":""}],"Config":{"Hostname":"0739339bbc62","Domainname":"","User":"","AttachStdin":false,"AttachStdout":false,"AttachStderr":false,"ExposedPorts":{"3306/tcp":{}},"Tty":false,"OpenStdin":false,"StdinOnce":false,"Env":["MYSQL_DATABASE=test","MYSQL_PASSWORD=test","MYSQL_USER=test","MYSQL_ROOT_PASSWORD=test","PATH=/usr/local/sbin:/usr/local/bin:/usr/sbin:/usr/bin:/sbin:/bin","GOSU_VERSION=1.7","MYSQL_MAJOR=8.0","MYSQL_VERSION=8.0.0-dmr-1debian8"],"Cmd":["mysqld"],"Image":"mysql:8.0.0","Volumes":{"/var/lib/mysql":{}},"WorkingDir":"","Entrypoint":["docker-entrypoint.sh"],"OnBuild":null,"Labels":{"org.testcontainers":"true","org.testcontainers.lang":"java","org.testcontainers.sessionId":"f1b696c1-ec3f-4f95-afa8-081853be7ccb","org.testcontainers.version":"1.18.0"}},"NetworkSettings":{"Bridge":"","SandboxID":"d265e68e2afe307f1ab03fab083f2c0477cba31e9f26759f52b94e045d1847fb","HairpinMode":false,"LinkLocalIPv6Address":"","LinkLocalIPv6PrefixLen":0,"Ports":{"3306/tcp":[{"HostIp":"0.0.0.0","HostPort":"32782"},{"HostIp":"::","HostPort":"32782"}]},"SandboxKey":"/var/run/docker/netns/d265e68e2afe","SecondaryIPAddresses":null,"SecondaryIPv6Addresses":null,"EndpointID":"97b4c81a7665dcad3863174204db678dde492e2a2b2f11f6ef1c683b5d76146b","Gateway":"172.17.0.1","GlobalIPv6Address":"","GlobalIPv6PrefixLen":0,"IPAddress":"172.17.0.3","IPPrefixLen":16,"IPv6Gateway":"","MacAddress":"02:42:ac:11:00:03","Networks":{"bridge":{"IPAMConfig":null,"Links":null,"Aliases":null,"NetworkID":"e1a078e12eb8d77b497ed932f7fb43787eeb6ff6972febd7d03c9282b8b5cd45","EndpointID":"97b4c81a7665dcad3863174204db678dde492e2a2b2f11f6ef1c683b5d76146b","Gateway":"172.17.0.1","IPAddress":"172.17.0.3","IPPrefixLen":16,"IPv6Gateway":"","GlobalIPv6Address":"","GlobalIPv6PrefixLen":0,"MacAddress":"02:42:ac:11:00:03","DriverOpts":null}}}}[\n]"
&amp#27;[0;39m2023-05-08 13:19:06,934 [main] &amp#27;[39mDEBUG&amp#27;[0;39m &amp#27;[36mc.g.d.z.s.o.a.hc.client5.http.wire&amp#27;[0;39m - &amp#27;[32mhttp-outgoing-1 << "[\r][\n]"
&amp#27;[0;39m2023-05-08 13:19:06,934 [main] &amp#27;[39mDEBUG&amp#27;[0;39m &amp#27;[36mc.g.d.z.s.o.a.hc.client5.http.wire&amp#27;[0;39m - &amp#27;[32mhttp-outgoing-1 << "0[\r][\n]"
&amp#27;[0;39m2023-05-08 13:19:06,934 [main] &amp#27;[39mDEBUG&amp#27;[0;39m &amp#27;[36mc.g.d.z.s.o.a.hc.client5.http.wire&amp#27;[0;39m - &amp#27;[32mhttp-outgoing-1 << "[\r][\n]"
&amp#27;[0;39m2023-05-08 13:19:06,934 [main] &amp#27;[39mDEBUG&amp#27;[0;39m &amp#27;[36mc.g.d.z.s.o.a.h.client5.http.headers&amp#27;[0;39m - &amp#27;[32mhttp-outgoing-1 << HTTP/1.1 200 OK
&amp#27;[0;39m2023-05-08 13:19:06,934 [main] &amp#27;[39mDEBUG&amp#27;[0;39m &amp#27;[36mc.g.d.z.s.o.a.h.client5.http.headers&amp#27;[0;39m - &amp#27;[32mhttp-outgoing-1 << Api-Version: 1.42
&amp#27;[0;39m2023-05-08 13:19:06,934 [main] &amp#27;[39mDEBUG&amp#27;[0;39m &amp#27;[36mc.g.d.z.s.o.a.h.client5.http.headers&amp#27;[0;39m - &amp#27;[32mhttp-outgoing-1 << Content-Type: application/json
&amp#27;[0;39m2023-05-08 13:19:06,934 [main] &amp#27;[39mDEBUG&amp#27;[0;39m &amp#27;[36mc.g.d.z.s.o.a.h.client5.http.headers&amp#27;[0;39m - &amp#27;[32mhttp-outgoing-1 << Docker-Experimental: false
&amp#27;[0;39m2023-05-08 13:19:06,934 [main] &amp#27;[39mDEBUG&amp#27;[0;39m &amp#27;[36mc.g.d.z.s.o.a.h.client5.http.headers&amp#27;[0;39m - &amp#27;[32mhttp-outgoing-1 << Ostype: linux
&amp#27;[0;39m2023-05-08 13:19:06,934 [main] &amp#27;[39mDEBUG&amp#27;[0;39m &amp#27;[36mc.g.d.z.s.o.a.h.client5.http.headers&amp#27;[0;39m - &amp#27;[32mhttp-outgoing-1 << Server: Docker/23.0.5 (linux)
&amp#27;[0;39m2023-05-08 13:19:06,934 [main] &amp#27;[39mDEBUG&amp#27;[0;39m &amp#27;[36mc.g.d.z.s.o.a.h.client5.http.headers&amp#27;[0;39m - &amp#27;[32mhttp-outgoing-1 << Date: Mon, 08 May 2023 11:19:06 GMT
&amp#27;[0;39m2023-05-08 13:19:06,934 [main] &amp#27;[39mDEBUG&amp#27;[0;39m &amp#27;[36mc.g.d.z.s.o.a.h.client5.http.headers&amp#27;[0;39m - &amp#27;[32mhttp-outgoing-1 << Transfer-Encoding: chunked
&amp#27;[0;39m2023-05-08 13:19:06,934 [main] &amp#27;[39mDEBUG&amp#27;[0;39m &amp#27;[36mc.g.d.z.s.o.a.h.c.h.i.c.MainClientExec&amp#27;[0;39m - &amp#27;[32mex-0000008C: connection can be kept alive for 3 MINUTES
&amp#27;[0;39m2023-05-08 13:19:06,934 [main] &amp#27;[39mDEBUG&amp#27;[0;39m &amp#27;[36mc.g.d.z.s.o.a.h.c.h.i.c.InternalHttpClient&amp#27;[0;39m - &amp#27;[32mep-0000008B: releasing valid endpoint
&amp#27;[0;39m2023-05-08 13:19:06,934 [main] &amp#27;[39mDEBUG&amp#27;[0;39m &amp#27;[36mc.g.d.z.s.o.a.h.c.h.i.i.PoolingHttpClientConnectionManager&amp#27;[0;39m - &amp#27;[32mep-0000008B: releasing endpoint
&amp#27;[0;39m2023-05-08 13:19:06,934 [main] &amp#27;[39mDEBUG&amp#27;[0;39m &amp#27;[36mc.g.d.z.s.o.a.h.c.h.i.i.PoolingHttpClientConnectionManager&amp#27;[0;39m - &amp#27;[32mep-0000008B: connection http-outgoing-1 can be kept alive for 3 MINUTES
&amp#27;[0;39m2023-05-08 13:19:06,934 [main] &amp#27;[39mDEBUG&amp#27;[0;39m &amp#27;[36mc.g.d.z.s.o.a.h.c.h.i.i.PoolingHttpClientConnectionManager&amp#27;[0;39m - &amp#27;[32mep-0000008B: connection released [route: {}->unix://localhost:2375][total available: 1; route allocated: 1 of 2147483647; total allocated: 1 of 2147483647]
&amp#27;[0;39m2023-05-08 13:19:06,934 [main] &amp#27;[39mDEBUG&amp#27;[0;39m &amp#27;[36mtc.mysql:8.0.0&amp#27;[0;39m - &amp#27;[32mTrying to create JDBC connection using com.mysql.cj.jdbc.Driver to jdbc:mysql://localhost:32782/test?useSSL=false&allowPublicKeyRetrieval=true with properties: {password=test, user=test}
&amp#27;[0;39m2023-05-08 13:19:07,035 [main] &amp#27;[39mDEBUG&amp#27;[0;39m &amp#27;[36mo.t.s.c.g.d.c.command.AbstrDockerCmd&amp#27;[0;39m - &amp#27;[32mCmd: 0739339bbc624082fb5e41f62f4a622236ffe4974bf12b2847105b726085e02b,false
&amp#27;[0;39m2023-05-08 13:19:07,036 [main] &amp#27;[39mDEBUG&amp#27;[0;39m &amp#27;[36mo.t.s.c.g.d.c.e.InspectContainerCmdExec&amp#27;[0;39m - &amp#27;[32mGET: DefaultWebTarget{path=[/containers/0739339bbc624082fb5e41f62f4a622236ffe4974bf12b2847105b726085e02b/json], queryParams={}}
&amp#27;[0;39m2023-05-08 13:19:07,036 [main] &amp#27;[39mDEBUG&amp#27;[0;39m &amp#27;[36mc.g.d.z.s.o.a.h.c.h.i.c.InternalHttpClient&amp#27;[0;39m - &amp#27;[32mex-0000008D: preparing request execution
&amp#27;[0;39m2023-05-08 13:19:07,036 [main] &amp#27;[39mDEBUG&amp#27;[0;39m &amp#27;[36mc.g.d.z.s.o.a.h.c.h.p.RequestAddCookies&amp#27;[0;39m - &amp#27;[32mCookie spec selected: strict
&amp#27;[0;39m2023-05-08 13:19:07,036 [main] &amp#27;[39mDEBUG&amp#27;[0;39m &amp#27;[36mc.g.d.z.s.o.a.h.c.h.p.RequestAuthCache&amp#27;[0;39m - &amp#27;[32mAuth cache not set in the context
&amp#27;[0;39m2023-05-08 13:19:07,036 [main] &amp#27;[39mDEBUG&amp#27;[0;39m &amp#27;[36mc.g.d.z.s.o.a.h.c.h.i.c.ProtocolExec&amp#27;[0;39m - &amp#27;[32mex-0000008D: target auth state: UNCHALLENGED
&amp#27;[0;39m2023-05-08 13:19:07,036 [main] &amp#27;[39mDEBUG&amp#27;[0;39m &amp#27;[36mc.g.d.z.s.o.a.h.c.h.i.c.ProtocolExec&amp#27;[0;39m - &amp#27;[32mex-0000008D: proxy auth state: UNCHALLENGED
&amp#27;[0;39m2023-05-08 13:19:07,036 [main] &amp#27;[39mDEBUG&amp#27;[0;39m &amp#27;[36mc.g.d.z.s.o.a.h.c.h.i.c.ConnectExec&amp#27;[0;39m - &amp#27;[32mex-0000008D: acquiring connection with route {}->unix://localhost:2375
&amp#27;[0;39m2023-05-08 13:19:07,036 [main] &amp#27;[39mDEBUG&amp#27;[0;39m &amp#27;[36mc.g.d.z.s.o.a.h.c.h.i.c.InternalHttpClient&amp#27;[0;39m - &amp#27;[32mex-0000008D: acquiring endpoint (3 MINUTES)
&amp#27;[0;39m2023-05-08 13:19:07,036 [main] &amp#27;[39mDEBUG&amp#27;[0;39m &amp#27;[36mc.g.d.z.s.o.a.h.c.h.i.i.PoolingHttpClientConnectionManager&amp#27;[0;39m - &amp#27;[32mex-0000008D: endpoint lease request (3 MINUTES) [route: {}->unix://localhost:2375][total available: 1; route allocated: 1 of 2147483647; total allocated: 1 of 2147483647]
&amp#27;[0;39m2023-05-08 13:19:07,036 [main] &amp#27;[39mDEBUG&amp#27;[0;39m &amp#27;[36mc.g.d.z.s.o.a.h.c.h.i.i.PoolingHttpClientConnectionManager&amp#27;[0;39m - &amp#27;[32mex-0000008D: endpoint leased [route: {}->unix://localhost:2375][total available: 0; route allocated: 1 of 2147483647; total allocated: 1 of 2147483647]
&amp#27;[0;39m2023-05-08 13:19:07,036 [main] &amp#27;[39mDEBUG&amp#27;[0;39m &amp#27;[36mc.g.d.z.s.o.a.h.c.h.i.i.PoolingHttpClientConnectionManager&amp#27;[0;39m - &amp#27;[32mex-0000008D: acquired ep-0000008C
&amp#27;[0;39m2023-05-08 13:19:07,036 [main] &amp#27;[39mDEBUG&amp#27;[0;39m &amp#27;[36mc.g.d.z.s.o.a.h.c.h.i.c.InternalHttpClient&amp#27;[0;39m - &amp#27;[32mex-0000008D: acquired endpoint ep-0000008C
&amp#27;[0;39m2023-05-08 13:19:07,036 [main] &amp#27;[39mDEBUG&amp#27;[0;39m &amp#27;[36mc.g.d.z.s.o.a.h.c.h.i.c.MainClientExec&amp#27;[0;39m - &amp#27;[32mex-0000008D: executing GET /v1.32/containers/0739339bbc624082fb5e41f62f4a622236ffe4974bf12b2847105b726085e02b/json HTTP/1.1
&amp#27;[0;39m2023-05-08 13:19:07,036 [main] &amp#27;[39mDEBUG&amp#27;[0;39m &amp#27;[36mc.g.d.z.s.o.a.h.c.h.i.c.InternalHttpClient&amp#27;[0;39m - &amp#27;[32mep-0000008C: start execution ex-0000008D
&amp#27;[0;39m2023-05-08 13:19:07,036 [main] &amp#27;[39mDEBUG&amp#27;[0;39m &amp#27;[36mc.g.d.z.s.o.a.h.c.h.i.i.PoolingHttpClientConnectionManager&amp#27;[0;39m - &amp#27;[32mep-0000008C: executing exchange ex-0000008D over http-outgoing-1
&amp#27;[0;39m2023-05-08 13:19:07,036 [main] &amp#27;[39mDEBUG&amp#27;[0;39m &amp#27;[36mc.g.d.z.s.o.a.h.client5.http.headers&amp#27;[0;39m - &amp#27;[32mhttp-outgoing-1 >> GET /v1.32/containers/0739339bbc624082fb5e41f62f4a622236ffe4974bf12b2847105b726085e02b/json HTTP/1.1
&amp#27;[0;39m2023-05-08 13:19:07,036 [main] &amp#27;[39mDEBUG&amp#27;[0;39m &amp#27;[36mc.g.d.z.s.o.a.h.client5.http.headers&amp#27;[0;39m - &amp#27;[32mhttp-outgoing-1 >> accept: application/json
&amp#27;[0;39m2023-05-08 13:19:07,036 [main] &amp#27;[39mDEBUG&amp#27;[0;39m &amp#27;[36mc.g.d.z.s.o.a.h.client5.http.headers&amp#27;[0;39m - &amp#27;[32mhttp-outgoing-1 >> x-tc-sid: f1b696c1-ec3f-4f95-afa8-081853be7ccb
&amp#27;[0;39m2023-05-08 13:19:07,036 [main] &amp#27;[39mDEBUG&amp#27;[0;39m &amp#27;[36mc.g.d.z.s.o.a.h.client5.http.headers&amp#27;[0;39m - &amp#27;[32mhttp-outgoing-1 >> Accept-Encoding: gzip, x-gzip, deflate
&amp#27;[0;39m2023-05-08 13:19:07,036 [main] &amp#27;[39mDEBUG&amp#27;[0;39m &amp#27;[36mc.g.d.z.s.o.a.h.client5.http.headers&amp#27;[0;39m - &amp#27;[32mhttp-outgoing-1 >> Host: localhost:2375
&amp#27;[0;39m2023-05-08 13:19:07,036 [main] &amp#27;[39mDEBUG&amp#27;[0;39m &amp#27;[36mc.g.d.z.s.o.a.h.client5.http.headers&amp#27;[0;39m - &amp#27;[32mhttp-outgoing-1 >> Connection: keep-alive
&amp#27;[0;39m2023-05-08 13:19:07,036 [main] &amp#27;[39mDEBUG&amp#27;[0;39m &amp#27;[36mc.g.d.z.s.o.a.h.client5.http.headers&amp#27;[0;39m - &amp#27;[32mhttp-outgoing-1 >> User-Agent: Apache-HttpClient/5.0.3 (Java/17.0.6)
&amp#27;[0;39m2023-05-08 13:19:07,036 [main] &amp#27;[39mDEBUG&amp#27;[0;39m &amp#27;[36mc.g.d.z.s.o.a.hc.client5.http.wire&amp#27;[0;39m - &amp#27;[32mhttp-outgoing-1 >> "GET /v1.32/containers/0739339bbc624082fb5e41f62f4a622236ffe4974bf12b2847105b726085e02b/json HTTP/1.1[\r][\n]"
&amp#27;[0;39m2023-05-08 13:19:07,036 [main] &amp#27;[39mDEBUG&amp#27;[0;39m &amp#27;[36mc.g.d.z.s.o.a.hc.client5.http.wire&amp#27;[0;39m - &amp#27;[32mhttp-outgoing-1 >> "accept: application/json[\r][\n]"
&amp#27;[0;39m2023-05-08 13:19:07,036 [main] &amp#27;[39mDEBUG&amp#27;[0;39m &amp#27;[36mc.g.d.z.s.o.a.hc.client5.http.wire&amp#27;[0;39m - &amp#27;[32mhttp-outgoing-1 >> "x-tc-sid: f1b696c1-ec3f-4f95-afa8-081853be7ccb[\r][\n]"
&amp#27;[0;39m2023-05-08 13:19:07,036 [main] &amp#27;[39mDEBUG&amp#27;[0;39m &amp#27;[36mc.g.d.z.s.o.a.hc.client5.http.wire&amp#27;[0;39m - &amp#27;[32mhttp-outgoing-1 >> "Accept-Encoding: gzip, x-gzip, deflate[\r][\n]"
&amp#27;[0;39m2023-05-08 13:19:07,036 [main] &amp#27;[39mDEBUG&amp#27;[0;39m &amp#27;[36mc.g.d.z.s.o.a.hc.client5.http.wire&amp#27;[0;39m - &amp#27;[32mhttp-outgoing-1 >> "Host: localhost:2375[\r][\n]"
&amp#27;[0;39m2023-05-08 13:19:07,036 [main] &amp#27;[39mDEBUG&amp#27;[0;39m &amp#27;[36mc.g.d.z.s.o.a.hc.client5.http.wire&amp#27;[0;39m - &amp#27;[32mhttp-outgoing-1 >> "Connection: keep-alive[\r][\n]"
&amp#27;[0;39m2023-05-08 13:19:07,036 [main] &amp#27;[39mDEBUG&amp#27;[0;39m &amp#27;[36mc.g.d.z.s.o.a.hc.client5.http.wire&amp#27;[0;39m - &amp#27;[32mhttp-outgoing-1 >> "User-Agent: Apache-HttpClient/5.0.3 (Java/17.0.6)[\r][\n]"
&amp#27;[0;39m2023-05-08 13:19:07,036 [main] &amp#27;[39mDEBUG&amp#27;[0;39m &amp#27;[36mc.g.d.z.s.o.a.hc.client5.http.wire&amp#27;[0;39m - &amp#27;[32mhttp-outgoing-1 >> "[\r][\n]"
&amp#27;[0;39m2023-05-08 13:19:07,037 [main] &amp#27;[39mDEBUG&amp#27;[0;39m &amp#27;[36mc.g.d.z.s.o.a.hc.client5.http.wire&amp#27;[0;39m - &amp#27;[32mhttp-outgoing-1 << "HTTP/1.1 200 OK[\r][\n]"
&amp#27;[0;39m2023-05-08 13:19:07,037 [main] &amp#27;[39mDEBUG&amp#27;[0;39m &amp#27;[36mc.g.d.z.s.o.a.hc.client5.http.wire&amp#27;[0;39m - &amp#27;[32mhttp-outgoing-1 << "Api-Version: 1.42[\r][\n]"
&amp#27;[0;39m2023-05-08 13:19:07,037 [main] &amp#27;[39mDEBUG&amp#27;[0;39m &amp#27;[36mc.g.d.z.s.o.a.hc.client5.http.wire&amp#27;[0;39m - &amp#27;[32mhttp-outgoing-1 << "Content-Type: application/json[\r][\n]"
&amp#27;[0;39m2023-05-08 13:19:07,037 [main] &amp#27;[39mDEBUG&amp#27;[0;39m &amp#27;[36mc.g.d.z.s.o.a.hc.client5.http.wire&amp#27;[0;39m - &amp#27;[32mhttp-outgoing-1 << "Docker-Experimental: false[\r][\n]"
&amp#27;[0;39m2023-05-08 13:19:07,037 [main] &amp#27;[39mDEBUG&amp#27;[0;39m &amp#27;[36mc.g.d.z.s.o.a.hc.client5.http.wire&amp#27;[0;39m - &amp#27;[32mhttp-outgoing-1 << "Ostype: linux[\r][\n]"
&amp#27;[0;39m2023-05-08 13:19:07,037 [main] &amp#27;[39mDEBUG&amp#27;[0;39m &amp#27;[36mc.g.d.z.s.o.a.hc.client5.http.wire&amp#27;[0;39m - &amp#27;[32mhttp-outgoing-1 << "Server: Docker/23.0.5 (linux)[\r][\n]"
&amp#27;[0;39m2023-05-08 13:19:07,037 [main] &amp#27;[39mDEBUG&amp#27;[0;39m &amp#27;[36mc.g.d.z.s.o.a.hc.client5.http.wire&amp#27;[0;39m - &amp#27;[32mhttp-outgoing-1 << "Date: Mon, 08 May 2023 11:19:07 GMT[\r][\n]"
&amp#27;[0;39m2023-05-08 13:19:07,037 [main] &amp#27;[39mDEBUG&amp#27;[0;39m &amp#27;[36mc.g.d.z.s.o.a.hc.client5.http.wire&amp#27;[0;39m - &amp#27;[32mhttp-outgoing-1 << "Transfer-Encoding: chunked[\r][\n]"
&amp#27;[0;39m2023-05-08 13:19:07,037 [main] &amp#27;[39mDEBUG&amp#27;[0;39m &amp#27;[36mc.g.d.z.s.o.a.hc.client5.http.wire&amp#27;[0;39m - &amp#27;[32mhttp-outgoing-1 << "[\r][\n]"
&amp#27;[0;39m2023-05-08 13:19:07,037 [main] &amp#27;[39mDEBUG&amp#27;[0;39m &amp#27;[36mc.g.d.z.s.o.a.hc.client5.http.wire&amp#27;[0;39m - &amp#27;[32mhttp-outgoing-1 << "1893[\r][\n]"
&amp#27;[0;39m2023-05-08 13:19:07,037 [main] &amp#27;[39mDEBUG&amp#27;[0;39m &amp#27;[36mc.g.d.z.s.o.a.hc.client5.http.wire&amp#27;[0;39m - &amp#27;[32mhttp-outgoing-1 << "{"Id":"0739339bbc624082fb5e41f62f4a622236ffe4974bf12b2847105b726085e02b","Created":"2023-05-08T11:19:01.771856188Z","Path":"docker-entrypoint.sh","Args":["mysqld"],"State":{"Status":"running","Running":true,"Paused":false,"Restarting":false,"OOMKilled":false,"Dead":false,"Pid":59514,"ExitCode":0,"Error":"","StartedAt":"2023-05-08T11:19:02.113674386Z","FinishedAt":"0001-01-01T00:00:00Z"},"Image":"sha256:228d71078f8ce5ae9fd96b183f88c3a90e30544b4b7ce9d64a238d05fef2a681","ResolvConfPath":"/var/lib/docker/containers/0739339bbc624082fb5e41f62f4a622236ffe4974bf12b2847105b726085e02b/resolv.conf","HostnamePath":"/var/lib/docker/containers/0739339bbc624082fb5e41f62f4a622236ffe4974bf12b2847105b726085e02b/hostname","HostsPath":"/var/lib/docker/containers/0739339bbc624082fb5e41f62f4a622236ffe4974bf12b2847105b726085e02b/hosts","LogPath":"/var/lib/docker/containers/0739339bbc624082fb5e41f62f4a622236ffe4974bf12b2847105b726085e02b/0739339bbc624082fb5e41f62f4a622236ffe4974bf12b2847105b726085e02b-json.log","Name":"/intelligent_galileo","RestartCount":0,"Driver":"overlay2","Platform":"linux","MountLabel":"","ProcessLabel":"","AppArmorProfile":"docker-default","ExecIDs":null,"HostConfig":{"Binds":[],"ContainerIDFile":"","LogConfig":{"Type":"json-file","Config":{}},"NetworkMode":"default","PortBindings":{"3306/tcp":[{"HostIp":"","HostPort":""}]},"RestartPolicy":{"Name":"","MaximumRetryCount":0},"AutoRemove":false,"VolumeDriver":"","VolumesFrom":[],"ConsoleSize":[0,0],"CapAdd":null,"CapDrop":null,"CgroupnsMode":"private","Dns":null,"DnsOptions":null,"DnsSearch":null,"ExtraHosts":[],"GroupAdd":null,"IpcMode":"shareable","Cgroup":"","Links":null,"OomScoreAdj":0,"PidMode":"","Privileged":false,"PublishAllPorts":false,"ReadonlyRootfs":false,"SecurityOpt":null,"UTSMode":"","UsernsMode":"","ShmSize":67108864,"Runtime":"runc","Isolation":"","CpuShares":0,"Memory":0,"NanoCpus":0,"CgroupParent":"","BlkioWeight":0,"BlkioWeightDevice":null,"BlkioDeviceReadBps":null,"BlkioDeviceWriteBps":null,"BlkioDeviceReadIOps":null,"BlkioDeviceWriteIOps":null,"CpuPeriod":0,"CpuQuota":0,"CpuRealtimePeriod":0,"CpuRealtimeRuntime":0,"CpusetCpus":"","CpusetMems":"","Devices":null,"DeviceCgroupRules":null,"DeviceRequests":null,"MemoryReservation":0,"MemorySwap":0,"MemorySwappiness":null,"OomKillDisable":null,"PidsLimit":null,"Ulimits":null,"CpuCount":0,"CpuPercent":0,"IOMaximumIOps":0,"IOMaximumBandwidth":0,"MaskedPaths":["/proc/asound","/proc/acpi","/proc/kcore","/proc/keys","/proc/latency_stats","/proc/timer_list","/proc/timer_stats","/proc/sched_debug","/proc/scsi","/sys/firmware"],"ReadonlyPaths":["/proc/bus","/proc/fs","/proc/irq","/proc/sys","/proc/sysrq-trigger"]},"GraphDriver":{"Data":{"LowerDir":"/var/lib/docker/overlay2/b481eee7843c17772ada1734203524b4de76785735a50d4c68703d497db0e4ed-init/diff:/var/lib/docker/overlay2/4c6e20f032f02b27a9272f982861dc21998197aa90d94ed3bef95d449380247c/diff:/var/lib/docker/overlay2/0c75f828f603eff839bb3ca448163ab2a8017e86625ac255cd3dbf1673ddac26/diff:/var/lib/docker/overlay2/da128d897fda75829109844ce6cd9d73d0f54c682e735100af000ce899908729/diff:/var/lib/docker/overlay2/b678a1f261bf323afba6d76d91ab7428bdd6e1ef4a39b5224e4a1afd08c0423a/diff:/var/lib/docker/overlay2/1bec43b14875c5f9f814f146e8e31aa78566689c2c163da2ac60a32254988437/diff:/var/lib/docker/overlay2/28f4b1e6e1a7a2dbe30f1f94fb42bccd85a61faf8af1fe30a5bb0d442c525e41/diff:/var/lib/docker/overlay2/0f493124464c291d7c97d2633d5dff04b1dce5de904cb40a34dfbe7fe72e3fd4/diff:/var/lib/docker/overlay2/05befbee9e38cd670e1786b3310e99796dcc06abbed970007b4109a5424843fa/diff:/var/lib/docker/overlay2/582bcca9acfc4eef25109e1e1b9c9d104f355798455bc73e855c99283887a6e8/diff:/var/lib/docker/overlay2/153b3bf0b69e97e8f0e5533414a31ca33fa530e63d174c9617621abe46e7e9d1/diff:/var/lib/docker/overlay2/bf87a76c0a38875ee6e915fd0d2527eafa880ec6bf2c1cb294959428c18d10bd/diff","MergedDir":"/var/lib/docker/overlay2/b481eee7843c17772ada1734203524b4de76785735a50d4c68703d497db0e4ed/merged","UpperDir":"/var/lib/docker/overlay2/b481eee7843c17772ada1734203524b4de76785735a50d4c68703d497db0e4ed/diff","WorkDir":"/var/lib/docker/overlay2/b481eee7843c17772ada1734203524b4de76785735a50d4c68703d497db0e4ed/work"},"Name":"overlay2"},"Mounts":[{"Type":"volume","Name":"ec40278114b76af7b6535b952e685e04a98a51fa16363f5e9f0df1ce601f1dd5","Source":"/var/lib/docker/volumes/ec40278114b76af7b6535b952e685e04a98a51fa16363f5e9f0df1ce601f1dd5/_data","Destination":"/var/lib/mysql","Driver":"local","Mode":"","RW":true,"Propagation":""}],"Config":{"Hostname":"0739339bbc62","Domainname":"","User":"","AttachStdin":false,"AttachStdout":false,"AttachStderr":false,"ExposedPorts":{"3306/tcp":{}},"Tty":false,"OpenStdin":false,"StdinOnce":false,"Env":["MYSQL_DATABASE=test","MYSQL_PASSWORD=test","MYSQL_USER=test","MYSQL_ROOT_PASSWORD=test","PATH=/usr/local/sbin:/usr/local/bin:/usr/sbin:/usr/bin:/sbin:/bin","GOSU_VERSION=1.7","MYSQL_MAJOR=8.0","MYSQL_VERSION=8.0.0-dmr-1debian8"],"Cmd":["mysqld"],"Image":"mysql:8.0.0","Volumes":{"/var/lib/mysql":{}},"WorkingDir":"","Entrypoint":["docker-entrypoint.sh"],"OnBuild":null,"Labels":{"org.testcontainers":"true","org.testcontainers.lang":"java","org.testcontainers.sessionId":"f1b696c1-ec3f-4f95-afa8-081853be7ccb","org.testcontainers.version":"1.18.0"}},"NetworkSettings":{"Bridge":"","SandboxID":"d265e68e2afe307f1ab03fab083f2c0477cba31e9f26759f52b94e045d1847fb","HairpinMode":false,"LinkLocalIPv6Address":"","LinkLocalIPv6PrefixLen":0,"Ports":{"3306/tcp":[{"HostIp":"0.0.0.0","HostPort":"32782"},{"HostIp":"::","HostPort":"32782"}]},"SandboxKey":"/var/run/docker/netns/d265e68e2afe","SecondaryIPAddresses":null,"SecondaryIPv6Addresses":null,"EndpointID":"97b4c81a7665dcad3863174204db678dde492e2a2b2f11f6ef1c683b5d76146b","Gateway":"172.17.0.1","GlobalIPv6Address":"","GlobalIPv6PrefixLen":0,"IPAddress":"172.17.0.3","IPPrefixLen":16,"IPv6Gateway":"","MacAddress":"02:42:ac:11:00:03","Networks":{"bridge":{"IPAMConfig":null,"Links":null,"Aliases":null,"NetworkID":"e1a078e12eb8d77b497ed932f7fb43787eeb6ff6972febd7d03c9282b8b5cd45","EndpointID":"97b4c81a7665dcad3863174204db678dde492e2a2b2f11f6ef1c683b5d76146b","Gateway":"172.17.0.1","IPAddress":"172.17.0.3","IPPrefixLen":16,"IPv6Gateway":"","GlobalIPv6Address":"","GlobalIPv6PrefixLen":0,"MacAddress":"02:42:ac:11:00:03","DriverOpts":null}}}}[\n]"
&amp#27;[0;39m2023-05-08 13:19:07,037 [main] &amp#27;[39mDEBUG&amp#27;[0;39m &amp#27;[36mc.g.d.z.s.o.a.hc.client5.http.wire&amp#27;[0;39m - &amp#27;[32mhttp-outgoing-1 << "[\r][\n]"
&amp#27;[0;39m2023-05-08 13:19:07,037 [main] &amp#27;[39mDEBUG&amp#27;[0;39m &amp#27;[36mc.g.d.z.s.o.a.hc.client5.http.wire&amp#27;[0;39m - &amp#27;[32mhttp-outgoing-1 << "0[\r][\n]"
&amp#27;[0;39m2023-05-08 13:19:07,037 [main] &amp#27;[39mDEBUG&amp#27;[0;39m &amp#27;[36mc.g.d.z.s.o.a.hc.client5.http.wire&amp#27;[0;39m - &amp#27;[32mhttp-outgoing-1 << "[\r][\n]"
&amp#27;[0;39m2023-05-08 13:19:07,037 [main] &amp#27;[39mDEBUG&amp#27;[0;39m &amp#27;[36mc.g.d.z.s.o.a.h.client5.http.headers&amp#27;[0;39m - &amp#27;[32mhttp-outgoing-1 << HTTP/1.1 200 OK
&amp#27;[0;39m2023-05-08 13:19:07,037 [main] &amp#27;[39mDEBUG&amp#27;[0;39m &amp#27;[36mc.g.d.z.s.o.a.h.client5.http.headers&amp#27;[0;39m - &amp#27;[32mhttp-outgoing-1 << Api-Version: 1.42
&amp#27;[0;39m2023-05-08 13:19:07,037 [main] &amp#27;[39mDEBUG&amp#27;[0;39m &amp#27;[36mc.g.d.z.s.o.a.h.client5.http.headers&amp#27;[0;39m - &amp#27;[32mhttp-outgoing-1 << Content-Type: application/json
&amp#27;[0;39m2023-05-08 13:19:07,037 [main] &amp#27;[39mDEBUG&amp#27;[0;39m &amp#27;[36mc.g.d.z.s.o.a.h.client5.http.headers&amp#27;[0;39m - &amp#27;[32mhttp-outgoing-1 << Docker-Experimental: false
&amp#27;[0;39m2023-05-08 13:19:07,037 [main] &amp#27;[39mDEBUG&amp#27;[0;39m &amp#27;[36mc.g.d.z.s.o.a.h.client5.http.headers&amp#27;[0;39m - &amp#27;[32mhttp-outgoing-1 << Ostype: linux
&amp#27;[0;39m2023-05-08 13:19:07,037 [main] &amp#27;[39mDEBUG&amp#27;[0;39m &amp#27;[36mc.g.d.z.s.o.a.h.client5.http.headers&amp#27;[0;39m - &amp#27;[32mhttp-outgoing-1 << Server: Docker/23.0.5 (linux)
&amp#27;[0;39m2023-05-08 13:19:07,037 [main] &amp#27;[39mDEBUG&amp#27;[0;39m &amp#27;[36mc.g.d.z.s.o.a.h.client5.http.headers&amp#27;[0;39m - &amp#27;[32mhttp-outgoing-1 << Date: Mon, 08 May 2023 11:19:07 GMT
&amp#27;[0;39m2023-05-08 13:19:07,037 [main] &amp#27;[39mDEBUG&amp#27;[0;39m &amp#27;[36mc.g.d.z.s.o.a.h.client5.http.headers&amp#27;[0;39m - &amp#27;[32mhttp-outgoing-1 << Transfer-Encoding: chunked
&amp#27;[0;39m2023-05-08 13:19:07,037 [main] &amp#27;[39mDEBUG&amp#27;[0;39m &amp#27;[36mc.g.d.z.s.o.a.h.c.h.i.c.MainClientExec&amp#27;[0;39m - &amp#27;[32mex-0000008D: connection can be kept alive for 3 MINUTES
&amp#27;[0;39m2023-05-08 13:19:07,037 [main] &amp#27;[39mDEBUG&amp#27;[0;39m &amp#27;[36mc.g.d.z.s.o.a.h.c.h.i.c.InternalHttpClient&amp#27;[0;39m - &amp#27;[32mep-0000008C: releasing valid endpoint
&amp#27;[0;39m2023-05-08 13:19:07,037 [main] &amp#27;[39mDEBUG&amp#27;[0;39m &amp#27;[36mc.g.d.z.s.o.a.h.c.h.i.i.PoolingHttpClientConnectionManager&amp#27;[0;39m - &amp#27;[32mep-0000008C: releasing endpoint
&amp#27;[0;39m2023-05-08 13:19:07,037 [main] &amp#27;[39mDEBUG&amp#27;[0;39m &amp#27;[36mc.g.d.z.s.o.a.h.c.h.i.i.PoolingHttpClientConnectionManager&amp#27;[0;39m - &amp#27;[32mep-0000008C: connection http-outgoing-1 can be kept alive for 3 MINUTES
&amp#27;[0;39m2023-05-08 13:19:07,037 [main] &amp#27;[39mDEBUG&amp#27;[0;39m &amp#27;[36mc.g.d.z.s.o.a.h.c.h.i.i.PoolingHttpClientConnectionManager&amp#27;[0;39m - &amp#27;[32mep-0000008C: connection released [route: {}->unix://localhost:2375][total available: 1; route allocated: 1 of 2147483647; total allocated: 1 of 2147483647]
&amp#27;[0;39m2023-05-08 13:19:07,038 [main] &amp#27;[39mDEBUG&amp#27;[0;39m &amp#27;[36mtc.mysql:8.0.0&amp#27;[0;39m - &amp#27;[32mTrying to create JDBC connection using com.mysql.cj.jdbc.Driver to jdbc:mysql://localhost:32782/test?useSSL=false&allowPublicKeyRetrieval=true with properties: {password=test, user=test}
&amp#27;[0;39m2023-05-08 13:19:07,139 [main] &amp#27;[39mDEBUG&amp#27;[0;39m &amp#27;[36mo.t.s.c.g.d.c.command.AbstrDockerCmd&amp#27;[0;39m - &amp#27;[32mCmd: 0739339bbc624082fb5e41f62f4a622236ffe4974bf12b2847105b726085e02b,false
&amp#27;[0;39m2023-05-08 13:19:07,139 [main] &amp#27;[39mDEBUG&amp#27;[0;39m &amp#27;[36mo.t.s.c.g.d.c.e.InspectContainerCmdExec&amp#27;[0;39m - &amp#27;[32mGET: DefaultWebTarget{path=[/containers/0739339bbc624082fb5e41f62f4a622236ffe4974bf12b2847105b726085e02b/json], queryParams={}}
&amp#27;[0;39m2023-05-08 13:19:07,139 [main] &amp#27;[39mDEBUG&amp#27;[0;39m &amp#27;[36mc.g.d.z.s.o.a.h.c.h.i.c.InternalHttpClient&amp#27;[0;39m - &amp#27;[32mex-0000008E: preparing request execution
&amp#27;[0;39m2023-05-08 13:19:07,139 [main] &amp#27;[39mDEBUG&amp#27;[0;39m &amp#27;[36mc.g.d.z.s.o.a.h.c.h.p.RequestAddCookies&amp#27;[0;39m - &amp#27;[32mCookie spec selected: strict
&amp#27;[0;39m2023-05-08 13:19:07,139 [main] &amp#27;[39mDEBUG&amp#27;[0;39m &amp#27;[36mc.g.d.z.s.o.a.h.c.h.p.RequestAuthCache&amp#27;[0;39m - &amp#27;[32mAuth cache not set in the context
&amp#27;[0;39m2023-05-08 13:19:07,139 [main] &amp#27;[39mDEBUG&amp#27;[0;39m &amp#27;[36mc.g.d.z.s.o.a.h.c.h.i.c.ProtocolExec&amp#27;[0;39m - &amp#27;[32mex-0000008E: target auth state: UNCHALLENGED
&amp#27;[0;39m2023-05-08 13:19:07,139 [main] &amp#27;[39mDEBUG&amp#27;[0;39m &amp#27;[36mc.g.d.z.s.o.a.h.c.h.i.c.ProtocolExec&amp#27;[0;39m - &amp#27;[32mex-0000008E: proxy auth state: UNCHALLENGED
&amp#27;[0;39m2023-05-08 13:19:07,139 [main] &amp#27;[39mDEBUG&amp#27;[0;39m &amp#27;[36mc.g.d.z.s.o.a.h.c.h.i.c.ConnectExec&amp#27;[0;39m - &amp#27;[32mex-0000008E: acquiring connection with route {}->unix://localhost:2375
&amp#27;[0;39m2023-05-08 13:19:07,139 [main] &amp#27;[39mDEBUG&amp#27;[0;39m &amp#27;[36mc.g.d.z.s.o.a.h.c.h.i.c.InternalHttpClient&amp#27;[0;39m - &amp#27;[32mex-0000008E: acquiring endpoint (3 MINUTES)
&amp#27;[0;39m2023-05-08 13:19:07,139 [main] &amp#27;[39mDEBUG&amp#27;[0;39m &amp#27;[36mc.g.d.z.s.o.a.h.c.h.i.i.PoolingHttpClientConnectionManager&amp#27;[0;39m - &amp#27;[32mex-0000008E: endpoint lease request (3 MINUTES) [route: {}->unix://localhost:2375][total available: 1; route allocated: 1 of 2147483647; total allocated: 1 of 2147483647]
&amp#27;[0;39m2023-05-08 13:19:07,139 [main] &amp#27;[39mDEBUG&amp#27;[0;39m &amp#27;[36mc.g.d.z.s.o.a.h.c.h.i.i.PoolingHttpClientConnectionManager&amp#27;[0;39m - &amp#27;[32mex-0000008E: endpoint leased [route: {}->unix://localhost:2375][total available: 0; route allocated: 1 of 2147483647; total allocated: 1 of 2147483647]
&amp#27;[0;39m2023-05-08 13:19:07,139 [main] &amp#27;[39mDEBUG&amp#27;[0;39m &amp#27;[36mc.g.d.z.s.o.a.h.c.h.i.i.PoolingHttpClientConnectionManager&amp#27;[0;39m - &amp#27;[32mex-0000008E: acquired ep-0000008D
&amp#27;[0;39m2023-05-08 13:19:07,139 [main] &amp#27;[39mDEBUG&amp#27;[0;39m &amp#27;[36mc.g.d.z.s.o.a.h.c.h.i.c.InternalHttpClient&amp#27;[0;39m - &amp#27;[32mex-0000008E: acquired endpoint ep-0000008D
&amp#27;[0;39m2023-05-08 13:19:07,139 [main] &amp#27;[39mDEBUG&amp#27;[0;39m &amp#27;[36mc.g.d.z.s.o.a.h.c.h.i.c.MainClientExec&amp#27;[0;39m - &amp#27;[32mex-0000008E: executing GET /v1.32/containers/0739339bbc624082fb5e41f62f4a622236ffe4974bf12b2847105b726085e02b/json HTTP/1.1
&amp#27;[0;39m2023-05-08 13:19:07,139 [main] &amp#27;[39mDEBUG&amp#27;[0;39m &amp#27;[36mc.g.d.z.s.o.a.h.c.h.i.c.InternalHttpClient&amp#27;[0;39m - &amp#27;[32mep-0000008D: start execution ex-0000008E
&amp#27;[0;39m2023-05-08 13:19:07,139 [main] &amp#27;[39mDEBUG&amp#27;[0;39m &amp#27;[36mc.g.d.z.s.o.a.h.c.h.i.i.PoolingHttpClientConnectionManager&amp#27;[0;39m - &amp#27;[32mep-0000008D: executing exchange ex-0000008E over http-outgoing-1
&amp#27;[0;39m2023-05-08 13:19:07,139 [main] &amp#27;[39mDEBUG&amp#27;[0;39m &amp#27;[36mc.g.d.z.s.o.a.h.client5.http.headers&amp#27;[0;39m - &amp#27;[32mhttp-outgoing-1 >> GET /v1.32/containers/0739339bbc624082fb5e41f62f4a622236ffe4974bf12b2847105b726085e02b/json HTTP/1.1
&amp#27;[0;39m2023-05-08 13:19:07,139 [main] &amp#27;[39mDEBUG&amp#27;[0;39m &amp#27;[36mc.g.d.z.s.o.a.h.client5.http.headers&amp#27;[0;39m - &amp#27;[32mhttp-outgoing-1 >> accept: application/json
&amp#27;[0;39m2023-05-08 13:19:07,139 [main] &amp#27;[39mDEBUG&amp#27;[0;39m &amp#27;[36mc.g.d.z.s.o.a.h.client5.http.headers&amp#27;[0;39m - &amp#27;[32mhttp-outgoing-1 >> x-tc-sid: f1b696c1-ec3f-4f95-afa8-081853be7ccb
&amp#27;[0;39m2023-05-08 13:19:07,139 [main] &amp#27;[39mDEBUG&amp#27;[0;39m &amp#27;[36mc.g.d.z.s.o.a.h.client5.http.headers&amp#27;[0;39m - &amp#27;[32mhttp-outgoing-1 >> Accept-Encoding: gzip, x-gzip, deflate
&amp#27;[0;39m2023-05-08 13:19:07,139 [main] &amp#27;[39mDEBUG&amp#27;[0;39m &amp#27;[36mc.g.d.z.s.o.a.h.client5.http.headers&amp#27;[0;39m - &amp#27;[32mhttp-outgoing-1 >> Host: localhost:2375
&amp#27;[0;39m2023-05-08 13:19:07,139 [main] &amp#27;[39mDEBUG&amp#27;[0;39m &amp#27;[36mc.g.d.z.s.o.a.h.client5.http.headers&amp#27;[0;39m - &amp#27;[32mhttp-outgoing-1 >> Connection: keep-alive
&amp#27;[0;39m2023-05-08 13:19:07,139 [main] &amp#27;[39mDEBUG&amp#27;[0;39m &amp#27;[36mc.g.d.z.s.o.a.h.client5.http.headers&amp#27;[0;39m - &amp#27;[32mhttp-outgoing-1 >> User-Agent: Apache-HttpClient/5.0.3 (Java/17.0.6)
&amp#27;[0;39m2023-05-08 13:19:07,139 [main] &amp#27;[39mDEBUG&amp#27;[0;39m &amp#27;[36mc.g.d.z.s.o.a.hc.client5.http.wire&amp#27;[0;39m - &amp#27;[32mhttp-outgoing-1 >> "GET /v1.32/containers/0739339bbc624082fb5e41f62f4a622236ffe4974bf12b2847105b726085e02b/json HTTP/1.1[\r][\n]"
&amp#27;[0;39m2023-05-08 13:19:07,139 [main] &amp#27;[39mDEBUG&amp#27;[0;39m &amp#27;[36mc.g.d.z.s.o.a.hc.client5.http.wire&amp#27;[0;39m - &amp#27;[32mhttp-outgoing-1 >> "accept: application/json[\r][\n]"
&amp#27;[0;39m2023-05-08 13:19:07,139 [main] &amp#27;[39mDEBUG&amp#27;[0;39m &amp#27;[36mc.g.d.z.s.o.a.hc.client5.http.wire&amp#27;[0;39m - &amp#27;[32mhttp-outgoing-1 >> "x-tc-sid: f1b696c1-ec3f-4f95-afa8-081853be7ccb[\r][\n]"
&amp#27;[0;39m2023-05-08 13:19:07,139 [main] &amp#27;[39mDEBUG&amp#27;[0;39m &amp#27;[36mc.g.d.z.s.o.a.hc.client5.http.wire&amp#27;[0;39m - &amp#27;[32mhttp-outgoing-1 >> "Accept-Encoding: gzip, x-gzip, deflate[\r][\n]"
&amp#27;[0;39m2023-05-08 13:19:07,139 [main] &amp#27;[39mDEBUG&amp#27;[0;39m &amp#27;[36mc.g.d.z.s.o.a.hc.client5.http.wire&amp#27;[0;39m - &amp#27;[32mhttp-outgoing-1 >> "Host: localhost:2375[\r][\n]"
&amp#27;[0;39m2023-05-08 13:19:07,139 [main] &amp#27;[39mDEBUG&amp#27;[0;39m &amp#27;[36mc.g.d.z.s.o.a.hc.client5.http.wire&amp#27;[0;39m - &amp#27;[32mhttp-outgoing-1 >> "Connection: keep-alive[\r][\n]"
&amp#27;[0;39m2023-05-08 13:19:07,139 [main] &amp#27;[39mDEBUG&amp#27;[0;39m &amp#27;[36mc.g.d.z.s.o.a.hc.client5.http.wire&amp#27;[0;39m - &amp#27;[32mhttp-outgoing-1 >> "User-Agent: Apache-HttpClient/5.0.3 (Java/17.0.6)[\r][\n]"
&amp#27;[0;39m2023-05-08 13:19:07,139 [main] &amp#27;[39mDEBUG&amp#27;[0;39m &amp#27;[36mc.g.d.z.s.o.a.hc.client5.http.wire&amp#27;[0;39m - &amp#27;[32mhttp-outgoing-1 >> "[\r][\n]"
&amp#27;[0;39m2023-05-08 13:19:07,140 [main] &amp#27;[39mDEBUG&amp#27;[0;39m &amp#27;[36mc.g.d.z.s.o.a.hc.client5.http.wire&amp#27;[0;39m - &amp#27;[32mhttp-outgoing-1 << "HTTP/1.1 200 OK[\r][\n]"
&amp#27;[0;39m2023-05-08 13:19:07,140 [main] &amp#27;[39mDEBUG&amp#27;[0;39m &amp#27;[36mc.g.d.z.s.o.a.hc.client5.http.wire&amp#27;[0;39m - &amp#27;[32mhttp-outgoing-1 << "Api-Version: 1.42[\r][\n]"
&amp#27;[0;39m2023-05-08 13:19:07,140 [main] &amp#27;[39mDEBUG&amp#27;[0;39m &amp#27;[36mc.g.d.z.s.o.a.hc.client5.http.wire&amp#27;[0;39m - &amp#27;[32mhttp-outgoing-1 << "Content-Type: application/json[\r][\n]"
&amp#27;[0;39m2023-05-08 13:19:07,140 [main] &amp#27;[39mDEBUG&amp#27;[0;39m &amp#27;[36mc.g.d.z.s.o.a.hc.client5.http.wire&amp#27;[0;39m - &amp#27;[32mhttp-outgoing-1 << "Docker-Experimental: false[\r][\n]"
&amp#27;[0;39m2023-05-08 13:19:07,140 [main] &amp#27;[39mDEBUG&amp#27;[0;39m &amp#27;[36mc.g.d.z.s.o.a.hc.client5.http.wire&amp#27;[0;39m - &amp#27;[32mhttp-outgoing-1 << "Ostype: linux[\r][\n]"
&amp#27;[0;39m2023-05-08 13:19:07,140 [main] &amp#27;[39mDEBUG&amp#27;[0;39m &amp#27;[36mc.g.d.z.s.o.a.hc.client5.http.wire&amp#27;[0;39m - &amp#27;[32mhttp-outgoing-1 << "Server: Docker/23.0.5 (linux)[\r][\n]"
&amp#27;[0;39m2023-05-08 13:19:07,140 [main] &amp#27;[39mDEBUG&amp#27;[0;39m &amp#27;[36mc.g.d.z.s.o.a.hc.client5.http.wire&amp#27;[0;39m - &amp#27;[32mhttp-outgoing-1 << "Date: Mon, 08 May 2023 11:19:07 GMT[\r][\n]"
&amp#27;[0;39m2023-05-08 13:19:07,140 [main] &amp#27;[39mDEBUG&amp#27;[0;39m &amp#27;[36mc.g.d.z.s.o.a.hc.client5.http.wire&amp#27;[0;39m - &amp#27;[32mhttp-outgoing-1 << "Transfer-Encoding: chunked[\r][\n]"
&amp#27;[0;39m2023-05-08 13:19:07,140 [main] &amp#27;[39mDEBUG&amp#27;[0;39m &amp#27;[36mc.g.d.z.s.o.a.hc.client5.http.wire&amp#27;[0;39m - &amp#27;[32mhttp-outgoing-1 << "[\r][\n]"
&amp#27;[0;39m2023-05-08 13:19:07,140 [main] &amp#27;[39mDEBUG&amp#27;[0;39m &amp#27;[36mc.g.d.z.s.o.a.hc.client5.http.wire&amp#27;[0;39m - &amp#27;[32mhttp-outgoing-1 << "1893[\r][\n]"
&amp#27;[0;39m2023-05-08 13:19:07,140 [main] &amp#27;[39mDEBUG&amp#27;[0;39m &amp#27;[36mc.g.d.z.s.o.a.hc.client5.http.wire&amp#27;[0;39m - &amp#27;[32mhttp-outgoing-1 << "{"Id":"0739339bbc624082fb5e41f62f4a622236ffe4974bf12b2847105b726085e02b","Created":"2023-05-08T11:19:01.771856188Z","Path":"docker-entrypoint.sh","Args":["mysqld"],"State":{"Status":"running","Running":true,"Paused":false,"Restarting":false,"OOMKilled":false,"Dead":false,"Pid":59514,"ExitCode":0,"Error":"","StartedAt":"2023-05-08T11:19:02.113674386Z","FinishedAt":"0001-01-01T00:00:00Z"},"Image":"sha256:228d71078f8ce5ae9fd96b183f88c3a90e30544b4b7ce9d64a238d05fef2a681","ResolvConfPath":"/var/lib/docker/containers/0739339bbc624082fb5e41f62f4a622236ffe4974bf12b2847105b726085e02b/resolv.conf","HostnamePath":"/var/lib/docker/containers/0739339bbc624082fb5e41f62f4a622236ffe4974bf12b2847105b726085e02b/hostname","HostsPath":"/var/lib/docker/containers/0739339bbc624082fb5e41f62f4a622236ffe4974bf12b2847105b726085e02b/hosts","LogPath":"/var/lib/docker/containers/0739339bbc624082fb5e41f62f4a622236ffe4974bf12b2847105b726085e02b/0739339bbc624082fb5e41f62f4a622236ffe4974bf12b2847105b726085e02b-json.log","Name":"/intelligent_galileo","RestartCount":0,"Driver":"overlay2","Platform":"linux","MountLabel":"","ProcessLabel":"","AppArmorProfile":"docker-default","ExecIDs":null,"HostConfig":{"Binds":[],"ContainerIDFile":"","LogConfig":{"Type":"json-file","Config":{}},"NetworkMode":"default","PortBindings":{"3306/tcp":[{"HostIp":"","HostPort":""}]},"RestartPolicy":{"Name":"","MaximumRetryCount":0},"AutoRemove":false,"VolumeDriver":"","VolumesFrom":[],"ConsoleSize":[0,0],"CapAdd":null,"CapDrop":null,"CgroupnsMode":"private","Dns":null,"DnsOptions":null,"DnsSearch":null,"ExtraHosts":[],"GroupAdd":null,"IpcMode":"shareable","Cgroup":"","Links":null,"OomScoreAdj":0,"PidMode":"","Privileged":false,"PublishAllPorts":false,"ReadonlyRootfs":false,"SecurityOpt":null,"UTSMode":"","UsernsMode":"","ShmSize":67108864,"Runtime":"runc","Isolation":"","CpuShares":0,"Memory":0,"NanoCpus":0,"CgroupParent":"","BlkioWeight":0,"BlkioWeightDevice":null,"BlkioDeviceReadBps":null,"BlkioDeviceWriteBps":null,"BlkioDeviceReadIOps":null,"BlkioDeviceWriteIOps":null,"CpuPeriod":0,"CpuQuota":0,"CpuRealtimePeriod":0,"CpuRealtimeRuntime":0,"CpusetCpus":"","CpusetMems":"","Devices":null,"DeviceCgroupRules":null,"DeviceRequests":null,"MemoryReservation":0,"MemorySwap":0,"MemorySwappiness":null,"OomKillDisable":null,"PidsLimit":null,"Ulimits":null,"CpuCount":0,"CpuPercent":0,"IOMaximumIOps":0,"IOMaximumBandwidth":0,"MaskedPaths":["/proc/asound","/proc/acpi","/proc/kcore","/proc/keys","/proc/latency_stats","/proc/timer_list","/proc/timer_stats","/proc/sched_debug","/proc/scsi","/sys/firmware"],"ReadonlyPaths":["/proc/bus","/proc/fs","/proc/irq","/proc/sys","/proc/sysrq-trigger"]},"GraphDriver":{"Data":{"LowerDir":"/var/lib/docker/overlay2/b481eee7843c17772ada1734203524b4de76785735a50d4c68703d497db0e4ed-init/diff:/var/lib/docker/overlay2/4c6e20f032f02b27a9272f982861dc21998197aa90d94ed3bef95d449380247c/diff:/var/lib/docker/overlay2/0c75f828f603eff839bb3ca448163ab2a8017e86625ac255cd3dbf1673ddac26/diff:/var/lib/docker/overlay2/da128d897fda75829109844ce6cd9d73d0f54c682e735100af000ce899908729/diff:/var/lib/docker/overlay2/b678a1f261bf323afba6d76d91ab7428bdd6e1ef4a39b5224e4a1afd08c0423a/diff:/var/lib/docker/overlay2/1bec43b14875c5f9f814f146e8e31aa78566689c2c163da2ac60a32254988437/diff:/var/lib/docker/overlay2/28f4b1e6e1a7a2dbe30f1f94fb42bccd85a61faf8af1fe30a5bb0d442c525e41/diff:/var/lib/docker/overlay2/0f493124464c291d7c97d2633d5dff04b1dce5de904cb40a34dfbe7fe72e3fd4/diff:/var/lib/docker/overlay2/05befbee9e38cd670e1786b3310e99796dcc06abbed970007b4109a5424843fa/diff:/var/lib/docker/overlay2/582bcca9acfc4eef25109e1e1b9c9d104f355798455bc73e855c99283887a6e8/diff:/var/lib/docker/overlay2/153b3bf0b69e97e8f0e5533414a31ca33fa530e63d174c9617621abe46e7e9d1/diff:/var/lib/docker/overlay2/bf87a76c0a38875ee6e915fd0d2527eafa880ec6bf2c1cb294959428c18d10bd/diff","MergedDir":"/var/lib/docker/overlay2/b481eee7843c17772ada1734203524b4de76785735a50d4c68703d497db0e4ed/merged","UpperDir":"/var/lib/docker/overlay2/b481eee7843c17772ada1734203524b4de76785735a50d4c68703d497db0e4ed/diff","WorkDir":"/var/lib/docker/overlay2/b481eee7843c17772ada1734203524b4de76785735a50d4c68703d497db0e4ed/work"},"Name":"overlay2"},"Mounts":[{"Type":"volume","Name":"ec40278114b76af7b6535b952e685e04a98a51fa16363f5e9f0df1ce601f1dd5","Source":"/var/lib/docker/volumes/ec40278114b76af7b6535b952e685e04a98a51fa16363f5e9f0df1ce601f1dd5/_data","Destination":"/var/lib/mysql","Driver":"local","Mode":"","RW":true,"Propagation":""}],"Config":{"Hostname":"0739339bbc62","Domainname":"","User":"","AttachStdin":false,"AttachStdout":false,"AttachStderr":false,"ExposedPorts":{"3306/tcp":{}},"Tty":false,"OpenStdin":false,"StdinOnce":false,"Env":["MYSQL_DATABASE=test","MYSQL_PASSWORD=test","MYSQL_USER=test","MYSQL_ROOT_PASSWORD=test","PATH=/usr/local/sbin:/usr/local/bin:/usr/sbin:/usr/bin:/sbin:/bin","GOSU_VERSION=1.7","MYSQL_MAJOR=8.0","MYSQL_VERSION=8.0.0-dmr-1debian8"],"Cmd":["mysqld"],"Image":"mysql:8.0.0","Volumes":{"/var/lib/mysql":{}},"WorkingDir":"","Entrypoint":["docker-entrypoint.sh"],"OnBuild":null,"Labels":{"org.testcontainers":"true","org.testcontainers.lang":"java","org.testcontainers.sessionId":"f1b696c1-ec3f-4f95-afa8-081853be7ccb","org.testcontainers.version":"1.18.0"}},"NetworkSettings":{"Bridge":"","SandboxID":"d265e68e2afe307f1ab03fab083f2c0477cba31e9f26759f52b94e045d1847fb","HairpinMode":false,"LinkLocalIPv6Address":"","LinkLocalIPv6PrefixLen":0,"Ports":{"3306/tcp":[{"HostIp":"0.0.0.0","HostPort":"32782"},{"HostIp":"::","HostPort":"32782"}]},"SandboxKey":"/var/run/docker/netns/d265e68e2afe","SecondaryIPAddresses":null,"SecondaryIPv6Addresses":null,"EndpointID":"97b4c81a7665dcad3863174204db678dde492e2a2b2f11f6ef1c683b5d76146b","Gateway":"172.17.0.1","GlobalIPv6Address":"","GlobalIPv6PrefixLen":0,"IPAddress":"172.17.0.3","IPPrefixLen":16,"IPv6Gateway":"","MacAddress":"02:42:ac:11:00:03","Networks":{"bridge":{"IPAMConfig":null,"Links":null,"Aliases":null,"NetworkID":"e1a078e12eb8d77b497ed932f7fb43787eeb6ff6972febd7d03c9282b8b5cd45","EndpointID":"97b4c81a7665dcad3863174204db678dde492e2a2b2f11f6ef1c683b5d76146b","Gateway":"172.17.0.1","IPAddress":"172.17.0.3","IPPrefixLen":16,"IPv6Gateway":"","GlobalIPv6Address":"","GlobalIPv6PrefixLen":0,"MacAddress":"02:42:ac:11:00:03","DriverOpts":null}}}}[\n]"
&amp#27;[0;39m2023-05-08 13:19:07,140 [main] &amp#27;[39mDEBUG&amp#27;[0;39m &amp#27;[36mc.g.d.z.s.o.a.hc.client5.http.wire&amp#27;[0;39m - &amp#27;[32mhttp-outgoing-1 << "[\r][\n]"
&amp#27;[0;39m2023-05-08 13:19:07,140 [main] &amp#27;[39mDEBUG&amp#27;[0;39m &amp#27;[36mc.g.d.z.s.o.a.hc.client5.http.wire&amp#27;[0;39m - &amp#27;[32mhttp-outgoing-1 << "0[\r][\n]"
&amp#27;[0;39m2023-05-08 13:19:07,140 [main] &amp#27;[39mDEBUG&amp#27;[0;39m &amp#27;[36mc.g.d.z.s.o.a.hc.client5.http.wire&amp#27;[0;39m - &amp#27;[32mhttp-outgoing-1 << "[\r][\n]"
&amp#27;[0;39m2023-05-08 13:19:07,140 [main] &amp#27;[39mDEBUG&amp#27;[0;39m &amp#27;[36mc.g.d.z.s.o.a.h.client5.http.headers&amp#27;[0;39m - &amp#27;[32mhttp-outgoing-1 << HTTP/1.1 200 OK
&amp#27;[0;39m2023-05-08 13:19:07,140 [main] &amp#27;[39mDEBUG&amp#27;[0;39m &amp#27;[36mc.g.d.z.s.o.a.h.client5.http.headers&amp#27;[0;39m - &amp#27;[32mhttp-outgoing-1 << Api-Version: 1.42
&amp#27;[0;39m2023-05-08 13:19:07,140 [main] &amp#27;[39mDEBUG&amp#27;[0;39m &amp#27;[36mc.g.d.z.s.o.a.h.client5.http.headers&amp#27;[0;39m - &amp#27;[32mhttp-outgoing-1 << Content-Type: application/json
&amp#27;[0;39m2023-05-08 13:19:07,140 [main] &amp#27;[39mDEBUG&amp#27;[0;39m &amp#27;[36mc.g.d.z.s.o.a.h.client5.http.headers&amp#27;[0;39m - &amp#27;[32mhttp-outgoing-1 << Docker-Experimental: false
&amp#27;[0;39m2023-05-08 13:19:07,140 [main] &amp#27;[39mDEBUG&amp#27;[0;39m &amp#27;[36mc.g.d.z.s.o.a.h.client5.http.headers&amp#27;[0;39m - &amp#27;[32mhttp-outgoing-1 << Ostype: linux
&amp#27;[0;39m2023-05-08 13:19:07,140 [main] &amp#27;[39mDEBUG&amp#27;[0;39m &amp#27;[36mc.g.d.z.s.o.a.h.client5.http.headers&amp#27;[0;39m - &amp#27;[32mhttp-outgoing-1 << Server: Docker/23.0.5 (linux)
&amp#27;[0;39m2023-05-08 13:19:07,140 [main] &amp#27;[39mDEBUG&amp#27;[0;39m &amp#27;[36mc.g.d.z.s.o.a.h.client5.http.headers&amp#27;[0;39m - &amp#27;[32mhttp-outgoing-1 << Date: Mon, 08 May 2023 11:19:07 GMT
&amp#27;[0;39m2023-05-08 13:19:07,140 [main] &amp#27;[39mDEBUG&amp#27;[0;39m &amp#27;[36mc.g.d.z.s.o.a.h.client5.http.headers&amp#27;[0;39m - &amp#27;[32mhttp-outgoing-1 << Transfer-Encoding: chunked
&amp#27;[0;39m2023-05-08 13:19:07,140 [main] &amp#27;[39mDEBUG&amp#27;[0;39m &amp#27;[36mc.g.d.z.s.o.a.h.c.h.i.c.MainClientExec&amp#27;[0;39m - &amp#27;[32mex-0000008E: connection can be kept alive for 3 MINUTES
&amp#27;[0;39m2023-05-08 13:19:07,141 [main] &amp#27;[39mDEBUG&amp#27;[0;39m &amp#27;[36mc.g.d.z.s.o.a.h.c.h.i.c.InternalHttpClient&amp#27;[0;39m - &amp#27;[32mep-0000008D: releasing valid endpoint
&amp#27;[0;39m2023-05-08 13:19:07,141 [main] &amp#27;[39mDEBUG&amp#27;[0;39m &amp#27;[36mc.g.d.z.s.o.a.h.c.h.i.i.PoolingHttpClientConnectionManager&amp#27;[0;39m - &amp#27;[32mep-0000008D: releasing endpoint
&amp#27;[0;39m2023-05-08 13:19:07,141 [main] &amp#27;[39mDEBUG&amp#27;[0;39m &amp#27;[36mc.g.d.z.s.o.a.h.c.h.i.i.PoolingHttpClientConnectionManager&amp#27;[0;39m - &amp#27;[32mep-0000008D: connection http-outgoing-1 can be kept alive for 3 MINUTES
&amp#27;[0;39m2023-05-08 13:19:07,141 [main] &amp#27;[39mDEBUG&amp#27;[0;39m &amp#27;[36mc.g.d.z.s.o.a.h.c.h.i.i.PoolingHttpClientConnectionManager&amp#27;[0;39m - &amp#27;[32mep-0000008D: connection released [route: {}->unix://localhost:2375][total available: 1; route allocated: 1 of 2147483647; total allocated: 1 of 2147483647]
&amp#27;[0;39m2023-05-08 13:19:07,141 [main] &amp#27;[39mDEBUG&amp#27;[0;39m &amp#27;[36mtc.mysql:8.0.0&amp#27;[0;39m - &amp#27;[32mTrying to create JDBC connection using com.mysql.cj.jdbc.Driver to jdbc:mysql://localhost:32782/test?useSSL=false&allowPublicKeyRetrieval=true with properties: {password=test, user=test}
&amp#27;[0;39m2023-05-08 13:19:07,243 [main] &amp#27;[39mDEBUG&amp#27;[0;39m &amp#27;[36mo.t.s.c.g.d.c.command.AbstrDockerCmd&amp#27;[0;39m - &amp#27;[32mCmd: 0739339bbc624082fb5e41f62f4a622236ffe4974bf12b2847105b726085e02b,false
&amp#27;[0;39m2023-05-08 13:19:07,243 [main] &amp#27;[39mDEBUG&amp#27;[0;39m &amp#27;[36mo.t.s.c.g.d.c.e.InspectContainerCmdExec&amp#27;[0;39m - &amp#27;[32mGET: DefaultWebTarget{path=[/containers/0739339bbc624082fb5e41f62f4a622236ffe4974bf12b2847105b726085e02b/json], queryParams={}}
&amp#27;[0;39m2023-05-08 13:19:07,243 [main] &amp#27;[39mDEBUG&amp#27;[0;39m &amp#27;[36mc.g.d.z.s.o.a.h.c.h.i.c.InternalHttpClient&amp#27;[0;39m - &amp#27;[32mex-0000008F: preparing request execution
&amp#27;[0;39m2023-05-08 13:19:07,243 [main] &amp#27;[39mDEBUG&amp#27;[0;39m &amp#27;[36mc.g.d.z.s.o.a.h.c.h.p.RequestAddCookies&amp#27;[0;39m - &amp#27;[32mCookie spec selected: strict
&amp#27;[0;39m2023-05-08 13:19:07,243 [main] &amp#27;[39mDEBUG&amp#27;[0;39m &amp#27;[36mc.g.d.z.s.o.a.h.c.h.p.RequestAuthCache&amp#27;[0;39m - &amp#27;[32mAuth cache not set in the context
&amp#27;[0;39m2023-05-08 13:19:07,243 [main] &amp#27;[39mDEBUG&amp#27;[0;39m &amp#27;[36mc.g.d.z.s.o.a.h.c.h.i.c.ProtocolExec&amp#27;[0;39m - &amp#27;[32mex-0000008F: target auth state: UNCHALLENGED
&amp#27;[0;39m2023-05-08 13:19:07,243 [main] &amp#27;[39mDEBUG&amp#27;[0;39m &amp#27;[36mc.g.d.z.s.o.a.h.c.h.i.c.ProtocolExec&amp#27;[0;39m - &amp#27;[32mex-0000008F: proxy auth state: UNCHALLENGED
&amp#27;[0;39m2023-05-08 13:19:07,243 [main] &amp#27;[39mDEBUG&amp#27;[0;39m &amp#27;[36mc.g.d.z.s.o.a.h.c.h.i.c.ConnectExec&amp#27;[0;39m - &amp#27;[32mex-0000008F: acquiring connection with route {}->unix://localhost:2375
&amp#27;[0;39m2023-05-08 13:19:07,243 [main] &amp#27;[39mDEBUG&amp#27;[0;39m &amp#27;[36mc.g.d.z.s.o.a.h.c.h.i.c.InternalHttpClient&amp#27;[0;39m - &amp#27;[32mex-0000008F: acquiring endpoint (3 MINUTES)
&amp#27;[0;39m2023-05-08 13:19:07,243 [main] &amp#27;[39mDEBUG&amp#27;[0;39m &amp#27;[36mc.g.d.z.s.o.a.h.c.h.i.i.PoolingHttpClientConnectionManager&amp#27;[0;39m - &amp#27;[32mex-0000008F: endpoint lease request (3 MINUTES) [route: {}->unix://localhost:2375][total available: 1; route allocated: 1 of 2147483647; total allocated: 1 of 2147483647]
&amp#27;[0;39m2023-05-08 13:19:07,243 [main] &amp#27;[39mDEBUG&amp#27;[0;39m &amp#27;[36mc.g.d.z.s.o.a.h.c.h.i.i.PoolingHttpClientConnectionManager&amp#27;[0;39m - &amp#27;[32mex-0000008F: endpoint leased [route: {}->unix://localhost:2375][total available: 0; route allocated: 1 of 2147483647; total allocated: 1 of 2147483647]
&amp#27;[0;39m2023-05-08 13:19:07,243 [main] &amp#27;[39mDEBUG&amp#27;[0;39m &amp#27;[36mc.g.d.z.s.o.a.h.c.h.i.i.PoolingHttpClientConnectionManager&amp#27;[0;39m - &amp#27;[32mex-0000008F: acquired ep-0000008E
&amp#27;[0;39m2023-05-08 13:19:07,243 [main] &amp#27;[39mDEBUG&amp#27;[0;39m &amp#27;[36mc.g.d.z.s.o.a.h.c.h.i.c.InternalHttpClient&amp#27;[0;39m - &amp#27;[32mex-0000008F: acquired endpoint ep-0000008E
&amp#27;[0;39m2023-05-08 13:19:07,243 [main] &amp#27;[39mDEBUG&amp#27;[0;39m &amp#27;[36mc.g.d.z.s.o.a.h.c.h.i.c.MainClientExec&amp#27;[0;39m - &amp#27;[32mex-0000008F: executing GET /v1.32/containers/0739339bbc624082fb5e41f62f4a622236ffe4974bf12b2847105b726085e02b/json HTTP/1.1
&amp#27;[0;39m2023-05-08 13:19:07,243 [main] &amp#27;[39mDEBUG&amp#27;[0;39m &amp#27;[36mc.g.d.z.s.o.a.h.c.h.i.c.InternalHttpClient&amp#27;[0;39m - &amp#27;[32mep-0000008E: start execution ex-0000008F
&amp#27;[0;39m2023-05-08 13:19:07,243 [main] &amp#27;[39mDEBUG&amp#27;[0;39m &amp#27;[36mc.g.d.z.s.o.a.h.c.h.i.i.PoolingHttpClientConnectionManager&amp#27;[0;39m - &amp#27;[32mep-0000008E: executing exchange ex-0000008F over http-outgoing-1
&amp#27;[0;39m2023-05-08 13:19:07,243 [main] &amp#27;[39mDEBUG&amp#27;[0;39m &amp#27;[36mc.g.d.z.s.o.a.h.client5.http.headers&amp#27;[0;39m - &amp#27;[32mhttp-outgoing-1 >> GET /v1.32/containers/0739339bbc624082fb5e41f62f4a622236ffe4974bf12b2847105b726085e02b/json HTTP/1.1
&amp#27;[0;39m2023-05-08 13:19:07,243 [main] &amp#27;[39mDEBUG&amp#27;[0;39m &amp#27;[36mc.g.d.z.s.o.a.h.client5.http.headers&amp#27;[0;39m - &amp#27;[32mhttp-outgoing-1 >> accept: application/json
&amp#27;[0;39m2023-05-08 13:19:07,243 [main] &amp#27;[39mDEBUG&amp#27;[0;39m &amp#27;[36mc.g.d.z.s.o.a.h.client5.http.headers&amp#27;[0;39m - &amp#27;[32mhttp-outgoing-1 >> x-tc-sid: f1b696c1-ec3f-4f95-afa8-081853be7ccb
&amp#27;[0;39m2023-05-08 13:19:07,244 [main] &amp#27;[39mDEBUG&amp#27;[0;39m &amp#27;[36mc.g.d.z.s.o.a.h.client5.http.headers&amp#27;[0;39m - &amp#27;[32mhttp-outgoing-1 >> Accept-Encoding: gzip, x-gzip, deflate
&amp#27;[0;39m2023-05-08 13:19:07,244 [main] &amp#27;[39mDEBUG&amp#27;[0;39m &amp#27;[36mc.g.d.z.s.o.a.h.client5.http.headers&amp#27;[0;39m - &amp#27;[32mhttp-outgoing-1 >> Host: localhost:2375
&amp#27;[0;39m2023-05-08 13:19:07,244 [main] &amp#27;[39mDEBUG&amp#27;[0;39m &amp#27;[36mc.g.d.z.s.o.a.h.client5.http.headers&amp#27;[0;39m - &amp#27;[32mhttp-outgoing-1 >> Connection: keep-alive
&amp#27;[0;39m2023-05-08 13:19:07,244 [main] &amp#27;[39mDEBUG&amp#27;[0;39m &amp#27;[36mc.g.d.z.s.o.a.h.client5.http.headers&amp#27;[0;39m - &amp#27;[32mhttp-outgoing-1 >> User-Agent: Apache-HttpClient/5.0.3 (Java/17.0.6)
&amp#27;[0;39m2023-05-08 13:19:07,244 [main] &amp#27;[39mDEBUG&amp#27;[0;39m &amp#27;[36mc.g.d.z.s.o.a.hc.client5.http.wire&amp#27;[0;39m - &amp#27;[32mhttp-outgoing-1 >> "GET /v1.32/containers/0739339bbc624082fb5e41f62f4a622236ffe4974bf12b2847105b726085e02b/json HTTP/1.1[\r][\n]"
&amp#27;[0;39m2023-05-08 13:19:07,244 [main] &amp#27;[39mDEBUG&amp#27;[0;39m &amp#27;[36mc.g.d.z.s.o.a.hc.client5.http.wire&amp#27;[0;39m - &amp#27;[32mhttp-outgoing-1 >> "accept: application/json[\r][\n]"
&amp#27;[0;39m2023-05-08 13:19:07,244 [main] &amp#27;[39mDEBUG&amp#27;[0;39m &amp#27;[36mc.g.d.z.s.o.a.hc.client5.http.wire&amp#27;[0;39m - &amp#27;[32mhttp-outgoing-1 >> "x-tc-sid: f1b696c1-ec3f-4f95-afa8-081853be7ccb[\r][\n]"
&amp#27;[0;39m2023-05-08 13:19:07,244 [main] &amp#27;[39mDEBUG&amp#27;[0;39m &amp#27;[36mc.g.d.z.s.o.a.hc.client5.http.wire&amp#27;[0;39m - &amp#27;[32mhttp-outgoing-1 >> "Accept-Encoding: gzip, x-gzip, deflate[\r][\n]"
&amp#27;[0;39m2023-05-08 13:19:07,244 [main] &amp#27;[39mDEBUG&amp#27;[0;39m &amp#27;[36mc.g.d.z.s.o.a.hc.client5.http.wire&amp#27;[0;39m - &amp#27;[32mhttp-outgoing-1 >> "Host: localhost:2375[\r][\n]"
&amp#27;[0;39m2023-05-08 13:19:07,244 [main] &amp#27;[39mDEBUG&amp#27;[0;39m &amp#27;[36mc.g.d.z.s.o.a.hc.client5.http.wire&amp#27;[0;39m - &amp#27;[32mhttp-outgoing-1 >> "Connection: keep-alive[\r][\n]"
&amp#27;[0;39m2023-05-08 13:19:07,244 [main] &amp#27;[39mDEBUG&amp#27;[0;39m &amp#27;[36mc.g.d.z.s.o.a.hc.client5.http.wire&amp#27;[0;39m - &amp#27;[32mhttp-outgoing-1 >> "User-Agent: Apache-HttpClient/5.0.3 (Java/17.0.6)[\r][\n]"
&amp#27;[0;39m2023-05-08 13:19:07,244 [main] &amp#27;[39mDEBUG&amp#27;[0;39m &amp#27;[36mc.g.d.z.s.o.a.hc.client5.http.wire&amp#27;[0;39m - &amp#27;[32mhttp-outgoing-1 >> "[\r][\n]"
&amp#27;[0;39m2023-05-08 13:19:07,244 [main] &amp#27;[39mDEBUG&amp#27;[0;39m &amp#27;[36mc.g.d.z.s.o.a.hc.client5.http.wire&amp#27;[0;39m - &amp#27;[32mhttp-outgoing-1 << "HTTP/1.1 200 OK[\r][\n]"
&amp#27;[0;39m2023-05-08 13:19:07,244 [main] &amp#27;[39mDEBUG&amp#27;[0;39m &amp#27;[36mc.g.d.z.s.o.a.hc.client5.http.wire&amp#27;[0;39m - &amp#27;[32mhttp-outgoing-1 << "Api-Version: 1.42[\r][\n]"
&amp#27;[0;39m2023-05-08 13:19:07,244 [main] &amp#27;[39mDEBUG&amp#27;[0;39m &amp#27;[36mc.g.d.z.s.o.a.hc.client5.http.wire&amp#27;[0;39m - &amp#27;[32mhttp-outgoing-1 << "Content-Type: application/json[\r][\n]"
&amp#27;[0;39m2023-05-08 13:19:07,244 [main] &amp#27;[39mDEBUG&amp#27;[0;39m &amp#27;[36mc.g.d.z.s.o.a.hc.client5.http.wire&amp#27;[0;39m - &amp#27;[32mhttp-outgoing-1 << "Docker-Experimental: false[\r][\n]"
&amp#27;[0;39m2023-05-08 13:19:07,244 [main] &amp#27;[39mDEBUG&amp#27;[0;39m &amp#27;[36mc.g.d.z.s.o.a.hc.client5.http.wire&amp#27;[0;39m - &amp#27;[32mhttp-outgoing-1 << "Ostype: linux[\r][\n]"
&amp#27;[0;39m2023-05-08 13:19:07,244 [main] &amp#27;[39mDEBUG&amp#27;[0;39m &amp#27;[36mc.g.d.z.s.o.a.hc.client5.http.wire&amp#27;[0;39m - &amp#27;[32mhttp-outgoing-1 << "Server: Docker/23.0.5 (linux)[\r][\n]"
&amp#27;[0;39m2023-05-08 13:19:07,244 [main] &amp#27;[39mDEBUG&amp#27;[0;39m &amp#27;[36mc.g.d.z.s.o.a.hc.client5.http.wire&amp#27;[0;39m - &amp#27;[32mhttp-outgoing-1 << "Date: Mon, 08 May 2023 11:19:07 GMT[\r][\n]"
&amp#27;[0;39m2023-05-08 13:19:07,244 [main] &amp#27;[39mDEBUG&amp#27;[0;39m &amp#27;[36mc.g.d.z.s.o.a.hc.client5.http.wire&amp#27;[0;39m - &amp#27;[32mhttp-outgoing-1 << "Transfer-Encoding: chunked[\r][\n]"
&amp#27;[0;39m2023-05-08 13:19:07,244 [main] &amp#27;[39mDEBUG&amp#27;[0;39m &amp#27;[36mc.g.d.z.s.o.a.hc.client5.http.wire&amp#27;[0;39m - &amp#27;[32mhttp-outgoing-1 << "[\r][\n]"
&amp#27;[0;39m2023-05-08 13:19:07,244 [main] &amp#27;[39mDEBUG&amp#27;[0;39m &amp#27;[36mc.g.d.z.s.o.a.hc.client5.http.wire&amp#27;[0;39m - &amp#27;[32mhttp-outgoing-1 << "1893[\r][\n]"
&amp#27;[0;39m2023-05-08 13:19:07,244 [main] &amp#27;[39mDEBUG&amp#27;[0;39m &amp#27;[36mc.g.d.z.s.o.a.hc.client5.http.wire&amp#27;[0;39m - &amp#27;[32mhttp-outgoing-1 << "{"Id":"0739339bbc624082fb5e41f62f4a622236ffe4974bf12b2847105b726085e02b","Created":"2023-05-08T11:19:01.771856188Z","Path":"docker-entrypoint.sh","Args":["mysqld"],"State":{"Status":"running","Running":true,"Paused":false,"Restarting":false,"OOMKilled":false,"Dead":false,"Pid":59514,"ExitCode":0,"Error":"","StartedAt":"2023-05-08T11:19:02.113674386Z","FinishedAt":"0001-01-01T00:00:00Z"},"Image":"sha256:228d71078f8ce5ae9fd96b183f88c3a90e30544b4b7ce9d64a238d05fef2a681","ResolvConfPath":"/var/lib/docker/containers/0739339bbc624082fb5e41f62f4a622236ffe4974bf12b2847105b726085e02b/resolv.conf","HostnamePath":"/var/lib/docker/containers/0739339bbc624082fb5e41f62f4a622236ffe4974bf12b2847105b726085e02b/hostname","HostsPath":"/var/lib/docker/containers/0739339bbc624082fb5e41f62f4a622236ffe4974bf12b2847105b726085e02b/hosts","LogPath":"/var/lib/docker/containers/0739339bbc624082fb5e41f62f4a622236ffe4974bf12b2847105b726085e02b/0739339bbc624082fb5e41f62f4a622236ffe4974bf12b2847105b726085e02b-json.log","Name":"/intelligent_galileo","RestartCount":0,"Driver":"overlay2","Platform":"linux","MountLabel":"","ProcessLabel":"","AppArmorProfile":"docker-default","ExecIDs":null,"HostConfig":{"Binds":[],"ContainerIDFile":"","LogConfig":{"Type":"json-file","Config":{}},"NetworkMode":"default","PortBindings":{"3306/tcp":[{"HostIp":"","HostPort":""}]},"RestartPolicy":{"Name":"","MaximumRetryCount":0},"AutoRemove":false,"VolumeDriver":"","VolumesFrom":[],"ConsoleSize":[0,0],"CapAdd":null,"CapDrop":null,"CgroupnsMode":"private","Dns":null,"DnsOptions":null,"DnsSearch":null,"ExtraHosts":[],"GroupAdd":null,"IpcMode":"shareable","Cgroup":"","Links":null,"OomScoreAdj":0,"PidMode":"","Privileged":false,"PublishAllPorts":false,"ReadonlyRootfs":false,"SecurityOpt":null,"UTSMode":"","UsernsMode":"","ShmSize":67108864,"Runtime":"runc","Isolation":"","CpuShares":0,"Memory":0,"NanoCpus":0,"CgroupParent":"","BlkioWeight":0,"BlkioWeightDevice":null,"BlkioDeviceReadBps":null,"BlkioDeviceWriteBps":null,"BlkioDeviceReadIOps":null,"BlkioDeviceWriteIOps":null,"CpuPeriod":0,"CpuQuota":0,"CpuRealtimePeriod":0,"CpuRealtimeRuntime":0,"CpusetCpus":"","CpusetMems":"","Devices":null,"DeviceCgroupRules":null,"DeviceRequests":null,"MemoryReservation":0,"MemorySwap":0,"MemorySwappiness":null,"OomKillDisable":null,"PidsLimit":null,"Ulimits":null,"CpuCount":0,"CpuPercent":0,"IOMaximumIOps":0,"IOMaximumBandwidth":0,"MaskedPaths":["/proc/asound","/proc/acpi","/proc/kcore","/proc/keys","/proc/latency_stats","/proc/timer_list","/proc/timer_stats","/proc/sched_debug","/proc/scsi","/sys/firmware"],"ReadonlyPaths":["/proc/bus","/proc/fs","/proc/irq","/proc/sys","/proc/sysrq-trigger"]},"GraphDriver":{"Data":{"LowerDir":"/var/lib/docker/overlay2/b481eee7843c17772ada1734203524b4de76785735a50d4c68703d497db0e4ed-init/diff:/var/lib/docker/overlay2/4c6e20f032f02b27a9272f982861dc21998197aa90d94ed3bef95d449380247c/diff:/var/lib/docker/overlay2/0c75f828f603eff839bb3ca448163ab2a8017e86625ac255cd3dbf1673ddac26/diff:/var/lib/docker/overlay2/da128d897fda75829109844ce6cd9d73d0f54c682e735100af000ce899908729/diff:/var/lib/docker/overlay2/b678a1f261bf323afba6d76d91ab7428bdd6e1ef4a39b5224e4a1afd08c0423a/diff:/var/lib/docker/overlay2/1bec43b14875c5f9f814f146e8e31aa78566689c2c163da2ac60a32254988437/diff:/var/lib/docker/overlay2/28f4b1e6e1a7a2dbe30f1f94fb42bccd85a61faf8af1fe30a5bb0d442c525e41/diff:/var/lib/docker/overlay2/0f493124464c291d7c97d2633d5dff04b1dce5de904cb40a34dfbe7fe72e3fd4/diff:/var/lib/docker/overlay2/05befbee9e38cd670e1786b3310e99796dcc06abbed970007b4109a5424843fa/diff:/var/lib/docker/overlay2/582bcca9acfc4eef25109e1e1b9c9d104f355798455bc73e855c99283887a6e8/diff:/var/lib/docker/overlay2/153b3bf0b69e97e8f0e5533414a31ca33fa530e63d174c9617621abe46e7e9d1/diff:/var/lib/docker/overlay2/bf87a76c0a38875ee6e915fd0d2527eafa880ec6bf2c1cb294959428c18d10bd/diff","MergedDir":"/var/lib/docker/overlay2/b481eee7843c17772ada1734203524b4de76785735a50d4c68703d497db0e4ed/merged","UpperDir":"/var/lib/docker/overlay2/b481eee7843c17772ada1734203524b4de76785735a50d4c68703d497db0e4ed/diff","WorkDir":"/var/lib/docker/overlay2/b481eee7843c17772ada1734203524b4de76785735a50d4c68703d497db0e4ed/work"},"Name":"overlay2"},"Mounts":[{"Type":"volume","Name":"ec40278114b76af7b6535b952e685e04a98a51fa16363f5e9f0df1ce601f1dd5","Source":"/var/lib/docker/volumes/ec40278114b76af7b6535b952e685e04a98a51fa16363f5e9f0df1ce601f1dd5/_data","Destination":"/var/lib/mysql","Driver":"local","Mode":"","RW":true,"Propagation":""}],"Config":{"Hostname":"0739339bbc62","Domainname":"","User":"","AttachStdin":false,"AttachStdout":false,"AttachStderr":false,"ExposedPorts":{"3306/tcp":{}},"Tty":false,"OpenStdin":false,"StdinOnce":false,"Env":["MYSQL_DATABASE=test","MYSQL_PASSWORD=test","MYSQL_USER=test","MYSQL_ROOT_PASSWORD=test","PATH=/usr/local/sbin:/usr/local/bin:/usr/sbin:/usr/bin:/sbin:/bin","GOSU_VERSION=1.7","MYSQL_MAJOR=8.0","MYSQL_VERSION=8.0.0-dmr-1debian8"],"Cmd":["mysqld"],"Image":"mysql:8.0.0","Volumes":{"/var/lib/mysql":{}},"WorkingDir":"","Entrypoint":["docker-entrypoint.sh"],"OnBuild":null,"Labels":{"org.testcontainers":"true","org.testcontainers.lang":"java","org.testcontainers.sessionId":"f1b696c1-ec3f-4f95-afa8-081853be7ccb","org.testcontainers.version":"1.18.0"}},"NetworkSettings":{"Bridge":"","SandboxID":"d265e68e2afe307f1ab03fab083f2c0477cba31e9f26759f52b94e045d1847fb","HairpinMode":false,"LinkLocalIPv6Address":"","LinkLocalIPv6PrefixLen":0,"Ports":{"3306/tcp":[{"HostIp":"0.0.0.0","HostPort":"32782"},{"HostIp":"::","HostPort":"32782"}]},"SandboxKey":"/var/run/docker/netns/d265e68e2afe","SecondaryIPAddresses":null,"SecondaryIPv6Addresses":null,"EndpointID":"97b4c81a7665dcad3863174204db678dde492e2a2b2f11f6ef1c683b5d76146b","Gateway":"172.17.0.1","GlobalIPv6Address":"","GlobalIPv6PrefixLen":0,"IPAddress":"172.17.0.3","IPPrefixLen":16,"IPv6Gateway":"","MacAddress":"02:42:ac:11:00:03","Networks":{"bridge":{"IPAMConfig":null,"Links":null,"Aliases":null,"NetworkID":"e1a078e12eb8d77b497ed932f7fb43787eeb6ff6972febd7d03c9282b8b5cd45","EndpointID":"97b4c81a7665dcad3863174204db678dde492e2a2b2f11f6ef1c683b5d76146b","Gateway":"172.17.0.1","IPAddress":"172.17.0.3","IPPrefixLen":16,"IPv6Gateway":"","GlobalIPv6Address":"","GlobalIPv6PrefixLen":0,"MacAddress":"02:42:ac:11:00:03","DriverOpts":null}}}}[\n]"
&amp#27;[0;39m2023-05-08 13:19:07,244 [main] &amp#27;[39mDEBUG&amp#27;[0;39m &amp#27;[36mc.g.d.z.s.o.a.hc.client5.http.wire&amp#27;[0;39m - &amp#27;[32mhttp-outgoing-1 << "[\r][\n]"
&amp#27;[0;39m2023-05-08 13:19:07,244 [main] &amp#27;[39mDEBUG&amp#27;[0;39m &amp#27;[36mc.g.d.z.s.o.a.hc.client5.http.wire&amp#27;[0;39m - &amp#27;[32mhttp-outgoing-1 << "0[\r][\n]"
&amp#27;[0;39m2023-05-08 13:19:07,244 [main] &amp#27;[39mDEBUG&amp#27;[0;39m &amp#27;[36mc.g.d.z.s.o.a.hc.client5.http.wire&amp#27;[0;39m - &amp#27;[32mhttp-outgoing-1 << "[\r][\n]"
&amp#27;[0;39m2023-05-08 13:19:07,244 [main] &amp#27;[39mDEBUG&amp#27;[0;39m &amp#27;[36mc.g.d.z.s.o.a.h.client5.http.headers&amp#27;[0;39m - &amp#27;[32mhttp-outgoing-1 << HTTP/1.1 200 OK
&amp#27;[0;39m2023-05-08 13:19:07,244 [main] &amp#27;[39mDEBUG&amp#27;[0;39m &amp#27;[36mc.g.d.z.s.o.a.h.client5.http.headers&amp#27;[0;39m - &amp#27;[32mhttp-outgoing-1 << Api-Version: 1.42
&amp#27;[0;39m2023-05-08 13:19:07,244 [main] &amp#27;[39mDEBUG&amp#27;[0;39m &amp#27;[36mc.g.d.z.s.o.a.h.client5.http.headers&amp#27;[0;39m - &amp#27;[32mhttp-outgoing-1 << Content-Type: application/json
&amp#27;[0;39m2023-05-08 13:19:07,244 [main] &amp#27;[39mDEBUG&amp#27;[0;39m &amp#27;[36mc.g.d.z.s.o.a.h.client5.http.headers&amp#27;[0;39m - &amp#27;[32mhttp-outgoing-1 << Docker-Experimental: false
&amp#27;[0;39m2023-05-08 13:19:07,244 [main] &amp#27;[39mDEBUG&amp#27;[0;39m &amp#27;[36mc.g.d.z.s.o.a.h.client5.http.headers&amp#27;[0;39m - &amp#27;[32mhttp-outgoing-1 << Ostype: linux
&amp#27;[0;39m2023-05-08 13:19:07,244 [main] &amp#27;[39mDEBUG&amp#27;[0;39m &amp#27;[36mc.g.d.z.s.o.a.h.client5.http.headers&amp#27;[0;39m - &amp#27;[32mhttp-outgoing-1 << Server: Docker/23.0.5 (linux)
&amp#27;[0;39m2023-05-08 13:19:07,244 [main] &amp#27;[39mDEBUG&amp#27;[0;39m &amp#27;[36mc.g.d.z.s.o.a.h.client5.http.headers&amp#27;[0;39m - &amp#27;[32mhttp-outgoing-1 << Date: Mon, 08 May 2023 11:19:07 GMT
&amp#27;[0;39m2023-05-08 13:19:07,244 [main] &amp#27;[39mDEBUG&amp#27;[0;39m &amp#27;[36mc.g.d.z.s.o.a.h.client5.http.headers&amp#27;[0;39m - &amp#27;[32mhttp-outgoing-1 << Transfer-Encoding: chunked
&amp#27;[0;39m2023-05-08 13:19:07,244 [main] &amp#27;[39mDEBUG&amp#27;[0;39m &amp#27;[36mc.g.d.z.s.o.a.h.c.h.i.c.MainClientExec&amp#27;[0;39m - &amp#27;[32mex-0000008F: connection can be kept alive for 3 MINUTES
&amp#27;[0;39m2023-05-08 13:19:07,245 [main] &amp#27;[39mDEBUG&amp#27;[0;39m &amp#27;[36mc.g.d.z.s.o.a.h.c.h.i.c.InternalHttpClient&amp#27;[0;39m - &amp#27;[32mep-0000008E: releasing valid endpoint
&amp#27;[0;39m2023-05-08 13:19:07,245 [main] &amp#27;[39mDEBUG&amp#27;[0;39m &amp#27;[36mc.g.d.z.s.o.a.h.c.h.i.i.PoolingHttpClientConnectionManager&amp#27;[0;39m - &amp#27;[32mep-0000008E: releasing endpoint
&amp#27;[0;39m2023-05-08 13:19:07,245 [main] &amp#27;[39mDEBUG&amp#27;[0;39m &amp#27;[36mc.g.d.z.s.o.a.h.c.h.i.i.PoolingHttpClientConnectionManager&amp#27;[0;39m - &amp#27;[32mep-0000008E: connection http-outgoing-1 can be kept alive for 3 MINUTES
&amp#27;[0;39m2023-05-08 13:19:07,245 [main] &amp#27;[39mDEBUG&amp#27;[0;39m &amp#27;[36mc.g.d.z.s.o.a.h.c.h.i.i.PoolingHttpClientConnectionManager&amp#27;[0;39m - &amp#27;[32mep-0000008E: connection released [route: {}->unix://localhost:2375][total available: 1; route allocated: 1 of 2147483647; total allocated: 1 of 2147483647]
&amp#27;[0;39m2023-05-08 13:19:07,246 [main] &amp#27;[39mDEBUG&amp#27;[0;39m &amp#27;[36mtc.mysql:8.0.0&amp#27;[0;39m - &amp#27;[32mTrying to create JDBC connection using com.mysql.cj.jdbc.Driver to jdbc:mysql://localhost:32782/test?useSSL=false&allowPublicKeyRetrieval=true with properties: {password=test, user=test}
&amp#27;[0;39m2023-05-08 13:19:07,347 [main] &amp#27;[39mDEBUG&amp#27;[0;39m &amp#27;[36mo.t.s.c.g.d.c.command.AbstrDockerCmd&amp#27;[0;39m - &amp#27;[32mCmd: 0739339bbc624082fb5e41f62f4a622236ffe4974bf12b2847105b726085e02b,false
&amp#27;[0;39m2023-05-08 13:19:07,347 [main] &amp#27;[39mDEBUG&amp#27;[0;39m &amp#27;[36mo.t.s.c.g.d.c.e.InspectContainerCmdExec&amp#27;[0;39m - &amp#27;[32mGET: DefaultWebTarget{path=[/containers/0739339bbc624082fb5e41f62f4a622236ffe4974bf12b2847105b726085e02b/json], queryParams={}}
&amp#27;[0;39m2023-05-08 13:19:07,347 [main] &amp#27;[39mDEBUG&amp#27;[0;39m &amp#27;[36mc.g.d.z.s.o.a.h.c.h.i.c.InternalHttpClient&amp#27;[0;39m - &amp#27;[32mex-00000090: preparing request execution
&amp#27;[0;39m2023-05-08 13:19:07,347 [main] &amp#27;[39mDEBUG&amp#27;[0;39m &amp#27;[36mc.g.d.z.s.o.a.h.c.h.p.RequestAddCookies&amp#27;[0;39m - &amp#27;[32mCookie spec selected: strict
&amp#27;[0;39m2023-05-08 13:19:07,347 [main] &amp#27;[39mDEBUG&amp#27;[0;39m &amp#27;[36mc.g.d.z.s.o.a.h.c.h.p.RequestAuthCache&amp#27;[0;39m - &amp#27;[32mAuth cache not set in the context
&amp#27;[0;39m2023-05-08 13:19:07,347 [main] &amp#27;[39mDEBUG&amp#27;[0;39m &amp#27;[36mc.g.d.z.s.o.a.h.c.h.i.c.ProtocolExec&amp#27;[0;39m - &amp#27;[32mex-00000090: target auth state: UNCHALLENGED
&amp#27;[0;39m2023-05-08 13:19:07,347 [main] &amp#27;[39mDEBUG&amp#27;[0;39m &amp#27;[36mc.g.d.z.s.o.a.h.c.h.i.c.ProtocolExec&amp#27;[0;39m - &amp#27;[32mex-00000090: proxy auth state: UNCHALLENGED
&amp#27;[0;39m2023-05-08 13:19:07,347 [main] &amp#27;[39mDEBUG&amp#27;[0;39m &amp#27;[36mc.g.d.z.s.o.a.h.c.h.i.c.ConnectExec&amp#27;[0;39m - &amp#27;[32mex-00000090: acquiring connection with route {}->unix://localhost:2375
&amp#27;[0;39m2023-05-08 13:19:07,347 [main] &amp#27;[39mDEBUG&amp#27;[0;39m &amp#27;[36mc.g.d.z.s.o.a.h.c.h.i.c.InternalHttpClient&amp#27;[0;39m - &amp#27;[32mex-00000090: acquiring endpoint (3 MINUTES)
&amp#27;[0;39m2023-05-08 13:19:07,347 [main] &amp#27;[39mDEBUG&amp#27;[0;39m &amp#27;[36mc.g.d.z.s.o.a.h.c.h.i.i.PoolingHttpClientConnectionManager&amp#27;[0;39m - &amp#27;[32mex-00000090: endpoint lease request (3 MINUTES) [route: {}->unix://localhost:2375][total available: 1; route allocated: 1 of 2147483647; total allocated: 1 of 2147483647]
&amp#27;[0;39m2023-05-08 13:19:07,348 [main] &amp#27;[39mDEBUG&amp#27;[0;39m &amp#27;[36mc.g.d.z.s.o.a.h.c.h.i.i.PoolingHttpClientConnectionManager&amp#27;[0;39m - &amp#27;[32mex-00000090: endpoint leased [route: {}->unix://localhost:2375][total available: 0; route allocated: 1 of 2147483647; total allocated: 1 of 2147483647]
&amp#27;[0;39m2023-05-08 13:19:07,348 [main] &amp#27;[39mDEBUG&amp#27;[0;39m &amp#27;[36mc.g.d.z.s.o.a.h.c.h.i.i.PoolingHttpClientConnectionManager&amp#27;[0;39m - &amp#27;[32mex-00000090: acquired ep-0000008F
&amp#27;[0;39m2023-05-08 13:19:07,348 [main] &amp#27;[39mDEBUG&amp#27;[0;39m &amp#27;[36mc.g.d.z.s.o.a.h.c.h.i.c.InternalHttpClient&amp#27;[0;39m - &amp#27;[32mex-00000090: acquired endpoint ep-0000008F
&amp#27;[0;39m2023-05-08 13:19:07,348 [main] &amp#27;[39mDEBUG&amp#27;[0;39m &amp#27;[36mc.g.d.z.s.o.a.h.c.h.i.c.MainClientExec&amp#27;[0;39m - &amp#27;[32mex-00000090: executing GET /v1.32/containers/0739339bbc624082fb5e41f62f4a622236ffe4974bf12b2847105b726085e02b/json HTTP/1.1
&amp#27;[0;39m2023-05-08 13:19:07,348 [main] &amp#27;[39mDEBUG&amp#27;[0;39m &amp#27;[36mc.g.d.z.s.o.a.h.c.h.i.c.InternalHttpClient&amp#27;[0;39m - &amp#27;[32mep-0000008F: start execution ex-00000090
&amp#27;[0;39m2023-05-08 13:19:07,348 [main] &amp#27;[39mDEBUG&amp#27;[0;39m &amp#27;[36mc.g.d.z.s.o.a.h.c.h.i.i.PoolingHttpClientConnectionManager&amp#27;[0;39m - &amp#27;[32mep-0000008F: executing exchange ex-00000090 over http-outgoing-1
&amp#27;[0;39m2023-05-08 13:19:07,348 [main] &amp#27;[39mDEBUG&amp#27;[0;39m &amp#27;[36mc.g.d.z.s.o.a.h.client5.http.headers&amp#27;[0;39m - &amp#27;[32mhttp-outgoing-1 >> GET /v1.32/containers/0739339bbc624082fb5e41f62f4a622236ffe4974bf12b2847105b726085e02b/json HTTP/1.1
&amp#27;[0;39m2023-05-08 13:19:07,348 [main] &amp#27;[39mDEBUG&amp#27;[0;39m &amp#27;[36mc.g.d.z.s.o.a.h.client5.http.headers&amp#27;[0;39m - &amp#27;[32mhttp-outgoing-1 >> accept: application/json
&amp#27;[0;39m2023-05-08 13:19:07,348 [main] &amp#27;[39mDEBUG&amp#27;[0;39m &amp#27;[36mc.g.d.z.s.o.a.h.client5.http.headers&amp#27;[0;39m - &amp#27;[32mhttp-outgoing-1 >> x-tc-sid: f1b696c1-ec3f-4f95-afa8-081853be7ccb
&amp#27;[0;39m2023-05-08 13:19:07,348 [main] &amp#27;[39mDEBUG&amp#27;[0;39m &amp#27;[36mc.g.d.z.s.o.a.h.client5.http.headers&amp#27;[0;39m - &amp#27;[32mhttp-outgoing-1 >> Accept-Encoding: gzip, x-gzip, deflate
&amp#27;[0;39m2023-05-08 13:19:07,348 [main] &amp#27;[39mDEBUG&amp#27;[0;39m &amp#27;[36mc.g.d.z.s.o.a.h.client5.http.headers&amp#27;[0;39m - &amp#27;[32mhttp-outgoing-1 >> Host: localhost:2375
&amp#27;[0;39m2023-05-08 13:19:07,348 [main] &amp#27;[39mDEBUG&amp#27;[0;39m &amp#27;[36mc.g.d.z.s.o.a.h.client5.http.headers&amp#27;[0;39m - &amp#27;[32mhttp-outgoing-1 >> Connection: keep-alive
&amp#27;[0;39m2023-05-08 13:19:07,348 [main] &amp#27;[39mDEBUG&amp#27;[0;39m &amp#27;[36mc.g.d.z.s.o.a.h.client5.http.headers&amp#27;[0;39m - &amp#27;[32mhttp-outgoing-1 >> User-Agent: Apache-HttpClient/5.0.3 (Java/17.0.6)
&amp#27;[0;39m2023-05-08 13:19:07,348 [main] &amp#27;[39mDEBUG&amp#27;[0;39m &amp#27;[36mc.g.d.z.s.o.a.hc.client5.http.wire&amp#27;[0;39m - &amp#27;[32mhttp-outgoing-1 >> "GET /v1.32/containers/0739339bbc624082fb5e41f62f4a622236ffe4974bf12b2847105b726085e02b/json HTTP/1.1[\r][\n]"
&amp#27;[0;39m2023-05-08 13:19:07,348 [main] &amp#27;[39mDEBUG&amp#27;[0;39m &amp#27;[36mc.g.d.z.s.o.a.hc.client5.http.wire&amp#27;[0;39m - &amp#27;[32mhttp-outgoing-1 >> "accept: application/json[\r][\n]"
&amp#27;[0;39m2023-05-08 13:19:07,348 [main] &amp#27;[39mDEBUG&amp#27;[0;39m &amp#27;[36mc.g.d.z.s.o.a.hc.client5.http.wire&amp#27;[0;39m - &amp#27;[32mhttp-outgoing-1 >> "x-tc-sid: f1b696c1-ec3f-4f95-afa8-081853be7ccb[\r][\n]"
&amp#27;[0;39m2023-05-08 13:19:07,348 [main] &amp#27;[39mDEBUG&amp#27;[0;39m &amp#27;[36mc.g.d.z.s.o.a.hc.client5.http.wire&amp#27;[0;39m - &amp#27;[32mhttp-outgoing-1 >> "Accept-Encoding: gzip, x-gzip, deflate[\r][\n]"
&amp#27;[0;39m2023-05-08 13:19:07,348 [main] &amp#27;[39mDEBUG&amp#27;[0;39m &amp#27;[36mc.g.d.z.s.o.a.hc.client5.http.wire&amp#27;[0;39m - &amp#27;[32mhttp-outgoing-1 >> "Host: localhost:2375[\r][\n]"
&amp#27;[0;39m2023-05-08 13:19:07,348 [main] &amp#27;[39mDEBUG&amp#27;[0;39m &amp#27;[36mc.g.d.z.s.o.a.hc.client5.http.wire&amp#27;[0;39m - &amp#27;[32mhttp-outgoing-1 >> "Connection: keep-alive[\r][\n]"
&amp#27;[0;39m2023-05-08 13:19:07,348 [main] &amp#27;[39mDEBUG&amp#27;[0;39m &amp#27;[36mc.g.d.z.s.o.a.hc.client5.http.wire&amp#27;[0;39m - &amp#27;[32mhttp-outgoing-1 >> "User-Agent: Apache-HttpClient/5.0.3 (Java/17.0.6)[\r][\n]"
&amp#27;[0;39m2023-05-08 13:19:07,348 [main] &amp#27;[39mDEBUG&amp#27;[0;39m &amp#27;[36mc.g.d.z.s.o.a.hc.client5.http.wire&amp#27;[0;39m - &amp#27;[32mhttp-outgoing-1 >> "[\r][\n]"
&amp#27;[0;39m2023-05-08 13:19:07,348 [main] &amp#27;[39mDEBUG&amp#27;[0;39m &amp#27;[36mc.g.d.z.s.o.a.hc.client5.http.wire&amp#27;[0;39m - &amp#27;[32mhttp-outgoing-1 << "HTTP/1.1 200 OK[\r][\n]"
&amp#27;[0;39m2023-05-08 13:19:07,348 [main] &amp#27;[39mDEBUG&amp#27;[0;39m &amp#27;[36mc.g.d.z.s.o.a.hc.client5.http.wire&amp#27;[0;39m - &amp#27;[32mhttp-outgoing-1 << "Api-Version: 1.42[\r][\n]"
&amp#27;[0;39m2023-05-08 13:19:07,348 [main] &amp#27;[39mDEBUG&amp#27;[0;39m &amp#27;[36mc.g.d.z.s.o.a.hc.client5.http.wire&amp#27;[0;39m - &amp#27;[32mhttp-outgoing-1 << "Content-Type: application/json[\r][\n]"
&amp#27;[0;39m2023-05-08 13:19:07,348 [main] &amp#27;[39mDEBUG&amp#27;[0;39m &amp#27;[36mc.g.d.z.s.o.a.hc.client5.http.wire&amp#27;[0;39m - &amp#27;[32mhttp-outgoing-1 << "Docker-Experimental: false[\r][\n]"
&amp#27;[0;39m2023-05-08 13:19:07,348 [main] &amp#27;[39mDEBUG&amp#27;[0;39m &amp#27;[36mc.g.d.z.s.o.a.hc.client5.http.wire&amp#27;[0;39m - &amp#27;[32mhttp-outgoing-1 << "Ostype: linux[\r][\n]"
&amp#27;[0;39m2023-05-08 13:19:07,348 [main] &amp#27;[39mDEBUG&amp#27;[0;39m &amp#27;[36mc.g.d.z.s.o.a.hc.client5.http.wire&amp#27;[0;39m - &amp#27;[32mhttp-outgoing-1 << "Server: Docker/23.0.5 (linux)[\r][\n]"
&amp#27;[0;39m2023-05-08 13:19:07,348 [main] &amp#27;[39mDEBUG&amp#27;[0;39m &amp#27;[36mc.g.d.z.s.o.a.hc.client5.http.wire&amp#27;[0;39m - &amp#27;[32mhttp-outgoing-1 << "Date: Mon, 08 May 2023 11:19:07 GMT[\r][\n]"
&amp#27;[0;39m2023-05-08 13:19:07,348 [main] &amp#27;[39mDEBUG&amp#27;[0;39m &amp#27;[36mc.g.d.z.s.o.a.hc.client5.http.wire&amp#27;[0;39m - &amp#27;[32mhttp-outgoing-1 << "Transfer-Encoding: chunked[\r][\n]"
&amp#27;[0;39m2023-05-08 13:19:07,348 [main] &amp#27;[39mDEBUG&amp#27;[0;39m &amp#27;[36mc.g.d.z.s.o.a.hc.client5.http.wire&amp#27;[0;39m - &amp#27;[32mhttp-outgoing-1 << "[\r][\n]"
&amp#27;[0;39m2023-05-08 13:19:07,348 [main] &amp#27;[39mDEBUG&amp#27;[0;39m &amp#27;[36mc.g.d.z.s.o.a.hc.client5.http.wire&amp#27;[0;39m - &amp#27;[32mhttp-outgoing-1 << "1893[\r][\n]"
&amp#27;[0;39m2023-05-08 13:19:07,348 [main] &amp#27;[39mDEBUG&amp#27;[0;39m &amp#27;[36mc.g.d.z.s.o.a.hc.client5.http.wire&amp#27;[0;39m - &amp#27;[32mhttp-outgoing-1 << "{"Id":"0739339bbc624082fb5e41f62f4a622236ffe4974bf12b2847105b726085e02b","Created":"2023-05-08T11:19:01.771856188Z","Path":"docker-entrypoint.sh","Args":["mysqld"],"State":{"Status":"running","Running":true,"Paused":false,"Restarting":false,"OOMKilled":false,"Dead":false,"Pid":59514,"ExitCode":0,"Error":"","StartedAt":"2023-05-08T11:19:02.113674386Z","FinishedAt":"0001-01-01T00:00:00Z"},"Image":"sha256:228d71078f8ce5ae9fd96b183f88c3a90e30544b4b7ce9d64a238d05fef2a681","ResolvConfPath":"/var/lib/docker/containers/0739339bbc624082fb5e41f62f4a622236ffe4974bf12b2847105b726085e02b/resolv.conf","HostnamePath":"/var/lib/docker/containers/0739339bbc624082fb5e41f62f4a622236ffe4974bf12b2847105b726085e02b/hostname","HostsPath":"/var/lib/docker/containers/0739339bbc624082fb5e41f62f4a622236ffe4974bf12b2847105b726085e02b/hosts","LogPath":"/var/lib/docker/containers/0739339bbc624082fb5e41f62f4a622236ffe4974bf12b2847105b726085e02b/0739339bbc624082fb5e41f62f4a622236ffe4974bf12b2847105b726085e02b-json.log","Name":"/intelligent_galileo","RestartCount":0,"Driver":"overlay2","Platform":"linux","MountLabel":"","ProcessLabel":"","AppArmorProfile":"docker-default","ExecIDs":null,"HostConfig":{"Binds":[],"ContainerIDFile":"","LogConfig":{"Type":"json-file","Config":{}},"NetworkMode":"default","PortBindings":{"3306/tcp":[{"HostIp":"","HostPort":""}]},"RestartPolicy":{"Name":"","MaximumRetryCount":0},"AutoRemove":false,"VolumeDriver":"","VolumesFrom":[],"ConsoleSize":[0,0],"CapAdd":null,"CapDrop":null,"CgroupnsMode":"private","Dns":null,"DnsOptions":null,"DnsSearch":null,"ExtraHosts":[],"GroupAdd":null,"IpcMode":"shareable","Cgroup":"","Links":null,"OomScoreAdj":0,"PidMode":"","Privileged":false,"PublishAllPorts":false,"ReadonlyRootfs":false,"SecurityOpt":null,"UTSMode":"","UsernsMode":"","ShmSize":67108864,"Runtime":"runc","Isolation":"","CpuShares":0,"Memory":0,"NanoCpus":0,"CgroupParent":"","BlkioWeight":0,"BlkioWeightDevice":null,"BlkioDeviceReadBps":null,"BlkioDeviceWriteBps":null,"BlkioDeviceReadIOps":null,"BlkioDeviceWriteIOps":null,"CpuPeriod":0,"CpuQuota":0,"CpuRealtimePeriod":0,"CpuRealtimeRuntime":0,"CpusetCpus":"","CpusetMems":"","Devices":null,"DeviceCgroupRules":null,"DeviceRequests":null,"MemoryReservation":0,"MemorySwap":0,"MemorySwappiness":null,"OomKillDisable":null,"PidsLimit":null,"Ulimits":null,"CpuCount":0,"CpuPercent":0,"IOMaximumIOps":0,"IOMaximumBandwidth":0,"MaskedPaths":["/proc/asound","/proc/acpi","/proc/kcore","/proc/keys","/proc/latency_stats","/proc/timer_list","/proc/timer_stats","/proc/sched_debug","/proc/scsi","/sys/firmware"],"ReadonlyPaths":["/proc/bus","/proc/fs","/proc/irq","/proc/sys","/proc/sysrq-trigger"]},"GraphDriver":{"Data":{"LowerDir":"/var/lib/docker/overlay2/b481eee7843c17772ada1734203524b4de76785735a50d4c68703d497db0e4ed-init/diff:/var/lib/docker/overlay2/4c6e20f032f02b27a9272f982861dc21998197aa90d94ed3bef95d449380247c/diff:/var/lib/docker/overlay2/0c75f828f603eff839bb3ca448163ab2a8017e86625ac255cd3dbf1673ddac26/diff:/var/lib/docker/overlay2/da128d897fda75829109844ce6cd9d73d0f54c682e735100af000ce899908729/diff:/var/lib/docker/overlay2/b678a1f261bf323afba6d76d91ab7428bdd6e1ef4a39b5224e4a1afd08c0423a/diff:/var/lib/docker/overlay2/1bec43b14875c5f9f814f146e8e31aa78566689c2c163da2ac60a32254988437/diff:/var/lib/docker/overlay2/28f4b1e6e1a7a2dbe30f1f94fb42bccd85a61faf8af1fe30a5bb0d442c525e41/diff:/var/lib/docker/overlay2/0f493124464c291d7c97d2633d5dff04b1dce5de904cb40a34dfbe7fe72e3fd4/diff:/var/lib/docker/overlay2/05befbee9e38cd670e1786b3310e99796dcc06abbed970007b4109a5424843fa/diff:/var/lib/docker/overlay2/582bcca9acfc4eef25109e1e1b9c9d104f355798455bc73e855c99283887a6e8/diff:/var/lib/docker/overlay2/153b3bf0b69e97e8f0e5533414a31ca33fa530e63d174c9617621abe46e7e9d1/diff:/var/lib/docker/overlay2/bf87a76c0a38875ee6e915fd0d2527eafa880ec6bf2c1cb294959428c18d10bd/diff","MergedDir":"/var/lib/docker/overlay2/b481eee7843c17772ada1734203524b4de76785735a50d4c68703d497db0e4ed/merged","UpperDir":"/var/lib/docker/overlay2/b481eee7843c17772ada1734203524b4de76785735a50d4c68703d497db0e4ed/diff","WorkDir":"/var/lib/docker/overlay2/b481eee7843c17772ada1734203524b4de76785735a50d4c68703d497db0e4ed/work"},"Name":"overlay2"},"Mounts":[{"Type":"volume","Name":"ec40278114b76af7b6535b952e685e04a98a51fa16363f5e9f0df1ce601f1dd5","Source":"/var/lib/docker/volumes/ec40278114b76af7b6535b952e685e04a98a51fa16363f5e9f0df1ce601f1dd5/_data","Destination":"/var/lib/mysql","Driver":"local","Mode":"","RW":true,"Propagation":""}],"Config":{"Hostname":"0739339bbc62","Domainname":"","User":"","AttachStdin":false,"AttachStdout":false,"AttachStderr":false,"ExposedPorts":{"3306/tcp":{}},"Tty":false,"OpenStdin":false,"StdinOnce":false,"Env":["MYSQL_DATABASE=test","MYSQL_PASSWORD=test","MYSQL_USER=test","MYSQL_ROOT_PASSWORD=test","PATH=/usr/local/sbin:/usr/local/bin:/usr/sbin:/usr/bin:/sbin:/bin","GOSU_VERSION=1.7","MYSQL_MAJOR=8.0","MYSQL_VERSION=8.0.0-dmr-1debian8"],"Cmd":["mysqld"],"Image":"mysql:8.0.0","Volumes":{"/var/lib/mysql":{}},"WorkingDir":"","Entrypoint":["docker-entrypoint.sh"],"OnBuild":null,"Labels":{"org.testcontainers":"true","org.testcontainers.lang":"java","org.testcontainers.sessionId":"f1b696c1-ec3f-4f95-afa8-081853be7ccb","org.testcontainers.version":"1.18.0"}},"NetworkSettings":{"Bridge":"","SandboxID":"d265e68e2afe307f1ab03fab083f2c0477cba31e9f26759f52b94e045d1847fb","HairpinMode":false,"LinkLocalIPv6Address":"","LinkLocalIPv6PrefixLen":0,"Ports":{"3306/tcp":[{"HostIp":"0.0.0.0","HostPort":"32782"},{"HostIp":"::","HostPort":"32782"}]},"SandboxKey":"/var/run/docker/netns/d265e68e2afe","SecondaryIPAddresses":null,"SecondaryIPv6Addresses":null,"EndpointID":"97b4c81a7665dcad3863174204db678dde492e2a2b2f11f6ef1c683b5d76146b","Gateway":"172.17.0.1","GlobalIPv6Address":"","GlobalIPv6PrefixLen":0,"IPAddress":"172.17.0.3","IPPrefixLen":16,"IPv6Gateway":"","MacAddress":"02:42:ac:11:00:03","Networks":{"bridge":{"IPAMConfig":null,"Links":null,"Aliases":null,"NetworkID":"e1a078e12eb8d77b497ed932f7fb43787eeb6ff6972febd7d03c9282b8b5cd45","EndpointID":"97b4c81a7665dcad3863174204db678dde492e2a2b2f11f6ef1c683b5d76146b","Gateway":"172.17.0.1","IPAddress":"172.17.0.3","IPPrefixLen":16,"IPv6Gateway":"","GlobalIPv6Address":"","GlobalIPv6PrefixLen":0,"MacAddress":"02:42:ac:11:00:03","DriverOpts":null}}}}[\n]"
&amp#27;[0;39m2023-05-08 13:19:07,348 [main] &amp#27;[39mDEBUG&amp#27;[0;39m &amp#27;[36mc.g.d.z.s.o.a.hc.client5.http.wire&amp#27;[0;39m - &amp#27;[32mhttp-outgoing-1 << "[\r][\n]"
&amp#27;[0;39m2023-05-08 13:19:07,348 [main] &amp#27;[39mDEBUG&amp#27;[0;39m &amp#27;[36mc.g.d.z.s.o.a.hc.client5.http.wire&amp#27;[0;39m - &amp#27;[32mhttp-outgoing-1 << "0[\r][\n]"
&amp#27;[0;39m2023-05-08 13:19:07,348 [main] &amp#27;[39mDEBUG&amp#27;[0;39m &amp#27;[36mc.g.d.z.s.o.a.hc.client5.http.wire&amp#27;[0;39m - &amp#27;[32mhttp-outgoing-1 << "[\r][\n]"
&amp#27;[0;39m2023-05-08 13:19:07,348 [main] &amp#27;[39mDEBUG&amp#27;[0;39m &amp#27;[36mc.g.d.z.s.o.a.h.client5.http.headers&amp#27;[0;39m - &amp#27;[32mhttp-outgoing-1 << HTTP/1.1 200 OK
&amp#27;[0;39m2023-05-08 13:19:07,348 [main] &amp#27;[39mDEBUG&amp#27;[0;39m &amp#27;[36mc.g.d.z.s.o.a.h.client5.http.headers&amp#27;[0;39m - &amp#27;[32mhttp-outgoing-1 << Api-Version: 1.42
&amp#27;[0;39m2023-05-08 13:19:07,348 [main] &amp#27;[39mDEBUG&amp#27;[0;39m &amp#27;[36mc.g.d.z.s.o.a.h.client5.http.headers&amp#27;[0;39m - &amp#27;[32mhttp-outgoing-1 << Content-Type: application/json
&amp#27;[0;39m2023-05-08 13:19:07,348 [main] &amp#27;[39mDEBUG&amp#27;[0;39m &amp#27;[36mc.g.d.z.s.o.a.h.client5.http.headers&amp#27;[0;39m - &amp#27;[32mhttp-outgoing-1 << Docker-Experimental: false
&amp#27;[0;39m2023-05-08 13:19:07,348 [main] &amp#27;[39mDEBUG&amp#27;[0;39m &amp#27;[36mc.g.d.z.s.o.a.h.client5.http.headers&amp#27;[0;39m - &amp#27;[32mhttp-outgoing-1 << Ostype: linux
&amp#27;[0;39m2023-05-08 13:19:07,348 [main] &amp#27;[39mDEBUG&amp#27;[0;39m &amp#27;[36mc.g.d.z.s.o.a.h.client5.http.headers&amp#27;[0;39m - &amp#27;[32mhttp-outgoing-1 << Server: Docker/23.0.5 (linux)
&amp#27;[0;39m2023-05-08 13:19:07,348 [main] &amp#27;[39mDEBUG&amp#27;[0;39m &amp#27;[36mc.g.d.z.s.o.a.h.client5.http.headers&amp#27;[0;39m - &amp#27;[32mhttp-outgoing-1 << Date: Mon, 08 May 2023 11:19:07 GMT
&amp#27;[0;39m2023-05-08 13:19:07,348 [main] &amp#27;[39mDEBUG&amp#27;[0;39m &amp#27;[36mc.g.d.z.s.o.a.h.client5.http.headers&amp#27;[0;39m - &amp#27;[32mhttp-outgoing-1 << Transfer-Encoding: chunked
&amp#27;[0;39m2023-05-08 13:19:07,348 [main] &amp#27;[39mDEBUG&amp#27;[0;39m &amp#27;[36mc.g.d.z.s.o.a.h.c.h.i.c.MainClientExec&amp#27;[0;39m - &amp#27;[32mex-00000090: connection can be kept alive for 3 MINUTES
&amp#27;[0;39m2023-05-08 13:19:07,349 [main] &amp#27;[39mDEBUG&amp#27;[0;39m &amp#27;[36mc.g.d.z.s.o.a.h.c.h.i.c.InternalHttpClient&amp#27;[0;39m - &amp#27;[32mep-0000008F: releasing valid endpoint
&amp#27;[0;39m2023-05-08 13:19:07,349 [main] &amp#27;[39mDEBUG&amp#27;[0;39m &amp#27;[36mc.g.d.z.s.o.a.h.c.h.i.i.PoolingHttpClientConnectionManager&amp#27;[0;39m - &amp#27;[32mep-0000008F: releasing endpoint
&amp#27;[0;39m2023-05-08 13:19:07,349 [main] &amp#27;[39mDEBUG&amp#27;[0;39m &amp#27;[36mc.g.d.z.s.o.a.h.c.h.i.i.PoolingHttpClientConnectionManager&amp#27;[0;39m - &amp#27;[32mep-0000008F: connection http-outgoing-1 can be kept alive for 3 MINUTES
&amp#27;[0;39m2023-05-08 13:19:07,349 [main] &amp#27;[39mDEBUG&amp#27;[0;39m &amp#27;[36mc.g.d.z.s.o.a.h.c.h.i.i.PoolingHttpClientConnectionManager&amp#27;[0;39m - &amp#27;[32mep-0000008F: connection released [route: {}->unix://localhost:2375][total available: 1; route allocated: 1 of 2147483647; total allocated: 1 of 2147483647]
&amp#27;[0;39m2023-05-08 13:19:07,349 [main] &amp#27;[39mDEBUG&amp#27;[0;39m &amp#27;[36mtc.mysql:8.0.0&amp#27;[0;39m - &amp#27;[32mTrying to create JDBC connection using com.mysql.cj.jdbc.Driver to jdbc:mysql://localhost:32782/test?useSSL=false&allowPublicKeyRetrieval=true with properties: {password=test, user=test}
&amp#27;[0;39m2023-05-08 13:19:07,450 [main] &amp#27;[39mDEBUG&amp#27;[0;39m &amp#27;[36mo.t.s.c.g.d.c.command.AbstrDockerCmd&amp#27;[0;39m - &amp#27;[32mCmd: 0739339bbc624082fb5e41f62f4a622236ffe4974bf12b2847105b726085e02b,false
&amp#27;[0;39m2023-05-08 13:19:07,450 [main] &amp#27;[39mDEBUG&amp#27;[0;39m &amp#27;[36mo.t.s.c.g.d.c.e.InspectContainerCmdExec&amp#27;[0;39m - &amp#27;[32mGET: DefaultWebTarget{path=[/containers/0739339bbc624082fb5e41f62f4a622236ffe4974bf12b2847105b726085e02b/json], queryParams={}}
&amp#27;[0;39m2023-05-08 13:19:07,450 [main] &amp#27;[39mDEBUG&amp#27;[0;39m &amp#27;[36mc.g.d.z.s.o.a.h.c.h.i.c.InternalHttpClient&amp#27;[0;39m - &amp#27;[32mex-00000091: preparing request execution
&amp#27;[0;39m2023-05-08 13:19:07,450 [main] &amp#27;[39mDEBUG&amp#27;[0;39m &amp#27;[36mc.g.d.z.s.o.a.h.c.h.p.RequestAddCookies&amp#27;[0;39m - &amp#27;[32mCookie spec selected: strict
&amp#27;[0;39m2023-05-08 13:19:07,450 [main] &amp#27;[39mDEBUG&amp#27;[0;39m &amp#27;[36mc.g.d.z.s.o.a.h.c.h.p.RequestAuthCache&amp#27;[0;39m - &amp#27;[32mAuth cache not set in the context
&amp#27;[0;39m2023-05-08 13:19:07,450 [main] &amp#27;[39mDEBUG&amp#27;[0;39m &amp#27;[36mc.g.d.z.s.o.a.h.c.h.i.c.ProtocolExec&amp#27;[0;39m - &amp#27;[32mex-00000091: target auth state: UNCHALLENGED
&amp#27;[0;39m2023-05-08 13:19:07,450 [main] &amp#27;[39mDEBUG&amp#27;[0;39m &amp#27;[36mc.g.d.z.s.o.a.h.c.h.i.c.ProtocolExec&amp#27;[0;39m - &amp#27;[32mex-00000091: proxy auth state: UNCHALLENGED
&amp#27;[0;39m2023-05-08 13:19:07,450 [main] &amp#27;[39mDEBUG&amp#27;[0;39m &amp#27;[36mc.g.d.z.s.o.a.h.c.h.i.c.ConnectExec&amp#27;[0;39m - &amp#27;[32mex-00000091: acquiring connection with route {}->unix://localhost:2375
&amp#27;[0;39m2023-05-08 13:19:07,450 [main] &amp#27;[39mDEBUG&amp#27;[0;39m &amp#27;[36mc.g.d.z.s.o.a.h.c.h.i.c.InternalHttpClient&amp#27;[0;39m - &amp#27;[32mex-00000091: acquiring endpoint (3 MINUTES)
&amp#27;[0;39m2023-05-08 13:19:07,450 [main] &amp#27;[39mDEBUG&amp#27;[0;39m &amp#27;[36mc.g.d.z.s.o.a.h.c.h.i.i.PoolingHttpClientConnectionManager&amp#27;[0;39m - &amp#27;[32mex-00000091: endpoint lease request (3 MINUTES) [route: {}->unix://localhost:2375][total available: 1; route allocated: 1 of 2147483647; total allocated: 1 of 2147483647]
&amp#27;[0;39m2023-05-08 13:19:07,450 [main] &amp#27;[39mDEBUG&amp#27;[0;39m &amp#27;[36mc.g.d.z.s.o.a.h.c.h.i.i.PoolingHttpClientConnectionManager&amp#27;[0;39m - &amp#27;[32mex-00000091: endpoint leased [route: {}->unix://localhost:2375][total available: 0; route allocated: 1 of 2147483647; total allocated: 1 of 2147483647]
&amp#27;[0;39m2023-05-08 13:19:07,450 [main] &amp#27;[39mDEBUG&amp#27;[0;39m &amp#27;[36mc.g.d.z.s.o.a.h.c.h.i.i.PoolingHttpClientConnectionManager&amp#27;[0;39m - &amp#27;[32mex-00000091: acquired ep-00000090
&amp#27;[0;39m2023-05-08 13:19:07,450 [main] &amp#27;[39mDEBUG&amp#27;[0;39m &amp#27;[36mc.g.d.z.s.o.a.h.c.h.i.c.InternalHttpClient&amp#27;[0;39m - &amp#27;[32mex-00000091: acquired endpoint ep-00000090
&amp#27;[0;39m2023-05-08 13:19:07,450 [main] &amp#27;[39mDEBUG&amp#27;[0;39m &amp#27;[36mc.g.d.z.s.o.a.h.c.h.i.c.MainClientExec&amp#27;[0;39m - &amp#27;[32mex-00000091: executing GET /v1.32/containers/0739339bbc624082fb5e41f62f4a622236ffe4974bf12b2847105b726085e02b/json HTTP/1.1
&amp#27;[0;39m2023-05-08 13:19:07,450 [main] &amp#27;[39mDEBUG&amp#27;[0;39m &amp#27;[36mc.g.d.z.s.o.a.h.c.h.i.c.InternalHttpClient&amp#27;[0;39m - &amp#27;[32mep-00000090: start execution ex-00000091
&amp#27;[0;39m2023-05-08 13:19:07,450 [main] &amp#27;[39mDEBUG&amp#27;[0;39m &amp#27;[36mc.g.d.z.s.o.a.h.c.h.i.i.PoolingHttpClientConnectionManager&amp#27;[0;39m - &amp#27;[32mep-00000090: executing exchange ex-00000091 over http-outgoing-1
&amp#27;[0;39m2023-05-08 13:19:07,450 [main] &amp#27;[39mDEBUG&amp#27;[0;39m &amp#27;[36mc.g.d.z.s.o.a.h.client5.http.headers&amp#27;[0;39m - &amp#27;[32mhttp-outgoing-1 >> GET /v1.32/containers/0739339bbc624082fb5e41f62f4a622236ffe4974bf12b2847105b726085e02b/json HTTP/1.1
&amp#27;[0;39m2023-05-08 13:19:07,450 [main] &amp#27;[39mDEBUG&amp#27;[0;39m &amp#27;[36mc.g.d.z.s.o.a.h.client5.http.headers&amp#27;[0;39m - &amp#27;[32mhttp-outgoing-1 >> accept: application/json
&amp#27;[0;39m2023-05-08 13:19:07,450 [main] &amp#27;[39mDEBUG&amp#27;[0;39m &amp#27;[36mc.g.d.z.s.o.a.h.client5.http.headers&amp#27;[0;39m - &amp#27;[32mhttp-outgoing-1 >> x-tc-sid: f1b696c1-ec3f-4f95-afa8-081853be7ccb
&amp#27;[0;39m2023-05-08 13:19:07,450 [main] &amp#27;[39mDEBUG&amp#27;[0;39m &amp#27;[36mc.g.d.z.s.o.a.h.client5.http.headers&amp#27;[0;39m - &amp#27;[32mhttp-outgoing-1 >> Accept-Encoding: gzip, x-gzip, deflate
&amp#27;[0;39m2023-05-08 13:19:07,450 [main] &amp#27;[39mDEBUG&amp#27;[0;39m &amp#27;[36mc.g.d.z.s.o.a.h.client5.http.headers&amp#27;[0;39m - &amp#27;[32mhttp-outgoing-1 >> Host: localhost:2375
&amp#27;[0;39m2023-05-08 13:19:07,450 [main] &amp#27;[39mDEBUG&amp#27;[0;39m &amp#27;[36mc.g.d.z.s.o.a.h.client5.http.headers&amp#27;[0;39m - &amp#27;[32mhttp-outgoing-1 >> Connection: keep-alive
&amp#27;[0;39m2023-05-08 13:19:07,450 [main] &amp#27;[39mDEBUG&amp#27;[0;39m &amp#27;[36mc.g.d.z.s.o.a.h.client5.http.headers&amp#27;[0;39m - &amp#27;[32mhttp-outgoing-1 >> User-Agent: Apache-HttpClient/5.0.3 (Java/17.0.6)
&amp#27;[0;39m2023-05-08 13:19:07,450 [main] &amp#27;[39mDEBUG&amp#27;[0;39m &amp#27;[36mc.g.d.z.s.o.a.hc.client5.http.wire&amp#27;[0;39m - &amp#27;[32mhttp-outgoing-1 >> "GET /v1.32/containers/0739339bbc624082fb5e41f62f4a622236ffe4974bf12b2847105b726085e02b/json HTTP/1.1[\r][\n]"
&amp#27;[0;39m2023-05-08 13:19:07,450 [main] &amp#27;[39mDEBUG&amp#27;[0;39m &amp#27;[36mc.g.d.z.s.o.a.hc.client5.http.wire&amp#27;[0;39m - &amp#27;[32mhttp-outgoing-1 >> "accept: application/json[\r][\n]"
&amp#27;[0;39m2023-05-08 13:19:07,450 [main] &amp#27;[39mDEBUG&amp#27;[0;39m &amp#27;[36mc.g.d.z.s.o.a.hc.client5.http.wire&amp#27;[0;39m - &amp#27;[32mhttp-outgoing-1 >> "x-tc-sid: f1b696c1-ec3f-4f95-afa8-081853be7ccb[\r][\n]"
&amp#27;[0;39m2023-05-08 13:19:07,450 [main] &amp#27;[39mDEBUG&amp#27;[0;39m &amp#27;[36mc.g.d.z.s.o.a.hc.client5.http.wire&amp#27;[0;39m - &amp#27;[32mhttp-outgoing-1 >> "Accept-Encoding: gzip, x-gzip, deflate[\r][\n]"
&amp#27;[0;39m2023-05-08 13:19:07,450 [main] &amp#27;[39mDEBUG&amp#27;[0;39m &amp#27;[36mc.g.d.z.s.o.a.hc.client5.http.wire&amp#27;[0;39m - &amp#27;[32mhttp-outgoing-1 >> "Host: localhost:2375[\r][\n]"
&amp#27;[0;39m2023-05-08 13:19:07,450 [main] &amp#27;[39mDEBUG&amp#27;[0;39m &amp#27;[36mc.g.d.z.s.o.a.hc.client5.http.wire&amp#27;[0;39m - &amp#27;[32mhttp-outgoing-1 >> "Connection: keep-alive[\r][\n]"
&amp#27;[0;39m2023-05-08 13:19:07,450 [main] &amp#27;[39mDEBUG&amp#27;[0;39m &amp#27;[36mc.g.d.z.s.o.a.hc.client5.http.wire&amp#27;[0;39m - &amp#27;[32mhttp-outgoing-1 >> "User-Agent: Apache-HttpClient/5.0.3 (Java/17.0.6)[\r][\n]"
&amp#27;[0;39m2023-05-08 13:19:07,450 [main] &amp#27;[39mDEBUG&amp#27;[0;39m &amp#27;[36mc.g.d.z.s.o.a.hc.client5.http.wire&amp#27;[0;39m - &amp#27;[32mhttp-outgoing-1 >> "[\r][\n]"
&amp#27;[0;39m2023-05-08 13:19:07,451 [main] &amp#27;[39mDEBUG&amp#27;[0;39m &amp#27;[36mc.g.d.z.s.o.a.hc.client5.http.wire&amp#27;[0;39m - &amp#27;[32mhttp-outgoing-1 << "HTTP/1.1 200 OK[\r][\n]"
&amp#27;[0;39m2023-05-08 13:19:07,451 [main] &amp#27;[39mDEBUG&amp#27;[0;39m &amp#27;[36mc.g.d.z.s.o.a.hc.client5.http.wire&amp#27;[0;39m - &amp#27;[32mhttp-outgoing-1 << "Api-Version: 1.42[\r][\n]"
&amp#27;[0;39m2023-05-08 13:19:07,451 [main] &amp#27;[39mDEBUG&amp#27;[0;39m &amp#27;[36mc.g.d.z.s.o.a.hc.client5.http.wire&amp#27;[0;39m - &amp#27;[32mhttp-outgoing-1 << "Content-Type: application/json[\r][\n]"
&amp#27;[0;39m2023-05-08 13:19:07,451 [main] &amp#27;[39mDEBUG&amp#27;[0;39m &amp#27;[36mc.g.d.z.s.o.a.hc.client5.http.wire&amp#27;[0;39m - &amp#27;[32mhttp-outgoing-1 << "Docker-Experimental: false[\r][\n]"
&amp#27;[0;39m2023-05-08 13:19:07,451 [main] &amp#27;[39mDEBUG&amp#27;[0;39m &amp#27;[36mc.g.d.z.s.o.a.hc.client5.http.wire&amp#27;[0;39m - &amp#27;[32mhttp-outgoing-1 << "Ostype: linux[\r][\n]"
&amp#27;[0;39m2023-05-08 13:19:07,451 [main] &amp#27;[39mDEBUG&amp#27;[0;39m &amp#27;[36mc.g.d.z.s.o.a.hc.client5.http.wire&amp#27;[0;39m - &amp#27;[32mhttp-outgoing-1 << "Server: Docker/23.0.5 (linux)[\r][\n]"
&amp#27;[0;39m2023-05-08 13:19:07,451 [main] &amp#27;[39mDEBUG&amp#27;[0;39m &amp#27;[36mc.g.d.z.s.o.a.hc.client5.http.wire&amp#27;[0;39m - &amp#27;[32mhttp-outgoing-1 << "Date: Mon, 08 May 2023 11:19:07 GMT[\r][\n]"
&amp#27;[0;39m2023-05-08 13:19:07,451 [main] &amp#27;[39mDEBUG&amp#27;[0;39m &amp#27;[36mc.g.d.z.s.o.a.hc.client5.http.wire&amp#27;[0;39m - &amp#27;[32mhttp-outgoing-1 << "Transfer-Encoding: chunked[\r][\n]"
&amp#27;[0;39m2023-05-08 13:19:07,451 [main] &amp#27;[39mDEBUG&amp#27;[0;39m &amp#27;[36mc.g.d.z.s.o.a.hc.client5.http.wire&amp#27;[0;39m - &amp#27;[32mhttp-outgoing-1 << "[\r][\n]"
&amp#27;[0;39m2023-05-08 13:19:07,451 [main] &amp#27;[39mDEBUG&amp#27;[0;39m &amp#27;[36mc.g.d.z.s.o.a.hc.client5.http.wire&amp#27;[0;39m - &amp#27;[32mhttp-outgoing-1 << "1893[\r][\n]"
&amp#27;[0;39m2023-05-08 13:19:07,451 [main] &amp#27;[39mDEBUG&amp#27;[0;39m &amp#27;[36mc.g.d.z.s.o.a.hc.client5.http.wire&amp#27;[0;39m - &amp#27;[32mhttp-outgoing-1 << "{"Id":"0739339bbc624082fb5e41f62f4a622236ffe4974bf12b2847105b726085e02b","Created":"2023-05-08T11:19:01.771856188Z","Path":"docker-entrypoint.sh","Args":["mysqld"],"State":{"Status":"running","Running":true,"Paused":false,"Restarting":false,"OOMKilled":false,"Dead":false,"Pid":59514,"ExitCode":0,"Error":"","StartedAt":"2023-05-08T11:19:02.113674386Z","FinishedAt":"0001-01-01T00:00:00Z"},"Image":"sha256:228d71078f8ce5ae9fd96b183f88c3a90e30544b4b7ce9d64a238d05fef2a681","ResolvConfPath":"/var/lib/docker/containers/0739339bbc624082fb5e41f62f4a622236ffe4974bf12b2847105b726085e02b/resolv.conf","HostnamePath":"/var/lib/docker/containers/0739339bbc624082fb5e41f62f4a622236ffe4974bf12b2847105b726085e02b/hostname","HostsPath":"/var/lib/docker/containers/0739339bbc624082fb5e41f62f4a622236ffe4974bf12b2847105b726085e02b/hosts","LogPath":"/var/lib/docker/containers/0739339bbc624082fb5e41f62f4a622236ffe4974bf12b2847105b726085e02b/0739339bbc624082fb5e41f62f4a622236ffe4974bf12b2847105b726085e02b-json.log","Name":"/intelligent_galileo","RestartCount":0,"Driver":"overlay2","Platform":"linux","MountLabel":"","ProcessLabel":"","AppArmorProfile":"docker-default","ExecIDs":null,"HostConfig":{"Binds":[],"ContainerIDFile":"","LogConfig":{"Type":"json-file","Config":{}},"NetworkMode":"default","PortBindings":{"3306/tcp":[{"HostIp":"","HostPort":""}]},"RestartPolicy":{"Name":"","MaximumRetryCount":0},"AutoRemove":false,"VolumeDriver":"","VolumesFrom":[],"ConsoleSize":[0,0],"CapAdd":null,"CapDrop":null,"CgroupnsMode":"private","Dns":null,"DnsOptions":null,"DnsSearch":null,"ExtraHosts":[],"GroupAdd":null,"IpcMode":"shareable","Cgroup":"","Links":null,"OomScoreAdj":0,"PidMode":"","Privileged":false,"PublishAllPorts":false,"ReadonlyRootfs":false,"SecurityOpt":null,"UTSMode":"","UsernsMode":"","ShmSize":67108864,"Runtime":"runc","Isolation":"","CpuShares":0,"Memory":0,"NanoCpus":0,"CgroupParent":"","BlkioWeight":0,"BlkioWeightDevice":null,"BlkioDeviceReadBps":null,"BlkioDeviceWriteBps":null,"BlkioDeviceReadIOps":null,"BlkioDeviceWriteIOps":null,"CpuPeriod":0,"CpuQuota":0,"CpuRealtimePeriod":0,"CpuRealtimeRuntime":0,"CpusetCpus":"","CpusetMems":"","Devices":null,"DeviceCgroupRules":null,"DeviceRequests":null,"MemoryReservation":0,"MemorySwap":0,"MemorySwappiness":null,"OomKillDisable":null,"PidsLimit":null,"Ulimits":null,"CpuCount":0,"CpuPercent":0,"IOMaximumIOps":0,"IOMaximumBandwidth":0,"MaskedPaths":["/proc/asound","/proc/acpi","/proc/kcore","/proc/keys","/proc/latency_stats","/proc/timer_list","/proc/timer_stats","/proc/sched_debug","/proc/scsi","/sys/firmware"],"ReadonlyPaths":["/proc/bus","/proc/fs","/proc/irq","/proc/sys","/proc/sysrq-trigger"]},"GraphDriver":{"Data":{"LowerDir":"/var/lib/docker/overlay2/b481eee7843c17772ada1734203524b4de76785735a50d4c68703d497db0e4ed-init/diff:/var/lib/docker/overlay2/4c6e20f032f02b27a9272f982861dc21998197aa90d94ed3bef95d449380247c/diff:/var/lib/docker/overlay2/0c75f828f603eff839bb3ca448163ab2a8017e86625ac255cd3dbf1673ddac26/diff:/var/lib/docker/overlay2/da128d897fda75829109844ce6cd9d73d0f54c682e735100af000ce899908729/diff:/var/lib/docker/overlay2/b678a1f261bf323afba6d76d91ab7428bdd6e1ef4a39b5224e4a1afd08c0423a/diff:/var/lib/docker/overlay2/1bec43b14875c5f9f814f146e8e31aa78566689c2c163da2ac60a32254988437/diff:/var/lib/docker/overlay2/28f4b1e6e1a7a2dbe30f1f94fb42bccd85a61faf8af1fe30a5bb0d442c525e41/diff:/var/lib/docker/overlay2/0f493124464c291d7c97d2633d5dff04b1dce5de904cb40a34dfbe7fe72e3fd4/diff:/var/lib/docker/overlay2/05befbee9e38cd670e1786b3310e99796dcc06abbed970007b4109a5424843fa/diff:/var/lib/docker/overlay2/582bcca9acfc4eef25109e1e1b9c9d104f355798455bc73e855c99283887a6e8/diff:/var/lib/docker/overlay2/153b3bf0b69e97e8f0e5533414a31ca33fa530e63d174c9617621abe46e7e9d1/diff:/var/lib/docker/overlay2/bf87a76c0a38875ee6e915fd0d2527eafa880ec6bf2c1cb294959428c18d10bd/diff","MergedDir":"/var/lib/docker/overlay2/b481eee7843c17772ada1734203524b4de76785735a50d4c68703d497db0e4ed/merged","UpperDir":"/var/lib/docker/overlay2/b481eee7843c17772ada1734203524b4de76785735a50d4c68703d497db0e4ed/diff","WorkDir":"/var/lib/docker/overlay2/b481eee7843c17772ada1734203524b4de76785735a50d4c68703d497db0e4ed/work"},"Name":"overlay2"},"Mounts":[{"Type":"volume","Name":"ec40278114b76af7b6535b952e685e04a98a51fa16363f5e9f0df1ce601f1dd5","Source":"/var/lib/docker/volumes/ec40278114b76af7b6535b952e685e04a98a51fa16363f5e9f0df1ce601f1dd5/_data","Destination":"/var/lib/mysql","Driver":"local","Mode":"","RW":true,"Propagation":""}],"Config":{"Hostname":"0739339bbc62","Domainname":"","User":"","AttachStdin":false,"AttachStdout":false,"AttachStderr":false,"ExposedPorts":{"3306/tcp":{}},"Tty":false,"OpenStdin":false,"StdinOnce":false,"Env":["MYSQL_DATABASE=test","MYSQL_PASSWORD=test","MYSQL_USER=test","MYSQL_ROOT_PASSWORD=test","PATH=/usr/local/sbin:/usr/local/bin:/usr/sbin:/usr/bin:/sbin:/bin","GOSU_VERSION=1.7","MYSQL_MAJOR=8.0","MYSQL_VERSION=8.0.0-dmr-1debian8"],"Cmd":["mysqld"],"Image":"mysql:8.0.0","Volumes":{"/var/lib/mysql":{}},"WorkingDir":"","Entrypoint":["docker-entrypoint.sh"],"OnBuild":null,"Labels":{"org.testcontainers":"true","org.testcontainers.lang":"java","org.testcontainers.sessionId":"f1b696c1-ec3f-4f95-afa8-081853be7ccb","org.testcontainers.version":"1.18.0"}},"NetworkSettings":{"Bridge":"","SandboxID":"d265e68e2afe307f1ab03fab083f2c0477cba31e9f26759f52b94e045d1847fb","HairpinMode":false,"LinkLocalIPv6Address":"","LinkLocalIPv6PrefixLen":0,"Ports":{"3306/tcp":[{"HostIp":"0.0.0.0","HostPort":"32782"},{"HostIp":"::","HostPort":"32782"}]},"SandboxKey":"/var/run/docker/netns/d265e68e2afe","SecondaryIPAddresses":null,"SecondaryIPv6Addresses":null,"EndpointID":"97b4c81a7665dcad3863174204db678dde492e2a2b2f11f6ef1c683b5d76146b","Gateway":"172.17.0.1","GlobalIPv6Address":"","GlobalIPv6PrefixLen":0,"IPAddress":"172.17.0.3","IPPrefixLen":16,"IPv6Gateway":"","MacAddress":"02:42:ac:11:00:03","Networks":{"bridge":{"IPAMConfig":null,"Links":null,"Aliases":null,"NetworkID":"e1a078e12eb8d77b497ed932f7fb43787eeb6ff6972febd7d03c9282b8b5cd45","EndpointID":"97b4c81a7665dcad3863174204db678dde492e2a2b2f11f6ef1c683b5d76146b","Gateway":"172.17.0.1","IPAddress":"172.17.0.3","IPPrefixLen":16,"IPv6Gateway":"","GlobalIPv6Address":"","GlobalIPv6PrefixLen":0,"MacAddress":"02:42:ac:11:00:03","DriverOpts":null}}}}[\n]"
&amp#27;[0;39m2023-05-08 13:19:07,451 [main] &amp#27;[39mDEBUG&amp#27;[0;39m &amp#27;[36mc.g.d.z.s.o.a.hc.client5.http.wire&amp#27;[0;39m - &amp#27;[32mhttp-outgoing-1 << "[\r][\n]"
&amp#27;[0;39m2023-05-08 13:19:07,451 [main] &amp#27;[39mDEBUG&amp#27;[0;39m &amp#27;[36mc.g.d.z.s.o.a.hc.client5.http.wire&amp#27;[0;39m - &amp#27;[32mhttp-outgoing-1 << "0[\r][\n]"
&amp#27;[0;39m2023-05-08 13:19:07,451 [main] &amp#27;[39mDEBUG&amp#27;[0;39m &amp#27;[36mc.g.d.z.s.o.a.hc.client5.http.wire&amp#27;[0;39m - &amp#27;[32mhttp-outgoing-1 << "[\r][\n]"
&amp#27;[0;39m2023-05-08 13:19:07,451 [main] &amp#27;[39mDEBUG&amp#27;[0;39m &amp#27;[36mc.g.d.z.s.o.a.h.client5.http.headers&amp#27;[0;39m - &amp#27;[32mhttp-outgoing-1 << HTTP/1.1 200 OK
&amp#27;[0;39m2023-05-08 13:19:07,451 [main] &amp#27;[39mDEBUG&amp#27;[0;39m &amp#27;[36mc.g.d.z.s.o.a.h.client5.http.headers&amp#27;[0;39m - &amp#27;[32mhttp-outgoing-1 << Api-Version: 1.42
&amp#27;[0;39m2023-05-08 13:19:07,451 [main] &amp#27;[39mDEBUG&amp#27;[0;39m &amp#27;[36mc.g.d.z.s.o.a.h.client5.http.headers&amp#27;[0;39m - &amp#27;[32mhttp-outgoing-1 << Content-Type: application/json
&amp#27;[0;39m2023-05-08 13:19:07,451 [main] &amp#27;[39mDEBUG&amp#27;[0;39m &amp#27;[36mc.g.d.z.s.o.a.h.client5.http.headers&amp#27;[0;39m - &amp#27;[32mhttp-outgoing-1 << Docker-Experimental: false
&amp#27;[0;39m2023-05-08 13:19:07,451 [main] &amp#27;[39mDEBUG&amp#27;[0;39m &amp#27;[36mc.g.d.z.s.o.a.h.client5.http.headers&amp#27;[0;39m - &amp#27;[32mhttp-outgoing-1 << Ostype: linux
&amp#27;[0;39m2023-05-08 13:19:07,451 [main] &amp#27;[39mDEBUG&amp#27;[0;39m &amp#27;[36mc.g.d.z.s.o.a.h.client5.http.headers&amp#27;[0;39m - &amp#27;[32mhttp-outgoing-1 << Server: Docker/23.0.5 (linux)
&amp#27;[0;39m2023-05-08 13:19:07,451 [main] &amp#27;[39mDEBUG&amp#27;[0;39m &amp#27;[36mc.g.d.z.s.o.a.h.client5.http.headers&amp#27;[0;39m - &amp#27;[32mhttp-outgoing-1 << Date: Mon, 08 May 2023 11:19:07 GMT
&amp#27;[0;39m2023-05-08 13:19:07,451 [main] &amp#27;[39mDEBUG&amp#27;[0;39m &amp#27;[36mc.g.d.z.s.o.a.h.client5.http.headers&amp#27;[0;39m - &amp#27;[32mhttp-outgoing-1 << Transfer-Encoding: chunked
&amp#27;[0;39m2023-05-08 13:19:07,451 [main] &amp#27;[39mDEBUG&amp#27;[0;39m &amp#27;[36mc.g.d.z.s.o.a.h.c.h.i.c.MainClientExec&amp#27;[0;39m - &amp#27;[32mex-00000091: connection can be kept alive for 3 MINUTES
&amp#27;[0;39m2023-05-08 13:19:07,451 [main] &amp#27;[39mDEBUG&amp#27;[0;39m &amp#27;[36mc.g.d.z.s.o.a.h.c.h.i.c.InternalHttpClient&amp#27;[0;39m - &amp#27;[32mep-00000090: releasing valid endpoint
&amp#27;[0;39m2023-05-08 13:19:07,451 [main] &amp#27;[39mDEBUG&amp#27;[0;39m &amp#27;[36mc.g.d.z.s.o.a.h.c.h.i.i.PoolingHttpClientConnectionManager&amp#27;[0;39m - &amp#27;[32mep-00000090: releasing endpoint
&amp#27;[0;39m2023-05-08 13:19:07,451 [main] &amp#27;[39mDEBUG&amp#27;[0;39m &amp#27;[36mc.g.d.z.s.o.a.h.c.h.i.i.PoolingHttpClientConnectionManager&amp#27;[0;39m - &amp#27;[32mep-00000090: connection http-outgoing-1 can be kept alive for 3 MINUTES
&amp#27;[0;39m2023-05-08 13:19:07,451 [main] &amp#27;[39mDEBUG&amp#27;[0;39m &amp#27;[36mc.g.d.z.s.o.a.h.c.h.i.i.PoolingHttpClientConnectionManager&amp#27;[0;39m - &amp#27;[32mep-00000090: connection released [route: {}->unix://localhost:2375][total available: 1; route allocated: 1 of 2147483647; total allocated: 1 of 2147483647]
&amp#27;[0;39m2023-05-08 13:19:07,451 [main] &amp#27;[39mDEBUG&amp#27;[0;39m &amp#27;[36mtc.mysql:8.0.0&amp#27;[0;39m - &amp#27;[32mTrying to create JDBC connection using com.mysql.cj.jdbc.Driver to jdbc:mysql://localhost:32782/test?useSSL=false&allowPublicKeyRetrieval=true with properties: {password=test, user=test}
&amp#27;[0;39m2023-05-08 13:19:07,552 [main] &amp#27;[39mDEBUG&amp#27;[0;39m &amp#27;[36mo.t.s.c.g.d.c.command.AbstrDockerCmd&amp#27;[0;39m - &amp#27;[32mCmd: 0739339bbc624082fb5e41f62f4a622236ffe4974bf12b2847105b726085e02b,false
&amp#27;[0;39m2023-05-08 13:19:07,553 [main] &amp#27;[39mDEBUG&amp#27;[0;39m &amp#27;[36mo.t.s.c.g.d.c.e.InspectContainerCmdExec&amp#27;[0;39m - &amp#27;[32mGET: DefaultWebTarget{path=[/containers/0739339bbc624082fb5e41f62f4a622236ffe4974bf12b2847105b726085e02b/json], queryParams={}}
&amp#27;[0;39m2023-05-08 13:19:07,553 [main] &amp#27;[39mDEBUG&amp#27;[0;39m &amp#27;[36mc.g.d.z.s.o.a.h.c.h.i.c.InternalHttpClient&amp#27;[0;39m - &amp#27;[32mex-00000092: preparing request execution
&amp#27;[0;39m2023-05-08 13:19:07,553 [main] &amp#27;[39mDEBUG&amp#27;[0;39m &amp#27;[36mc.g.d.z.s.o.a.h.c.h.p.RequestAddCookies&amp#27;[0;39m - &amp#27;[32mCookie spec selected: strict
&amp#27;[0;39m2023-05-08 13:19:07,553 [main] &amp#27;[39mDEBUG&amp#27;[0;39m &amp#27;[36mc.g.d.z.s.o.a.h.c.h.p.RequestAuthCache&amp#27;[0;39m - &amp#27;[32mAuth cache not set in the context
&amp#27;[0;39m2023-05-08 13:19:07,553 [main] &amp#27;[39mDEBUG&amp#27;[0;39m &amp#27;[36mc.g.d.z.s.o.a.h.c.h.i.c.ProtocolExec&amp#27;[0;39m - &amp#27;[32mex-00000092: target auth state: UNCHALLENGED
&amp#27;[0;39m2023-05-08 13:19:07,553 [main] &amp#27;[39mDEBUG&amp#27;[0;39m &amp#27;[36mc.g.d.z.s.o.a.h.c.h.i.c.ProtocolExec&amp#27;[0;39m - &amp#27;[32mex-00000092: proxy auth state: UNCHALLENGED
&amp#27;[0;39m2023-05-08 13:19:07,553 [main] &amp#27;[39mDEBUG&amp#27;[0;39m &amp#27;[36mc.g.d.z.s.o.a.h.c.h.i.c.ConnectExec&amp#27;[0;39m - &amp#27;[32mex-00000092: acquiring connection with route {}->unix://localhost:2375
&amp#27;[0;39m2023-05-08 13:19:07,553 [main] &amp#27;[39mDEBUG&amp#27;[0;39m &amp#27;[36mc.g.d.z.s.o.a.h.c.h.i.c.InternalHttpClient&amp#27;[0;39m - &amp#27;[32mex-00000092: acquiring endpoint (3 MINUTES)
&amp#27;[0;39m2023-05-08 13:19:07,553 [main] &amp#27;[39mDEBUG&amp#27;[0;39m &amp#27;[36mc.g.d.z.s.o.a.h.c.h.i.i.PoolingHttpClientConnectionManager&amp#27;[0;39m - &amp#27;[32mex-00000092: endpoint lease request (3 MINUTES) [route: {}->unix://localhost:2375][total available: 1; route allocated: 1 of 2147483647; total allocated: 1 of 2147483647]
&amp#27;[0;39m2023-05-08 13:19:07,553 [main] &amp#27;[39mDEBUG&amp#27;[0;39m &amp#27;[36mc.g.d.z.s.o.a.h.c.h.i.i.PoolingHttpClientConnectionManager&amp#27;[0;39m - &amp#27;[32mex-00000092: endpoint leased [route: {}->unix://localhost:2375][total available: 0; route allocated: 1 of 2147483647; total allocated: 1 of 2147483647]
&amp#27;[0;39m2023-05-08 13:19:07,553 [main] &amp#27;[39mDEBUG&amp#27;[0;39m &amp#27;[36mc.g.d.z.s.o.a.h.c.h.i.i.PoolingHttpClientConnectionManager&amp#27;[0;39m - &amp#27;[32mex-00000092: acquired ep-00000091
&amp#27;[0;39m2023-05-08 13:19:07,553 [main] &amp#27;[39mDEBUG&amp#27;[0;39m &amp#27;[36mc.g.d.z.s.o.a.h.c.h.i.c.InternalHttpClient&amp#27;[0;39m - &amp#27;[32mex-00000092: acquired endpoint ep-00000091
&amp#27;[0;39m2023-05-08 13:19:07,553 [main] &amp#27;[39mDEBUG&amp#27;[0;39m &amp#27;[36mc.g.d.z.s.o.a.h.c.h.i.c.MainClientExec&amp#27;[0;39m - &amp#27;[32mex-00000092: executing GET /v1.32/containers/0739339bbc624082fb5e41f62f4a622236ffe4974bf12b2847105b726085e02b/json HTTP/1.1
&amp#27;[0;39m2023-05-08 13:19:07,553 [main] &amp#27;[39mDEBUG&amp#27;[0;39m &amp#27;[36mc.g.d.z.s.o.a.h.c.h.i.c.InternalHttpClient&amp#27;[0;39m - &amp#27;[32mep-00000091: start execution ex-00000092
&amp#27;[0;39m2023-05-08 13:19:07,553 [main] &amp#27;[39mDEBUG&amp#27;[0;39m &amp#27;[36mc.g.d.z.s.o.a.h.c.h.i.i.PoolingHttpClientConnectionManager&amp#27;[0;39m - &amp#27;[32mep-00000091: executing exchange ex-00000092 over http-outgoing-1
&amp#27;[0;39m2023-05-08 13:19:07,553 [main] &amp#27;[39mDEBUG&amp#27;[0;39m &amp#27;[36mc.g.d.z.s.o.a.h.client5.http.headers&amp#27;[0;39m - &amp#27;[32mhttp-outgoing-1 >> GET /v1.32/containers/0739339bbc624082fb5e41f62f4a622236ffe4974bf12b2847105b726085e02b/json HTTP/1.1
&amp#27;[0;39m2023-05-08 13:19:07,553 [main] &amp#27;[39mDEBUG&amp#27;[0;39m &amp#27;[36mc.g.d.z.s.o.a.h.client5.http.headers&amp#27;[0;39m - &amp#27;[32mhttp-outgoing-1 >> accept: application/json
&amp#27;[0;39m2023-05-08 13:19:07,553 [main] &amp#27;[39mDEBUG&amp#27;[0;39m &amp#27;[36mc.g.d.z.s.o.a.h.client5.http.headers&amp#27;[0;39m - &amp#27;[32mhttp-outgoing-1 >> x-tc-sid: f1b696c1-ec3f-4f95-afa8-081853be7ccb
&amp#27;[0;39m2023-05-08 13:19:07,553 [main] &amp#27;[39mDEBUG&amp#27;[0;39m &amp#27;[36mc.g.d.z.s.o.a.h.client5.http.headers&amp#27;[0;39m - &amp#27;[32mhttp-outgoing-1 >> Accept-Encoding: gzip, x-gzip, deflate
&amp#27;[0;39m2023-05-08 13:19:07,553 [main] &amp#27;[39mDEBUG&amp#27;[0;39m &amp#27;[36mc.g.d.z.s.o.a.h.client5.http.headers&amp#27;[0;39m - &amp#27;[32mhttp-outgoing-1 >> Host: localhost:2375
&amp#27;[0;39m2023-05-08 13:19:07,553 [main] &amp#27;[39mDEBUG&amp#27;[0;39m &amp#27;[36mc.g.d.z.s.o.a.h.client5.http.headers&amp#27;[0;39m - &amp#27;[32mhttp-outgoing-1 >> Connection: keep-alive
&amp#27;[0;39m2023-05-08 13:19:07,553 [main] &amp#27;[39mDEBUG&amp#27;[0;39m &amp#27;[36mc.g.d.z.s.o.a.h.client5.http.headers&amp#27;[0;39m - &amp#27;[32mhttp-outgoing-1 >> User-Agent: Apache-HttpClient/5.0.3 (Java/17.0.6)
&amp#27;[0;39m2023-05-08 13:19:07,553 [main] &amp#27;[39mDEBUG&amp#27;[0;39m &amp#27;[36mc.g.d.z.s.o.a.hc.client5.http.wire&amp#27;[0;39m - &amp#27;[32mhttp-outgoing-1 >> "GET /v1.32/containers/0739339bbc624082fb5e41f62f4a622236ffe4974bf12b2847105b726085e02b/json HTTP/1.1[\r][\n]"
&amp#27;[0;39m2023-05-08 13:19:07,553 [main] &amp#27;[39mDEBUG&amp#27;[0;39m &amp#27;[36mc.g.d.z.s.o.a.hc.client5.http.wire&amp#27;[0;39m - &amp#27;[32mhttp-outgoing-1 >> "accept: application/json[\r][\n]"
&amp#27;[0;39m2023-05-08 13:19:07,553 [main] &amp#27;[39mDEBUG&amp#27;[0;39m &amp#27;[36mc.g.d.z.s.o.a.hc.client5.http.wire&amp#27;[0;39m - &amp#27;[32mhttp-outgoing-1 >> "x-tc-sid: f1b696c1-ec3f-4f95-afa8-081853be7ccb[\r][\n]"
&amp#27;[0;39m2023-05-08 13:19:07,553 [main] &amp#27;[39mDEBUG&amp#27;[0;39m &amp#27;[36mc.g.d.z.s.o.a.hc.client5.http.wire&amp#27;[0;39m - &amp#27;[32mhttp-outgoing-1 >> "Accept-Encoding: gzip, x-gzip, deflate[\r][\n]"
&amp#27;[0;39m2023-05-08 13:19:07,553 [main] &amp#27;[39mDEBUG&amp#27;[0;39m &amp#27;[36mc.g.d.z.s.o.a.hc.client5.http.wire&amp#27;[0;39m - &amp#27;[32mhttp-outgoing-1 >> "Host: localhost:2375[\r][\n]"
&amp#27;[0;39m2023-05-08 13:19:07,553 [main] &amp#27;[39mDEBUG&amp#27;[0;39m &amp#27;[36mc.g.d.z.s.o.a.hc.client5.http.wire&amp#27;[0;39m - &amp#27;[32mhttp-outgoing-1 >> "Connection: keep-alive[\r][\n]"
&amp#27;[0;39m2023-05-08 13:19:07,553 [main] &amp#27;[39mDEBUG&amp#27;[0;39m &amp#27;[36mc.g.d.z.s.o.a.hc.client5.http.wire&amp#27;[0;39m - &amp#27;[32mhttp-outgoing-1 >> "User-Agent: Apache-HttpClient/5.0.3 (Java/17.0.6)[\r][\n]"
&amp#27;[0;39m2023-05-08 13:19:07,553 [main] &amp#27;[39mDEBUG&amp#27;[0;39m &amp#27;[36mc.g.d.z.s.o.a.hc.client5.http.wire&amp#27;[0;39m - &amp#27;[32mhttp-outgoing-1 >> "[\r][\n]"
&amp#27;[0;39m2023-05-08 13:19:07,554 [main] &amp#27;[39mDEBUG&amp#27;[0;39m &amp#27;[36mc.g.d.z.s.o.a.hc.client5.http.wire&amp#27;[0;39m - &amp#27;[32mhttp-outgoing-1 << "HTTP/1.1 200 OK[\r][\n]"
&amp#27;[0;39m2023-05-08 13:19:07,554 [main] &amp#27;[39mDEBUG&amp#27;[0;39m &amp#27;[36mc.g.d.z.s.o.a.hc.client5.http.wire&amp#27;[0;39m - &amp#27;[32mhttp-outgoing-1 << "Api-Version: 1.42[\r][\n]"
&amp#27;[0;39m2023-05-08 13:19:07,554 [main] &amp#27;[39mDEBUG&amp#27;[0;39m &amp#27;[36mc.g.d.z.s.o.a.hc.client5.http.wire&amp#27;[0;39m - &amp#27;[32mhttp-outgoing-1 << "Content-Type: application/json[\r][\n]"
&amp#27;[0;39m2023-05-08 13:19:07,554 [main] &amp#27;[39mDEBUG&amp#27;[0;39m &amp#27;[36mc.g.d.z.s.o.a.hc.client5.http.wire&amp#27;[0;39m - &amp#27;[32mhttp-outgoing-1 << "Docker-Experimental: false[\r][\n]"
&amp#27;[0;39m2023-05-08 13:19:07,554 [main] &amp#27;[39mDEBUG&amp#27;[0;39m &amp#27;[36mc.g.d.z.s.o.a.hc.client5.http.wire&amp#27;[0;39m - &amp#27;[32mhttp-outgoing-1 << "Ostype: linux[\r][\n]"
&amp#27;[0;39m2023-05-08 13:19:07,554 [main] &amp#27;[39mDEBUG&amp#27;[0;39m &amp#27;[36mc.g.d.z.s.o.a.hc.client5.http.wire&amp#27;[0;39m - &amp#27;[32mhttp-outgoing-1 << "Server: Docker/23.0.5 (linux)[\r][\n]"
&amp#27;[0;39m2023-05-08 13:19:07,554 [main] &amp#27;[39mDEBUG&amp#27;[0;39m &amp#27;[36mc.g.d.z.s.o.a.hc.client5.http.wire&amp#27;[0;39m - &amp#27;[32mhttp-outgoing-1 << "Date: Mon, 08 May 2023 11:19:07 GMT[\r][\n]"
&amp#27;[0;39m2023-05-08 13:19:07,554 [main] &amp#27;[39mDEBUG&amp#27;[0;39m &amp#27;[36mc.g.d.z.s.o.a.hc.client5.http.wire&amp#27;[0;39m - &amp#27;[32mhttp-outgoing-1 << "Transfer-Encoding: chunked[\r][\n]"
&amp#27;[0;39m2023-05-08 13:19:07,554 [main] &amp#27;[39mDEBUG&amp#27;[0;39m &amp#27;[36mc.g.d.z.s.o.a.hc.client5.http.wire&amp#27;[0;39m - &amp#27;[32mhttp-outgoing-1 << "[\r][\n]"
&amp#27;[0;39m2023-05-08 13:19:07,554 [main] &amp#27;[39mDEBUG&amp#27;[0;39m &amp#27;[36mc.g.d.z.s.o.a.hc.client5.http.wire&amp#27;[0;39m - &amp#27;[32mhttp-outgoing-1 << "1893[\r][\n]"
&amp#27;[0;39m2023-05-08 13:19:07,554 [main] &amp#27;[39mDEBUG&amp#27;[0;39m &amp#27;[36mc.g.d.z.s.o.a.hc.client5.http.wire&amp#27;[0;39m - &amp#27;[32mhttp-outgoing-1 << "{"Id":"0739339bbc624082fb5e41f62f4a622236ffe4974bf12b2847105b726085e02b","Created":"2023-05-08T11:19:01.771856188Z","Path":"docker-entrypoint.sh","Args":["mysqld"],"State":{"Status":"running","Running":true,"Paused":false,"Restarting":false,"OOMKilled":false,"Dead":false,"Pid":59514,"ExitCode":0,"Error":"","StartedAt":"2023-05-08T11:19:02.113674386Z","FinishedAt":"0001-01-01T00:00:00Z"},"Image":"sha256:228d71078f8ce5ae9fd96b183f88c3a90e30544b4b7ce9d64a238d05fef2a681","ResolvConfPath":"/var/lib/docker/containers/0739339bbc624082fb5e41f62f4a622236ffe4974bf12b2847105b726085e02b/resolv.conf","HostnamePath":"/var/lib/docker/containers/0739339bbc624082fb5e41f62f4a622236ffe4974bf12b2847105b726085e02b/hostname","HostsPath":"/var/lib/docker/containers/0739339bbc624082fb5e41f62f4a622236ffe4974bf12b2847105b726085e02b/hosts","LogPath":"/var/lib/docker/containers/0739339bbc624082fb5e41f62f4a622236ffe4974bf12b2847105b726085e02b/0739339bbc624082fb5e41f62f4a622236ffe4974bf12b2847105b726085e02b-json.log","Name":"/intelligent_galileo","RestartCount":0,"Driver":"overlay2","Platform":"linux","MountLabel":"","ProcessLabel":"","AppArmorProfile":"docker-default","ExecIDs":null,"HostConfig":{"Binds":[],"ContainerIDFile":"","LogConfig":{"Type":"json-file","Config":{}},"NetworkMode":"default","PortBindings":{"3306/tcp":[{"HostIp":"","HostPort":""}]},"RestartPolicy":{"Name":"","MaximumRetryCount":0},"AutoRemove":false,"VolumeDriver":"","VolumesFrom":[],"ConsoleSize":[0,0],"CapAdd":null,"CapDrop":null,"CgroupnsMode":"private","Dns":null,"DnsOptions":null,"DnsSearch":null,"ExtraHosts":[],"GroupAdd":null,"IpcMode":"shareable","Cgroup":"","Links":null,"OomScoreAdj":0,"PidMode":"","Privileged":false,"PublishAllPorts":false,"ReadonlyRootfs":false,"SecurityOpt":null,"UTSMode":"","UsernsMode":"","ShmSize":67108864,"Runtime":"runc","Isolation":"","CpuShares":0,"Memory":0,"NanoCpus":0,"CgroupParent":"","BlkioWeight":0,"BlkioWeightDevice":null,"BlkioDeviceReadBps":null,"BlkioDeviceWriteBps":null,"BlkioDeviceReadIOps":null,"BlkioDeviceWriteIOps":null,"CpuPeriod":0,"CpuQuota":0,"CpuRealtimePeriod":0,"CpuRealtimeRuntime":0,"CpusetCpus":"","CpusetMems":"","Devices":null,"DeviceCgroupRules":null,"DeviceRequests":null,"MemoryReservation":0,"MemorySwap":0,"MemorySwappiness":null,"OomKillDisable":null,"PidsLimit":null,"Ulimits":null,"CpuCount":0,"CpuPercent":0,"IOMaximumIOps":0,"IOMaximumBandwidth":0,"MaskedPaths":["/proc/asound","/proc/acpi","/proc/kcore","/proc/keys","/proc/latency_stats","/proc/timer_list","/proc/timer_stats","/proc/sched_debug","/proc/scsi","/sys/firmware"],"ReadonlyPaths":["/proc/bus","/proc/fs","/proc/irq","/proc/sys","/proc/sysrq-trigger"]},"GraphDriver":{"Data":{"LowerDir":"/var/lib/docker/overlay2/b481eee7843c17772ada1734203524b4de76785735a50d4c68703d497db0e4ed-init/diff:/var/lib/docker/overlay2/4c6e20f032f02b27a9272f982861dc21998197aa90d94ed3bef95d449380247c/diff:/var/lib/docker/overlay2/0c75f828f603eff839bb3ca448163ab2a8017e86625ac255cd3dbf1673ddac26/diff:/var/lib/docker/overlay2/da128d897fda75829109844ce6cd9d73d0f54c682e735100af000ce899908729/diff:/var/lib/docker/overlay2/b678a1f261bf323afba6d76d91ab7428bdd6e1ef4a39b5224e4a1afd08c0423a/diff:/var/lib/docker/overlay2/1bec43b14875c5f9f814f146e8e31aa78566689c2c163da2ac60a32254988437/diff:/var/lib/docker/overlay2/28f4b1e6e1a7a2dbe30f1f94fb42bccd85a61faf8af1fe30a5bb0d442c525e41/diff:/var/lib/docker/overlay2/0f493124464c291d7c97d2633d5dff04b1dce5de904cb40a34dfbe7fe72e3fd4/diff:/var/lib/docker/overlay2/05befbee9e38cd670e1786b3310e99796dcc06abbed970007b4109a5424843fa/diff:/var/lib/docker/overlay2/582bcca9acfc4eef25109e1e1b9c9d104f355798455bc73e855c99283887a6e8/diff:/var/lib/docker/overlay2/153b3bf0b69e97e8f0e5533414a31ca33fa530e63d174c9617621abe46e7e9d1/diff:/var/lib/docker/overlay2/bf87a76c0a38875ee6e915fd0d2527eafa880ec6bf2c1cb294959428c18d10bd/diff","MergedDir":"/var/lib/docker/overlay2/b481eee7843c17772ada1734203524b4de76785735a50d4c68703d497db0e4ed/merged","UpperDir":"/var/lib/docker/overlay2/b481eee7843c17772ada1734203524b4de76785735a50d4c68703d497db0e4ed/diff","WorkDir":"/var/lib/docker/overlay2/b481eee7843c17772ada1734203524b4de76785735a50d4c68703d497db0e4ed/work"},"Name":"overlay2"},"Mounts":[{"Type":"volume","Name":"ec40278114b76af7b6535b952e685e04a98a51fa16363f5e9f0df1ce601f1dd5","Source":"/var/lib/docker/volumes/ec40278114b76af7b6535b952e685e04a98a51fa16363f5e9f0df1ce601f1dd5/_data","Destination":"/var/lib/mysql","Driver":"local","Mode":"","RW":true,"Propagation":""}],"Config":{"Hostname":"0739339bbc62","Domainname":"","User":"","AttachStdin":false,"AttachStdout":false,"AttachStderr":false,"ExposedPorts":{"3306/tcp":{}},"Tty":false,"OpenStdin":false,"StdinOnce":false,"Env":["MYSQL_DATABASE=test","MYSQL_PASSWORD=test","MYSQL_USER=test","MYSQL_ROOT_PASSWORD=test","PATH=/usr/local/sbin:/usr/local/bin:/usr/sbin:/usr/bin:/sbin:/bin","GOSU_VERSION=1.7","MYSQL_MAJOR=8.0","MYSQL_VERSION=8.0.0-dmr-1debian8"],"Cmd":["mysqld"],"Image":"mysql:8.0.0","Volumes":{"/var/lib/mysql":{}},"WorkingDir":"","Entrypoint":["docker-entrypoint.sh"],"OnBuild":null,"Labels":{"org.testcontainers":"true","org.testcontainers.lang":"java","org.testcontainers.sessionId":"f1b696c1-ec3f-4f95-afa8-081853be7ccb","org.testcontainers.version":"1.18.0"}},"NetworkSettings":{"Bridge":"","SandboxID":"d265e68e2afe307f1ab03fab083f2c0477cba31e9f26759f52b94e045d1847fb","HairpinMode":false,"LinkLocalIPv6Address":"","LinkLocalIPv6PrefixLen":0,"Ports":{"3306/tcp":[{"HostIp":"0.0.0.0","HostPort":"32782"},{"HostIp":"::","HostPort":"32782"}]},"SandboxKey":"/var/run/docker/netns/d265e68e2afe","SecondaryIPAddresses":null,"SecondaryIPv6Addresses":null,"EndpointID":"97b4c81a7665dcad3863174204db678dde492e2a2b2f11f6ef1c683b5d76146b","Gateway":"172.17.0.1","GlobalIPv6Address":"","GlobalIPv6PrefixLen":0,"IPAddress":"172.17.0.3","IPPrefixLen":16,"IPv6Gateway":"","MacAddress":"02:42:ac:11:00:03","Networks":{"bridge":{"IPAMConfig":null,"Links":null,"Aliases":null,"NetworkID":"e1a078e12eb8d77b497ed932f7fb43787eeb6ff6972febd7d03c9282b8b5cd45","EndpointID":"97b4c81a7665dcad3863174204db678dde492e2a2b2f11f6ef1c683b5d76146b","Gateway":"172.17.0.1","IPAddress":"172.17.0.3","IPPrefixLen":16,"IPv6Gateway":"","GlobalIPv6Address":"","GlobalIPv6PrefixLen":0,"MacAddress":"02:42:ac:11:00:03","DriverOpts":null}}}}[\n]"
&amp#27;[0;39m2023-05-08 13:19:07,554 [main] &amp#27;[39mDEBUG&amp#27;[0;39m &amp#27;[36mc.g.d.z.s.o.a.hc.client5.http.wire&amp#27;[0;39m - &amp#27;[32mhttp-outgoing-1 << "[\r][\n]"
&amp#27;[0;39m2023-05-08 13:19:07,554 [main] &amp#27;[39mDEBUG&amp#27;[0;39m &amp#27;[36mc.g.d.z.s.o.a.hc.client5.http.wire&amp#27;[0;39m - &amp#27;[32mhttp-outgoing-1 << "0[\r][\n]"
&amp#27;[0;39m2023-05-08 13:19:07,554 [main] &amp#27;[39mDEBUG&amp#27;[0;39m &amp#27;[36mc.g.d.z.s.o.a.hc.client5.http.wire&amp#27;[0;39m - &amp#27;[32mhttp-outgoing-1 << "[\r][\n]"
&amp#27;[0;39m2023-05-08 13:19:07,554 [main] &amp#27;[39mDEBUG&amp#27;[0;39m &amp#27;[36mc.g.d.z.s.o.a.h.client5.http.headers&amp#27;[0;39m - &amp#27;[32mhttp-outgoing-1 << HTTP/1.1 200 OK
&amp#27;[0;39m2023-05-08 13:19:07,554 [main] &amp#27;[39mDEBUG&amp#27;[0;39m &amp#27;[36mc.g.d.z.s.o.a.h.client5.http.headers&amp#27;[0;39m - &amp#27;[32mhttp-outgoing-1 << Api-Version: 1.42
&amp#27;[0;39m2023-05-08 13:19:07,554 [main] &amp#27;[39mDEBUG&amp#27;[0;39m &amp#27;[36mc.g.d.z.s.o.a.h.client5.http.headers&amp#27;[0;39m - &amp#27;[32mhttp-outgoing-1 << Content-Type: application/json
&amp#27;[0;39m2023-05-08 13:19:07,554 [main] &amp#27;[39mDEBUG&amp#27;[0;39m &amp#27;[36mc.g.d.z.s.o.a.h.client5.http.headers&amp#27;[0;39m - &amp#27;[32mhttp-outgoing-1 << Docker-Experimental: false
&amp#27;[0;39m2023-05-08 13:19:07,554 [main] &amp#27;[39mDEBUG&amp#27;[0;39m &amp#27;[36mc.g.d.z.s.o.a.h.client5.http.headers&amp#27;[0;39m - &amp#27;[32mhttp-outgoing-1 << Ostype: linux
&amp#27;[0;39m2023-05-08 13:19:07,554 [main] &amp#27;[39mDEBUG&amp#27;[0;39m &amp#27;[36mc.g.d.z.s.o.a.h.client5.http.headers&amp#27;[0;39m - &amp#27;[32mhttp-outgoing-1 << Server: Docker/23.0.5 (linux)
&amp#27;[0;39m2023-05-08 13:19:07,554 [main] &amp#27;[39mDEBUG&amp#27;[0;39m &amp#27;[36mc.g.d.z.s.o.a.h.client5.http.headers&amp#27;[0;39m - &amp#27;[32mhttp-outgoing-1 << Date: Mon, 08 May 2023 11:19:07 GMT
&amp#27;[0;39m2023-05-08 13:19:07,554 [main] &amp#27;[39mDEBUG&amp#27;[0;39m &amp#27;[36mc.g.d.z.s.o.a.h.client5.http.headers&amp#27;[0;39m - &amp#27;[32mhttp-outgoing-1 << Transfer-Encoding: chunked
&amp#27;[0;39m2023-05-08 13:19:07,554 [main] &amp#27;[39mDEBUG&amp#27;[0;39m &amp#27;[36mc.g.d.z.s.o.a.h.c.h.i.c.MainClientExec&amp#27;[0;39m - &amp#27;[32mex-00000092: connection can be kept alive for 3 MINUTES
&amp#27;[0;39m2023-05-08 13:19:07,555 [main] &amp#27;[39mDEBUG&amp#27;[0;39m &amp#27;[36mc.g.d.z.s.o.a.h.c.h.i.c.InternalHttpClient&amp#27;[0;39m - &amp#27;[32mep-00000091: releasing valid endpoint
&amp#27;[0;39m2023-05-08 13:19:07,555 [main] &amp#27;[39mDEBUG&amp#27;[0;39m &amp#27;[36mc.g.d.z.s.o.a.h.c.h.i.i.PoolingHttpClientConnectionManager&amp#27;[0;39m - &amp#27;[32mep-00000091: releasing endpoint
&amp#27;[0;39m2023-05-08 13:19:07,555 [main] &amp#27;[39mDEBUG&amp#27;[0;39m &amp#27;[36mc.g.d.z.s.o.a.h.c.h.i.i.PoolingHttpClientConnectionManager&amp#27;[0;39m - &amp#27;[32mep-00000091: connection http-outgoing-1 can be kept alive for 3 MINUTES
&amp#27;[0;39m2023-05-08 13:19:07,555 [main] &amp#27;[39mDEBUG&amp#27;[0;39m &amp#27;[36mc.g.d.z.s.o.a.h.c.h.i.i.PoolingHttpClientConnectionManager&amp#27;[0;39m - &amp#27;[32mep-00000091: connection released [route: {}->unix://localhost:2375][total available: 1; route allocated: 1 of 2147483647; total allocated: 1 of 2147483647]
&amp#27;[0;39m2023-05-08 13:19:07,555 [main] &amp#27;[39mDEBUG&amp#27;[0;39m &amp#27;[36mtc.mysql:8.0.0&amp#27;[0;39m - &amp#27;[32mTrying to create JDBC connection using com.mysql.cj.jdbc.Driver to jdbc:mysql://localhost:32782/test?useSSL=false&allowPublicKeyRetrieval=true with properties: {password=test, user=test}
&amp#27;[0;39m2023-05-08 13:19:07,656 [main] &amp#27;[39mDEBUG&amp#27;[0;39m &amp#27;[36mo.t.s.c.g.d.c.command.AbstrDockerCmd&amp#27;[0;39m - &amp#27;[32mCmd: 0739339bbc624082fb5e41f62f4a622236ffe4974bf12b2847105b726085e02b,false
&amp#27;[0;39m2023-05-08 13:19:07,656 [main] &amp#27;[39mDEBUG&amp#27;[0;39m &amp#27;[36mo.t.s.c.g.d.c.e.InspectContainerCmdExec&amp#27;[0;39m - &amp#27;[32mGET: DefaultWebTarget{path=[/containers/0739339bbc624082fb5e41f62f4a622236ffe4974bf12b2847105b726085e02b/json], queryParams={}}
&amp#27;[0;39m2023-05-08 13:19:07,657 [main] &amp#27;[39mDEBUG&amp#27;[0;39m &amp#27;[36mc.g.d.z.s.o.a.h.c.h.i.c.InternalHttpClient&amp#27;[0;39m - &amp#27;[32mex-00000093: preparing request execution
&amp#27;[0;39m2023-05-08 13:19:07,657 [main] &amp#27;[39mDEBUG&amp#27;[0;39m &amp#27;[36mc.g.d.z.s.o.a.h.c.h.p.RequestAddCookies&amp#27;[0;39m - &amp#27;[32mCookie spec selected: strict
&amp#27;[0;39m2023-05-08 13:19:07,657 [main] &amp#27;[39mDEBUG&amp#27;[0;39m &amp#27;[36mc.g.d.z.s.o.a.h.c.h.p.RequestAuthCache&amp#27;[0;39m - &amp#27;[32mAuth cache not set in the context
&amp#27;[0;39m2023-05-08 13:19:07,657 [main] &amp#27;[39mDEBUG&amp#27;[0;39m &amp#27;[36mc.g.d.z.s.o.a.h.c.h.i.c.ProtocolExec&amp#27;[0;39m - &amp#27;[32mex-00000093: target auth state: UNCHALLENGED
&amp#27;[0;39m2023-05-08 13:19:07,657 [main] &amp#27;[39mDEBUG&amp#27;[0;39m &amp#27;[36mc.g.d.z.s.o.a.h.c.h.i.c.ProtocolExec&amp#27;[0;39m - &amp#27;[32mex-00000093: proxy auth state: UNCHALLENGED
&amp#27;[0;39m2023-05-08 13:19:07,657 [main] &amp#27;[39mDEBUG&amp#27;[0;39m &amp#27;[36mc.g.d.z.s.o.a.h.c.h.i.c.ConnectExec&amp#27;[0;39m - &amp#27;[32mex-00000093: acquiring connection with route {}->unix://localhost:2375
&amp#27;[0;39m2023-05-08 13:19:07,657 [main] &amp#27;[39mDEBUG&amp#27;[0;39m &amp#27;[36mc.g.d.z.s.o.a.h.c.h.i.c.InternalHttpClient&amp#27;[0;39m - &amp#27;[32mex-00000093: acquiring endpoint (3 MINUTES)
&amp#27;[0;39m2023-05-08 13:19:07,657 [main] &amp#27;[39mDEBUG&amp#27;[0;39m &amp#27;[36mc.g.d.z.s.o.a.h.c.h.i.i.PoolingHttpClientConnectionManager&amp#27;[0;39m - &amp#27;[32mex-00000093: endpoint lease request (3 MINUTES) [route: {}->unix://localhost:2375][total available: 1; route allocated: 1 of 2147483647; total allocated: 1 of 2147483647]
&amp#27;[0;39m2023-05-08 13:19:07,657 [main] &amp#27;[39mDEBUG&amp#27;[0;39m &amp#27;[36mc.g.d.z.s.o.a.h.c.h.i.i.PoolingHttpClientConnectionManager&amp#27;[0;39m - &amp#27;[32mex-00000093: endpoint leased [route: {}->unix://localhost:2375][total available: 0; route allocated: 1 of 2147483647; total allocated: 1 of 2147483647]
&amp#27;[0;39m2023-05-08 13:19:07,657 [main] &amp#27;[39mDEBUG&amp#27;[0;39m &amp#27;[36mc.g.d.z.s.o.a.h.c.h.i.i.PoolingHttpClientConnectionManager&amp#27;[0;39m - &amp#27;[32mex-00000093: acquired ep-00000092
&amp#27;[0;39m2023-05-08 13:19:07,657 [main] &amp#27;[39mDEBUG&amp#27;[0;39m &amp#27;[36mc.g.d.z.s.o.a.h.c.h.i.c.InternalHttpClient&amp#27;[0;39m - &amp#27;[32mex-00000093: acquired endpoint ep-00000092
&amp#27;[0;39m2023-05-08 13:19:07,657 [main] &amp#27;[39mDEBUG&amp#27;[0;39m &amp#27;[36mc.g.d.z.s.o.a.h.c.h.i.c.MainClientExec&amp#27;[0;39m - &amp#27;[32mex-00000093: executing GET /v1.32/containers/0739339bbc624082fb5e41f62f4a622236ffe4974bf12b2847105b726085e02b/json HTTP/1.1
&amp#27;[0;39m2023-05-08 13:19:07,657 [main] &amp#27;[39mDEBUG&amp#27;[0;39m &amp#27;[36mc.g.d.z.s.o.a.h.c.h.i.c.InternalHttpClient&amp#27;[0;39m - &amp#27;[32mep-00000092: start execution ex-00000093
&amp#27;[0;39m2023-05-08 13:19:07,657 [main] &amp#27;[39mDEBUG&amp#27;[0;39m &amp#27;[36mc.g.d.z.s.o.a.h.c.h.i.i.PoolingHttpClientConnectionManager&amp#27;[0;39m - &amp#27;[32mep-00000092: executing exchange ex-00000093 over http-outgoing-1
&amp#27;[0;39m2023-05-08 13:19:07,657 [main] &amp#27;[39mDEBUG&amp#27;[0;39m &amp#27;[36mc.g.d.z.s.o.a.h.client5.http.headers&amp#27;[0;39m - &amp#27;[32mhttp-outgoing-1 >> GET /v1.32/containers/0739339bbc624082fb5e41f62f4a622236ffe4974bf12b2847105b726085e02b/json HTTP/1.1
&amp#27;[0;39m2023-05-08 13:19:07,657 [main] &amp#27;[39mDEBUG&amp#27;[0;39m &amp#27;[36mc.g.d.z.s.o.a.h.client5.http.headers&amp#27;[0;39m - &amp#27;[32mhttp-outgoing-1 >> accept: application/json
&amp#27;[0;39m2023-05-08 13:19:07,657 [main] &amp#27;[39mDEBUG&amp#27;[0;39m &amp#27;[36mc.g.d.z.s.o.a.h.client5.http.headers&amp#27;[0;39m - &amp#27;[32mhttp-outgoing-1 >> x-tc-sid: f1b696c1-ec3f-4f95-afa8-081853be7ccb
&amp#27;[0;39m2023-05-08 13:19:07,657 [main] &amp#27;[39mDEBUG&amp#27;[0;39m &amp#27;[36mc.g.d.z.s.o.a.h.client5.http.headers&amp#27;[0;39m - &amp#27;[32mhttp-outgoing-1 >> Accept-Encoding: gzip, x-gzip, deflate
&amp#27;[0;39m2023-05-08 13:19:07,657 [main] &amp#27;[39mDEBUG&amp#27;[0;39m &amp#27;[36mc.g.d.z.s.o.a.h.client5.http.headers&amp#27;[0;39m - &amp#27;[32mhttp-outgoing-1 >> Host: localhost:2375
&amp#27;[0;39m2023-05-08 13:19:07,657 [main] &amp#27;[39mDEBUG&amp#27;[0;39m &amp#27;[36mc.g.d.z.s.o.a.h.client5.http.headers&amp#27;[0;39m - &amp#27;[32mhttp-outgoing-1 >> Connection: keep-alive
&amp#27;[0;39m2023-05-08 13:19:07,657 [main] &amp#27;[39mDEBUG&amp#27;[0;39m &amp#27;[36mc.g.d.z.s.o.a.h.client5.http.headers&amp#27;[0;39m - &amp#27;[32mhttp-outgoing-1 >> User-Agent: Apache-HttpClient/5.0.3 (Java/17.0.6)
&amp#27;[0;39m2023-05-08 13:19:07,657 [main] &amp#27;[39mDEBUG&amp#27;[0;39m &amp#27;[36mc.g.d.z.s.o.a.hc.client5.http.wire&amp#27;[0;39m - &amp#27;[32mhttp-outgoing-1 >> "GET /v1.32/containers/0739339bbc624082fb5e41f62f4a622236ffe4974bf12b2847105b726085e02b/json HTTP/1.1[\r][\n]"
&amp#27;[0;39m2023-05-08 13:19:07,657 [main] &amp#27;[39mDEBUG&amp#27;[0;39m &amp#27;[36mc.g.d.z.s.o.a.hc.client5.http.wire&amp#27;[0;39m - &amp#27;[32mhttp-outgoing-1 >> "accept: application/json[\r][\n]"
&amp#27;[0;39m2023-05-08 13:19:07,657 [main] &amp#27;[39mDEBUG&amp#27;[0;39m &amp#27;[36mc.g.d.z.s.o.a.hc.client5.http.wire&amp#27;[0;39m - &amp#27;[32mhttp-outgoing-1 >> "x-tc-sid: f1b696c1-ec3f-4f95-afa8-081853be7ccb[\r][\n]"
&amp#27;[0;39m2023-05-08 13:19:07,657 [main] &amp#27;[39mDEBUG&amp#27;[0;39m &amp#27;[36mc.g.d.z.s.o.a.hc.client5.http.wire&amp#27;[0;39m - &amp#27;[32mhttp-outgoing-1 >> "Accept-Encoding: gzip, x-gzip, deflate[\r][\n]"
&amp#27;[0;39m2023-05-08 13:19:07,657 [main] &amp#27;[39mDEBUG&amp#27;[0;39m &amp#27;[36mc.g.d.z.s.o.a.hc.client5.http.wire&amp#27;[0;39m - &amp#27;[32mhttp-outgoing-1 >> "Host: localhost:2375[\r][\n]"
&amp#27;[0;39m2023-05-08 13:19:07,657 [main] &amp#27;[39mDEBUG&amp#27;[0;39m &amp#27;[36mc.g.d.z.s.o.a.hc.client5.http.wire&amp#27;[0;39m - &amp#27;[32mhttp-outgoing-1 >> "Connection: keep-alive[\r][\n]"
&amp#27;[0;39m2023-05-08 13:19:07,657 [main] &amp#27;[39mDEBUG&amp#27;[0;39m &amp#27;[36mc.g.d.z.s.o.a.hc.client5.http.wire&amp#27;[0;39m - &amp#27;[32mhttp-outgoing-1 >> "User-Agent: Apache-HttpClient/5.0.3 (Java/17.0.6)[\r][\n]"
&amp#27;[0;39m2023-05-08 13:19:07,657 [main] &amp#27;[39mDEBUG&amp#27;[0;39m &amp#27;[36mc.g.d.z.s.o.a.hc.client5.http.wire&amp#27;[0;39m - &amp#27;[32mhttp-outgoing-1 >> "[\r][\n]"
&amp#27;[0;39m2023-05-08 13:19:07,659 [main] &amp#27;[39mDEBUG&amp#27;[0;39m &amp#27;[36mc.g.d.z.s.o.a.hc.client5.http.wire&amp#27;[0;39m - &amp#27;[32mhttp-outgoing-1 << "HTTP/1.1 200 OK[\r][\n]"
&amp#27;[0;39m2023-05-08 13:19:07,659 [main] &amp#27;[39mDEBUG&amp#27;[0;39m &amp#27;[36mc.g.d.z.s.o.a.hc.client5.http.wire&amp#27;[0;39m - &amp#27;[32mhttp-outgoing-1 << "Api-Version: 1.42[\r][\n]"
&amp#27;[0;39m2023-05-08 13:19:07,659 [main] &amp#27;[39mDEBUG&amp#27;[0;39m &amp#27;[36mc.g.d.z.s.o.a.hc.client5.http.wire&amp#27;[0;39m - &amp#27;[32mhttp-outgoing-1 << "Content-Type: application/json[\r][\n]"
&amp#27;[0;39m2023-05-08 13:19:07,659 [main] &amp#27;[39mDEBUG&amp#27;[0;39m &amp#27;[36mc.g.d.z.s.o.a.hc.client5.http.wire&amp#27;[0;39m - &amp#27;[32mhttp-outgoing-1 << "Docker-Experimental: false[\r][\n]"
&amp#27;[0;39m2023-05-08 13:19:07,659 [main] &amp#27;[39mDEBUG&amp#27;[0;39m &amp#27;[36mc.g.d.z.s.o.a.hc.client5.http.wire&amp#27;[0;39m - &amp#27;[32mhttp-outgoing-1 << "Ostype: linux[\r][\n]"
&amp#27;[0;39m2023-05-08 13:19:07,659 [main] &amp#27;[39mDEBUG&amp#27;[0;39m &amp#27;[36mc.g.d.z.s.o.a.hc.client5.http.wire&amp#27;[0;39m - &amp#27;[32mhttp-outgoing-1 << "Server: Docker/23.0.5 (linux)[\r][\n]"
&amp#27;[0;39m2023-05-08 13:19:07,659 [main] &amp#27;[39mDEBUG&amp#27;[0;39m &amp#27;[36mc.g.d.z.s.o.a.hc.client5.http.wire&amp#27;[0;39m - &amp#27;[32mhttp-outgoing-1 << "Date: Mon, 08 May 2023 11:19:07 GMT[\r][\n]"
&amp#27;[0;39m2023-05-08 13:19:07,659 [main] &amp#27;[39mDEBUG&amp#27;[0;39m &amp#27;[36mc.g.d.z.s.o.a.hc.client5.http.wire&amp#27;[0;39m - &amp#27;[32mhttp-outgoing-1 << "Transfer-Encoding: chunked[\r][\n]"
&amp#27;[0;39m2023-05-08 13:19:07,659 [main] &amp#27;[39mDEBUG&amp#27;[0;39m &amp#27;[36mc.g.d.z.s.o.a.hc.client5.http.wire&amp#27;[0;39m - &amp#27;[32mhttp-outgoing-1 << "[\r][\n]"
&amp#27;[0;39m2023-05-08 13:19:07,659 [main] &amp#27;[39mDEBUG&amp#27;[0;39m &amp#27;[36mc.g.d.z.s.o.a.hc.client5.http.wire&amp#27;[0;39m - &amp#27;[32mhttp-outgoing-1 << "1893[\r][\n]"
&amp#27;[0;39m2023-05-08 13:19:07,659 [main] &amp#27;[39mDEBUG&amp#27;[0;39m &amp#27;[36mc.g.d.z.s.o.a.hc.client5.http.wire&amp#27;[0;39m - &amp#27;[32mhttp-outgoing-1 << "{"Id":"0739339bbc624082fb5e41f62f4a622236ffe4974bf12b2847105b726085e02b","Created":"2023-05-08T11:19:01.771856188Z","Path":"docker-entrypoint.sh","Args":["mysqld"],"State":{"Status":"running","Running":true,"Paused":false,"Restarting":false,"OOMKilled":false,"Dead":false,"Pid":59514,"ExitCode":0,"Error":"","StartedAt":"2023-05-08T11:19:02.113674386Z","FinishedAt":"0001-01-01T00:00:00Z"},"Image":"sha256:228d71078f8ce5ae9fd96b183f88c3a90e30544b4b7ce9d64a238d05fef2a681","ResolvConfPath":"/var/lib/docker/containers/0739339bbc624082fb5e41f62f4a622236ffe4974bf12b2847105b726085e02b/resolv.conf","HostnamePath":"/var/lib/docker/containers/0739339bbc624082fb5e41f62f4a622236ffe4974bf12b2847105b726085e02b/hostname","HostsPath":"/var/lib/docker/containers/0739339bbc624082fb5e41f62f4a622236ffe4974bf12b2847105b726085e02b/hosts","LogPath":"/var/lib/docker/containers/0739339bbc624082fb5e41f62f4a622236ffe4974bf12b2847105b726085e02b/0739339bbc624082fb5e41f62f4a622236ffe4974bf12b2847105b726085e02b-json.log","Name":"/intelligent_galileo","RestartCount":0,"Driver":"overlay2","Platform":"linux","MountLabel":"","ProcessLabel":"","AppArmorProfile":"docker-default","ExecIDs":null,"HostConfig":{"Binds":[],"ContainerIDFile":"","LogConfig":{"Type":"json-file","Config":{}},"NetworkMode":"default","PortBindings":{"3306/tcp":[{"HostIp":"","HostPort":""}]},"RestartPolicy":{"Name":"","MaximumRetryCount":0},"AutoRemove":false,"VolumeDriver":"","VolumesFrom":[],"ConsoleSize":[0,0],"CapAdd":null,"CapDrop":null,"CgroupnsMode":"private","Dns":null,"DnsOptions":null,"DnsSearch":null,"ExtraHosts":[],"GroupAdd":null,"IpcMode":"shareable","Cgroup":"","Links":null,"OomScoreAdj":0,"PidMode":"","Privileged":false,"PublishAllPorts":false,"ReadonlyRootfs":false,"SecurityOpt":null,"UTSMode":"","UsernsMode":"","ShmSize":67108864,"Runtime":"runc","Isolation":"","CpuShares":0,"Memory":0,"NanoCpus":0,"CgroupParent":"","BlkioWeight":0,"BlkioWeightDevice":null,"BlkioDeviceReadBps":null,"BlkioDeviceWriteBps":null,"BlkioDeviceReadIOps":null,"BlkioDeviceWriteIOps":null,"CpuPeriod":0,"CpuQuota":0,"CpuRealtimePeriod":0,"CpuRealtimeRuntime":0,"CpusetCpus":"","CpusetMems":"","Devices":null,"DeviceCgroupRules":null,"DeviceRequests":null,"MemoryReservation":0,"MemorySwap":0,"MemorySwappiness":null,"OomKillDisable":null,"PidsLimit":null,"Ulimits":null,"CpuCount":0,"CpuPercent":0,"IOMaximumIOps":0,"IOMaximumBandwidth":0,"MaskedPaths":["/proc/asound","/proc/acpi","/proc/kcore","/proc/keys","/proc/latency_stats","/proc/timer_list","/proc/timer_stats","/proc/sched_debug","/proc/scsi","/sys/firmware"],"ReadonlyPaths":["/proc/bus","/proc/fs","/proc/irq","/proc/sys","/proc/sysrq-trigger"]},"GraphDriver":{"Data":{"LowerDir":"/var/lib/docker/overlay2/b481eee7843c17772ada1734203524b4de76785735a50d4c68703d497db0e4ed-init/diff:/var/lib/docker/overlay2/4c6e20f032f02b27a9272f982861dc21998197aa90d94ed3bef95d449380247c/diff:/var/lib/docker/overlay2/0c75f828f603eff839bb3ca448163ab2a8017e86625ac255cd3dbf1673ddac26/diff:/var/lib/docker/overlay2/da128d897fda75829109844ce6cd9d73d0f54c682e735100af000ce899908729/diff:/var/lib/docker/overlay2/b678a1f261bf323afba6d76d91ab7428bdd6e1ef4a39b5224e4a1afd08c0423a/diff:/var/lib/docker/overlay2/1bec43b14875c5f9f814f146e8e31aa78566689c2c163da2ac60a32254988437/diff:/var/lib/docker/overlay2/28f4b1e6e1a7a2dbe30f1f94fb42bccd85a61faf8af1fe30a5bb0d442c525e41/diff:/var/lib/docker/overlay2/0f493124464c291d7c97d2633d5dff04b1dce5de904cb40a34dfbe7fe72e3fd4/diff:/var/lib/docker/overlay2/05befbee9e38cd670e1786b3310e99796dcc06abbed970007b4109a5424843fa/diff:/var/lib/docker/overlay2/582bcca9acfc4eef25109e1e1b9c9d104f355798455bc73e855c99283887a6e8/diff:/var/lib/docker/overlay2/153b3bf0b69e97e8f0e5533414a31ca33fa530e63d174c9617621abe46e7e9d1/diff:/var/lib/docker/overlay2/bf87a76c0a38875ee6e915fd0d2527eafa880ec6bf2c1cb294959428c18d10bd/diff","MergedDir":"/var/lib/docker/overlay2/b481eee7843c17772ada1734203524b4de76785735a50d4c68703d497db0e4ed/merged","UpperDir":"/var/lib/docker/overlay2/b481eee7843c17772ada1734203524b4de76785735a50d4c68703d497db0e4ed/diff","WorkDir":"/var/lib/docker/overlay2/b481eee7843c17772ada1734203524b4de76785735a50d4c68703d497db0e4ed/work"},"Name":"overlay2"},"Mounts":[{"Type":"volume","Name":"ec40278114b76af7b6535b952e685e04a98a51fa16363f5e9f0df1ce601f1dd5","Source":"/var/lib/docker/volumes/ec40278114b76af7b6535b952e685e04a98a51fa16363f5e9f0df1ce601f1dd5/_data","Destination":"/var/lib/mysql","Driver":"local","Mode":"","RW":true,"Propagation":""}],"Config":{"Hostname":"0739339bbc62","Domainname":"","User":"","AttachStdin":false,"AttachStdout":false,"AttachStderr":false,"ExposedPorts":{"3306/tcp":{}},"Tty":false,"OpenStdin":false,"StdinOnce":false,"Env":["MYSQL_DATABASE=test","MYSQL_PASSWORD=test","MYSQL_USER=test","MYSQL_ROOT_PASSWORD=test","PATH=/usr/local/sbin:/usr/local/bin:/usr/sbin:/usr/bin:/sbin:/bin","GOSU_VERSION=1.7","MYSQL_MAJOR=8.0","MYSQL_VERSION=8.0.0-dmr-1debian8"],"Cmd":["mysqld"],"Image":"mysql:8.0.0","Volumes":{"/var/lib/mysql":{}},"WorkingDir":"","Entrypoint":["docker-entrypoint.sh"],"OnBuild":null,"Labels":{"org.testcontainers":"true","org.testcontainers.lang":"java","org.testcontainers.sessionId":"f1b696c1-ec3f-4f95-afa8-081853be7ccb","org.testcontainers.version":"1.18.0"}},"NetworkSettings":{"Bridge":"","SandboxID":"d265e68e2afe307f1ab03fab083f2c0477cba31e9f26759f52b94e045d1847fb","HairpinMode":false,"LinkLocalIPv6Address":"","LinkLocalIPv6PrefixLen":0,"Ports":{"3306/tcp":[{"HostIp":"0.0.0.0","HostPort":"32782"},{"HostIp":"::","HostPort":"32782"}]},"SandboxKey":"/var/run/docker/netns/d265e68e2afe","SecondaryIPAddresses":null,"SecondaryIPv6Addresses":null,"EndpointID":"97b4c81a7665dcad3863174204db678dde492e2a2b2f11f6ef1c683b5d76146b","Gateway":"172.17.0.1","GlobalIPv6Address":"","GlobalIPv6PrefixLen":0,"IPAddress":"172.17.0.3","IPPrefixLen":16,"IPv6Gateway":"","MacAddress":"02:42:ac:11:00:03","Networks":{"bridge":{"IPAMConfig":null,"Links":null,"Aliases":null,"NetworkID":"e1a078e12eb8d77b497ed932f7fb43787eeb6ff6972febd7d03c9282b8b5cd45","EndpointID":"97b4c81a7665dcad3863174204db678dde492e2a2b2f11f6ef1c683b5d76146b","Gateway":"172.17.0.1","IPAddress":"172.17.0.3","IPPrefixLen":16,"IPv6Gateway":"","GlobalIPv6Address":"","GlobalIPv6PrefixLen":0,"MacAddress":"02:42:ac:11:00:03","DriverOpts":null}}}}[\n]"
&amp#27;[0;39m2023-05-08 13:19:07,659 [main] &amp#27;[39mDEBUG&amp#27;[0;39m &amp#27;[36mc.g.d.z.s.o.a.hc.client5.http.wire&amp#27;[0;39m - &amp#27;[32mhttp-outgoing-1 << "[\r][\n]"
&amp#27;[0;39m2023-05-08 13:19:07,659 [main] &amp#27;[39mDEBUG&amp#27;[0;39m &amp#27;[36mc.g.d.z.s.o.a.hc.client5.http.wire&amp#27;[0;39m - &amp#27;[32mhttp-outgoing-1 << "0[\r][\n]"
&amp#27;[0;39m2023-05-08 13:19:07,659 [main] &amp#27;[39mDEBUG&amp#27;[0;39m &amp#27;[36mc.g.d.z.s.o.a.hc.client5.http.wire&amp#27;[0;39m - &amp#27;[32mhttp-outgoing-1 << "[\r][\n]"
&amp#27;[0;39m2023-05-08 13:19:07,659 [main] &amp#27;[39mDEBUG&amp#27;[0;39m &amp#27;[36mc.g.d.z.s.o.a.h.client5.http.headers&amp#27;[0;39m - &amp#27;[32mhttp-outgoing-1 << HTTP/1.1 200 OK
&amp#27;[0;39m2023-05-08 13:19:07,659 [main] &amp#27;[39mDEBUG&amp#27;[0;39m &amp#27;[36mc.g.d.z.s.o.a.h.client5.http.headers&amp#27;[0;39m - &amp#27;[32mhttp-outgoing-1 << Api-Version: 1.42
&amp#27;[0;39m2023-05-08 13:19:07,659 [main] &amp#27;[39mDEBUG&amp#27;[0;39m &amp#27;[36mc.g.d.z.s.o.a.h.client5.http.headers&amp#27;[0;39m - &amp#27;[32mhttp-outgoing-1 << Content-Type: application/json
&amp#27;[0;39m2023-05-08 13:19:07,659 [main] &amp#27;[39mDEBUG&amp#27;[0;39m &amp#27;[36mc.g.d.z.s.o.a.h.client5.http.headers&amp#27;[0;39m - &amp#27;[32mhttp-outgoing-1 << Docker-Experimental: false
&amp#27;[0;39m2023-05-08 13:19:07,659 [main] &amp#27;[39mDEBUG&amp#27;[0;39m &amp#27;[36mc.g.d.z.s.o.a.h.client5.http.headers&amp#27;[0;39m - &amp#27;[32mhttp-outgoing-1 << Ostype: linux
&amp#27;[0;39m2023-05-08 13:19:07,659 [main] &amp#27;[39mDEBUG&amp#27;[0;39m &amp#27;[36mc.g.d.z.s.o.a.h.client5.http.headers&amp#27;[0;39m - &amp#27;[32mhttp-outgoing-1 << Server: Docker/23.0.5 (linux)
&amp#27;[0;39m2023-05-08 13:19:07,659 [main] &amp#27;[39mDEBUG&amp#27;[0;39m &amp#27;[36mc.g.d.z.s.o.a.h.client5.http.headers&amp#27;[0;39m - &amp#27;[32mhttp-outgoing-1 << Date: Mon, 08 May 2023 11:19:07 GMT
&amp#27;[0;39m2023-05-08 13:19:07,659 [main] &amp#27;[39mDEBUG&amp#27;[0;39m &amp#27;[36mc.g.d.z.s.o.a.h.client5.http.headers&amp#27;[0;39m - &amp#27;[32mhttp-outgoing-1 << Transfer-Encoding: chunked
&amp#27;[0;39m2023-05-08 13:19:07,659 [main] &amp#27;[39mDEBUG&amp#27;[0;39m &amp#27;[36mc.g.d.z.s.o.a.h.c.h.i.c.MainClientExec&amp#27;[0;39m - &amp#27;[32mex-00000093: connection can be kept alive for 3 MINUTES
&amp#27;[0;39m2023-05-08 13:19:07,660 [main] &amp#27;[39mDEBUG&amp#27;[0;39m &amp#27;[36mc.g.d.z.s.o.a.h.c.h.i.c.InternalHttpClient&amp#27;[0;39m - &amp#27;[32mep-00000092: releasing valid endpoint
&amp#27;[0;39m2023-05-08 13:19:07,660 [main] &amp#27;[39mDEBUG&amp#27;[0;39m &amp#27;[36mc.g.d.z.s.o.a.h.c.h.i.i.PoolingHttpClientConnectionManager&amp#27;[0;39m - &amp#27;[32mep-00000092: releasing endpoint
&amp#27;[0;39m2023-05-08 13:19:07,660 [main] &amp#27;[39mDEBUG&amp#27;[0;39m &amp#27;[36mc.g.d.z.s.o.a.h.c.h.i.i.PoolingHttpClientConnectionManager&amp#27;[0;39m - &amp#27;[32mep-00000092: connection http-outgoing-1 can be kept alive for 3 MINUTES
&amp#27;[0;39m2023-05-08 13:19:07,660 [main] &amp#27;[39mDEBUG&amp#27;[0;39m &amp#27;[36mc.g.d.z.s.o.a.h.c.h.i.i.PoolingHttpClientConnectionManager&amp#27;[0;39m - &amp#27;[32mep-00000092: connection released [route: {}->unix://localhost:2375][total available: 1; route allocated: 1 of 2147483647; total allocated: 1 of 2147483647]
&amp#27;[0;39m2023-05-08 13:19:07,660 [main] &amp#27;[39mDEBUG&amp#27;[0;39m &amp#27;[36mtc.mysql:8.0.0&amp#27;[0;39m - &amp#27;[32mTrying to create JDBC connection using com.mysql.cj.jdbc.Driver to jdbc:mysql://localhost:32782/test?useSSL=false&allowPublicKeyRetrieval=true with properties: {password=test, user=test}
&amp#27;[0;39m2023-05-08 13:19:07,762 [main] &amp#27;[39mDEBUG&amp#27;[0;39m &amp#27;[36mo.t.s.c.g.d.c.command.AbstrDockerCmd&amp#27;[0;39m - &amp#27;[32mCmd: 0739339bbc624082fb5e41f62f4a622236ffe4974bf12b2847105b726085e02b,false
&amp#27;[0;39m2023-05-08 13:19:07,762 [main] &amp#27;[39mDEBUG&amp#27;[0;39m &amp#27;[36mo.t.s.c.g.d.c.e.InspectContainerCmdExec&amp#27;[0;39m - &amp#27;[32mGET: DefaultWebTarget{path=[/containers/0739339bbc624082fb5e41f62f4a622236ffe4974bf12b2847105b726085e02b/json], queryParams={}}
&amp#27;[0;39m2023-05-08 13:19:07,762 [main] &amp#27;[39mDEBUG&amp#27;[0;39m &amp#27;[36mc.g.d.z.s.o.a.h.c.h.i.c.InternalHttpClient&amp#27;[0;39m - &amp#27;[32mex-00000094: preparing request execution
&amp#27;[0;39m2023-05-08 13:19:07,762 [main] &amp#27;[39mDEBUG&amp#27;[0;39m &amp#27;[36mc.g.d.z.s.o.a.h.c.h.p.RequestAddCookies&amp#27;[0;39m - &amp#27;[32mCookie spec selected: strict
&amp#27;[0;39m2023-05-08 13:19:07,762 [main] &amp#27;[39mDEBUG&amp#27;[0;39m &amp#27;[36mc.g.d.z.s.o.a.h.c.h.p.RequestAuthCache&amp#27;[0;39m - &amp#27;[32mAuth cache not set in the context
&amp#27;[0;39m2023-05-08 13:19:07,762 [main] &amp#27;[39mDEBUG&amp#27;[0;39m &amp#27;[36mc.g.d.z.s.o.a.h.c.h.i.c.ProtocolExec&amp#27;[0;39m - &amp#27;[32mex-00000094: target auth state: UNCHALLENGED
&amp#27;[0;39m2023-05-08 13:19:07,762 [main] &amp#27;[39mDEBUG&amp#27;[0;39m &amp#27;[36mc.g.d.z.s.o.a.h.c.h.i.c.ProtocolExec&amp#27;[0;39m - &amp#27;[32mex-00000094: proxy auth state: UNCHALLENGED
&amp#27;[0;39m2023-05-08 13:19:07,762 [main] &amp#27;[39mDEBUG&amp#27;[0;39m &amp#27;[36mc.g.d.z.s.o.a.h.c.h.i.c.ConnectExec&amp#27;[0;39m - &amp#27;[32mex-00000094: acquiring connection with route {}->unix://localhost:2375
&amp#27;[0;39m2023-05-08 13:19:07,762 [main] &amp#27;[39mDEBUG&amp#27;[0;39m &amp#27;[36mc.g.d.z.s.o.a.h.c.h.i.c.InternalHttpClient&amp#27;[0;39m - &amp#27;[32mex-00000094: acquiring endpoint (3 MINUTES)
&amp#27;[0;39m2023-05-08 13:19:07,762 [main] &amp#27;[39mDEBUG&amp#27;[0;39m &amp#27;[36mc.g.d.z.s.o.a.h.c.h.i.i.PoolingHttpClientConnectionManager&amp#27;[0;39m - &amp#27;[32mex-00000094: endpoint lease request (3 MINUTES) [route: {}->unix://localhost:2375][total available: 1; route allocated: 1 of 2147483647; total allocated: 1 of 2147483647]
&amp#27;[0;39m2023-05-08 13:19:07,762 [main] &amp#27;[39mDEBUG&amp#27;[0;39m &amp#27;[36mc.g.d.z.s.o.a.h.c.h.i.i.PoolingHttpClientConnectionManager&amp#27;[0;39m - &amp#27;[32mex-00000094: endpoint leased [route: {}->unix://localhost:2375][total available: 0; route allocated: 1 of 2147483647; total allocated: 1 of 2147483647]
&amp#27;[0;39m2023-05-08 13:19:07,762 [main] &amp#27;[39mDEBUG&amp#27;[0;39m &amp#27;[36mc.g.d.z.s.o.a.h.c.h.i.i.PoolingHttpClientConnectionManager&amp#27;[0;39m - &amp#27;[32mex-00000094: acquired ep-00000093
&amp#27;[0;39m2023-05-08 13:19:07,762 [main] &amp#27;[39mDEBUG&amp#27;[0;39m &amp#27;[36mc.g.d.z.s.o.a.h.c.h.i.c.InternalHttpClient&amp#27;[0;39m - &amp#27;[32mex-00000094: acquired endpoint ep-00000093
&amp#27;[0;39m2023-05-08 13:19:07,762 [main] &amp#27;[39mDEBUG&amp#27;[0;39m &amp#27;[36mc.g.d.z.s.o.a.h.c.h.i.c.MainClientExec&amp#27;[0;39m - &amp#27;[32mex-00000094: executing GET /v1.32/containers/0739339bbc624082fb5e41f62f4a622236ffe4974bf12b2847105b726085e02b/json HTTP/1.1
&amp#27;[0;39m2023-05-08 13:19:07,762 [main] &amp#27;[39mDEBUG&amp#27;[0;39m &amp#27;[36mc.g.d.z.s.o.a.h.c.h.i.c.InternalHttpClient&amp#27;[0;39m - &amp#27;[32mep-00000093: start execution ex-00000094
&amp#27;[0;39m2023-05-08 13:19:07,762 [main] &amp#27;[39mDEBUG&amp#27;[0;39m &amp#27;[36mc.g.d.z.s.o.a.h.c.h.i.i.PoolingHttpClientConnectionManager&amp#27;[0;39m - &amp#27;[32mep-00000093: executing exchange ex-00000094 over http-outgoing-1
&amp#27;[0;39m2023-05-08 13:19:07,762 [main] &amp#27;[39mDEBUG&amp#27;[0;39m &amp#27;[36mc.g.d.z.s.o.a.h.client5.http.headers&amp#27;[0;39m - &amp#27;[32mhttp-outgoing-1 >> GET /v1.32/containers/0739339bbc624082fb5e41f62f4a622236ffe4974bf12b2847105b726085e02b/json HTTP/1.1
&amp#27;[0;39m2023-05-08 13:19:07,763 [main] &amp#27;[39mDEBUG&amp#27;[0;39m &amp#27;[36mc.g.d.z.s.o.a.h.client5.http.headers&amp#27;[0;39m - &amp#27;[32mhttp-outgoing-1 >> accept: application/json
&amp#27;[0;39m2023-05-08 13:19:07,763 [main] &amp#27;[39mDEBUG&amp#27;[0;39m &amp#27;[36mc.g.d.z.s.o.a.h.client5.http.headers&amp#27;[0;39m - &amp#27;[32mhttp-outgoing-1 >> x-tc-sid: f1b696c1-ec3f-4f95-afa8-081853be7ccb
&amp#27;[0;39m2023-05-08 13:19:07,763 [main] &amp#27;[39mDEBUG&amp#27;[0;39m &amp#27;[36mc.g.d.z.s.o.a.h.client5.http.headers&amp#27;[0;39m - &amp#27;[32mhttp-outgoing-1 >> Accept-Encoding: gzip, x-gzip, deflate
&amp#27;[0;39m2023-05-08 13:19:07,763 [main] &amp#27;[39mDEBUG&amp#27;[0;39m &amp#27;[36mc.g.d.z.s.o.a.h.client5.http.headers&amp#27;[0;39m - &amp#27;[32mhttp-outgoing-1 >> Host: localhost:2375
&amp#27;[0;39m2023-05-08 13:19:07,763 [main] &amp#27;[39mDEBUG&amp#27;[0;39m &amp#27;[36mc.g.d.z.s.o.a.h.client5.http.headers&amp#27;[0;39m - &amp#27;[32mhttp-outgoing-1 >> Connection: keep-alive
&amp#27;[0;39m2023-05-08 13:19:07,763 [main] &amp#27;[39mDEBUG&amp#27;[0;39m &amp#27;[36mc.g.d.z.s.o.a.h.client5.http.headers&amp#27;[0;39m - &amp#27;[32mhttp-outgoing-1 >> User-Agent: Apache-HttpClient/5.0.3 (Java/17.0.6)
&amp#27;[0;39m2023-05-08 13:19:07,763 [main] &amp#27;[39mDEBUG&amp#27;[0;39m &amp#27;[36mc.g.d.z.s.o.a.hc.client5.http.wire&amp#27;[0;39m - &amp#27;[32mhttp-outgoing-1 >> "GET /v1.32/containers/0739339bbc624082fb5e41f62f4a622236ffe4974bf12b2847105b726085e02b/json HTTP/1.1[\r][\n]"
&amp#27;[0;39m2023-05-08 13:19:07,763 [main] &amp#27;[39mDEBUG&amp#27;[0;39m &amp#27;[36mc.g.d.z.s.o.a.hc.client5.http.wire&amp#27;[0;39m - &amp#27;[32mhttp-outgoing-1 >> "accept: application/json[\r][\n]"
&amp#27;[0;39m2023-05-08 13:19:07,763 [main] &amp#27;[39mDEBUG&amp#27;[0;39m &amp#27;[36mc.g.d.z.s.o.a.hc.client5.http.wire&amp#27;[0;39m - &amp#27;[32mhttp-outgoing-1 >> "x-tc-sid: f1b696c1-ec3f-4f95-afa8-081853be7ccb[\r][\n]"
&amp#27;[0;39m2023-05-08 13:19:07,763 [main] &amp#27;[39mDEBUG&amp#27;[0;39m &amp#27;[36mc.g.d.z.s.o.a.hc.client5.http.wire&amp#27;[0;39m - &amp#27;[32mhttp-outgoing-1 >> "Accept-Encoding: gzip, x-gzip, deflate[\r][\n]"
&amp#27;[0;39m2023-05-08 13:19:07,763 [main] &amp#27;[39mDEBUG&amp#27;[0;39m &amp#27;[36mc.g.d.z.s.o.a.hc.client5.http.wire&amp#27;[0;39m - &amp#27;[32mhttp-outgoing-1 >> "Host: localhost:2375[\r][\n]"
&amp#27;[0;39m2023-05-08 13:19:07,763 [main] &amp#27;[39mDEBUG&amp#27;[0;39m &amp#27;[36mc.g.d.z.s.o.a.hc.client5.http.wire&amp#27;[0;39m - &amp#27;[32mhttp-outgoing-1 >> "Connection: keep-alive[\r][\n]"
&amp#27;[0;39m2023-05-08 13:19:07,763 [main] &amp#27;[39mDEBUG&amp#27;[0;39m &amp#27;[36mc.g.d.z.s.o.a.hc.client5.http.wire&amp#27;[0;39m - &amp#27;[32mhttp-outgoing-1 >> "User-Agent: Apache-HttpClient/5.0.3 (Java/17.0.6)[\r][\n]"
&amp#27;[0;39m2023-05-08 13:19:07,763 [main] &amp#27;[39mDEBUG&amp#27;[0;39m &amp#27;[36mc.g.d.z.s.o.a.hc.client5.http.wire&amp#27;[0;39m - &amp#27;[32mhttp-outgoing-1 >> "[\r][\n]"
&amp#27;[0;39m2023-05-08 13:19:07,763 [main] &amp#27;[39mDEBUG&amp#27;[0;39m &amp#27;[36mc.g.d.z.s.o.a.hc.client5.http.wire&amp#27;[0;39m - &amp#27;[32mhttp-outgoing-1 << "HTTP/1.1 200 OK[\r][\n]"
&amp#27;[0;39m2023-05-08 13:19:07,763 [main] &amp#27;[39mDEBUG&amp#27;[0;39m &amp#27;[36mc.g.d.z.s.o.a.hc.client5.http.wire&amp#27;[0;39m - &amp#27;[32mhttp-outgoing-1 << "Api-Version: 1.42[\r][\n]"
&amp#27;[0;39m2023-05-08 13:19:07,763 [main] &amp#27;[39mDEBUG&amp#27;[0;39m &amp#27;[36mc.g.d.z.s.o.a.hc.client5.http.wire&amp#27;[0;39m - &amp#27;[32mhttp-outgoing-1 << "Content-Type: application/json[\r][\n]"
&amp#27;[0;39m2023-05-08 13:19:07,763 [main] &amp#27;[39mDEBUG&amp#27;[0;39m &amp#27;[36mc.g.d.z.s.o.a.hc.client5.http.wire&amp#27;[0;39m - &amp#27;[32mhttp-outgoing-1 << "Docker-Experimental: false[\r][\n]"
&amp#27;[0;39m2023-05-08 13:19:07,763 [main] &amp#27;[39mDEBUG&amp#27;[0;39m &amp#27;[36mc.g.d.z.s.o.a.hc.client5.http.wire&amp#27;[0;39m - &amp#27;[32mhttp-outgoing-1 << "Ostype: linux[\r][\n]"
&amp#27;[0;39m2023-05-08 13:19:07,763 [main] &amp#27;[39mDEBUG&amp#27;[0;39m &amp#27;[36mc.g.d.z.s.o.a.hc.client5.http.wire&amp#27;[0;39m - &amp#27;[32mhttp-outgoing-1 << "Server: Docker/23.0.5 (linux)[\r][\n]"
&amp#27;[0;39m2023-05-08 13:19:07,763 [main] &amp#27;[39mDEBUG&amp#27;[0;39m &amp#27;[36mc.g.d.z.s.o.a.hc.client5.http.wire&amp#27;[0;39m - &amp#27;[32mhttp-outgoing-1 << "Date: Mon, 08 May 2023 11:19:07 GMT[\r][\n]"
&amp#27;[0;39m2023-05-08 13:19:07,763 [main] &amp#27;[39mDEBUG&amp#27;[0;39m &amp#27;[36mc.g.d.z.s.o.a.hc.client5.http.wire&amp#27;[0;39m - &amp#27;[32mhttp-outgoing-1 << "Transfer-Encoding: chunked[\r][\n]"
&amp#27;[0;39m2023-05-08 13:19:07,763 [main] &amp#27;[39mDEBUG&amp#27;[0;39m &amp#27;[36mc.g.d.z.s.o.a.hc.client5.http.wire&amp#27;[0;39m - &amp#27;[32mhttp-outgoing-1 << "[\r][\n]"
&amp#27;[0;39m2023-05-08 13:19:07,763 [main] &amp#27;[39mDEBUG&amp#27;[0;39m &amp#27;[36mc.g.d.z.s.o.a.hc.client5.http.wire&amp#27;[0;39m - &amp#27;[32mhttp-outgoing-1 << "1893[\r][\n]"
&amp#27;[0;39m2023-05-08 13:19:07,763 [main] &amp#27;[39mDEBUG&amp#27;[0;39m &amp#27;[36mc.g.d.z.s.o.a.hc.client5.http.wire&amp#27;[0;39m - &amp#27;[32mhttp-outgoing-1 << "{"Id":"0739339bbc624082fb5e41f62f4a622236ffe4974bf12b2847105b726085e02b","Created":"2023-05-08T11:19:01.771856188Z","Path":"docker-entrypoint.sh","Args":["mysqld"],"State":{"Status":"running","Running":true,"Paused":false,"Restarting":false,"OOMKilled":false,"Dead":false,"Pid":59514,"ExitCode":0,"Error":"","StartedAt":"2023-05-08T11:19:02.113674386Z","FinishedAt":"0001-01-01T00:00:00Z"},"Image":"sha256:228d71078f8ce5ae9fd96b183f88c3a90e30544b4b7ce9d64a238d05fef2a681","ResolvConfPath":"/var/lib/docker/containers/0739339bbc624082fb5e41f62f4a622236ffe4974bf12b2847105b726085e02b/resolv.conf","HostnamePath":"/var/lib/docker/containers/0739339bbc624082fb5e41f62f4a622236ffe4974bf12b2847105b726085e02b/hostname","HostsPath":"/var/lib/docker/containers/0739339bbc624082fb5e41f62f4a622236ffe4974bf12b2847105b726085e02b/hosts","LogPath":"/var/lib/docker/containers/0739339bbc624082fb5e41f62f4a622236ffe4974bf12b2847105b726085e02b/0739339bbc624082fb5e41f62f4a622236ffe4974bf12b2847105b726085e02b-json.log","Name":"/intelligent_galileo","RestartCount":0,"Driver":"overlay2","Platform":"linux","MountLabel":"","ProcessLabel":"","AppArmorProfile":"docker-default","ExecIDs":null,"HostConfig":{"Binds":[],"ContainerIDFile":"","LogConfig":{"Type":"json-file","Config":{}},"NetworkMode":"default","PortBindings":{"3306/tcp":[{"HostIp":"","HostPort":""}]},"RestartPolicy":{"Name":"","MaximumRetryCount":0},"AutoRemove":false,"VolumeDriver":"","VolumesFrom":[],"ConsoleSize":[0,0],"CapAdd":null,"CapDrop":null,"CgroupnsMode":"private","Dns":null,"DnsOptions":null,"DnsSearch":null,"ExtraHosts":[],"GroupAdd":null,"IpcMode":"shareable","Cgroup":"","Links":null,"OomScoreAdj":0,"PidMode":"","Privileged":false,"PublishAllPorts":false,"ReadonlyRootfs":false,"SecurityOpt":null,"UTSMode":"","UsernsMode":"","ShmSize":67108864,"Runtime":"runc","Isolation":"","CpuShares":0,"Memory":0,"NanoCpus":0,"CgroupParent":"","BlkioWeight":0,"BlkioWeightDevice":null,"BlkioDeviceReadBps":null,"BlkioDeviceWriteBps":null,"BlkioDeviceReadIOps":null,"BlkioDeviceWriteIOps":null,"CpuPeriod":0,"CpuQuota":0,"CpuRealtimePeriod":0,"CpuRealtimeRuntime":0,"CpusetCpus":"","CpusetMems":"","Devices":null,"DeviceCgroupRules":null,"DeviceRequests":null,"MemoryReservation":0,"MemorySwap":0,"MemorySwappiness":null,"OomKillDisable":null,"PidsLimit":null,"Ulimits":null,"CpuCount":0,"CpuPercent":0,"IOMaximumIOps":0,"IOMaximumBandwidth":0,"MaskedPaths":["/proc/asound","/proc/acpi","/proc/kcore","/proc/keys","/proc/latency_stats","/proc/timer_list","/proc/timer_stats","/proc/sched_debug","/proc/scsi","/sys/firmware"],"ReadonlyPaths":["/proc/bus","/proc/fs","/proc/irq","/proc/sys","/proc/sysrq-trigger"]},"GraphDriver":{"Data":{"LowerDir":"/var/lib/docker/overlay2/b481eee7843c17772ada1734203524b4de76785735a50d4c68703d497db0e4ed-init/diff:/var/lib/docker/overlay2/4c6e20f032f02b27a9272f982861dc21998197aa90d94ed3bef95d449380247c/diff:/var/lib/docker/overlay2/0c75f828f603eff839bb3ca448163ab2a8017e86625ac255cd3dbf1673ddac26/diff:/var/lib/docker/overlay2/da128d897fda75829109844ce6cd9d73d0f54c682e735100af000ce899908729/diff:/var/lib/docker/overlay2/b678a1f261bf323afba6d76d91ab7428bdd6e1ef4a39b5224e4a1afd08c0423a/diff:/var/lib/docker/overlay2/1bec43b14875c5f9f814f146e8e31aa78566689c2c163da2ac60a32254988437/diff:/var/lib/docker/overlay2/28f4b1e6e1a7a2dbe30f1f94fb42bccd85a61faf8af1fe30a5bb0d442c525e41/diff:/var/lib/docker/overlay2/0f493124464c291d7c97d2633d5dff04b1dce5de904cb40a34dfbe7fe72e3fd4/diff:/var/lib/docker/overlay2/05befbee9e38cd670e1786b3310e99796dcc06abbed970007b4109a5424843fa/diff:/var/lib/docker/overlay2/582bcca9acfc4eef25109e1e1b9c9d104f355798455bc73e855c99283887a6e8/diff:/var/lib/docker/overlay2/153b3bf0b69e97e8f0e5533414a31ca33fa530e63d174c9617621abe46e7e9d1/diff:/var/lib/docker/overlay2/bf87a76c0a38875ee6e915fd0d2527eafa880ec6bf2c1cb294959428c18d10bd/diff","MergedDir":"/var/lib/docker/overlay2/b481eee7843c17772ada1734203524b4de76785735a50d4c68703d497db0e4ed/merged","UpperDir":"/var/lib/docker/overlay2/b481eee7843c17772ada1734203524b4de76785735a50d4c68703d497db0e4ed/diff","WorkDir":"/var/lib/docker/overlay2/b481eee7843c17772ada1734203524b4de76785735a50d4c68703d497db0e4ed/work"},"Name":"overlay2"},"Mounts":[{"Type":"volume","Name":"ec40278114b76af7b6535b952e685e04a98a51fa16363f5e9f0df1ce601f1dd5","Source":"/var/lib/docker/volumes/ec40278114b76af7b6535b952e685e04a98a51fa16363f5e9f0df1ce601f1dd5/_data","Destination":"/var/lib/mysql","Driver":"local","Mode":"","RW":true,"Propagation":""}],"Config":{"Hostname":"0739339bbc62","Domainname":"","User":"","AttachStdin":false,"AttachStdout":false,"AttachStderr":false,"ExposedPorts":{"3306/tcp":{}},"Tty":false,"OpenStdin":false,"StdinOnce":false,"Env":["MYSQL_DATABASE=test","MYSQL_PASSWORD=test","MYSQL_USER=test","MYSQL_ROOT_PASSWORD=test","PATH=/usr/local/sbin:/usr/local/bin:/usr/sbin:/usr/bin:/sbin:/bin","GOSU_VERSION=1.7","MYSQL_MAJOR=8.0","MYSQL_VERSION=8.0.0-dmr-1debian8"],"Cmd":["mysqld"],"Image":"mysql:8.0.0","Volumes":{"/var/lib/mysql":{}},"WorkingDir":"","Entrypoint":["docker-entrypoint.sh"],"OnBuild":null,"Labels":{"org.testcontainers":"true","org.testcontainers.lang":"java","org.testcontainers.sessionId":"f1b696c1-ec3f-4f95-afa8-081853be7ccb","org.testcontainers.version":"1.18.0"}},"NetworkSettings":{"Bridge":"","SandboxID":"d265e68e2afe307f1ab03fab083f2c0477cba31e9f26759f52b94e045d1847fb","HairpinMode":false,"LinkLocalIPv6Address":"","LinkLocalIPv6PrefixLen":0,"Ports":{"3306/tcp":[{"HostIp":"0.0.0.0","HostPort":"32782"},{"HostIp":"::","HostPort":"32782"}]},"SandboxKey":"/var/run/docker/netns/d265e68e2afe","SecondaryIPAddresses":null,"SecondaryIPv6Addresses":null,"EndpointID":"97b4c81a7665dcad3863174204db678dde492e2a2b2f11f6ef1c683b5d76146b","Gateway":"172.17.0.1","GlobalIPv6Address":"","GlobalIPv6PrefixLen":0,"IPAddress":"172.17.0.3","IPPrefixLen":16,"IPv6Gateway":"","MacAddress":"02:42:ac:11:00:03","Networks":{"bridge":{"IPAMConfig":null,"Links":null,"Aliases":null,"NetworkID":"e1a078e12eb8d77b497ed932f7fb43787eeb6ff6972febd7d03c9282b8b5cd45","EndpointID":"97b4c81a7665dcad3863174204db678dde492e2a2b2f11f6ef1c683b5d76146b","Gateway":"172.17.0.1","IPAddress":"172.17.0.3","IPPrefixLen":16,"IPv6Gateway":"","GlobalIPv6Address":"","GlobalIPv6PrefixLen":0,"MacAddress":"02:42:ac:11:00:03","DriverOpts":null}}}}[\n]"
&amp#27;[0;39m2023-05-08 13:19:07,763 [main] &amp#27;[39mDEBUG&amp#27;[0;39m &amp#27;[36mc.g.d.z.s.o.a.hc.client5.http.wire&amp#27;[0;39m - &amp#27;[32mhttp-outgoing-1 << "[\r][\n]"
&amp#27;[0;39m2023-05-08 13:19:07,763 [main] &amp#27;[39mDEBUG&amp#27;[0;39m &amp#27;[36mc.g.d.z.s.o.a.hc.client5.http.wire&amp#27;[0;39m - &amp#27;[32mhttp-outgoing-1 << "0[\r][\n]"
&amp#27;[0;39m2023-05-08 13:19:07,763 [main] &amp#27;[39mDEBUG&amp#27;[0;39m &amp#27;[36mc.g.d.z.s.o.a.hc.client5.http.wire&amp#27;[0;39m - &amp#27;[32mhttp-outgoing-1 << "[\r][\n]"
&amp#27;[0;39m2023-05-08 13:19:07,763 [main] &amp#27;[39mDEBUG&amp#27;[0;39m &amp#27;[36mc.g.d.z.s.o.a.h.client5.http.headers&amp#27;[0;39m - &amp#27;[32mhttp-outgoing-1 << HTTP/1.1 200 OK
&amp#27;[0;39m2023-05-08 13:19:07,763 [main] &amp#27;[39mDEBUG&amp#27;[0;39m &amp#27;[36mc.g.d.z.s.o.a.h.client5.http.headers&amp#27;[0;39m - &amp#27;[32mhttp-outgoing-1 << Api-Version: 1.42
&amp#27;[0;39m2023-05-08 13:19:07,763 [main] &amp#27;[39mDEBUG&amp#27;[0;39m &amp#27;[36mc.g.d.z.s.o.a.h.client5.http.headers&amp#27;[0;39m - &amp#27;[32mhttp-outgoing-1 << Content-Type: application/json
&amp#27;[0;39m2023-05-08 13:19:07,763 [main] &amp#27;[39mDEBUG&amp#27;[0;39m &amp#27;[36mc.g.d.z.s.o.a.h.client5.http.headers&amp#27;[0;39m - &amp#27;[32mhttp-outgoing-1 << Docker-Experimental: false
&amp#27;[0;39m2023-05-08 13:19:07,763 [main] &amp#27;[39mDEBUG&amp#27;[0;39m &amp#27;[36mc.g.d.z.s.o.a.h.client5.http.headers&amp#27;[0;39m - &amp#27;[32mhttp-outgoing-1 << Ostype: linux
&amp#27;[0;39m2023-05-08 13:19:07,763 [main] &amp#27;[39mDEBUG&amp#27;[0;39m &amp#27;[36mc.g.d.z.s.o.a.h.client5.http.headers&amp#27;[0;39m - &amp#27;[32mhttp-outgoing-1 << Server: Docker/23.0.5 (linux)
&amp#27;[0;39m2023-05-08 13:19:07,763 [main] &amp#27;[39mDEBUG&amp#27;[0;39m &amp#27;[36mc.g.d.z.s.o.a.h.client5.http.headers&amp#27;[0;39m - &amp#27;[32mhttp-outgoing-1 << Date: Mon, 08 May 2023 11:19:07 GMT
&amp#27;[0;39m2023-05-08 13:19:07,763 [main] &amp#27;[39mDEBUG&amp#27;[0;39m &amp#27;[36mc.g.d.z.s.o.a.h.client5.http.headers&amp#27;[0;39m - &amp#27;[32mhttp-outgoing-1 << Transfer-Encoding: chunked
&amp#27;[0;39m2023-05-08 13:19:07,763 [main] &amp#27;[39mDEBUG&amp#27;[0;39m &amp#27;[36mc.g.d.z.s.o.a.h.c.h.i.c.MainClientExec&amp#27;[0;39m - &amp#27;[32mex-00000094: connection can be kept alive for 3 MINUTES
&amp#27;[0;39m2023-05-08 13:19:07,764 [main] &amp#27;[39mDEBUG&amp#27;[0;39m &amp#27;[36mc.g.d.z.s.o.a.h.c.h.i.c.InternalHttpClient&amp#27;[0;39m - &amp#27;[32mep-00000093: releasing valid endpoint
&amp#27;[0;39m2023-05-08 13:19:07,764 [main] &amp#27;[39mDEBUG&amp#27;[0;39m &amp#27;[36mc.g.d.z.s.o.a.h.c.h.i.i.PoolingHttpClientConnectionManager&amp#27;[0;39m - &amp#27;[32mep-00000093: releasing endpoint
&amp#27;[0;39m2023-05-08 13:19:07,764 [main] &amp#27;[39mDEBUG&amp#27;[0;39m &amp#27;[36mc.g.d.z.s.o.a.h.c.h.i.i.PoolingHttpClientConnectionManager&amp#27;[0;39m - &amp#27;[32mep-00000093: connection http-outgoing-1 can be kept alive for 3 MINUTES
&amp#27;[0;39m2023-05-08 13:19:07,764 [main] &amp#27;[39mDEBUG&amp#27;[0;39m &amp#27;[36mc.g.d.z.s.o.a.h.c.h.i.i.PoolingHttpClientConnectionManager&amp#27;[0;39m - &amp#27;[32mep-00000093: connection released [route: {}->unix://localhost:2375][total available: 1; route allocated: 1 of 2147483647; total allocated: 1 of 2147483647]
&amp#27;[0;39m2023-05-08 13:19:07,764 [main] &amp#27;[39mDEBUG&amp#27;[0;39m &amp#27;[36mtc.mysql:8.0.0&amp#27;[0;39m - &amp#27;[32mTrying to create JDBC connection using com.mysql.cj.jdbc.Driver to jdbc:mysql://localhost:32782/test?useSSL=false&allowPublicKeyRetrieval=true with properties: {password=test, user=test}
&amp#27;[0;39m2023-05-08 13:19:07,865 [main] &amp#27;[39mDEBUG&amp#27;[0;39m &amp#27;[36mo.t.s.c.g.d.c.command.AbstrDockerCmd&amp#27;[0;39m - &amp#27;[32mCmd: 0739339bbc624082fb5e41f62f4a622236ffe4974bf12b2847105b726085e02b,false
&amp#27;[0;39m2023-05-08 13:19:07,865 [main] &amp#27;[39mDEBUG&amp#27;[0;39m &amp#27;[36mo.t.s.c.g.d.c.e.InspectContainerCmdExec&amp#27;[0;39m - &amp#27;[32mGET: DefaultWebTarget{path=[/containers/0739339bbc624082fb5e41f62f4a622236ffe4974bf12b2847105b726085e02b/json], queryParams={}}
&amp#27;[0;39m2023-05-08 13:19:07,865 [main] &amp#27;[39mDEBUG&amp#27;[0;39m &amp#27;[36mc.g.d.z.s.o.a.h.c.h.i.c.InternalHttpClient&amp#27;[0;39m - &amp#27;[32mex-00000095: preparing request execution
&amp#27;[0;39m2023-05-08 13:19:07,865 [main] &amp#27;[39mDEBUG&amp#27;[0;39m &amp#27;[36mc.g.d.z.s.o.a.h.c.h.p.RequestAddCookies&amp#27;[0;39m - &amp#27;[32mCookie spec selected: strict
&amp#27;[0;39m2023-05-08 13:19:07,865 [main] &amp#27;[39mDEBUG&amp#27;[0;39m &amp#27;[36mc.g.d.z.s.o.a.h.c.h.p.RequestAuthCache&amp#27;[0;39m - &amp#27;[32mAuth cache not set in the context
&amp#27;[0;39m2023-05-08 13:19:07,866 [main] &amp#27;[39mDEBUG&amp#27;[0;39m &amp#27;[36mc.g.d.z.s.o.a.h.c.h.i.c.ProtocolExec&amp#27;[0;39m - &amp#27;[32mex-00000095: target auth state: UNCHALLENGED
&amp#27;[0;39m2023-05-08 13:19:07,866 [main] &amp#27;[39mDEBUG&amp#27;[0;39m &amp#27;[36mc.g.d.z.s.o.a.h.c.h.i.c.ProtocolExec&amp#27;[0;39m - &amp#27;[32mex-00000095: proxy auth state: UNCHALLENGED
&amp#27;[0;39m2023-05-08 13:19:07,866 [main] &amp#27;[39mDEBUG&amp#27;[0;39m &amp#27;[36mc.g.d.z.s.o.a.h.c.h.i.c.ConnectExec&amp#27;[0;39m - &amp#27;[32mex-00000095: acquiring connection with route {}->unix://localhost:2375
&amp#27;[0;39m2023-05-08 13:19:07,866 [main] &amp#27;[39mDEBUG&amp#27;[0;39m &amp#27;[36mc.g.d.z.s.o.a.h.c.h.i.c.InternalHttpClient&amp#27;[0;39m - &amp#27;[32mex-00000095: acquiring endpoint (3 MINUTES)
&amp#27;[0;39m2023-05-08 13:19:07,866 [main] &amp#27;[39mDEBUG&amp#27;[0;39m &amp#27;[36mc.g.d.z.s.o.a.h.c.h.i.i.PoolingHttpClientConnectionManager&amp#27;[0;39m - &amp#27;[32mex-00000095: endpoint lease request (3 MINUTES) [route: {}->unix://localhost:2375][total available: 1; route allocated: 1 of 2147483647; total allocated: 1 of 2147483647]
&amp#27;[0;39m2023-05-08 13:19:07,866 [main] &amp#27;[39mDEBUG&amp#27;[0;39m &amp#27;[36mc.g.d.z.s.o.a.h.c.h.i.i.PoolingHttpClientConnectionManager&amp#27;[0;39m - &amp#27;[32mex-00000095: endpoint leased [route: {}->unix://localhost:2375][total available: 0; route allocated: 1 of 2147483647; total allocated: 1 of 2147483647]
&amp#27;[0;39m2023-05-08 13:19:07,866 [main] &amp#27;[39mDEBUG&amp#27;[0;39m &amp#27;[36mc.g.d.z.s.o.a.h.c.h.i.i.PoolingHttpClientConnectionManager&amp#27;[0;39m - &amp#27;[32mex-00000095: acquired ep-00000094
&amp#27;[0;39m2023-05-08 13:19:07,866 [main] &amp#27;[39mDEBUG&amp#27;[0;39m &amp#27;[36mc.g.d.z.s.o.a.h.c.h.i.c.InternalHttpClient&amp#27;[0;39m - &amp#27;[32mex-00000095: acquired endpoint ep-00000094
&amp#27;[0;39m2023-05-08 13:19:07,866 [main] &amp#27;[39mDEBUG&amp#27;[0;39m &amp#27;[36mc.g.d.z.s.o.a.h.c.h.i.c.MainClientExec&amp#27;[0;39m - &amp#27;[32mex-00000095: executing GET /v1.32/containers/0739339bbc624082fb5e41f62f4a622236ffe4974bf12b2847105b726085e02b/json HTTP/1.1
&amp#27;[0;39m2023-05-08 13:19:07,866 [main] &amp#27;[39mDEBUG&amp#27;[0;39m &amp#27;[36mc.g.d.z.s.o.a.h.c.h.i.c.InternalHttpClient&amp#27;[0;39m - &amp#27;[32mep-00000094: start execution ex-00000095
&amp#27;[0;39m2023-05-08 13:19:07,866 [main] &amp#27;[39mDEBUG&amp#27;[0;39m &amp#27;[36mc.g.d.z.s.o.a.h.c.h.i.i.PoolingHttpClientConnectionManager&amp#27;[0;39m - &amp#27;[32mep-00000094: executing exchange ex-00000095 over http-outgoing-1
&amp#27;[0;39m2023-05-08 13:19:07,866 [main] &amp#27;[39mDEBUG&amp#27;[0;39m &amp#27;[36mc.g.d.z.s.o.a.h.client5.http.headers&amp#27;[0;39m - &amp#27;[32mhttp-outgoing-1 >> GET /v1.32/containers/0739339bbc624082fb5e41f62f4a622236ffe4974bf12b2847105b726085e02b/json HTTP/1.1
&amp#27;[0;39m2023-05-08 13:19:07,866 [main] &amp#27;[39mDEBUG&amp#27;[0;39m &amp#27;[36mc.g.d.z.s.o.a.h.client5.http.headers&amp#27;[0;39m - &amp#27;[32mhttp-outgoing-1 >> accept: application/json
&amp#27;[0;39m2023-05-08 13:19:07,866 [main] &amp#27;[39mDEBUG&amp#27;[0;39m &amp#27;[36mc.g.d.z.s.o.a.h.client5.http.headers&amp#27;[0;39m - &amp#27;[32mhttp-outgoing-1 >> x-tc-sid: f1b696c1-ec3f-4f95-afa8-081853be7ccb
&amp#27;[0;39m2023-05-08 13:19:07,866 [main] &amp#27;[39mDEBUG&amp#27;[0;39m &amp#27;[36mc.g.d.z.s.o.a.h.client5.http.headers&amp#27;[0;39m - &amp#27;[32mhttp-outgoing-1 >> Accept-Encoding: gzip, x-gzip, deflate
&amp#27;[0;39m2023-05-08 13:19:07,866 [main] &amp#27;[39mDEBUG&amp#27;[0;39m &amp#27;[36mc.g.d.z.s.o.a.h.client5.http.headers&amp#27;[0;39m - &amp#27;[32mhttp-outgoing-1 >> Host: localhost:2375
&amp#27;[0;39m2023-05-08 13:19:07,866 [main] &amp#27;[39mDEBUG&amp#27;[0;39m &amp#27;[36mc.g.d.z.s.o.a.h.client5.http.headers&amp#27;[0;39m - &amp#27;[32mhttp-outgoing-1 >> Connection: keep-alive
&amp#27;[0;39m2023-05-08 13:19:07,866 [main] &amp#27;[39mDEBUG&amp#27;[0;39m &amp#27;[36mc.g.d.z.s.o.a.h.client5.http.headers&amp#27;[0;39m - &amp#27;[32mhttp-outgoing-1 >> User-Agent: Apache-HttpClient/5.0.3 (Java/17.0.6)
&amp#27;[0;39m2023-05-08 13:19:07,866 [main] &amp#27;[39mDEBUG&amp#27;[0;39m &amp#27;[36mc.g.d.z.s.o.a.hc.client5.http.wire&amp#27;[0;39m - &amp#27;[32mhttp-outgoing-1 >> "GET /v1.32/containers/0739339bbc624082fb5e41f62f4a622236ffe4974bf12b2847105b726085e02b/json HTTP/1.1[\r][\n]"
&amp#27;[0;39m2023-05-08 13:19:07,866 [main] &amp#27;[39mDEBUG&amp#27;[0;39m &amp#27;[36mc.g.d.z.s.o.a.hc.client5.http.wire&amp#27;[0;39m - &amp#27;[32mhttp-outgoing-1 >> "accept: application/json[\r][\n]"
&amp#27;[0;39m2023-05-08 13:19:07,866 [main] &amp#27;[39mDEBUG&amp#27;[0;39m &amp#27;[36mc.g.d.z.s.o.a.hc.client5.http.wire&amp#27;[0;39m - &amp#27;[32mhttp-outgoing-1 >> "x-tc-sid: f1b696c1-ec3f-4f95-afa8-081853be7ccb[\r][\n]"
&amp#27;[0;39m2023-05-08 13:19:07,866 [main] &amp#27;[39mDEBUG&amp#27;[0;39m &amp#27;[36mc.g.d.z.s.o.a.hc.client5.http.wire&amp#27;[0;39m - &amp#27;[32mhttp-outgoing-1 >> "Accept-Encoding: gzip, x-gzip, deflate[\r][\n]"
&amp#27;[0;39m2023-05-08 13:19:07,866 [main] &amp#27;[39mDEBUG&amp#27;[0;39m &amp#27;[36mc.g.d.z.s.o.a.hc.client5.http.wire&amp#27;[0;39m - &amp#27;[32mhttp-outgoing-1 >> "Host: localhost:2375[\r][\n]"
&amp#27;[0;39m2023-05-08 13:19:07,866 [main] &amp#27;[39mDEBUG&amp#27;[0;39m &amp#27;[36mc.g.d.z.s.o.a.hc.client5.http.wire&amp#27;[0;39m - &amp#27;[32mhttp-outgoing-1 >> "Connection: keep-alive[\r][\n]"
&amp#27;[0;39m2023-05-08 13:19:07,866 [main] &amp#27;[39mDEBUG&amp#27;[0;39m &amp#27;[36mc.g.d.z.s.o.a.hc.client5.http.wire&amp#27;[0;39m - &amp#27;[32mhttp-outgoing-1 >> "User-Agent: Apache-HttpClient/5.0.3 (Java/17.0.6)[\r][\n]"
&amp#27;[0;39m2023-05-08 13:19:07,866 [main] &amp#27;[39mDEBUG&amp#27;[0;39m &amp#27;[36mc.g.d.z.s.o.a.hc.client5.http.wire&amp#27;[0;39m - &amp#27;[32mhttp-outgoing-1 >> "[\r][\n]"
&amp#27;[0;39m2023-05-08 13:19:07,866 [main] &amp#27;[39mDEBUG&amp#27;[0;39m &amp#27;[36mc.g.d.z.s.o.a.hc.client5.http.wire&amp#27;[0;39m - &amp#27;[32mhttp-outgoing-1 << "HTTP/1.1 200 OK[\r][\n]"
&amp#27;[0;39m2023-05-08 13:19:07,866 [main] &amp#27;[39mDEBUG&amp#27;[0;39m &amp#27;[36mc.g.d.z.s.o.a.hc.client5.http.wire&amp#27;[0;39m - &amp#27;[32mhttp-outgoing-1 << "Api-Version: 1.42[\r][\n]"
&amp#27;[0;39m2023-05-08 13:19:07,866 [main] &amp#27;[39mDEBUG&amp#27;[0;39m &amp#27;[36mc.g.d.z.s.o.a.hc.client5.http.wire&amp#27;[0;39m - &amp#27;[32mhttp-outgoing-1 << "Content-Type: application/json[\r][\n]"
&amp#27;[0;39m2023-05-08 13:19:07,866 [main] &amp#27;[39mDEBUG&amp#27;[0;39m &amp#27;[36mc.g.d.z.s.o.a.hc.client5.http.wire&amp#27;[0;39m - &amp#27;[32mhttp-outgoing-1 << "Docker-Experimental: false[\r][\n]"
&amp#27;[0;39m2023-05-08 13:19:07,866 [main] &amp#27;[39mDEBUG&amp#27;[0;39m &amp#27;[36mc.g.d.z.s.o.a.hc.client5.http.wire&amp#27;[0;39m - &amp#27;[32mhttp-outgoing-1 << "Ostype: linux[\r][\n]"
&amp#27;[0;39m2023-05-08 13:19:07,866 [main] &amp#27;[39mDEBUG&amp#27;[0;39m &amp#27;[36mc.g.d.z.s.o.a.hc.client5.http.wire&amp#27;[0;39m - &amp#27;[32mhttp-outgoing-1 << "Server: Docker/23.0.5 (linux)[\r][\n]"
&amp#27;[0;39m2023-05-08 13:19:07,866 [main] &amp#27;[39mDEBUG&amp#27;[0;39m &amp#27;[36mc.g.d.z.s.o.a.hc.client5.http.wire&amp#27;[0;39m - &amp#27;[32mhttp-outgoing-1 << "Date: Mon, 08 May 2023 11:19:07 GMT[\r][\n]"
&amp#27;[0;39m2023-05-08 13:19:07,866 [main] &amp#27;[39mDEBUG&amp#27;[0;39m &amp#27;[36mc.g.d.z.s.o.a.hc.client5.http.wire&amp#27;[0;39m - &amp#27;[32mhttp-outgoing-1 << "Transfer-Encoding: chunked[\r][\n]"
&amp#27;[0;39m2023-05-08 13:19:07,866 [main] &amp#27;[39mDEBUG&amp#27;[0;39m &amp#27;[36mc.g.d.z.s.o.a.hc.client5.http.wire&amp#27;[0;39m - &amp#27;[32mhttp-outgoing-1 << "[\r][\n]"
&amp#27;[0;39m2023-05-08 13:19:07,866 [main] &amp#27;[39mDEBUG&amp#27;[0;39m &amp#27;[36mc.g.d.z.s.o.a.hc.client5.http.wire&amp#27;[0;39m - &amp#27;[32mhttp-outgoing-1 << "1893[\r][\n]"
&amp#27;[0;39m2023-05-08 13:19:07,866 [main] &amp#27;[39mDEBUG&amp#27;[0;39m &amp#27;[36mc.g.d.z.s.o.a.hc.client5.http.wire&amp#27;[0;39m - &amp#27;[32mhttp-outgoing-1 << "{"Id":"0739339bbc624082fb5e41f62f4a622236ffe4974bf12b2847105b726085e02b","Created":"2023-05-08T11:19:01.771856188Z","Path":"docker-entrypoint.sh","Args":["mysqld"],"State":{"Status":"running","Running":true,"Paused":false,"Restarting":false,"OOMKilled":false,"Dead":false,"Pid":59514,"ExitCode":0,"Error":"","StartedAt":"2023-05-08T11:19:02.113674386Z","FinishedAt":"0001-01-01T00:00:00Z"},"Image":"sha256:228d71078f8ce5ae9fd96b183f88c3a90e30544b4b7ce9d64a238d05fef2a681","ResolvConfPath":"/var/lib/docker/containers/0739339bbc624082fb5e41f62f4a622236ffe4974bf12b2847105b726085e02b/resolv.conf","HostnamePath":"/var/lib/docker/containers/0739339bbc624082fb5e41f62f4a622236ffe4974bf12b2847105b726085e02b/hostname","HostsPath":"/var/lib/docker/containers/0739339bbc624082fb5e41f62f4a622236ffe4974bf12b2847105b726085e02b/hosts","LogPath":"/var/lib/docker/containers/0739339bbc624082fb5e41f62f4a622236ffe4974bf12b2847105b726085e02b/0739339bbc624082fb5e41f62f4a622236ffe4974bf12b2847105b726085e02b-json.log","Name":"/intelligent_galileo","RestartCount":0,"Driver":"overlay2","Platform":"linux","MountLabel":"","ProcessLabel":"","AppArmorProfile":"docker-default","ExecIDs":null,"HostConfig":{"Binds":[],"ContainerIDFile":"","LogConfig":{"Type":"json-file","Config":{}},"NetworkMode":"default","PortBindings":{"3306/tcp":[{"HostIp":"","HostPort":""}]},"RestartPolicy":{"Name":"","MaximumRetryCount":0},"AutoRemove":false,"VolumeDriver":"","VolumesFrom":[],"ConsoleSize":[0,0],"CapAdd":null,"CapDrop":null,"CgroupnsMode":"private","Dns":null,"DnsOptions":null,"DnsSearch":null,"ExtraHosts":[],"GroupAdd":null,"IpcMode":"shareable","Cgroup":"","Links":null,"OomScoreAdj":0,"PidMode":"","Privileged":false,"PublishAllPorts":false,"ReadonlyRootfs":false,"SecurityOpt":null,"UTSMode":"","UsernsMode":"","ShmSize":67108864,"Runtime":"runc","Isolation":"","CpuShares":0,"Memory":0,"NanoCpus":0,"CgroupParent":"","BlkioWeight":0,"BlkioWeightDevice":null,"BlkioDeviceReadBps":null,"BlkioDeviceWriteBps":null,"BlkioDeviceReadIOps":null,"BlkioDeviceWriteIOps":null,"CpuPeriod":0,"CpuQuota":0,"CpuRealtimePeriod":0,"CpuRealtimeRuntime":0,"CpusetCpus":"","CpusetMems":"","Devices":null,"DeviceCgroupRules":null,"DeviceRequests":null,"MemoryReservation":0,"MemorySwap":0,"MemorySwappiness":null,"OomKillDisable":null,"PidsLimit":null,"Ulimits":null,"CpuCount":0,"CpuPercent":0,"IOMaximumIOps":0,"IOMaximumBandwidth":0,"MaskedPaths":["/proc/asound","/proc/acpi","/proc/kcore","/proc/keys","/proc/latency_stats","/proc/timer_list","/proc/timer_stats","/proc/sched_debug","/proc/scsi","/sys/firmware"],"ReadonlyPaths":["/proc/bus","/proc/fs","/proc/irq","/proc/sys","/proc/sysrq-trigger"]},"GraphDriver":{"Data":{"LowerDir":"/var/lib/docker/overlay2/b481eee7843c17772ada1734203524b4de76785735a50d4c68703d497db0e4ed-init/diff:/var/lib/docker/overlay2/4c6e20f032f02b27a9272f982861dc21998197aa90d94ed3bef95d449380247c/diff:/var/lib/docker/overlay2/0c75f828f603eff839bb3ca448163ab2a8017e86625ac255cd3dbf1673ddac26/diff:/var/lib/docker/overlay2/da128d897fda75829109844ce6cd9d73d0f54c682e735100af000ce899908729/diff:/var/lib/docker/overlay2/b678a1f261bf323afba6d76d91ab7428bdd6e1ef4a39b5224e4a1afd08c0423a/diff:/var/lib/docker/overlay2/1bec43b14875c5f9f814f146e8e31aa78566689c2c163da2ac60a32254988437/diff:/var/lib/docker/overlay2/28f4b1e6e1a7a2dbe30f1f94fb42bccd85a61faf8af1fe30a5bb0d442c525e41/diff:/var/lib/docker/overlay2/0f493124464c291d7c97d2633d5dff04b1dce5de904cb40a34dfbe7fe72e3fd4/diff:/var/lib/docker/overlay2/05befbee9e38cd670e1786b3310e99796dcc06abbed970007b4109a5424843fa/diff:/var/lib/docker/overlay2/582bcca9acfc4eef25109e1e1b9c9d104f355798455bc73e855c99283887a6e8/diff:/var/lib/docker/overlay2/153b3bf0b69e97e8f0e5533414a31ca33fa530e63d174c9617621abe46e7e9d1/diff:/var/lib/docker/overlay2/bf87a76c0a38875ee6e915fd0d2527eafa880ec6bf2c1cb294959428c18d10bd/diff","MergedDir":"/var/lib/docker/overlay2/b481eee7843c17772ada1734203524b4de76785735a50d4c68703d497db0e4ed/merged","UpperDir":"/var/lib/docker/overlay2/b481eee7843c17772ada1734203524b4de76785735a50d4c68703d497db0e4ed/diff","WorkDir":"/var/lib/docker/overlay2/b481eee7843c17772ada1734203524b4de76785735a50d4c68703d497db0e4ed/work"},"Name":"overlay2"},"Mounts":[{"Type":"volume","Name":"ec40278114b76af7b6535b952e685e04a98a51fa16363f5e9f0df1ce601f1dd5","Source":"/var/lib/docker/volumes/ec40278114b76af7b6535b952e685e04a98a51fa16363f5e9f0df1ce601f1dd5/_data","Destination":"/var/lib/mysql","Driver":"local","Mode":"","RW":true,"Propagation":""}],"Config":{"Hostname":"0739339bbc62","Domainname":"","User":"","AttachStdin":false,"AttachStdout":false,"AttachStderr":false,"ExposedPorts":{"3306/tcp":{}},"Tty":false,"OpenStdin":false,"StdinOnce":false,"Env":["MYSQL_DATABASE=test","MYSQL_PASSWORD=test","MYSQL_USER=test","MYSQL_ROOT_PASSWORD=test","PATH=/usr/local/sbin:/usr/local/bin:/usr/sbin:/usr/bin:/sbin:/bin","GOSU_VERSION=1.7","MYSQL_MAJOR=8.0","MYSQL_VERSION=8.0.0-dmr-1debian8"],"Cmd":["mysqld"],"Image":"mysql:8.0.0","Volumes":{"/var/lib/mysql":{}},"WorkingDir":"","Entrypoint":["docker-entrypoint.sh"],"OnBuild":null,"Labels":{"org.testcontainers":"true","org.testcontainers.lang":"java","org.testcontainers.sessionId":"f1b696c1-ec3f-4f95-afa8-081853be7ccb","org.testcontainers.version":"1.18.0"}},"NetworkSettings":{"Bridge":"","SandboxID":"d265e68e2afe307f1ab03fab083f2c0477cba31e9f26759f52b94e045d1847fb","HairpinMode":false,"LinkLocalIPv6Address":"","LinkLocalIPv6PrefixLen":0,"Ports":{"3306/tcp":[{"HostIp":"0.0.0.0","HostPort":"32782"},{"HostIp":"::","HostPort":"32782"}]},"SandboxKey":"/var/run/docker/netns/d265e68e2afe","SecondaryIPAddresses":null,"SecondaryIPv6Addresses":null,"EndpointID":"97b4c81a7665dcad3863174204db678dde492e2a2b2f11f6ef1c683b5d76146b","Gateway":"172.17.0.1","GlobalIPv6Address":"","GlobalIPv6PrefixLen":0,"IPAddress":"172.17.0.3","IPPrefixLen":16,"IPv6Gateway":"","MacAddress":"02:42:ac:11:00:03","Networks":{"bridge":{"IPAMConfig":null,"Links":null,"Aliases":null,"NetworkID":"e1a078e12eb8d77b497ed932f7fb43787eeb6ff6972febd7d03c9282b8b5cd45","EndpointID":"97b4c81a7665dcad3863174204db678dde492e2a2b2f11f6ef1c683b5d76146b","Gateway":"172.17.0.1","IPAddress":"172.17.0.3","IPPrefixLen":16,"IPv6Gateway":"","GlobalIPv6Address":"","GlobalIPv6PrefixLen":0,"MacAddress":"02:42:ac:11:00:03","DriverOpts":null}}}}[\n]"
&amp#27;[0;39m2023-05-08 13:19:07,866 [main] &amp#27;[39mDEBUG&amp#27;[0;39m &amp#27;[36mc.g.d.z.s.o.a.hc.client5.http.wire&amp#27;[0;39m - &amp#27;[32mhttp-outgoing-1 << "[\r][\n]"
&amp#27;[0;39m2023-05-08 13:19:07,866 [main] &amp#27;[39mDEBUG&amp#27;[0;39m &amp#27;[36mc.g.d.z.s.o.a.hc.client5.http.wire&amp#27;[0;39m - &amp#27;[32mhttp-outgoing-1 << "0[\r][\n]"
&amp#27;[0;39m2023-05-08 13:19:07,866 [main] &amp#27;[39mDEBUG&amp#27;[0;39m &amp#27;[36mc.g.d.z.s.o.a.hc.client5.http.wire&amp#27;[0;39m - &amp#27;[32mhttp-outgoing-1 << "[\r][\n]"
&amp#27;[0;39m2023-05-08 13:19:07,866 [main] &amp#27;[39mDEBUG&amp#27;[0;39m &amp#27;[36mc.g.d.z.s.o.a.h.client5.http.headers&amp#27;[0;39m - &amp#27;[32mhttp-outgoing-1 << HTTP/1.1 200 OK
&amp#27;[0;39m2023-05-08 13:19:07,866 [main] &amp#27;[39mDEBUG&amp#27;[0;39m &amp#27;[36mc.g.d.z.s.o.a.h.client5.http.headers&amp#27;[0;39m - &amp#27;[32mhttp-outgoing-1 << Api-Version: 1.42
&amp#27;[0;39m2023-05-08 13:19:07,866 [main] &amp#27;[39mDEBUG&amp#27;[0;39m &amp#27;[36mc.g.d.z.s.o.a.h.client5.http.headers&amp#27;[0;39m - &amp#27;[32mhttp-outgoing-1 << Content-Type: application/json
&amp#27;[0;39m2023-05-08 13:19:07,866 [main] &amp#27;[39mDEBUG&amp#27;[0;39m &amp#27;[36mc.g.d.z.s.o.a.h.client5.http.headers&amp#27;[0;39m - &amp#27;[32mhttp-outgoing-1 << Docker-Experimental: false
&amp#27;[0;39m2023-05-08 13:19:07,866 [main] &amp#27;[39mDEBUG&amp#27;[0;39m &amp#27;[36mc.g.d.z.s.o.a.h.client5.http.headers&amp#27;[0;39m - &amp#27;[32mhttp-outgoing-1 << Ostype: linux
&amp#27;[0;39m2023-05-08 13:19:07,866 [main] &amp#27;[39mDEBUG&amp#27;[0;39m &amp#27;[36mc.g.d.z.s.o.a.h.client5.http.headers&amp#27;[0;39m - &amp#27;[32mhttp-outgoing-1 << Server: Docker/23.0.5 (linux)
&amp#27;[0;39m2023-05-08 13:19:07,866 [main] &amp#27;[39mDEBUG&amp#27;[0;39m &amp#27;[36mc.g.d.z.s.o.a.h.client5.http.headers&amp#27;[0;39m - &amp#27;[32mhttp-outgoing-1 << Date: Mon, 08 May 2023 11:19:07 GMT
&amp#27;[0;39m2023-05-08 13:19:07,866 [main] &amp#27;[39mDEBUG&amp#27;[0;39m &amp#27;[36mc.g.d.z.s.o.a.h.client5.http.headers&amp#27;[0;39m - &amp#27;[32mhttp-outgoing-1 << Transfer-Encoding: chunked
&amp#27;[0;39m2023-05-08 13:19:07,866 [main] &amp#27;[39mDEBUG&amp#27;[0;39m &amp#27;[36mc.g.d.z.s.o.a.h.c.h.i.c.MainClientExec&amp#27;[0;39m - &amp#27;[32mex-00000095: connection can be kept alive for 3 MINUTES
&amp#27;[0;39m2023-05-08 13:19:07,867 [main] &amp#27;[39mDEBUG&amp#27;[0;39m &amp#27;[36mc.g.d.z.s.o.a.h.c.h.i.c.InternalHttpClient&amp#27;[0;39m - &amp#27;[32mep-00000094: releasing valid endpoint
&amp#27;[0;39m2023-05-08 13:19:07,867 [main] &amp#27;[39mDEBUG&amp#27;[0;39m &amp#27;[36mc.g.d.z.s.o.a.h.c.h.i.i.PoolingHttpClientConnectionManager&amp#27;[0;39m - &amp#27;[32mep-00000094: releasing endpoint
&amp#27;[0;39m2023-05-08 13:19:07,867 [main] &amp#27;[39mDEBUG&amp#27;[0;39m &amp#27;[36mc.g.d.z.s.o.a.h.c.h.i.i.PoolingHttpClientConnectionManager&amp#27;[0;39m - &amp#27;[32mep-00000094: connection http-outgoing-1 can be kept alive for 3 MINUTES
&amp#27;[0;39m2023-05-08 13:19:07,867 [main] &amp#27;[39mDEBUG&amp#27;[0;39m &amp#27;[36mc.g.d.z.s.o.a.h.c.h.i.i.PoolingHttpClientConnectionManager&amp#27;[0;39m - &amp#27;[32mep-00000094: connection released [route: {}->unix://localhost:2375][total available: 1; route allocated: 1 of 2147483647; total allocated: 1 of 2147483647]
&amp#27;[0;39m2023-05-08 13:19:07,867 [main] &amp#27;[39mDEBUG&amp#27;[0;39m &amp#27;[36mtc.mysql:8.0.0&amp#27;[0;39m - &amp#27;[32mTrying to create JDBC connection using com.mysql.cj.jdbc.Driver to jdbc:mysql://localhost:32782/test?useSSL=false&allowPublicKeyRetrieval=true with properties: {password=test, user=test}
&amp#27;[0;39m2023-05-08 13:19:07,969 [main] &amp#27;[39mDEBUG&amp#27;[0;39m &amp#27;[36mo.t.s.c.g.d.c.command.AbstrDockerCmd&amp#27;[0;39m - &amp#27;[32mCmd: 0739339bbc624082fb5e41f62f4a622236ffe4974bf12b2847105b726085e02b,false
&amp#27;[0;39m2023-05-08 13:19:07,969 [main] &amp#27;[39mDEBUG&amp#27;[0;39m &amp#27;[36mo.t.s.c.g.d.c.e.InspectContainerCmdExec&amp#27;[0;39m - &amp#27;[32mGET: DefaultWebTarget{path=[/containers/0739339bbc624082fb5e41f62f4a622236ffe4974bf12b2847105b726085e02b/json], queryParams={}}
&amp#27;[0;39m2023-05-08 13:19:07,969 [main] &amp#27;[39mDEBUG&amp#27;[0;39m &amp#27;[36mc.g.d.z.s.o.a.h.c.h.i.c.InternalHttpClient&amp#27;[0;39m - &amp#27;[32mex-00000096: preparing request execution
&amp#27;[0;39m2023-05-08 13:19:07,969 [main] &amp#27;[39mDEBUG&amp#27;[0;39m &amp#27;[36mc.g.d.z.s.o.a.h.c.h.p.RequestAddCookies&amp#27;[0;39m - &amp#27;[32mCookie spec selected: strict
&amp#27;[0;39m2023-05-08 13:19:07,969 [main] &amp#27;[39mDEBUG&amp#27;[0;39m &amp#27;[36mc.g.d.z.s.o.a.h.c.h.p.RequestAuthCache&amp#27;[0;39m - &amp#27;[32mAuth cache not set in the context
&amp#27;[0;39m2023-05-08 13:19:07,969 [main] &amp#27;[39mDEBUG&amp#27;[0;39m &amp#27;[36mc.g.d.z.s.o.a.h.c.h.i.c.ProtocolExec&amp#27;[0;39m - &amp#27;[32mex-00000096: target auth state: UNCHALLENGED
&amp#27;[0;39m2023-05-08 13:19:07,969 [main] &amp#27;[39mDEBUG&amp#27;[0;39m &amp#27;[36mc.g.d.z.s.o.a.h.c.h.i.c.ProtocolExec&amp#27;[0;39m - &amp#27;[32mex-00000096: proxy auth state: UNCHALLENGED
&amp#27;[0;39m2023-05-08 13:19:07,969 [main] &amp#27;[39mDEBUG&amp#27;[0;39m &amp#27;[36mc.g.d.z.s.o.a.h.c.h.i.c.ConnectExec&amp#27;[0;39m - &amp#27;[32mex-00000096: acquiring connection with route {}->unix://localhost:2375
&amp#27;[0;39m2023-05-08 13:19:07,969 [main] &amp#27;[39mDEBUG&amp#27;[0;39m &amp#27;[36mc.g.d.z.s.o.a.h.c.h.i.c.InternalHttpClient&amp#27;[0;39m - &amp#27;[32mex-00000096: acquiring endpoint (3 MINUTES)
&amp#27;[0;39m2023-05-08 13:19:07,970 [main] &amp#27;[39mDEBUG&amp#27;[0;39m &amp#27;[36mc.g.d.z.s.o.a.h.c.h.i.i.PoolingHttpClientConnectionManager&amp#27;[0;39m - &amp#27;[32mex-00000096: endpoint lease request (3 MINUTES) [route: {}->unix://localhost:2375][total available: 1; route allocated: 1 of 2147483647; total allocated: 1 of 2147483647]
&amp#27;[0;39m2023-05-08 13:19:07,970 [main] &amp#27;[39mDEBUG&amp#27;[0;39m &amp#27;[36mc.g.d.z.s.o.a.h.c.h.i.i.PoolingHttpClientConnectionManager&amp#27;[0;39m - &amp#27;[32mex-00000096: endpoint leased [route: {}->unix://localhost:2375][total available: 0; route allocated: 1 of 2147483647; total allocated: 1 of 2147483647]
&amp#27;[0;39m2023-05-08 13:19:07,970 [main] &amp#27;[39mDEBUG&amp#27;[0;39m &amp#27;[36mc.g.d.z.s.o.a.h.c.h.i.i.PoolingHttpClientConnectionManager&amp#27;[0;39m - &amp#27;[32mex-00000096: acquired ep-00000095
&amp#27;[0;39m2023-05-08 13:19:07,970 [main] &amp#27;[39mDEBUG&amp#27;[0;39m &amp#27;[36mc.g.d.z.s.o.a.h.c.h.i.c.InternalHttpClient&amp#27;[0;39m - &amp#27;[32mex-00000096: acquired endpoint ep-00000095
&amp#27;[0;39m2023-05-08 13:19:07,970 [main] &amp#27;[39mDEBUG&amp#27;[0;39m &amp#27;[36mc.g.d.z.s.o.a.h.c.h.i.c.MainClientExec&amp#27;[0;39m - &amp#27;[32mex-00000096: executing GET /v1.32/containers/0739339bbc624082fb5e41f62f4a622236ffe4974bf12b2847105b726085e02b/json HTTP/1.1
&amp#27;[0;39m2023-05-08 13:19:07,970 [main] &amp#27;[39mDEBUG&amp#27;[0;39m &amp#27;[36mc.g.d.z.s.o.a.h.c.h.i.c.InternalHttpClient&amp#27;[0;39m - &amp#27;[32mep-00000095: start execution ex-00000096
&amp#27;[0;39m2023-05-08 13:19:07,970 [main] &amp#27;[39mDEBUG&amp#27;[0;39m &amp#27;[36mc.g.d.z.s.o.a.h.c.h.i.i.PoolingHttpClientConnectionManager&amp#27;[0;39m - &amp#27;[32mep-00000095: executing exchange ex-00000096 over http-outgoing-1
&amp#27;[0;39m2023-05-08 13:19:07,970 [main] &amp#27;[39mDEBUG&amp#27;[0;39m &amp#27;[36mc.g.d.z.s.o.a.h.client5.http.headers&amp#27;[0;39m - &amp#27;[32mhttp-outgoing-1 >> GET /v1.32/containers/0739339bbc624082fb5e41f62f4a622236ffe4974bf12b2847105b726085e02b/json HTTP/1.1
&amp#27;[0;39m2023-05-08 13:19:07,970 [main] &amp#27;[39mDEBUG&amp#27;[0;39m &amp#27;[36mc.g.d.z.s.o.a.h.client5.http.headers&amp#27;[0;39m - &amp#27;[32mhttp-outgoing-1 >> accept: application/json
&amp#27;[0;39m2023-05-08 13:19:07,970 [main] &amp#27;[39mDEBUG&amp#27;[0;39m &amp#27;[36mc.g.d.z.s.o.a.h.client5.http.headers&amp#27;[0;39m - &amp#27;[32mhttp-outgoing-1 >> x-tc-sid: f1b696c1-ec3f-4f95-afa8-081853be7ccb
&amp#27;[0;39m2023-05-08 13:19:07,970 [main] &amp#27;[39mDEBUG&amp#27;[0;39m &amp#27;[36mc.g.d.z.s.o.a.h.client5.http.headers&amp#27;[0;39m - &amp#27;[32mhttp-outgoing-1 >> Accept-Encoding: gzip, x-gzip, deflate
&amp#27;[0;39m2023-05-08 13:19:07,970 [main] &amp#27;[39mDEBUG&amp#27;[0;39m &amp#27;[36mc.g.d.z.s.o.a.h.client5.http.headers&amp#27;[0;39m - &amp#27;[32mhttp-outgoing-1 >> Host: localhost:2375
&amp#27;[0;39m2023-05-08 13:19:07,970 [main] &amp#27;[39mDEBUG&amp#27;[0;39m &amp#27;[36mc.g.d.z.s.o.a.h.client5.http.headers&amp#27;[0;39m - &amp#27;[32mhttp-outgoing-1 >> Connection: keep-alive
&amp#27;[0;39m2023-05-08 13:19:07,970 [main] &amp#27;[39mDEBUG&amp#27;[0;39m &amp#27;[36mc.g.d.z.s.o.a.h.client5.http.headers&amp#27;[0;39m - &amp#27;[32mhttp-outgoing-1 >> User-Agent: Apache-HttpClient/5.0.3 (Java/17.0.6)
&amp#27;[0;39m2023-05-08 13:19:07,970 [main] &amp#27;[39mDEBUG&amp#27;[0;39m &amp#27;[36mc.g.d.z.s.o.a.hc.client5.http.wire&amp#27;[0;39m - &amp#27;[32mhttp-outgoing-1 >> "GET /v1.32/containers/0739339bbc624082fb5e41f62f4a622236ffe4974bf12b2847105b726085e02b/json HTTP/1.1[\r][\n]"
&amp#27;[0;39m2023-05-08 13:19:07,970 [main] &amp#27;[39mDEBUG&amp#27;[0;39m &amp#27;[36mc.g.d.z.s.o.a.hc.client5.http.wire&amp#27;[0;39m - &amp#27;[32mhttp-outgoing-1 >> "accept: application/json[\r][\n]"
&amp#27;[0;39m2023-05-08 13:19:07,970 [main] &amp#27;[39mDEBUG&amp#27;[0;39m &amp#27;[36mc.g.d.z.s.o.a.hc.client5.http.wire&amp#27;[0;39m - &amp#27;[32mhttp-outgoing-1 >> "x-tc-sid: f1b696c1-ec3f-4f95-afa8-081853be7ccb[\r][\n]"
&amp#27;[0;39m2023-05-08 13:19:07,970 [main] &amp#27;[39mDEBUG&amp#27;[0;39m &amp#27;[36mc.g.d.z.s.o.a.hc.client5.http.wire&amp#27;[0;39m - &amp#27;[32mhttp-outgoing-1 >> "Accept-Encoding: gzip, x-gzip, deflate[\r][\n]"
&amp#27;[0;39m2023-05-08 13:19:07,970 [main] &amp#27;[39mDEBUG&amp#27;[0;39m &amp#27;[36mc.g.d.z.s.o.a.hc.client5.http.wire&amp#27;[0;39m - &amp#27;[32mhttp-outgoing-1 >> "Host: localhost:2375[\r][\n]"
&amp#27;[0;39m2023-05-08 13:19:07,970 [main] &amp#27;[39mDEBUG&amp#27;[0;39m &amp#27;[36mc.g.d.z.s.o.a.hc.client5.http.wire&amp#27;[0;39m - &amp#27;[32mhttp-outgoing-1 >> "Connection: keep-alive[\r][\n]"
&amp#27;[0;39m2023-05-08 13:19:07,970 [main] &amp#27;[39mDEBUG&amp#27;[0;39m &amp#27;[36mc.g.d.z.s.o.a.hc.client5.http.wire&amp#27;[0;39m - &amp#27;[32mhttp-outgoing-1 >> "User-Agent: Apache-HttpClient/5.0.3 (Java/17.0.6)[\r][\n]"
&amp#27;[0;39m2023-05-08 13:19:07,970 [main] &amp#27;[39mDEBUG&amp#27;[0;39m &amp#27;[36mc.g.d.z.s.o.a.hc.client5.http.wire&amp#27;[0;39m - &amp#27;[32mhttp-outgoing-1 >> "[\r][\n]"
&amp#27;[0;39m2023-05-08 13:19:07,971 [main] &amp#27;[39mDEBUG&amp#27;[0;39m &amp#27;[36mc.g.d.z.s.o.a.hc.client5.http.wire&amp#27;[0;39m - &amp#27;[32mhttp-outgoing-1 << "HTTP/1.1 200 OK[\r][\n]"
&amp#27;[0;39m2023-05-08 13:19:07,971 [main] &amp#27;[39mDEBUG&amp#27;[0;39m &amp#27;[36mc.g.d.z.s.o.a.hc.client5.http.wire&amp#27;[0;39m - &amp#27;[32mhttp-outgoing-1 << "Api-Version: 1.42[\r][\n]"
&amp#27;[0;39m2023-05-08 13:19:07,971 [main] &amp#27;[39mDEBUG&amp#27;[0;39m &amp#27;[36mc.g.d.z.s.o.a.hc.client5.http.wire&amp#27;[0;39m - &amp#27;[32mhttp-outgoing-1 << "Content-Type: application/json[\r][\n]"
&amp#27;[0;39m2023-05-08 13:19:07,971 [main] &amp#27;[39mDEBUG&amp#27;[0;39m &amp#27;[36mc.g.d.z.s.o.a.hc.client5.http.wire&amp#27;[0;39m - &amp#27;[32mhttp-outgoing-1 << "Docker-Experimental: false[\r][\n]"
&amp#27;[0;39m2023-05-08 13:19:07,971 [main] &amp#27;[39mDEBUG&amp#27;[0;39m &amp#27;[36mc.g.d.z.s.o.a.hc.client5.http.wire&amp#27;[0;39m - &amp#27;[32mhttp-outgoing-1 << "Ostype: linux[\r][\n]"
&amp#27;[0;39m2023-05-08 13:19:07,971 [main] &amp#27;[39mDEBUG&amp#27;[0;39m &amp#27;[36mc.g.d.z.s.o.a.hc.client5.http.wire&amp#27;[0;39m - &amp#27;[32mhttp-outgoing-1 << "Server: Docker/23.0.5 (linux)[\r][\n]"
&amp#27;[0;39m2023-05-08 13:19:07,971 [main] &amp#27;[39mDEBUG&amp#27;[0;39m &amp#27;[36mc.g.d.z.s.o.a.hc.client5.http.wire&amp#27;[0;39m - &amp#27;[32mhttp-outgoing-1 << "Date: Mon, 08 May 2023 11:19:07 GMT[\r][\n]"
&amp#27;[0;39m2023-05-08 13:19:07,971 [main] &amp#27;[39mDEBUG&amp#27;[0;39m &amp#27;[36mc.g.d.z.s.o.a.hc.client5.http.wire&amp#27;[0;39m - &amp#27;[32mhttp-outgoing-1 << "Transfer-Encoding: chunked[\r][\n]"
&amp#27;[0;39m2023-05-08 13:19:07,971 [main] &amp#27;[39mDEBUG&amp#27;[0;39m &amp#27;[36mc.g.d.z.s.o.a.hc.client5.http.wire&amp#27;[0;39m - &amp#27;[32mhttp-outgoing-1 << "[\r][\n]"
&amp#27;[0;39m2023-05-08 13:19:07,971 [main] &amp#27;[39mDEBUG&amp#27;[0;39m &amp#27;[36mc.g.d.z.s.o.a.hc.client5.http.wire&amp#27;[0;39m - &amp#27;[32mhttp-outgoing-1 << "1893[\r][\n]"
&amp#27;[0;39m2023-05-08 13:19:07,971 [main] &amp#27;[39mDEBUG&amp#27;[0;39m &amp#27;[36mc.g.d.z.s.o.a.hc.client5.http.wire&amp#27;[0;39m - &amp#27;[32mhttp-outgoing-1 << "{"Id":"0739339bbc624082fb5e41f62f4a622236ffe4974bf12b2847105b726085e02b","Created":"2023-05-08T11:19:01.771856188Z","Path":"docker-entrypoint.sh","Args":["mysqld"],"State":{"Status":"running","Running":true,"Paused":false,"Restarting":false,"OOMKilled":false,"Dead":false,"Pid":59514,"ExitCode":0,"Error":"","StartedAt":"2023-05-08T11:19:02.113674386Z","FinishedAt":"0001-01-01T00:00:00Z"},"Image":"sha256:228d71078f8ce5ae9fd96b183f88c3a90e30544b4b7ce9d64a238d05fef2a681","ResolvConfPath":"/var/lib/docker/containers/0739339bbc624082fb5e41f62f4a622236ffe4974bf12b2847105b726085e02b/resolv.conf","HostnamePath":"/var/lib/docker/containers/0739339bbc624082fb5e41f62f4a622236ffe4974bf12b2847105b726085e02b/hostname","HostsPath":"/var/lib/docker/containers/0739339bbc624082fb5e41f62f4a622236ffe4974bf12b2847105b726085e02b/hosts","LogPath":"/var/lib/docker/containers/0739339bbc624082fb5e41f62f4a622236ffe4974bf12b2847105b726085e02b/0739339bbc624082fb5e41f62f4a622236ffe4974bf12b2847105b726085e02b-json.log","Name":"/intelligent_galileo","RestartCount":0,"Driver":"overlay2","Platform":"linux","MountLabel":"","ProcessLabel":"","AppArmorProfile":"docker-default","ExecIDs":null,"HostConfig":{"Binds":[],"ContainerIDFile":"","LogConfig":{"Type":"json-file","Config":{}},"NetworkMode":"default","PortBindings":{"3306/tcp":[{"HostIp":"","HostPort":""}]},"RestartPolicy":{"Name":"","MaximumRetryCount":0},"AutoRemove":false,"VolumeDriver":"","VolumesFrom":[],"ConsoleSize":[0,0],"CapAdd":null,"CapDrop":null,"CgroupnsMode":"private","Dns":null,"DnsOptions":null,"DnsSearch":null,"ExtraHosts":[],"GroupAdd":null,"IpcMode":"shareable","Cgroup":"","Links":null,"OomScoreAdj":0,"PidMode":"","Privileged":false,"PublishAllPorts":false,"ReadonlyRootfs":false,"SecurityOpt":null,"UTSMode":"","UsernsMode":"","ShmSize":67108864,"Runtime":"runc","Isolation":"","CpuShares":0,"Memory":0,"NanoCpus":0,"CgroupParent":"","BlkioWeight":0,"BlkioWeightDevice":null,"BlkioDeviceReadBps":null,"BlkioDeviceWriteBps":null,"BlkioDeviceReadIOps":null,"BlkioDeviceWriteIOps":null,"CpuPeriod":0,"CpuQuota":0,"CpuRealtimePeriod":0,"CpuRealtimeRuntime":0,"CpusetCpus":"","CpusetMems":"","Devices":null,"DeviceCgroupRules":null,"DeviceRequests":null,"MemoryReservation":0,"MemorySwap":0,"MemorySwappiness":null,"OomKillDisable":null,"PidsLimit":null,"Ulimits":null,"CpuCount":0,"CpuPercent":0,"IOMaximumIOps":0,"IOMaximumBandwidth":0,"MaskedPaths":["/proc/asound","/proc/acpi","/proc/kcore","/proc/keys","/proc/latency_stats","/proc/timer_list","/proc/timer_stats","/proc/sched_debug","/proc/scsi","/sys/firmware"],"ReadonlyPaths":["/proc/bus","/proc/fs","/proc/irq","/proc/sys","/proc/sysrq-trigger"]},"GraphDriver":{"Data":{"LowerDir":"/var/lib/docker/overlay2/b481eee7843c17772ada1734203524b4de76785735a50d4c68703d497db0e4ed-init/diff:/var/lib/docker/overlay2/4c6e20f032f02b27a9272f982861dc21998197aa90d94ed3bef95d449380247c/diff:/var/lib/docker/overlay2/0c75f828f603eff839bb3ca448163ab2a8017e86625ac255cd3dbf1673ddac26/diff:/var/lib/docker/overlay2/da128d897fda75829109844ce6cd9d73d0f54c682e735100af000ce899908729/diff:/var/lib/docker/overlay2/b678a1f261bf323afba6d76d91ab7428bdd6e1ef4a39b5224e4a1afd08c0423a/diff:/var/lib/docker/overlay2/1bec43b14875c5f9f814f146e8e31aa78566689c2c163da2ac60a32254988437/diff:/var/lib/docker/overlay2/28f4b1e6e1a7a2dbe30f1f94fb42bccd85a61faf8af1fe30a5bb0d442c525e41/diff:/var/lib/docker/overlay2/0f493124464c291d7c97d2633d5dff04b1dce5de904cb40a34dfbe7fe72e3fd4/diff:/var/lib/docker/overlay2/05befbee9e38cd670e1786b3310e99796dcc06abbed970007b4109a5424843fa/diff:/var/lib/docker/overlay2/582bcca9acfc4eef25109e1e1b9c9d104f355798455bc73e855c99283887a6e8/diff:/var/lib/docker/overlay2/153b3bf0b69e97e8f0e5533414a31ca33fa530e63d174c9617621abe46e7e9d1/diff:/var/lib/docker/overlay2/bf87a76c0a38875ee6e915fd0d2527eafa880ec6bf2c1cb294959428c18d10bd/diff","MergedDir":"/var/lib/docker/overlay2/b481eee7843c17772ada1734203524b4de76785735a50d4c68703d497db0e4ed/merged","UpperDir":"/var/lib/docker/overlay2/b481eee7843c17772ada1734203524b4de76785735a50d4c68703d497db0e4ed/diff","WorkDir":"/var/lib/docker/overlay2/b481eee7843c17772ada1734203524b4de76785735a50d4c68703d497db0e4ed/work"},"Name":"overlay2"},"Mounts":[{"Type":"volume","Name":"ec40278114b76af7b6535b952e685e04a98a51fa16363f5e9f0df1ce601f1dd5","Source":"/var/lib/docker/volumes/ec40278114b76af7b6535b952e685e04a98a51fa16363f5e9f0df1ce601f1dd5/_data","Destination":"/var/lib/mysql","Driver":"local","Mode":"","RW":true,"Propagation":""}],"Config":{"Hostname":"0739339bbc62","Domainname":"","User":"","AttachStdin":false,"AttachStdout":false,"AttachStderr":false,"ExposedPorts":{"3306/tcp":{}},"Tty":false,"OpenStdin":false,"StdinOnce":false,"Env":["MYSQL_DATABASE=test","MYSQL_PASSWORD=test","MYSQL_USER=test","MYSQL_ROOT_PASSWORD=test","PATH=/usr/local/sbin:/usr/local/bin:/usr/sbin:/usr/bin:/sbin:/bin","GOSU_VERSION=1.7","MYSQL_MAJOR=8.0","MYSQL_VERSION=8.0.0-dmr-1debian8"],"Cmd":["mysqld"],"Image":"mysql:8.0.0","Volumes":{"/var/lib/mysql":{}},"WorkingDir":"","Entrypoint":["docker-entrypoint.sh"],"OnBuild":null,"Labels":{"org.testcontainers":"true","org.testcontainers.lang":"java","org.testcontainers.sessionId":"f1b696c1-ec3f-4f95-afa8-081853be7ccb","org.testcontainers.version":"1.18.0"}},"NetworkSettings":{"Bridge":"","SandboxID":"d265e68e2afe307f1ab03fab083f2c0477cba31e9f26759f52b94e045d1847fb","HairpinMode":false,"LinkLocalIPv6Address":"","LinkLocalIPv6PrefixLen":0,"Ports":{"3306/tcp":[{"HostIp":"0.0.0.0","HostPort":"32782"},{"HostIp":"::","HostPort":"32782"}]},"SandboxKey":"/var/run/docker/netns/d265e68e2afe","SecondaryIPAddresses":null,"SecondaryIPv6Addresses":null,"EndpointID":"97b4c81a7665dcad3863174204db678dde492e2a2b2f11f6ef1c683b5d76146b","Gateway":"172.17.0.1","GlobalIPv6Address":"","GlobalIPv6PrefixLen":0,"IPAddress":"172.17.0.3","IPPrefixLen":16,"IPv6Gateway":"","MacAddress":"02:42:ac:11:00:03","Networks":{"bridge":{"IPAMConfig":null,"Links":null,"Aliases":null,"NetworkID":"e1a078e12eb8d77b497ed932f7fb43787eeb6ff6972febd7d03c9282b8b5cd45","EndpointID":"97b4c81a7665dcad3863174204db678dde492e2a2b2f11f6ef1c683b5d76146b","Gateway":"172.17.0.1","IPAddress":"172.17.0.3","IPPrefixLen":16,"IPv6Gateway":"","GlobalIPv6Address":"","GlobalIPv6PrefixLen":0,"MacAddress":"02:42:ac:11:00:03","DriverOpts":null}}}}[\n]"
&amp#27;[0;39m2023-05-08 13:19:07,971 [main] &amp#27;[39mDEBUG&amp#27;[0;39m &amp#27;[36mc.g.d.z.s.o.a.hc.client5.http.wire&amp#27;[0;39m - &amp#27;[32mhttp-outgoing-1 << "[\r][\n]"
&amp#27;[0;39m2023-05-08 13:19:07,971 [main] &amp#27;[39mDEBUG&amp#27;[0;39m &amp#27;[36mc.g.d.z.s.o.a.hc.client5.http.wire&amp#27;[0;39m - &amp#27;[32mhttp-outgoing-1 << "0[\r][\n]"
&amp#27;[0;39m2023-05-08 13:19:07,971 [main] &amp#27;[39mDEBUG&amp#27;[0;39m &amp#27;[36mc.g.d.z.s.o.a.hc.client5.http.wire&amp#27;[0;39m - &amp#27;[32mhttp-outgoing-1 << "[\r][\n]"
&amp#27;[0;39m2023-05-08 13:19:07,972 [main] &amp#27;[39mDEBUG&amp#27;[0;39m &amp#27;[36mc.g.d.z.s.o.a.h.client5.http.headers&amp#27;[0;39m - &amp#27;[32mhttp-outgoing-1 << HTTP/1.1 200 OK
&amp#27;[0;39m2023-05-08 13:19:07,972 [main] &amp#27;[39mDEBUG&amp#27;[0;39m &amp#27;[36mc.g.d.z.s.o.a.h.client5.http.headers&amp#27;[0;39m - &amp#27;[32mhttp-outgoing-1 << Api-Version: 1.42
&amp#27;[0;39m2023-05-08 13:19:07,972 [main] &amp#27;[39mDEBUG&amp#27;[0;39m &amp#27;[36mc.g.d.z.s.o.a.h.client5.http.headers&amp#27;[0;39m - &amp#27;[32mhttp-outgoing-1 << Content-Type: application/json
&amp#27;[0;39m2023-05-08 13:19:07,972 [main] &amp#27;[39mDEBUG&amp#27;[0;39m &amp#27;[36mc.g.d.z.s.o.a.h.client5.http.headers&amp#27;[0;39m - &amp#27;[32mhttp-outgoing-1 << Docker-Experimental: false
&amp#27;[0;39m2023-05-08 13:19:07,972 [main] &amp#27;[39mDEBUG&amp#27;[0;39m &amp#27;[36mc.g.d.z.s.o.a.h.client5.http.headers&amp#27;[0;39m - &amp#27;[32mhttp-outgoing-1 << Ostype: linux
&amp#27;[0;39m2023-05-08 13:19:07,972 [main] &amp#27;[39mDEBUG&amp#27;[0;39m &amp#27;[36mc.g.d.z.s.o.a.h.client5.http.headers&amp#27;[0;39m - &amp#27;[32mhttp-outgoing-1 << Server: Docker/23.0.5 (linux)
&amp#27;[0;39m2023-05-08 13:19:07,972 [main] &amp#27;[39mDEBUG&amp#27;[0;39m &amp#27;[36mc.g.d.z.s.o.a.h.client5.http.headers&amp#27;[0;39m - &amp#27;[32mhttp-outgoing-1 << Date: Mon, 08 May 2023 11:19:07 GMT
&amp#27;[0;39m2023-05-08 13:19:07,972 [main] &amp#27;[39mDEBUG&amp#27;[0;39m &amp#27;[36mc.g.d.z.s.o.a.h.client5.http.headers&amp#27;[0;39m - &amp#27;[32mhttp-outgoing-1 << Transfer-Encoding: chunked
&amp#27;[0;39m2023-05-08 13:19:07,972 [main] &amp#27;[39mDEBUG&amp#27;[0;39m &amp#27;[36mc.g.d.z.s.o.a.h.c.h.i.c.MainClientExec&amp#27;[0;39m - &amp#27;[32mex-00000096: connection can be kept alive for 3 MINUTES
&amp#27;[0;39m2023-05-08 13:19:07,973 [main] &amp#27;[39mDEBUG&amp#27;[0;39m &amp#27;[36mc.g.d.z.s.o.a.h.c.h.i.c.InternalHttpClient&amp#27;[0;39m - &amp#27;[32mep-00000095: releasing valid endpoint
&amp#27;[0;39m2023-05-08 13:19:07,973 [main] &amp#27;[39mDEBUG&amp#27;[0;39m &amp#27;[36mc.g.d.z.s.o.a.h.c.h.i.i.PoolingHttpClientConnectionManager&amp#27;[0;39m - &amp#27;[32mep-00000095: releasing endpoint
&amp#27;[0;39m2023-05-08 13:19:07,973 [main] &amp#27;[39mDEBUG&amp#27;[0;39m &amp#27;[36mc.g.d.z.s.o.a.h.c.h.i.i.PoolingHttpClientConnectionManager&amp#27;[0;39m - &amp#27;[32mep-00000095: connection http-outgoing-1 can be kept alive for 3 MINUTES
&amp#27;[0;39m2023-05-08 13:19:07,973 [main] &amp#27;[39mDEBUG&amp#27;[0;39m &amp#27;[36mc.g.d.z.s.o.a.h.c.h.i.i.PoolingHttpClientConnectionManager&amp#27;[0;39m - &amp#27;[32mep-00000095: connection released [route: {}->unix://localhost:2375][total available: 1; route allocated: 1 of 2147483647; total allocated: 1 of 2147483647]
&amp#27;[0;39m2023-05-08 13:19:07,973 [main] &amp#27;[39mDEBUG&amp#27;[0;39m &amp#27;[36mtc.mysql:8.0.0&amp#27;[0;39m - &amp#27;[32mTrying to create JDBC connection using com.mysql.cj.jdbc.Driver to jdbc:mysql://localhost:32782/test?useSSL=false&allowPublicKeyRetrieval=true with properties: {password=test, user=test}
&amp#27;[0;39m2023-05-08 13:19:08,075 [main] &amp#27;[39mDEBUG&amp#27;[0;39m &amp#27;[36mo.t.s.c.g.d.c.command.AbstrDockerCmd&amp#27;[0;39m - &amp#27;[32mCmd: 0739339bbc624082fb5e41f62f4a622236ffe4974bf12b2847105b726085e02b,false
&amp#27;[0;39m2023-05-08 13:19:08,075 [main] &amp#27;[39mDEBUG&amp#27;[0;39m &amp#27;[36mo.t.s.c.g.d.c.e.InspectContainerCmdExec&amp#27;[0;39m - &amp#27;[32mGET: DefaultWebTarget{path=[/containers/0739339bbc624082fb5e41f62f4a622236ffe4974bf12b2847105b726085e02b/json], queryParams={}}
&amp#27;[0;39m2023-05-08 13:19:08,075 [main] &amp#27;[39mDEBUG&amp#27;[0;39m &amp#27;[36mc.g.d.z.s.o.a.h.c.h.i.c.InternalHttpClient&amp#27;[0;39m - &amp#27;[32mex-00000097: preparing request execution
&amp#27;[0;39m2023-05-08 13:19:08,075 [main] &amp#27;[39mDEBUG&amp#27;[0;39m &amp#27;[36mc.g.d.z.s.o.a.h.c.h.p.RequestAddCookies&amp#27;[0;39m - &amp#27;[32mCookie spec selected: strict
&amp#27;[0;39m2023-05-08 13:19:08,075 [main] &amp#27;[39mDEBUG&amp#27;[0;39m &amp#27;[36mc.g.d.z.s.o.a.h.c.h.p.RequestAuthCache&amp#27;[0;39m - &amp#27;[32mAuth cache not set in the context
&amp#27;[0;39m2023-05-08 13:19:08,075 [main] &amp#27;[39mDEBUG&amp#27;[0;39m &amp#27;[36mc.g.d.z.s.o.a.h.c.h.i.c.ProtocolExec&amp#27;[0;39m - &amp#27;[32mex-00000097: target auth state: UNCHALLENGED
&amp#27;[0;39m2023-05-08 13:19:08,075 [main] &amp#27;[39mDEBUG&amp#27;[0;39m &amp#27;[36mc.g.d.z.s.o.a.h.c.h.i.c.ProtocolExec&amp#27;[0;39m - &amp#27;[32mex-00000097: proxy auth state: UNCHALLENGED
&amp#27;[0;39m2023-05-08 13:19:08,075 [main] &amp#27;[39mDEBUG&amp#27;[0;39m &amp#27;[36mc.g.d.z.s.o.a.h.c.h.i.c.ConnectExec&amp#27;[0;39m - &amp#27;[32mex-00000097: acquiring connection with route {}->unix://localhost:2375
&amp#27;[0;39m2023-05-08 13:19:08,075 [main] &amp#27;[39mDEBUG&amp#27;[0;39m &amp#27;[36mc.g.d.z.s.o.a.h.c.h.i.c.InternalHttpClient&amp#27;[0;39m - &amp#27;[32mex-00000097: acquiring endpoint (3 MINUTES)
&amp#27;[0;39m2023-05-08 13:19:08,075 [main] &amp#27;[39mDEBUG&amp#27;[0;39m &amp#27;[36mc.g.d.z.s.o.a.h.c.h.i.i.PoolingHttpClientConnectionManager&amp#27;[0;39m - &amp#27;[32mex-00000097: endpoint lease request (3 MINUTES) [route: {}->unix://localhost:2375][total available: 1; route allocated: 1 of 2147483647; total allocated: 1 of 2147483647]
&amp#27;[0;39m2023-05-08 13:19:08,075 [main] &amp#27;[39mDEBUG&amp#27;[0;39m &amp#27;[36mc.g.d.z.s.o.a.h.c.h.i.i.PoolingHttpClientConnectionManager&amp#27;[0;39m - &amp#27;[32mex-00000097: endpoint leased [route: {}->unix://localhost:2375][total available: 0; route allocated: 1 of 2147483647; total allocated: 1 of 2147483647]
&amp#27;[0;39m2023-05-08 13:19:08,076 [main] &amp#27;[39mDEBUG&amp#27;[0;39m &amp#27;[36mc.g.d.z.s.o.a.h.c.h.i.i.PoolingHttpClientConnectionManager&amp#27;[0;39m - &amp#27;[32mex-00000097: acquired ep-00000096
&amp#27;[0;39m2023-05-08 13:19:08,076 [main] &amp#27;[39mDEBUG&amp#27;[0;39m &amp#27;[36mc.g.d.z.s.o.a.h.c.h.i.c.InternalHttpClient&amp#27;[0;39m - &amp#27;[32mex-00000097: acquired endpoint ep-00000096
&amp#27;[0;39m2023-05-08 13:19:08,076 [main] &amp#27;[39mDEBUG&amp#27;[0;39m &amp#27;[36mc.g.d.z.s.o.a.h.c.h.i.c.MainClientExec&amp#27;[0;39m - &amp#27;[32mex-00000097: executing GET /v1.32/containers/0739339bbc624082fb5e41f62f4a622236ffe4974bf12b2847105b726085e02b/json HTTP/1.1
&amp#27;[0;39m2023-05-08 13:19:08,076 [main] &amp#27;[39mDEBUG&amp#27;[0;39m &amp#27;[36mc.g.d.z.s.o.a.h.c.h.i.c.InternalHttpClient&amp#27;[0;39m - &amp#27;[32mep-00000096: start execution ex-00000097
&amp#27;[0;39m2023-05-08 13:19:08,076 [main] &amp#27;[39mDEBUG&amp#27;[0;39m &amp#27;[36mc.g.d.z.s.o.a.h.c.h.i.i.PoolingHttpClientConnectionManager&amp#27;[0;39m - &amp#27;[32mep-00000096: executing exchange ex-00000097 over http-outgoing-1
&amp#27;[0;39m2023-05-08 13:19:08,076 [main] &amp#27;[39mDEBUG&amp#27;[0;39m &amp#27;[36mc.g.d.z.s.o.a.h.client5.http.headers&amp#27;[0;39m - &amp#27;[32mhttp-outgoing-1 >> GET /v1.32/containers/0739339bbc624082fb5e41f62f4a622236ffe4974bf12b2847105b726085e02b/json HTTP/1.1
&amp#27;[0;39m2023-05-08 13:19:08,076 [main] &amp#27;[39mDEBUG&amp#27;[0;39m &amp#27;[36mc.g.d.z.s.o.a.h.client5.http.headers&amp#27;[0;39m - &amp#27;[32mhttp-outgoing-1 >> accept: application/json
&amp#27;[0;39m2023-05-08 13:19:08,076 [main] &amp#27;[39mDEBUG&amp#27;[0;39m &amp#27;[36mc.g.d.z.s.o.a.h.client5.http.headers&amp#27;[0;39m - &amp#27;[32mhttp-outgoing-1 >> x-tc-sid: f1b696c1-ec3f-4f95-afa8-081853be7ccb
&amp#27;[0;39m2023-05-08 13:19:08,076 [main] &amp#27;[39mDEBUG&amp#27;[0;39m &amp#27;[36mc.g.d.z.s.o.a.h.client5.http.headers&amp#27;[0;39m - &amp#27;[32mhttp-outgoing-1 >> Accept-Encoding: gzip, x-gzip, deflate
&amp#27;[0;39m2023-05-08 13:19:08,076 [main] &amp#27;[39mDEBUG&amp#27;[0;39m &amp#27;[36mc.g.d.z.s.o.a.h.client5.http.headers&amp#27;[0;39m - &amp#27;[32mhttp-outgoing-1 >> Host: localhost:2375
&amp#27;[0;39m2023-05-08 13:19:08,076 [main] &amp#27;[39mDEBUG&amp#27;[0;39m &amp#27;[36mc.g.d.z.s.o.a.h.client5.http.headers&amp#27;[0;39m - &amp#27;[32mhttp-outgoing-1 >> Connection: keep-alive
&amp#27;[0;39m2023-05-08 13:19:08,076 [main] &amp#27;[39mDEBUG&amp#27;[0;39m &amp#27;[36mc.g.d.z.s.o.a.h.client5.http.headers&amp#27;[0;39m - &amp#27;[32mhttp-outgoing-1 >> User-Agent: Apache-HttpClient/5.0.3 (Java/17.0.6)
&amp#27;[0;39m2023-05-08 13:19:08,076 [main] &amp#27;[39mDEBUG&amp#27;[0;39m &amp#27;[36mc.g.d.z.s.o.a.hc.client5.http.wire&amp#27;[0;39m - &amp#27;[32mhttp-outgoing-1 >> "GET /v1.32/containers/0739339bbc624082fb5e41f62f4a622236ffe4974bf12b2847105b726085e02b/json HTTP/1.1[\r][\n]"
&amp#27;[0;39m2023-05-08 13:19:08,076 [main] &amp#27;[39mDEBUG&amp#27;[0;39m &amp#27;[36mc.g.d.z.s.o.a.hc.client5.http.wire&amp#27;[0;39m - &amp#27;[32mhttp-outgoing-1 >> "accept: application/json[\r][\n]"
&amp#27;[0;39m2023-05-08 13:19:08,076 [main] &amp#27;[39mDEBUG&amp#27;[0;39m &amp#27;[36mc.g.d.z.s.o.a.hc.client5.http.wire&amp#27;[0;39m - &amp#27;[32mhttp-outgoing-1 >> "x-tc-sid: f1b696c1-ec3f-4f95-afa8-081853be7ccb[\r][\n]"
&amp#27;[0;39m2023-05-08 13:19:08,076 [main] &amp#27;[39mDEBUG&amp#27;[0;39m &amp#27;[36mc.g.d.z.s.o.a.hc.client5.http.wire&amp#27;[0;39m - &amp#27;[32mhttp-outgoing-1 >> "Accept-Encoding: gzip, x-gzip, deflate[\r][\n]"
&amp#27;[0;39m2023-05-08 13:19:08,076 [main] &amp#27;[39mDEBUG&amp#27;[0;39m &amp#27;[36mc.g.d.z.s.o.a.hc.client5.http.wire&amp#27;[0;39m - &amp#27;[32mhttp-outgoing-1 >> "Host: localhost:2375[\r][\n]"
&amp#27;[0;39m2023-05-08 13:19:08,076 [main] &amp#27;[39mDEBUG&amp#27;[0;39m &amp#27;[36mc.g.d.z.s.o.a.hc.client5.http.wire&amp#27;[0;39m - &amp#27;[32mhttp-outgoing-1 >> "Connection: keep-alive[\r][\n]"
&amp#27;[0;39m2023-05-08 13:19:08,076 [main] &amp#27;[39mDEBUG&amp#27;[0;39m &amp#27;[36mc.g.d.z.s.o.a.hc.client5.http.wire&amp#27;[0;39m - &amp#27;[32mhttp-outgoing-1 >> "User-Agent: Apache-HttpClient/5.0.3 (Java/17.0.6)[\r][\n]"
&amp#27;[0;39m2023-05-08 13:19:08,076 [main] &amp#27;[39mDEBUG&amp#27;[0;39m &amp#27;[36mc.g.d.z.s.o.a.hc.client5.http.wire&amp#27;[0;39m - &amp#27;[32mhttp-outgoing-1 >> "[\r][\n]"
&amp#27;[0;39m2023-05-08 13:19:08,076 [main] &amp#27;[39mDEBUG&amp#27;[0;39m &amp#27;[36mc.g.d.z.s.o.a.hc.client5.http.wire&amp#27;[0;39m - &amp#27;[32mhttp-outgoing-1 << "HTTP/1.1 200 OK[\r][\n]"
&amp#27;[0;39m2023-05-08 13:19:08,076 [main] &amp#27;[39mDEBUG&amp#27;[0;39m &amp#27;[36mc.g.d.z.s.o.a.hc.client5.http.wire&amp#27;[0;39m - &amp#27;[32mhttp-outgoing-1 << "Api-Version: 1.42[\r][\n]"
&amp#27;[0;39m2023-05-08 13:19:08,076 [main] &amp#27;[39mDEBUG&amp#27;[0;39m &amp#27;[36mc.g.d.z.s.o.a.hc.client5.http.wire&amp#27;[0;39m - &amp#27;[32mhttp-outgoing-1 << "Content-Type: application/json[\r][\n]"
&amp#27;[0;39m2023-05-08 13:19:08,076 [main] &amp#27;[39mDEBUG&amp#27;[0;39m &amp#27;[36mc.g.d.z.s.o.a.hc.client5.http.wire&amp#27;[0;39m - &amp#27;[32mhttp-outgoing-1 << "Docker-Experimental: false[\r][\n]"
&amp#27;[0;39m2023-05-08 13:19:08,076 [main] &amp#27;[39mDEBUG&amp#27;[0;39m &amp#27;[36mc.g.d.z.s.o.a.hc.client5.http.wire&amp#27;[0;39m - &amp#27;[32mhttp-outgoing-1 << "Ostype: linux[\r][\n]"
&amp#27;[0;39m2023-05-08 13:19:08,076 [main] &amp#27;[39mDEBUG&amp#27;[0;39m &amp#27;[36mc.g.d.z.s.o.a.hc.client5.http.wire&amp#27;[0;39m - &amp#27;[32mhttp-outgoing-1 << "Server: Docker/23.0.5 (linux)[\r][\n]"
&amp#27;[0;39m2023-05-08 13:19:08,076 [main] &amp#27;[39mDEBUG&amp#27;[0;39m &amp#27;[36mc.g.d.z.s.o.a.hc.client5.http.wire&amp#27;[0;39m - &amp#27;[32mhttp-outgoing-1 << "Date: Mon, 08 May 2023 11:19:08 GMT[\r][\n]"
&amp#27;[0;39m2023-05-08 13:19:08,076 [main] &amp#27;[39mDEBUG&amp#27;[0;39m &amp#27;[36mc.g.d.z.s.o.a.hc.client5.http.wire&amp#27;[0;39m - &amp#27;[32mhttp-outgoing-1 << "Transfer-Encoding: chunked[\r][\n]"
&amp#27;[0;39m2023-05-08 13:19:08,076 [main] &amp#27;[39mDEBUG&amp#27;[0;39m &amp#27;[36mc.g.d.z.s.o.a.hc.client5.http.wire&amp#27;[0;39m - &amp#27;[32mhttp-outgoing-1 << "[\r][\n]"
&amp#27;[0;39m2023-05-08 13:19:08,076 [main] &amp#27;[39mDEBUG&amp#27;[0;39m &amp#27;[36mc.g.d.z.s.o.a.hc.client5.http.wire&amp#27;[0;39m - &amp#27;[32mhttp-outgoing-1 << "1893[\r][\n]"
&amp#27;[0;39m2023-05-08 13:19:08,076 [main] &amp#27;[39mDEBUG&amp#27;[0;39m &amp#27;[36mc.g.d.z.s.o.a.hc.client5.http.wire&amp#27;[0;39m - &amp#27;[32mhttp-outgoing-1 << "{"Id":"0739339bbc624082fb5e41f62f4a622236ffe4974bf12b2847105b726085e02b","Created":"2023-05-08T11:19:01.771856188Z","Path":"docker-entrypoint.sh","Args":["mysqld"],"State":{"Status":"running","Running":true,"Paused":false,"Restarting":false,"OOMKilled":false,"Dead":false,"Pid":59514,"ExitCode":0,"Error":"","StartedAt":"2023-05-08T11:19:02.113674386Z","FinishedAt":"0001-01-01T00:00:00Z"},"Image":"sha256:228d71078f8ce5ae9fd96b183f88c3a90e30544b4b7ce9d64a238d05fef2a681","ResolvConfPath":"/var/lib/docker/containers/0739339bbc624082fb5e41f62f4a622236ffe4974bf12b2847105b726085e02b/resolv.conf","HostnamePath":"/var/lib/docker/containers/0739339bbc624082fb5e41f62f4a622236ffe4974bf12b2847105b726085e02b/hostname","HostsPath":"/var/lib/docker/containers/0739339bbc624082fb5e41f62f4a622236ffe4974bf12b2847105b726085e02b/hosts","LogPath":"/var/lib/docker/containers/0739339bbc624082fb5e41f62f4a622236ffe4974bf12b2847105b726085e02b/0739339bbc624082fb5e41f62f4a622236ffe4974bf12b2847105b726085e02b-json.log","Name":"/intelligent_galileo","RestartCount":0,"Driver":"overlay2","Platform":"linux","MountLabel":"","ProcessLabel":"","AppArmorProfile":"docker-default","ExecIDs":null,"HostConfig":{"Binds":[],"ContainerIDFile":"","LogConfig":{"Type":"json-file","Config":{}},"NetworkMode":"default","PortBindings":{"3306/tcp":[{"HostIp":"","HostPort":""}]},"RestartPolicy":{"Name":"","MaximumRetryCount":0},"AutoRemove":false,"VolumeDriver":"","VolumesFrom":[],"ConsoleSize":[0,0],"CapAdd":null,"CapDrop":null,"CgroupnsMode":"private","Dns":null,"DnsOptions":null,"DnsSearch":null,"ExtraHosts":[],"GroupAdd":null,"IpcMode":"shareable","Cgroup":"","Links":null,"OomScoreAdj":0,"PidMode":"","Privileged":false,"PublishAllPorts":false,"ReadonlyRootfs":false,"SecurityOpt":null,"UTSMode":"","UsernsMode":"","ShmSize":67108864,"Runtime":"runc","Isolation":"","CpuShares":0,"Memory":0,"NanoCpus":0,"CgroupParent":"","BlkioWeight":0,"BlkioWeightDevice":null,"BlkioDeviceReadBps":null,"BlkioDeviceWriteBps":null,"BlkioDeviceReadIOps":null,"BlkioDeviceWriteIOps":null,"CpuPeriod":0,"CpuQuota":0,"CpuRealtimePeriod":0,"CpuRealtimeRuntime":0,"CpusetCpus":"","CpusetMems":"","Devices":null,"DeviceCgroupRules":null,"DeviceRequests":null,"MemoryReservation":0,"MemorySwap":0,"MemorySwappiness":null,"OomKillDisable":null,"PidsLimit":null,"Ulimits":null,"CpuCount":0,"CpuPercent":0,"IOMaximumIOps":0,"IOMaximumBandwidth":0,"MaskedPaths":["/proc/asound","/proc/acpi","/proc/kcore","/proc/keys","/proc/latency_stats","/proc/timer_list","/proc/timer_stats","/proc/sched_debug","/proc/scsi","/sys/firmware"],"ReadonlyPaths":["/proc/bus","/proc/fs","/proc/irq","/proc/sys","/proc/sysrq-trigger"]},"GraphDriver":{"Data":{"LowerDir":"/var/lib/docker/overlay2/b481eee7843c17772ada1734203524b4de76785735a50d4c68703d497db0e4ed-init/diff:/var/lib/docker/overlay2/4c6e20f032f02b27a9272f982861dc21998197aa90d94ed3bef95d449380247c/diff:/var/lib/docker/overlay2/0c75f828f603eff839bb3ca448163ab2a8017e86625ac255cd3dbf1673ddac26/diff:/var/lib/docker/overlay2/da128d897fda75829109844ce6cd9d73d0f54c682e735100af000ce899908729/diff:/var/lib/docker/overlay2/b678a1f261bf323afba6d76d91ab7428bdd6e1ef4a39b5224e4a1afd08c0423a/diff:/var/lib/docker/overlay2/1bec43b14875c5f9f814f146e8e31aa78566689c2c163da2ac60a32254988437/diff:/var/lib/docker/overlay2/28f4b1e6e1a7a2dbe30f1f94fb42bccd85a61faf8af1fe30a5bb0d442c525e41/diff:/var/lib/docker/overlay2/0f493124464c291d7c97d2633d5dff04b1dce5de904cb40a34dfbe7fe72e3fd4/diff:/var/lib/docker/overlay2/05befbee9e38cd670e1786b3310e99796dcc06abbed970007b4109a5424843fa/diff:/var/lib/docker/overlay2/582bcca9acfc4eef25109e1e1b9c9d104f355798455bc73e855c99283887a6e8/diff:/var/lib/docker/overlay2/153b3bf0b69e97e8f0e5533414a31ca33fa530e63d174c9617621abe46e7e9d1/diff:/var/lib/docker/overlay2/bf87a76c0a38875ee6e915fd0d2527eafa880ec6bf2c1cb294959428c18d10bd/diff","MergedDir":"/var/lib/docker/overlay2/b481eee7843c17772ada1734203524b4de76785735a50d4c68703d497db0e4ed/merged","UpperDir":"/var/lib/docker/overlay2/b481eee7843c17772ada1734203524b4de76785735a50d4c68703d497db0e4ed/diff","WorkDir":"/var/lib/docker/overlay2/b481eee7843c17772ada1734203524b4de76785735a50d4c68703d497db0e4ed/work"},"Name":"overlay2"},"Mounts":[{"Type":"volume","Name":"ec40278114b76af7b6535b952e685e04a98a51fa16363f5e9f0df1ce601f1dd5","Source":"/var/lib/docker/volumes/ec40278114b76af7b6535b952e685e04a98a51fa16363f5e9f0df1ce601f1dd5/_data","Destination":"/var/lib/mysql","Driver":"local","Mode":"","RW":true,"Propagation":""}],"Config":{"Hostname":"0739339bbc62","Domainname":"","User":"","AttachStdin":false,"AttachStdout":false,"AttachStderr":false,"ExposedPorts":{"3306/tcp":{}},"Tty":false,"OpenStdin":false,"StdinOnce":false,"Env":["MYSQL_DATABASE=test","MYSQL_PASSWORD=test","MYSQL_USER=test","MYSQL_ROOT_PASSWORD=test","PATH=/usr/local/sbin:/usr/local/bin:/usr/sbin:/usr/bin:/sbin:/bin","GOSU_VERSION=1.7","MYSQL_MAJOR=8.0","MYSQL_VERSION=8.0.0-dmr-1debian8"],"Cmd":["mysqld"],"Image":"mysql:8.0.0","Volumes":{"/var/lib/mysql":{}},"WorkingDir":"","Entrypoint":["docker-entrypoint.sh"],"OnBuild":null,"Labels":{"org.testcontainers":"true","org.testcontainers.lang":"java","org.testcontainers.sessionId":"f1b696c1-ec3f-4f95-afa8-081853be7ccb","org.testcontainers.version":"1.18.0"}},"NetworkSettings":{"Bridge":"","SandboxID":"d265e68e2afe307f1ab03fab083f2c0477cba31e9f26759f52b94e045d1847fb","HairpinMode":false,"LinkLocalIPv6Address":"","LinkLocalIPv6PrefixLen":0,"Ports":{"3306/tcp":[{"HostIp":"0.0.0.0","HostPort":"32782"},{"HostIp":"::","HostPort":"32782"}]},"SandboxKey":"/var/run/docker/netns/d265e68e2afe","SecondaryIPAddresses":null,"SecondaryIPv6Addresses":null,"EndpointID":"97b4c81a7665dcad3863174204db678dde492e2a2b2f11f6ef1c683b5d76146b","Gateway":"172.17.0.1","GlobalIPv6Address":"","GlobalIPv6PrefixLen":0,"IPAddress":"172.17.0.3","IPPrefixLen":16,"IPv6Gateway":"","MacAddress":"02:42:ac:11:00:03","Networks":{"bridge":{"IPAMConfig":null,"Links":null,"Aliases":null,"NetworkID":"e1a078e12eb8d77b497ed932f7fb43787eeb6ff6972febd7d03c9282b8b5cd45","EndpointID":"97b4c81a7665dcad3863174204db678dde492e2a2b2f11f6ef1c683b5d76146b","Gateway":"172.17.0.1","IPAddress":"172.17.0.3","IPPrefixLen":16,"IPv6Gateway":"","GlobalIPv6Address":"","GlobalIPv6PrefixLen":0,"MacAddress":"02:42:ac:11:00:03","DriverOpts":null}}}}[\n]"
&amp#27;[0;39m2023-05-08 13:19:08,076 [main] &amp#27;[39mDEBUG&amp#27;[0;39m &amp#27;[36mc.g.d.z.s.o.a.hc.client5.http.wire&amp#27;[0;39m - &amp#27;[32mhttp-outgoing-1 << "[\r][\n]"
&amp#27;[0;39m2023-05-08 13:19:08,076 [main] &amp#27;[39mDEBUG&amp#27;[0;39m &amp#27;[36mc.g.d.z.s.o.a.hc.client5.http.wire&amp#27;[0;39m - &amp#27;[32mhttp-outgoing-1 << "0[\r][\n]"
&amp#27;[0;39m2023-05-08 13:19:08,076 [main] &amp#27;[39mDEBUG&amp#27;[0;39m &amp#27;[36mc.g.d.z.s.o.a.hc.client5.http.wire&amp#27;[0;39m - &amp#27;[32mhttp-outgoing-1 << "[\r][\n]"
&amp#27;[0;39m2023-05-08 13:19:08,076 [main] &amp#27;[39mDEBUG&amp#27;[0;39m &amp#27;[36mc.g.d.z.s.o.a.h.client5.http.headers&amp#27;[0;39m - &amp#27;[32mhttp-outgoing-1 << HTTP/1.1 200 OK
&amp#27;[0;39m2023-05-08 13:19:08,076 [main] &amp#27;[39mDEBUG&amp#27;[0;39m &amp#27;[36mc.g.d.z.s.o.a.h.client5.http.headers&amp#27;[0;39m - &amp#27;[32mhttp-outgoing-1 << Api-Version: 1.42
&amp#27;[0;39m2023-05-08 13:19:08,076 [main] &amp#27;[39mDEBUG&amp#27;[0;39m &amp#27;[36mc.g.d.z.s.o.a.h.client5.http.headers&amp#27;[0;39m - &amp#27;[32mhttp-outgoing-1 << Content-Type: application/json
&amp#27;[0;39m2023-05-08 13:19:08,076 [main] &amp#27;[39mDEBUG&amp#27;[0;39m &amp#27;[36mc.g.d.z.s.o.a.h.client5.http.headers&amp#27;[0;39m - &amp#27;[32mhttp-outgoing-1 << Docker-Experimental: false
&amp#27;[0;39m2023-05-08 13:19:08,076 [main] &amp#27;[39mDEBUG&amp#27;[0;39m &amp#27;[36mc.g.d.z.s.o.a.h.client5.http.headers&amp#27;[0;39m - &amp#27;[32mhttp-outgoing-1 << Ostype: linux
&amp#27;[0;39m2023-05-08 13:19:08,076 [main] &amp#27;[39mDEBUG&amp#27;[0;39m &amp#27;[36mc.g.d.z.s.o.a.h.client5.http.headers&amp#27;[0;39m - &amp#27;[32mhttp-outgoing-1 << Server: Docker/23.0.5 (linux)
&amp#27;[0;39m2023-05-08 13:19:08,076 [main] &amp#27;[39mDEBUG&amp#27;[0;39m &amp#27;[36mc.g.d.z.s.o.a.h.client5.http.headers&amp#27;[0;39m - &amp#27;[32mhttp-outgoing-1 << Date: Mon, 08 May 2023 11:19:08 GMT
&amp#27;[0;39m2023-05-08 13:19:08,076 [main] &amp#27;[39mDEBUG&amp#27;[0;39m &amp#27;[36mc.g.d.z.s.o.a.h.client5.http.headers&amp#27;[0;39m - &amp#27;[32mhttp-outgoing-1 << Transfer-Encoding: chunked
&amp#27;[0;39m2023-05-08 13:19:08,076 [main] &amp#27;[39mDEBUG&amp#27;[0;39m &amp#27;[36mc.g.d.z.s.o.a.h.c.h.i.c.MainClientExec&amp#27;[0;39m - &amp#27;[32mex-00000097: connection can be kept alive for 3 MINUTES
&amp#27;[0;39m2023-05-08 13:19:08,077 [main] &amp#27;[39mDEBUG&amp#27;[0;39m &amp#27;[36mc.g.d.z.s.o.a.h.c.h.i.c.InternalHttpClient&amp#27;[0;39m - &amp#27;[32mep-00000096: releasing valid endpoint
&amp#27;[0;39m2023-05-08 13:19:08,077 [main] &amp#27;[39mDEBUG&amp#27;[0;39m &amp#27;[36mc.g.d.z.s.o.a.h.c.h.i.i.PoolingHttpClientConnectionManager&amp#27;[0;39m - &amp#27;[32mep-00000096: releasing endpoint
&amp#27;[0;39m2023-05-08 13:19:08,077 [main] &amp#27;[39mDEBUG&amp#27;[0;39m &amp#27;[36mc.g.d.z.s.o.a.h.c.h.i.i.PoolingHttpClientConnectionManager&amp#27;[0;39m - &amp#27;[32mep-00000096: connection http-outgoing-1 can be kept alive for 3 MINUTES
&amp#27;[0;39m2023-05-08 13:19:08,077 [main] &amp#27;[39mDEBUG&amp#27;[0;39m &amp#27;[36mc.g.d.z.s.o.a.h.c.h.i.i.PoolingHttpClientConnectionManager&amp#27;[0;39m - &amp#27;[32mep-00000096: connection released [route: {}->unix://localhost:2375][total available: 1; route allocated: 1 of 2147483647; total allocated: 1 of 2147483647]
&amp#27;[0;39m2023-05-08 13:19:08,077 [main] &amp#27;[39mDEBUG&amp#27;[0;39m &amp#27;[36mtc.mysql:8.0.0&amp#27;[0;39m - &amp#27;[32mTrying to create JDBC connection using com.mysql.cj.jdbc.Driver to jdbc:mysql://localhost:32782/test?useSSL=false&allowPublicKeyRetrieval=true with properties: {password=test, user=test}
&amp#27;[0;39m2023-05-08 13:19:08,178 [main] &amp#27;[39mDEBUG&amp#27;[0;39m &amp#27;[36mo.t.s.c.g.d.c.command.AbstrDockerCmd&amp#27;[0;39m - &amp#27;[32mCmd: 0739339bbc624082fb5e41f62f4a622236ffe4974bf12b2847105b726085e02b,false
&amp#27;[0;39m2023-05-08 13:19:08,179 [main] &amp#27;[39mDEBUG&amp#27;[0;39m &amp#27;[36mo.t.s.c.g.d.c.e.InspectContainerCmdExec&amp#27;[0;39m - &amp#27;[32mGET: DefaultWebTarget{path=[/containers/0739339bbc624082fb5e41f62f4a622236ffe4974bf12b2847105b726085e02b/json], queryParams={}}
&amp#27;[0;39m2023-05-08 13:19:08,179 [main] &amp#27;[39mDEBUG&amp#27;[0;39m &amp#27;[36mc.g.d.z.s.o.a.h.c.h.i.c.InternalHttpClient&amp#27;[0;39m - &amp#27;[32mex-00000098: preparing request execution
&amp#27;[0;39m2023-05-08 13:19:08,179 [main] &amp#27;[39mDEBUG&amp#27;[0;39m &amp#27;[36mc.g.d.z.s.o.a.h.c.h.p.RequestAddCookies&amp#27;[0;39m - &amp#27;[32mCookie spec selected: strict
&amp#27;[0;39m2023-05-08 13:19:08,179 [main] &amp#27;[39mDEBUG&amp#27;[0;39m &amp#27;[36mc.g.d.z.s.o.a.h.c.h.p.RequestAuthCache&amp#27;[0;39m - &amp#27;[32mAuth cache not set in the context
&amp#27;[0;39m2023-05-08 13:19:08,179 [main] &amp#27;[39mDEBUG&amp#27;[0;39m &amp#27;[36mc.g.d.z.s.o.a.h.c.h.i.c.ProtocolExec&amp#27;[0;39m - &amp#27;[32mex-00000098: target auth state: UNCHALLENGED
&amp#27;[0;39m2023-05-08 13:19:08,179 [main] &amp#27;[39mDEBUG&amp#27;[0;39m &amp#27;[36mc.g.d.z.s.o.a.h.c.h.i.c.ProtocolExec&amp#27;[0;39m - &amp#27;[32mex-00000098: proxy auth state: UNCHALLENGED
&amp#27;[0;39m2023-05-08 13:19:08,179 [main] &amp#27;[39mDEBUG&amp#27;[0;39m &amp#27;[36mc.g.d.z.s.o.a.h.c.h.i.c.ConnectExec&amp#27;[0;39m - &amp#27;[32mex-00000098: acquiring connection with route {}->unix://localhost:2375
&amp#27;[0;39m2023-05-08 13:19:08,179 [main] &amp#27;[39mDEBUG&amp#27;[0;39m &amp#27;[36mc.g.d.z.s.o.a.h.c.h.i.c.InternalHttpClient&amp#27;[0;39m - &amp#27;[32mex-00000098: acquiring endpoint (3 MINUTES)
&amp#27;[0;39m2023-05-08 13:19:08,179 [main] &amp#27;[39mDEBUG&amp#27;[0;39m &amp#27;[36mc.g.d.z.s.o.a.h.c.h.i.i.PoolingHttpClientConnectionManager&amp#27;[0;39m - &amp#27;[32mex-00000098: endpoint lease request (3 MINUTES) [route: {}->unix://localhost:2375][total available: 1; route allocated: 1 of 2147483647; total allocated: 1 of 2147483647]
&amp#27;[0;39m2023-05-08 13:19:08,179 [main] &amp#27;[39mDEBUG&amp#27;[0;39m &amp#27;[36mc.g.d.z.s.o.a.h.c.h.i.i.PoolingHttpClientConnectionManager&amp#27;[0;39m - &amp#27;[32mex-00000098: endpoint leased [route: {}->unix://localhost:2375][total available: 0; route allocated: 1 of 2147483647; total allocated: 1 of 2147483647]
&amp#27;[0;39m2023-05-08 13:19:08,179 [main] &amp#27;[39mDEBUG&amp#27;[0;39m &amp#27;[36mc.g.d.z.s.o.a.h.c.h.i.i.PoolingHttpClientConnectionManager&amp#27;[0;39m - &amp#27;[32mex-00000098: acquired ep-00000097
&amp#27;[0;39m2023-05-08 13:19:08,179 [main] &amp#27;[39mDEBUG&amp#27;[0;39m &amp#27;[36mc.g.d.z.s.o.a.h.c.h.i.c.InternalHttpClient&amp#27;[0;39m - &amp#27;[32mex-00000098: acquired endpoint ep-00000097
&amp#27;[0;39m2023-05-08 13:19:08,179 [main] &amp#27;[39mDEBUG&amp#27;[0;39m &amp#27;[36mc.g.d.z.s.o.a.h.c.h.i.c.MainClientExec&amp#27;[0;39m - &amp#27;[32mex-00000098: executing GET /v1.32/containers/0739339bbc624082fb5e41f62f4a622236ffe4974bf12b2847105b726085e02b/json HTTP/1.1
&amp#27;[0;39m2023-05-08 13:19:08,179 [main] &amp#27;[39mDEBUG&amp#27;[0;39m &amp#27;[36mc.g.d.z.s.o.a.h.c.h.i.c.InternalHttpClient&amp#27;[0;39m - &amp#27;[32mep-00000097: start execution ex-00000098
&amp#27;[0;39m2023-05-08 13:19:08,179 [main] &amp#27;[39mDEBUG&amp#27;[0;39m &amp#27;[36mc.g.d.z.s.o.a.h.c.h.i.i.PoolingHttpClientConnectionManager&amp#27;[0;39m - &amp#27;[32mep-00000097: executing exchange ex-00000098 over http-outgoing-1
&amp#27;[0;39m2023-05-08 13:19:08,179 [main] &amp#27;[39mDEBUG&amp#27;[0;39m &amp#27;[36mc.g.d.z.s.o.a.h.client5.http.headers&amp#27;[0;39m - &amp#27;[32mhttp-outgoing-1 >> GET /v1.32/containers/0739339bbc624082fb5e41f62f4a622236ffe4974bf12b2847105b726085e02b/json HTTP/1.1
&amp#27;[0;39m2023-05-08 13:19:08,179 [main] &amp#27;[39mDEBUG&amp#27;[0;39m &amp#27;[36mc.g.d.z.s.o.a.h.client5.http.headers&amp#27;[0;39m - &amp#27;[32mhttp-outgoing-1 >> accept: application/json
&amp#27;[0;39m2023-05-08 13:19:08,179 [main] &amp#27;[39mDEBUG&amp#27;[0;39m &amp#27;[36mc.g.d.z.s.o.a.h.client5.http.headers&amp#27;[0;39m - &amp#27;[32mhttp-outgoing-1 >> x-tc-sid: f1b696c1-ec3f-4f95-afa8-081853be7ccb
&amp#27;[0;39m2023-05-08 13:19:08,179 [main] &amp#27;[39mDEBUG&amp#27;[0;39m &amp#27;[36mc.g.d.z.s.o.a.h.client5.http.headers&amp#27;[0;39m - &amp#27;[32mhttp-outgoing-1 >> Accept-Encoding: gzip, x-gzip, deflate
&amp#27;[0;39m2023-05-08 13:19:08,179 [main] &amp#27;[39mDEBUG&amp#27;[0;39m &amp#27;[36mc.g.d.z.s.o.a.h.client5.http.headers&amp#27;[0;39m - &amp#27;[32mhttp-outgoing-1 >> Host: localhost:2375
&amp#27;[0;39m2023-05-08 13:19:08,179 [main] &amp#27;[39mDEBUG&amp#27;[0;39m &amp#27;[36mc.g.d.z.s.o.a.h.client5.http.headers&amp#27;[0;39m - &amp#27;[32mhttp-outgoing-1 >> Connection: keep-alive
&amp#27;[0;39m2023-05-08 13:19:08,179 [main] &amp#27;[39mDEBUG&amp#27;[0;39m &amp#27;[36mc.g.d.z.s.o.a.h.client5.http.headers&amp#27;[0;39m - &amp#27;[32mhttp-outgoing-1 >> User-Agent: Apache-HttpClient/5.0.3 (Java/17.0.6)
&amp#27;[0;39m2023-05-08 13:19:08,179 [main] &amp#27;[39mDEBUG&amp#27;[0;39m &amp#27;[36mc.g.d.z.s.o.a.hc.client5.http.wire&amp#27;[0;39m - &amp#27;[32mhttp-outgoing-1 >> "GET /v1.32/containers/0739339bbc624082fb5e41f62f4a622236ffe4974bf12b2847105b726085e02b/json HTTP/1.1[\r][\n]"
&amp#27;[0;39m2023-05-08 13:19:08,179 [main] &amp#27;[39mDEBUG&amp#27;[0;39m &amp#27;[36mc.g.d.z.s.o.a.hc.client5.http.wire&amp#27;[0;39m - &amp#27;[32mhttp-outgoing-1 >> "accept: application/json[\r][\n]"
&amp#27;[0;39m2023-05-08 13:19:08,179 [main] &amp#27;[39mDEBUG&amp#27;[0;39m &amp#27;[36mc.g.d.z.s.o.a.hc.client5.http.wire&amp#27;[0;39m - &amp#27;[32mhttp-outgoing-1 >> "x-tc-sid: f1b696c1-ec3f-4f95-afa8-081853be7ccb[\r][\n]"
&amp#27;[0;39m2023-05-08 13:19:08,179 [main] &amp#27;[39mDEBUG&amp#27;[0;39m &amp#27;[36mc.g.d.z.s.o.a.hc.client5.http.wire&amp#27;[0;39m - &amp#27;[32mhttp-outgoing-1 >> "Accept-Encoding: gzip, x-gzip, deflate[\r][\n]"
&amp#27;[0;39m2023-05-08 13:19:08,179 [main] &amp#27;[39mDEBUG&amp#27;[0;39m &amp#27;[36mc.g.d.z.s.o.a.hc.client5.http.wire&amp#27;[0;39m - &amp#27;[32mhttp-outgoing-1 >> "Host: localhost:2375[\r][\n]"
&amp#27;[0;39m2023-05-08 13:19:08,179 [main] &amp#27;[39mDEBUG&amp#27;[0;39m &amp#27;[36mc.g.d.z.s.o.a.hc.client5.http.wire&amp#27;[0;39m - &amp#27;[32mhttp-outgoing-1 >> "Connection: keep-alive[\r][\n]"
&amp#27;[0;39m2023-05-08 13:19:08,179 [main] &amp#27;[39mDEBUG&amp#27;[0;39m &amp#27;[36mc.g.d.z.s.o.a.hc.client5.http.wire&amp#27;[0;39m - &amp#27;[32mhttp-outgoing-1 >> "User-Agent: Apache-HttpClient/5.0.3 (Java/17.0.6)[\r][\n]"
&amp#27;[0;39m2023-05-08 13:19:08,179 [main] &amp#27;[39mDEBUG&amp#27;[0;39m &amp#27;[36mc.g.d.z.s.o.a.hc.client5.http.wire&amp#27;[0;39m - &amp#27;[32mhttp-outgoing-1 >> "[\r][\n]"
&amp#27;[0;39m2023-05-08 13:19:08,180 [main] &amp#27;[39mDEBUG&amp#27;[0;39m &amp#27;[36mc.g.d.z.s.o.a.hc.client5.http.wire&amp#27;[0;39m - &amp#27;[32mhttp-outgoing-1 << "HTTP/1.1 200 OK[\r][\n]"
&amp#27;[0;39m2023-05-08 13:19:08,180 [main] &amp#27;[39mDEBUG&amp#27;[0;39m &amp#27;[36mc.g.d.z.s.o.a.hc.client5.http.wire&amp#27;[0;39m - &amp#27;[32mhttp-outgoing-1 << "Api-Version: 1.42[\r][\n]"
&amp#27;[0;39m2023-05-08 13:19:08,180 [main] &amp#27;[39mDEBUG&amp#27;[0;39m &amp#27;[36mc.g.d.z.s.o.a.hc.client5.http.wire&amp#27;[0;39m - &amp#27;[32mhttp-outgoing-1 << "Content-Type: application/json[\r][\n]"
&amp#27;[0;39m2023-05-08 13:19:08,180 [main] &amp#27;[39mDEBUG&amp#27;[0;39m &amp#27;[36mc.g.d.z.s.o.a.hc.client5.http.wire&amp#27;[0;39m - &amp#27;[32mhttp-outgoing-1 << "Docker-Experimental: false[\r][\n]"
&amp#27;[0;39m2023-05-08 13:19:08,180 [main] &amp#27;[39mDEBUG&amp#27;[0;39m &amp#27;[36mc.g.d.z.s.o.a.hc.client5.http.wire&amp#27;[0;39m - &amp#27;[32mhttp-outgoing-1 << "Ostype: linux[\r][\n]"
&amp#27;[0;39m2023-05-08 13:19:08,180 [main] &amp#27;[39mDEBUG&amp#27;[0;39m &amp#27;[36mc.g.d.z.s.o.a.hc.client5.http.wire&amp#27;[0;39m - &amp#27;[32mhttp-outgoing-1 << "Server: Docker/23.0.5 (linux)[\r][\n]"
&amp#27;[0;39m2023-05-08 13:19:08,180 [main] &amp#27;[39mDEBUG&amp#27;[0;39m &amp#27;[36mc.g.d.z.s.o.a.hc.client5.http.wire&amp#27;[0;39m - &amp#27;[32mhttp-outgoing-1 << "Date: Mon, 08 May 2023 11:19:08 GMT[\r][\n]"
&amp#27;[0;39m2023-05-08 13:19:08,180 [main] &amp#27;[39mDEBUG&amp#27;[0;39m &amp#27;[36mc.g.d.z.s.o.a.hc.client5.http.wire&amp#27;[0;39m - &amp#27;[32mhttp-outgoing-1 << "Transfer-Encoding: chunked[\r][\n]"
&amp#27;[0;39m2023-05-08 13:19:08,180 [main] &amp#27;[39mDEBUG&amp#27;[0;39m &amp#27;[36mc.g.d.z.s.o.a.hc.client5.http.wire&amp#27;[0;39m - &amp#27;[32mhttp-outgoing-1 << "[\r][\n]"
&amp#27;[0;39m2023-05-08 13:19:08,180 [main] &amp#27;[39mDEBUG&amp#27;[0;39m &amp#27;[36mc.g.d.z.s.o.a.hc.client5.http.wire&amp#27;[0;39m - &amp#27;[32mhttp-outgoing-1 << "1893[\r][\n]"
&amp#27;[0;39m2023-05-08 13:19:08,180 [main] &amp#27;[39mDEBUG&amp#27;[0;39m &amp#27;[36mc.g.d.z.s.o.a.hc.client5.http.wire&amp#27;[0;39m - &amp#27;[32mhttp-outgoing-1 << "{"Id":"0739339bbc624082fb5e41f62f4a622236ffe4974bf12b2847105b726085e02b","Created":"2023-05-08T11:19:01.771856188Z","Path":"docker-entrypoint.sh","Args":["mysqld"],"State":{"Status":"running","Running":true,"Paused":false,"Restarting":false,"OOMKilled":false,"Dead":false,"Pid":59514,"ExitCode":0,"Error":"","StartedAt":"2023-05-08T11:19:02.113674386Z","FinishedAt":"0001-01-01T00:00:00Z"},"Image":"sha256:228d71078f8ce5ae9fd96b183f88c3a90e30544b4b7ce9d64a238d05fef2a681","ResolvConfPath":"/var/lib/docker/containers/0739339bbc624082fb5e41f62f4a622236ffe4974bf12b2847105b726085e02b/resolv.conf","HostnamePath":"/var/lib/docker/containers/0739339bbc624082fb5e41f62f4a622236ffe4974bf12b2847105b726085e02b/hostname","HostsPath":"/var/lib/docker/containers/0739339bbc624082fb5e41f62f4a622236ffe4974bf12b2847105b726085e02b/hosts","LogPath":"/var/lib/docker/containers/0739339bbc624082fb5e41f62f4a622236ffe4974bf12b2847105b726085e02b/0739339bbc624082fb5e41f62f4a622236ffe4974bf12b2847105b726085e02b-json.log","Name":"/intelligent_galileo","RestartCount":0,"Driver":"overlay2","Platform":"linux","MountLabel":"","ProcessLabel":"","AppArmorProfile":"docker-default","ExecIDs":null,"HostConfig":{"Binds":[],"ContainerIDFile":"","LogConfig":{"Type":"json-file","Config":{}},"NetworkMode":"default","PortBindings":{"3306/tcp":[{"HostIp":"","HostPort":""}]},"RestartPolicy":{"Name":"","MaximumRetryCount":0},"AutoRemove":false,"VolumeDriver":"","VolumesFrom":[],"ConsoleSize":[0,0],"CapAdd":null,"CapDrop":null,"CgroupnsMode":"private","Dns":null,"DnsOptions":null,"DnsSearch":null,"ExtraHosts":[],"GroupAdd":null,"IpcMode":"shareable","Cgroup":"","Links":null,"OomScoreAdj":0,"PidMode":"","Privileged":false,"PublishAllPorts":false,"ReadonlyRootfs":false,"SecurityOpt":null,"UTSMode":"","UsernsMode":"","ShmSize":67108864,"Runtime":"runc","Isolation":"","CpuShares":0,"Memory":0,"NanoCpus":0,"CgroupParent":"","BlkioWeight":0,"BlkioWeightDevice":null,"BlkioDeviceReadBps":null,"BlkioDeviceWriteBps":null,"BlkioDeviceReadIOps":null,"BlkioDeviceWriteIOps":null,"CpuPeriod":0,"CpuQuota":0,"CpuRealtimePeriod":0,"CpuRealtimeRuntime":0,"CpusetCpus":"","CpusetMems":"","Devices":null,"DeviceCgroupRules":null,"DeviceRequests":null,"MemoryReservation":0,"MemorySwap":0,"MemorySwappiness":null,"OomKillDisable":null,"PidsLimit":null,"Ulimits":null,"CpuCount":0,"CpuPercent":0,"IOMaximumIOps":0,"IOMaximumBandwidth":0,"MaskedPaths":["/proc/asound","/proc/acpi","/proc/kcore","/proc/keys","/proc/latency_stats","/proc/timer_list","/proc/timer_stats","/proc/sched_debug","/proc/scsi","/sys/firmware"],"ReadonlyPaths":["/proc/bus","/proc/fs","/proc/irq","/proc/sys","/proc/sysrq-trigger"]},"GraphDriver":{"Data":{"LowerDir":"/var/lib/docker/overlay2/b481eee7843c17772ada1734203524b4de76785735a50d4c68703d497db0e4ed-init/diff:/var/lib/docker/overlay2/4c6e20f032f02b27a9272f982861dc21998197aa90d94ed3bef95d449380247c/diff:/var/lib/docker/overlay2/0c75f828f603eff839bb3ca448163ab2a8017e86625ac255cd3dbf1673ddac26/diff:/var/lib/docker/overlay2/da128d897fda75829109844ce6cd9d73d0f54c682e735100af000ce899908729/diff:/var/lib/docker/overlay2/b678a1f261bf323afba6d76d91ab7428bdd6e1ef4a39b5224e4a1afd08c0423a/diff:/var/lib/docker/overlay2/1bec43b14875c5f9f814f146e8e31aa78566689c2c163da2ac60a32254988437/diff:/var/lib/docker/overlay2/28f4b1e6e1a7a2dbe30f1f94fb42bccd85a61faf8af1fe30a5bb0d442c525e41/diff:/var/lib/docker/overlay2/0f493124464c291d7c97d2633d5dff04b1dce5de904cb40a34dfbe7fe72e3fd4/diff:/var/lib/docker/overlay2/05befbee9e38cd670e1786b3310e99796dcc06abbed970007b4109a5424843fa/diff:/var/lib/docker/overlay2/582bcca9acfc4eef25109e1e1b9c9d104f355798455bc73e855c99283887a6e8/diff:/var/lib/docker/overlay2/153b3bf0b69e97e8f0e5533414a31ca33fa530e63d174c9617621abe46e7e9d1/diff:/var/lib/docker/overlay2/bf87a76c0a38875ee6e915fd0d2527eafa880ec6bf2c1cb294959428c18d10bd/diff","MergedDir":"/var/lib/docker/overlay2/b481eee7843c17772ada1734203524b4de76785735a50d4c68703d497db0e4ed/merged","UpperDir":"/var/lib/docker/overlay2/b481eee7843c17772ada1734203524b4de76785735a50d4c68703d497db0e4ed/diff","WorkDir":"/var/lib/docker/overlay2/b481eee7843c17772ada1734203524b4de76785735a50d4c68703d497db0e4ed/work"},"Name":"overlay2"},"Mounts":[{"Type":"volume","Name":"ec40278114b76af7b6535b952e685e04a98a51fa16363f5e9f0df1ce601f1dd5","Source":"/var/lib/docker/volumes/ec40278114b76af7b6535b952e685e04a98a51fa16363f5e9f0df1ce601f1dd5/_data","Destination":"/var/lib/mysql","Driver":"local","Mode":"","RW":true,"Propagation":""}],"Config":{"Hostname":"0739339bbc62","Domainname":"","User":"","AttachStdin":false,"AttachStdout":false,"AttachStderr":false,"ExposedPorts":{"3306/tcp":{}},"Tty":false,"OpenStdin":false,"StdinOnce":false,"Env":["MYSQL_DATABASE=test","MYSQL_PASSWORD=test","MYSQL_USER=test","MYSQL_ROOT_PASSWORD=test","PATH=/usr/local/sbin:/usr/local/bin:/usr/sbin:/usr/bin:/sbin:/bin","GOSU_VERSION=1.7","MYSQL_MAJOR=8.0","MYSQL_VERSION=8.0.0-dmr-1debian8"],"Cmd":["mysqld"],"Image":"mysql:8.0.0","Volumes":{"/var/lib/mysql":{}},"WorkingDir":"","Entrypoint":["docker-entrypoint.sh"],"OnBuild":null,"Labels":{"org.testcontainers":"true","org.testcontainers.lang":"java","org.testcontainers.sessionId":"f1b696c1-ec3f-4f95-afa8-081853be7ccb","org.testcontainers.version":"1.18.0"}},"NetworkSettings":{"Bridge":"","SandboxID":"d265e68e2afe307f1ab03fab083f2c0477cba31e9f26759f52b94e045d1847fb","HairpinMode":false,"LinkLocalIPv6Address":"","LinkLocalIPv6PrefixLen":0,"Ports":{"3306/tcp":[{"HostIp":"0.0.0.0","HostPort":"32782"},{"HostIp":"::","HostPort":"32782"}]},"SandboxKey":"/var/run/docker/netns/d265e68e2afe","SecondaryIPAddresses":null,"SecondaryIPv6Addresses":null,"EndpointID":"97b4c81a7665dcad3863174204db678dde492e2a2b2f11f6ef1c683b5d76146b","Gateway":"172.17.0.1","GlobalIPv6Address":"","GlobalIPv6PrefixLen":0,"IPAddress":"172.17.0.3","IPPrefixLen":16,"IPv6Gateway":"","MacAddress":"02:42:ac:11:00:03","Networks":{"bridge":{"IPAMConfig":null,"Links":null,"Aliases":null,"NetworkID":"e1a078e12eb8d77b497ed932f7fb43787eeb6ff6972febd7d03c9282b8b5cd45","EndpointID":"97b4c81a7665dcad3863174204db678dde492e2a2b2f11f6ef1c683b5d76146b","Gateway":"172.17.0.1","IPAddress":"172.17.0.3","IPPrefixLen":16,"IPv6Gateway":"","GlobalIPv6Address":"","GlobalIPv6PrefixLen":0,"MacAddress":"02:42:ac:11:00:03","DriverOpts":null}}}}[\n]"
&amp#27;[0;39m2023-05-08 13:19:08,180 [main] &amp#27;[39mDEBUG&amp#27;[0;39m &amp#27;[36mc.g.d.z.s.o.a.hc.client5.http.wire&amp#27;[0;39m - &amp#27;[32mhttp-outgoing-1 << "[\r][\n]"
&amp#27;[0;39m2023-05-08 13:19:08,180 [main] &amp#27;[39mDEBUG&amp#27;[0;39m &amp#27;[36mc.g.d.z.s.o.a.hc.client5.http.wire&amp#27;[0;39m - &amp#27;[32mhttp-outgoing-1 << "0[\r][\n]"
&amp#27;[0;39m2023-05-08 13:19:08,180 [main] &amp#27;[39mDEBUG&amp#27;[0;39m &amp#27;[36mc.g.d.z.s.o.a.hc.client5.http.wire&amp#27;[0;39m - &amp#27;[32mhttp-outgoing-1 << "[\r][\n]"
&amp#27;[0;39m2023-05-08 13:19:08,180 [main] &amp#27;[39mDEBUG&amp#27;[0;39m &amp#27;[36mc.g.d.z.s.o.a.h.client5.http.headers&amp#27;[0;39m - &amp#27;[32mhttp-outgoing-1 << HTTP/1.1 200 OK
&amp#27;[0;39m2023-05-08 13:19:08,180 [main] &amp#27;[39mDEBUG&amp#27;[0;39m &amp#27;[36mc.g.d.z.s.o.a.h.client5.http.headers&amp#27;[0;39m - &amp#27;[32mhttp-outgoing-1 << Api-Version: 1.42
&amp#27;[0;39m2023-05-08 13:19:08,180 [main] &amp#27;[39mDEBUG&amp#27;[0;39m &amp#27;[36mc.g.d.z.s.o.a.h.client5.http.headers&amp#27;[0;39m - &amp#27;[32mhttp-outgoing-1 << Content-Type: application/json
&amp#27;[0;39m2023-05-08 13:19:08,180 [main] &amp#27;[39mDEBUG&amp#27;[0;39m &amp#27;[36mc.g.d.z.s.o.a.h.client5.http.headers&amp#27;[0;39m - &amp#27;[32mhttp-outgoing-1 << Docker-Experimental: false
&amp#27;[0;39m2023-05-08 13:19:08,180 [main] &amp#27;[39mDEBUG&amp#27;[0;39m &amp#27;[36mc.g.d.z.s.o.a.h.client5.http.headers&amp#27;[0;39m - &amp#27;[32mhttp-outgoing-1 << Ostype: linux
&amp#27;[0;39m2023-05-08 13:19:08,180 [main] &amp#27;[39mDEBUG&amp#27;[0;39m &amp#27;[36mc.g.d.z.s.o.a.h.client5.http.headers&amp#27;[0;39m - &amp#27;[32mhttp-outgoing-1 << Server: Docker/23.0.5 (linux)
&amp#27;[0;39m2023-05-08 13:19:08,180 [main] &amp#27;[39mDEBUG&amp#27;[0;39m &amp#27;[36mc.g.d.z.s.o.a.h.client5.http.headers&amp#27;[0;39m - &amp#27;[32mhttp-outgoing-1 << Date: Mon, 08 May 2023 11:19:08 GMT
&amp#27;[0;39m2023-05-08 13:19:08,180 [main] &amp#27;[39mDEBUG&amp#27;[0;39m &amp#27;[36mc.g.d.z.s.o.a.h.client5.http.headers&amp#27;[0;39m - &amp#27;[32mhttp-outgoing-1 << Transfer-Encoding: chunked
&amp#27;[0;39m2023-05-08 13:19:08,180 [main] &amp#27;[39mDEBUG&amp#27;[0;39m &amp#27;[36mc.g.d.z.s.o.a.h.c.h.i.c.MainClientExec&amp#27;[0;39m - &amp#27;[32mex-00000098: connection can be kept alive for 3 MINUTES
&amp#27;[0;39m2023-05-08 13:19:08,180 [main] &amp#27;[39mDEBUG&amp#27;[0;39m &amp#27;[36mc.g.d.z.s.o.a.h.c.h.i.c.InternalHttpClient&amp#27;[0;39m - &amp#27;[32mep-00000097: releasing valid endpoint
&amp#27;[0;39m2023-05-08 13:19:08,180 [main] &amp#27;[39mDEBUG&amp#27;[0;39m &amp#27;[36mc.g.d.z.s.o.a.h.c.h.i.i.PoolingHttpClientConnectionManager&amp#27;[0;39m - &amp#27;[32mep-00000097: releasing endpoint
&amp#27;[0;39m2023-05-08 13:19:08,180 [main] &amp#27;[39mDEBUG&amp#27;[0;39m &amp#27;[36mc.g.d.z.s.o.a.h.c.h.i.i.PoolingHttpClientConnectionManager&amp#27;[0;39m - &amp#27;[32mep-00000097: connection http-outgoing-1 can be kept alive for 3 MINUTES
&amp#27;[0;39m2023-05-08 13:19:08,180 [main] &amp#27;[39mDEBUG&amp#27;[0;39m &amp#27;[36mc.g.d.z.s.o.a.h.c.h.i.i.PoolingHttpClientConnectionManager&amp#27;[0;39m - &amp#27;[32mep-00000097: connection released [route: {}->unix://localhost:2375][total available: 1; route allocated: 1 of 2147483647; total allocated: 1 of 2147483647]
&amp#27;[0;39m2023-05-08 13:19:08,180 [main] &amp#27;[39mDEBUG&amp#27;[0;39m &amp#27;[36mtc.mysql:8.0.0&amp#27;[0;39m - &amp#27;[32mTrying to create JDBC connection using com.mysql.cj.jdbc.Driver to jdbc:mysql://localhost:32782/test?useSSL=false&allowPublicKeyRetrieval=true with properties: {password=test, user=test}
&amp#27;[0;39m2023-05-08 13:19:08,282 [main] &amp#27;[39mDEBUG&amp#27;[0;39m &amp#27;[36mo.t.s.c.g.d.c.command.AbstrDockerCmd&amp#27;[0;39m - &amp#27;[32mCmd: 0739339bbc624082fb5e41f62f4a622236ffe4974bf12b2847105b726085e02b,false
&amp#27;[0;39m2023-05-08 13:19:08,282 [main] &amp#27;[39mDEBUG&amp#27;[0;39m &amp#27;[36mo.t.s.c.g.d.c.e.InspectContainerCmdExec&amp#27;[0;39m - &amp#27;[32mGET: DefaultWebTarget{path=[/containers/0739339bbc624082fb5e41f62f4a622236ffe4974bf12b2847105b726085e02b/json], queryParams={}}
&amp#27;[0;39m2023-05-08 13:19:08,282 [main] &amp#27;[39mDEBUG&amp#27;[0;39m &amp#27;[36mc.g.d.z.s.o.a.h.c.h.i.c.InternalHttpClient&amp#27;[0;39m - &amp#27;[32mex-00000099: preparing request execution
&amp#27;[0;39m2023-05-08 13:19:08,282 [main] &amp#27;[39mDEBUG&amp#27;[0;39m &amp#27;[36mc.g.d.z.s.o.a.h.c.h.p.RequestAddCookies&amp#27;[0;39m - &amp#27;[32mCookie spec selected: strict
&amp#27;[0;39m2023-05-08 13:19:08,282 [main] &amp#27;[39mDEBUG&amp#27;[0;39m &amp#27;[36mc.g.d.z.s.o.a.h.c.h.p.RequestAuthCache&amp#27;[0;39m - &amp#27;[32mAuth cache not set in the context
&amp#27;[0;39m2023-05-08 13:19:08,282 [main] &amp#27;[39mDEBUG&amp#27;[0;39m &amp#27;[36mc.g.d.z.s.o.a.h.c.h.i.c.ProtocolExec&amp#27;[0;39m - &amp#27;[32mex-00000099: target auth state: UNCHALLENGED
&amp#27;[0;39m2023-05-08 13:19:08,282 [main] &amp#27;[39mDEBUG&amp#27;[0;39m &amp#27;[36mc.g.d.z.s.o.a.h.c.h.i.c.ProtocolExec&amp#27;[0;39m - &amp#27;[32mex-00000099: proxy auth state: UNCHALLENGED
&amp#27;[0;39m2023-05-08 13:19:08,282 [main] &amp#27;[39mDEBUG&amp#27;[0;39m &amp#27;[36mc.g.d.z.s.o.a.h.c.h.i.c.ConnectExec&amp#27;[0;39m - &amp#27;[32mex-00000099: acquiring connection with route {}->unix://localhost:2375
&amp#27;[0;39m2023-05-08 13:19:08,282 [main] &amp#27;[39mDEBUG&amp#27;[0;39m &amp#27;[36mc.g.d.z.s.o.a.h.c.h.i.c.InternalHttpClient&amp#27;[0;39m - &amp#27;[32mex-00000099: acquiring endpoint (3 MINUTES)
&amp#27;[0;39m2023-05-08 13:19:08,283 [main] &amp#27;[39mDEBUG&amp#27;[0;39m &amp#27;[36mc.g.d.z.s.o.a.h.c.h.i.i.PoolingHttpClientConnectionManager&amp#27;[0;39m - &amp#27;[32mex-00000099: endpoint lease request (3 MINUTES) [route: {}->unix://localhost:2375][total available: 1; route allocated: 1 of 2147483647; total allocated: 1 of 2147483647]
&amp#27;[0;39m2023-05-08 13:19:08,283 [main] &amp#27;[39mDEBUG&amp#27;[0;39m &amp#27;[36mc.g.d.z.s.o.a.h.c.h.i.i.PoolingHttpClientConnectionManager&amp#27;[0;39m - &amp#27;[32mex-00000099: endpoint leased [route: {}->unix://localhost:2375][total available: 0; route allocated: 1 of 2147483647; total allocated: 1 of 2147483647]
&amp#27;[0;39m2023-05-08 13:19:08,283 [main] &amp#27;[39mDEBUG&amp#27;[0;39m &amp#27;[36mc.g.d.z.s.o.a.h.c.h.i.i.PoolingHttpClientConnectionManager&amp#27;[0;39m - &amp#27;[32mex-00000099: acquired ep-00000098
&amp#27;[0;39m2023-05-08 13:19:08,283 [main] &amp#27;[39mDEBUG&amp#27;[0;39m &amp#27;[36mc.g.d.z.s.o.a.h.c.h.i.c.InternalHttpClient&amp#27;[0;39m - &amp#27;[32mex-00000099: acquired endpoint ep-00000098
&amp#27;[0;39m2023-05-08 13:19:08,283 [main] &amp#27;[39mDEBUG&amp#27;[0;39m &amp#27;[36mc.g.d.z.s.o.a.h.c.h.i.c.MainClientExec&amp#27;[0;39m - &amp#27;[32mex-00000099: executing GET /v1.32/containers/0739339bbc624082fb5e41f62f4a622236ffe4974bf12b2847105b726085e02b/json HTTP/1.1
&amp#27;[0;39m2023-05-08 13:19:08,283 [main] &amp#27;[39mDEBUG&amp#27;[0;39m &amp#27;[36mc.g.d.z.s.o.a.h.c.h.i.c.InternalHttpClient&amp#27;[0;39m - &amp#27;[32mep-00000098: start execution ex-00000099
&amp#27;[0;39m2023-05-08 13:19:08,283 [main] &amp#27;[39mDEBUG&amp#27;[0;39m &amp#27;[36mc.g.d.z.s.o.a.h.c.h.i.i.PoolingHttpClientConnectionManager&amp#27;[0;39m - &amp#27;[32mep-00000098: executing exchange ex-00000099 over http-outgoing-1
&amp#27;[0;39m2023-05-08 13:19:08,283 [main] &amp#27;[39mDEBUG&amp#27;[0;39m &amp#27;[36mc.g.d.z.s.o.a.h.client5.http.headers&amp#27;[0;39m - &amp#27;[32mhttp-outgoing-1 >> GET /v1.32/containers/0739339bbc624082fb5e41f62f4a622236ffe4974bf12b2847105b726085e02b/json HTTP/1.1
&amp#27;[0;39m2023-05-08 13:19:08,283 [main] &amp#27;[39mDEBUG&amp#27;[0;39m &amp#27;[36mc.g.d.z.s.o.a.h.client5.http.headers&amp#27;[0;39m - &amp#27;[32mhttp-outgoing-1 >> accept: application/json
&amp#27;[0;39m2023-05-08 13:19:08,283 [main] &amp#27;[39mDEBUG&amp#27;[0;39m &amp#27;[36mc.g.d.z.s.o.a.h.client5.http.headers&amp#27;[0;39m - &amp#27;[32mhttp-outgoing-1 >> x-tc-sid: f1b696c1-ec3f-4f95-afa8-081853be7ccb
&amp#27;[0;39m2023-05-08 13:19:08,283 [main] &amp#27;[39mDEBUG&amp#27;[0;39m &amp#27;[36mc.g.d.z.s.o.a.h.client5.http.headers&amp#27;[0;39m - &amp#27;[32mhttp-outgoing-1 >> Accept-Encoding: gzip, x-gzip, deflate
&amp#27;[0;39m2023-05-08 13:19:08,283 [main] &amp#27;[39mDEBUG&amp#27;[0;39m &amp#27;[36mc.g.d.z.s.o.a.h.client5.http.headers&amp#27;[0;39m - &amp#27;[32mhttp-outgoing-1 >> Host: localhost:2375
&amp#27;[0;39m2023-05-08 13:19:08,283 [main] &amp#27;[39mDEBUG&amp#27;[0;39m &amp#27;[36mc.g.d.z.s.o.a.h.client5.http.headers&amp#27;[0;39m - &amp#27;[32mhttp-outgoing-1 >> Connection: keep-alive
&amp#27;[0;39m2023-05-08 13:19:08,283 [main] &amp#27;[39mDEBUG&amp#27;[0;39m &amp#27;[36mc.g.d.z.s.o.a.h.client5.http.headers&amp#27;[0;39m - &amp#27;[32mhttp-outgoing-1 >> User-Agent: Apache-HttpClient/5.0.3 (Java/17.0.6)
&amp#27;[0;39m2023-05-08 13:19:08,283 [main] &amp#27;[39mDEBUG&amp#27;[0;39m &amp#27;[36mc.g.d.z.s.o.a.hc.client5.http.wire&amp#27;[0;39m - &amp#27;[32mhttp-outgoing-1 >> "GET /v1.32/containers/0739339bbc624082fb5e41f62f4a622236ffe4974bf12b2847105b726085e02b/json HTTP/1.1[\r][\n]"
&amp#27;[0;39m2023-05-08 13:19:08,283 [main] &amp#27;[39mDEBUG&amp#27;[0;39m &amp#27;[36mc.g.d.z.s.o.a.hc.client5.http.wire&amp#27;[0;39m - &amp#27;[32mhttp-outgoing-1 >> "accept: application/json[\r][\n]"
&amp#27;[0;39m2023-05-08 13:19:08,283 [main] &amp#27;[39mDEBUG&amp#27;[0;39m &amp#27;[36mc.g.d.z.s.o.a.hc.client5.http.wire&amp#27;[0;39m - &amp#27;[32mhttp-outgoing-1 >> "x-tc-sid: f1b696c1-ec3f-4f95-afa8-081853be7ccb[\r][\n]"
&amp#27;[0;39m2023-05-08 13:19:08,283 [main] &amp#27;[39mDEBUG&amp#27;[0;39m &amp#27;[36mc.g.d.z.s.o.a.hc.client5.http.wire&amp#27;[0;39m - &amp#27;[32mhttp-outgoing-1 >> "Accept-Encoding: gzip, x-gzip, deflate[\r][\n]"
&amp#27;[0;39m2023-05-08 13:19:08,283 [main] &amp#27;[39mDEBUG&amp#27;[0;39m &amp#27;[36mc.g.d.z.s.o.a.hc.client5.http.wire&amp#27;[0;39m - &amp#27;[32mhttp-outgoing-1 >> "Host: localhost:2375[\r][\n]"
&amp#27;[0;39m2023-05-08 13:19:08,283 [main] &amp#27;[39mDEBUG&amp#27;[0;39m &amp#27;[36mc.g.d.z.s.o.a.hc.client5.http.wire&amp#27;[0;39m - &amp#27;[32mhttp-outgoing-1 >> "Connection: keep-alive[\r][\n]"
&amp#27;[0;39m2023-05-08 13:19:08,283 [main] &amp#27;[39mDEBUG&amp#27;[0;39m &amp#27;[36mc.g.d.z.s.o.a.hc.client5.http.wire&amp#27;[0;39m - &amp#27;[32mhttp-outgoing-1 >> "User-Agent: Apache-HttpClient/5.0.3 (Java/17.0.6)[\r][\n]"
&amp#27;[0;39m2023-05-08 13:19:08,283 [main] &amp#27;[39mDEBUG&amp#27;[0;39m &amp#27;[36mc.g.d.z.s.o.a.hc.client5.http.wire&amp#27;[0;39m - &amp#27;[32mhttp-outgoing-1 >> "[\r][\n]"
&amp#27;[0;39m2023-05-08 13:19:08,283 [main] &amp#27;[39mDEBUG&amp#27;[0;39m &amp#27;[36mc.g.d.z.s.o.a.hc.client5.http.wire&amp#27;[0;39m - &amp#27;[32mhttp-outgoing-1 << "HTTP/1.1 200 OK[\r][\n]"
&amp#27;[0;39m2023-05-08 13:19:08,283 [main] &amp#27;[39mDEBUG&amp#27;[0;39m &amp#27;[36mc.g.d.z.s.o.a.hc.client5.http.wire&amp#27;[0;39m - &amp#27;[32mhttp-outgoing-1 << "Api-Version: 1.42[\r][\n]"
&amp#27;[0;39m2023-05-08 13:19:08,283 [main] &amp#27;[39mDEBUG&amp#27;[0;39m &amp#27;[36mc.g.d.z.s.o.a.hc.client5.http.wire&amp#27;[0;39m - &amp#27;[32mhttp-outgoing-1 << "Content-Type: application/json[\r][\n]"
&amp#27;[0;39m2023-05-08 13:19:08,283 [main] &amp#27;[39mDEBUG&amp#27;[0;39m &amp#27;[36mc.g.d.z.s.o.a.hc.client5.http.wire&amp#27;[0;39m - &amp#27;[32mhttp-outgoing-1 << "Docker-Experimental: false[\r][\n]"
&amp#27;[0;39m2023-05-08 13:19:08,283 [main] &amp#27;[39mDEBUG&amp#27;[0;39m &amp#27;[36mc.g.d.z.s.o.a.hc.client5.http.wire&amp#27;[0;39m - &amp#27;[32mhttp-outgoing-1 << "Ostype: linux[\r][\n]"
&amp#27;[0;39m2023-05-08 13:19:08,283 [main] &amp#27;[39mDEBUG&amp#27;[0;39m &amp#27;[36mc.g.d.z.s.o.a.hc.client5.http.wire&amp#27;[0;39m - &amp#27;[32mhttp-outgoing-1 << "Server: Docker/23.0.5 (linux)[\r][\n]"
&amp#27;[0;39m2023-05-08 13:19:08,283 [main] &amp#27;[39mDEBUG&amp#27;[0;39m &amp#27;[36mc.g.d.z.s.o.a.hc.client5.http.wire&amp#27;[0;39m - &amp#27;[32mhttp-outgoing-1 << "Date: Mon, 08 May 2023 11:19:08 GMT[\r][\n]"
&amp#27;[0;39m2023-05-08 13:19:08,283 [main] &amp#27;[39mDEBUG&amp#27;[0;39m &amp#27;[36mc.g.d.z.s.o.a.hc.client5.http.wire&amp#27;[0;39m - &amp#27;[32mhttp-outgoing-1 << "Transfer-Encoding: chunked[\r][\n]"
&amp#27;[0;39m2023-05-08 13:19:08,283 [main] &amp#27;[39mDEBUG&amp#27;[0;39m &amp#27;[36mc.g.d.z.s.o.a.hc.client5.http.wire&amp#27;[0;39m - &amp#27;[32mhttp-outgoing-1 << "[\r][\n]"
&amp#27;[0;39m2023-05-08 13:19:08,283 [main] &amp#27;[39mDEBUG&amp#27;[0;39m &amp#27;[36mc.g.d.z.s.o.a.hc.client5.http.wire&amp#27;[0;39m - &amp#27;[32mhttp-outgoing-1 << "1893[\r][\n]"
&amp#27;[0;39m2023-05-08 13:19:08,283 [main] &amp#27;[39mDEBUG&amp#27;[0;39m &amp#27;[36mc.g.d.z.s.o.a.hc.client5.http.wire&amp#27;[0;39m - &amp#27;[32mhttp-outgoing-1 << "{"Id":"0739339bbc624082fb5e41f62f4a622236ffe4974bf12b2847105b726085e02b","Created":"2023-05-08T11:19:01.771856188Z","Path":"docker-entrypoint.sh","Args":["mysqld"],"State":{"Status":"running","Running":true,"Paused":false,"Restarting":false,"OOMKilled":false,"Dead":false,"Pid":59514,"ExitCode":0,"Error":"","StartedAt":"2023-05-08T11:19:02.113674386Z","FinishedAt":"0001-01-01T00:00:00Z"},"Image":"sha256:228d71078f8ce5ae9fd96b183f88c3a90e30544b4b7ce9d64a238d05fef2a681","ResolvConfPath":"/var/lib/docker/containers/0739339bbc624082fb5e41f62f4a622236ffe4974bf12b2847105b726085e02b/resolv.conf","HostnamePath":"/var/lib/docker/containers/0739339bbc624082fb5e41f62f4a622236ffe4974bf12b2847105b726085e02b/hostname","HostsPath":"/var/lib/docker/containers/0739339bbc624082fb5e41f62f4a622236ffe4974bf12b2847105b726085e02b/hosts","LogPath":"/var/lib/docker/containers/0739339bbc624082fb5e41f62f4a622236ffe4974bf12b2847105b726085e02b/0739339bbc624082fb5e41f62f4a622236ffe4974bf12b2847105b726085e02b-json.log","Name":"/intelligent_galileo","RestartCount":0,"Driver":"overlay2","Platform":"linux","MountLabel":"","ProcessLabel":"","AppArmorProfile":"docker-default","ExecIDs":null,"HostConfig":{"Binds":[],"ContainerIDFile":"","LogConfig":{"Type":"json-file","Config":{}},"NetworkMode":"default","PortBindings":{"3306/tcp":[{"HostIp":"","HostPort":""}]},"RestartPolicy":{"Name":"","MaximumRetryCount":0},"AutoRemove":false,"VolumeDriver":"","VolumesFrom":[],"ConsoleSize":[0,0],"CapAdd":null,"CapDrop":null,"CgroupnsMode":"private","Dns":null,"DnsOptions":null,"DnsSearch":null,"ExtraHosts":[],"GroupAdd":null,"IpcMode":"shareable","Cgroup":"","Links":null,"OomScoreAdj":0,"PidMode":"","Privileged":false,"PublishAllPorts":false,"ReadonlyRootfs":false,"SecurityOpt":null,"UTSMode":"","UsernsMode":"","ShmSize":67108864,"Runtime":"runc","Isolation":"","CpuShares":0,"Memory":0,"NanoCpus":0,"CgroupParent":"","BlkioWeight":0,"BlkioWeightDevice":null,"BlkioDeviceReadBps":null,"BlkioDeviceWriteBps":null,"BlkioDeviceReadIOps":null,"BlkioDeviceWriteIOps":null,"CpuPeriod":0,"CpuQuota":0,"CpuRealtimePeriod":0,"CpuRealtimeRuntime":0,"CpusetCpus":"","CpusetMems":"","Devices":null,"DeviceCgroupRules":null,"DeviceRequests":null,"MemoryReservation":0,"MemorySwap":0,"MemorySwappiness":null,"OomKillDisable":null,"PidsLimit":null,"Ulimits":null,"CpuCount":0,"CpuPercent":0,"IOMaximumIOps":0,"IOMaximumBandwidth":0,"MaskedPaths":["/proc/asound","/proc/acpi","/proc/kcore","/proc/keys","/proc/latency_stats","/proc/timer_list","/proc/timer_stats","/proc/sched_debug","/proc/scsi","/sys/firmware"],"ReadonlyPaths":["/proc/bus","/proc/fs","/proc/irq","/proc/sys","/proc/sysrq-trigger"]},"GraphDriver":{"Data":{"LowerDir":"/var/lib/docker/overlay2/b481eee7843c17772ada1734203524b4de76785735a50d4c68703d497db0e4ed-init/diff:/var/lib/docker/overlay2/4c6e20f032f02b27a9272f982861dc21998197aa90d94ed3bef95d449380247c/diff:/var/lib/docker/overlay2/0c75f828f603eff839bb3ca448163ab2a8017e86625ac255cd3dbf1673ddac26/diff:/var/lib/docker/overlay2/da128d897fda75829109844ce6cd9d73d0f54c682e735100af000ce899908729/diff:/var/lib/docker/overlay2/b678a1f261bf323afba6d76d91ab7428bdd6e1ef4a39b5224e4a1afd08c0423a/diff:/var/lib/docker/overlay2/1bec43b14875c5f9f814f146e8e31aa78566689c2c163da2ac60a32254988437/diff:/var/lib/docker/overlay2/28f4b1e6e1a7a2dbe30f1f94fb42bccd85a61faf8af1fe30a5bb0d442c525e41/diff:/var/lib/docker/overlay2/0f493124464c291d7c97d2633d5dff04b1dce5de904cb40a34dfbe7fe72e3fd4/diff:/var/lib/docker/overlay2/05befbee9e38cd670e1786b3310e99796dcc06abbed970007b4109a5424843fa/diff:/var/lib/docker/overlay2/582bcca9acfc4eef25109e1e1b9c9d104f355798455bc73e855c99283887a6e8/diff:/var/lib/docker/overlay2/153b3bf0b69e97e8f0e5533414a31ca33fa530e63d174c9617621abe46e7e9d1/diff:/var/lib/docker/overlay2/bf87a76c0a38875ee6e915fd0d2527eafa880ec6bf2c1cb294959428c18d10bd/diff","MergedDir":"/var/lib/docker/overlay2/b481eee7843c17772ada1734203524b4de76785735a50d4c68703d497db0e4ed/merged","UpperDir":"/var/lib/docker/overlay2/b481eee7843c17772ada1734203524b4de76785735a50d4c68703d497db0e4ed/diff","WorkDir":"/var/lib/docker/overlay2/b481eee7843c17772ada1734203524b4de76785735a50d4c68703d497db0e4ed/work"},"Name":"overlay2"},"Mounts":[{"Type":"volume","Name":"ec40278114b76af7b6535b952e685e04a98a51fa16363f5e9f0df1ce601f1dd5","Source":"/var/lib/docker/volumes/ec40278114b76af7b6535b952e685e04a98a51fa16363f5e9f0df1ce601f1dd5/_data","Destination":"/var/lib/mysql","Driver":"local","Mode":"","RW":true,"Propagation":""}],"Config":{"Hostname":"0739339bbc62","Domainname":"","User":"","AttachStdin":false,"AttachStdout":false,"AttachStderr":false,"ExposedPorts":{"3306/tcp":{}},"Tty":false,"OpenStdin":false,"StdinOnce":false,"Env":["MYSQL_DATABASE=test","MYSQL_PASSWORD=test","MYSQL_USER=test","MYSQL_ROOT_PASSWORD=test","PATH=/usr/local/sbin:/usr/local/bin:/usr/sbin:/usr/bin:/sbin:/bin","GOSU_VERSION=1.7","MYSQL_MAJOR=8.0","MYSQL_VERSION=8.0.0-dmr-1debian8"],"Cmd":["mysqld"],"Image":"mysql:8.0.0","Volumes":{"/var/lib/mysql":{}},"WorkingDir":"","Entrypoint":["docker-entrypoint.sh"],"OnBuild":null,"Labels":{"org.testcontainers":"true","org.testcontainers.lang":"java","org.testcontainers.sessionId":"f1b696c1-ec3f-4f95-afa8-081853be7ccb","org.testcontainers.version":"1.18.0"}},"NetworkSettings":{"Bridge":"","SandboxID":"d265e68e2afe307f1ab03fab083f2c0477cba31e9f26759f52b94e045d1847fb","HairpinMode":false,"LinkLocalIPv6Address":"","LinkLocalIPv6PrefixLen":0,"Ports":{"3306/tcp":[{"HostIp":"0.0.0.0","HostPort":"32782"},{"HostIp":"::","HostPort":"32782"}]},"SandboxKey":"/var/run/docker/netns/d265e68e2afe","SecondaryIPAddresses":null,"SecondaryIPv6Addresses":null,"EndpointID":"97b4c81a7665dcad3863174204db678dde492e2a2b2f11f6ef1c683b5d76146b","Gateway":"172.17.0.1","GlobalIPv6Address":"","GlobalIPv6PrefixLen":0,"IPAddress":"172.17.0.3","IPPrefixLen":16,"IPv6Gateway":"","MacAddress":"02:42:ac:11:00:03","Networks":{"bridge":{"IPAMConfig":null,"Links":null,"Aliases":null,"NetworkID":"e1a078e12eb8d77b497ed932f7fb43787eeb6ff6972febd7d03c9282b8b5cd45","EndpointID":"97b4c81a7665dcad3863174204db678dde492e2a2b2f11f6ef1c683b5d76146b","Gateway":"172.17.0.1","IPAddress":"172.17.0.3","IPPrefixLen":16,"IPv6Gateway":"","GlobalIPv6Address":"","GlobalIPv6PrefixLen":0,"MacAddress":"02:42:ac:11:00:03","DriverOpts":null}}}}[\n]"
&amp#27;[0;39m2023-05-08 13:19:08,284 [main] &amp#27;[39mDEBUG&amp#27;[0;39m &amp#27;[36mc.g.d.z.s.o.a.hc.client5.http.wire&amp#27;[0;39m - &amp#27;[32mhttp-outgoing-1 << "[\r][\n]"
&amp#27;[0;39m2023-05-08 13:19:08,284 [main] &amp#27;[39mDEBUG&amp#27;[0;39m &amp#27;[36mc.g.d.z.s.o.a.hc.client5.http.wire&amp#27;[0;39m - &amp#27;[32mhttp-outgoing-1 << "0[\r][\n]"
&amp#27;[0;39m2023-05-08 13:19:08,284 [main] &amp#27;[39mDEBUG&amp#27;[0;39m &amp#27;[36mc.g.d.z.s.o.a.hc.client5.http.wire&amp#27;[0;39m - &amp#27;[32mhttp-outgoing-1 << "[\r][\n]"
&amp#27;[0;39m2023-05-08 13:19:08,284 [main] &amp#27;[39mDEBUG&amp#27;[0;39m &amp#27;[36mc.g.d.z.s.o.a.h.client5.http.headers&amp#27;[0;39m - &amp#27;[32mhttp-outgoing-1 << HTTP/1.1 200 OK
&amp#27;[0;39m2023-05-08 13:19:08,284 [main] &amp#27;[39mDEBUG&amp#27;[0;39m &amp#27;[36mc.g.d.z.s.o.a.h.client5.http.headers&amp#27;[0;39m - &amp#27;[32mhttp-outgoing-1 << Api-Version: 1.42
&amp#27;[0;39m2023-05-08 13:19:08,284 [main] &amp#27;[39mDEBUG&amp#27;[0;39m &amp#27;[36mc.g.d.z.s.o.a.h.client5.http.headers&amp#27;[0;39m - &amp#27;[32mhttp-outgoing-1 << Content-Type: application/json
&amp#27;[0;39m2023-05-08 13:19:08,284 [main] &amp#27;[39mDEBUG&amp#27;[0;39m &amp#27;[36mc.g.d.z.s.o.a.h.client5.http.headers&amp#27;[0;39m - &amp#27;[32mhttp-outgoing-1 << Docker-Experimental: false
&amp#27;[0;39m2023-05-08 13:19:08,284 [main] &amp#27;[39mDEBUG&amp#27;[0;39m &amp#27;[36mc.g.d.z.s.o.a.h.client5.http.headers&amp#27;[0;39m - &amp#27;[32mhttp-outgoing-1 << Ostype: linux
&amp#27;[0;39m2023-05-08 13:19:08,284 [main] &amp#27;[39mDEBUG&amp#27;[0;39m &amp#27;[36mc.g.d.z.s.o.a.h.client5.http.headers&amp#27;[0;39m - &amp#27;[32mhttp-outgoing-1 << Server: Docker/23.0.5 (linux)
&amp#27;[0;39m2023-05-08 13:19:08,284 [main] &amp#27;[39mDEBUG&amp#27;[0;39m &amp#27;[36mc.g.d.z.s.o.a.h.client5.http.headers&amp#27;[0;39m - &amp#27;[32mhttp-outgoing-1 << Date: Mon, 08 May 2023 11:19:08 GMT
&amp#27;[0;39m2023-05-08 13:19:08,284 [main] &amp#27;[39mDEBUG&amp#27;[0;39m &amp#27;[36mc.g.d.z.s.o.a.h.client5.http.headers&amp#27;[0;39m - &amp#27;[32mhttp-outgoing-1 << Transfer-Encoding: chunked
&amp#27;[0;39m2023-05-08 13:19:08,284 [main] &amp#27;[39mDEBUG&amp#27;[0;39m &amp#27;[36mc.g.d.z.s.o.a.h.c.h.i.c.MainClientExec&amp#27;[0;39m - &amp#27;[32mex-00000099: connection can be kept alive for 3 MINUTES
&amp#27;[0;39m2023-05-08 13:19:08,285 [main] &amp#27;[39mDEBUG&amp#27;[0;39m &amp#27;[36mc.g.d.z.s.o.a.h.c.h.i.c.InternalHttpClient&amp#27;[0;39m - &amp#27;[32mep-00000098: releasing valid endpoint
&amp#27;[0;39m2023-05-08 13:19:08,285 [main] &amp#27;[39mDEBUG&amp#27;[0;39m &amp#27;[36mc.g.d.z.s.o.a.h.c.h.i.i.PoolingHttpClientConnectionManager&amp#27;[0;39m - &amp#27;[32mep-00000098: releasing endpoint
&amp#27;[0;39m2023-05-08 13:19:08,285 [main] &amp#27;[39mDEBUG&amp#27;[0;39m &amp#27;[36mc.g.d.z.s.o.a.h.c.h.i.i.PoolingHttpClientConnectionManager&amp#27;[0;39m - &amp#27;[32mep-00000098: connection http-outgoing-1 can be kept alive for 3 MINUTES
&amp#27;[0;39m2023-05-08 13:19:08,285 [main] &amp#27;[39mDEBUG&amp#27;[0;39m &amp#27;[36mc.g.d.z.s.o.a.h.c.h.i.i.PoolingHttpClientConnectionManager&amp#27;[0;39m - &amp#27;[32mep-00000098: connection released [route: {}->unix://localhost:2375][total available: 1; route allocated: 1 of 2147483647; total allocated: 1 of 2147483647]
&amp#27;[0;39m2023-05-08 13:19:08,285 [main] &amp#27;[39mDEBUG&amp#27;[0;39m &amp#27;[36mtc.mysql:8.0.0&amp#27;[0;39m - &amp#27;[32mTrying to create JDBC connection using com.mysql.cj.jdbc.Driver to jdbc:mysql://localhost:32782/test?useSSL=false&allowPublicKeyRetrieval=true with properties: {password=test, user=test}
&amp#27;[0;39m2023-05-08 13:19:08,387 [main] &amp#27;[39mDEBUG&amp#27;[0;39m &amp#27;[36mo.t.s.c.g.d.c.command.AbstrDockerCmd&amp#27;[0;39m - &amp#27;[32mCmd: 0739339bbc624082fb5e41f62f4a622236ffe4974bf12b2847105b726085e02b,false
&amp#27;[0;39m2023-05-08 13:19:08,388 [main] &amp#27;[39mDEBUG&amp#27;[0;39m &amp#27;[36mo.t.s.c.g.d.c.e.InspectContainerCmdExec&amp#27;[0;39m - &amp#27;[32mGET: DefaultWebTarget{path=[/containers/0739339bbc624082fb5e41f62f4a622236ffe4974bf12b2847105b726085e02b/json], queryParams={}}
&amp#27;[0;39m2023-05-08 13:19:08,388 [main] &amp#27;[39mDEBUG&amp#27;[0;39m &amp#27;[36mc.g.d.z.s.o.a.h.c.h.i.c.InternalHttpClient&amp#27;[0;39m - &amp#27;[32mex-0000009A: preparing request execution
&amp#27;[0;39m2023-05-08 13:19:08,388 [main] &amp#27;[39mDEBUG&amp#27;[0;39m &amp#27;[36mc.g.d.z.s.o.a.h.c.h.p.RequestAddCookies&amp#27;[0;39m - &amp#27;[32mCookie spec selected: strict
&amp#27;[0;39m2023-05-08 13:19:08,388 [main] &amp#27;[39mDEBUG&amp#27;[0;39m &amp#27;[36mc.g.d.z.s.o.a.h.c.h.p.RequestAuthCache&amp#27;[0;39m - &amp#27;[32mAuth cache not set in the context
&amp#27;[0;39m2023-05-08 13:19:08,388 [main] &amp#27;[39mDEBUG&amp#27;[0;39m &amp#27;[36mc.g.d.z.s.o.a.h.c.h.i.c.ProtocolExec&amp#27;[0;39m - &amp#27;[32mex-0000009A: target auth state: UNCHALLENGED
&amp#27;[0;39m2023-05-08 13:19:08,388 [main] &amp#27;[39mDEBUG&amp#27;[0;39m &amp#27;[36mc.g.d.z.s.o.a.h.c.h.i.c.ProtocolExec&amp#27;[0;39m - &amp#27;[32mex-0000009A: proxy auth state: UNCHALLENGED
&amp#27;[0;39m2023-05-08 13:19:08,388 [main] &amp#27;[39mDEBUG&amp#27;[0;39m &amp#27;[36mc.g.d.z.s.o.a.h.c.h.i.c.ConnectExec&amp#27;[0;39m - &amp#27;[32mex-0000009A: acquiring connection with route {}->unix://localhost:2375
&amp#27;[0;39m2023-05-08 13:19:08,388 [main] &amp#27;[39mDEBUG&amp#27;[0;39m &amp#27;[36mc.g.d.z.s.o.a.h.c.h.i.c.InternalHttpClient&amp#27;[0;39m - &amp#27;[32mex-0000009A: acquiring endpoint (3 MINUTES)
&amp#27;[0;39m2023-05-08 13:19:08,388 [main] &amp#27;[39mDEBUG&amp#27;[0;39m &amp#27;[36mc.g.d.z.s.o.a.h.c.h.i.i.PoolingHttpClientConnectionManager&amp#27;[0;39m - &amp#27;[32mex-0000009A: endpoint lease request (3 MINUTES) [route: {}->unix://localhost:2375][total available: 1; route allocated: 1 of 2147483647; total allocated: 1 of 2147483647]
&amp#27;[0;39m2023-05-08 13:19:08,388 [main] &amp#27;[39mDEBUG&amp#27;[0;39m &amp#27;[36mc.g.d.z.s.o.a.h.c.h.i.i.PoolingHttpClientConnectionManager&amp#27;[0;39m - &amp#27;[32mex-0000009A: endpoint leased [route: {}->unix://localhost:2375][total available: 0; route allocated: 1 of 2147483647; total allocated: 1 of 2147483647]
&amp#27;[0;39m2023-05-08 13:19:08,388 [main] &amp#27;[39mDEBUG&amp#27;[0;39m &amp#27;[36mc.g.d.z.s.o.a.h.c.h.i.i.PoolingHttpClientConnectionManager&amp#27;[0;39m - &amp#27;[32mex-0000009A: acquired ep-00000099
&amp#27;[0;39m2023-05-08 13:19:08,388 [main] &amp#27;[39mDEBUG&amp#27;[0;39m &amp#27;[36mc.g.d.z.s.o.a.h.c.h.i.c.InternalHttpClient&amp#27;[0;39m - &amp#27;[32mex-0000009A: acquired endpoint ep-00000099
&amp#27;[0;39m2023-05-08 13:19:08,388 [main] &amp#27;[39mDEBUG&amp#27;[0;39m &amp#27;[36mc.g.d.z.s.o.a.h.c.h.i.c.MainClientExec&amp#27;[0;39m - &amp#27;[32mex-0000009A: executing GET /v1.32/containers/0739339bbc624082fb5e41f62f4a622236ffe4974bf12b2847105b726085e02b/json HTTP/1.1
&amp#27;[0;39m2023-05-08 13:19:08,388 [main] &amp#27;[39mDEBUG&amp#27;[0;39m &amp#27;[36mc.g.d.z.s.o.a.h.c.h.i.c.InternalHttpClient&amp#27;[0;39m - &amp#27;[32mep-00000099: start execution ex-0000009A
&amp#27;[0;39m2023-05-08 13:19:08,388 [main] &amp#27;[39mDEBUG&amp#27;[0;39m &amp#27;[36mc.g.d.z.s.o.a.h.c.h.i.i.PoolingHttpClientConnectionManager&amp#27;[0;39m - &amp#27;[32mep-00000099: executing exchange ex-0000009A over http-outgoing-1
&amp#27;[0;39m2023-05-08 13:19:08,388 [main] &amp#27;[39mDEBUG&amp#27;[0;39m &amp#27;[36mc.g.d.z.s.o.a.h.client5.http.headers&amp#27;[0;39m - &amp#27;[32mhttp-outgoing-1 >> GET /v1.32/containers/0739339bbc624082fb5e41f62f4a622236ffe4974bf12b2847105b726085e02b/json HTTP/1.1
&amp#27;[0;39m2023-05-08 13:19:08,388 [main] &amp#27;[39mDEBUG&amp#27;[0;39m &amp#27;[36mc.g.d.z.s.o.a.h.client5.http.headers&amp#27;[0;39m - &amp#27;[32mhttp-outgoing-1 >> accept: application/json
&amp#27;[0;39m2023-05-08 13:19:08,388 [main] &amp#27;[39mDEBUG&amp#27;[0;39m &amp#27;[36mc.g.d.z.s.o.a.h.client5.http.headers&amp#27;[0;39m - &amp#27;[32mhttp-outgoing-1 >> x-tc-sid: f1b696c1-ec3f-4f95-afa8-081853be7ccb
&amp#27;[0;39m2023-05-08 13:19:08,388 [main] &amp#27;[39mDEBUG&amp#27;[0;39m &amp#27;[36mc.g.d.z.s.o.a.h.client5.http.headers&amp#27;[0;39m - &amp#27;[32mhttp-outgoing-1 >> Accept-Encoding: gzip, x-gzip, deflate
&amp#27;[0;39m2023-05-08 13:19:08,388 [main] &amp#27;[39mDEBUG&amp#27;[0;39m &amp#27;[36mc.g.d.z.s.o.a.h.client5.http.headers&amp#27;[0;39m - &amp#27;[32mhttp-outgoing-1 >> Host: localhost:2375
&amp#27;[0;39m2023-05-08 13:19:08,388 [main] &amp#27;[39mDEBUG&amp#27;[0;39m &amp#27;[36mc.g.d.z.s.o.a.h.client5.http.headers&amp#27;[0;39m - &amp#27;[32mhttp-outgoing-1 >> Connection: keep-alive
&amp#27;[0;39m2023-05-08 13:19:08,388 [main] &amp#27;[39mDEBUG&amp#27;[0;39m &amp#27;[36mc.g.d.z.s.o.a.h.client5.http.headers&amp#27;[0;39m - &amp#27;[32mhttp-outgoing-1 >> User-Agent: Apache-HttpClient/5.0.3 (Java/17.0.6)
&amp#27;[0;39m2023-05-08 13:19:08,388 [main] &amp#27;[39mDEBUG&amp#27;[0;39m &amp#27;[36mc.g.d.z.s.o.a.hc.client5.http.wire&amp#27;[0;39m - &amp#27;[32mhttp-outgoing-1 >> "GET /v1.32/containers/0739339bbc624082fb5e41f62f4a622236ffe4974bf12b2847105b726085e02b/json HTTP/1.1[\r][\n]"
&amp#27;[0;39m2023-05-08 13:19:08,388 [main] &amp#27;[39mDEBUG&amp#27;[0;39m &amp#27;[36mc.g.d.z.s.o.a.hc.client5.http.wire&amp#27;[0;39m - &amp#27;[32mhttp-outgoing-1 >> "accept: application/json[\r][\n]"
&amp#27;[0;39m2023-05-08 13:19:08,388 [main] &amp#27;[39mDEBUG&amp#27;[0;39m &amp#27;[36mc.g.d.z.s.o.a.hc.client5.http.wire&amp#27;[0;39m - &amp#27;[32mhttp-outgoing-1 >> "x-tc-sid: f1b696c1-ec3f-4f95-afa8-081853be7ccb[\r][\n]"
&amp#27;[0;39m2023-05-08 13:19:08,388 [main] &amp#27;[39mDEBUG&amp#27;[0;39m &amp#27;[36mc.g.d.z.s.o.a.hc.client5.http.wire&amp#27;[0;39m - &amp#27;[32mhttp-outgoing-1 >> "Accept-Encoding: gzip, x-gzip, deflate[\r][\n]"
&amp#27;[0;39m2023-05-08 13:19:08,388 [main] &amp#27;[39mDEBUG&amp#27;[0;39m &amp#27;[36mc.g.d.z.s.o.a.hc.client5.http.wire&amp#27;[0;39m - &amp#27;[32mhttp-outgoing-1 >> "Host: localhost:2375[\r][\n]"
&amp#27;[0;39m2023-05-08 13:19:08,388 [main] &amp#27;[39mDEBUG&amp#27;[0;39m &amp#27;[36mc.g.d.z.s.o.a.hc.client5.http.wire&amp#27;[0;39m - &amp#27;[32mhttp-outgoing-1 >> "Connection: keep-alive[\r][\n]"
&amp#27;[0;39m2023-05-08 13:19:08,388 [main] &amp#27;[39mDEBUG&amp#27;[0;39m &amp#27;[36mc.g.d.z.s.o.a.hc.client5.http.wire&amp#27;[0;39m - &amp#27;[32mhttp-outgoing-1 >> "User-Agent: Apache-HttpClient/5.0.3 (Java/17.0.6)[\r][\n]"
&amp#27;[0;39m2023-05-08 13:19:08,388 [main] &amp#27;[39mDEBUG&amp#27;[0;39m &amp#27;[36mc.g.d.z.s.o.a.hc.client5.http.wire&amp#27;[0;39m - &amp#27;[32mhttp-outgoing-1 >> "[\r][\n]"
&amp#27;[0;39m2023-05-08 13:19:08,389 [main] &amp#27;[39mDEBUG&amp#27;[0;39m &amp#27;[36mc.g.d.z.s.o.a.hc.client5.http.wire&amp#27;[0;39m - &amp#27;[32mhttp-outgoing-1 << "HTTP/1.1 200 OK[\r][\n]"
&amp#27;[0;39m2023-05-08 13:19:08,389 [main] &amp#27;[39mDEBUG&amp#27;[0;39m &amp#27;[36mc.g.d.z.s.o.a.hc.client5.http.wire&amp#27;[0;39m - &amp#27;[32mhttp-outgoing-1 << "Api-Version: 1.42[\r][\n]"
&amp#27;[0;39m2023-05-08 13:19:08,389 [main] &amp#27;[39mDEBUG&amp#27;[0;39m &amp#27;[36mc.g.d.z.s.o.a.hc.client5.http.wire&amp#27;[0;39m - &amp#27;[32mhttp-outgoing-1 << "Content-Type: application/json[\r][\n]"
&amp#27;[0;39m2023-05-08 13:19:08,389 [main] &amp#27;[39mDEBUG&amp#27;[0;39m &amp#27;[36mc.g.d.z.s.o.a.hc.client5.http.wire&amp#27;[0;39m - &amp#27;[32mhttp-outgoing-1 << "Docker-Experimental: false[\r][\n]"
&amp#27;[0;39m2023-05-08 13:19:08,389 [main] &amp#27;[39mDEBUG&amp#27;[0;39m &amp#27;[36mc.g.d.z.s.o.a.hc.client5.http.wire&amp#27;[0;39m - &amp#27;[32mhttp-outgoing-1 << "Ostype: linux[\r][\n]"
&amp#27;[0;39m2023-05-08 13:19:08,389 [main] &amp#27;[39mDEBUG&amp#27;[0;39m &amp#27;[36mc.g.d.z.s.o.a.hc.client5.http.wire&amp#27;[0;39m - &amp#27;[32mhttp-outgoing-1 << "Server: Docker/23.0.5 (linux)[\r][\n]"
&amp#27;[0;39m2023-05-08 13:19:08,389 [main] &amp#27;[39mDEBUG&amp#27;[0;39m &amp#27;[36mc.g.d.z.s.o.a.hc.client5.http.wire&amp#27;[0;39m - &amp#27;[32mhttp-outgoing-1 << "Date: Mon, 08 May 2023 11:19:08 GMT[\r][\n]"
&amp#27;[0;39m2023-05-08 13:19:08,389 [main] &amp#27;[39mDEBUG&amp#27;[0;39m &amp#27;[36mc.g.d.z.s.o.a.hc.client5.http.wire&amp#27;[0;39m - &amp#27;[32mhttp-outgoing-1 << "Transfer-Encoding: chunked[\r][\n]"
&amp#27;[0;39m2023-05-08 13:19:08,389 [main] &amp#27;[39mDEBUG&amp#27;[0;39m &amp#27;[36mc.g.d.z.s.o.a.hc.client5.http.wire&amp#27;[0;39m - &amp#27;[32mhttp-outgoing-1 << "[\r][\n]"
&amp#27;[0;39m2023-05-08 13:19:08,389 [main] &amp#27;[39mDEBUG&amp#27;[0;39m &amp#27;[36mc.g.d.z.s.o.a.hc.client5.http.wire&amp#27;[0;39m - &amp#27;[32mhttp-outgoing-1 << "1893[\r][\n]"
&amp#27;[0;39m2023-05-08 13:19:08,389 [main] &amp#27;[39mDEBUG&amp#27;[0;39m &amp#27;[36mc.g.d.z.s.o.a.hc.client5.http.wire&amp#27;[0;39m - &amp#27;[32mhttp-outgoing-1 << "{"Id":"0739339bbc624082fb5e41f62f4a622236ffe4974bf12b2847105b726085e02b","Created":"2023-05-08T11:19:01.771856188Z","Path":"docker-entrypoint.sh","Args":["mysqld"],"State":{"Status":"running","Running":true,"Paused":false,"Restarting":false,"OOMKilled":false,"Dead":false,"Pid":59514,"ExitCode":0,"Error":"","StartedAt":"2023-05-08T11:19:02.113674386Z","FinishedAt":"0001-01-01T00:00:00Z"},"Image":"sha256:228d71078f8ce5ae9fd96b183f88c3a90e30544b4b7ce9d64a238d05fef2a681","ResolvConfPath":"/var/lib/docker/containers/0739339bbc624082fb5e41f62f4a622236ffe4974bf12b2847105b726085e02b/resolv.conf","HostnamePath":"/var/lib/docker/containers/0739339bbc624082fb5e41f62f4a622236ffe4974bf12b2847105b726085e02b/hostname","HostsPath":"/var/lib/docker/containers/0739339bbc624082fb5e41f62f4a622236ffe4974bf12b2847105b726085e02b/hosts","LogPath":"/var/lib/docker/containers/0739339bbc624082fb5e41f62f4a622236ffe4974bf12b2847105b726085e02b/0739339bbc624082fb5e41f62f4a622236ffe4974bf12b2847105b726085e02b-json.log","Name":"/intelligent_galileo","RestartCount":0,"Driver":"overlay2","Platform":"linux","MountLabel":"","ProcessLabel":"","AppArmorProfile":"docker-default","ExecIDs":null,"HostConfig":{"Binds":[],"ContainerIDFile":"","LogConfig":{"Type":"json-file","Config":{}},"NetworkMode":"default","PortBindings":{"3306/tcp":[{"HostIp":"","HostPort":""}]},"RestartPolicy":{"Name":"","MaximumRetryCount":0},"AutoRemove":false,"VolumeDriver":"","VolumesFrom":[],"ConsoleSize":[0,0],"CapAdd":null,"CapDrop":null,"CgroupnsMode":"private","Dns":null,"DnsOptions":null,"DnsSearch":null,"ExtraHosts":[],"GroupAdd":null,"IpcMode":"shareable","Cgroup":"","Links":null,"OomScoreAdj":0,"PidMode":"","Privileged":false,"PublishAllPorts":false,"ReadonlyRootfs":false,"SecurityOpt":null,"UTSMode":"","UsernsMode":"","ShmSize":67108864,"Runtime":"runc","Isolation":"","CpuShares":0,"Memory":0,"NanoCpus":0,"CgroupParent":"","BlkioWeight":0,"BlkioWeightDevice":null,"BlkioDeviceReadBps":null,"BlkioDeviceWriteBps":null,"BlkioDeviceReadIOps":null,"BlkioDeviceWriteIOps":null,"CpuPeriod":0,"CpuQuota":0,"CpuRealtimePeriod":0,"CpuRealtimeRuntime":0,"CpusetCpus":"","CpusetMems":"","Devices":null,"DeviceCgroupRules":null,"DeviceRequests":null,"MemoryReservation":0,"MemorySwap":0,"MemorySwappiness":null,"OomKillDisable":null,"PidsLimit":null,"Ulimits":null,"CpuCount":0,"CpuPercent":0,"IOMaximumIOps":0,"IOMaximumBandwidth":0,"MaskedPaths":["/proc/asound","/proc/acpi","/proc/kcore","/proc/keys","/proc/latency_stats","/proc/timer_list","/proc/timer_stats","/proc/sched_debug","/proc/scsi","/sys/firmware"],"ReadonlyPaths":["/proc/bus","/proc/fs","/proc/irq","/proc/sys","/proc/sysrq-trigger"]},"GraphDriver":{"Data":{"LowerDir":"/var/lib/docker/overlay2/b481eee7843c17772ada1734203524b4de76785735a50d4c68703d497db0e4ed-init/diff:/var/lib/docker/overlay2/4c6e20f032f02b27a9272f982861dc21998197aa90d94ed3bef95d449380247c/diff:/var/lib/docker/overlay2/0c75f828f603eff839bb3ca448163ab2a8017e86625ac255cd3dbf1673ddac26/diff:/var/lib/docker/overlay2/da128d897fda75829109844ce6cd9d73d0f54c682e735100af000ce899908729/diff:/var/lib/docker/overlay2/b678a1f261bf323afba6d76d91ab7428bdd6e1ef4a39b5224e4a1afd08c0423a/diff:/var/lib/docker/overlay2/1bec43b14875c5f9f814f146e8e31aa78566689c2c163da2ac60a32254988437/diff:/var/lib/docker/overlay2/28f4b1e6e1a7a2dbe30f1f94fb42bccd85a61faf8af1fe30a5bb0d442c525e41/diff:/var/lib/docker/overlay2/0f493124464c291d7c97d2633d5dff04b1dce5de904cb40a34dfbe7fe72e3fd4/diff:/var/lib/docker/overlay2/05befbee9e38cd670e1786b3310e99796dcc06abbed970007b4109a5424843fa/diff:/var/lib/docker/overlay2/582bcca9acfc4eef25109e1e1b9c9d104f355798455bc73e855c99283887a6e8/diff:/var/lib/docker/overlay2/153b3bf0b69e97e8f0e5533414a31ca33fa530e63d174c9617621abe46e7e9d1/diff:/var/lib/docker/overlay2/bf87a76c0a38875ee6e915fd0d2527eafa880ec6bf2c1cb294959428c18d10bd/diff","MergedDir":"/var/lib/docker/overlay2/b481eee7843c17772ada1734203524b4de76785735a50d4c68703d497db0e4ed/merged","UpperDir":"/var/lib/docker/overlay2/b481eee7843c17772ada1734203524b4de76785735a50d4c68703d497db0e4ed/diff","WorkDir":"/var/lib/docker/overlay2/b481eee7843c17772ada1734203524b4de76785735a50d4c68703d497db0e4ed/work"},"Name":"overlay2"},"Mounts":[{"Type":"volume","Name":"ec40278114b76af7b6535b952e685e04a98a51fa16363f5e9f0df1ce601f1dd5","Source":"/var/lib/docker/volumes/ec40278114b76af7b6535b952e685e04a98a51fa16363f5e9f0df1ce601f1dd5/_data","Destination":"/var/lib/mysql","Driver":"local","Mode":"","RW":true,"Propagation":""}],"Config":{"Hostname":"0739339bbc62","Domainname":"","User":"","AttachStdin":false,"AttachStdout":false,"AttachStderr":false,"ExposedPorts":{"3306/tcp":{}},"Tty":false,"OpenStdin":false,"StdinOnce":false,"Env":["MYSQL_DATABASE=test","MYSQL_PASSWORD=test","MYSQL_USER=test","MYSQL_ROOT_PASSWORD=test","PATH=/usr/local/sbin:/usr/local/bin:/usr/sbin:/usr/bin:/sbin:/bin","GOSU_VERSION=1.7","MYSQL_MAJOR=8.0","MYSQL_VERSION=8.0.0-dmr-1debian8"],"Cmd":["mysqld"],"Image":"mysql:8.0.0","Volumes":{"/var/lib/mysql":{}},"WorkingDir":"","Entrypoint":["docker-entrypoint.sh"],"OnBuild":null,"Labels":{"org.testcontainers":"true","org.testcontainers.lang":"java","org.testcontainers.sessionId":"f1b696c1-ec3f-4f95-afa8-081853be7ccb","org.testcontainers.version":"1.18.0"}},"NetworkSettings":{"Bridge":"","SandboxID":"d265e68e2afe307f1ab03fab083f2c0477cba31e9f26759f52b94e045d1847fb","HairpinMode":false,"LinkLocalIPv6Address":"","LinkLocalIPv6PrefixLen":0,"Ports":{"3306/tcp":[{"HostIp":"0.0.0.0","HostPort":"32782"},{"HostIp":"::","HostPort":"32782"}]},"SandboxKey":"/var/run/docker/netns/d265e68e2afe","SecondaryIPAddresses":null,"SecondaryIPv6Addresses":null,"EndpointID":"97b4c81a7665dcad3863174204db678dde492e2a2b2f11f6ef1c683b5d76146b","Gateway":"172.17.0.1","GlobalIPv6Address":"","GlobalIPv6PrefixLen":0,"IPAddress":"172.17.0.3","IPPrefixLen":16,"IPv6Gateway":"","MacAddress":"02:42:ac:11:00:03","Networks":{"bridge":{"IPAMConfig":null,"Links":null,"Aliases":null,"NetworkID":"e1a078e12eb8d77b497ed932f7fb43787eeb6ff6972febd7d03c9282b8b5cd45","EndpointID":"97b4c81a7665dcad3863174204db678dde492e2a2b2f11f6ef1c683b5d76146b","Gateway":"172.17.0.1","IPAddress":"172.17.0.3","IPPrefixLen":16,"IPv6Gateway":"","GlobalIPv6Address":"","GlobalIPv6PrefixLen":0,"MacAddress":"02:42:ac:11:00:03","DriverOpts":null}}}}[\n]"
&amp#27;[0;39m2023-05-08 13:19:08,389 [main] &amp#27;[39mDEBUG&amp#27;[0;39m &amp#27;[36mc.g.d.z.s.o.a.hc.client5.http.wire&amp#27;[0;39m - &amp#27;[32mhttp-outgoing-1 << "[\r][\n]"
&amp#27;[0;39m2023-05-08 13:19:08,389 [main] &amp#27;[39mDEBUG&amp#27;[0;39m &amp#27;[36mc.g.d.z.s.o.a.hc.client5.http.wire&amp#27;[0;39m - &amp#27;[32mhttp-outgoing-1 << "0[\r][\n]"
&amp#27;[0;39m2023-05-08 13:19:08,389 [main] &amp#27;[39mDEBUG&amp#27;[0;39m &amp#27;[36mc.g.d.z.s.o.a.hc.client5.http.wire&amp#27;[0;39m - &amp#27;[32mhttp-outgoing-1 << "[\r][\n]"
&amp#27;[0;39m2023-05-08 13:19:08,389 [main] &amp#27;[39mDEBUG&amp#27;[0;39m &amp#27;[36mc.g.d.z.s.o.a.h.client5.http.headers&amp#27;[0;39m - &amp#27;[32mhttp-outgoing-1 << HTTP/1.1 200 OK
&amp#27;[0;39m2023-05-08 13:19:08,389 [main] &amp#27;[39mDEBUG&amp#27;[0;39m &amp#27;[36mc.g.d.z.s.o.a.h.client5.http.headers&amp#27;[0;39m - &amp#27;[32mhttp-outgoing-1 << Api-Version: 1.42
&amp#27;[0;39m2023-05-08 13:19:08,389 [main] &amp#27;[39mDEBUG&amp#27;[0;39m &amp#27;[36mc.g.d.z.s.o.a.h.client5.http.headers&amp#27;[0;39m - &amp#27;[32mhttp-outgoing-1 << Content-Type: application/json
&amp#27;[0;39m2023-05-08 13:19:08,389 [main] &amp#27;[39mDEBUG&amp#27;[0;39m &amp#27;[36mc.g.d.z.s.o.a.h.client5.http.headers&amp#27;[0;39m - &amp#27;[32mhttp-outgoing-1 << Docker-Experimental: false
&amp#27;[0;39m2023-05-08 13:19:08,389 [main] &amp#27;[39mDEBUG&amp#27;[0;39m &amp#27;[36mc.g.d.z.s.o.a.h.client5.http.headers&amp#27;[0;39m - &amp#27;[32mhttp-outgoing-1 << Ostype: linux
&amp#27;[0;39m2023-05-08 13:19:08,389 [main] &amp#27;[39mDEBUG&amp#27;[0;39m &amp#27;[36mc.g.d.z.s.o.a.h.client5.http.headers&amp#27;[0;39m - &amp#27;[32mhttp-outgoing-1 << Server: Docker/23.0.5 (linux)
&amp#27;[0;39m2023-05-08 13:19:08,389 [main] &amp#27;[39mDEBUG&amp#27;[0;39m &amp#27;[36mc.g.d.z.s.o.a.h.client5.http.headers&amp#27;[0;39m - &amp#27;[32mhttp-outgoing-1 << Date: Mon, 08 May 2023 11:19:08 GMT
&amp#27;[0;39m2023-05-08 13:19:08,389 [main] &amp#27;[39mDEBUG&amp#27;[0;39m &amp#27;[36mc.g.d.z.s.o.a.h.client5.http.headers&amp#27;[0;39m - &amp#27;[32mhttp-outgoing-1 << Transfer-Encoding: chunked
&amp#27;[0;39m2023-05-08 13:19:08,389 [main] &amp#27;[39mDEBUG&amp#27;[0;39m &amp#27;[36mc.g.d.z.s.o.a.h.c.h.i.c.MainClientExec&amp#27;[0;39m - &amp#27;[32mex-0000009A: connection can be kept alive for 3 MINUTES
&amp#27;[0;39m2023-05-08 13:19:08,390 [main] &amp#27;[39mDEBUG&amp#27;[0;39m &amp#27;[36mc.g.d.z.s.o.a.h.c.h.i.c.InternalHttpClient&amp#27;[0;39m - &amp#27;[32mep-00000099: releasing valid endpoint
&amp#27;[0;39m2023-05-08 13:19:08,390 [main] &amp#27;[39mDEBUG&amp#27;[0;39m &amp#27;[36mc.g.d.z.s.o.a.h.c.h.i.i.PoolingHttpClientConnectionManager&amp#27;[0;39m - &amp#27;[32mep-00000099: releasing endpoint
&amp#27;[0;39m2023-05-08 13:19:08,390 [main] &amp#27;[39mDEBUG&amp#27;[0;39m &amp#27;[36mc.g.d.z.s.o.a.h.c.h.i.i.PoolingHttpClientConnectionManager&amp#27;[0;39m - &amp#27;[32mep-00000099: connection http-outgoing-1 can be kept alive for 3 MINUTES
&amp#27;[0;39m2023-05-08 13:19:08,390 [main] &amp#27;[39mDEBUG&amp#27;[0;39m &amp#27;[36mc.g.d.z.s.o.a.h.c.h.i.i.PoolingHttpClientConnectionManager&amp#27;[0;39m - &amp#27;[32mep-00000099: connection released [route: {}->unix://localhost:2375][total available: 1; route allocated: 1 of 2147483647; total allocated: 1 of 2147483647]
&amp#27;[0;39m2023-05-08 13:19:08,390 [main] &amp#27;[39mDEBUG&amp#27;[0;39m &amp#27;[36mtc.mysql:8.0.0&amp#27;[0;39m - &amp#27;[32mTrying to create JDBC connection using com.mysql.cj.jdbc.Driver to jdbc:mysql://localhost:32782/test?useSSL=false&allowPublicKeyRetrieval=true with properties: {password=test, user=test}
&amp#27;[0;39m2023-05-08 13:19:08,491 [main] &amp#27;[39mDEBUG&amp#27;[0;39m &amp#27;[36mo.t.s.c.g.d.c.command.AbstrDockerCmd&amp#27;[0;39m - &amp#27;[32mCmd: 0739339bbc624082fb5e41f62f4a622236ffe4974bf12b2847105b726085e02b,false
&amp#27;[0;39m2023-05-08 13:19:08,491 [main] &amp#27;[39mDEBUG&amp#27;[0;39m &amp#27;[36mo.t.s.c.g.d.c.e.InspectContainerCmdExec&amp#27;[0;39m - &amp#27;[32mGET: DefaultWebTarget{path=[/containers/0739339bbc624082fb5e41f62f4a622236ffe4974bf12b2847105b726085e02b/json], queryParams={}}
&amp#27;[0;39m2023-05-08 13:19:08,491 [main] &amp#27;[39mDEBUG&amp#27;[0;39m &amp#27;[36mc.g.d.z.s.o.a.h.c.h.i.c.InternalHttpClient&amp#27;[0;39m - &amp#27;[32mex-0000009B: preparing request execution
&amp#27;[0;39m2023-05-08 13:19:08,491 [main] &amp#27;[39mDEBUG&amp#27;[0;39m &amp#27;[36mc.g.d.z.s.o.a.h.c.h.p.RequestAddCookies&amp#27;[0;39m - &amp#27;[32mCookie spec selected: strict
&amp#27;[0;39m2023-05-08 13:19:08,491 [main] &amp#27;[39mDEBUG&amp#27;[0;39m &amp#27;[36mc.g.d.z.s.o.a.h.c.h.p.RequestAuthCache&amp#27;[0;39m - &amp#27;[32mAuth cache not set in the context
&amp#27;[0;39m2023-05-08 13:19:08,491 [main] &amp#27;[39mDEBUG&amp#27;[0;39m &amp#27;[36mc.g.d.z.s.o.a.h.c.h.i.c.ProtocolExec&amp#27;[0;39m - &amp#27;[32mex-0000009B: target auth state: UNCHALLENGED
&amp#27;[0;39m2023-05-08 13:19:08,491 [main] &amp#27;[39mDEBUG&amp#27;[0;39m &amp#27;[36mc.g.d.z.s.o.a.h.c.h.i.c.ProtocolExec&amp#27;[0;39m - &amp#27;[32mex-0000009B: proxy auth state: UNCHALLENGED
&amp#27;[0;39m2023-05-08 13:19:08,491 [main] &amp#27;[39mDEBUG&amp#27;[0;39m &amp#27;[36mc.g.d.z.s.o.a.h.c.h.i.c.ConnectExec&amp#27;[0;39m - &amp#27;[32mex-0000009B: acquiring connection with route {}->unix://localhost:2375
&amp#27;[0;39m2023-05-08 13:19:08,491 [main] &amp#27;[39mDEBUG&amp#27;[0;39m &amp#27;[36mc.g.d.z.s.o.a.h.c.h.i.c.InternalHttpClient&amp#27;[0;39m - &amp#27;[32mex-0000009B: acquiring endpoint (3 MINUTES)
&amp#27;[0;39m2023-05-08 13:19:08,491 [main] &amp#27;[39mDEBUG&amp#27;[0;39m &amp#27;[36mc.g.d.z.s.o.a.h.c.h.i.i.PoolingHttpClientConnectionManager&amp#27;[0;39m - &amp#27;[32mex-0000009B: endpoint lease request (3 MINUTES) [route: {}->unix://localhost:2375][total available: 1; route allocated: 1 of 2147483647; total allocated: 1 of 2147483647]
&amp#27;[0;39m2023-05-08 13:19:08,491 [main] &amp#27;[39mDEBUG&amp#27;[0;39m &amp#27;[36mc.g.d.z.s.o.a.h.c.h.i.i.PoolingHttpClientConnectionManager&amp#27;[0;39m - &amp#27;[32mex-0000009B: endpoint leased [route: {}->unix://localhost:2375][total available: 0; route allocated: 1 of 2147483647; total allocated: 1 of 2147483647]
&amp#27;[0;39m2023-05-08 13:19:08,491 [main] &amp#27;[39mDEBUG&amp#27;[0;39m &amp#27;[36mc.g.d.z.s.o.a.h.c.h.i.i.PoolingHttpClientConnectionManager&amp#27;[0;39m - &amp#27;[32mex-0000009B: acquired ep-0000009A
&amp#27;[0;39m2023-05-08 13:19:08,491 [main] &amp#27;[39mDEBUG&amp#27;[0;39m &amp#27;[36mc.g.d.z.s.o.a.h.c.h.i.c.InternalHttpClient&amp#27;[0;39m - &amp#27;[32mex-0000009B: acquired endpoint ep-0000009A
&amp#27;[0;39m2023-05-08 13:19:08,491 [main] &amp#27;[39mDEBUG&amp#27;[0;39m &amp#27;[36mc.g.d.z.s.o.a.h.c.h.i.c.MainClientExec&amp#27;[0;39m - &amp#27;[32mex-0000009B: executing GET /v1.32/containers/0739339bbc624082fb5e41f62f4a622236ffe4974bf12b2847105b726085e02b/json HTTP/1.1
&amp#27;[0;39m2023-05-08 13:19:08,491 [main] &amp#27;[39mDEBUG&amp#27;[0;39m &amp#27;[36mc.g.d.z.s.o.a.h.c.h.i.c.InternalHttpClient&amp#27;[0;39m - &amp#27;[32mep-0000009A: start execution ex-0000009B
&amp#27;[0;39m2023-05-08 13:19:08,491 [main] &amp#27;[39mDEBUG&amp#27;[0;39m &amp#27;[36mc.g.d.z.s.o.a.h.c.h.i.i.PoolingHttpClientConnectionManager&amp#27;[0;39m - &amp#27;[32mep-0000009A: executing exchange ex-0000009B over http-outgoing-1
&amp#27;[0;39m2023-05-08 13:19:08,492 [main] &amp#27;[39mDEBUG&amp#27;[0;39m &amp#27;[36mc.g.d.z.s.o.a.h.client5.http.headers&amp#27;[0;39m - &amp#27;[32mhttp-outgoing-1 >> GET /v1.32/containers/0739339bbc624082fb5e41f62f4a622236ffe4974bf12b2847105b726085e02b/json HTTP/1.1
&amp#27;[0;39m2023-05-08 13:19:08,492 [main] &amp#27;[39mDEBUG&amp#27;[0;39m &amp#27;[36mc.g.d.z.s.o.a.h.client5.http.headers&amp#27;[0;39m - &amp#27;[32mhttp-outgoing-1 >> accept: application/json
&amp#27;[0;39m2023-05-08 13:19:08,492 [main] &amp#27;[39mDEBUG&amp#27;[0;39m &amp#27;[36mc.g.d.z.s.o.a.h.client5.http.headers&amp#27;[0;39m - &amp#27;[32mhttp-outgoing-1 >> x-tc-sid: f1b696c1-ec3f-4f95-afa8-081853be7ccb
&amp#27;[0;39m2023-05-08 13:19:08,492 [main] &amp#27;[39mDEBUG&amp#27;[0;39m &amp#27;[36mc.g.d.z.s.o.a.h.client5.http.headers&amp#27;[0;39m - &amp#27;[32mhttp-outgoing-1 >> Accept-Encoding: gzip, x-gzip, deflate
&amp#27;[0;39m2023-05-08 13:19:08,492 [main] &amp#27;[39mDEBUG&amp#27;[0;39m &amp#27;[36mc.g.d.z.s.o.a.h.client5.http.headers&amp#27;[0;39m - &amp#27;[32mhttp-outgoing-1 >> Host: localhost:2375
&amp#27;[0;39m2023-05-08 13:19:08,492 [main] &amp#27;[39mDEBUG&amp#27;[0;39m &amp#27;[36mc.g.d.z.s.o.a.h.client5.http.headers&amp#27;[0;39m - &amp#27;[32mhttp-outgoing-1 >> Connection: keep-alive
&amp#27;[0;39m2023-05-08 13:19:08,492 [main] &amp#27;[39mDEBUG&amp#27;[0;39m &amp#27;[36mc.g.d.z.s.o.a.h.client5.http.headers&amp#27;[0;39m - &amp#27;[32mhttp-outgoing-1 >> User-Agent: Apache-HttpClient/5.0.3 (Java/17.0.6)
&amp#27;[0;39m2023-05-08 13:19:08,492 [main] &amp#27;[39mDEBUG&amp#27;[0;39m &amp#27;[36mc.g.d.z.s.o.a.hc.client5.http.wire&amp#27;[0;39m - &amp#27;[32mhttp-outgoing-1 >> "GET /v1.32/containers/0739339bbc624082fb5e41f62f4a622236ffe4974bf12b2847105b726085e02b/json HTTP/1.1[\r][\n]"
&amp#27;[0;39m2023-05-08 13:19:08,492 [main] &amp#27;[39mDEBUG&amp#27;[0;39m &amp#27;[36mc.g.d.z.s.o.a.hc.client5.http.wire&amp#27;[0;39m - &amp#27;[32mhttp-outgoing-1 >> "accept: application/json[\r][\n]"
&amp#27;[0;39m2023-05-08 13:19:08,492 [main] &amp#27;[39mDEBUG&amp#27;[0;39m &amp#27;[36mc.g.d.z.s.o.a.hc.client5.http.wire&amp#27;[0;39m - &amp#27;[32mhttp-outgoing-1 >> "x-tc-sid: f1b696c1-ec3f-4f95-afa8-081853be7ccb[\r][\n]"
&amp#27;[0;39m2023-05-08 13:19:08,492 [main] &amp#27;[39mDEBUG&amp#27;[0;39m &amp#27;[36mc.g.d.z.s.o.a.hc.client5.http.wire&amp#27;[0;39m - &amp#27;[32mhttp-outgoing-1 >> "Accept-Encoding: gzip, x-gzip, deflate[\r][\n]"
&amp#27;[0;39m2023-05-08 13:19:08,492 [main] &amp#27;[39mDEBUG&amp#27;[0;39m &amp#27;[36mc.g.d.z.s.o.a.hc.client5.http.wire&amp#27;[0;39m - &amp#27;[32mhttp-outgoing-1 >> "Host: localhost:2375[\r][\n]"
&amp#27;[0;39m2023-05-08 13:19:08,492 [main] &amp#27;[39mDEBUG&amp#27;[0;39m &amp#27;[36mc.g.d.z.s.o.a.hc.client5.http.wire&amp#27;[0;39m - &amp#27;[32mhttp-outgoing-1 >> "Connection: keep-alive[\r][\n]"
&amp#27;[0;39m2023-05-08 13:19:08,492 [main] &amp#27;[39mDEBUG&amp#27;[0;39m &amp#27;[36mc.g.d.z.s.o.a.hc.client5.http.wire&amp#27;[0;39m - &amp#27;[32mhttp-outgoing-1 >> "User-Agent: Apache-HttpClient/5.0.3 (Java/17.0.6)[\r][\n]"
&amp#27;[0;39m2023-05-08 13:19:08,492 [main] &amp#27;[39mDEBUG&amp#27;[0;39m &amp#27;[36mc.g.d.z.s.o.a.hc.client5.http.wire&amp#27;[0;39m - &amp#27;[32mhttp-outgoing-1 >> "[\r][\n]"
&amp#27;[0;39m2023-05-08 13:19:08,492 [main] &amp#27;[39mDEBUG&amp#27;[0;39m &amp#27;[36mc.g.d.z.s.o.a.hc.client5.http.wire&amp#27;[0;39m - &amp#27;[32mhttp-outgoing-1 << "HTTP/1.1 200 OK[\r][\n]"
&amp#27;[0;39m2023-05-08 13:19:08,492 [main] &amp#27;[39mDEBUG&amp#27;[0;39m &amp#27;[36mc.g.d.z.s.o.a.hc.client5.http.wire&amp#27;[0;39m - &amp#27;[32mhttp-outgoing-1 << "Api-Version: 1.42[\r][\n]"
&amp#27;[0;39m2023-05-08 13:19:08,492 [main] &amp#27;[39mDEBUG&amp#27;[0;39m &amp#27;[36mc.g.d.z.s.o.a.hc.client5.http.wire&amp#27;[0;39m - &amp#27;[32mhttp-outgoing-1 << "Content-Type: application/json[\r][\n]"
&amp#27;[0;39m2023-05-08 13:19:08,492 [main] &amp#27;[39mDEBUG&amp#27;[0;39m &amp#27;[36mc.g.d.z.s.o.a.hc.client5.http.wire&amp#27;[0;39m - &amp#27;[32mhttp-outgoing-1 << "Docker-Experimental: false[\r][\n]"
&amp#27;[0;39m2023-05-08 13:19:08,492 [main] &amp#27;[39mDEBUG&amp#27;[0;39m &amp#27;[36mc.g.d.z.s.o.a.hc.client5.http.wire&amp#27;[0;39m - &amp#27;[32mhttp-outgoing-1 << "Ostype: linux[\r][\n]"
&amp#27;[0;39m2023-05-08 13:19:08,492 [main] &amp#27;[39mDEBUG&amp#27;[0;39m &amp#27;[36mc.g.d.z.s.o.a.hc.client5.http.wire&amp#27;[0;39m - &amp#27;[32mhttp-outgoing-1 << "Server: Docker/23.0.5 (linux)[\r][\n]"
&amp#27;[0;39m2023-05-08 13:19:08,492 [main] &amp#27;[39mDEBUG&amp#27;[0;39m &amp#27;[36mc.g.d.z.s.o.a.hc.client5.http.wire&amp#27;[0;39m - &amp#27;[32mhttp-outgoing-1 << "Date: Mon, 08 May 2023 11:19:08 GMT[\r][\n]"
&amp#27;[0;39m2023-05-08 13:19:08,492 [main] &amp#27;[39mDEBUG&amp#27;[0;39m &amp#27;[36mc.g.d.z.s.o.a.hc.client5.http.wire&amp#27;[0;39m - &amp#27;[32mhttp-outgoing-1 << "Transfer-Encoding: chunked[\r][\n]"
&amp#27;[0;39m2023-05-08 13:19:08,492 [main] &amp#27;[39mDEBUG&amp#27;[0;39m &amp#27;[36mc.g.d.z.s.o.a.hc.client5.http.wire&amp#27;[0;39m - &amp#27;[32mhttp-outgoing-1 << "[\r][\n]"
&amp#27;[0;39m2023-05-08 13:19:08,492 [main] &amp#27;[39mDEBUG&amp#27;[0;39m &amp#27;[36mc.g.d.z.s.o.a.hc.client5.http.wire&amp#27;[0;39m - &amp#27;[32mhttp-outgoing-1 << "1893[\r][\n]"
&amp#27;[0;39m2023-05-08 13:19:08,492 [main] &amp#27;[39mDEBUG&amp#27;[0;39m &amp#27;[36mc.g.d.z.s.o.a.hc.client5.http.wire&amp#27;[0;39m - &amp#27;[32mhttp-outgoing-1 << "{"Id":"0739339bbc624082fb5e41f62f4a622236ffe4974bf12b2847105b726085e02b","Created":"2023-05-08T11:19:01.771856188Z","Path":"docker-entrypoint.sh","Args":["mysqld"],"State":{"Status":"running","Running":true,"Paused":false,"Restarting":false,"OOMKilled":false,"Dead":false,"Pid":59514,"ExitCode":0,"Error":"","StartedAt":"2023-05-08T11:19:02.113674386Z","FinishedAt":"0001-01-01T00:00:00Z"},"Image":"sha256:228d71078f8ce5ae9fd96b183f88c3a90e30544b4b7ce9d64a238d05fef2a681","ResolvConfPath":"/var/lib/docker/containers/0739339bbc624082fb5e41f62f4a622236ffe4974bf12b2847105b726085e02b/resolv.conf","HostnamePath":"/var/lib/docker/containers/0739339bbc624082fb5e41f62f4a622236ffe4974bf12b2847105b726085e02b/hostname","HostsPath":"/var/lib/docker/containers/0739339bbc624082fb5e41f62f4a622236ffe4974bf12b2847105b726085e02b/hosts","LogPath":"/var/lib/docker/containers/0739339bbc624082fb5e41f62f4a622236ffe4974bf12b2847105b726085e02b/0739339bbc624082fb5e41f62f4a622236ffe4974bf12b2847105b726085e02b-json.log","Name":"/intelligent_galileo","RestartCount":0,"Driver":"overlay2","Platform":"linux","MountLabel":"","ProcessLabel":"","AppArmorProfile":"docker-default","ExecIDs":null,"HostConfig":{"Binds":[],"ContainerIDFile":"","LogConfig":{"Type":"json-file","Config":{}},"NetworkMode":"default","PortBindings":{"3306/tcp":[{"HostIp":"","HostPort":""}]},"RestartPolicy":{"Name":"","MaximumRetryCount":0},"AutoRemove":false,"VolumeDriver":"","VolumesFrom":[],"ConsoleSize":[0,0],"CapAdd":null,"CapDrop":null,"CgroupnsMode":"private","Dns":null,"DnsOptions":null,"DnsSearch":null,"ExtraHosts":[],"GroupAdd":null,"IpcMode":"shareable","Cgroup":"","Links":null,"OomScoreAdj":0,"PidMode":"","Privileged":false,"PublishAllPorts":false,"ReadonlyRootfs":false,"SecurityOpt":null,"UTSMode":"","UsernsMode":"","ShmSize":67108864,"Runtime":"runc","Isolation":"","CpuShares":0,"Memory":0,"NanoCpus":0,"CgroupParent":"","BlkioWeight":0,"BlkioWeightDevice":null,"BlkioDeviceReadBps":null,"BlkioDeviceWriteBps":null,"BlkioDeviceReadIOps":null,"BlkioDeviceWriteIOps":null,"CpuPeriod":0,"CpuQuota":0,"CpuRealtimePeriod":0,"CpuRealtimeRuntime":0,"CpusetCpus":"","CpusetMems":"","Devices":null,"DeviceCgroupRules":null,"DeviceRequests":null,"MemoryReservation":0,"MemorySwap":0,"MemorySwappiness":null,"OomKillDisable":null,"PidsLimit":null,"Ulimits":null,"CpuCount":0,"CpuPercent":0,"IOMaximumIOps":0,"IOMaximumBandwidth":0,"MaskedPaths":["/proc/asound","/proc/acpi","/proc/kcore","/proc/keys","/proc/latency_stats","/proc/timer_list","/proc/timer_stats","/proc/sched_debug","/proc/scsi","/sys/firmware"],"ReadonlyPaths":["/proc/bus","/proc/fs","/proc/irq","/proc/sys","/proc/sysrq-trigger"]},"GraphDriver":{"Data":{"LowerDir":"/var/lib/docker/overlay2/b481eee7843c17772ada1734203524b4de76785735a50d4c68703d497db0e4ed-init/diff:/var/lib/docker/overlay2/4c6e20f032f02b27a9272f982861dc21998197aa90d94ed3bef95d449380247c/diff:/var/lib/docker/overlay2/0c75f828f603eff839bb3ca448163ab2a8017e86625ac255cd3dbf1673ddac26/diff:/var/lib/docker/overlay2/da128d897fda75829109844ce6cd9d73d0f54c682e735100af000ce899908729/diff:/var/lib/docker/overlay2/b678a1f261bf323afba6d76d91ab7428bdd6e1ef4a39b5224e4a1afd08c0423a/diff:/var/lib/docker/overlay2/1bec43b14875c5f9f814f146e8e31aa78566689c2c163da2ac60a32254988437/diff:/var/lib/docker/overlay2/28f4b1e6e1a7a2dbe30f1f94fb42bccd85a61faf8af1fe30a5bb0d442c525e41/diff:/var/lib/docker/overlay2/0f493124464c291d7c97d2633d5dff04b1dce5de904cb40a34dfbe7fe72e3fd4/diff:/var/lib/docker/overlay2/05befbee9e38cd670e1786b3310e99796dcc06abbed970007b4109a5424843fa/diff:/var/lib/docker/overlay2/582bcca9acfc4eef25109e1e1b9c9d104f355798455bc73e855c99283887a6e8/diff:/var/lib/docker/overlay2/153b3bf0b69e97e8f0e5533414a31ca33fa530e63d174c9617621abe46e7e9d1/diff:/var/lib/docker/overlay2/bf87a76c0a38875ee6e915fd0d2527eafa880ec6bf2c1cb294959428c18d10bd/diff","MergedDir":"/var/lib/docker/overlay2/b481eee7843c17772ada1734203524b4de76785735a50d4c68703d497db0e4ed/merged","UpperDir":"/var/lib/docker/overlay2/b481eee7843c17772ada1734203524b4de76785735a50d4c68703d497db0e4ed/diff","WorkDir":"/var/lib/docker/overlay2/b481eee7843c17772ada1734203524b4de76785735a50d4c68703d497db0e4ed/work"},"Name":"overlay2"},"Mounts":[{"Type":"volume","Name":"ec40278114b76af7b6535b952e685e04a98a51fa16363f5e9f0df1ce601f1dd5","Source":"/var/lib/docker/volumes/ec40278114b76af7b6535b952e685e04a98a51fa16363f5e9f0df1ce601f1dd5/_data","Destination":"/var/lib/mysql","Driver":"local","Mode":"","RW":true,"Propagation":""}],"Config":{"Hostname":"0739339bbc62","Domainname":"","User":"","AttachStdin":false,"AttachStdout":false,"AttachStderr":false,"ExposedPorts":{"3306/tcp":{}},"Tty":false,"OpenStdin":false,"StdinOnce":false,"Env":["MYSQL_DATABASE=test","MYSQL_PASSWORD=test","MYSQL_USER=test","MYSQL_ROOT_PASSWORD=test","PATH=/usr/local/sbin:/usr/local/bin:/usr/sbin:/usr/bin:/sbin:/bin","GOSU_VERSION=1.7","MYSQL_MAJOR=8.0","MYSQL_VERSION=8.0.0-dmr-1debian8"],"Cmd":["mysqld"],"Image":"mysql:8.0.0","Volumes":{"/var/lib/mysql":{}},"WorkingDir":"","Entrypoint":["docker-entrypoint.sh"],"OnBuild":null,"Labels":{"org.testcontainers":"true","org.testcontainers.lang":"java","org.testcontainers.sessionId":"f1b696c1-ec3f-4f95-afa8-081853be7ccb","org.testcontainers.version":"1.18.0"}},"NetworkSettings":{"Bridge":"","SandboxID":"d265e68e2afe307f1ab03fab083f2c0477cba31e9f26759f52b94e045d1847fb","HairpinMode":false,"LinkLocalIPv6Address":"","LinkLocalIPv6PrefixLen":0,"Ports":{"3306/tcp":[{"HostIp":"0.0.0.0","HostPort":"32782"},{"HostIp":"::","HostPort":"32782"}]},"SandboxKey":"/var/run/docker/netns/d265e68e2afe","SecondaryIPAddresses":null,"SecondaryIPv6Addresses":null,"EndpointID":"97b4c81a7665dcad3863174204db678dde492e2a2b2f11f6ef1c683b5d76146b","Gateway":"172.17.0.1","GlobalIPv6Address":"","GlobalIPv6PrefixLen":0,"IPAddress":"172.17.0.3","IPPrefixLen":16,"IPv6Gateway":"","MacAddress":"02:42:ac:11:00:03","Networks":{"bridge":{"IPAMConfig":null,"Links":null,"Aliases":null,"NetworkID":"e1a078e12eb8d77b497ed932f7fb43787eeb6ff6972febd7d03c9282b8b5cd45","EndpointID":"97b4c81a7665dcad3863174204db678dde492e2a2b2f11f6ef1c683b5d76146b","Gateway":"172.17.0.1","IPAddress":"172.17.0.3","IPPrefixLen":16,"IPv6Gateway":"","GlobalIPv6Address":"","GlobalIPv6PrefixLen":0,"MacAddress":"02:42:ac:11:00:03","DriverOpts":null}}}}[\n]"
&amp#27;[0;39m2023-05-08 13:19:08,492 [main] &amp#27;[39mDEBUG&amp#27;[0;39m &amp#27;[36mc.g.d.z.s.o.a.hc.client5.http.wire&amp#27;[0;39m - &amp#27;[32mhttp-outgoing-1 << "[\r][\n]"
&amp#27;[0;39m2023-05-08 13:19:08,492 [main] &amp#27;[39mDEBUG&amp#27;[0;39m &amp#27;[36mc.g.d.z.s.o.a.hc.client5.http.wire&amp#27;[0;39m - &amp#27;[32mhttp-outgoing-1 << "0[\r][\n]"
&amp#27;[0;39m2023-05-08 13:19:08,492 [main] &amp#27;[39mDEBUG&amp#27;[0;39m &amp#27;[36mc.g.d.z.s.o.a.hc.client5.http.wire&amp#27;[0;39m - &amp#27;[32mhttp-outgoing-1 << "[\r][\n]"
&amp#27;[0;39m2023-05-08 13:19:08,492 [main] &amp#27;[39mDEBUG&amp#27;[0;39m &amp#27;[36mc.g.d.z.s.o.a.h.client5.http.headers&amp#27;[0;39m - &amp#27;[32mhttp-outgoing-1 << HTTP/1.1 200 OK
&amp#27;[0;39m2023-05-08 13:19:08,492 [main] &amp#27;[39mDEBUG&amp#27;[0;39m &amp#27;[36mc.g.d.z.s.o.a.h.client5.http.headers&amp#27;[0;39m - &amp#27;[32mhttp-outgoing-1 << Api-Version: 1.42
&amp#27;[0;39m2023-05-08 13:19:08,492 [main] &amp#27;[39mDEBUG&amp#27;[0;39m &amp#27;[36mc.g.d.z.s.o.a.h.client5.http.headers&amp#27;[0;39m - &amp#27;[32mhttp-outgoing-1 << Content-Type: application/json
&amp#27;[0;39m2023-05-08 13:19:08,492 [main] &amp#27;[39mDEBUG&amp#27;[0;39m &amp#27;[36mc.g.d.z.s.o.a.h.client5.http.headers&amp#27;[0;39m - &amp#27;[32mhttp-outgoing-1 << Docker-Experimental: false
&amp#27;[0;39m2023-05-08 13:19:08,492 [main] &amp#27;[39mDEBUG&amp#27;[0;39m &amp#27;[36mc.g.d.z.s.o.a.h.client5.http.headers&amp#27;[0;39m - &amp#27;[32mhttp-outgoing-1 << Ostype: linux
&amp#27;[0;39m2023-05-08 13:19:08,492 [main] &amp#27;[39mDEBUG&amp#27;[0;39m &amp#27;[36mc.g.d.z.s.o.a.h.client5.http.headers&amp#27;[0;39m - &amp#27;[32mhttp-outgoing-1 << Server: Docker/23.0.5 (linux)
&amp#27;[0;39m2023-05-08 13:19:08,492 [main] &amp#27;[39mDEBUG&amp#27;[0;39m &amp#27;[36mc.g.d.z.s.o.a.h.client5.http.headers&amp#27;[0;39m - &amp#27;[32mhttp-outgoing-1 << Date: Mon, 08 May 2023 11:19:08 GMT
&amp#27;[0;39m2023-05-08 13:19:08,492 [main] &amp#27;[39mDEBUG&amp#27;[0;39m &amp#27;[36mc.g.d.z.s.o.a.h.client5.http.headers&amp#27;[0;39m - &amp#27;[32mhttp-outgoing-1 << Transfer-Encoding: chunked
&amp#27;[0;39m2023-05-08 13:19:08,492 [main] &amp#27;[39mDEBUG&amp#27;[0;39m &amp#27;[36mc.g.d.z.s.o.a.h.c.h.i.c.MainClientExec&amp#27;[0;39m - &amp#27;[32mex-0000009B: connection can be kept alive for 3 MINUTES
&amp#27;[0;39m2023-05-08 13:19:08,493 [main] &amp#27;[39mDEBUG&amp#27;[0;39m &amp#27;[36mc.g.d.z.s.o.a.h.c.h.i.c.InternalHttpClient&amp#27;[0;39m - &amp#27;[32mep-0000009A: releasing valid endpoint
&amp#27;[0;39m2023-05-08 13:19:08,493 [main] &amp#27;[39mDEBUG&amp#27;[0;39m &amp#27;[36mc.g.d.z.s.o.a.h.c.h.i.i.PoolingHttpClientConnectionManager&amp#27;[0;39m - &amp#27;[32mep-0000009A: releasing endpoint
&amp#27;[0;39m2023-05-08 13:19:08,493 [main] &amp#27;[39mDEBUG&amp#27;[0;39m &amp#27;[36mc.g.d.z.s.o.a.h.c.h.i.i.PoolingHttpClientConnectionManager&amp#27;[0;39m - &amp#27;[32mep-0000009A: connection http-outgoing-1 can be kept alive for 3 MINUTES
&amp#27;[0;39m2023-05-08 13:19:08,493 [main] &amp#27;[39mDEBUG&amp#27;[0;39m &amp#27;[36mc.g.d.z.s.o.a.h.c.h.i.i.PoolingHttpClientConnectionManager&amp#27;[0;39m - &amp#27;[32mep-0000009A: connection released [route: {}->unix://localhost:2375][total available: 1; route allocated: 1 of 2147483647; total allocated: 1 of 2147483647]
&amp#27;[0;39m2023-05-08 13:19:08,493 [main] &amp#27;[39mDEBUG&amp#27;[0;39m &amp#27;[36mtc.mysql:8.0.0&amp#27;[0;39m - &amp#27;[32mTrying to create JDBC connection using com.mysql.cj.jdbc.Driver to jdbc:mysql://localhost:32782/test?useSSL=false&allowPublicKeyRetrieval=true with properties: {password=test, user=test}
&amp#27;[0;39m2023-05-08 13:19:08,595 [main] &amp#27;[39mDEBUG&amp#27;[0;39m &amp#27;[36mo.t.s.c.g.d.c.command.AbstrDockerCmd&amp#27;[0;39m - &amp#27;[32mCmd: 0739339bbc624082fb5e41f62f4a622236ffe4974bf12b2847105b726085e02b,false
&amp#27;[0;39m2023-05-08 13:19:08,595 [main] &amp#27;[39mDEBUG&amp#27;[0;39m &amp#27;[36mo.t.s.c.g.d.c.e.InspectContainerCmdExec&amp#27;[0;39m - &amp#27;[32mGET: DefaultWebTarget{path=[/containers/0739339bbc624082fb5e41f62f4a622236ffe4974bf12b2847105b726085e02b/json], queryParams={}}
&amp#27;[0;39m2023-05-08 13:19:08,595 [main] &amp#27;[39mDEBUG&amp#27;[0;39m &amp#27;[36mc.g.d.z.s.o.a.h.c.h.i.c.InternalHttpClient&amp#27;[0;39m - &amp#27;[32mex-0000009C: preparing request execution
&amp#27;[0;39m2023-05-08 13:19:08,595 [main] &amp#27;[39mDEBUG&amp#27;[0;39m &amp#27;[36mc.g.d.z.s.o.a.h.c.h.p.RequestAddCookies&amp#27;[0;39m - &amp#27;[32mCookie spec selected: strict
&amp#27;[0;39m2023-05-08 13:19:08,595 [main] &amp#27;[39mDEBUG&amp#27;[0;39m &amp#27;[36mc.g.d.z.s.o.a.h.c.h.p.RequestAuthCache&amp#27;[0;39m - &amp#27;[32mAuth cache not set in the context
&amp#27;[0;39m2023-05-08 13:19:08,595 [main] &amp#27;[39mDEBUG&amp#27;[0;39m &amp#27;[36mc.g.d.z.s.o.a.h.c.h.i.c.ProtocolExec&amp#27;[0;39m - &amp#27;[32mex-0000009C: target auth state: UNCHALLENGED
&amp#27;[0;39m2023-05-08 13:19:08,595 [main] &amp#27;[39mDEBUG&amp#27;[0;39m &amp#27;[36mc.g.d.z.s.o.a.h.c.h.i.c.ProtocolExec&amp#27;[0;39m - &amp#27;[32mex-0000009C: proxy auth state: UNCHALLENGED
&amp#27;[0;39m2023-05-08 13:19:08,595 [main] &amp#27;[39mDEBUG&amp#27;[0;39m &amp#27;[36mc.g.d.z.s.o.a.h.c.h.i.c.ConnectExec&amp#27;[0;39m - &amp#27;[32mex-0000009C: acquiring connection with route {}->unix://localhost:2375
&amp#27;[0;39m2023-05-08 13:19:08,595 [main] &amp#27;[39mDEBUG&amp#27;[0;39m &amp#27;[36mc.g.d.z.s.o.a.h.c.h.i.c.InternalHttpClient&amp#27;[0;39m - &amp#27;[32mex-0000009C: acquiring endpoint (3 MINUTES)
&amp#27;[0;39m2023-05-08 13:19:08,595 [main] &amp#27;[39mDEBUG&amp#27;[0;39m &amp#27;[36mc.g.d.z.s.o.a.h.c.h.i.i.PoolingHttpClientConnectionManager&amp#27;[0;39m - &amp#27;[32mex-0000009C: endpoint lease request (3 MINUTES) [route: {}->unix://localhost:2375][total available: 1; route allocated: 1 of 2147483647; total allocated: 1 of 2147483647]
&amp#27;[0;39m2023-05-08 13:19:08,595 [main] &amp#27;[39mDEBUG&amp#27;[0;39m &amp#27;[36mc.g.d.z.s.o.a.h.c.h.i.i.PoolingHttpClientConnectionManager&amp#27;[0;39m - &amp#27;[32mex-0000009C: endpoint leased [route: {}->unix://localhost:2375][total available: 0; route allocated: 1 of 2147483647; total allocated: 1 of 2147483647]
&amp#27;[0;39m2023-05-08 13:19:08,595 [main] &amp#27;[39mDEBUG&amp#27;[0;39m &amp#27;[36mc.g.d.z.s.o.a.h.c.h.i.i.PoolingHttpClientConnectionManager&amp#27;[0;39m - &amp#27;[32mex-0000009C: acquired ep-0000009B
&amp#27;[0;39m2023-05-08 13:19:08,595 [main] &amp#27;[39mDEBUG&amp#27;[0;39m &amp#27;[36mc.g.d.z.s.o.a.h.c.h.i.c.InternalHttpClient&amp#27;[0;39m - &amp#27;[32mex-0000009C: acquired endpoint ep-0000009B
&amp#27;[0;39m2023-05-08 13:19:08,595 [main] &amp#27;[39mDEBUG&amp#27;[0;39m &amp#27;[36mc.g.d.z.s.o.a.h.c.h.i.c.MainClientExec&amp#27;[0;39m - &amp#27;[32mex-0000009C: executing GET /v1.32/containers/0739339bbc624082fb5e41f62f4a622236ffe4974bf12b2847105b726085e02b/json HTTP/1.1
&amp#27;[0;39m2023-05-08 13:19:08,595 [main] &amp#27;[39mDEBUG&amp#27;[0;39m &amp#27;[36mc.g.d.z.s.o.a.h.c.h.i.c.InternalHttpClient&amp#27;[0;39m - &amp#27;[32mep-0000009B: start execution ex-0000009C
&amp#27;[0;39m2023-05-08 13:19:08,595 [main] &amp#27;[39mDEBUG&amp#27;[0;39m &amp#27;[36mc.g.d.z.s.o.a.h.c.h.i.i.PoolingHttpClientConnectionManager&amp#27;[0;39m - &amp#27;[32mep-0000009B: executing exchange ex-0000009C over http-outgoing-1
&amp#27;[0;39m2023-05-08 13:19:08,595 [main] &amp#27;[39mDEBUG&amp#27;[0;39m &amp#27;[36mc.g.d.z.s.o.a.h.client5.http.headers&amp#27;[0;39m - &amp#27;[32mhttp-outgoing-1 >> GET /v1.32/containers/0739339bbc624082fb5e41f62f4a622236ffe4974bf12b2847105b726085e02b/json HTTP/1.1
&amp#27;[0;39m2023-05-08 13:19:08,595 [main] &amp#27;[39mDEBUG&amp#27;[0;39m &amp#27;[36mc.g.d.z.s.o.a.h.client5.http.headers&amp#27;[0;39m - &amp#27;[32mhttp-outgoing-1 >> accept: application/json
&amp#27;[0;39m2023-05-08 13:19:08,595 [main] &amp#27;[39mDEBUG&amp#27;[0;39m &amp#27;[36mc.g.d.z.s.o.a.h.client5.http.headers&amp#27;[0;39m - &amp#27;[32mhttp-outgoing-1 >> x-tc-sid: f1b696c1-ec3f-4f95-afa8-081853be7ccb
&amp#27;[0;39m2023-05-08 13:19:08,595 [main] &amp#27;[39mDEBUG&amp#27;[0;39m &amp#27;[36mc.g.d.z.s.o.a.h.client5.http.headers&amp#27;[0;39m - &amp#27;[32mhttp-outgoing-1 >> Accept-Encoding: gzip, x-gzip, deflate
&amp#27;[0;39m2023-05-08 13:19:08,595 [main] &amp#27;[39mDEBUG&amp#27;[0;39m &amp#27;[36mc.g.d.z.s.o.a.h.client5.http.headers&amp#27;[0;39m - &amp#27;[32mhttp-outgoing-1 >> Host: localhost:2375
&amp#27;[0;39m2023-05-08 13:19:08,595 [main] &amp#27;[39mDEBUG&amp#27;[0;39m &amp#27;[36mc.g.d.z.s.o.a.h.client5.http.headers&amp#27;[0;39m - &amp#27;[32mhttp-outgoing-1 >> Connection: keep-alive
&amp#27;[0;39m2023-05-08 13:19:08,595 [main] &amp#27;[39mDEBUG&amp#27;[0;39m &amp#27;[36mc.g.d.z.s.o.a.h.client5.http.headers&amp#27;[0;39m - &amp#27;[32mhttp-outgoing-1 >> User-Agent: Apache-HttpClient/5.0.3 (Java/17.0.6)
&amp#27;[0;39m2023-05-08 13:19:08,595 [main] &amp#27;[39mDEBUG&amp#27;[0;39m &amp#27;[36mc.g.d.z.s.o.a.hc.client5.http.wire&amp#27;[0;39m - &amp#27;[32mhttp-outgoing-1 >> "GET /v1.32/containers/0739339bbc624082fb5e41f62f4a622236ffe4974bf12b2847105b726085e02b/json HTTP/1.1[\r][\n]"
&amp#27;[0;39m2023-05-08 13:19:08,595 [main] &amp#27;[39mDEBUG&amp#27;[0;39m &amp#27;[36mc.g.d.z.s.o.a.hc.client5.http.wire&amp#27;[0;39m - &amp#27;[32mhttp-outgoing-1 >> "accept: application/json[\r][\n]"
&amp#27;[0;39m2023-05-08 13:19:08,595 [main] &amp#27;[39mDEBUG&amp#27;[0;39m &amp#27;[36mc.g.d.z.s.o.a.hc.client5.http.wire&amp#27;[0;39m - &amp#27;[32mhttp-outgoing-1 >> "x-tc-sid: f1b696c1-ec3f-4f95-afa8-081853be7ccb[\r][\n]"
&amp#27;[0;39m2023-05-08 13:19:08,595 [main] &amp#27;[39mDEBUG&amp#27;[0;39m &amp#27;[36mc.g.d.z.s.o.a.hc.client5.http.wire&amp#27;[0;39m - &amp#27;[32mhttp-outgoing-1 >> "Accept-Encoding: gzip, x-gzip, deflate[\r][\n]"
&amp#27;[0;39m2023-05-08 13:19:08,595 [main] &amp#27;[39mDEBUG&amp#27;[0;39m &amp#27;[36mc.g.d.z.s.o.a.hc.client5.http.wire&amp#27;[0;39m - &amp#27;[32mhttp-outgoing-1 >> "Host: localhost:2375[\r][\n]"
&amp#27;[0;39m2023-05-08 13:19:08,595 [main] &amp#27;[39mDEBUG&amp#27;[0;39m &amp#27;[36mc.g.d.z.s.o.a.hc.client5.http.wire&amp#27;[0;39m - &amp#27;[32mhttp-outgoing-1 >> "Connection: keep-alive[\r][\n]"
&amp#27;[0;39m2023-05-08 13:19:08,595 [main] &amp#27;[39mDEBUG&amp#27;[0;39m &amp#27;[36mc.g.d.z.s.o.a.hc.client5.http.wire&amp#27;[0;39m - &amp#27;[32mhttp-outgoing-1 >> "User-Agent: Apache-HttpClient/5.0.3 (Java/17.0.6)[\r][\n]"
&amp#27;[0;39m2023-05-08 13:19:08,595 [main] &amp#27;[39mDEBUG&amp#27;[0;39m &amp#27;[36mc.g.d.z.s.o.a.hc.client5.http.wire&amp#27;[0;39m - &amp#27;[32mhttp-outgoing-1 >> "[\r][\n]"
&amp#27;[0;39m2023-05-08 13:19:08,596 [main] &amp#27;[39mDEBUG&amp#27;[0;39m &amp#27;[36mc.g.d.z.s.o.a.hc.client5.http.wire&amp#27;[0;39m - &amp#27;[32mhttp-outgoing-1 << "HTTP/1.1 200 OK[\r][\n]"
&amp#27;[0;39m2023-05-08 13:19:08,596 [main] &amp#27;[39mDEBUG&amp#27;[0;39m &amp#27;[36mc.g.d.z.s.o.a.hc.client5.http.wire&amp#27;[0;39m - &amp#27;[32mhttp-outgoing-1 << "Api-Version: 1.42[\r][\n]"
&amp#27;[0;39m2023-05-08 13:19:08,596 [main] &amp#27;[39mDEBUG&amp#27;[0;39m &amp#27;[36mc.g.d.z.s.o.a.hc.client5.http.wire&amp#27;[0;39m - &amp#27;[32mhttp-outgoing-1 << "Content-Type: application/json[\r][\n]"
&amp#27;[0;39m2023-05-08 13:19:08,596 [main] &amp#27;[39mDEBUG&amp#27;[0;39m &amp#27;[36mc.g.d.z.s.o.a.hc.client5.http.wire&amp#27;[0;39m - &amp#27;[32mhttp-outgoing-1 << "Docker-Experimental: false[\r][\n]"
&amp#27;[0;39m2023-05-08 13:19:08,596 [main] &amp#27;[39mDEBUG&amp#27;[0;39m &amp#27;[36mc.g.d.z.s.o.a.hc.client5.http.wire&amp#27;[0;39m - &amp#27;[32mhttp-outgoing-1 << "Ostype: linux[\r][\n]"
&amp#27;[0;39m2023-05-08 13:19:08,596 [main] &amp#27;[39mDEBUG&amp#27;[0;39m &amp#27;[36mc.g.d.z.s.o.a.hc.client5.http.wire&amp#27;[0;39m - &amp#27;[32mhttp-outgoing-1 << "Server: Docker/23.0.5 (linux)[\r][\n]"
&amp#27;[0;39m2023-05-08 13:19:08,596 [main] &amp#27;[39mDEBUG&amp#27;[0;39m &amp#27;[36mc.g.d.z.s.o.a.hc.client5.http.wire&amp#27;[0;39m - &amp#27;[32mhttp-outgoing-1 << "Date: Mon, 08 May 2023 11:19:08 GMT[\r][\n]"
&amp#27;[0;39m2023-05-08 13:19:08,596 [main] &amp#27;[39mDEBUG&amp#27;[0;39m &amp#27;[36mc.g.d.z.s.o.a.hc.client5.http.wire&amp#27;[0;39m - &amp#27;[32mhttp-outgoing-1 << "Transfer-Encoding: chunked[\r][\n]"
&amp#27;[0;39m2023-05-08 13:19:08,596 [main] &amp#27;[39mDEBUG&amp#27;[0;39m &amp#27;[36mc.g.d.z.s.o.a.hc.client5.http.wire&amp#27;[0;39m - &amp#27;[32mhttp-outgoing-1 << "[\r][\n]"
&amp#27;[0;39m2023-05-08 13:19:08,596 [main] &amp#27;[39mDEBUG&amp#27;[0;39m &amp#27;[36mc.g.d.z.s.o.a.hc.client5.http.wire&amp#27;[0;39m - &amp#27;[32mhttp-outgoing-1 << "1893[\r][\n]"
&amp#27;[0;39m2023-05-08 13:19:08,596 [main] &amp#27;[39mDEBUG&amp#27;[0;39m &amp#27;[36mc.g.d.z.s.o.a.hc.client5.http.wire&amp#27;[0;39m - &amp#27;[32mhttp-outgoing-1 << "{"Id":"0739339bbc624082fb5e41f62f4a622236ffe4974bf12b2847105b726085e02b","Created":"2023-05-08T11:19:01.771856188Z","Path":"docker-entrypoint.sh","Args":["mysqld"],"State":{"Status":"running","Running":true,"Paused":false,"Restarting":false,"OOMKilled":false,"Dead":false,"Pid":59514,"ExitCode":0,"Error":"","StartedAt":"2023-05-08T11:19:02.113674386Z","FinishedAt":"0001-01-01T00:00:00Z"},"Image":"sha256:228d71078f8ce5ae9fd96b183f88c3a90e30544b4b7ce9d64a238d05fef2a681","ResolvConfPath":"/var/lib/docker/containers/0739339bbc624082fb5e41f62f4a622236ffe4974bf12b2847105b726085e02b/resolv.conf","HostnamePath":"/var/lib/docker/containers/0739339bbc624082fb5e41f62f4a622236ffe4974bf12b2847105b726085e02b/hostname","HostsPath":"/var/lib/docker/containers/0739339bbc624082fb5e41f62f4a622236ffe4974bf12b2847105b726085e02b/hosts","LogPath":"/var/lib/docker/containers/0739339bbc624082fb5e41f62f4a622236ffe4974bf12b2847105b726085e02b/0739339bbc624082fb5e41f62f4a622236ffe4974bf12b2847105b726085e02b-json.log","Name":"/intelligent_galileo","RestartCount":0,"Driver":"overlay2","Platform":"linux","MountLabel":"","ProcessLabel":"","AppArmorProfile":"docker-default","ExecIDs":null,"HostConfig":{"Binds":[],"ContainerIDFile":"","LogConfig":{"Type":"json-file","Config":{}},"NetworkMode":"default","PortBindings":{"3306/tcp":[{"HostIp":"","HostPort":""}]},"RestartPolicy":{"Name":"","MaximumRetryCount":0},"AutoRemove":false,"VolumeDriver":"","VolumesFrom":[],"ConsoleSize":[0,0],"CapAdd":null,"CapDrop":null,"CgroupnsMode":"private","Dns":null,"DnsOptions":null,"DnsSearch":null,"ExtraHosts":[],"GroupAdd":null,"IpcMode":"shareable","Cgroup":"","Links":null,"OomScoreAdj":0,"PidMode":"","Privileged":false,"PublishAllPorts":false,"ReadonlyRootfs":false,"SecurityOpt":null,"UTSMode":"","UsernsMode":"","ShmSize":67108864,"Runtime":"runc","Isolation":"","CpuShares":0,"Memory":0,"NanoCpus":0,"CgroupParent":"","BlkioWeight":0,"BlkioWeightDevice":null,"BlkioDeviceReadBps":null,"BlkioDeviceWriteBps":null,"BlkioDeviceReadIOps":null,"BlkioDeviceWriteIOps":null,"CpuPeriod":0,"CpuQuota":0,"CpuRealtimePeriod":0,"CpuRealtimeRuntime":0,"CpusetCpus":"","CpusetMems":"","Devices":null,"DeviceCgroupRules":null,"DeviceRequests":null,"MemoryReservation":0,"MemorySwap":0,"MemorySwappiness":null,"OomKillDisable":null,"PidsLimit":null,"Ulimits":null,"CpuCount":0,"CpuPercent":0,"IOMaximumIOps":0,"IOMaximumBandwidth":0,"MaskedPaths":["/proc/asound","/proc/acpi","/proc/kcore","/proc/keys","/proc/latency_stats","/proc/timer_list","/proc/timer_stats","/proc/sched_debug","/proc/scsi","/sys/firmware"],"ReadonlyPaths":["/proc/bus","/proc/fs","/proc/irq","/proc/sys","/proc/sysrq-trigger"]},"GraphDriver":{"Data":{"LowerDir":"/var/lib/docker/overlay2/b481eee7843c17772ada1734203524b4de76785735a50d4c68703d497db0e4ed-init/diff:/var/lib/docker/overlay2/4c6e20f032f02b27a9272f982861dc21998197aa90d94ed3bef95d449380247c/diff:/var/lib/docker/overlay2/0c75f828f603eff839bb3ca448163ab2a8017e86625ac255cd3dbf1673ddac26/diff:/var/lib/docker/overlay2/da128d897fda75829109844ce6cd9d73d0f54c682e735100af000ce899908729/diff:/var/lib/docker/overlay2/b678a1f261bf323afba6d76d91ab7428bdd6e1ef4a39b5224e4a1afd08c0423a/diff:/var/lib/docker/overlay2/1bec43b14875c5f9f814f146e8e31aa78566689c2c163da2ac60a32254988437/diff:/var/lib/docker/overlay2/28f4b1e6e1a7a2dbe30f1f94fb42bccd85a61faf8af1fe30a5bb0d442c525e41/diff:/var/lib/docker/overlay2/0f493124464c291d7c97d2633d5dff04b1dce5de904cb40a34dfbe7fe72e3fd4/diff:/var/lib/docker/overlay2/05befbee9e38cd670e1786b3310e99796dcc06abbed970007b4109a5424843fa/diff:/var/lib/docker/overlay2/582bcca9acfc4eef25109e1e1b9c9d104f355798455bc73e855c99283887a6e8/diff:/var/lib/docker/overlay2/153b3bf0b69e97e8f0e5533414a31ca33fa530e63d174c9617621abe46e7e9d1/diff:/var/lib/docker/overlay2/bf87a76c0a38875ee6e915fd0d2527eafa880ec6bf2c1cb294959428c18d10bd/diff","MergedDir":"/var/lib/docker/overlay2/b481eee7843c17772ada1734203524b4de76785735a50d4c68703d497db0e4ed/merged","UpperDir":"/var/lib/docker/overlay2/b481eee7843c17772ada1734203524b4de76785735a50d4c68703d497db0e4ed/diff","WorkDir":"/var/lib/docker/overlay2/b481eee7843c17772ada1734203524b4de76785735a50d4c68703d497db0e4ed/work"},"Name":"overlay2"},"Mounts":[{"Type":"volume","Name":"ec40278114b76af7b6535b952e685e04a98a51fa16363f5e9f0df1ce601f1dd5","Source":"/var/lib/docker/volumes/ec40278114b76af7b6535b952e685e04a98a51fa16363f5e9f0df1ce601f1dd5/_data","Destination":"/var/lib/mysql","Driver":"local","Mode":"","RW":true,"Propagation":""}],"Config":{"Hostname":"0739339bbc62","Domainname":"","User":"","AttachStdin":false,"AttachStdout":false,"AttachStderr":false,"ExposedPorts":{"3306/tcp":{}},"Tty":false,"OpenStdin":false,"StdinOnce":false,"Env":["MYSQL_DATABASE=test","MYSQL_PASSWORD=test","MYSQL_USER=test","MYSQL_ROOT_PASSWORD=test","PATH=/usr/local/sbin:/usr/local/bin:/usr/sbin:/usr/bin:/sbin:/bin","GOSU_VERSION=1.7","MYSQL_MAJOR=8.0","MYSQL_VERSION=8.0.0-dmr-1debian8"],"Cmd":["mysqld"],"Image":"mysql:8.0.0","Volumes":{"/var/lib/mysql":{}},"WorkingDir":"","Entrypoint":["docker-entrypoint.sh"],"OnBuild":null,"Labels":{"org.testcontainers":"true","org.testcontainers.lang":"java","org.testcontainers.sessionId":"f1b696c1-ec3f-4f95-afa8-081853be7ccb","org.testcontainers.version":"1.18.0"}},"NetworkSettings":{"Bridge":"","SandboxID":"d265e68e2afe307f1ab03fab083f2c0477cba31e9f26759f52b94e045d1847fb","HairpinMode":false,"LinkLocalIPv6Address":"","LinkLocalIPv6PrefixLen":0,"Ports":{"3306/tcp":[{"HostIp":"0.0.0.0","HostPort":"32782"},{"HostIp":"::","HostPort":"32782"}]},"SandboxKey":"/var/run/docker/netns/d265e68e2afe","SecondaryIPAddresses":null,"SecondaryIPv6Addresses":null,"EndpointID":"97b4c81a7665dcad3863174204db678dde492e2a2b2f11f6ef1c683b5d76146b","Gateway":"172.17.0.1","GlobalIPv6Address":"","GlobalIPv6PrefixLen":0,"IPAddress":"172.17.0.3","IPPrefixLen":16,"IPv6Gateway":"","MacAddress":"02:42:ac:11:00:03","Networks":{"bridge":{"IPAMConfig":null,"Links":null,"Aliases":null,"NetworkID":"e1a078e12eb8d77b497ed932f7fb43787eeb6ff6972febd7d03c9282b8b5cd45","EndpointID":"97b4c81a7665dcad3863174204db678dde492e2a2b2f11f6ef1c683b5d76146b","Gateway":"172.17.0.1","IPAddress":"172.17.0.3","IPPrefixLen":16,"IPv6Gateway":"","GlobalIPv6Address":"","GlobalIPv6PrefixLen":0,"MacAddress":"02:42:ac:11:00:03","DriverOpts":null}}}}[\n]"
&amp#27;[0;39m2023-05-08 13:19:08,596 [main] &amp#27;[39mDEBUG&amp#27;[0;39m &amp#27;[36mc.g.d.z.s.o.a.hc.client5.http.wire&amp#27;[0;39m - &amp#27;[32mhttp-outgoing-1 << "[\r][\n]"
&amp#27;[0;39m2023-05-08 13:19:08,596 [main] &amp#27;[39mDEBUG&amp#27;[0;39m &amp#27;[36mc.g.d.z.s.o.a.hc.client5.http.wire&amp#27;[0;39m - &amp#27;[32mhttp-outgoing-1 << "0[\r][\n]"
&amp#27;[0;39m2023-05-08 13:19:08,596 [main] &amp#27;[39mDEBUG&amp#27;[0;39m &amp#27;[36mc.g.d.z.s.o.a.hc.client5.http.wire&amp#27;[0;39m - &amp#27;[32mhttp-outgoing-1 << "[\r][\n]"
&amp#27;[0;39m2023-05-08 13:19:08,596 [main] &amp#27;[39mDEBUG&amp#27;[0;39m &amp#27;[36mc.g.d.z.s.o.a.h.client5.http.headers&amp#27;[0;39m - &amp#27;[32mhttp-outgoing-1 << HTTP/1.1 200 OK
&amp#27;[0;39m2023-05-08 13:19:08,596 [main] &amp#27;[39mDEBUG&amp#27;[0;39m &amp#27;[36mc.g.d.z.s.o.a.h.client5.http.headers&amp#27;[0;39m - &amp#27;[32mhttp-outgoing-1 << Api-Version: 1.42
&amp#27;[0;39m2023-05-08 13:19:08,596 [main] &amp#27;[39mDEBUG&amp#27;[0;39m &amp#27;[36mc.g.d.z.s.o.a.h.client5.http.headers&amp#27;[0;39m - &amp#27;[32mhttp-outgoing-1 << Content-Type: application/json
&amp#27;[0;39m2023-05-08 13:19:08,596 [main] &amp#27;[39mDEBUG&amp#27;[0;39m &amp#27;[36mc.g.d.z.s.o.a.h.client5.http.headers&amp#27;[0;39m - &amp#27;[32mhttp-outgoing-1 << Docker-Experimental: false
&amp#27;[0;39m2023-05-08 13:19:08,596 [main] &amp#27;[39mDEBUG&amp#27;[0;39m &amp#27;[36mc.g.d.z.s.o.a.h.client5.http.headers&amp#27;[0;39m - &amp#27;[32mhttp-outgoing-1 << Ostype: linux
&amp#27;[0;39m2023-05-08 13:19:08,596 [main] &amp#27;[39mDEBUG&amp#27;[0;39m &amp#27;[36mc.g.d.z.s.o.a.h.client5.http.headers&amp#27;[0;39m - &amp#27;[32mhttp-outgoing-1 << Server: Docker/23.0.5 (linux)
&amp#27;[0;39m2023-05-08 13:19:08,596 [main] &amp#27;[39mDEBUG&amp#27;[0;39m &amp#27;[36mc.g.d.z.s.o.a.h.client5.http.headers&amp#27;[0;39m - &amp#27;[32mhttp-outgoing-1 << Date: Mon, 08 May 2023 11:19:08 GMT
&amp#27;[0;39m2023-05-08 13:19:08,596 [main] &amp#27;[39mDEBUG&amp#27;[0;39m &amp#27;[36mc.g.d.z.s.o.a.h.client5.http.headers&amp#27;[0;39m - &amp#27;[32mhttp-outgoing-1 << Transfer-Encoding: chunked
&amp#27;[0;39m2023-05-08 13:19:08,596 [main] &amp#27;[39mDEBUG&amp#27;[0;39m &amp#27;[36mc.g.d.z.s.o.a.h.c.h.i.c.MainClientExec&amp#27;[0;39m - &amp#27;[32mex-0000009C: connection can be kept alive for 3 MINUTES
&amp#27;[0;39m2023-05-08 13:19:08,596 [main] &amp#27;[39mDEBUG&amp#27;[0;39m &amp#27;[36mc.g.d.z.s.o.a.h.c.h.i.c.InternalHttpClient&amp#27;[0;39m - &amp#27;[32mep-0000009B: releasing valid endpoint
&amp#27;[0;39m2023-05-08 13:19:08,596 [main] &amp#27;[39mDEBUG&amp#27;[0;39m &amp#27;[36mc.g.d.z.s.o.a.h.c.h.i.i.PoolingHttpClientConnectionManager&amp#27;[0;39m - &amp#27;[32mep-0000009B: releasing endpoint
&amp#27;[0;39m2023-05-08 13:19:08,596 [main] &amp#27;[39mDEBUG&amp#27;[0;39m &amp#27;[36mc.g.d.z.s.o.a.h.c.h.i.i.PoolingHttpClientConnectionManager&amp#27;[0;39m - &amp#27;[32mep-0000009B: connection http-outgoing-1 can be kept alive for 3 MINUTES
&amp#27;[0;39m2023-05-08 13:19:08,596 [main] &amp#27;[39mDEBUG&amp#27;[0;39m &amp#27;[36mc.g.d.z.s.o.a.h.c.h.i.i.PoolingHttpClientConnectionManager&amp#27;[0;39m - &amp#27;[32mep-0000009B: connection released [route: {}->unix://localhost:2375][total available: 1; route allocated: 1 of 2147483647; total allocated: 1 of 2147483647]
&amp#27;[0;39m2023-05-08 13:19:08,596 [main] &amp#27;[39mDEBUG&amp#27;[0;39m &amp#27;[36mtc.mysql:8.0.0&amp#27;[0;39m - &amp#27;[32mTrying to create JDBC connection using com.mysql.cj.jdbc.Driver to jdbc:mysql://localhost:32782/test?useSSL=false&allowPublicKeyRetrieval=true with properties: {password=test, user=test}
&amp#27;[0;39m2023-05-08 13:19:08,697 [main] &amp#27;[39mDEBUG&amp#27;[0;39m &amp#27;[36mo.t.s.c.g.d.c.command.AbstrDockerCmd&amp#27;[0;39m - &amp#27;[32mCmd: 0739339bbc624082fb5e41f62f4a622236ffe4974bf12b2847105b726085e02b,false
&amp#27;[0;39m2023-05-08 13:19:08,698 [main] &amp#27;[39mDEBUG&amp#27;[0;39m &amp#27;[36mo.t.s.c.g.d.c.e.InspectContainerCmdExec&amp#27;[0;39m - &amp#27;[32mGET: DefaultWebTarget{path=[/containers/0739339bbc624082fb5e41f62f4a622236ffe4974bf12b2847105b726085e02b/json], queryParams={}}
&amp#27;[0;39m2023-05-08 13:19:08,698 [main] &amp#27;[39mDEBUG&amp#27;[0;39m &amp#27;[36mc.g.d.z.s.o.a.h.c.h.i.c.InternalHttpClient&amp#27;[0;39m - &amp#27;[32mex-0000009D: preparing request execution
&amp#27;[0;39m2023-05-08 13:19:08,698 [main] &amp#27;[39mDEBUG&amp#27;[0;39m &amp#27;[36mc.g.d.z.s.o.a.h.c.h.p.RequestAddCookies&amp#27;[0;39m - &amp#27;[32mCookie spec selected: strict
&amp#27;[0;39m2023-05-08 13:19:08,698 [main] &amp#27;[39mDEBUG&amp#27;[0;39m &amp#27;[36mc.g.d.z.s.o.a.h.c.h.p.RequestAuthCache&amp#27;[0;39m - &amp#27;[32mAuth cache not set in the context
&amp#27;[0;39m2023-05-08 13:19:08,698 [main] &amp#27;[39mDEBUG&amp#27;[0;39m &amp#27;[36mc.g.d.z.s.o.a.h.c.h.i.c.ProtocolExec&amp#27;[0;39m - &amp#27;[32mex-0000009D: target auth state: UNCHALLENGED
&amp#27;[0;39m2023-05-08 13:19:08,698 [main] &amp#27;[39mDEBUG&amp#27;[0;39m &amp#27;[36mc.g.d.z.s.o.a.h.c.h.i.c.ProtocolExec&amp#27;[0;39m - &amp#27;[32mex-0000009D: proxy auth state: UNCHALLENGED
&amp#27;[0;39m2023-05-08 13:19:08,698 [main] &amp#27;[39mDEBUG&amp#27;[0;39m &amp#27;[36mc.g.d.z.s.o.a.h.c.h.i.c.ConnectExec&amp#27;[0;39m - &amp#27;[32mex-0000009D: acquiring connection with route {}->unix://localhost:2375
&amp#27;[0;39m2023-05-08 13:19:08,698 [main] &amp#27;[39mDEBUG&amp#27;[0;39m &amp#27;[36mc.g.d.z.s.o.a.h.c.h.i.c.InternalHttpClient&amp#27;[0;39m - &amp#27;[32mex-0000009D: acquiring endpoint (3 MINUTES)
&amp#27;[0;39m2023-05-08 13:19:08,698 [main] &amp#27;[39mDEBUG&amp#27;[0;39m &amp#27;[36mc.g.d.z.s.o.a.h.c.h.i.i.PoolingHttpClientConnectionManager&amp#27;[0;39m - &amp#27;[32mex-0000009D: endpoint lease request (3 MINUTES) [route: {}->unix://localhost:2375][total available: 1; route allocated: 1 of 2147483647; total allocated: 1 of 2147483647]
&amp#27;[0;39m2023-05-08 13:19:08,698 [main] &amp#27;[39mDEBUG&amp#27;[0;39m &amp#27;[36mc.g.d.z.s.o.a.h.c.h.i.i.PoolingHttpClientConnectionManager&amp#27;[0;39m - &amp#27;[32mex-0000009D: endpoint leased [route: {}->unix://localhost:2375][total available: 0; route allocated: 1 of 2147483647; total allocated: 1 of 2147483647]
&amp#27;[0;39m2023-05-08 13:19:08,698 [main] &amp#27;[39mDEBUG&amp#27;[0;39m &amp#27;[36mc.g.d.z.s.o.a.h.c.h.i.i.PoolingHttpClientConnectionManager&amp#27;[0;39m - &amp#27;[32mex-0000009D: acquired ep-0000009C
&amp#27;[0;39m2023-05-08 13:19:08,698 [main] &amp#27;[39mDEBUG&amp#27;[0;39m &amp#27;[36mc.g.d.z.s.o.a.h.c.h.i.c.InternalHttpClient&amp#27;[0;39m - &amp#27;[32mex-0000009D: acquired endpoint ep-0000009C
&amp#27;[0;39m2023-05-08 13:19:08,698 [main] &amp#27;[39mDEBUG&amp#27;[0;39m &amp#27;[36mc.g.d.z.s.o.a.h.c.h.i.c.MainClientExec&amp#27;[0;39m - &amp#27;[32mex-0000009D: executing GET /v1.32/containers/0739339bbc624082fb5e41f62f4a622236ffe4974bf12b2847105b726085e02b/json HTTP/1.1
&amp#27;[0;39m2023-05-08 13:19:08,698 [main] &amp#27;[39mDEBUG&amp#27;[0;39m &amp#27;[36mc.g.d.z.s.o.a.h.c.h.i.c.InternalHttpClient&amp#27;[0;39m - &amp#27;[32mep-0000009C: start execution ex-0000009D
&amp#27;[0;39m2023-05-08 13:19:08,698 [main] &amp#27;[39mDEBUG&amp#27;[0;39m &amp#27;[36mc.g.d.z.s.o.a.h.c.h.i.i.PoolingHttpClientConnectionManager&amp#27;[0;39m - &amp#27;[32mep-0000009C: executing exchange ex-0000009D over http-outgoing-1
&amp#27;[0;39m2023-05-08 13:19:08,698 [main] &amp#27;[39mDEBUG&amp#27;[0;39m &amp#27;[36mc.g.d.z.s.o.a.h.client5.http.headers&amp#27;[0;39m - &amp#27;[32mhttp-outgoing-1 >> GET /v1.32/containers/0739339bbc624082fb5e41f62f4a622236ffe4974bf12b2847105b726085e02b/json HTTP/1.1
&amp#27;[0;39m2023-05-08 13:19:08,698 [main] &amp#27;[39mDEBUG&amp#27;[0;39m &amp#27;[36mc.g.d.z.s.o.a.h.client5.http.headers&amp#27;[0;39m - &amp#27;[32mhttp-outgoing-1 >> accept: application/json
&amp#27;[0;39m2023-05-08 13:19:08,698 [main] &amp#27;[39mDEBUG&amp#27;[0;39m &amp#27;[36mc.g.d.z.s.o.a.h.client5.http.headers&amp#27;[0;39m - &amp#27;[32mhttp-outgoing-1 >> x-tc-sid: f1b696c1-ec3f-4f95-afa8-081853be7ccb
&amp#27;[0;39m2023-05-08 13:19:08,698 [main] &amp#27;[39mDEBUG&amp#27;[0;39m &amp#27;[36mc.g.d.z.s.o.a.h.client5.http.headers&amp#27;[0;39m - &amp#27;[32mhttp-outgoing-1 >> Accept-Encoding: gzip, x-gzip, deflate
&amp#27;[0;39m2023-05-08 13:19:08,698 [main] &amp#27;[39mDEBUG&amp#27;[0;39m &amp#27;[36mc.g.d.z.s.o.a.h.client5.http.headers&amp#27;[0;39m - &amp#27;[32mhttp-outgoing-1 >> Host: localhost:2375
&amp#27;[0;39m2023-05-08 13:19:08,698 [main] &amp#27;[39mDEBUG&amp#27;[0;39m &amp#27;[36mc.g.d.z.s.o.a.h.client5.http.headers&amp#27;[0;39m - &amp#27;[32mhttp-outgoing-1 >> Connection: keep-alive
&amp#27;[0;39m2023-05-08 13:19:08,698 [main] &amp#27;[39mDEBUG&amp#27;[0;39m &amp#27;[36mc.g.d.z.s.o.a.h.client5.http.headers&amp#27;[0;39m - &amp#27;[32mhttp-outgoing-1 >> User-Agent: Apache-HttpClient/5.0.3 (Java/17.0.6)
&amp#27;[0;39m2023-05-08 13:19:08,698 [main] &amp#27;[39mDEBUG&amp#27;[0;39m &amp#27;[36mc.g.d.z.s.o.a.hc.client5.http.wire&amp#27;[0;39m - &amp#27;[32mhttp-outgoing-1 >> "GET /v1.32/containers/0739339bbc624082fb5e41f62f4a622236ffe4974bf12b2847105b726085e02b/json HTTP/1.1[\r][\n]"
&amp#27;[0;39m2023-05-08 13:19:08,698 [main] &amp#27;[39mDEBUG&amp#27;[0;39m &amp#27;[36mc.g.d.z.s.o.a.hc.client5.http.wire&amp#27;[0;39m - &amp#27;[32mhttp-outgoing-1 >> "accept: application/json[\r][\n]"
&amp#27;[0;39m2023-05-08 13:19:08,698 [main] &amp#27;[39mDEBUG&amp#27;[0;39m &amp#27;[36mc.g.d.z.s.o.a.hc.client5.http.wire&amp#27;[0;39m - &amp#27;[32mhttp-outgoing-1 >> "x-tc-sid: f1b696c1-ec3f-4f95-afa8-081853be7ccb[\r][\n]"
&amp#27;[0;39m2023-05-08 13:19:08,698 [main] &amp#27;[39mDEBUG&amp#27;[0;39m &amp#27;[36mc.g.d.z.s.o.a.hc.client5.http.wire&amp#27;[0;39m - &amp#27;[32mhttp-outgoing-1 >> "Accept-Encoding: gzip, x-gzip, deflate[\r][\n]"
&amp#27;[0;39m2023-05-08 13:19:08,698 [main] &amp#27;[39mDEBUG&amp#27;[0;39m &amp#27;[36mc.g.d.z.s.o.a.hc.client5.http.wire&amp#27;[0;39m - &amp#27;[32mhttp-outgoing-1 >> "Host: localhost:2375[\r][\n]"
&amp#27;[0;39m2023-05-08 13:19:08,698 [main] &amp#27;[39mDEBUG&amp#27;[0;39m &amp#27;[36mc.g.d.z.s.o.a.hc.client5.http.wire&amp#27;[0;39m - &amp#27;[32mhttp-outgoing-1 >> "Connection: keep-alive[\r][\n]"
&amp#27;[0;39m2023-05-08 13:19:08,698 [main] &amp#27;[39mDEBUG&amp#27;[0;39m &amp#27;[36mc.g.d.z.s.o.a.hc.client5.http.wire&amp#27;[0;39m - &amp#27;[32mhttp-outgoing-1 >> "User-Agent: Apache-HttpClient/5.0.3 (Java/17.0.6)[\r][\n]"
&amp#27;[0;39m2023-05-08 13:19:08,698 [main] &amp#27;[39mDEBUG&amp#27;[0;39m &amp#27;[36mc.g.d.z.s.o.a.hc.client5.http.wire&amp#27;[0;39m - &amp#27;[32mhttp-outgoing-1 >> "[\r][\n]"
&amp#27;[0;39m2023-05-08 13:19:08,699 [main] &amp#27;[39mDEBUG&amp#27;[0;39m &amp#27;[36mc.g.d.z.s.o.a.hc.client5.http.wire&amp#27;[0;39m - &amp#27;[32mhttp-outgoing-1 << "HTTP/1.1 200 OK[\r][\n]"
&amp#27;[0;39m2023-05-08 13:19:08,699 [main] &amp#27;[39mDEBUG&amp#27;[0;39m &amp#27;[36mc.g.d.z.s.o.a.hc.client5.http.wire&amp#27;[0;39m - &amp#27;[32mhttp-outgoing-1 << "Api-Version: 1.42[\r][\n]"
&amp#27;[0;39m2023-05-08 13:19:08,699 [main] &amp#27;[39mDEBUG&amp#27;[0;39m &amp#27;[36mc.g.d.z.s.o.a.hc.client5.http.wire&amp#27;[0;39m - &amp#27;[32mhttp-outgoing-1 << "Content-Type: application/json[\r][\n]"
&amp#27;[0;39m2023-05-08 13:19:08,699 [main] &amp#27;[39mDEBUG&amp#27;[0;39m &amp#27;[36mc.g.d.z.s.o.a.hc.client5.http.wire&amp#27;[0;39m - &amp#27;[32mhttp-outgoing-1 << "Docker-Experimental: false[\r][\n]"
&amp#27;[0;39m2023-05-08 13:19:08,699 [main] &amp#27;[39mDEBUG&amp#27;[0;39m &amp#27;[36mc.g.d.z.s.o.a.hc.client5.http.wire&amp#27;[0;39m - &amp#27;[32mhttp-outgoing-1 << "Ostype: linux[\r][\n]"
&amp#27;[0;39m2023-05-08 13:19:08,699 [main] &amp#27;[39mDEBUG&amp#27;[0;39m &amp#27;[36mc.g.d.z.s.o.a.hc.client5.http.wire&amp#27;[0;39m - &amp#27;[32mhttp-outgoing-1 << "Server: Docker/23.0.5 (linux)[\r][\n]"
&amp#27;[0;39m2023-05-08 13:19:08,699 [main] &amp#27;[39mDEBUG&amp#27;[0;39m &amp#27;[36mc.g.d.z.s.o.a.hc.client5.http.wire&amp#27;[0;39m - &amp#27;[32mhttp-outgoing-1 << "Date: Mon, 08 May 2023 11:19:08 GMT[\r][\n]"
&amp#27;[0;39m2023-05-08 13:19:08,699 [main] &amp#27;[39mDEBUG&amp#27;[0;39m &amp#27;[36mc.g.d.z.s.o.a.hc.client5.http.wire&amp#27;[0;39m - &amp#27;[32mhttp-outgoing-1 << "Transfer-Encoding: chunked[\r][\n]"
&amp#27;[0;39m2023-05-08 13:19:08,699 [main] &amp#27;[39mDEBUG&amp#27;[0;39m &amp#27;[36mc.g.d.z.s.o.a.hc.client5.http.wire&amp#27;[0;39m - &amp#27;[32mhttp-outgoing-1 << "[\r][\n]"
&amp#27;[0;39m2023-05-08 13:19:08,699 [main] &amp#27;[39mDEBUG&amp#27;[0;39m &amp#27;[36mc.g.d.z.s.o.a.hc.client5.http.wire&amp#27;[0;39m - &amp#27;[32mhttp-outgoing-1 << "1893[\r][\n]"
&amp#27;[0;39m2023-05-08 13:19:08,699 [main] &amp#27;[39mDEBUG&amp#27;[0;39m &amp#27;[36mc.g.d.z.s.o.a.hc.client5.http.wire&amp#27;[0;39m - &amp#27;[32mhttp-outgoing-1 << "{"Id":"0739339bbc624082fb5e41f62f4a622236ffe4974bf12b2847105b726085e02b","Created":"2023-05-08T11:19:01.771856188Z","Path":"docker-entrypoint.sh","Args":["mysqld"],"State":{"Status":"running","Running":true,"Paused":false,"Restarting":false,"OOMKilled":false,"Dead":false,"Pid":59514,"ExitCode":0,"Error":"","StartedAt":"2023-05-08T11:19:02.113674386Z","FinishedAt":"0001-01-01T00:00:00Z"},"Image":"sha256:228d71078f8ce5ae9fd96b183f88c3a90e30544b4b7ce9d64a238d05fef2a681","ResolvConfPath":"/var/lib/docker/containers/0739339bbc624082fb5e41f62f4a622236ffe4974bf12b2847105b726085e02b/resolv.conf","HostnamePath":"/var/lib/docker/containers/0739339bbc624082fb5e41f62f4a622236ffe4974bf12b2847105b726085e02b/hostname","HostsPath":"/var/lib/docker/containers/0739339bbc624082fb5e41f62f4a622236ffe4974bf12b2847105b726085e02b/hosts","LogPath":"/var/lib/docker/containers/0739339bbc624082fb5e41f62f4a622236ffe4974bf12b2847105b726085e02b/0739339bbc624082fb5e41f62f4a622236ffe4974bf12b2847105b726085e02b-json.log","Name":"/intelligent_galileo","RestartCount":0,"Driver":"overlay2","Platform":"linux","MountLabel":"","ProcessLabel":"","AppArmorProfile":"docker-default","ExecIDs":null,"HostConfig":{"Binds":[],"ContainerIDFile":"","LogConfig":{"Type":"json-file","Config":{}},"NetworkMode":"default","PortBindings":{"3306/tcp":[{"HostIp":"","HostPort":""}]},"RestartPolicy":{"Name":"","MaximumRetryCount":0},"AutoRemove":false,"VolumeDriver":"","VolumesFrom":[],"ConsoleSize":[0,0],"CapAdd":null,"CapDrop":null,"CgroupnsMode":"private","Dns":null,"DnsOptions":null,"DnsSearch":null,"ExtraHosts":[],"GroupAdd":null,"IpcMode":"shareable","Cgroup":"","Links":null,"OomScoreAdj":0,"PidMode":"","Privileged":false,"PublishAllPorts":false,"ReadonlyRootfs":false,"SecurityOpt":null,"UTSMode":"","UsernsMode":"","ShmSize":67108864,"Runtime":"runc","Isolation":"","CpuShares":0,"Memory":0,"NanoCpus":0,"CgroupParent":"","BlkioWeight":0,"BlkioWeightDevice":null,"BlkioDeviceReadBps":null,"BlkioDeviceWriteBps":null,"BlkioDeviceReadIOps":null,"BlkioDeviceWriteIOps":null,"CpuPeriod":0,"CpuQuota":0,"CpuRealtimePeriod":0,"CpuRealtimeRuntime":0,"CpusetCpus":"","CpusetMems":"","Devices":null,"DeviceCgroupRules":null,"DeviceRequests":null,"MemoryReservation":0,"MemorySwap":0,"MemorySwappiness":null,"OomKillDisable":null,"PidsLimit":null,"Ulimits":null,"CpuCount":0,"CpuPercent":0,"IOMaximumIOps":0,"IOMaximumBandwidth":0,"MaskedPaths":["/proc/asound","/proc/acpi","/proc/kcore","/proc/keys","/proc/latency_stats","/proc/timer_list","/proc/timer_stats","/proc/sched_debug","/proc/scsi","/sys/firmware"],"ReadonlyPaths":["/proc/bus","/proc/fs","/proc/irq","/proc/sys","/proc/sysrq-trigger"]},"GraphDriver":{"Data":{"LowerDir":"/var/lib/docker/overlay2/b481eee7843c17772ada1734203524b4de76785735a50d4c68703d497db0e4ed-init/diff:/var/lib/docker/overlay2/4c6e20f032f02b27a9272f982861dc21998197aa90d94ed3bef95d449380247c/diff:/var/lib/docker/overlay2/0c75f828f603eff839bb3ca448163ab2a8017e86625ac255cd3dbf1673ddac26/diff:/var/lib/docker/overlay2/da128d897fda75829109844ce6cd9d73d0f54c682e735100af000ce899908729/diff:/var/lib/docker/overlay2/b678a1f261bf323afba6d76d91ab7428bdd6e1ef4a39b5224e4a1afd08c0423a/diff:/var/lib/docker/overlay2/1bec43b14875c5f9f814f146e8e31aa78566689c2c163da2ac60a32254988437/diff:/var/lib/docker/overlay2/28f4b1e6e1a7a2dbe30f1f94fb42bccd85a61faf8af1fe30a5bb0d442c525e41/diff:/var/lib/docker/overlay2/0f493124464c291d7c97d2633d5dff04b1dce5de904cb40a34dfbe7fe72e3fd4/diff:/var/lib/docker/overlay2/05befbee9e38cd670e1786b3310e99796dcc06abbed970007b4109a5424843fa/diff:/var/lib/docker/overlay2/582bcca9acfc4eef25109e1e1b9c9d104f355798455bc73e855c99283887a6e8/diff:/var/lib/docker/overlay2/153b3bf0b69e97e8f0e5533414a31ca33fa530e63d174c9617621abe46e7e9d1/diff:/var/lib/docker/overlay2/bf87a76c0a38875ee6e915fd0d2527eafa880ec6bf2c1cb294959428c18d10bd/diff","MergedDir":"/var/lib/docker/overlay2/b481eee7843c17772ada1734203524b4de76785735a50d4c68703d497db0e4ed/merged","UpperDir":"/var/lib/docker/overlay2/b481eee7843c17772ada1734203524b4de76785735a50d4c68703d497db0e4ed/diff","WorkDir":"/var/lib/docker/overlay2/b481eee7843c17772ada1734203524b4de76785735a50d4c68703d497db0e4ed/work"},"Name":"overlay2"},"Mounts":[{"Type":"volume","Name":"ec40278114b76af7b6535b952e685e04a98a51fa16363f5e9f0df1ce601f1dd5","Source":"/var/lib/docker/volumes/ec40278114b76af7b6535b952e685e04a98a51fa16363f5e9f0df1ce601f1dd5/_data","Destination":"/var/lib/mysql","Driver":"local","Mode":"","RW":true,"Propagation":""}],"Config":{"Hostname":"0739339bbc62","Domainname":"","User":"","AttachStdin":false,"AttachStdout":false,"AttachStderr":false,"ExposedPorts":{"3306/tcp":{}},"Tty":false,"OpenStdin":false,"StdinOnce":false,"Env":["MYSQL_DATABASE=test","MYSQL_PASSWORD=test","MYSQL_USER=test","MYSQL_ROOT_PASSWORD=test","PATH=/usr/local/sbin:/usr/local/bin:/usr/sbin:/usr/bin:/sbin:/bin","GOSU_VERSION=1.7","MYSQL_MAJOR=8.0","MYSQL_VERSION=8.0.0-dmr-1debian8"],"Cmd":["mysqld"],"Image":"mysql:8.0.0","Volumes":{"/var/lib/mysql":{}},"WorkingDir":"","Entrypoint":["docker-entrypoint.sh"],"OnBuild":null,"Labels":{"org.testcontainers":"true","org.testcontainers.lang":"java","org.testcontainers.sessionId":"f1b696c1-ec3f-4f95-afa8-081853be7ccb","org.testcontainers.version":"1.18.0"}},"NetworkSettings":{"Bridge":"","SandboxID":"d265e68e2afe307f1ab03fab083f2c0477cba31e9f26759f52b94e045d1847fb","HairpinMode":false,"LinkLocalIPv6Address":"","LinkLocalIPv6PrefixLen":0,"Ports":{"3306/tcp":[{"HostIp":"0.0.0.0","HostPort":"32782"},{"HostIp":"::","HostPort":"32782"}]},"SandboxKey":"/var/run/docker/netns/d265e68e2afe","SecondaryIPAddresses":null,"SecondaryIPv6Addresses":null,"EndpointID":"97b4c81a7665dcad3863174204db678dde492e2a2b2f11f6ef1c683b5d76146b","Gateway":"172.17.0.1","GlobalIPv6Address":"","GlobalIPv6PrefixLen":0,"IPAddress":"172.17.0.3","IPPrefixLen":16,"IPv6Gateway":"","MacAddress":"02:42:ac:11:00:03","Networks":{"bridge":{"IPAMConfig":null,"Links":null,"Aliases":null,"NetworkID":"e1a078e12eb8d77b497ed932f7fb43787eeb6ff6972febd7d03c9282b8b5cd45","EndpointID":"97b4c81a7665dcad3863174204db678dde492e2a2b2f11f6ef1c683b5d76146b","Gateway":"172.17.0.1","IPAddress":"172.17.0.3","IPPrefixLen":16,"IPv6Gateway":"","GlobalIPv6Address":"","GlobalIPv6PrefixLen":0,"MacAddress":"02:42:ac:11:00:03","DriverOpts":null}}}}[\n]"
&amp#27;[0;39m2023-05-08 13:19:08,699 [main] &amp#27;[39mDEBUG&amp#27;[0;39m &amp#27;[36mc.g.d.z.s.o.a.hc.client5.http.wire&amp#27;[0;39m - &amp#27;[32mhttp-outgoing-1 << "[\r][\n]"
&amp#27;[0;39m2023-05-08 13:19:08,699 [main] &amp#27;[39mDEBUG&amp#27;[0;39m &amp#27;[36mc.g.d.z.s.o.a.hc.client5.http.wire&amp#27;[0;39m - &amp#27;[32mhttp-outgoing-1 << "0[\r][\n]"
&amp#27;[0;39m2023-05-08 13:19:08,699 [main] &amp#27;[39mDEBUG&amp#27;[0;39m &amp#27;[36mc.g.d.z.s.o.a.hc.client5.http.wire&amp#27;[0;39m - &amp#27;[32mhttp-outgoing-1 << "[\r][\n]"
&amp#27;[0;39m2023-05-08 13:19:08,699 [main] &amp#27;[39mDEBUG&amp#27;[0;39m &amp#27;[36mc.g.d.z.s.o.a.h.client5.http.headers&amp#27;[0;39m - &amp#27;[32mhttp-outgoing-1 << HTTP/1.1 200 OK
&amp#27;[0;39m2023-05-08 13:19:08,699 [main] &amp#27;[39mDEBUG&amp#27;[0;39m &amp#27;[36mc.g.d.z.s.o.a.h.client5.http.headers&amp#27;[0;39m - &amp#27;[32mhttp-outgoing-1 << Api-Version: 1.42
&amp#27;[0;39m2023-05-08 13:19:08,699 [main] &amp#27;[39mDEBUG&amp#27;[0;39m &amp#27;[36mc.g.d.z.s.o.a.h.client5.http.headers&amp#27;[0;39m - &amp#27;[32mhttp-outgoing-1 << Content-Type: application/json
&amp#27;[0;39m2023-05-08 13:19:08,699 [main] &amp#27;[39mDEBUG&amp#27;[0;39m &amp#27;[36mc.g.d.z.s.o.a.h.client5.http.headers&amp#27;[0;39m - &amp#27;[32mhttp-outgoing-1 << Docker-Experimental: false
&amp#27;[0;39m2023-05-08 13:19:08,699 [main] &amp#27;[39mDEBUG&amp#27;[0;39m &amp#27;[36mc.g.d.z.s.o.a.h.client5.http.headers&amp#27;[0;39m - &amp#27;[32mhttp-outgoing-1 << Ostype: linux
&amp#27;[0;39m2023-05-08 13:19:08,699 [main] &amp#27;[39mDEBUG&amp#27;[0;39m &amp#27;[36mc.g.d.z.s.o.a.h.client5.http.headers&amp#27;[0;39m - &amp#27;[32mhttp-outgoing-1 << Server: Docker/23.0.5 (linux)
&amp#27;[0;39m2023-05-08 13:19:08,699 [main] &amp#27;[39mDEBUG&amp#27;[0;39m &amp#27;[36mc.g.d.z.s.o.a.h.client5.http.headers&amp#27;[0;39m - &amp#27;[32mhttp-outgoing-1 << Date: Mon, 08 May 2023 11:19:08 GMT
&amp#27;[0;39m2023-05-08 13:19:08,699 [main] &amp#27;[39mDEBUG&amp#27;[0;39m &amp#27;[36mc.g.d.z.s.o.a.h.client5.http.headers&amp#27;[0;39m - &amp#27;[32mhttp-outgoing-1 << Transfer-Encoding: chunked
&amp#27;[0;39m2023-05-08 13:19:08,699 [main] &amp#27;[39mDEBUG&amp#27;[0;39m &amp#27;[36mc.g.d.z.s.o.a.h.c.h.i.c.MainClientExec&amp#27;[0;39m - &amp#27;[32mex-0000009D: connection can be kept alive for 3 MINUTES
&amp#27;[0;39m2023-05-08 13:19:08,699 [main] &amp#27;[39mDEBUG&amp#27;[0;39m &amp#27;[36mc.g.d.z.s.o.a.h.c.h.i.c.InternalHttpClient&amp#27;[0;39m - &amp#27;[32mep-0000009C: releasing valid endpoint
&amp#27;[0;39m2023-05-08 13:19:08,699 [main] &amp#27;[39mDEBUG&amp#27;[0;39m &amp#27;[36mc.g.d.z.s.o.a.h.c.h.i.i.PoolingHttpClientConnectionManager&amp#27;[0;39m - &amp#27;[32mep-0000009C: releasing endpoint
&amp#27;[0;39m2023-05-08 13:19:08,699 [main] &amp#27;[39mDEBUG&amp#27;[0;39m &amp#27;[36mc.g.d.z.s.o.a.h.c.h.i.i.PoolingHttpClientConnectionManager&amp#27;[0;39m - &amp#27;[32mep-0000009C: connection http-outgoing-1 can be kept alive for 3 MINUTES
&amp#27;[0;39m2023-05-08 13:19:08,699 [main] &amp#27;[39mDEBUG&amp#27;[0;39m &amp#27;[36mc.g.d.z.s.o.a.h.c.h.i.i.PoolingHttpClientConnectionManager&amp#27;[0;39m - &amp#27;[32mep-0000009C: connection released [route: {}->unix://localhost:2375][total available: 1; route allocated: 1 of 2147483647; total allocated: 1 of 2147483647]
&amp#27;[0;39m2023-05-08 13:19:08,699 [main] &amp#27;[39mDEBUG&amp#27;[0;39m &amp#27;[36mtc.mysql:8.0.0&amp#27;[0;39m - &amp#27;[32mTrying to create JDBC connection using com.mysql.cj.jdbc.Driver to jdbc:mysql://localhost:32782/test?useSSL=false&allowPublicKeyRetrieval=true with properties: {password=test, user=test}
&amp#27;[0;39m2023-05-08 13:19:08,801 [main] &amp#27;[39mDEBUG&amp#27;[0;39m &amp#27;[36mo.t.s.c.g.d.c.command.AbstrDockerCmd&amp#27;[0;39m - &amp#27;[32mCmd: 0739339bbc624082fb5e41f62f4a622236ffe4974bf12b2847105b726085e02b,false
&amp#27;[0;39m2023-05-08 13:19:08,801 [main] &amp#27;[39mDEBUG&amp#27;[0;39m &amp#27;[36mo.t.s.c.g.d.c.e.InspectContainerCmdExec&amp#27;[0;39m - &amp#27;[32mGET: DefaultWebTarget{path=[/containers/0739339bbc624082fb5e41f62f4a622236ffe4974bf12b2847105b726085e02b/json], queryParams={}}
&amp#27;[0;39m2023-05-08 13:19:08,801 [main] &amp#27;[39mDEBUG&amp#27;[0;39m &amp#27;[36mc.g.d.z.s.o.a.h.c.h.i.c.InternalHttpClient&amp#27;[0;39m - &amp#27;[32mex-0000009E: preparing request execution
&amp#27;[0;39m2023-05-08 13:19:08,801 [main] &amp#27;[39mDEBUG&amp#27;[0;39m &amp#27;[36mc.g.d.z.s.o.a.h.c.h.p.RequestAddCookies&amp#27;[0;39m - &amp#27;[32mCookie spec selected: strict
&amp#27;[0;39m2023-05-08 13:19:08,801 [main] &amp#27;[39mDEBUG&amp#27;[0;39m &amp#27;[36mc.g.d.z.s.o.a.h.c.h.p.RequestAuthCache&amp#27;[0;39m - &amp#27;[32mAuth cache not set in the context
&amp#27;[0;39m2023-05-08 13:19:08,801 [main] &amp#27;[39mDEBUG&amp#27;[0;39m &amp#27;[36mc.g.d.z.s.o.a.h.c.h.i.c.ProtocolExec&amp#27;[0;39m - &amp#27;[32mex-0000009E: target auth state: UNCHALLENGED
&amp#27;[0;39m2023-05-08 13:19:08,801 [main] &amp#27;[39mDEBUG&amp#27;[0;39m &amp#27;[36mc.g.d.z.s.o.a.h.c.h.i.c.ProtocolExec&amp#27;[0;39m - &amp#27;[32mex-0000009E: proxy auth state: UNCHALLENGED
&amp#27;[0;39m2023-05-08 13:19:08,801 [main] &amp#27;[39mDEBUG&amp#27;[0;39m &amp#27;[36mc.g.d.z.s.o.a.h.c.h.i.c.ConnectExec&amp#27;[0;39m - &amp#27;[32mex-0000009E: acquiring connection with route {}->unix://localhost:2375
&amp#27;[0;39m2023-05-08 13:19:08,801 [main] &amp#27;[39mDEBUG&amp#27;[0;39m &amp#27;[36mc.g.d.z.s.o.a.h.c.h.i.c.InternalHttpClient&amp#27;[0;39m - &amp#27;[32mex-0000009E: acquiring endpoint (3 MINUTES)
&amp#27;[0;39m2023-05-08 13:19:08,801 [main] &amp#27;[39mDEBUG&amp#27;[0;39m &amp#27;[36mc.g.d.z.s.o.a.h.c.h.i.i.PoolingHttpClientConnectionManager&amp#27;[0;39m - &amp#27;[32mex-0000009E: endpoint lease request (3 MINUTES) [route: {}->unix://localhost:2375][total available: 1; route allocated: 1 of 2147483647; total allocated: 1 of 2147483647]
&amp#27;[0;39m2023-05-08 13:19:08,801 [main] &amp#27;[39mDEBUG&amp#27;[0;39m &amp#27;[36mc.g.d.z.s.o.a.h.c.h.i.i.PoolingHttpClientConnectionManager&amp#27;[0;39m - &amp#27;[32mex-0000009E: endpoint leased [route: {}->unix://localhost:2375][total available: 0; route allocated: 1 of 2147483647; total allocated: 1 of 2147483647]
&amp#27;[0;39m2023-05-08 13:19:08,801 [main] &amp#27;[39mDEBUG&amp#27;[0;39m &amp#27;[36mc.g.d.z.s.o.a.h.c.h.i.i.PoolingHttpClientConnectionManager&amp#27;[0;39m - &amp#27;[32mex-0000009E: acquired ep-0000009D
&amp#27;[0;39m2023-05-08 13:19:08,801 [main] &amp#27;[39mDEBUG&amp#27;[0;39m &amp#27;[36mc.g.d.z.s.o.a.h.c.h.i.c.InternalHttpClient&amp#27;[0;39m - &amp#27;[32mex-0000009E: acquired endpoint ep-0000009D
&amp#27;[0;39m2023-05-08 13:19:08,801 [main] &amp#27;[39mDEBUG&amp#27;[0;39m &amp#27;[36mc.g.d.z.s.o.a.h.c.h.i.c.MainClientExec&amp#27;[0;39m - &amp#27;[32mex-0000009E: executing GET /v1.32/containers/0739339bbc624082fb5e41f62f4a622236ffe4974bf12b2847105b726085e02b/json HTTP/1.1
&amp#27;[0;39m2023-05-08 13:19:08,801 [main] &amp#27;[39mDEBUG&amp#27;[0;39m &amp#27;[36mc.g.d.z.s.o.a.h.c.h.i.c.InternalHttpClient&amp#27;[0;39m - &amp#27;[32mep-0000009D: start execution ex-0000009E
&amp#27;[0;39m2023-05-08 13:19:08,801 [main] &amp#27;[39mDEBUG&amp#27;[0;39m &amp#27;[36mc.g.d.z.s.o.a.h.c.h.i.i.PoolingHttpClientConnectionManager&amp#27;[0;39m - &amp#27;[32mep-0000009D: executing exchange ex-0000009E over http-outgoing-1
&amp#27;[0;39m2023-05-08 13:19:08,801 [main] &amp#27;[39mDEBUG&amp#27;[0;39m &amp#27;[36mc.g.d.z.s.o.a.h.client5.http.headers&amp#27;[0;39m - &amp#27;[32mhttp-outgoing-1 >> GET /v1.32/containers/0739339bbc624082fb5e41f62f4a622236ffe4974bf12b2847105b726085e02b/json HTTP/1.1
&amp#27;[0;39m2023-05-08 13:19:08,801 [main] &amp#27;[39mDEBUG&amp#27;[0;39m &amp#27;[36mc.g.d.z.s.o.a.h.client5.http.headers&amp#27;[0;39m - &amp#27;[32mhttp-outgoing-1 >> accept: application/json
&amp#27;[0;39m2023-05-08 13:19:08,801 [main] &amp#27;[39mDEBUG&amp#27;[0;39m &amp#27;[36mc.g.d.z.s.o.a.h.client5.http.headers&amp#27;[0;39m - &amp#27;[32mhttp-outgoing-1 >> x-tc-sid: f1b696c1-ec3f-4f95-afa8-081853be7ccb
&amp#27;[0;39m2023-05-08 13:19:08,801 [main] &amp#27;[39mDEBUG&amp#27;[0;39m &amp#27;[36mc.g.d.z.s.o.a.h.client5.http.headers&amp#27;[0;39m - &amp#27;[32mhttp-outgoing-1 >> Accept-Encoding: gzip, x-gzip, deflate
&amp#27;[0;39m2023-05-08 13:19:08,801 [main] &amp#27;[39mDEBUG&amp#27;[0;39m &amp#27;[36mc.g.d.z.s.o.a.h.client5.http.headers&amp#27;[0;39m - &amp#27;[32mhttp-outgoing-1 >> Host: localhost:2375
&amp#27;[0;39m2023-05-08 13:19:08,801 [main] &amp#27;[39mDEBUG&amp#27;[0;39m &amp#27;[36mc.g.d.z.s.o.a.h.client5.http.headers&amp#27;[0;39m - &amp#27;[32mhttp-outgoing-1 >> Connection: keep-alive
&amp#27;[0;39m2023-05-08 13:19:08,801 [main] &amp#27;[39mDEBUG&amp#27;[0;39m &amp#27;[36mc.g.d.z.s.o.a.h.client5.http.headers&amp#27;[0;39m - &amp#27;[32mhttp-outgoing-1 >> User-Agent: Apache-HttpClient/5.0.3 (Java/17.0.6)
&amp#27;[0;39m2023-05-08 13:19:08,801 [main] &amp#27;[39mDEBUG&amp#27;[0;39m &amp#27;[36mc.g.d.z.s.o.a.hc.client5.http.wire&amp#27;[0;39m - &amp#27;[32mhttp-outgoing-1 >> "GET /v1.32/containers/0739339bbc624082fb5e41f62f4a622236ffe4974bf12b2847105b726085e02b/json HTTP/1.1[\r][\n]"
&amp#27;[0;39m2023-05-08 13:19:08,801 [main] &amp#27;[39mDEBUG&amp#27;[0;39m &amp#27;[36mc.g.d.z.s.o.a.hc.client5.http.wire&amp#27;[0;39m - &amp#27;[32mhttp-outgoing-1 >> "accept: application/json[\r][\n]"
&amp#27;[0;39m2023-05-08 13:19:08,801 [main] &amp#27;[39mDEBUG&amp#27;[0;39m &amp#27;[36mc.g.d.z.s.o.a.hc.client5.http.wire&amp#27;[0;39m - &amp#27;[32mhttp-outgoing-1 >> "x-tc-sid: f1b696c1-ec3f-4f95-afa8-081853be7ccb[\r][\n]"
&amp#27;[0;39m2023-05-08 13:19:08,801 [main] &amp#27;[39mDEBUG&amp#27;[0;39m &amp#27;[36mc.g.d.z.s.o.a.hc.client5.http.wire&amp#27;[0;39m - &amp#27;[32mhttp-outgoing-1 >> "Accept-Encoding: gzip, x-gzip, deflate[\r][\n]"
&amp#27;[0;39m2023-05-08 13:19:08,801 [main] &amp#27;[39mDEBUG&amp#27;[0;39m &amp#27;[36mc.g.d.z.s.o.a.hc.client5.http.wire&amp#27;[0;39m - &amp#27;[32mhttp-outgoing-1 >> "Host: localhost:2375[\r][\n]"
&amp#27;[0;39m2023-05-08 13:19:08,801 [main] &amp#27;[39mDEBUG&amp#27;[0;39m &amp#27;[36mc.g.d.z.s.o.a.hc.client5.http.wire&amp#27;[0;39m - &amp#27;[32mhttp-outgoing-1 >> "Connection: keep-alive[\r][\n]"
&amp#27;[0;39m2023-05-08 13:19:08,801 [main] &amp#27;[39mDEBUG&amp#27;[0;39m &amp#27;[36mc.g.d.z.s.o.a.hc.client5.http.wire&amp#27;[0;39m - &amp#27;[32mhttp-outgoing-1 >> "User-Agent: Apache-HttpClient/5.0.3 (Java/17.0.6)[\r][\n]"
&amp#27;[0;39m2023-05-08 13:19:08,801 [main] &amp#27;[39mDEBUG&amp#27;[0;39m &amp#27;[36mc.g.d.z.s.o.a.hc.client5.http.wire&amp#27;[0;39m - &amp#27;[32mhttp-outgoing-1 >> "[\r][\n]"
&amp#27;[0;39m2023-05-08 13:19:08,802 [main] &amp#27;[39mDEBUG&amp#27;[0;39m &amp#27;[36mc.g.d.z.s.o.a.hc.client5.http.wire&amp#27;[0;39m - &amp#27;[32mhttp-outgoing-1 << "HTTP/1.1 200 OK[\r][\n]"
&amp#27;[0;39m2023-05-08 13:19:08,802 [main] &amp#27;[39mDEBUG&amp#27;[0;39m &amp#27;[36mc.g.d.z.s.o.a.hc.client5.http.wire&amp#27;[0;39m - &amp#27;[32mhttp-outgoing-1 << "Api-Version: 1.42[\r][\n]"
&amp#27;[0;39m2023-05-08 13:19:08,802 [main] &amp#27;[39mDEBUG&amp#27;[0;39m &amp#27;[36mc.g.d.z.s.o.a.hc.client5.http.wire&amp#27;[0;39m - &amp#27;[32mhttp-outgoing-1 << "Content-Type: application/json[\r][\n]"
&amp#27;[0;39m2023-05-08 13:19:08,802 [main] &amp#27;[39mDEBUG&amp#27;[0;39m &amp#27;[36mc.g.d.z.s.o.a.hc.client5.http.wire&amp#27;[0;39m - &amp#27;[32mhttp-outgoing-1 << "Docker-Experimental: false[\r][\n]"
&amp#27;[0;39m2023-05-08 13:19:08,802 [main] &amp#27;[39mDEBUG&amp#27;[0;39m &amp#27;[36mc.g.d.z.s.o.a.hc.client5.http.wire&amp#27;[0;39m - &amp#27;[32mhttp-outgoing-1 << "Ostype: linux[\r][\n]"
&amp#27;[0;39m2023-05-08 13:19:08,802 [main] &amp#27;[39mDEBUG&amp#27;[0;39m &amp#27;[36mc.g.d.z.s.o.a.hc.client5.http.wire&amp#27;[0;39m - &amp#27;[32mhttp-outgoing-1 << "Server: Docker/23.0.5 (linux)[\r][\n]"
&amp#27;[0;39m2023-05-08 13:19:08,802 [main] &amp#27;[39mDEBUG&amp#27;[0;39m &amp#27;[36mc.g.d.z.s.o.a.hc.client5.http.wire&amp#27;[0;39m - &amp#27;[32mhttp-outgoing-1 << "Date: Mon, 08 May 2023 11:19:08 GMT[\r][\n]"
&amp#27;[0;39m2023-05-08 13:19:08,802 [main] &amp#27;[39mDEBUG&amp#27;[0;39m &amp#27;[36mc.g.d.z.s.o.a.hc.client5.http.wire&amp#27;[0;39m - &amp#27;[32mhttp-outgoing-1 << "Transfer-Encoding: chunked[\r][\n]"
&amp#27;[0;39m2023-05-08 13:19:08,802 [main] &amp#27;[39mDEBUG&amp#27;[0;39m &amp#27;[36mc.g.d.z.s.o.a.hc.client5.http.wire&amp#27;[0;39m - &amp#27;[32mhttp-outgoing-1 << "[\r][\n]"
&amp#27;[0;39m2023-05-08 13:19:08,802 [main] &amp#27;[39mDEBUG&amp#27;[0;39m &amp#27;[36mc.g.d.z.s.o.a.hc.client5.http.wire&amp#27;[0;39m - &amp#27;[32mhttp-outgoing-1 << "1893[\r][\n]"
&amp#27;[0;39m2023-05-08 13:19:08,802 [main] &amp#27;[39mDEBUG&amp#27;[0;39m &amp#27;[36mc.g.d.z.s.o.a.hc.client5.http.wire&amp#27;[0;39m - &amp#27;[32mhttp-outgoing-1 << "{"Id":"0739339bbc624082fb5e41f62f4a622236ffe4974bf12b2847105b726085e02b","Created":"2023-05-08T11:19:01.771856188Z","Path":"docker-entrypoint.sh","Args":["mysqld"],"State":{"Status":"running","Running":true,"Paused":false,"Restarting":false,"OOMKilled":false,"Dead":false,"Pid":59514,"ExitCode":0,"Error":"","StartedAt":"2023-05-08T11:19:02.113674386Z","FinishedAt":"0001-01-01T00:00:00Z"},"Image":"sha256:228d71078f8ce5ae9fd96b183f88c3a90e30544b4b7ce9d64a238d05fef2a681","ResolvConfPath":"/var/lib/docker/containers/0739339bbc624082fb5e41f62f4a622236ffe4974bf12b2847105b726085e02b/resolv.conf","HostnamePath":"/var/lib/docker/containers/0739339bbc624082fb5e41f62f4a622236ffe4974bf12b2847105b726085e02b/hostname","HostsPath":"/var/lib/docker/containers/0739339bbc624082fb5e41f62f4a622236ffe4974bf12b2847105b726085e02b/hosts","LogPath":"/var/lib/docker/containers/0739339bbc624082fb5e41f62f4a622236ffe4974bf12b2847105b726085e02b/0739339bbc624082fb5e41f62f4a622236ffe4974bf12b2847105b726085e02b-json.log","Name":"/intelligent_galileo","RestartCount":0,"Driver":"overlay2","Platform":"linux","MountLabel":"","ProcessLabel":"","AppArmorProfile":"docker-default","ExecIDs":null,"HostConfig":{"Binds":[],"ContainerIDFile":"","LogConfig":{"Type":"json-file","Config":{}},"NetworkMode":"default","PortBindings":{"3306/tcp":[{"HostIp":"","HostPort":""}]},"RestartPolicy":{"Name":"","MaximumRetryCount":0},"AutoRemove":false,"VolumeDriver":"","VolumesFrom":[],"ConsoleSize":[0,0],"CapAdd":null,"CapDrop":null,"CgroupnsMode":"private","Dns":null,"DnsOptions":null,"DnsSearch":null,"ExtraHosts":[],"GroupAdd":null,"IpcMode":"shareable","Cgroup":"","Links":null,"OomScoreAdj":0,"PidMode":"","Privileged":false,"PublishAllPorts":false,"ReadonlyRootfs":false,"SecurityOpt":null,"UTSMode":"","UsernsMode":"","ShmSize":67108864,"Runtime":"runc","Isolation":"","CpuShares":0,"Memory":0,"NanoCpus":0,"CgroupParent":"","BlkioWeight":0,"BlkioWeightDevice":null,"BlkioDeviceReadBps":null,"BlkioDeviceWriteBps":null,"BlkioDeviceReadIOps":null,"BlkioDeviceWriteIOps":null,"CpuPeriod":0,"CpuQuota":0,"CpuRealtimePeriod":0,"CpuRealtimeRuntime":0,"CpusetCpus":"","CpusetMems":"","Devices":null,"DeviceCgroupRules":null,"DeviceRequests":null,"MemoryReservation":0,"MemorySwap":0,"MemorySwappiness":null,"OomKillDisable":null,"PidsLimit":null,"Ulimits":null,"CpuCount":0,"CpuPercent":0,"IOMaximumIOps":0,"IOMaximumBandwidth":0,"MaskedPaths":["/proc/asound","/proc/acpi","/proc/kcore","/proc/keys","/proc/latency_stats","/proc/timer_list","/proc/timer_stats","/proc/sched_debug","/proc/scsi","/sys/firmware"],"ReadonlyPaths":["/proc/bus","/proc/fs","/proc/irq","/proc/sys","/proc/sysrq-trigger"]},"GraphDriver":{"Data":{"LowerDir":"/var/lib/docker/overlay2/b481eee7843c17772ada1734203524b4de76785735a50d4c68703d497db0e4ed-init/diff:/var/lib/docker/overlay2/4c6e20f032f02b27a9272f982861dc21998197aa90d94ed3bef95d449380247c/diff:/var/lib/docker/overlay2/0c75f828f603eff839bb3ca448163ab2a8017e86625ac255cd3dbf1673ddac26/diff:/var/lib/docker/overlay2/da128d897fda75829109844ce6cd9d73d0f54c682e735100af000ce899908729/diff:/var/lib/docker/overlay2/b678a1f261bf323afba6d76d91ab7428bdd6e1ef4a39b5224e4a1afd08c0423a/diff:/var/lib/docker/overlay2/1bec43b14875c5f9f814f146e8e31aa78566689c2c163da2ac60a32254988437/diff:/var/lib/docker/overlay2/28f4b1e6e1a7a2dbe30f1f94fb42bccd85a61faf8af1fe30a5bb0d442c525e41/diff:/var/lib/docker/overlay2/0f493124464c291d7c97d2633d5dff04b1dce5de904cb40a34dfbe7fe72e3fd4/diff:/var/lib/docker/overlay2/05befbee9e38cd670e1786b3310e99796dcc06abbed970007b4109a5424843fa/diff:/var/lib/docker/overlay2/582bcca9acfc4eef25109e1e1b9c9d104f355798455bc73e855c99283887a6e8/diff:/var/lib/docker/overlay2/153b3bf0b69e97e8f0e5533414a31ca33fa530e63d174c9617621abe46e7e9d1/diff:/var/lib/docker/overlay2/bf87a76c0a38875ee6e915fd0d2527eafa880ec6bf2c1cb294959428c18d10bd/diff","MergedDir":"/var/lib/docker/overlay2/b481eee7843c17772ada1734203524b4de76785735a50d4c68703d497db0e4ed/merged","UpperDir":"/var/lib/docker/overlay2/b481eee7843c17772ada1734203524b4de76785735a50d4c68703d497db0e4ed/diff","WorkDir":"/var/lib/docker/overlay2/b481eee7843c17772ada1734203524b4de76785735a50d4c68703d497db0e4ed/work"},"Name":"overlay2"},"Mounts":[{"Type":"volume","Name":"ec40278114b76af7b6535b952e685e04a98a51fa16363f5e9f0df1ce601f1dd5","Source":"/var/lib/docker/volumes/ec40278114b76af7b6535b952e685e04a98a51fa16363f5e9f0df1ce601f1dd5/_data","Destination":"/var/lib/mysql","Driver":"local","Mode":"","RW":true,"Propagation":""}],"Config":{"Hostname":"0739339bbc62","Domainname":"","User":"","AttachStdin":false,"AttachStdout":false,"AttachStderr":false,"ExposedPorts":{"3306/tcp":{}},"Tty":false,"OpenStdin":false,"StdinOnce":false,"Env":["MYSQL_DATABASE=test","MYSQL_PASSWORD=test","MYSQL_USER=test","MYSQL_ROOT_PASSWORD=test","PATH=/usr/local/sbin:/usr/local/bin:/usr/sbin:/usr/bin:/sbin:/bin","GOSU_VERSION=1.7","MYSQL_MAJOR=8.0","MYSQL_VERSION=8.0.0-dmr-1debian8"],"Cmd":["mysqld"],"Image":"mysql:8.0.0","Volumes":{"/var/lib/mysql":{}},"WorkingDir":"","Entrypoint":["docker-entrypoint.sh"],"OnBuild":null,"Labels":{"org.testcontainers":"true","org.testcontainers.lang":"java","org.testcontainers.sessionId":"f1b696c1-ec3f-4f95-afa8-081853be7ccb","org.testcontainers.version":"1.18.0"}},"NetworkSettings":{"Bridge":"","SandboxID":"d265e68e2afe307f1ab03fab083f2c0477cba31e9f26759f52b94e045d1847fb","HairpinMode":false,"LinkLocalIPv6Address":"","LinkLocalIPv6PrefixLen":0,"Ports":{"3306/tcp":[{"HostIp":"0.0.0.0","HostPort":"32782"},{"HostIp":"::","HostPort":"32782"}]},"SandboxKey":"/var/run/docker/netns/d265e68e2afe","SecondaryIPAddresses":null,"SecondaryIPv6Addresses":null,"EndpointID":"97b4c81a7665dcad3863174204db678dde492e2a2b2f11f6ef1c683b5d76146b","Gateway":"172.17.0.1","GlobalIPv6Address":"","GlobalIPv6PrefixLen":0,"IPAddress":"172.17.0.3","IPPrefixLen":16,"IPv6Gateway":"","MacAddress":"02:42:ac:11:00:03","Networks":{"bridge":{"IPAMConfig":null,"Links":null,"Aliases":null,"NetworkID":"e1a078e12eb8d77b497ed932f7fb43787eeb6ff6972febd7d03c9282b8b5cd45","EndpointID":"97b4c81a7665dcad3863174204db678dde492e2a2b2f11f6ef1c683b5d76146b","Gateway":"172.17.0.1","IPAddress":"172.17.0.3","IPPrefixLen":16,"IPv6Gateway":"","GlobalIPv6Address":"","GlobalIPv6PrefixLen":0,"MacAddress":"02:42:ac:11:00:03","DriverOpts":null}}}}[\n]"
&amp#27;[0;39m2023-05-08 13:19:08,802 [main] &amp#27;[39mDEBUG&amp#27;[0;39m &amp#27;[36mc.g.d.z.s.o.a.hc.client5.http.wire&amp#27;[0;39m - &amp#27;[32mhttp-outgoing-1 << "[\r][\n]"
&amp#27;[0;39m2023-05-08 13:19:08,802 [main] &amp#27;[39mDEBUG&amp#27;[0;39m &amp#27;[36mc.g.d.z.s.o.a.hc.client5.http.wire&amp#27;[0;39m - &amp#27;[32mhttp-outgoing-1 << "0[\r][\n]"
&amp#27;[0;39m2023-05-08 13:19:08,802 [main] &amp#27;[39mDEBUG&amp#27;[0;39m &amp#27;[36mc.g.d.z.s.o.a.hc.client5.http.wire&amp#27;[0;39m - &amp#27;[32mhttp-outgoing-1 << "[\r][\n]"
&amp#27;[0;39m2023-05-08 13:19:08,802 [main] &amp#27;[39mDEBUG&amp#27;[0;39m &amp#27;[36mc.g.d.z.s.o.a.h.client5.http.headers&amp#27;[0;39m - &amp#27;[32mhttp-outgoing-1 << HTTP/1.1 200 OK
&amp#27;[0;39m2023-05-08 13:19:08,802 [main] &amp#27;[39mDEBUG&amp#27;[0;39m &amp#27;[36mc.g.d.z.s.o.a.h.client5.http.headers&amp#27;[0;39m - &amp#27;[32mhttp-outgoing-1 << Api-Version: 1.42
&amp#27;[0;39m2023-05-08 13:19:08,802 [main] &amp#27;[39mDEBUG&amp#27;[0;39m &amp#27;[36mc.g.d.z.s.o.a.h.client5.http.headers&amp#27;[0;39m - &amp#27;[32mhttp-outgoing-1 << Content-Type: application/json
&amp#27;[0;39m2023-05-08 13:19:08,802 [main] &amp#27;[39mDEBUG&amp#27;[0;39m &amp#27;[36mc.g.d.z.s.o.a.h.client5.http.headers&amp#27;[0;39m - &amp#27;[32mhttp-outgoing-1 << Docker-Experimental: false
&amp#27;[0;39m2023-05-08 13:19:08,802 [main] &amp#27;[39mDEBUG&amp#27;[0;39m &amp#27;[36mc.g.d.z.s.o.a.h.client5.http.headers&amp#27;[0;39m - &amp#27;[32mhttp-outgoing-1 << Ostype: linux
&amp#27;[0;39m2023-05-08 13:19:08,802 [main] &amp#27;[39mDEBUG&amp#27;[0;39m &amp#27;[36mc.g.d.z.s.o.a.h.client5.http.headers&amp#27;[0;39m - &amp#27;[32mhttp-outgoing-1 << Server: Docker/23.0.5 (linux)
&amp#27;[0;39m2023-05-08 13:19:08,802 [main] &amp#27;[39mDEBUG&amp#27;[0;39m &amp#27;[36mc.g.d.z.s.o.a.h.client5.http.headers&amp#27;[0;39m - &amp#27;[32mhttp-outgoing-1 << Date: Mon, 08 May 2023 11:19:08 GMT
&amp#27;[0;39m2023-05-08 13:19:08,802 [main] &amp#27;[39mDEBUG&amp#27;[0;39m &amp#27;[36mc.g.d.z.s.o.a.h.client5.http.headers&amp#27;[0;39m - &amp#27;[32mhttp-outgoing-1 << Transfer-Encoding: chunked
&amp#27;[0;39m2023-05-08 13:19:08,802 [main] &amp#27;[39mDEBUG&amp#27;[0;39m &amp#27;[36mc.g.d.z.s.o.a.h.c.h.i.c.MainClientExec&amp#27;[0;39m - &amp#27;[32mex-0000009E: connection can be kept alive for 3 MINUTES
&amp#27;[0;39m2023-05-08 13:19:08,803 [main] &amp#27;[39mDEBUG&amp#27;[0;39m &amp#27;[36mc.g.d.z.s.o.a.h.c.h.i.c.InternalHttpClient&amp#27;[0;39m - &amp#27;[32mep-0000009D: releasing valid endpoint
&amp#27;[0;39m2023-05-08 13:19:08,803 [main] &amp#27;[39mDEBUG&amp#27;[0;39m &amp#27;[36mc.g.d.z.s.o.a.h.c.h.i.i.PoolingHttpClientConnectionManager&amp#27;[0;39m - &amp#27;[32mep-0000009D: releasing endpoint
&amp#27;[0;39m2023-05-08 13:19:08,803 [main] &amp#27;[39mDEBUG&amp#27;[0;39m &amp#27;[36mc.g.d.z.s.o.a.h.c.h.i.i.PoolingHttpClientConnectionManager&amp#27;[0;39m - &amp#27;[32mep-0000009D: connection http-outgoing-1 can be kept alive for 3 MINUTES
&amp#27;[0;39m2023-05-08 13:19:08,803 [main] &amp#27;[39mDEBUG&amp#27;[0;39m &amp#27;[36mc.g.d.z.s.o.a.h.c.h.i.i.PoolingHttpClientConnectionManager&amp#27;[0;39m - &amp#27;[32mep-0000009D: connection released [route: {}->unix://localhost:2375][total available: 1; route allocated: 1 of 2147483647; total allocated: 1 of 2147483647]
&amp#27;[0;39m2023-05-08 13:19:08,803 [main] &amp#27;[39mDEBUG&amp#27;[0;39m &amp#27;[36mtc.mysql:8.0.0&amp#27;[0;39m - &amp#27;[32mTrying to create JDBC connection using com.mysql.cj.jdbc.Driver to jdbc:mysql://localhost:32782/test?useSSL=false&allowPublicKeyRetrieval=true with properties: {password=test, user=test}
&amp#27;[0;39m2023-05-08 13:19:08,904 [main] &amp#27;[39mDEBUG&amp#27;[0;39m &amp#27;[36mo.t.s.c.g.d.c.command.AbstrDockerCmd&amp#27;[0;39m - &amp#27;[32mCmd: 0739339bbc624082fb5e41f62f4a622236ffe4974bf12b2847105b726085e02b,false
&amp#27;[0;39m2023-05-08 13:19:08,904 [main] &amp#27;[39mDEBUG&amp#27;[0;39m &amp#27;[36mo.t.s.c.g.d.c.e.InspectContainerCmdExec&amp#27;[0;39m - &amp#27;[32mGET: DefaultWebTarget{path=[/containers/0739339bbc624082fb5e41f62f4a622236ffe4974bf12b2847105b726085e02b/json], queryParams={}}
&amp#27;[0;39m2023-05-08 13:19:08,905 [main] &amp#27;[39mDEBUG&amp#27;[0;39m &amp#27;[36mc.g.d.z.s.o.a.h.c.h.i.c.InternalHttpClient&amp#27;[0;39m - &amp#27;[32mex-0000009F: preparing request execution
&amp#27;[0;39m2023-05-08 13:19:08,905 [main] &amp#27;[39mDEBUG&amp#27;[0;39m &amp#27;[36mc.g.d.z.s.o.a.h.c.h.p.RequestAddCookies&amp#27;[0;39m - &amp#27;[32mCookie spec selected: strict
&amp#27;[0;39m2023-05-08 13:19:08,905 [main] &amp#27;[39mDEBUG&amp#27;[0;39m &amp#27;[36mc.g.d.z.s.o.a.h.c.h.p.RequestAuthCache&amp#27;[0;39m - &amp#27;[32mAuth cache not set in the context
&amp#27;[0;39m2023-05-08 13:19:08,905 [main] &amp#27;[39mDEBUG&amp#27;[0;39m &amp#27;[36mc.g.d.z.s.o.a.h.c.h.i.c.ProtocolExec&amp#27;[0;39m - &amp#27;[32mex-0000009F: target auth state: UNCHALLENGED
&amp#27;[0;39m2023-05-08 13:19:08,905 [main] &amp#27;[39mDEBUG&amp#27;[0;39m &amp#27;[36mc.g.d.z.s.o.a.h.c.h.i.c.ProtocolExec&amp#27;[0;39m - &amp#27;[32mex-0000009F: proxy auth state: UNCHALLENGED
&amp#27;[0;39m2023-05-08 13:19:08,905 [main] &amp#27;[39mDEBUG&amp#27;[0;39m &amp#27;[36mc.g.d.z.s.o.a.h.c.h.i.c.ConnectExec&amp#27;[0;39m - &amp#27;[32mex-0000009F: acquiring connection with route {}->unix://localhost:2375
&amp#27;[0;39m2023-05-08 13:19:08,905 [main] &amp#27;[39mDEBUG&amp#27;[0;39m &amp#27;[36mc.g.d.z.s.o.a.h.c.h.i.c.InternalHttpClient&amp#27;[0;39m - &amp#27;[32mex-0000009F: acquiring endpoint (3 MINUTES)
&amp#27;[0;39m2023-05-08 13:19:08,905 [main] &amp#27;[39mDEBUG&amp#27;[0;39m &amp#27;[36mc.g.d.z.s.o.a.h.c.h.i.i.PoolingHttpClientConnectionManager&amp#27;[0;39m - &amp#27;[32mex-0000009F: endpoint lease request (3 MINUTES) [route: {}->unix://localhost:2375][total available: 1; route allocated: 1 of 2147483647; total allocated: 1 of 2147483647]
&amp#27;[0;39m2023-05-08 13:19:08,905 [main] &amp#27;[39mDEBUG&amp#27;[0;39m &amp#27;[36mc.g.d.z.s.o.a.h.c.h.i.i.PoolingHttpClientConnectionManager&amp#27;[0;39m - &amp#27;[32mex-0000009F: endpoint leased [route: {}->unix://localhost:2375][total available: 0; route allocated: 1 of 2147483647; total allocated: 1 of 2147483647]
&amp#27;[0;39m2023-05-08 13:19:08,905 [main] &amp#27;[39mDEBUG&amp#27;[0;39m &amp#27;[36mc.g.d.z.s.o.a.h.c.h.i.i.PoolingHttpClientConnectionManager&amp#27;[0;39m - &amp#27;[32mex-0000009F: acquired ep-0000009E
&amp#27;[0;39m2023-05-08 13:19:08,905 [main] &amp#27;[39mDEBUG&amp#27;[0;39m &amp#27;[36mc.g.d.z.s.o.a.h.c.h.i.c.InternalHttpClient&amp#27;[0;39m - &amp#27;[32mex-0000009F: acquired endpoint ep-0000009E
&amp#27;[0;39m2023-05-08 13:19:08,905 [main] &amp#27;[39mDEBUG&amp#27;[0;39m &amp#27;[36mc.g.d.z.s.o.a.h.c.h.i.c.MainClientExec&amp#27;[0;39m - &amp#27;[32mex-0000009F: executing GET /v1.32/containers/0739339bbc624082fb5e41f62f4a622236ffe4974bf12b2847105b726085e02b/json HTTP/1.1
&amp#27;[0;39m2023-05-08 13:19:08,905 [main] &amp#27;[39mDEBUG&amp#27;[0;39m &amp#27;[36mc.g.d.z.s.o.a.h.c.h.i.c.InternalHttpClient&amp#27;[0;39m - &amp#27;[32mep-0000009E: start execution ex-0000009F
&amp#27;[0;39m2023-05-08 13:19:08,905 [main] &amp#27;[39mDEBUG&amp#27;[0;39m &amp#27;[36mc.g.d.z.s.o.a.h.c.h.i.i.PoolingHttpClientConnectionManager&amp#27;[0;39m - &amp#27;[32mep-0000009E: executing exchange ex-0000009F over http-outgoing-1
&amp#27;[0;39m2023-05-08 13:19:08,905 [main] &amp#27;[39mDEBUG&amp#27;[0;39m &amp#27;[36mc.g.d.z.s.o.a.h.client5.http.headers&amp#27;[0;39m - &amp#27;[32mhttp-outgoing-1 >> GET /v1.32/containers/0739339bbc624082fb5e41f62f4a622236ffe4974bf12b2847105b726085e02b/json HTTP/1.1
&amp#27;[0;39m2023-05-08 13:19:08,905 [main] &amp#27;[39mDEBUG&amp#27;[0;39m &amp#27;[36mc.g.d.z.s.o.a.h.client5.http.headers&amp#27;[0;39m - &amp#27;[32mhttp-outgoing-1 >> accept: application/json
&amp#27;[0;39m2023-05-08 13:19:08,905 [main] &amp#27;[39mDEBUG&amp#27;[0;39m &amp#27;[36mc.g.d.z.s.o.a.h.client5.http.headers&amp#27;[0;39m - &amp#27;[32mhttp-outgoing-1 >> x-tc-sid: f1b696c1-ec3f-4f95-afa8-081853be7ccb
&amp#27;[0;39m2023-05-08 13:19:08,905 [main] &amp#27;[39mDEBUG&amp#27;[0;39m &amp#27;[36mc.g.d.z.s.o.a.h.client5.http.headers&amp#27;[0;39m - &amp#27;[32mhttp-outgoing-1 >> Accept-Encoding: gzip, x-gzip, deflate
&amp#27;[0;39m2023-05-08 13:19:08,905 [main] &amp#27;[39mDEBUG&amp#27;[0;39m &amp#27;[36mc.g.d.z.s.o.a.h.client5.http.headers&amp#27;[0;39m - &amp#27;[32mhttp-outgoing-1 >> Host: localhost:2375
&amp#27;[0;39m2023-05-08 13:19:08,905 [main] &amp#27;[39mDEBUG&amp#27;[0;39m &amp#27;[36mc.g.d.z.s.o.a.h.client5.http.headers&amp#27;[0;39m - &amp#27;[32mhttp-outgoing-1 >> Connection: keep-alive
&amp#27;[0;39m2023-05-08 13:19:08,905 [main] &amp#27;[39mDEBUG&amp#27;[0;39m &amp#27;[36mc.g.d.z.s.o.a.h.client5.http.headers&amp#27;[0;39m - &amp#27;[32mhttp-outgoing-1 >> User-Agent: Apache-HttpClient/5.0.3 (Java/17.0.6)
&amp#27;[0;39m2023-05-08 13:19:08,905 [main] &amp#27;[39mDEBUG&amp#27;[0;39m &amp#27;[36mc.g.d.z.s.o.a.hc.client5.http.wire&amp#27;[0;39m - &amp#27;[32mhttp-outgoing-1 >> "GET /v1.32/containers/0739339bbc624082fb5e41f62f4a622236ffe4974bf12b2847105b726085e02b/json HTTP/1.1[\r][\n]"
&amp#27;[0;39m2023-05-08 13:19:08,905 [main] &amp#27;[39mDEBUG&amp#27;[0;39m &amp#27;[36mc.g.d.z.s.o.a.hc.client5.http.wire&amp#27;[0;39m - &amp#27;[32mhttp-outgoing-1 >> "accept: application/json[\r][\n]"
&amp#27;[0;39m2023-05-08 13:19:08,905 [main] &amp#27;[39mDEBUG&amp#27;[0;39m &amp#27;[36mc.g.d.z.s.o.a.hc.client5.http.wire&amp#27;[0;39m - &amp#27;[32mhttp-outgoing-1 >> "x-tc-sid: f1b696c1-ec3f-4f95-afa8-081853be7ccb[\r][\n]"
&amp#27;[0;39m2023-05-08 13:19:08,905 [main] &amp#27;[39mDEBUG&amp#27;[0;39m &amp#27;[36mc.g.d.z.s.o.a.hc.client5.http.wire&amp#27;[0;39m - &amp#27;[32mhttp-outgoing-1 >> "Accept-Encoding: gzip, x-gzip, deflate[\r][\n]"
&amp#27;[0;39m2023-05-08 13:19:08,905 [main] &amp#27;[39mDEBUG&amp#27;[0;39m &amp#27;[36mc.g.d.z.s.o.a.hc.client5.http.wire&amp#27;[0;39m - &amp#27;[32mhttp-outgoing-1 >> "Host: localhost:2375[\r][\n]"
&amp#27;[0;39m2023-05-08 13:19:08,905 [main] &amp#27;[39mDEBUG&amp#27;[0;39m &amp#27;[36mc.g.d.z.s.o.a.hc.client5.http.wire&amp#27;[0;39m - &amp#27;[32mhttp-outgoing-1 >> "Connection: keep-alive[\r][\n]"
&amp#27;[0;39m2023-05-08 13:19:08,905 [main] &amp#27;[39mDEBUG&amp#27;[0;39m &amp#27;[36mc.g.d.z.s.o.a.hc.client5.http.wire&amp#27;[0;39m - &amp#27;[32mhttp-outgoing-1 >> "User-Agent: Apache-HttpClient/5.0.3 (Java/17.0.6)[\r][\n]"
&amp#27;[0;39m2023-05-08 13:19:08,905 [main] &amp#27;[39mDEBUG&amp#27;[0;39m &amp#27;[36mc.g.d.z.s.o.a.hc.client5.http.wire&amp#27;[0;39m - &amp#27;[32mhttp-outgoing-1 >> "[\r][\n]"
&amp#27;[0;39m2023-05-08 13:19:08,906 [main] &amp#27;[39mDEBUG&amp#27;[0;39m &amp#27;[36mc.g.d.z.s.o.a.hc.client5.http.wire&amp#27;[0;39m - &amp#27;[32mhttp-outgoing-1 << "HTTP/1.1 200 OK[\r][\n]"
&amp#27;[0;39m2023-05-08 13:19:08,906 [main] &amp#27;[39mDEBUG&amp#27;[0;39m &amp#27;[36mc.g.d.z.s.o.a.hc.client5.http.wire&amp#27;[0;39m - &amp#27;[32mhttp-outgoing-1 << "Api-Version: 1.42[\r][\n]"
&amp#27;[0;39m2023-05-08 13:19:08,906 [main] &amp#27;[39mDEBUG&amp#27;[0;39m &amp#27;[36mc.g.d.z.s.o.a.hc.client5.http.wire&amp#27;[0;39m - &amp#27;[32mhttp-outgoing-1 << "Content-Type: application/json[\r][\n]"
&amp#27;[0;39m2023-05-08 13:19:08,906 [main] &amp#27;[39mDEBUG&amp#27;[0;39m &amp#27;[36mc.g.d.z.s.o.a.hc.client5.http.wire&amp#27;[0;39m - &amp#27;[32mhttp-outgoing-1 << "Docker-Experimental: false[\r][\n]"
&amp#27;[0;39m2023-05-08 13:19:08,906 [main] &amp#27;[39mDEBUG&amp#27;[0;39m &amp#27;[36mc.g.d.z.s.o.a.hc.client5.http.wire&amp#27;[0;39m - &amp#27;[32mhttp-outgoing-1 << "Ostype: linux[\r][\n]"
&amp#27;[0;39m2023-05-08 13:19:08,906 [main] &amp#27;[39mDEBUG&amp#27;[0;39m &amp#27;[36mc.g.d.z.s.o.a.hc.client5.http.wire&amp#27;[0;39m - &amp#27;[32mhttp-outgoing-1 << "Server: Docker/23.0.5 (linux)[\r][\n]"
&amp#27;[0;39m2023-05-08 13:19:08,906 [main] &amp#27;[39mDEBUG&amp#27;[0;39m &amp#27;[36mc.g.d.z.s.o.a.hc.client5.http.wire&amp#27;[0;39m - &amp#27;[32mhttp-outgoing-1 << "Date: Mon, 08 May 2023 11:19:08 GMT[\r][\n]"
&amp#27;[0;39m2023-05-08 13:19:08,906 [main] &amp#27;[39mDEBUG&amp#27;[0;39m &amp#27;[36mc.g.d.z.s.o.a.hc.client5.http.wire&amp#27;[0;39m - &amp#27;[32mhttp-outgoing-1 << "Transfer-Encoding: chunked[\r][\n]"
&amp#27;[0;39m2023-05-08 13:19:08,906 [main] &amp#27;[39mDEBUG&amp#27;[0;39m &amp#27;[36mc.g.d.z.s.o.a.hc.client5.http.wire&amp#27;[0;39m - &amp#27;[32mhttp-outgoing-1 << "[\r][\n]"
&amp#27;[0;39m2023-05-08 13:19:08,906 [main] &amp#27;[39mDEBUG&amp#27;[0;39m &amp#27;[36mc.g.d.z.s.o.a.hc.client5.http.wire&amp#27;[0;39m - &amp#27;[32mhttp-outgoing-1 << "1893[\r][\n]"
&amp#27;[0;39m2023-05-08 13:19:08,906 [main] &amp#27;[39mDEBUG&amp#27;[0;39m &amp#27;[36mc.g.d.z.s.o.a.hc.client5.http.wire&amp#27;[0;39m - &amp#27;[32mhttp-outgoing-1 << "{"Id":"0739339bbc624082fb5e41f62f4a622236ffe4974bf12b2847105b726085e02b","Created":"2023-05-08T11:19:01.771856188Z","Path":"docker-entrypoint.sh","Args":["mysqld"],"State":{"Status":"running","Running":true,"Paused":false,"Restarting":false,"OOMKilled":false,"Dead":false,"Pid":59514,"ExitCode":0,"Error":"","StartedAt":"2023-05-08T11:19:02.113674386Z","FinishedAt":"0001-01-01T00:00:00Z"},"Image":"sha256:228d71078f8ce5ae9fd96b183f88c3a90e30544b4b7ce9d64a238d05fef2a681","ResolvConfPath":"/var/lib/docker/containers/0739339bbc624082fb5e41f62f4a622236ffe4974bf12b2847105b726085e02b/resolv.conf","HostnamePath":"/var/lib/docker/containers/0739339bbc624082fb5e41f62f4a622236ffe4974bf12b2847105b726085e02b/hostname","HostsPath":"/var/lib/docker/containers/0739339bbc624082fb5e41f62f4a622236ffe4974bf12b2847105b726085e02b/hosts","LogPath":"/var/lib/docker/containers/0739339bbc624082fb5e41f62f4a622236ffe4974bf12b2847105b726085e02b/0739339bbc624082fb5e41f62f4a622236ffe4974bf12b2847105b726085e02b-json.log","Name":"/intelligent_galileo","RestartCount":0,"Driver":"overlay2","Platform":"linux","MountLabel":"","ProcessLabel":"","AppArmorProfile":"docker-default","ExecIDs":null,"HostConfig":{"Binds":[],"ContainerIDFile":"","LogConfig":{"Type":"json-file","Config":{}},"NetworkMode":"default","PortBindings":{"3306/tcp":[{"HostIp":"","HostPort":""}]},"RestartPolicy":{"Name":"","MaximumRetryCount":0},"AutoRemove":false,"VolumeDriver":"","VolumesFrom":[],"ConsoleSize":[0,0],"CapAdd":null,"CapDrop":null,"CgroupnsMode":"private","Dns":null,"DnsOptions":null,"DnsSearch":null,"ExtraHosts":[],"GroupAdd":null,"IpcMode":"shareable","Cgroup":"","Links":null,"OomScoreAdj":0,"PidMode":"","Privileged":false,"PublishAllPorts":false,"ReadonlyRootfs":false,"SecurityOpt":null,"UTSMode":"","UsernsMode":"","ShmSize":67108864,"Runtime":"runc","Isolation":"","CpuShares":0,"Memory":0,"NanoCpus":0,"CgroupParent":"","BlkioWeight":0,"BlkioWeightDevice":null,"BlkioDeviceReadBps":null,"BlkioDeviceWriteBps":null,"BlkioDeviceReadIOps":null,"BlkioDeviceWriteIOps":null,"CpuPeriod":0,"CpuQuota":0,"CpuRealtimePeriod":0,"CpuRealtimeRuntime":0,"CpusetCpus":"","CpusetMems":"","Devices":null,"DeviceCgroupRules":null,"DeviceRequests":null,"MemoryReservation":0,"MemorySwap":0,"MemorySwappiness":null,"OomKillDisable":null,"PidsLimit":null,"Ulimits":null,"CpuCount":0,"CpuPercent":0,"IOMaximumIOps":0,"IOMaximumBandwidth":0,"MaskedPaths":["/proc/asound","/proc/acpi","/proc/kcore","/proc/keys","/proc/latency_stats","/proc/timer_list","/proc/timer_stats","/proc/sched_debug","/proc/scsi","/sys/firmware"],"ReadonlyPaths":["/proc/bus","/proc/fs","/proc/irq","/proc/sys","/proc/sysrq-trigger"]},"GraphDriver":{"Data":{"LowerDir":"/var/lib/docker/overlay2/b481eee7843c17772ada1734203524b4de76785735a50d4c68703d497db0e4ed-init/diff:/var/lib/docker/overlay2/4c6e20f032f02b27a9272f982861dc21998197aa90d94ed3bef95d449380247c/diff:/var/lib/docker/overlay2/0c75f828f603eff839bb3ca448163ab2a8017e86625ac255cd3dbf1673ddac26/diff:/var/lib/docker/overlay2/da128d897fda75829109844ce6cd9d73d0f54c682e735100af000ce899908729/diff:/var/lib/docker/overlay2/b678a1f261bf323afba6d76d91ab7428bdd6e1ef4a39b5224e4a1afd08c0423a/diff:/var/lib/docker/overlay2/1bec43b14875c5f9f814f146e8e31aa78566689c2c163da2ac60a32254988437/diff:/var/lib/docker/overlay2/28f4b1e6e1a7a2dbe30f1f94fb42bccd85a61faf8af1fe30a5bb0d442c525e41/diff:/var/lib/docker/overlay2/0f493124464c291d7c97d2633d5dff04b1dce5de904cb40a34dfbe7fe72e3fd4/diff:/var/lib/docker/overlay2/05befbee9e38cd670e1786b3310e99796dcc06abbed970007b4109a5424843fa/diff:/var/lib/docker/overlay2/582bcca9acfc4eef25109e1e1b9c9d104f355798455bc73e855c99283887a6e8/diff:/var/lib/docker/overlay2/153b3bf0b69e97e8f0e5533414a31ca33fa530e63d174c9617621abe46e7e9d1/diff:/var/lib/docker/overlay2/bf87a76c0a38875ee6e915fd0d2527eafa880ec6bf2c1cb294959428c18d10bd/diff","MergedDir":"/var/lib/docker/overlay2/b481eee7843c17772ada1734203524b4de76785735a50d4c68703d497db0e4ed/merged","UpperDir":"/var/lib/docker/overlay2/b481eee7843c17772ada1734203524b4de76785735a50d4c68703d497db0e4ed/diff","WorkDir":"/var/lib/docker/overlay2/b481eee7843c17772ada1734203524b4de76785735a50d4c68703d497db0e4ed/work"},"Name":"overlay2"},"Mounts":[{"Type":"volume","Name":"ec40278114b76af7b6535b952e685e04a98a51fa16363f5e9f0df1ce601f1dd5","Source":"/var/lib/docker/volumes/ec40278114b76af7b6535b952e685e04a98a51fa16363f5e9f0df1ce601f1dd5/_data","Destination":"/var/lib/mysql","Driver":"local","Mode":"","RW":true,"Propagation":""}],"Config":{"Hostname":"0739339bbc62","Domainname":"","User":"","AttachStdin":false,"AttachStdout":false,"AttachStderr":false,"ExposedPorts":{"3306/tcp":{}},"Tty":false,"OpenStdin":false,"StdinOnce":false,"Env":["MYSQL_DATABASE=test","MYSQL_PASSWORD=test","MYSQL_USER=test","MYSQL_ROOT_PASSWORD=test","PATH=/usr/local/sbin:/usr/local/bin:/usr/sbin:/usr/bin:/sbin:/bin","GOSU_VERSION=1.7","MYSQL_MAJOR=8.0","MYSQL_VERSION=8.0.0-dmr-1debian8"],"Cmd":["mysqld"],"Image":"mysql:8.0.0","Volumes":{"/var/lib/mysql":{}},"WorkingDir":"","Entrypoint":["docker-entrypoint.sh"],"OnBuild":null,"Labels":{"org.testcontainers":"true","org.testcontainers.lang":"java","org.testcontainers.sessionId":"f1b696c1-ec3f-4f95-afa8-081853be7ccb","org.testcontainers.version":"1.18.0"}},"NetworkSettings":{"Bridge":"","SandboxID":"d265e68e2afe307f1ab03fab083f2c0477cba31e9f26759f52b94e045d1847fb","HairpinMode":false,"LinkLocalIPv6Address":"","LinkLocalIPv6PrefixLen":0,"Ports":{"3306/tcp":[{"HostIp":"0.0.0.0","HostPort":"32782"},{"HostIp":"::","HostPort":"32782"}]},"SandboxKey":"/var/run/docker/netns/d265e68e2afe","SecondaryIPAddresses":null,"SecondaryIPv6Addresses":null,"EndpointID":"97b4c81a7665dcad3863174204db678dde492e2a2b2f11f6ef1c683b5d76146b","Gateway":"172.17.0.1","GlobalIPv6Address":"","GlobalIPv6PrefixLen":0,"IPAddress":"172.17.0.3","IPPrefixLen":16,"IPv6Gateway":"","MacAddress":"02:42:ac:11:00:03","Networks":{"bridge":{"IPAMConfig":null,"Links":null,"Aliases":null,"NetworkID":"e1a078e12eb8d77b497ed932f7fb43787eeb6ff6972febd7d03c9282b8b5cd45","EndpointID":"97b4c81a7665dcad3863174204db678dde492e2a2b2f11f6ef1c683b5d76146b","Gateway":"172.17.0.1","IPAddress":"172.17.0.3","IPPrefixLen":16,"IPv6Gateway":"","GlobalIPv6Address":"","GlobalIPv6PrefixLen":0,"MacAddress":"02:42:ac:11:00:03","DriverOpts":null}}}}[\n]"
&amp#27;[0;39m2023-05-08 13:19:08,906 [main] &amp#27;[39mDEBUG&amp#27;[0;39m &amp#27;[36mc.g.d.z.s.o.a.hc.client5.http.wire&amp#27;[0;39m - &amp#27;[32mhttp-outgoing-1 << "[\r][\n]"
&amp#27;[0;39m2023-05-08 13:19:08,906 [main] &amp#27;[39mDEBUG&amp#27;[0;39m &amp#27;[36mc.g.d.z.s.o.a.hc.client5.http.wire&amp#27;[0;39m - &amp#27;[32mhttp-outgoing-1 << "0[\r][\n]"
&amp#27;[0;39m2023-05-08 13:19:08,906 [main] &amp#27;[39mDEBUG&amp#27;[0;39m &amp#27;[36mc.g.d.z.s.o.a.hc.client5.http.wire&amp#27;[0;39m - &amp#27;[32mhttp-outgoing-1 << "[\r][\n]"
&amp#27;[0;39m2023-05-08 13:19:08,906 [main] &amp#27;[39mDEBUG&amp#27;[0;39m &amp#27;[36mc.g.d.z.s.o.a.h.client5.http.headers&amp#27;[0;39m - &amp#27;[32mhttp-outgoing-1 << HTTP/1.1 200 OK
&amp#27;[0;39m2023-05-08 13:19:08,906 [main] &amp#27;[39mDEBUG&amp#27;[0;39m &amp#27;[36mc.g.d.z.s.o.a.h.client5.http.headers&amp#27;[0;39m - &amp#27;[32mhttp-outgoing-1 << Api-Version: 1.42
&amp#27;[0;39m2023-05-08 13:19:08,906 [main] &amp#27;[39mDEBUG&amp#27;[0;39m &amp#27;[36mc.g.d.z.s.o.a.h.client5.http.headers&amp#27;[0;39m - &amp#27;[32mhttp-outgoing-1 << Content-Type: application/json
&amp#27;[0;39m2023-05-08 13:19:08,906 [main] &amp#27;[39mDEBUG&amp#27;[0;39m &amp#27;[36mc.g.d.z.s.o.a.h.client5.http.headers&amp#27;[0;39m - &amp#27;[32mhttp-outgoing-1 << Docker-Experimental: false
&amp#27;[0;39m2023-05-08 13:19:08,906 [main] &amp#27;[39mDEBUG&amp#27;[0;39m &amp#27;[36mc.g.d.z.s.o.a.h.client5.http.headers&amp#27;[0;39m - &amp#27;[32mhttp-outgoing-1 << Ostype: linux
&amp#27;[0;39m2023-05-08 13:19:08,906 [main] &amp#27;[39mDEBUG&amp#27;[0;39m &amp#27;[36mc.g.d.z.s.o.a.h.client5.http.headers&amp#27;[0;39m - &amp#27;[32mhttp-outgoing-1 << Server: Docker/23.0.5 (linux)
&amp#27;[0;39m2023-05-08 13:19:08,906 [main] &amp#27;[39mDEBUG&amp#27;[0;39m &amp#27;[36mc.g.d.z.s.o.a.h.client5.http.headers&amp#27;[0;39m - &amp#27;[32mhttp-outgoing-1 << Date: Mon, 08 May 2023 11:19:08 GMT
&amp#27;[0;39m2023-05-08 13:19:08,906 [main] &amp#27;[39mDEBUG&amp#27;[0;39m &amp#27;[36mc.g.d.z.s.o.a.h.client5.http.headers&amp#27;[0;39m - &amp#27;[32mhttp-outgoing-1 << Transfer-Encoding: chunked
&amp#27;[0;39m2023-05-08 13:19:08,906 [main] &amp#27;[39mDEBUG&amp#27;[0;39m &amp#27;[36mc.g.d.z.s.o.a.h.c.h.i.c.MainClientExec&amp#27;[0;39m - &amp#27;[32mex-0000009F: connection can be kept alive for 3 MINUTES
&amp#27;[0;39m2023-05-08 13:19:08,906 [main] &amp#27;[39mDEBUG&amp#27;[0;39m &amp#27;[36mc.g.d.z.s.o.a.h.c.h.i.c.InternalHttpClient&amp#27;[0;39m - &amp#27;[32mep-0000009E: releasing valid endpoint
&amp#27;[0;39m2023-05-08 13:19:08,906 [main] &amp#27;[39mDEBUG&amp#27;[0;39m &amp#27;[36mc.g.d.z.s.o.a.h.c.h.i.i.PoolingHttpClientConnectionManager&amp#27;[0;39m - &amp#27;[32mep-0000009E: releasing endpoint
&amp#27;[0;39m2023-05-08 13:19:08,906 [main] &amp#27;[39mDEBUG&amp#27;[0;39m &amp#27;[36mc.g.d.z.s.o.a.h.c.h.i.i.PoolingHttpClientConnectionManager&amp#27;[0;39m - &amp#27;[32mep-0000009E: connection http-outgoing-1 can be kept alive for 3 MINUTES
&amp#27;[0;39m2023-05-08 13:19:08,906 [main] &amp#27;[39mDEBUG&amp#27;[0;39m &amp#27;[36mc.g.d.z.s.o.a.h.c.h.i.i.PoolingHttpClientConnectionManager&amp#27;[0;39m - &amp#27;[32mep-0000009E: connection released [route: {}->unix://localhost:2375][total available: 1; route allocated: 1 of 2147483647; total allocated: 1 of 2147483647]
&amp#27;[0;39m2023-05-08 13:19:08,906 [main] &amp#27;[39mDEBUG&amp#27;[0;39m &amp#27;[36mtc.mysql:8.0.0&amp#27;[0;39m - &amp#27;[32mTrying to create JDBC connection using com.mysql.cj.jdbc.Driver to jdbc:mysql://localhost:32782/test?useSSL=false&allowPublicKeyRetrieval=true with properties: {password=test, user=test}
&amp#27;[0;39m2023-05-08 13:19:09,008 [main] &amp#27;[39mDEBUG&amp#27;[0;39m &amp#27;[36mo.t.s.c.g.d.c.command.AbstrDockerCmd&amp#27;[0;39m - &amp#27;[32mCmd: 0739339bbc624082fb5e41f62f4a622236ffe4974bf12b2847105b726085e02b,false
&amp#27;[0;39m2023-05-08 13:19:09,008 [main] &amp#27;[39mDEBUG&amp#27;[0;39m &amp#27;[36mo.t.s.c.g.d.c.e.InspectContainerCmdExec&amp#27;[0;39m - &amp#27;[32mGET: DefaultWebTarget{path=[/containers/0739339bbc624082fb5e41f62f4a622236ffe4974bf12b2847105b726085e02b/json], queryParams={}}
&amp#27;[0;39m2023-05-08 13:19:09,008 [main] &amp#27;[39mDEBUG&amp#27;[0;39m &amp#27;[36mc.g.d.z.s.o.a.h.c.h.i.c.InternalHttpClient&amp#27;[0;39m - &amp#27;[32mex-000000A0: preparing request execution
&amp#27;[0;39m2023-05-08 13:19:09,008 [main] &amp#27;[39mDEBUG&amp#27;[0;39m &amp#27;[36mc.g.d.z.s.o.a.h.c.h.p.RequestAddCookies&amp#27;[0;39m - &amp#27;[32mCookie spec selected: strict
&amp#27;[0;39m2023-05-08 13:19:09,008 [main] &amp#27;[39mDEBUG&amp#27;[0;39m &amp#27;[36mc.g.d.z.s.o.a.h.c.h.p.RequestAuthCache&amp#27;[0;39m - &amp#27;[32mAuth cache not set in the context
&amp#27;[0;39m2023-05-08 13:19:09,008 [main] &amp#27;[39mDEBUG&amp#27;[0;39m &amp#27;[36mc.g.d.z.s.o.a.h.c.h.i.c.ProtocolExec&amp#27;[0;39m - &amp#27;[32mex-000000A0: target auth state: UNCHALLENGED
&amp#27;[0;39m2023-05-08 13:19:09,008 [main] &amp#27;[39mDEBUG&amp#27;[0;39m &amp#27;[36mc.g.d.z.s.o.a.h.c.h.i.c.ProtocolExec&amp#27;[0;39m - &amp#27;[32mex-000000A0: proxy auth state: UNCHALLENGED
&amp#27;[0;39m2023-05-08 13:19:09,008 [main] &amp#27;[39mDEBUG&amp#27;[0;39m &amp#27;[36mc.g.d.z.s.o.a.h.c.h.i.c.ConnectExec&amp#27;[0;39m - &amp#27;[32mex-000000A0: acquiring connection with route {}->unix://localhost:2375
&amp#27;[0;39m2023-05-08 13:19:09,008 [main] &amp#27;[39mDEBUG&amp#27;[0;39m &amp#27;[36mc.g.d.z.s.o.a.h.c.h.i.c.InternalHttpClient&amp#27;[0;39m - &amp#27;[32mex-000000A0: acquiring endpoint (3 MINUTES)
&amp#27;[0;39m2023-05-08 13:19:09,008 [main] &amp#27;[39mDEBUG&amp#27;[0;39m &amp#27;[36mc.g.d.z.s.o.a.h.c.h.i.i.PoolingHttpClientConnectionManager&amp#27;[0;39m - &amp#27;[32mex-000000A0: endpoint lease request (3 MINUTES) [route: {}->unix://localhost:2375][total available: 1; route allocated: 1 of 2147483647; total allocated: 1 of 2147483647]
&amp#27;[0;39m2023-05-08 13:19:09,008 [main] &amp#27;[39mDEBUG&amp#27;[0;39m &amp#27;[36mc.g.d.z.s.o.a.h.c.h.i.i.PoolingHttpClientConnectionManager&amp#27;[0;39m - &amp#27;[32mex-000000A0: endpoint leased [route: {}->unix://localhost:2375][total available: 0; route allocated: 1 of 2147483647; total allocated: 1 of 2147483647]
&amp#27;[0;39m2023-05-08 13:19:09,008 [main] &amp#27;[39mDEBUG&amp#27;[0;39m &amp#27;[36mc.g.d.z.s.o.a.h.c.h.i.i.PoolingHttpClientConnectionManager&amp#27;[0;39m - &amp#27;[32mex-000000A0: acquired ep-0000009F
&amp#27;[0;39m2023-05-08 13:19:09,008 [main] &amp#27;[39mDEBUG&amp#27;[0;39m &amp#27;[36mc.g.d.z.s.o.a.h.c.h.i.c.InternalHttpClient&amp#27;[0;39m - &amp#27;[32mex-000000A0: acquired endpoint ep-0000009F
&amp#27;[0;39m2023-05-08 13:19:09,008 [main] &amp#27;[39mDEBUG&amp#27;[0;39m &amp#27;[36mc.g.d.z.s.o.a.h.c.h.i.c.MainClientExec&amp#27;[0;39m - &amp#27;[32mex-000000A0: executing GET /v1.32/containers/0739339bbc624082fb5e41f62f4a622236ffe4974bf12b2847105b726085e02b/json HTTP/1.1
&amp#27;[0;39m2023-05-08 13:19:09,008 [main] &amp#27;[39mDEBUG&amp#27;[0;39m &amp#27;[36mc.g.d.z.s.o.a.h.c.h.i.c.InternalHttpClient&amp#27;[0;39m - &amp#27;[32mep-0000009F: start execution ex-000000A0
&amp#27;[0;39m2023-05-08 13:19:09,008 [main] &amp#27;[39mDEBUG&amp#27;[0;39m &amp#27;[36mc.g.d.z.s.o.a.h.c.h.i.i.PoolingHttpClientConnectionManager&amp#27;[0;39m - &amp#27;[32mep-0000009F: executing exchange ex-000000A0 over http-outgoing-1
&amp#27;[0;39m2023-05-08 13:19:09,009 [main] &amp#27;[39mDEBUG&amp#27;[0;39m &amp#27;[36mc.g.d.z.s.o.a.h.client5.http.headers&amp#27;[0;39m - &amp#27;[32mhttp-outgoing-1 >> GET /v1.32/containers/0739339bbc624082fb5e41f62f4a622236ffe4974bf12b2847105b726085e02b/json HTTP/1.1
&amp#27;[0;39m2023-05-08 13:19:09,009 [main] &amp#27;[39mDEBUG&amp#27;[0;39m &amp#27;[36mc.g.d.z.s.o.a.h.client5.http.headers&amp#27;[0;39m - &amp#27;[32mhttp-outgoing-1 >> accept: application/json
&amp#27;[0;39m2023-05-08 13:19:09,009 [main] &amp#27;[39mDEBUG&amp#27;[0;39m &amp#27;[36mc.g.d.z.s.o.a.h.client5.http.headers&amp#27;[0;39m - &amp#27;[32mhttp-outgoing-1 >> x-tc-sid: f1b696c1-ec3f-4f95-afa8-081853be7ccb
&amp#27;[0;39m2023-05-08 13:19:09,009 [main] &amp#27;[39mDEBUG&amp#27;[0;39m &amp#27;[36mc.g.d.z.s.o.a.h.client5.http.headers&amp#27;[0;39m - &amp#27;[32mhttp-outgoing-1 >> Accept-Encoding: gzip, x-gzip, deflate
&amp#27;[0;39m2023-05-08 13:19:09,009 [main] &amp#27;[39mDEBUG&amp#27;[0;39m &amp#27;[36mc.g.d.z.s.o.a.h.client5.http.headers&amp#27;[0;39m - &amp#27;[32mhttp-outgoing-1 >> Host: localhost:2375
&amp#27;[0;39m2023-05-08 13:19:09,009 [main] &amp#27;[39mDEBUG&amp#27;[0;39m &amp#27;[36mc.g.d.z.s.o.a.h.client5.http.headers&amp#27;[0;39m - &amp#27;[32mhttp-outgoing-1 >> Connection: keep-alive
&amp#27;[0;39m2023-05-08 13:19:09,009 [main] &amp#27;[39mDEBUG&amp#27;[0;39m &amp#27;[36mc.g.d.z.s.o.a.h.client5.http.headers&amp#27;[0;39m - &amp#27;[32mhttp-outgoing-1 >> User-Agent: Apache-HttpClient/5.0.3 (Java/17.0.6)
&amp#27;[0;39m2023-05-08 13:19:09,009 [main] &amp#27;[39mDEBUG&amp#27;[0;39m &amp#27;[36mc.g.d.z.s.o.a.hc.client5.http.wire&amp#27;[0;39m - &amp#27;[32mhttp-outgoing-1 >> "GET /v1.32/containers/0739339bbc624082fb5e41f62f4a622236ffe4974bf12b2847105b726085e02b/json HTTP/1.1[\r][\n]"
&amp#27;[0;39m2023-05-08 13:19:09,009 [main] &amp#27;[39mDEBUG&amp#27;[0;39m &amp#27;[36mc.g.d.z.s.o.a.hc.client5.http.wire&amp#27;[0;39m - &amp#27;[32mhttp-outgoing-1 >> "accept: application/json[\r][\n]"
&amp#27;[0;39m2023-05-08 13:19:09,009 [main] &amp#27;[39mDEBUG&amp#27;[0;39m &amp#27;[36mc.g.d.z.s.o.a.hc.client5.http.wire&amp#27;[0;39m - &amp#27;[32mhttp-outgoing-1 >> "x-tc-sid: f1b696c1-ec3f-4f95-afa8-081853be7ccb[\r][\n]"
&amp#27;[0;39m2023-05-08 13:19:09,009 [main] &amp#27;[39mDEBUG&amp#27;[0;39m &amp#27;[36mc.g.d.z.s.o.a.hc.client5.http.wire&amp#27;[0;39m - &amp#27;[32mhttp-outgoing-1 >> "Accept-Encoding: gzip, x-gzip, deflate[\r][\n]"
&amp#27;[0;39m2023-05-08 13:19:09,009 [main] &amp#27;[39mDEBUG&amp#27;[0;39m &amp#27;[36mc.g.d.z.s.o.a.hc.client5.http.wire&amp#27;[0;39m - &amp#27;[32mhttp-outgoing-1 >> "Host: localhost:2375[\r][\n]"
&amp#27;[0;39m2023-05-08 13:19:09,009 [main] &amp#27;[39mDEBUG&amp#27;[0;39m &amp#27;[36mc.g.d.z.s.o.a.hc.client5.http.wire&amp#27;[0;39m - &amp#27;[32mhttp-outgoing-1 >> "Connection: keep-alive[\r][\n]"
&amp#27;[0;39m2023-05-08 13:19:09,009 [main] &amp#27;[39mDEBUG&amp#27;[0;39m &amp#27;[36mc.g.d.z.s.o.a.hc.client5.http.wire&amp#27;[0;39m - &amp#27;[32mhttp-outgoing-1 >> "User-Agent: Apache-HttpClient/5.0.3 (Java/17.0.6)[\r][\n]"
&amp#27;[0;39m2023-05-08 13:19:09,009 [main] &amp#27;[39mDEBUG&amp#27;[0;39m &amp#27;[36mc.g.d.z.s.o.a.hc.client5.http.wire&amp#27;[0;39m - &amp#27;[32mhttp-outgoing-1 >> "[\r][\n]"
&amp#27;[0;39m2023-05-08 13:19:09,009 [main] &amp#27;[39mDEBUG&amp#27;[0;39m &amp#27;[36mc.g.d.z.s.o.a.hc.client5.http.wire&amp#27;[0;39m - &amp#27;[32mhttp-outgoing-1 << "HTTP/1.1 200 OK[\r][\n]"
&amp#27;[0;39m2023-05-08 13:19:09,009 [main] &amp#27;[39mDEBUG&amp#27;[0;39m &amp#27;[36mc.g.d.z.s.o.a.hc.client5.http.wire&amp#27;[0;39m - &amp#27;[32mhttp-outgoing-1 << "Api-Version: 1.42[\r][\n]"
&amp#27;[0;39m2023-05-08 13:19:09,009 [main] &amp#27;[39mDEBUG&amp#27;[0;39m &amp#27;[36mc.g.d.z.s.o.a.hc.client5.http.wire&amp#27;[0;39m - &amp#27;[32mhttp-outgoing-1 << "Content-Type: application/json[\r][\n]"
&amp#27;[0;39m2023-05-08 13:19:09,009 [main] &amp#27;[39mDEBUG&amp#27;[0;39m &amp#27;[36mc.g.d.z.s.o.a.hc.client5.http.wire&amp#27;[0;39m - &amp#27;[32mhttp-outgoing-1 << "Docker-Experimental: false[\r][\n]"
&amp#27;[0;39m2023-05-08 13:19:09,009 [main] &amp#27;[39mDEBUG&amp#27;[0;39m &amp#27;[36mc.g.d.z.s.o.a.hc.client5.http.wire&amp#27;[0;39m - &amp#27;[32mhttp-outgoing-1 << "Ostype: linux[\r][\n]"
&amp#27;[0;39m2023-05-08 13:19:09,009 [main] &amp#27;[39mDEBUG&amp#27;[0;39m &amp#27;[36mc.g.d.z.s.o.a.hc.client5.http.wire&amp#27;[0;39m - &amp#27;[32mhttp-outgoing-1 << "Server: Docker/23.0.5 (linux)[\r][\n]"
&amp#27;[0;39m2023-05-08 13:19:09,009 [main] &amp#27;[39mDEBUG&amp#27;[0;39m &amp#27;[36mc.g.d.z.s.o.a.hc.client5.http.wire&amp#27;[0;39m - &amp#27;[32mhttp-outgoing-1 << "Date: Mon, 08 May 2023 11:19:09 GMT[\r][\n]"
&amp#27;[0;39m2023-05-08 13:19:09,009 [main] &amp#27;[39mDEBUG&amp#27;[0;39m &amp#27;[36mc.g.d.z.s.o.a.hc.client5.http.wire&amp#27;[0;39m - &amp#27;[32mhttp-outgoing-1 << "Transfer-Encoding: chunked[\r][\n]"
&amp#27;[0;39m2023-05-08 13:19:09,009 [main] &amp#27;[39mDEBUG&amp#27;[0;39m &amp#27;[36mc.g.d.z.s.o.a.hc.client5.http.wire&amp#27;[0;39m - &amp#27;[32mhttp-outgoing-1 << "[\r][\n]"
&amp#27;[0;39m2023-05-08 13:19:09,009 [main] &amp#27;[39mDEBUG&amp#27;[0;39m &amp#27;[36mc.g.d.z.s.o.a.hc.client5.http.wire&amp#27;[0;39m - &amp#27;[32mhttp-outgoing-1 << "1893[\r][\n]"
&amp#27;[0;39m2023-05-08 13:19:09,009 [main] &amp#27;[39mDEBUG&amp#27;[0;39m &amp#27;[36mc.g.d.z.s.o.a.hc.client5.http.wire&amp#27;[0;39m - &amp#27;[32mhttp-outgoing-1 << "{"Id":"0739339bbc624082fb5e41f62f4a622236ffe4974bf12b2847105b726085e02b","Created":"2023-05-08T11:19:01.771856188Z","Path":"docker-entrypoint.sh","Args":["mysqld"],"State":{"Status":"running","Running":true,"Paused":false,"Restarting":false,"OOMKilled":false,"Dead":false,"Pid":59514,"ExitCode":0,"Error":"","StartedAt":"2023-05-08T11:19:02.113674386Z","FinishedAt":"0001-01-01T00:00:00Z"},"Image":"sha256:228d71078f8ce5ae9fd96b183f88c3a90e30544b4b7ce9d64a238d05fef2a681","ResolvConfPath":"/var/lib/docker/containers/0739339bbc624082fb5e41f62f4a622236ffe4974bf12b2847105b726085e02b/resolv.conf","HostnamePath":"/var/lib/docker/containers/0739339bbc624082fb5e41f62f4a622236ffe4974bf12b2847105b726085e02b/hostname","HostsPath":"/var/lib/docker/containers/0739339bbc624082fb5e41f62f4a622236ffe4974bf12b2847105b726085e02b/hosts","LogPath":"/var/lib/docker/containers/0739339bbc624082fb5e41f62f4a622236ffe4974bf12b2847105b726085e02b/0739339bbc624082fb5e41f62f4a622236ffe4974bf12b2847105b726085e02b-json.log","Name":"/intelligent_galileo","RestartCount":0,"Driver":"overlay2","Platform":"linux","MountLabel":"","ProcessLabel":"","AppArmorProfile":"docker-default","ExecIDs":null,"HostConfig":{"Binds":[],"ContainerIDFile":"","LogConfig":{"Type":"json-file","Config":{}},"NetworkMode":"default","PortBindings":{"3306/tcp":[{"HostIp":"","HostPort":""}]},"RestartPolicy":{"Name":"","MaximumRetryCount":0},"AutoRemove":false,"VolumeDriver":"","VolumesFrom":[],"ConsoleSize":[0,0],"CapAdd":null,"CapDrop":null,"CgroupnsMode":"private","Dns":null,"DnsOptions":null,"DnsSearch":null,"ExtraHosts":[],"GroupAdd":null,"IpcMode":"shareable","Cgroup":"","Links":null,"OomScoreAdj":0,"PidMode":"","Privileged":false,"PublishAllPorts":false,"ReadonlyRootfs":false,"SecurityOpt":null,"UTSMode":"","UsernsMode":"","ShmSize":67108864,"Runtime":"runc","Isolation":"","CpuShares":0,"Memory":0,"NanoCpus":0,"CgroupParent":"","BlkioWeight":0,"BlkioWeightDevice":null,"BlkioDeviceReadBps":null,"BlkioDeviceWriteBps":null,"BlkioDeviceReadIOps":null,"BlkioDeviceWriteIOps":null,"CpuPeriod":0,"CpuQuota":0,"CpuRealtimePeriod":0,"CpuRealtimeRuntime":0,"CpusetCpus":"","CpusetMems":"","Devices":null,"DeviceCgroupRules":null,"DeviceRequests":null,"MemoryReservation":0,"MemorySwap":0,"MemorySwappiness":null,"OomKillDisable":null,"PidsLimit":null,"Ulimits":null,"CpuCount":0,"CpuPercent":0,"IOMaximumIOps":0,"IOMaximumBandwidth":0,"MaskedPaths":["/proc/asound","/proc/acpi","/proc/kcore","/proc/keys","/proc/latency_stats","/proc/timer_list","/proc/timer_stats","/proc/sched_debug","/proc/scsi","/sys/firmware"],"ReadonlyPaths":["/proc/bus","/proc/fs","/proc/irq","/proc/sys","/proc/sysrq-trigger"]},"GraphDriver":{"Data":{"LowerDir":"/var/lib/docker/overlay2/b481eee7843c17772ada1734203524b4de76785735a50d4c68703d497db0e4ed-init/diff:/var/lib/docker/overlay2/4c6e20f032f02b27a9272f982861dc21998197aa90d94ed3bef95d449380247c/diff:/var/lib/docker/overlay2/0c75f828f603eff839bb3ca448163ab2a8017e86625ac255cd3dbf1673ddac26/diff:/var/lib/docker/overlay2/da128d897fda75829109844ce6cd9d73d0f54c682e735100af000ce899908729/diff:/var/lib/docker/overlay2/b678a1f261bf323afba6d76d91ab7428bdd6e1ef4a39b5224e4a1afd08c0423a/diff:/var/lib/docker/overlay2/1bec43b14875c5f9f814f146e8e31aa78566689c2c163da2ac60a32254988437/diff:/var/lib/docker/overlay2/28f4b1e6e1a7a2dbe30f1f94fb42bccd85a61faf8af1fe30a5bb0d442c525e41/diff:/var/lib/docker/overlay2/0f493124464c291d7c97d2633d5dff04b1dce5de904cb40a34dfbe7fe72e3fd4/diff:/var/lib/docker/overlay2/05befbee9e38cd670e1786b3310e99796dcc06abbed970007b4109a5424843fa/diff:/var/lib/docker/overlay2/582bcca9acfc4eef25109e1e1b9c9d104f355798455bc73e855c99283887a6e8/diff:/var/lib/docker/overlay2/153b3bf0b69e97e8f0e5533414a31ca33fa530e63d174c9617621abe46e7e9d1/diff:/var/lib/docker/overlay2/bf87a76c0a38875ee6e915fd0d2527eafa880ec6bf2c1cb294959428c18d10bd/diff","MergedDir":"/var/lib/docker/overlay2/b481eee7843c17772ada1734203524b4de76785735a50d4c68703d497db0e4ed/merged","UpperDir":"/var/lib/docker/overlay2/b481eee7843c17772ada1734203524b4de76785735a50d4c68703d497db0e4ed/diff","WorkDir":"/var/lib/docker/overlay2/b481eee7843c17772ada1734203524b4de76785735a50d4c68703d497db0e4ed/work"},"Name":"overlay2"},"Mounts":[{"Type":"volume","Name":"ec40278114b76af7b6535b952e685e04a98a51fa16363f5e9f0df1ce601f1dd5","Source":"/var/lib/docker/volumes/ec40278114b76af7b6535b952e685e04a98a51fa16363f5e9f0df1ce601f1dd5/_data","Destination":"/var/lib/mysql","Driver":"local","Mode":"","RW":true,"Propagation":""}],"Config":{"Hostname":"0739339bbc62","Domainname":"","User":"","AttachStdin":false,"AttachStdout":false,"AttachStderr":false,"ExposedPorts":{"3306/tcp":{}},"Tty":false,"OpenStdin":false,"StdinOnce":false,"Env":["MYSQL_DATABASE=test","MYSQL_PASSWORD=test","MYSQL_USER=test","MYSQL_ROOT_PASSWORD=test","PATH=/usr/local/sbin:/usr/local/bin:/usr/sbin:/usr/bin:/sbin:/bin","GOSU_VERSION=1.7","MYSQL_MAJOR=8.0","MYSQL_VERSION=8.0.0-dmr-1debian8"],"Cmd":["mysqld"],"Image":"mysql:8.0.0","Volumes":{"/var/lib/mysql":{}},"WorkingDir":"","Entrypoint":["docker-entrypoint.sh"],"OnBuild":null,"Labels":{"org.testcontainers":"true","org.testcontainers.lang":"java","org.testcontainers.sessionId":"f1b696c1-ec3f-4f95-afa8-081853be7ccb","org.testcontainers.version":"1.18.0"}},"NetworkSettings":{"Bridge":"","SandboxID":"d265e68e2afe307f1ab03fab083f2c0477cba31e9f26759f52b94e045d1847fb","HairpinMode":false,"LinkLocalIPv6Address":"","LinkLocalIPv6PrefixLen":0,"Ports":{"3306/tcp":[{"HostIp":"0.0.0.0","HostPort":"32782"},{"HostIp":"::","HostPort":"32782"}]},"SandboxKey":"/var/run/docker/netns/d265e68e2afe","SecondaryIPAddresses":null,"SecondaryIPv6Addresses":null,"EndpointID":"97b4c81a7665dcad3863174204db678dde492e2a2b2f11f6ef1c683b5d76146b","Gateway":"172.17.0.1","GlobalIPv6Address":"","GlobalIPv6PrefixLen":0,"IPAddress":"172.17.0.3","IPPrefixLen":16,"IPv6Gateway":"","MacAddress":"02:42:ac:11:00:03","Networks":{"bridge":{"IPAMConfig":null,"Links":null,"Aliases":null,"NetworkID":"e1a078e12eb8d77b497ed932f7fb43787eeb6ff6972febd7d03c9282b8b5cd45","EndpointID":"97b4c81a7665dcad3863174204db678dde492e2a2b2f11f6ef1c683b5d76146b","Gateway":"172.17.0.1","IPAddress":"172.17.0.3","IPPrefixLen":16,"IPv6Gateway":"","GlobalIPv6Address":"","GlobalIPv6PrefixLen":0,"MacAddress":"02:42:ac:11:00:03","DriverOpts":null}}}}[\n]"
&amp#27;[0;39m2023-05-08 13:19:09,009 [main] &amp#27;[39mDEBUG&amp#27;[0;39m &amp#27;[36mc.g.d.z.s.o.a.hc.client5.http.wire&amp#27;[0;39m - &amp#27;[32mhttp-outgoing-1 << "[\r][\n]"
&amp#27;[0;39m2023-05-08 13:19:09,009 [main] &amp#27;[39mDEBUG&amp#27;[0;39m &amp#27;[36mc.g.d.z.s.o.a.hc.client5.http.wire&amp#27;[0;39m - &amp#27;[32mhttp-outgoing-1 << "0[\r][\n]"
&amp#27;[0;39m2023-05-08 13:19:09,009 [main] &amp#27;[39mDEBUG&amp#27;[0;39m &amp#27;[36mc.g.d.z.s.o.a.hc.client5.http.wire&amp#27;[0;39m - &amp#27;[32mhttp-outgoing-1 << "[\r][\n]"
&amp#27;[0;39m2023-05-08 13:19:09,009 [main] &amp#27;[39mDEBUG&amp#27;[0;39m &amp#27;[36mc.g.d.z.s.o.a.h.client5.http.headers&amp#27;[0;39m - &amp#27;[32mhttp-outgoing-1 << HTTP/1.1 200 OK
&amp#27;[0;39m2023-05-08 13:19:09,009 [main] &amp#27;[39mDEBUG&amp#27;[0;39m &amp#27;[36mc.g.d.z.s.o.a.h.client5.http.headers&amp#27;[0;39m - &amp#27;[32mhttp-outgoing-1 << Api-Version: 1.42
&amp#27;[0;39m2023-05-08 13:19:09,009 [main] &amp#27;[39mDEBUG&amp#27;[0;39m &amp#27;[36mc.g.d.z.s.o.a.h.client5.http.headers&amp#27;[0;39m - &amp#27;[32mhttp-outgoing-1 << Content-Type: application/json
&amp#27;[0;39m2023-05-08 13:19:09,009 [main] &amp#27;[39mDEBUG&amp#27;[0;39m &amp#27;[36mc.g.d.z.s.o.a.h.client5.http.headers&amp#27;[0;39m - &amp#27;[32mhttp-outgoing-1 << Docker-Experimental: false
&amp#27;[0;39m2023-05-08 13:19:09,009 [main] &amp#27;[39mDEBUG&amp#27;[0;39m &amp#27;[36mc.g.d.z.s.o.a.h.client5.http.headers&amp#27;[0;39m - &amp#27;[32mhttp-outgoing-1 << Ostype: linux
&amp#27;[0;39m2023-05-08 13:19:09,009 [main] &amp#27;[39mDEBUG&amp#27;[0;39m &amp#27;[36mc.g.d.z.s.o.a.h.client5.http.headers&amp#27;[0;39m - &amp#27;[32mhttp-outgoing-1 << Server: Docker/23.0.5 (linux)
&amp#27;[0;39m2023-05-08 13:19:09,009 [main] &amp#27;[39mDEBUG&amp#27;[0;39m &amp#27;[36mc.g.d.z.s.o.a.h.client5.http.headers&amp#27;[0;39m - &amp#27;[32mhttp-outgoing-1 << Date: Mon, 08 May 2023 11:19:09 GMT
&amp#27;[0;39m2023-05-08 13:19:09,009 [main] &amp#27;[39mDEBUG&amp#27;[0;39m &amp#27;[36mc.g.d.z.s.o.a.h.client5.http.headers&amp#27;[0;39m - &amp#27;[32mhttp-outgoing-1 << Transfer-Encoding: chunked
&amp#27;[0;39m2023-05-08 13:19:09,009 [main] &amp#27;[39mDEBUG&amp#27;[0;39m &amp#27;[36mc.g.d.z.s.o.a.h.c.h.i.c.MainClientExec&amp#27;[0;39m - &amp#27;[32mex-000000A0: connection can be kept alive for 3 MINUTES
&amp#27;[0;39m2023-05-08 13:19:09,010 [main] &amp#27;[39mDEBUG&amp#27;[0;39m &amp#27;[36mc.g.d.z.s.o.a.h.c.h.i.c.InternalHttpClient&amp#27;[0;39m - &amp#27;[32mep-0000009F: releasing valid endpoint
&amp#27;[0;39m2023-05-08 13:19:09,010 [main] &amp#27;[39mDEBUG&amp#27;[0;39m &amp#27;[36mc.g.d.z.s.o.a.h.c.h.i.i.PoolingHttpClientConnectionManager&amp#27;[0;39m - &amp#27;[32mep-0000009F: releasing endpoint
&amp#27;[0;39m2023-05-08 13:19:09,010 [main] &amp#27;[39mDEBUG&amp#27;[0;39m &amp#27;[36mc.g.d.z.s.o.a.h.c.h.i.i.PoolingHttpClientConnectionManager&amp#27;[0;39m - &amp#27;[32mep-0000009F: connection http-outgoing-1 can be kept alive for 3 MINUTES
&amp#27;[0;39m2023-05-08 13:19:09,010 [main] &amp#27;[39mDEBUG&amp#27;[0;39m &amp#27;[36mc.g.d.z.s.o.a.h.c.h.i.i.PoolingHttpClientConnectionManager&amp#27;[0;39m - &amp#27;[32mep-0000009F: connection released [route: {}->unix://localhost:2375][total available: 1; route allocated: 1 of 2147483647; total allocated: 1 of 2147483647]
&amp#27;[0;39m2023-05-08 13:19:09,010 [main] &amp#27;[39mDEBUG&amp#27;[0;39m &amp#27;[36mtc.mysql:8.0.0&amp#27;[0;39m - &amp#27;[32mTrying to create JDBC connection using com.mysql.cj.jdbc.Driver to jdbc:mysql://localhost:32782/test?useSSL=false&allowPublicKeyRetrieval=true with properties: {password=test, user=test}
&amp#27;[0;39m2023-05-08 13:19:09,013 [main] &amp#27;[34mINFO &amp#27;[0;39m &amp#27;[36mtc.mysql:8.0.0&amp#27;[0;39m - &amp#27;[32mContainer mysql:8.0.0 started in PT7.246441424S
&amp#27;[0;39m2023-05-08 13:19:09,013 [main] &amp#27;[34mINFO &amp#27;[0;39m &amp#27;[36mtc.mysql:8.0.0&amp#27;[0;39m - &amp#27;[32mContainer is started (JDBC URL: jdbc:mysql://localhost:32782/test)
&amp#27;[0;39m2023-05-08 13:19:09,013 [main] &amp#27;[39mDEBUG&amp#27;[0;39m &amp#27;[36mo.t.s.c.g.d.c.command.AbstrDockerCmd&amp#27;[0;39m - &amp#27;[32mCmd: 0739339bbc624082fb5e41f62f4a622236ffe4974bf12b2847105b726085e02b,false
&amp#27;[0;39m2023-05-08 13:19:09,013 [main] &amp#27;[39mDEBUG&amp#27;[0;39m &amp#27;[36mo.t.s.c.g.d.c.e.InspectContainerCmdExec&amp#27;[0;39m - &amp#27;[32mGET: DefaultWebTarget{path=[/containers/0739339bbc624082fb5e41f62f4a622236ffe4974bf12b2847105b726085e02b/json], queryParams={}}
&amp#27;[0;39m2023-05-08 13:19:09,013 [main] &amp#27;[39mDEBUG&amp#27;[0;39m &amp#27;[36mc.g.d.z.s.o.a.h.c.h.i.c.InternalHttpClient&amp#27;[0;39m - &amp#27;[32mex-000000A1: preparing request execution
&amp#27;[0;39m2023-05-08 13:19:09,013 [main] &amp#27;[39mDEBUG&amp#27;[0;39m &amp#27;[36mc.g.d.z.s.o.a.h.c.h.p.RequestAddCookies&amp#27;[0;39m - &amp#27;[32mCookie spec selected: strict
&amp#27;[0;39m2023-05-08 13:19:09,013 [main] &amp#27;[39mDEBUG&amp#27;[0;39m &amp#27;[36mc.g.d.z.s.o.a.h.c.h.p.RequestAuthCache&amp#27;[0;39m - &amp#27;[32mAuth cache not set in the context
&amp#27;[0;39m2023-05-08 13:19:09,013 [main] &amp#27;[39mDEBUG&amp#27;[0;39m &amp#27;[36mc.g.d.z.s.o.a.h.c.h.i.c.ProtocolExec&amp#27;[0;39m - &amp#27;[32mex-000000A1: target auth state: UNCHALLENGED
&amp#27;[0;39m2023-05-08 13:19:09,013 [main] &amp#27;[39mDEBUG&amp#27;[0;39m &amp#27;[36mc.g.d.z.s.o.a.h.c.h.i.c.ProtocolExec&amp#27;[0;39m - &amp#27;[32mex-000000A1: proxy auth state: UNCHALLENGED
&amp#27;[0;39m2023-05-08 13:19:09,013 [main] &amp#27;[39mDEBUG&amp#27;[0;39m &amp#27;[36mc.g.d.z.s.o.a.h.c.h.i.c.ConnectExec&amp#27;[0;39m - &amp#27;[32mex-000000A1: acquiring connection with route {}->unix://localhost:2375
&amp#27;[0;39m2023-05-08 13:19:09,013 [main] &amp#27;[39mDEBUG&amp#27;[0;39m &amp#27;[36mc.g.d.z.s.o.a.h.c.h.i.c.InternalHttpClient&amp#27;[0;39m - &amp#27;[32mex-000000A1: acquiring endpoint (3 MINUTES)
&amp#27;[0;39m2023-05-08 13:19:09,013 [main] &amp#27;[39mDEBUG&amp#27;[0;39m &amp#27;[36mc.g.d.z.s.o.a.h.c.h.i.i.PoolingHttpClientConnectionManager&amp#27;[0;39m - &amp#27;[32mex-000000A1: endpoint lease request (3 MINUTES) [route: {}->unix://localhost:2375][total available: 1; route allocated: 1 of 2147483647; total allocated: 1 of 2147483647]
&amp#27;[0;39m2023-05-08 13:19:09,013 [main] &amp#27;[39mDEBUG&amp#27;[0;39m &amp#27;[36mc.g.d.z.s.o.a.h.c.h.i.i.PoolingHttpClientConnectionManager&amp#27;[0;39m - &amp#27;[32mex-000000A1: endpoint leased [route: {}->unix://localhost:2375][total available: 0; route allocated: 1 of 2147483647; total allocated: 1 of 2147483647]
&amp#27;[0;39m2023-05-08 13:19:09,013 [main] &amp#27;[39mDEBUG&amp#27;[0;39m &amp#27;[36mc.g.d.z.s.o.a.h.c.h.i.i.PoolingHttpClientConnectionManager&amp#27;[0;39m - &amp#27;[32mex-000000A1: acquired ep-000000A0
&amp#27;[0;39m2023-05-08 13:19:09,013 [main] &amp#27;[39mDEBUG&amp#27;[0;39m &amp#27;[36mc.g.d.z.s.o.a.h.c.h.i.c.InternalHttpClient&amp#27;[0;39m - &amp#27;[32mex-000000A1: acquired endpoint ep-000000A0
&amp#27;[0;39m2023-05-08 13:19:09,013 [main] &amp#27;[39mDEBUG&amp#27;[0;39m &amp#27;[36mc.g.d.z.s.o.a.h.c.h.i.c.MainClientExec&amp#27;[0;39m - &amp#27;[32mex-000000A1: executing GET /v1.32/containers/0739339bbc624082fb5e41f62f4a622236ffe4974bf12b2847105b726085e02b/json HTTP/1.1
&amp#27;[0;39m2023-05-08 13:19:09,013 [main] &amp#27;[39mDEBUG&amp#27;[0;39m &amp#27;[36mc.g.d.z.s.o.a.h.c.h.i.c.InternalHttpClient&amp#27;[0;39m - &amp#27;[32mep-000000A0: start execution ex-000000A1
&amp#27;[0;39m2023-05-08 13:19:09,013 [main] &amp#27;[39mDEBUG&amp#27;[0;39m &amp#27;[36mc.g.d.z.s.o.a.h.c.h.i.i.PoolingHttpClientConnectionManager&amp#27;[0;39m - &amp#27;[32mep-000000A0: executing exchange ex-000000A1 over http-outgoing-1
&amp#27;[0;39m2023-05-08 13:19:09,013 [main] &amp#27;[39mDEBUG&amp#27;[0;39m &amp#27;[36mc.g.d.z.s.o.a.h.client5.http.headers&amp#27;[0;39m - &amp#27;[32mhttp-outgoing-1 >> GET /v1.32/containers/0739339bbc624082fb5e41f62f4a622236ffe4974bf12b2847105b726085e02b/json HTTP/1.1
&amp#27;[0;39m2023-05-08 13:19:09,013 [main] &amp#27;[39mDEBUG&amp#27;[0;39m &amp#27;[36mc.g.d.z.s.o.a.h.client5.http.headers&amp#27;[0;39m - &amp#27;[32mhttp-outgoing-1 >> accept: application/json
&amp#27;[0;39m2023-05-08 13:19:09,013 [main] &amp#27;[39mDEBUG&amp#27;[0;39m &amp#27;[36mc.g.d.z.s.o.a.h.client5.http.headers&amp#27;[0;39m - &amp#27;[32mhttp-outgoing-1 >> x-tc-sid: f1b696c1-ec3f-4f95-afa8-081853be7ccb
&amp#27;[0;39m2023-05-08 13:19:09,013 [main] &amp#27;[39mDEBUG&amp#27;[0;39m &amp#27;[36mc.g.d.z.s.o.a.h.client5.http.headers&amp#27;[0;39m - &amp#27;[32mhttp-outgoing-1 >> Accept-Encoding: gzip, x-gzip, deflate
&amp#27;[0;39m2023-05-08 13:19:09,013 [main] &amp#27;[39mDEBUG&amp#27;[0;39m &amp#27;[36mc.g.d.z.s.o.a.h.client5.http.headers&amp#27;[0;39m - &amp#27;[32mhttp-outgoing-1 >> Host: localhost:2375
&amp#27;[0;39m2023-05-08 13:19:09,013 [main] &amp#27;[39mDEBUG&amp#27;[0;39m &amp#27;[36mc.g.d.z.s.o.a.h.client5.http.headers&amp#27;[0;39m - &amp#27;[32mhttp-outgoing-1 >> Connection: keep-alive
&amp#27;[0;39m2023-05-08 13:19:09,013 [main] &amp#27;[39mDEBUG&amp#27;[0;39m &amp#27;[36mc.g.d.z.s.o.a.h.client5.http.headers&amp#27;[0;39m - &amp#27;[32mhttp-outgoing-1 >> User-Agent: Apache-HttpClient/5.0.3 (Java/17.0.6)
&amp#27;[0;39m2023-05-08 13:19:09,013 [main] &amp#27;[39mDEBUG&amp#27;[0;39m &amp#27;[36mc.g.d.z.s.o.a.hc.client5.http.wire&amp#27;[0;39m - &amp#27;[32mhttp-outgoing-1 >> "GET /v1.32/containers/0739339bbc624082fb5e41f62f4a622236ffe4974bf12b2847105b726085e02b/json HTTP/1.1[\r][\n]"
&amp#27;[0;39m2023-05-08 13:19:09,013 [main] &amp#27;[39mDEBUG&amp#27;[0;39m &amp#27;[36mc.g.d.z.s.o.a.hc.client5.http.wire&amp#27;[0;39m - &amp#27;[32mhttp-outgoing-1 >> "accept: application/json[\r][\n]"
&amp#27;[0;39m2023-05-08 13:19:09,013 [main] &amp#27;[39mDEBUG&amp#27;[0;39m &amp#27;[36mc.g.d.z.s.o.a.hc.client5.http.wire&amp#27;[0;39m - &amp#27;[32mhttp-outgoing-1 >> "x-tc-sid: f1b696c1-ec3f-4f95-afa8-081853be7ccb[\r][\n]"
&amp#27;[0;39m2023-05-08 13:19:09,013 [main] &amp#27;[39mDEBUG&amp#27;[0;39m &amp#27;[36mc.g.d.z.s.o.a.hc.client5.http.wire&amp#27;[0;39m - &amp#27;[32mhttp-outgoing-1 >> "Accept-Encoding: gzip, x-gzip, deflate[\r][\n]"
&amp#27;[0;39m2023-05-08 13:19:09,013 [main] &amp#27;[39mDEBUG&amp#27;[0;39m &amp#27;[36mc.g.d.z.s.o.a.hc.client5.http.wire&amp#27;[0;39m - &amp#27;[32mhttp-outgoing-1 >> "Host: localhost:2375[\r][\n]"
&amp#27;[0;39m2023-05-08 13:19:09,013 [main] &amp#27;[39mDEBUG&amp#27;[0;39m &amp#27;[36mc.g.d.z.s.o.a.hc.client5.http.wire&amp#27;[0;39m - &amp#27;[32mhttp-outgoing-1 >> "Connection: keep-alive[\r][\n]"
&amp#27;[0;39m2023-05-08 13:19:09,013 [main] &amp#27;[39mDEBUG&amp#27;[0;39m &amp#27;[36mc.g.d.z.s.o.a.hc.client5.http.wire&amp#27;[0;39m - &amp#27;[32mhttp-outgoing-1 >> "User-Agent: Apache-HttpClient/5.0.3 (Java/17.0.6)[\r][\n]"
&amp#27;[0;39m2023-05-08 13:19:09,014 [main] &amp#27;[39mDEBUG&amp#27;[0;39m &amp#27;[36mc.g.d.z.s.o.a.hc.client5.http.wire&amp#27;[0;39m - &amp#27;[32mhttp-outgoing-1 >> "[\r][\n]"
&amp#27;[0;39m2023-05-08 13:19:09,014 [main] &amp#27;[39mDEBUG&amp#27;[0;39m &amp#27;[36mc.g.d.z.s.o.a.hc.client5.http.wire&amp#27;[0;39m - &amp#27;[32mhttp-outgoing-1 << "HTTP/1.1 200 OK[\r][\n]"
&amp#27;[0;39m2023-05-08 13:19:09,014 [main] &amp#27;[39mDEBUG&amp#27;[0;39m &amp#27;[36mc.g.d.z.s.o.a.hc.client5.http.wire&amp#27;[0;39m - &amp#27;[32mhttp-outgoing-1 << "Api-Version: 1.42[\r][\n]"
&amp#27;[0;39m2023-05-08 13:19:09,014 [main] &amp#27;[39mDEBUG&amp#27;[0;39m &amp#27;[36mc.g.d.z.s.o.a.hc.client5.http.wire&amp#27;[0;39m - &amp#27;[32mhttp-outgoing-1 << "Content-Type: application/json[\r][\n]"
&amp#27;[0;39m2023-05-08 13:19:09,014 [main] &amp#27;[39mDEBUG&amp#27;[0;39m &amp#27;[36mc.g.d.z.s.o.a.hc.client5.http.wire&amp#27;[0;39m - &amp#27;[32mhttp-outgoing-1 << "Docker-Experimental: false[\r][\n]"
&amp#27;[0;39m2023-05-08 13:19:09,014 [main] &amp#27;[39mDEBUG&amp#27;[0;39m &amp#27;[36mc.g.d.z.s.o.a.hc.client5.http.wire&amp#27;[0;39m - &amp#27;[32mhttp-outgoing-1 << "Ostype: linux[\r][\n]"
&amp#27;[0;39m2023-05-08 13:19:09,014 [main] &amp#27;[39mDEBUG&amp#27;[0;39m &amp#27;[36mc.g.d.z.s.o.a.hc.client5.http.wire&amp#27;[0;39m - &amp#27;[32mhttp-outgoing-1 << "Server: Docker/23.0.5 (linux)[\r][\n]"
&amp#27;[0;39m2023-05-08 13:19:09,014 [main] &amp#27;[39mDEBUG&amp#27;[0;39m &amp#27;[36mc.g.d.z.s.o.a.hc.client5.http.wire&amp#27;[0;39m - &amp#27;[32mhttp-outgoing-1 << "Date: Mon, 08 May 2023 11:19:09 GMT[\r][\n]"
&amp#27;[0;39m2023-05-08 13:19:09,014 [main] &amp#27;[39mDEBUG&amp#27;[0;39m &amp#27;[36mc.g.d.z.s.o.a.hc.client5.http.wire&amp#27;[0;39m - &amp#27;[32mhttp-outgoing-1 << "Transfer-Encoding: chunked[\r][\n]"
&amp#27;[0;39m2023-05-08 13:19:09,014 [main] &amp#27;[39mDEBUG&amp#27;[0;39m &amp#27;[36mc.g.d.z.s.o.a.hc.client5.http.wire&amp#27;[0;39m - &amp#27;[32mhttp-outgoing-1 << "[\r][\n]"
&amp#27;[0;39m2023-05-08 13:19:09,014 [main] &amp#27;[39mDEBUG&amp#27;[0;39m &amp#27;[36mc.g.d.z.s.o.a.hc.client5.http.wire&amp#27;[0;39m - &amp#27;[32mhttp-outgoing-1 << "1893[\r][\n]"
&amp#27;[0;39m2023-05-08 13:19:09,014 [main] &amp#27;[39mDEBUG&amp#27;[0;39m &amp#27;[36mc.g.d.z.s.o.a.hc.client5.http.wire&amp#27;[0;39m - &amp#27;[32mhttp-outgoing-1 << "{"Id":"0739339bbc624082fb5e41f62f4a622236ffe4974bf12b2847105b726085e02b","Created":"2023-05-08T11:19:01.771856188Z","Path":"docker-entrypoint.sh","Args":["mysqld"],"State":{"Status":"running","Running":true,"Paused":false,"Restarting":false,"OOMKilled":false,"Dead":false,"Pid":59514,"ExitCode":0,"Error":"","StartedAt":"2023-05-08T11:19:02.113674386Z","FinishedAt":"0001-01-01T00:00:00Z"},"Image":"sha256:228d71078f8ce5ae9fd96b183f88c3a90e30544b4b7ce9d64a238d05fef2a681","ResolvConfPath":"/var/lib/docker/containers/0739339bbc624082fb5e41f62f4a622236ffe4974bf12b2847105b726085e02b/resolv.conf","HostnamePath":"/var/lib/docker/containers/0739339bbc624082fb5e41f62f4a622236ffe4974bf12b2847105b726085e02b/hostname","HostsPath":"/var/lib/docker/containers/0739339bbc624082fb5e41f62f4a622236ffe4974bf12b2847105b726085e02b/hosts","LogPath":"/var/lib/docker/containers/0739339bbc624082fb5e41f62f4a622236ffe4974bf12b2847105b726085e02b/0739339bbc624082fb5e41f62f4a622236ffe4974bf12b2847105b726085e02b-json.log","Name":"/intelligent_galileo","RestartCount":0,"Driver":"overlay2","Platform":"linux","MountLabel":"","ProcessLabel":"","AppArmorProfile":"docker-default","ExecIDs":null,"HostConfig":{"Binds":[],"ContainerIDFile":"","LogConfig":{"Type":"json-file","Config":{}},"NetworkMode":"default","PortBindings":{"3306/tcp":[{"HostIp":"","HostPort":""}]},"RestartPolicy":{"Name":"","MaximumRetryCount":0},"AutoRemove":false,"VolumeDriver":"","VolumesFrom":[],"ConsoleSize":[0,0],"CapAdd":null,"CapDrop":null,"CgroupnsMode":"private","Dns":null,"DnsOptions":null,"DnsSearch":null,"ExtraHosts":[],"GroupAdd":null,"IpcMode":"shareable","Cgroup":"","Links":null,"OomScoreAdj":0,"PidMode":"","Privileged":false,"PublishAllPorts":false,"ReadonlyRootfs":false,"SecurityOpt":null,"UTSMode":"","UsernsMode":"","ShmSize":67108864,"Runtime":"runc","Isolation":"","CpuShares":0,"Memory":0,"NanoCpus":0,"CgroupParent":"","BlkioWeight":0,"BlkioWeightDevice":null,"BlkioDeviceReadBps":null,"BlkioDeviceWriteBps":null,"BlkioDeviceReadIOps":null,"BlkioDeviceWriteIOps":null,"CpuPeriod":0,"CpuQuota":0,"CpuRealtimePeriod":0,"CpuRealtimeRuntime":0,"CpusetCpus":"","CpusetMems":"","Devices":null,"DeviceCgroupRules":null,"DeviceRequests":null,"MemoryReservation":0,"MemorySwap":0,"MemorySwappiness":null,"OomKillDisable":null,"PidsLimit":null,"Ulimits":null,"CpuCount":0,"CpuPercent":0,"IOMaximumIOps":0,"IOMaximumBandwidth":0,"MaskedPaths":["/proc/asound","/proc/acpi","/proc/kcore","/proc/keys","/proc/latency_stats","/proc/timer_list","/proc/timer_stats","/proc/sched_debug","/proc/scsi","/sys/firmware"],"ReadonlyPaths":["/proc/bus","/proc/fs","/proc/irq","/proc/sys","/proc/sysrq-trigger"]},"GraphDriver":{"Data":{"LowerDir":"/var/lib/docker/overlay2/b481eee7843c17772ada1734203524b4de76785735a50d4c68703d497db0e4ed-init/diff:/var/lib/docker/overlay2/4c6e20f032f02b27a9272f982861dc21998197aa90d94ed3bef95d449380247c/diff:/var/lib/docker/overlay2/0c75f828f603eff839bb3ca448163ab2a8017e86625ac255cd3dbf1673ddac26/diff:/var/lib/docker/overlay2/da128d897fda75829109844ce6cd9d73d0f54c682e735100af000ce899908729/diff:/var/lib/docker/overlay2/b678a1f261bf323afba6d76d91ab7428bdd6e1ef4a39b5224e4a1afd08c0423a/diff:/var/lib/docker/overlay2/1bec43b14875c5f9f814f146e8e31aa78566689c2c163da2ac60a32254988437/diff:/var/lib/docker/overlay2/28f4b1e6e1a7a2dbe30f1f94fb42bccd85a61faf8af1fe30a5bb0d442c525e41/diff:/var/lib/docker/overlay2/0f493124464c291d7c97d2633d5dff04b1dce5de904cb40a34dfbe7fe72e3fd4/diff:/var/lib/docker/overlay2/05befbee9e38cd670e1786b3310e99796dcc06abbed970007b4109a5424843fa/diff:/var/lib/docker/overlay2/582bcca9acfc4eef25109e1e1b9c9d104f355798455bc73e855c99283887a6e8/diff:/var/lib/docker/overlay2/153b3bf0b69e97e8f0e5533414a31ca33fa530e63d174c9617621abe46e7e9d1/diff:/var/lib/docker/overlay2/bf87a76c0a38875ee6e915fd0d2527eafa880ec6bf2c1cb294959428c18d10bd/diff","MergedDir":"/var/lib/docker/overlay2/b481eee7843c17772ada1734203524b4de76785735a50d4c68703d497db0e4ed/merged","UpperDir":"/var/lib/docker/overlay2/b481eee7843c17772ada1734203524b4de76785735a50d4c68703d497db0e4ed/diff","WorkDir":"/var/lib/docker/overlay2/b481eee7843c17772ada1734203524b4de76785735a50d4c68703d497db0e4ed/work"},"Name":"overlay2"},"Mounts":[{"Type":"volume","Name":"ec40278114b76af7b6535b952e685e04a98a51fa16363f5e9f0df1ce601f1dd5","Source":"/var/lib/docker/volumes/ec40278114b76af7b6535b952e685e04a98a51fa16363f5e9f0df1ce601f1dd5/_data","Destination":"/var/lib/mysql","Driver":"local","Mode":"","RW":true,"Propagation":""}],"Config":{"Hostname":"0739339bbc62","Domainname":"","User":"","AttachStdin":false,"AttachStdout":false,"AttachStderr":false,"ExposedPorts":{"3306/tcp":{}},"Tty":false,"OpenStdin":false,"StdinOnce":false,"Env":["MYSQL_DATABASE=test","MYSQL_PASSWORD=test","MYSQL_USER=test","MYSQL_ROOT_PASSWORD=test","PATH=/usr/local/sbin:/usr/local/bin:/usr/sbin:/usr/bin:/sbin:/bin","GOSU_VERSION=1.7","MYSQL_MAJOR=8.0","MYSQL_VERSION=8.0.0-dmr-1debian8"],"Cmd":["mysqld"],"Image":"mysql:8.0.0","Volumes":{"/var/lib/mysql":{}},"WorkingDir":"","Entrypoint":["docker-entrypoint.sh"],"OnBuild":null,"Labels":{"org.testcontainers":"true","org.testcontainers.lang":"java","org.testcontainers.sessionId":"f1b696c1-ec3f-4f95-afa8-081853be7ccb","org.testcontainers.version":"1.18.0"}},"NetworkSettings":{"Bridge":"","SandboxID":"d265e68e2afe307f1ab03fab083f2c0477cba31e9f26759f52b94e045d1847fb","HairpinMode":false,"LinkLocalIPv6Address":"","LinkLocalIPv6PrefixLen":0,"Ports":{"3306/tcp":[{"HostIp":"0.0.0.0","HostPort":"32782"},{"HostIp":"::","HostPort":"32782"}]},"SandboxKey":"/var/run/docker/netns/d265e68e2afe","SecondaryIPAddresses":null,"SecondaryIPv6Addresses":null,"EndpointID":"97b4c81a7665dcad3863174204db678dde492e2a2b2f11f6ef1c683b5d76146b","Gateway":"172.17.0.1","GlobalIPv6Address":"","GlobalIPv6PrefixLen":0,"IPAddress":"172.17.0.3","IPPrefixLen":16,"IPv6Gateway":"","MacAddress":"02:42:ac:11:00:03","Networks":{"bridge":{"IPAMConfig":null,"Links":null,"Aliases":null,"NetworkID":"e1a078e12eb8d77b497ed932f7fb43787eeb6ff6972febd7d03c9282b8b5cd45","EndpointID":"97b4c81a7665dcad3863174204db678dde492e2a2b2f11f6ef1c683b5d76146b","Gateway":"172.17.0.1","IPAddress":"172.17.0.3","IPPrefixLen":16,"IPv6Gateway":"","GlobalIPv6Address":"","GlobalIPv6PrefixLen":0,"MacAddress":"02:42:ac:11:00:03","DriverOpts":null}}}}[\n]"
&amp#27;[0;39m2023-05-08 13:19:09,014 [main] &amp#27;[39mDEBUG&amp#27;[0;39m &amp#27;[36mc.g.d.z.s.o.a.hc.client5.http.wire&amp#27;[0;39m - &amp#27;[32mhttp-outgoing-1 << "[\r][\n]"
&amp#27;[0;39m2023-05-08 13:19:09,014 [main] &amp#27;[39mDEBUG&amp#27;[0;39m &amp#27;[36mc.g.d.z.s.o.a.hc.client5.http.wire&amp#27;[0;39m - &amp#27;[32mhttp-outgoing-1 << "0[\r][\n]"
&amp#27;[0;39m2023-05-08 13:19:09,014 [main] &amp#27;[39mDEBUG&amp#27;[0;39m &amp#27;[36mc.g.d.z.s.o.a.hc.client5.http.wire&amp#27;[0;39m - &amp#27;[32mhttp-outgoing-1 << "[\r][\n]"
&amp#27;[0;39m2023-05-08 13:19:09,014 [main] &amp#27;[39mDEBUG&amp#27;[0;39m &amp#27;[36mc.g.d.z.s.o.a.h.client5.http.headers&amp#27;[0;39m - &amp#27;[32mhttp-outgoing-1 << HTTP/1.1 200 OK
&amp#27;[0;39m2023-05-08 13:19:09,014 [main] &amp#27;[39mDEBUG&amp#27;[0;39m &amp#27;[36mc.g.d.z.s.o.a.h.client5.http.headers&amp#27;[0;39m - &amp#27;[32mhttp-outgoing-1 << Api-Version: 1.42
&amp#27;[0;39m2023-05-08 13:19:09,014 [main] &amp#27;[39mDEBUG&amp#27;[0;39m &amp#27;[36mc.g.d.z.s.o.a.h.client5.http.headers&amp#27;[0;39m - &amp#27;[32mhttp-outgoing-1 << Content-Type: application/json
&amp#27;[0;39m2023-05-08 13:19:09,014 [main] &amp#27;[39mDEBUG&amp#27;[0;39m &amp#27;[36mc.g.d.z.s.o.a.h.client5.http.headers&amp#27;[0;39m - &amp#27;[32mhttp-outgoing-1 << Docker-Experimental: false
&amp#27;[0;39m2023-05-08 13:19:09,014 [main] &amp#27;[39mDEBUG&amp#27;[0;39m &amp#27;[36mc.g.d.z.s.o.a.h.client5.http.headers&amp#27;[0;39m - &amp#27;[32mhttp-outgoing-1 << Ostype: linux
&amp#27;[0;39m2023-05-08 13:19:09,014 [main] &amp#27;[39mDEBUG&amp#27;[0;39m &amp#27;[36mc.g.d.z.s.o.a.h.client5.http.headers&amp#27;[0;39m - &amp#27;[32mhttp-outgoing-1 << Server: Docker/23.0.5 (linux)
&amp#27;[0;39m2023-05-08 13:19:09,014 [main] &amp#27;[39mDEBUG&amp#27;[0;39m &amp#27;[36mc.g.d.z.s.o.a.h.client5.http.headers&amp#27;[0;39m - &amp#27;[32mhttp-outgoing-1 << Date: Mon, 08 May 2023 11:19:09 GMT
&amp#27;[0;39m2023-05-08 13:19:09,014 [main] &amp#27;[39mDEBUG&amp#27;[0;39m &amp#27;[36mc.g.d.z.s.o.a.h.client5.http.headers&amp#27;[0;39m - &amp#27;[32mhttp-outgoing-1 << Transfer-Encoding: chunked
&amp#27;[0;39m2023-05-08 13:19:09,014 [main] &amp#27;[39mDEBUG&amp#27;[0;39m &amp#27;[36mc.g.d.z.s.o.a.h.c.h.i.c.MainClientExec&amp#27;[0;39m - &amp#27;[32mex-000000A1: connection can be kept alive for 3 MINUTES
&amp#27;[0;39m2023-05-08 13:19:09,014 [main] &amp#27;[39mDEBUG&amp#27;[0;39m &amp#27;[36mc.g.d.z.s.o.a.h.c.h.i.c.InternalHttpClient&amp#27;[0;39m - &amp#27;[32mep-000000A0: releasing valid endpoint
&amp#27;[0;39m2023-05-08 13:19:09,014 [main] &amp#27;[39mDEBUG&amp#27;[0;39m &amp#27;[36mc.g.d.z.s.o.a.h.c.h.i.i.PoolingHttpClientConnectionManager&amp#27;[0;39m - &amp#27;[32mep-000000A0: releasing endpoint
&amp#27;[0;39m2023-05-08 13:19:09,014 [main] &amp#27;[39mDEBUG&amp#27;[0;39m &amp#27;[36mc.g.d.z.s.o.a.h.c.h.i.i.PoolingHttpClientConnectionManager&amp#27;[0;39m - &amp#27;[32mep-000000A0: connection http-outgoing-1 can be kept alive for 3 MINUTES
&amp#27;[0;39m2023-05-08 13:19:09,014 [main] &amp#27;[39mDEBUG&amp#27;[0;39m &amp#27;[36mc.g.d.z.s.o.a.h.c.h.i.i.PoolingHttpClientConnectionManager&amp#27;[0;39m - &amp#27;[32mep-000000A0: connection released [route: {}->unix://localhost:2375][total available: 1; route allocated: 1 of 2147483647; total allocated: 1 of 2147483647]
&amp#27;[0;39m2023-05-08 13:19:09,014 [main] &amp#27;[39mDEBUG&amp#27;[0;39m &amp#27;[36mtc.mysql:8.0.0&amp#27;[0;39m - &amp#27;[32mTrying to create JDBC connection using com.mysql.cj.jdbc.Driver to jdbc:mysql://localhost:32782/test?useSSL=false&allowPublicKeyRetrieval=true with properties: {password=test, user=test}
&amp#27;[0;39m]]></system-out>
  </testcase>
  <testcase name="createRole" classname="dk.startcode.integration.UserFacadeTest" time="0.005"/>
  <testcase name="createUser" classname="dk.startcode.integration.UserFacadeTest" time="0.06">
    <system-out><![CDATA[[dk.startcode.entities.Role@1f43cab7]
]]></system-out>
  </testcase>
</testsuite>